Found 20 items
-rw-r--r--   3 root supergroup 1073741824 2019-02-21 14:22 /myfile1
-rw-r--r--   3 root supergroup 1073741824 2019-02-21 14:22 /myfile10
-rw-r--r--   3 root supergroup 1073741824 2019-02-21 14:22 /myfile11
-rw-r--r--   3 root supergroup 1073741824 2019-02-21 14:22 /myfile12
-rw-r--r--   3 root supergroup 1073741824 2019-02-21 14:22 /myfile13
-rw-r--r--   3 root supergroup 1073741824 2019-02-21 14:22 /myfile14
-rw-r--r--   3 root supergroup 1073741824 2019-02-21 14:22 /myfile15
-rw-r--r--   3 root supergroup 1073741824 2019-02-21 14:22 /myfile16
-rw-r--r--   3 root supergroup 1073741824 2019-02-21 14:22 /myfile17
-rw-r--r--   3 root supergroup 1073741824 2019-02-21 14:22 /myfile18
-rw-r--r--   3 root supergroup 1073741824 2019-02-21 14:22 /myfile19
-rw-r--r--   3 root supergroup 1073741824 2019-02-21 14:22 /myfile2
-rw-r--r--   3 root supergroup 1073741824 2019-02-21 14:22 /myfile20
-rw-r--r--   3 root supergroup 1073741824 2019-02-21 14:22 /myfile3
-rw-r--r--   3 root supergroup 1073741824 2019-02-21 14:22 /myfile4
-rw-r--r--   3 root supergroup 1073741824 2019-02-21 14:22 /myfile5
-rw-r--r--   3 root supergroup 1073741824 2019-02-21 14:22 /myfile6
-rw-r--r--   3 root supergroup 1073741824 2019-02-21 14:22 /myfile7
-rw-r--r--   3 root supergroup 1073741824 2019-02-21 14:22 /myfile8
-rw-r--r--   3 root supergroup 1073741824 2019-02-21 14:22 /myfile9
file 10 has been put into HDFS
file 10 has been read from HDFS for 1 time
diff succeed!
file 10 has been read from HDFS for 2 time
diff succeed!
file 10 has been read from HDFS for 3 time
diff succeed!
file 10 has been read from HDFS for 4 time
diff succeed!
file 10 has been read from HDFS for 5 time
diff succeed!
file 10 has been read from HDFS for 6 time
diff succeed!
file 10 has been read from HDFS for 7 time
diff succeed!
file 10 has been read from HDFS for 8 time
diff succeed!
file 10 has been read from HDFS for 9 time
diff succeed!
file 10 has been read from HDFS for 10 time
diff succeed!
Deleted /myfile10
file 10 has been removed from HDFS
Found 19 items
-rw-r--r--   3 root supergroup 1073741824 2019-02-21 14:26 /myfile10
-rw-r--r--   3 root supergroup 1073741824 2019-02-21 14:26 /myfile11
-rw-r--r--   3 root supergroup  939524096 2019-02-21 14:26 /myfile12._COPYING_
-rw-r--r--   3 root supergroup 1073741824 2019-02-21 14:26 /myfile13
-rw-r--r--   3 root supergroup  402653184 2019-02-21 14:26 /myfile14._COPYING_
-rw-r--r--   3 root supergroup 1073741824 2019-02-21 14:26 /myfile15
-rw-r--r--   3 root supergroup  671088640 2019-02-21 14:26 /myfile16._COPYING_
-rw-r--r--   3 root supergroup  268435456 2019-02-21 14:26 /myfile17._COPYING_
-rw-r--r--   3 root supergroup 1073741824 2019-02-21 14:26 /myfile18
-rw-r--r--   3 root supergroup 1073741824 2019-02-21 14:26 /myfile19
-rw-r--r--   3 root supergroup  402653184 2019-02-21 14:26 /myfile2._COPYING_
-rw-r--r--   3 root supergroup 1073741824 2019-02-21 14:22 /myfile20
-rw-r--r--   3 root supergroup 1073741824 2019-02-21 14:26 /myfile3
-rw-r--r--   3 root supergroup  939524096 2019-02-21 14:26 /myfile4._COPYING_
-rw-r--r--   3 root supergroup  268435456 2019-02-21 14:26 /myfile5._COPYING_
-rw-r--r--   3 root supergroup  939524096 2019-02-21 14:26 /myfile6._COPYING_
-rw-r--r--   3 root supergroup 1073741824 2019-02-21 14:26 /myfile7
-rw-r--r--   3 root supergroup  939524096 2019-02-21 14:26 /myfile8._COPYING_
-rw-r--r--   3 root supergroup 1073741824 2019-02-21 14:26 /myfile9
file 10 has been put into HDFS
file 10 has been read from HDFS for 1 time
diff succeed!
file 10 has been read from HDFS for 2 time
diff succeed!
file 10 has been read from HDFS for 3 time
diff succeed!
file 10 has been read from HDFS for 4 time
diff succeed!
file 10 has been read from HDFS for 5 time
diff succeed!
file 10 has been read from HDFS for 6 time
diff succeed!
file 10 has been read from HDFS for 7 time
diff succeed!
file 10 has been read from HDFS for 8 time
diff succeed!
file 10 has been read from HDFS for 9 time
diff succeed!
file 10 has been read from HDFS for 10 time
diff succeed!
Deleted /myfile10
file 10 has been removed from HDFS
Found 20 items
-rw-r--r--   3 root supergroup  402653184 2019-02-21 14:30 /myfile1._COPYING_
-rw-r--r--   3 root supergroup 1073741824 2019-02-21 14:30 /myfile10
-rw-r--r--   3 root supergroup  805306368 2019-02-21 14:30 /myfile11._COPYING_
-rw-r--r--   3 root supergroup 1073741824 2019-02-21 14:26 /myfile12
-rw-r--r--   3 root supergroup 1073741824 2019-02-21 14:30 /myfile13
-rw-r--r--   3 root supergroup 1073741824 2019-02-21 14:26 /myfile14
-rw-r--r--   3 root supergroup 1073741824 2019-02-21 14:30 /myfile15
-rw-r--r--   3 root supergroup  805306368 2019-02-21 14:30 /myfile16._COPYING_
-rw-r--r--   3 root supergroup 1073741824 2019-02-21 14:30 /myfile17
-rw-r--r--   3 root supergroup 1073741824 2019-02-21 14:30 /myfile18
-rw-r--r--   3 root supergroup 1073741824 2019-02-21 14:30 /myfile19
-rw-r--r--   3 root supergroup 1073741824 2019-02-21 14:26 /myfile2
-rw-r--r--   3 root supergroup          0 2019-02-21 14:31 /myfile20._COPYING_
-rw-r--r--   3 root supergroup 1073741824 2019-02-21 14:30 /myfile3
-rw-r--r--   3 root supergroup 1073741824 2019-02-21 14:26 /myfile4
-rw-r--r--   3 root supergroup  671088640 2019-02-21 14:30 /myfile5._COPYING_
-rw-r--r--   3 root supergroup 1073741824 2019-02-21 14:26 /myfile6
-rw-r--r--   3 root supergroup 1073741824 2019-02-21 14:30 /myfile7
-rw-r--r--   3 root supergroup 1073741824 2019-02-21 14:30 /myfile8
-rw-r--r--   3 root supergroup 1073741824 2019-02-21 14:26 /myfile9
file 10 has been put into HDFS
file 10 has been read from HDFS for 1 time
diff succeed!
file 10 has been read from HDFS for 2 time
diff succeed!
file 10 has been read from HDFS for 3 time
diff succeed!
file 10 has been read from HDFS for 4 time
diff succeed!
file 10 has been read from HDFS for 5 time
diff succeed!
file 10 has been read from HDFS for 6 time
diff succeed!
file 10 has been read from HDFS for 7 time
diff succeed!
file 10 has been read from HDFS for 8 time
diff succeed!
file 10 has been read from HDFS for 9 time
diff succeed!
file 10 has been read from HDFS for 10 time
diff succeed!
Deleted /myfile10
file 10 has been removed from HDFS
Found 20 items
-rw-r--r--   3 root supergroup 1073741824 2019-02-21 14:36 /myfile1
-rw-r--r--   3 root supergroup 1073741824 2019-02-21 14:36 /myfile10
-rw-r--r--   3 root supergroup 1073741824 2019-02-21 14:36 /myfile11
-rw-r--r--   3 root supergroup 1073741824 2019-02-21 14:32 /myfile12
-rw-r--r--   3 root supergroup 1073741824 2019-02-21 14:35 /myfile13
-rw-r--r--   3 root supergroup          0 2019-02-21 14:36 /myfile14._COPYING_
-rw-r--r--   3 root supergroup 1073741824 2019-02-21 14:36 /myfile15
-rw-r--r--   3 root supergroup 1073741824 2019-02-21 14:36 /myfile16
-rw-r--r--   3 root supergroup 1073741824 2019-02-21 14:36 /myfile17
-rw-r--r--   3 root supergroup 1073741824 2019-02-21 14:36 /myfile18
-rw-r--r--   3 root supergroup 1073741824 2019-02-21 14:35 /myfile19
-rw-r--r--   3 root supergroup 1073741824 2019-02-21 14:33 /myfile2
-rw-r--r--   3 root supergroup 1073741824 2019-02-21 14:36 /myfile20
-rw-r--r--   3 root supergroup 1073741824 2019-02-21 14:36 /myfile3
-rw-r--r--   3 root supergroup 1073741824 2019-02-21 14:33 /myfile4
-rw-r--r--   3 root supergroup 1073741824 2019-02-21 14:36 /myfile5
-rw-r--r--   3 root supergroup 1073741824 2019-02-21 14:33 /myfile6
-rw-r--r--   3 root supergroup 1073741824 2019-02-21 14:36 /myfile7
-rw-r--r--   3 root supergroup 1073741824 2019-02-21 14:36 /myfile8
-rw-r--r--   3 root supergroup 1073741824 2019-02-21 14:32 /myfile9
file 10 has been put into HDFS
file 10 has been read from HDFS for 1 time
diff succeed!
file 10 has been read from HDFS for 2 time
diff succeed!
file 10 has been read from HDFS for 3 time
diff succeed!
file 10 has been read from HDFS for 4 time
diff succeed!
file 10 has been read from HDFS for 5 time
diff succeed!
file 10 has been read from HDFS for 6 time
diff succeed!
file 10 has been read from HDFS for 7 time
diff succeed!
file 10 has been read from HDFS for 8 time
diff succeed!
file 10 has been read from HDFS for 9 time
diff succeed!
file 10 has been read from HDFS for 10 time
diff succeed!
Deleted /myfile10
file 10 has been removed from HDFS
Found 17 items
-rw-r--r--   3 root supergroup  805306368 2019-02-21 14:39 /myfile1._COPYING_
-rw-r--r--   3 root supergroup 1073741824 2019-02-21 14:40 /myfile10
-rw-r--r--   3 root supergroup 1073741824 2019-02-21 14:37 /myfile12
-rw-r--r--   3 root supergroup 1073741824 2019-02-21 14:40 /myfile13
-rw-r--r--   3 root supergroup          0 2019-02-21 14:40 /myfile14._COPYING_
-rw-r--r--   3 root supergroup 1073741824 2019-02-21 14:40 /myfile15
-rw-r--r--   3 root supergroup  805306368 2019-02-21 14:39 /myfile16._COPYING_
-rw-r--r--   3 root supergroup  939524096 2019-02-21 14:39 /myfile17._COPYING_
-rw-r--r--   3 root supergroup 1073741824 2019-02-21 14:40 /myfile19
-rw-r--r--   3 root supergroup 1073741824 2019-02-21 14:37 /myfile2
-rw-r--r--   3 root supergroup  939524096 2019-02-21 14:39 /myfile20._COPYING_
-rw-r--r--   3 root supergroup 1073741824 2019-02-21 14:37 /myfile4
-rw-r--r--   3 root supergroup 1073741824 2019-02-21 14:40 /myfile5
-rw-r--r--   3 root supergroup 1073741824 2019-02-21 14:37 /myfile6
-rw-r--r--   3 root supergroup  939524096 2019-02-21 14:39 /myfile7._COPYING_
-rw-r--r--   3 root supergroup 1073741824 2019-02-21 14:40 /myfile8
-rw-r--r--   3 root supergroup 1073741824 2019-02-21 14:37 /myfile9
file 10 has been put into HDFS
file 10 has been read from HDFS for 1 time
diff succeed!
file 10 has been read from HDFS for 2 time
diff succeed!
file 10 has been read from HDFS for 3 time
diff succeed!
file 10 has been read from HDFS for 4 time
diff succeed!
file 10 has been read from HDFS for 5 time
diff succeed!
file 10 has been read from HDFS for 6 time
diff succeed!
file 10 has been read from HDFS for 7 time
diff succeed!
file 10 has been read from HDFS for 8 time
diff succeed!
file 10 has been read from HDFS for 9 time
diff succeed!
file 10 has been read from HDFS for 10 time
diff succeed!
Deleted /myfile10
file 10 has been removed from HDFS
2019-02-21 14:45:46,726 INFO retry.RetryInvocationHandler: java.net.ConnectException: Call From clnode049.clemson.cloudlab.us/130.127.133.58 to node-0-link-0:8020 failed on connection exception: java.net.ConnectException: Connection refused; For more details see:  http://wiki.apache.org/hadoop/ConnectionRefused, while invoking ClientNamenodeProtocolTranslatorPB.addBlock over node-0-link-0/10.10.1.1:8020. Trying to failover immediately.
2019-02-21 14:45:46,780 INFO retry.RetryInvocationHandler: org.apache.hadoop.ipc.RemoteException(org.apache.hadoop.ipc.RetriableException): org.apache.hadoop.hdfs.server.namenode.SafeModeException: Cannot add block to /myfile10._COPYING_. Name node is in safe mode.
The reported blocks 96 has reached the threshold 0.9990 of total blocks 96. The number of live datanodes 3 has reached the minimum number 0. In safe mode extension. Safe mode will be turned off automatically in 29 seconds. NamenodeHostName:node-1-link-0
	at org.apache.hadoop.hdfs.server.namenode.FSNamesystem.checkNameNodeSafeMode(FSNamesystem.java:1441)
	at org.apache.hadoop.hdfs.server.namenode.FSDirWriteFileOp.analyzeFileState(FSDirWriteFileOp.java:591)
	at org.apache.hadoop.hdfs.server.namenode.FSDirWriteFileOp.validateAddBlock(FSDirWriteFileOp.java:172)
	at org.apache.hadoop.hdfs.server.namenode.FSNamesystem.getAdditionalBlock(FSNamesystem.java:2679)
	at org.apache.hadoop.hdfs.server.namenode.NameNodeRpcServer.addBlock(NameNodeRpcServer.java:875)
	at org.apache.hadoop.hdfs.protocolPB.ClientNamenodeProtocolServerSideTranslatorPB.addBlock(ClientNamenodeProtocolServerSideTranslatorPB.java:561)
	at org.apache.hadoop.hdfs.protocol.proto.ClientNamenodeProtocolProtos$ClientNamenodeProtocol$2.callBlockingMethod(ClientNamenodeProtocolProtos.java)
	at org.apache.hadoop.ipc.ProtobufRpcEngine$Server$ProtoBufRpcInvoker.call(ProtobufRpcEngine.java:523)
	at org.apache.hadoop.ipc.RPC$Server.call(RPC.java:991)
	at org.apache.hadoop.ipc.Server$RpcCall.run(Server.java:872)
	at org.apache.hadoop.ipc.Server$RpcCall.run(Server.java:818)
	at java.security.AccessController.doPrivileged(Native Method)
	at javax.security.auth.Subject.doAs(Subject.java:422)
	at org.apache.hadoop.security.UserGroupInformation.doAs(UserGroupInformation.java:1729)
	at org.apache.hadoop.ipc.Server$Handler.run(Server.java:2678)
Caused by: org.apache.hadoop.hdfs.server.namenode.SafeModeException: Cannot add block to /myfile10._COPYING_. Name node is in safe mode.
The reported blocks 96 has reached the threshold 0.9990 of total blocks 96. The number of live datanodes 3 has reached the minimum number 0. In safe mode extension. Safe mode will be turned off automatically in 29 seconds. NamenodeHostName:node-1-link-0
	at org.apache.hadoop.hdfs.server.namenode.FSNamesystem.newSafemodeException(FSNamesystem.java:1450)
	at org.apache.hadoop.hdfs.server.namenode.FSNamesystem.checkNameNodeSafeMode(FSNamesystem.java:1437)
	... 14 more
, while invoking ClientNamenodeProtocolTranslatorPB.addBlock over node-1-link-0/10.10.1.4:8020 after 1 failover attempts. Retrying after sleeping for 1175ms.
2019-02-21 14:45:47,958 INFO retry.RetryInvocationHandler: org.apache.hadoop.ipc.RemoteException(org.apache.hadoop.ipc.RetriableException): org.apache.hadoop.hdfs.server.namenode.SafeModeException: Cannot add block to /myfile10._COPYING_. Name node is in safe mode.
The reported blocks 96 has reached the threshold 0.9990 of total blocks 96. The number of live datanodes 3 has reached the minimum number 0. In safe mode extension. Safe mode will be turned off automatically in 28 seconds. NamenodeHostName:node-1-link-0
	at org.apache.hadoop.hdfs.server.namenode.FSNamesystem.checkNameNodeSafeMode(FSNamesystem.java:1441)
	at org.apache.hadoop.hdfs.server.namenode.FSDirWriteFileOp.analyzeFileState(FSDirWriteFileOp.java:591)
	at org.apache.hadoop.hdfs.server.namenode.FSDirWriteFileOp.validateAddBlock(FSDirWriteFileOp.java:172)
	at org.apache.hadoop.hdfs.server.namenode.FSNamesystem.getAdditionalBlock(FSNamesystem.java:2679)
	at org.apache.hadoop.hdfs.server.namenode.NameNodeRpcServer.addBlock(NameNodeRpcServer.java:875)
	at org.apache.hadoop.hdfs.protocolPB.ClientNamenodeProtocolServerSideTranslatorPB.addBlock(ClientNamenodeProtocolServerSideTranslatorPB.java:561)
	at org.apache.hadoop.hdfs.protocol.proto.ClientNamenodeProtocolProtos$ClientNamenodeProtocol$2.callBlockingMethod(ClientNamenodeProtocolProtos.java)
	at org.apache.hadoop.ipc.ProtobufRpcEngine$Server$ProtoBufRpcInvoker.call(ProtobufRpcEngine.java:523)
	at org.apache.hadoop.ipc.RPC$Server.call(RPC.java:991)
	at org.apache.hadoop.ipc.Server$RpcCall.run(Server.java:872)
	at org.apache.hadoop.ipc.Server$RpcCall.run(Server.java:818)
	at java.security.AccessController.doPrivileged(Native Method)
	at javax.security.auth.Subject.doAs(Subject.java:422)
	at org.apache.hadoop.security.UserGroupInformation.doAs(UserGroupInformation.java:1729)
	at org.apache.hadoop.ipc.Server$Handler.run(Server.java:2678)
Caused by: org.apache.hadoop.hdfs.server.namenode.SafeModeException: Cannot add block to /myfile10._COPYING_. Name node is in safe mode.
The reported blocks 96 has reached the threshold 0.9990 of total blocks 96. The number of live datanodes 3 has reached the minimum number 0. In safe mode extension. Safe mode will be turned off automatically in 28 seconds. NamenodeHostName:node-1-link-0
	at org.apache.hadoop.hdfs.server.namenode.FSNamesystem.newSafemodeException(FSNamesystem.java:1450)
	at org.apache.hadoop.hdfs.server.namenode.FSNamesystem.checkNameNodeSafeMode(FSNamesystem.java:1437)
	... 14 more
, while invoking ClientNamenodeProtocolTranslatorPB.addBlock over node-1-link-0/10.10.1.4:8020 after 1 failover attempts. Retrying after sleeping for 2662ms.
2019-02-21 14:45:50,624 INFO retry.RetryInvocationHandler: org.apache.hadoop.ipc.RemoteException(org.apache.hadoop.ipc.RetriableException): org.apache.hadoop.hdfs.server.namenode.SafeModeException: Cannot add block to /myfile10._COPYING_. Name node is in safe mode.
The reported blocks 96 has reached the threshold 0.9990 of total blocks 96. The number of live datanodes 3 has reached the minimum number 0. In safe mode extension. Safe mode will be turned off automatically in 26 seconds. NamenodeHostName:node-1-link-0
	at org.apache.hadoop.hdfs.server.namenode.FSNamesystem.checkNameNodeSafeMode(FSNamesystem.java:1441)
	at org.apache.hadoop.hdfs.server.namenode.FSDirWriteFileOp.analyzeFileState(FSDirWriteFileOp.java:591)
	at org.apache.hadoop.hdfs.server.namenode.FSDirWriteFileOp.validateAddBlock(FSDirWriteFileOp.java:172)
	at org.apache.hadoop.hdfs.server.namenode.FSNamesystem.getAdditionalBlock(FSNamesystem.java:2679)
	at org.apache.hadoop.hdfs.server.namenode.NameNodeRpcServer.addBlock(NameNodeRpcServer.java:875)
	at org.apache.hadoop.hdfs.protocolPB.ClientNamenodeProtocolServerSideTranslatorPB.addBlock(ClientNamenodeProtocolServerSideTranslatorPB.java:561)
	at org.apache.hadoop.hdfs.protocol.proto.ClientNamenodeProtocolProtos$ClientNamenodeProtocol$2.callBlockingMethod(ClientNamenodeProtocolProtos.java)
	at org.apache.hadoop.ipc.ProtobufRpcEngine$Server$ProtoBufRpcInvoker.call(ProtobufRpcEngine.java:523)
	at org.apache.hadoop.ipc.RPC$Server.call(RPC.java:991)
	at org.apache.hadoop.ipc.Server$RpcCall.run(Server.java:872)
	at org.apache.hadoop.ipc.Server$RpcCall.run(Server.java:818)
	at java.security.AccessController.doPrivileged(Native Method)
	at javax.security.auth.Subject.doAs(Subject.java:422)
	at org.apache.hadoop.security.UserGroupInformation.doAs(UserGroupInformation.java:1729)
	at org.apache.hadoop.ipc.Server$Handler.run(Server.java:2678)
Caused by: org.apache.hadoop.hdfs.server.namenode.SafeModeException: Cannot add block to /myfile10._COPYING_. Name node is in safe mode.
The reported blocks 96 has reached the threshold 0.9990 of total blocks 96. The number of live datanodes 3 has reached the minimum number 0. In safe mode extension. Safe mode will be turned off automatically in 26 seconds. NamenodeHostName:node-1-link-0
	at org.apache.hadoop.hdfs.server.namenode.FSNamesystem.newSafemodeException(FSNamesystem.java:1450)
	at org.apache.hadoop.hdfs.server.namenode.FSNamesystem.checkNameNodeSafeMode(FSNamesystem.java:1437)
	... 14 more
, while invoking ClientNamenodeProtocolTranslatorPB.addBlock over node-1-link-0/10.10.1.4:8020 after 1 failover attempts. Retrying after sleeping for 4640ms.
2019-02-21 14:45:54,201 INFO retry.RetryInvocationHandler: org.apache.hadoop.ipc.RemoteException(org.apache.hadoop.ipc.RetriableException): org.apache.hadoop.hdfs.server.namenode.SafeModeException: Cannot renew lease for DFSClient_NONMAPREDUCE_-1294546738_1. Name node is in safe mode.
The reported blocks 96 has reached the threshold 0.9990 of total blocks 96. The number of live datanodes 3 has reached the minimum number 0. In safe mode extension. Safe mode will be turned off automatically in 22 seconds. NamenodeHostName:node-1-link-0
	at org.apache.hadoop.hdfs.server.namenode.FSNamesystem.checkNameNodeSafeMode(FSNamesystem.java:1441)
	at org.apache.hadoop.hdfs.server.namenode.FSNamesystem.renewLease(FSNamesystem.java:3744)
	at org.apache.hadoop.hdfs.server.namenode.NameNodeRpcServer.renewLease(NameNodeRpcServer.java:1134)
	at org.apache.hadoop.hdfs.protocolPB.ClientNamenodeProtocolServerSideTranslatorPB.renewLease(ClientNamenodeProtocolServerSideTranslatorPB.java:737)
	at org.apache.hadoop.hdfs.protocol.proto.ClientNamenodeProtocolProtos$ClientNamenodeProtocol$2.callBlockingMethod(ClientNamenodeProtocolProtos.java)
	at org.apache.hadoop.ipc.ProtobufRpcEngine$Server$ProtoBufRpcInvoker.call(ProtobufRpcEngine.java:523)
	at org.apache.hadoop.ipc.RPC$Server.call(RPC.java:991)
	at org.apache.hadoop.ipc.Server$RpcCall.run(Server.java:872)
	at org.apache.hadoop.ipc.Server$RpcCall.run(Server.java:818)
	at java.security.AccessController.doPrivileged(Native Method)
	at javax.security.auth.Subject.doAs(Subject.java:422)
	at org.apache.hadoop.security.UserGroupInformation.doAs(UserGroupInformation.java:1729)
	at org.apache.hadoop.ipc.Server$Handler.run(Server.java:2678)
Caused by: org.apache.hadoop.hdfs.server.namenode.SafeModeException: Cannot renew lease for DFSClient_NONMAPREDUCE_-1294546738_1. Name node is in safe mode.
The reported blocks 96 has reached the threshold 0.9990 of total blocks 96. The number of live datanodes 3 has reached the minimum number 0. In safe mode extension. Safe mode will be turned off automatically in 22 seconds. NamenodeHostName:node-1-link-0
	at org.apache.hadoop.hdfs.server.namenode.FSNamesystem.newSafemodeException(FSNamesystem.java:1450)
	at org.apache.hadoop.hdfs.server.namenode.FSNamesystem.checkNameNodeSafeMode(FSNamesystem.java:1437)
	... 12 more
, while invoking ClientNamenodeProtocolTranslatorPB.renewLease over node-1-link-0/10.10.1.4:8020. Retrying immediately.
2019-02-21 14:45:54,204 INFO retry.RetryInvocationHandler: org.apache.hadoop.ipc.RemoteException(org.apache.hadoop.ipc.RetriableException): org.apache.hadoop.hdfs.server.namenode.SafeModeException: Cannot renew lease for DFSClient_NONMAPREDUCE_-1294546738_1. Name node is in safe mode.
The reported blocks 96 has reached the threshold 0.9990 of total blocks 96. The number of live datanodes 3 has reached the minimum number 0. In safe mode extension. Safe mode will be turned off automatically in 22 seconds. NamenodeHostName:node-1-link-0
	at org.apache.hadoop.hdfs.server.namenode.FSNamesystem.checkNameNodeSafeMode(FSNamesystem.java:1441)
	at org.apache.hadoop.hdfs.server.namenode.FSNamesystem.renewLease(FSNamesystem.java:3744)
	at org.apache.hadoop.hdfs.server.namenode.NameNodeRpcServer.renewLease(NameNodeRpcServer.java:1134)
	at org.apache.hadoop.hdfs.protocolPB.ClientNamenodeProtocolServerSideTranslatorPB.renewLease(ClientNamenodeProtocolServerSideTranslatorPB.java:737)
	at org.apache.hadoop.hdfs.protocol.proto.ClientNamenodeProtocolProtos$ClientNamenodeProtocol$2.callBlockingMethod(ClientNamenodeProtocolProtos.java)
	at org.apache.hadoop.ipc.ProtobufRpcEngine$Server$ProtoBufRpcInvoker.call(ProtobufRpcEngine.java:523)
	at org.apache.hadoop.ipc.RPC$Server.call(RPC.java:991)
	at org.apache.hadoop.ipc.Server$RpcCall.run(Server.java:872)
	at org.apache.hadoop.ipc.Server$RpcCall.run(Server.java:818)
	at java.security.AccessController.doPrivileged(Native Method)
	at javax.security.auth.Subject.doAs(Subject.java:422)
	at org.apache.hadoop.security.UserGroupInformation.doAs(UserGroupInformation.java:1729)
	at org.apache.hadoop.ipc.Server$Handler.run(Server.java:2678)
Caused by: org.apache.hadoop.hdfs.server.namenode.SafeModeException: Cannot renew lease for DFSClient_NONMAPREDUCE_-1294546738_1. Name node is in safe mode.
The reported blocks 96 has reached the threshold 0.9990 of total blocks 96. The number of live datanodes 3 has reached the minimum number 0. In safe mode extension. Safe mode will be turned off automatically in 22 seconds. NamenodeHostName:node-1-link-0
	at org.apache.hadoop.hdfs.server.namenode.FSNamesystem.newSafemodeException(FSNamesystem.java:1450)
	at org.apache.hadoop.hdfs.server.namenode.FSNamesystem.checkNameNodeSafeMode(FSNamesystem.java:1437)
	... 12 more
, while invoking ClientNamenodeProtocolTranslatorPB.renewLease over node-1-link-0/10.10.1.4:8020. Retrying after sleeping for 987ms.
2019-02-21 14:45:55,193 INFO retry.RetryInvocationHandler: org.apache.hadoop.ipc.RemoteException(org.apache.hadoop.ipc.RetriableException): org.apache.hadoop.hdfs.server.namenode.SafeModeException: Cannot renew lease for DFSClient_NONMAPREDUCE_-1294546738_1. Name node is in safe mode.
The reported blocks 96 has reached the threshold 0.9990 of total blocks 96. The number of live datanodes 3 has reached the minimum number 0. In safe mode extension. Safe mode will be turned off automatically in 21 seconds. NamenodeHostName:node-1-link-0
	at org.apache.hadoop.hdfs.server.namenode.FSNamesystem.checkNameNodeSafeMode(FSNamesystem.java:1441)
	at org.apache.hadoop.hdfs.server.namenode.FSNamesystem.renewLease(FSNamesystem.java:3744)
	at org.apache.hadoop.hdfs.server.namenode.NameNodeRpcServer.renewLease(NameNodeRpcServer.java:1134)
	at org.apache.hadoop.hdfs.protocolPB.ClientNamenodeProtocolServerSideTranslatorPB.renewLease(ClientNamenodeProtocolServerSideTranslatorPB.java:737)
	at org.apache.hadoop.hdfs.protocol.proto.ClientNamenodeProtocolProtos$ClientNamenodeProtocol$2.callBlockingMethod(ClientNamenodeProtocolProtos.java)
	at org.apache.hadoop.ipc.ProtobufRpcEngine$Server$ProtoBufRpcInvoker.call(ProtobufRpcEngine.java:523)
	at org.apache.hadoop.ipc.RPC$Server.call(RPC.java:991)
	at org.apache.hadoop.ipc.Server$RpcCall.run(Server.java:872)
	at org.apache.hadoop.ipc.Server$RpcCall.run(Server.java:818)
	at java.security.AccessController.doPrivileged(Native Method)
	at javax.security.auth.Subject.doAs(Subject.java:422)
	at org.apache.hadoop.security.UserGroupInformation.doAs(UserGroupInformation.java:1729)
	at org.apache.hadoop.ipc.Server$Handler.run(Server.java:2678)
Caused by: org.apache.hadoop.hdfs.server.namenode.SafeModeException: Cannot renew lease for DFSClient_NONMAPREDUCE_-1294546738_1. Name node is in safe mode.
The reported blocks 96 has reached the threshold 0.9990 of total blocks 96. The number of live datanodes 3 has reached the minimum number 0. In safe mode extension. Safe mode will be turned off automatically in 21 seconds. NamenodeHostName:node-1-link-0
	at org.apache.hadoop.hdfs.server.namenode.FSNamesystem.newSafemodeException(FSNamesystem.java:1450)
	at org.apache.hadoop.hdfs.server.namenode.FSNamesystem.checkNameNodeSafeMode(FSNamesystem.java:1437)
	... 12 more
, while invoking ClientNamenodeProtocolTranslatorPB.renewLease over node-1-link-0/10.10.1.4:8020. Retrying after sleeping for 1951ms.
2019-02-21 14:45:55,266 INFO retry.RetryInvocationHandler: org.apache.hadoop.ipc.RemoteException(org.apache.hadoop.ipc.RetriableException): org.apache.hadoop.hdfs.server.namenode.SafeModeException: Cannot add block to /myfile10._COPYING_. Name node is in safe mode.
The reported blocks 96 has reached the threshold 0.9990 of total blocks 96. The number of live datanodes 3 has reached the minimum number 0. In safe mode extension. Safe mode will be turned off automatically in 21 seconds. NamenodeHostName:node-1-link-0
	at org.apache.hadoop.hdfs.server.namenode.FSNamesystem.checkNameNodeSafeMode(FSNamesystem.java:1441)
	at org.apache.hadoop.hdfs.server.namenode.FSDirWriteFileOp.analyzeFileState(FSDirWriteFileOp.java:591)
	at org.apache.hadoop.hdfs.server.namenode.FSDirWriteFileOp.validateAddBlock(FSDirWriteFileOp.java:172)
	at org.apache.hadoop.hdfs.server.namenode.FSNamesystem.getAdditionalBlock(FSNamesystem.java:2679)
	at org.apache.hadoop.hdfs.server.namenode.NameNodeRpcServer.addBlock(NameNodeRpcServer.java:875)
	at org.apache.hadoop.hdfs.protocolPB.ClientNamenodeProtocolServerSideTranslatorPB.addBlock(ClientNamenodeProtocolServerSideTranslatorPB.java:561)
	at org.apache.hadoop.hdfs.protocol.proto.ClientNamenodeProtocolProtos$ClientNamenodeProtocol$2.callBlockingMethod(ClientNamenodeProtocolProtos.java)
	at org.apache.hadoop.ipc.ProtobufRpcEngine$Server$ProtoBufRpcInvoker.call(ProtobufRpcEngine.java:523)
	at org.apache.hadoop.ipc.RPC$Server.call(RPC.java:991)
	at org.apache.hadoop.ipc.Server$RpcCall.run(Server.java:872)
	at org.apache.hadoop.ipc.Server$RpcCall.run(Server.java:818)
	at java.security.AccessController.doPrivileged(Native Method)
	at javax.security.auth.Subject.doAs(Subject.java:422)
	at org.apache.hadoop.security.UserGroupInformation.doAs(UserGroupInformation.java:1729)
	at org.apache.hadoop.ipc.Server$Handler.run(Server.java:2678)
Caused by: org.apache.hadoop.hdfs.server.namenode.SafeModeException: Cannot add block to /myfile10._COPYING_. Name node is in safe mode.
The reported blocks 96 has reached the threshold 0.9990 of total blocks 96. The number of live datanodes 3 has reached the minimum number 0. In safe mode extension. Safe mode will be turned off automatically in 21 seconds. NamenodeHostName:node-1-link-0
	at org.apache.hadoop.hdfs.server.namenode.FSNamesystem.newSafemodeException(FSNamesystem.java:1450)
	at org.apache.hadoop.hdfs.server.namenode.FSNamesystem.checkNameNodeSafeMode(FSNamesystem.java:1437)
	... 14 more
, while invoking ClientNamenodeProtocolTranslatorPB.addBlock over node-1-link-0/10.10.1.4:8020 after 1 failover attempts. Retrying after sleeping for 11987ms.
2019-02-21 14:45:57,147 INFO retry.RetryInvocationHandler: org.apache.hadoop.ipc.RemoteException(org.apache.hadoop.ipc.RetriableException): org.apache.hadoop.hdfs.server.namenode.SafeModeException: Cannot renew lease for DFSClient_NONMAPREDUCE_-1294546738_1. Name node is in safe mode.
The reported blocks 96 has reached the threshold 0.9990 of total blocks 96. The number of live datanodes 3 has reached the minimum number 0. In safe mode extension. Safe mode will be turned off automatically in 19 seconds. NamenodeHostName:node-1-link-0
	at org.apache.hadoop.hdfs.server.namenode.FSNamesystem.checkNameNodeSafeMode(FSNamesystem.java:1441)
	at org.apache.hadoop.hdfs.server.namenode.FSNamesystem.renewLease(FSNamesystem.java:3744)
	at org.apache.hadoop.hdfs.server.namenode.NameNodeRpcServer.renewLease(NameNodeRpcServer.java:1134)
	at org.apache.hadoop.hdfs.protocolPB.ClientNamenodeProtocolServerSideTranslatorPB.renewLease(ClientNamenodeProtocolServerSideTranslatorPB.java:737)
	at org.apache.hadoop.hdfs.protocol.proto.ClientNamenodeProtocolProtos$ClientNamenodeProtocol$2.callBlockingMethod(ClientNamenodeProtocolProtos.java)
	at org.apache.hadoop.ipc.ProtobufRpcEngine$Server$ProtoBufRpcInvoker.call(ProtobufRpcEngine.java:523)
	at org.apache.hadoop.ipc.RPC$Server.call(RPC.java:991)
	at org.apache.hadoop.ipc.Server$RpcCall.run(Server.java:872)
	at org.apache.hadoop.ipc.Server$RpcCall.run(Server.java:818)
	at java.security.AccessController.doPrivileged(Native Method)
	at javax.security.auth.Subject.doAs(Subject.java:422)
	at org.apache.hadoop.security.UserGroupInformation.doAs(UserGroupInformation.java:1729)
	at org.apache.hadoop.ipc.Server$Handler.run(Server.java:2678)
Caused by: org.apache.hadoop.hdfs.server.namenode.SafeModeException: Cannot renew lease for DFSClient_NONMAPREDUCE_-1294546738_1. Name node is in safe mode.
The reported blocks 96 has reached the threshold 0.9990 of total blocks 96. The number of live datanodes 3 has reached the minimum number 0. In safe mode extension. Safe mode will be turned off automatically in 19 seconds. NamenodeHostName:node-1-link-0
	at org.apache.hadoop.hdfs.server.namenode.FSNamesystem.newSafemodeException(FSNamesystem.java:1450)
	at org.apache.hadoop.hdfs.server.namenode.FSNamesystem.checkNameNodeSafeMode(FSNamesystem.java:1437)
	... 12 more
, while invoking ClientNamenodeProtocolTranslatorPB.renewLease over node-1-link-0/10.10.1.4:8020. Retrying after sleeping for 5953ms.
2019-02-21 14:46:03,103 INFO retry.RetryInvocationHandler: org.apache.hadoop.ipc.RemoteException(org.apache.hadoop.ipc.RetriableException): org.apache.hadoop.hdfs.server.namenode.SafeModeException: Cannot renew lease for DFSClient_NONMAPREDUCE_-1294546738_1. Name node is in safe mode.
The reported blocks 96 has reached the threshold 0.9990 of total blocks 96. The number of live datanodes 3 has reached the minimum number 0. In safe mode extension. Safe mode will be turned off automatically in 13 seconds. NamenodeHostName:node-1-link-0
	at org.apache.hadoop.hdfs.server.namenode.FSNamesystem.checkNameNodeSafeMode(FSNamesystem.java:1441)
	at org.apache.hadoop.hdfs.server.namenode.FSNamesystem.renewLease(FSNamesystem.java:3744)
	at org.apache.hadoop.hdfs.server.namenode.NameNodeRpcServer.renewLease(NameNodeRpcServer.java:1134)
	at org.apache.hadoop.hdfs.protocolPB.ClientNamenodeProtocolServerSideTranslatorPB.renewLease(ClientNamenodeProtocolServerSideTranslatorPB.java:737)
	at org.apache.hadoop.hdfs.protocol.proto.ClientNamenodeProtocolProtos$ClientNamenodeProtocol$2.callBlockingMethod(ClientNamenodeProtocolProtos.java)
	at org.apache.hadoop.ipc.ProtobufRpcEngine$Server$ProtoBufRpcInvoker.call(ProtobufRpcEngine.java:523)
	at org.apache.hadoop.ipc.RPC$Server.call(RPC.java:991)
	at org.apache.hadoop.ipc.Server$RpcCall.run(Server.java:872)
	at org.apache.hadoop.ipc.Server$RpcCall.run(Server.java:818)
	at java.security.AccessController.doPrivileged(Native Method)
	at javax.security.auth.Subject.doAs(Subject.java:422)
	at org.apache.hadoop.security.UserGroupInformation.doAs(UserGroupInformation.java:1729)
	at org.apache.hadoop.ipc.Server$Handler.run(Server.java:2678)
Caused by: org.apache.hadoop.hdfs.server.namenode.SafeModeException: Cannot renew lease for DFSClient_NONMAPREDUCE_-1294546738_1. Name node is in safe mode.
The reported blocks 96 has reached the threshold 0.9990 of total blocks 96. The number of live datanodes 3 has reached the minimum number 0. In safe mode extension. Safe mode will be turned off automatically in 13 seconds. NamenodeHostName:node-1-link-0
	at org.apache.hadoop.hdfs.server.namenode.FSNamesystem.newSafemodeException(FSNamesystem.java:1450)
	at org.apache.hadoop.hdfs.server.namenode.FSNamesystem.checkNameNodeSafeMode(FSNamesystem.java:1437)
	... 12 more
, while invoking ClientNamenodeProtocolTranslatorPB.renewLease over node-1-link-0/10.10.1.4:8020. Retrying after sleeping for 9719ms.
2019-02-21 14:46:07,256 INFO retry.RetryInvocationHandler: org.apache.hadoop.ipc.RemoteException(org.apache.hadoop.ipc.RetriableException): org.apache.hadoop.hdfs.server.namenode.SafeModeException: Cannot add block to /myfile10._COPYING_. Name node is in safe mode.
The reported blocks 96 has reached the threshold 0.9990 of total blocks 96. The number of live datanodes 3 has reached the minimum number 0. In safe mode extension. Safe mode will be turned off automatically in 9 seconds. NamenodeHostName:node-1-link-0
	at org.apache.hadoop.hdfs.server.namenode.FSNamesystem.checkNameNodeSafeMode(FSNamesystem.java:1441)
	at org.apache.hadoop.hdfs.server.namenode.FSDirWriteFileOp.analyzeFileState(FSDirWriteFileOp.java:591)
	at org.apache.hadoop.hdfs.server.namenode.FSDirWriteFileOp.validateAddBlock(FSDirWriteFileOp.java:172)
	at org.apache.hadoop.hdfs.server.namenode.FSNamesystem.getAdditionalBlock(FSNamesystem.java:2679)
	at org.apache.hadoop.hdfs.server.namenode.NameNodeRpcServer.addBlock(NameNodeRpcServer.java:875)
	at org.apache.hadoop.hdfs.protocolPB.ClientNamenodeProtocolServerSideTranslatorPB.addBlock(ClientNamenodeProtocolServerSideTranslatorPB.java:561)
	at org.apache.hadoop.hdfs.protocol.proto.ClientNamenodeProtocolProtos$ClientNamenodeProtocol$2.callBlockingMethod(ClientNamenodeProtocolProtos.java)
	at org.apache.hadoop.ipc.ProtobufRpcEngine$Server$ProtoBufRpcInvoker.call(ProtobufRpcEngine.java:523)
	at org.apache.hadoop.ipc.RPC$Server.call(RPC.java:991)
	at org.apache.hadoop.ipc.Server$RpcCall.run(Server.java:872)
	at org.apache.hadoop.ipc.Server$RpcCall.run(Server.java:818)
	at java.security.AccessController.doPrivileged(Native Method)
	at javax.security.auth.Subject.doAs(Subject.java:422)
	at org.apache.hadoop.security.UserGroupInformation.doAs(UserGroupInformation.java:1729)
	at org.apache.hadoop.ipc.Server$Handler.run(Server.java:2678)
Caused by: org.apache.hadoop.hdfs.server.namenode.SafeModeException: Cannot add block to /myfile10._COPYING_. Name node is in safe mode.
The reported blocks 96 has reached the threshold 0.9990 of total blocks 96. The number of live datanodes 3 has reached the minimum number 0. In safe mode extension. Safe mode will be turned off automatically in 9 seconds. NamenodeHostName:node-1-link-0
	at org.apache.hadoop.hdfs.server.namenode.FSNamesystem.newSafemodeException(FSNamesystem.java:1450)
	at org.apache.hadoop.hdfs.server.namenode.FSNamesystem.checkNameNodeSafeMode(FSNamesystem.java:1437)
	... 14 more
, while invoking ClientNamenodeProtocolTranslatorPB.addBlock over node-1-link-0/10.10.1.4:8020 after 1 failover attempts. Retrying after sleeping for 15012ms.
2019-02-21 14:46:12,824 INFO retry.RetryInvocationHandler: org.apache.hadoop.ipc.RemoteException(org.apache.hadoop.ipc.RetriableException): org.apache.hadoop.hdfs.server.namenode.SafeModeException: Cannot renew lease for DFSClient_NONMAPREDUCE_-1294546738_1. Name node is in safe mode.
The reported blocks 96 has reached the threshold 0.9990 of total blocks 96. The number of live datanodes 3 has reached the minimum number 0. In safe mode extension. Safe mode will be turned off automatically in 3 seconds. NamenodeHostName:node-1-link-0
	at org.apache.hadoop.hdfs.server.namenode.FSNamesystem.checkNameNodeSafeMode(FSNamesystem.java:1441)
	at org.apache.hadoop.hdfs.server.namenode.FSNamesystem.renewLease(FSNamesystem.java:3744)
	at org.apache.hadoop.hdfs.server.namenode.NameNodeRpcServer.renewLease(NameNodeRpcServer.java:1134)
	at org.apache.hadoop.hdfs.protocolPB.ClientNamenodeProtocolServerSideTranslatorPB.renewLease(ClientNamenodeProtocolServerSideTranslatorPB.java:737)
	at org.apache.hadoop.hdfs.protocol.proto.ClientNamenodeProtocolProtos$ClientNamenodeProtocol$2.callBlockingMethod(ClientNamenodeProtocolProtos.java)
	at org.apache.hadoop.ipc.ProtobufRpcEngine$Server$ProtoBufRpcInvoker.call(ProtobufRpcEngine.java:523)
	at org.apache.hadoop.ipc.RPC$Server.call(RPC.java:991)
	at org.apache.hadoop.ipc.Server$RpcCall.run(Server.java:872)
	at org.apache.hadoop.ipc.Server$RpcCall.run(Server.java:818)
	at java.security.AccessController.doPrivileged(Native Method)
	at javax.security.auth.Subject.doAs(Subject.java:422)
	at org.apache.hadoop.security.UserGroupInformation.doAs(UserGroupInformation.java:1729)
	at org.apache.hadoop.ipc.Server$Handler.run(Server.java:2678)
Caused by: org.apache.hadoop.hdfs.server.namenode.SafeModeException: Cannot renew lease for DFSClient_NONMAPREDUCE_-1294546738_1. Name node is in safe mode.
The reported blocks 96 has reached the threshold 0.9990 of total blocks 96. The number of live datanodes 3 has reached the minimum number 0. In safe mode extension. Safe mode will be turned off automatically in 3 seconds. NamenodeHostName:node-1-link-0
	at org.apache.hadoop.hdfs.server.namenode.FSNamesystem.newSafemodeException(FSNamesystem.java:1450)
	at org.apache.hadoop.hdfs.server.namenode.FSNamesystem.checkNameNodeSafeMode(FSNamesystem.java:1437)
	... 12 more
, while invoking ClientNamenodeProtocolTranslatorPB.renewLease over node-1-link-0/10.10.1.4:8020. Retrying after sleeping for 15863ms.
Found 19 items
-rw-r--r--   3 root supergroup 1073741824 2019-02-21 14:46 /myfile1
-rw-r--r--   3 root supergroup 1073741824 2019-02-21 14:46 /myfile10
-rw-r--r--   3 root supergroup  939524096 2019-02-21 14:45 /myfile11._COPYING_
-rw-r--r--   3 root supergroup  671088640 2019-02-21 14:46 /myfile12._COPYING_
-rw-r--r--   3 root supergroup 1073741824 2019-02-21 14:46 /myfile13
-rw-r--r--   3 root supergroup  939524096 2019-02-21 14:45 /myfile14._COPYING_
-rw-r--r--   3 root supergroup 1073741824 2019-02-21 14:46 /myfile15
-rw-r--r--   3 root supergroup 1073741824 2019-02-21 14:46 /myfile16
-rw-r--r--   3 root supergroup 1073741824 2019-02-21 14:46 /myfile17
-rw-r--r--   3 root supergroup  671088640 2019-02-21 14:46 /myfile18._COPYING_
-rw-r--r--   3 root supergroup 1073741824 2019-02-21 14:46 /myfile19
-rw-r--r--   3 root supergroup 1073741824 2019-02-21 14:46 /myfile20
-rw-r--r--   3 root supergroup 1073741824 2019-02-21 14:46 /myfile3
-rw-r--r--   3 root supergroup 1073741824 2019-02-21 14:43 /myfile4
-rw-r--r--   3 root supergroup 1073741824 2019-02-21 14:44 /myfile5
-rw-r--r--   3 root supergroup 1073741824 2019-02-21 14:46 /myfile6
-rw-r--r--   3 root supergroup 1073741824 2019-02-21 14:46 /myfile7
-rw-r--r--   3 root supergroup 1073741824 2019-02-21 14:46 /myfile8
-rw-r--r--   3 root supergroup  671088640 2019-02-21 14:46 /myfile9._COPYING_
file 10 has been put into HDFS
file 10 has been read from HDFS for 1 time
diff succeed!
file 10 has been read from HDFS for 2 time
diff succeed!
file 10 has been read from HDFS for 3 time
diff succeed!
file 10 has been read from HDFS for 4 time
diff succeed!
file 10 has been read from HDFS for 5 time
diff succeed!
file 10 has been read from HDFS for 6 time
diff succeed!
file 10 has been read from HDFS for 7 time
diff succeed!
file 10 has been read from HDFS for 8 time
diff succeed!
file 10 has been read from HDFS for 9 time
diff succeed!
file 10 has been read from HDFS for 10 time
diff succeed!
Deleted /myfile10
file 10 has been removed from HDFS
Found 19 items
-rw-r--r--   3 root supergroup  939524096 2019-02-21 14:52 /myfile1._COPYING_
-rw-r--r--   3 root supergroup 1073741824 2019-02-21 14:52 /myfile10
-rw-r--r--   3 root supergroup 1073741824 2019-02-21 14:51 /myfile11
-rw-r--r--   3 root supergroup 1073741824 2019-02-21 14:51 /myfile12
-rw-r--r--   3 root supergroup 1073741824 2019-02-21 14:50 /myfile13
-rw-r--r--   3 root supergroup 1073741824 2019-02-21 14:51 /myfile14
-rw-r--r--   3 root supergroup 1073741824 2019-02-21 14:50 /myfile15
-rw-r--r--   3 root supergroup 1073741824 2019-02-21 14:50 /myfile16
-rw-r--r--   3 root supergroup 1073741824 2019-02-21 14:50 /myfile17
-rw-r--r--   3 root supergroup 1073741824 2019-02-21 14:51 /myfile18
-rw-r--r--   3 root supergroup 1073741824 2019-02-21 14:50 /myfile19
-rw-r--r--   3 root supergroup 1073741824 2019-02-21 14:51 /myfile2
-rw-r--r--   3 root supergroup 1073741824 2019-02-21 14:51 /myfile20
-rw-r--r--   3 root supergroup 1073741824 2019-02-21 14:48 /myfile4
-rw-r--r--   3 root supergroup 1073741824 2019-02-21 14:49 /myfile5
-rw-r--r--   3 root supergroup 1073741824 2019-02-21 14:52 /myfile6
-rw-r--r--   3 root supergroup  939524096 2019-02-21 14:52 /myfile7._COPYING_
-rw-r--r--   3 root supergroup 1073741824 2019-02-21 14:51 /myfile8
-rw-r--r--   3 root supergroup 1073741824 2019-02-21 14:51 /myfile9
file 10 has been put into HDFS
file 10 has been read from HDFS for 1 time
diff succeed!
file 10 has been read from HDFS for 2 time
diff succeed!
file 10 has been read from HDFS for 3 time
diff succeed!
file 10 has been read from HDFS for 4 time
diff succeed!
file 10 has been read from HDFS for 5 time
diff succeed!
file 10 has been read from HDFS for 6 time
diff succeed!
file 10 has been read from HDFS for 7 time
diff succeed!
file 10 has been read from HDFS for 8 time
diff succeed!
file 10 has been read from HDFS for 9 time
diff succeed!
file 10 has been read from HDFS for 10 time
diff succeed!
Deleted /myfile10
file 10 has been removed from HDFS
Found 20 items
-rw-r--r--   3 root supergroup 1073741824 2019-02-21 14:57 /myfile1
-rw-r--r--   3 root supergroup 1073741824 2019-02-21 14:57 /myfile10
-rw-r--r--   3 root supergroup 1073741824 2019-02-21 14:55 /myfile11
-rw-r--r--   3 root supergroup 1073741824 2019-02-21 14:56 /myfile12
-rw-r--r--   3 root supergroup 1073741824 2019-02-21 14:55 /myfile13
-rw-r--r--   3 root supergroup 1073741824 2019-02-21 14:56 /myfile14
-rw-r--r--   3 root supergroup 1073741824 2019-02-21 14:55 /myfile15
-rw-r--r--   3 root supergroup 1073741824 2019-02-21 14:55 /myfile16
-rw-r--r--   3 root supergroup 1073741824 2019-02-21 14:55 /myfile17
-rw-r--r--   3 root supergroup 1073741824 2019-02-21 14:55 /myfile18
-rw-r--r--   3 root supergroup 1073741824 2019-02-21 14:57 /myfile19
-rw-r--r--   3 root supergroup 1073741824 2019-02-21 14:55 /myfile2
-rw-r--r--   3 root supergroup 1073741824 2019-02-21 14:55 /myfile20
-rw-r--r--   3 root supergroup          0 2019-02-21 14:57 /myfile3._COPYING_
-rw-r--r--   3 root supergroup 1073741824 2019-02-21 14:54 /myfile4
-rw-r--r--   3 root supergroup 1073741824 2019-02-21 14:54 /myfile5
-rw-r--r--   3 root supergroup 1073741824 2019-02-21 14:57 /myfile6
-rw-r--r--   3 root supergroup 1073741824 2019-02-21 14:57 /myfile7
-rw-r--r--   3 root supergroup 1073741824 2019-02-21 14:55 /myfile8
-rw-r--r--   3 root supergroup 1073741824 2019-02-21 14:55 /myfile9
file 10 has been put into HDFS
file 10 has been read from HDFS for 1 time
diff succeed!
file 10 has been read from HDFS for 2 time
diff succeed!
file 10 has been read from HDFS for 3 time
diff succeed!
file 10 has been read from HDFS for 4 time
diff succeed!
file 10 has been read from HDFS for 5 time
diff succeed!
file 10 has been read from HDFS for 6 time
diff succeed!
file 10 has been read from HDFS for 7 time
diff succeed!
file 10 has been read from HDFS for 8 time
diff succeed!
file 10 has been read from HDFS for 9 time
diff succeed!
file 10 has been read from HDFS for 10 time
diff succeed!
Deleted /myfile10
file 10 has been removed from HDFS
Found 19 items
-rw-r--r--   3 root supergroup  268435456 2019-02-21 15:01 /myfile1._COPYING_
-rw-r--r--   3 root supergroup 1073741824 2019-02-21 15:02 /myfile10
-rw-r--r--   3 root supergroup 1073741824 2019-02-21 14:59 /myfile11
-rw-r--r--   3 root supergroup 1073741824 2019-02-21 15:00 /myfile12
-rw-r--r--   3 root supergroup 1073741824 2019-02-21 14:59 /myfile13
-rw-r--r--   3 root supergroup 1073741824 2019-02-21 15:01 /myfile14
-rw-r--r--   3 root supergroup 1073741824 2019-02-21 15:00 /myfile15
-rw-r--r--   3 root supergroup 1073741824 2019-02-21 14:59 /myfile16
-rw-r--r--   3 root supergroup 1073741824 2019-02-21 14:59 /myfile17
-rw-r--r--   3 root supergroup 1073741824 2019-02-21 14:59 /myfile18
-rw-r--r--   3 root supergroup 1073741824 2019-02-21 15:01 /myfile19
-rw-r--r--   3 root supergroup 1073741824 2019-02-21 14:59 /myfile2
-rw-r--r--   3 root supergroup 1073741824 2019-02-21 14:59 /myfile20
-rw-r--r--   3 root supergroup 1073741824 2019-02-21 14:59 /myfile4
-rw-r--r--   3 root supergroup 1073741824 2019-02-21 14:58 /myfile5
-rw-r--r--   3 root supergroup  939524096 2019-02-21 15:01 /myfile6._COPYING_
-rw-r--r--   3 root supergroup  268435456 2019-02-21 15:01 /myfile7._COPYING_
-rw-r--r--   3 root supergroup 1073741824 2019-02-21 15:00 /myfile8
-rw-r--r--   3 root supergroup 1073741824 2019-02-21 14:59 /myfile9
file 10 has been put into HDFS
file 10 has been read from HDFS for 1 time
diff succeed!
file 10 has been read from HDFS for 2 time
diff succeed!
file 10 has been read from HDFS for 3 time
diff succeed!
file 10 has been read from HDFS for 4 time
diff succeed!
file 10 has been read from HDFS for 5 time
diff succeed!
file 10 has been read from HDFS for 6 time
diff succeed!
file 10 has been read from HDFS for 7 time
diff succeed!
file 10 has been read from HDFS for 8 time
diff succeed!
file 10 has been read from HDFS for 9 time
diff succeed!
file 10 has been read from HDFS for 10 time
diff succeed!
Deleted /myfile10
file 10 has been removed from HDFS
Found 20 items
-rw-r--r--   3 root supergroup 1073741824 2019-02-21 15:02 /myfile1
-rw-r--r--   3 root supergroup 1073741824 2019-02-21 15:07 /myfile10
-rw-r--r--   3 root supergroup 1073741824 2019-02-21 15:05 /myfile11
-rw-r--r--   3 root supergroup 1073741824 2019-02-21 15:06 /myfile12
-rw-r--r--   3 root supergroup 1073741824 2019-02-21 15:04 /myfile13
-rw-r--r--   3 root supergroup 1073741824 2019-02-21 15:07 /myfile14
-rw-r--r--   3 root supergroup 1073741824 2019-02-21 15:04 /myfile15
-rw-r--r--   3 root supergroup 1073741824 2019-02-21 15:05 /myfile16
-rw-r--r--   3 root supergroup 1073741824 2019-02-21 15:03 /myfile17
-rw-r--r--   3 root supergroup 1073741824 2019-02-21 15:04 /myfile18
-rw-r--r--   3 root supergroup 1073741824 2019-02-21 15:07 /myfile19
-rw-r--r--   3 root supergroup 1073741824 2019-02-21 15:04 /myfile2
-rw-r--r--   3 root supergroup 1073741824 2019-02-21 15:05 /myfile20
-rw-r--r--   3 root supergroup 1073741824 2019-02-21 15:02 /myfile3
-rw-r--r--   3 root supergroup 1073741824 2019-02-21 15:03 /myfile4
-rw-r--r--   3 root supergroup 1073741824 2019-02-21 15:03 /myfile5
-rw-r--r--   3 root supergroup 1073741824 2019-02-21 15:06 /myfile6
-rw-r--r--   3 root supergroup 1073741824 2019-02-21 15:07 /myfile7
-rw-r--r--   3 root supergroup 1073741824 2019-02-21 15:04 /myfile8
-rw-r--r--   3 root supergroup 1073741824 2019-02-21 15:04 /myfile9
file 10 has been put into HDFS
sub_benchmark 1 signal TERM catched and let quit gracefully
file 10 has been read from HDFS for 1 time
diff succeed!
Deleted /myfile10
file 10 has been removed from HDFS
