Found 20 items
-rw-r--r--   3 root supergroup 1073741824 2019-02-18 20:32 /myfile1
-rw-r--r--   3 root supergroup 1073741824 2019-02-18 20:32 /myfile10
-rw-r--r--   3 root supergroup 1073741824 2019-02-18 20:32 /myfile11
-rw-r--r--   3 root supergroup 1073741824 2019-02-18 20:32 /myfile12
-rw-r--r--   3 root supergroup 1073741824 2019-02-18 20:32 /myfile13
-rw-r--r--   3 root supergroup 1073741824 2019-02-18 20:32 /myfile14
-rw-r--r--   3 root supergroup 1073741824 2019-02-18 20:32 /myfile15
-rw-r--r--   3 root supergroup 1073741824 2019-02-18 20:32 /myfile16
-rw-r--r--   3 root supergroup 1073741824 2019-02-18 20:32 /myfile17
-rw-r--r--   3 root supergroup 1073741824 2019-02-18 20:32 /myfile18
-rw-r--r--   3 root supergroup 1073741824 2019-02-18 20:32 /myfile19
-rw-r--r--   3 root supergroup 1073741824 2019-02-18 20:32 /myfile2
-rw-r--r--   3 root supergroup 1073741824 2019-02-18 20:32 /myfile20
-rw-r--r--   3 root supergroup 1073741824 2019-02-18 20:32 /myfile3
-rw-r--r--   3 root supergroup 1073741824 2019-02-18 20:32 /myfile4
-rw-r--r--   3 root supergroup 1073741824 2019-02-18 20:32 /myfile5
-rw-r--r--   3 root supergroup 1073741824 2019-02-18 20:32 /myfile6
-rw-r--r--   3 root supergroup 1073741824 2019-02-18 20:32 /myfile7
-rw-r--r--   3 root supergroup 1073741824 2019-02-18 20:32 /myfile8
-rw-r--r--   3 root supergroup 1073741824 2019-02-18 20:32 /myfile9
file 10 has been put into HDFS
file 10 has been read from HDFS for 1 time
diff succeed!
file 10 has been read from HDFS for 2 time
diff succeed!
file 10 has been read from HDFS for 3 time
diff succeed!
file 10 has been read from HDFS for 4 time
diff succeed!
file 10 has been read from HDFS for 5 time
diff succeed!
file 10 has been read from HDFS for 6 time
diff succeed!
file 10 has been read from HDFS for 7 time
diff succeed!
file 10 has been read from HDFS for 8 time
diff succeed!
file 10 has been read from HDFS for 9 time
diff succeed!
file 10 has been read from HDFS for 10 time
diff succeed!
Deleted /myfile10
file 10 has been removed from HDFS
Found 15 items
-rw-r--r--   3 root supergroup 1073741824 2019-02-18 20:36 /myfile10
-rw-r--r--   3 root supergroup  402653184 2019-02-18 20:36 /myfile12._COPYING_
-rw-r--r--   3 root supergroup  939524096 2019-02-18 20:36 /myfile13._COPYING_
-rw-r--r--   3 root supergroup 1073741824 2019-02-18 20:36 /myfile14
-rw-r--r--   3 root supergroup  402653184 2019-02-18 20:36 /myfile17._COPYING_
-rw-r--r--   3 root supergroup  536870912 2019-02-18 20:36 /myfile19._COPYING_
-rw-r--r--   3 root supergroup          0 2019-02-18 20:36 /myfile2._COPYING_
-rw-r--r--   3 root supergroup 1073741824 2019-02-18 20:36 /myfile20
-rw-r--r--   3 root supergroup  671088640 2019-02-18 20:36 /myfile3._COPYING_
-rw-r--r--   3 root supergroup  805306368 2019-02-18 20:36 /myfile4._COPYING_
-rw-r--r--   3 root supergroup 1073741824 2019-02-18 20:36 /myfile5
-rw-r--r--   3 root supergroup 1073741824 2019-02-18 20:36 /myfile6
-rw-r--r--   3 root supergroup  402653184 2019-02-18 20:36 /myfile7._COPYING_
-rw-r--r--   3 root supergroup          0 2019-02-18 20:36 /myfile8._COPYING_
-rw-r--r--   3 root supergroup 1073741824 2019-02-18 20:36 /myfile9
file 10 has been put into HDFS
file 10 has been read from HDFS for 1 time
diff succeed!
file 10 has been read from HDFS for 2 time
diff succeed!
file 10 has been read from HDFS for 3 time
diff succeed!
file 10 has been read from HDFS for 4 time
diff succeed!
file 10 has been read from HDFS for 5 time
diff succeed!
file 10 has been read from HDFS for 6 time
diff succeed!
file 10 has been read from HDFS for 7 time
diff succeed!
file 10 has been read from HDFS for 8 time
diff succeed!
file 10 has been read from HDFS for 9 time
diff succeed!
file 10 has been read from HDFS for 10 time
diff succeed!
Deleted /myfile10
file 10 has been removed from HDFS
Found 14 items
-rw-r--r--   3 root supergroup 1073741824 2019-02-18 20:37 /myfile1
-rw-r--r--   3 root supergroup 1073741824 2019-02-18 20:40 /myfile10
-rw-r--r--   3 root supergroup 1073741824 2019-02-18 20:37 /myfile11
-rw-r--r--   3 root supergroup 1073741824 2019-02-18 20:36 /myfile12
-rw-r--r--   3 root supergroup  402653184 2019-02-18 20:40 /myfile14._COPYING_
-rw-r--r--   3 root supergroup 1073741824 2019-02-18 20:36 /myfile15
-rw-r--r--   3 root supergroup 1073741824 2019-02-18 20:36 /myfile16
-rw-r--r--   3 root supergroup 1073741824 2019-02-18 20:36 /myfile18
-rw-r--r--   3 root supergroup 1073741824 2019-02-18 20:36 /myfile2
-rw-r--r--   3 root supergroup 1073741824 2019-02-18 20:40 /myfile20
-rw-r--r--   3 root supergroup 1073741824 2019-02-18 20:40 /myfile5
-rw-r--r--   3 root supergroup 1073741824 2019-02-18 20:39 /myfile6
-rw-r--r--   3 root supergroup 1073741824 2019-02-18 20:36 /myfile8
-rw-r--r--   3 root supergroup 1073741824 2019-02-18 20:40 /myfile9
file 10 has been put into HDFS
file 10 has been read from HDFS for 1 time
diff succeed!
file 10 has been read from HDFS for 2 time
diff succeed!
file 10 has been read from HDFS for 3 time
diff succeed!
file 10 has been read from HDFS for 4 time
diff succeed!
file 10 has been read from HDFS for 5 time
diff succeed!
file 10 has been read from HDFS for 6 time
diff succeed!
file 10 has been read from HDFS for 7 time
diff succeed!
file 10 has been read from HDFS for 8 time
diff succeed!
file 10 has been read from HDFS for 9 time
diff succeed!
file 10 has been read from HDFS for 10 time
diff succeed!
Deleted /myfile10
file 10 has been removed from HDFS
Found 16 items
-rw-r--r--   3 root supergroup 1073741824 2019-02-18 20:41 /myfile1
-rw-r--r--   3 root supergroup 1073741824 2019-02-18 20:44 /myfile10
-rw-r--r--   3 root supergroup 1073741824 2019-02-18 20:41 /myfile11
-rw-r--r--   3 root supergroup 1073741824 2019-02-18 20:41 /myfile12
-rw-r--r--   3 root supergroup  939524096 2019-02-18 20:44 /myfile14._COPYING_
-rw-r--r--   3 root supergroup 1073741824 2019-02-18 20:41 /myfile15
-rw-r--r--   3 root supergroup 1073741824 2019-02-18 20:41 /myfile16
-rw-r--r--   3 root supergroup 1073741824 2019-02-18 20:41 /myfile18
-rw-r--r--   3 root supergroup 1073741824 2019-02-18 20:41 /myfile2
-rw-r--r--   3 root supergroup 1073741824 2019-02-18 20:43 /myfile20
-rw-r--r--   3 root supergroup 1073741824 2019-02-18 20:40 /myfile4
-rw-r--r--   3 root supergroup 1073741824 2019-02-18 20:44 /myfile5
-rw-r--r--   3 root supergroup 1073741824 2019-02-18 20:43 /myfile6
-rw-r--r--   3 root supergroup 1073741824 2019-02-18 20:40 /myfile7
-rw-r--r--   3 root supergroup 1073741824 2019-02-18 20:41 /myfile8
-rw-r--r--   3 root supergroup 1073741824 2019-02-18 20:43 /myfile9
file 10 has been put into HDFS
file 10 has been read from HDFS for 1 time
diff succeed!
file 10 has been read from HDFS for 2 time
diff succeed!
file 10 has been read from HDFS for 3 time
diff succeed!
file 10 has been read from HDFS for 4 time
diff succeed!
file 10 has been read from HDFS for 5 time
diff succeed!
file 10 has been read from HDFS for 6 time
diff succeed!
file 10 has been read from HDFS for 7 time
diff succeed!
file 10 has been read from HDFS for 8 time
diff succeed!
file 10 has been read from HDFS for 9 time
diff succeed!
file 10 has been read from HDFS for 10 time
diff succeed!
Deleted /myfile10
file 10 has been removed from HDFS
Found 18 items
-rw-r--r--   3 root supergroup 1073741824 2019-02-18 20:45 /myfile1
-rw-r--r--   3 root supergroup 1073741824 2019-02-18 20:48 /myfile10
-rw-r--r--   3 root supergroup 1073741824 2019-02-18 20:45 /myfile11
-rw-r--r--   3 root supergroup 1073741824 2019-02-18 20:45 /myfile12
-rw-r--r--   3 root supergroup 1073741824 2019-02-18 20:44 /myfile13
-rw-r--r--   3 root supergroup 1073741824 2019-02-18 20:45 /myfile15
-rw-r--r--   3 root supergroup 1073741824 2019-02-18 20:45 /myfile16
-rw-r--r--   3 root supergroup 1073741824 2019-02-18 20:44 /myfile17
-rw-r--r--   3 root supergroup 1073741824 2019-02-18 20:45 /myfile18
-rw-r--r--   3 root supergroup 1073741824 2019-02-18 20:44 /myfile19
-rw-r--r--   3 root supergroup 1073741824 2019-02-18 20:45 /myfile2
-rw-r--r--   3 root supergroup 1073741824 2019-02-18 20:47 /myfile20
-rw-r--r--   3 root supergroup 1073741824 2019-02-18 20:45 /myfile3
-rw-r--r--   3 root supergroup 1073741824 2019-02-18 20:45 /myfile4
-rw-r--r--   3 root supergroup 1073741824 2019-02-18 20:47 /myfile6
-rw-r--r--   3 root supergroup 1073741824 2019-02-18 20:45 /myfile7
-rw-r--r--   3 root supergroup 1073741824 2019-02-18 20:45 /myfile8
-rw-r--r--   3 root supergroup 1073741824 2019-02-18 20:47 /myfile9
file 10 has been put into HDFS
file 10 has been read from HDFS for 1 time
diff succeed!
file 10 has been read from HDFS for 2 time
diff succeed!
file 10 has been read from HDFS for 3 time
diff succeed!
file 10 has been read from HDFS for 4 time
diff succeed!
file 10 has been read from HDFS for 5 time
diff succeed!
file 10 has been read from HDFS for 6 time
diff succeed!
file 10 has been read from HDFS for 7 time
diff succeed!
file 10 has been read from HDFS for 8 time
diff succeed!
file 10 has been read from HDFS for 9 time
diff succeed!
file 10 has been read from HDFS for 10 time
diff succeed!
Deleted /myfile10
file 10 has been removed from HDFS
Found 19 items
-rw-r--r--   3 root supergroup 1073741824 2019-02-18 20:49 /myfile1
-rw-r--r--   3 root supergroup 1073741824 2019-02-18 20:51 /myfile10
-rw-r--r--   3 root supergroup 1073741824 2019-02-18 20:49 /myfile11
-rw-r--r--   3 root supergroup 1073741824 2019-02-18 20:49 /myfile12
-rw-r--r--   3 root supergroup 1073741824 2019-02-18 20:49 /myfile13
-rw-r--r--   3 root supergroup 1073741824 2019-02-18 20:48 /myfile14
-rw-r--r--   3 root supergroup 1073741824 2019-02-18 20:49 /myfile15
-rw-r--r--   3 root supergroup 1073741824 2019-02-18 20:49 /myfile16
-rw-r--r--   3 root supergroup 1073741824 2019-02-18 20:49 /myfile17
-rw-r--r--   3 root supergroup 1073741824 2019-02-18 20:49 /myfile18
-rw-r--r--   3 root supergroup 1073741824 2019-02-18 20:49 /myfile19
-rw-r--r--   3 root supergroup 1073741824 2019-02-18 20:49 /myfile2
-rw-r--r--   3 root supergroup 1073741824 2019-02-18 20:51 /myfile20
-rw-r--r--   3 root supergroup 1073741824 2019-02-18 20:49 /myfile3
-rw-r--r--   3 root supergroup 1073741824 2019-02-18 20:49 /myfile4
-rw-r--r--   3 root supergroup 1073741824 2019-02-18 20:51 /myfile6
-rw-r--r--   3 root supergroup 1073741824 2019-02-18 20:49 /myfile7
-rw-r--r--   3 root supergroup 1073741824 2019-02-18 20:49 /myfile8
-rw-r--r--   3 root supergroup 1073741824 2019-02-18 20:51 /myfile9
file 10 has been put into HDFS
file 10 has been read from HDFS for 1 time
diff succeed!
file 10 has been read from HDFS for 2 time
diff succeed!
file 10 has been read from HDFS for 3 time
diff succeed!
file 10 has been read from HDFS for 4 time
diff succeed!
file 10 has been read from HDFS for 5 time
diff succeed!
file 10 has been read from HDFS for 6 time
diff succeed!
file 10 has been read from HDFS for 7 time
diff succeed!
file 10 has been read from HDFS for 8 time
diff succeed!
file 10 has been read from HDFS for 9 time
diff succeed!
file 10 has been read from HDFS for 10 time
diff succeed!
Deleted /myfile10
file 10 has been removed from HDFS
Found 20 items
-rw-r--r--   3 root supergroup 1073741824 2019-02-18 20:53 /myfile1
-rw-r--r--   3 root supergroup 1073741824 2019-02-18 20:55 /myfile10
-rw-r--r--   3 root supergroup 1073741824 2019-02-18 20:54 /myfile11
-rw-r--r--   3 root supergroup 1073741824 2019-02-18 20:53 /myfile12
-rw-r--r--   3 root supergroup 1073741824 2019-02-18 20:52 /myfile13
-rw-r--r--   3 root supergroup 1073741824 2019-02-18 20:52 /myfile14
-rw-r--r--   3 root supergroup 1073741824 2019-02-18 20:53 /myfile15
-rw-r--r--   3 root supergroup 1073741824 2019-02-18 20:52 /myfile16
-rw-r--r--   3 root supergroup 1073741824 2019-02-18 20:53 /myfile17
-rw-r--r--   3 root supergroup 1073741824 2019-02-18 20:53 /myfile18
-rw-r--r--   3 root supergroup 1073741824 2019-02-18 20:52 /myfile19
-rw-r--r--   3 root supergroup 1073741824 2019-02-18 20:53 /myfile2
-rw-r--r--   3 root supergroup 1073741824 2019-02-18 20:55 /myfile20
-rw-r--r--   3 root supergroup 1073741824 2019-02-18 20:52 /myfile3
-rw-r--r--   3 root supergroup 1073741824 2019-02-18 20:53 /myfile4
-rw-r--r--   3 root supergroup 1073741824 2019-02-18 20:52 /myfile5
-rw-r--r--   3 root supergroup 1073741824 2019-02-18 20:55 /myfile6
-rw-r--r--   3 root supergroup 1073741824 2019-02-18 20:53 /myfile7
-rw-r--r--   3 root supergroup 1073741824 2019-02-18 20:55 /myfile8
-rw-r--r--   3 root supergroup 1073741824 2019-02-18 20:55 /myfile9
file 10 has been put into HDFS
file 10 has been read from HDFS for 1 time
diff succeed!
file 10 has been read from HDFS for 2 time
diff succeed!
file 10 has been read from HDFS for 3 time
diff succeed!
file 10 has been read from HDFS for 4 time
diff succeed!
file 10 has been read from HDFS for 5 time
diff succeed!
file 10 has been read from HDFS for 6 time
diff succeed!
file 10 has been read from HDFS for 7 time
diff succeed!
file 10 has been read from HDFS for 8 time
diff succeed!
file 10 has been read from HDFS for 9 time
diff succeed!
file 10 has been read from HDFS for 10 time
diff succeed!
Deleted /myfile10
file 10 has been removed from HDFS
Found 20 items
-rw-r--r--   3 root supergroup 1073741824 2019-02-18 20:57 /myfile1
-rw-r--r--   3 root supergroup 1073741824 2019-02-18 20:59 /myfile10
-rw-r--r--   3 root supergroup 1073741824 2019-02-18 20:59 /myfile11
-rw-r--r--   3 root supergroup 1073741824 2019-02-18 20:57 /myfile12
-rw-r--r--   3 root supergroup 1073741824 2019-02-18 20:56 /myfile13
-rw-r--r--   3 root supergroup 1073741824 2019-02-18 20:56 /myfile14
-rw-r--r--   3 root supergroup 1073741824 2019-02-18 20:57 /myfile15
-rw-r--r--   3 root supergroup 1073741824 2019-02-18 20:56 /myfile16
-rw-r--r--   3 root supergroup 1073741824 2019-02-18 20:57 /myfile17
-rw-r--r--   3 root supergroup 1073741824 2019-02-18 20:57 /myfile18
-rw-r--r--   3 root supergroup 1073741824 2019-02-18 20:56 /myfile19
-rw-r--r--   3 root supergroup 1073741824 2019-02-18 20:57 /myfile2
-rw-r--r--   3 root supergroup 1073741824 2019-02-18 20:59 /myfile20
-rw-r--r--   3 root supergroup 1073741824 2019-02-18 20:57 /myfile3
-rw-r--r--   3 root supergroup 1073741824 2019-02-18 20:57 /myfile4
-rw-r--r--   3 root supergroup 1073741824 2019-02-18 20:56 /myfile5
-rw-r--r--   3 root supergroup 1073741824 2019-02-18 20:59 /myfile6
-rw-r--r--   3 root supergroup 1073741824 2019-02-18 20:56 /myfile7
-rw-r--r--   3 root supergroup 1073741824 2019-02-18 20:59 /myfile8
-rw-r--r--   3 root supergroup 1073741824 2019-02-18 20:59 /myfile9
file 10 has been put into HDFS
file 10 has been read from HDFS for 1 time
diff succeed!
file 10 has been read from HDFS for 2 time
diff succeed!
file 10 has been read from HDFS for 3 time
diff succeed!
file 10 has been read from HDFS for 4 time
diff succeed!
file 10 has been read from HDFS for 5 time
diff succeed!
file 10 has been read from HDFS for 6 time
diff succeed!
file 10 has been read from HDFS for 7 time
diff succeed!
file 10 has been read from HDFS for 8 time
diff succeed!
file 10 has been read from HDFS for 9 time
diff succeed!
file 10 has been read from HDFS for 10 time
diff succeed!
Deleted /myfile10
file 10 has been removed from HDFS
Found 19 items
-rw-r--r--   3 root supergroup 1073741824 2019-02-18 21:01 /myfile1
-rw-r--r--   3 root supergroup 1073741824 2019-02-18 21:04 /myfile10
-rw-r--r--   3 root supergroup 1073741824 2019-02-18 21:03 /myfile11
-rw-r--r--   3 root supergroup 1073741824 2019-02-18 21:01 /myfile12
-rw-r--r--   3 root supergroup 1073741824 2019-02-18 21:00 /myfile13
-rw-r--r--   3 root supergroup 1073741824 2019-02-18 21:01 /myfile15
-rw-r--r--   3 root supergroup 1073741824 2019-02-18 21:01 /myfile16
-rw-r--r--   3 root supergroup 1073741824 2019-02-18 21:01 /myfile17
-rw-r--r--   3 root supergroup 1073741824 2019-02-18 21:01 /myfile18
-rw-r--r--   3 root supergroup 1073741824 2019-02-18 21:00 /myfile19
-rw-r--r--   3 root supergroup 1073741824 2019-02-18 21:02 /myfile2
-rw-r--r--   3 root supergroup 1073741824 2019-02-18 21:03 /myfile20
-rw-r--r--   3 root supergroup 1073741824 2019-02-18 21:01 /myfile3
-rw-r--r--   3 root supergroup 1073741824 2019-02-18 21:01 /myfile4
-rw-r--r--   3 root supergroup 1073741824 2019-02-18 21:00 /myfile5
-rw-r--r--   3 root supergroup 1073741824 2019-02-18 21:03 /myfile6
-rw-r--r--   3 root supergroup 1073741824 2019-02-18 21:01 /myfile7
-rw-r--r--   3 root supergroup 1073741824 2019-02-18 21:03 /myfile8
-rw-r--r--   3 root supergroup 1073741824 2019-02-18 21:03 /myfile9
file 10 has been put into HDFS
file 10 has been read from HDFS for 1 time
diff succeed!
file 10 has been read from HDFS for 2 time
diff succeed!
file 10 has been read from HDFS for 3 time
diff succeed!
file 10 has been read from HDFS for 4 time
diff succeed!
file 10 has been read from HDFS for 5 time
diff succeed!
file 10 has been read from HDFS for 6 time
diff succeed!
file 10 has been read from HDFS for 7 time
diff succeed!
file 10 has been read from HDFS for 8 time
diff succeed!
file 10 has been read from HDFS for 9 time
diff succeed!
file 10 has been read from HDFS for 10 time
diff succeed!
Deleted /myfile10
file 10 has been removed from HDFS
Found 20 items
-rw-r--r--   3 root supergroup 1073741824 2019-02-18 21:05 /myfile1
-rw-r--r--   3 root supergroup 1073741824 2019-02-18 21:08 /myfile10
-rw-r--r--   3 root supergroup 1073741824 2019-02-18 21:07 /myfile11
-rw-r--r--   3 root supergroup 1073741824 2019-02-18 21:05 /myfile12
-rw-r--r--   3 root supergroup 1073741824 2019-02-18 21:04 /myfile13
-rw-r--r--   3 root supergroup 1073741824 2019-02-18 21:04 /myfile14
-rw-r--r--   3 root supergroup 1073741824 2019-02-18 21:05 /myfile15
-rw-r--r--   3 root supergroup 1073741824 2019-02-18 21:05 /myfile16
-rw-r--r--   3 root supergroup 1073741824 2019-02-18 21:05 /myfile17
-rw-r--r--   3 root supergroup 1073741824 2019-02-18 21:05 /myfile18
-rw-r--r--   3 root supergroup 1073741824 2019-02-18 21:04 /myfile19
-rw-r--r--   3 root supergroup 1073741824 2019-02-18 21:06 /myfile2
-rw-r--r--   3 root supergroup 1073741824 2019-02-18 21:07 /myfile20
-rw-r--r--   3 root supergroup 1073741824 2019-02-18 21:05 /myfile3
-rw-r--r--   3 root supergroup 1073741824 2019-02-18 21:05 /myfile4
-rw-r--r--   3 root supergroup 1073741824 2019-02-18 21:04 /myfile5
-rw-r--r--   3 root supergroup 1073741824 2019-02-18 21:07 /myfile6
-rw-r--r--   3 root supergroup 1073741824 2019-02-18 21:05 /myfile7
-rw-r--r--   3 root supergroup 1073741824 2019-02-18 21:07 /myfile8
-rw-r--r--   3 root supergroup 1073741824 2019-02-18 21:07 /myfile9
file 10 has been put into HDFS
file 10 has been read from HDFS for 1 time
diff succeed!
file 10 has been read from HDFS for 2 time
diff succeed!
file 10 has been read from HDFS for 3 time
diff succeed!
file 10 has been read from HDFS for 4 time
diff succeed!
file 10 has been read from HDFS for 5 time
diff succeed!
file 10 has been read from HDFS for 6 time
diff succeed!
file 10 has been read from HDFS for 7 time
diff succeed!
file 10 has been read from HDFS for 8 time
diff succeed!
file 10 has been read from HDFS for 9 time
diff succeed!
file 10 has been read from HDFS for 10 time
diff succeed!
Deleted /myfile10
file 10 has been removed from HDFS
Found 20 items
-rw-r--r--   3 root supergroup 1073741824 2019-02-18 21:09 /myfile1
-rw-r--r--   3 root supergroup 1073741824 2019-02-18 21:11 /myfile10
-rw-r--r--   3 root supergroup 1073741824 2019-02-18 21:11 /myfile11
-rw-r--r--   3 root supergroup 1073741824 2019-02-18 21:09 /myfile12
-rw-r--r--   3 root supergroup 1073741824 2019-02-18 21:08 /myfile13
-rw-r--r--   3 root supergroup 1073741824 2019-02-18 21:08 /myfile14
-rw-r--r--   3 root supergroup 1073741824 2019-02-18 21:09 /myfile15
-rw-r--r--   3 root supergroup 1073741824 2019-02-18 21:09 /myfile16
-rw-r--r--   3 root supergroup 1073741824 2019-02-18 21:09 /myfile17
-rw-r--r--   3 root supergroup 1073741824 2019-02-18 21:09 /myfile18
-rw-r--r--   3 root supergroup 1073741824 2019-02-18 21:08 /myfile19
-rw-r--r--   3 root supergroup 1073741824 2019-02-18 21:10 /myfile2
-rw-r--r--   3 root supergroup 1073741824 2019-02-18 21:11 /myfile20
-rw-r--r--   3 root supergroup 1073741824 2019-02-18 21:09 /myfile3
-rw-r--r--   3 root supergroup 1073741824 2019-02-18 21:09 /myfile4
-rw-r--r--   3 root supergroup 1073741824 2019-02-18 21:08 /myfile5
-rw-r--r--   3 root supergroup 1073741824 2019-02-18 21:11 /myfile6
-rw-r--r--   3 root supergroup 1073741824 2019-02-18 21:09 /myfile7
-rw-r--r--   3 root supergroup 1073741824 2019-02-18 21:11 /myfile8
-rw-r--r--   3 root supergroup 1073741824 2019-02-18 21:11 /myfile9
file 10 has been put into HDFS
file 10 has been read from HDFS for 1 time
diff succeed!
file 10 has been read from HDFS for 2 time
diff succeed!
file 10 has been read from HDFS for 3 time
diff succeed!
file 10 has been read from HDFS for 4 time
diff succeed!
file 10 has been read from HDFS for 5 time
diff succeed!
file 10 has been read from HDFS for 6 time
diff succeed!
file 10 has been read from HDFS for 7 time
diff succeed!
file 10 has been read from HDFS for 8 time
diff succeed!
file 10 has been read from HDFS for 9 time
diff succeed!
file 10 has been read from HDFS for 10 time
diff succeed!
2019-02-18 21:15:53,259 INFO retry.RetryInvocationHandler: org.apache.hadoop.ipc.RemoteException(org.apache.hadoop.ipc.RetriableException): org.apache.hadoop.hdfs.server.namenode.SafeModeException: Cannot delete /myfile10. Name node is in safe mode.
The reported blocks 133 has reached the threshold 0.9990 of total blocks 133. The number of live datanodes 3 has reached the minimum number 0. In safe mode extension. Safe mode will be turned off automatically in 20 seconds. NamenodeHostName:node-1-link-0
	at org.apache.hadoop.hdfs.server.namenode.FSNamesystem.checkNameNodeSafeMode(FSNamesystem.java:1441)
	at org.apache.hadoop.hdfs.server.namenode.FSNamesystem.delete(FSNamesystem.java:2986)
	at org.apache.hadoop.hdfs.server.namenode.NameNodeRpcServer.delete(NameNodeRpcServer.java:1095)
	at org.apache.hadoop.hdfs.protocolPB.ClientNamenodeProtocolServerSideTranslatorPB.delete(ClientNamenodeProtocolServerSideTranslatorPB.java:692)
	at org.apache.hadoop.hdfs.protocol.proto.ClientNamenodeProtocolProtos$ClientNamenodeProtocol$2.callBlockingMethod(ClientNamenodeProtocolProtos.java)
	at org.apache.hadoop.ipc.ProtobufRpcEngine$Server$ProtoBufRpcInvoker.call(ProtobufRpcEngine.java:523)
	at org.apache.hadoop.ipc.RPC$Server.call(RPC.java:991)
	at org.apache.hadoop.ipc.Server$RpcCall.run(Server.java:872)
	at org.apache.hadoop.ipc.Server$RpcCall.run(Server.java:818)
	at java.security.AccessController.doPrivileged(Native Method)
	at javax.security.auth.Subject.doAs(Subject.java:422)
	at org.apache.hadoop.security.UserGroupInformation.doAs(UserGroupInformation.java:1729)
	at org.apache.hadoop.ipc.Server$Handler.run(Server.java:2678)
Caused by: org.apache.hadoop.hdfs.server.namenode.SafeModeException: Cannot delete /myfile10. Name node is in safe mode.
The reported blocks 133 has reached the threshold 0.9990 of total blocks 133. The number of live datanodes 3 has reached the minimum number 0. In safe mode extension. Safe mode will be turned off automatically in 20 seconds. NamenodeHostName:node-1-link-0
	at org.apache.hadoop.hdfs.server.namenode.FSNamesystem.newSafemodeException(FSNamesystem.java:1450)
	at org.apache.hadoop.hdfs.server.namenode.FSNamesystem.checkNameNodeSafeMode(FSNamesystem.java:1437)
	... 12 more
, while invoking ClientNamenodeProtocolTranslatorPB.delete over node-1-link-0/10.10.1.4:8020. Retrying immediately.
2019-02-18 21:15:53,262 INFO retry.RetryInvocationHandler: org.apache.hadoop.ipc.RemoteException(org.apache.hadoop.ipc.RetriableException): org.apache.hadoop.hdfs.server.namenode.SafeModeException: Cannot delete /myfile10. Name node is in safe mode.
The reported blocks 133 has reached the threshold 0.9990 of total blocks 133. The number of live datanodes 3 has reached the minimum number 0. In safe mode extension. Safe mode will be turned off automatically in 20 seconds. NamenodeHostName:node-1-link-0
	at org.apache.hadoop.hdfs.server.namenode.FSNamesystem.checkNameNodeSafeMode(FSNamesystem.java:1441)
	at org.apache.hadoop.hdfs.server.namenode.FSNamesystem.delete(FSNamesystem.java:2986)
	at org.apache.hadoop.hdfs.server.namenode.NameNodeRpcServer.delete(NameNodeRpcServer.java:1095)
	at org.apache.hadoop.hdfs.protocolPB.ClientNamenodeProtocolServerSideTranslatorPB.delete(ClientNamenodeProtocolServerSideTranslatorPB.java:692)
	at org.apache.hadoop.hdfs.protocol.proto.ClientNamenodeProtocolProtos$ClientNamenodeProtocol$2.callBlockingMethod(ClientNamenodeProtocolProtos.java)
	at org.apache.hadoop.ipc.ProtobufRpcEngine$Server$ProtoBufRpcInvoker.call(ProtobufRpcEngine.java:523)
	at org.apache.hadoop.ipc.RPC$Server.call(RPC.java:991)
	at org.apache.hadoop.ipc.Server$RpcCall.run(Server.java:872)
	at org.apache.hadoop.ipc.Server$RpcCall.run(Server.java:818)
	at java.security.AccessController.doPrivileged(Native Method)
	at javax.security.auth.Subject.doAs(Subject.java:422)
	at org.apache.hadoop.security.UserGroupInformation.doAs(UserGroupInformation.java:1729)
	at org.apache.hadoop.ipc.Server$Handler.run(Server.java:2678)
Caused by: org.apache.hadoop.hdfs.server.namenode.SafeModeException: Cannot delete /myfile10. Name node is in safe mode.
The reported blocks 133 has reached the threshold 0.9990 of total blocks 133. The number of live datanodes 3 has reached the minimum number 0. In safe mode extension. Safe mode will be turned off automatically in 20 seconds. NamenodeHostName:node-1-link-0
	at org.apache.hadoop.hdfs.server.namenode.FSNamesystem.newSafemodeException(FSNamesystem.java:1450)
	at org.apache.hadoop.hdfs.server.namenode.FSNamesystem.checkNameNodeSafeMode(FSNamesystem.java:1437)
	... 12 more
, while invoking ClientNamenodeProtocolTranslatorPB.delete over node-1-link-0/10.10.1.4:8020. Retrying after sleeping for 592ms.
2019-02-18 21:15:53,857 INFO retry.RetryInvocationHandler: org.apache.hadoop.ipc.RemoteException(org.apache.hadoop.ipc.RetriableException): org.apache.hadoop.hdfs.server.namenode.SafeModeException: Cannot delete /myfile10. Name node is in safe mode.
The reported blocks 133 has reached the threshold 0.9990 of total blocks 133. The number of live datanodes 3 has reached the minimum number 0. In safe mode extension. Safe mode will be turned off automatically in 19 seconds. NamenodeHostName:node-1-link-0
	at org.apache.hadoop.hdfs.server.namenode.FSNamesystem.checkNameNodeSafeMode(FSNamesystem.java:1441)
	at org.apache.hadoop.hdfs.server.namenode.FSNamesystem.delete(FSNamesystem.java:2986)
	at org.apache.hadoop.hdfs.server.namenode.NameNodeRpcServer.delete(NameNodeRpcServer.java:1095)
	at org.apache.hadoop.hdfs.protocolPB.ClientNamenodeProtocolServerSideTranslatorPB.delete(ClientNamenodeProtocolServerSideTranslatorPB.java:692)
	at org.apache.hadoop.hdfs.protocol.proto.ClientNamenodeProtocolProtos$ClientNamenodeProtocol$2.callBlockingMethod(ClientNamenodeProtocolProtos.java)
	at org.apache.hadoop.ipc.ProtobufRpcEngine$Server$ProtoBufRpcInvoker.call(ProtobufRpcEngine.java:523)
	at org.apache.hadoop.ipc.RPC$Server.call(RPC.java:991)
	at org.apache.hadoop.ipc.Server$RpcCall.run(Server.java:872)
	at org.apache.hadoop.ipc.Server$RpcCall.run(Server.java:818)
	at java.security.AccessController.doPrivileged(Native Method)
	at javax.security.auth.Subject.doAs(Subject.java:422)
	at org.apache.hadoop.security.UserGroupInformation.doAs(UserGroupInformation.java:1729)
	at org.apache.hadoop.ipc.Server$Handler.run(Server.java:2678)
Caused by: org.apache.hadoop.hdfs.server.namenode.SafeModeException: Cannot delete /myfile10. Name node is in safe mode.
The reported blocks 133 has reached the threshold 0.9990 of total blocks 133. The number of live datanodes 3 has reached the minimum number 0. In safe mode extension. Safe mode will be turned off automatically in 19 seconds. NamenodeHostName:node-1-link-0
	at org.apache.hadoop.hdfs.server.namenode.FSNamesystem.newSafemodeException(FSNamesystem.java:1450)
	at org.apache.hadoop.hdfs.server.namenode.FSNamesystem.checkNameNodeSafeMode(FSNamesystem.java:1437)
	... 12 more
, while invoking ClientNamenodeProtocolTranslatorPB.delete over node-1-link-0/10.10.1.4:8020. Retrying after sleeping for 1131ms.
2019-02-18 21:15:54,990 INFO retry.RetryInvocationHandler: org.apache.hadoop.ipc.RemoteException(org.apache.hadoop.ipc.RetriableException): org.apache.hadoop.hdfs.server.namenode.SafeModeException: Cannot delete /myfile10. Name node is in safe mode.
The reported blocks 133 has reached the threshold 0.9990 of total blocks 133. The number of live datanodes 3 has reached the minimum number 0. In safe mode extension. Safe mode will be turned off automatically in 18 seconds. NamenodeHostName:node-1-link-0
	at org.apache.hadoop.hdfs.server.namenode.FSNamesystem.checkNameNodeSafeMode(FSNamesystem.java:1441)
	at org.apache.hadoop.hdfs.server.namenode.FSNamesystem.delete(FSNamesystem.java:2986)
	at org.apache.hadoop.hdfs.server.namenode.NameNodeRpcServer.delete(NameNodeRpcServer.java:1095)
	at org.apache.hadoop.hdfs.protocolPB.ClientNamenodeProtocolServerSideTranslatorPB.delete(ClientNamenodeProtocolServerSideTranslatorPB.java:692)
	at org.apache.hadoop.hdfs.protocol.proto.ClientNamenodeProtocolProtos$ClientNamenodeProtocol$2.callBlockingMethod(ClientNamenodeProtocolProtos.java)
	at org.apache.hadoop.ipc.ProtobufRpcEngine$Server$ProtoBufRpcInvoker.call(ProtobufRpcEngine.java:523)
	at org.apache.hadoop.ipc.RPC$Server.call(RPC.java:991)
	at org.apache.hadoop.ipc.Server$RpcCall.run(Server.java:872)
	at org.apache.hadoop.ipc.Server$RpcCall.run(Server.java:818)
	at java.security.AccessController.doPrivileged(Native Method)
	at javax.security.auth.Subject.doAs(Subject.java:422)
	at org.apache.hadoop.security.UserGroupInformation.doAs(UserGroupInformation.java:1729)
	at org.apache.hadoop.ipc.Server$Handler.run(Server.java:2678)
Caused by: org.apache.hadoop.hdfs.server.namenode.SafeModeException: Cannot delete /myfile10. Name node is in safe mode.
The reported blocks 133 has reached the threshold 0.9990 of total blocks 133. The number of live datanodes 3 has reached the minimum number 0. In safe mode extension. Safe mode will be turned off automatically in 18 seconds. NamenodeHostName:node-1-link-0
	at org.apache.hadoop.hdfs.server.namenode.FSNamesystem.newSafemodeException(FSNamesystem.java:1450)
	at org.apache.hadoop.hdfs.server.namenode.FSNamesystem.checkNameNodeSafeMode(FSNamesystem.java:1437)
	... 12 more
, while invoking ClientNamenodeProtocolTranslatorPB.delete over node-1-link-0/10.10.1.4:8020. Retrying after sleeping for 2055ms.
2019-02-18 21:15:57,049 INFO retry.RetryInvocationHandler: org.apache.hadoop.ipc.RemoteException(org.apache.hadoop.ipc.RetriableException): org.apache.hadoop.hdfs.server.namenode.SafeModeException: Cannot delete /myfile10. Name node is in safe mode.
The reported blocks 133 has reached the threshold 0.9990 of total blocks 133. The number of live datanodes 3 has reached the minimum number 0. In safe mode extension. Safe mode will be turned off automatically in 16 seconds. NamenodeHostName:node-1-link-0
	at org.apache.hadoop.hdfs.server.namenode.FSNamesystem.checkNameNodeSafeMode(FSNamesystem.java:1441)
	at org.apache.hadoop.hdfs.server.namenode.FSNamesystem.delete(FSNamesystem.java:2986)
	at org.apache.hadoop.hdfs.server.namenode.NameNodeRpcServer.delete(NameNodeRpcServer.java:1095)
	at org.apache.hadoop.hdfs.protocolPB.ClientNamenodeProtocolServerSideTranslatorPB.delete(ClientNamenodeProtocolServerSideTranslatorPB.java:692)
	at org.apache.hadoop.hdfs.protocol.proto.ClientNamenodeProtocolProtos$ClientNamenodeProtocol$2.callBlockingMethod(ClientNamenodeProtocolProtos.java)
	at org.apache.hadoop.ipc.ProtobufRpcEngine$Server$ProtoBufRpcInvoker.call(ProtobufRpcEngine.java:523)
	at org.apache.hadoop.ipc.RPC$Server.call(RPC.java:991)
	at org.apache.hadoop.ipc.Server$RpcCall.run(Server.java:872)
	at org.apache.hadoop.ipc.Server$RpcCall.run(Server.java:818)
	at java.security.AccessController.doPrivileged(Native Method)
	at javax.security.auth.Subject.doAs(Subject.java:422)
	at org.apache.hadoop.security.UserGroupInformation.doAs(UserGroupInformation.java:1729)
	at org.apache.hadoop.ipc.Server$Handler.run(Server.java:2678)
Caused by: org.apache.hadoop.hdfs.server.namenode.SafeModeException: Cannot delete /myfile10. Name node is in safe mode.
The reported blocks 133 has reached the threshold 0.9990 of total blocks 133. The number of live datanodes 3 has reached the minimum number 0. In safe mode extension. Safe mode will be turned off automatically in 16 seconds. NamenodeHostName:node-1-link-0
	at org.apache.hadoop.hdfs.server.namenode.FSNamesystem.newSafemodeException(FSNamesystem.java:1450)
	at org.apache.hadoop.hdfs.server.namenode.FSNamesystem.checkNameNodeSafeMode(FSNamesystem.java:1437)
	... 12 more
, while invoking ClientNamenodeProtocolTranslatorPB.delete over node-1-link-0/10.10.1.4:8020. Retrying after sleeping for 6890ms.
2019-02-18 21:16:03,943 INFO retry.RetryInvocationHandler: org.apache.hadoop.ipc.RemoteException(org.apache.hadoop.ipc.RetriableException): org.apache.hadoop.hdfs.server.namenode.SafeModeException: Cannot delete /myfile10. Name node is in safe mode.
The reported blocks 133 has reached the threshold 0.9990 of total blocks 133. The number of live datanodes 3 has reached the minimum number 0. In safe mode extension. Safe mode will be turned off automatically in 9 seconds. NamenodeHostName:node-1-link-0
	at org.apache.hadoop.hdfs.server.namenode.FSNamesystem.checkNameNodeSafeMode(FSNamesystem.java:1441)
	at org.apache.hadoop.hdfs.server.namenode.FSNamesystem.delete(FSNamesystem.java:2986)
	at org.apache.hadoop.hdfs.server.namenode.NameNodeRpcServer.delete(NameNodeRpcServer.java:1095)
	at org.apache.hadoop.hdfs.protocolPB.ClientNamenodeProtocolServerSideTranslatorPB.delete(ClientNamenodeProtocolServerSideTranslatorPB.java:692)
	at org.apache.hadoop.hdfs.protocol.proto.ClientNamenodeProtocolProtos$ClientNamenodeProtocol$2.callBlockingMethod(ClientNamenodeProtocolProtos.java)
	at org.apache.hadoop.ipc.ProtobufRpcEngine$Server$ProtoBufRpcInvoker.call(ProtobufRpcEngine.java:523)
	at org.apache.hadoop.ipc.RPC$Server.call(RPC.java:991)
	at org.apache.hadoop.ipc.Server$RpcCall.run(Server.java:872)
	at org.apache.hadoop.ipc.Server$RpcCall.run(Server.java:818)
	at java.security.AccessController.doPrivileged(Native Method)
	at javax.security.auth.Subject.doAs(Subject.java:422)
	at org.apache.hadoop.security.UserGroupInformation.doAs(UserGroupInformation.java:1729)
	at org.apache.hadoop.ipc.Server$Handler.run(Server.java:2678)
Caused by: org.apache.hadoop.hdfs.server.namenode.SafeModeException: Cannot delete /myfile10. Name node is in safe mode.
The reported blocks 133 has reached the threshold 0.9990 of total blocks 133. The number of live datanodes 3 has reached the minimum number 0. In safe mode extension. Safe mode will be turned off automatically in 9 seconds. NamenodeHostName:node-1-link-0
	at org.apache.hadoop.hdfs.server.namenode.FSNamesystem.newSafemodeException(FSNamesystem.java:1450)
	at org.apache.hadoop.hdfs.server.namenode.FSNamesystem.checkNameNodeSafeMode(FSNamesystem.java:1437)
	... 12 more
, while invoking ClientNamenodeProtocolTranslatorPB.delete over node-1-link-0/10.10.1.4:8020. Retrying after sleeping for 9917ms.
Deleted /myfile10
file 10 has been removed from HDFS
Found 17 items
-rw-r--r--   3 root supergroup 1073741824 2019-02-18 21:13 /myfile1
-rw-r--r--   3 root supergroup 1073741824 2019-02-18 21:16 /myfile10
-rw-r--r--   3 root supergroup 1073741824 2019-02-18 21:16 /myfile11
-rw-r--r--   3 root supergroup 1073741824 2019-02-18 21:13 /myfile12
-rw-r--r--   3 root supergroup 1073741824 2019-02-18 21:13 /myfile15
-rw-r--r--   3 root supergroup 1073741824 2019-02-18 21:13 /myfile16
-rw-r--r--   3 root supergroup 1073741824 2019-02-18 21:13 /myfile17
-rw-r--r--   3 root supergroup 1073741824 2019-02-18 21:13 /myfile18
-rw-r--r--   3 root supergroup  671088640 2019-02-18 21:16 /myfile19._COPYING_
-rw-r--r--   3 root supergroup 1073741824 2019-02-18 21:16 /myfile2
-rw-r--r--   3 root supergroup 1073741824 2019-02-18 21:16 /myfile20
-rw-r--r--   3 root supergroup 1073741824 2019-02-18 21:14 /myfile3
-rw-r--r--   3 root supergroup 1073741824 2019-02-18 21:14 /myfile4
-rw-r--r--   3 root supergroup 1073741824 2019-02-18 21:16 /myfile6
-rw-r--r--   3 root supergroup 1073741824 2019-02-18 21:13 /myfile7
-rw-r--r--   3 root supergroup 1073741824 2019-02-18 21:16 /myfile8
-rw-r--r--   3 root supergroup 1073741824 2019-02-18 21:16 /myfile9
file 10 has been put into HDFS
file 10 has been read from HDFS for 1 time
diff succeed!
file 10 has been read from HDFS for 2 time
diff succeed!
file 10 has been read from HDFS for 3 time
diff succeed!
file 10 has been read from HDFS for 4 time
diff succeed!
file 10 has been read from HDFS for 5 time
diff succeed!
file 10 has been read from HDFS for 6 time
diff succeed!
file 10 has been read from HDFS for 7 time
diff succeed!
file 10 has been read from HDFS for 8 time
diff succeed!
file 10 has been read from HDFS for 9 time
diff succeed!
file 10 has been read from HDFS for 10 time
diff succeed!
Deleted /myfile10
file 10 has been removed from HDFS
Found 17 items
-rw-r--r--   3 root supergroup 1073741824 2019-02-18 21:18 /myfile1
-rw-r--r--   3 root supergroup 1073741824 2019-02-18 21:20 /myfile10
-rw-r--r--   3 root supergroup 1073741824 2019-02-18 21:18 /myfile12
-rw-r--r--   3 root supergroup 1073741824 2019-02-18 21:20 /myfile14
-rw-r--r--   3 root supergroup 1073741824 2019-02-18 21:18 /myfile15
-rw-r--r--   3 root supergroup 1073741824 2019-02-18 21:17 /myfile16
-rw-r--r--   3 root supergroup 1073741824 2019-02-18 21:18 /myfile17
-rw-r--r--   3 root supergroup 1073741824 2019-02-18 21:18 /myfile18
-rw-r--r--   3 root supergroup  268435456 2019-02-18 21:20 /myfile19._COPYING_
-rw-r--r--   3 root supergroup 1073741824 2019-02-18 21:19 /myfile2
-rw-r--r--   3 root supergroup 1073741824 2019-02-18 21:19 /myfile20
-rw-r--r--   3 root supergroup 1073741824 2019-02-18 21:18 /myfile3
-rw-r--r--   3 root supergroup 1073741824 2019-02-18 21:18 /myfile4
-rw-r--r--   3 root supergroup 1073741824 2019-02-18 21:19 /myfile6
-rw-r--r--   3 root supergroup 1073741824 2019-02-18 21:18 /myfile7
-rw-r--r--   3 root supergroup 1073741824 2019-02-18 21:19 /myfile8
-rw-r--r--   3 root supergroup 1073741824 2019-02-18 21:20 /myfile9
file 10 has been put into HDFS
file 10 has been read from HDFS for 1 time
diff succeed!
file 10 has been read from HDFS for 2 time
diff succeed!
file 10 has been read from HDFS for 3 time
diff succeed!
file 10 has been read from HDFS for 4 time
diff succeed!
file 10 has been read from HDFS for 5 time
diff succeed!
file 10 has been read from HDFS for 6 time
diff succeed!
file 10 has been read from HDFS for 7 time
diff succeed!
file 10 has been read from HDFS for 8 time
diff succeed!
file 10 has been read from HDFS for 9 time
diff succeed!
file 10 has been read from HDFS for 10 time
diff succeed!
Deleted /myfile10
file 10 has been removed from HDFS
Found 19 items
-rw-r--r--   3 root supergroup 1073741824 2019-02-18 21:22 /myfile1
-rw-r--r--   3 root supergroup 1073741824 2019-02-18 21:24 /myfile10
-rw-r--r--   3 root supergroup          0 2019-02-18 21:24 /myfile11._COPYING_
-rw-r--r--   3 root supergroup 1073741824 2019-02-18 21:22 /myfile12
-rw-r--r--   3 root supergroup 1073741824 2019-02-18 21:24 /myfile13
-rw-r--r--   3 root supergroup 1073741824 2019-02-18 21:21 /myfile15
-rw-r--r--   3 root supergroup 1073741824 2019-02-18 21:22 /myfile16
-rw-r--r--   3 root supergroup 1073741824 2019-02-18 21:22 /myfile17
-rw-r--r--   3 root supergroup 1073741824 2019-02-18 21:22 /myfile18
-rw-r--r--   3 root supergroup 1073741824 2019-02-18 21:24 /myfile19
-rw-r--r--   3 root supergroup 1073741824 2019-02-18 21:23 /myfile2
-rw-r--r--   3 root supergroup 1073741824 2019-02-18 21:23 /myfile20
-rw-r--r--   3 root supergroup 1073741824 2019-02-18 21:22 /myfile3
-rw-r--r--   3 root supergroup 1073741824 2019-02-18 21:22 /myfile4
-rw-r--r--   3 root supergroup 1073741824 2019-02-18 21:24 /myfile5
-rw-r--r--   3 root supergroup 1073741824 2019-02-18 21:23 /myfile6
-rw-r--r--   3 root supergroup 1073741824 2019-02-18 21:22 /myfile7
-rw-r--r--   3 root supergroup 1073741824 2019-02-18 21:23 /myfile8
-rw-r--r--   3 root supergroup 1073741824 2019-02-18 21:23 /myfile9
file 10 has been put into HDFS
file 10 has been read from HDFS for 1 time
diff succeed!
file 10 has been read from HDFS for 2 time
diff succeed!
file 10 has been read from HDFS for 3 time
diff succeed!
file 10 has been read from HDFS for 4 time
diff succeed!
file 10 has been read from HDFS for 5 time
diff succeed!
file 10 has been read from HDFS for 6 time
diff succeed!
file 10 has been read from HDFS for 7 time
diff succeed!
file 10 has been read from HDFS for 8 time
diff succeed!
file 10 has been read from HDFS for 9 time
diff succeed!
file 10 has been read from HDFS for 10 time
diff succeed!
Deleted /myfile10
file 10 has been removed from HDFS
Found 19 items
-rw-r--r--   3 root supergroup 1073741824 2019-02-18 21:26 /myfile1
-rw-r--r--   3 root supergroup 1073741824 2019-02-18 21:28 /myfile10
-rw-r--r--   3 root supergroup 1073741824 2019-02-18 21:26 /myfile12
-rw-r--r--   3 root supergroup 1073741824 2019-02-18 21:28 /myfile13
-rw-r--r--   3 root supergroup  134217728 2019-02-18 21:28 /myfile14._COPYING_
-rw-r--r--   3 root supergroup 1073741824 2019-02-18 21:26 /myfile15
-rw-r--r--   3 root supergroup 1073741824 2019-02-18 21:26 /myfile16
-rw-r--r--   3 root supergroup 1073741824 2019-02-18 21:26 /myfile17
-rw-r--r--   3 root supergroup 1073741824 2019-02-18 21:26 /myfile18
-rw-r--r--   3 root supergroup 1073741824 2019-02-18 21:28 /myfile19
-rw-r--r--   3 root supergroup 1073741824 2019-02-18 21:28 /myfile2
-rw-r--r--   3 root supergroup 1073741824 2019-02-18 21:28 /myfile20
-rw-r--r--   3 root supergroup 1073741824 2019-02-18 21:26 /myfile3
-rw-r--r--   3 root supergroup 1073741824 2019-02-18 21:26 /myfile4
-rw-r--r--   3 root supergroup 1073741824 2019-02-18 21:28 /myfile5
-rw-r--r--   3 root supergroup 1073741824 2019-02-18 21:28 /myfile6
-rw-r--r--   3 root supergroup 1073741824 2019-02-18 21:26 /myfile7
-rw-r--r--   3 root supergroup 1073741824 2019-02-18 21:28 /myfile8
-rw-r--r--   3 root supergroup 1073741824 2019-02-18 21:28 /myfile9
file 10 has been put into HDFS
file 10 has been read from HDFS for 1 time
diff succeed!
file 10 has been read from HDFS for 2 time
diff succeed!
file 10 has been read from HDFS for 3 time
diff succeed!
file 10 has been read from HDFS for 4 time
diff succeed!
file 10 has been read from HDFS for 5 time
diff succeed!
file 10 has been read from HDFS for 6 time
diff succeed!
file 10 has been read from HDFS for 7 time
diff succeed!
file 10 has been read from HDFS for 8 time
diff succeed!
file 10 has been read from HDFS for 9 time
diff succeed!
file 10 has been read from HDFS for 10 time
diff succeed!
Deleted /myfile10
file 10 has been removed from HDFS
Found 16 items
-rw-r--r--   3 root supergroup 1073741824 2019-02-18 21:31 /myfile1
-rw-r--r--   3 root supergroup 1073741824 2019-02-18 21:32 /myfile10
-rw-r--r--   3 root supergroup 1073741824 2019-02-18 21:30 /myfile12
-rw-r--r--   3 root supergroup 1073741824 2019-02-18 21:31 /myfile13
-rw-r--r--   3 root supergroup 1073741824 2019-02-18 21:31 /myfile15
-rw-r--r--   3 root supergroup 1073741824 2019-02-18 21:31 /myfile16
-rw-r--r--   3 root supergroup 1073741824 2019-02-18 21:30 /myfile18
-rw-r--r--   3 root supergroup 1073741824 2019-02-18 21:31 /myfile19
-rw-r--r--   3 root supergroup 1073741824 2019-02-18 21:31 /myfile2
-rw-r--r--   3 root supergroup 1073741824 2019-02-18 21:32 /myfile20
-rw-r--r--   3 root supergroup 1073741824 2019-02-18 21:30 /myfile3
-rw-r--r--   3 root supergroup          0 2019-02-18 21:32 /myfile5._COPYING_
-rw-r--r--   3 root supergroup 1073741824 2019-02-18 21:28 /myfile6
-rw-r--r--   3 root supergroup 1073741824 2019-02-18 21:30 /myfile7
-rw-r--r--   3 root supergroup 1073741824 2019-02-18 21:32 /myfile8
-rw-r--r--   3 root supergroup 1073741824 2019-02-18 21:31 /myfile9
file 10 has been put into HDFS
file 10 has been read from HDFS for 1 time
diff succeed!
file 10 has been read from HDFS for 2 time
diff succeed!
file 10 has been read from HDFS for 3 time
diff succeed!
file 10 has been read from HDFS for 4 time
diff succeed!
file 10 has been read from HDFS for 5 time
diff succeed!
file 10 has been read from HDFS for 6 time
diff succeed!
file 10 has been read from HDFS for 7 time
diff succeed!
file 10 has been read from HDFS for 8 time
diff succeed!
file 10 has been read from HDFS for 9 time
diff succeed!
file 10 has been read from HDFS for 10 time
diff succeed!
Deleted /myfile10
file 10 has been removed from HDFS
2019-02-18 21:36:11,304 INFO retry.RetryInvocationHandler: java.io.EOFException: End of File Exception between local host is: "clnode076.clemson.cloudlab.us/130.127.133.85"; destination host is: "node-1-link-0":8020; : java.io.EOFException; For more details see:  http://wiki.apache.org/hadoop/EOFException, while invoking ClientNamenodeProtocolTranslatorPB.addBlock over node-1-link-0/10.10.1.4:8020. Trying to failover immediately.
Found 19 items
-rw-r--r--   3 root supergroup 1073741824 2019-02-18 21:35 /myfile1
-rw-r--r--   3 root supergroup 1073741824 2019-02-18 21:36 /myfile10
-rw-r--r--   3 root supergroup 1073741824 2019-02-18 21:32 /myfile11
-rw-r--r--   3 root supergroup 1073741824 2019-02-18 21:34 /myfile12
-rw-r--r--   3 root supergroup  134217728 2019-02-18 21:36 /myfile13._COPYING_
-rw-r--r--   3 root supergroup 1073741824 2019-02-18 21:32 /myfile14
-rw-r--r--   3 root supergroup 1073741824 2019-02-18 21:35 /myfile15
-rw-r--r--   3 root supergroup 1073741824 2019-02-18 21:35 /myfile16
-rw-r--r--   3 root supergroup 1073741824 2019-02-18 21:32 /myfile17
-rw-r--r--   3 root supergroup 1073741824 2019-02-18 21:34 /myfile18
-rw-r--r--   3 root supergroup  134217728 2019-02-18 21:36 /myfile19._COPYING_
-rw-r--r--   3 root supergroup 1073741824 2019-02-18 21:36 /myfile2
-rw-r--r--   3 root supergroup  268435456 2019-02-18 21:36 /myfile20._COPYING_
-rw-r--r--   3 root supergroup 1073741824 2019-02-18 21:34 /myfile3
-rw-r--r--   3 root supergroup 1073741824 2019-02-18 21:32 /myfile5
-rw-r--r--   3 root supergroup 1073741824 2019-02-18 21:33 /myfile6
-rw-r--r--   3 root supergroup 1073741824 2019-02-18 21:34 /myfile7
-rw-r--r--   3 root supergroup 1073741824 2019-02-18 21:36 /myfile8
-rw-r--r--   3 root supergroup 1073741824 2019-02-18 21:36 /myfile9
file 10 has been put into HDFS
file 10 has been read from HDFS for 1 time
diff succeed!
file 10 has been read from HDFS for 2 time
diff succeed!
file 10 has been read from HDFS for 3 time
diff succeed!
file 10 has been read from HDFS for 4 time
diff succeed!
file 10 has been read from HDFS for 5 time
diff succeed!
file 10 has been read from HDFS for 6 time
diff succeed!
file 10 has been read from HDFS for 7 time
diff succeed!
file 10 has been read from HDFS for 8 time
diff succeed!
file 10 has been read from HDFS for 9 time
diff succeed!
file 10 has been read from HDFS for 10 time
diff succeed!
Deleted /myfile10
file 10 has been removed from HDFS
Found 18 items
-rw-r--r--   3 root supergroup 1073741824 2019-02-18 21:39 /myfile1
-rw-r--r--   3 root supergroup 1073741824 2019-02-18 21:40 /myfile10
-rw-r--r--   3 root supergroup 1073741824 2019-02-18 21:36 /myfile11
-rw-r--r--   3 root supergroup 1073741824 2019-02-18 21:38 /myfile12
-rw-r--r--   3 root supergroup 1073741824 2019-02-18 21:36 /myfile13
-rw-r--r--   3 root supergroup 1073741824 2019-02-18 21:36 /myfile14
-rw-r--r--   3 root supergroup 1073741824 2019-02-18 21:39 /myfile15
-rw-r--r--   3 root supergroup 1073741824 2019-02-18 21:39 /myfile16
-rw-r--r--   3 root supergroup 1073741824 2019-02-18 21:38 /myfile17
-rw-r--r--   3 root supergroup 1073741824 2019-02-18 21:39 /myfile18
-rw-r--r--   3 root supergroup 1073741824 2019-02-18 21:40 /myfile20
-rw-r--r--   3 root supergroup 1073741824 2019-02-18 21:38 /myfile3
-rw-r--r--   3 root supergroup  939524096 2019-02-18 21:40 /myfile4._COPYING_
-rw-r--r--   3 root supergroup 1073741824 2019-02-18 21:36 /myfile5
-rw-r--r--   3 root supergroup 1073741824 2019-02-18 21:38 /myfile6
-rw-r--r--   3 root supergroup 1073741824 2019-02-18 21:38 /myfile7
-rw-r--r--   3 root supergroup 1073741824 2019-02-18 21:40 /myfile8
-rw-r--r--   3 root supergroup 1073741824 2019-02-18 21:40 /myfile9
file 10 has been put into HDFS
file 10 has been read from HDFS for 1 time
diff succeed!
file 10 has been read from HDFS for 2 time
diff succeed!
file 10 has been read from HDFS for 3 time
diff succeed!
file 10 has been read from HDFS for 4 time
diff succeed!
file 10 has been read from HDFS for 5 time
diff succeed!
file 10 has been read from HDFS for 6 time
diff succeed!
file 10 has been read from HDFS for 7 time
diff succeed!
file 10 has been read from HDFS for 8 time
diff succeed!
file 10 has been read from HDFS for 9 time
diff succeed!
file 10 has been read from HDFS for 10 time
diff succeed!
Deleted /myfile10
file 10 has been removed from HDFS
Found 18 items
-rw-r--r--   3 root supergroup 1073741824 2019-02-18 21:43 /myfile1
-rw-r--r--   3 root supergroup 1073741824 2019-02-18 21:44 /myfile10
-rw-r--r--   3 root supergroup 1073741824 2019-02-18 21:41 /myfile11
-rw-r--r--   3 root supergroup 1073741824 2019-02-18 21:42 /myfile12
-rw-r--r--   3 root supergroup 1073741824 2019-02-18 21:41 /myfile13
-rw-r--r--   3 root supergroup 1073741824 2019-02-18 21:41 /myfile14
-rw-r--r--   3 root supergroup 1073741824 2019-02-18 21:43 /myfile15
-rw-r--r--   3 root supergroup 1073741824 2019-02-18 21:44 /myfile16
-rw-r--r--   3 root supergroup 1073741824 2019-02-18 21:42 /myfile17
-rw-r--r--   3 root supergroup 1073741824 2019-02-18 21:43 /myfile18
-rw-r--r--   3 root supergroup 1073741824 2019-02-18 21:44 /myfile20
-rw-r--r--   3 root supergroup 1073741824 2019-02-18 21:43 /myfile3
-rw-r--r--   3 root supergroup 1073741824 2019-02-18 21:40 /myfile4
-rw-r--r--   3 root supergroup 1073741824 2019-02-18 21:41 /myfile5
-rw-r--r--   3 root supergroup 1073741824 2019-02-18 21:42 /myfile6
-rw-r--r--   3 root supergroup 1073741824 2019-02-18 21:42 /myfile7
-rw-r--r--   3 root supergroup 1073741824 2019-02-18 21:44 /myfile8
-rw-r--r--   3 root supergroup  939524096 2019-02-18 21:44 /myfile9._COPYING_
file 10 has been put into HDFS
file 10 has been read from HDFS for 1 time
diff succeed!
file 10 has been read from HDFS for 2 time
diff succeed!
file 10 has been read from HDFS for 3 time
diff succeed!
file 10 has been read from HDFS for 4 time
diff succeed!
file 10 has been read from HDFS for 5 time
diff succeed!
file 10 has been read from HDFS for 6 time
diff succeed!
file 10 has been read from HDFS for 7 time
diff succeed!
file 10 has been read from HDFS for 8 time
diff succeed!
file 10 has been read from HDFS for 9 time
diff succeed!
file 10 has been read from HDFS for 10 time
diff succeed!
Deleted /myfile10
file 10 has been removed from HDFS
Found 20 items
-rw-r--r--   3 root supergroup 1073741824 2019-02-18 21:47 /myfile1
-rw-r--r--   3 root supergroup 1073741824 2019-02-18 21:48 /myfile10
-rw-r--r--   3 root supergroup 1073741824 2019-02-18 21:45 /myfile11
-rw-r--r--   3 root supergroup 1073741824 2019-02-18 21:47 /myfile12
-rw-r--r--   3 root supergroup 1073741824 2019-02-18 21:45 /myfile13
-rw-r--r--   3 root supergroup 1073741824 2019-02-18 21:45 /myfile14
-rw-r--r--   3 root supergroup 1073741824 2019-02-18 21:48 /myfile15
-rw-r--r--   3 root supergroup 1073741824 2019-02-18 21:48 /myfile16
-rw-r--r--   3 root supergroup 1073741824 2019-02-18 21:47 /myfile17
-rw-r--r--   3 root supergroup 1073741824 2019-02-18 21:47 /myfile18
-rw-r--r--   3 root supergroup 1073741824 2019-02-18 21:44 /myfile19
-rw-r--r--   3 root supergroup 1073741824 2019-02-18 21:44 /myfile2
-rw-r--r--   3 root supergroup 1073741824 2019-02-18 21:48 /myfile20
-rw-r--r--   3 root supergroup 1073741824 2019-02-18 21:47 /myfile3
-rw-r--r--   3 root supergroup 1073741824 2019-02-18 21:44 /myfile4
-rw-r--r--   3 root supergroup 1073741824 2019-02-18 21:45 /myfile5
-rw-r--r--   3 root supergroup 1073741824 2019-02-18 21:46 /myfile6
-rw-r--r--   3 root supergroup 1073741824 2019-02-18 21:47 /myfile7
-rw-r--r--   3 root supergroup 1073741824 2019-02-18 21:48 /myfile8
-rw-r--r--   3 root supergroup 1073741824 2019-02-18 21:48 /myfile9
file 10 has been put into HDFS
file 10 has been read from HDFS for 1 time
diff succeed!
file 10 has been read from HDFS for 2 time
diff succeed!
file 10 has been read from HDFS for 3 time
diff succeed!
file 10 has been read from HDFS for 4 time
diff succeed!
file 10 has been read from HDFS for 5 time
diff succeed!
file 10 has been read from HDFS for 6 time
diff succeed!
file 10 has been read from HDFS for 7 time
diff succeed!
file 10 has been read from HDFS for 8 time
diff succeed!
file 10 has been read from HDFS for 9 time
diff succeed!
file 10 has been read from HDFS for 10 time
diff succeed!
Deleted /myfile10
file 10 has been removed from HDFS
Found 20 items
-rw-r--r--   3 root supergroup 1073741824 2019-02-18 21:52 /myfile1
-rw-r--r--   3 root supergroup 1073741824 2019-02-18 21:52 /myfile10
-rw-r--r--   3 root supergroup 1073741824 2019-02-18 21:50 /myfile11
-rw-r--r--   3 root supergroup 1073741824 2019-02-18 21:51 /myfile12
-rw-r--r--   3 root supergroup 1073741824 2019-02-18 21:49 /myfile13
-rw-r--r--   3 root supergroup 1073741824 2019-02-18 21:50 /myfile14
-rw-r--r--   3 root supergroup 1073741824 2019-02-18 21:52 /myfile15
-rw-r--r--   3 root supergroup 1073741824 2019-02-18 21:52 /myfile16
-rw-r--r--   3 root supergroup 1073741824 2019-02-18 21:51 /myfile17
-rw-r--r--   3 root supergroup 1073741824 2019-02-18 21:52 /myfile18
-rw-r--r--   3 root supergroup 1073741824 2019-02-18 21:49 /myfile19
-rw-r--r--   3 root supergroup 1073741824 2019-02-18 21:49 /myfile2
-rw-r--r--   3 root supergroup 1073741824 2019-02-18 21:52 /myfile20
-rw-r--r--   3 root supergroup 1073741824 2019-02-18 21:51 /myfile3
-rw-r--r--   3 root supergroup 1073741824 2019-02-18 21:49 /myfile4
-rw-r--r--   3 root supergroup 1073741824 2019-02-18 21:49 /myfile5
-rw-r--r--   3 root supergroup 1073741824 2019-02-18 21:51 /myfile6
-rw-r--r--   3 root supergroup 1073741824 2019-02-18 21:51 /myfile7
-rw-r--r--   3 root supergroup 1073741824 2019-02-18 21:52 /myfile8
-rw-r--r--   3 root supergroup 1073741824 2019-02-18 21:52 /myfile9
file 10 has been put into HDFS
file 10 has been read from HDFS for 1 time
diff succeed!
file 10 has been read from HDFS for 2 time
diff succeed!
file 10 has been read from HDFS for 3 time
diff succeed!
file 10 has been read from HDFS for 4 time
diff succeed!
file 10 has been read from HDFS for 5 time
diff succeed!
file 10 has been read from HDFS for 6 time
diff succeed!
file 10 has been read from HDFS for 7 time
diff succeed!
file 10 has been read from HDFS for 8 time
diff succeed!
file 10 has been read from HDFS for 9 time
diff succeed!
file 10 has been read from HDFS for 10 time
diff succeed!
Deleted /myfile10
file 10 has been removed from HDFS
Found 20 items
-rw-r--r--   3 root supergroup 1073741824 2019-02-18 21:56 /myfile1
-rw-r--r--   3 root supergroup 1073741824 2019-02-18 21:56 /myfile10
-rw-r--r--   3 root supergroup 1073741824 2019-02-18 21:54 /myfile11
-rw-r--r--   3 root supergroup 1073741824 2019-02-18 21:55 /myfile12
-rw-r--r--   3 root supergroup 1073741824 2019-02-18 21:54 /myfile13
-rw-r--r--   3 root supergroup 1073741824 2019-02-18 21:54 /myfile14
-rw-r--r--   3 root supergroup 1073741824 2019-02-18 21:56 /myfile15
-rw-r--r--   3 root supergroup 1073741824 2019-02-18 21:56 /myfile16
-rw-r--r--   3 root supergroup 1073741824 2019-02-18 21:55 /myfile17
-rw-r--r--   3 root supergroup 1073741824 2019-02-18 21:56 /myfile18
-rw-r--r--   3 root supergroup 1073741824 2019-02-18 21:53 /myfile19
-rw-r--r--   3 root supergroup 1073741824 2019-02-18 21:53 /myfile2
-rw-r--r--   3 root supergroup 1073741824 2019-02-18 21:56 /myfile20
-rw-r--r--   3 root supergroup 1073741824 2019-02-18 21:55 /myfile3
-rw-r--r--   3 root supergroup 1073741824 2019-02-18 21:53 /myfile4
-rw-r--r--   3 root supergroup 1073741824 2019-02-18 21:54 /myfile5
-rw-r--r--   3 root supergroup 1073741824 2019-02-18 21:55 /myfile6
-rw-r--r--   3 root supergroup 1073741824 2019-02-18 21:55 /myfile7
-rw-r--r--   3 root supergroup 1073741824 2019-02-18 21:56 /myfile8
-rw-r--r--   3 root supergroup 1073741824 2019-02-18 21:56 /myfile9
file 10 has been put into HDFS
sub_benchmark 1 signal TERM catched and let quit gracefully
file 10 has been read from HDFS for 1 time
diff succeed!
Deleted /myfile10
file 10 has been removed from HDFS
