Found 20 items
-rw-r--r--   3 root supergroup 1073741824 2019-02-19 23:16 /myfile1
-rw-r--r--   3 root supergroup 1073741824 2019-02-19 23:16 /myfile10
-rw-r--r--   3 root supergroup 1073741824 2019-02-19 23:16 /myfile11
-rw-r--r--   3 root supergroup 1073741824 2019-02-19 23:16 /myfile12
-rw-r--r--   3 root supergroup 1073741824 2019-02-19 23:16 /myfile13
-rw-r--r--   3 root supergroup 1073741824 2019-02-19 23:16 /myfile14
-rw-r--r--   3 root supergroup 1073741824 2019-02-19 23:16 /myfile15
-rw-r--r--   3 root supergroup 1073741824 2019-02-19 23:16 /myfile16
-rw-r--r--   3 root supergroup 1073741824 2019-02-19 23:16 /myfile17
-rw-r--r--   3 root supergroup 1073741824 2019-02-19 23:16 /myfile18
-rw-r--r--   3 root supergroup 1073741824 2019-02-19 23:16 /myfile19
-rw-r--r--   3 root supergroup 1073741824 2019-02-19 23:16 /myfile2
-rw-r--r--   3 root supergroup 1073741824 2019-02-19 23:16 /myfile20
-rw-r--r--   3 root supergroup 1073741824 2019-02-19 23:16 /myfile3
-rw-r--r--   3 root supergroup 1073741824 2019-02-19 23:16 /myfile4
-rw-r--r--   3 root supergroup 1073741824 2019-02-19 23:16 /myfile5
-rw-r--r--   3 root supergroup 1073741824 2019-02-19 23:16 /myfile6
-rw-r--r--   3 root supergroup 1073741824 2019-02-19 23:16 /myfile7
-rw-r--r--   3 root supergroup 1073741824 2019-02-19 23:16 /myfile8
-rw-r--r--   3 root supergroup 1073741824 2019-02-19 23:16 /myfile9
file 8 has been put into HDFS
file 8 has been read from HDFS for 1 time
diff succeed!
file 8 has been read from HDFS for 2 time
diff succeed!
file 8 has been read from HDFS for 3 time
diff succeed!
file 8 has been read from HDFS for 4 time
diff succeed!
file 8 has been read from HDFS for 5 time
diff succeed!
file 8 has been read from HDFS for 6 time
diff succeed!
file 8 has been read from HDFS for 7 time
diff succeed!
file 8 has been read from HDFS for 8 time
diff succeed!
file 8 has been read from HDFS for 9 time
diff succeed!
file 8 has been read from HDFS for 10 time
diff succeed!
Deleted /myfile8
file 8 has been removed from HDFS
Found 20 items
-rw-r--r--   3 root supergroup 1073741824 2019-02-19 23:20 /myfile1
-rw-r--r--   3 root supergroup 1073741824 2019-02-19 23:20 /myfile10
-rw-r--r--   3 root supergroup 1073741824 2019-02-19 23:22 /myfile11
-rw-r--r--   3 root supergroup 1073741824 2019-02-19 23:21 /myfile12
-rw-r--r--   3 root supergroup 1073741824 2019-02-19 23:21 /myfile13
-rw-r--r--   3 root supergroup 1073741824 2019-02-19 23:20 /myfile14
-rw-r--r--   3 root supergroup 1073741824 2019-02-19 23:20 /myfile15
-rw-r--r--   3 root supergroup 1073741824 2019-02-19 23:21 /myfile16
-rw-r--r--   3 root supergroup 1073741824 2019-02-19 23:21 /myfile17
-rw-r--r--   3 root supergroup 1073741824 2019-02-19 23:20 /myfile18
-rw-r--r--   3 root supergroup 1073741824 2019-02-19 23:20 /myfile19
-rw-r--r--   3 root supergroup 1073741824 2019-02-19 23:20 /myfile2
-rw-r--r--   3 root supergroup 1073741824 2019-02-19 23:20 /myfile20
-rw-r--r--   3 root supergroup 1073741824 2019-02-19 23:20 /myfile3
-rw-r--r--   3 root supergroup 1073741824 2019-02-19 23:20 /myfile4
-rw-r--r--   3 root supergroup 1073741824 2019-02-19 23:20 /myfile5
-rw-r--r--   3 root supergroup 1073741824 2019-02-19 23:21 /myfile6
-rw-r--r--   3 root supergroup 1073741824 2019-02-19 23:20 /myfile7
-rw-r--r--   3 root supergroup 1073741824 2019-02-19 23:22 /myfile8
-rw-r--r--   3 root supergroup 1073741824 2019-02-19 23:20 /myfile9
file 8 has been put into HDFS
file 8 has been read from HDFS for 1 time
diff succeed!
file 8 has been read from HDFS for 2 time
diff succeed!
file 8 has been read from HDFS for 3 time
diff succeed!
file 8 has been read from HDFS for 4 time
diff succeed!
file 8 has been read from HDFS for 5 time
diff succeed!
file 8 has been read from HDFS for 6 time
diff succeed!
file 8 has been read from HDFS for 7 time
diff succeed!
file 8 has been read from HDFS for 8 time
diff succeed!
file 8 has been read from HDFS for 9 time
diff succeed!
file 8 has been read from HDFS for 10 time
diff succeed!
Deleted /myfile8
file 8 has been removed from HDFS
Found 20 items
-rw-r--r--   3 root supergroup 1073741824 2019-02-19 23:24 /myfile1
-rw-r--r--   3 root supergroup 1073741824 2019-02-19 23:25 /myfile10
-rw-r--r--   3 root supergroup  671088640 2019-02-19 23:26 /myfile11._COPYING_
-rw-r--r--   3 root supergroup 1073741824 2019-02-19 23:25 /myfile12
-rw-r--r--   3 root supergroup 1073741824 2019-02-19 23:26 /myfile13
-rw-r--r--   3 root supergroup 1073741824 2019-02-19 23:25 /myfile14
-rw-r--r--   3 root supergroup 1073741824 2019-02-19 23:25 /myfile15
-rw-r--r--   3 root supergroup 1073741824 2019-02-19 23:26 /myfile16
-rw-r--r--   3 root supergroup 1073741824 2019-02-19 23:25 /myfile17
-rw-r--r--   3 root supergroup 1073741824 2019-02-19 23:24 /myfile18
-rw-r--r--   3 root supergroup 1073741824 2019-02-19 23:24 /myfile19
-rw-r--r--   3 root supergroup 1073741824 2019-02-19 23:25 /myfile2
-rw-r--r--   3 root supergroup 1073741824 2019-02-19 23:26 /myfile20
-rw-r--r--   3 root supergroup 1073741824 2019-02-19 23:25 /myfile3
-rw-r--r--   3 root supergroup 1073741824 2019-02-19 23:25 /myfile4
-rw-r--r--   3 root supergroup 1073741824 2019-02-19 23:25 /myfile5
-rw-r--r--   3 root supergroup 1073741824 2019-02-19 23:26 /myfile6
-rw-r--r--   3 root supergroup 1073741824 2019-02-19 23:25 /myfile7
-rw-r--r--   3 root supergroup 1073741824 2019-02-19 23:26 /myfile8
-rw-r--r--   3 root supergroup 1073741824 2019-02-19 23:25 /myfile9
file 8 has been put into HDFS
file 8 has been read from HDFS for 1 time
diff succeed!
file 8 has been read from HDFS for 2 time
diff succeed!
file 8 has been read from HDFS for 3 time
diff succeed!
file 8 has been read from HDFS for 4 time
diff succeed!
file 8 has been read from HDFS for 5 time
diff succeed!
file 8 has been read from HDFS for 6 time
diff succeed!
file 8 has been read from HDFS for 7 time
diff succeed!
file 8 has been read from HDFS for 8 time
diff succeed!
file 8 has been read from HDFS for 9 time
diff succeed!
file 8 has been read from HDFS for 10 time
diff succeed!
Deleted /myfile8
file 8 has been removed from HDFS
Found 19 items
-rw-r--r--   3 root supergroup 1073741824 2019-02-19 23:29 /myfile1
-rw-r--r--   3 root supergroup 1073741824 2019-02-19 23:29 /myfile10
-rw-r--r--   3 root supergroup 1073741824 2019-02-19 23:30 /myfile12
-rw-r--r--   3 root supergroup 1073741824 2019-02-19 23:26 /myfile13
-rw-r--r--   3 root supergroup 1073741824 2019-02-19 23:30 /myfile14
-rw-r--r--   3 root supergroup 1073741824 2019-02-19 23:29 /myfile15
-rw-r--r--   3 root supergroup 1073741824 2019-02-19 23:26 /myfile16
-rw-r--r--   3 root supergroup 1073741824 2019-02-19 23:29 /myfile17
-rw-r--r--   3 root supergroup 1073741824 2019-02-19 23:29 /myfile18
-rw-r--r--   3 root supergroup 1073741824 2019-02-19 23:29 /myfile19
-rw-r--r--   3 root supergroup 1073741824 2019-02-19 23:30 /myfile2
-rw-r--r--   3 root supergroup 1073741824 2019-02-19 23:30 /myfile20
-rw-r--r--   3 root supergroup 1073741824 2019-02-19 23:30 /myfile3
-rw-r--r--   3 root supergroup 1073741824 2019-02-19 23:30 /myfile4
-rw-r--r--   3 root supergroup 1073741824 2019-02-19 23:30 /myfile5
-rw-r--r--   3 root supergroup 1073741824 2019-02-19 23:30 /myfile6
-rw-r--r--   3 root supergroup 1073741824 2019-02-19 23:30 /myfile7
-rw-r--r--   3 root supergroup 1073741824 2019-02-19 23:30 /myfile8
-rw-r--r--   3 root supergroup 1073741824 2019-02-19 23:25 /myfile9
file 8 has been put into HDFS
file 8 has been read from HDFS for 1 time
diff succeed!
file 8 has been read from HDFS for 2 time
diff succeed!
file 8 has been read from HDFS for 3 time
diff succeed!
file 8 has been read from HDFS for 4 time
diff succeed!
file 8 has been read from HDFS for 5 time
diff succeed!
file 8 has been read from HDFS for 6 time
diff succeed!
file 8 has been read from HDFS for 7 time
diff succeed!
file 8 has been read from HDFS for 8 time
diff succeed!
file 8 has been read from HDFS for 9 time
diff succeed!
file 8 has been read from HDFS for 10 time
diff succeed!
Deleted /myfile8
file 8 has been removed from HDFS
Found 19 items
-rw-r--r--   3 root supergroup 1073741824 2019-02-19 23:34 /myfile1
-rw-r--r--   3 root supergroup 1073741824 2019-02-19 23:34 /myfile10
-rw-r--r--   3 root supergroup 1073741824 2019-02-19 23:31 /myfile11
-rw-r--r--   3 root supergroup 1073741824 2019-02-19 23:32 /myfile13
-rw-r--r--   3 root supergroup 1073741824 2019-02-19 23:34 /myfile14
-rw-r--r--   3 root supergroup 1073741824 2019-02-19 23:34 /myfile15
-rw-r--r--   3 root supergroup 1073741824 2019-02-19 23:31 /myfile16
-rw-r--r--   3 root supergroup 1073741824 2019-02-19 23:34 /myfile17
-rw-r--r--   3 root supergroup 1073741824 2019-02-19 23:34 /myfile18
-rw-r--r--   3 root supergroup 1073741824 2019-02-19 23:34 /myfile19
-rw-r--r--   3 root supergroup 1073741824 2019-02-19 23:34 /myfile2
-rw-r--r--   3 root supergroup 1073741824 2019-02-19 23:34 /myfile20
-rw-r--r--   3 root supergroup 1073741824 2019-02-19 23:34 /myfile3
-rw-r--r--   3 root supergroup 1073741824 2019-02-19 23:34 /myfile4
-rw-r--r--   3 root supergroup 1073741824 2019-02-19 23:34 /myfile5
-rw-r--r--   3 root supergroup 1073741824 2019-02-19 23:34 /myfile6
-rw-r--r--   3 root supergroup          0 2019-02-19 23:34 /myfile7._COPYING_
-rw-r--r--   3 root supergroup 1073741824 2019-02-19 23:34 /myfile8
-rw-r--r--   3 root supergroup 1073741824 2019-02-19 23:31 /myfile9
file 8 has been put into HDFS
file 8 has been read from HDFS for 1 time
diff succeed!
file 8 has been read from HDFS for 2 time
diff succeed!
file 8 has been read from HDFS for 3 time
diff succeed!
file 8 has been read from HDFS for 4 time
diff succeed!
file 8 has been read from HDFS for 5 time
diff succeed!
file 8 has been read from HDFS for 6 time
diff succeed!
file 8 has been read from HDFS for 7 time
diff succeed!
file 8 has been read from HDFS for 8 time
diff succeed!
file 8 has been read from HDFS for 9 time
diff succeed!
file 8 has been read from HDFS for 10 time
diff succeed!
Deleted /myfile8
file 8 has been removed from HDFS
2019-02-19 23:39:22,880 INFO retry.RetryInvocationHandler: java.io.IOException: DestHost:destPort node-1-link-0:8020 , LocalHost:localPort clnode076.clemson.cloudlab.us/130.127.133.85:0. Failed on local exception: java.io.IOException: Connection reset by peer, while invoking ClientNamenodeProtocolTranslatorPB.addBlock over node-1-link-0/10.10.1.4:8020. Trying to failover immediately.
2019-02-19 23:39:22,889 INFO retry.RetryInvocationHandler: org.apache.hadoop.ipc.RemoteException(org.apache.hadoop.ipc.StandbyException): Operation category READ is not supported in state standby. Visit https://s.apache.org/sbnn-error
	at org.apache.hadoop.hdfs.server.namenode.ha.StandbyState.checkOperation(StandbyState.java:88)
	at org.apache.hadoop.hdfs.server.namenode.NameNode$NameNodeHAContext.checkOperation(NameNode.java:1952)
	at org.apache.hadoop.hdfs.server.namenode.FSNamesystem.checkOperation(FSNamesystem.java:1423)
	at org.apache.hadoop.hdfs.server.namenode.FSNamesystem.getAdditionalBlock(FSNamesystem.java:2674)
	at org.apache.hadoop.hdfs.server.namenode.NameNodeRpcServer.addBlock(NameNodeRpcServer.java:875)
	at org.apache.hadoop.hdfs.protocolPB.ClientNamenodeProtocolServerSideTranslatorPB.addBlock(ClientNamenodeProtocolServerSideTranslatorPB.java:561)
	at org.apache.hadoop.hdfs.protocol.proto.ClientNamenodeProtocolProtos$ClientNamenodeProtocol$2.callBlockingMethod(ClientNamenodeProtocolProtos.java)
	at org.apache.hadoop.ipc.ProtobufRpcEngine$Server$ProtoBufRpcInvoker.call(ProtobufRpcEngine.java:523)
	at org.apache.hadoop.ipc.RPC$Server.call(RPC.java:991)
	at org.apache.hadoop.ipc.Server$RpcCall.run(Server.java:872)
	at org.apache.hadoop.ipc.Server$RpcCall.run(Server.java:818)
	at java.security.AccessController.doPrivileged(Native Method)
	at javax.security.auth.Subject.doAs(Subject.java:422)
	at org.apache.hadoop.security.UserGroupInformation.doAs(UserGroupInformation.java:1729)
	at org.apache.hadoop.ipc.Server$Handler.run(Server.java:2678)
, while invoking ClientNamenodeProtocolTranslatorPB.addBlock over node-0-link-0/10.10.1.1:8020 after 1 failover attempts. Trying to failover after sleeping for 807ms.
2019-02-19 23:39:23,699 INFO retry.RetryInvocationHandler: java.net.ConnectException: Call From clnode076.clemson.cloudlab.us/130.127.133.85 to node-1-link-0:8020 failed on connection exception: java.net.ConnectException: Connection refused; For more details see:  http://wiki.apache.org/hadoop/ConnectionRefused, while invoking ClientNamenodeProtocolTranslatorPB.addBlock over node-1-link-0/10.10.1.4:8020 after 2 failover attempts. Trying to failover after sleeping for 2215ms.
Found 20 items
-rw-r--r--   3 root supergroup 1073741824 2019-02-19 23:38 /myfile1
-rw-r--r--   3 root supergroup 1073741824 2019-02-19 23:39 /myfile10
-rw-r--r--   3 root supergroup 1073741824 2019-02-19 23:36 /myfile11
-rw-r--r--   3 root supergroup 1073741824 2019-02-19 23:35 /myfile12
-rw-r--r--   3 root supergroup 1073741824 2019-02-19 23:37 /myfile13
-rw-r--r--   3 root supergroup 1073741824 2019-02-19 23:39 /myfile14
-rw-r--r--   3 root supergroup 1073741824 2019-02-19 23:39 /myfile15
-rw-r--r--   3 root supergroup 1073741824 2019-02-19 23:36 /myfile16
-rw-r--r--   3 root supergroup 1073741824 2019-02-19 23:39 /myfile17
-rw-r--r--   3 root supergroup 1073741824 2019-02-19 23:39 /myfile18
-rw-r--r--   3 root supergroup 1073741824 2019-02-19 23:39 /myfile19
-rw-r--r--   3 root supergroup 1073741824 2019-02-19 23:39 /myfile2
-rw-r--r--   3 root supergroup 1073741824 2019-02-19 23:39 /myfile20
-rw-r--r--   3 root supergroup 1073741824 2019-02-19 23:39 /myfile3
-rw-r--r--   3 root supergroup 1073741824 2019-02-19 23:38 /myfile4
-rw-r--r--   3 root supergroup 1073741824 2019-02-19 23:38 /myfile5
-rw-r--r--   3 root supergroup 1073741824 2019-02-19 23:38 /myfile6
-rw-r--r--   3 root supergroup 1073741824 2019-02-19 23:35 /myfile7
-rw-r--r--   3 root supergroup 1073741824 2019-02-19 23:39 /myfile8
-rw-r--r--   3 root supergroup 1073741824 2019-02-19 23:36 /myfile9
file 8 has been put into HDFS
file 8 has been read from HDFS for 1 time
diff succeed!
file 8 has been read from HDFS for 2 time
diff succeed!
file 8 has been read from HDFS for 3 time
diff succeed!
file 8 has been read from HDFS for 4 time
diff succeed!
file 8 has been read from HDFS for 5 time
diff succeed!
file 8 has been read from HDFS for 6 time
diff succeed!
file 8 has been read from HDFS for 7 time
diff succeed!
file 8 has been read from HDFS for 8 time
diff succeed!
file 8 has been read from HDFS for 9 time
diff succeed!
file 8 has been read from HDFS for 10 time
diff succeed!
Deleted /myfile8
file 8 has been removed from HDFS
Found 20 items
-rw-r--r--   3 root supergroup 1073741824 2019-02-19 23:43 /myfile1
-rw-r--r--   3 root supergroup 1073741824 2019-02-19 23:44 /myfile10
-rw-r--r--   3 root supergroup 1073741824 2019-02-19 23:41 /myfile11
-rw-r--r--   3 root supergroup 1073741824 2019-02-19 23:40 /myfile12
-rw-r--r--   3 root supergroup 1073741824 2019-02-19 23:41 /myfile13
-rw-r--r--   3 root supergroup 1073741824 2019-02-19 23:43 /myfile14
-rw-r--r--   3 root supergroup 1073741824 2019-02-19 23:43 /myfile15
-rw-r--r--   3 root supergroup 1073741824 2019-02-19 23:41 /myfile16
-rw-r--r--   3 root supergroup 1073741824 2019-02-19 23:43 /myfile17
-rw-r--r--   3 root supergroup 1073741824 2019-02-19 23:43 /myfile18
-rw-r--r--   3 root supergroup 1073741824 2019-02-19 23:44 /myfile19
-rw-r--r--   3 root supergroup 1073741824 2019-02-19 23:44 /myfile2
-rw-r--r--   3 root supergroup 1073741824 2019-02-19 23:43 /myfile20
-rw-r--r--   3 root supergroup 1073741824 2019-02-19 23:43 /myfile3
-rw-r--r--   3 root supergroup 1073741824 2019-02-19 23:44 /myfile4
-rw-r--r--   3 root supergroup 1073741824 2019-02-19 23:43 /myfile5
-rw-r--r--   3 root supergroup 1073741824 2019-02-19 23:44 /myfile6
-rw-r--r--   3 root supergroup 1073741824 2019-02-19 23:40 /myfile7
-rw-r--r--   3 root supergroup 1073741824 2019-02-19 23:44 /myfile8
-rw-r--r--   3 root supergroup 1073741824 2019-02-19 23:41 /myfile9
file 8 has been put into HDFS
file 8 has been read from HDFS for 1 time
diff succeed!
file 8 has been read from HDFS for 2 time
diff succeed!
file 8 has been read from HDFS for 3 time
diff succeed!
file 8 has been read from HDFS for 4 time
diff succeed!
file 8 has been read from HDFS for 5 time
diff succeed!
file 8 has been read from HDFS for 6 time
diff succeed!
file 8 has been read from HDFS for 7 time
diff succeed!
file 8 has been read from HDFS for 8 time
diff succeed!
file 8 has been read from HDFS for 9 time
diff succeed!
file 8 has been read from HDFS for 10 time
diff succeed!
Deleted /myfile8
file 8 has been removed from HDFS
Found 20 items
-rw-r--r--   3 root supergroup 1073741824 2019-02-19 23:48 /myfile1
-rw-r--r--   3 root supergroup 1073741824 2019-02-19 23:48 /myfile10
-rw-r--r--   3 root supergroup 1073741824 2019-02-19 23:46 /myfile11
-rw-r--r--   3 root supergroup 1073741824 2019-02-19 23:49 /myfile12
-rw-r--r--   3 root supergroup 1073741824 2019-02-19 23:46 /myfile13
-rw-r--r--   3 root supergroup 1073741824 2019-02-19 23:48 /myfile14
-rw-r--r--   3 root supergroup 1073741824 2019-02-19 23:48 /myfile15
-rw-r--r--   3 root supergroup 1073741824 2019-02-19 23:46 /myfile16
-rw-r--r--   3 root supergroup 1073741824 2019-02-19 23:48 /myfile17
-rw-r--r--   3 root supergroup 1073741824 2019-02-19 23:47 /myfile18
-rw-r--r--   3 root supergroup 1073741824 2019-02-19 23:48 /myfile19
-rw-r--r--   3 root supergroup 1073741824 2019-02-19 23:48 /myfile2
-rw-r--r--   3 root supergroup 1073741824 2019-02-19 23:48 /myfile20
-rw-r--r--   3 root supergroup 1073741824 2019-02-19 23:48 /myfile3
-rw-r--r--   3 root supergroup 1073741824 2019-02-19 23:48 /myfile4
-rw-r--r--   3 root supergroup 1073741824 2019-02-19 23:48 /myfile5
-rw-r--r--   3 root supergroup 1073741824 2019-02-19 23:48 /myfile6
-rw-r--r--   3 root supergroup  268435456 2019-02-19 23:49 /myfile7._COPYING_
-rw-r--r--   3 root supergroup 1073741824 2019-02-19 23:49 /myfile8
-rw-r--r--   3 root supergroup 1073741824 2019-02-19 23:46 /myfile9
file 8 has been put into HDFS
file 8 has been read from HDFS for 1 time
diff succeed!
file 8 has been read from HDFS for 2 time
diff succeed!
file 8 has been read from HDFS for 3 time
diff succeed!
file 8 has been read from HDFS for 4 time
diff succeed!
file 8 has been read from HDFS for 5 time
diff succeed!
file 8 has been read from HDFS for 6 time
diff succeed!
file 8 has been read from HDFS for 7 time
diff succeed!
file 8 has been read from HDFS for 8 time
diff succeed!
file 8 has been read from HDFS for 9 time
diff succeed!
file 8 has been read from HDFS for 10 time
diff succeed!
Deleted /myfile8
file 8 has been removed from HDFS
Found 20 items
-rw-r--r--   3 root supergroup  671088640 2019-02-19 23:53 /myfile1._COPYING_
-rw-r--r--   3 root supergroup 1073741824 2019-02-19 23:53 /myfile10
-rw-r--r--   3 root supergroup 1073741824 2019-02-19 23:52 /myfile11
-rw-r--r--   3 root supergroup 1073741824 2019-02-19 23:53 /myfile12
-rw-r--r--   3 root supergroup 1073741824 2019-02-19 23:52 /myfile13
-rw-r--r--   3 root supergroup  536870912 2019-02-19 23:53 /myfile14._COPYING_
-rw-r--r--   3 root supergroup 1073741824 2019-02-19 23:53 /myfile15
-rw-r--r--   3 root supergroup 1073741824 2019-02-19 23:50 /myfile16
-rw-r--r--   3 root supergroup  402653184 2019-02-19 23:54 /myfile17._COPYING_
-rw-r--r--   3 root supergroup 1073741824 2019-02-19 23:52 /myfile18
-rw-r--r--   3 root supergroup 1073741824 2019-02-19 23:53 /myfile19
-rw-r--r--   3 root supergroup 1073741824 2019-02-19 23:53 /myfile2
-rw-r--r--   3 root supergroup 1073741824 2019-02-19 23:52 /myfile20
-rw-r--r--   3 root supergroup 1073741824 2019-02-19 23:53 /myfile3
-rw-r--r--   3 root supergroup 1073741824 2019-02-19 23:48 /myfile4
-rw-r--r--   3 root supergroup  268435456 2019-02-19 23:54 /myfile5._COPYING_
-rw-r--r--   3 root supergroup 1073741824 2019-02-19 23:48 /myfile6
-rw-r--r--   3 root supergroup          0 2019-02-19 23:54 /myfile7._COPYING_
-rw-r--r--   3 root supergroup 1073741824 2019-02-19 23:54 /myfile8
-rw-r--r--   3 root supergroup 1073741824 2019-02-19 23:52 /myfile9
file 8 has been put into HDFS
file 8 has been read from HDFS for 1 time
diff succeed!
file 8 has been read from HDFS for 2 time
diff succeed!
file 8 has been read from HDFS for 3 time
diff succeed!
file 8 has been read from HDFS for 4 time
diff succeed!
file 8 has been read from HDFS for 5 time
diff succeed!
file 8 has been read from HDFS for 6 time
diff succeed!
file 8 has been read from HDFS for 7 time
diff succeed!
file 8 has been read from HDFS for 8 time
diff succeed!
file 8 has been read from HDFS for 9 time
diff succeed!
file 8 has been read from HDFS for 10 time
diff succeed!
Deleted /myfile8
file 8 has been removed from HDFS
Found 20 items
-rw-r--r--   3 root supergroup 1073741824 2019-02-19 23:55 /myfile1
-rw-r--r--   3 root supergroup 1073741824 2019-02-19 23:58 /myfile10
-rw-r--r--   3 root supergroup 1073741824 2019-02-19 23:57 /myfile11
-rw-r--r--   3 root supergroup 1073741824 2019-02-19 23:58 /myfile12
-rw-r--r--   3 root supergroup 1073741824 2019-02-19 23:56 /myfile13
-rw-r--r--   3 root supergroup 1073741824 2019-02-19 23:55 /myfile14
-rw-r--r--   3 root supergroup 1073741824 2019-02-19 23:58 /myfile15
-rw-r--r--   3 root supergroup 1073741824 2019-02-19 23:57 /myfile16
-rw-r--r--   3 root supergroup 1073741824 2019-02-19 23:55 /myfile17
-rw-r--r--   3 root supergroup 1073741824 2019-02-19 23:57 /myfile18
-rw-r--r--   3 root supergroup 1073741824 2019-02-19 23:58 /myfile19
-rw-r--r--   3 root supergroup 1073741824 2019-02-19 23:57 /myfile2
-rw-r--r--   3 root supergroup 1073741824 2019-02-19 23:57 /myfile20
-rw-r--r--   3 root supergroup 1073741824 2019-02-19 23:57 /myfile3
-rw-r--r--   3 root supergroup 1073741824 2019-02-19 23:56 /myfile4
-rw-r--r--   3 root supergroup 1073741824 2019-02-19 23:55 /myfile5
-rw-r--r--   3 root supergroup 1073741824 2019-02-19 23:55 /myfile6
-rw-r--r--   3 root supergroup 1073741824 2019-02-19 23:55 /myfile7
-rw-r--r--   3 root supergroup 1073741824 2019-02-19 23:58 /myfile8
-rw-r--r--   3 root supergroup 1073741824 2019-02-19 23:57 /myfile9
file 8 has been put into HDFS
file 8 has been read from HDFS for 1 time
diff succeed!
file 8 has been read from HDFS for 2 time
diff succeed!
file 8 has been read from HDFS for 3 time
diff succeed!
file 8 has been read from HDFS for 4 time
diff succeed!
file 8 has been read from HDFS for 5 time
diff succeed!
file 8 has been read from HDFS for 6 time
diff succeed!
file 8 has been read from HDFS for 7 time
diff succeed!
sub_benchmark 8 signal TERM catched and let quit gracefully
file 8 has been read from HDFS for 8 time
diff succeed!
Deleted /myfile8
file 8 has been removed from HDFS
