Found 20 items
-rw-r--r--   3 root supergroup 1073741824 2019-02-24 03:54 /myfile1
-rw-r--r--   3 root supergroup  939524096 2019-02-24 03:54 /myfile10._COPYING_
-rw-r--r--   3 root supergroup  939524096 2019-02-24 03:54 /myfile11._COPYING_
-rw-r--r--   3 root supergroup  805306368 2019-02-24 03:54 /myfile12._COPYING_
-rw-r--r--   3 root supergroup 1073741824 2019-02-24 03:54 /myfile13
-rw-r--r--   3 root supergroup  939524096 2019-02-24 03:54 /myfile14._COPYING_
-rw-r--r--   3 root supergroup  939524096 2019-02-24 03:54 /myfile15._COPYING_
-rw-r--r--   3 root supergroup  939524096 2019-02-24 03:54 /myfile16._COPYING_
-rw-r--r--   3 root supergroup  939524096 2019-02-24 03:54 /myfile17._COPYING_
-rw-r--r--   3 root supergroup  939524096 2019-02-24 03:54 /myfile18._COPYING_
-rw-r--r--   3 root supergroup  939524096 2019-02-24 03:54 /myfile19._COPYING_
-rw-r--r--   3 root supergroup  939524096 2019-02-24 03:54 /myfile2._COPYING_
-rw-r--r--   3 root supergroup  805306368 2019-02-24 03:54 /myfile20._COPYING_
-rw-r--r--   3 root supergroup  939524096 2019-02-24 03:54 /myfile3._COPYING_
-rw-r--r--   3 root supergroup  805306368 2019-02-24 03:54 /myfile4._COPYING_
-rw-r--r--   3 root supergroup  939524096 2019-02-24 03:54 /myfile5._COPYING_
-rw-r--r--   3 root supergroup  805306368 2019-02-24 03:54 /myfile6._COPYING_
-rw-r--r--   3 root supergroup  939524096 2019-02-24 03:54 /myfile7._COPYING_
-rw-r--r--   3 root supergroup 1073741824 2019-02-24 03:54 /myfile8
-rw-r--r--   3 root supergroup  939524096 2019-02-24 03:54 /myfile9._COPYING_
file 8 has been put into HDFS
file 8 has been read from HDFS for 1 time
diff succeed!
file 8 has been read from HDFS for 2 time
diff succeed!
file 8 has been read from HDFS for 3 time
diff succeed!
file 8 has been read from HDFS for 4 time
diff succeed!
file 8 has been read from HDFS for 5 time
diff succeed!
file 8 has been read from HDFS for 6 time
diff succeed!
file 8 has been read from HDFS for 7 time
diff succeed!
file 8 has been read from HDFS for 8 time
diff succeed!
file 8 has been read from HDFS for 9 time
diff succeed!
file 8 has been read from HDFS for 10 time
diff succeed!
Deleted /myfile8
file 8 has been removed from HDFS
Found 9 items
-rw-r--r--   3 root supergroup  671088640 2019-02-24 03:58 /myfile1._COPYING_
-rw-r--r--   3 root supergroup 1073741824 2019-02-24 03:55 /myfile12
-rw-r--r--   3 root supergroup 1073741824 2019-02-24 03:58 /myfile13
-rw-r--r--   3 root supergroup 1073741824 2019-02-24 03:54 /myfile14
-rw-r--r--   3 root supergroup 1073741824 2019-02-24 03:54 /myfile18
-rw-r--r--   3 root supergroup  402653184 2019-02-24 03:58 /myfile20._COPYING_
-rw-r--r--   3 root supergroup 1073741824 2019-02-24 03:54 /myfile3
-rw-r--r--   3 root supergroup 1073741824 2019-02-24 03:55 /myfile6
-rw-r--r--   3 root supergroup 1073741824 2019-02-24 03:58 /myfile8
file 8 has been put into HDFS
file 8 has been read from HDFS for 1 time
diff succeed!
file 8 has been read from HDFS for 2 time
diff succeed!
file 8 has been read from HDFS for 3 time
diff succeed!
file 8 has been read from HDFS for 4 time
diff succeed!
file 8 has been read from HDFS for 5 time
diff succeed!
file 8 has been read from HDFS for 6 time
diff succeed!
file 8 has been read from HDFS for 7 time
diff succeed!
file 8 has been read from HDFS for 8 time
diff succeed!
file 8 has been read from HDFS for 9 time
diff succeed!
file 8 has been read from HDFS for 10 time
diff succeed!
Deleted /myfile8
file 8 has been removed from HDFS
Found 16 items
-rw-r--r--   3 root supergroup  671088640 2019-02-24 04:02 /myfile10._COPYING_
-rw-r--r--   3 root supergroup 1073741824 2019-02-24 04:01 /myfile12
-rw-r--r--   3 root supergroup 1073741824 2019-02-24 04:02 /myfile13
-rw-r--r--   3 root supergroup 1073741824 2019-02-24 04:01 /myfile14
-rw-r--r--   3 root supergroup 1073741824 2019-02-24 03:59 /myfile16
-rw-r--r--   3 root supergroup 1073741824 2019-02-24 04:02 /myfile17
-rw-r--r--   3 root supergroup 1073741824 2019-02-24 04:01 /myfile18
-rw-r--r--   3 root supergroup  402653184 2019-02-24 04:02 /myfile2._COPYING_
-rw-r--r--   3 root supergroup  268435456 2019-02-24 04:02 /myfile20._COPYING_
-rw-r--r--   3 root supergroup 1073741824 2019-02-24 04:01 /myfile3
-rw-r--r--   3 root supergroup  402653184 2019-02-24 04:02 /myfile4._COPYING_
-rw-r--r--   3 root supergroup  402653184 2019-02-24 04:02 /myfile5._COPYING_
-rw-r--r--   3 root supergroup 1073741824 2019-02-24 04:01 /myfile6
-rw-r--r--   3 root supergroup 1073741824 2019-02-24 03:59 /myfile7
-rw-r--r--   3 root supergroup 1073741824 2019-02-24 04:02 /myfile8
-rw-r--r--   3 root supergroup 1073741824 2019-02-24 03:59 /myfile9
file 8 has been put into HDFS
file 8 has been read from HDFS for 1 time
diff succeed!
file 8 has been read from HDFS for 2 time
diff succeed!
file 8 has been read from HDFS for 3 time
diff succeed!
file 8 has been read from HDFS for 4 time
diff succeed!
file 8 has been read from HDFS for 5 time
diff succeed!
file 8 has been read from HDFS for 6 time
diff succeed!
file 8 has been read from HDFS for 7 time
diff succeed!
file 8 has been read from HDFS for 8 time
diff succeed!
file 8 has been read from HDFS for 9 time
diff succeed!
file 8 has been read from HDFS for 10 time
diff succeed!
Deleted /myfile8
file 8 has been removed from HDFS
Found 19 items
-rw-r--r--   3 root supergroup 1073741824 2019-02-24 04:03 /myfile1
-rw-r--r--   3 root supergroup 1073741824 2019-02-24 04:02 /myfile10
-rw-r--r--   3 root supergroup 1073741824 2019-02-24 04:03 /myfile11
-rw-r--r--   3 root supergroup 1073741824 2019-02-24 04:05 /myfile12
-rw-r--r--   3 root supergroup 1073741824 2019-02-24 04:06 /myfile13
-rw-r--r--   3 root supergroup 1073741824 2019-02-24 04:01 /myfile14
-rw-r--r--   3 root supergroup 1073741824 2019-02-24 04:03 /myfile15
-rw-r--r--   3 root supergroup 1073741824 2019-02-24 04:04 /myfile16
-rw-r--r--   3 root supergroup 1073741824 2019-02-24 04:06 /myfile17
-rw-r--r--   3 root supergroup 1073741824 2019-02-24 04:05 /myfile18
-rw-r--r--   3 root supergroup 1073741824 2019-02-24 04:03 /myfile19
-rw-r--r--   3 root supergroup 1073741824 2019-02-24 04:02 /myfile2
-rw-r--r--   3 root supergroup 1073741824 2019-02-24 04:02 /myfile20
-rw-r--r--   3 root supergroup 1073741824 2019-02-24 04:05 /myfile3
-rw-r--r--   3 root supergroup 1073741824 2019-02-24 04:02 /myfile4
-rw-r--r--   3 root supergroup 1073741824 2019-02-24 04:05 /myfile6
-rw-r--r--   3 root supergroup 1073741824 2019-02-24 04:04 /myfile7
-rw-r--r--   3 root supergroup 1073741824 2019-02-24 04:06 /myfile8
-rw-r--r--   3 root supergroup 1073741824 2019-02-24 04:04 /myfile9
file 8 has been put into HDFS
file 8 has been read from HDFS for 1 time
diff succeed!
file 8 has been read from HDFS for 2 time
diff succeed!
file 8 has been read from HDFS for 3 time
diff succeed!
file 8 has been read from HDFS for 4 time
diff succeed!
file 8 has been read from HDFS for 5 time
diff succeed!
file 8 has been read from HDFS for 6 time
diff succeed!
file 8 has been read from HDFS for 7 time
diff succeed!
file 8 has been read from HDFS for 8 time
diff succeed!
file 8 has been read from HDFS for 9 time
diff succeed!
file 8 has been read from HDFS for 10 time
diff succeed!
Deleted /myfile8
file 8 has been removed from HDFS
Found 20 items
-rw-r--r--   3 root supergroup 1073741824 2019-02-24 04:08 /myfile1
-rw-r--r--   3 root supergroup 1073741824 2019-02-24 04:08 /myfile10
-rw-r--r--   3 root supergroup 1073741824 2019-02-24 04:08 /myfile11
-rw-r--r--   3 root supergroup 1073741824 2019-02-24 04:08 /myfile12
-rw-r--r--   3 root supergroup 1073741824 2019-02-24 04:10 /myfile13
-rw-r--r--   3 root supergroup 1073741824 2019-02-24 04:08 /myfile14
-rw-r--r--   3 root supergroup 1073741824 2019-02-24 04:09 /myfile15
-rw-r--r--   3 root supergroup 1073741824 2019-02-24 04:08 /myfile16
-rw-r--r--   3 root supergroup 1073741824 2019-02-24 04:11 /myfile17
-rw-r--r--   3 root supergroup 1073741824 2019-02-24 04:09 /myfile18
-rw-r--r--   3 root supergroup 1073741824 2019-02-24 04:09 /myfile19
-rw-r--r--   3 root supergroup 1073741824 2019-02-24 04:08 /myfile2
-rw-r--r--   3 root supergroup 1073741824 2019-02-24 04:08 /myfile20
-rw-r--r--   3 root supergroup 1073741824 2019-02-24 04:09 /myfile3
-rw-r--r--   3 root supergroup 1073741824 2019-02-24 04:08 /myfile4
-rw-r--r--   3 root supergroup 1073741824 2019-02-24 04:11 /myfile5
-rw-r--r--   3 root supergroup 1073741824 2019-02-24 04:09 /myfile6
-rw-r--r--   3 root supergroup 1073741824 2019-02-24 04:10 /myfile7
-rw-r--r--   3 root supergroup 1073741824 2019-02-24 04:11 /myfile8
-rw-r--r--   3 root supergroup 1073741824 2019-02-24 04:08 /myfile9
file 8 has been put into HDFS
file 8 has been read from HDFS for 1 time
diff succeed!
file 8 has been read from HDFS for 2 time
diff succeed!
file 8 has been read from HDFS for 3 time
diff succeed!
file 8 has been read from HDFS for 4 time
diff succeed!
file 8 has been read from HDFS for 5 time
diff succeed!
file 8 has been read from HDFS for 6 time
diff succeed!
file 8 has been read from HDFS for 7 time
diff succeed!
file 8 has been read from HDFS for 8 time
diff succeed!
file 8 has been read from HDFS for 9 time
diff succeed!
file 8 has been read from HDFS for 10 time
diff succeed!
Deleted /myfile8
file 8 has been removed from HDFS
Found 20 items
-rw-r--r--   3 root supergroup 1073741824 2019-02-24 04:12 /myfile1
-rw-r--r--   3 root supergroup 1073741824 2019-02-24 04:12 /myfile10
-rw-r--r--   3 root supergroup 1073741824 2019-02-24 04:12 /myfile11
-rw-r--r--   3 root supergroup 1073741824 2019-02-24 04:12 /myfile12
-rw-r--r--   3 root supergroup 1073741824 2019-02-24 04:10 /myfile13
-rw-r--r--   3 root supergroup 1073741824 2019-02-24 04:14 /myfile14
-rw-r--r--   3 root supergroup 1073741824 2019-02-24 04:13 /myfile15
-rw-r--r--   3 root supergroup 1073741824 2019-02-24 04:12 /myfile16
-rw-r--r--   3 root supergroup 1073741824 2019-02-24 04:14 /myfile17
-rw-r--r--   3 root supergroup 1073741824 2019-02-24 04:13 /myfile18
-rw-r--r--   3 root supergroup 1073741824 2019-02-24 04:14 /myfile19
-rw-r--r--   3 root supergroup 1073741824 2019-02-24 04:14 /myfile2
-rw-r--r--   3 root supergroup 1073741824 2019-02-24 04:12 /myfile20
-rw-r--r--   3 root supergroup 1073741824 2019-02-24 04:14 /myfile3
-rw-r--r--   3 root supergroup 1073741824 2019-02-24 04:14 /myfile4
-rw-r--r--   3 root supergroup 1073741824 2019-02-24 04:14 /myfile5
-rw-r--r--   3 root supergroup 1073741824 2019-02-24 04:09 /myfile6
-rw-r--r--   3 root supergroup 1073741824 2019-02-24 04:14 /myfile7
-rw-r--r--   3 root supergroup 1073741824 2019-02-24 04:14 /myfile8
-rw-r--r--   3 root supergroup 1073741824 2019-02-24 04:13 /myfile9
file 8 has been put into HDFS
file 8 has been read from HDFS for 1 time
diff succeed!
file 8 has been read from HDFS for 2 time
diff succeed!
file 8 has been read from HDFS for 3 time
diff succeed!
file 8 has been read from HDFS for 4 time
diff succeed!
file 8 has been read from HDFS for 5 time
diff succeed!
file 8 has been read from HDFS for 6 time
diff succeed!
file 8 has been read from HDFS for 7 time
diff succeed!
file 8 has been read from HDFS for 8 time
diff succeed!
file 8 has been read from HDFS for 9 time
diff succeed!
file 8 has been read from HDFS for 10 time
diff succeed!
Deleted /myfile8
file 8 has been removed from HDFS
2019-02-24 04:18:25,157 INFO retry.RetryInvocationHandler: org.apache.hadoop.ipc.RemoteException(org.apache.hadoop.ipc.RetriableException): org.apache.hadoop.hdfs.server.namenode.SafeModeException: Cannot create file/myfile8._COPYING_. Name node is in safe mode.
The reported blocks 136 has reached the threshold 0.9990 of total blocks 136. The number of live datanodes 3 has reached the minimum number 0. In safe mode extension. Safe mode will be turned off automatically in 23 seconds. NamenodeHostName:node-1-link-0
	at org.apache.hadoop.hdfs.server.namenode.FSNamesystem.checkNameNodeSafeMode(FSNamesystem.java:1441)
	at org.apache.hadoop.hdfs.server.namenode.FSNamesystem.startFileInt(FSNamesystem.java:2401)
	at org.apache.hadoop.hdfs.server.namenode.FSNamesystem.startFile(FSNamesystem.java:2347)
	at org.apache.hadoop.hdfs.server.namenode.NameNodeRpcServer.create(NameNodeRpcServer.java:774)
	at org.apache.hadoop.hdfs.protocolPB.ClientNamenodeProtocolServerSideTranslatorPB.create(ClientNamenodeProtocolServerSideTranslatorPB.java:462)
	at org.apache.hadoop.hdfs.protocol.proto.ClientNamenodeProtocolProtos$ClientNamenodeProtocol$2.callBlockingMethod(ClientNamenodeProtocolProtos.java)
	at org.apache.hadoop.ipc.ProtobufRpcEngine$Server$ProtoBufRpcInvoker.call(ProtobufRpcEngine.java:523)
	at org.apache.hadoop.ipc.RPC$Server.call(RPC.java:991)
	at org.apache.hadoop.ipc.Server$RpcCall.run(Server.java:872)
	at org.apache.hadoop.ipc.Server$RpcCall.run(Server.java:818)
	at java.security.AccessController.doPrivileged(Native Method)
	at javax.security.auth.Subject.doAs(Subject.java:422)
	at org.apache.hadoop.security.UserGroupInformation.doAs(UserGroupInformation.java:1729)
	at org.apache.hadoop.ipc.Server$Handler.run(Server.java:2678)
Caused by: org.apache.hadoop.hdfs.server.namenode.SafeModeException: Cannot create file/myfile8._COPYING_. Name node is in safe mode.
The reported blocks 136 has reached the threshold 0.9990 of total blocks 136. The number of live datanodes 3 has reached the minimum number 0. In safe mode extension. Safe mode will be turned off automatically in 23 seconds. NamenodeHostName:node-1-link-0
	at org.apache.hadoop.hdfs.server.namenode.FSNamesystem.newSafemodeException(FSNamesystem.java:1450)
	at org.apache.hadoop.hdfs.server.namenode.FSNamesystem.checkNameNodeSafeMode(FSNamesystem.java:1437)
	... 13 more
, while invoking ClientNamenodeProtocolTranslatorPB.create over node-1-link-0/10.10.1.4:8020. Retrying immediately.
2019-02-24 04:18:25,162 INFO retry.RetryInvocationHandler: org.apache.hadoop.ipc.RemoteException(org.apache.hadoop.ipc.RetriableException): org.apache.hadoop.hdfs.server.namenode.SafeModeException: Cannot create file/myfile8._COPYING_. Name node is in safe mode.
The reported blocks 136 has reached the threshold 0.9990 of total blocks 136. The number of live datanodes 3 has reached the minimum number 0. In safe mode extension. Safe mode will be turned off automatically in 23 seconds. NamenodeHostName:node-1-link-0
	at org.apache.hadoop.hdfs.server.namenode.FSNamesystem.checkNameNodeSafeMode(FSNamesystem.java:1441)
	at org.apache.hadoop.hdfs.server.namenode.FSNamesystem.startFileInt(FSNamesystem.java:2401)
	at org.apache.hadoop.hdfs.server.namenode.FSNamesystem.startFile(FSNamesystem.java:2347)
	at org.apache.hadoop.hdfs.server.namenode.NameNodeRpcServer.create(NameNodeRpcServer.java:774)
	at org.apache.hadoop.hdfs.protocolPB.ClientNamenodeProtocolServerSideTranslatorPB.create(ClientNamenodeProtocolServerSideTranslatorPB.java:462)
	at org.apache.hadoop.hdfs.protocol.proto.ClientNamenodeProtocolProtos$ClientNamenodeProtocol$2.callBlockingMethod(ClientNamenodeProtocolProtos.java)
	at org.apache.hadoop.ipc.ProtobufRpcEngine$Server$ProtoBufRpcInvoker.call(ProtobufRpcEngine.java:523)
	at org.apache.hadoop.ipc.RPC$Server.call(RPC.java:991)
	at org.apache.hadoop.ipc.Server$RpcCall.run(Server.java:872)
	at org.apache.hadoop.ipc.Server$RpcCall.run(Server.java:818)
	at java.security.AccessController.doPrivileged(Native Method)
	at javax.security.auth.Subject.doAs(Subject.java:422)
	at org.apache.hadoop.security.UserGroupInformation.doAs(UserGroupInformation.java:1729)
	at org.apache.hadoop.ipc.Server$Handler.run(Server.java:2678)
Caused by: org.apache.hadoop.hdfs.server.namenode.SafeModeException: Cannot create file/myfile8._COPYING_. Name node is in safe mode.
The reported blocks 136 has reached the threshold 0.9990 of total blocks 136. The number of live datanodes 3 has reached the minimum number 0. In safe mode extension. Safe mode will be turned off automatically in 23 seconds. NamenodeHostName:node-1-link-0
	at org.apache.hadoop.hdfs.server.namenode.FSNamesystem.newSafemodeException(FSNamesystem.java:1450)
	at org.apache.hadoop.hdfs.server.namenode.FSNamesystem.checkNameNodeSafeMode(FSNamesystem.java:1437)
	... 13 more
, while invoking ClientNamenodeProtocolTranslatorPB.create over node-1-link-0/10.10.1.4:8020. Retrying after sleeping for 1355ms.
2019-02-24 04:18:26,520 INFO retry.RetryInvocationHandler: org.apache.hadoop.ipc.RemoteException(org.apache.hadoop.ipc.RetriableException): org.apache.hadoop.hdfs.server.namenode.SafeModeException: Cannot create file/myfile8._COPYING_. Name node is in safe mode.
The reported blocks 136 has reached the threshold 0.9990 of total blocks 136. The number of live datanodes 3 has reached the minimum number 0. In safe mode extension. Safe mode will be turned off automatically in 22 seconds. NamenodeHostName:node-1-link-0
	at org.apache.hadoop.hdfs.server.namenode.FSNamesystem.checkNameNodeSafeMode(FSNamesystem.java:1441)
	at org.apache.hadoop.hdfs.server.namenode.FSNamesystem.startFileInt(FSNamesystem.java:2401)
	at org.apache.hadoop.hdfs.server.namenode.FSNamesystem.startFile(FSNamesystem.java:2347)
	at org.apache.hadoop.hdfs.server.namenode.NameNodeRpcServer.create(NameNodeRpcServer.java:774)
	at org.apache.hadoop.hdfs.protocolPB.ClientNamenodeProtocolServerSideTranslatorPB.create(ClientNamenodeProtocolServerSideTranslatorPB.java:462)
	at org.apache.hadoop.hdfs.protocol.proto.ClientNamenodeProtocolProtos$ClientNamenodeProtocol$2.callBlockingMethod(ClientNamenodeProtocolProtos.java)
	at org.apache.hadoop.ipc.ProtobufRpcEngine$Server$ProtoBufRpcInvoker.call(ProtobufRpcEngine.java:523)
	at org.apache.hadoop.ipc.RPC$Server.call(RPC.java:991)
	at org.apache.hadoop.ipc.Server$RpcCall.run(Server.java:872)
	at org.apache.hadoop.ipc.Server$RpcCall.run(Server.java:818)
	at java.security.AccessController.doPrivileged(Native Method)
	at javax.security.auth.Subject.doAs(Subject.java:422)
	at org.apache.hadoop.security.UserGroupInformation.doAs(UserGroupInformation.java:1729)
	at org.apache.hadoop.ipc.Server$Handler.run(Server.java:2678)
Caused by: org.apache.hadoop.hdfs.server.namenode.SafeModeException: Cannot create file/myfile8._COPYING_. Name node is in safe mode.
The reported blocks 136 has reached the threshold 0.9990 of total blocks 136. The number of live datanodes 3 has reached the minimum number 0. In safe mode extension. Safe mode will be turned off automatically in 22 seconds. NamenodeHostName:node-1-link-0
	at org.apache.hadoop.hdfs.server.namenode.FSNamesystem.newSafemodeException(FSNamesystem.java:1450)
	at org.apache.hadoop.hdfs.server.namenode.FSNamesystem.checkNameNodeSafeMode(FSNamesystem.java:1437)
	... 13 more
, while invoking ClientNamenodeProtocolTranslatorPB.create over node-1-link-0/10.10.1.4:8020. Retrying after sleeping for 1826ms.
2019-02-24 04:18:28,352 INFO retry.RetryInvocationHandler: org.apache.hadoop.ipc.RemoteException(org.apache.hadoop.ipc.RetriableException): org.apache.hadoop.hdfs.server.namenode.SafeModeException: Cannot create file/myfile8._COPYING_. Name node is in safe mode.
The reported blocks 136 has reached the threshold 0.9990 of total blocks 136. The number of live datanodes 3 has reached the minimum number 0. In safe mode extension. Safe mode will be turned off automatically in 20 seconds. NamenodeHostName:node-1-link-0
	at org.apache.hadoop.hdfs.server.namenode.FSNamesystem.checkNameNodeSafeMode(FSNamesystem.java:1441)
	at org.apache.hadoop.hdfs.server.namenode.FSNamesystem.startFileInt(FSNamesystem.java:2401)
	at org.apache.hadoop.hdfs.server.namenode.FSNamesystem.startFile(FSNamesystem.java:2347)
	at org.apache.hadoop.hdfs.server.namenode.NameNodeRpcServer.create(NameNodeRpcServer.java:774)
	at org.apache.hadoop.hdfs.protocolPB.ClientNamenodeProtocolServerSideTranslatorPB.create(ClientNamenodeProtocolServerSideTranslatorPB.java:462)
	at org.apache.hadoop.hdfs.protocol.proto.ClientNamenodeProtocolProtos$ClientNamenodeProtocol$2.callBlockingMethod(ClientNamenodeProtocolProtos.java)
	at org.apache.hadoop.ipc.ProtobufRpcEngine$Server$ProtoBufRpcInvoker.call(ProtobufRpcEngine.java:523)
	at org.apache.hadoop.ipc.RPC$Server.call(RPC.java:991)
	at org.apache.hadoop.ipc.Server$RpcCall.run(Server.java:872)
	at org.apache.hadoop.ipc.Server$RpcCall.run(Server.java:818)
	at java.security.AccessController.doPrivileged(Native Method)
	at javax.security.auth.Subject.doAs(Subject.java:422)
	at org.apache.hadoop.security.UserGroupInformation.doAs(UserGroupInformation.java:1729)
	at org.apache.hadoop.ipc.Server$Handler.run(Server.java:2678)
Caused by: org.apache.hadoop.hdfs.server.namenode.SafeModeException: Cannot create file/myfile8._COPYING_. Name node is in safe mode.
The reported blocks 136 has reached the threshold 0.9990 of total blocks 136. The number of live datanodes 3 has reached the minimum number 0. In safe mode extension. Safe mode will be turned off automatically in 20 seconds. NamenodeHostName:node-1-link-0
	at org.apache.hadoop.hdfs.server.namenode.FSNamesystem.newSafemodeException(FSNamesystem.java:1450)
	at org.apache.hadoop.hdfs.server.namenode.FSNamesystem.checkNameNodeSafeMode(FSNamesystem.java:1437)
	... 13 more
, while invoking ClientNamenodeProtocolTranslatorPB.create over node-1-link-0/10.10.1.4:8020. Retrying after sleeping for 4566ms.
2019-02-24 04:18:32,923 INFO retry.RetryInvocationHandler: org.apache.hadoop.ipc.RemoteException(org.apache.hadoop.ipc.RetriableException): org.apache.hadoop.hdfs.server.namenode.SafeModeException: Cannot create file/myfile8._COPYING_. Name node is in safe mode.
The reported blocks 136 has reached the threshold 0.9990 of total blocks 136. The number of live datanodes 3 has reached the minimum number 0. In safe mode extension. Safe mode will be turned off automatically in 16 seconds. NamenodeHostName:node-1-link-0
	at org.apache.hadoop.hdfs.server.namenode.FSNamesystem.checkNameNodeSafeMode(FSNamesystem.java:1441)
	at org.apache.hadoop.hdfs.server.namenode.FSNamesystem.startFileInt(FSNamesystem.java:2401)
	at org.apache.hadoop.hdfs.server.namenode.FSNamesystem.startFile(FSNamesystem.java:2347)
	at org.apache.hadoop.hdfs.server.namenode.NameNodeRpcServer.create(NameNodeRpcServer.java:774)
	at org.apache.hadoop.hdfs.protocolPB.ClientNamenodeProtocolServerSideTranslatorPB.create(ClientNamenodeProtocolServerSideTranslatorPB.java:462)
	at org.apache.hadoop.hdfs.protocol.proto.ClientNamenodeProtocolProtos$ClientNamenodeProtocol$2.callBlockingMethod(ClientNamenodeProtocolProtos.java)
	at org.apache.hadoop.ipc.ProtobufRpcEngine$Server$ProtoBufRpcInvoker.call(ProtobufRpcEngine.java:523)
	at org.apache.hadoop.ipc.RPC$Server.call(RPC.java:991)
	at org.apache.hadoop.ipc.Server$RpcCall.run(Server.java:872)
	at org.apache.hadoop.ipc.Server$RpcCall.run(Server.java:818)
	at java.security.AccessController.doPrivileged(Native Method)
	at javax.security.auth.Subject.doAs(Subject.java:422)
	at org.apache.hadoop.security.UserGroupInformation.doAs(UserGroupInformation.java:1729)
	at org.apache.hadoop.ipc.Server$Handler.run(Server.java:2678)
Caused by: org.apache.hadoop.hdfs.server.namenode.SafeModeException: Cannot create file/myfile8._COPYING_. Name node is in safe mode.
The reported blocks 136 has reached the threshold 0.9990 of total blocks 136. The number of live datanodes 3 has reached the minimum number 0. In safe mode extension. Safe mode will be turned off automatically in 16 seconds. NamenodeHostName:node-1-link-0
	at org.apache.hadoop.hdfs.server.namenode.FSNamesystem.newSafemodeException(FSNamesystem.java:1450)
	at org.apache.hadoop.hdfs.server.namenode.FSNamesystem.checkNameNodeSafeMode(FSNamesystem.java:1437)
	... 13 more
, while invoking ClientNamenodeProtocolTranslatorPB.create over node-1-link-0/10.10.1.4:8020. Retrying after sleeping for 6810ms.
2019-02-24 04:18:39,736 INFO retry.RetryInvocationHandler: org.apache.hadoop.ipc.RemoteException(org.apache.hadoop.ipc.RetriableException): org.apache.hadoop.hdfs.server.namenode.SafeModeException: Cannot create file/myfile8._COPYING_. Name node is in safe mode.
The reported blocks 136 has reached the threshold 0.9990 of total blocks 136. The number of live datanodes 3 has reached the minimum number 0. In safe mode extension. Safe mode will be turned off automatically in 9 seconds. NamenodeHostName:node-1-link-0
	at org.apache.hadoop.hdfs.server.namenode.FSNamesystem.checkNameNodeSafeMode(FSNamesystem.java:1441)
	at org.apache.hadoop.hdfs.server.namenode.FSNamesystem.startFileInt(FSNamesystem.java:2401)
	at org.apache.hadoop.hdfs.server.namenode.FSNamesystem.startFile(FSNamesystem.java:2347)
	at org.apache.hadoop.hdfs.server.namenode.NameNodeRpcServer.create(NameNodeRpcServer.java:774)
	at org.apache.hadoop.hdfs.protocolPB.ClientNamenodeProtocolServerSideTranslatorPB.create(ClientNamenodeProtocolServerSideTranslatorPB.java:462)
	at org.apache.hadoop.hdfs.protocol.proto.ClientNamenodeProtocolProtos$ClientNamenodeProtocol$2.callBlockingMethod(ClientNamenodeProtocolProtos.java)
	at org.apache.hadoop.ipc.ProtobufRpcEngine$Server$ProtoBufRpcInvoker.call(ProtobufRpcEngine.java:523)
	at org.apache.hadoop.ipc.RPC$Server.call(RPC.java:991)
	at org.apache.hadoop.ipc.Server$RpcCall.run(Server.java:872)
	at org.apache.hadoop.ipc.Server$RpcCall.run(Server.java:818)
	at java.security.AccessController.doPrivileged(Native Method)
	at javax.security.auth.Subject.doAs(Subject.java:422)
	at org.apache.hadoop.security.UserGroupInformation.doAs(UserGroupInformation.java:1729)
	at org.apache.hadoop.ipc.Server$Handler.run(Server.java:2678)
Caused by: org.apache.hadoop.hdfs.server.namenode.SafeModeException: Cannot create file/myfile8._COPYING_. Name node is in safe mode.
The reported blocks 136 has reached the threshold 0.9990 of total blocks 136. The number of live datanodes 3 has reached the minimum number 0. In safe mode extension. Safe mode will be turned off automatically in 9 seconds. NamenodeHostName:node-1-link-0
	at org.apache.hadoop.hdfs.server.namenode.FSNamesystem.newSafemodeException(FSNamesystem.java:1450)
	at org.apache.hadoop.hdfs.server.namenode.FSNamesystem.checkNameNodeSafeMode(FSNamesystem.java:1437)
	... 13 more
, while invoking ClientNamenodeProtocolTranslatorPB.create over node-1-link-0/10.10.1.4:8020. Retrying after sleeping for 14234ms.
Found 18 items
-rw-r--r--   3 root supergroup 1073741824 2019-02-24 04:16 /myfile10
-rw-r--r--   3 root supergroup 1073741824 2019-02-24 04:17 /myfile11
-rw-r--r--   3 root supergroup 1073741824 2019-02-24 04:16 /myfile12
-rw-r--r--   3 root supergroup 1073741824 2019-02-24 04:16 /myfile13
-rw-r--r--   3 root supergroup 1073741824 2019-02-24 04:18 /myfile14
-rw-r--r--   3 root supergroup 1073741824 2019-02-24 04:17 /myfile15
-rw-r--r--   3 root supergroup 1073741824 2019-02-24 04:16 /myfile16
-rw-r--r--   3 root supergroup 1073741824 2019-02-24 04:19 /myfile17
-rw-r--r--   3 root supergroup 1073741824 2019-02-24 04:16 /myfile18
-rw-r--r--   3 root supergroup 1073741824 2019-02-24 04:18 /myfile19
-rw-r--r--   3 root supergroup 1073741824 2019-02-24 04:19 /myfile2
-rw-r--r--   3 root supergroup 1073741824 2019-02-24 04:16 /myfile20
-rw-r--r--   3 root supergroup  805306368 2019-02-24 04:19 /myfile3._COPYING_
-rw-r--r--   3 root supergroup 1073741824 2019-02-24 04:18 /myfile4
-rw-r--r--   3 root supergroup 1073741824 2019-02-24 04:19 /myfile5
-rw-r--r--   3 root supergroup 1073741824 2019-02-24 04:16 /myfile6
-rw-r--r--   3 root supergroup 1073741824 2019-02-24 04:18 /myfile7
-rw-r--r--   3 root supergroup 1073741824 2019-02-24 04:19 /myfile8
file 8 has been put into HDFS
file 8 has been read from HDFS for 1 time
diff succeed!
file 8 has been read from HDFS for 2 time
diff succeed!
file 8 has been read from HDFS for 3 time
diff succeed!
file 8 has been read from HDFS for 4 time
diff succeed!
file 8 has been read from HDFS for 5 time
diff succeed!
file 8 has been read from HDFS for 6 time
diff succeed!
file 8 has been read from HDFS for 7 time
diff succeed!
file 8 has been read from HDFS for 8 time
diff succeed!
file 8 has been read from HDFS for 9 time
diff succeed!
file 8 has been read from HDFS for 10 time
diff succeed!
Deleted /myfile8
file 8 has been removed from HDFS
Found 20 items
-rw-r--r--   3 root supergroup 1073741824 2019-02-24 04:19 /myfile1
-rw-r--r--   3 root supergroup 1073741824 2019-02-24 04:20 /myfile10
-rw-r--r--   3 root supergroup 1073741824 2019-02-24 04:21 /myfile11
-rw-r--r--   3 root supergroup 1073741824 2019-02-24 04:21 /myfile12
-rw-r--r--   3 root supergroup 1073741824 2019-02-24 04:20 /myfile13
-rw-r--r--   3 root supergroup 1073741824 2019-02-24 04:22 /myfile14
-rw-r--r--   3 root supergroup 1073741824 2019-02-24 04:22 /myfile15
-rw-r--r--   3 root supergroup 1073741824 2019-02-24 04:21 /myfile16
-rw-r--r--   3 root supergroup 1073741824 2019-02-24 04:23 /myfile17
-rw-r--r--   3 root supergroup 1073741824 2019-02-24 04:21 /myfile18
-rw-r--r--   3 root supergroup 1073741824 2019-02-24 04:22 /myfile19
-rw-r--r--   3 root supergroup 1073741824 2019-02-24 04:23 /myfile2
-rw-r--r--   3 root supergroup 1073741824 2019-02-24 04:20 /myfile20
-rw-r--r--   3 root supergroup 1073741824 2019-02-24 04:23 /myfile3
-rw-r--r--   3 root supergroup 1073741824 2019-02-24 04:22 /myfile4
-rw-r--r--   3 root supergroup 1073741824 2019-02-24 04:19 /myfile5
-rw-r--r--   3 root supergroup 1073741824 2019-02-24 04:20 /myfile6
-rw-r--r--   3 root supergroup 1073741824 2019-02-24 04:22 /myfile7
-rw-r--r--   3 root supergroup 1073741824 2019-02-24 04:23 /myfile8
-rw-r--r--   3 root supergroup 1073741824 2019-02-24 04:23 /myfile9
file 8 has been put into HDFS
file 8 has been read from HDFS for 1 time
diff succeed!
file 8 has been read from HDFS for 2 time
diff succeed!
file 8 has been read from HDFS for 3 time
diff succeed!
file 8 has been read from HDFS for 4 time
diff succeed!
file 8 has been read from HDFS for 5 time
diff succeed!
file 8 has been read from HDFS for 6 time
diff succeed!
file 8 has been read from HDFS for 7 time
diff succeed!
file 8 has been read from HDFS for 8 time
diff succeed!
file 8 has been read from HDFS for 9 time
diff succeed!
file 8 has been read from HDFS for 10 time
diff succeed!
Deleted /myfile8
file 8 has been removed from HDFS
2019-02-24 04:28:48,248 INFO retry.RetryInvocationHandler: java.net.ConnectException: Call From clnode076.clemson.cloudlab.us/130.127.133.85 to node-1-link-0:8020 failed on connection exception: java.net.ConnectException: Connection refused; For more details see:  http://wiki.apache.org/hadoop/ConnectionRefused, while invoking ClientNamenodeProtocolTranslatorPB.addBlock over node-1-link-0/10.10.1.4:8020. Trying to failover immediately.
Found 18 items
-rw-r--r--   3 root supergroup  268435456 2019-02-24 04:28 /myfile1._COPYING_
-rw-r--r--   3 root supergroup  805306368 2019-02-24 04:28 /myfile10._COPYING_
-rw-r--r--   3 root supergroup 1073741824 2019-02-24 04:25 /myfile12
-rw-r--r--   3 root supergroup 1073741824 2019-02-24 04:27 /myfile14
-rw-r--r--   3 root supergroup 1073741824 2019-02-24 04:26 /myfile15
-rw-r--r--   3 root supergroup 1073741824 2019-02-24 04:25 /myfile16
-rw-r--r--   3 root supergroup 1073741824 2019-02-24 04:27 /myfile17
-rw-r--r--   3 root supergroup 1073741824 2019-02-24 04:25 /myfile18
-rw-r--r--   3 root supergroup 1073741824 2019-02-24 04:26 /myfile19
-rw-r--r--   3 root supergroup 1073741824 2019-02-24 04:27 /myfile2
-rw-r--r--   3 root supergroup  939524096 2019-02-24 04:28 /myfile20._COPYING_
-rw-r--r--   3 root supergroup 1073741824 2019-02-24 04:28 /myfile3
-rw-r--r--   3 root supergroup 1073741824 2019-02-24 04:27 /myfile4
-rw-r--r--   3 root supergroup 1073741824 2019-02-24 04:24 /myfile5
-rw-r--r--   3 root supergroup 1073741824 2019-02-24 04:24 /myfile6
-rw-r--r--   3 root supergroup 1073741824 2019-02-24 04:27 /myfile7
-rw-r--r--   3 root supergroup 1073741824 2019-02-24 04:28 /myfile8
-rw-r--r--   3 root supergroup 1073741824 2019-02-24 04:27 /myfile9
file 8 has been put into HDFS
file 8 has been read from HDFS for 1 time
diff succeed!
file 8 has been read from HDFS for 2 time
diff succeed!
file 8 has been read from HDFS for 3 time
diff succeed!
file 8 has been read from HDFS for 4 time
diff succeed!
file 8 has been read from HDFS for 5 time
diff succeed!
file 8 has been read from HDFS for 6 time
diff succeed!
file 8 has been read from HDFS for 7 time
diff succeed!
file 8 has been read from HDFS for 8 time
diff succeed!
file 8 has been read from HDFS for 9 time
diff succeed!
file 8 has been read from HDFS for 10 time
diff succeed!
Deleted /myfile8
file 8 has been removed from HDFS
Found 19 items
-rw-r--r--   3 root supergroup 1073741824 2019-02-24 04:33 /myfile1
-rw-r--r--   3 root supergroup 1073741824 2019-02-24 04:33 /myfile10
-rw-r--r--   3 root supergroup 1073741824 2019-02-24 04:29 /myfile11
-rw-r--r--   3 root supergroup 1073741824 2019-02-24 04:33 /myfile12
-rw-r--r--   3 root supergroup 1073741824 2019-02-24 04:29 /myfile13
-rw-r--r--   3 root supergroup 1073741824 2019-02-24 04:31 /myfile14
-rw-r--r--   3 root supergroup 1073741824 2019-02-24 04:31 /myfile15
-rw-r--r--   3 root supergroup 1073741824 2019-02-24 04:31 /myfile17
-rw-r--r--   3 root supergroup 1073741824 2019-02-24 04:30 /myfile18
-rw-r--r--   3 root supergroup 1073741824 2019-02-24 04:31 /myfile19
-rw-r--r--   3 root supergroup 1073741824 2019-02-24 04:32 /myfile2
-rw-r--r--   3 root supergroup 1073741824 2019-02-24 04:33 /myfile20
-rw-r--r--   3 root supergroup 1073741824 2019-02-24 04:33 /myfile3
-rw-r--r--   3 root supergroup 1073741824 2019-02-24 04:31 /myfile4
-rw-r--r--   3 root supergroup 1073741824 2019-02-24 04:30 /myfile5
-rw-r--r--   3 root supergroup 1073741824 2019-02-24 04:30 /myfile6
-rw-r--r--   3 root supergroup 1073741824 2019-02-24 04:31 /myfile7
-rw-r--r--   3 root supergroup 1073741824 2019-02-24 04:33 /myfile8
-rw-r--r--   3 root supergroup 1073741824 2019-02-24 04:31 /myfile9
file 8 has been put into HDFS
file 8 has been read from HDFS for 1 time
diff succeed!
file 8 has been read from HDFS for 2 time
diff succeed!
file 8 has been read from HDFS for 3 time
diff succeed!
file 8 has been read from HDFS for 4 time
diff succeed!
file 8 has been read from HDFS for 5 time
diff succeed!
file 8 has been read from HDFS for 6 time
diff succeed!
file 8 has been read from HDFS for 7 time
diff succeed!
file 8 has been read from HDFS for 8 time
diff succeed!
file 8 has been read from HDFS for 9 time
diff succeed!
file 8 has been read from HDFS for 10 time
diff succeed!
Deleted /myfile8
file 8 has been removed from HDFS
Found 19 items
-rw-r--r--   3 root supergroup 1073741824 2019-02-24 04:33 /myfile1
-rw-r--r--   3 root supergroup 1073741824 2019-02-24 04:37 /myfile10
-rw-r--r--   3 root supergroup 1073741824 2019-02-24 04:37 /myfile12
-rw-r--r--   3 root supergroup 1073741824 2019-02-24 04:34 /myfile13
-rw-r--r--   3 root supergroup 1073741824 2019-02-24 04:36 /myfile14
-rw-r--r--   3 root supergroup 1073741824 2019-02-24 04:36 /myfile15
-rw-r--r--   3 root supergroup  805306368 2019-02-24 04:37 /myfile16._COPYING_
-rw-r--r--   3 root supergroup 1073741824 2019-02-24 04:35 /myfile17
-rw-r--r--   3 root supergroup 1073741824 2019-02-24 04:34 /myfile18
-rw-r--r--   3 root supergroup 1073741824 2019-02-24 04:35 /myfile19
-rw-r--r--   3 root supergroup 1073741824 2019-02-24 04:36 /myfile2
-rw-r--r--   3 root supergroup 1073741824 2019-02-24 04:37 /myfile20
-rw-r--r--   3 root supergroup 1073741824 2019-02-24 04:36 /myfile3
-rw-r--r--   3 root supergroup 1073741824 2019-02-24 04:35 /myfile4
-rw-r--r--   3 root supergroup 1073741824 2019-02-24 04:34 /myfile5
-rw-r--r--   3 root supergroup 1073741824 2019-02-24 04:35 /myfile6
-rw-r--r--   3 root supergroup 1073741824 2019-02-24 04:35 /myfile7
-rw-r--r--   3 root supergroup 1073741824 2019-02-24 04:37 /myfile8
-rw-r--r--   3 root supergroup 1073741824 2019-02-24 04:36 /myfile9
file 8 has been put into HDFS
file 8 has been read from HDFS for 1 time
diff succeed!
file 8 has been read from HDFS for 2 time
diff succeed!
file 8 has been read from HDFS for 3 time
diff succeed!
file 8 has been read from HDFS for 4 time
diff succeed!
file 8 has been read from HDFS for 5 time
diff succeed!
file 8 has been read from HDFS for 6 time
diff succeed!
sub_benchmark 6 signal TERM catched and let quit gracefully
Deleted /myfile8
file 8 has been removed from HDFS
