Found 20 items
-rw-r--r--   3 root supergroup 1073741824 2019-02-20 15:51 /myfile1
-rw-r--r--   3 root supergroup  939524096 2019-02-20 15:50 /myfile10._COPYING_
-rw-r--r--   3 root supergroup 1073741824 2019-02-20 15:51 /myfile11
-rw-r--r--   3 root supergroup 1073741824 2019-02-20 15:51 /myfile12
-rw-r--r--   3 root supergroup 1073741824 2019-02-20 15:51 /myfile13
-rw-r--r--   3 root supergroup 1073741824 2019-02-20 15:51 /myfile14
-rw-r--r--   3 root supergroup  939524096 2019-02-20 15:50 /myfile15._COPYING_
-rw-r--r--   3 root supergroup  939524096 2019-02-20 15:50 /myfile16._COPYING_
-rw-r--r--   3 root supergroup 1073741824 2019-02-20 15:51 /myfile17
-rw-r--r--   3 root supergroup 1073741824 2019-02-20 15:51 /myfile18
-rw-r--r--   3 root supergroup  939524096 2019-02-20 15:50 /myfile19._COPYING_
-rw-r--r--   3 root supergroup 1073741824 2019-02-20 15:51 /myfile2
-rw-r--r--   3 root supergroup 1073741824 2019-02-20 15:51 /myfile20
-rw-r--r--   3 root supergroup  939524096 2019-02-20 15:50 /myfile3._COPYING_
-rw-r--r--   3 root supergroup 1073741824 2019-02-20 15:51 /myfile4
-rw-r--r--   3 root supergroup 1073741824 2019-02-20 15:51 /myfile5
-rw-r--r--   3 root supergroup  939524096 2019-02-20 15:50 /myfile6._COPYING_
-rw-r--r--   3 root supergroup 1073741824 2019-02-20 15:51 /myfile7
-rw-r--r--   3 root supergroup 1073741824 2019-02-20 15:51 /myfile8
-rw-r--r--   3 root supergroup 1073741824 2019-02-20 15:51 /myfile9
file 5 has been put into HDFS
file 5 has been read from HDFS for 1 time
diff succeed!
file 5 has been read from HDFS for 2 time
diff succeed!
file 5 has been read from HDFS for 3 time
diff succeed!
file 5 has been read from HDFS for 4 time
diff succeed!
file 5 has been read from HDFS for 5 time
diff succeed!
file 5 has been read from HDFS for 6 time
diff succeed!
file 5 has been read from HDFS for 7 time
diff succeed!
file 5 has been read from HDFS for 8 time
diff succeed!
file 5 has been read from HDFS for 9 time
diff succeed!
file 5 has been read from HDFS for 10 time
diff succeed!
Deleted /myfile5
file 5 has been removed from HDFS
Found 15 items
-rw-r--r--   3 root supergroup 1073741824 2019-02-20 15:55 /myfile1
-rw-r--r--   3 root supergroup 1073741824 2019-02-20 15:51 /myfile10
-rw-r--r--   3 root supergroup 1073741824 2019-02-20 15:55 /myfile11
-rw-r--r--   3 root supergroup 1073741824 2019-02-20 15:55 /myfile13
-rw-r--r--   3 root supergroup 1073741824 2019-02-20 15:51 /myfile14
-rw-r--r--   3 root supergroup 1073741824 2019-02-20 15:55 /myfile15
-rw-r--r--   3 root supergroup 1073741824 2019-02-20 15:55 /myfile16
-rw-r--r--   3 root supergroup 1073741824 2019-02-20 15:55 /myfile18
-rw-r--r--   3 root supergroup 1073741824 2019-02-20 15:51 /myfile19
-rw-r--r--   3 root supergroup 1073741824 2019-02-20 15:55 /myfile2
-rw-r--r--   3 root supergroup 1073741824 2019-02-20 15:55 /myfile20
-rw-r--r--   3 root supergroup 1073741824 2019-02-20 15:56 /myfile5
-rw-r--r--   3 root supergroup 1073741824 2019-02-20 15:55 /myfile6
-rw-r--r--   3 root supergroup 1073741824 2019-02-20 15:55 /myfile7
-rw-r--r--   3 root supergroup 1073741824 2019-02-20 15:55 /myfile9
file 5 has been put into HDFS
file 5 has been read from HDFS for 1 time
diff succeed!
file 5 has been read from HDFS for 2 time
diff succeed!
file 5 has been read from HDFS for 3 time
diff succeed!
file 5 has been read from HDFS for 4 time
diff succeed!
file 5 has been read from HDFS for 5 time
diff succeed!
file 5 has been read from HDFS for 6 time
diff succeed!
file 5 has been read from HDFS for 7 time
diff succeed!
file 5 has been read from HDFS for 8 time
diff succeed!
file 5 has been read from HDFS for 9 time
diff succeed!
file 5 has been read from HDFS for 10 time
diff succeed!
Deleted /myfile5
file 5 has been removed from HDFS
Found 20 items
-rw-r--r--   3 root supergroup 1073741824 2019-02-20 16:00 /myfile1
-rw-r--r--   3 root supergroup 1073741824 2019-02-20 15:57 /myfile10
-rw-r--r--   3 root supergroup 1073741824 2019-02-20 16:00 /myfile11
-rw-r--r--   3 root supergroup 1073741824 2019-02-20 15:57 /myfile12
-rw-r--r--   3 root supergroup 1073741824 2019-02-20 15:59 /myfile13
-rw-r--r--   3 root supergroup 1073741824 2019-02-20 15:57 /myfile14
-rw-r--r--   3 root supergroup 1073741824 2019-02-20 16:00 /myfile15
-rw-r--r--   3 root supergroup 1073741824 2019-02-20 16:00 /myfile16
-rw-r--r--   3 root supergroup 1073741824 2019-02-20 15:57 /myfile17
-rw-r--r--   3 root supergroup 1073741824 2019-02-20 16:00 /myfile18
-rw-r--r--   3 root supergroup 1073741824 2019-02-20 15:57 /myfile19
-rw-r--r--   3 root supergroup 1073741824 2019-02-20 16:00 /myfile2
-rw-r--r--   3 root supergroup 1073741824 2019-02-20 16:00 /myfile20
-rw-r--r--   3 root supergroup 1073741824 2019-02-20 15:57 /myfile3
-rw-r--r--   3 root supergroup 1073741824 2019-02-20 15:57 /myfile4
-rw-r--r--   3 root supergroup 1073741824 2019-02-20 16:00 /myfile5
-rw-r--r--   3 root supergroup 1073741824 2019-02-20 16:00 /myfile6
-rw-r--r--   3 root supergroup 1073741824 2019-02-20 16:00 /myfile7
-rw-r--r--   3 root supergroup 1073741824 2019-02-20 15:57 /myfile8
-rw-r--r--   3 root supergroup 1073741824 2019-02-20 16:00 /myfile9
file 5 has been put into HDFS
file 5 has been read from HDFS for 1 time
diff succeed!
file 5 has been read from HDFS for 2 time
diff succeed!
file 5 has been read from HDFS for 3 time
diff succeed!
file 5 has been read from HDFS for 4 time
diff succeed!
file 5 has been read from HDFS for 5 time
diff succeed!
file 5 has been read from HDFS for 6 time
diff succeed!
file 5 has been read from HDFS for 7 time
diff succeed!
file 5 has been read from HDFS for 8 time
diff succeed!
file 5 has been read from HDFS for 9 time
diff succeed!
file 5 has been read from HDFS for 10 time
diff succeed!
Deleted /myfile5
file 5 has been removed from HDFS
Found 20 items
-rw-r--r--   3 root supergroup 1073741824 2019-02-20 16:04 /myfile1
-rw-r--r--   3 root supergroup 1073741824 2019-02-20 16:04 /myfile10
-rw-r--r--   3 root supergroup 1073741824 2019-02-20 16:04 /myfile11
-rw-r--r--   3 root supergroup 1073741824 2019-02-20 16:04 /myfile12
-rw-r--r--   3 root supergroup  134217728 2019-02-20 16:05 /myfile13._COPYING_
-rw-r--r--   3 root supergroup 1073741824 2019-02-20 16:04 /myfile14
-rw-r--r--   3 root supergroup 1073741824 2019-02-20 16:04 /myfile15
-rw-r--r--   3 root supergroup 1073741824 2019-02-20 16:04 /myfile16
-rw-r--r--   3 root supergroup 1073741824 2019-02-20 16:04 /myfile17
-rw-r--r--   3 root supergroup 1073741824 2019-02-20 16:04 /myfile18
-rw-r--r--   3 root supergroup 1073741824 2019-02-20 16:02 /myfile19
-rw-r--r--   3 root supergroup 1073741824 2019-02-20 16:04 /myfile2
-rw-r--r--   3 root supergroup 1073741824 2019-02-20 16:04 /myfile20
-rw-r--r--   3 root supergroup 1073741824 2019-02-20 16:04 /myfile3
-rw-r--r--   3 root supergroup 1073741824 2019-02-20 16:02 /myfile4
-rw-r--r--   3 root supergroup 1073741824 2019-02-20 16:05 /myfile5
-rw-r--r--   3 root supergroup 1073741824 2019-02-20 16:04 /myfile6
-rw-r--r--   3 root supergroup 1073741824 2019-02-20 16:04 /myfile7
-rw-r--r--   3 root supergroup 1073741824 2019-02-20 16:02 /myfile8
-rw-r--r--   3 root supergroup 1073741824 2019-02-20 16:04 /myfile9
file 5 has been put into HDFS
file 5 has been read from HDFS for 1 time
diff succeed!
file 5 has been read from HDFS for 2 time
diff succeed!
file 5 has been read from HDFS for 3 time
diff succeed!
file 5 has been read from HDFS for 4 time
diff succeed!
file 5 has been read from HDFS for 5 time
diff succeed!
file 5 has been read from HDFS for 6 time
diff succeed!
file 5 has been read from HDFS for 7 time
diff succeed!
file 5 has been read from HDFS for 8 time
diff succeed!
file 5 has been read from HDFS for 9 time
diff succeed!
file 5 has been read from HDFS for 10 time
diff succeed!
Deleted /myfile5
file 5 has been removed from HDFS
Found 19 items
-rw-r--r--   3 root supergroup 1073741824 2019-02-20 16:09 /myfile1
-rw-r--r--   3 root supergroup 1073741824 2019-02-20 16:09 /myfile10
-rw-r--r--   3 root supergroup 1073741824 2019-02-20 16:09 /myfile11
-rw-r--r--   3 root supergroup 1073741824 2019-02-20 16:09 /myfile12
-rw-r--r--   3 root supergroup 1073741824 2019-02-20 16:06 /myfile13
-rw-r--r--   3 root supergroup 1073741824 2019-02-20 16:09 /myfile14
-rw-r--r--   3 root supergroup 1073741824 2019-02-20 16:10 /myfile15
-rw-r--r--   3 root supergroup 1073741824 2019-02-20 16:09 /myfile16
-rw-r--r--   3 root supergroup 1073741824 2019-02-20 16:09 /myfile17
-rw-r--r--   3 root supergroup 1073741824 2019-02-20 16:09 /myfile18
-rw-r--r--   3 root supergroup 1073741824 2019-02-20 16:09 /myfile19
-rw-r--r--   3 root supergroup 1073741824 2019-02-20 16:09 /myfile2
-rw-r--r--   3 root supergroup 1073741824 2019-02-20 16:10 /myfile20
-rw-r--r--   3 root supergroup 1073741824 2019-02-20 16:09 /myfile3
-rw-r--r--   3 root supergroup 1073741824 2019-02-20 16:07 /myfile4
-rw-r--r--   3 root supergroup 1073741824 2019-02-20 16:10 /myfile5
-rw-r--r--   3 root supergroup 1073741824 2019-02-20 16:09 /myfile6
-rw-r--r--   3 root supergroup 1073741824 2019-02-20 16:07 /myfile8
-rw-r--r--   3 root supergroup 1073741824 2019-02-20 16:09 /myfile9
file 5 has been put into HDFS
file 5 has been read from HDFS for 1 time
diff succeed!
file 5 has been read from HDFS for 2 time
diff succeed!
file 5 has been read from HDFS for 3 time
diff succeed!
file 5 has been read from HDFS for 4 time
diff succeed!
file 5 has been read from HDFS for 5 time
diff succeed!
file 5 has been read from HDFS for 6 time
diff succeed!
file 5 has been read from HDFS for 7 time
diff succeed!
file 5 has been read from HDFS for 8 time
diff succeed!
file 5 has been read from HDFS for 9 time
diff succeed!
file 5 has been read from HDFS for 10 time
diff succeed!
2019-02-20 16:14:34,735 INFO retry.RetryInvocationHandler: java.net.ConnectException: Call From clnode059.clemson.cloudlab.us/130.127.133.68 to node-1-link-0:8020 failed on connection exception: java.net.ConnectException: Connection refused; For more details see:  http://wiki.apache.org/hadoop/ConnectionRefused, while invoking ClientNamenodeProtocolTranslatorPB.getFileInfo over node-1-link-0/10.10.1.4:8020 after 1 failover attempts. Trying to failover after sleeping for 1448ms.
2019-02-20 16:14:36,700 INFO retry.RetryInvocationHandler: org.apache.hadoop.ipc.RemoteException(org.apache.hadoop.ipc.RetriableException): org.apache.hadoop.hdfs.server.namenode.SafeModeException: Cannot delete /myfile5. Name node is in safe mode.
The reported blocks 135 has reached the threshold 0.9990 of total blocks 135. The number of live datanodes 3 has reached the minimum number 0. In safe mode extension. Safe mode will be turned off automatically in 29 seconds. NamenodeHostName:node-0-link-0
	at org.apache.hadoop.hdfs.server.namenode.FSNamesystem.checkNameNodeSafeMode(FSNamesystem.java:1441)
	at org.apache.hadoop.hdfs.server.namenode.FSNamesystem.delete(FSNamesystem.java:2986)
	at org.apache.hadoop.hdfs.server.namenode.NameNodeRpcServer.delete(NameNodeRpcServer.java:1095)
	at org.apache.hadoop.hdfs.protocolPB.ClientNamenodeProtocolServerSideTranslatorPB.delete(ClientNamenodeProtocolServerSideTranslatorPB.java:692)
	at org.apache.hadoop.hdfs.protocol.proto.ClientNamenodeProtocolProtos$ClientNamenodeProtocol$2.callBlockingMethod(ClientNamenodeProtocolProtos.java)
	at org.apache.hadoop.ipc.ProtobufRpcEngine$Server$ProtoBufRpcInvoker.call(ProtobufRpcEngine.java:523)
	at org.apache.hadoop.ipc.RPC$Server.call(RPC.java:991)
	at org.apache.hadoop.ipc.Server$RpcCall.run(Server.java:872)
	at org.apache.hadoop.ipc.Server$RpcCall.run(Server.java:818)
	at java.security.AccessController.doPrivileged(Native Method)
	at javax.security.auth.Subject.doAs(Subject.java:422)
	at org.apache.hadoop.security.UserGroupInformation.doAs(UserGroupInformation.java:1729)
	at org.apache.hadoop.ipc.Server$Handler.run(Server.java:2678)
Caused by: org.apache.hadoop.hdfs.server.namenode.SafeModeException: Cannot delete /myfile5. Name node is in safe mode.
The reported blocks 135 has reached the threshold 0.9990 of total blocks 135. The number of live datanodes 3 has reached the minimum number 0. In safe mode extension. Safe mode will be turned off automatically in 29 seconds. NamenodeHostName:node-0-link-0
	at org.apache.hadoop.hdfs.server.namenode.FSNamesystem.newSafemodeException(FSNamesystem.java:1450)
	at org.apache.hadoop.hdfs.server.namenode.FSNamesystem.checkNameNodeSafeMode(FSNamesystem.java:1437)
	... 12 more
, while invoking ClientNamenodeProtocolTranslatorPB.delete over node-0-link-0/10.10.1.1:8020. Retrying immediately.
2019-02-20 16:14:36,702 INFO retry.RetryInvocationHandler: org.apache.hadoop.ipc.RemoteException(org.apache.hadoop.ipc.RetriableException): org.apache.hadoop.hdfs.server.namenode.SafeModeException: Cannot delete /myfile5. Name node is in safe mode.
The reported blocks 135 has reached the threshold 0.9990 of total blocks 135. The number of live datanodes 3 has reached the minimum number 0. In safe mode extension. Safe mode will be turned off automatically in 29 seconds. NamenodeHostName:node-0-link-0
	at org.apache.hadoop.hdfs.server.namenode.FSNamesystem.checkNameNodeSafeMode(FSNamesystem.java:1441)
	at org.apache.hadoop.hdfs.server.namenode.FSNamesystem.delete(FSNamesystem.java:2986)
	at org.apache.hadoop.hdfs.server.namenode.NameNodeRpcServer.delete(NameNodeRpcServer.java:1095)
	at org.apache.hadoop.hdfs.protocolPB.ClientNamenodeProtocolServerSideTranslatorPB.delete(ClientNamenodeProtocolServerSideTranslatorPB.java:692)
	at org.apache.hadoop.hdfs.protocol.proto.ClientNamenodeProtocolProtos$ClientNamenodeProtocol$2.callBlockingMethod(ClientNamenodeProtocolProtos.java)
	at org.apache.hadoop.ipc.ProtobufRpcEngine$Server$ProtoBufRpcInvoker.call(ProtobufRpcEngine.java:523)
	at org.apache.hadoop.ipc.RPC$Server.call(RPC.java:991)
	at org.apache.hadoop.ipc.Server$RpcCall.run(Server.java:872)
	at org.apache.hadoop.ipc.Server$RpcCall.run(Server.java:818)
	at java.security.AccessController.doPrivileged(Native Method)
	at javax.security.auth.Subject.doAs(Subject.java:422)
	at org.apache.hadoop.security.UserGroupInformation.doAs(UserGroupInformation.java:1729)
	at org.apache.hadoop.ipc.Server$Handler.run(Server.java:2678)
Caused by: org.apache.hadoop.hdfs.server.namenode.SafeModeException: Cannot delete /myfile5. Name node is in safe mode.
The reported blocks 135 has reached the threshold 0.9990 of total blocks 135. The number of live datanodes 3 has reached the minimum number 0. In safe mode extension. Safe mode will be turned off automatically in 29 seconds. NamenodeHostName:node-0-link-0
	at org.apache.hadoop.hdfs.server.namenode.FSNamesystem.newSafemodeException(FSNamesystem.java:1450)
	at org.apache.hadoop.hdfs.server.namenode.FSNamesystem.checkNameNodeSafeMode(FSNamesystem.java:1437)
	... 12 more
, while invoking ClientNamenodeProtocolTranslatorPB.delete over node-0-link-0/10.10.1.1:8020. Retrying after sleeping for 1209ms.
2019-02-20 16:14:37,914 INFO retry.RetryInvocationHandler: org.apache.hadoop.ipc.RemoteException(org.apache.hadoop.ipc.RetriableException): org.apache.hadoop.hdfs.server.namenode.SafeModeException: Cannot delete /myfile5. Name node is in safe mode.
The reported blocks 135 has reached the threshold 0.9990 of total blocks 135. The number of live datanodes 3 has reached the minimum number 0. In safe mode extension. Safe mode will be turned off automatically in 28 seconds. NamenodeHostName:node-0-link-0
	at org.apache.hadoop.hdfs.server.namenode.FSNamesystem.checkNameNodeSafeMode(FSNamesystem.java:1441)
	at org.apache.hadoop.hdfs.server.namenode.FSNamesystem.delete(FSNamesystem.java:2986)
	at org.apache.hadoop.hdfs.server.namenode.NameNodeRpcServer.delete(NameNodeRpcServer.java:1095)
	at org.apache.hadoop.hdfs.protocolPB.ClientNamenodeProtocolServerSideTranslatorPB.delete(ClientNamenodeProtocolServerSideTranslatorPB.java:692)
	at org.apache.hadoop.hdfs.protocol.proto.ClientNamenodeProtocolProtos$ClientNamenodeProtocol$2.callBlockingMethod(ClientNamenodeProtocolProtos.java)
	at org.apache.hadoop.ipc.ProtobufRpcEngine$Server$ProtoBufRpcInvoker.call(ProtobufRpcEngine.java:523)
	at org.apache.hadoop.ipc.RPC$Server.call(RPC.java:991)
	at org.apache.hadoop.ipc.Server$RpcCall.run(Server.java:872)
	at org.apache.hadoop.ipc.Server$RpcCall.run(Server.java:818)
	at java.security.AccessController.doPrivileged(Native Method)
	at javax.security.auth.Subject.doAs(Subject.java:422)
	at org.apache.hadoop.security.UserGroupInformation.doAs(UserGroupInformation.java:1729)
	at org.apache.hadoop.ipc.Server$Handler.run(Server.java:2678)
Caused by: org.apache.hadoop.hdfs.server.namenode.SafeModeException: Cannot delete /myfile5. Name node is in safe mode.
The reported blocks 135 has reached the threshold 0.9990 of total blocks 135. The number of live datanodes 3 has reached the minimum number 0. In safe mode extension. Safe mode will be turned off automatically in 28 seconds. NamenodeHostName:node-0-link-0
	at org.apache.hadoop.hdfs.server.namenode.FSNamesystem.newSafemodeException(FSNamesystem.java:1450)
	at org.apache.hadoop.hdfs.server.namenode.FSNamesystem.checkNameNodeSafeMode(FSNamesystem.java:1437)
	... 12 more
, while invoking ClientNamenodeProtocolTranslatorPB.delete over node-0-link-0/10.10.1.1:8020. Retrying after sleeping for 2245ms.
2019-02-20 16:14:40,163 INFO retry.RetryInvocationHandler: org.apache.hadoop.ipc.RemoteException(org.apache.hadoop.ipc.RetriableException): org.apache.hadoop.hdfs.server.namenode.SafeModeException: Cannot delete /myfile5. Name node is in safe mode.
The reported blocks 135 has reached the threshold 0.9990 of total blocks 135. The number of live datanodes 3 has reached the minimum number 0. In safe mode extension. Safe mode will be turned off automatically in 26 seconds. NamenodeHostName:node-0-link-0
	at org.apache.hadoop.hdfs.server.namenode.FSNamesystem.checkNameNodeSafeMode(FSNamesystem.java:1441)
	at org.apache.hadoop.hdfs.server.namenode.FSNamesystem.delete(FSNamesystem.java:2986)
	at org.apache.hadoop.hdfs.server.namenode.NameNodeRpcServer.delete(NameNodeRpcServer.java:1095)
	at org.apache.hadoop.hdfs.protocolPB.ClientNamenodeProtocolServerSideTranslatorPB.delete(ClientNamenodeProtocolServerSideTranslatorPB.java:692)
	at org.apache.hadoop.hdfs.protocol.proto.ClientNamenodeProtocolProtos$ClientNamenodeProtocol$2.callBlockingMethod(ClientNamenodeProtocolProtos.java)
	at org.apache.hadoop.ipc.ProtobufRpcEngine$Server$ProtoBufRpcInvoker.call(ProtobufRpcEngine.java:523)
	at org.apache.hadoop.ipc.RPC$Server.call(RPC.java:991)
	at org.apache.hadoop.ipc.Server$RpcCall.run(Server.java:872)
	at org.apache.hadoop.ipc.Server$RpcCall.run(Server.java:818)
	at java.security.AccessController.doPrivileged(Native Method)
	at javax.security.auth.Subject.doAs(Subject.java:422)
	at org.apache.hadoop.security.UserGroupInformation.doAs(UserGroupInformation.java:1729)
	at org.apache.hadoop.ipc.Server$Handler.run(Server.java:2678)
Caused by: org.apache.hadoop.hdfs.server.namenode.SafeModeException: Cannot delete /myfile5. Name node is in safe mode.
The reported blocks 135 has reached the threshold 0.9990 of total blocks 135. The number of live datanodes 3 has reached the minimum number 0. In safe mode extension. Safe mode will be turned off automatically in 26 seconds. NamenodeHostName:node-0-link-0
	at org.apache.hadoop.hdfs.server.namenode.FSNamesystem.newSafemodeException(FSNamesystem.java:1450)
	at org.apache.hadoop.hdfs.server.namenode.FSNamesystem.checkNameNodeSafeMode(FSNamesystem.java:1437)
	... 12 more
, while invoking ClientNamenodeProtocolTranslatorPB.delete over node-0-link-0/10.10.1.1:8020. Retrying after sleeping for 4996ms.
2019-02-20 16:14:45,165 INFO retry.RetryInvocationHandler: org.apache.hadoop.ipc.RemoteException(org.apache.hadoop.ipc.RetriableException): org.apache.hadoop.hdfs.server.namenode.SafeModeException: Cannot delete /myfile5. Name node is in safe mode.
The reported blocks 135 has reached the threshold 0.9990 of total blocks 135. The number of live datanodes 3 has reached the minimum number 0. In safe mode extension. Safe mode will be turned off automatically in 21 seconds. NamenodeHostName:node-0-link-0
	at org.apache.hadoop.hdfs.server.namenode.FSNamesystem.checkNameNodeSafeMode(FSNamesystem.java:1441)
	at org.apache.hadoop.hdfs.server.namenode.FSNamesystem.delete(FSNamesystem.java:2986)
	at org.apache.hadoop.hdfs.server.namenode.NameNodeRpcServer.delete(NameNodeRpcServer.java:1095)
	at org.apache.hadoop.hdfs.protocolPB.ClientNamenodeProtocolServerSideTranslatorPB.delete(ClientNamenodeProtocolServerSideTranslatorPB.java:692)
	at org.apache.hadoop.hdfs.protocol.proto.ClientNamenodeProtocolProtos$ClientNamenodeProtocol$2.callBlockingMethod(ClientNamenodeProtocolProtos.java)
	at org.apache.hadoop.ipc.ProtobufRpcEngine$Server$ProtoBufRpcInvoker.call(ProtobufRpcEngine.java:523)
	at org.apache.hadoop.ipc.RPC$Server.call(RPC.java:991)
	at org.apache.hadoop.ipc.Server$RpcCall.run(Server.java:872)
	at org.apache.hadoop.ipc.Server$RpcCall.run(Server.java:818)
	at java.security.AccessController.doPrivileged(Native Method)
	at javax.security.auth.Subject.doAs(Subject.java:422)
	at org.apache.hadoop.security.UserGroupInformation.doAs(UserGroupInformation.java:1729)
	at org.apache.hadoop.ipc.Server$Handler.run(Server.java:2678)
Caused by: org.apache.hadoop.hdfs.server.namenode.SafeModeException: Cannot delete /myfile5. Name node is in safe mode.
The reported blocks 135 has reached the threshold 0.9990 of total blocks 135. The number of live datanodes 3 has reached the minimum number 0. In safe mode extension. Safe mode will be turned off automatically in 21 seconds. NamenodeHostName:node-0-link-0
	at org.apache.hadoop.hdfs.server.namenode.FSNamesystem.newSafemodeException(FSNamesystem.java:1450)
	at org.apache.hadoop.hdfs.server.namenode.FSNamesystem.checkNameNodeSafeMode(FSNamesystem.java:1437)
	... 12 more
, while invoking ClientNamenodeProtocolTranslatorPB.delete over node-0-link-0/10.10.1.1:8020. Retrying after sleeping for 4919ms.
2019-02-20 16:14:50,087 INFO retry.RetryInvocationHandler: org.apache.hadoop.ipc.RemoteException(org.apache.hadoop.ipc.RetriableException): org.apache.hadoop.hdfs.server.namenode.SafeModeException: Cannot delete /myfile5. Name node is in safe mode.
The reported blocks 135 has reached the threshold 0.9990 of total blocks 135. The number of live datanodes 3 has reached the minimum number 0. In safe mode extension. Safe mode will be turned off automatically in 16 seconds. NamenodeHostName:node-0-link-0
	at org.apache.hadoop.hdfs.server.namenode.FSNamesystem.checkNameNodeSafeMode(FSNamesystem.java:1441)
	at org.apache.hadoop.hdfs.server.namenode.FSNamesystem.delete(FSNamesystem.java:2986)
	at org.apache.hadoop.hdfs.server.namenode.NameNodeRpcServer.delete(NameNodeRpcServer.java:1095)
	at org.apache.hadoop.hdfs.protocolPB.ClientNamenodeProtocolServerSideTranslatorPB.delete(ClientNamenodeProtocolServerSideTranslatorPB.java:692)
	at org.apache.hadoop.hdfs.protocol.proto.ClientNamenodeProtocolProtos$ClientNamenodeProtocol$2.callBlockingMethod(ClientNamenodeProtocolProtos.java)
	at org.apache.hadoop.ipc.ProtobufRpcEngine$Server$ProtoBufRpcInvoker.call(ProtobufRpcEngine.java:523)
	at org.apache.hadoop.ipc.RPC$Server.call(RPC.java:991)
	at org.apache.hadoop.ipc.Server$RpcCall.run(Server.java:872)
	at org.apache.hadoop.ipc.Server$RpcCall.run(Server.java:818)
	at java.security.AccessController.doPrivileged(Native Method)
	at javax.security.auth.Subject.doAs(Subject.java:422)
	at org.apache.hadoop.security.UserGroupInformation.doAs(UserGroupInformation.java:1729)
	at org.apache.hadoop.ipc.Server$Handler.run(Server.java:2678)
Caused by: org.apache.hadoop.hdfs.server.namenode.SafeModeException: Cannot delete /myfile5. Name node is in safe mode.
The reported blocks 135 has reached the threshold 0.9990 of total blocks 135. The number of live datanodes 3 has reached the minimum number 0. In safe mode extension. Safe mode will be turned off automatically in 16 seconds. NamenodeHostName:node-0-link-0
	at org.apache.hadoop.hdfs.server.namenode.FSNamesystem.newSafemodeException(FSNamesystem.java:1450)
	at org.apache.hadoop.hdfs.server.namenode.FSNamesystem.checkNameNodeSafeMode(FSNamesystem.java:1437)
	... 12 more
, while invoking ClientNamenodeProtocolTranslatorPB.delete over node-0-link-0/10.10.1.1:8020. Retrying after sleeping for 11017ms.
2019-02-20 16:15:01,115 INFO retry.RetryInvocationHandler: org.apache.hadoop.ipc.RemoteException(org.apache.hadoop.ipc.RetriableException): org.apache.hadoop.hdfs.server.namenode.SafeModeException: Cannot delete /myfile5. Name node is in safe mode.
The reported blocks 135 has reached the threshold 0.9990 of total blocks 135. The number of live datanodes 3 has reached the minimum number 0. In safe mode extension. Safe mode will be turned off automatically in 5 seconds. NamenodeHostName:node-0-link-0
	at org.apache.hadoop.hdfs.server.namenode.FSNamesystem.checkNameNodeSafeMode(FSNamesystem.java:1441)
	at org.apache.hadoop.hdfs.server.namenode.FSNamesystem.delete(FSNamesystem.java:2986)
	at org.apache.hadoop.hdfs.server.namenode.NameNodeRpcServer.delete(NameNodeRpcServer.java:1095)
	at org.apache.hadoop.hdfs.protocolPB.ClientNamenodeProtocolServerSideTranslatorPB.delete(ClientNamenodeProtocolServerSideTranslatorPB.java:692)
	at org.apache.hadoop.hdfs.protocol.proto.ClientNamenodeProtocolProtos$ClientNamenodeProtocol$2.callBlockingMethod(ClientNamenodeProtocolProtos.java)
	at org.apache.hadoop.ipc.ProtobufRpcEngine$Server$ProtoBufRpcInvoker.call(ProtobufRpcEngine.java:523)
	at org.apache.hadoop.ipc.RPC$Server.call(RPC.java:991)
	at org.apache.hadoop.ipc.Server$RpcCall.run(Server.java:872)
	at org.apache.hadoop.ipc.Server$RpcCall.run(Server.java:818)
	at java.security.AccessController.doPrivileged(Native Method)
	at javax.security.auth.Subject.doAs(Subject.java:422)
	at org.apache.hadoop.security.UserGroupInformation.doAs(UserGroupInformation.java:1729)
	at org.apache.hadoop.ipc.Server$Handler.run(Server.java:2678)
Caused by: org.apache.hadoop.hdfs.server.namenode.SafeModeException: Cannot delete /myfile5. Name node is in safe mode.
The reported blocks 135 has reached the threshold 0.9990 of total blocks 135. The number of live datanodes 3 has reached the minimum number 0. In safe mode extension. Safe mode will be turned off automatically in 5 seconds. NamenodeHostName:node-0-link-0
	at org.apache.hadoop.hdfs.server.namenode.FSNamesystem.newSafemodeException(FSNamesystem.java:1450)
	at org.apache.hadoop.hdfs.server.namenode.FSNamesystem.checkNameNodeSafeMode(FSNamesystem.java:1437)
	... 12 more
, while invoking ClientNamenodeProtocolTranslatorPB.delete over node-0-link-0/10.10.1.1:8020. Retrying after sleeping for 19657ms.
Deleted /myfile5
file 5 has been removed from HDFS
Found 20 items
-rw-r--r--   3 root supergroup 1073741824 2019-02-20 16:13 /myfile1
-rw-r--r--   3 root supergroup 1073741824 2019-02-20 16:14 /myfile10
-rw-r--r--   3 root supergroup 1073741824 2019-02-20 16:13 /myfile11
-rw-r--r--   3 root supergroup 1073741824 2019-02-20 16:13 /myfile12
-rw-r--r--   3 root supergroup 1073741824 2019-02-20 16:11 /myfile13
-rw-r--r--   3 root supergroup 1073741824 2019-02-20 16:13 /myfile14
-rw-r--r--   3 root supergroup 1073741824 2019-02-20 16:16 /myfile15
-rw-r--r--   3 root supergroup 1073741824 2019-02-20 16:13 /myfile16
-rw-r--r--   3 root supergroup 1073741824 2019-02-20 16:13 /myfile17
-rw-r--r--   3 root supergroup 1073741824 2019-02-20 16:15 /myfile18
-rw-r--r--   3 root supergroup 1073741824 2019-02-20 16:13 /myfile19
-rw-r--r--   3 root supergroup 1073741824 2019-02-20 16:14 /myfile2
-rw-r--r--   3 root supergroup 1073741824 2019-02-20 16:16 /myfile20
-rw-r--r--   3 root supergroup 1073741824 2019-02-20 16:13 /myfile3
-rw-r--r--   3 root supergroup 1073741824 2019-02-20 16:12 /myfile4
-rw-r--r--   3 root supergroup 1073741824 2019-02-20 16:16 /myfile5
-rw-r--r--   3 root supergroup 1073741824 2019-02-20 16:16 /myfile6
-rw-r--r--   3 root supergroup 1073741824 2019-02-20 16:16 /myfile7
-rw-r--r--   3 root supergroup  805306368 2019-02-20 16:15 /myfile8._COPYING_
-rw-r--r--   3 root supergroup 1073741824 2019-02-20 16:13 /myfile9
file 5 has been put into HDFS
file 5 has been read from HDFS for 1 time
diff succeed!
file 5 has been read from HDFS for 2 time
diff succeed!
file 5 has been read from HDFS for 3 time
diff succeed!
file 5 has been read from HDFS for 4 time
diff succeed!
file 5 has been read from HDFS for 5 time
diff succeed!
file 5 has been read from HDFS for 6 time
diff succeed!
file 5 has been read from HDFS for 7 time
diff succeed!
file 5 has been read from HDFS for 8 time
diff succeed!
file 5 has been read from HDFS for 9 time
diff succeed!
file 5 has been read from HDFS for 10 time
diff succeed!
Deleted /myfile5
file 5 has been removed from HDFS
Found 18 items
-rw-r--r--   3 root supergroup 1073741824 2019-02-20 16:20 /myfile10
-rw-r--r--   3 root supergroup 1073741824 2019-02-20 16:18 /myfile11
-rw-r--r--   3 root supergroup 1073741824 2019-02-20 16:19 /myfile12
-rw-r--r--   3 root supergroup 1073741824 2019-02-20 16:18 /myfile13
-rw-r--r--   3 root supergroup 1073741824 2019-02-20 16:19 /myfile14
-rw-r--r--   3 root supergroup 1073741824 2019-02-20 16:16 /myfile15
-rw-r--r--   3 root supergroup 1073741824 2019-02-20 16:19 /myfile16
-rw-r--r--   3 root supergroup 1073741824 2019-02-20 16:19 /myfile17
-rw-r--r--   3 root supergroup 1073741824 2019-02-20 16:20 /myfile18
-rw-r--r--   3 root supergroup 1073741824 2019-02-20 16:19 /myfile19
-rw-r--r--   3 root supergroup 1073741824 2019-02-20 16:19 /myfile2
-rw-r--r--   3 root supergroup 1073741824 2019-02-20 16:21 /myfile20
-rw-r--r--   3 root supergroup  402653184 2019-02-20 16:22 /myfile3._COPYING_
-rw-r--r--   3 root supergroup  536870912 2019-02-20 16:22 /myfile4._COPYING_
-rw-r--r--   3 root supergroup 1073741824 2019-02-20 16:22 /myfile5
-rw-r--r--   3 root supergroup 1073741824 2019-02-20 16:21 /myfile6
-rw-r--r--   3 root supergroup 1073741824 2019-02-20 16:21 /myfile8
-rw-r--r--   3 root supergroup 1073741824 2019-02-20 16:19 /myfile9
file 5 has been put into HDFS
file 5 has been read from HDFS for 1 time
diff succeed!
file 5 has been read from HDFS for 2 time
diff succeed!
file 5 has been read from HDFS for 3 time
diff succeed!
file 5 has been read from HDFS for 4 time
diff succeed!
file 5 has been read from HDFS for 5 time
diff succeed!
file 5 has been read from HDFS for 6 time
diff succeed!
2019-02-20 16:25:38,710 INFO retry.RetryInvocationHandler: java.io.IOException: DestHost:destPort node-1-link-0:8020 , LocalHost:localPort clnode059.clemson.cloudlab.us/130.127.133.68:0. Failed on local exception: java.io.IOException: Connection reset by peer, while invoking ClientNamenodeProtocolTranslatorPB.getFileInfo over node-1-link-0/10.10.1.4:8020 after 1 failover attempts. Trying to failover after sleeping for 1042ms.
2019-02-20 16:25:39,755 INFO retry.RetryInvocationHandler: org.apache.hadoop.ipc.RemoteException(org.apache.hadoop.ipc.StandbyException): Operation category READ is not supported in state standby. Visit https://s.apache.org/sbnn-error
	at org.apache.hadoop.hdfs.server.namenode.ha.StandbyState.checkOperation(StandbyState.java:88)
	at org.apache.hadoop.hdfs.server.namenode.NameNode$NameNodeHAContext.checkOperation(NameNode.java:1952)
	at org.apache.hadoop.hdfs.server.namenode.FSNamesystem.checkOperation(FSNamesystem.java:1423)
	at org.apache.hadoop.hdfs.server.namenode.FSNamesystem.getFileInfo(FSNamesystem.java:3085)
	at org.apache.hadoop.hdfs.server.namenode.NameNodeRpcServer.getFileInfo(NameNodeRpcServer.java:1154)
	at org.apache.hadoop.hdfs.protocolPB.ClientNamenodeProtocolServerSideTranslatorPB.getFileInfo(ClientNamenodeProtocolServerSideTranslatorPB.java:966)
	at org.apache.hadoop.hdfs.protocol.proto.ClientNamenodeProtocolProtos$ClientNamenodeProtocol$2.callBlockingMethod(ClientNamenodeProtocolProtos.java)
	at org.apache.hadoop.ipc.ProtobufRpcEngine$Server$ProtoBufRpcInvoker.call(ProtobufRpcEngine.java:523)
	at org.apache.hadoop.ipc.RPC$Server.call(RPC.java:991)
	at org.apache.hadoop.ipc.Server$RpcCall.run(Server.java:872)
	at org.apache.hadoop.ipc.Server$RpcCall.run(Server.java:818)
	at java.security.AccessController.doPrivileged(Native Method)
	at javax.security.auth.Subject.doAs(Subject.java:422)
	at org.apache.hadoop.security.UserGroupInformation.doAs(UserGroupInformation.java:1729)
	at org.apache.hadoop.ipc.Server$Handler.run(Server.java:2678)
, while invoking ClientNamenodeProtocolTranslatorPB.getFileInfo over node-0-link-0/10.10.1.1:8020 after 2 failover attempts. Trying to failover after sleeping for 1084ms.
2019-02-20 16:25:40,844 INFO retry.RetryInvocationHandler: java.net.ConnectException: Call From clnode059.clemson.cloudlab.us/130.127.133.68 to node-1-link-0:8020 failed on connection exception: java.net.ConnectException: Connection refused; For more details see:  http://wiki.apache.org/hadoop/ConnectionRefused, while invoking ClientNamenodeProtocolTranslatorPB.getFileInfo over node-1-link-0/10.10.1.4:8020 after 3 failover attempts. Trying to failover after sleeping for 4523ms.
file 5 has been read from HDFS for 7 time
diff succeed!
file 5 has been read from HDFS for 8 time
diff succeed!
file 5 has been read from HDFS for 9 time
diff succeed!
file 5 has been read from HDFS for 10 time
diff succeed!
Deleted /myfile5
file 5 has been removed from HDFS
Found 19 items
-rw-r--r--   3 root supergroup 1073741824 2019-02-20 16:23 /myfile1
-rw-r--r--   3 root supergroup 1073741824 2019-02-20 16:24 /myfile10
-rw-r--r--   3 root supergroup 1073741824 2019-02-20 16:25 /myfile11
-rw-r--r--   3 root supergroup 1073741824 2019-02-20 16:24 /myfile13
-rw-r--r--   3 root supergroup 1073741824 2019-02-20 16:25 /myfile14
-rw-r--r--   3 root supergroup 1073741824 2019-02-20 16:24 /myfile15
-rw-r--r--   3 root supergroup 1073741824 2019-02-20 16:24 /myfile16
-rw-r--r--   3 root supergroup 1073741824 2019-02-20 16:23 /myfile17
-rw-r--r--   3 root supergroup 1073741824 2019-02-20 16:25 /myfile18
-rw-r--r--   3 root supergroup 1073741824 2019-02-20 16:25 /myfile19
-rw-r--r--   3 root supergroup 1073741824 2019-02-20 16:24 /myfile2
-rw-r--r--   3 root supergroup 1073741824 2019-02-20 16:27 /myfile20
-rw-r--r--   3 root supergroup 1073741824 2019-02-20 16:23 /myfile3
-rw-r--r--   3 root supergroup 1073741824 2019-02-20 16:23 /myfile4
-rw-r--r--   3 root supergroup 1073741824 2019-02-20 16:27 /myfile5
-rw-r--r--   3 root supergroup 1073741824 2019-02-20 16:27 /myfile6
-rw-r--r--   3 root supergroup          0 2019-02-20 16:27 /myfile7._COPYING_
-rw-r--r--   3 root supergroup 1073741824 2019-02-20 16:27 /myfile8
-rw-r--r--   3 root supergroup 1073741824 2019-02-20 16:24 /myfile9
file 5 has been put into HDFS
file 5 has been read from HDFS for 1 time
diff succeed!
file 5 has been read from HDFS for 2 time
diff succeed!
file 5 has been read from HDFS for 3 time
diff succeed!
file 5 has been read from HDFS for 4 time
diff succeed!
file 5 has been read from HDFS for 5 time
diff succeed!
file 5 has been read from HDFS for 6 time
diff succeed!
file 5 has been read from HDFS for 7 time
diff succeed!
file 5 has been read from HDFS for 8 time
diff succeed!
file 5 has been read from HDFS for 9 time
diff succeed!
file 5 has been read from HDFS for 10 time
diff succeed!
Deleted /myfile5
file 5 has been removed from HDFS
Found 18 items
-rw-r--r--   3 root supergroup 1073741824 2019-02-20 16:29 /myfile1
-rw-r--r--   3 root supergroup 1073741824 2019-02-20 16:29 /myfile10
-rw-r--r--   3 root supergroup 1073741824 2019-02-20 16:30 /myfile11
-rw-r--r--   3 root supergroup 1073741824 2019-02-20 16:29 /myfile13
-rw-r--r--   3 root supergroup 1073741824 2019-02-20 16:30 /myfile14
-rw-r--r--   3 root supergroup 1073741824 2019-02-20 16:29 /myfile15
-rw-r--r--   3 root supergroup 1073741824 2019-02-20 16:29 /myfile16
-rw-r--r--   3 root supergroup 1073741824 2019-02-20 16:29 /myfile17
-rw-r--r--   3 root supergroup 1073741824 2019-02-20 16:30 /myfile18
-rw-r--r--   3 root supergroup 1073741824 2019-02-20 16:30 /myfile19
-rw-r--r--   3 root supergroup 1073741824 2019-02-20 16:30 /myfile2
-rw-r--r--   3 root supergroup 1073741824 2019-02-20 16:31 /myfile20
-rw-r--r--   3 root supergroup 1073741824 2019-02-20 16:29 /myfile3
-rw-r--r--   3 root supergroup 1073741824 2019-02-20 16:28 /myfile4
-rw-r--r--   3 root supergroup 1073741824 2019-02-20 16:32 /myfile5
-rw-r--r--   3 root supergroup 1073741824 2019-02-20 16:31 /myfile6
-rw-r--r--   3 root supergroup 1073741824 2019-02-20 16:31 /myfile8
-rw-r--r--   3 root supergroup 1073741824 2019-02-20 16:29 /myfile9
file 5 has been put into HDFS
file 5 has been read from HDFS for 1 time
diff succeed!
file 5 has been read from HDFS for 2 time
diff succeed!
file 5 has been read from HDFS for 3 time
diff succeed!
file 5 has been read from HDFS for 4 time
diff succeed!
file 5 has been read from HDFS for 5 time
diff succeed!
file 5 has been read from HDFS for 6 time
diff succeed!
file 5 has been read from HDFS for 7 time
diff succeed!
file 5 has been read from HDFS for 8 time
diff succeed!
file 5 has been read from HDFS for 9 time
diff succeed!
sub_benchmark 9 signal TERM catched and let quit gracefully
Deleted /myfile5
file 5 has been removed from HDFS
