Found 20 items
-rw-r--r--   3 root supergroup  939524096 2019-02-24 02:01 /myfile1._COPYING_
-rw-r--r--   3 root supergroup 1073741824 2019-02-24 02:01 /myfile10
-rw-r--r--   3 root supergroup 1073741824 2019-02-24 02:01 /myfile11
-rw-r--r--   3 root supergroup 1073741824 2019-02-24 02:01 /myfile12
-rw-r--r--   3 root supergroup 1073741824 2019-02-24 02:01 /myfile13
-rw-r--r--   3 root supergroup 1073741824 2019-02-24 02:01 /myfile14
-rw-r--r--   3 root supergroup  939524096 2019-02-24 02:01 /myfile15._COPYING_
-rw-r--r--   3 root supergroup  939524096 2019-02-24 02:01 /myfile16._COPYING_
-rw-r--r--   3 root supergroup  939524096 2019-02-24 02:01 /myfile17._COPYING_
-rw-r--r--   3 root supergroup 1073741824 2019-02-24 02:01 /myfile18
-rw-r--r--   3 root supergroup  939524096 2019-02-24 02:01 /myfile19._COPYING_
-rw-r--r--   3 root supergroup 1073741824 2019-02-24 02:01 /myfile2
-rw-r--r--   3 root supergroup 1073741824 2019-02-24 02:01 /myfile20
-rw-r--r--   3 root supergroup 1073741824 2019-02-24 02:01 /myfile3
-rw-r--r--   3 root supergroup 1073741824 2019-02-24 02:01 /myfile4
-rw-r--r--   3 root supergroup 1073741824 2019-02-24 02:01 /myfile5
-rw-r--r--   3 root supergroup 1073741824 2019-02-24 02:01 /myfile6
-rw-r--r--   3 root supergroup 1073741824 2019-02-24 02:01 /myfile7
-rw-r--r--   3 root supergroup 1073741824 2019-02-24 02:01 /myfile8
-rw-r--r--   3 root supergroup 1073741824 2019-02-24 02:01 /myfile9
file 5 has been put into HDFS
file 5 has been read from HDFS for 1 time
diff succeed!
file 5 has been read from HDFS for 2 time
diff succeed!
file 5 has been read from HDFS for 3 time
diff succeed!
file 5 has been read from HDFS for 4 time
diff succeed!
file 5 has been read from HDFS for 5 time
diff succeed!
file 5 has been read from HDFS for 6 time
diff succeed!
file 5 has been read from HDFS for 7 time
diff succeed!
file 5 has been read from HDFS for 8 time
diff succeed!
file 5 has been read from HDFS for 9 time
diff succeed!
file 5 has been read from HDFS for 10 time
diff succeed!
Deleted /myfile5
file 5 has been removed from HDFS
Found 20 items
-rw-r--r--   3 root supergroup  671088640 2019-02-24 02:05 /myfile1._COPYING_
-rw-r--r--   3 root supergroup  536870912 2019-02-24 02:05 /myfile10._COPYING_
-rw-r--r--   3 root supergroup  805306368 2019-02-24 02:05 /myfile11._COPYING_
-rw-r--r--   3 root supergroup  536870912 2019-02-24 02:05 /myfile12._COPYING_
-rw-r--r--   3 root supergroup  536870912 2019-02-24 02:05 /myfile13._COPYING_
-rw-r--r--   3 root supergroup 1073741824 2019-02-24 02:06 /myfile14
-rw-r--r--   3 root supergroup  536870912 2019-02-24 02:05 /myfile15._COPYING_
-rw-r--r--   3 root supergroup  402653184 2019-02-24 02:05 /myfile16._COPYING_
-rw-r--r--   3 root supergroup  536870912 2019-02-24 02:05 /myfile17._COPYING_
-rw-r--r--   3 root supergroup  536870912 2019-02-24 02:05 /myfile18._COPYING_
-rw-r--r--   3 root supergroup  671088640 2019-02-24 02:05 /myfile19._COPYING_
-rw-r--r--   3 root supergroup  402653184 2019-02-24 02:05 /myfile2._COPYING_
-rw-r--r--   3 root supergroup  536870912 2019-02-24 02:05 /myfile20._COPYING_
-rw-r--r--   3 root supergroup  671088640 2019-02-24 02:05 /myfile3._COPYING_
-rw-r--r--   3 root supergroup  536870912 2019-02-24 02:05 /myfile4._COPYING_
-rw-r--r--   3 root supergroup 1073741824 2019-02-24 02:06 /myfile5
-rw-r--r--   3 root supergroup  402653184 2019-02-24 02:05 /myfile6._COPYING_
-rw-r--r--   3 root supergroup  671088640 2019-02-24 02:05 /myfile7._COPYING_
-rw-r--r--   3 root supergroup  536870912 2019-02-24 02:05 /myfile8._COPYING_
-rw-r--r--   3 root supergroup  536870912 2019-02-24 02:05 /myfile9._COPYING_
file 5 has been put into HDFS
file 5 has been read from HDFS for 1 time
diff succeed!
file 5 has been read from HDFS for 2 time
diff succeed!
file 5 has been read from HDFS for 3 time
diff succeed!
file 5 has been read from HDFS for 4 time
diff succeed!
file 5 has been read from HDFS for 5 time
diff succeed!
file 5 has been read from HDFS for 6 time
diff succeed!
file 5 has been read from HDFS for 7 time
diff succeed!
file 5 has been read from HDFS for 8 time
diff succeed!
file 5 has been read from HDFS for 9 time
diff succeed!
file 5 has been read from HDFS for 10 time
diff succeed!
Deleted /myfile5
file 5 has been removed from HDFS
Found 20 items
-rw-r--r--   3 root supergroup 1073741824 2019-02-24 02:11 /myfile1
-rw-r--r--   3 root supergroup 1073741824 2019-02-24 02:11 /myfile10
-rw-r--r--   3 root supergroup  939524096 2019-02-24 02:10 /myfile11._COPYING_
-rw-r--r--   3 root supergroup  939524096 2019-02-24 02:10 /myfile12._COPYING_
-rw-r--r--   3 root supergroup 1073741824 2019-02-24 02:10 /myfile13
-rw-r--r--   3 root supergroup 1073741824 2019-02-24 02:10 /myfile14
-rw-r--r--   3 root supergroup 1073741824 2019-02-24 02:11 /myfile15
-rw-r--r--   3 root supergroup 1073741824 2019-02-24 02:11 /myfile16
-rw-r--r--   3 root supergroup 1073741824 2019-02-24 02:11 /myfile17
-rw-r--r--   3 root supergroup 1073741824 2019-02-24 02:11 /myfile18
-rw-r--r--   3 root supergroup 1073741824 2019-02-24 02:11 /myfile19
-rw-r--r--   3 root supergroup  939524096 2019-02-24 02:10 /myfile2._COPYING_
-rw-r--r--   3 root supergroup 1073741824 2019-02-24 02:11 /myfile20
-rw-r--r--   3 root supergroup 1073741824 2019-02-24 02:10 /myfile3
-rw-r--r--   3 root supergroup 1073741824 2019-02-24 02:11 /myfile4
-rw-r--r--   3 root supergroup 1073741824 2019-02-24 02:11 /myfile5
-rw-r--r--   3 root supergroup  536870912 2019-02-24 02:10 /myfile6._COPYING_
-rw-r--r--   3 root supergroup  939524096 2019-02-24 02:10 /myfile7._COPYING_
-rw-r--r--   3 root supergroup 1073741824 2019-02-24 02:11 /myfile8
-rw-r--r--   3 root supergroup 1073741824 2019-02-24 02:11 /myfile9
file 5 has been put into HDFS
file 5 has been read from HDFS for 1 time
diff succeed!
file 5 has been read from HDFS for 2 time
diff succeed!
file 5 has been read from HDFS for 3 time
diff succeed!
file 5 has been read from HDFS for 4 time
diff succeed!
file 5 has been read from HDFS for 5 time
diff succeed!
file 5 has been read from HDFS for 6 time
diff succeed!
file 5 has been read from HDFS for 7 time
diff succeed!
file 5 has been read from HDFS for 8 time
diff succeed!
file 5 has been read from HDFS for 9 time
diff succeed!
file 5 has been read from HDFS for 10 time
diff succeed!
Deleted /myfile5
file 5 has been removed from HDFS
Found 20 items
-rw-r--r--   3 root supergroup 1073741824 2019-02-24 02:16 /myfile1
-rw-r--r--   3 root supergroup 1073741824 2019-02-24 02:15 /myfile10
-rw-r--r--   3 root supergroup 1073741824 2019-02-24 02:16 /myfile11
-rw-r--r--   3 root supergroup 1073741824 2019-02-24 02:16 /myfile12
-rw-r--r--   3 root supergroup 1073741824 2019-02-24 02:15 /myfile13
-rw-r--r--   3 root supergroup 1073741824 2019-02-24 02:15 /myfile14
-rw-r--r--   3 root supergroup 1073741824 2019-02-24 02:16 /myfile15
-rw-r--r--   3 root supergroup 1073741824 2019-02-24 02:16 /myfile16
-rw-r--r--   3 root supergroup 1073741824 2019-02-24 02:15 /myfile17
-rw-r--r--   3 root supergroup 1073741824 2019-02-24 02:16 /myfile18
-rw-r--r--   3 root supergroup 1073741824 2019-02-24 02:16 /myfile19
-rw-r--r--   3 root supergroup 1073741824 2019-02-24 02:16 /myfile2
-rw-r--r--   3 root supergroup 1073741824 2019-02-24 02:15 /myfile20
-rw-r--r--   3 root supergroup 1073741824 2019-02-24 02:15 /myfile3
-rw-r--r--   3 root supergroup 1073741824 2019-02-24 02:16 /myfile4
-rw-r--r--   3 root supergroup 1073741824 2019-02-24 02:16 /myfile5
-rw-r--r--   3 root supergroup 1073741824 2019-02-24 02:16 /myfile6
-rw-r--r--   3 root supergroup 1073741824 2019-02-24 02:16 /myfile7
-rw-r--r--   3 root supergroup 1073741824 2019-02-24 02:15 /myfile8
-rw-r--r--   3 root supergroup 1073741824 2019-02-24 02:16 /myfile9
file 5 has been put into HDFS
file 5 has been read from HDFS for 1 time
diff succeed!
file 5 has been read from HDFS for 2 time
diff succeed!
file 5 has been read from HDFS for 3 time
diff succeed!
file 5 has been read from HDFS for 4 time
diff succeed!
file 5 has been read from HDFS for 5 time
diff succeed!
file 5 has been read from HDFS for 6 time
diff succeed!
file 5 has been read from HDFS for 7 time
diff succeed!
file 5 has been read from HDFS for 8 time
diff succeed!
file 5 has been read from HDFS for 9 time
diff succeed!
file 5 has been read from HDFS for 10 time
diff succeed!
Deleted /myfile5
file 5 has been removed from HDFS
Found 20 items
-rw-r--r--   3 root supergroup 1073741824 2019-02-24 02:21 /myfile1
-rw-r--r--   3 root supergroup 1073741824 2019-02-24 02:20 /myfile10
-rw-r--r--   3 root supergroup  939524096 2019-02-24 02:20 /myfile11._COPYING_
-rw-r--r--   3 root supergroup 1073741824 2019-02-24 02:21 /myfile12
-rw-r--r--   3 root supergroup 1073741824 2019-02-24 02:20 /myfile13
-rw-r--r--   3 root supergroup 1073741824 2019-02-24 02:21 /myfile14
-rw-r--r--   3 root supergroup 1073741824 2019-02-24 02:21 /myfile15
-rw-r--r--   3 root supergroup 1073741824 2019-02-24 02:21 /myfile16
-rw-r--r--   3 root supergroup  939524096 2019-02-24 02:20 /myfile17._COPYING_
-rw-r--r--   3 root supergroup 1073741824 2019-02-24 02:21 /myfile18
-rw-r--r--   3 root supergroup 1073741824 2019-02-24 02:21 /myfile19
-rw-r--r--   3 root supergroup  939524096 2019-02-24 02:20 /myfile2._COPYING_
-rw-r--r--   3 root supergroup  805306368 2019-02-24 02:20 /myfile20._COPYING_
-rw-r--r--   3 root supergroup 1073741824 2019-02-24 02:20 /myfile3
-rw-r--r--   3 root supergroup 1073741824 2019-02-24 02:21 /myfile4
-rw-r--r--   3 root supergroup 1073741824 2019-02-24 02:21 /myfile5
-rw-r--r--   3 root supergroup 1073741824 2019-02-24 02:21 /myfile6
-rw-r--r--   3 root supergroup 1073741824 2019-02-24 02:21 /myfile7
-rw-r--r--   3 root supergroup 1073741824 2019-02-24 02:21 /myfile8
-rw-r--r--   3 root supergroup  939524096 2019-02-24 02:20 /myfile9._COPYING_
file 5 has been put into HDFS
file 5 has been read from HDFS for 1 time
diff succeed!
file 5 has been read from HDFS for 2 time
diff succeed!
file 5 has been read from HDFS for 3 time
diff succeed!
file 5 has been read from HDFS for 4 time
diff succeed!
file 5 has been read from HDFS for 5 time
diff succeed!
file 5 has been read from HDFS for 6 time
diff succeed!
file 5 has been read from HDFS for 7 time
diff succeed!
file 5 has been read from HDFS for 8 time
diff succeed!
file 5 has been read from HDFS for 9 time
diff succeed!
file 5 has been read from HDFS for 10 time
diff succeed!
Deleted /myfile5
file 5 has been removed from HDFS
2019-02-24 02:25:01,561 INFO retry.RetryInvocationHandler: org.apache.hadoop.ipc.RemoteException(org.apache.hadoop.ipc.StandbyException): Operation category READ is not supported in state standby. Visit https://s.apache.org/sbnn-error
	at org.apache.hadoop.hdfs.server.namenode.ha.StandbyState.checkOperation(StandbyState.java:88)
	at org.apache.hadoop.hdfs.server.namenode.NameNode$NameNodeHAContext.checkOperation(NameNode.java:1952)
	at org.apache.hadoop.hdfs.server.namenode.FSNamesystem.checkOperation(FSNamesystem.java:1423)
	at org.apache.hadoop.hdfs.server.namenode.FSNamesystem.getFileInfo(FSNamesystem.java:3085)
	at org.apache.hadoop.hdfs.server.namenode.NameNodeRpcServer.getFileInfo(NameNodeRpcServer.java:1154)
	at org.apache.hadoop.hdfs.protocolPB.ClientNamenodeProtocolServerSideTranslatorPB.getFileInfo(ClientNamenodeProtocolServerSideTranslatorPB.java:966)
	at org.apache.hadoop.hdfs.protocol.proto.ClientNamenodeProtocolProtos$ClientNamenodeProtocol$2.callBlockingMethod(ClientNamenodeProtocolProtos.java)
	at org.apache.hadoop.ipc.ProtobufRpcEngine$Server$ProtoBufRpcInvoker.call(ProtobufRpcEngine.java:523)
	at org.apache.hadoop.ipc.RPC$Server.call(RPC.java:991)
	at org.apache.hadoop.ipc.Server$RpcCall.run(Server.java:872)
	at org.apache.hadoop.ipc.Server$RpcCall.run(Server.java:818)
	at java.security.AccessController.doPrivileged(Native Method)
	at javax.security.auth.Subject.doAs(Subject.java:422)
	at org.apache.hadoop.security.UserGroupInformation.doAs(UserGroupInformation.java:1729)
	at org.apache.hadoop.ipc.Server$Handler.run(Server.java:2678)
, while invoking ClientNamenodeProtocolTranslatorPB.getFileInfo over node-1-link-0/10.10.1.4:8020 after 1 failover attempts. Trying to failover after sleeping for 773ms.
2019-02-24 02:25:02,336 INFO retry.RetryInvocationHandler: java.net.ConnectException: Call From clnode090.clemson.cloudlab.us/130.127.133.99 to node-0-link-0:8020 failed on connection exception: java.net.ConnectException: Connection refused; For more details see:  http://wiki.apache.org/hadoop/ConnectionRefused, while invoking ClientNamenodeProtocolTranslatorPB.getFileInfo over node-0-link-0/10.10.1.1:8020 after 2 failover attempts. Trying to failover after sleeping for 2328ms.
2019-02-24 02:25:04,756 INFO retry.RetryInvocationHandler: org.apache.hadoop.ipc.RemoteException(org.apache.hadoop.ipc.RetriableException): org.apache.hadoop.hdfs.server.namenode.SafeModeException: Cannot create file/myfile5._COPYING_. Name node is in safe mode.
The reported blocks 37 has reached the threshold 0.9990 of total blocks 37. The number of live datanodes 3 has reached the minimum number 0. In safe mode extension. Safe mode will be turned off automatically in 27 seconds. NamenodeHostName:node-1-link-0
	at org.apache.hadoop.hdfs.server.namenode.FSNamesystem.checkNameNodeSafeMode(FSNamesystem.java:1441)
	at org.apache.hadoop.hdfs.server.namenode.FSNamesystem.startFileInt(FSNamesystem.java:2401)
	at org.apache.hadoop.hdfs.server.namenode.FSNamesystem.startFile(FSNamesystem.java:2347)
	at org.apache.hadoop.hdfs.server.namenode.NameNodeRpcServer.create(NameNodeRpcServer.java:774)
	at org.apache.hadoop.hdfs.protocolPB.ClientNamenodeProtocolServerSideTranslatorPB.create(ClientNamenodeProtocolServerSideTranslatorPB.java:462)
	at org.apache.hadoop.hdfs.protocol.proto.ClientNamenodeProtocolProtos$ClientNamenodeProtocol$2.callBlockingMethod(ClientNamenodeProtocolProtos.java)
	at org.apache.hadoop.ipc.ProtobufRpcEngine$Server$ProtoBufRpcInvoker.call(ProtobufRpcEngine.java:523)
	at org.apache.hadoop.ipc.RPC$Server.call(RPC.java:991)
	at org.apache.hadoop.ipc.Server$RpcCall.run(Server.java:872)
	at org.apache.hadoop.ipc.Server$RpcCall.run(Server.java:818)
	at java.security.AccessController.doPrivileged(Native Method)
	at javax.security.auth.Subject.doAs(Subject.java:422)
	at org.apache.hadoop.security.UserGroupInformation.doAs(UserGroupInformation.java:1729)
	at org.apache.hadoop.ipc.Server$Handler.run(Server.java:2678)
Caused by: org.apache.hadoop.hdfs.server.namenode.SafeModeException: Cannot create file/myfile5._COPYING_. Name node is in safe mode.
The reported blocks 37 has reached the threshold 0.9990 of total blocks 37. The number of live datanodes 3 has reached the minimum number 0. In safe mode extension. Safe mode will be turned off automatically in 27 seconds. NamenodeHostName:node-1-link-0
	at org.apache.hadoop.hdfs.server.namenode.FSNamesystem.newSafemodeException(FSNamesystem.java:1450)
	at org.apache.hadoop.hdfs.server.namenode.FSNamesystem.checkNameNodeSafeMode(FSNamesystem.java:1437)
	... 13 more
, while invoking ClientNamenodeProtocolTranslatorPB.create over node-1-link-0/10.10.1.4:8020. Retrying immediately.
2019-02-24 02:25:04,758 INFO retry.RetryInvocationHandler: org.apache.hadoop.ipc.RemoteException(org.apache.hadoop.ipc.RetriableException): org.apache.hadoop.hdfs.server.namenode.SafeModeException: Cannot create file/myfile5._COPYING_. Name node is in safe mode.
The reported blocks 37 has reached the threshold 0.9990 of total blocks 37. The number of live datanodes 3 has reached the minimum number 0. In safe mode extension. Safe mode will be turned off automatically in 27 seconds. NamenodeHostName:node-1-link-0
	at org.apache.hadoop.hdfs.server.namenode.FSNamesystem.checkNameNodeSafeMode(FSNamesystem.java:1441)
	at org.apache.hadoop.hdfs.server.namenode.FSNamesystem.startFileInt(FSNamesystem.java:2401)
	at org.apache.hadoop.hdfs.server.namenode.FSNamesystem.startFile(FSNamesystem.java:2347)
	at org.apache.hadoop.hdfs.server.namenode.NameNodeRpcServer.create(NameNodeRpcServer.java:774)
	at org.apache.hadoop.hdfs.protocolPB.ClientNamenodeProtocolServerSideTranslatorPB.create(ClientNamenodeProtocolServerSideTranslatorPB.java:462)
	at org.apache.hadoop.hdfs.protocol.proto.ClientNamenodeProtocolProtos$ClientNamenodeProtocol$2.callBlockingMethod(ClientNamenodeProtocolProtos.java)
	at org.apache.hadoop.ipc.ProtobufRpcEngine$Server$ProtoBufRpcInvoker.call(ProtobufRpcEngine.java:523)
	at org.apache.hadoop.ipc.RPC$Server.call(RPC.java:991)
	at org.apache.hadoop.ipc.Server$RpcCall.run(Server.java:872)
	at org.apache.hadoop.ipc.Server$RpcCall.run(Server.java:818)
	at java.security.AccessController.doPrivileged(Native Method)
	at javax.security.auth.Subject.doAs(Subject.java:422)
	at org.apache.hadoop.security.UserGroupInformation.doAs(UserGroupInformation.java:1729)
	at org.apache.hadoop.ipc.Server$Handler.run(Server.java:2678)
Caused by: org.apache.hadoop.hdfs.server.namenode.SafeModeException: Cannot create file/myfile5._COPYING_. Name node is in safe mode.
The reported blocks 37 has reached the threshold 0.9990 of total blocks 37. The number of live datanodes 3 has reached the minimum number 0. In safe mode extension. Safe mode will be turned off automatically in 27 seconds. NamenodeHostName:node-1-link-0
	at org.apache.hadoop.hdfs.server.namenode.FSNamesystem.newSafemodeException(FSNamesystem.java:1450)
	at org.apache.hadoop.hdfs.server.namenode.FSNamesystem.checkNameNodeSafeMode(FSNamesystem.java:1437)
	... 13 more
, while invoking ClientNamenodeProtocolTranslatorPB.create over node-1-link-0/10.10.1.4:8020. Retrying after sleeping for 1476ms.
2019-02-24 02:25:06,237 INFO retry.RetryInvocationHandler: org.apache.hadoop.ipc.RemoteException(org.apache.hadoop.ipc.RetriableException): org.apache.hadoop.hdfs.server.namenode.SafeModeException: Cannot create file/myfile5._COPYING_. Name node is in safe mode.
The reported blocks 37 has reached the threshold 0.9990 of total blocks 37. The number of live datanodes 3 has reached the minimum number 0. In safe mode extension. Safe mode will be turned off automatically in 26 seconds. NamenodeHostName:node-1-link-0
	at org.apache.hadoop.hdfs.server.namenode.FSNamesystem.checkNameNodeSafeMode(FSNamesystem.java:1441)
	at org.apache.hadoop.hdfs.server.namenode.FSNamesystem.startFileInt(FSNamesystem.java:2401)
	at org.apache.hadoop.hdfs.server.namenode.FSNamesystem.startFile(FSNamesystem.java:2347)
	at org.apache.hadoop.hdfs.server.namenode.NameNodeRpcServer.create(NameNodeRpcServer.java:774)
	at org.apache.hadoop.hdfs.protocolPB.ClientNamenodeProtocolServerSideTranslatorPB.create(ClientNamenodeProtocolServerSideTranslatorPB.java:462)
	at org.apache.hadoop.hdfs.protocol.proto.ClientNamenodeProtocolProtos$ClientNamenodeProtocol$2.callBlockingMethod(ClientNamenodeProtocolProtos.java)
	at org.apache.hadoop.ipc.ProtobufRpcEngine$Server$ProtoBufRpcInvoker.call(ProtobufRpcEngine.java:523)
	at org.apache.hadoop.ipc.RPC$Server.call(RPC.java:991)
	at org.apache.hadoop.ipc.Server$RpcCall.run(Server.java:872)
	at org.apache.hadoop.ipc.Server$RpcCall.run(Server.java:818)
	at java.security.AccessController.doPrivileged(Native Method)
	at javax.security.auth.Subject.doAs(Subject.java:422)
	at org.apache.hadoop.security.UserGroupInformation.doAs(UserGroupInformation.java:1729)
	at org.apache.hadoop.ipc.Server$Handler.run(Server.java:2678)
Caused by: org.apache.hadoop.hdfs.server.namenode.SafeModeException: Cannot create file/myfile5._COPYING_. Name node is in safe mode.
The reported blocks 37 has reached the threshold 0.9990 of total blocks 37. The number of live datanodes 3 has reached the minimum number 0. In safe mode extension. Safe mode will be turned off automatically in 26 seconds. NamenodeHostName:node-1-link-0
	at org.apache.hadoop.hdfs.server.namenode.FSNamesystem.newSafemodeException(FSNamesystem.java:1450)
	at org.apache.hadoop.hdfs.server.namenode.FSNamesystem.checkNameNodeSafeMode(FSNamesystem.java:1437)
	... 13 more
, while invoking ClientNamenodeProtocolTranslatorPB.create over node-1-link-0/10.10.1.4:8020. Retrying after sleeping for 2790ms.
2019-02-24 02:25:09,030 INFO retry.RetryInvocationHandler: org.apache.hadoop.ipc.RemoteException(org.apache.hadoop.ipc.RetriableException): org.apache.hadoop.hdfs.server.namenode.SafeModeException: Cannot create file/myfile5._COPYING_. Name node is in safe mode.
The reported blocks 37 has reached the threshold 0.9990 of total blocks 37. The number of live datanodes 3 has reached the minimum number 0. In safe mode extension. Safe mode will be turned off automatically in 23 seconds. NamenodeHostName:node-1-link-0
	at org.apache.hadoop.hdfs.server.namenode.FSNamesystem.checkNameNodeSafeMode(FSNamesystem.java:1441)
	at org.apache.hadoop.hdfs.server.namenode.FSNamesystem.startFileInt(FSNamesystem.java:2401)
	at org.apache.hadoop.hdfs.server.namenode.FSNamesystem.startFile(FSNamesystem.java:2347)
	at org.apache.hadoop.hdfs.server.namenode.NameNodeRpcServer.create(NameNodeRpcServer.java:774)
	at org.apache.hadoop.hdfs.protocolPB.ClientNamenodeProtocolServerSideTranslatorPB.create(ClientNamenodeProtocolServerSideTranslatorPB.java:462)
	at org.apache.hadoop.hdfs.protocol.proto.ClientNamenodeProtocolProtos$ClientNamenodeProtocol$2.callBlockingMethod(ClientNamenodeProtocolProtos.java)
	at org.apache.hadoop.ipc.ProtobufRpcEngine$Server$ProtoBufRpcInvoker.call(ProtobufRpcEngine.java:523)
	at org.apache.hadoop.ipc.RPC$Server.call(RPC.java:991)
	at org.apache.hadoop.ipc.Server$RpcCall.run(Server.java:872)
	at org.apache.hadoop.ipc.Server$RpcCall.run(Server.java:818)
	at java.security.AccessController.doPrivileged(Native Method)
	at javax.security.auth.Subject.doAs(Subject.java:422)
	at org.apache.hadoop.security.UserGroupInformation.doAs(UserGroupInformation.java:1729)
	at org.apache.hadoop.ipc.Server$Handler.run(Server.java:2678)
Caused by: org.apache.hadoop.hdfs.server.namenode.SafeModeException: Cannot create file/myfile5._COPYING_. Name node is in safe mode.
The reported blocks 37 has reached the threshold 0.9990 of total blocks 37. The number of live datanodes 3 has reached the minimum number 0. In safe mode extension. Safe mode will be turned off automatically in 23 seconds. NamenodeHostName:node-1-link-0
	at org.apache.hadoop.hdfs.server.namenode.FSNamesystem.newSafemodeException(FSNamesystem.java:1450)
	at org.apache.hadoop.hdfs.server.namenode.FSNamesystem.checkNameNodeSafeMode(FSNamesystem.java:1437)
	... 13 more
, while invoking ClientNamenodeProtocolTranslatorPB.create over node-1-link-0/10.10.1.4:8020. Retrying after sleeping for 5126ms.
2019-02-24 02:25:14,159 INFO retry.RetryInvocationHandler: org.apache.hadoop.ipc.RemoteException(org.apache.hadoop.ipc.RetriableException): org.apache.hadoop.hdfs.server.namenode.SafeModeException: Cannot create file/myfile5._COPYING_. Name node is in safe mode.
The reported blocks 37 has reached the threshold 0.9990 of total blocks 37. The number of live datanodes 3 has reached the minimum number 0. In safe mode extension. Safe mode will be turned off automatically in 18 seconds. NamenodeHostName:node-1-link-0
	at org.apache.hadoop.hdfs.server.namenode.FSNamesystem.checkNameNodeSafeMode(FSNamesystem.java:1441)
	at org.apache.hadoop.hdfs.server.namenode.FSNamesystem.startFileInt(FSNamesystem.java:2401)
	at org.apache.hadoop.hdfs.server.namenode.FSNamesystem.startFile(FSNamesystem.java:2347)
	at org.apache.hadoop.hdfs.server.namenode.NameNodeRpcServer.create(NameNodeRpcServer.java:774)
	at org.apache.hadoop.hdfs.protocolPB.ClientNamenodeProtocolServerSideTranslatorPB.create(ClientNamenodeProtocolServerSideTranslatorPB.java:462)
	at org.apache.hadoop.hdfs.protocol.proto.ClientNamenodeProtocolProtos$ClientNamenodeProtocol$2.callBlockingMethod(ClientNamenodeProtocolProtos.java)
	at org.apache.hadoop.ipc.ProtobufRpcEngine$Server$ProtoBufRpcInvoker.call(ProtobufRpcEngine.java:523)
	at org.apache.hadoop.ipc.RPC$Server.call(RPC.java:991)
	at org.apache.hadoop.ipc.Server$RpcCall.run(Server.java:872)
	at org.apache.hadoop.ipc.Server$RpcCall.run(Server.java:818)
	at java.security.AccessController.doPrivileged(Native Method)
	at javax.security.auth.Subject.doAs(Subject.java:422)
	at org.apache.hadoop.security.UserGroupInformation.doAs(UserGroupInformation.java:1729)
	at org.apache.hadoop.ipc.Server$Handler.run(Server.java:2678)
Caused by: org.apache.hadoop.hdfs.server.namenode.SafeModeException: Cannot create file/myfile5._COPYING_. Name node is in safe mode.
The reported blocks 37 has reached the threshold 0.9990 of total blocks 37. The number of live datanodes 3 has reached the minimum number 0. In safe mode extension. Safe mode will be turned off automatically in 18 seconds. NamenodeHostName:node-1-link-0
	at org.apache.hadoop.hdfs.server.namenode.FSNamesystem.newSafemodeException(FSNamesystem.java:1450)
	at org.apache.hadoop.hdfs.server.namenode.FSNamesystem.checkNameNodeSafeMode(FSNamesystem.java:1437)
	... 13 more
, while invoking ClientNamenodeProtocolTranslatorPB.create over node-1-link-0/10.10.1.4:8020. Retrying after sleeping for 6823ms.
2019-02-24 02:25:20,985 INFO retry.RetryInvocationHandler: org.apache.hadoop.ipc.RemoteException(org.apache.hadoop.ipc.RetriableException): org.apache.hadoop.hdfs.server.namenode.SafeModeException: Cannot create file/myfile5._COPYING_. Name node is in safe mode.
The reported blocks 37 has reached the threshold 0.9990 of total blocks 37. The number of live datanodes 3 has reached the minimum number 0. In safe mode extension. Safe mode will be turned off automatically in 11 seconds. NamenodeHostName:node-1-link-0
	at org.apache.hadoop.hdfs.server.namenode.FSNamesystem.checkNameNodeSafeMode(FSNamesystem.java:1441)
	at org.apache.hadoop.hdfs.server.namenode.FSNamesystem.startFileInt(FSNamesystem.java:2401)
	at org.apache.hadoop.hdfs.server.namenode.FSNamesystem.startFile(FSNamesystem.java:2347)
	at org.apache.hadoop.hdfs.server.namenode.NameNodeRpcServer.create(NameNodeRpcServer.java:774)
	at org.apache.hadoop.hdfs.protocolPB.ClientNamenodeProtocolServerSideTranslatorPB.create(ClientNamenodeProtocolServerSideTranslatorPB.java:462)
	at org.apache.hadoop.hdfs.protocol.proto.ClientNamenodeProtocolProtos$ClientNamenodeProtocol$2.callBlockingMethod(ClientNamenodeProtocolProtos.java)
	at org.apache.hadoop.ipc.ProtobufRpcEngine$Server$ProtoBufRpcInvoker.call(ProtobufRpcEngine.java:523)
	at org.apache.hadoop.ipc.RPC$Server.call(RPC.java:991)
	at org.apache.hadoop.ipc.Server$RpcCall.run(Server.java:872)
	at org.apache.hadoop.ipc.Server$RpcCall.run(Server.java:818)
	at java.security.AccessController.doPrivileged(Native Method)
	at javax.security.auth.Subject.doAs(Subject.java:422)
	at org.apache.hadoop.security.UserGroupInformation.doAs(UserGroupInformation.java:1729)
	at org.apache.hadoop.ipc.Server$Handler.run(Server.java:2678)
Caused by: org.apache.hadoop.hdfs.server.namenode.SafeModeException: Cannot create file/myfile5._COPYING_. Name node is in safe mode.
The reported blocks 37 has reached the threshold 0.9990 of total blocks 37. The number of live datanodes 3 has reached the minimum number 0. In safe mode extension. Safe mode will be turned off automatically in 11 seconds. NamenodeHostName:node-1-link-0
	at org.apache.hadoop.hdfs.server.namenode.FSNamesystem.newSafemodeException(FSNamesystem.java:1450)
	at org.apache.hadoop.hdfs.server.namenode.FSNamesystem.checkNameNodeSafeMode(FSNamesystem.java:1437)
	... 13 more
, while invoking ClientNamenodeProtocolTranslatorPB.create over node-1-link-0/10.10.1.4:8020. Retrying after sleeping for 12147ms.
Found 20 items
-rw-r--r--   3 root supergroup 1073741824 2019-02-24 02:26 /myfile1
-rw-r--r--   3 root supergroup 1073741824 2019-02-24 02:26 /myfile10
-rw-r--r--   3 root supergroup 1073741824 2019-02-24 02:26 /myfile11
-rw-r--r--   3 root supergroup 1073741824 2019-02-24 02:26 /myfile12
-rw-r--r--   3 root supergroup 1073741824 2019-02-24 02:26 /myfile13
-rw-r--r--   3 root supergroup 1073741824 2019-02-24 02:26 /myfile14
-rw-r--r--   3 root supergroup 1073741824 2019-02-24 02:26 /myfile15
-rw-r--r--   3 root supergroup 1073741824 2019-02-24 02:26 /myfile16
-rw-r--r--   3 root supergroup 1073741824 2019-02-24 02:26 /myfile17
-rw-r--r--   3 root supergroup 1073741824 2019-02-24 02:26 /myfile18
-rw-r--r--   3 root supergroup 1073741824 2019-02-24 02:26 /myfile19
-rw-r--r--   3 root supergroup 1073741824 2019-02-24 02:26 /myfile2
-rw-r--r--   3 root supergroup 1073741824 2019-02-24 02:26 /myfile20
-rw-r--r--   3 root supergroup 1073741824 2019-02-24 02:26 /myfile3
-rw-r--r--   3 root supergroup 1073741824 2019-02-24 02:26 /myfile4
-rw-r--r--   3 root supergroup 1073741824 2019-02-24 02:26 /myfile5
-rw-r--r--   3 root supergroup 1073741824 2019-02-24 02:26 /myfile6
-rw-r--r--   3 root supergroup 1073741824 2019-02-24 02:26 /myfile7
-rw-r--r--   3 root supergroup 1073741824 2019-02-24 02:26 /myfile8
-rw-r--r--   3 root supergroup 1073741824 2019-02-24 02:26 /myfile9
file 5 has been put into HDFS
file 5 has been read from HDFS for 1 time
diff succeed!
file 5 has been read from HDFS for 2 time
diff succeed!
file 5 has been read from HDFS for 3 time
diff succeed!
file 5 has been read from HDFS for 4 time
diff succeed!
file 5 has been read from HDFS for 5 time
diff succeed!
file 5 has been read from HDFS for 6 time
diff succeed!
file 5 has been read from HDFS for 7 time
diff succeed!
file 5 has been read from HDFS for 8 time
diff succeed!
file 5 has been read from HDFS for 9 time
diff succeed!
file 5 has been read from HDFS for 10 time
diff succeed!
Deleted /myfile5
file 5 has been removed from HDFS
Found 20 items
-rw-r--r--   3 root supergroup          0 2019-02-24 02:30 /myfile1._COPYING_
-rw-r--r--   3 root supergroup 1073741824 2019-02-24 02:30 /myfile10
-rw-r--r--   3 root supergroup  939524096 2019-02-24 02:30 /myfile11._COPYING_
-rw-r--r--   3 root supergroup 1073741824 2019-02-24 02:30 /myfile12
-rw-r--r--   3 root supergroup 1073741824 2019-02-24 02:29 /myfile13
-rw-r--r--   3 root supergroup 1073741824 2019-02-24 02:30 /myfile14
-rw-r--r--   3 root supergroup          0 2019-02-24 02:30 /myfile15._COPYING_
-rw-r--r--   3 root supergroup  939524096 2019-02-24 02:30 /myfile16._COPYING_
-rw-r--r--   3 root supergroup 1073741824 2019-02-24 02:30 /myfile17
-rw-r--r--   3 root supergroup  805306368 2019-02-24 02:30 /myfile18._COPYING_
-rw-r--r--   3 root supergroup  402653184 2019-02-24 02:30 /myfile19._COPYING_
-rw-r--r--   3 root supergroup  536870912 2019-02-24 02:30 /myfile2._COPYING_
-rw-r--r--   3 root supergroup          0 2019-02-24 02:30 /myfile20._COPYING_
-rw-r--r--   3 root supergroup 1073741824 2019-02-24 02:29 /myfile3
-rw-r--r--   3 root supergroup          0 2019-02-24 02:30 /myfile4._COPYING_
-rw-r--r--   3 root supergroup 1073741824 2019-02-24 02:30 /myfile5
-rw-r--r--   3 root supergroup 1073741824 2019-02-24 02:29 /myfile6
-rw-r--r--   3 root supergroup  402653184 2019-02-24 02:30 /myfile7._COPYING_
-rw-r--r--   3 root supergroup  536870912 2019-02-24 02:30 /myfile8._COPYING_
-rw-r--r--   3 root supergroup 1073741824 2019-02-24 02:30 /myfile9
file 5 has been put into HDFS
file 5 has been read from HDFS for 1 time
diff succeed!
file 5 has been read from HDFS for 2 time
diff succeed!
file 5 has been read from HDFS for 3 time
diff succeed!
file 5 has been read from HDFS for 4 time
diff succeed!
file 5 has been read from HDFS for 5 time
diff succeed!
file 5 has been read from HDFS for 6 time
diff succeed!
file 5 has been read from HDFS for 7 time
diff succeed!
file 5 has been read from HDFS for 8 time
diff succeed!
file 5 has been read from HDFS for 9 time
diff succeed!
file 5 has been read from HDFS for 10 time
diff succeed!
Deleted /myfile5
file 5 has been removed from HDFS
Found 20 items
-rw-r--r--   3 root supergroup          0 2019-02-24 02:34 /myfile1._COPYING_
-rw-r--r--   3 root supergroup 1073741824 2019-02-24 02:33 /myfile10
-rw-r--r--   3 root supergroup  402653184 2019-02-24 02:34 /myfile11._COPYING_
-rw-r--r--   3 root supergroup 1073741824 2019-02-24 02:34 /myfile12
-rw-r--r--   3 root supergroup 1073741824 2019-02-24 02:33 /myfile13
-rw-r--r--   3 root supergroup 1073741824 2019-02-24 02:33 /myfile14
-rw-r--r--   3 root supergroup          0 2019-02-24 02:34 /myfile15._COPYING_
-rw-r--r--   3 root supergroup  671088640 2019-02-24 02:34 /myfile16._COPYING_
-rw-r--r--   3 root supergroup 1073741824 2019-02-24 02:33 /myfile17
-rw-r--r--   3 root supergroup  536870912 2019-02-24 02:34 /myfile18._COPYING_
-rw-r--r--   3 root supergroup  536870912 2019-02-24 02:34 /myfile19._COPYING_
-rw-r--r--   3 root supergroup  671088640 2019-02-24 02:34 /myfile2._COPYING_
-rw-r--r--   3 root supergroup  536870912 2019-02-24 02:34 /myfile20._COPYING_
-rw-r--r--   3 root supergroup 1073741824 2019-02-24 02:33 /myfile3
-rw-r--r--   3 root supergroup          0 2019-02-24 02:34 /myfile4._COPYING_
-rw-r--r--   3 root supergroup 1073741824 2019-02-24 02:34 /myfile5
-rw-r--r--   3 root supergroup 1073741824 2019-02-24 02:33 /myfile6
-rw-r--r--   3 root supergroup  402653184 2019-02-24 02:34 /myfile7._COPYING_
-rw-r--r--   3 root supergroup  402653184 2019-02-24 02:34 /myfile8._COPYING_
-rw-r--r--   3 root supergroup 1073741824 2019-02-24 02:34 /myfile9
file 5 has been put into HDFS
file 5 has been read from HDFS for 1 time
diff succeed!
file 5 has been read from HDFS for 2 time
diff succeed!
file 5 has been read from HDFS for 3 time
diff succeed!
file 5 has been read from HDFS for 4 time
diff succeed!
file 5 has been read from HDFS for 5 time
diff succeed!
file 5 has been read from HDFS for 6 time
diff succeed!
file 5 has been read from HDFS for 7 time
diff succeed!
file 5 has been read from HDFS for 8 time
diff succeed!
file 5 has been read from HDFS for 9 time
diff succeed!
file 5 has been read from HDFS for 10 time
diff succeed!
Deleted /myfile5
file 5 has been removed from HDFS
Found 20 items
-rw-r--r--   3 root supergroup 1073741824 2019-02-24 02:35 /myfile1
-rw-r--r--   3 root supergroup 1073741824 2019-02-24 02:38 /myfile10
-rw-r--r--   3 root supergroup 1073741824 2019-02-24 02:35 /myfile11
-rw-r--r--   3 root supergroup 1073741824 2019-02-24 02:38 /myfile12
-rw-r--r--   3 root supergroup 1073741824 2019-02-24 02:37 /myfile13
-rw-r--r--   3 root supergroup 1073741824 2019-02-24 02:37 /myfile14
-rw-r--r--   3 root supergroup 1073741824 2019-02-24 02:35 /myfile15
-rw-r--r--   3 root supergroup 1073741824 2019-02-24 02:34 /myfile16
-rw-r--r--   3 root supergroup 1073741824 2019-02-24 02:37 /myfile17
-rw-r--r--   3 root supergroup 1073741824 2019-02-24 02:35 /myfile18
-rw-r--r--   3 root supergroup 1073741824 2019-02-24 02:35 /myfile19
-rw-r--r--   3 root supergroup 1073741824 2019-02-24 02:35 /myfile2
-rw-r--r--   3 root supergroup 1073741824 2019-02-24 02:35 /myfile20
-rw-r--r--   3 root supergroup 1073741824 2019-02-24 02:37 /myfile3
-rw-r--r--   3 root supergroup 1073741824 2019-02-24 02:35 /myfile4
-rw-r--r--   3 root supergroup 1073741824 2019-02-24 02:38 /myfile5
-rw-r--r--   3 root supergroup 1073741824 2019-02-24 02:37 /myfile6
-rw-r--r--   3 root supergroup 1073741824 2019-02-24 02:35 /myfile7
-rw-r--r--   3 root supergroup 1073741824 2019-02-24 02:35 /myfile8
-rw-r--r--   3 root supergroup 1073741824 2019-02-24 02:38 /myfile9
file 5 has been put into HDFS
file 5 has been read from HDFS for 1 time
diff succeed!
file 5 has been read from HDFS for 2 time
diff succeed!
file 5 has been read from HDFS for 3 time
diff succeed!
file 5 has been read from HDFS for 4 time
diff succeed!
file 5 has been read from HDFS for 5 time
diff succeed!
file 5 has been read from HDFS for 6 time
diff succeed!
file 5 has been read from HDFS for 7 time
diff succeed!
file 5 has been read from HDFS for 8 time
diff succeed!
file 5 has been read from HDFS for 9 time
diff succeed!
file 5 has been read from HDFS for 10 time
diff succeed!
Deleted /myfile5
file 5 has been removed from HDFS
Found 20 items
-rw-r--r--   3 root supergroup 1073741824 2019-02-24 02:39 /myfile1
-rw-r--r--   3 root supergroup 1073741824 2019-02-24 02:42 /myfile10
-rw-r--r--   3 root supergroup 1073741824 2019-02-24 02:39 /myfile11
-rw-r--r--   3 root supergroup 1073741824 2019-02-24 02:42 /myfile12
-rw-r--r--   3 root supergroup 1073741824 2019-02-24 02:41 /myfile13
-rw-r--r--   3 root supergroup 1073741824 2019-02-24 02:41 /myfile14
-rw-r--r--   3 root supergroup 1073741824 2019-02-24 02:39 /myfile15
-rw-r--r--   3 root supergroup 1073741824 2019-02-24 02:39 /myfile16
-rw-r--r--   3 root supergroup 1073741824 2019-02-24 02:41 /myfile17
-rw-r--r--   3 root supergroup 1073741824 2019-02-24 02:39 /myfile18
-rw-r--r--   3 root supergroup 1073741824 2019-02-24 02:39 /myfile19
-rw-r--r--   3 root supergroup 1073741824 2019-02-24 02:39 /myfile2
-rw-r--r--   3 root supergroup 1073741824 2019-02-24 02:39 /myfile20
-rw-r--r--   3 root supergroup 1073741824 2019-02-24 02:41 /myfile3
-rw-r--r--   3 root supergroup 1073741824 2019-02-24 02:39 /myfile4
-rw-r--r--   3 root supergroup 1073741824 2019-02-24 02:42 /myfile5
-rw-r--r--   3 root supergroup 1073741824 2019-02-24 02:41 /myfile6
-rw-r--r--   3 root supergroup 1073741824 2019-02-24 02:39 /myfile7
-rw-r--r--   3 root supergroup 1073741824 2019-02-24 02:39 /myfile8
-rw-r--r--   3 root supergroup  805306368 2019-02-24 02:42 /myfile9._COPYING_
file 5 has been put into HDFS
file 5 has been read from HDFS for 1 time
diff succeed!
file 5 has been read from HDFS for 2 time
diff succeed!
file 5 has been read from HDFS for 3 time
diff succeed!
file 5 has been read from HDFS for 4 time
diff succeed!
file 5 has been read from HDFS for 5 time
diff succeed!
file 5 has been read from HDFS for 6 time
diff succeed!
file 5 has been read from HDFS for 7 time
diff succeed!
file 5 has been read from HDFS for 8 time
diff succeed!
file 5 has been read from HDFS for 9 time
diff succeed!
file 5 has been read from HDFS for 10 time
diff succeed!
Deleted /myfile5
file 5 has been removed from HDFS
Found 20 items
-rw-r--r--   3 root supergroup 1073741824 2019-02-24 02:43 /myfile1
-rw-r--r--   3 root supergroup  805306368 2019-02-24 02:46 /myfile10._COPYING_
-rw-r--r--   3 root supergroup 1073741824 2019-02-24 02:43 /myfile11
-rw-r--r--   3 root supergroup 1073741824 2019-02-24 02:46 /myfile12
-rw-r--r--   3 root supergroup 1073741824 2019-02-24 02:45 /myfile13
-rw-r--r--   3 root supergroup 1073741824 2019-02-24 02:45 /myfile14
-rw-r--r--   3 root supergroup 1073741824 2019-02-24 02:43 /myfile15
-rw-r--r--   3 root supergroup 1073741824 2019-02-24 02:43 /myfile16
-rw-r--r--   3 root supergroup 1073741824 2019-02-24 02:45 /myfile17
-rw-r--r--   3 root supergroup 1073741824 2019-02-24 02:43 /myfile18
-rw-r--r--   3 root supergroup 1073741824 2019-02-24 02:43 /myfile19
-rw-r--r--   3 root supergroup 1073741824 2019-02-24 02:43 /myfile2
-rw-r--r--   3 root supergroup 1073741824 2019-02-24 02:43 /myfile20
-rw-r--r--   3 root supergroup 1073741824 2019-02-24 02:45 /myfile3
-rw-r--r--   3 root supergroup 1073741824 2019-02-24 02:43 /myfile4
-rw-r--r--   3 root supergroup 1073741824 2019-02-24 02:46 /myfile5
-rw-r--r--   3 root supergroup 1073741824 2019-02-24 02:45 /myfile6
-rw-r--r--   3 root supergroup 1073741824 2019-02-24 02:43 /myfile7
-rw-r--r--   3 root supergroup 1073741824 2019-02-24 02:43 /myfile8
-rw-r--r--   3 root supergroup  536870912 2019-02-24 02:46 /myfile9._COPYING_
file 5 has been put into HDFS
sub_benchmark 1 signal TERM catched and let quit gracefully
file 5 has been read from HDFS for 1 time
diff succeed!
Deleted /myfile5
file 5 has been removed from HDFS
