Found 20 items
-rw-r--r--   3 root supergroup 1073741824 2019-02-27 09:31 /myfile1
-rw-r--r--   3 root supergroup 1073741824 2019-02-27 09:31 /myfile10
-rw-r--r--   3 root supergroup  805306368 2019-02-27 09:31 /myfile11._COPYING_
-rw-r--r--   3 root supergroup  939524096 2019-02-27 09:31 /myfile12._COPYING_
-rw-r--r--   3 root supergroup 1073741824 2019-02-27 09:31 /myfile13
-rw-r--r--   3 root supergroup 1073741824 2019-02-27 09:31 /myfile14
-rw-r--r--   3 root supergroup 1073741824 2019-02-27 09:31 /myfile15
-rw-r--r--   3 root supergroup 1073741824 2019-02-27 09:31 /myfile16
-rw-r--r--   3 root supergroup 1073741824 2019-02-27 09:31 /myfile17
-rw-r--r--   3 root supergroup 1073741824 2019-02-27 09:31 /myfile18
-rw-r--r--   3 root supergroup 1073741824 2019-02-27 09:31 /myfile19
-rw-r--r--   3 root supergroup 1073741824 2019-02-27 09:31 /myfile2
-rw-r--r--   3 root supergroup 1073741824 2019-02-27 09:31 /myfile20
-rw-r--r--   3 root supergroup 1073741824 2019-02-27 09:31 /myfile3
-rw-r--r--   3 root supergroup 1073741824 2019-02-27 09:31 /myfile4
-rw-r--r--   3 root supergroup 1073741824 2019-02-27 09:31 /myfile5
-rw-r--r--   3 root supergroup  939524096 2019-02-27 09:31 /myfile6._COPYING_
-rw-r--r--   3 root supergroup 1073741824 2019-02-27 09:31 /myfile7
-rw-r--r--   3 root supergroup 1073741824 2019-02-27 09:31 /myfile8
-rw-r--r--   3 root supergroup 1073741824 2019-02-27 09:31 /myfile9
file 9 has been put into HDFS
file 9 has been read from HDFS for 1 time
diff succeed!
file 9 has been read from HDFS for 2 time
diff succeed!
file 9 has been read from HDFS for 3 time
diff succeed!
file 9 has been read from HDFS for 4 time
diff succeed!
file 9 has been read from HDFS for 5 time
diff succeed!
file 9 has been read from HDFS for 6 time
diff succeed!
file 9 has been read from HDFS for 7 time
diff succeed!
file 9 has been read from HDFS for 8 time
diff succeed!
file 9 has been read from HDFS for 9 time
diff succeed!
file 9 has been read from HDFS for 10 time
diff succeed!
Deleted /myfile9
file 9 has been removed from HDFS
Found 19 items
-rw-r--r--   3 root supergroup 1073741824 2019-02-27 09:36 /myfile1
-rw-r--r--   3 root supergroup 1073741824 2019-02-27 09:31 /myfile10
-rw-r--r--   3 root supergroup 1073741824 2019-02-27 09:36 /myfile11
-rw-r--r--   3 root supergroup 1073741824 2019-02-27 09:31 /myfile12
-rw-r--r--   3 root supergroup 1073741824 2019-02-27 09:31 /myfile14
-rw-r--r--   3 root supergroup 1073741824 2019-02-27 09:31 /myfile15
-rw-r--r--   3 root supergroup          0 2019-02-27 09:36 /myfile16._COPYING_
-rw-r--r--   3 root supergroup 1073741824 2019-02-27 09:31 /myfile17
-rw-r--r--   3 root supergroup 1073741824 2019-02-27 09:31 /myfile18
-rw-r--r--   3 root supergroup 1073741824 2019-02-27 09:31 /myfile19
-rw-r--r--   3 root supergroup 1073741824 2019-02-27 09:31 /myfile2
-rw-r--r--   3 root supergroup 1073741824 2019-02-27 09:36 /myfile20
-rw-r--r--   3 root supergroup 1073741824 2019-02-27 09:31 /myfile3
-rw-r--r--   3 root supergroup 1073741824 2019-02-27 09:36 /myfile4
-rw-r--r--   3 root supergroup 1073741824 2019-02-27 09:31 /myfile5
-rw-r--r--   3 root supergroup 1073741824 2019-02-27 09:36 /myfile6
-rw-r--r--   3 root supergroup 1073741824 2019-02-27 09:36 /myfile7
-rw-r--r--   3 root supergroup 1073741824 2019-02-27 09:31 /myfile8
-rw-r--r--   3 root supergroup 1073741824 2019-02-27 09:36 /myfile9
file 9 has been put into HDFS
file 9 has been read from HDFS for 1 time
diff succeed!
file 9 has been read from HDFS for 2 time
diff succeed!
file 9 has been read from HDFS for 3 time
diff succeed!
file 9 has been read from HDFS for 4 time
diff succeed!
file 9 has been read from HDFS for 5 time
diff succeed!
file 9 has been read from HDFS for 6 time
diff succeed!
file 9 has been read from HDFS for 7 time
diff succeed!
file 9 has been read from HDFS for 8 time
diff succeed!
file 9 has been read from HDFS for 9 time
diff succeed!
file 9 has been read from HDFS for 10 time
diff succeed!
Deleted /myfile9
file 9 has been removed from HDFS
Found 17 items
-rw-r--r--   3 root supergroup 1073741824 2019-02-27 09:41 /myfile1
-rw-r--r--   3 root supergroup  536870912 2019-02-27 09:42 /myfile10._COPYING_
-rw-r--r--   3 root supergroup 1073741824 2019-02-27 09:39 /myfile11
-rw-r--r--   3 root supergroup 1073741824 2019-02-27 09:42 /myfile12
-rw-r--r--   3 root supergroup 1073741824 2019-02-27 09:40 /myfile13
-rw-r--r--   3 root supergroup 1073741824 2019-02-27 09:39 /myfile14
-rw-r--r--   3 root supergroup 1073741824 2019-02-27 09:41 /myfile16
-rw-r--r--   3 root supergroup  134217728 2019-02-27 09:42 /myfile17._COPYING_
-rw-r--r--   3 root supergroup 1073741824 2019-02-27 09:40 /myfile18
-rw-r--r--   3 root supergroup 1073741824 2019-02-27 09:38 /myfile19
-rw-r--r--   3 root supergroup 1073741824 2019-02-27 09:40 /myfile2
-rw-r--r--   3 root supergroup 1073741824 2019-02-27 09:39 /myfile20
-rw-r--r--   3 root supergroup 1073741824 2019-02-27 09:39 /myfile4
-rw-r--r--   3 root supergroup 1073741824 2019-02-27 09:39 /myfile6
-rw-r--r--   3 root supergroup 1073741824 2019-02-27 09:39 /myfile7
-rw-r--r--   3 root supergroup 1073741824 2019-02-27 09:41 /myfile8
-rw-r--r--   3 root supergroup 1073741824 2019-02-27 09:42 /myfile9
file 9 has been put into HDFS
file 9 has been read from HDFS for 1 time
diff succeed!
file 9 has been read from HDFS for 2 time
diff succeed!
file 9 has been read from HDFS for 3 time
diff succeed!
file 9 has been read from HDFS for 4 time
diff succeed!
file 9 has been read from HDFS for 5 time
diff succeed!
file 9 has been read from HDFS for 6 time
diff succeed!
file 9 has been read from HDFS for 7 time
diff succeed!
file 9 has been read from HDFS for 8 time
diff succeed!
file 9 has been read from HDFS for 9 time
diff succeed!
file 9 has been read from HDFS for 10 time
diff succeed!
Deleted /myfile9
file 9 has been removed from HDFS
Found 19 items
-rw-r--r--   3 root supergroup 1073741824 2019-02-27 09:45 /myfile1
-rw-r--r--   3 root supergroup 1073741824 2019-02-27 09:46 /myfile10
-rw-r--r--   3 root supergroup 1073741824 2019-02-27 09:44 /myfile11
-rw-r--r--   3 root supergroup 1073741824 2019-02-27 09:46 /myfile12
-rw-r--r--   3 root supergroup 1073741824 2019-02-27 09:44 /myfile13
-rw-r--r--   3 root supergroup 1073741824 2019-02-27 09:44 /myfile14
-rw-r--r--   3 root supergroup  402653184 2019-02-27 09:46 /myfile15._COPYING_
-rw-r--r--   3 root supergroup 1073741824 2019-02-27 09:46 /myfile16
-rw-r--r--   3 root supergroup 1073741824 2019-02-27 09:42 /myfile17
-rw-r--r--   3 root supergroup 1073741824 2019-02-27 09:44 /myfile18
-rw-r--r--   3 root supergroup 1073741824 2019-02-27 09:44 /myfile19
-rw-r--r--   3 root supergroup 1073741824 2019-02-27 09:45 /myfile2
-rw-r--r--   3 root supergroup 1073741824 2019-02-27 09:44 /myfile20
-rw-r--r--   3 root supergroup 1073741824 2019-02-27 09:43 /myfile3
-rw-r--r--   3 root supergroup 1073741824 2019-02-27 09:44 /myfile4
-rw-r--r--   3 root supergroup 1073741824 2019-02-27 09:43 /myfile5
-rw-r--r--   3 root supergroup 1073741824 2019-02-27 09:44 /myfile6
-rw-r--r--   3 root supergroup 1073741824 2019-02-27 09:44 /myfile7
-rw-r--r--   3 root supergroup 1073741824 2019-02-27 09:46 /myfile9
file 9 has been put into HDFS
file 9 has been read from HDFS for 1 time
diff succeed!
file 9 has been read from HDFS for 2 time
diff succeed!
file 9 has been read from HDFS for 3 time
diff succeed!
file 9 has been read from HDFS for 4 time
diff succeed!
file 9 has been read from HDFS for 5 time
diff succeed!
file 9 has been read from HDFS for 6 time
diff succeed!
file 9 has been read from HDFS for 7 time
diff succeed!
file 9 has been read from HDFS for 8 time
diff succeed!
file 9 has been read from HDFS for 9 time
diff succeed!
file 9 has been read from HDFS for 10 time
diff succeed!
Deleted /myfile9
file 9 has been removed from HDFS
Found 19 items
-rw-r--r--   3 root supergroup 1073741824 2019-02-27 09:50 /myfile1
-rw-r--r--   3 root supergroup 1073741824 2019-02-27 09:46 /myfile10
-rw-r--r--   3 root supergroup 1073741824 2019-02-27 09:48 /myfile11
-rw-r--r--   3 root supergroup 1073741824 2019-02-27 09:50 /myfile12
-rw-r--r--   3 root supergroup 1073741824 2019-02-27 09:50 /myfile13
-rw-r--r--   3 root supergroup 1073741824 2019-02-27 09:48 /myfile14
-rw-r--r--   3 root supergroup          0 2019-02-27 09:51 /myfile15._COPYING_
-rw-r--r--   3 root supergroup 1073741824 2019-02-27 09:50 /myfile16
-rw-r--r--   3 root supergroup 1073741824 2019-02-27 09:47 /myfile17
-rw-r--r--   3 root supergroup 1073741824 2019-02-27 09:49 /myfile18
-rw-r--r--   3 root supergroup 1073741824 2019-02-27 09:48 /myfile19
-rw-r--r--   3 root supergroup 1073741824 2019-02-27 09:49 /myfile2
-rw-r--r--   3 root supergroup 1073741824 2019-02-27 09:49 /myfile20
-rw-r--r--   3 root supergroup 1073741824 2019-02-27 09:47 /myfile3
-rw-r--r--   3 root supergroup 1073741824 2019-02-27 09:50 /myfile4
-rw-r--r--   3 root supergroup 1073741824 2019-02-27 09:47 /myfile5
-rw-r--r--   3 root supergroup 1073741824 2019-02-27 09:49 /myfile6
-rw-r--r--   3 root supergroup 1073741824 2019-02-27 09:48 /myfile7
-rw-r--r--   3 root supergroup 1073741824 2019-02-27 09:51 /myfile9
file 9 has been put into HDFS
file 9 has been read from HDFS for 1 time
diff succeed!
file 9 has been read from HDFS for 2 time
diff succeed!
file 9 has been read from HDFS for 3 time
diff succeed!
file 9 has been read from HDFS for 4 time
diff succeed!
file 9 has been read from HDFS for 5 time
diff succeed!
file 9 has been read from HDFS for 6 time
diff succeed!
file 9 has been read from HDFS for 7 time
diff succeed!
file 9 has been read from HDFS for 8 time
diff succeed!
file 9 has been read from HDFS for 9 time
diff succeed!
file 9 has been read from HDFS for 10 time
diff succeed!
Deleted /myfile9
file 9 has been removed from HDFS
2019-02-27 09:55:15,376 INFO retry.RetryInvocationHandler: java.io.IOException: DestHost:destPort node-0-link-0:8020 , LocalHost:localPort clnode059.clemson.cloudlab.us/130.127.133.68:0. Failed on local exception: java.io.IOException: Connection reset by peer, while invoking ClientNamenodeProtocolTranslatorPB.addBlock over node-0-link-0/10.10.1.1:8020. Trying to failover immediately.
2019-02-27 09:55:15,411 INFO retry.RetryInvocationHandler: org.apache.hadoop.ipc.RemoteException(org.apache.hadoop.ipc.StandbyException): Operation category READ is not supported in state standby. Visit https://s.apache.org/sbnn-error
	at org.apache.hadoop.hdfs.server.namenode.ha.StandbyState.checkOperation(StandbyState.java:88)
	at org.apache.hadoop.hdfs.server.namenode.NameNode$NameNodeHAContext.checkOperation(NameNode.java:1952)
	at org.apache.hadoop.hdfs.server.namenode.FSNamesystem.checkOperation(FSNamesystem.java:1423)
	at org.apache.hadoop.hdfs.server.namenode.FSNamesystem.getAdditionalBlock(FSNamesystem.java:2674)
	at org.apache.hadoop.hdfs.server.namenode.NameNodeRpcServer.addBlock(NameNodeRpcServer.java:875)
	at org.apache.hadoop.hdfs.protocolPB.ClientNamenodeProtocolServerSideTranslatorPB.addBlock(ClientNamenodeProtocolServerSideTranslatorPB.java:561)
	at org.apache.hadoop.hdfs.protocol.proto.ClientNamenodeProtocolProtos$ClientNamenodeProtocol$2.callBlockingMethod(ClientNamenodeProtocolProtos.java)
	at org.apache.hadoop.ipc.ProtobufRpcEngine$Server$ProtoBufRpcInvoker.call(ProtobufRpcEngine.java:523)
	at org.apache.hadoop.ipc.RPC$Server.call(RPC.java:991)
	at org.apache.hadoop.ipc.Server$RpcCall.run(Server.java:872)
	at org.apache.hadoop.ipc.Server$RpcCall.run(Server.java:818)
	at java.security.AccessController.doPrivileged(Native Method)
	at javax.security.auth.Subject.doAs(Subject.java:422)
	at org.apache.hadoop.security.UserGroupInformation.doAs(UserGroupInformation.java:1729)
	at org.apache.hadoop.ipc.Server$Handler.run(Server.java:2678)
, while invoking ClientNamenodeProtocolTranslatorPB.addBlock over node-1-link-0/10.10.1.4:8020 after 1 failover attempts. Trying to failover after sleeping for 1011ms.
2019-02-27 09:55:16,426 INFO retry.RetryInvocationHandler: java.net.ConnectException: Call From clnode059.clemson.cloudlab.us/130.127.133.68 to node-0-link-0:8020 failed on connection exception: java.net.ConnectException: Connection refused; For more details see:  http://wiki.apache.org/hadoop/ConnectionRefused, while invoking ClientNamenodeProtocolTranslatorPB.addBlock over node-0-link-0/10.10.1.1:8020 after 2 failover attempts. Trying to failover after sleeping for 2806ms.
2019-02-27 09:55:19,235 INFO retry.RetryInvocationHandler: org.apache.hadoop.ipc.RemoteException(org.apache.hadoop.ipc.RetriableException): org.apache.hadoop.hdfs.server.namenode.SafeModeException: Cannot add block to /myfile9._COPYING_. Name node is in safe mode.
The reported blocks 144 has reached the threshold 0.9990 of total blocks 144. The number of live datanodes 3 has reached the minimum number 0. In safe mode extension. Safe mode will be turned off automatically in 28 seconds. NamenodeHostName:node-1-link-0
	at org.apache.hadoop.hdfs.server.namenode.FSNamesystem.checkNameNodeSafeMode(FSNamesystem.java:1441)
	at org.apache.hadoop.hdfs.server.namenode.FSDirWriteFileOp.analyzeFileState(FSDirWriteFileOp.java:591)
	at org.apache.hadoop.hdfs.server.namenode.FSDirWriteFileOp.validateAddBlock(FSDirWriteFileOp.java:172)
	at org.apache.hadoop.hdfs.server.namenode.FSNamesystem.getAdditionalBlock(FSNamesystem.java:2679)
	at org.apache.hadoop.hdfs.server.namenode.NameNodeRpcServer.addBlock(NameNodeRpcServer.java:875)
	at org.apache.hadoop.hdfs.protocolPB.ClientNamenodeProtocolServerSideTranslatorPB.addBlock(ClientNamenodeProtocolServerSideTranslatorPB.java:561)
	at org.apache.hadoop.hdfs.protocol.proto.ClientNamenodeProtocolProtos$ClientNamenodeProtocol$2.callBlockingMethod(ClientNamenodeProtocolProtos.java)
	at org.apache.hadoop.ipc.ProtobufRpcEngine$Server$ProtoBufRpcInvoker.call(ProtobufRpcEngine.java:523)
	at org.apache.hadoop.ipc.RPC$Server.call(RPC.java:991)
	at org.apache.hadoop.ipc.Server$RpcCall.run(Server.java:872)
	at org.apache.hadoop.ipc.Server$RpcCall.run(Server.java:818)
	at java.security.AccessController.doPrivileged(Native Method)
	at javax.security.auth.Subject.doAs(Subject.java:422)
	at org.apache.hadoop.security.UserGroupInformation.doAs(UserGroupInformation.java:1729)
	at org.apache.hadoop.ipc.Server$Handler.run(Server.java:2678)
Caused by: org.apache.hadoop.hdfs.server.namenode.SafeModeException: Cannot add block to /myfile9._COPYING_. Name node is in safe mode.
The reported blocks 144 has reached the threshold 0.9990 of total blocks 144. The number of live datanodes 3 has reached the minimum number 0. In safe mode extension. Safe mode will be turned off automatically in 28 seconds. NamenodeHostName:node-1-link-0
	at org.apache.hadoop.hdfs.server.namenode.FSNamesystem.newSafemodeException(FSNamesystem.java:1450)
	at org.apache.hadoop.hdfs.server.namenode.FSNamesystem.checkNameNodeSafeMode(FSNamesystem.java:1437)
	... 14 more
, while invoking ClientNamenodeProtocolTranslatorPB.addBlock over node-1-link-0/10.10.1.4:8020 after 3 failover attempts. Retrying after sleeping for 2443ms.
2019-02-27 09:55:21,681 INFO retry.RetryInvocationHandler: org.apache.hadoop.ipc.RemoteException(org.apache.hadoop.ipc.RetriableException): org.apache.hadoop.hdfs.server.namenode.SafeModeException: Cannot add block to /myfile9._COPYING_. Name node is in safe mode.
The reported blocks 144 has reached the threshold 0.9990 of total blocks 144. The number of live datanodes 3 has reached the minimum number 0. In safe mode extension. Safe mode will be turned off automatically in 25 seconds. NamenodeHostName:node-1-link-0
	at org.apache.hadoop.hdfs.server.namenode.FSNamesystem.checkNameNodeSafeMode(FSNamesystem.java:1441)
	at org.apache.hadoop.hdfs.server.namenode.FSDirWriteFileOp.analyzeFileState(FSDirWriteFileOp.java:591)
	at org.apache.hadoop.hdfs.server.namenode.FSDirWriteFileOp.validateAddBlock(FSDirWriteFileOp.java:172)
	at org.apache.hadoop.hdfs.server.namenode.FSNamesystem.getAdditionalBlock(FSNamesystem.java:2679)
	at org.apache.hadoop.hdfs.server.namenode.NameNodeRpcServer.addBlock(NameNodeRpcServer.java:875)
	at org.apache.hadoop.hdfs.protocolPB.ClientNamenodeProtocolServerSideTranslatorPB.addBlock(ClientNamenodeProtocolServerSideTranslatorPB.java:561)
	at org.apache.hadoop.hdfs.protocol.proto.ClientNamenodeProtocolProtos$ClientNamenodeProtocol$2.callBlockingMethod(ClientNamenodeProtocolProtos.java)
	at org.apache.hadoop.ipc.ProtobufRpcEngine$Server$ProtoBufRpcInvoker.call(ProtobufRpcEngine.java:523)
	at org.apache.hadoop.ipc.RPC$Server.call(RPC.java:991)
	at org.apache.hadoop.ipc.Server$RpcCall.run(Server.java:872)
	at org.apache.hadoop.ipc.Server$RpcCall.run(Server.java:818)
	at java.security.AccessController.doPrivileged(Native Method)
	at javax.security.auth.Subject.doAs(Subject.java:422)
	at org.apache.hadoop.security.UserGroupInformation.doAs(UserGroupInformation.java:1729)
	at org.apache.hadoop.ipc.Server$Handler.run(Server.java:2678)
Caused by: org.apache.hadoop.hdfs.server.namenode.SafeModeException: Cannot add block to /myfile9._COPYING_. Name node is in safe mode.
The reported blocks 144 has reached the threshold 0.9990 of total blocks 144. The number of live datanodes 3 has reached the minimum number 0. In safe mode extension. Safe mode will be turned off automatically in 25 seconds. NamenodeHostName:node-1-link-0
	at org.apache.hadoop.hdfs.server.namenode.FSNamesystem.newSafemodeException(FSNamesystem.java:1450)
	at org.apache.hadoop.hdfs.server.namenode.FSNamesystem.checkNameNodeSafeMode(FSNamesystem.java:1437)
	... 14 more
, while invoking ClientNamenodeProtocolTranslatorPB.addBlock over node-1-link-0/10.10.1.4:8020 after 3 failover attempts. Retrying after sleeping for 9746ms.
2019-02-27 09:55:31,432 INFO retry.RetryInvocationHandler: org.apache.hadoop.ipc.RemoteException(org.apache.hadoop.ipc.RetriableException): org.apache.hadoop.hdfs.server.namenode.SafeModeException: Cannot add block to /myfile9._COPYING_. Name node is in safe mode.
The reported blocks 144 has reached the threshold 0.9990 of total blocks 144. The number of live datanodes 3 has reached the minimum number 0. In safe mode extension. Safe mode will be turned off automatically in 15 seconds. NamenodeHostName:node-1-link-0
	at org.apache.hadoop.hdfs.server.namenode.FSNamesystem.checkNameNodeSafeMode(FSNamesystem.java:1441)
	at org.apache.hadoop.hdfs.server.namenode.FSDirWriteFileOp.analyzeFileState(FSDirWriteFileOp.java:591)
	at org.apache.hadoop.hdfs.server.namenode.FSDirWriteFileOp.validateAddBlock(FSDirWriteFileOp.java:172)
	at org.apache.hadoop.hdfs.server.namenode.FSNamesystem.getAdditionalBlock(FSNamesystem.java:2679)
	at org.apache.hadoop.hdfs.server.namenode.NameNodeRpcServer.addBlock(NameNodeRpcServer.java:875)
	at org.apache.hadoop.hdfs.protocolPB.ClientNamenodeProtocolServerSideTranslatorPB.addBlock(ClientNamenodeProtocolServerSideTranslatorPB.java:561)
	at org.apache.hadoop.hdfs.protocol.proto.ClientNamenodeProtocolProtos$ClientNamenodeProtocol$2.callBlockingMethod(ClientNamenodeProtocolProtos.java)
	at org.apache.hadoop.ipc.ProtobufRpcEngine$Server$ProtoBufRpcInvoker.call(ProtobufRpcEngine.java:523)
	at org.apache.hadoop.ipc.RPC$Server.call(RPC.java:991)
	at org.apache.hadoop.ipc.Server$RpcCall.run(Server.java:872)
	at org.apache.hadoop.ipc.Server$RpcCall.run(Server.java:818)
	at java.security.AccessController.doPrivileged(Native Method)
	at javax.security.auth.Subject.doAs(Subject.java:422)
	at org.apache.hadoop.security.UserGroupInformation.doAs(UserGroupInformation.java:1729)
	at org.apache.hadoop.ipc.Server$Handler.run(Server.java:2678)
Caused by: org.apache.hadoop.hdfs.server.namenode.SafeModeException: Cannot add block to /myfile9._COPYING_. Name node is in safe mode.
The reported blocks 144 has reached the threshold 0.9990 of total blocks 144. The number of live datanodes 3 has reached the minimum number 0. In safe mode extension. Safe mode will be turned off automatically in 15 seconds. NamenodeHostName:node-1-link-0
	at org.apache.hadoop.hdfs.server.namenode.FSNamesystem.newSafemodeException(FSNamesystem.java:1450)
	at org.apache.hadoop.hdfs.server.namenode.FSNamesystem.checkNameNodeSafeMode(FSNamesystem.java:1437)
	... 14 more
, while invoking ClientNamenodeProtocolTranslatorPB.addBlock over node-1-link-0/10.10.1.4:8020 after 3 failover attempts. Retrying after sleeping for 18265ms.
2019-02-27 09:55:44,985 INFO retry.RetryInvocationHandler: org.apache.hadoop.ipc.RemoteException(org.apache.hadoop.ipc.RetriableException): org.apache.hadoop.hdfs.server.namenode.SafeModeException: Cannot renew lease for DFSClient_NONMAPREDUCE_2023717690_1. Name node is in safe mode.
The reported blocks 144 has reached the threshold 0.9990 of total blocks 144. The number of live datanodes 3 has reached the minimum number 0. In safe mode extension. Safe mode will be turned off automatically in 2 seconds. NamenodeHostName:node-1-link-0
	at org.apache.hadoop.hdfs.server.namenode.FSNamesystem.checkNameNodeSafeMode(FSNamesystem.java:1441)
	at org.apache.hadoop.hdfs.server.namenode.FSNamesystem.renewLease(FSNamesystem.java:3744)
	at org.apache.hadoop.hdfs.server.namenode.NameNodeRpcServer.renewLease(NameNodeRpcServer.java:1134)
	at org.apache.hadoop.hdfs.protocolPB.ClientNamenodeProtocolServerSideTranslatorPB.renewLease(ClientNamenodeProtocolServerSideTranslatorPB.java:737)
	at org.apache.hadoop.hdfs.protocol.proto.ClientNamenodeProtocolProtos$ClientNamenodeProtocol$2.callBlockingMethod(ClientNamenodeProtocolProtos.java)
	at org.apache.hadoop.ipc.ProtobufRpcEngine$Server$ProtoBufRpcInvoker.call(ProtobufRpcEngine.java:523)
	at org.apache.hadoop.ipc.RPC$Server.call(RPC.java:991)
	at org.apache.hadoop.ipc.Server$RpcCall.run(Server.java:872)
	at org.apache.hadoop.ipc.Server$RpcCall.run(Server.java:818)
	at java.security.AccessController.doPrivileged(Native Method)
	at javax.security.auth.Subject.doAs(Subject.java:422)
	at org.apache.hadoop.security.UserGroupInformation.doAs(UserGroupInformation.java:1729)
	at org.apache.hadoop.ipc.Server$Handler.run(Server.java:2678)
Caused by: org.apache.hadoop.hdfs.server.namenode.SafeModeException: Cannot renew lease for DFSClient_NONMAPREDUCE_2023717690_1. Name node is in safe mode.
The reported blocks 144 has reached the threshold 0.9990 of total blocks 144. The number of live datanodes 3 has reached the minimum number 0. In safe mode extension. Safe mode will be turned off automatically in 2 seconds. NamenodeHostName:node-1-link-0
	at org.apache.hadoop.hdfs.server.namenode.FSNamesystem.newSafemodeException(FSNamesystem.java:1450)
	at org.apache.hadoop.hdfs.server.namenode.FSNamesystem.checkNameNodeSafeMode(FSNamesystem.java:1437)
	... 12 more
, while invoking ClientNamenodeProtocolTranslatorPB.renewLease over node-1-link-0/10.10.1.4:8020. Retrying immediately.
2019-02-27 09:55:44,987 INFO retry.RetryInvocationHandler: org.apache.hadoop.ipc.RemoteException(org.apache.hadoop.ipc.RetriableException): org.apache.hadoop.hdfs.server.namenode.SafeModeException: Cannot renew lease for DFSClient_NONMAPREDUCE_2023717690_1. Name node is in safe mode.
The reported blocks 144 has reached the threshold 0.9990 of total blocks 144. The number of live datanodes 3 has reached the minimum number 0. In safe mode extension. Safe mode will be turned off automatically in 2 seconds. NamenodeHostName:node-1-link-0
	at org.apache.hadoop.hdfs.server.namenode.FSNamesystem.checkNameNodeSafeMode(FSNamesystem.java:1441)
	at org.apache.hadoop.hdfs.server.namenode.FSNamesystem.renewLease(FSNamesystem.java:3744)
	at org.apache.hadoop.hdfs.server.namenode.NameNodeRpcServer.renewLease(NameNodeRpcServer.java:1134)
	at org.apache.hadoop.hdfs.protocolPB.ClientNamenodeProtocolServerSideTranslatorPB.renewLease(ClientNamenodeProtocolServerSideTranslatorPB.java:737)
	at org.apache.hadoop.hdfs.protocol.proto.ClientNamenodeProtocolProtos$ClientNamenodeProtocol$2.callBlockingMethod(ClientNamenodeProtocolProtos.java)
	at org.apache.hadoop.ipc.ProtobufRpcEngine$Server$ProtoBufRpcInvoker.call(ProtobufRpcEngine.java:523)
	at org.apache.hadoop.ipc.RPC$Server.call(RPC.java:991)
	at org.apache.hadoop.ipc.Server$RpcCall.run(Server.java:872)
	at org.apache.hadoop.ipc.Server$RpcCall.run(Server.java:818)
	at java.security.AccessController.doPrivileged(Native Method)
	at javax.security.auth.Subject.doAs(Subject.java:422)
	at org.apache.hadoop.security.UserGroupInformation.doAs(UserGroupInformation.java:1729)
	at org.apache.hadoop.ipc.Server$Handler.run(Server.java:2678)
Caused by: org.apache.hadoop.hdfs.server.namenode.SafeModeException: Cannot renew lease for DFSClient_NONMAPREDUCE_2023717690_1. Name node is in safe mode.
The reported blocks 144 has reached the threshold 0.9990 of total blocks 144. The number of live datanodes 3 has reached the minimum number 0. In safe mode extension. Safe mode will be turned off automatically in 2 seconds. NamenodeHostName:node-1-link-0
	at org.apache.hadoop.hdfs.server.namenode.FSNamesystem.newSafemodeException(FSNamesystem.java:1450)
	at org.apache.hadoop.hdfs.server.namenode.FSNamesystem.checkNameNodeSafeMode(FSNamesystem.java:1437)
	... 12 more
, while invoking ClientNamenodeProtocolTranslatorPB.renewLease over node-1-link-0/10.10.1.4:8020. Retrying after sleeping for 696ms.
2019-02-27 09:55:45,686 INFO retry.RetryInvocationHandler: org.apache.hadoop.ipc.RemoteException(org.apache.hadoop.ipc.RetriableException): org.apache.hadoop.hdfs.server.namenode.SafeModeException: Cannot renew lease for DFSClient_NONMAPREDUCE_2023717690_1. Name node is in safe mode.
The reported blocks 144 has reached the threshold 0.9990 of total blocks 144. The number of live datanodes 3 has reached the minimum number 0. In safe mode extension. Safe mode will be turned off automatically in 1 seconds. NamenodeHostName:node-1-link-0
	at org.apache.hadoop.hdfs.server.namenode.FSNamesystem.checkNameNodeSafeMode(FSNamesystem.java:1441)
	at org.apache.hadoop.hdfs.server.namenode.FSNamesystem.renewLease(FSNamesystem.java:3744)
	at org.apache.hadoop.hdfs.server.namenode.NameNodeRpcServer.renewLease(NameNodeRpcServer.java:1134)
	at org.apache.hadoop.hdfs.protocolPB.ClientNamenodeProtocolServerSideTranslatorPB.renewLease(ClientNamenodeProtocolServerSideTranslatorPB.java:737)
	at org.apache.hadoop.hdfs.protocol.proto.ClientNamenodeProtocolProtos$ClientNamenodeProtocol$2.callBlockingMethod(ClientNamenodeProtocolProtos.java)
	at org.apache.hadoop.ipc.ProtobufRpcEngine$Server$ProtoBufRpcInvoker.call(ProtobufRpcEngine.java:523)
	at org.apache.hadoop.ipc.RPC$Server.call(RPC.java:991)
	at org.apache.hadoop.ipc.Server$RpcCall.run(Server.java:872)
	at org.apache.hadoop.ipc.Server$RpcCall.run(Server.java:818)
	at java.security.AccessController.doPrivileged(Native Method)
	at javax.security.auth.Subject.doAs(Subject.java:422)
	at org.apache.hadoop.security.UserGroupInformation.doAs(UserGroupInformation.java:1729)
	at org.apache.hadoop.ipc.Server$Handler.run(Server.java:2678)
Caused by: org.apache.hadoop.hdfs.server.namenode.SafeModeException: Cannot renew lease for DFSClient_NONMAPREDUCE_2023717690_1. Name node is in safe mode.
The reported blocks 144 has reached the threshold 0.9990 of total blocks 144. The number of live datanodes 3 has reached the minimum number 0. In safe mode extension. Safe mode will be turned off automatically in 1 seconds. NamenodeHostName:node-1-link-0
	at org.apache.hadoop.hdfs.server.namenode.FSNamesystem.newSafemodeException(FSNamesystem.java:1450)
	at org.apache.hadoop.hdfs.server.namenode.FSNamesystem.checkNameNodeSafeMode(FSNamesystem.java:1437)
	... 12 more
, while invoking ClientNamenodeProtocolTranslatorPB.renewLease over node-1-link-0/10.10.1.4:8020. Retrying after sleeping for 1793ms.
Found 18 items
-rw-r--r--   3 root supergroup 1073741824 2019-02-27 09:54 /myfile1
-rw-r--r--   3 root supergroup 1073741824 2019-02-27 09:53 /myfile10
-rw-r--r--   3 root supergroup 1073741824 2019-02-27 09:53 /myfile11
-rw-r--r--   3 root supergroup 1073741824 2019-02-27 09:54 /myfile12
-rw-r--r--   3 root supergroup 1073741824 2019-02-27 09:54 /myfile13
-rw-r--r--   3 root supergroup 1073741824 2019-02-27 09:54 /myfile14
-rw-r--r--   3 root supergroup  671088640 2019-02-27 09:55 /myfile15._COPYING_
-rw-r--r--   3 root supergroup  134217728 2019-02-27 09:55 /myfile17._COPYING_
-rw-r--r--   3 root supergroup 1073741824 2019-02-27 09:54 /myfile18
-rw-r--r--   3 root supergroup 1073741824 2019-02-27 09:53 /myfile19
-rw-r--r--   3 root supergroup 1073741824 2019-02-27 09:54 /myfile2
-rw-r--r--   3 root supergroup 1073741824 2019-02-27 09:53 /myfile20
-rw-r--r--   3 root supergroup  402653184 2019-02-27 09:55 /myfile3._COPYING_
-rw-r--r--   3 root supergroup 1073741824 2019-02-27 09:55 /myfile4
-rw-r--r--   3 root supergroup 1073741824 2019-02-27 09:53 /myfile5
-rw-r--r--   3 root supergroup 1073741824 2019-02-27 09:53 /myfile6
-rw-r--r--   3 root supergroup 1073741824 2019-02-27 09:54 /myfile7
-rw-r--r--   3 root supergroup 1073741824 2019-02-27 09:56 /myfile9
file 9 has been put into HDFS
file 9 has been read from HDFS for 1 time
diff succeed!
file 9 has been read from HDFS for 2 time
diff succeed!
file 9 has been read from HDFS for 3 time
diff succeed!
file 9 has been read from HDFS for 4 time
diff succeed!
file 9 has been read from HDFS for 5 time
diff succeed!
file 9 has been read from HDFS for 6 time
diff succeed!
file 9 has been read from HDFS for 7 time
diff succeed!
file 9 has been read from HDFS for 8 time
diff succeed!
file 9 has been read from HDFS for 9 time
diff succeed!
file 9 has been read from HDFS for 10 time
diff succeed!
Deleted /myfile9
file 9 has been removed from HDFS
Found 20 items
-rw-r--r--   3 root supergroup 1073741824 2019-02-27 09:58 /myfile1
-rw-r--r--   3 root supergroup 1073741824 2019-02-27 09:57 /myfile10
-rw-r--r--   3 root supergroup 1073741824 2019-02-27 09:57 /myfile11
-rw-r--r--   3 root supergroup 1073741824 2019-02-27 10:00 /myfile12
-rw-r--r--   3 root supergroup 1073741824 2019-02-27 09:58 /myfile13
-rw-r--r--   3 root supergroup 1073741824 2019-02-27 09:57 /myfile14
-rw-r--r--   3 root supergroup  536870912 2019-02-27 10:00 /myfile15._COPYING_
-rw-r--r--   3 root supergroup 1073741824 2019-02-27 10:00 /myfile16
-rw-r--r--   3 root supergroup 1073741824 2019-02-27 10:00 /myfile17
-rw-r--r--   3 root supergroup 1073741824 2019-02-27 09:58 /myfile18
-rw-r--r--   3 root supergroup 1073741824 2019-02-27 09:58 /myfile19
-rw-r--r--   3 root supergroup 1073741824 2019-02-27 09:58 /myfile2
-rw-r--r--   3 root supergroup 1073741824 2019-02-27 09:58 /myfile20
-rw-r--r--   3 root supergroup 1073741824 2019-02-27 10:00 /myfile3
-rw-r--r--   3 root supergroup 1073741824 2019-02-27 09:59 /myfile4
-rw-r--r--   3 root supergroup 1073741824 2019-02-27 09:57 /myfile5
-rw-r--r--   3 root supergroup 1073741824 2019-02-27 09:58 /myfile6
-rw-r--r--   3 root supergroup 1073741824 2019-02-27 09:57 /myfile7
-rw-r--r--   3 root supergroup 1073741824 2019-02-27 10:00 /myfile8
-rw-r--r--   3 root supergroup 1073741824 2019-02-27 10:00 /myfile9
file 9 has been put into HDFS
file 9 has been read from HDFS for 1 time
diff succeed!
file 9 has been read from HDFS for 2 time
diff succeed!
file 9 has been read from HDFS for 3 time
diff succeed!
file 9 has been read from HDFS for 4 time
diff succeed!
file 9 has been read from HDFS for 5 time
diff succeed!
file 9 has been read from HDFS for 6 time
diff succeed!
file 9 has been read from HDFS for 7 time
diff succeed!
file 9 has been read from HDFS for 8 time
diff succeed!
file 9 has been read from HDFS for 9 time
diff succeed!
file 9 has been read from HDFS for 10 time
diff succeed!
Deleted /myfile9
file 9 has been removed from HDFS
Found 19 items
-rw-r--r--   3 root supergroup 1073741824 2019-02-27 10:03 /myfile1
-rw-r--r--   3 root supergroup 1073741824 2019-02-27 10:01 /myfile10
-rw-r--r--   3 root supergroup 1073741824 2019-02-27 10:02 /myfile11
-rw-r--r--   3 root supergroup 1073741824 2019-02-27 10:04 /myfile12
-rw-r--r--   3 root supergroup 1073741824 2019-02-27 10:02 /myfile13
-rw-r--r--   3 root supergroup 1073741824 2019-02-27 10:02 /myfile14
-rw-r--r--   3 root supergroup 1073741824 2019-02-27 10:00 /myfile16
-rw-r--r--   3 root supergroup 1073741824 2019-02-27 10:00 /myfile17
-rw-r--r--   3 root supergroup 1073741824 2019-02-27 10:03 /myfile18
-rw-r--r--   3 root supergroup 1073741824 2019-02-27 10:03 /myfile19
-rw-r--r--   3 root supergroup 1073741824 2019-02-27 10:02 /myfile2
-rw-r--r--   3 root supergroup 1073741824 2019-02-27 10:03 /myfile20
-rw-r--r--   3 root supergroup 1073741824 2019-02-27 10:04 /myfile3
-rw-r--r--   3 root supergroup 1073741824 2019-02-27 10:03 /myfile4
-rw-r--r--   3 root supergroup 1073741824 2019-02-27 10:01 /myfile5
-rw-r--r--   3 root supergroup 1073741824 2019-02-27 10:02 /myfile6
-rw-r--r--   3 root supergroup 1073741824 2019-02-27 10:02 /myfile7
-rw-r--r--   3 root supergroup 1073741824 2019-02-27 10:04 /myfile8
-rw-r--r--   3 root supergroup 1073741824 2019-02-27 10:04 /myfile9
file 9 has been put into HDFS
file 9 has been read from HDFS for 1 time
diff succeed!
file 9 has been read from HDFS for 2 time
diff succeed!
file 9 has been read from HDFS for 3 time
diff succeed!
file 9 has been read from HDFS for 4 time
diff succeed!
file 9 has been read from HDFS for 5 time
diff succeed!
file 9 has been read from HDFS for 6 time
diff succeed!
file 9 has been read from HDFS for 7 time
diff succeed!
file 9 has been read from HDFS for 8 time
diff succeed!
file 9 has been read from HDFS for 9 time
diff succeed!
file 9 has been read from HDFS for 10 time
diff succeed!
Deleted /myfile9
file 9 has been removed from HDFS
Found 20 items
-rw-r--r--   3 root supergroup 1073741824 2019-02-27 10:08 /myfile1
-rw-r--r--   3 root supergroup 1073741824 2019-02-27 10:09 /myfile10
-rw-r--r--   3 root supergroup 1073741824 2019-02-27 10:06 /myfile11
-rw-r--r--   3 root supergroup 1073741824 2019-02-27 10:08 /myfile12
-rw-r--r--   3 root supergroup 1073741824 2019-02-27 10:06 /myfile13
-rw-r--r--   3 root supergroup 1073741824 2019-02-27 10:06 /myfile14
-rw-r--r--   3 root supergroup 1073741824 2019-02-27 10:09 /myfile15
-rw-r--r--   3 root supergroup  671088640 2019-02-27 10:09 /myfile16._COPYING_
-rw-r--r--   3 root supergroup  536870912 2019-02-27 10:09 /myfile17._COPYING_
-rw-r--r--   3 root supergroup 1073741824 2019-02-27 10:07 /myfile18
-rw-r--r--   3 root supergroup 1073741824 2019-02-27 10:07 /myfile19
-rw-r--r--   3 root supergroup 1073741824 2019-02-27 10:06 /myfile2
-rw-r--r--   3 root supergroup 1073741824 2019-02-27 10:07 /myfile20
-rw-r--r--   3 root supergroup 1073741824 2019-02-27 10:08 /myfile3
-rw-r--r--   3 root supergroup 1073741824 2019-02-27 10:08 /myfile4
-rw-r--r--   3 root supergroup 1073741824 2019-02-27 10:06 /myfile5
-rw-r--r--   3 root supergroup 1073741824 2019-02-27 10:06 /myfile6
-rw-r--r--   3 root supergroup 1073741824 2019-02-27 10:07 /myfile7
-rw-r--r--   3 root supergroup  805306368 2019-02-27 10:09 /myfile8._COPYING_
-rw-r--r--   3 root supergroup 1073741824 2019-02-27 10:09 /myfile9
file 9 has been put into HDFS
file 9 has been read from HDFS for 1 time
diff succeed!
file 9 has been read from HDFS for 2 time
diff succeed!
file 9 has been read from HDFS for 3 time
diff succeed!
file 9 has been read from HDFS for 4 time
diff succeed!
file 9 has been read from HDFS for 5 time
diff succeed!
file 9 has been read from HDFS for 6 time
diff succeed!
file 9 has been read from HDFS for 7 time
diff succeed!
file 9 has been read from HDFS for 8 time
diff succeed!
file 9 has been read from HDFS for 9 time
diff succeed!
file 9 has been read from HDFS for 10 time
diff succeed!
Deleted /myfile9
file 9 has been removed from HDFS
Found 18 items
-rw-r--r--   3 root supergroup 1073741824 2019-02-27 10:13 /myfile1
-rw-r--r--   3 root supergroup  536870912 2019-02-27 10:13 /myfile10._COPYING_
-rw-r--r--   3 root supergroup 1073741824 2019-02-27 10:11 /myfile11
-rw-r--r--   3 root supergroup 1073741824 2019-02-27 10:13 /myfile12
-rw-r--r--   3 root supergroup 1073741824 2019-02-27 10:11 /myfile13
-rw-r--r--   3 root supergroup 1073741824 2019-02-27 10:11 /myfile14
-rw-r--r--   3 root supergroup 1073741824 2019-02-27 10:13 /myfile15
-rw-r--r--   3 root supergroup 1073741824 2019-02-27 10:09 /myfile16
-rw-r--r--   3 root supergroup 1073741824 2019-02-27 10:11 /myfile18
-rw-r--r--   3 root supergroup 1073741824 2019-02-27 10:11 /myfile19
-rw-r--r--   3 root supergroup 1073741824 2019-02-27 10:11 /myfile2
-rw-r--r--   3 root supergroup 1073741824 2019-02-27 10:11 /myfile20
-rw-r--r--   3 root supergroup 1073741824 2019-02-27 10:13 /myfile3
-rw-r--r--   3 root supergroup 1073741824 2019-02-27 10:13 /myfile4
-rw-r--r--   3 root supergroup 1073741824 2019-02-27 10:11 /myfile5
-rw-r--r--   3 root supergroup 1073741824 2019-02-27 10:11 /myfile6
-rw-r--r--   3 root supergroup 1073741824 2019-02-27 10:11 /myfile7
-rw-r--r--   3 root supergroup 1073741824 2019-02-27 10:13 /myfile9
file 9 has been put into HDFS
file 9 has been read from HDFS for 1 time
diff succeed!
file 9 has been read from HDFS for 2 time
diff succeed!
file 9 has been read from HDFS for 3 time
diff succeed!
file 9 has been read from HDFS for 4 time
diff succeed!
file 9 has been read from HDFS for 5 time
diff succeed!
file 9 has been read from HDFS for 6 time
diff succeed!
file 9 has been read from HDFS for 7 time
diff succeed!
file 9 has been read from HDFS for 8 time
diff succeed!
file 9 has been read from HDFS for 9 time
diff succeed!
sub_benchmark 9 signal TERM catched and let quit gracefully
Deleted /myfile9
file 9 has been removed from HDFS
