Found 20 items
-rw-r--r--   3 root supergroup  805306368 2019-03-03 21:52 /myfile1._COPYING_
-rw-r--r--   3 root supergroup  805306368 2019-03-03 21:52 /myfile10._COPYING_
-rw-r--r--   3 root supergroup 1073741824 2019-03-03 21:52 /myfile11
-rw-r--r--   3 root supergroup  939524096 2019-03-03 21:52 /myfile12._COPYING_
-rw-r--r--   3 root supergroup  939524096 2019-03-03 21:52 /myfile13._COPYING_
-rw-r--r--   3 root supergroup 1073741824 2019-03-03 21:52 /myfile14
-rw-r--r--   3 root supergroup  939524096 2019-03-03 21:52 /myfile15._COPYING_
-rw-r--r--   3 root supergroup  805306368 2019-03-03 21:52 /myfile16._COPYING_
-rw-r--r--   3 root supergroup  939524096 2019-03-03 21:52 /myfile17._COPYING_
-rw-r--r--   3 root supergroup 1073741824 2019-03-03 21:52 /myfile18
-rw-r--r--   3 root supergroup  805306368 2019-03-03 21:52 /myfile19._COPYING_
-rw-r--r--   3 root supergroup 1073741824 2019-03-03 21:52 /myfile2
-rw-r--r--   3 root supergroup  939524096 2019-03-03 21:52 /myfile20._COPYING_
-rw-r--r--   3 root supergroup  805306368 2019-03-03 21:52 /myfile3._COPYING_
-rw-r--r--   3 root supergroup 1073741824 2019-03-03 21:52 /myfile4
-rw-r--r--   3 root supergroup 1073741824 2019-03-03 21:52 /myfile5
-rw-r--r--   3 root supergroup  805306368 2019-03-03 21:52 /myfile6._COPYING_
-rw-r--r--   3 root supergroup  671088640 2019-03-03 21:52 /myfile7._COPYING_
-rw-r--r--   3 root supergroup  939524096 2019-03-03 21:52 /myfile8._COPYING_
-rw-r--r--   3 root supergroup 1073741824 2019-03-03 21:52 /myfile9
file 4 has been put into HDFS
file 4 has been read from HDFS for 1 time
diff succeed!
file 4 has been read from HDFS for 2 time
diff succeed!
file 4 has been read from HDFS for 3 time
diff succeed!
file 4 has been read from HDFS for 4 time
diff succeed!
file 4 has been read from HDFS for 5 time
diff succeed!
file 4 has been read from HDFS for 6 time
diff succeed!
file 4 has been read from HDFS for 7 time
diff succeed!
file 4 has been read from HDFS for 8 time
diff succeed!
file 4 has been read from HDFS for 9 time
diff succeed!
file 4 has been read from HDFS for 10 time
diff succeed!
Deleted /myfile4
file 4 has been removed from HDFS
Found 14 items
-rw-r--r--   3 root supergroup  402653184 2019-03-03 21:56 /myfile10._COPYING_
-rw-r--r--   3 root supergroup  939524096 2019-03-03 21:56 /myfile11._COPYING_
-rw-r--r--   3 root supergroup 1073741824 2019-03-03 21:52 /myfile13
-rw-r--r--   3 root supergroup 1073741824 2019-03-03 21:56 /myfile14
-rw-r--r--   3 root supergroup 1073741824 2019-03-03 21:52 /myfile15
-rw-r--r--   3 root supergroup  671088640 2019-03-03 21:56 /myfile17._COPYING_
-rw-r--r--   3 root supergroup 1073741824 2019-03-03 21:56 /myfile18
-rw-r--r--   3 root supergroup 1073741824 2019-03-03 21:56 /myfile2
-rw-r--r--   3 root supergroup 1073741824 2019-03-03 21:56 /myfile20
-rw-r--r--   3 root supergroup 1073741824 2019-03-03 21:56 /myfile4
-rw-r--r--   3 root supergroup 1073741824 2019-03-03 21:56 /myfile5
-rw-r--r--   3 root supergroup  671088640 2019-03-03 21:56 /myfile6._COPYING_
-rw-r--r--   3 root supergroup 1073741824 2019-03-03 21:52 /myfile8
-rw-r--r--   3 root supergroup 1073741824 2019-03-03 21:56 /myfile9
file 4 has been put into HDFS
file 4 has been read from HDFS for 1 time
diff succeed!
file 4 has been read from HDFS for 2 time
diff succeed!
file 4 has been read from HDFS for 3 time
diff succeed!
file 4 has been read from HDFS for 4 time
diff succeed!
file 4 has been read from HDFS for 5 time
diff succeed!
file 4 has been read from HDFS for 6 time
diff succeed!
file 4 has been read from HDFS for 7 time
diff succeed!
file 4 has been read from HDFS for 8 time
diff succeed!
file 4 has been read from HDFS for 9 time
diff succeed!
file 4 has been read from HDFS for 10 time
diff succeed!
Deleted /myfile4
file 4 has been removed from HDFS
Found 19 items
-rw-r--r--   3 root supergroup 1073741824 2019-03-03 22:01 /myfile1
-rw-r--r--   3 root supergroup 1073741824 2019-03-03 22:02 /myfile10
-rw-r--r--   3 root supergroup 1073741824 2019-03-03 22:01 /myfile11
-rw-r--r--   3 root supergroup 1073741824 2019-03-03 22:02 /myfile12
-rw-r--r--   3 root supergroup 1073741824 2019-03-03 22:02 /myfile13
-rw-r--r--   3 root supergroup 1073741824 2019-03-03 22:00 /myfile14
-rw-r--r--   3 root supergroup 1073741824 2019-03-03 21:57 /myfile15
-rw-r--r--   3 root supergroup 1073741824 2019-03-03 22:03 /myfile16
-rw-r--r--   3 root supergroup 1073741824 2019-03-03 22:01 /myfile18
-rw-r--r--   3 root supergroup 1073741824 2019-03-03 22:03 /myfile19
-rw-r--r--   3 root supergroup 1073741824 2019-03-03 22:03 /myfile2
-rw-r--r--   3 root supergroup 1073741824 2019-03-03 22:01 /myfile20
-rw-r--r--   3 root supergroup 1073741824 2019-03-03 21:57 /myfile3
-rw-r--r--   3 root supergroup 1073741824 2019-03-03 22:03 /myfile4
-rw-r--r--   3 root supergroup 1073741824 2019-03-03 22:03 /myfile5
-rw-r--r--   3 root supergroup 1073741824 2019-03-03 22:02 /myfile6
-rw-r--r--   3 root supergroup 1073741824 2019-03-03 22:03 /myfile7
-rw-r--r--   3 root supergroup 1073741824 2019-03-03 21:57 /myfile8
-rw-r--r--   3 root supergroup 1073741824 2019-03-03 22:01 /myfile9
file 4 has been put into HDFS
file 4 has been read from HDFS for 1 time
diff succeed!
file 4 has been read from HDFS for 2 time
diff succeed!
file 4 has been read from HDFS for 3 time
diff succeed!
file 4 has been read from HDFS for 4 time
diff succeed!
file 4 has been read from HDFS for 5 time
diff succeed!
file 4 has been read from HDFS for 6 time
diff succeed!
file 4 has been read from HDFS for 7 time
diff succeed!
file 4 has been read from HDFS for 8 time
diff succeed!
sub_benchmark 8 signal TERM catched and let quit gracefully
Deleted /myfile4
file 4 has been removed from HDFS
