Found 20 items
-rw-r--r--   3 root supergroup 1073741824 2019-02-21 17:37 /myfile1
-rw-r--r--   3 root supergroup 1073741824 2019-02-21 17:37 /myfile10
-rw-r--r--   3 root supergroup 1073741824 2019-02-21 17:37 /myfile11
-rw-r--r--   3 root supergroup 1073741824 2019-02-21 17:37 /myfile12
-rw-r--r--   3 root supergroup 1073741824 2019-02-21 17:37 /myfile13
-rw-r--r--   3 root supergroup 1073741824 2019-02-21 17:37 /myfile14
-rw-r--r--   3 root supergroup 1073741824 2019-02-21 17:37 /myfile15
-rw-r--r--   3 root supergroup  939524096 2019-02-21 17:36 /myfile16._COPYING_
-rw-r--r--   3 root supergroup 1073741824 2019-02-21 17:37 /myfile17
-rw-r--r--   3 root supergroup  939524096 2019-02-21 17:36 /myfile18._COPYING_
-rw-r--r--   3 root supergroup 1073741824 2019-02-21 17:37 /myfile19
-rw-r--r--   3 root supergroup 1073741824 2019-02-21 17:37 /myfile2
-rw-r--r--   3 root supergroup 1073741824 2019-02-21 17:37 /myfile20
-rw-r--r--   3 root supergroup  939524096 2019-02-21 17:36 /myfile3._COPYING_
-rw-r--r--   3 root supergroup  939524096 2019-02-21 17:36 /myfile4._COPYING_
-rw-r--r--   3 root supergroup  805306368 2019-02-21 17:36 /myfile5._COPYING_
-rw-r--r--   3 root supergroup 1073741824 2019-02-21 17:37 /myfile6
-rw-r--r--   3 root supergroup  939524096 2019-02-21 17:36 /myfile7._COPYING_
-rw-r--r--   3 root supergroup  939524096 2019-02-21 17:36 /myfile8._COPYING_
-rw-r--r--   3 root supergroup 1073741824 2019-02-21 17:37 /myfile9
file 19 has been put into HDFS
file 19 has been read from HDFS for 1 time
diff succeed!
file 19 has been read from HDFS for 2 time
diff succeed!
file 19 has been read from HDFS for 3 time
diff succeed!
file 19 has been read from HDFS for 4 time
diff succeed!
file 19 has been read from HDFS for 5 time
diff succeed!
file 19 has been read from HDFS for 6 time
diff succeed!
file 19 has been read from HDFS for 7 time
diff succeed!
file 19 has been read from HDFS for 8 time
diff succeed!
file 19 has been read from HDFS for 9 time
diff succeed!
file 19 has been read from HDFS for 10 time
diff succeed!
Deleted /myfile19
file 19 has been removed from HDFS
Found 19 items
-rw-r--r--   3 root supergroup 1073741824 2019-02-21 17:41 /myfile1
-rw-r--r--   3 root supergroup 1073741824 2019-02-21 17:41 /myfile10
-rw-r--r--   3 root supergroup 1073741824 2019-02-21 17:41 /myfile11
-rw-r--r--   3 root supergroup 1073741824 2019-02-21 17:41 /myfile12
-rw-r--r--   3 root supergroup 1073741824 2019-02-21 17:37 /myfile13
-rw-r--r--   3 root supergroup  805306368 2019-02-21 17:41 /myfile14._COPYING_
-rw-r--r--   3 root supergroup 1073741824 2019-02-21 17:37 /myfile15
-rw-r--r--   3 root supergroup 1073741824 2019-02-21 17:37 /myfile16
-rw-r--r--   3 root supergroup 1073741824 2019-02-21 17:41 /myfile17
-rw-r--r--   3 root supergroup  671088640 2019-02-21 17:41 /myfile18._COPYING_
-rw-r--r--   3 root supergroup 1073741824 2019-02-21 17:41 /myfile19
-rw-r--r--   3 root supergroup 1073741824 2019-02-21 17:37 /myfile2
-rw-r--r--   3 root supergroup 1073741824 2019-02-21 17:41 /myfile20
-rw-r--r--   3 root supergroup  939524096 2019-02-21 17:41 /myfile3._COPYING_
-rw-r--r--   3 root supergroup 1073741824 2019-02-21 17:41 /myfile4
-rw-r--r--   3 root supergroup 1073741824 2019-02-21 17:41 /myfile6
-rw-r--r--   3 root supergroup 1073741824 2019-02-21 17:41 /myfile7
-rw-r--r--   3 root supergroup 1073741824 2019-02-21 17:37 /myfile8
-rw-r--r--   3 root supergroup 1073741824 2019-02-21 17:37 /myfile9
file 19 has been put into HDFS
file 19 has been read from HDFS for 1 time
diff succeed!
file 19 has been read from HDFS for 2 time
diff succeed!
file 19 has been read from HDFS for 3 time
diff succeed!
file 19 has been read from HDFS for 4 time
diff succeed!
file 19 has been read from HDFS for 5 time
diff succeed!
file 19 has been read from HDFS for 6 time
diff succeed!
file 19 has been read from HDFS for 7 time
diff succeed!
file 19 has been read from HDFS for 8 time
diff succeed!
file 19 has been read from HDFS for 9 time
diff succeed!
file 19 has been read from HDFS for 10 time
diff succeed!
Deleted /myfile19
file 19 has been removed from HDFS
Found 20 items
-rw-r--r--   3 root supergroup 1073741824 2019-02-21 17:41 /myfile1
-rw-r--r--   3 root supergroup  536870912 2019-02-21 17:45 /myfile10._COPYING_
-rw-r--r--   3 root supergroup  536870912 2019-02-21 17:45 /myfile11._COPYING_
-rw-r--r--   3 root supergroup 1073741824 2019-02-21 17:41 /myfile12
-rw-r--r--   3 root supergroup 1073741824 2019-02-21 17:43 /myfile13
-rw-r--r--   3 root supergroup  805306368 2019-02-21 17:45 /myfile14._COPYING_
-rw-r--r--   3 root supergroup 1073741824 2019-02-21 17:42 /myfile15
-rw-r--r--   3 root supergroup 1073741824 2019-02-21 17:43 /myfile16
-rw-r--r--   3 root supergroup 1073741824 2019-02-21 17:41 /myfile17
-rw-r--r--   3 root supergroup 1073741824 2019-02-21 17:41 /myfile18
-rw-r--r--   3 root supergroup 1073741824 2019-02-21 17:45 /myfile19
-rw-r--r--   3 root supergroup 1073741824 2019-02-21 17:42 /myfile2
-rw-r--r--   3 root supergroup 1073741824 2019-02-21 17:45 /myfile20
-rw-r--r--   3 root supergroup 1073741824 2019-02-21 17:41 /myfile3
-rw-r--r--   3 root supergroup 1073741824 2019-02-21 17:45 /myfile4
-rw-r--r--   3 root supergroup  536870912 2019-02-21 17:45 /myfile5._COPYING_
-rw-r--r--   3 root supergroup 1073741824 2019-02-21 17:41 /myfile6
-rw-r--r--   3 root supergroup  402653184 2019-02-21 17:45 /myfile7._COPYING_
-rw-r--r--   3 root supergroup 1073741824 2019-02-21 17:44 /myfile8
-rw-r--r--   3 root supergroup 1073741824 2019-02-21 17:42 /myfile9
file 19 has been put into HDFS
file 19 has been read from HDFS for 1 time
diff succeed!
file 19 has been read from HDFS for 2 time
diff succeed!
file 19 has been read from HDFS for 3 time
diff succeed!
file 19 has been read from HDFS for 4 time
diff succeed!
file 19 has been read from HDFS for 5 time
diff succeed!
file 19 has been read from HDFS for 6 time
diff succeed!
file 19 has been read from HDFS for 7 time
diff succeed!
file 19 has been read from HDFS for 8 time
diff succeed!
file 19 has been read from HDFS for 9 time
diff succeed!
file 19 has been read from HDFS for 10 time
diff succeed!
Deleted /myfile19
file 19 has been removed from HDFS
2019-02-21 17:49:33,418 INFO retry.RetryInvocationHandler: org.apache.hadoop.ipc.RemoteException(org.apache.hadoop.ipc.StandbyException): Operation category READ is not supported in state standby. Visit https://s.apache.org/sbnn-error
	at org.apache.hadoop.hdfs.server.namenode.ha.StandbyState.checkOperation(StandbyState.java:88)
	at org.apache.hadoop.hdfs.server.namenode.NameNode$NameNodeHAContext.checkOperation(NameNode.java:1952)
	at org.apache.hadoop.hdfs.server.namenode.FSNamesystem.checkOperation(FSNamesystem.java:1423)
	at org.apache.hadoop.hdfs.server.namenode.FSNamesystem.getFileInfo(FSNamesystem.java:3085)
	at org.apache.hadoop.hdfs.server.namenode.NameNodeRpcServer.getFileInfo(NameNodeRpcServer.java:1154)
	at org.apache.hadoop.hdfs.protocolPB.ClientNamenodeProtocolServerSideTranslatorPB.getFileInfo(ClientNamenodeProtocolServerSideTranslatorPB.java:966)
	at org.apache.hadoop.hdfs.protocol.proto.ClientNamenodeProtocolProtos$ClientNamenodeProtocol$2.callBlockingMethod(ClientNamenodeProtocolProtos.java)
	at org.apache.hadoop.ipc.ProtobufRpcEngine$Server$ProtoBufRpcInvoker.call(ProtobufRpcEngine.java:523)
	at org.apache.hadoop.ipc.RPC$Server.call(RPC.java:991)
	at org.apache.hadoop.ipc.Server$RpcCall.run(Server.java:872)
	at org.apache.hadoop.ipc.Server$RpcCall.run(Server.java:818)
	at java.security.AccessController.doPrivileged(Native Method)
	at javax.security.auth.Subject.doAs(Subject.java:422)
	at org.apache.hadoop.security.UserGroupInformation.doAs(UserGroupInformation.java:1729)
	at org.apache.hadoop.ipc.Server$Handler.run(Server.java:2678)
, while invoking ClientNamenodeProtocolTranslatorPB.getFileInfo over node-1-link-0/10.10.1.4:8020 after 1 failover attempts. Trying to failover after sleeping for 1387ms.
2019-02-21 17:49:34,808 INFO retry.RetryInvocationHandler: java.net.ConnectException: Call From clnode049.clemson.cloudlab.us/130.127.133.58 to node-0-link-0:8020 failed on connection exception: java.net.ConnectException: Connection refused; For more details see:  http://wiki.apache.org/hadoop/ConnectionRefused, while invoking ClientNamenodeProtocolTranslatorPB.getFileInfo over node-0-link-0/10.10.1.1:8020 after 2 failover attempts. Trying to failover after sleeping for 2525ms.
2019-02-21 17:49:37,464 INFO retry.RetryInvocationHandler: org.apache.hadoop.ipc.RemoteException(org.apache.hadoop.ipc.RetriableException): org.apache.hadoop.hdfs.server.namenode.SafeModeException: Cannot create file/myfile19._COPYING_. Name node is in safe mode.
The reported blocks 128 has reached the threshold 0.9990 of total blocks 128. The number of live datanodes 3 has reached the minimum number 0. In safe mode extension. Safe mode will be turned off automatically in 27 seconds. NamenodeHostName:node-1-link-0
	at org.apache.hadoop.hdfs.server.namenode.FSNamesystem.checkNameNodeSafeMode(FSNamesystem.java:1441)
	at org.apache.hadoop.hdfs.server.namenode.FSNamesystem.startFileInt(FSNamesystem.java:2401)
	at org.apache.hadoop.hdfs.server.namenode.FSNamesystem.startFile(FSNamesystem.java:2347)
	at org.apache.hadoop.hdfs.server.namenode.NameNodeRpcServer.create(NameNodeRpcServer.java:774)
	at org.apache.hadoop.hdfs.protocolPB.ClientNamenodeProtocolServerSideTranslatorPB.create(ClientNamenodeProtocolServerSideTranslatorPB.java:462)
	at org.apache.hadoop.hdfs.protocol.proto.ClientNamenodeProtocolProtos$ClientNamenodeProtocol$2.callBlockingMethod(ClientNamenodeProtocolProtos.java)
	at org.apache.hadoop.ipc.ProtobufRpcEngine$Server$ProtoBufRpcInvoker.call(ProtobufRpcEngine.java:523)
	at org.apache.hadoop.ipc.RPC$Server.call(RPC.java:991)
	at org.apache.hadoop.ipc.Server$RpcCall.run(Server.java:872)
	at org.apache.hadoop.ipc.Server$RpcCall.run(Server.java:818)
	at java.security.AccessController.doPrivileged(Native Method)
	at javax.security.auth.Subject.doAs(Subject.java:422)
	at org.apache.hadoop.security.UserGroupInformation.doAs(UserGroupInformation.java:1729)
	at org.apache.hadoop.ipc.Server$Handler.run(Server.java:2678)
Caused by: org.apache.hadoop.hdfs.server.namenode.SafeModeException: Cannot create file/myfile19._COPYING_. Name node is in safe mode.
The reported blocks 128 has reached the threshold 0.9990 of total blocks 128. The number of live datanodes 3 has reached the minimum number 0. In safe mode extension. Safe mode will be turned off automatically in 27 seconds. NamenodeHostName:node-1-link-0
	at org.apache.hadoop.hdfs.server.namenode.FSNamesystem.newSafemodeException(FSNamesystem.java:1450)
	at org.apache.hadoop.hdfs.server.namenode.FSNamesystem.checkNameNodeSafeMode(FSNamesystem.java:1437)
	... 13 more
, while invoking ClientNamenodeProtocolTranslatorPB.create over node-1-link-0/10.10.1.4:8020. Retrying immediately.
2019-02-21 17:49:37,467 INFO retry.RetryInvocationHandler: org.apache.hadoop.ipc.RemoteException(org.apache.hadoop.ipc.RetriableException): org.apache.hadoop.hdfs.server.namenode.SafeModeException: Cannot create file/myfile19._COPYING_. Name node is in safe mode.
The reported blocks 128 has reached the threshold 0.9990 of total blocks 128. The number of live datanodes 3 has reached the minimum number 0. In safe mode extension. Safe mode will be turned off automatically in 27 seconds. NamenodeHostName:node-1-link-0
	at org.apache.hadoop.hdfs.server.namenode.FSNamesystem.checkNameNodeSafeMode(FSNamesystem.java:1441)
	at org.apache.hadoop.hdfs.server.namenode.FSNamesystem.startFileInt(FSNamesystem.java:2401)
	at org.apache.hadoop.hdfs.server.namenode.FSNamesystem.startFile(FSNamesystem.java:2347)
	at org.apache.hadoop.hdfs.server.namenode.NameNodeRpcServer.create(NameNodeRpcServer.java:774)
	at org.apache.hadoop.hdfs.protocolPB.ClientNamenodeProtocolServerSideTranslatorPB.create(ClientNamenodeProtocolServerSideTranslatorPB.java:462)
	at org.apache.hadoop.hdfs.protocol.proto.ClientNamenodeProtocolProtos$ClientNamenodeProtocol$2.callBlockingMethod(ClientNamenodeProtocolProtos.java)
	at org.apache.hadoop.ipc.ProtobufRpcEngine$Server$ProtoBufRpcInvoker.call(ProtobufRpcEngine.java:523)
	at org.apache.hadoop.ipc.RPC$Server.call(RPC.java:991)
	at org.apache.hadoop.ipc.Server$RpcCall.run(Server.java:872)
	at org.apache.hadoop.ipc.Server$RpcCall.run(Server.java:818)
	at java.security.AccessController.doPrivileged(Native Method)
	at javax.security.auth.Subject.doAs(Subject.java:422)
	at org.apache.hadoop.security.UserGroupInformation.doAs(UserGroupInformation.java:1729)
	at org.apache.hadoop.ipc.Server$Handler.run(Server.java:2678)
Caused by: org.apache.hadoop.hdfs.server.namenode.SafeModeException: Cannot create file/myfile19._COPYING_. Name node is in safe mode.
The reported blocks 128 has reached the threshold 0.9990 of total blocks 128. The number of live datanodes 3 has reached the minimum number 0. In safe mode extension. Safe mode will be turned off automatically in 27 seconds. NamenodeHostName:node-1-link-0
	at org.apache.hadoop.hdfs.server.namenode.FSNamesystem.newSafemodeException(FSNamesystem.java:1450)
	at org.apache.hadoop.hdfs.server.namenode.FSNamesystem.checkNameNodeSafeMode(FSNamesystem.java:1437)
	... 13 more
, while invoking ClientNamenodeProtocolTranslatorPB.create over node-1-link-0/10.10.1.4:8020. Retrying after sleeping for 1131ms.
2019-02-21 17:49:38,602 INFO retry.RetryInvocationHandler: org.apache.hadoop.ipc.RemoteException(org.apache.hadoop.ipc.RetriableException): org.apache.hadoop.hdfs.server.namenode.SafeModeException: Cannot create file/myfile19._COPYING_. Name node is in safe mode.
The reported blocks 128 has reached the threshold 0.9990 of total blocks 128. The number of live datanodes 3 has reached the minimum number 0. In safe mode extension. Safe mode will be turned off automatically in 26 seconds. NamenodeHostName:node-1-link-0
	at org.apache.hadoop.hdfs.server.namenode.FSNamesystem.checkNameNodeSafeMode(FSNamesystem.java:1441)
	at org.apache.hadoop.hdfs.server.namenode.FSNamesystem.startFileInt(FSNamesystem.java:2401)
	at org.apache.hadoop.hdfs.server.namenode.FSNamesystem.startFile(FSNamesystem.java:2347)
	at org.apache.hadoop.hdfs.server.namenode.NameNodeRpcServer.create(NameNodeRpcServer.java:774)
	at org.apache.hadoop.hdfs.protocolPB.ClientNamenodeProtocolServerSideTranslatorPB.create(ClientNamenodeProtocolServerSideTranslatorPB.java:462)
	at org.apache.hadoop.hdfs.protocol.proto.ClientNamenodeProtocolProtos$ClientNamenodeProtocol$2.callBlockingMethod(ClientNamenodeProtocolProtos.java)
	at org.apache.hadoop.ipc.ProtobufRpcEngine$Server$ProtoBufRpcInvoker.call(ProtobufRpcEngine.java:523)
	at org.apache.hadoop.ipc.RPC$Server.call(RPC.java:991)
	at org.apache.hadoop.ipc.Server$RpcCall.run(Server.java:872)
	at org.apache.hadoop.ipc.Server$RpcCall.run(Server.java:818)
	at java.security.AccessController.doPrivileged(Native Method)
	at javax.security.auth.Subject.doAs(Subject.java:422)
	at org.apache.hadoop.security.UserGroupInformation.doAs(UserGroupInformation.java:1729)
	at org.apache.hadoop.ipc.Server$Handler.run(Server.java:2678)
Caused by: org.apache.hadoop.hdfs.server.namenode.SafeModeException: Cannot create file/myfile19._COPYING_. Name node is in safe mode.
The reported blocks 128 has reached the threshold 0.9990 of total blocks 128. The number of live datanodes 3 has reached the minimum number 0. In safe mode extension. Safe mode will be turned off automatically in 26 seconds. NamenodeHostName:node-1-link-0
	at org.apache.hadoop.hdfs.server.namenode.FSNamesystem.newSafemodeException(FSNamesystem.java:1450)
	at org.apache.hadoop.hdfs.server.namenode.FSNamesystem.checkNameNodeSafeMode(FSNamesystem.java:1437)
	... 13 more
, while invoking ClientNamenodeProtocolTranslatorPB.create over node-1-link-0/10.10.1.4:8020. Retrying after sleeping for 1151ms.
2019-02-21 17:49:39,756 INFO retry.RetryInvocationHandler: org.apache.hadoop.ipc.RemoteException(org.apache.hadoop.ipc.RetriableException): org.apache.hadoop.hdfs.server.namenode.SafeModeException: Cannot create file/myfile19._COPYING_. Name node is in safe mode.
The reported blocks 128 has reached the threshold 0.9990 of total blocks 128. The number of live datanodes 3 has reached the minimum number 0. In safe mode extension. Safe mode will be turned off automatically in 25 seconds. NamenodeHostName:node-1-link-0
	at org.apache.hadoop.hdfs.server.namenode.FSNamesystem.checkNameNodeSafeMode(FSNamesystem.java:1441)
	at org.apache.hadoop.hdfs.server.namenode.FSNamesystem.startFileInt(FSNamesystem.java:2401)
	at org.apache.hadoop.hdfs.server.namenode.FSNamesystem.startFile(FSNamesystem.java:2347)
	at org.apache.hadoop.hdfs.server.namenode.NameNodeRpcServer.create(NameNodeRpcServer.java:774)
	at org.apache.hadoop.hdfs.protocolPB.ClientNamenodeProtocolServerSideTranslatorPB.create(ClientNamenodeProtocolServerSideTranslatorPB.java:462)
	at org.apache.hadoop.hdfs.protocol.proto.ClientNamenodeProtocolProtos$ClientNamenodeProtocol$2.callBlockingMethod(ClientNamenodeProtocolProtos.java)
	at org.apache.hadoop.ipc.ProtobufRpcEngine$Server$ProtoBufRpcInvoker.call(ProtobufRpcEngine.java:523)
	at org.apache.hadoop.ipc.RPC$Server.call(RPC.java:991)
	at org.apache.hadoop.ipc.Server$RpcCall.run(Server.java:872)
	at org.apache.hadoop.ipc.Server$RpcCall.run(Server.java:818)
	at java.security.AccessController.doPrivileged(Native Method)
	at javax.security.auth.Subject.doAs(Subject.java:422)
	at org.apache.hadoop.security.UserGroupInformation.doAs(UserGroupInformation.java:1729)
	at org.apache.hadoop.ipc.Server$Handler.run(Server.java:2678)
Caused by: org.apache.hadoop.hdfs.server.namenode.SafeModeException: Cannot create file/myfile19._COPYING_. Name node is in safe mode.
The reported blocks 128 has reached the threshold 0.9990 of total blocks 128. The number of live datanodes 3 has reached the minimum number 0. In safe mode extension. Safe mode will be turned off automatically in 25 seconds. NamenodeHostName:node-1-link-0
	at org.apache.hadoop.hdfs.server.namenode.FSNamesystem.newSafemodeException(FSNamesystem.java:1450)
	at org.apache.hadoop.hdfs.server.namenode.FSNamesystem.checkNameNodeSafeMode(FSNamesystem.java:1437)
	... 13 more
, while invoking ClientNamenodeProtocolTranslatorPB.create over node-1-link-0/10.10.1.4:8020. Retrying after sleeping for 3056ms.
2019-02-21 17:49:42,815 INFO retry.RetryInvocationHandler: org.apache.hadoop.ipc.RemoteException(org.apache.hadoop.ipc.RetriableException): org.apache.hadoop.hdfs.server.namenode.SafeModeException: Cannot create file/myfile19._COPYING_. Name node is in safe mode.
The reported blocks 128 has reached the threshold 0.9990 of total blocks 128. The number of live datanodes 3 has reached the minimum number 0. In safe mode extension. Safe mode will be turned off automatically in 22 seconds. NamenodeHostName:node-1-link-0
	at org.apache.hadoop.hdfs.server.namenode.FSNamesystem.checkNameNodeSafeMode(FSNamesystem.java:1441)
	at org.apache.hadoop.hdfs.server.namenode.FSNamesystem.startFileInt(FSNamesystem.java:2401)
	at org.apache.hadoop.hdfs.server.namenode.FSNamesystem.startFile(FSNamesystem.java:2347)
	at org.apache.hadoop.hdfs.server.namenode.NameNodeRpcServer.create(NameNodeRpcServer.java:774)
	at org.apache.hadoop.hdfs.protocolPB.ClientNamenodeProtocolServerSideTranslatorPB.create(ClientNamenodeProtocolServerSideTranslatorPB.java:462)
	at org.apache.hadoop.hdfs.protocol.proto.ClientNamenodeProtocolProtos$ClientNamenodeProtocol$2.callBlockingMethod(ClientNamenodeProtocolProtos.java)
	at org.apache.hadoop.ipc.ProtobufRpcEngine$Server$ProtoBufRpcInvoker.call(ProtobufRpcEngine.java:523)
	at org.apache.hadoop.ipc.RPC$Server.call(RPC.java:991)
	at org.apache.hadoop.ipc.Server$RpcCall.run(Server.java:872)
	at org.apache.hadoop.ipc.Server$RpcCall.run(Server.java:818)
	at java.security.AccessController.doPrivileged(Native Method)
	at javax.security.auth.Subject.doAs(Subject.java:422)
	at org.apache.hadoop.security.UserGroupInformation.doAs(UserGroupInformation.java:1729)
	at org.apache.hadoop.ipc.Server$Handler.run(Server.java:2678)
Caused by: org.apache.hadoop.hdfs.server.namenode.SafeModeException: Cannot create file/myfile19._COPYING_. Name node is in safe mode.
The reported blocks 128 has reached the threshold 0.9990 of total blocks 128. The number of live datanodes 3 has reached the minimum number 0. In safe mode extension. Safe mode will be turned off automatically in 22 seconds. NamenodeHostName:node-1-link-0
	at org.apache.hadoop.hdfs.server.namenode.FSNamesystem.newSafemodeException(FSNamesystem.java:1450)
	at org.apache.hadoop.hdfs.server.namenode.FSNamesystem.checkNameNodeSafeMode(FSNamesystem.java:1437)
	... 13 more
, while invoking ClientNamenodeProtocolTranslatorPB.create over node-1-link-0/10.10.1.4:8020. Retrying after sleeping for 9442ms.
2019-02-21 17:49:52,260 INFO retry.RetryInvocationHandler: org.apache.hadoop.ipc.RemoteException(org.apache.hadoop.ipc.RetriableException): org.apache.hadoop.hdfs.server.namenode.SafeModeException: Cannot create file/myfile19._COPYING_. Name node is in safe mode.
The reported blocks 128 has reached the threshold 0.9990 of total blocks 128. The number of live datanodes 3 has reached the minimum number 0. In safe mode extension. Safe mode will be turned off automatically in 12 seconds. NamenodeHostName:node-1-link-0
	at org.apache.hadoop.hdfs.server.namenode.FSNamesystem.checkNameNodeSafeMode(FSNamesystem.java:1441)
	at org.apache.hadoop.hdfs.server.namenode.FSNamesystem.startFileInt(FSNamesystem.java:2401)
	at org.apache.hadoop.hdfs.server.namenode.FSNamesystem.startFile(FSNamesystem.java:2347)
	at org.apache.hadoop.hdfs.server.namenode.NameNodeRpcServer.create(NameNodeRpcServer.java:774)
	at org.apache.hadoop.hdfs.protocolPB.ClientNamenodeProtocolServerSideTranslatorPB.create(ClientNamenodeProtocolServerSideTranslatorPB.java:462)
	at org.apache.hadoop.hdfs.protocol.proto.ClientNamenodeProtocolProtos$ClientNamenodeProtocol$2.callBlockingMethod(ClientNamenodeProtocolProtos.java)
	at org.apache.hadoop.ipc.ProtobufRpcEngine$Server$ProtoBufRpcInvoker.call(ProtobufRpcEngine.java:523)
	at org.apache.hadoop.ipc.RPC$Server.call(RPC.java:991)
	at org.apache.hadoop.ipc.Server$RpcCall.run(Server.java:872)
	at org.apache.hadoop.ipc.Server$RpcCall.run(Server.java:818)
	at java.security.AccessController.doPrivileged(Native Method)
	at javax.security.auth.Subject.doAs(Subject.java:422)
	at org.apache.hadoop.security.UserGroupInformation.doAs(UserGroupInformation.java:1729)
	at org.apache.hadoop.ipc.Server$Handler.run(Server.java:2678)
Caused by: org.apache.hadoop.hdfs.server.namenode.SafeModeException: Cannot create file/myfile19._COPYING_. Name node is in safe mode.
The reported blocks 128 has reached the threshold 0.9990 of total blocks 128. The number of live datanodes 3 has reached the minimum number 0. In safe mode extension. Safe mode will be turned off automatically in 12 seconds. NamenodeHostName:node-1-link-0
	at org.apache.hadoop.hdfs.server.namenode.FSNamesystem.newSafemodeException(FSNamesystem.java:1450)
	at org.apache.hadoop.hdfs.server.namenode.FSNamesystem.checkNameNodeSafeMode(FSNamesystem.java:1437)
	... 13 more
, while invoking ClientNamenodeProtocolTranslatorPB.create over node-1-link-0/10.10.1.4:8020. Retrying after sleeping for 19389ms.
Found 18 items
-rw-r--r--   3 root supergroup 1073741824 2019-02-21 17:50 /myfile1
-rw-r--r--   3 root supergroup 1073741824 2019-02-21 17:46 /myfile10
-rw-r--r--   3 root supergroup 1073741824 2019-02-21 17:46 /myfile11
-rw-r--r--   3 root supergroup 1073741824 2019-02-21 17:48 /myfile12
-rw-r--r--   3 root supergroup 1073741824 2019-02-21 17:42 /myfile15
-rw-r--r--   3 root supergroup 1073741824 2019-02-21 17:43 /myfile16
-rw-r--r--   3 root supergroup 1073741824 2019-02-21 17:48 /myfile17
-rw-r--r--   3 root supergroup 1073741824 2019-02-21 17:47 /myfile18
-rw-r--r--   3 root supergroup 1073741824 2019-02-21 17:50 /myfile19
-rw-r--r--   3 root supergroup 1073741824 2019-02-21 17:42 /myfile2
-rw-r--r--   3 root supergroup 1073741824 2019-02-21 17:45 /myfile20
-rw-r--r--   3 root supergroup 1073741824 2019-02-21 17:47 /myfile3
-rw-r--r--   3 root supergroup          0 2019-02-21 17:49 /myfile4._COPYING_
-rw-r--r--   3 root supergroup          0 2019-02-21 17:50 /myfile5._COPYING_
-rw-r--r--   3 root supergroup 1073741824 2019-02-21 17:47 /myfile6
-rw-r--r--   3 root supergroup 1073741824 2019-02-21 17:46 /myfile7
-rw-r--r--   3 root supergroup 1073741824 2019-02-21 17:48 /myfile8
-rw-r--r--   3 root supergroup 1073741824 2019-02-21 17:47 /myfile9
file 19 has been put into HDFS
file 19 has been read from HDFS for 1 time
diff succeed!
file 19 has been read from HDFS for 2 time
diff succeed!
file 19 has been read from HDFS for 3 time
diff succeed!
file 19 has been read from HDFS for 4 time
diff succeed!
file 19 has been read from HDFS for 5 time
diff succeed!
file 19 has been read from HDFS for 6 time
diff succeed!
file 19 has been read from HDFS for 7 time
diff succeed!
file 19 has been read from HDFS for 8 time
diff succeed!
file 19 has been read from HDFS for 9 time
diff succeed!
file 19 has been read from HDFS for 10 time
diff succeed!
Deleted /myfile19
file 19 has been removed from HDFS
Found 20 items
-rw-r--r--   3 root supergroup 1073741824 2019-02-21 17:50 /myfile1
-rw-r--r--   3 root supergroup  671088640 2019-02-21 17:54 /myfile10._COPYING_
-rw-r--r--   3 root supergroup 1073741824 2019-02-21 17:52 /myfile11
-rw-r--r--   3 root supergroup 1073741824 2019-02-21 17:54 /myfile12
-rw-r--r--   3 root supergroup 1073741824 2019-02-21 17:54 /myfile13
-rw-r--r--   3 root supergroup 1073741824 2019-02-21 17:54 /myfile14
-rw-r--r--   3 root supergroup 1073741824 2019-02-21 17:51 /myfile15
-rw-r--r--   3 root supergroup 1073741824 2019-02-21 17:52 /myfile16
-rw-r--r--   3 root supergroup 1073741824 2019-02-21 17:48 /myfile17
-rw-r--r--   3 root supergroup 1073741824 2019-02-21 17:54 /myfile18
-rw-r--r--   3 root supergroup 1073741824 2019-02-21 17:54 /myfile19
-rw-r--r--   3 root supergroup 1073741824 2019-02-21 17:52 /myfile2
-rw-r--r--   3 root supergroup 1073741824 2019-02-21 17:52 /myfile20
-rw-r--r--   3 root supergroup 1073741824 2019-02-21 17:54 /myfile3
-rw-r--r--   3 root supergroup  939524096 2019-02-21 17:54 /myfile4._COPYING_
-rw-r--r--   3 root supergroup  671088640 2019-02-21 17:54 /myfile5._COPYING_
-rw-r--r--   3 root supergroup 1073741824 2019-02-21 17:54 /myfile6
-rw-r--r--   3 root supergroup  805306368 2019-02-21 17:54 /myfile7._COPYING_
-rw-r--r--   3 root supergroup 1073741824 2019-02-21 17:52 /myfile8
-rw-r--r--   3 root supergroup 1073741824 2019-02-21 17:51 /myfile9
file 19 has been put into HDFS
file 19 has been read from HDFS for 1 time
diff succeed!
file 19 has been read from HDFS for 2 time
diff succeed!
file 19 has been read from HDFS for 3 time
diff succeed!
file 19 has been read from HDFS for 4 time
diff succeed!
file 19 has been read from HDFS for 5 time
diff succeed!
file 19 has been read from HDFS for 6 time
diff succeed!
file 19 has been read from HDFS for 7 time
diff succeed!
file 19 has been read from HDFS for 8 time
diff succeed!
file 19 has been read from HDFS for 9 time
diff succeed!
file 19 has been read from HDFS for 10 time
diff succeed!
Deleted /myfile19
file 19 has been removed from HDFS
2019-02-21 18:00:11,140 INFO retry.RetryInvocationHandler: java.net.ConnectException: Call From clnode049.clemson.cloudlab.us/130.127.133.58 to node-1-link-0:8020 failed on connection exception: java.net.ConnectException: Connection refused; For more details see:  http://wiki.apache.org/hadoop/ConnectionRefused, while invoking ClientNamenodeProtocolTranslatorPB.complete over node-1-link-0/10.10.1.4:8020. Trying to failover immediately.
Found 17 items
-rw-r--r--   3 root supergroup  268435456 2019-02-21 17:59 /myfile1._COPYING_
-rw-r--r--   3 root supergroup  402653184 2019-02-21 17:59 /myfile10._COPYING_
-rw-r--r--   3 root supergroup 1073741824 2019-02-21 17:57 /myfile11
-rw-r--r--   3 root supergroup  805306368 2019-02-21 17:59 /myfile14._COPYING_
-rw-r--r--   3 root supergroup 1073741824 2019-02-21 17:57 /myfile15
-rw-r--r--   3 root supergroup 1073741824 2019-02-21 17:57 /myfile16
-rw-r--r--   3 root supergroup 1073741824 2019-02-21 17:58 /myfile18
-rw-r--r--   3 root supergroup 1073741824 2019-02-21 18:00 /myfile19
-rw-r--r--   3 root supergroup 1073741824 2019-02-21 17:57 /myfile2
-rw-r--r--   3 root supergroup 1073741824 2019-02-21 17:57 /myfile20
-rw-r--r--   3 root supergroup  402653184 2019-02-21 17:59 /myfile3._COPYING_
-rw-r--r--   3 root supergroup 1073741824 2019-02-21 17:58 /myfile4
-rw-r--r--   3 root supergroup 1073741824 2019-02-21 17:59 /myfile5
-rw-r--r--   3 root supergroup 1073741824 2019-02-21 17:54 /myfile6
-rw-r--r--   3 root supergroup 1073741824 2019-02-21 17:58 /myfile7
-rw-r--r--   3 root supergroup 1073741824 2019-02-21 17:57 /myfile8
-rw-r--r--   3 root supergroup 1073741824 2019-02-21 17:56 /myfile9
file 19 has been put into HDFS
file 19 has been read from HDFS for 1 time
diff succeed!
file 19 has been read from HDFS for 2 time
diff succeed!
file 19 has been read from HDFS for 3 time
diff succeed!
file 19 has been read from HDFS for 4 time
diff succeed!
file 19 has been read from HDFS for 5 time
diff succeed!
file 19 has been read from HDFS for 6 time
diff succeed!
file 19 has been read from HDFS for 7 time
diff succeed!
file 19 has been read from HDFS for 8 time
diff succeed!
file 19 has been read from HDFS for 9 time
diff succeed!
file 19 has been read from HDFS for 10 time
diff succeed!
Deleted /myfile19
file 19 has been removed from HDFS
Found 20 items
-rw-r--r--   3 root supergroup 1073741824 2019-02-21 18:05 /myfile1
-rw-r--r--   3 root supergroup  671088640 2019-02-21 18:04 /myfile10._COPYING_
-rw-r--r--   3 root supergroup 1073741824 2019-02-21 18:02 /myfile11
-rw-r--r--   3 root supergroup 1073741824 2019-02-21 18:01 /myfile12
-rw-r--r--   3 root supergroup 1073741824 2019-02-21 18:01 /myfile13
-rw-r--r--   3 root supergroup 1073741824 2019-02-21 18:04 /myfile14
-rw-r--r--   3 root supergroup 1073741824 2019-02-21 18:02 /myfile15
-rw-r--r--   3 root supergroup 1073741824 2019-02-21 18:02 /myfile16
-rw-r--r--   3 root supergroup 1073741824 2019-02-21 18:01 /myfile17
-rw-r--r--   3 root supergroup 1073741824 2019-02-21 18:03 /myfile18
-rw-r--r--   3 root supergroup 1073741824 2019-02-21 18:04 /myfile19
-rw-r--r--   3 root supergroup 1073741824 2019-02-21 18:01 /myfile2
-rw-r--r--   3 root supergroup 1073741824 2019-02-21 18:02 /myfile20
-rw-r--r--   3 root supergroup  805306368 2019-02-21 18:04 /myfile3._COPYING_
-rw-r--r--   3 root supergroup 1073741824 2019-02-21 18:04 /myfile4
-rw-r--r--   3 root supergroup 1073741824 2019-02-21 18:03 /myfile5
-rw-r--r--   3 root supergroup 1073741824 2019-02-21 18:01 /myfile6
-rw-r--r--   3 root supergroup 1073741824 2019-02-21 18:04 /myfile7
-rw-r--r--   3 root supergroup 1073741824 2019-02-21 18:02 /myfile8
-rw-r--r--   3 root supergroup 1073741824 2019-02-21 18:01 /myfile9
file 19 has been put into HDFS
file 19 has been read from HDFS for 1 time
diff succeed!
file 19 has been read from HDFS for 2 time
diff succeed!
file 19 has been read from HDFS for 3 time
diff succeed!
file 19 has been read from HDFS for 4 time
diff succeed!
file 19 has been read from HDFS for 5 time
diff succeed!
file 19 has been read from HDFS for 6 time
diff succeed!
file 19 has been read from HDFS for 7 time
diff succeed!
file 19 has been read from HDFS for 8 time
diff succeed!
file 19 has been read from HDFS for 9 time
diff succeed!
file 19 has been read from HDFS for 10 time
diff succeed!
Deleted /myfile19
file 19 has been removed from HDFS
Found 20 items
-rw-r--r--   3 root supergroup  134217728 2019-02-21 18:09 /myfile1._COPYING_
-rw-r--r--   3 root supergroup 1073741824 2019-02-21 18:09 /myfile10
-rw-r--r--   3 root supergroup 1073741824 2019-02-21 18:06 /myfile11
-rw-r--r--   3 root supergroup 1073741824 2019-02-21 18:06 /myfile12
-rw-r--r--   3 root supergroup 1073741824 2019-02-21 18:06 /myfile13
-rw-r--r--   3 root supergroup 1073741824 2019-02-21 18:09 /myfile14
-rw-r--r--   3 root supergroup 1073741824 2019-02-21 18:07 /myfile15
-rw-r--r--   3 root supergroup 1073741824 2019-02-21 18:07 /myfile16
-rw-r--r--   3 root supergroup 1073741824 2019-02-21 18:06 /myfile17
-rw-r--r--   3 root supergroup 1073741824 2019-02-21 18:08 /myfile18
-rw-r--r--   3 root supergroup 1073741824 2019-02-21 18:09 /myfile19
-rw-r--r--   3 root supergroup 1073741824 2019-02-21 18:06 /myfile2
-rw-r--r--   3 root supergroup 1073741824 2019-02-21 18:06 /myfile20
-rw-r--r--   3 root supergroup  671088640 2019-02-21 18:08 /myfile3._COPYING_
-rw-r--r--   3 root supergroup 1073741824 2019-02-21 18:09 /myfile4
-rw-r--r--   3 root supergroup 1073741824 2019-02-21 18:08 /myfile5
-rw-r--r--   3 root supergroup 1073741824 2019-02-21 18:07 /myfile6
-rw-r--r--   3 root supergroup 1073741824 2019-02-21 18:08 /myfile7
-rw-r--r--   3 root supergroup 1073741824 2019-02-21 18:06 /myfile8
-rw-r--r--   3 root supergroup 1073741824 2019-02-21 18:06 /myfile9
file 19 has been put into HDFS
file 19 has been read from HDFS for 1 time
diff succeed!
file 19 has been read from HDFS for 2 time
diff succeed!
file 19 has been read from HDFS for 3 time
diff succeed!
file 19 has been read from HDFS for 4 time
diff succeed!
file 19 has been read from HDFS for 5 time
diff succeed!
file 19 has been read from HDFS for 6 time
diff succeed!
file 19 has been read from HDFS for 7 time
diff succeed!
file 19 has been read from HDFS for 8 time
diff succeed!
file 19 has been read from HDFS for 9 time
diff succeed!
file 19 has been read from HDFS for 10 time
diff succeed!
Deleted /myfile19
file 19 has been removed from HDFS
Found 19 items
-rw-r--r--   3 root supergroup 1073741824 2019-02-21 18:15 /myfile1
-rw-r--r--   3 root supergroup 1073741824 2019-02-21 18:13 /myfile10
-rw-r--r--   3 root supergroup 1073741824 2019-02-21 18:12 /myfile11
-rw-r--r--   3 root supergroup  268435456 2019-02-21 18:15 /myfile12._COPYING_
-rw-r--r--   3 root supergroup 1073741824 2019-02-21 18:13 /myfile14
-rw-r--r--   3 root supergroup 1073741824 2019-02-21 18:12 /myfile15
-rw-r--r--   3 root supergroup 1073741824 2019-02-21 18:12 /myfile16
-rw-r--r--   3 root supergroup 1073741824 2019-02-21 18:11 /myfile17
-rw-r--r--   3 root supergroup 1073741824 2019-02-21 18:13 /myfile18
-rw-r--r--   3 root supergroup 1073741824 2019-02-21 18:15 /myfile19
-rw-r--r--   3 root supergroup 1073741824 2019-02-21 18:12 /myfile2
-rw-r--r--   3 root supergroup 1073741824 2019-02-21 18:12 /myfile20
-rw-r--r--   3 root supergroup  805306368 2019-02-21 18:14 /myfile3._COPYING_
-rw-r--r--   3 root supergroup 1073741824 2019-02-21 18:13 /myfile4
-rw-r--r--   3 root supergroup 1073741824 2019-02-21 18:13 /myfile5
-rw-r--r--   3 root supergroup 1073741824 2019-02-21 18:11 /myfile6
-rw-r--r--   3 root supergroup 1073741824 2019-02-21 18:13 /myfile7
-rw-r--r--   3 root supergroup 1073741824 2019-02-21 18:12 /myfile8
-rw-r--r--   3 root supergroup 1073741824 2019-02-21 18:12 /myfile9
file 19 has been put into HDFS
file 19 has been read from HDFS for 1 time
diff succeed!
file 19 has been read from HDFS for 2 time
diff succeed!
file 19 has been read from HDFS for 3 time
diff succeed!
file 19 has been read from HDFS for 4 time
diff succeed!
file 19 has been read from HDFS for 5 time
diff succeed!
file 19 has been read from HDFS for 6 time
diff succeed!
file 19 has been read from HDFS for 7 time
diff succeed!
file 19 has been read from HDFS for 8 time
diff succeed!
file 19 has been read from HDFS for 9 time
diff succeed!
file 19 has been read from HDFS for 10 time
diff succeed!
Deleted /myfile19
file 19 has been removed from HDFS
Found 20 items
-rw-r--r--   3 root supergroup 1073741824 2019-02-21 18:20 /myfile1
-rw-r--r--   3 root supergroup 1073741824 2019-02-21 18:17 /myfile10
-rw-r--r--   3 root supergroup  671088640 2019-02-21 18:20 /myfile11._COPYING_
-rw-r--r--   3 root supergroup 1073741824 2019-02-21 18:21 /myfile12
-rw-r--r--   3 root supergroup  536870912 2019-02-21 18:20 /myfile13._COPYING_
-rw-r--r--   3 root supergroup 1073741824 2019-02-21 18:17 /myfile14
-rw-r--r--   3 root supergroup 1073741824 2019-02-21 18:18 /myfile15
-rw-r--r--   3 root supergroup  268435456 2019-02-21 18:21 /myfile16._COPYING_
-rw-r--r--   3 root supergroup 1073741824 2019-02-21 18:21 /myfile17
-rw-r--r--   3 root supergroup 1073741824 2019-02-21 18:17 /myfile18
-rw-r--r--   3 root supergroup 1073741824 2019-02-21 18:21 /myfile19
-rw-r--r--   3 root supergroup 1073741824 2019-02-21 18:17 /myfile2
-rw-r--r--   3 root supergroup 1073741824 2019-02-21 18:18 /myfile20
-rw-r--r--   3 root supergroup 1073741824 2019-02-21 18:21 /myfile3
-rw-r--r--   3 root supergroup 1073741824 2019-02-21 18:18 /myfile4
-rw-r--r--   3 root supergroup 1073741824 2019-02-21 18:17 /myfile5
-rw-r--r--   3 root supergroup 1073741824 2019-02-21 18:21 /myfile6
-rw-r--r--   3 root supergroup 1073741824 2019-02-21 18:17 /myfile7
-rw-r--r--   3 root supergroup  402653184 2019-02-21 18:20 /myfile8._COPYING_
-rw-r--r--   3 root supergroup  671088640 2019-02-21 18:20 /myfile9._COPYING_
file 19 has been put into HDFS
file 19 has been read from HDFS for 1 time
diff succeed!
file 19 has been read from HDFS for 2 time
diff succeed!
sub_benchmark 2 signal TERM catched and let quit gracefully
Deleted /myfile19
file 19 has been removed from HDFS
