2019-03-03 23:16:13,946 WARN hdfs.DataStreamer: Exception for BP-1471134731-130.127.133.101-1551680107961:blk_1073741950_1126
java.io.EOFException: Unexpected EOF while trying to read response from server
	at org.apache.hadoop.hdfs.protocolPB.PBHelperClient.vintPrefixed(PBHelperClient.java:549)
	at org.apache.hadoop.hdfs.protocol.datatransfer.PipelineAck.readFields(PipelineAck.java:213)
	at org.apache.hadoop.hdfs.DataStreamer$ResponseProcessor.run(DataStreamer.java:1086)
2019-03-03 23:16:13,952 WARN hdfs.DataStreamer: Error Recovery for BP-1471134731-130.127.133.101-1551680107961:blk_1073741950_1126 in pipeline [DatanodeInfoWithStorage[10.10.1.2:9866,DS-475d86c4-02f7-43a0-b8bb-4dd30c71271f,DISK], DatanodeInfoWithStorage[10.10.1.3:9866,DS-d0c6b7a2-3119-455f-81bf-02ff4c25d167,DISK], DatanodeInfoWithStorage[10.10.1.4:9866,DS-f9ed7ffb-7437-4e68-8691-953a69b531cb,DISK]]: datanode 0(DatanodeInfoWithStorage[10.10.1.2:9866,DS-475d86c4-02f7-43a0-b8bb-4dd30c71271f,DISK]) is bad.
2019-03-03 23:16:14,075 INFO hdfs.DataStreamer: Exception in createBlockOutputStream blk_1073741963_1149
java.io.IOException: Got error, status=ERROR, status message , ack with firstBadLink as 10.10.1.2:9866
	at org.apache.hadoop.hdfs.protocol.datatransfer.DataTransferProtoUtil.checkBlockOpStatus(DataTransferProtoUtil.java:134)
	at org.apache.hadoop.hdfs.protocol.datatransfer.DataTransferProtoUtil.checkBlockOpStatus(DataTransferProtoUtil.java:110)
	at org.apache.hadoop.hdfs.DataStreamer.createBlockOutputStream(DataStreamer.java:1778)
	at org.apache.hadoop.hdfs.DataStreamer.nextBlockOutputStream(DataStreamer.java:1679)
	at org.apache.hadoop.hdfs.DataStreamer.run(DataStreamer.java:716)
2019-03-03 23:16:14,075 WARN hdfs.DataStreamer: Abandoning BP-1471134731-130.127.133.101-1551680107961:blk_1073741963_1149
2019-03-03 23:16:14,112 WARN hdfs.DataStreamer: Excluding datanode DatanodeInfoWithStorage[10.10.1.2:9866,DS-475d86c4-02f7-43a0-b8bb-4dd30c71271f,DISK]
Found 20 items
-rw-r--r--   3 root supergroup  805306368 2019-03-03 23:15 /myfile1._COPYING_
-rw-r--r--   3 root supergroup  805306368 2019-03-03 23:15 /myfile10._COPYING_
-rw-r--r--   3 root supergroup  805306368 2019-03-03 23:15 /myfile11._COPYING_
-rw-r--r--   3 root supergroup  671088640 2019-03-03 23:15 /myfile12._COPYING_
-rw-r--r--   3 root supergroup  939524096 2019-03-03 23:15 /myfile13._COPYING_
-rw-r--r--   3 root supergroup  939524096 2019-03-03 23:15 /myfile14._COPYING_
-rw-r--r--   3 root supergroup  805306368 2019-03-03 23:15 /myfile15._COPYING_
-rw-r--r--   3 root supergroup 1073741824 2019-03-03 23:16 /myfile16
-rw-r--r--   3 root supergroup  939524096 2019-03-03 23:15 /myfile17._COPYING_
-rw-r--r--   3 root supergroup  939524096 2019-03-03 23:15 /myfile18._COPYING_
-rw-r--r--   3 root supergroup  939524096 2019-03-03 23:15 /myfile19._COPYING_
-rw-r--r--   3 root supergroup  939524096 2019-03-03 23:15 /myfile2._COPYING_
-rw-r--r--   3 root supergroup  939524096 2019-03-03 23:15 /myfile20._COPYING_
-rw-r--r--   3 root supergroup  805306368 2019-03-03 23:15 /myfile3._COPYING_
-rw-r--r--   3 root supergroup  805306368 2019-03-03 23:15 /myfile4._COPYING_
-rw-r--r--   3 root supergroup  939524096 2019-03-03 23:15 /myfile5._COPYING_
-rw-r--r--   3 root supergroup 1073741824 2019-03-03 23:16 /myfile6
-rw-r--r--   3 root supergroup 1073741824 2019-03-03 23:16 /myfile7
-rw-r--r--   3 root supergroup  805306368 2019-03-03 23:15 /myfile8._COPYING_
-rw-r--r--   3 root supergroup 1073741824 2019-03-03 23:16 /myfile9
file 6 has been put into HDFS
file 6 has been read from HDFS for 1 time
diff succeed!
file 6 has been read from HDFS for 2 time
diff succeed!
file 6 has been read from HDFS for 3 time
diff succeed!
file 6 has been read from HDFS for 4 time
diff succeed!
file 6 has been read from HDFS for 5 time
diff succeed!
file 6 has been read from HDFS for 6 time
diff succeed!
file 6 has been read from HDFS for 7 time
diff succeed!
file 6 has been read from HDFS for 8 time
diff succeed!
file 6 has been read from HDFS for 9 time
diff succeed!
file 6 has been read from HDFS for 10 time
diff succeed!
Deleted /myfile6
file 6 has been removed from HDFS
Found 20 items
-rw-r--r--   3 root supergroup 1073741824 2019-03-03 23:20 /myfile1
-rw-r--r--   3 root supergroup 1073741824 2019-03-03 23:20 /myfile10
-rw-r--r--   3 root supergroup 1073741824 2019-03-03 23:21 /myfile11
-rw-r--r--   3 root supergroup 1073741824 2019-03-03 23:21 /myfile12
-rw-r--r--   3 root supergroup 1073741824 2019-03-03 23:21 /myfile13
-rw-r--r--   3 root supergroup 1073741824 2019-03-03 23:21 /myfile14
-rw-r--r--   3 root supergroup 1073741824 2019-03-03 23:20 /myfile15
-rw-r--r--   3 root supergroup 1073741824 2019-03-03 23:19 /myfile16
-rw-r--r--   3 root supergroup 1073741824 2019-03-03 23:20 /myfile17
-rw-r--r--   3 root supergroup 1073741824 2019-03-03 23:21 /myfile18
-rw-r--r--   3 root supergroup 1073741824 2019-03-03 23:20 /myfile19
-rw-r--r--   3 root supergroup 1073741824 2019-03-03 23:20 /myfile2
-rw-r--r--   3 root supergroup 1073741824 2019-03-03 23:21 /myfile20
-rw-r--r--   3 root supergroup 1073741824 2019-03-03 23:20 /myfile3
-rw-r--r--   3 root supergroup 1073741824 2019-03-03 23:21 /myfile4
-rw-r--r--   3 root supergroup 1073741824 2019-03-03 23:20 /myfile5
-rw-r--r--   3 root supergroup 1073741824 2019-03-03 23:21 /myfile6
-rw-r--r--   3 root supergroup 1073741824 2019-03-03 23:21 /myfile7
-rw-r--r--   3 root supergroup 1073741824 2019-03-03 23:21 /myfile8
-rw-r--r--   3 root supergroup 1073741824 2019-03-03 23:21 /myfile9
file 6 has been put into HDFS
file 6 has been read from HDFS for 1 time
diff succeed!
file 6 has been read from HDFS for 2 time
diff succeed!
file 6 has been read from HDFS for 3 time
diff succeed!
file 6 has been read from HDFS for 4 time
diff succeed!
file 6 has been read from HDFS for 5 time
diff succeed!
file 6 has been read from HDFS for 6 time
diff succeed!
file 6 has been read from HDFS for 7 time
diff succeed!
file 6 has been read from HDFS for 8 time
diff succeed!
file 6 has been read from HDFS for 9 time
diff succeed!
file 6 has been read from HDFS for 10 time
diff succeed!
Deleted /myfile6
file 6 has been removed from HDFS
2019-03-03 23:26:26,860 INFO hdfs.DataStreamer: Exception in createBlockOutputStream blk_1073742310_1496
java.io.IOException: Connection reset by peer
	at sun.nio.ch.FileDispatcherImpl.read0(Native Method)
	at sun.nio.ch.SocketDispatcher.read(SocketDispatcher.java:39)
	at sun.nio.ch.IOUtil.readIntoNativeBuffer(IOUtil.java:223)
	at sun.nio.ch.IOUtil.read(IOUtil.java:197)
	at sun.nio.ch.SocketChannelImpl.read(SocketChannelImpl.java:380)
	at org.apache.hadoop.net.SocketInputStream$Reader.performIO(SocketInputStream.java:57)
	at org.apache.hadoop.net.SocketIOWithTimeout.doIO(SocketIOWithTimeout.java:142)
	at org.apache.hadoop.net.SocketInputStream.read(SocketInputStream.java:161)
	at org.apache.hadoop.net.SocketInputStream.read(SocketInputStream.java:131)
	at org.apache.hadoop.net.SocketInputStream.read(SocketInputStream.java:118)
	at java.io.FilterInputStream.read(FilterInputStream.java:83)
	at java.io.FilterInputStream.read(FilterInputStream.java:83)
	at org.apache.hadoop.hdfs.protocolPB.PBHelperClient.vintPrefixed(PBHelperClient.java:547)
	at org.apache.hadoop.hdfs.DataStreamer.createBlockOutputStream(DataStreamer.java:1762)
	at org.apache.hadoop.hdfs.DataStreamer.nextBlockOutputStream(DataStreamer.java:1679)
	at org.apache.hadoop.hdfs.DataStreamer.run(DataStreamer.java:716)
2019-03-03 23:26:26,865 WARN hdfs.DataStreamer: Abandoning BP-1471134731-130.127.133.101-1551680107961:blk_1073742310_1496
2019-03-03 23:26:26,883 WARN hdfs.DataStreamer: Excluding datanode DatanodeInfoWithStorage[10.10.1.2:9866,DS-475d86c4-02f7-43a0-b8bb-4dd30c71271f,DISK]
Found 19 items
-rw-r--r--   3 root supergroup 1073741824 2019-03-03 23:24 /myfile1
-rw-r--r--   3 root supergroup 1073741824 2019-03-03 23:24 /myfile10
-rw-r--r--   3 root supergroup 1073741824 2019-03-03 23:26 /myfile11
-rw-r--r--   3 root supergroup 1073741824 2019-03-03 23:25 /myfile12
-rw-r--r--   3 root supergroup 1073741824 2019-03-03 23:25 /myfile13
-rw-r--r--   3 root supergroup 1073741824 2019-03-03 23:25 /myfile15
-rw-r--r--   3 root supergroup 1073741824 2019-03-03 23:24 /myfile16
-rw-r--r--   3 root supergroup 1073741824 2019-03-03 23:24 /myfile17
-rw-r--r--   3 root supergroup 1073741824 2019-03-03 23:25 /myfile18
-rw-r--r--   3 root supergroup 1073741824 2019-03-03 23:24 /myfile19
-rw-r--r--   3 root supergroup 1073741824 2019-03-03 23:24 /myfile2
-rw-r--r--   3 root supergroup 1073741824 2019-03-03 23:25 /myfile20
-rw-r--r--   3 root supergroup 1073741824 2019-03-03 23:25 /myfile3
-rw-r--r--   3 root supergroup 1073741824 2019-03-03 23:25 /myfile4
-rw-r--r--   3 root supergroup 1073741824 2019-03-03 23:24 /myfile5
-rw-r--r--   3 root supergroup 1073741824 2019-03-03 23:26 /myfile6
-rw-r--r--   3 root supergroup 1073741824 2019-03-03 23:26 /myfile7
-rw-r--r--   3 root supergroup 1073741824 2019-03-03 23:25 /myfile8
-rw-r--r--   3 root supergroup 1073741824 2019-03-03 23:26 /myfile9
file 6 has been put into HDFS
file 6 has been read from HDFS for 1 time
diff succeed!
file 6 has been read from HDFS for 2 time
diff succeed!
file 6 has been read from HDFS for 3 time
diff succeed!
file 6 has been read from HDFS for 4 time
diff succeed!
file 6 has been read from HDFS for 5 time
diff succeed!
file 6 has been read from HDFS for 6 time
diff succeed!
file 6 has been read from HDFS for 7 time
diff succeed!
file 6 has been read from HDFS for 8 time
diff succeed!
file 6 has been read from HDFS for 9 time
diff succeed!
sub_benchmark 10 signal TERM catched and let quit gracefully
file 6 has been read from HDFS for 10 time
diff succeed!
Deleted /myfile6
file 6 has been removed from HDFS
