Found 20 items
-rw-r--r--   3 root supergroup 1073741824 2019-03-01 01:15 /myfile1
-rw-r--r--   3 root supergroup 1073741824 2019-03-01 01:15 /myfile10
-rw-r--r--   3 root supergroup 1073741824 2019-03-01 01:15 /myfile11
-rw-r--r--   3 root supergroup 1073741824 2019-03-01 01:15 /myfile12
-rw-r--r--   3 root supergroup 1073741824 2019-03-01 01:15 /myfile13
-rw-r--r--   3 root supergroup 1073741824 2019-03-01 01:15 /myfile14
-rw-r--r--   3 root supergroup 1073741824 2019-03-01 01:15 /myfile15
-rw-r--r--   3 root supergroup  939524096 2019-03-01 01:15 /myfile16._COPYING_
-rw-r--r--   3 root supergroup 1073741824 2019-03-01 01:15 /myfile17
-rw-r--r--   3 root supergroup 1073741824 2019-03-01 01:15 /myfile18
-rw-r--r--   3 root supergroup 1073741824 2019-03-01 01:15 /myfile19
-rw-r--r--   3 root supergroup 1073741824 2019-03-01 01:15 /myfile2
-rw-r--r--   3 root supergroup 1073741824 2019-03-01 01:15 /myfile20
-rw-r--r--   3 root supergroup 1073741824 2019-03-01 01:15 /myfile3
-rw-r--r--   3 root supergroup 1073741824 2019-03-01 01:15 /myfile4
-rw-r--r--   3 root supergroup 1073741824 2019-03-01 01:15 /myfile5
-rw-r--r--   3 root supergroup 1073741824 2019-03-01 01:15 /myfile6
-rw-r--r--   3 root supergroup 1073741824 2019-03-01 01:15 /myfile7
-rw-r--r--   3 root supergroup 1073741824 2019-03-01 01:15 /myfile8
-rw-r--r--   3 root supergroup 1073741824 2019-03-01 01:15 /myfile9
file 6 has been put into HDFS
file 6 has been read from HDFS for 1 time
diff succeed!
file 6 has been read from HDFS for 2 time
diff succeed!
file 6 has been read from HDFS for 3 time
diff succeed!
file 6 has been read from HDFS for 4 time
diff succeed!
file 6 has been read from HDFS for 5 time
diff succeed!
file 6 has been read from HDFS for 6 time
diff succeed!
file 6 has been read from HDFS for 7 time
diff succeed!
file 6 has been read from HDFS for 8 time
diff succeed!
file 6 has been read from HDFS for 9 time
diff succeed!
file 6 has been read from HDFS for 10 time
diff succeed!
Deleted /myfile6
file 6 has been removed from HDFS
Found 20 items
-rw-r--r--   3 root supergroup 1073741824 2019-03-01 01:19 /myfile1
-rw-r--r--   3 root supergroup  671088640 2019-03-01 01:21 /myfile10._COPYING_
-rw-r--r--   3 root supergroup 1073741824 2019-03-01 01:19 /myfile11
-rw-r--r--   3 root supergroup 1073741824 2019-03-01 01:19 /myfile12
-rw-r--r--   3 root supergroup 1073741824 2019-03-01 01:20 /myfile13
-rw-r--r--   3 root supergroup 1073741824 2019-03-01 01:19 /myfile14
-rw-r--r--   3 root supergroup 1073741824 2019-03-01 01:20 /myfile15
-rw-r--r--   3 root supergroup 1073741824 2019-03-01 01:20 /myfile16
-rw-r--r--   3 root supergroup 1073741824 2019-03-01 01:19 /myfile17
-rw-r--r--   3 root supergroup  402653184 2019-03-01 01:22 /myfile18._COPYING_
-rw-r--r--   3 root supergroup 1073741824 2019-03-01 01:21 /myfile19
-rw-r--r--   3 root supergroup 1073741824 2019-03-01 01:21 /myfile2
-rw-r--r--   3 root supergroup  805306368 2019-03-01 01:21 /myfile20._COPYING_
-rw-r--r--   3 root supergroup 1073741824 2019-03-01 01:21 /myfile3
-rw-r--r--   3 root supergroup 1073741824 2019-03-01 01:21 /myfile4
-rw-r--r--   3 root supergroup 1073741824 2019-03-01 01:21 /myfile5
-rw-r--r--   3 root supergroup 1073741824 2019-03-01 01:22 /myfile6
-rw-r--r--   3 root supergroup 1073741824 2019-03-01 01:19 /myfile7
-rw-r--r--   3 root supergroup 1073741824 2019-03-01 01:21 /myfile8
-rw-r--r--   3 root supergroup 1073741824 2019-03-01 01:19 /myfile9
file 6 has been put into HDFS
file 6 has been read from HDFS for 1 time
diff succeed!
file 6 has been read from HDFS for 2 time
diff succeed!
file 6 has been read from HDFS for 3 time
diff succeed!
file 6 has been read from HDFS for 4 time
diff succeed!
file 6 has been read from HDFS for 5 time
diff succeed!
file 6 has been read from HDFS for 6 time
diff succeed!
file 6 has been read from HDFS for 7 time
diff succeed!
file 6 has been read from HDFS for 8 time
diff succeed!
file 6 has been read from HDFS for 9 time
diff succeed!
file 6 has been read from HDFS for 10 time
diff succeed!
Deleted /myfile6
file 6 has been removed from HDFS
2019-03-01 01:26:45,689 INFO hdfs.DataStreamer: Exception in createBlockOutputStream blk_1073742295_1471
java.io.IOException: Got error, status=ERROR, status message , ack with firstBadLink as 10.10.1.2:9866
	at org.apache.hadoop.hdfs.protocol.datatransfer.DataTransferProtoUtil.checkBlockOpStatus(DataTransferProtoUtil.java:134)
	at org.apache.hadoop.hdfs.protocol.datatransfer.DataTransferProtoUtil.checkBlockOpStatus(DataTransferProtoUtil.java:110)
	at org.apache.hadoop.hdfs.DataStreamer.createBlockOutputStream(DataStreamer.java:1778)
	at org.apache.hadoop.hdfs.DataStreamer.nextBlockOutputStream(DataStreamer.java:1679)
	at org.apache.hadoop.hdfs.DataStreamer.run(DataStreamer.java:716)
2019-03-01 01:26:45,693 WARN hdfs.DataStreamer: Abandoning BP-1163983201-130.127.133.53-1551428099677:blk_1073742295_1471
2019-03-01 01:26:45,712 WARN hdfs.DataStreamer: Excluding datanode DatanodeInfoWithStorage[10.10.1.2:9866,DS-cb340d57-c1c0-4e6e-9250-3122f82dea80,DISK]
Found 20 items
-rw-r--r--   3 root supergroup 1073741824 2019-03-01 01:24 /myfile1
-rw-r--r--   3 root supergroup 1073741824 2019-03-01 01:26 /myfile10
-rw-r--r--   3 root supergroup 1073741824 2019-03-01 01:23 /myfile11
-rw-r--r--   3 root supergroup 1073741824 2019-03-01 01:23 /myfile12
-rw-r--r--   3 root supergroup 1073741824 2019-03-01 01:24 /myfile13
-rw-r--r--   3 root supergroup 1073741824 2019-03-01 01:25 /myfile14
-rw-r--r--   3 root supergroup 1073741824 2019-03-01 01:25 /myfile15
-rw-r--r--   3 root supergroup 1073741824 2019-03-01 01:24 /myfile16
-rw-r--r--   3 root supergroup 1073741824 2019-03-01 01:25 /myfile17
-rw-r--r--   3 root supergroup 1073741824 2019-03-01 01:22 /myfile18
-rw-r--r--   3 root supergroup 1073741824 2019-03-01 01:26 /myfile19
-rw-r--r--   3 root supergroup 1073741824 2019-03-01 01:26 /myfile2
-rw-r--r--   3 root supergroup 1073741824 2019-03-01 01:26 /myfile20
-rw-r--r--   3 root supergroup 1073741824 2019-03-01 01:26 /myfile3
-rw-r--r--   3 root supergroup 1073741824 2019-03-01 01:25 /myfile4
-rw-r--r--   3 root supergroup 1073741824 2019-03-01 01:24 /myfile5
-rw-r--r--   3 root supergroup 1073741824 2019-03-01 01:26 /myfile6
-rw-r--r--   3 root supergroup 1073741824 2019-03-01 01:23 /myfile7
-rw-r--r--   3 root supergroup 1073741824 2019-03-01 01:25 /myfile8
-rw-r--r--   3 root supergroup 1073741824 2019-03-01 01:26 /myfile9
file 6 has been put into HDFS
2019-03-01 01:27:13,258 WARN impl.BlockReaderFactory: I/O error constructing remote block reader.
java.io.EOFException: Unexpected EOF while trying to read response from server
	at org.apache.hadoop.hdfs.protocolPB.PBHelperClient.vintPrefixed(PBHelperClient.java:549)
	at org.apache.hadoop.hdfs.client.impl.BlockReaderRemote.newBlockReader(BlockReaderRemote.java:407)
	at org.apache.hadoop.hdfs.client.impl.BlockReaderFactory.getRemoteBlockReader(BlockReaderFactory.java:853)
	at org.apache.hadoop.hdfs.client.impl.BlockReaderFactory.getRemoteBlockReaderFromTcp(BlockReaderFactory.java:749)
	at org.apache.hadoop.hdfs.client.impl.BlockReaderFactory.build(BlockReaderFactory.java:379)
	at org.apache.hadoop.hdfs.DFSInputStream.getBlockReader(DFSInputStream.java:641)
	at org.apache.hadoop.hdfs.DFSInputStream.blockSeekTo(DFSInputStream.java:572)
	at org.apache.hadoop.hdfs.DFSInputStream.readWithStrategy(DFSInputStream.java:754)
	at org.apache.hadoop.hdfs.DFSInputStream.read(DFSInputStream.java:820)
	at java.io.DataInputStream.read(DataInputStream.java:100)
	at org.apache.hadoop.io.IOUtils.copyBytes(IOUtils.java:100)
	at org.apache.hadoop.io.IOUtils.copyBytes(IOUtils.java:68)
	at org.apache.hadoop.io.IOUtils.copyBytes(IOUtils.java:129)
	at org.apache.hadoop.fs.shell.CommandWithDestination$TargetFileSystem.writeStreamToFile(CommandWithDestination.java:485)
	at org.apache.hadoop.fs.shell.CommandWithDestination.copyStreamToTarget(CommandWithDestination.java:407)
	at org.apache.hadoop.fs.shell.CommandWithDestination.copyFileToTarget(CommandWithDestination.java:342)
	at org.apache.hadoop.fs.shell.CommandWithDestination.processPath(CommandWithDestination.java:277)
	at org.apache.hadoop.fs.shell.CommandWithDestination.processPath(CommandWithDestination.java:262)
	at org.apache.hadoop.fs.shell.Command.processPaths(Command.java:331)
	at org.apache.hadoop.fs.shell.Command.processPathArgument(Command.java:303)
	at org.apache.hadoop.fs.shell.CommandWithDestination.processPathArgument(CommandWithDestination.java:257)
	at org.apache.hadoop.fs.shell.Command.processArgument(Command.java:285)
	at org.apache.hadoop.fs.shell.Command.processArguments(Command.java:269)
	at org.apache.hadoop.fs.shell.CommandWithDestination.processArguments(CommandWithDestination.java:228)
	at org.apache.hadoop.fs.shell.FsCommand.processRawArguments(FsCommand.java:120)
	at org.apache.hadoop.fs.shell.Command.run(Command.java:176)
	at org.apache.hadoop.fs.FsShell.run(FsShell.java:328)
	at org.apache.hadoop.util.ToolRunner.run(ToolRunner.java:76)
	at org.apache.hadoop.util.ToolRunner.run(ToolRunner.java:90)
	at org.apache.hadoop.fs.FsShell.main(FsShell.java:391)
2019-03-01 01:27:13,263 WARN hdfs.DFSClient: Failed to connect to /10.10.1.2:9866 for block BP-1163983201-130.127.133.53-1551428099677:blk_1073742285_1461, add to deadNodes and continue. 
java.io.EOFException: Unexpected EOF while trying to read response from server
	at org.apache.hadoop.hdfs.protocolPB.PBHelperClient.vintPrefixed(PBHelperClient.java:549)
	at org.apache.hadoop.hdfs.client.impl.BlockReaderRemote.newBlockReader(BlockReaderRemote.java:407)
	at org.apache.hadoop.hdfs.client.impl.BlockReaderFactory.getRemoteBlockReader(BlockReaderFactory.java:853)
	at org.apache.hadoop.hdfs.client.impl.BlockReaderFactory.getRemoteBlockReaderFromTcp(BlockReaderFactory.java:749)
	at org.apache.hadoop.hdfs.client.impl.BlockReaderFactory.build(BlockReaderFactory.java:379)
	at org.apache.hadoop.hdfs.DFSInputStream.getBlockReader(DFSInputStream.java:641)
	at org.apache.hadoop.hdfs.DFSInputStream.blockSeekTo(DFSInputStream.java:572)
	at org.apache.hadoop.hdfs.DFSInputStream.readWithStrategy(DFSInputStream.java:754)
	at org.apache.hadoop.hdfs.DFSInputStream.read(DFSInputStream.java:820)
	at java.io.DataInputStream.read(DataInputStream.java:100)
	at org.apache.hadoop.io.IOUtils.copyBytes(IOUtils.java:100)
	at org.apache.hadoop.io.IOUtils.copyBytes(IOUtils.java:68)
	at org.apache.hadoop.io.IOUtils.copyBytes(IOUtils.java:129)
	at org.apache.hadoop.fs.shell.CommandWithDestination$TargetFileSystem.writeStreamToFile(CommandWithDestination.java:485)
	at org.apache.hadoop.fs.shell.CommandWithDestination.copyStreamToTarget(CommandWithDestination.java:407)
	at org.apache.hadoop.fs.shell.CommandWithDestination.copyFileToTarget(CommandWithDestination.java:342)
	at org.apache.hadoop.fs.shell.CommandWithDestination.processPath(CommandWithDestination.java:277)
	at org.apache.hadoop.fs.shell.CommandWithDestination.processPath(CommandWithDestination.java:262)
	at org.apache.hadoop.fs.shell.Command.processPaths(Command.java:331)
	at org.apache.hadoop.fs.shell.Command.processPathArgument(Command.java:303)
	at org.apache.hadoop.fs.shell.CommandWithDestination.processPathArgument(CommandWithDestination.java:257)
	at org.apache.hadoop.fs.shell.Command.processArgument(Command.java:285)
	at org.apache.hadoop.fs.shell.Command.processArguments(Command.java:269)
	at org.apache.hadoop.fs.shell.CommandWithDestination.processArguments(CommandWithDestination.java:228)
	at org.apache.hadoop.fs.shell.FsCommand.processRawArguments(FsCommand.java:120)
	at org.apache.hadoop.fs.shell.Command.run(Command.java:176)
	at org.apache.hadoop.fs.FsShell.run(FsShell.java:328)
	at org.apache.hadoop.util.ToolRunner.run(ToolRunner.java:76)
	at org.apache.hadoop.util.ToolRunner.run(ToolRunner.java:90)
	at org.apache.hadoop.fs.FsShell.main(FsShell.java:391)
2019-03-01 01:27:14,570 INFO hdfs.DFSClient: Successfully connected to /10.10.1.3:9866 for BP-1163983201-130.127.133.53-1551428099677:blk_1073742285_1461
file 6 has been read from HDFS for 1 time
diff succeed!
file 6 has been read from HDFS for 2 time
diff succeed!
file 6 has been read from HDFS for 3 time
diff succeed!
file 6 has been read from HDFS for 4 time
diff succeed!
file 6 has been read from HDFS for 5 time
diff succeed!
file 6 has been read from HDFS for 6 time
diff succeed!
file 6 has been read from HDFS for 7 time
diff succeed!
file 6 has been read from HDFS for 8 time
diff succeed!
file 6 has been read from HDFS for 9 time
diff succeed!
sub_benchmark 10 signal TERM catched and let quit gracefully
file 6 has been read from HDFS for 10 time
diff succeed!
Deleted /myfile6
file 6 has been removed from HDFS
