Found 20 items
-rw-r--r--   3 root supergroup 1073741824 2019-02-19 23:56 /myfile1
-rw-r--r--   3 root supergroup 1073741824 2019-02-19 23:56 /myfile10
-rw-r--r--   3 root supergroup 1073741824 2019-02-19 23:56 /myfile11
-rw-r--r--   3 root supergroup 1073741824 2019-02-19 23:56 /myfile12
-rw-r--r--   3 root supergroup 1073741824 2019-02-19 23:56 /myfile13
-rw-r--r--   3 root supergroup 1073741824 2019-02-19 23:56 /myfile14
-rw-r--r--   3 root supergroup 1073741824 2019-02-19 23:56 /myfile15
-rw-r--r--   3 root supergroup 1073741824 2019-02-19 23:56 /myfile16
-rw-r--r--   3 root supergroup 1073741824 2019-02-19 23:56 /myfile17
-rw-r--r--   3 root supergroup 1073741824 2019-02-19 23:56 /myfile18
-rw-r--r--   3 root supergroup 1073741824 2019-02-19 23:56 /myfile19
-rw-r--r--   3 root supergroup 1073741824 2019-02-19 23:56 /myfile2
-rw-r--r--   3 root supergroup 1073741824 2019-02-19 23:56 /myfile20
-rw-r--r--   3 root supergroup 1073741824 2019-02-19 23:56 /myfile3
-rw-r--r--   3 root supergroup 1073741824 2019-02-19 23:56 /myfile4
-rw-r--r--   3 root supergroup 1073741824 2019-02-19 23:56 /myfile5
-rw-r--r--   3 root supergroup 1073741824 2019-02-19 23:56 /myfile6
-rw-r--r--   3 root supergroup 1073741824 2019-02-19 23:56 /myfile7
-rw-r--r--   3 root supergroup 1073741824 2019-02-19 23:56 /myfile8
-rw-r--r--   3 root supergroup 1073741824 2019-02-19 23:56 /myfile9
file 11 has been put into HDFS
file 11 has been read from HDFS for 1 time
diff succeed!
file 11 has been read from HDFS for 2 time
diff succeed!
file 11 has been read from HDFS for 3 time
diff succeed!
2019-02-19 23:57:23,739 INFO retry.RetryInvocationHandler: org.apache.hadoop.ipc.RemoteException(org.apache.hadoop.ipc.StandbyException): Operation category READ is not supported in state standby. Visit https://s.apache.org/sbnn-error
	at org.apache.hadoop.hdfs.server.namenode.ha.StandbyState.checkOperation(StandbyState.java:88)
	at org.apache.hadoop.hdfs.server.namenode.NameNode$NameNodeHAContext.checkOperation(NameNode.java:1952)
	at org.apache.hadoop.hdfs.server.namenode.FSNamesystem.checkOperation(FSNamesystem.java:1423)
	at org.apache.hadoop.hdfs.server.namenode.FSNamesystem.getFileInfo(FSNamesystem.java:3085)
	at org.apache.hadoop.hdfs.server.namenode.NameNodeRpcServer.getFileInfo(NameNodeRpcServer.java:1154)
	at org.apache.hadoop.hdfs.protocolPB.ClientNamenodeProtocolServerSideTranslatorPB.getFileInfo(ClientNamenodeProtocolServerSideTranslatorPB.java:966)
	at org.apache.hadoop.hdfs.protocol.proto.ClientNamenodeProtocolProtos$ClientNamenodeProtocol$2.callBlockingMethod(ClientNamenodeProtocolProtos.java)
	at org.apache.hadoop.ipc.ProtobufRpcEngine$Server$ProtoBufRpcInvoker.call(ProtobufRpcEngine.java:523)
	at org.apache.hadoop.ipc.RPC$Server.call(RPC.java:991)
	at org.apache.hadoop.ipc.Server$RpcCall.run(Server.java:872)
	at org.apache.hadoop.ipc.Server$RpcCall.run(Server.java:818)
	at java.security.AccessController.doPrivileged(Native Method)
	at javax.security.auth.Subject.doAs(Subject.java:422)
	at org.apache.hadoop.security.UserGroupInformation.doAs(UserGroupInformation.java:1729)
	at org.apache.hadoop.ipc.Server$Handler.run(Server.java:2678)
, while invoking ClientNamenodeProtocolTranslatorPB.getFileInfo over node-1-link-0/10.10.1.4:8020 after 1 failover attempts. Trying to failover after sleeping for 1145ms.
2019-02-19 23:57:24,888 INFO retry.RetryInvocationHandler: java.net.ConnectException: Call From clnode090.clemson.cloudlab.us/130.127.133.99 to node-0-link-0:8020 failed on connection exception: java.net.ConnectException: Connection refused; For more details see:  http://wiki.apache.org/hadoop/ConnectionRefused, while invoking ClientNamenodeProtocolTranslatorPB.getFileInfo over node-0-link-0/10.10.1.1:8020 after 2 failover attempts. Trying to failover after sleeping for 1421ms.
file 11 has been read from HDFS for 4 time
diff succeed!
file 11 has been read from HDFS for 5 time
diff succeed!
file 11 has been read from HDFS for 6 time
diff succeed!
file 11 has been read from HDFS for 7 time
diff succeed!
file 11 has been read from HDFS for 8 time
diff succeed!
file 11 has been read from HDFS for 9 time
diff succeed!
file 11 has been read from HDFS for 10 time
diff succeed!
Deleted /myfile11
file 11 has been removed from HDFS
Found 20 items
-rw-r--r--   3 root supergroup 1073741824 2019-02-20 00:00 /myfile1
-rw-r--r--   3 root supergroup  805306368 2019-02-20 00:00 /myfile10._COPYING_
-rw-r--r--   3 root supergroup 1073741824 2019-02-20 00:00 /myfile11
-rw-r--r--   3 root supergroup 1073741824 2019-02-20 00:00 /myfile12
-rw-r--r--   3 root supergroup  805306368 2019-02-20 00:00 /myfile13._COPYING_
-rw-r--r--   3 root supergroup  939524096 2019-02-20 00:00 /myfile14._COPYING_
-rw-r--r--   3 root supergroup  939524096 2019-02-20 00:00 /myfile15._COPYING_
-rw-r--r--   3 root supergroup  805306368 2019-02-20 00:00 /myfile16._COPYING_
-rw-r--r--   3 root supergroup  805306368 2019-02-20 00:00 /myfile17._COPYING_
-rw-r--r--   3 root supergroup  671088640 2019-02-20 00:00 /myfile18._COPYING_
-rw-r--r--   3 root supergroup  671088640 2019-02-20 00:00 /myfile19._COPYING_
-rw-r--r--   3 root supergroup  536870912 2019-02-20 00:00 /myfile2._COPYING_
-rw-r--r--   3 root supergroup 1073741824 2019-02-20 00:00 /myfile20
-rw-r--r--   3 root supergroup 1073741824 2019-02-20 00:00 /myfile3
-rw-r--r--   3 root supergroup  939524096 2019-02-20 00:00 /myfile4._COPYING_
-rw-r--r--   3 root supergroup  805306368 2019-02-20 00:00 /myfile5._COPYING_
-rw-r--r--   3 root supergroup 1073741824 2019-02-20 00:00 /myfile6
-rw-r--r--   3 root supergroup  671088640 2019-02-20 00:00 /myfile7._COPYING_
-rw-r--r--   3 root supergroup 1073741824 2019-02-20 00:00 /myfile8
-rw-r--r--   3 root supergroup  536870912 2019-02-20 00:00 /myfile9._COPYING_
file 11 has been put into HDFS
file 11 has been read from HDFS for 1 time
diff succeed!
file 11 has been read from HDFS for 2 time
diff succeed!
file 11 has been read from HDFS for 3 time
diff succeed!
file 11 has been read from HDFS for 4 time
diff succeed!
file 11 has been read from HDFS for 5 time
diff succeed!
file 11 has been read from HDFS for 6 time
diff succeed!
file 11 has been read from HDFS for 7 time
diff succeed!
file 11 has been read from HDFS for 8 time
diff succeed!
file 11 has been read from HDFS for 9 time
diff succeed!
file 11 has been read from HDFS for 10 time
diff succeed!
Deleted /myfile11
file 11 has been removed from HDFS
Found 20 items
-rw-r--r--   3 root supergroup 1073741824 2019-02-20 00:05 /myfile1
-rw-r--r--   3 root supergroup  939524096 2019-02-20 00:04 /myfile10._COPYING_
-rw-r--r--   3 root supergroup 1073741824 2019-02-20 00:05 /myfile11
-rw-r--r--   3 root supergroup 1073741824 2019-02-20 00:05 /myfile12
-rw-r--r--   3 root supergroup  805306368 2019-02-20 00:04 /myfile13._COPYING_
-rw-r--r--   3 root supergroup 1073741824 2019-02-20 00:05 /myfile14
-rw-r--r--   3 root supergroup  939524096 2019-02-20 00:04 /myfile15._COPYING_
-rw-r--r--   3 root supergroup 1073741824 2019-02-20 00:05 /myfile16
-rw-r--r--   3 root supergroup 1073741824 2019-02-20 00:05 /myfile17
-rw-r--r--   3 root supergroup 1073741824 2019-02-20 00:05 /myfile18
-rw-r--r--   3 root supergroup  805306368 2019-02-20 00:04 /myfile19._COPYING_
-rw-r--r--   3 root supergroup  939524096 2019-02-20 00:04 /myfile2._COPYING_
-rw-r--r--   3 root supergroup 1073741824 2019-02-20 00:05 /myfile20
-rw-r--r--   3 root supergroup  939524096 2019-02-20 00:04 /myfile3._COPYING_
-rw-r--r--   3 root supergroup 1073741824 2019-02-20 00:05 /myfile4
-rw-r--r--   3 root supergroup 1073741824 2019-02-20 00:05 /myfile5
-rw-r--r--   3 root supergroup  939524096 2019-02-20 00:04 /myfile6._COPYING_
-rw-r--r--   3 root supergroup 1073741824 2019-02-20 00:05 /myfile7
-rw-r--r--   3 root supergroup  805306368 2019-02-20 00:04 /myfile8._COPYING_
-rw-r--r--   3 root supergroup 1073741824 2019-02-20 00:05 /myfile9
file 11 has been put into HDFS
file 11 has been read from HDFS for 1 time
diff succeed!
file 11 has been read from HDFS for 2 time
diff succeed!
file 11 has been read from HDFS for 3 time
diff succeed!
file 11 has been read from HDFS for 4 time
diff succeed!
file 11 has been read from HDFS for 5 time
diff succeed!
file 11 has been read from HDFS for 6 time
diff succeed!
file 11 has been read from HDFS for 7 time
diff succeed!
file 11 has been read from HDFS for 8 time
diff succeed!
file 11 has been read from HDFS for 9 time
diff succeed!
file 11 has been read from HDFS for 10 time
diff succeed!
Deleted /myfile11
file 11 has been removed from HDFS
Found 20 items
-rw-r--r--   3 root supergroup  805306368 2019-02-20 00:09 /myfile1._COPYING_
-rw-r--r--   3 root supergroup  536870912 2019-02-20 00:09 /myfile10._COPYING_
-rw-r--r--   3 root supergroup 1073741824 2019-02-20 00:09 /myfile11
-rw-r--r--   3 root supergroup  671088640 2019-02-20 00:09 /myfile12._COPYING_
-rw-r--r--   3 root supergroup  536870912 2019-02-20 00:09 /myfile13._COPYING_
-rw-r--r--   3 root supergroup  536870912 2019-02-20 00:09 /myfile14._COPYING_
-rw-r--r--   3 root supergroup  671088640 2019-02-20 00:09 /myfile15._COPYING_
-rw-r--r--   3 root supergroup 1073741824 2019-02-20 00:09 /myfile16
-rw-r--r--   3 root supergroup  671088640 2019-02-20 00:09 /myfile17._COPYING_
-rw-r--r--   3 root supergroup  939524096 2019-02-20 00:09 /myfile18._COPYING_
-rw-r--r--   3 root supergroup  536870912 2019-02-20 00:09 /myfile19._COPYING_
-rw-r--r--   3 root supergroup  536870912 2019-02-20 00:09 /myfile2._COPYING_
-rw-r--r--   3 root supergroup  805306368 2019-02-20 00:09 /myfile20._COPYING_
-rw-r--r--   3 root supergroup  805306368 2019-02-20 00:09 /myfile3._COPYING_
-rw-r--r--   3 root supergroup  939524096 2019-02-20 00:09 /myfile4._COPYING_
-rw-r--r--   3 root supergroup  671088640 2019-02-20 00:09 /myfile5._COPYING_
-rw-r--r--   3 root supergroup  671088640 2019-02-20 00:09 /myfile6._COPYING_
-rw-r--r--   3 root supergroup  939524096 2019-02-20 00:09 /myfile7._COPYING_
-rw-r--r--   3 root supergroup  671088640 2019-02-20 00:09 /myfile8._COPYING_
-rw-r--r--   3 root supergroup  805306368 2019-02-20 00:09 /myfile9._COPYING_
file 11 has been put into HDFS
file 11 has been read from HDFS for 1 time
diff succeed!
file 11 has been read from HDFS for 2 time
diff succeed!
file 11 has been read from HDFS for 3 time
diff succeed!
file 11 has been read from HDFS for 4 time
diff succeed!
file 11 has been read from HDFS for 5 time
diff succeed!
file 11 has been read from HDFS for 6 time
diff succeed!
file 11 has been read from HDFS for 7 time
diff succeed!
file 11 has been read from HDFS for 8 time
diff succeed!
file 11 has been read from HDFS for 9 time
diff succeed!
file 11 has been read from HDFS for 10 time
diff succeed!
Deleted /myfile11
file 11 has been removed from HDFS
Found 20 items
-rw-r--r--   3 root supergroup  805306368 2019-02-20 00:13 /myfile1._COPYING_
-rw-r--r--   3 root supergroup  805306368 2019-02-20 00:13 /myfile10._COPYING_
-rw-r--r--   3 root supergroup 1073741824 2019-02-20 00:14 /myfile11
-rw-r--r--   3 root supergroup  536870912 2019-02-20 00:14 /myfile12._COPYING_
-rw-r--r--   3 root supergroup  268435456 2019-02-20 00:14 /myfile13._COPYING_
-rw-r--r--   3 root supergroup  536870912 2019-02-20 00:14 /myfile14._COPYING_
-rw-r--r--   3 root supergroup  805306368 2019-02-20 00:13 /myfile15._COPYING_
-rw-r--r--   3 root supergroup  939524096 2019-02-20 00:13 /myfile16._COPYING_
-rw-r--r--   3 root supergroup  402653184 2019-02-20 00:14 /myfile17._COPYING_
-rw-r--r--   3 root supergroup 1073741824 2019-02-20 00:14 /myfile18
-rw-r--r--   3 root supergroup  402653184 2019-02-20 00:14 /myfile19._COPYING_
-rw-r--r--   3 root supergroup  268435456 2019-02-20 00:14 /myfile2._COPYING_
-rw-r--r--   3 root supergroup  402653184 2019-02-20 00:14 /myfile20._COPYING_
-rw-r--r--   3 root supergroup  939524096 2019-02-20 00:13 /myfile3._COPYING_
-rw-r--r--   3 root supergroup  805306368 2019-02-20 00:13 /myfile4._COPYING_
-rw-r--r--   3 root supergroup  536870912 2019-02-20 00:13 /myfile5._COPYING_
-rw-r--r--   3 root supergroup  134217728 2019-02-20 00:14 /myfile6._COPYING_
-rw-r--r--   3 root supergroup 1073741824 2019-02-20 00:14 /myfile7
-rw-r--r--   3 root supergroup  268435456 2019-02-20 00:14 /myfile8._COPYING_
-rw-r--r--   3 root supergroup  402653184 2019-02-20 00:14 /myfile9._COPYING_
file 11 has been put into HDFS
file 11 has been read from HDFS for 1 time
diff succeed!
file 11 has been read from HDFS for 2 time
diff succeed!
file 11 has been read from HDFS for 3 time
diff succeed!
file 11 has been read from HDFS for 4 time
diff succeed!
file 11 has been read from HDFS for 5 time
diff succeed!
file 11 has been read from HDFS for 6 time
diff succeed!
file 11 has been read from HDFS for 7 time
diff succeed!
file 11 has been read from HDFS for 8 time
diff succeed!
file 11 has been read from HDFS for 9 time
diff succeed!
file 11 has been read from HDFS for 10 time
diff succeed!
Deleted /myfile11
file 11 has been removed from HDFS
2019-02-20 00:18:56,650 INFO retry.RetryInvocationHandler: java.io.EOFException: End of File Exception between local host is: "clnode090.clemson.cloudlab.us/130.127.133.99"; destination host is: "node-1-link-0":8020; : java.io.EOFException; For more details see:  http://wiki.apache.org/hadoop/EOFException, while invoking ClientNamenodeProtocolTranslatorPB.addBlock over node-1-link-0/10.10.1.4:8020. Trying to failover immediately.
2019-02-20 00:18:56,657 INFO retry.RetryInvocationHandler: org.apache.hadoop.ipc.RemoteException(org.apache.hadoop.ipc.StandbyException): Operation category READ is not supported in state standby. Visit https://s.apache.org/sbnn-error
	at org.apache.hadoop.hdfs.server.namenode.ha.StandbyState.checkOperation(StandbyState.java:88)
	at org.apache.hadoop.hdfs.server.namenode.NameNode$NameNodeHAContext.checkOperation(NameNode.java:1952)
	at org.apache.hadoop.hdfs.server.namenode.FSNamesystem.checkOperation(FSNamesystem.java:1423)
	at org.apache.hadoop.hdfs.server.namenode.FSNamesystem.getAdditionalBlock(FSNamesystem.java:2674)
	at org.apache.hadoop.hdfs.server.namenode.NameNodeRpcServer.addBlock(NameNodeRpcServer.java:875)
	at org.apache.hadoop.hdfs.protocolPB.ClientNamenodeProtocolServerSideTranslatorPB.addBlock(ClientNamenodeProtocolServerSideTranslatorPB.java:561)
	at org.apache.hadoop.hdfs.protocol.proto.ClientNamenodeProtocolProtos$ClientNamenodeProtocol$2.callBlockingMethod(ClientNamenodeProtocolProtos.java)
	at org.apache.hadoop.ipc.ProtobufRpcEngine$Server$ProtoBufRpcInvoker.call(ProtobufRpcEngine.java:523)
	at org.apache.hadoop.ipc.RPC$Server.call(RPC.java:991)
	at org.apache.hadoop.ipc.Server$RpcCall.run(Server.java:872)
	at org.apache.hadoop.ipc.Server$RpcCall.run(Server.java:818)
	at java.security.AccessController.doPrivileged(Native Method)
	at javax.security.auth.Subject.doAs(Subject.java:422)
	at org.apache.hadoop.security.UserGroupInformation.doAs(UserGroupInformation.java:1729)
	at org.apache.hadoop.ipc.Server$Handler.run(Server.java:2678)
, while invoking ClientNamenodeProtocolTranslatorPB.addBlock over node-0-link-0/10.10.1.1:8020 after 1 failover attempts. Trying to failover after sleeping for 1001ms.
2019-02-20 00:18:57,660 INFO retry.RetryInvocationHandler: java.net.ConnectException: Call From clnode090.clemson.cloudlab.us/130.127.133.99 to node-1-link-0:8020 failed on connection exception: java.net.ConnectException: Connection refused; For more details see:  http://wiki.apache.org/hadoop/ConnectionRefused, while invoking ClientNamenodeProtocolTranslatorPB.addBlock over node-1-link-0/10.10.1.4:8020 after 2 failover attempts. Trying to failover after sleeping for 2258ms.
Found 20 items
-rw-r--r--   3 root supergroup 1073741824 2019-02-20 00:18 /myfile1
-rw-r--r--   3 root supergroup 1073741824 2019-02-20 00:18 /myfile10
-rw-r--r--   3 root supergroup 1073741824 2019-02-20 00:19 /myfile11
-rw-r--r--   3 root supergroup  939524096 2019-02-20 00:18 /myfile12._COPYING_
-rw-r--r--   3 root supergroup  268435456 2019-02-20 00:18 /myfile13._COPYING_
-rw-r--r--   3 root supergroup  939524096 2019-02-20 00:18 /myfile14._COPYING_
-rw-r--r--   3 root supergroup 1073741824 2019-02-20 00:19 /myfile15
-rw-r--r--   3 root supergroup 1073741824 2019-02-20 00:18 /myfile16
-rw-r--r--   3 root supergroup 1073741824 2019-02-20 00:19 /myfile17
-rw-r--r--   3 root supergroup  805306368 2019-02-20 00:18 /myfile18._COPYING_
-rw-r--r--   3 root supergroup  939524096 2019-02-20 00:18 /myfile19._COPYING_
-rw-r--r--   3 root supergroup 1073741824 2019-02-20 00:19 /myfile2
-rw-r--r--   3 root supergroup  805306368 2019-02-20 00:18 /myfile20._COPYING_
-rw-r--r--   3 root supergroup  939524096 2019-02-20 00:18 /myfile3._COPYING_
-rw-r--r--   3 root supergroup 1073741824 2019-02-20 00:18 /myfile4
-rw-r--r--   3 root supergroup  805306368 2019-02-20 00:18 /myfile5._COPYING_
-rw-r--r--   3 root supergroup  671088640 2019-02-20 00:18 /myfile6._COPYING_
-rw-r--r--   3 root supergroup 1073741824 2019-02-20 00:18 /myfile7
-rw-r--r--   3 root supergroup  939524096 2019-02-20 00:18 /myfile8._COPYING_
-rw-r--r--   3 root supergroup          0 2019-02-20 00:19 /myfile9._COPYING_
file 11 has been put into HDFS
file 11 has been read from HDFS for 1 time
diff succeed!
2019-02-20 00:19:32,123 INFO retry.RetryInvocationHandler: org.apache.hadoop.ipc.RemoteException(org.apache.hadoop.ipc.StandbyException): Operation category READ is not supported in state standby. Visit https://s.apache.org/sbnn-error
	at org.apache.hadoop.hdfs.server.namenode.ha.StandbyState.checkOperation(StandbyState.java:88)
	at org.apache.hadoop.hdfs.server.namenode.NameNode$NameNodeHAContext.checkOperation(NameNode.java:1952)
	at org.apache.hadoop.hdfs.server.namenode.FSNamesystem.checkOperation(FSNamesystem.java:1423)
	at org.apache.hadoop.hdfs.server.namenode.FSNamesystem.getFileInfo(FSNamesystem.java:3085)
	at org.apache.hadoop.hdfs.server.namenode.NameNodeRpcServer.getFileInfo(NameNodeRpcServer.java:1154)
	at org.apache.hadoop.hdfs.protocolPB.ClientNamenodeProtocolServerSideTranslatorPB.getFileInfo(ClientNamenodeProtocolServerSideTranslatorPB.java:966)
	at org.apache.hadoop.hdfs.protocol.proto.ClientNamenodeProtocolProtos$ClientNamenodeProtocol$2.callBlockingMethod(ClientNamenodeProtocolProtos.java)
	at org.apache.hadoop.ipc.ProtobufRpcEngine$Server$ProtoBufRpcInvoker.call(ProtobufRpcEngine.java:523)
	at org.apache.hadoop.ipc.RPC$Server.call(RPC.java:991)
	at org.apache.hadoop.ipc.Server$RpcCall.run(Server.java:872)
	at org.apache.hadoop.ipc.Server$RpcCall.run(Server.java:818)
	at java.security.AccessController.doPrivileged(Native Method)
	at javax.security.auth.Subject.doAs(Subject.java:422)
	at org.apache.hadoop.security.UserGroupInformation.doAs(UserGroupInformation.java:1729)
	at org.apache.hadoop.ipc.Server$Handler.run(Server.java:2678)
, while invoking ClientNamenodeProtocolTranslatorPB.getFileInfo over node-1-link-0/10.10.1.4:8020 after 1 failover attempts. Trying to failover after sleeping for 654ms.
2019-02-20 00:19:32,780 INFO retry.RetryInvocationHandler: java.net.ConnectException: Call From clnode090.clemson.cloudlab.us/130.127.133.99 to node-0-link-0:8020 failed on connection exception: java.net.ConnectException: Connection refused; For more details see:  http://wiki.apache.org/hadoop/ConnectionRefused, while invoking ClientNamenodeProtocolTranslatorPB.getFileInfo over node-0-link-0/10.10.1.1:8020 after 2 failover attempts. Trying to failover after sleeping for 1501ms.
file 11 has been read from HDFS for 2 time
diff succeed!
file 11 has been read from HDFS for 3 time
diff succeed!
file 11 has been read from HDFS for 4 time
diff succeed!
file 11 has been read from HDFS for 5 time
diff succeed!
file 11 has been read from HDFS for 6 time
diff succeed!
file 11 has been read from HDFS for 7 time
diff succeed!
file 11 has been read from HDFS for 8 time
diff succeed!
file 11 has been read from HDFS for 9 time
diff succeed!
file 11 has been read from HDFS for 10 time
diff succeed!
Deleted /myfile11
file 11 has been removed from HDFS
Found 20 items
-rw-r--r--   3 root supergroup 1073741824 2019-02-20 00:24 /myfile1
-rw-r--r--   3 root supergroup 1073741824 2019-02-20 00:24 /myfile10
-rw-r--r--   3 root supergroup 1073741824 2019-02-20 00:24 /myfile11
-rw-r--r--   3 root supergroup 1073741824 2019-02-20 00:24 /myfile12
-rw-r--r--   3 root supergroup  402653184 2019-02-20 00:23 /myfile13._COPYING_
-rw-r--r--   3 root supergroup 1073741824 2019-02-20 00:24 /myfile14
-rw-r--r--   3 root supergroup  939524096 2019-02-20 00:22 /myfile15._COPYING_
-rw-r--r--   3 root supergroup 1073741824 2019-02-20 00:23 /myfile16
-rw-r--r--   3 root supergroup  939524096 2019-02-20 00:22 /myfile17._COPYING_
-rw-r--r--   3 root supergroup  939524096 2019-02-20 00:23 /myfile18._COPYING_
-rw-r--r--   3 root supergroup  939524096 2019-02-20 00:22 /myfile19._COPYING_
-rw-r--r--   3 root supergroup  939524096 2019-02-20 00:22 /myfile2._COPYING_
-rw-r--r--   3 root supergroup  939524096 2019-02-20 00:23 /myfile20._COPYING_
-rw-r--r--   3 root supergroup 1073741824 2019-02-20 00:24 /myfile3
-rw-r--r--   3 root supergroup 1073741824 2019-02-20 00:23 /myfile4
-rw-r--r--   3 root supergroup  939524096 2019-02-20 00:23 /myfile5._COPYING_
-rw-r--r--   3 root supergroup  939524096 2019-02-20 00:23 /myfile6._COPYING_
-rw-r--r--   3 root supergroup 1073741824 2019-02-20 00:23 /myfile7
-rw-r--r--   3 root supergroup  939524096 2019-02-20 00:23 /myfile8._COPYING_
-rw-r--r--   3 root supergroup  805306368 2019-02-20 00:23 /myfile9._COPYING_
file 11 has been put into HDFS
file 11 has been read from HDFS for 1 time
diff succeed!
file 11 has been read from HDFS for 2 time
diff succeed!
file 11 has been read from HDFS for 3 time
diff succeed!
file 11 has been read from HDFS for 4 time
diff succeed!
file 11 has been read from HDFS for 5 time
diff succeed!
file 11 has been read from HDFS for 6 time
diff succeed!
file 11 has been read from HDFS for 7 time
diff succeed!
file 11 has been read from HDFS for 8 time
diff succeed!
file 11 has been read from HDFS for 9 time
diff succeed!
file 11 has been read from HDFS for 10 time
diff succeed!
Deleted /myfile11
file 11 has been removed from HDFS
Found 20 items
-rw-r--r--   3 root supergroup 1073741824 2019-02-20 00:28 /myfile1
-rw-r--r--   3 root supergroup  939524096 2019-02-20 00:27 /myfile10._COPYING_
-rw-r--r--   3 root supergroup 1073741824 2019-02-20 00:28 /myfile11
-rw-r--r--   3 root supergroup 1073741824 2019-02-20 00:28 /myfile12
-rw-r--r--   3 root supergroup  939524096 2019-02-20 00:28 /myfile13._COPYING_
-rw-r--r--   3 root supergroup  939524096 2019-02-20 00:27 /myfile14._COPYING_
-rw-r--r--   3 root supergroup  805306368 2019-02-20 00:28 /myfile15._COPYING_
-rw-r--r--   3 root supergroup 1073741824 2019-02-20 00:28 /myfile16
-rw-r--r--   3 root supergroup 1073741824 2019-02-20 00:28 /myfile17
-rw-r--r--   3 root supergroup  939524096 2019-02-20 00:28 /myfile18._COPYING_
-rw-r--r--   3 root supergroup  939524096 2019-02-20 00:27 /myfile19._COPYING_
-rw-r--r--   3 root supergroup  939524096 2019-02-20 00:27 /myfile2._COPYING_
-rw-r--r--   3 root supergroup 1073741824 2019-02-20 00:28 /myfile20
-rw-r--r--   3 root supergroup  939524096 2019-02-20 00:27 /myfile3._COPYING_
-rw-r--r--   3 root supergroup 1073741824 2019-02-20 00:28 /myfile4
-rw-r--r--   3 root supergroup 1073741824 2019-02-20 00:28 /myfile5
-rw-r--r--   3 root supergroup  805306368 2019-02-20 00:27 /myfile6._COPYING_
-rw-r--r--   3 root supergroup 1073741824 2019-02-20 00:28 /myfile7
-rw-r--r--   3 root supergroup 1073741824 2019-02-20 00:28 /myfile8
-rw-r--r--   3 root supergroup  939524096 2019-02-20 00:28 /myfile9._COPYING_
file 11 has been put into HDFS
file 11 has been read from HDFS for 1 time
diff succeed!
file 11 has been read from HDFS for 2 time
diff succeed!
2019-02-20 00:30:00,154 INFO retry.RetryInvocationHandler: java.net.ConnectException: Call From clnode090.clemson.cloudlab.us/130.127.133.99 to node-1-link-0:8020 failed on connection exception: java.net.ConnectException: Connection refused; For more details see:  http://wiki.apache.org/hadoop/ConnectionRefused, while invoking ClientNamenodeProtocolTranslatorPB.getFileInfo over node-1-link-0/10.10.1.4:8020 after 1 failover attempts. Trying to failover after sleeping for 991ms.
file 11 has been read from HDFS for 3 time
diff succeed!
file 11 has been read from HDFS for 4 time
diff succeed!
2019-02-20 00:30:36,494 INFO retry.RetryInvocationHandler: org.apache.hadoop.ipc.RemoteException(org.apache.hadoop.ipc.StandbyException): Operation category READ is not supported in state standby. Visit https://s.apache.org/sbnn-error
	at org.apache.hadoop.hdfs.server.namenode.ha.StandbyState.checkOperation(StandbyState.java:88)
	at org.apache.hadoop.hdfs.server.namenode.NameNode$NameNodeHAContext.checkOperation(NameNode.java:1952)
	at org.apache.hadoop.hdfs.server.namenode.FSNamesystem.checkOperation(FSNamesystem.java:1423)
	at org.apache.hadoop.hdfs.server.namenode.FSNamesystem.getFileInfo(FSNamesystem.java:3085)
	at org.apache.hadoop.hdfs.server.namenode.NameNodeRpcServer.getFileInfo(NameNodeRpcServer.java:1154)
	at org.apache.hadoop.hdfs.protocolPB.ClientNamenodeProtocolServerSideTranslatorPB.getFileInfo(ClientNamenodeProtocolServerSideTranslatorPB.java:966)
	at org.apache.hadoop.hdfs.protocol.proto.ClientNamenodeProtocolProtos$ClientNamenodeProtocol$2.callBlockingMethod(ClientNamenodeProtocolProtos.java)
	at org.apache.hadoop.ipc.ProtobufRpcEngine$Server$ProtoBufRpcInvoker.call(ProtobufRpcEngine.java:523)
	at org.apache.hadoop.ipc.RPC$Server.call(RPC.java:991)
	at org.apache.hadoop.ipc.Server$RpcCall.run(Server.java:872)
	at org.apache.hadoop.ipc.Server$RpcCall.run(Server.java:818)
	at java.security.AccessController.doPrivileged(Native Method)
	at javax.security.auth.Subject.doAs(Subject.java:422)
	at org.apache.hadoop.security.UserGroupInformation.doAs(UserGroupInformation.java:1729)
	at org.apache.hadoop.ipc.Server$Handler.run(Server.java:2678)
, while invoking ClientNamenodeProtocolTranslatorPB.getFileInfo over node-1-link-0/10.10.1.4:8020 after 1 failover attempts. Trying to failover after sleeping for 757ms.
2019-02-20 00:30:37,256 INFO retry.RetryInvocationHandler: java.net.ConnectException: Call From clnode090.clemson.cloudlab.us/130.127.133.99 to node-0-link-0:8020 failed on connection exception: java.net.ConnectException: Connection refused; For more details see:  http://wiki.apache.org/hadoop/ConnectionRefused, while invoking ClientNamenodeProtocolTranslatorPB.getFileInfo over node-0-link-0/10.10.1.1:8020 after 2 failover attempts. Trying to failover after sleeping for 1393ms.
file 11 has been read from HDFS for 5 time
diff succeed!
file 11 has been read from HDFS for 6 time
diff succeed!
file 11 has been read from HDFS for 7 time
diff succeed!
file 11 has been read from HDFS for 8 time
diff succeed!
file 11 has been read from HDFS for 9 time
diff succeed!
file 11 has been read from HDFS for 10 time
diff succeed!
Deleted /myfile11
file 11 has been removed from HDFS
Found 20 items
-rw-r--r--   3 root supergroup 1073741824 2019-02-20 00:34 /myfile1
-rw-r--r--   3 root supergroup 1073741824 2019-02-20 00:34 /myfile10
-rw-r--r--   3 root supergroup 1073741824 2019-02-20 00:34 /myfile11
-rw-r--r--   3 root supergroup 1073741824 2019-02-20 00:34 /myfile12
-rw-r--r--   3 root supergroup 1073741824 2019-02-20 00:34 /myfile13
-rw-r--r--   3 root supergroup 1073741824 2019-02-20 00:33 /myfile14
-rw-r--r--   3 root supergroup 1073741824 2019-02-20 00:34 /myfile15
-rw-r--r--   3 root supergroup 1073741824 2019-02-20 00:34 /myfile16
-rw-r--r--   3 root supergroup 1073741824 2019-02-20 00:34 /myfile17
-rw-r--r--   3 root supergroup 1073741824 2019-02-20 00:34 /myfile18
-rw-r--r--   3 root supergroup 1073741824 2019-02-20 00:34 /myfile19
-rw-r--r--   3 root supergroup 1073741824 2019-02-20 00:34 /myfile2
-rw-r--r--   3 root supergroup 1073741824 2019-02-20 00:34 /myfile20
-rw-r--r--   3 root supergroup 1073741824 2019-02-20 00:34 /myfile3
-rw-r--r--   3 root supergroup 1073741824 2019-02-20 00:34 /myfile4
-rw-r--r--   3 root supergroup 1073741824 2019-02-20 00:34 /myfile5
-rw-r--r--   3 root supergroup 1073741824 2019-02-20 00:34 /myfile6
-rw-r--r--   3 root supergroup 1073741824 2019-02-20 00:33 /myfile7
-rw-r--r--   3 root supergroup 1073741824 2019-02-20 00:34 /myfile8
-rw-r--r--   3 root supergroup 1073741824 2019-02-20 00:34 /myfile9
file 11 has been put into HDFS
file 11 has been read from HDFS for 1 time
diff succeed!
file 11 has been read from HDFS for 2 time
diff succeed!
file 11 has been read from HDFS for 3 time
diff succeed!
file 11 has been read from HDFS for 4 time
diff succeed!
file 11 has been read from HDFS for 5 time
diff succeed!
file 11 has been read from HDFS for 6 time
diff succeed!
file 11 has been read from HDFS for 7 time
diff succeed!
file 11 has been read from HDFS for 8 time
diff succeed!
file 11 has been read from HDFS for 9 time
diff succeed!
file 11 has been read from HDFS for 10 time
diff succeed!
Deleted /myfile11
file 11 has been removed from HDFS
Found 20 items
-rw-r--r--   3 root supergroup 1073741824 2019-02-20 00:38 /myfile1
-rw-r--r--   3 root supergroup 1073741824 2019-02-20 00:39 /myfile10
-rw-r--r--   3 root supergroup 1073741824 2019-02-20 00:39 /myfile11
-rw-r--r--   3 root supergroup  671088640 2019-02-20 00:38 /myfile12._COPYING_
-rw-r--r--   3 root supergroup 1073741824 2019-02-20 00:39 /myfile13
-rw-r--r--   3 root supergroup 1073741824 2019-02-20 00:38 /myfile14
-rw-r--r--   3 root supergroup 1073741824 2019-02-20 00:39 /myfile15
-rw-r--r--   3 root supergroup 1073741824 2019-02-20 00:39 /myfile16
-rw-r--r--   3 root supergroup 1073741824 2019-02-20 00:39 /myfile17
-rw-r--r--   3 root supergroup 1073741824 2019-02-20 00:39 /myfile18
-rw-r--r--   3 root supergroup  671088640 2019-02-20 00:38 /myfile19._COPYING_
-rw-r--r--   3 root supergroup 1073741824 2019-02-20 00:39 /myfile2
-rw-r--r--   3 root supergroup 1073741824 2019-02-20 00:39 /myfile20
-rw-r--r--   3 root supergroup 1073741824 2019-02-20 00:38 /myfile3
-rw-r--r--   3 root supergroup 1073741824 2019-02-20 00:38 /myfile4
-rw-r--r--   3 root supergroup 1073741824 2019-02-20 00:39 /myfile5
-rw-r--r--   3 root supergroup  805306368 2019-02-20 00:38 /myfile6._COPYING_
-rw-r--r--   3 root supergroup 1073741824 2019-02-20 00:37 /myfile7
-rw-r--r--   3 root supergroup 1073741824 2019-02-20 00:38 /myfile8
-rw-r--r--   3 root supergroup 1073741824 2019-02-20 00:39 /myfile9
file 11 has been put into HDFS
file 11 has been read from HDFS for 1 time
diff succeed!
file 11 has been read from HDFS for 2 time
diff succeed!
file 11 has been read from HDFS for 3 time
diff succeed!
file 11 has been read from HDFS for 4 time
diff succeed!
file 11 has been read from HDFS for 5 time
diff succeed!
sub_benchmark 5 signal TERM catched and let quit gracefully
Deleted /myfile11
file 11 has been removed from HDFS
