Found 20 items
-rw-r--r--   3 root supergroup 1073741824 2019-02-20 13:52 /myfile1
-rw-r--r--   3 root supergroup 1073741824 2019-02-20 13:52 /myfile10
-rw-r--r--   3 root supergroup 1073741824 2019-02-20 13:52 /myfile11
-rw-r--r--   3 root supergroup 1073741824 2019-02-20 13:52 /myfile12
-rw-r--r--   3 root supergroup 1073741824 2019-02-20 13:52 /myfile13
-rw-r--r--   3 root supergroup 1073741824 2019-02-20 13:52 /myfile14
-rw-r--r--   3 root supergroup 1073741824 2019-02-20 13:51 /myfile15
-rw-r--r--   3 root supergroup 1073741824 2019-02-20 13:52 /myfile16
-rw-r--r--   3 root supergroup 1073741824 2019-02-20 13:52 /myfile17
-rw-r--r--   3 root supergroup 1073741824 2019-02-20 13:52 /myfile18
-rw-r--r--   3 root supergroup 1073741824 2019-02-20 13:52 /myfile19
-rw-r--r--   3 root supergroup 1073741824 2019-02-20 13:52 /myfile2
-rw-r--r--   3 root supergroup 1073741824 2019-02-20 13:52 /myfile20
-rw-r--r--   3 root supergroup 1073741824 2019-02-20 13:52 /myfile3
-rw-r--r--   3 root supergroup 1073741824 2019-02-20 13:51 /myfile4
-rw-r--r--   3 root supergroup 1073741824 2019-02-20 13:52 /myfile5
-rw-r--r--   3 root supergroup 1073741824 2019-02-20 13:52 /myfile6
-rw-r--r--   3 root supergroup 1073741824 2019-02-20 13:52 /myfile7
-rw-r--r--   3 root supergroup 1073741824 2019-02-20 13:52 /myfile8
-rw-r--r--   3 root supergroup 1073741824 2019-02-20 13:52 /myfile9
file 1 has been put into HDFS
file 1 has been read from HDFS for 1 time
diff succeed!
file 1 has been read from HDFS for 2 time
diff succeed!
file 1 has been read from HDFS for 3 time
diff succeed!
file 1 has been read from HDFS for 4 time
diff succeed!
file 1 has been read from HDFS for 5 time
diff succeed!
file 1 has been read from HDFS for 6 time
diff succeed!
file 1 has been read from HDFS for 7 time
diff succeed!
file 1 has been read from HDFS for 8 time
diff succeed!
file 1 has been read from HDFS for 9 time
diff succeed!
file 1 has been read from HDFS for 10 time
diff succeed!
Deleted /myfile1
file 1 has been removed from HDFS
Found 20 items
-rw-r--r--   3 root supergroup 1073741824 2019-02-20 13:56 /myfile1
-rw-r--r--   3 root supergroup 1073741824 2019-02-20 13:55 /myfile10
-rw-r--r--   3 root supergroup 1073741824 2019-02-20 13:56 /myfile11
-rw-r--r--   3 root supergroup 1073741824 2019-02-20 13:56 /myfile12
-rw-r--r--   3 root supergroup 1073741824 2019-02-20 13:56 /myfile13
-rw-r--r--   3 root supergroup 1073741824 2019-02-20 13:55 /myfile14
-rw-r--r--   3 root supergroup 1073741824 2019-02-20 13:55 /myfile15
-rw-r--r--   3 root supergroup 1073741824 2019-02-20 13:56 /myfile16
-rw-r--r--   3 root supergroup 1073741824 2019-02-20 13:56 /myfile17
-rw-r--r--   3 root supergroup 1073741824 2019-02-20 13:55 /myfile18
-rw-r--r--   3 root supergroup 1073741824 2019-02-20 13:56 /myfile19
-rw-r--r--   3 root supergroup 1073741824 2019-02-20 13:55 /myfile2
-rw-r--r--   3 root supergroup 1073741824 2019-02-20 13:56 /myfile20
-rw-r--r--   3 root supergroup 1073741824 2019-02-20 13:56 /myfile3
-rw-r--r--   3 root supergroup 1073741824 2019-02-20 13:55 /myfile4
-rw-r--r--   3 root supergroup 1073741824 2019-02-20 13:56 /myfile5
-rw-r--r--   3 root supergroup 1073741824 2019-02-20 13:56 /myfile6
-rw-r--r--   3 root supergroup 1073741824 2019-02-20 13:56 /myfile7
-rw-r--r--   3 root supergroup 1073741824 2019-02-20 13:56 /myfile8
-rw-r--r--   3 root supergroup 1073741824 2019-02-20 13:56 /myfile9
file 1 has been put into HDFS
file 1 has been read from HDFS for 1 time
diff succeed!
file 1 has been read from HDFS for 2 time
diff succeed!
file 1 has been read from HDFS for 3 time
diff succeed!
file 1 has been read from HDFS for 4 time
diff succeed!
file 1 has been read from HDFS for 5 time
diff succeed!
file 1 has been read from HDFS for 6 time
diff succeed!
file 1 has been read from HDFS for 7 time
diff succeed!
file 1 has been read from HDFS for 8 time
diff succeed!
file 1 has been read from HDFS for 9 time
diff succeed!
file 1 has been read from HDFS for 10 time
diff succeed!
Deleted /myfile1
file 1 has been removed from HDFS
Found 19 items
-rw-r--r--   3 root supergroup 1073741824 2019-02-20 14:00 /myfile1
-rw-r--r--   3 root supergroup 1073741824 2019-02-20 14:00 /myfile10
-rw-r--r--   3 root supergroup 1073741824 2019-02-20 13:56 /myfile11
-rw-r--r--   3 root supergroup 1073741824 2019-02-20 13:56 /myfile12
-rw-r--r--   3 root supergroup 1073741824 2019-02-20 13:56 /myfile13
-rw-r--r--   3 root supergroup 1073741824 2019-02-20 13:59 /myfile14
-rw-r--r--   3 root supergroup 1073741824 2019-02-20 14:00 /myfile15
-rw-r--r--   3 root supergroup 1073741824 2019-02-20 13:56 /myfile16
-rw-r--r--   3 root supergroup 1073741824 2019-02-20 13:59 /myfile18
-rw-r--r--   3 root supergroup 1073741824 2019-02-20 13:56 /myfile19
-rw-r--r--   3 root supergroup 1073741824 2019-02-20 14:00 /myfile2
-rw-r--r--   3 root supergroup 1073741824 2019-02-20 14:00 /myfile20
-rw-r--r--   3 root supergroup 1073741824 2019-02-20 14:00 /myfile3
-rw-r--r--   3 root supergroup 1073741824 2019-02-20 13:55 /myfile4
-rw-r--r--   3 root supergroup 1073741824 2019-02-20 13:56 /myfile5
-rw-r--r--   3 root supergroup 1073741824 2019-02-20 13:59 /myfile6
-rw-r--r--   3 root supergroup  671088640 2019-02-20 14:00 /myfile7._COPYING_
-rw-r--r--   3 root supergroup  805306368 2019-02-20 14:00 /myfile8._COPYING_
-rw-r--r--   3 root supergroup 1073741824 2019-02-20 14:00 /myfile9
file 1 has been put into HDFS
file 1 has been read from HDFS for 1 time
diff succeed!
file 1 has been read from HDFS for 2 time
diff succeed!
file 1 has been read from HDFS for 3 time
diff succeed!
file 1 has been read from HDFS for 4 time
diff succeed!
file 1 has been read from HDFS for 5 time
diff succeed!
file 1 has been read from HDFS for 6 time
diff succeed!
file 1 has been read from HDFS for 7 time
diff succeed!
file 1 has been read from HDFS for 8 time
diff succeed!
file 1 has been read from HDFS for 9 time
diff succeed!
file 1 has been read from HDFS for 10 time
diff succeed!
Deleted /myfile1
file 1 has been removed from HDFS
2019-02-20 14:03:58,765 INFO retry.RetryInvocationHandler: java.io.EOFException: End of File Exception between local host is: "clnode049.clemson.cloudlab.us/130.127.133.58"; destination host is: "node-1-link-0":8020; : java.io.EOFException; For more details see:  http://wiki.apache.org/hadoop/EOFException, while invoking ClientNamenodeProtocolTranslatorPB.addBlock over node-1-link-0/10.10.1.4:8020. Trying to failover immediately.
2019-02-20 14:03:58,772 INFO retry.RetryInvocationHandler: org.apache.hadoop.ipc.RemoteException(org.apache.hadoop.ipc.RetriableException): org.apache.hadoop.hdfs.server.namenode.SafeModeException: Cannot add block to /myfile1._COPYING_. Name node is in safe mode.
The reported blocks 152 has reached the threshold 0.9990 of total blocks 152. The number of live datanodes 3 has reached the minimum number 0. In safe mode extension. Safe mode will be turned off automatically in 29 seconds. NamenodeHostName:node-0-link-0
	at org.apache.hadoop.hdfs.server.namenode.FSNamesystem.checkNameNodeSafeMode(FSNamesystem.java:1441)
	at org.apache.hadoop.hdfs.server.namenode.FSDirWriteFileOp.analyzeFileState(FSDirWriteFileOp.java:591)
	at org.apache.hadoop.hdfs.server.namenode.FSDirWriteFileOp.validateAddBlock(FSDirWriteFileOp.java:172)
	at org.apache.hadoop.hdfs.server.namenode.FSNamesystem.getAdditionalBlock(FSNamesystem.java:2679)
	at org.apache.hadoop.hdfs.server.namenode.NameNodeRpcServer.addBlock(NameNodeRpcServer.java:875)
	at org.apache.hadoop.hdfs.protocolPB.ClientNamenodeProtocolServerSideTranslatorPB.addBlock(ClientNamenodeProtocolServerSideTranslatorPB.java:561)
	at org.apache.hadoop.hdfs.protocol.proto.ClientNamenodeProtocolProtos$ClientNamenodeProtocol$2.callBlockingMethod(ClientNamenodeProtocolProtos.java)
	at org.apache.hadoop.ipc.ProtobufRpcEngine$Server$ProtoBufRpcInvoker.call(ProtobufRpcEngine.java:523)
	at org.apache.hadoop.ipc.RPC$Server.call(RPC.java:991)
	at org.apache.hadoop.ipc.Server$RpcCall.run(Server.java:872)
	at org.apache.hadoop.ipc.Server$RpcCall.run(Server.java:818)
	at java.security.AccessController.doPrivileged(Native Method)
	at javax.security.auth.Subject.doAs(Subject.java:422)
	at org.apache.hadoop.security.UserGroupInformation.doAs(UserGroupInformation.java:1729)
	at org.apache.hadoop.ipc.Server$Handler.run(Server.java:2678)
Caused by: org.apache.hadoop.hdfs.server.namenode.SafeModeException: Cannot add block to /myfile1._COPYING_. Name node is in safe mode.
The reported blocks 152 has reached the threshold 0.9990 of total blocks 152. The number of live datanodes 3 has reached the minimum number 0. In safe mode extension. Safe mode will be turned off automatically in 29 seconds. NamenodeHostName:node-0-link-0
	at org.apache.hadoop.hdfs.server.namenode.FSNamesystem.newSafemodeException(FSNamesystem.java:1450)
	at org.apache.hadoop.hdfs.server.namenode.FSNamesystem.checkNameNodeSafeMode(FSNamesystem.java:1437)
	... 14 more
, while invoking ClientNamenodeProtocolTranslatorPB.addBlock over node-0-link-0/10.10.1.1:8020 after 1 failover attempts. Retrying after sleeping for 949ms.
2019-02-20 14:03:59,725 INFO retry.RetryInvocationHandler: org.apache.hadoop.ipc.RemoteException(org.apache.hadoop.ipc.RetriableException): org.apache.hadoop.hdfs.server.namenode.SafeModeException: Cannot add block to /myfile1._COPYING_. Name node is in safe mode.
The reported blocks 152 has reached the threshold 0.9990 of total blocks 152. The number of live datanodes 3 has reached the minimum number 0. In safe mode extension. Safe mode will be turned off automatically in 28 seconds. NamenodeHostName:node-0-link-0
	at org.apache.hadoop.hdfs.server.namenode.FSNamesystem.checkNameNodeSafeMode(FSNamesystem.java:1441)
	at org.apache.hadoop.hdfs.server.namenode.FSDirWriteFileOp.analyzeFileState(FSDirWriteFileOp.java:591)
	at org.apache.hadoop.hdfs.server.namenode.FSDirWriteFileOp.validateAddBlock(FSDirWriteFileOp.java:172)
	at org.apache.hadoop.hdfs.server.namenode.FSNamesystem.getAdditionalBlock(FSNamesystem.java:2679)
	at org.apache.hadoop.hdfs.server.namenode.NameNodeRpcServer.addBlock(NameNodeRpcServer.java:875)
	at org.apache.hadoop.hdfs.protocolPB.ClientNamenodeProtocolServerSideTranslatorPB.addBlock(ClientNamenodeProtocolServerSideTranslatorPB.java:561)
	at org.apache.hadoop.hdfs.protocol.proto.ClientNamenodeProtocolProtos$ClientNamenodeProtocol$2.callBlockingMethod(ClientNamenodeProtocolProtos.java)
	at org.apache.hadoop.ipc.ProtobufRpcEngine$Server$ProtoBufRpcInvoker.call(ProtobufRpcEngine.java:523)
	at org.apache.hadoop.ipc.RPC$Server.call(RPC.java:991)
	at org.apache.hadoop.ipc.Server$RpcCall.run(Server.java:872)
	at org.apache.hadoop.ipc.Server$RpcCall.run(Server.java:818)
	at java.security.AccessController.doPrivileged(Native Method)
	at javax.security.auth.Subject.doAs(Subject.java:422)
	at org.apache.hadoop.security.UserGroupInformation.doAs(UserGroupInformation.java:1729)
	at org.apache.hadoop.ipc.Server$Handler.run(Server.java:2678)
Caused by: org.apache.hadoop.hdfs.server.namenode.SafeModeException: Cannot add block to /myfile1._COPYING_. Name node is in safe mode.
The reported blocks 152 has reached the threshold 0.9990 of total blocks 152. The number of live datanodes 3 has reached the minimum number 0. In safe mode extension. Safe mode will be turned off automatically in 28 seconds. NamenodeHostName:node-0-link-0
	at org.apache.hadoop.hdfs.server.namenode.FSNamesystem.newSafemodeException(FSNamesystem.java:1450)
	at org.apache.hadoop.hdfs.server.namenode.FSNamesystem.checkNameNodeSafeMode(FSNamesystem.java:1437)
	... 14 more
, while invoking ClientNamenodeProtocolTranslatorPB.addBlock over node-0-link-0/10.10.1.1:8020 after 1 failover attempts. Retrying after sleeping for 1935ms.
2019-02-20 14:04:01,663 INFO retry.RetryInvocationHandler: org.apache.hadoop.ipc.RemoteException(org.apache.hadoop.ipc.RetriableException): org.apache.hadoop.hdfs.server.namenode.SafeModeException: Cannot add block to /myfile1._COPYING_. Name node is in safe mode.
The reported blocks 152 has reached the threshold 0.9990 of total blocks 152. The number of live datanodes 3 has reached the minimum number 0. In safe mode extension. Safe mode will be turned off automatically in 26 seconds. NamenodeHostName:node-0-link-0
	at org.apache.hadoop.hdfs.server.namenode.FSNamesystem.checkNameNodeSafeMode(FSNamesystem.java:1441)
	at org.apache.hadoop.hdfs.server.namenode.FSDirWriteFileOp.analyzeFileState(FSDirWriteFileOp.java:591)
	at org.apache.hadoop.hdfs.server.namenode.FSDirWriteFileOp.validateAddBlock(FSDirWriteFileOp.java:172)
	at org.apache.hadoop.hdfs.server.namenode.FSNamesystem.getAdditionalBlock(FSNamesystem.java:2679)
	at org.apache.hadoop.hdfs.server.namenode.NameNodeRpcServer.addBlock(NameNodeRpcServer.java:875)
	at org.apache.hadoop.hdfs.protocolPB.ClientNamenodeProtocolServerSideTranslatorPB.addBlock(ClientNamenodeProtocolServerSideTranslatorPB.java:561)
	at org.apache.hadoop.hdfs.protocol.proto.ClientNamenodeProtocolProtos$ClientNamenodeProtocol$2.callBlockingMethod(ClientNamenodeProtocolProtos.java)
	at org.apache.hadoop.ipc.ProtobufRpcEngine$Server$ProtoBufRpcInvoker.call(ProtobufRpcEngine.java:523)
	at org.apache.hadoop.ipc.RPC$Server.call(RPC.java:991)
	at org.apache.hadoop.ipc.Server$RpcCall.run(Server.java:872)
	at org.apache.hadoop.ipc.Server$RpcCall.run(Server.java:818)
	at java.security.AccessController.doPrivileged(Native Method)
	at javax.security.auth.Subject.doAs(Subject.java:422)
	at org.apache.hadoop.security.UserGroupInformation.doAs(UserGroupInformation.java:1729)
	at org.apache.hadoop.ipc.Server$Handler.run(Server.java:2678)
Caused by: org.apache.hadoop.hdfs.server.namenode.SafeModeException: Cannot add block to /myfile1._COPYING_. Name node is in safe mode.
The reported blocks 152 has reached the threshold 0.9990 of total blocks 152. The number of live datanodes 3 has reached the minimum number 0. In safe mode extension. Safe mode will be turned off automatically in 26 seconds. NamenodeHostName:node-0-link-0
	at org.apache.hadoop.hdfs.server.namenode.FSNamesystem.newSafemodeException(FSNamesystem.java:1450)
	at org.apache.hadoop.hdfs.server.namenode.FSNamesystem.checkNameNodeSafeMode(FSNamesystem.java:1437)
	... 14 more
, while invoking ClientNamenodeProtocolTranslatorPB.addBlock over node-0-link-0/10.10.1.1:8020 after 1 failover attempts. Retrying after sleeping for 2870ms.
2019-02-20 14:04:04,539 INFO retry.RetryInvocationHandler: org.apache.hadoop.ipc.RemoteException(org.apache.hadoop.ipc.RetriableException): org.apache.hadoop.hdfs.server.namenode.SafeModeException: Cannot add block to /myfile1._COPYING_. Name node is in safe mode.
The reported blocks 152 has reached the threshold 0.9990 of total blocks 152. The number of live datanodes 3 has reached the minimum number 0. In safe mode extension. Safe mode will be turned off automatically in 23 seconds. NamenodeHostName:node-0-link-0
	at org.apache.hadoop.hdfs.server.namenode.FSNamesystem.checkNameNodeSafeMode(FSNamesystem.java:1441)
	at org.apache.hadoop.hdfs.server.namenode.FSDirWriteFileOp.analyzeFileState(FSDirWriteFileOp.java:591)
	at org.apache.hadoop.hdfs.server.namenode.FSDirWriteFileOp.validateAddBlock(FSDirWriteFileOp.java:172)
	at org.apache.hadoop.hdfs.server.namenode.FSNamesystem.getAdditionalBlock(FSNamesystem.java:2679)
	at org.apache.hadoop.hdfs.server.namenode.NameNodeRpcServer.addBlock(NameNodeRpcServer.java:875)
	at org.apache.hadoop.hdfs.protocolPB.ClientNamenodeProtocolServerSideTranslatorPB.addBlock(ClientNamenodeProtocolServerSideTranslatorPB.java:561)
	at org.apache.hadoop.hdfs.protocol.proto.ClientNamenodeProtocolProtos$ClientNamenodeProtocol$2.callBlockingMethod(ClientNamenodeProtocolProtos.java)
	at org.apache.hadoop.ipc.ProtobufRpcEngine$Server$ProtoBufRpcInvoker.call(ProtobufRpcEngine.java:523)
	at org.apache.hadoop.ipc.RPC$Server.call(RPC.java:991)
	at org.apache.hadoop.ipc.Server$RpcCall.run(Server.java:872)
	at org.apache.hadoop.ipc.Server$RpcCall.run(Server.java:818)
	at java.security.AccessController.doPrivileged(Native Method)
	at javax.security.auth.Subject.doAs(Subject.java:422)
	at org.apache.hadoop.security.UserGroupInformation.doAs(UserGroupInformation.java:1729)
	at org.apache.hadoop.ipc.Server$Handler.run(Server.java:2678)
Caused by: org.apache.hadoop.hdfs.server.namenode.SafeModeException: Cannot add block to /myfile1._COPYING_. Name node is in safe mode.
The reported blocks 152 has reached the threshold 0.9990 of total blocks 152. The number of live datanodes 3 has reached the minimum number 0. In safe mode extension. Safe mode will be turned off automatically in 23 seconds. NamenodeHostName:node-0-link-0
	at org.apache.hadoop.hdfs.server.namenode.FSNamesystem.newSafemodeException(FSNamesystem.java:1450)
	at org.apache.hadoop.hdfs.server.namenode.FSNamesystem.checkNameNodeSafeMode(FSNamesystem.java:1437)
	... 14 more
, while invoking ClientNamenodeProtocolTranslatorPB.addBlock over node-0-link-0/10.10.1.1:8020 after 1 failover attempts. Retrying after sleeping for 9791ms.
2019-02-20 14:04:14,333 INFO retry.RetryInvocationHandler: org.apache.hadoop.ipc.RemoteException(org.apache.hadoop.ipc.RetriableException): org.apache.hadoop.hdfs.server.namenode.SafeModeException: Cannot add block to /myfile1._COPYING_. Name node is in safe mode.
The reported blocks 152 has reached the threshold 0.9990 of total blocks 152. The number of live datanodes 3 has reached the minimum number 0. In safe mode extension. Safe mode will be turned off automatically in 14 seconds. NamenodeHostName:node-0-link-0
	at org.apache.hadoop.hdfs.server.namenode.FSNamesystem.checkNameNodeSafeMode(FSNamesystem.java:1441)
	at org.apache.hadoop.hdfs.server.namenode.FSDirWriteFileOp.analyzeFileState(FSDirWriteFileOp.java:591)
	at org.apache.hadoop.hdfs.server.namenode.FSDirWriteFileOp.validateAddBlock(FSDirWriteFileOp.java:172)
	at org.apache.hadoop.hdfs.server.namenode.FSNamesystem.getAdditionalBlock(FSNamesystem.java:2679)
	at org.apache.hadoop.hdfs.server.namenode.NameNodeRpcServer.addBlock(NameNodeRpcServer.java:875)
	at org.apache.hadoop.hdfs.protocolPB.ClientNamenodeProtocolServerSideTranslatorPB.addBlock(ClientNamenodeProtocolServerSideTranslatorPB.java:561)
	at org.apache.hadoop.hdfs.protocol.proto.ClientNamenodeProtocolProtos$ClientNamenodeProtocol$2.callBlockingMethod(ClientNamenodeProtocolProtos.java)
	at org.apache.hadoop.ipc.ProtobufRpcEngine$Server$ProtoBufRpcInvoker.call(ProtobufRpcEngine.java:523)
	at org.apache.hadoop.ipc.RPC$Server.call(RPC.java:991)
	at org.apache.hadoop.ipc.Server$RpcCall.run(Server.java:872)
	at org.apache.hadoop.ipc.Server$RpcCall.run(Server.java:818)
	at java.security.AccessController.doPrivileged(Native Method)
	at javax.security.auth.Subject.doAs(Subject.java:422)
	at org.apache.hadoop.security.UserGroupInformation.doAs(UserGroupInformation.java:1729)
	at org.apache.hadoop.ipc.Server$Handler.run(Server.java:2678)
Caused by: org.apache.hadoop.hdfs.server.namenode.SafeModeException: Cannot add block to /myfile1._COPYING_. Name node is in safe mode.
The reported blocks 152 has reached the threshold 0.9990 of total blocks 152. The number of live datanodes 3 has reached the minimum number 0. In safe mode extension. Safe mode will be turned off automatically in 14 seconds. NamenodeHostName:node-0-link-0
	at org.apache.hadoop.hdfs.server.namenode.FSNamesystem.newSafemodeException(FSNamesystem.java:1450)
	at org.apache.hadoop.hdfs.server.namenode.FSNamesystem.checkNameNodeSafeMode(FSNamesystem.java:1437)
	... 14 more
, while invoking ClientNamenodeProtocolTranslatorPB.addBlock over node-0-link-0/10.10.1.1:8020 after 1 failover attempts. Retrying after sleeping for 10735ms.
2019-02-20 14:04:20,684 INFO retry.RetryInvocationHandler: org.apache.hadoop.ipc.RemoteException(org.apache.hadoop.ipc.RetriableException): org.apache.hadoop.hdfs.server.namenode.SafeModeException: Cannot renew lease for DFSClient_NONMAPREDUCE_-1353310157_1. Name node is in safe mode.
The reported blocks 152 has reached the threshold 0.9990 of total blocks 152. The number of live datanodes 3 has reached the minimum number 0. In safe mode extension. Safe mode will be turned off automatically in 7 seconds. NamenodeHostName:node-0-link-0
	at org.apache.hadoop.hdfs.server.namenode.FSNamesystem.checkNameNodeSafeMode(FSNamesystem.java:1441)
	at org.apache.hadoop.hdfs.server.namenode.FSNamesystem.renewLease(FSNamesystem.java:3744)
	at org.apache.hadoop.hdfs.server.namenode.NameNodeRpcServer.renewLease(NameNodeRpcServer.java:1134)
	at org.apache.hadoop.hdfs.protocolPB.ClientNamenodeProtocolServerSideTranslatorPB.renewLease(ClientNamenodeProtocolServerSideTranslatorPB.java:737)
	at org.apache.hadoop.hdfs.protocol.proto.ClientNamenodeProtocolProtos$ClientNamenodeProtocol$2.callBlockingMethod(ClientNamenodeProtocolProtos.java)
	at org.apache.hadoop.ipc.ProtobufRpcEngine$Server$ProtoBufRpcInvoker.call(ProtobufRpcEngine.java:523)
	at org.apache.hadoop.ipc.RPC$Server.call(RPC.java:991)
	at org.apache.hadoop.ipc.Server$RpcCall.run(Server.java:872)
	at org.apache.hadoop.ipc.Server$RpcCall.run(Server.java:818)
	at java.security.AccessController.doPrivileged(Native Method)
	at javax.security.auth.Subject.doAs(Subject.java:422)
	at org.apache.hadoop.security.UserGroupInformation.doAs(UserGroupInformation.java:1729)
	at org.apache.hadoop.ipc.Server$Handler.run(Server.java:2678)
Caused by: org.apache.hadoop.hdfs.server.namenode.SafeModeException: Cannot renew lease for DFSClient_NONMAPREDUCE_-1353310157_1. Name node is in safe mode.
The reported blocks 152 has reached the threshold 0.9990 of total blocks 152. The number of live datanodes 3 has reached the minimum number 0. In safe mode extension. Safe mode will be turned off automatically in 7 seconds. NamenodeHostName:node-0-link-0
	at org.apache.hadoop.hdfs.server.namenode.FSNamesystem.newSafemodeException(FSNamesystem.java:1450)
	at org.apache.hadoop.hdfs.server.namenode.FSNamesystem.checkNameNodeSafeMode(FSNamesystem.java:1437)
	... 12 more
, while invoking ClientNamenodeProtocolTranslatorPB.renewLease over node-0-link-0/10.10.1.1:8020. Retrying immediately.
2019-02-20 14:04:20,686 INFO retry.RetryInvocationHandler: org.apache.hadoop.ipc.RemoteException(org.apache.hadoop.ipc.RetriableException): org.apache.hadoop.hdfs.server.namenode.SafeModeException: Cannot renew lease for DFSClient_NONMAPREDUCE_-1353310157_1. Name node is in safe mode.
The reported blocks 152 has reached the threshold 0.9990 of total blocks 152. The number of live datanodes 3 has reached the minimum number 0. In safe mode extension. Safe mode will be turned off automatically in 7 seconds. NamenodeHostName:node-0-link-0
	at org.apache.hadoop.hdfs.server.namenode.FSNamesystem.checkNameNodeSafeMode(FSNamesystem.java:1441)
	at org.apache.hadoop.hdfs.server.namenode.FSNamesystem.renewLease(FSNamesystem.java:3744)
	at org.apache.hadoop.hdfs.server.namenode.NameNodeRpcServer.renewLease(NameNodeRpcServer.java:1134)
	at org.apache.hadoop.hdfs.protocolPB.ClientNamenodeProtocolServerSideTranslatorPB.renewLease(ClientNamenodeProtocolServerSideTranslatorPB.java:737)
	at org.apache.hadoop.hdfs.protocol.proto.ClientNamenodeProtocolProtos$ClientNamenodeProtocol$2.callBlockingMethod(ClientNamenodeProtocolProtos.java)
	at org.apache.hadoop.ipc.ProtobufRpcEngine$Server$ProtoBufRpcInvoker.call(ProtobufRpcEngine.java:523)
	at org.apache.hadoop.ipc.RPC$Server.call(RPC.java:991)
	at org.apache.hadoop.ipc.Server$RpcCall.run(Server.java:872)
	at org.apache.hadoop.ipc.Server$RpcCall.run(Server.java:818)
	at java.security.AccessController.doPrivileged(Native Method)
	at javax.security.auth.Subject.doAs(Subject.java:422)
	at org.apache.hadoop.security.UserGroupInformation.doAs(UserGroupInformation.java:1729)
	at org.apache.hadoop.ipc.Server$Handler.run(Server.java:2678)
Caused by: org.apache.hadoop.hdfs.server.namenode.SafeModeException: Cannot renew lease for DFSClient_NONMAPREDUCE_-1353310157_1. Name node is in safe mode.
The reported blocks 152 has reached the threshold 0.9990 of total blocks 152. The number of live datanodes 3 has reached the minimum number 0. In safe mode extension. Safe mode will be turned off automatically in 7 seconds. NamenodeHostName:node-0-link-0
	at org.apache.hadoop.hdfs.server.namenode.FSNamesystem.newSafemodeException(FSNamesystem.java:1450)
	at org.apache.hadoop.hdfs.server.namenode.FSNamesystem.checkNameNodeSafeMode(FSNamesystem.java:1437)
	... 12 more
, while invoking ClientNamenodeProtocolTranslatorPB.renewLease over node-0-link-0/10.10.1.1:8020. Retrying after sleeping for 674ms.
2019-02-20 14:04:21,363 INFO retry.RetryInvocationHandler: org.apache.hadoop.ipc.RemoteException(org.apache.hadoop.ipc.RetriableException): org.apache.hadoop.hdfs.server.namenode.SafeModeException: Cannot renew lease for DFSClient_NONMAPREDUCE_-1353310157_1. Name node is in safe mode.
The reported blocks 152 has reached the threshold 0.9990 of total blocks 152. The number of live datanodes 3 has reached the minimum number 0. In safe mode extension. Safe mode will be turned off automatically in 7 seconds. NamenodeHostName:node-0-link-0
	at org.apache.hadoop.hdfs.server.namenode.FSNamesystem.checkNameNodeSafeMode(FSNamesystem.java:1441)
	at org.apache.hadoop.hdfs.server.namenode.FSNamesystem.renewLease(FSNamesystem.java:3744)
	at org.apache.hadoop.hdfs.server.namenode.NameNodeRpcServer.renewLease(NameNodeRpcServer.java:1134)
	at org.apache.hadoop.hdfs.protocolPB.ClientNamenodeProtocolServerSideTranslatorPB.renewLease(ClientNamenodeProtocolServerSideTranslatorPB.java:737)
	at org.apache.hadoop.hdfs.protocol.proto.ClientNamenodeProtocolProtos$ClientNamenodeProtocol$2.callBlockingMethod(ClientNamenodeProtocolProtos.java)
	at org.apache.hadoop.ipc.ProtobufRpcEngine$Server$ProtoBufRpcInvoker.call(ProtobufRpcEngine.java:523)
	at org.apache.hadoop.ipc.RPC$Server.call(RPC.java:991)
	at org.apache.hadoop.ipc.Server$RpcCall.run(Server.java:872)
	at org.apache.hadoop.ipc.Server$RpcCall.run(Server.java:818)
	at java.security.AccessController.doPrivileged(Native Method)
	at javax.security.auth.Subject.doAs(Subject.java:422)
	at org.apache.hadoop.security.UserGroupInformation.doAs(UserGroupInformation.java:1729)
	at org.apache.hadoop.ipc.Server$Handler.run(Server.java:2678)
Caused by: org.apache.hadoop.hdfs.server.namenode.SafeModeException: Cannot renew lease for DFSClient_NONMAPREDUCE_-1353310157_1. Name node is in safe mode.
The reported blocks 152 has reached the threshold 0.9990 of total blocks 152. The number of live datanodes 3 has reached the minimum number 0. In safe mode extension. Safe mode will be turned off automatically in 7 seconds. NamenodeHostName:node-0-link-0
	at org.apache.hadoop.hdfs.server.namenode.FSNamesystem.newSafemodeException(FSNamesystem.java:1450)
	at org.apache.hadoop.hdfs.server.namenode.FSNamesystem.checkNameNodeSafeMode(FSNamesystem.java:1437)
	... 12 more
, while invoking ClientNamenodeProtocolTranslatorPB.renewLease over node-0-link-0/10.10.1.1:8020. Retrying after sleeping for 1255ms.
2019-02-20 14:04:22,621 INFO retry.RetryInvocationHandler: org.apache.hadoop.ipc.RemoteException(org.apache.hadoop.ipc.RetriableException): org.apache.hadoop.hdfs.server.namenode.SafeModeException: Cannot renew lease for DFSClient_NONMAPREDUCE_-1353310157_1. Name node is in safe mode.
The reported blocks 152 has reached the threshold 0.9990 of total blocks 152. The number of live datanodes 3 has reached the minimum number 0. In safe mode extension. Safe mode will be turned off automatically in 5 seconds. NamenodeHostName:node-0-link-0
	at org.apache.hadoop.hdfs.server.namenode.FSNamesystem.checkNameNodeSafeMode(FSNamesystem.java:1441)
	at org.apache.hadoop.hdfs.server.namenode.FSNamesystem.renewLease(FSNamesystem.java:3744)
	at org.apache.hadoop.hdfs.server.namenode.NameNodeRpcServer.renewLease(NameNodeRpcServer.java:1134)
	at org.apache.hadoop.hdfs.protocolPB.ClientNamenodeProtocolServerSideTranslatorPB.renewLease(ClientNamenodeProtocolServerSideTranslatorPB.java:737)
	at org.apache.hadoop.hdfs.protocol.proto.ClientNamenodeProtocolProtos$ClientNamenodeProtocol$2.callBlockingMethod(ClientNamenodeProtocolProtos.java)
	at org.apache.hadoop.ipc.ProtobufRpcEngine$Server$ProtoBufRpcInvoker.call(ProtobufRpcEngine.java:523)
	at org.apache.hadoop.ipc.RPC$Server.call(RPC.java:991)
	at org.apache.hadoop.ipc.Server$RpcCall.run(Server.java:872)
	at org.apache.hadoop.ipc.Server$RpcCall.run(Server.java:818)
	at java.security.AccessController.doPrivileged(Native Method)
	at javax.security.auth.Subject.doAs(Subject.java:422)
	at org.apache.hadoop.security.UserGroupInformation.doAs(UserGroupInformation.java:1729)
	at org.apache.hadoop.ipc.Server$Handler.run(Server.java:2678)
Caused by: org.apache.hadoop.hdfs.server.namenode.SafeModeException: Cannot renew lease for DFSClient_NONMAPREDUCE_-1353310157_1. Name node is in safe mode.
The reported blocks 152 has reached the threshold 0.9990 of total blocks 152. The number of live datanodes 3 has reached the minimum number 0. In safe mode extension. Safe mode will be turned off automatically in 5 seconds. NamenodeHostName:node-0-link-0
	at org.apache.hadoop.hdfs.server.namenode.FSNamesystem.newSafemodeException(FSNamesystem.java:1450)
	at org.apache.hadoop.hdfs.server.namenode.FSNamesystem.checkNameNodeSafeMode(FSNamesystem.java:1437)
	... 12 more
, while invoking ClientNamenodeProtocolTranslatorPB.renewLease over node-0-link-0/10.10.1.1:8020. Retrying after sleeping for 4474ms.
2019-02-20 14:04:25,071 INFO retry.RetryInvocationHandler: org.apache.hadoop.ipc.RemoteException(org.apache.hadoop.ipc.RetriableException): org.apache.hadoop.hdfs.server.namenode.SafeModeException: Cannot add block to /myfile1._COPYING_. Name node is in safe mode.
The reported blocks 152 has reached the threshold 0.9990 of total blocks 152. The number of live datanodes 3 has reached the minimum number 0. In safe mode extension. Safe mode will be turned off automatically in 3 seconds. NamenodeHostName:node-0-link-0
	at org.apache.hadoop.hdfs.server.namenode.FSNamesystem.checkNameNodeSafeMode(FSNamesystem.java:1441)
	at org.apache.hadoop.hdfs.server.namenode.FSDirWriteFileOp.analyzeFileState(FSDirWriteFileOp.java:591)
	at org.apache.hadoop.hdfs.server.namenode.FSDirWriteFileOp.validateAddBlock(FSDirWriteFileOp.java:172)
	at org.apache.hadoop.hdfs.server.namenode.FSNamesystem.getAdditionalBlock(FSNamesystem.java:2679)
	at org.apache.hadoop.hdfs.server.namenode.NameNodeRpcServer.addBlock(NameNodeRpcServer.java:875)
	at org.apache.hadoop.hdfs.protocolPB.ClientNamenodeProtocolServerSideTranslatorPB.addBlock(ClientNamenodeProtocolServerSideTranslatorPB.java:561)
	at org.apache.hadoop.hdfs.protocol.proto.ClientNamenodeProtocolProtos$ClientNamenodeProtocol$2.callBlockingMethod(ClientNamenodeProtocolProtos.java)
	at org.apache.hadoop.ipc.ProtobufRpcEngine$Server$ProtoBufRpcInvoker.call(ProtobufRpcEngine.java:523)
	at org.apache.hadoop.ipc.RPC$Server.call(RPC.java:991)
	at org.apache.hadoop.ipc.Server$RpcCall.run(Server.java:872)
	at org.apache.hadoop.ipc.Server$RpcCall.run(Server.java:818)
	at java.security.AccessController.doPrivileged(Native Method)
	at javax.security.auth.Subject.doAs(Subject.java:422)
	at org.apache.hadoop.security.UserGroupInformation.doAs(UserGroupInformation.java:1729)
	at org.apache.hadoop.ipc.Server$Handler.run(Server.java:2678)
Caused by: org.apache.hadoop.hdfs.server.namenode.SafeModeException: Cannot add block to /myfile1._COPYING_. Name node is in safe mode.
The reported blocks 152 has reached the threshold 0.9990 of total blocks 152. The number of live datanodes 3 has reached the minimum number 0. In safe mode extension. Safe mode will be turned off automatically in 3 seconds. NamenodeHostName:node-0-link-0
	at org.apache.hadoop.hdfs.server.namenode.FSNamesystem.newSafemodeException(FSNamesystem.java:1450)
	at org.apache.hadoop.hdfs.server.namenode.FSNamesystem.checkNameNodeSafeMode(FSNamesystem.java:1437)
	... 14 more
, while invoking ClientNamenodeProtocolTranslatorPB.addBlock over node-0-link-0/10.10.1.1:8020 after 1 failover attempts. Retrying after sleeping for 16819ms.
2019-02-20 14:04:27,098 INFO retry.RetryInvocationHandler: org.apache.hadoop.ipc.RemoteException(org.apache.hadoop.ipc.RetriableException): org.apache.hadoop.hdfs.server.namenode.SafeModeException: Cannot renew lease for DFSClient_NONMAPREDUCE_-1353310157_1. Name node is in safe mode.
The reported blocks 152 has reached the threshold 0.9990 of total blocks 152. The number of live datanodes 3 has reached the minimum number 0. In safe mode extension. Safe mode will be turned off automatically in 1 seconds. NamenodeHostName:node-0-link-0
	at org.apache.hadoop.hdfs.server.namenode.FSNamesystem.checkNameNodeSafeMode(FSNamesystem.java:1441)
	at org.apache.hadoop.hdfs.server.namenode.FSNamesystem.renewLease(FSNamesystem.java:3744)
	at org.apache.hadoop.hdfs.server.namenode.NameNodeRpcServer.renewLease(NameNodeRpcServer.java:1134)
	at org.apache.hadoop.hdfs.protocolPB.ClientNamenodeProtocolServerSideTranslatorPB.renewLease(ClientNamenodeProtocolServerSideTranslatorPB.java:737)
	at org.apache.hadoop.hdfs.protocol.proto.ClientNamenodeProtocolProtos$ClientNamenodeProtocol$2.callBlockingMethod(ClientNamenodeProtocolProtos.java)
	at org.apache.hadoop.ipc.ProtobufRpcEngine$Server$ProtoBufRpcInvoker.call(ProtobufRpcEngine.java:523)
	at org.apache.hadoop.ipc.RPC$Server.call(RPC.java:991)
	at org.apache.hadoop.ipc.Server$RpcCall.run(Server.java:872)
	at org.apache.hadoop.ipc.Server$RpcCall.run(Server.java:818)
	at java.security.AccessController.doPrivileged(Native Method)
	at javax.security.auth.Subject.doAs(Subject.java:422)
	at org.apache.hadoop.security.UserGroupInformation.doAs(UserGroupInformation.java:1729)
	at org.apache.hadoop.ipc.Server$Handler.run(Server.java:2678)
Caused by: org.apache.hadoop.hdfs.server.namenode.SafeModeException: Cannot renew lease for DFSClient_NONMAPREDUCE_-1353310157_1. Name node is in safe mode.
The reported blocks 152 has reached the threshold 0.9990 of total blocks 152. The number of live datanodes 3 has reached the minimum number 0. In safe mode extension. Safe mode will be turned off automatically in 1 seconds. NamenodeHostName:node-0-link-0
	at org.apache.hadoop.hdfs.server.namenode.FSNamesystem.newSafemodeException(FSNamesystem.java:1450)
	at org.apache.hadoop.hdfs.server.namenode.FSNamesystem.checkNameNodeSafeMode(FSNamesystem.java:1437)
	... 12 more
, while invoking ClientNamenodeProtocolTranslatorPB.renewLease over node-0-link-0/10.10.1.1:8020. Retrying after sleeping for 4633ms.
Found 15 items
-rw-r--r--   3 root supergroup 1073741824 2019-02-20 14:04 /myfile1
-rw-r--r--   3 root supergroup 1073741824 2019-02-20 14:03 /myfile10
-rw-r--r--   3 root supergroup 1073741824 2019-02-20 14:04 /myfile12
-rw-r--r--   3 root supergroup 1073741824 2019-02-20 14:00 /myfile13
-rw-r--r--   3 root supergroup 1073741824 2019-02-20 14:03 /myfile14
-rw-r--r--   3 root supergroup 1073741824 2019-02-20 14:04 /myfile15
-rw-r--r--   3 root supergroup 1073741824 2019-02-20 14:00 /myfile17
-rw-r--r--   3 root supergroup 1073741824 2019-02-20 14:03 /myfile18
-rw-r--r--   3 root supergroup 1073741824 2019-02-20 14:01 /myfile19
-rw-r--r--   3 root supergroup 1073741824 2019-02-20 14:00 /myfile4
-rw-r--r--   3 root supergroup 1073741824 2019-02-20 14:04 /myfile5
-rw-r--r--   3 root supergroup 1073741824 2019-02-20 14:03 /myfile6
-rw-r--r--   3 root supergroup 1073741824 2019-02-20 14:00 /myfile7
-rw-r--r--   3 root supergroup 1073741824 2019-02-20 14:00 /myfile8
-rw-r--r--   3 root supergroup 1073741824 2019-02-20 14:04 /myfile9
file 1 has been put into HDFS
file 1 has been read from HDFS for 1 time
diff succeed!
file 1 has been read from HDFS for 2 time
diff succeed!
file 1 has been read from HDFS for 3 time
diff succeed!
file 1 has been read from HDFS for 4 time
diff succeed!
file 1 has been read from HDFS for 5 time
diff succeed!
file 1 has been read from HDFS for 6 time
diff succeed!
file 1 has been read from HDFS for 7 time
diff succeed!
file 1 has been read from HDFS for 8 time
diff succeed!
file 1 has been read from HDFS for 9 time
diff succeed!
file 1 has been read from HDFS for 10 time
diff succeed!
Deleted /myfile1
file 1 has been removed from HDFS
Found 18 items
-rw-r--r--   3 root supergroup 1073741824 2019-02-20 14:08 /myfile1
-rw-r--r--   3 root supergroup 1073741824 2019-02-20 14:08 /myfile10
-rw-r--r--   3 root supergroup 1073741824 2019-02-20 14:05 /myfile11
-rw-r--r--   3 root supergroup 1073741824 2019-02-20 14:04 /myfile12
-rw-r--r--   3 root supergroup 1073741824 2019-02-20 14:06 /myfile13
-rw-r--r--   3 root supergroup 1073741824 2019-02-20 14:07 /myfile14
-rw-r--r--   3 root supergroup 1073741824 2019-02-20 14:04 /myfile16
-rw-r--r--   3 root supergroup 1073741824 2019-02-20 14:06 /myfile17
-rw-r--r--   3 root supergroup 1073741824 2019-02-20 14:07 /myfile18
-rw-r--r--   3 root supergroup 1073741824 2019-02-20 14:06 /myfile19
-rw-r--r--   3 root supergroup 1073741824 2019-02-20 14:04 /myfile2
-rw-r--r--   3 root supergroup 1073741824 2019-02-20 14:04 /myfile20
-rw-r--r--   3 root supergroup 1073741824 2019-02-20 14:05 /myfile3
-rw-r--r--   3 root supergroup 1073741824 2019-02-20 14:05 /myfile4
-rw-r--r--   3 root supergroup  536870912 2019-02-20 14:08 /myfile5._COPYING_
-rw-r--r--   3 root supergroup 1073741824 2019-02-20 14:07 /myfile6
-rw-r--r--   3 root supergroup 1073741824 2019-02-20 14:05 /myfile7
-rw-r--r--   3 root supergroup 1073741824 2019-02-20 14:05 /myfile8
file 1 has been put into HDFS
file 1 has been read from HDFS for 1 time
diff succeed!
file 1 has been read from HDFS for 2 time
diff succeed!
file 1 has been read from HDFS for 3 time
diff succeed!
file 1 has been read from HDFS for 4 time
diff succeed!
file 1 has been read from HDFS for 5 time
diff succeed!
file 1 has been read from HDFS for 6 time
diff succeed!
file 1 has been read from HDFS for 7 time
diff succeed!
file 1 has been read from HDFS for 8 time
diff succeed!
file 1 has been read from HDFS for 9 time
diff succeed!
file 1 has been read from HDFS for 10 time
diff succeed!
Deleted /myfile1
file 1 has been removed from HDFS
Found 17 items
-rw-r--r--   3 root supergroup 1073741824 2019-02-20 14:12 /myfile1
-rw-r--r--   3 root supergroup 1073741824 2019-02-20 14:12 /myfile10
-rw-r--r--   3 root supergroup 1073741824 2019-02-20 14:09 /myfile11
-rw-r--r--   3 root supergroup 1073741824 2019-02-20 14:09 /myfile12
-rw-r--r--   3 root supergroup 1073741824 2019-02-20 14:09 /myfile13
-rw-r--r--   3 root supergroup 1073741824 2019-02-20 14:11 /myfile14
-rw-r--r--   3 root supergroup 1073741824 2019-02-20 14:09 /myfile17
-rw-r--r--   3 root supergroup 1073741824 2019-02-20 14:11 /myfile18
-rw-r--r--   3 root supergroup 1073741824 2019-02-20 14:10 /myfile19
-rw-r--r--   3 root supergroup 1073741824 2019-02-20 14:09 /myfile2
-rw-r--r--   3 root supergroup 1073741824 2019-02-20 14:09 /myfile20
-rw-r--r--   3 root supergroup 1073741824 2019-02-20 14:09 /myfile3
-rw-r--r--   3 root supergroup 1073741824 2019-02-20 14:09 /myfile4
-rw-r--r--   3 root supergroup 1073741824 2019-02-20 14:08 /myfile5
-rw-r--r--   3 root supergroup 1073741824 2019-02-20 14:09 /myfile7
-rw-r--r--   3 root supergroup 1073741824 2019-02-20 14:09 /myfile8
-rw-r--r--   3 root supergroup          0 2019-02-20 14:12 /myfile9._COPYING_
file 1 has been put into HDFS
file 1 has been read from HDFS for 1 time
diff succeed!
file 1 has been read from HDFS for 2 time
diff succeed!
file 1 has been read from HDFS for 3 time
diff succeed!
file 1 has been read from HDFS for 4 time
diff succeed!
file 1 has been read from HDFS for 5 time
diff succeed!
file 1 has been read from HDFS for 6 time
diff succeed!
file 1 has been read from HDFS for 7 time
diff succeed!
file 1 has been read from HDFS for 8 time
diff succeed!
file 1 has been read from HDFS for 9 time
diff succeed!
file 1 has been read from HDFS for 10 time
diff succeed!
Deleted /myfile1
file 1 has been removed from HDFS
Found 17 items
-rw-r--r--   3 root supergroup 1073741824 2019-02-20 14:16 /myfile1
-rw-r--r--   3 root supergroup 1073741824 2019-02-20 14:12 /myfile10
-rw-r--r--   3 root supergroup 1073741824 2019-02-20 14:15 /myfile11
-rw-r--r--   3 root supergroup 1073741824 2019-02-20 14:13 /myfile12
-rw-r--r--   3 root supergroup 1073741824 2019-02-20 14:13 /myfile13
-rw-r--r--   3 root supergroup 1073741824 2019-02-20 14:15 /myfile14
-rw-r--r--   3 root supergroup 1073741824 2019-02-20 14:13 /myfile17
-rw-r--r--   3 root supergroup 1073741824 2019-02-20 14:15 /myfile18
-rw-r--r--   3 root supergroup 1073741824 2019-02-20 14:15 /myfile19
-rw-r--r--   3 root supergroup 1073741824 2019-02-20 14:13 /myfile2
-rw-r--r--   3 root supergroup 1073741824 2019-02-20 14:13 /myfile20
-rw-r--r--   3 root supergroup 1073741824 2019-02-20 14:15 /myfile3
-rw-r--r--   3 root supergroup 1073741824 2019-02-20 14:13 /myfile4
-rw-r--r--   3 root supergroup 1073741824 2019-02-20 14:13 /myfile5
-rw-r--r--   3 root supergroup 1073741824 2019-02-20 14:15 /myfile7
-rw-r--r--   3 root supergroup 1073741824 2019-02-20 14:13 /myfile8
-rw-r--r--   3 root supergroup 1073741824 2019-02-20 14:12 /myfile9
file 1 has been put into HDFS
file 1 has been read from HDFS for 1 time
diff succeed!
file 1 has been read from HDFS for 2 time
diff succeed!
file 1 has been read from HDFS for 3 time
diff succeed!
file 1 has been read from HDFS for 4 time
diff succeed!
file 1 has been read from HDFS for 5 time
diff succeed!
file 1 has been read from HDFS for 6 time
diff succeed!
file 1 has been read from HDFS for 7 time
diff succeed!
file 1 has been read from HDFS for 8 time
diff succeed!
file 1 has been read from HDFS for 9 time
diff succeed!
file 1 has been read from HDFS for 10 time
diff succeed!
Deleted /myfile1
file 1 has been removed from HDFS
Found 20 items
-rw-r--r--   3 root supergroup 1073741824 2019-02-20 14:19 /myfile1
-rw-r--r--   3 root supergroup 1073741824 2019-02-20 14:17 /myfile10
-rw-r--r--   3 root supergroup 1073741824 2019-02-20 14:19 /myfile11
-rw-r--r--   3 root supergroup 1073741824 2019-02-20 14:18 /myfile12
-rw-r--r--   3 root supergroup 1073741824 2019-02-20 14:17 /myfile13
-rw-r--r--   3 root supergroup 1073741824 2019-02-20 14:19 /myfile14
-rw-r--r--   3 root supergroup 1073741824 2019-02-20 14:16 /myfile15
-rw-r--r--   3 root supergroup 1073741824 2019-02-20 14:16 /myfile16
-rw-r--r--   3 root supergroup 1073741824 2019-02-20 14:18 /myfile17
-rw-r--r--   3 root supergroup 1073741824 2019-02-20 14:19 /myfile18
-rw-r--r--   3 root supergroup 1073741824 2019-02-20 14:19 /myfile19
-rw-r--r--   3 root supergroup 1073741824 2019-02-20 14:18 /myfile2
-rw-r--r--   3 root supergroup 1073741824 2019-02-20 14:17 /myfile20
-rw-r--r--   3 root supergroup 1073741824 2019-02-20 14:19 /myfile3
-rw-r--r--   3 root supergroup 1073741824 2019-02-20 14:18 /myfile4
-rw-r--r--   3 root supergroup 1073741824 2019-02-20 14:17 /myfile5
-rw-r--r--   3 root supergroup 1073741824 2019-02-20 14:16 /myfile6
-rw-r--r--   3 root supergroup 1073741824 2019-02-20 14:19 /myfile7
-rw-r--r--   3 root supergroup 1073741824 2019-02-20 14:17 /myfile8
-rw-r--r--   3 root supergroup 1073741824 2019-02-20 14:16 /myfile9
file 1 has been put into HDFS
file 1 has been read from HDFS for 1 time
diff succeed!
file 1 has been read from HDFS for 2 time
diff succeed!
file 1 has been read from HDFS for 3 time
diff succeed!
file 1 has been read from HDFS for 4 time
diff succeed!
file 1 has been read from HDFS for 5 time
diff succeed!
file 1 has been read from HDFS for 6 time
diff succeed!
file 1 has been read from HDFS for 7 time
diff succeed!
file 1 has been read from HDFS for 8 time
diff succeed!
file 1 has been read from HDFS for 9 time
diff succeed!
file 1 has been read from HDFS for 10 time
diff succeed!
Deleted /myfile1
file 1 has been removed from HDFS
Found 20 items
-rw-r--r--   3 root supergroup 1073741824 2019-02-20 14:23 /myfile1
-rw-r--r--   3 root supergroup 1073741824 2019-02-20 14:20 /myfile10
-rw-r--r--   3 root supergroup 1073741824 2019-02-20 14:23 /myfile11
-rw-r--r--   3 root supergroup 1073741824 2019-02-20 14:22 /myfile12
-rw-r--r--   3 root supergroup 1073741824 2019-02-20 14:22 /myfile13
-rw-r--r--   3 root supergroup 1073741824 2019-02-20 14:23 /myfile14
-rw-r--r--   3 root supergroup 1073741824 2019-02-20 14:20 /myfile15
-rw-r--r--   3 root supergroup 1073741824 2019-02-20 14:20 /myfile16
-rw-r--r--   3 root supergroup 1073741824 2019-02-20 14:22 /myfile17
-rw-r--r--   3 root supergroup 1073741824 2019-02-20 14:23 /myfile18
-rw-r--r--   3 root supergroup 1073741824 2019-02-20 14:23 /myfile19
-rw-r--r--   3 root supergroup 1073741824 2019-02-20 14:22 /myfile2
-rw-r--r--   3 root supergroup 1073741824 2019-02-20 14:21 /myfile20
-rw-r--r--   3 root supergroup 1073741824 2019-02-20 14:23 /myfile3
-rw-r--r--   3 root supergroup 1073741824 2019-02-20 14:21 /myfile4
-rw-r--r--   3 root supergroup 1073741824 2019-02-20 14:22 /myfile5
-rw-r--r--   3 root supergroup 1073741824 2019-02-20 14:20 /myfile6
-rw-r--r--   3 root supergroup 1073741824 2019-02-20 14:23 /myfile7
-rw-r--r--   3 root supergroup 1073741824 2019-02-20 14:22 /myfile8
-rw-r--r--   3 root supergroup 1073741824 2019-02-20 14:20 /myfile9
file 1 has been put into HDFS
file 1 has been read from HDFS for 1 time
diff succeed!
file 1 has been read from HDFS for 2 time
diff succeed!
file 1 has been read from HDFS for 3 time
diff succeed!
file 1 has been read from HDFS for 4 time
diff succeed!
file 1 has been read from HDFS for 5 time
diff succeed!
file 1 has been read from HDFS for 6 time
diff succeed!
file 1 has been read from HDFS for 7 time
diff succeed!
file 1 has been read from HDFS for 8 time
diff succeed!
file 1 has been read from HDFS for 9 time
diff succeed!
file 1 has been read from HDFS for 10 time
diff succeed!
Deleted /myfile1
file 1 has been removed from HDFS
Found 20 items
-rw-r--r--   3 root supergroup 1073741824 2019-02-20 14:27 /myfile1
-rw-r--r--   3 root supergroup 1073741824 2019-02-20 14:25 /myfile10
-rw-r--r--   3 root supergroup 1073741824 2019-02-20 14:27 /myfile11
-rw-r--r--   3 root supergroup 1073741824 2019-02-20 14:27 /myfile12
-rw-r--r--   3 root supergroup 1073741824 2019-02-20 14:25 /myfile13
-rw-r--r--   3 root supergroup 1073741824 2019-02-20 14:27 /myfile14
-rw-r--r--   3 root supergroup 1073741824 2019-02-20 14:25 /myfile15
-rw-r--r--   3 root supergroup 1073741824 2019-02-20 14:24 /myfile16
-rw-r--r--   3 root supergroup 1073741824 2019-02-20 14:25 /myfile17
-rw-r--r--   3 root supergroup 1073741824 2019-02-20 14:27 /myfile18
-rw-r--r--   3 root supergroup 1073741824 2019-02-20 14:27 /myfile19
-rw-r--r--   3 root supergroup 1073741824 2019-02-20 14:27 /myfile2
-rw-r--r--   3 root supergroup 1073741824 2019-02-20 14:25 /myfile20
-rw-r--r--   3 root supergroup 1073741824 2019-02-20 14:27 /myfile3
-rw-r--r--   3 root supergroup 1073741824 2019-02-20 14:25 /myfile4
-rw-r--r--   3 root supergroup 1073741824 2019-02-20 14:26 /myfile5
-rw-r--r--   3 root supergroup 1073741824 2019-02-20 14:25 /myfile6
-rw-r--r--   3 root supergroup 1073741824 2019-02-20 14:27 /myfile7
-rw-r--r--   3 root supergroup 1073741824 2019-02-20 14:26 /myfile8
-rw-r--r--   3 root supergroup 1073741824 2019-02-20 14:25 /myfile9
file 1 has been put into HDFS
file 1 has been read from HDFS for 1 time
diff succeed!
file 1 has been read from HDFS for 2 time
diff succeed!
file 1 has been read from HDFS for 3 time
diff succeed!
file 1 has been read from HDFS for 4 time
diff succeed!
file 1 has been read from HDFS for 5 time
diff succeed!
file 1 has been read from HDFS for 6 time
diff succeed!
file 1 has been read from HDFS for 7 time
diff succeed!
file 1 has been read from HDFS for 8 time
diff succeed!
file 1 has been read from HDFS for 9 time
diff succeed!
file 1 has been read from HDFS for 10 time
diff succeed!
Deleted /myfile1
file 1 has been removed from HDFS
Found 19 items
-rw-r--r--   3 root supergroup 1073741824 2019-02-20 14:31 /myfile1
-rw-r--r--   3 root supergroup 1073741824 2019-02-20 14:28 /myfile10
-rw-r--r--   3 root supergroup 1073741824 2019-02-20 14:30 /myfile11
-rw-r--r--   3 root supergroup 1073741824 2019-02-20 14:30 /myfile12
-rw-r--r--   3 root supergroup 1073741824 2019-02-20 14:29 /myfile13
-rw-r--r--   3 root supergroup 1073741824 2019-02-20 14:31 /myfile14
-rw-r--r--   3 root supergroup 1073741824 2019-02-20 14:29 /myfile15
-rw-r--r--   3 root supergroup 1073741824 2019-02-20 14:29 /myfile16
-rw-r--r--   3 root supergroup 1073741824 2019-02-20 14:29 /myfile17
-rw-r--r--   3 root supergroup 1073741824 2019-02-20 14:31 /myfile18
-rw-r--r--   3 root supergroup 1073741824 2019-02-20 14:30 /myfile19
-rw-r--r--   3 root supergroup 1073741824 2019-02-20 14:29 /myfile20
-rw-r--r--   3 root supergroup 1073741824 2019-02-20 14:31 /myfile3
-rw-r--r--   3 root supergroup 1073741824 2019-02-20 14:28 /myfile4
-rw-r--r--   3 root supergroup 1073741824 2019-02-20 14:30 /myfile5
-rw-r--r--   3 root supergroup 1073741824 2019-02-20 14:29 /myfile6
-rw-r--r--   3 root supergroup 1073741824 2019-02-20 14:31 /myfile7
-rw-r--r--   3 root supergroup 1073741824 2019-02-20 14:30 /myfile8
-rw-r--r--   3 root supergroup 1073741824 2019-02-20 14:29 /myfile9
file 1 has been put into HDFS
file 1 has been read from HDFS for 1 time
diff succeed!
file 1 has been read from HDFS for 2 time
diff succeed!
file 1 has been read from HDFS for 3 time
diff succeed!
file 1 has been read from HDFS for 4 time
diff succeed!
file 1 has been read from HDFS for 5 time
diff succeed!
file 1 has been read from HDFS for 6 time
diff succeed!
file 1 has been read from HDFS for 7 time
diff succeed!
file 1 has been read from HDFS for 8 time
diff succeed!
file 1 has been read from HDFS for 9 time
diff succeed!
file 1 has been read from HDFS for 10 time
diff succeed!
Deleted /myfile1
file 1 has been removed from HDFS
Found 20 items
-rw-r--r--   3 root supergroup 1073741824 2019-02-20 14:35 /myfile1
-rw-r--r--   3 root supergroup 1073741824 2019-02-20 14:33 /myfile10
-rw-r--r--   3 root supergroup 1073741824 2019-02-20 14:34 /myfile11
-rw-r--r--   3 root supergroup 1073741824 2019-02-20 14:34 /myfile12
-rw-r--r--   3 root supergroup 1073741824 2019-02-20 14:33 /myfile13
-rw-r--r--   3 root supergroup  402653184 2019-02-20 14:35 /myfile14._COPYING_
-rw-r--r--   3 root supergroup 1073741824 2019-02-20 14:33 /myfile15
-rw-r--r--   3 root supergroup 1073741824 2019-02-20 14:33 /myfile16
-rw-r--r--   3 root supergroup 1073741824 2019-02-20 14:33 /myfile17
-rw-r--r--   3 root supergroup          0 2019-02-20 14:35 /myfile18._COPYING_
-rw-r--r--   3 root supergroup 1073741824 2019-02-20 14:34 /myfile19
-rw-r--r--   3 root supergroup 1073741824 2019-02-20 14:32 /myfile2
-rw-r--r--   3 root supergroup 1073741824 2019-02-20 14:34 /myfile20
-rw-r--r--   3 root supergroup          0 2019-02-20 14:35 /myfile3._COPYING_
-rw-r--r--   3 root supergroup 1073741824 2019-02-20 14:33 /myfile4
-rw-r--r--   3 root supergroup 1073741824 2019-02-20 14:34 /myfile5
-rw-r--r--   3 root supergroup 1073741824 2019-02-20 14:33 /myfile6
-rw-r--r--   3 root supergroup 1073741824 2019-02-20 14:34 /myfile7
-rw-r--r--   3 root supergroup 1073741824 2019-02-20 14:34 /myfile8
-rw-r--r--   3 root supergroup 1073741824 2019-02-20 14:33 /myfile9
file 1 has been put into HDFS
file 1 has been read from HDFS for 1 time
diff succeed!
file 1 has been read from HDFS for 2 time
diff succeed!
sub_benchmark 2 signal TERM catched and let quit gracefully
Deleted /myfile1
file 1 has been removed from HDFS
