Found 20 items
-rw-r--r--   3 root supergroup 1073741824 2019-02-24 07:09 /myfile1
-rw-r--r--   3 root supergroup  939524096 2019-02-24 07:08 /myfile10._COPYING_
-rw-r--r--   3 root supergroup  939524096 2019-02-24 07:08 /myfile11._COPYING_
-rw-r--r--   3 root supergroup 1073741824 2019-02-24 07:09 /myfile12
-rw-r--r--   3 root supergroup 1073741824 2019-02-24 07:09 /myfile13
-rw-r--r--   3 root supergroup 1073741824 2019-02-24 07:09 /myfile14
-rw-r--r--   3 root supergroup 1073741824 2019-02-24 07:09 /myfile15
-rw-r--r--   3 root supergroup 1073741824 2019-02-24 07:09 /myfile16
-rw-r--r--   3 root supergroup 1073741824 2019-02-24 07:09 /myfile17
-rw-r--r--   3 root supergroup  939524096 2019-02-24 07:08 /myfile18._COPYING_
-rw-r--r--   3 root supergroup 1073741824 2019-02-24 07:09 /myfile19
-rw-r--r--   3 root supergroup 1073741824 2019-02-24 07:09 /myfile2
-rw-r--r--   3 root supergroup  939524096 2019-02-24 07:08 /myfile20._COPYING_
-rw-r--r--   3 root supergroup 1073741824 2019-02-24 07:09 /myfile3
-rw-r--r--   3 root supergroup 1073741824 2019-02-24 07:09 /myfile4
-rw-r--r--   3 root supergroup 1073741824 2019-02-24 07:09 /myfile5
-rw-r--r--   3 root supergroup 1073741824 2019-02-24 07:09 /myfile6
-rw-r--r--   3 root supergroup 1073741824 2019-02-24 07:09 /myfile7
-rw-r--r--   3 root supergroup 1073741824 2019-02-24 07:09 /myfile8
-rw-r--r--   3 root supergroup 1073741824 2019-02-24 07:09 /myfile9
file 3 has been put into HDFS
file 3 has been read from HDFS for 1 time
diff succeed!
file 3 has been read from HDFS for 2 time
diff succeed!
file 3 has been read from HDFS for 3 time
diff succeed!
file 3 has been read from HDFS for 4 time
diff succeed!
file 3 has been read from HDFS for 5 time
diff succeed!
file 3 has been read from HDFS for 6 time
diff succeed!
file 3 has been read from HDFS for 7 time
diff succeed!
file 3 has been read from HDFS for 8 time
diff succeed!
file 3 has been read from HDFS for 9 time
diff succeed!
file 3 has been read from HDFS for 10 time
diff succeed!
Deleted /myfile3
file 3 has been removed from HDFS
Found 14 items
-rw-r--r--   3 root supergroup 1073741824 2019-02-24 07:09 /myfile11
-rw-r--r--   3 root supergroup 1073741824 2019-02-24 07:13 /myfile12
-rw-r--r--   3 root supergroup 1073741824 2019-02-24 07:13 /myfile13
-rw-r--r--   3 root supergroup          0 2019-02-24 07:13 /myfile14._COPYING_
-rw-r--r--   3 root supergroup 1073741824 2019-02-24 07:09 /myfile15
-rw-r--r--   3 root supergroup 1073741824 2019-02-24 07:13 /myfile16
-rw-r--r--   3 root supergroup 1073741824 2019-02-24 07:13 /myfile17
-rw-r--r--   3 root supergroup 1073741824 2019-02-24 07:09 /myfile18
-rw-r--r--   3 root supergroup 1073741824 2019-02-24 07:09 /myfile19
-rw-r--r--   3 root supergroup 1073741824 2019-02-24 07:09 /myfile2
-rw-r--r--   3 root supergroup 1073741824 2019-02-24 07:09 /myfile20
-rw-r--r--   3 root supergroup 1073741824 2019-02-24 07:13 /myfile3
-rw-r--r--   3 root supergroup 1073741824 2019-02-24 07:13 /myfile4
-rw-r--r--   3 root supergroup 1073741824 2019-02-24 07:13 /myfile9
file 3 has been put into HDFS
file 3 has been read from HDFS for 1 time
diff succeed!
file 3 has been read from HDFS for 2 time
diff succeed!
file 3 has been read from HDFS for 3 time
diff succeed!
file 3 has been read from HDFS for 4 time
diff succeed!
file 3 has been read from HDFS for 5 time
diff succeed!
file 3 has been read from HDFS for 6 time
diff succeed!
file 3 has been read from HDFS for 7 time
diff succeed!
file 3 has been read from HDFS for 8 time
diff succeed!
file 3 has been read from HDFS for 9 time
diff succeed!
file 3 has been read from HDFS for 10 time
diff succeed!
Deleted /myfile3
file 3 has been removed from HDFS
Found 18 items
-rw-r--r--   3 root supergroup 1073741824 2019-02-24 07:13 /myfile1
-rw-r--r--   3 root supergroup 1073741824 2019-02-24 07:13 /myfile10
-rw-r--r--   3 root supergroup 1073741824 2019-02-24 07:14 /myfile11
-rw-r--r--   3 root supergroup 1073741824 2019-02-24 07:17 /myfile12
-rw-r--r--   3 root supergroup 1073741824 2019-02-24 07:13 /myfile13
-rw-r--r--   3 root supergroup 1073741824 2019-02-24 07:14 /myfile15
-rw-r--r--   3 root supergroup 1073741824 2019-02-24 07:17 /myfile16
-rw-r--r--   3 root supergroup 1073741824 2019-02-24 07:17 /myfile17
-rw-r--r--   3 root supergroup 1073741824 2019-02-24 07:14 /myfile18
-rw-r--r--   3 root supergroup 1073741824 2019-02-24 07:15 /myfile19
-rw-r--r--   3 root supergroup 1073741824 2019-02-24 07:14 /myfile2
-rw-r--r--   3 root supergroup 1073741824 2019-02-24 07:15 /myfile20
-rw-r--r--   3 root supergroup 1073741824 2019-02-24 07:17 /myfile3
-rw-r--r--   3 root supergroup 1073741824 2019-02-24 07:13 /myfile4
-rw-r--r--   3 root supergroup 1073741824 2019-02-24 07:13 /myfile5
-rw-r--r--   3 root supergroup 1073741824 2019-02-24 07:13 /myfile6
-rw-r--r--   3 root supergroup 1073741824 2019-02-24 07:13 /myfile8
-rw-r--r--   3 root supergroup 1073741824 2019-02-24 07:17 /myfile9
file 3 has been put into HDFS
file 3 has been read from HDFS for 1 time
diff succeed!
file 3 has been read from HDFS for 2 time
diff succeed!
file 3 has been read from HDFS for 3 time
diff succeed!
file 3 has been read from HDFS for 4 time
diff succeed!
file 3 has been read from HDFS for 5 time
diff succeed!
file 3 has been read from HDFS for 6 time
diff succeed!
file 3 has been read from HDFS for 7 time
diff succeed!
file 3 has been read from HDFS for 8 time
diff succeed!
file 3 has been read from HDFS for 9 time
diff succeed!
file 3 has been read from HDFS for 10 time
diff succeed!
Deleted /myfile3
file 3 has been removed from HDFS
Found 17 items
-rw-r--r--   3 root supergroup 1073741824 2019-02-24 07:18 /myfile1
-rw-r--r--   3 root supergroup 1073741824 2019-02-24 07:18 /myfile11
-rw-r--r--   3 root supergroup 1073741824 2019-02-24 07:17 /myfile12
-rw-r--r--   3 root supergroup 1073741824 2019-02-24 07:18 /myfile13
-rw-r--r--   3 root supergroup 1073741824 2019-02-24 07:21 /myfile14
-rw-r--r--   3 root supergroup 1073741824 2019-02-24 07:18 /myfile15
-rw-r--r--   3 root supergroup 1073741824 2019-02-24 07:21 /myfile16
-rw-r--r--   3 root supergroup 1073741824 2019-02-24 07:21 /myfile17
-rw-r--r--   3 root supergroup 1073741824 2019-02-24 07:18 /myfile18
-rw-r--r--   3 root supergroup 1073741824 2019-02-24 07:18 /myfile19
-rw-r--r--   3 root supergroup 1073741824 2019-02-24 07:18 /myfile2
-rw-r--r--   3 root supergroup 1073741824 2019-02-24 07:19 /myfile20
-rw-r--r--   3 root supergroup 1073741824 2019-02-24 07:21 /myfile3
-rw-r--r--   3 root supergroup 1073741824 2019-02-24 07:18 /myfile4
-rw-r--r--   3 root supergroup 1073741824 2019-02-24 07:18 /myfile5
-rw-r--r--   3 root supergroup 1073741824 2019-02-24 07:18 /myfile6
-rw-r--r--   3 root supergroup 1073741824 2019-02-24 07:18 /myfile8
file 3 has been put into HDFS
file 3 has been read from HDFS for 1 time
diff succeed!
file 3 has been read from HDFS for 2 time
diff succeed!
file 3 has been read from HDFS for 3 time
diff succeed!
file 3 has been read from HDFS for 4 time
diff succeed!
file 3 has been read from HDFS for 5 time
diff succeed!
file 3 has been read from HDFS for 6 time
diff succeed!
file 3 has been read from HDFS for 7 time
diff succeed!
file 3 has been read from HDFS for 8 time
diff succeed!
file 3 has been read from HDFS for 9 time
diff succeed!
file 3 has been read from HDFS for 10 time
diff succeed!
Deleted /myfile3
file 3 has been removed from HDFS
Found 18 items
-rw-r--r--   3 root supergroup 1073741824 2019-02-24 07:22 /myfile1
-rw-r--r--   3 root supergroup  939524096 2019-02-24 07:26 /myfile10._COPYING_
-rw-r--r--   3 root supergroup 1073741824 2019-02-24 07:23 /myfile11
-rw-r--r--   3 root supergroup 1073741824 2019-02-24 07:26 /myfile13
-rw-r--r--   3 root supergroup 1073741824 2019-02-24 07:25 /myfile14
-rw-r--r--   3 root supergroup 1073741824 2019-02-24 07:22 /myfile15
-rw-r--r--   3 root supergroup 1073741824 2019-02-24 07:25 /myfile16
-rw-r--r--   3 root supergroup 1073741824 2019-02-24 07:25 /myfile17
-rw-r--r--   3 root supergroup 1073741824 2019-02-24 07:22 /myfile18
-rw-r--r--   3 root supergroup 1073741824 2019-02-24 07:22 /myfile19
-rw-r--r--   3 root supergroup 1073741824 2019-02-24 07:22 /myfile2
-rw-r--r--   3 root supergroup 1073741824 2019-02-24 07:24 /myfile20
-rw-r--r--   3 root supergroup 1073741824 2019-02-24 07:26 /myfile3
-rw-r--r--   3 root supergroup 1073741824 2019-02-24 07:22 /myfile4
-rw-r--r--   3 root supergroup  402653184 2019-02-24 07:26 /myfile5._COPYING_
-rw-r--r--   3 root supergroup 1073741824 2019-02-24 07:26 /myfile7
-rw-r--r--   3 root supergroup 1073741824 2019-02-24 07:22 /myfile8
-rw-r--r--   3 root supergroup 1073741824 2019-02-24 07:26 /myfile9
file 3 has been put into HDFS
file 3 has been read from HDFS for 1 time
diff succeed!
file 3 has been read from HDFS for 2 time
diff succeed!
file 3 has been read from HDFS for 3 time
diff succeed!
file 3 has been read from HDFS for 4 time
diff succeed!
file 3 has been read from HDFS for 5 time
diff succeed!
file 3 has been read from HDFS for 6 time
diff succeed!
file 3 has been read from HDFS for 7 time
diff succeed!
file 3 has been read from HDFS for 8 time
diff succeed!
file 3 has been read from HDFS for 9 time
diff succeed!
file 3 has been read from HDFS for 10 time
diff succeed!
Deleted /myfile3
file 3 has been removed from HDFS
Found 19 items
-rw-r--r--   3 root supergroup 1073741824 2019-02-24 07:27 /myfile1
-rw-r--r--   3 root supergroup  268435456 2019-02-24 07:30 /myfile10._COPYING_
-rw-r--r--   3 root supergroup 1073741824 2019-02-24 07:28 /myfile11
-rw-r--r--   3 root supergroup 1073741824 2019-02-24 07:30 /myfile13
-rw-r--r--   3 root supergroup 1073741824 2019-02-24 07:29 /myfile14
-rw-r--r--   3 root supergroup 1073741824 2019-02-24 07:27 /myfile15
-rw-r--r--   3 root supergroup 1073741824 2019-02-24 07:29 /myfile16
-rw-r--r--   3 root supergroup 1073741824 2019-02-24 07:29 /myfile17
-rw-r--r--   3 root supergroup 1073741824 2019-02-24 07:27 /myfile18
-rw-r--r--   3 root supergroup 1073741824 2019-02-24 07:28 /myfile19
-rw-r--r--   3 root supergroup 1073741824 2019-02-24 07:26 /myfile2
-rw-r--r--   3 root supergroup 1073741824 2019-02-24 07:28 /myfile20
-rw-r--r--   3 root supergroup 1073741824 2019-02-24 07:30 /myfile3
-rw-r--r--   3 root supergroup 1073741824 2019-02-24 07:27 /myfile4
-rw-r--r--   3 root supergroup 1073741824 2019-02-24 07:26 /myfile5
-rw-r--r--   3 root supergroup 1073741824 2019-02-24 07:26 /myfile6
-rw-r--r--   3 root supergroup 1073741824 2019-02-24 07:26 /myfile7
-rw-r--r--   3 root supergroup 1073741824 2019-02-24 07:28 /myfile8
-rw-r--r--   3 root supergroup  939524096 2019-02-24 07:30 /myfile9._COPYING_
file 3 has been put into HDFS
file 3 has been read from HDFS for 1 time
diff succeed!
file 3 has been read from HDFS for 2 time
diff succeed!
file 3 has been read from HDFS for 3 time
diff succeed!
file 3 has been read from HDFS for 4 time
diff succeed!
2019-02-24 07:31:53,910 INFO retry.RetryInvocationHandler: java.net.ConnectException: Call From clnode076.clemson.cloudlab.us/130.127.133.85 to node-1-link-0:8020 failed on connection exception: java.net.ConnectException: Connection refused; For more details see:  http://wiki.apache.org/hadoop/ConnectionRefused, while invoking ClientNamenodeProtocolTranslatorPB.getFileInfo over node-1-link-0/10.10.1.4:8020 after 1 failover attempts. Trying to failover after sleeping for 1302ms.
file 3 has been read from HDFS for 5 time
diff succeed!
file 3 has been read from HDFS for 6 time
diff succeed!
file 3 has been read from HDFS for 7 time
diff succeed!
file 3 has been read from HDFS for 8 time
diff succeed!
file 3 has been read from HDFS for 9 time
diff succeed!
file 3 has been read from HDFS for 10 time
diff succeed!
Deleted /myfile3
file 3 has been removed from HDFS
Found 18 items
-rw-r--r--   3 root supergroup 1073741824 2019-02-24 07:31 /myfile1
-rw-r--r--   3 root supergroup 1073741824 2019-02-24 07:34 /myfile10
-rw-r--r--   3 root supergroup 1073741824 2019-02-24 07:33 /myfile11
-rw-r--r--   3 root supergroup 1073741824 2019-02-24 07:33 /myfile13
-rw-r--r--   3 root supergroup 1073741824 2019-02-24 07:33 /myfile14
-rw-r--r--   3 root supergroup 1073741824 2019-02-24 07:32 /myfile15
-rw-r--r--   3 root supergroup 1073741824 2019-02-24 07:33 /myfile16
-rw-r--r--   3 root supergroup 1073741824 2019-02-24 07:33 /myfile17
-rw-r--r--   3 root supergroup 1073741824 2019-02-24 07:31 /myfile18
-rw-r--r--   3 root supergroup 1073741824 2019-02-24 07:32 /myfile19
-rw-r--r--   3 root supergroup 1073741824 2019-02-24 07:31 /myfile2
-rw-r--r--   3 root supergroup 1073741824 2019-02-24 07:32 /myfile20
-rw-r--r--   3 root supergroup 1073741824 2019-02-24 07:34 /myfile3
-rw-r--r--   3 root supergroup 1073741824 2019-02-24 07:32 /myfile4
-rw-r--r--   3 root supergroup 1073741824 2019-02-24 07:31 /myfile5
-rw-r--r--   3 root supergroup 1073741824 2019-02-24 07:31 /myfile7
-rw-r--r--   3 root supergroup 1073741824 2019-02-24 07:32 /myfile8
-rw-r--r--   3 root supergroup 1073741824 2019-02-24 07:34 /myfile9
file 3 has been put into HDFS
file 3 has been read from HDFS for 1 time
diff succeed!
file 3 has been read from HDFS for 2 time
diff succeed!
file 3 has been read from HDFS for 3 time
diff succeed!
file 3 has been read from HDFS for 4 time
diff succeed!
file 3 has been read from HDFS for 5 time
diff succeed!
file 3 has been read from HDFS for 6 time
diff succeed!
file 3 has been read from HDFS for 7 time
diff succeed!
file 3 has been read from HDFS for 8 time
diff succeed!
file 3 has been read from HDFS for 9 time
diff succeed!
file 3 has been read from HDFS for 10 time
diff succeed!
Deleted /myfile3
file 3 has been removed from HDFS
Found 18 items
-rw-r--r--   3 root supergroup 1073741824 2019-02-24 07:35 /myfile1
-rw-r--r--   3 root supergroup 1073741824 2019-02-24 07:34 /myfile10
-rw-r--r--   3 root supergroup 1073741824 2019-02-24 07:37 /myfile11
-rw-r--r--   3 root supergroup 1073741824 2019-02-24 07:37 /myfile13
-rw-r--r--   3 root supergroup 1073741824 2019-02-24 07:37 /myfile14
-rw-r--r--   3 root supergroup 1073741824 2019-02-24 07:36 /myfile15
-rw-r--r--   3 root supergroup 1073741824 2019-02-24 07:37 /myfile16
-rw-r--r--   3 root supergroup 1073741824 2019-02-24 07:37 /myfile17
-rw-r--r--   3 root supergroup 1073741824 2019-02-24 07:35 /myfile18
-rw-r--r--   3 root supergroup 1073741824 2019-02-24 07:36 /myfile19
-rw-r--r--   3 root supergroup 1073741824 2019-02-24 07:35 /myfile2
-rw-r--r--   3 root supergroup 1073741824 2019-02-24 07:36 /myfile20
-rw-r--r--   3 root supergroup 1073741824 2019-02-24 07:38 /myfile3
-rw-r--r--   3 root supergroup 1073741824 2019-02-24 07:36 /myfile4
-rw-r--r--   3 root supergroup 1073741824 2019-02-24 07:35 /myfile5
-rw-r--r--   3 root supergroup 1073741824 2019-02-24 07:35 /myfile7
-rw-r--r--   3 root supergroup 1073741824 2019-02-24 07:35 /myfile8
-rw-r--r--   3 root supergroup 1073741824 2019-02-24 07:38 /myfile9
file 3 has been put into HDFS
file 3 has been read from HDFS for 1 time
diff succeed!
file 3 has been read from HDFS for 2 time
diff succeed!
file 3 has been read from HDFS for 3 time
diff succeed!
file 3 has been read from HDFS for 4 time
diff succeed!
file 3 has been read from HDFS for 5 time
diff succeed!
file 3 has been read from HDFS for 6 time
diff succeed!
file 3 has been read from HDFS for 7 time
diff succeed!
file 3 has been read from HDFS for 8 time
diff succeed!
file 3 has been read from HDFS for 9 time
diff succeed!
file 3 has been read from HDFS for 10 time
diff succeed!
Deleted /myfile3
file 3 has been removed from HDFS
Found 19 items
-rw-r--r--   3 root supergroup 1073741824 2019-02-24 07:39 /myfile1
-rw-r--r--   3 root supergroup 1073741824 2019-02-24 07:39 /myfile10
-rw-r--r--   3 root supergroup 1073741824 2019-02-24 07:41 /myfile11
-rw-r--r--   3 root supergroup 1073741824 2019-02-24 07:41 /myfile13
-rw-r--r--   3 root supergroup 1073741824 2019-02-24 07:41 /myfile14
-rw-r--r--   3 root supergroup 1073741824 2019-02-24 07:40 /myfile15
-rw-r--r--   3 root supergroup 1073741824 2019-02-24 07:41 /myfile16
-rw-r--r--   3 root supergroup 1073741824 2019-02-24 07:41 /myfile17
-rw-r--r--   3 root supergroup 1073741824 2019-02-24 07:39 /myfile18
-rw-r--r--   3 root supergroup 1073741824 2019-02-24 07:41 /myfile19
-rw-r--r--   3 root supergroup 1073741824 2019-02-24 07:40 /myfile2
-rw-r--r--   3 root supergroup 1073741824 2019-02-24 07:41 /myfile20
-rw-r--r--   3 root supergroup 1073741824 2019-02-24 07:42 /myfile3
-rw-r--r--   3 root supergroup 1073741824 2019-02-24 07:40 /myfile4
-rw-r--r--   3 root supergroup 1073741824 2019-02-24 07:39 /myfile5
-rw-r--r--   3 root supergroup 1073741824 2019-02-24 07:38 /myfile6
-rw-r--r--   3 root supergroup 1073741824 2019-02-24 07:39 /myfile7
-rw-r--r--   3 root supergroup 1073741824 2019-02-24 07:39 /myfile8
-rw-r--r--   3 root supergroup 1073741824 2019-02-24 07:42 /myfile9
file 3 has been put into HDFS
file 3 has been read from HDFS for 1 time
diff succeed!
file 3 has been read from HDFS for 2 time
diff succeed!
file 3 has been read from HDFS for 3 time
diff succeed!
file 3 has been read from HDFS for 4 time
diff succeed!
file 3 has been read from HDFS for 5 time
diff succeed!
file 3 has been read from HDFS for 6 time
diff succeed!
file 3 has been read from HDFS for 7 time
diff succeed!
file 3 has been read from HDFS for 8 time
diff succeed!
file 3 has been read from HDFS for 9 time
diff succeed!
file 3 has been read from HDFS for 10 time
diff succeed!
Deleted /myfile3
file 3 has been removed from HDFS
Found 20 items
-rw-r--r--   3 root supergroup 1073741824 2019-02-24 07:43 /myfile1
-rw-r--r--   3 root supergroup 1073741824 2019-02-24 07:43 /myfile10
-rw-r--r--   3 root supergroup 1073741824 2019-02-24 07:46 /myfile11
-rw-r--r--   3 root supergroup 1073741824 2019-02-24 07:42 /myfile12
-rw-r--r--   3 root supergroup 1073741824 2019-02-24 07:46 /myfile13
-rw-r--r--   3 root supergroup 1073741824 2019-02-24 07:45 /myfile14
-rw-r--r--   3 root supergroup 1073741824 2019-02-24 07:44 /myfile15
-rw-r--r--   3 root supergroup 1073741824 2019-02-24 07:45 /myfile16
-rw-r--r--   3 root supergroup 1073741824 2019-02-24 07:44 /myfile17
-rw-r--r--   3 root supergroup 1073741824 2019-02-24 07:44 /myfile18
-rw-r--r--   3 root supergroup 1073741824 2019-02-24 07:44 /myfile19
-rw-r--r--   3 root supergroup 1073741824 2019-02-24 07:44 /myfile2
-rw-r--r--   3 root supergroup 1073741824 2019-02-24 07:45 /myfile20
-rw-r--r--   3 root supergroup 1073741824 2019-02-24 07:46 /myfile3
-rw-r--r--   3 root supergroup 1073741824 2019-02-24 07:44 /myfile4
-rw-r--r--   3 root supergroup 1073741824 2019-02-24 07:43 /myfile5
-rw-r--r--   3 root supergroup 1073741824 2019-02-24 07:43 /myfile6
-rw-r--r--   3 root supergroup 1073741824 2019-02-24 07:43 /myfile7
-rw-r--r--   3 root supergroup 1073741824 2019-02-24 07:43 /myfile8
-rw-r--r--   3 root supergroup 1073741824 2019-02-24 07:46 /myfile9
file 3 has been put into HDFS
file 3 has been read from HDFS for 1 time
diff succeed!
file 3 has been read from HDFS for 2 time
diff succeed!
file 3 has been read from HDFS for 3 time
diff succeed!
file 3 has been read from HDFS for 4 time
diff succeed!
file 3 has been read from HDFS for 5 time
diff succeed!
file 3 has been read from HDFS for 6 time
diff succeed!
file 3 has been read from HDFS for 7 time
diff succeed!
file 3 has been read from HDFS for 8 time
diff succeed!
file 3 has been read from HDFS for 9 time
diff succeed!
file 3 has been read from HDFS for 10 time
diff succeed!
Deleted /myfile3
file 3 has been removed from HDFS
Found 19 items
-rw-r--r--   3 root supergroup 1073741824 2019-02-24 07:47 /myfile1
-rw-r--r--   3 root supergroup 1073741824 2019-02-24 07:47 /myfile10
-rw-r--r--   3 root supergroup 1073741824 2019-02-24 07:46 /myfile11
-rw-r--r--   3 root supergroup 1073741824 2019-02-24 07:46 /myfile12
-rw-r--r--   3 root supergroup 1073741824 2019-02-24 07:49 /myfile13
-rw-r--r--   3 root supergroup 1073741824 2019-02-24 07:48 /myfile15
-rw-r--r--   3 root supergroup 1073741824 2019-02-24 07:50 /myfile16
-rw-r--r--   3 root supergroup 1073741824 2019-02-24 07:48 /myfile17
-rw-r--r--   3 root supergroup 1073741824 2019-02-24 07:48 /myfile18
-rw-r--r--   3 root supergroup 1073741824 2019-02-24 07:48 /myfile19
-rw-r--r--   3 root supergroup 1073741824 2019-02-24 07:48 /myfile2
-rw-r--r--   3 root supergroup 1073741824 2019-02-24 07:49 /myfile20
-rw-r--r--   3 root supergroup 1073741824 2019-02-24 07:50 /myfile3
-rw-r--r--   3 root supergroup 1073741824 2019-02-24 07:49 /myfile4
-rw-r--r--   3 root supergroup 1073741824 2019-02-24 07:47 /myfile5
-rw-r--r--   3 root supergroup 1073741824 2019-02-24 07:47 /myfile6
-rw-r--r--   3 root supergroup 1073741824 2019-02-24 07:47 /myfile7
-rw-r--r--   3 root supergroup 1073741824 2019-02-24 07:47 /myfile8
-rw-r--r--   3 root supergroup 1073741824 2019-02-24 07:50 /myfile9
file 3 has been put into HDFS
file 3 has been read from HDFS for 1 time
diff succeed!
file 3 has been read from HDFS for 2 time
diff succeed!
file 3 has been read from HDFS for 3 time
diff succeed!
file 3 has been read from HDFS for 4 time
diff succeed!
file 3 has been read from HDFS for 5 time
diff succeed!
file 3 has been read from HDFS for 6 time
diff succeed!
file 3 has been read from HDFS for 7 time
diff succeed!
file 3 has been read from HDFS for 8 time
diff succeed!
file 3 has been read from HDFS for 9 time
diff succeed!
file 3 has been read from HDFS for 10 time
diff succeed!
Deleted /myfile3
file 3 has been removed from HDFS
Found 19 items
-rw-r--r--   3 root supergroup 1073741824 2019-02-24 07:51 /myfile1
-rw-r--r--   3 root supergroup 1073741824 2019-02-24 07:52 /myfile10
-rw-r--r--   3 root supergroup 1073741824 2019-02-24 07:51 /myfile11
-rw-r--r--   3 root supergroup 1073741824 2019-02-24 07:51 /myfile12
-rw-r--r--   3 root supergroup 1073741824 2019-02-24 07:53 /myfile13
-rw-r--r--   3 root supergroup 1073741824 2019-02-24 07:52 /myfile15
-rw-r--r--   3 root supergroup 1073741824 2019-02-24 07:50 /myfile16
-rw-r--r--   3 root supergroup 1073741824 2019-02-24 07:53 /myfile17
-rw-r--r--   3 root supergroup 1073741824 2019-02-24 07:52 /myfile18
-rw-r--r--   3 root supergroup 1073741824 2019-02-24 07:52 /myfile19
-rw-r--r--   3 root supergroup 1073741824 2019-02-24 07:52 /myfile2
-rw-r--r--   3 root supergroup 1073741824 2019-02-24 07:53 /myfile20
-rw-r--r--   3 root supergroup 1073741824 2019-02-24 07:53 /myfile3
-rw-r--r--   3 root supergroup 1073741824 2019-02-24 07:53 /myfile4
-rw-r--r--   3 root supergroup 1073741824 2019-02-24 07:51 /myfile5
-rw-r--r--   3 root supergroup 1073741824 2019-02-24 07:52 /myfile6
-rw-r--r--   3 root supergroup 1073741824 2019-02-24 07:51 /myfile7
-rw-r--r--   3 root supergroup 1073741824 2019-02-24 07:52 /myfile8
-rw-r--r--   3 root supergroup 1073741824 2019-02-24 07:50 /myfile9
sub_benchmark 10 signal TERM catched and let quit gracefully
file 3 has been put into HDFS
file 3 has been read from HDFS for 1 time
diff succeed!
Deleted /myfile3
file 3 has been removed from HDFS
