Found 20 items
-rw-r--r--   3 root supergroup 1073741824 2019-02-20 12:37 /myfile1
-rw-r--r--   3 root supergroup 1073741824 2019-02-20 12:37 /myfile10
-rw-r--r--   3 root supergroup 1073741824 2019-02-20 12:37 /myfile11
-rw-r--r--   3 root supergroup  939524096 2019-02-20 12:37 /myfile12._COPYING_
-rw-r--r--   3 root supergroup 1073741824 2019-02-20 12:37 /myfile13
-rw-r--r--   3 root supergroup 1073741824 2019-02-20 12:37 /myfile14
-rw-r--r--   3 root supergroup 1073741824 2019-02-20 12:37 /myfile15
-rw-r--r--   3 root supergroup  939524096 2019-02-20 12:37 /myfile16._COPYING_
-rw-r--r--   3 root supergroup  939524096 2019-02-20 12:37 /myfile17._COPYING_
-rw-r--r--   3 root supergroup 1073741824 2019-02-20 12:37 /myfile18
-rw-r--r--   3 root supergroup 1073741824 2019-02-20 12:37 /myfile19
-rw-r--r--   3 root supergroup 1073741824 2019-02-20 12:37 /myfile2
-rw-r--r--   3 root supergroup 1073741824 2019-02-20 12:37 /myfile20
-rw-r--r--   3 root supergroup 1073741824 2019-02-20 12:37 /myfile3
-rw-r--r--   3 root supergroup 1073741824 2019-02-20 12:37 /myfile4
-rw-r--r--   3 root supergroup 1073741824 2019-02-20 12:37 /myfile5
-rw-r--r--   3 root supergroup 1073741824 2019-02-20 12:37 /myfile6
-rw-r--r--   3 root supergroup  939524096 2019-02-20 12:37 /myfile7._COPYING_
-rw-r--r--   3 root supergroup 1073741824 2019-02-20 12:37 /myfile8
-rw-r--r--   3 root supergroup 1073741824 2019-02-20 12:37 /myfile9
file 10 has been put into HDFS
file 10 has been read from HDFS for 1 time
diff succeed!
file 10 has been read from HDFS for 2 time
diff succeed!
file 10 has been read from HDFS for 3 time
diff succeed!
file 10 has been read from HDFS for 4 time
diff succeed!
file 10 has been read from HDFS for 5 time
diff succeed!
file 10 has been read from HDFS for 6 time
diff succeed!
file 10 has been read from HDFS for 7 time
diff succeed!
file 10 has been read from HDFS for 8 time
diff succeed!
file 10 has been read from HDFS for 9 time
diff succeed!
file 10 has been read from HDFS for 10 time
diff succeed!
Deleted /myfile10
file 10 has been removed from HDFS
Found 20 items
-rw-r--r--   3 root supergroup  805306368 2019-02-20 12:42 /myfile1._COPYING_
-rw-r--r--   3 root supergroup 1073741824 2019-02-20 12:42 /myfile10
-rw-r--r--   3 root supergroup 1073741824 2019-02-20 12:42 /myfile11
-rw-r--r--   3 root supergroup  805306368 2019-02-20 12:42 /myfile12._COPYING_
-rw-r--r--   3 root supergroup 1073741824 2019-02-20 12:42 /myfile13
-rw-r--r--   3 root supergroup  939524096 2019-02-20 12:41 /myfile14._COPYING_
-rw-r--r--   3 root supergroup  939524096 2019-02-20 12:41 /myfile15._COPYING_
-rw-r--r--   3 root supergroup  939524096 2019-02-20 12:42 /myfile16._COPYING_
-rw-r--r--   3 root supergroup  671088640 2019-02-20 12:42 /myfile17._COPYING_
-rw-r--r--   3 root supergroup 1073741824 2019-02-20 12:42 /myfile18
-rw-r--r--   3 root supergroup 1073741824 2019-02-20 12:42 /myfile19
-rw-r--r--   3 root supergroup 1073741824 2019-02-20 12:42 /myfile2
-rw-r--r--   3 root supergroup  939524096 2019-02-20 12:41 /myfile20._COPYING_
-rw-r--r--   3 root supergroup  939524096 2019-02-20 12:41 /myfile3._COPYING_
-rw-r--r--   3 root supergroup  939524096 2019-02-20 12:41 /myfile4._COPYING_
-rw-r--r--   3 root supergroup  805306368 2019-02-20 12:42 /myfile5._COPYING_
-rw-r--r--   3 root supergroup 1073741824 2019-02-20 12:42 /myfile6
-rw-r--r--   3 root supergroup  939524096 2019-02-20 12:41 /myfile7._COPYING_
-rw-r--r--   3 root supergroup  939524096 2019-02-20 12:41 /myfile8._COPYING_
-rw-r--r--   3 root supergroup  805306368 2019-02-20 12:42 /myfile9._COPYING_
file 10 has been put into HDFS
file 10 has been read from HDFS for 1 time
diff succeed!
file 10 has been read from HDFS for 2 time
diff succeed!
file 10 has been read from HDFS for 3 time
diff succeed!
file 10 has been read from HDFS for 4 time
diff succeed!
file 10 has been read from HDFS for 5 time
diff succeed!
file 10 has been read from HDFS for 6 time
diff succeed!
file 10 has been read from HDFS for 7 time
diff succeed!
file 10 has been read from HDFS for 8 time
diff succeed!
file 10 has been read from HDFS for 9 time
diff succeed!
file 10 has been read from HDFS for 10 time
diff succeed!
Deleted /myfile10
file 10 has been removed from HDFS
Found 19 items
-rw-r--r--   3 root supergroup 1073741824 2019-02-20 12:47 /myfile1
-rw-r--r--   3 root supergroup 1073741824 2019-02-20 12:47 /myfile10
-rw-r--r--   3 root supergroup 1073741824 2019-02-20 12:47 /myfile12
-rw-r--r--   3 root supergroup 1073741824 2019-02-20 12:42 /myfile13
-rw-r--r--   3 root supergroup 1073741824 2019-02-20 12:47 /myfile14
-rw-r--r--   3 root supergroup  939524096 2019-02-20 12:46 /myfile15._COPYING_
-rw-r--r--   3 root supergroup 1073741824 2019-02-20 12:47 /myfile16
-rw-r--r--   3 root supergroup  939524096 2019-02-20 12:46 /myfile17._COPYING_
-rw-r--r--   3 root supergroup 1073741824 2019-02-20 12:47 /myfile18
-rw-r--r--   3 root supergroup 1073741824 2019-02-20 12:47 /myfile19
-rw-r--r--   3 root supergroup 1073741824 2019-02-20 12:42 /myfile2
-rw-r--r--   3 root supergroup 1073741824 2019-02-20 12:47 /myfile20
-rw-r--r--   3 root supergroup 1073741824 2019-02-20 12:47 /myfile3
-rw-r--r--   3 root supergroup 1073741824 2019-02-20 12:47 /myfile4
-rw-r--r--   3 root supergroup  805306368 2019-02-20 12:46 /myfile5._COPYING_
-rw-r--r--   3 root supergroup 1073741824 2019-02-20 12:42 /myfile6
-rw-r--r--   3 root supergroup 1073741824 2019-02-20 12:47 /myfile7
-rw-r--r--   3 root supergroup 1073741824 2019-02-20 12:47 /myfile8
-rw-r--r--   3 root supergroup 1073741824 2019-02-20 12:47 /myfile9
file 10 has been put into HDFS
file 10 has been read from HDFS for 1 time
diff succeed!
file 10 has been read from HDFS for 2 time
diff succeed!
file 10 has been read from HDFS for 3 time
diff succeed!
file 10 has been read from HDFS for 4 time
diff succeed!
file 10 has been read from HDFS for 5 time
diff succeed!
file 10 has been read from HDFS for 6 time
diff succeed!
file 10 has been read from HDFS for 7 time
diff succeed!
file 10 has been read from HDFS for 8 time
diff succeed!
file 10 has been read from HDFS for 9 time
diff succeed!
file 10 has been read from HDFS for 10 time
diff succeed!
Deleted /myfile10
file 10 has been removed from HDFS
Found 20 items
-rw-r--r--   3 root supergroup 1073741824 2019-02-20 12:51 /myfile1
-rw-r--r--   3 root supergroup 1073741824 2019-02-20 12:52 /myfile10
-rw-r--r--   3 root supergroup 1073741824 2019-02-20 12:48 /myfile11
-rw-r--r--   3 root supergroup 1073741824 2019-02-20 12:47 /myfile12
-rw-r--r--   3 root supergroup 1073741824 2019-02-20 12:48 /myfile13
-rw-r--r--   3 root supergroup 1073741824 2019-02-20 12:51 /myfile14
-rw-r--r--   3 root supergroup 1073741824 2019-02-20 12:51 /myfile15
-rw-r--r--   3 root supergroup 1073741824 2019-02-20 12:47 /myfile16
-rw-r--r--   3 root supergroup  805306368 2019-02-20 12:51 /myfile17._COPYING_
-rw-r--r--   3 root supergroup 1073741824 2019-02-20 12:51 /myfile18
-rw-r--r--   3 root supergroup 1073741824 2019-02-20 12:47 /myfile19
-rw-r--r--   3 root supergroup 1073741824 2019-02-20 12:48 /myfile2
-rw-r--r--   3 root supergroup 1073741824 2019-02-20 12:51 /myfile20
-rw-r--r--   3 root supergroup 1073741824 2019-02-20 12:47 /myfile3
-rw-r--r--   3 root supergroup 1073741824 2019-02-20 12:47 /myfile4
-rw-r--r--   3 root supergroup 1073741824 2019-02-20 12:51 /myfile5
-rw-r--r--   3 root supergroup 1073741824 2019-02-20 12:48 /myfile6
-rw-r--r--   3 root supergroup 1073741824 2019-02-20 12:51 /myfile7
-rw-r--r--   3 root supergroup 1073741824 2019-02-20 12:47 /myfile8
-rw-r--r--   3 root supergroup 1073741824 2019-02-20 12:47 /myfile9
file 10 has been put into HDFS
file 10 has been read from HDFS for 1 time
diff succeed!
file 10 has been read from HDFS for 2 time
diff succeed!
file 10 has been read from HDFS for 3 time
diff succeed!
file 10 has been read from HDFS for 4 time
diff succeed!
file 10 has been read from HDFS for 5 time
diff succeed!
file 10 has been read from HDFS for 6 time
diff succeed!
file 10 has been read from HDFS for 7 time
diff succeed!
file 10 has been read from HDFS for 8 time
diff succeed!
file 10 has been read from HDFS for 9 time
diff succeed!
file 10 has been read from HDFS for 10 time
diff succeed!
Deleted /myfile10
file 10 has been removed from HDFS
Found 18 items
-rw-r--r--   3 root supergroup 1073741824 2019-02-20 12:56 /myfile1
-rw-r--r--   3 root supergroup 1073741824 2019-02-20 12:59 /myfile10
-rw-r--r--   3 root supergroup 1073741824 2019-02-20 12:57 /myfile11
-rw-r--r--   3 root supergroup 1073741824 2019-02-20 12:55 /myfile12
-rw-r--r--   3 root supergroup 1073741824 2019-02-20 12:57 /myfile13
-rw-r--r--   3 root supergroup 1073741824 2019-02-20 12:57 /myfile14
-rw-r--r--   3 root supergroup 1073741824 2019-02-20 12:57 /myfile15
-rw-r--r--   3 root supergroup 1073741824 2019-02-20 12:54 /myfile16
-rw-r--r--   3 root supergroup 1073741824 2019-02-20 12:57 /myfile17
-rw-r--r--   3 root supergroup 1073741824 2019-02-20 12:57 /myfile18
-rw-r--r--   3 root supergroup 1073741824 2019-02-20 12:55 /myfile19
-rw-r--r--   3 root supergroup 1073741824 2019-02-20 12:58 /myfile2
-rw-r--r--   3 root supergroup 1073741824 2019-02-20 12:57 /myfile20
-rw-r--r--   3 root supergroup 1073741824 2019-02-20 12:53 /myfile4
-rw-r--r--   3 root supergroup 1073741824 2019-02-20 12:56 /myfile5
-rw-r--r--   3 root supergroup 1073741824 2019-02-20 12:59 /myfile6
-rw-r--r--   3 root supergroup 1073741824 2019-02-20 12:56 /myfile7
-rw-r--r--   3 root supergroup  134217728 2019-02-20 12:59 /myfile9._COPYING_
file 10 has been put into HDFS
file 10 has been read from HDFS for 1 time
diff succeed!
file 10 has been read from HDFS for 2 time
diff succeed!
file 10 has been read from HDFS for 3 time
diff succeed!
file 10 has been read from HDFS for 4 time
diff succeed!
file 10 has been read from HDFS for 5 time
diff succeed!
file 10 has been read from HDFS for 6 time
diff succeed!
file 10 has been read from HDFS for 7 time
diff succeed!
file 10 has been read from HDFS for 8 time
diff succeed!
file 10 has been read from HDFS for 9 time
diff succeed!
file 10 has been read from HDFS for 10 time
diff succeed!
Deleted /myfile10
file 10 has been removed from HDFS
Found 19 items
-rw-r--r--   3 root supergroup 1073741824 2019-02-20 13:02 /myfile1
-rw-r--r--   3 root supergroup 1073741824 2019-02-20 13:04 /myfile10
-rw-r--r--   3 root supergroup 1073741824 2019-02-20 13:02 /myfile11
-rw-r--r--   3 root supergroup 1073741824 2019-02-20 13:01 /myfile12
-rw-r--r--   3 root supergroup 1073741824 2019-02-20 13:02 /myfile13
-rw-r--r--   3 root supergroup 1073741824 2019-02-20 13:02 /myfile14
-rw-r--r--   3 root supergroup 1073741824 2019-02-20 13:01 /myfile15
-rw-r--r--   3 root supergroup 1073741824 2019-02-20 13:00 /myfile16
-rw-r--r--   3 root supergroup 1073741824 2019-02-20 13:01 /myfile17
-rw-r--r--   3 root supergroup 1073741824 2019-02-20 13:01 /myfile19
-rw-r--r--   3 root supergroup 1073741824 2019-02-20 13:04 /myfile2
-rw-r--r--   3 root supergroup 1073741824 2019-02-20 13:03 /myfile20
-rw-r--r--   3 root supergroup 1073741824 2019-02-20 13:03 /myfile3
-rw-r--r--   3 root supergroup 1073741824 2019-02-20 12:59 /myfile4
-rw-r--r--   3 root supergroup 1073741824 2019-02-20 13:00 /myfile5
-rw-r--r--   3 root supergroup  939524096 2019-02-20 13:04 /myfile6._COPYING_
-rw-r--r--   3 root supergroup 1073741824 2019-02-20 13:03 /myfile7
-rw-r--r--   3 root supergroup 1073741824 2019-02-20 12:59 /myfile8
-rw-r--r--   3 root supergroup 1073741824 2019-02-20 13:03 /myfile9
file 10 has been put into HDFS
file 10 has been read from HDFS for 1 time
diff succeed!
file 10 has been read from HDFS for 2 time
diff succeed!
file 10 has been read from HDFS for 3 time
diff succeed!
file 10 has been read from HDFS for 4 time
diff succeed!
file 10 has been read from HDFS for 5 time
diff succeed!
file 10 has been read from HDFS for 6 time
diff succeed!
file 10 has been read from HDFS for 7 time
diff succeed!
file 10 has been read from HDFS for 8 time
diff succeed!
file 10 has been read from HDFS for 9 time
diff succeed!
file 10 has been read from HDFS for 10 time
diff succeed!
Deleted /myfile10
file 10 has been removed from HDFS
2019-02-20 13:11:28,047 INFO retry.RetryInvocationHandler: org.apache.hadoop.ipc.RemoteException(org.apache.hadoop.ipc.StandbyException): Operation category READ is not supported in state standby. Visit https://s.apache.org/sbnn-error
	at org.apache.hadoop.hdfs.server.namenode.ha.StandbyState.checkOperation(StandbyState.java:88)
	at org.apache.hadoop.hdfs.server.namenode.NameNode$NameNodeHAContext.checkOperation(NameNode.java:1952)
	at org.apache.hadoop.hdfs.server.namenode.FSNamesystem.checkOperation(FSNamesystem.java:1423)
	at org.apache.hadoop.hdfs.server.namenode.FSNamesystem.getFileInfo(FSNamesystem.java:3085)
	at org.apache.hadoop.hdfs.server.namenode.NameNodeRpcServer.getFileInfo(NameNodeRpcServer.java:1154)
	at org.apache.hadoop.hdfs.protocolPB.ClientNamenodeProtocolServerSideTranslatorPB.getFileInfo(ClientNamenodeProtocolServerSideTranslatorPB.java:966)
	at org.apache.hadoop.hdfs.protocol.proto.ClientNamenodeProtocolProtos$ClientNamenodeProtocol$2.callBlockingMethod(ClientNamenodeProtocolProtos.java)
	at org.apache.hadoop.ipc.ProtobufRpcEngine$Server$ProtoBufRpcInvoker.call(ProtobufRpcEngine.java:523)
	at org.apache.hadoop.ipc.RPC$Server.call(RPC.java:991)
	at org.apache.hadoop.ipc.Server$RpcCall.run(Server.java:872)
	at org.apache.hadoop.ipc.Server$RpcCall.run(Server.java:818)
	at java.security.AccessController.doPrivileged(Native Method)
	at javax.security.auth.Subject.doAs(Subject.java:422)
	at org.apache.hadoop.security.UserGroupInformation.doAs(UserGroupInformation.java:1729)
	at org.apache.hadoop.ipc.Server$Handler.run(Server.java:2678)
, while invoking ClientNamenodeProtocolTranslatorPB.getFileInfo over node-1-link-0/10.10.1.4:8020 after 1 failover attempts. Trying to failover after sleeping for 1009ms.
2019-02-20 13:11:29,061 INFO retry.RetryInvocationHandler: java.net.ConnectException: Call From clnode059.clemson.cloudlab.us/130.127.133.68 to node-0-link-0:8020 failed on connection exception: java.net.ConnectException: Connection refused; For more details see:  http://wiki.apache.org/hadoop/ConnectionRefused, while invoking ClientNamenodeProtocolTranslatorPB.getFileInfo over node-0-link-0/10.10.1.1:8020 after 2 failover attempts. Trying to failover after sleeping for 2093ms.
2019-02-20 13:12:06,006 INFO retry.RetryInvocationHandler: java.io.EOFException: End of File Exception between local host is: "clnode059.clemson.cloudlab.us/130.127.133.68"; destination host is: "node-1-link-0":8020; : java.io.EOFException; For more details see:  http://wiki.apache.org/hadoop/EOFException, while invoking ClientNamenodeProtocolTranslatorPB.complete over node-1-link-0/10.10.1.4:8020. Trying to failover immediately.
2019-02-20 13:12:06,014 INFO retry.RetryInvocationHandler: org.apache.hadoop.ipc.RemoteException(org.apache.hadoop.ipc.StandbyException): Operation category WRITE is not supported in state standby. Visit https://s.apache.org/sbnn-error
	at org.apache.hadoop.hdfs.server.namenode.ha.StandbyState.checkOperation(StandbyState.java:88)
	at org.apache.hadoop.hdfs.server.namenode.NameNode$NameNodeHAContext.checkOperation(NameNode.java:1952)
	at org.apache.hadoop.hdfs.server.namenode.FSNamesystem.checkOperation(FSNamesystem.java:1423)
	at org.apache.hadoop.hdfs.server.namenode.FSNamesystem.completeFile(FSNamesystem.java:2837)
	at org.apache.hadoop.hdfs.server.namenode.NameNodeRpcServer.complete(NameNodeRpcServer.java:928)
	at org.apache.hadoop.hdfs.protocolPB.ClientNamenodeProtocolServerSideTranslatorPB.complete(ClientNamenodeProtocolServerSideTranslatorPB.java:607)
	at org.apache.hadoop.hdfs.protocol.proto.ClientNamenodeProtocolProtos$ClientNamenodeProtocol$2.callBlockingMethod(ClientNamenodeProtocolProtos.java)
	at org.apache.hadoop.ipc.ProtobufRpcEngine$Server$ProtoBufRpcInvoker.call(ProtobufRpcEngine.java:523)
	at org.apache.hadoop.ipc.RPC$Server.call(RPC.java:991)
	at org.apache.hadoop.ipc.Server$RpcCall.run(Server.java:872)
	at org.apache.hadoop.ipc.Server$RpcCall.run(Server.java:818)
	at java.security.AccessController.doPrivileged(Native Method)
	at javax.security.auth.Subject.doAs(Subject.java:422)
	at org.apache.hadoop.security.UserGroupInformation.doAs(UserGroupInformation.java:1729)
	at org.apache.hadoop.ipc.Server$Handler.run(Server.java:2678)
, while invoking ClientNamenodeProtocolTranslatorPB.complete over node-0-link-0/10.10.1.1:8020 after 1 failover attempts. Trying to failover after sleeping for 1273ms.
2019-02-20 13:12:07,292 INFO retry.RetryInvocationHandler: java.net.ConnectException: Call From clnode059.clemson.cloudlab.us/130.127.133.68 to node-1-link-0:8020 failed on connection exception: java.net.ConnectException: Connection refused; For more details see:  http://wiki.apache.org/hadoop/ConnectionRefused, while invoking ClientNamenodeProtocolTranslatorPB.complete over node-1-link-0/10.10.1.4:8020 after 2 failover attempts. Trying to failover after sleeping for 1645ms.
2019-02-20 13:12:08,943 INFO retry.RetryInvocationHandler: org.apache.hadoop.ipc.RemoteException(org.apache.hadoop.ipc.RetriableException): org.apache.hadoop.hdfs.server.namenode.SafeModeException: Cannot complete file /myfile10._COPYING_. Name node is in safe mode.
The reported blocks 138 has reached the threshold 0.9990 of total blocks 138. The number of live datanodes 3 has reached the minimum number 0. In safe mode extension. Safe mode will be turned off automatically in 27 seconds. NamenodeHostName:node-0-link-0
	at org.apache.hadoop.hdfs.server.namenode.FSNamesystem.checkNameNodeSafeMode(FSNamesystem.java:1441)
	at org.apache.hadoop.hdfs.server.namenode.FSNamesystem.completeFile(FSNamesystem.java:2842)
	at org.apache.hadoop.hdfs.server.namenode.NameNodeRpcServer.complete(NameNodeRpcServer.java:928)
	at org.apache.hadoop.hdfs.protocolPB.ClientNamenodeProtocolServerSideTranslatorPB.complete(ClientNamenodeProtocolServerSideTranslatorPB.java:607)
	at org.apache.hadoop.hdfs.protocol.proto.ClientNamenodeProtocolProtos$ClientNamenodeProtocol$2.callBlockingMethod(ClientNamenodeProtocolProtos.java)
	at org.apache.hadoop.ipc.ProtobufRpcEngine$Server$ProtoBufRpcInvoker.call(ProtobufRpcEngine.java:523)
	at org.apache.hadoop.ipc.RPC$Server.call(RPC.java:991)
	at org.apache.hadoop.ipc.Server$RpcCall.run(Server.java:872)
	at org.apache.hadoop.ipc.Server$RpcCall.run(Server.java:818)
	at java.security.AccessController.doPrivileged(Native Method)
	at javax.security.auth.Subject.doAs(Subject.java:422)
	at org.apache.hadoop.security.UserGroupInformation.doAs(UserGroupInformation.java:1729)
	at org.apache.hadoop.ipc.Server$Handler.run(Server.java:2678)
Caused by: org.apache.hadoop.hdfs.server.namenode.SafeModeException: Cannot complete file /myfile10._COPYING_. Name node is in safe mode.
The reported blocks 138 has reached the threshold 0.9990 of total blocks 138. The number of live datanodes 3 has reached the minimum number 0. In safe mode extension. Safe mode will be turned off automatically in 27 seconds. NamenodeHostName:node-0-link-0
	at org.apache.hadoop.hdfs.server.namenode.FSNamesystem.newSafemodeException(FSNamesystem.java:1450)
	at org.apache.hadoop.hdfs.server.namenode.FSNamesystem.checkNameNodeSafeMode(FSNamesystem.java:1437)
	... 12 more
, while invoking ClientNamenodeProtocolTranslatorPB.complete over node-0-link-0/10.10.1.1:8020 after 3 failover attempts. Retrying after sleeping for 4972ms.
2019-02-20 13:12:13,920 INFO retry.RetryInvocationHandler: org.apache.hadoop.ipc.RemoteException(org.apache.hadoop.ipc.RetriableException): org.apache.hadoop.hdfs.server.namenode.SafeModeException: Cannot complete file /myfile10._COPYING_. Name node is in safe mode.
The reported blocks 138 has reached the threshold 0.9990 of total blocks 138. The number of live datanodes 3 has reached the minimum number 0. In safe mode extension. Safe mode will be turned off automatically in 22 seconds. NamenodeHostName:node-0-link-0
	at org.apache.hadoop.hdfs.server.namenode.FSNamesystem.checkNameNodeSafeMode(FSNamesystem.java:1441)
	at org.apache.hadoop.hdfs.server.namenode.FSNamesystem.completeFile(FSNamesystem.java:2842)
	at org.apache.hadoop.hdfs.server.namenode.NameNodeRpcServer.complete(NameNodeRpcServer.java:928)
	at org.apache.hadoop.hdfs.protocolPB.ClientNamenodeProtocolServerSideTranslatorPB.complete(ClientNamenodeProtocolServerSideTranslatorPB.java:607)
	at org.apache.hadoop.hdfs.protocol.proto.ClientNamenodeProtocolProtos$ClientNamenodeProtocol$2.callBlockingMethod(ClientNamenodeProtocolProtos.java)
	at org.apache.hadoop.ipc.ProtobufRpcEngine$Server$ProtoBufRpcInvoker.call(ProtobufRpcEngine.java:523)
	at org.apache.hadoop.ipc.RPC$Server.call(RPC.java:991)
	at org.apache.hadoop.ipc.Server$RpcCall.run(Server.java:872)
	at org.apache.hadoop.ipc.Server$RpcCall.run(Server.java:818)
	at java.security.AccessController.doPrivileged(Native Method)
	at javax.security.auth.Subject.doAs(Subject.java:422)
	at org.apache.hadoop.security.UserGroupInformation.doAs(UserGroupInformation.java:1729)
	at org.apache.hadoop.ipc.Server$Handler.run(Server.java:2678)
Caused by: org.apache.hadoop.hdfs.server.namenode.SafeModeException: Cannot complete file /myfile10._COPYING_. Name node is in safe mode.
The reported blocks 138 has reached the threshold 0.9990 of total blocks 138. The number of live datanodes 3 has reached the minimum number 0. In safe mode extension. Safe mode will be turned off automatically in 22 seconds. NamenodeHostName:node-0-link-0
	at org.apache.hadoop.hdfs.server.namenode.FSNamesystem.newSafemodeException(FSNamesystem.java:1450)
	at org.apache.hadoop.hdfs.server.namenode.FSNamesystem.checkNameNodeSafeMode(FSNamesystem.java:1437)
	... 12 more
, while invoking ClientNamenodeProtocolTranslatorPB.complete over node-0-link-0/10.10.1.1:8020 after 3 failover attempts. Retrying after sleeping for 4793ms.
2019-02-20 13:12:18,715 INFO retry.RetryInvocationHandler: org.apache.hadoop.ipc.RemoteException(org.apache.hadoop.ipc.RetriableException): org.apache.hadoop.hdfs.server.namenode.SafeModeException: Cannot complete file /myfile10._COPYING_. Name node is in safe mode.
The reported blocks 138 has reached the threshold 0.9990 of total blocks 138. The number of live datanodes 3 has reached the minimum number 0. In safe mode extension. Safe mode will be turned off automatically in 18 seconds. NamenodeHostName:node-0-link-0
	at org.apache.hadoop.hdfs.server.namenode.FSNamesystem.checkNameNodeSafeMode(FSNamesystem.java:1441)
	at org.apache.hadoop.hdfs.server.namenode.FSNamesystem.completeFile(FSNamesystem.java:2842)
	at org.apache.hadoop.hdfs.server.namenode.NameNodeRpcServer.complete(NameNodeRpcServer.java:928)
	at org.apache.hadoop.hdfs.protocolPB.ClientNamenodeProtocolServerSideTranslatorPB.complete(ClientNamenodeProtocolServerSideTranslatorPB.java:607)
	at org.apache.hadoop.hdfs.protocol.proto.ClientNamenodeProtocolProtos$ClientNamenodeProtocol$2.callBlockingMethod(ClientNamenodeProtocolProtos.java)
	at org.apache.hadoop.ipc.ProtobufRpcEngine$Server$ProtoBufRpcInvoker.call(ProtobufRpcEngine.java:523)
	at org.apache.hadoop.ipc.RPC$Server.call(RPC.java:991)
	at org.apache.hadoop.ipc.Server$RpcCall.run(Server.java:872)
	at org.apache.hadoop.ipc.Server$RpcCall.run(Server.java:818)
	at java.security.AccessController.doPrivileged(Native Method)
	at javax.security.auth.Subject.doAs(Subject.java:422)
	at org.apache.hadoop.security.UserGroupInformation.doAs(UserGroupInformation.java:1729)
	at org.apache.hadoop.ipc.Server$Handler.run(Server.java:2678)
Caused by: org.apache.hadoop.hdfs.server.namenode.SafeModeException: Cannot complete file /myfile10._COPYING_. Name node is in safe mode.
The reported blocks 138 has reached the threshold 0.9990 of total blocks 138. The number of live datanodes 3 has reached the minimum number 0. In safe mode extension. Safe mode will be turned off automatically in 18 seconds. NamenodeHostName:node-0-link-0
	at org.apache.hadoop.hdfs.server.namenode.FSNamesystem.newSafemodeException(FSNamesystem.java:1450)
	at org.apache.hadoop.hdfs.server.namenode.FSNamesystem.checkNameNodeSafeMode(FSNamesystem.java:1437)
	... 12 more
, while invoking ClientNamenodeProtocolTranslatorPB.complete over node-0-link-0/10.10.1.1:8020 after 3 failover attempts. Retrying after sleeping for 20726ms.
2019-02-20 13:12:31,829 INFO retry.RetryInvocationHandler: org.apache.hadoop.ipc.RemoteException(org.apache.hadoop.ipc.RetriableException): org.apache.hadoop.hdfs.server.namenode.SafeModeException: Cannot renew lease for DFSClient_NONMAPREDUCE_867332341_1. Name node is in safe mode.
The reported blocks 138 has reached the threshold 0.9990 of total blocks 138. The number of live datanodes 3 has reached the minimum number 0. In safe mode extension. Safe mode will be turned off automatically in 5 seconds. NamenodeHostName:node-0-link-0
	at org.apache.hadoop.hdfs.server.namenode.FSNamesystem.checkNameNodeSafeMode(FSNamesystem.java:1441)
	at org.apache.hadoop.hdfs.server.namenode.FSNamesystem.renewLease(FSNamesystem.java:3744)
	at org.apache.hadoop.hdfs.server.namenode.NameNodeRpcServer.renewLease(NameNodeRpcServer.java:1134)
	at org.apache.hadoop.hdfs.protocolPB.ClientNamenodeProtocolServerSideTranslatorPB.renewLease(ClientNamenodeProtocolServerSideTranslatorPB.java:737)
	at org.apache.hadoop.hdfs.protocol.proto.ClientNamenodeProtocolProtos$ClientNamenodeProtocol$2.callBlockingMethod(ClientNamenodeProtocolProtos.java)
	at org.apache.hadoop.ipc.ProtobufRpcEngine$Server$ProtoBufRpcInvoker.call(ProtobufRpcEngine.java:523)
	at org.apache.hadoop.ipc.RPC$Server.call(RPC.java:991)
	at org.apache.hadoop.ipc.Server$RpcCall.run(Server.java:872)
	at org.apache.hadoop.ipc.Server$RpcCall.run(Server.java:818)
	at java.security.AccessController.doPrivileged(Native Method)
	at javax.security.auth.Subject.doAs(Subject.java:422)
	at org.apache.hadoop.security.UserGroupInformation.doAs(UserGroupInformation.java:1729)
	at org.apache.hadoop.ipc.Server$Handler.run(Server.java:2678)
Caused by: org.apache.hadoop.hdfs.server.namenode.SafeModeException: Cannot renew lease for DFSClient_NONMAPREDUCE_867332341_1. Name node is in safe mode.
The reported blocks 138 has reached the threshold 0.9990 of total blocks 138. The number of live datanodes 3 has reached the minimum number 0. In safe mode extension. Safe mode will be turned off automatically in 5 seconds. NamenodeHostName:node-0-link-0
	at org.apache.hadoop.hdfs.server.namenode.FSNamesystem.newSafemodeException(FSNamesystem.java:1450)
	at org.apache.hadoop.hdfs.server.namenode.FSNamesystem.checkNameNodeSafeMode(FSNamesystem.java:1437)
	... 12 more
, while invoking ClientNamenodeProtocolTranslatorPB.renewLease over node-0-link-0/10.10.1.1:8020. Retrying immediately.
2019-02-20 13:12:31,835 INFO retry.RetryInvocationHandler: org.apache.hadoop.ipc.RemoteException(org.apache.hadoop.ipc.RetriableException): org.apache.hadoop.hdfs.server.namenode.SafeModeException: Cannot renew lease for DFSClient_NONMAPREDUCE_867332341_1. Name node is in safe mode.
The reported blocks 138 has reached the threshold 0.9990 of total blocks 138. The number of live datanodes 3 has reached the minimum number 0. In safe mode extension. Safe mode will be turned off automatically in 5 seconds. NamenodeHostName:node-0-link-0
	at org.apache.hadoop.hdfs.server.namenode.FSNamesystem.checkNameNodeSafeMode(FSNamesystem.java:1441)
	at org.apache.hadoop.hdfs.server.namenode.FSNamesystem.renewLease(FSNamesystem.java:3744)
	at org.apache.hadoop.hdfs.server.namenode.NameNodeRpcServer.renewLease(NameNodeRpcServer.java:1134)
	at org.apache.hadoop.hdfs.protocolPB.ClientNamenodeProtocolServerSideTranslatorPB.renewLease(ClientNamenodeProtocolServerSideTranslatorPB.java:737)
	at org.apache.hadoop.hdfs.protocol.proto.ClientNamenodeProtocolProtos$ClientNamenodeProtocol$2.callBlockingMethod(ClientNamenodeProtocolProtos.java)
	at org.apache.hadoop.ipc.ProtobufRpcEngine$Server$ProtoBufRpcInvoker.call(ProtobufRpcEngine.java:523)
	at org.apache.hadoop.ipc.RPC$Server.call(RPC.java:991)
	at org.apache.hadoop.ipc.Server$RpcCall.run(Server.java:872)
	at org.apache.hadoop.ipc.Server$RpcCall.run(Server.java:818)
	at java.security.AccessController.doPrivileged(Native Method)
	at javax.security.auth.Subject.doAs(Subject.java:422)
	at org.apache.hadoop.security.UserGroupInformation.doAs(UserGroupInformation.java:1729)
	at org.apache.hadoop.ipc.Server$Handler.run(Server.java:2678)
Caused by: org.apache.hadoop.hdfs.server.namenode.SafeModeException: Cannot renew lease for DFSClient_NONMAPREDUCE_867332341_1. Name node is in safe mode.
The reported blocks 138 has reached the threshold 0.9990 of total blocks 138. The number of live datanodes 3 has reached the minimum number 0. In safe mode extension. Safe mode will be turned off automatically in 5 seconds. NamenodeHostName:node-0-link-0
	at org.apache.hadoop.hdfs.server.namenode.FSNamesystem.newSafemodeException(FSNamesystem.java:1450)
	at org.apache.hadoop.hdfs.server.namenode.FSNamesystem.checkNameNodeSafeMode(FSNamesystem.java:1437)
	... 12 more
, while invoking ClientNamenodeProtocolTranslatorPB.renewLease over node-0-link-0/10.10.1.1:8020. Retrying after sleeping for 820ms.
2019-02-20 13:12:32,657 INFO retry.RetryInvocationHandler: org.apache.hadoop.ipc.RemoteException(org.apache.hadoop.ipc.RetriableException): org.apache.hadoop.hdfs.server.namenode.SafeModeException: Cannot renew lease for DFSClient_NONMAPREDUCE_867332341_1. Name node is in safe mode.
The reported blocks 138 has reached the threshold 0.9990 of total blocks 138. The number of live datanodes 3 has reached the minimum number 0. In safe mode extension. Safe mode will be turned off automatically in 4 seconds. NamenodeHostName:node-0-link-0
	at org.apache.hadoop.hdfs.server.namenode.FSNamesystem.checkNameNodeSafeMode(FSNamesystem.java:1441)
	at org.apache.hadoop.hdfs.server.namenode.FSNamesystem.renewLease(FSNamesystem.java:3744)
	at org.apache.hadoop.hdfs.server.namenode.NameNodeRpcServer.renewLease(NameNodeRpcServer.java:1134)
	at org.apache.hadoop.hdfs.protocolPB.ClientNamenodeProtocolServerSideTranslatorPB.renewLease(ClientNamenodeProtocolServerSideTranslatorPB.java:737)
	at org.apache.hadoop.hdfs.protocol.proto.ClientNamenodeProtocolProtos$ClientNamenodeProtocol$2.callBlockingMethod(ClientNamenodeProtocolProtos.java)
	at org.apache.hadoop.ipc.ProtobufRpcEngine$Server$ProtoBufRpcInvoker.call(ProtobufRpcEngine.java:523)
	at org.apache.hadoop.ipc.RPC$Server.call(RPC.java:991)
	at org.apache.hadoop.ipc.Server$RpcCall.run(Server.java:872)
	at org.apache.hadoop.ipc.Server$RpcCall.run(Server.java:818)
	at java.security.AccessController.doPrivileged(Native Method)
	at javax.security.auth.Subject.doAs(Subject.java:422)
	at org.apache.hadoop.security.UserGroupInformation.doAs(UserGroupInformation.java:1729)
	at org.apache.hadoop.ipc.Server$Handler.run(Server.java:2678)
Caused by: org.apache.hadoop.hdfs.server.namenode.SafeModeException: Cannot renew lease for DFSClient_NONMAPREDUCE_867332341_1. Name node is in safe mode.
The reported blocks 138 has reached the threshold 0.9990 of total blocks 138. The number of live datanodes 3 has reached the minimum number 0. In safe mode extension. Safe mode will be turned off automatically in 4 seconds. NamenodeHostName:node-0-link-0
	at org.apache.hadoop.hdfs.server.namenode.FSNamesystem.newSafemodeException(FSNamesystem.java:1450)
	at org.apache.hadoop.hdfs.server.namenode.FSNamesystem.checkNameNodeSafeMode(FSNamesystem.java:1437)
	... 12 more
, while invoking ClientNamenodeProtocolTranslatorPB.renewLease over node-0-link-0/10.10.1.1:8020. Retrying after sleeping for 1399ms.
2019-02-20 13:12:34,059 INFO retry.RetryInvocationHandler: org.apache.hadoop.ipc.RemoteException(org.apache.hadoop.ipc.RetriableException): org.apache.hadoop.hdfs.server.namenode.SafeModeException: Cannot renew lease for DFSClient_NONMAPREDUCE_867332341_1. Name node is in safe mode.
The reported blocks 138 has reached the threshold 0.9990 of total blocks 138. The number of live datanodes 3 has reached the minimum number 0. In safe mode extension. Safe mode will be turned off automatically in 2 seconds. NamenodeHostName:node-0-link-0
	at org.apache.hadoop.hdfs.server.namenode.FSNamesystem.checkNameNodeSafeMode(FSNamesystem.java:1441)
	at org.apache.hadoop.hdfs.server.namenode.FSNamesystem.renewLease(FSNamesystem.java:3744)
	at org.apache.hadoop.hdfs.server.namenode.NameNodeRpcServer.renewLease(NameNodeRpcServer.java:1134)
	at org.apache.hadoop.hdfs.protocolPB.ClientNamenodeProtocolServerSideTranslatorPB.renewLease(ClientNamenodeProtocolServerSideTranslatorPB.java:737)
	at org.apache.hadoop.hdfs.protocol.proto.ClientNamenodeProtocolProtos$ClientNamenodeProtocol$2.callBlockingMethod(ClientNamenodeProtocolProtos.java)
	at org.apache.hadoop.ipc.ProtobufRpcEngine$Server$ProtoBufRpcInvoker.call(ProtobufRpcEngine.java:523)
	at org.apache.hadoop.ipc.RPC$Server.call(RPC.java:991)
	at org.apache.hadoop.ipc.Server$RpcCall.run(Server.java:872)
	at org.apache.hadoop.ipc.Server$RpcCall.run(Server.java:818)
	at java.security.AccessController.doPrivileged(Native Method)
	at javax.security.auth.Subject.doAs(Subject.java:422)
	at org.apache.hadoop.security.UserGroupInformation.doAs(UserGroupInformation.java:1729)
	at org.apache.hadoop.ipc.Server$Handler.run(Server.java:2678)
Caused by: org.apache.hadoop.hdfs.server.namenode.SafeModeException: Cannot renew lease for DFSClient_NONMAPREDUCE_867332341_1. Name node is in safe mode.
The reported blocks 138 has reached the threshold 0.9990 of total blocks 138. The number of live datanodes 3 has reached the minimum number 0. In safe mode extension. Safe mode will be turned off automatically in 2 seconds. NamenodeHostName:node-0-link-0
	at org.apache.hadoop.hdfs.server.namenode.FSNamesystem.newSafemodeException(FSNamesystem.java:1450)
	at org.apache.hadoop.hdfs.server.namenode.FSNamesystem.checkNameNodeSafeMode(FSNamesystem.java:1437)
	... 12 more
, while invoking ClientNamenodeProtocolTranslatorPB.renewLease over node-0-link-0/10.10.1.1:8020. Retrying after sleeping for 5663ms.
Found 17 items
-rw-r--r--   3 root supergroup 1073741824 2019-02-20 13:11 /myfile1
-rw-r--r--   3 root supergroup 1073741824 2019-02-20 13:12 /myfile10
-rw-r--r--   3 root supergroup 1073741824 2019-02-20 13:11 /myfile11
-rw-r--r--   3 root supergroup 1073741824 2019-02-20 13:07 /myfile12
-rw-r--r--   3 root supergroup 1073741824 2019-02-20 13:11 /myfile13
-rw-r--r--   3 root supergroup  134217728 2019-02-20 13:11 /myfile15._COPYING_
-rw-r--r--   3 root supergroup 1073741824 2019-02-20 13:10 /myfile16
-rw-r--r--   3 root supergroup 1073741824 2019-02-20 13:10 /myfile17
-rw-r--r--   3 root supergroup 1073741824 2019-02-20 13:11 /myfile19
-rw-r--r--   3 root supergroup 1073741824 2019-02-20 13:11 /myfile20
-rw-r--r--   3 root supergroup  402653184 2019-02-20 13:11 /myfile3._COPYING_
-rw-r--r--   3 root supergroup 1073741824 2019-02-20 13:09 /myfile4
-rw-r--r--   3 root supergroup  268435456 2019-02-20 13:11 /myfile5._COPYING_
-rw-r--r--   3 root supergroup 1073741824 2019-02-20 13:09 /myfile6
-rw-r--r--   3 root supergroup 1073741824 2019-02-20 13:07 /myfile7
-rw-r--r--   3 root supergroup 1073741824 2019-02-20 13:10 /myfile8
-rw-r--r--   3 root supergroup 1073741824 2019-02-20 13:12 /myfile9
file 10 has been put into HDFS
file 10 has been read from HDFS for 1 time
diff succeed!
file 10 has been read from HDFS for 2 time
diff succeed!
file 10 has been read from HDFS for 3 time
diff succeed!
file 10 has been read from HDFS for 4 time
diff succeed!
file 10 has been read from HDFS for 5 time
diff succeed!
file 10 has been read from HDFS for 6 time
diff succeed!
file 10 has been read from HDFS for 7 time
diff succeed!
file 10 has been read from HDFS for 8 time
diff succeed!
file 10 has been read from HDFS for 9 time
diff succeed!
file 10 has been read from HDFS for 10 time
diff succeed!
Deleted /myfile10
file 10 has been removed from HDFS
Found 19 items
-rw-r--r--   3 root supergroup 1073741824 2019-02-20 13:15 /myfile1
-rw-r--r--   3 root supergroup 1073741824 2019-02-20 13:17 /myfile10
-rw-r--r--   3 root supergroup 1073741824 2019-02-20 13:14 /myfile11
-rw-r--r--   3 root supergroup 1073741824 2019-02-20 13:13 /myfile12
-rw-r--r--   3 root supergroup 1073741824 2019-02-20 13:15 /myfile13
-rw-r--r--   3 root supergroup 1073741824 2019-02-20 13:13 /myfile14
-rw-r--r--   3 root supergroup 1073741824 2019-02-20 13:12 /myfile15
-rw-r--r--   3 root supergroup 1073741824 2019-02-20 13:14 /myfile16
-rw-r--r--   3 root supergroup 1073741824 2019-02-20 13:14 /myfile17
-rw-r--r--   3 root supergroup 1073741824 2019-02-20 13:15 /myfile19
-rw-r--r--   3 root supergroup 1073741824 2019-02-20 13:13 /myfile2
-rw-r--r--   3 root supergroup 1073741824 2019-02-20 13:15 /myfile20
-rw-r--r--   3 root supergroup 1073741824 2019-02-20 13:17 /myfile3
-rw-r--r--   3 root supergroup 1073741824 2019-02-20 13:14 /myfile4
-rw-r--r--   3 root supergroup 1073741824 2019-02-20 13:17 /myfile5
-rw-r--r--   3 root supergroup 1073741824 2019-02-20 13:13 /myfile6
-rw-r--r--   3 root supergroup 1073741824 2019-02-20 13:13 /myfile7
-rw-r--r--   3 root supergroup 1073741824 2019-02-20 13:14 /myfile8
-rw-r--r--   3 root supergroup 1073741824 2019-02-20 13:16 /myfile9
file 10 has been put into HDFS
file 10 has been read from HDFS for 1 time
diff succeed!
file 10 has been read from HDFS for 2 time
diff succeed!
file 10 has been read from HDFS for 3 time
diff succeed!
file 10 has been read from HDFS for 4 time
diff succeed!
file 10 has been read from HDFS for 5 time
diff succeed!
file 10 has been read from HDFS for 6 time
diff succeed!
file 10 has been read from HDFS for 7 time
diff succeed!
file 10 has been read from HDFS for 8 time
diff succeed!
file 10 has been read from HDFS for 9 time
diff succeed!
file 10 has been read from HDFS for 10 time
diff succeed!
Deleted /myfile10
file 10 has been removed from HDFS
Found 20 items
-rw-r--r--   3 root supergroup 1073741824 2019-02-20 13:19 /myfile1
-rw-r--r--   3 root supergroup 1073741824 2019-02-20 13:21 /myfile10
-rw-r--r--   3 root supergroup 1073741824 2019-02-20 13:19 /myfile11
-rw-r--r--   3 root supergroup 1073741824 2019-02-20 13:17 /myfile12
-rw-r--r--   3 root supergroup 1073741824 2019-02-20 13:20 /myfile13
-rw-r--r--   3 root supergroup 1073741824 2019-02-20 13:17 /myfile14
-rw-r--r--   3 root supergroup 1073741824 2019-02-20 13:17 /myfile15
-rw-r--r--   3 root supergroup 1073741824 2019-02-20 13:18 /myfile16
-rw-r--r--   3 root supergroup 1073741824 2019-02-20 13:19 /myfile17
-rw-r--r--   3 root supergroup 1073741824 2019-02-20 13:17 /myfile18
-rw-r--r--   3 root supergroup 1073741824 2019-02-20 13:19 /myfile19
-rw-r--r--   3 root supergroup 1073741824 2019-02-20 13:17 /myfile2
-rw-r--r--   3 root supergroup 1073741824 2019-02-20 13:19 /myfile20
-rw-r--r--   3 root supergroup 1073741824 2019-02-20 13:21 /myfile3
-rw-r--r--   3 root supergroup 1073741824 2019-02-20 13:18 /myfile4
-rw-r--r--   3 root supergroup 1073741824 2019-02-20 13:21 /myfile5
-rw-r--r--   3 root supergroup 1073741824 2019-02-20 13:17 /myfile6
-rw-r--r--   3 root supergroup 1073741824 2019-02-20 13:18 /myfile7
-rw-r--r--   3 root supergroup 1073741824 2019-02-20 13:18 /myfile8
-rw-r--r--   3 root supergroup 1073741824 2019-02-20 13:20 /myfile9
file 10 has been put into HDFS
file 10 has been read from HDFS for 1 time
diff succeed!
sub_benchmark 2 signal TERM catched and let quit gracefully
file 10 has been read from HDFS for 2 time
diff succeed!
Deleted /myfile10
file 10 has been removed from HDFS
