Found 20 items
-rw-r--r--   3 root supergroup 1073741824 2019-02-27 13:04 /myfile1
-rw-r--r--   3 root supergroup 1073741824 2019-02-27 13:04 /myfile10
-rw-r--r--   3 root supergroup 1073741824 2019-02-27 13:04 /myfile11
-rw-r--r--   3 root supergroup 1073741824 2019-02-27 13:04 /myfile12
-rw-r--r--   3 root supergroup 1073741824 2019-02-27 13:04 /myfile13
-rw-r--r--   3 root supergroup 1073741824 2019-02-27 13:04 /myfile14
-rw-r--r--   3 root supergroup 1073741824 2019-02-27 13:04 /myfile15
-rw-r--r--   3 root supergroup 1073741824 2019-02-27 13:04 /myfile16
-rw-r--r--   3 root supergroup 1073741824 2019-02-27 13:04 /myfile17
-rw-r--r--   3 root supergroup 1073741824 2019-02-27 13:04 /myfile18
-rw-r--r--   3 root supergroup 1073741824 2019-02-27 13:04 /myfile19
-rw-r--r--   3 root supergroup 1073741824 2019-02-27 13:04 /myfile2
-rw-r--r--   3 root supergroup 1073741824 2019-02-27 13:04 /myfile20
-rw-r--r--   3 root supergroup 1073741824 2019-02-27 13:04 /myfile3
-rw-r--r--   3 root supergroup 1073741824 2019-02-27 13:04 /myfile4
-rw-r--r--   3 root supergroup 1073741824 2019-02-27 13:04 /myfile5
-rw-r--r--   3 root supergroup 1073741824 2019-02-27 13:04 /myfile6
-rw-r--r--   3 root supergroup 1073741824 2019-02-27 13:04 /myfile7
-rw-r--r--   3 root supergroup 1073741824 2019-02-27 13:04 /myfile8
-rw-r--r--   3 root supergroup 1073741824 2019-02-27 13:04 /myfile9
file 7 has been put into HDFS
file 7 has been read from HDFS for 1 time
diff succeed!
file 7 has been read from HDFS for 2 time
diff succeed!
file 7 has been read from HDFS for 3 time
diff succeed!
file 7 has been read from HDFS for 4 time
diff succeed!
file 7 has been read from HDFS for 5 time
diff succeed!
file 7 has been read from HDFS for 6 time
diff succeed!
file 7 has been read from HDFS for 7 time
diff succeed!
file 7 has been read from HDFS for 8 time
diff succeed!
file 7 has been read from HDFS for 9 time
diff succeed!
file 7 has been read from HDFS for 10 time
diff succeed!
Deleted /myfile7
file 7 has been removed from HDFS
Found 19 items
-rw-r--r--   3 root supergroup 1073741824 2019-02-27 13:09 /myfile1
-rw-r--r--   3 root supergroup 1073741824 2019-02-27 13:09 /myfile10
-rw-r--r--   3 root supergroup 1073741824 2019-02-27 13:08 /myfile11
-rw-r--r--   3 root supergroup 1073741824 2019-02-27 13:08 /myfile12
-rw-r--r--   3 root supergroup 1073741824 2019-02-27 13:08 /myfile14
-rw-r--r--   3 root supergroup 1073741824 2019-02-27 13:09 /myfile15
-rw-r--r--   3 root supergroup 1073741824 2019-02-27 13:09 /myfile16
-rw-r--r--   3 root supergroup 1073741824 2019-02-27 13:08 /myfile17
-rw-r--r--   3 root supergroup 1073741824 2019-02-27 13:08 /myfile18
-rw-r--r--   3 root supergroup 1073741824 2019-02-27 13:09 /myfile19
-rw-r--r--   3 root supergroup 1073741824 2019-02-27 13:04 /myfile2
-rw-r--r--   3 root supergroup 1073741824 2019-02-27 13:08 /myfile20
-rw-r--r--   3 root supergroup 1073741824 2019-02-27 13:08 /myfile3
-rw-r--r--   3 root supergroup 1073741824 2019-02-27 13:09 /myfile4
-rw-r--r--   3 root supergroup 1073741824 2019-02-27 13:08 /myfile5
-rw-r--r--   3 root supergroup 1073741824 2019-02-27 13:08 /myfile6
-rw-r--r--   3 root supergroup 1073741824 2019-02-27 13:09 /myfile7
-rw-r--r--   3 root supergroup 1073741824 2019-02-27 13:08 /myfile8
-rw-r--r--   3 root supergroup 1073741824 2019-02-27 13:08 /myfile9
file 7 has been put into HDFS
file 7 has been read from HDFS for 1 time
diff succeed!
file 7 has been read from HDFS for 2 time
diff succeed!
file 7 has been read from HDFS for 3 time
diff succeed!
file 7 has been read from HDFS for 4 time
diff succeed!
file 7 has been read from HDFS for 5 time
diff succeed!
file 7 has been read from HDFS for 6 time
diff succeed!
file 7 has been read from HDFS for 7 time
diff succeed!
file 7 has been read from HDFS for 8 time
diff succeed!
file 7 has been read from HDFS for 9 time
diff succeed!
file 7 has been read from HDFS for 10 time
diff succeed!
Deleted /myfile7
file 7 has been removed from HDFS
Found 19 items
-rw-r--r--   3 root supergroup 1073741824 2019-02-27 13:13 /myfile1
-rw-r--r--   3 root supergroup 1073741824 2019-02-27 13:13 /myfile10
-rw-r--r--   3 root supergroup 1073741824 2019-02-27 13:13 /myfile11
-rw-r--r--   3 root supergroup 1073741824 2019-02-27 13:13 /myfile12
-rw-r--r--   3 root supergroup 1073741824 2019-02-27 13:09 /myfile13
-rw-r--r--   3 root supergroup 1073741824 2019-02-27 13:13 /myfile14
-rw-r--r--   3 root supergroup 1073741824 2019-02-27 13:13 /myfile15
-rw-r--r--   3 root supergroup 1073741824 2019-02-27 13:13 /myfile16
-rw-r--r--   3 root supergroup 1073741824 2019-02-27 13:13 /myfile17
-rw-r--r--   3 root supergroup 1073741824 2019-02-27 13:13 /myfile18
-rw-r--r--   3 root supergroup 1073741824 2019-02-27 13:10 /myfile2
-rw-r--r--   3 root supergroup 1073741824 2019-02-27 13:13 /myfile20
-rw-r--r--   3 root supergroup 1073741824 2019-02-27 13:13 /myfile3
-rw-r--r--   3 root supergroup 1073741824 2019-02-27 13:13 /myfile4
-rw-r--r--   3 root supergroup 1073741824 2019-02-27 13:13 /myfile5
-rw-r--r--   3 root supergroup 1073741824 2019-02-27 13:13 /myfile6
-rw-r--r--   3 root supergroup 1073741824 2019-02-27 13:13 /myfile7
-rw-r--r--   3 root supergroup 1073741824 2019-02-27 13:13 /myfile8
-rw-r--r--   3 root supergroup 1073741824 2019-02-27 13:13 /myfile9
file 7 has been put into HDFS
file 7 has been read from HDFS for 1 time
diff succeed!
file 7 has been read from HDFS for 2 time
diff succeed!
file 7 has been read from HDFS for 3 time
diff succeed!
file 7 has been read from HDFS for 4 time
diff succeed!
file 7 has been read from HDFS for 5 time
diff succeed!
file 7 has been read from HDFS for 6 time
diff succeed!
file 7 has been read from HDFS for 7 time
diff succeed!
file 7 has been read from HDFS for 8 time
diff succeed!
file 7 has been read from HDFS for 9 time
diff succeed!
file 7 has been read from HDFS for 10 time
diff succeed!
Deleted /myfile7
file 7 has been removed from HDFS
Found 19 items
-rw-r--r--   3 root supergroup 1073741824 2019-02-27 13:13 /myfile1
-rw-r--r--   3 root supergroup 1073741824 2019-02-27 13:13 /myfile10
-rw-r--r--   3 root supergroup 1073741824 2019-02-27 13:17 /myfile11
-rw-r--r--   3 root supergroup 1073741824 2019-02-27 13:17 /myfile12
-rw-r--r--   3 root supergroup          0 2019-02-27 13:17 /myfile13._COPYING_
-rw-r--r--   3 root supergroup 1073741824 2019-02-27 13:17 /myfile14
-rw-r--r--   3 root supergroup 1073741824 2019-02-27 13:13 /myfile15
-rw-r--r--   3 root supergroup 1073741824 2019-02-27 13:13 /myfile16
-rw-r--r--   3 root supergroup 1073741824 2019-02-27 13:17 /myfile17
-rw-r--r--   3 root supergroup 1073741824 2019-02-27 13:17 /myfile18
-rw-r--r--   3 root supergroup  134217728 2019-02-27 13:17 /myfile19._COPYING_
-rw-r--r--   3 root supergroup 1073741824 2019-02-27 13:17 /myfile20
-rw-r--r--   3 root supergroup 1073741824 2019-02-27 13:17 /myfile3
-rw-r--r--   3 root supergroup 1073741824 2019-02-27 13:17 /myfile4
-rw-r--r--   3 root supergroup 1073741824 2019-02-27 13:17 /myfile5
-rw-r--r--   3 root supergroup 1073741824 2019-02-27 13:13 /myfile6
-rw-r--r--   3 root supergroup 1073741824 2019-02-27 13:17 /myfile7
-rw-r--r--   3 root supergroup 1073741824 2019-02-27 13:17 /myfile8
-rw-r--r--   3 root supergroup 1073741824 2019-02-27 13:17 /myfile9
file 7 has been put into HDFS
file 7 has been read from HDFS for 1 time
diff succeed!
file 7 has been read from HDFS for 2 time
diff succeed!
file 7 has been read from HDFS for 3 time
diff succeed!
file 7 has been read from HDFS for 4 time
diff succeed!
file 7 has been read from HDFS for 5 time
diff succeed!
file 7 has been read from HDFS for 6 time
diff succeed!
file 7 has been read from HDFS for 7 time
diff succeed!
file 7 has been read from HDFS for 8 time
diff succeed!
file 7 has been read from HDFS for 9 time
diff succeed!
file 7 has been read from HDFS for 10 time
diff succeed!
Deleted /myfile7
file 7 has been removed from HDFS
Found 20 items
-rw-r--r--   3 root supergroup 1073741824 2019-02-27 13:20 /myfile1
-rw-r--r--   3 root supergroup 1073741824 2019-02-27 13:20 /myfile10
-rw-r--r--   3 root supergroup 1073741824 2019-02-27 13:22 /myfile11
-rw-r--r--   3 root supergroup 1073741824 2019-02-27 13:22 /myfile12
-rw-r--r--   3 root supergroup 1073741824 2019-02-27 13:22 /myfile13
-rw-r--r--   3 root supergroup 1073741824 2019-02-27 13:23 /myfile14
-rw-r--r--   3 root supergroup  268435456 2019-02-27 13:23 /myfile15._COPYING_
-rw-r--r--   3 root supergroup 1073741824 2019-02-27 13:22 /myfile16
-rw-r--r--   3 root supergroup 1073741824 2019-02-27 13:22 /myfile17
-rw-r--r--   3 root supergroup 1073741824 2019-02-27 13:22 /myfile18
-rw-r--r--   3 root supergroup 1073741824 2019-02-27 13:23 /myfile19
-rw-r--r--   3 root supergroup 1073741824 2019-02-27 13:22 /myfile2
-rw-r--r--   3 root supergroup 1073741824 2019-02-27 13:23 /myfile20
-rw-r--r--   3 root supergroup 1073741824 2019-02-27 13:22 /myfile3
-rw-r--r--   3 root supergroup 1073741824 2019-02-27 13:22 /myfile4
-rw-r--r--   3 root supergroup 1073741824 2019-02-27 13:22 /myfile5
-rw-r--r--   3 root supergroup 1073741824 2019-02-27 13:19 /myfile6
-rw-r--r--   3 root supergroup 1073741824 2019-02-27 13:23 /myfile7
-rw-r--r--   3 root supergroup 1073741824 2019-02-27 13:22 /myfile8
-rw-r--r--   3 root supergroup 1073741824 2019-02-27 13:22 /myfile9
file 7 has been put into HDFS
file 7 has been read from HDFS for 1 time
diff succeed!
file 7 has been read from HDFS for 2 time
diff succeed!
file 7 has been read from HDFS for 3 time
diff succeed!
file 7 has been read from HDFS for 4 time
diff succeed!
file 7 has been read from HDFS for 5 time
diff succeed!
file 7 has been read from HDFS for 6 time
diff succeed!
file 7 has been read from HDFS for 7 time
diff succeed!
file 7 has been read from HDFS for 8 time
diff succeed!
file 7 has been read from HDFS for 9 time
diff succeed!
file 7 has been read from HDFS for 10 time
diff succeed!
Deleted /myfile7
file 7 has been removed from HDFS
Found 20 items
-rw-r--r--   3 root supergroup 1073741824 2019-02-27 13:25 /myfile1
-rw-r--r--   3 root supergroup 1073741824 2019-02-27 13:25 /myfile10
-rw-r--r--   3 root supergroup 1073741824 2019-02-27 13:26 /myfile11
-rw-r--r--   3 root supergroup 1073741824 2019-02-27 13:26 /myfile12
-rw-r--r--   3 root supergroup 1073741824 2019-02-27 13:26 /myfile13
-rw-r--r--   3 root supergroup 1073741824 2019-02-27 13:27 /myfile14
-rw-r--r--   3 root supergroup 1073741824 2019-02-27 13:23 /myfile15
-rw-r--r--   3 root supergroup 1073741824 2019-02-27 13:26 /myfile16
-rw-r--r--   3 root supergroup 1073741824 2019-02-27 13:26 /myfile17
-rw-r--r--   3 root supergroup 1073741824 2019-02-27 13:27 /myfile18
-rw-r--r--   3 root supergroup 1073741824 2019-02-27 13:27 /myfile19
-rw-r--r--   3 root supergroup 1073741824 2019-02-27 13:27 /myfile2
-rw-r--r--   3 root supergroup 1073741824 2019-02-27 13:27 /myfile20
-rw-r--r--   3 root supergroup 1073741824 2019-02-27 13:27 /myfile3
-rw-r--r--   3 root supergroup 1073741824 2019-02-27 13:26 /myfile4
-rw-r--r--   3 root supergroup 1073741824 2019-02-27 13:26 /myfile5
-rw-r--r--   3 root supergroup 1073741824 2019-02-27 13:25 /myfile6
-rw-r--r--   3 root supergroup 1073741824 2019-02-27 13:27 /myfile7
-rw-r--r--   3 root supergroup 1073741824 2019-02-27 13:27 /myfile8
-rw-r--r--   3 root supergroup 1073741824 2019-02-27 13:26 /myfile9
file 7 has been put into HDFS
file 7 has been read from HDFS for 1 time
diff succeed!
file 7 has been read from HDFS for 2 time
diff succeed!
file 7 has been read from HDFS for 3 time
diff succeed!
file 7 has been read from HDFS for 4 time
diff succeed!
file 7 has been read from HDFS for 5 time
diff succeed!
file 7 has been read from HDFS for 6 time
diff succeed!
file 7 has been read from HDFS for 7 time
diff succeed!
file 7 has been read from HDFS for 8 time
diff succeed!
file 7 has been read from HDFS for 9 time
diff succeed!
file 7 has been read from HDFS for 10 time
diff succeed!
Deleted /myfile7
file 7 has been removed from HDFS
Found 20 items
-rw-r--r--   3 root supergroup 1073741824 2019-02-27 13:29 /myfile1
-rw-r--r--   3 root supergroup 1073741824 2019-02-27 13:29 /myfile10
-rw-r--r--   3 root supergroup 1073741824 2019-02-27 13:31 /myfile11
-rw-r--r--   3 root supergroup 1073741824 2019-02-27 13:31 /myfile12
-rw-r--r--   3 root supergroup  805306368 2019-02-27 13:31 /myfile13._COPYING_
-rw-r--r--   3 root supergroup  939524096 2019-02-27 13:31 /myfile14._COPYING_
-rw-r--r--   3 root supergroup 1073741824 2019-02-27 13:28 /myfile15
-rw-r--r--   3 root supergroup 1073741824 2019-02-27 13:31 /myfile16
-rw-r--r--   3 root supergroup 1073741824 2019-02-27 13:26 /myfile17
-rw-r--r--   3 root supergroup 1073741824 2019-02-27 13:31 /myfile18
-rw-r--r--   3 root supergroup 1073741824 2019-02-27 13:27 /myfile19
-rw-r--r--   3 root supergroup 1073741824 2019-02-27 13:27 /myfile2
-rw-r--r--   3 root supergroup 1073741824 2019-02-27 13:31 /myfile20
-rw-r--r--   3 root supergroup  939524096 2019-02-27 13:31 /myfile3._COPYING_
-rw-r--r--   3 root supergroup 1073741824 2019-02-27 13:31 /myfile4
-rw-r--r--   3 root supergroup 1073741824 2019-02-27 13:31 /myfile5
-rw-r--r--   3 root supergroup 1073741824 2019-02-27 13:30 /myfile6
-rw-r--r--   3 root supergroup 1073741824 2019-02-27 13:31 /myfile7
-rw-r--r--   3 root supergroup  939524096 2019-02-27 13:31 /myfile8._COPYING_
-rw-r--r--   3 root supergroup 1073741824 2019-02-27 13:31 /myfile9
file 7 has been put into HDFS
file 7 has been read from HDFS for 1 time
diff succeed!
file 7 has been read from HDFS for 2 time
diff succeed!
file 7 has been read from HDFS for 3 time
diff succeed!
file 7 has been read from HDFS for 4 time
diff succeed!
file 7 has been read from HDFS for 5 time
diff succeed!
file 7 has been read from HDFS for 6 time
diff succeed!
file 7 has been read from HDFS for 7 time
diff succeed!
file 7 has been read from HDFS for 8 time
diff succeed!
file 7 has been read from HDFS for 9 time
diff succeed!
file 7 has been read from HDFS for 10 time
diff succeed!
Deleted /myfile7
file 7 has been removed from HDFS
Found 20 items
-rw-r--r--   3 root supergroup 1073741824 2019-02-27 13:35 /myfile1
-rw-r--r--   3 root supergroup  939524096 2019-02-27 13:35 /myfile10._COPYING_
-rw-r--r--   3 root supergroup 1073741824 2019-02-27 13:35 /myfile11
-rw-r--r--   3 root supergroup 1073741824 2019-02-27 13:31 /myfile12
-rw-r--r--   3 root supergroup 1073741824 2019-02-27 13:36 /myfile13
-rw-r--r--   3 root supergroup 1073741824 2019-02-27 13:36 /myfile14
-rw-r--r--   3 root supergroup 1073741824 2019-02-27 13:34 /myfile15
-rw-r--r--   3 root supergroup 1073741824 2019-02-27 13:31 /myfile16
-rw-r--r--   3 root supergroup 1073741824 2019-02-27 13:34 /myfile17
-rw-r--r--   3 root supergroup 1073741824 2019-02-27 13:35 /myfile18
-rw-r--r--   3 root supergroup 1073741824 2019-02-27 13:33 /myfile19
-rw-r--r--   3 root supergroup 1073741824 2019-02-27 13:33 /myfile2
-rw-r--r--   3 root supergroup  402653184 2019-02-27 13:36 /myfile20._COPYING_
-rw-r--r--   3 root supergroup  939524096 2019-02-27 13:35 /myfile3._COPYING_
-rw-r--r--   3 root supergroup 1073741824 2019-02-27 13:31 /myfile4
-rw-r--r--   3 root supergroup 1073741824 2019-02-27 13:36 /myfile5
-rw-r--r--   3 root supergroup 1073741824 2019-02-27 13:34 /myfile6
-rw-r--r--   3 root supergroup 1073741824 2019-02-27 13:36 /myfile7
-rw-r--r--   3 root supergroup 1073741824 2019-02-27 13:36 /myfile8
-rw-r--r--   3 root supergroup 1073741824 2019-02-27 13:31 /myfile9
file 7 has been put into HDFS
file 7 has been read from HDFS for 1 time
diff succeed!
file 7 has been read from HDFS for 2 time
diff succeed!
file 7 has been read from HDFS for 3 time
diff succeed!
file 7 has been read from HDFS for 4 time
diff succeed!
file 7 has been read from HDFS for 5 time
diff succeed!
file 7 has been read from HDFS for 6 time
diff succeed!
file 7 has been read from HDFS for 7 time
diff succeed!
file 7 has been read from HDFS for 8 time
diff succeed!
file 7 has been read from HDFS for 9 time
diff succeed!
file 7 has been read from HDFS for 10 time
diff succeed!
Deleted /myfile7
file 7 has been removed from HDFS
Found 19 items
-rw-r--r--   3 root supergroup 1073741824 2019-02-27 13:39 /myfile1
-rw-r--r--   3 root supergroup  671088640 2019-02-27 13:40 /myfile10._COPYING_
-rw-r--r--   3 root supergroup 1073741824 2019-02-27 13:39 /myfile11
-rw-r--r--   3 root supergroup 1073741824 2019-02-27 13:37 /myfile12
-rw-r--r--   3 root supergroup  805306368 2019-02-27 13:40 /myfile13._COPYING_
-rw-r--r--   3 root supergroup  805306368 2019-02-27 13:40 /myfile14._COPYING_
-rw-r--r--   3 root supergroup 1073741824 2019-02-27 13:39 /myfile15
-rw-r--r--   3 root supergroup 1073741824 2019-02-27 13:38 /myfile17
-rw-r--r--   3 root supergroup  402653184 2019-02-27 13:40 /myfile18._COPYING_
-rw-r--r--   3 root supergroup 1073741824 2019-02-27 13:38 /myfile19
-rw-r--r--   3 root supergroup 1073741824 2019-02-27 13:37 /myfile2
-rw-r--r--   3 root supergroup  402653184 2019-02-27 13:40 /myfile20._COPYING_
-rw-r--r--   3 root supergroup  134217728 2019-02-27 13:40 /myfile3._COPYING_
-rw-r--r--   3 root supergroup 1073741824 2019-02-27 13:37 /myfile4
-rw-r--r--   3 root supergroup 1073741824 2019-02-27 13:41 /myfile5
-rw-r--r--   3 root supergroup 1073741824 2019-02-27 13:38 /myfile6
-rw-r--r--   3 root supergroup 1073741824 2019-02-27 13:41 /myfile7
-rw-r--r--   3 root supergroup  805306368 2019-02-27 13:40 /myfile8._COPYING_
-rw-r--r--   3 root supergroup 1073741824 2019-02-27 13:37 /myfile9
file 7 has been put into HDFS
file 7 has been read from HDFS for 1 time
diff succeed!
file 7 has been read from HDFS for 2 time
diff succeed!
file 7 has been read from HDFS for 3 time
diff succeed!
file 7 has been read from HDFS for 4 time
diff succeed!
file 7 has been read from HDFS for 5 time
diff succeed!
file 7 has been read from HDFS for 6 time
diff succeed!
file 7 has been read from HDFS for 7 time
diff succeed!
file 7 has been read from HDFS for 8 time
diff succeed!
file 7 has been read from HDFS for 9 time
diff succeed!
file 7 has been read from HDFS for 10 time
diff succeed!
Deleted /myfile7
file 7 has been removed from HDFS
Found 20 items
-rw-r--r--   3 root supergroup 1073741824 2019-02-27 13:43 /myfile1
-rw-r--r--   3 root supergroup 1073741824 2019-02-27 13:41 /myfile10
-rw-r--r--   3 root supergroup 1073741824 2019-02-27 13:44 /myfile11
-rw-r--r--   3 root supergroup 1073741824 2019-02-27 13:42 /myfile12
-rw-r--r--   3 root supergroup 1073741824 2019-02-27 13:41 /myfile13
-rw-r--r--   3 root supergroup 1073741824 2019-02-27 13:41 /myfile14
-rw-r--r--   3 root supergroup 1073741824 2019-02-27 13:43 /myfile15
-rw-r--r--   3 root supergroup  536870912 2019-02-27 13:45 /myfile16._COPYING_
-rw-r--r--   3 root supergroup 1073741824 2019-02-27 13:42 /myfile17
-rw-r--r--   3 root supergroup  805306368 2019-02-27 13:45 /myfile18._COPYING_
-rw-r--r--   3 root supergroup 1073741824 2019-02-27 13:43 /myfile19
-rw-r--r--   3 root supergroup 1073741824 2019-02-27 13:42 /myfile2
-rw-r--r--   3 root supergroup 1073741824 2019-02-27 13:41 /myfile20
-rw-r--r--   3 root supergroup  805306368 2019-02-27 13:45 /myfile3._COPYING_
-rw-r--r--   3 root supergroup 1073741824 2019-02-27 13:42 /myfile4
-rw-r--r--   3 root supergroup  939524096 2019-02-27 13:45 /myfile5._COPYING_
-rw-r--r--   3 root supergroup 1073741824 2019-02-27 13:43 /myfile6
-rw-r--r--   3 root supergroup 1073741824 2019-02-27 13:45 /myfile7
-rw-r--r--   3 root supergroup 1073741824 2019-02-27 13:41 /myfile8
-rw-r--r--   3 root supergroup  134217728 2019-02-27 13:45 /myfile9._COPYING_
file 7 has been put into HDFS
file 7 has been read from HDFS for 1 time
diff succeed!
file 7 has been read from HDFS for 2 time
diff succeed!
file 7 has been read from HDFS for 3 time
diff succeed!
file 7 has been read from HDFS for 4 time
diff succeed!
file 7 has been read from HDFS for 5 time
diff succeed!
file 7 has been read from HDFS for 6 time
diff succeed!
file 7 has been read from HDFS for 7 time
diff succeed!
file 7 has been read from HDFS for 8 time
diff succeed!
file 7 has been read from HDFS for 9 time
diff succeed!
sub_benchmark 10 signal TERM catched and let quit gracefully
file 7 has been read from HDFS for 10 time
diff succeed!
Deleted /myfile7
file 7 has been removed from HDFS
