Found 20 items
-rw-r--r--   3 root supergroup 1073741824 2019-03-01 01:33 /myfile1
-rw-r--r--   3 root supergroup  671088640 2019-03-01 01:32 /myfile10._COPYING_
-rw-r--r--   3 root supergroup  805306368 2019-03-01 01:32 /myfile11._COPYING_
-rw-r--r--   3 root supergroup  939524096 2019-03-01 01:32 /myfile12._COPYING_
-rw-r--r--   3 root supergroup  939524096 2019-03-01 01:32 /myfile13._COPYING_
-rw-r--r--   3 root supergroup  939524096 2019-03-01 01:32 /myfile14._COPYING_
-rw-r--r--   3 root supergroup  805306368 2019-03-01 01:32 /myfile15._COPYING_
-rw-r--r--   3 root supergroup  671088640 2019-03-01 01:32 /myfile16._COPYING_
-rw-r--r--   3 root supergroup  671088640 2019-03-01 01:32 /myfile17._COPYING_
-rw-r--r--   3 root supergroup  671088640 2019-03-01 01:32 /myfile18._COPYING_
-rw-r--r--   3 root supergroup 1073741824 2019-03-01 01:33 /myfile19
-rw-r--r--   3 root supergroup  671088640 2019-03-01 01:32 /myfile2._COPYING_
-rw-r--r--   3 root supergroup  939524096 2019-03-01 01:32 /myfile20._COPYING_
-rw-r--r--   3 root supergroup  805306368 2019-03-01 01:32 /myfile3._COPYING_
-rw-r--r--   3 root supergroup 1073741824 2019-03-01 01:33 /myfile4
-rw-r--r--   3 root supergroup  805306368 2019-03-01 01:32 /myfile5._COPYING_
-rw-r--r--   3 root supergroup  671088640 2019-03-01 01:32 /myfile6._COPYING_
-rw-r--r--   3 root supergroup  805306368 2019-03-01 01:32 /myfile7._COPYING_
-rw-r--r--   3 root supergroup  671088640 2019-03-01 01:32 /myfile8._COPYING_
-rw-r--r--   3 root supergroup  939524096 2019-03-01 01:32 /myfile9._COPYING_
file 4 has been put into HDFS
file 4 has been read from HDFS for 1 time
diff succeed!
file 4 has been read from HDFS for 2 time
diff succeed!
file 4 has been read from HDFS for 3 time
diff succeed!
file 4 has been read from HDFS for 4 time
diff succeed!
file 4 has been read from HDFS for 5 time
diff succeed!
file 4 has been read from HDFS for 6 time
diff succeed!
file 4 has been read from HDFS for 7 time
diff succeed!
file 4 has been read from HDFS for 8 time
diff succeed!
file 4 has been read from HDFS for 9 time
diff succeed!
file 4 has been read from HDFS for 10 time
diff succeed!
Deleted /myfile4
file 4 has been removed from HDFS
Found 17 items
-rw-r--r--   3 root supergroup 1073741824 2019-03-01 01:37 /myfile1
-rw-r--r--   3 root supergroup 1073741824 2019-03-01 01:33 /myfile10
-rw-r--r--   3 root supergroup 1073741824 2019-03-01 01:33 /myfile11
-rw-r--r--   3 root supergroup 1073741824 2019-03-01 01:33 /myfile12
-rw-r--r--   3 root supergroup          0 2019-03-01 01:37 /myfile13._COPYING_
-rw-r--r--   3 root supergroup  268435456 2019-03-01 01:37 /myfile14._COPYING_
-rw-r--r--   3 root supergroup 1073741824 2019-03-01 01:33 /myfile15
-rw-r--r--   3 root supergroup 1073741824 2019-03-01 01:37 /myfile18
-rw-r--r--   3 root supergroup 1073741824 2019-03-01 01:33 /myfile19
-rw-r--r--   3 root supergroup 1073741824 2019-03-01 01:33 /myfile2
-rw-r--r--   3 root supergroup 1073741824 2019-03-01 01:33 /myfile20
-rw-r--r--   3 root supergroup          0 2019-03-01 01:37 /myfile3._COPYING_
-rw-r--r--   3 root supergroup 1073741824 2019-03-01 01:37 /myfile4
-rw-r--r--   3 root supergroup 1073741824 2019-03-01 01:33 /myfile5
-rw-r--r--   3 root supergroup 1073741824 2019-03-01 01:33 /myfile7
-rw-r--r--   3 root supergroup 1073741824 2019-03-01 01:33 /myfile8
-rw-r--r--   3 root supergroup          0 2019-03-01 01:37 /myfile9._COPYING_
file 4 has been put into HDFS
file 4 has been read from HDFS for 1 time
diff succeed!
file 4 has been read from HDFS for 2 time
diff succeed!
file 4 has been read from HDFS for 3 time
diff succeed!
file 4 has been read from HDFS for 4 time
diff succeed!
file 4 has been read from HDFS for 5 time
diff succeed!
file 4 has been read from HDFS for 6 time
diff succeed!
file 4 has been read from HDFS for 7 time
diff succeed!
file 4 has been read from HDFS for 8 time
diff succeed!
file 4 has been read from HDFS for 9 time
diff succeed!
file 4 has been read from HDFS for 10 time
diff succeed!
Deleted /myfile4
file 4 has been removed from HDFS
Found 20 items
-rw-r--r--   3 root supergroup 1073741824 2019-03-01 01:41 /myfile1
-rw-r--r--   3 root supergroup 1073741824 2019-03-01 01:38 /myfile10
-rw-r--r--   3 root supergroup 1073741824 2019-03-01 01:37 /myfile11
-rw-r--r--   3 root supergroup 1073741824 2019-03-01 01:38 /myfile12
-rw-r--r--   3 root supergroup 1073741824 2019-03-01 01:37 /myfile13
-rw-r--r--   3 root supergroup 1073741824 2019-03-01 01:37 /myfile14
-rw-r--r--   3 root supergroup 1073741824 2019-03-01 01:38 /myfile15
-rw-r--r--   3 root supergroup 1073741824 2019-03-01 01:37 /myfile16
-rw-r--r--   3 root supergroup          0 2019-03-01 01:41 /myfile17._COPYING_
-rw-r--r--   3 root supergroup  671088640 2019-03-01 01:41 /myfile18._COPYING_
-rw-r--r--   3 root supergroup 1073741824 2019-03-01 01:38 /myfile19
-rw-r--r--   3 root supergroup 1073741824 2019-03-01 01:38 /myfile2
-rw-r--r--   3 root supergroup 1073741824 2019-03-01 01:38 /myfile20
-rw-r--r--   3 root supergroup 1073741824 2019-03-01 01:37 /myfile3
-rw-r--r--   3 root supergroup 1073741824 2019-03-01 01:41 /myfile4
-rw-r--r--   3 root supergroup 1073741824 2019-03-01 01:37 /myfile5
-rw-r--r--   3 root supergroup 1073741824 2019-03-01 01:37 /myfile6
-rw-r--r--   3 root supergroup 1073741824 2019-03-01 01:38 /myfile7
-rw-r--r--   3 root supergroup 1073741824 2019-03-01 01:37 /myfile8
-rw-r--r--   3 root supergroup 1073741824 2019-03-01 01:37 /myfile9
file 4 has been put into HDFS
file 4 has been read from HDFS for 1 time
diff succeed!
file 4 has been read from HDFS for 2 time
diff succeed!
file 4 has been read from HDFS for 3 time
diff succeed!
file 4 has been read from HDFS for 4 time
diff succeed!
file 4 has been read from HDFS for 5 time
diff succeed!
file 4 has been read from HDFS for 6 time
diff succeed!
file 4 has been read from HDFS for 7 time
diff succeed!
file 4 has been read from HDFS for 8 time
diff succeed!
file 4 has been read from HDFS for 9 time
diff succeed!
file 4 has been read from HDFS for 10 time
diff succeed!
Deleted /myfile4
file 4 has been removed from HDFS
Found 18 items
-rw-r--r--   3 root supergroup 1073741824 2019-03-01 01:45 /myfile1
-rw-r--r--   3 root supergroup 1073741824 2019-03-01 01:42 /myfile10
-rw-r--r--   3 root supergroup 1073741824 2019-03-01 01:42 /myfile11
-rw-r--r--   3 root supergroup 1073741824 2019-03-01 01:42 /myfile12
-rw-r--r--   3 root supergroup 1073741824 2019-03-01 01:42 /myfile14
-rw-r--r--   3 root supergroup 1073741824 2019-03-01 01:42 /myfile15
-rw-r--r--   3 root supergroup 1073741824 2019-03-01 01:42 /myfile16
-rw-r--r--   3 root supergroup 1073741824 2019-03-01 01:41 /myfile17
-rw-r--r--   3 root supergroup 1073741824 2019-03-01 01:45 /myfile18
-rw-r--r--   3 root supergroup 1073741824 2019-03-01 01:42 /myfile19
-rw-r--r--   3 root supergroup 1073741824 2019-03-01 01:43 /myfile2
-rw-r--r--   3 root supergroup 1073741824 2019-03-01 01:42 /myfile3
-rw-r--r--   3 root supergroup 1073741824 2019-03-01 01:45 /myfile4
-rw-r--r--   3 root supergroup 1073741824 2019-03-01 01:41 /myfile5
-rw-r--r--   3 root supergroup 1073741824 2019-03-01 01:41 /myfile6
-rw-r--r--   3 root supergroup 1073741824 2019-03-01 01:42 /myfile7
-rw-r--r--   3 root supergroup 1073741824 2019-03-01 01:42 /myfile8
-rw-r--r--   3 root supergroup  402653184 2019-03-01 01:45 /myfile9._COPYING_
file 4 has been put into HDFS
file 4 has been read from HDFS for 1 time
diff succeed!
file 4 has been read from HDFS for 2 time
diff succeed!
file 4 has been read from HDFS for 3 time
diff succeed!
sub_benchmark 3 signal TERM catched and let quit gracefully
Deleted /myfile4
file 4 has been removed from HDFS
