2019-03-18 02:39:58,891 WARN  namenode.FSNamesystem FSNamesystem.java:checkConfiguration:680 - Only one image storage directory (dfs.namenode.name.dir) configured. Beware of data loss due to lack of redundant storage directories!
2019-03-18 03:00:15,124 WARN  ha.EditLogTailer EditLogTailer.java:doWork:481 - Edit log tailer interrupted
java.lang.InterruptedException: sleep interrupted
	at java.lang.Thread.sleep(Native Method)
	at org.apache.hadoop.hdfs.server.namenode.ha.EditLogTailer$EditLogTailerThread.doWork(EditLogTailer.java:479)
	at org.apache.hadoop.hdfs.server.namenode.ha.EditLogTailer$EditLogTailerThread.access$400(EditLogTailer.java:409)
	at org.apache.hadoop.hdfs.server.namenode.ha.EditLogTailer$EditLogTailerThread$1.run(EditLogTailer.java:426)
	at org.apache.hadoop.security.SecurityUtil.doAsLoginUserOrFatal(SecurityUtil.java:482)
	at org.apache.hadoop.hdfs.server.namenode.ha.EditLogTailer$EditLogTailerThread.run(EditLogTailer.java:422)
2019-03-18 03:00:39,960 ERROR namenode.NameNode LogAdapter.java:error:75 - RECEIVED SIGNAL 15: SIGTERM
2019-03-18 03:00:49,470 WARN  namenode.FSNamesystem FSNamesystem.java:checkConfiguration:680 - Only one image storage directory (dfs.namenode.name.dir) configured. Beware of data loss due to lack of redundant storage directories!
2019-03-18 03:21:01,123 WARN  ha.EditLogTailer EditLogTailer.java:doWork:481 - Edit log tailer interrupted
java.lang.InterruptedException: sleep interrupted
	at java.lang.Thread.sleep(Native Method)
	at org.apache.hadoop.hdfs.server.namenode.ha.EditLogTailer$EditLogTailerThread.doWork(EditLogTailer.java:479)
	at org.apache.hadoop.hdfs.server.namenode.ha.EditLogTailer$EditLogTailerThread.access$400(EditLogTailer.java:409)
	at org.apache.hadoop.hdfs.server.namenode.ha.EditLogTailer$EditLogTailerThread$1.run(EditLogTailer.java:426)
	at org.apache.hadoop.security.SecurityUtil.doAsLoginUserOrFatal(SecurityUtil.java:482)
	at org.apache.hadoop.hdfs.server.namenode.ha.EditLogTailer$EditLogTailerThread.run(EditLogTailer.java:422)
2019-03-18 03:21:24,793 ERROR namenode.NameNode LogAdapter.java:error:75 - RECEIVED SIGNAL 15: SIGTERM
2019-03-18 03:21:34,311 WARN  namenode.FSNamesystem FSNamesystem.java:checkConfiguration:680 - Only one image storage directory (dfs.namenode.name.dir) configured. Beware of data loss due to lack of redundant storage directories!
2019-03-18 03:41:46,142 WARN  ha.EditLogTailer EditLogTailer.java:doWork:481 - Edit log tailer interrupted
java.lang.InterruptedException: sleep interrupted
	at java.lang.Thread.sleep(Native Method)
	at org.apache.hadoop.hdfs.server.namenode.ha.EditLogTailer$EditLogTailerThread.doWork(EditLogTailer.java:479)
	at org.apache.hadoop.hdfs.server.namenode.ha.EditLogTailer$EditLogTailerThread.access$400(EditLogTailer.java:409)
	at org.apache.hadoop.hdfs.server.namenode.ha.EditLogTailer$EditLogTailerThread$1.run(EditLogTailer.java:426)
	at org.apache.hadoop.security.SecurityUtil.doAsLoginUserOrFatal(SecurityUtil.java:482)
	at org.apache.hadoop.hdfs.server.namenode.ha.EditLogTailer$EditLogTailerThread.run(EditLogTailer.java:422)
2019-03-18 03:42:15,671 ERROR namenode.NameNode LogAdapter.java:error:75 - RECEIVED SIGNAL 15: SIGTERM
2019-03-18 03:42:25,162 WARN  namenode.FSNamesystem FSNamesystem.java:checkConfiguration:680 - Only one image storage directory (dfs.namenode.name.dir) configured. Beware of data loss due to lack of redundant storage directories!
2019-03-18 04:02:37,474 WARN  ha.EditLogTailer EditLogTailer.java:doWork:481 - Edit log tailer interrupted
java.lang.InterruptedException: sleep interrupted
	at java.lang.Thread.sleep(Native Method)
	at org.apache.hadoop.hdfs.server.namenode.ha.EditLogTailer$EditLogTailerThread.doWork(EditLogTailer.java:479)
	at org.apache.hadoop.hdfs.server.namenode.ha.EditLogTailer$EditLogTailerThread.access$400(EditLogTailer.java:409)
	at org.apache.hadoop.hdfs.server.namenode.ha.EditLogTailer$EditLogTailerThread$1.run(EditLogTailer.java:426)
	at org.apache.hadoop.security.SecurityUtil.doAsLoginUserOrFatal(SecurityUtil.java:482)
	at org.apache.hadoop.hdfs.server.namenode.ha.EditLogTailer$EditLogTailerThread.run(EditLogTailer.java:422)
2019-03-18 04:03:00,596 ERROR namenode.NameNode LogAdapter.java:error:75 - RECEIVED SIGNAL 15: SIGTERM
2019-03-18 04:03:21,905 WARN  namenode.FSNamesystem FSNamesystem.java:checkConfiguration:680 - Only one image storage directory (dfs.namenode.name.dir) configured. Beware of data loss due to lack of redundant storage directories!
2019-03-18 04:23:33,616 WARN  ha.EditLogTailer EditLogTailer.java:doWork:481 - Edit log tailer interrupted
java.lang.InterruptedException: sleep interrupted
	at java.lang.Thread.sleep(Native Method)
	at org.apache.hadoop.hdfs.server.namenode.ha.EditLogTailer$EditLogTailerThread.doWork(EditLogTailer.java:479)
	at org.apache.hadoop.hdfs.server.namenode.ha.EditLogTailer$EditLogTailerThread.access$400(EditLogTailer.java:409)
	at org.apache.hadoop.hdfs.server.namenode.ha.EditLogTailer$EditLogTailerThread$1.run(EditLogTailer.java:426)
	at org.apache.hadoop.security.SecurityUtil.doAsLoginUserOrFatal(SecurityUtil.java:482)
	at org.apache.hadoop.hdfs.server.namenode.ha.EditLogTailer$EditLogTailerThread.run(EditLogTailer.java:422)
2019-03-18 04:23:53,728 WARN  client.QuorumJournalManager IPCLoggerChannel.java:call:417 - Took 2024ms to send a batch of 1 edits (57 bytes) to remote journal 10.10.1.5:8485
2019-03-18 04:23:55,789 WARN  client.QuorumJournalManager IPCLoggerChannel.java:call:417 - Took 4085ms to send a batch of 1 edits (57 bytes) to remote journal 10.10.1.2:8485
2019-03-18 04:23:57,791 WARN  client.QuorumJournalManager IPCLoggerChannel.java:call:417 - Took 6087ms to send a batch of 1 edits (57 bytes) to remote journal 10.10.1.3:8485
2019-03-18 04:23:57,792 ERROR namenode.NameNode LogAdapter.java:error:75 - RECEIVED SIGNAL 15: SIGTERM
2019-03-18 04:24:19,650 WARN  namenode.FSNamesystem FSNamesystem.java:checkConfiguration:680 - Only one image storage directory (dfs.namenode.name.dir) configured. Beware of data loss due to lack of redundant storage directories!
2019-03-18 04:44:31,309 WARN  ha.EditLogTailer EditLogTailer.java:doWork:481 - Edit log tailer interrupted
java.lang.InterruptedException: sleep interrupted
	at java.lang.Thread.sleep(Native Method)
	at org.apache.hadoop.hdfs.server.namenode.ha.EditLogTailer$EditLogTailerThread.doWork(EditLogTailer.java:479)
	at org.apache.hadoop.hdfs.server.namenode.ha.EditLogTailer$EditLogTailerThread.access$400(EditLogTailer.java:409)
	at org.apache.hadoop.hdfs.server.namenode.ha.EditLogTailer$EditLogTailerThread$1.run(EditLogTailer.java:426)
	at org.apache.hadoop.security.SecurityUtil.doAsLoginUserOrFatal(SecurityUtil.java:482)
	at org.apache.hadoop.hdfs.server.namenode.ha.EditLogTailer$EditLogTailerThread.run(EditLogTailer.java:422)
2019-03-18 04:44:54,999 ERROR namenode.NameNode LogAdapter.java:error:75 - RECEIVED SIGNAL 15: SIGTERM
2019-03-18 04:45:00,610 WARN  namenode.FSNamesystem FSNamesystem.java:checkConfiguration:680 - Only one image storage directory (dfs.namenode.name.dir) configured. Beware of data loss due to lack of redundant storage directories!
