Found 20 items
-rw-r--r--   3 root supergroup 1073741824 2019-02-22 17:48 /myfile1
-rw-r--r--   3 root supergroup 1073741824 2019-02-22 17:48 /myfile10
-rw-r--r--   3 root supergroup 1073741824 2019-02-22 17:48 /myfile11
-rw-r--r--   3 root supergroup 1073741824 2019-02-22 17:48 /myfile12
-rw-r--r--   3 root supergroup 1073741824 2019-02-22 17:48 /myfile13
-rw-r--r--   3 root supergroup 1073741824 2019-02-22 17:48 /myfile14
-rw-r--r--   3 root supergroup 1073741824 2019-02-22 17:48 /myfile15
-rw-r--r--   3 root supergroup 1073741824 2019-02-22 17:48 /myfile16
-rw-r--r--   3 root supergroup 1073741824 2019-02-22 17:48 /myfile17
-rw-r--r--   3 root supergroup 1073741824 2019-02-22 17:48 /myfile18
-rw-r--r--   3 root supergroup 1073741824 2019-02-22 17:48 /myfile19
-rw-r--r--   3 root supergroup 1073741824 2019-02-22 17:48 /myfile2
-rw-r--r--   3 root supergroup 1073741824 2019-02-22 17:48 /myfile20
-rw-r--r--   3 root supergroup 1073741824 2019-02-22 17:48 /myfile3
-rw-r--r--   3 root supergroup 1073741824 2019-02-22 17:48 /myfile4
-rw-r--r--   3 root supergroup 1073741824 2019-02-22 17:48 /myfile5
-rw-r--r--   3 root supergroup 1073741824 2019-02-22 17:48 /myfile6
-rw-r--r--   3 root supergroup 1073741824 2019-02-22 17:48 /myfile7
-rw-r--r--   3 root supergroup 1073741824 2019-02-22 17:48 /myfile8
-rw-r--r--   3 root supergroup 1073741824 2019-02-22 17:48 /myfile9
file 8 has been put into HDFS
file 8 has been read from HDFS for 1 time
diff succeed!
file 8 has been read from HDFS for 2 time
diff succeed!
file 8 has been read from HDFS for 3 time
diff succeed!
file 8 has been read from HDFS for 4 time
diff succeed!
file 8 has been read from HDFS for 5 time
diff succeed!
file 8 has been read from HDFS for 6 time
diff succeed!
file 8 has been read from HDFS for 7 time
diff succeed!
file 8 has been read from HDFS for 8 time
diff succeed!
file 8 has been read from HDFS for 9 time
diff succeed!
file 8 has been read from HDFS for 10 time
diff succeed!
Deleted /myfile8
file 8 has been removed from HDFS
Found 18 items
-rw-r--r--   3 root supergroup  805306368 2019-02-22 17:52 /myfile1._COPYING_
-rw-r--r--   3 root supergroup 1073741824 2019-02-22 17:53 /myfile10
-rw-r--r--   3 root supergroup  939524096 2019-02-22 17:52 /myfile11._COPYING_
-rw-r--r--   3 root supergroup  805306368 2019-02-22 17:52 /myfile12._COPYING_
-rw-r--r--   3 root supergroup 1073741824 2019-02-22 17:53 /myfile13
-rw-r--r--   3 root supergroup  402653184 2019-02-22 17:52 /myfile14._COPYING_
-rw-r--r--   3 root supergroup  939524096 2019-02-22 17:52 /myfile16._COPYING_
-rw-r--r--   3 root supergroup 1073741824 2019-02-22 17:52 /myfile17
-rw-r--r--   3 root supergroup  939524096 2019-02-22 17:52 /myfile18._COPYING_
-rw-r--r--   3 root supergroup  134217728 2019-02-22 17:52 /myfile19._COPYING_
-rw-r--r--   3 root supergroup  268435456 2019-02-22 17:52 /myfile20._COPYING_
-rw-r--r--   3 root supergroup 1073741824 2019-02-22 17:52 /myfile3
-rw-r--r--   3 root supergroup 1073741824 2019-02-22 17:52 /myfile4
-rw-r--r--   3 root supergroup 1073741824 2019-02-22 17:53 /myfile5
-rw-r--r--   3 root supergroup 1073741824 2019-02-22 17:53 /myfile6
-rw-r--r--   3 root supergroup  939524096 2019-02-22 17:52 /myfile7._COPYING_
-rw-r--r--   3 root supergroup 1073741824 2019-02-22 17:52 /myfile8
-rw-r--r--   3 root supergroup 1073741824 2019-02-22 17:52 /myfile9
file 8 has been put into HDFS
file 8 has been read from HDFS for 1 time
diff succeed!
file 8 has been read from HDFS for 2 time
diff succeed!
file 8 has been read from HDFS for 3 time
diff succeed!
file 8 has been read from HDFS for 4 time
diff succeed!
file 8 has been read from HDFS for 5 time
diff succeed!
file 8 has been read from HDFS for 6 time
diff succeed!
file 8 has been read from HDFS for 7 time
diff succeed!
file 8 has been read from HDFS for 8 time
diff succeed!
file 8 has been read from HDFS for 9 time
diff succeed!
file 8 has been read from HDFS for 10 time
diff succeed!
Deleted /myfile8
file 8 has been removed from HDFS
Found 20 items
-rw-r--r--   3 root supergroup 1073741824 2019-02-22 17:58 /myfile1
-rw-r--r--   3 root supergroup 1073741824 2019-02-22 17:58 /myfile10
-rw-r--r--   3 root supergroup  939524096 2019-02-22 17:58 /myfile11._COPYING_
-rw-r--r--   3 root supergroup 1073741824 2019-02-22 17:58 /myfile12
-rw-r--r--   3 root supergroup 1073741824 2019-02-22 17:57 /myfile13
-rw-r--r--   3 root supergroup 1073741824 2019-02-22 17:57 /myfile14
-rw-r--r--   3 root supergroup 1073741824 2019-02-22 17:53 /myfile15
-rw-r--r--   3 root supergroup 1073741824 2019-02-22 17:57 /myfile16
-rw-r--r--   3 root supergroup          0 2019-02-22 17:58 /myfile17._COPYING_
-rw-r--r--   3 root supergroup 1073741824 2019-02-22 17:57 /myfile18
-rw-r--r--   3 root supergroup 1073741824 2019-02-22 17:57 /myfile19
-rw-r--r--   3 root supergroup 1073741824 2019-02-22 17:53 /myfile2
-rw-r--r--   3 root supergroup 1073741824 2019-02-22 17:57 /myfile20
-rw-r--r--   3 root supergroup 1073741824 2019-02-22 17:58 /myfile3
-rw-r--r--   3 root supergroup 1073741824 2019-02-22 17:57 /myfile4
-rw-r--r--   3 root supergroup 1073741824 2019-02-22 17:57 /myfile5
-rw-r--r--   3 root supergroup 1073741824 2019-02-22 17:58 /myfile6
-rw-r--r--   3 root supergroup 1073741824 2019-02-22 17:57 /myfile7
-rw-r--r--   3 root supergroup 1073741824 2019-02-22 17:58 /myfile8
-rw-r--r--   3 root supergroup 1073741824 2019-02-22 17:58 /myfile9
file 8 has been put into HDFS
file 8 has been read from HDFS for 1 time
diff succeed!
file 8 has been read from HDFS for 2 time
diff succeed!
file 8 has been read from HDFS for 3 time
diff succeed!
2019-02-22 18:00:35,491 INFO retry.RetryInvocationHandler: java.net.ConnectException: Call From clnode049.clemson.cloudlab.us/130.127.133.58 to node-1-link-0:8020 failed on connection exception: java.net.ConnectException: Connection refused; For more details see:  http://wiki.apache.org/hadoop/ConnectionRefused, while invoking ClientNamenodeProtocolTranslatorPB.getFileInfo over node-1-link-0/10.10.1.4:8020 after 1 failover attempts. Trying to failover after sleeping for 752ms.
2019-02-22 18:00:36,246 INFO retry.RetryInvocationHandler: org.apache.hadoop.ipc.RemoteException(org.apache.hadoop.ipc.StandbyException): Operation category READ is not supported in state standby. Visit https://s.apache.org/sbnn-error
	at org.apache.hadoop.hdfs.server.namenode.ha.StandbyState.checkOperation(StandbyState.java:88)
	at org.apache.hadoop.hdfs.server.namenode.NameNode$NameNodeHAContext.checkOperation(NameNode.java:1952)
	at org.apache.hadoop.hdfs.server.namenode.FSNamesystem.checkOperation(FSNamesystem.java:1423)
	at org.apache.hadoop.hdfs.server.namenode.FSNamesystem.getFileInfo(FSNamesystem.java:3085)
	at org.apache.hadoop.hdfs.server.namenode.NameNodeRpcServer.getFileInfo(NameNodeRpcServer.java:1154)
	at org.apache.hadoop.hdfs.protocolPB.ClientNamenodeProtocolServerSideTranslatorPB.getFileInfo(ClientNamenodeProtocolServerSideTranslatorPB.java:966)
	at org.apache.hadoop.hdfs.protocol.proto.ClientNamenodeProtocolProtos$ClientNamenodeProtocol$2.callBlockingMethod(ClientNamenodeProtocolProtos.java)
	at org.apache.hadoop.ipc.ProtobufRpcEngine$Server$ProtoBufRpcInvoker.call(ProtobufRpcEngine.java:523)
	at org.apache.hadoop.ipc.RPC$Server.call(RPC.java:991)
	at org.apache.hadoop.ipc.Server$RpcCall.run(Server.java:872)
	at org.apache.hadoop.ipc.Server$RpcCall.run(Server.java:818)
	at java.security.AccessController.doPrivileged(Native Method)
	at javax.security.auth.Subject.doAs(Subject.java:422)
	at org.apache.hadoop.security.UserGroupInformation.doAs(UserGroupInformation.java:1729)
	at org.apache.hadoop.ipc.Server$Handler.run(Server.java:2678)
, while invoking ClientNamenodeProtocolTranslatorPB.getFileInfo over node-0-link-0/10.10.1.1:8020 after 2 failover attempts. Trying to failover after sleeping for 1156ms.
2019-02-22 18:00:37,404 INFO retry.RetryInvocationHandler: java.net.ConnectException: Call From clnode049.clemson.cloudlab.us/130.127.133.58 to node-1-link-0:8020 failed on connection exception: java.net.ConnectException: Connection refused; For more details see:  http://wiki.apache.org/hadoop/ConnectionRefused, while invoking ClientNamenodeProtocolTranslatorPB.getFileInfo over node-1-link-0/10.10.1.4:8020 after 3 failover attempts. Trying to failover after sleeping for 5934ms.
file 8 has been read from HDFS for 4 time
diff succeed!
file 8 has been read from HDFS for 5 time
diff succeed!
file 8 has been read from HDFS for 6 time
diff succeed!
file 8 has been read from HDFS for 7 time
diff succeed!
file 8 has been read from HDFS for 8 time
diff succeed!
file 8 has been read from HDFS for 9 time
diff succeed!
file 8 has been read from HDFS for 10 time
diff succeed!
Deleted /myfile8
file 8 has been removed from HDFS
Found 20 items
-rw-r--r--   3 root supergroup 1073741824 2019-02-22 18:03 /myfile1
-rw-r--r--   3 root supergroup 1073741824 2019-02-22 18:03 /myfile10
-rw-r--r--   3 root supergroup 1073741824 2019-02-22 18:03 /myfile11
-rw-r--r--   3 root supergroup 1073741824 2019-02-22 18:03 /myfile12
-rw-r--r--   3 root supergroup 1073741824 2019-02-22 18:01 /myfile13
-rw-r--r--   3 root supergroup 1073741824 2019-02-22 18:01 /myfile14
-rw-r--r--   3 root supergroup 1073741824 2019-02-22 18:00 /myfile15
-rw-r--r--   3 root supergroup 1073741824 2019-02-22 18:01 /myfile16
-rw-r--r--   3 root supergroup 1073741824 2019-02-22 18:03 /myfile17
-rw-r--r--   3 root supergroup 1073741824 2019-02-22 18:01 /myfile18
-rw-r--r--   3 root supergroup 1073741824 2019-02-22 18:02 /myfile19
-rw-r--r--   3 root supergroup 1073741824 2019-02-22 18:04 /myfile2
-rw-r--r--   3 root supergroup 1073741824 2019-02-22 18:01 /myfile20
-rw-r--r--   3 root supergroup 1073741824 2019-02-22 18:03 /myfile3
-rw-r--r--   3 root supergroup 1073741824 2019-02-22 18:01 /myfile4
-rw-r--r--   3 root supergroup 1073741824 2019-02-22 18:01 /myfile5
-rw-r--r--   3 root supergroup 1073741824 2019-02-22 18:04 /myfile6
-rw-r--r--   3 root supergroup 1073741824 2019-02-22 18:01 /myfile7
-rw-r--r--   3 root supergroup 1073741824 2019-02-22 18:04 /myfile8
-rw-r--r--   3 root supergroup 1073741824 2019-02-22 18:03 /myfile9
file 8 has been put into HDFS
file 8 has been read from HDFS for 1 time
diff succeed!
file 8 has been read from HDFS for 2 time
diff succeed!
file 8 has been read from HDFS for 3 time
diff succeed!
file 8 has been read from HDFS for 4 time
diff succeed!
file 8 has been read from HDFS for 5 time
diff succeed!
file 8 has been read from HDFS for 6 time
diff succeed!
file 8 has been read from HDFS for 7 time
diff succeed!
file 8 has been read from HDFS for 8 time
diff succeed!
file 8 has been read from HDFS for 9 time
diff succeed!
file 8 has been read from HDFS for 10 time
diff succeed!
Deleted /myfile8
file 8 has been removed from HDFS
Found 20 items
-rw-r--r--   3 root supergroup 1073741824 2019-02-22 18:08 /myfile1
-rw-r--r--   3 root supergroup 1073741824 2019-02-22 18:08 /myfile10
-rw-r--r--   3 root supergroup 1073741824 2019-02-22 18:08 /myfile11
-rw-r--r--   3 root supergroup 1073741824 2019-02-22 18:08 /myfile12
-rw-r--r--   3 root supergroup 1073741824 2019-02-22 18:06 /myfile13
-rw-r--r--   3 root supergroup 1073741824 2019-02-22 18:06 /myfile14
-rw-r--r--   3 root supergroup  805306368 2019-02-22 18:09 /myfile15._COPYING_
-rw-r--r--   3 root supergroup 1073741824 2019-02-22 18:05 /myfile16
-rw-r--r--   3 root supergroup 1073741824 2019-02-22 18:08 /myfile17
-rw-r--r--   3 root supergroup 1073741824 2019-02-22 18:05 /myfile18
-rw-r--r--   3 root supergroup 1073741824 2019-02-22 18:07 /myfile19
-rw-r--r--   3 root supergroup 1073741824 2019-02-22 18:09 /myfile2
-rw-r--r--   3 root supergroup 1073741824 2019-02-22 18:07 /myfile20
-rw-r--r--   3 root supergroup 1073741824 2019-02-22 18:08 /myfile3
-rw-r--r--   3 root supergroup 1073741824 2019-02-22 18:06 /myfile4
-rw-r--r--   3 root supergroup 1073741824 2019-02-22 18:07 /myfile5
-rw-r--r--   3 root supergroup 1073741824 2019-02-22 18:08 /myfile6
-rw-r--r--   3 root supergroup 1073741824 2019-02-22 18:06 /myfile7
-rw-r--r--   3 root supergroup 1073741824 2019-02-22 18:09 /myfile8
-rw-r--r--   3 root supergroup 1073741824 2019-02-22 18:08 /myfile9
file 8 has been put into HDFS
file 8 has been read from HDFS for 1 time
diff succeed!
file 8 has been read from HDFS for 2 time
diff succeed!
file 8 has been read from HDFS for 3 time
diff succeed!
file 8 has been read from HDFS for 4 time
diff succeed!
file 8 has been read from HDFS for 5 time
diff succeed!
file 8 has been read from HDFS for 6 time
diff succeed!
file 8 has been read from HDFS for 7 time
diff succeed!
file 8 has been read from HDFS for 8 time
diff succeed!
file 8 has been read from HDFS for 9 time
diff succeed!
file 8 has been read from HDFS for 10 time
diff succeed!
Deleted /myfile8
file 8 has been removed from HDFS
Found 20 items
-rw-r--r--   3 root supergroup 1073741824 2019-02-22 18:13 /myfile1
-rw-r--r--   3 root supergroup 1073741824 2019-02-22 18:12 /myfile10
-rw-r--r--   3 root supergroup 1073741824 2019-02-22 18:12 /myfile11
-rw-r--r--   3 root supergroup 1073741824 2019-02-22 18:12 /myfile12
-rw-r--r--   3 root supergroup 1073741824 2019-02-22 18:12 /myfile13
-rw-r--r--   3 root supergroup 1073741824 2019-02-22 18:12 /myfile14
-rw-r--r--   3 root supergroup 1073741824 2019-02-22 18:09 /myfile15
-rw-r--r--   3 root supergroup 1073741824 2019-02-22 18:12 /myfile16
-rw-r--r--   3 root supergroup 1073741824 2019-02-22 18:12 /myfile17
-rw-r--r--   3 root supergroup 1073741824 2019-02-22 18:10 /myfile18
-rw-r--r--   3 root supergroup 1073741824 2019-02-22 18:12 /myfile19
-rw-r--r--   3 root supergroup 1073741824 2019-02-22 18:13 /myfile2
-rw-r--r--   3 root supergroup 1073741824 2019-02-22 18:12 /myfile20
-rw-r--r--   3 root supergroup 1073741824 2019-02-22 18:13 /myfile3
-rw-r--r--   3 root supergroup 1073741824 2019-02-22 18:12 /myfile4
-rw-r--r--   3 root supergroup 1073741824 2019-02-22 18:12 /myfile5
-rw-r--r--   3 root supergroup 1073741824 2019-02-22 18:12 /myfile6
-rw-r--r--   3 root supergroup 1073741824 2019-02-22 18:12 /myfile7
-rw-r--r--   3 root supergroup 1073741824 2019-02-22 18:13 /myfile8
-rw-r--r--   3 root supergroup 1073741824 2019-02-22 18:13 /myfile9
file 8 has been put into HDFS
file 8 has been read from HDFS for 1 time
diff succeed!
file 8 has been read from HDFS for 2 time
diff succeed!
file 8 has been read from HDFS for 3 time
diff succeed!
file 8 has been read from HDFS for 4 time
diff succeed!
file 8 has been read from HDFS for 5 time
diff succeed!
file 8 has been read from HDFS for 6 time
diff succeed!
file 8 has been read from HDFS for 7 time
diff succeed!
file 8 has been read from HDFS for 8 time
diff succeed!
file 8 has been read from HDFS for 9 time
diff succeed!
file 8 has been read from HDFS for 10 time
diff succeed!
Deleted /myfile8
file 8 has been removed from HDFS
Found 20 items
-rw-r--r--   3 root supergroup 1073741824 2019-02-22 18:18 /myfile1
-rw-r--r--   3 root supergroup 1073741824 2019-02-22 18:17 /myfile10
-rw-r--r--   3 root supergroup 1073741824 2019-02-22 18:18 /myfile11
-rw-r--r--   3 root supergroup 1073741824 2019-02-22 18:17 /myfile12
-rw-r--r--   3 root supergroup 1073741824 2019-02-22 18:17 /myfile13
-rw-r--r--   3 root supergroup 1073741824 2019-02-22 18:16 /myfile14
-rw-r--r--   3 root supergroup 1073741824 2019-02-22 18:15 /myfile15
-rw-r--r--   3 root supergroup 1073741824 2019-02-22 18:16 /myfile16
-rw-r--r--   3 root supergroup 1073741824 2019-02-22 18:17 /myfile17
-rw-r--r--   3 root supergroup 1073741824 2019-02-22 18:14 /myfile18
-rw-r--r--   3 root supergroup 1073741824 2019-02-22 18:16 /myfile19
-rw-r--r--   3 root supergroup 1073741824 2019-02-22 18:18 /myfile2
-rw-r--r--   3 root supergroup 1073741824 2019-02-22 18:18 /myfile20
-rw-r--r--   3 root supergroup 1073741824 2019-02-22 18:18 /myfile3
-rw-r--r--   3 root supergroup 1073741824 2019-02-22 18:17 /myfile4
-rw-r--r--   3 root supergroup 1073741824 2019-02-22 18:17 /myfile5
-rw-r--r--   3 root supergroup 1073741824 2019-02-22 18:17 /myfile6
-rw-r--r--   3 root supergroup 1073741824 2019-02-22 18:16 /myfile7
-rw-r--r--   3 root supergroup 1073741824 2019-02-22 18:18 /myfile8
-rw-r--r--   3 root supergroup 1073741824 2019-02-22 18:18 /myfile9
file 8 has been put into HDFS
file 8 has been read from HDFS for 1 time
diff succeed!
file 8 has been read from HDFS for 2 time
diff succeed!
file 8 has been read from HDFS for 3 time
diff succeed!
file 8 has been read from HDFS for 4 time
diff succeed!
file 8 has been read from HDFS for 5 time
diff succeed!
file 8 has been read from HDFS for 6 time
diff succeed!
file 8 has been read from HDFS for 7 time
diff succeed!
file 8 has been read from HDFS for 8 time
diff succeed!
file 8 has been read from HDFS for 9 time
diff succeed!
file 8 has been read from HDFS for 10 time
diff succeed!
Deleted /myfile8
file 8 has been removed from HDFS
2019-02-22 18:23:21,395 INFO retry.RetryInvocationHandler: java.io.EOFException: End of File Exception between local host is: "clnode049.clemson.cloudlab.us/130.127.133.58"; destination host is: "node-0-link-0":8020; : java.io.EOFException; For more details see:  http://wiki.apache.org/hadoop/EOFException, while invoking ClientNamenodeProtocolTranslatorPB.addBlock over node-0-link-0/10.10.1.1:8020. Trying to failover immediately.
2019-02-22 18:23:21,800 INFO retry.RetryInvocationHandler: org.apache.hadoop.ipc.RemoteException(org.apache.hadoop.ipc.RetriableException): org.apache.hadoop.hdfs.server.namenode.SafeModeException: Cannot add block to /myfile8._COPYING_. Name node is in safe mode.
The reported blocks 139 has reached the threshold 0.9990 of total blocks 139. The number of live datanodes 3 has reached the minimum number 0. In safe mode extension. Safe mode will be turned off automatically in 29 seconds. NamenodeHostName:node-1-link-0
	at org.apache.hadoop.hdfs.server.namenode.FSNamesystem.checkNameNodeSafeMode(FSNamesystem.java:1441)
	at org.apache.hadoop.hdfs.server.namenode.FSDirWriteFileOp.analyzeFileState(FSDirWriteFileOp.java:591)
	at org.apache.hadoop.hdfs.server.namenode.FSDirWriteFileOp.validateAddBlock(FSDirWriteFileOp.java:172)
	at org.apache.hadoop.hdfs.server.namenode.FSNamesystem.getAdditionalBlock(FSNamesystem.java:2679)
	at org.apache.hadoop.hdfs.server.namenode.NameNodeRpcServer.addBlock(NameNodeRpcServer.java:875)
	at org.apache.hadoop.hdfs.protocolPB.ClientNamenodeProtocolServerSideTranslatorPB.addBlock(ClientNamenodeProtocolServerSideTranslatorPB.java:561)
	at org.apache.hadoop.hdfs.protocol.proto.ClientNamenodeProtocolProtos$ClientNamenodeProtocol$2.callBlockingMethod(ClientNamenodeProtocolProtos.java)
	at org.apache.hadoop.ipc.ProtobufRpcEngine$Server$ProtoBufRpcInvoker.call(ProtobufRpcEngine.java:523)
	at org.apache.hadoop.ipc.RPC$Server.call(RPC.java:991)
	at org.apache.hadoop.ipc.Server$RpcCall.run(Server.java:872)
	at org.apache.hadoop.ipc.Server$RpcCall.run(Server.java:818)
	at java.security.AccessController.doPrivileged(Native Method)
	at javax.security.auth.Subject.doAs(Subject.java:422)
	at org.apache.hadoop.security.UserGroupInformation.doAs(UserGroupInformation.java:1729)
	at org.apache.hadoop.ipc.Server$Handler.run(Server.java:2678)
Caused by: org.apache.hadoop.hdfs.server.namenode.SafeModeException: Cannot add block to /myfile8._COPYING_. Name node is in safe mode.
The reported blocks 139 has reached the threshold 0.9990 of total blocks 139. The number of live datanodes 3 has reached the minimum number 0. In safe mode extension. Safe mode will be turned off automatically in 29 seconds. NamenodeHostName:node-1-link-0
	at org.apache.hadoop.hdfs.server.namenode.FSNamesystem.newSafemodeException(FSNamesystem.java:1450)
	at org.apache.hadoop.hdfs.server.namenode.FSNamesystem.checkNameNodeSafeMode(FSNamesystem.java:1437)
	... 14 more
, while invoking ClientNamenodeProtocolTranslatorPB.addBlock over node-1-link-0/10.10.1.4:8020 after 1 failover attempts. Retrying after sleeping for 1199ms.
2019-02-22 18:23:23,003 INFO retry.RetryInvocationHandler: org.apache.hadoop.ipc.RemoteException(org.apache.hadoop.ipc.RetriableException): org.apache.hadoop.hdfs.server.namenode.SafeModeException: Cannot add block to /myfile8._COPYING_. Name node is in safe mode.
The reported blocks 139 has reached the threshold 0.9990 of total blocks 139. The number of live datanodes 3 has reached the minimum number 0. In safe mode extension. Safe mode will be turned off automatically in 28 seconds. NamenodeHostName:node-1-link-0
	at org.apache.hadoop.hdfs.server.namenode.FSNamesystem.checkNameNodeSafeMode(FSNamesystem.java:1441)
	at org.apache.hadoop.hdfs.server.namenode.FSDirWriteFileOp.analyzeFileState(FSDirWriteFileOp.java:591)
	at org.apache.hadoop.hdfs.server.namenode.FSDirWriteFileOp.validateAddBlock(FSDirWriteFileOp.java:172)
	at org.apache.hadoop.hdfs.server.namenode.FSNamesystem.getAdditionalBlock(FSNamesystem.java:2679)
	at org.apache.hadoop.hdfs.server.namenode.NameNodeRpcServer.addBlock(NameNodeRpcServer.java:875)
	at org.apache.hadoop.hdfs.protocolPB.ClientNamenodeProtocolServerSideTranslatorPB.addBlock(ClientNamenodeProtocolServerSideTranslatorPB.java:561)
	at org.apache.hadoop.hdfs.protocol.proto.ClientNamenodeProtocolProtos$ClientNamenodeProtocol$2.callBlockingMethod(ClientNamenodeProtocolProtos.java)
	at org.apache.hadoop.ipc.ProtobufRpcEngine$Server$ProtoBufRpcInvoker.call(ProtobufRpcEngine.java:523)
	at org.apache.hadoop.ipc.RPC$Server.call(RPC.java:991)
	at org.apache.hadoop.ipc.Server$RpcCall.run(Server.java:872)
	at org.apache.hadoop.ipc.Server$RpcCall.run(Server.java:818)
	at java.security.AccessController.doPrivileged(Native Method)
	at javax.security.auth.Subject.doAs(Subject.java:422)
	at org.apache.hadoop.security.UserGroupInformation.doAs(UserGroupInformation.java:1729)
	at org.apache.hadoop.ipc.Server$Handler.run(Server.java:2678)
Caused by: org.apache.hadoop.hdfs.server.namenode.SafeModeException: Cannot add block to /myfile8._COPYING_. Name node is in safe mode.
The reported blocks 139 has reached the threshold 0.9990 of total blocks 139. The number of live datanodes 3 has reached the minimum number 0. In safe mode extension. Safe mode will be turned off automatically in 28 seconds. NamenodeHostName:node-1-link-0
	at org.apache.hadoop.hdfs.server.namenode.FSNamesystem.newSafemodeException(FSNamesystem.java:1450)
	at org.apache.hadoop.hdfs.server.namenode.FSNamesystem.checkNameNodeSafeMode(FSNamesystem.java:1437)
	... 14 more
, while invoking ClientNamenodeProtocolTranslatorPB.addBlock over node-1-link-0/10.10.1.4:8020 after 1 failover attempts. Retrying after sleeping for 1191ms.
2019-02-22 18:23:24,196 INFO retry.RetryInvocationHandler: org.apache.hadoop.ipc.RemoteException(org.apache.hadoop.ipc.RetriableException): org.apache.hadoop.hdfs.server.namenode.SafeModeException: Cannot add block to /myfile8._COPYING_. Name node is in safe mode.
The reported blocks 139 has reached the threshold 0.9990 of total blocks 139. The number of live datanodes 3 has reached the minimum number 0. In safe mode extension. Safe mode will be turned off automatically in 27 seconds. NamenodeHostName:node-1-link-0
	at org.apache.hadoop.hdfs.server.namenode.FSNamesystem.checkNameNodeSafeMode(FSNamesystem.java:1441)
	at org.apache.hadoop.hdfs.server.namenode.FSDirWriteFileOp.analyzeFileState(FSDirWriteFileOp.java:591)
	at org.apache.hadoop.hdfs.server.namenode.FSDirWriteFileOp.validateAddBlock(FSDirWriteFileOp.java:172)
	at org.apache.hadoop.hdfs.server.namenode.FSNamesystem.getAdditionalBlock(FSNamesystem.java:2679)
	at org.apache.hadoop.hdfs.server.namenode.NameNodeRpcServer.addBlock(NameNodeRpcServer.java:875)
	at org.apache.hadoop.hdfs.protocolPB.ClientNamenodeProtocolServerSideTranslatorPB.addBlock(ClientNamenodeProtocolServerSideTranslatorPB.java:561)
	at org.apache.hadoop.hdfs.protocol.proto.ClientNamenodeProtocolProtos$ClientNamenodeProtocol$2.callBlockingMethod(ClientNamenodeProtocolProtos.java)
	at org.apache.hadoop.ipc.ProtobufRpcEngine$Server$ProtoBufRpcInvoker.call(ProtobufRpcEngine.java:523)
	at org.apache.hadoop.ipc.RPC$Server.call(RPC.java:991)
	at org.apache.hadoop.ipc.Server$RpcCall.run(Server.java:872)
	at org.apache.hadoop.ipc.Server$RpcCall.run(Server.java:818)
	at java.security.AccessController.doPrivileged(Native Method)
	at javax.security.auth.Subject.doAs(Subject.java:422)
	at org.apache.hadoop.security.UserGroupInformation.doAs(UserGroupInformation.java:1729)
	at org.apache.hadoop.ipc.Server$Handler.run(Server.java:2678)
Caused by: org.apache.hadoop.hdfs.server.namenode.SafeModeException: Cannot add block to /myfile8._COPYING_. Name node is in safe mode.
The reported blocks 139 has reached the threshold 0.9990 of total blocks 139. The number of live datanodes 3 has reached the minimum number 0. In safe mode extension. Safe mode will be turned off automatically in 27 seconds. NamenodeHostName:node-1-link-0
	at org.apache.hadoop.hdfs.server.namenode.FSNamesystem.newSafemodeException(FSNamesystem.java:1450)
	at org.apache.hadoop.hdfs.server.namenode.FSNamesystem.checkNameNodeSafeMode(FSNamesystem.java:1437)
	... 14 more
, while invoking ClientNamenodeProtocolTranslatorPB.addBlock over node-1-link-0/10.10.1.4:8020 after 1 failover attempts. Retrying after sleeping for 2843ms.
2019-02-22 18:23:27,042 INFO retry.RetryInvocationHandler: org.apache.hadoop.ipc.RemoteException(org.apache.hadoop.ipc.RetriableException): org.apache.hadoop.hdfs.server.namenode.SafeModeException: Cannot add block to /myfile8._COPYING_. Name node is in safe mode.
The reported blocks 139 has reached the threshold 0.9990 of total blocks 139. The number of live datanodes 3 has reached the minimum number 0. In safe mode extension. Safe mode will be turned off automatically in 24 seconds. NamenodeHostName:node-1-link-0
	at org.apache.hadoop.hdfs.server.namenode.FSNamesystem.checkNameNodeSafeMode(FSNamesystem.java:1441)
	at org.apache.hadoop.hdfs.server.namenode.FSDirWriteFileOp.analyzeFileState(FSDirWriteFileOp.java:591)
	at org.apache.hadoop.hdfs.server.namenode.FSDirWriteFileOp.validateAddBlock(FSDirWriteFileOp.java:172)
	at org.apache.hadoop.hdfs.server.namenode.FSNamesystem.getAdditionalBlock(FSNamesystem.java:2679)
	at org.apache.hadoop.hdfs.server.namenode.NameNodeRpcServer.addBlock(NameNodeRpcServer.java:875)
	at org.apache.hadoop.hdfs.protocolPB.ClientNamenodeProtocolServerSideTranslatorPB.addBlock(ClientNamenodeProtocolServerSideTranslatorPB.java:561)
	at org.apache.hadoop.hdfs.protocol.proto.ClientNamenodeProtocolProtos$ClientNamenodeProtocol$2.callBlockingMethod(ClientNamenodeProtocolProtos.java)
	at org.apache.hadoop.ipc.ProtobufRpcEngine$Server$ProtoBufRpcInvoker.call(ProtobufRpcEngine.java:523)
	at org.apache.hadoop.ipc.RPC$Server.call(RPC.java:991)
	at org.apache.hadoop.ipc.Server$RpcCall.run(Server.java:872)
	at org.apache.hadoop.ipc.Server$RpcCall.run(Server.java:818)
	at java.security.AccessController.doPrivileged(Native Method)
	at javax.security.auth.Subject.doAs(Subject.java:422)
	at org.apache.hadoop.security.UserGroupInformation.doAs(UserGroupInformation.java:1729)
	at org.apache.hadoop.ipc.Server$Handler.run(Server.java:2678)
Caused by: org.apache.hadoop.hdfs.server.namenode.SafeModeException: Cannot add block to /myfile8._COPYING_. Name node is in safe mode.
The reported blocks 139 has reached the threshold 0.9990 of total blocks 139. The number of live datanodes 3 has reached the minimum number 0. In safe mode extension. Safe mode will be turned off automatically in 24 seconds. NamenodeHostName:node-1-link-0
	at org.apache.hadoop.hdfs.server.namenode.FSNamesystem.newSafemodeException(FSNamesystem.java:1450)
	at org.apache.hadoop.hdfs.server.namenode.FSNamesystem.checkNameNodeSafeMode(FSNamesystem.java:1437)
	... 14 more
, while invoking ClientNamenodeProtocolTranslatorPB.addBlock over node-1-link-0/10.10.1.4:8020 after 1 failover attempts. Retrying after sleeping for 4011ms.
2019-02-22 18:23:29,641 INFO retry.RetryInvocationHandler: org.apache.hadoop.ipc.RemoteException(org.apache.hadoop.ipc.RetriableException): org.apache.hadoop.hdfs.server.namenode.SafeModeException: Cannot renew lease for DFSClient_NONMAPREDUCE_852979560_1. Name node is in safe mode.
The reported blocks 139 has reached the threshold 0.9990 of total blocks 139. The number of live datanodes 3 has reached the minimum number 0. In safe mode extension. Safe mode will be turned off automatically in 22 seconds. NamenodeHostName:node-1-link-0
	at org.apache.hadoop.hdfs.server.namenode.FSNamesystem.checkNameNodeSafeMode(FSNamesystem.java:1441)
	at org.apache.hadoop.hdfs.server.namenode.FSNamesystem.renewLease(FSNamesystem.java:3744)
	at org.apache.hadoop.hdfs.server.namenode.NameNodeRpcServer.renewLease(NameNodeRpcServer.java:1134)
	at org.apache.hadoop.hdfs.protocolPB.ClientNamenodeProtocolServerSideTranslatorPB.renewLease(ClientNamenodeProtocolServerSideTranslatorPB.java:737)
	at org.apache.hadoop.hdfs.protocol.proto.ClientNamenodeProtocolProtos$ClientNamenodeProtocol$2.callBlockingMethod(ClientNamenodeProtocolProtos.java)
	at org.apache.hadoop.ipc.ProtobufRpcEngine$Server$ProtoBufRpcInvoker.call(ProtobufRpcEngine.java:523)
	at org.apache.hadoop.ipc.RPC$Server.call(RPC.java:991)
	at org.apache.hadoop.ipc.Server$RpcCall.run(Server.java:872)
	at org.apache.hadoop.ipc.Server$RpcCall.run(Server.java:818)
	at java.security.AccessController.doPrivileged(Native Method)
	at javax.security.auth.Subject.doAs(Subject.java:422)
	at org.apache.hadoop.security.UserGroupInformation.doAs(UserGroupInformation.java:1729)
	at org.apache.hadoop.ipc.Server$Handler.run(Server.java:2678)
Caused by: org.apache.hadoop.hdfs.server.namenode.SafeModeException: Cannot renew lease for DFSClient_NONMAPREDUCE_852979560_1. Name node is in safe mode.
The reported blocks 139 has reached the threshold 0.9990 of total blocks 139. The number of live datanodes 3 has reached the minimum number 0. In safe mode extension. Safe mode will be turned off automatically in 22 seconds. NamenodeHostName:node-1-link-0
	at org.apache.hadoop.hdfs.server.namenode.FSNamesystem.newSafemodeException(FSNamesystem.java:1450)
	at org.apache.hadoop.hdfs.server.namenode.FSNamesystem.checkNameNodeSafeMode(FSNamesystem.java:1437)
	... 12 more
, while invoking ClientNamenodeProtocolTranslatorPB.renewLease over node-1-link-0/10.10.1.4:8020. Retrying immediately.
2019-02-22 18:23:29,643 INFO retry.RetryInvocationHandler: org.apache.hadoop.ipc.RemoteException(org.apache.hadoop.ipc.RetriableException): org.apache.hadoop.hdfs.server.namenode.SafeModeException: Cannot renew lease for DFSClient_NONMAPREDUCE_852979560_1. Name node is in safe mode.
The reported blocks 139 has reached the threshold 0.9990 of total blocks 139. The number of live datanodes 3 has reached the minimum number 0. In safe mode extension. Safe mode will be turned off automatically in 22 seconds. NamenodeHostName:node-1-link-0
	at org.apache.hadoop.hdfs.server.namenode.FSNamesystem.checkNameNodeSafeMode(FSNamesystem.java:1441)
	at org.apache.hadoop.hdfs.server.namenode.FSNamesystem.renewLease(FSNamesystem.java:3744)
	at org.apache.hadoop.hdfs.server.namenode.NameNodeRpcServer.renewLease(NameNodeRpcServer.java:1134)
	at org.apache.hadoop.hdfs.protocolPB.ClientNamenodeProtocolServerSideTranslatorPB.renewLease(ClientNamenodeProtocolServerSideTranslatorPB.java:737)
	at org.apache.hadoop.hdfs.protocol.proto.ClientNamenodeProtocolProtos$ClientNamenodeProtocol$2.callBlockingMethod(ClientNamenodeProtocolProtos.java)
	at org.apache.hadoop.ipc.ProtobufRpcEngine$Server$ProtoBufRpcInvoker.call(ProtobufRpcEngine.java:523)
	at org.apache.hadoop.ipc.RPC$Server.call(RPC.java:991)
	at org.apache.hadoop.ipc.Server$RpcCall.run(Server.java:872)
	at org.apache.hadoop.ipc.Server$RpcCall.run(Server.java:818)
	at java.security.AccessController.doPrivileged(Native Method)
	at javax.security.auth.Subject.doAs(Subject.java:422)
	at org.apache.hadoop.security.UserGroupInformation.doAs(UserGroupInformation.java:1729)
	at org.apache.hadoop.ipc.Server$Handler.run(Server.java:2678)
Caused by: org.apache.hadoop.hdfs.server.namenode.SafeModeException: Cannot renew lease for DFSClient_NONMAPREDUCE_852979560_1. Name node is in safe mode.
The reported blocks 139 has reached the threshold 0.9990 of total blocks 139. The number of live datanodes 3 has reached the minimum number 0. In safe mode extension. Safe mode will be turned off automatically in 22 seconds. NamenodeHostName:node-1-link-0
	at org.apache.hadoop.hdfs.server.namenode.FSNamesystem.newSafemodeException(FSNamesystem.java:1450)
	at org.apache.hadoop.hdfs.server.namenode.FSNamesystem.checkNameNodeSafeMode(FSNamesystem.java:1437)
	... 12 more
, while invoking ClientNamenodeProtocolTranslatorPB.renewLease over node-1-link-0/10.10.1.4:8020. Retrying after sleeping for 1474ms.
2019-02-22 18:23:31,056 INFO retry.RetryInvocationHandler: org.apache.hadoop.ipc.RemoteException(org.apache.hadoop.ipc.RetriableException): org.apache.hadoop.hdfs.server.namenode.SafeModeException: Cannot add block to /myfile8._COPYING_. Name node is in safe mode.
The reported blocks 139 has reached the threshold 0.9990 of total blocks 139. The number of live datanodes 3 has reached the minimum number 0. In safe mode extension. Safe mode will be turned off automatically in 20 seconds. NamenodeHostName:node-1-link-0
	at org.apache.hadoop.hdfs.server.namenode.FSNamesystem.checkNameNodeSafeMode(FSNamesystem.java:1441)
	at org.apache.hadoop.hdfs.server.namenode.FSDirWriteFileOp.analyzeFileState(FSDirWriteFileOp.java:591)
	at org.apache.hadoop.hdfs.server.namenode.FSDirWriteFileOp.validateAddBlock(FSDirWriteFileOp.java:172)
	at org.apache.hadoop.hdfs.server.namenode.FSNamesystem.getAdditionalBlock(FSNamesystem.java:2679)
	at org.apache.hadoop.hdfs.server.namenode.NameNodeRpcServer.addBlock(NameNodeRpcServer.java:875)
	at org.apache.hadoop.hdfs.protocolPB.ClientNamenodeProtocolServerSideTranslatorPB.addBlock(ClientNamenodeProtocolServerSideTranslatorPB.java:561)
	at org.apache.hadoop.hdfs.protocol.proto.ClientNamenodeProtocolProtos$ClientNamenodeProtocol$2.callBlockingMethod(ClientNamenodeProtocolProtos.java)
	at org.apache.hadoop.ipc.ProtobufRpcEngine$Server$ProtoBufRpcInvoker.call(ProtobufRpcEngine.java:523)
	at org.apache.hadoop.ipc.RPC$Server.call(RPC.java:991)
	at org.apache.hadoop.ipc.Server$RpcCall.run(Server.java:872)
	at org.apache.hadoop.ipc.Server$RpcCall.run(Server.java:818)
	at java.security.AccessController.doPrivileged(Native Method)
	at javax.security.auth.Subject.doAs(Subject.java:422)
	at org.apache.hadoop.security.UserGroupInformation.doAs(UserGroupInformation.java:1729)
	at org.apache.hadoop.ipc.Server$Handler.run(Server.java:2678)
Caused by: org.apache.hadoop.hdfs.server.namenode.SafeModeException: Cannot add block to /myfile8._COPYING_. Name node is in safe mode.
The reported blocks 139 has reached the threshold 0.9990 of total blocks 139. The number of live datanodes 3 has reached the minimum number 0. In safe mode extension. Safe mode will be turned off automatically in 20 seconds. NamenodeHostName:node-1-link-0
	at org.apache.hadoop.hdfs.server.namenode.FSNamesystem.newSafemodeException(FSNamesystem.java:1450)
	at org.apache.hadoop.hdfs.server.namenode.FSNamesystem.checkNameNodeSafeMode(FSNamesystem.java:1437)
	... 14 more
, while invoking ClientNamenodeProtocolTranslatorPB.addBlock over node-1-link-0/10.10.1.4:8020 after 1 failover attempts. Retrying after sleeping for 11028ms.
2019-02-22 18:23:31,120 INFO retry.RetryInvocationHandler: org.apache.hadoop.ipc.RemoteException(org.apache.hadoop.ipc.RetriableException): org.apache.hadoop.hdfs.server.namenode.SafeModeException: Cannot renew lease for DFSClient_NONMAPREDUCE_852979560_1. Name node is in safe mode.
The reported blocks 139 has reached the threshold 0.9990 of total blocks 139. The number of live datanodes 3 has reached the minimum number 0. In safe mode extension. Safe mode will be turned off automatically in 20 seconds. NamenodeHostName:node-1-link-0
	at org.apache.hadoop.hdfs.server.namenode.FSNamesystem.checkNameNodeSafeMode(FSNamesystem.java:1441)
	at org.apache.hadoop.hdfs.server.namenode.FSNamesystem.renewLease(FSNamesystem.java:3744)
	at org.apache.hadoop.hdfs.server.namenode.NameNodeRpcServer.renewLease(NameNodeRpcServer.java:1134)
	at org.apache.hadoop.hdfs.protocolPB.ClientNamenodeProtocolServerSideTranslatorPB.renewLease(ClientNamenodeProtocolServerSideTranslatorPB.java:737)
	at org.apache.hadoop.hdfs.protocol.proto.ClientNamenodeProtocolProtos$ClientNamenodeProtocol$2.callBlockingMethod(ClientNamenodeProtocolProtos.java)
	at org.apache.hadoop.ipc.ProtobufRpcEngine$Server$ProtoBufRpcInvoker.call(ProtobufRpcEngine.java:523)
	at org.apache.hadoop.ipc.RPC$Server.call(RPC.java:991)
	at org.apache.hadoop.ipc.Server$RpcCall.run(Server.java:872)
	at org.apache.hadoop.ipc.Server$RpcCall.run(Server.java:818)
	at java.security.AccessController.doPrivileged(Native Method)
	at javax.security.auth.Subject.doAs(Subject.java:422)
	at org.apache.hadoop.security.UserGroupInformation.doAs(UserGroupInformation.java:1729)
	at org.apache.hadoop.ipc.Server$Handler.run(Server.java:2678)
Caused by: org.apache.hadoop.hdfs.server.namenode.SafeModeException: Cannot renew lease for DFSClient_NONMAPREDUCE_852979560_1. Name node is in safe mode.
The reported blocks 139 has reached the threshold 0.9990 of total blocks 139. The number of live datanodes 3 has reached the minimum number 0. In safe mode extension. Safe mode will be turned off automatically in 20 seconds. NamenodeHostName:node-1-link-0
	at org.apache.hadoop.hdfs.server.namenode.FSNamesystem.newSafemodeException(FSNamesystem.java:1450)
	at org.apache.hadoop.hdfs.server.namenode.FSNamesystem.checkNameNodeSafeMode(FSNamesystem.java:1437)
	... 12 more
, while invoking ClientNamenodeProtocolTranslatorPB.renewLease over node-1-link-0/10.10.1.4:8020. Retrying after sleeping for 2425ms.
2019-02-22 18:23:33,547 INFO retry.RetryInvocationHandler: org.apache.hadoop.ipc.RemoteException(org.apache.hadoop.ipc.RetriableException): org.apache.hadoop.hdfs.server.namenode.SafeModeException: Cannot renew lease for DFSClient_NONMAPREDUCE_852979560_1. Name node is in safe mode.
The reported blocks 139 has reached the threshold 0.9990 of total blocks 139. The number of live datanodes 3 has reached the minimum number 0. In safe mode extension. Safe mode will be turned off automatically in 18 seconds. NamenodeHostName:node-1-link-0
	at org.apache.hadoop.hdfs.server.namenode.FSNamesystem.checkNameNodeSafeMode(FSNamesystem.java:1441)
	at org.apache.hadoop.hdfs.server.namenode.FSNamesystem.renewLease(FSNamesystem.java:3744)
	at org.apache.hadoop.hdfs.server.namenode.NameNodeRpcServer.renewLease(NameNodeRpcServer.java:1134)
	at org.apache.hadoop.hdfs.protocolPB.ClientNamenodeProtocolServerSideTranslatorPB.renewLease(ClientNamenodeProtocolServerSideTranslatorPB.java:737)
	at org.apache.hadoop.hdfs.protocol.proto.ClientNamenodeProtocolProtos$ClientNamenodeProtocol$2.callBlockingMethod(ClientNamenodeProtocolProtos.java)
	at org.apache.hadoop.ipc.ProtobufRpcEngine$Server$ProtoBufRpcInvoker.call(ProtobufRpcEngine.java:523)
	at org.apache.hadoop.ipc.RPC$Server.call(RPC.java:991)
	at org.apache.hadoop.ipc.Server$RpcCall.run(Server.java:872)
	at org.apache.hadoop.ipc.Server$RpcCall.run(Server.java:818)
	at java.security.AccessController.doPrivileged(Native Method)
	at javax.security.auth.Subject.doAs(Subject.java:422)
	at org.apache.hadoop.security.UserGroupInformation.doAs(UserGroupInformation.java:1729)
	at org.apache.hadoop.ipc.Server$Handler.run(Server.java:2678)
Caused by: org.apache.hadoop.hdfs.server.namenode.SafeModeException: Cannot renew lease for DFSClient_NONMAPREDUCE_852979560_1. Name node is in safe mode.
The reported blocks 139 has reached the threshold 0.9990 of total blocks 139. The number of live datanodes 3 has reached the minimum number 0. In safe mode extension. Safe mode will be turned off automatically in 18 seconds. NamenodeHostName:node-1-link-0
	at org.apache.hadoop.hdfs.server.namenode.FSNamesystem.newSafemodeException(FSNamesystem.java:1450)
	at org.apache.hadoop.hdfs.server.namenode.FSNamesystem.checkNameNodeSafeMode(FSNamesystem.java:1437)
	... 12 more
, while invoking ClientNamenodeProtocolTranslatorPB.renewLease over node-1-link-0/10.10.1.4:8020. Retrying after sleeping for 2515ms.
2019-02-22 18:23:36,066 INFO retry.RetryInvocationHandler: org.apache.hadoop.ipc.RemoteException(org.apache.hadoop.ipc.RetriableException): org.apache.hadoop.hdfs.server.namenode.SafeModeException: Cannot renew lease for DFSClient_NONMAPREDUCE_852979560_1. Name node is in safe mode.
The reported blocks 139 has reached the threshold 0.9990 of total blocks 139. The number of live datanodes 3 has reached the minimum number 0. In safe mode extension. Safe mode will be turned off automatically in 15 seconds. NamenodeHostName:node-1-link-0
	at org.apache.hadoop.hdfs.server.namenode.FSNamesystem.checkNameNodeSafeMode(FSNamesystem.java:1441)
	at org.apache.hadoop.hdfs.server.namenode.FSNamesystem.renewLease(FSNamesystem.java:3744)
	at org.apache.hadoop.hdfs.server.namenode.NameNodeRpcServer.renewLease(NameNodeRpcServer.java:1134)
	at org.apache.hadoop.hdfs.protocolPB.ClientNamenodeProtocolServerSideTranslatorPB.renewLease(ClientNamenodeProtocolServerSideTranslatorPB.java:737)
	at org.apache.hadoop.hdfs.protocol.proto.ClientNamenodeProtocolProtos$ClientNamenodeProtocol$2.callBlockingMethod(ClientNamenodeProtocolProtos.java)
	at org.apache.hadoop.ipc.ProtobufRpcEngine$Server$ProtoBufRpcInvoker.call(ProtobufRpcEngine.java:523)
	at org.apache.hadoop.ipc.RPC$Server.call(RPC.java:991)
	at org.apache.hadoop.ipc.Server$RpcCall.run(Server.java:872)
	at org.apache.hadoop.ipc.Server$RpcCall.run(Server.java:818)
	at java.security.AccessController.doPrivileged(Native Method)
	at javax.security.auth.Subject.doAs(Subject.java:422)
	at org.apache.hadoop.security.UserGroupInformation.doAs(UserGroupInformation.java:1729)
	at org.apache.hadoop.ipc.Server$Handler.run(Server.java:2678)
Caused by: org.apache.hadoop.hdfs.server.namenode.SafeModeException: Cannot renew lease for DFSClient_NONMAPREDUCE_852979560_1. Name node is in safe mode.
The reported blocks 139 has reached the threshold 0.9990 of total blocks 139. The number of live datanodes 3 has reached the minimum number 0. In safe mode extension. Safe mode will be turned off automatically in 15 seconds. NamenodeHostName:node-1-link-0
	at org.apache.hadoop.hdfs.server.namenode.FSNamesystem.newSafemodeException(FSNamesystem.java:1450)
	at org.apache.hadoop.hdfs.server.namenode.FSNamesystem.checkNameNodeSafeMode(FSNamesystem.java:1437)
	... 12 more
, while invoking ClientNamenodeProtocolTranslatorPB.renewLease over node-1-link-0/10.10.1.4:8020. Retrying after sleeping for 5538ms.
2019-02-22 18:23:41,608 INFO retry.RetryInvocationHandler: org.apache.hadoop.ipc.RemoteException(org.apache.hadoop.ipc.RetriableException): org.apache.hadoop.hdfs.server.namenode.SafeModeException: Cannot renew lease for DFSClient_NONMAPREDUCE_852979560_1. Name node is in safe mode.
The reported blocks 139 has reached the threshold 0.9990 of total blocks 139. The number of live datanodes 3 has reached the minimum number 0. In safe mode extension. Safe mode will be turned off automatically in 10 seconds. NamenodeHostName:node-1-link-0
	at org.apache.hadoop.hdfs.server.namenode.FSNamesystem.checkNameNodeSafeMode(FSNamesystem.java:1441)
	at org.apache.hadoop.hdfs.server.namenode.FSNamesystem.renewLease(FSNamesystem.java:3744)
	at org.apache.hadoop.hdfs.server.namenode.NameNodeRpcServer.renewLease(NameNodeRpcServer.java:1134)
	at org.apache.hadoop.hdfs.protocolPB.ClientNamenodeProtocolServerSideTranslatorPB.renewLease(ClientNamenodeProtocolServerSideTranslatorPB.java:737)
	at org.apache.hadoop.hdfs.protocol.proto.ClientNamenodeProtocolProtos$ClientNamenodeProtocol$2.callBlockingMethod(ClientNamenodeProtocolProtos.java)
	at org.apache.hadoop.ipc.ProtobufRpcEngine$Server$ProtoBufRpcInvoker.call(ProtobufRpcEngine.java:523)
	at org.apache.hadoop.ipc.RPC$Server.call(RPC.java:991)
	at org.apache.hadoop.ipc.Server$RpcCall.run(Server.java:872)
	at org.apache.hadoop.ipc.Server$RpcCall.run(Server.java:818)
	at java.security.AccessController.doPrivileged(Native Method)
	at javax.security.auth.Subject.doAs(Subject.java:422)
	at org.apache.hadoop.security.UserGroupInformation.doAs(UserGroupInformation.java:1729)
	at org.apache.hadoop.ipc.Server$Handler.run(Server.java:2678)
Caused by: org.apache.hadoop.hdfs.server.namenode.SafeModeException: Cannot renew lease for DFSClient_NONMAPREDUCE_852979560_1. Name node is in safe mode.
The reported blocks 139 has reached the threshold 0.9990 of total blocks 139. The number of live datanodes 3 has reached the minimum number 0. In safe mode extension. Safe mode will be turned off automatically in 10 seconds. NamenodeHostName:node-1-link-0
	at org.apache.hadoop.hdfs.server.namenode.FSNamesystem.newSafemodeException(FSNamesystem.java:1450)
	at org.apache.hadoop.hdfs.server.namenode.FSNamesystem.checkNameNodeSafeMode(FSNamesystem.java:1437)
	... 12 more
, while invoking ClientNamenodeProtocolTranslatorPB.renewLease over node-1-link-0/10.10.1.4:8020. Retrying after sleeping for 18481ms.
2019-02-22 18:23:42,088 INFO retry.RetryInvocationHandler: org.apache.hadoop.ipc.RemoteException(org.apache.hadoop.ipc.RetriableException): org.apache.hadoop.hdfs.server.namenode.SafeModeException: Cannot add block to /myfile8._COPYING_. Name node is in safe mode.
The reported blocks 139 has reached the threshold 0.9990 of total blocks 139. The number of live datanodes 3 has reached the minimum number 0. In safe mode extension. Safe mode will be turned off automatically in 9 seconds. NamenodeHostName:node-1-link-0
	at org.apache.hadoop.hdfs.server.namenode.FSNamesystem.checkNameNodeSafeMode(FSNamesystem.java:1441)
	at org.apache.hadoop.hdfs.server.namenode.FSDirWriteFileOp.analyzeFileState(FSDirWriteFileOp.java:591)
	at org.apache.hadoop.hdfs.server.namenode.FSDirWriteFileOp.validateAddBlock(FSDirWriteFileOp.java:172)
	at org.apache.hadoop.hdfs.server.namenode.FSNamesystem.getAdditionalBlock(FSNamesystem.java:2679)
	at org.apache.hadoop.hdfs.server.namenode.NameNodeRpcServer.addBlock(NameNodeRpcServer.java:875)
	at org.apache.hadoop.hdfs.protocolPB.ClientNamenodeProtocolServerSideTranslatorPB.addBlock(ClientNamenodeProtocolServerSideTranslatorPB.java:561)
	at org.apache.hadoop.hdfs.protocol.proto.ClientNamenodeProtocolProtos$ClientNamenodeProtocol$2.callBlockingMethod(ClientNamenodeProtocolProtos.java)
	at org.apache.hadoop.ipc.ProtobufRpcEngine$Server$ProtoBufRpcInvoker.call(ProtobufRpcEngine.java:523)
	at org.apache.hadoop.ipc.RPC$Server.call(RPC.java:991)
	at org.apache.hadoop.ipc.Server$RpcCall.run(Server.java:872)
	at org.apache.hadoop.ipc.Server$RpcCall.run(Server.java:818)
	at java.security.AccessController.doPrivileged(Native Method)
	at javax.security.auth.Subject.doAs(Subject.java:422)
	at org.apache.hadoop.security.UserGroupInformation.doAs(UserGroupInformation.java:1729)
	at org.apache.hadoop.ipc.Server$Handler.run(Server.java:2678)
Caused by: org.apache.hadoop.hdfs.server.namenode.SafeModeException: Cannot add block to /myfile8._COPYING_. Name node is in safe mode.
The reported blocks 139 has reached the threshold 0.9990 of total blocks 139. The number of live datanodes 3 has reached the minimum number 0. In safe mode extension. Safe mode will be turned off automatically in 9 seconds. NamenodeHostName:node-1-link-0
	at org.apache.hadoop.hdfs.server.namenode.FSNamesystem.newSafemodeException(FSNamesystem.java:1450)
	at org.apache.hadoop.hdfs.server.namenode.FSNamesystem.checkNameNodeSafeMode(FSNamesystem.java:1437)
	... 14 more
, while invoking ClientNamenodeProtocolTranslatorPB.addBlock over node-1-link-0/10.10.1.4:8020 after 1 failover attempts. Retrying after sleeping for 16940ms.
Found 19 items
-rw-r--r--   3 root supergroup  939524096 2019-02-22 18:23 /myfile1._COPYING_
-rw-r--r--   3 root supergroup 1073741824 2019-02-22 18:21 /myfile10
-rw-r--r--   3 root supergroup 1073741824 2019-02-22 18:23 /myfile11
-rw-r--r--   3 root supergroup 1073741824 2019-02-22 18:22 /myfile12
-rw-r--r--   3 root supergroup 1073741824 2019-02-22 18:22 /myfile13
-rw-r--r--   3 root supergroup 1073741824 2019-02-22 18:20 /myfile14
-rw-r--r--   3 root supergroup          0 2019-02-22 18:24 /myfile15._COPYING_
-rw-r--r--   3 root supergroup 1073741824 2019-02-22 18:21 /myfile16
-rw-r--r--   3 root supergroup  805306368 2019-02-22 18:23 /myfile17._COPYING_
-rw-r--r--   3 root supergroup 1073741824 2019-02-22 18:21 /myfile19
-rw-r--r--   3 root supergroup 1073741824 2019-02-22 18:22 /myfile2
-rw-r--r--   3 root supergroup  268435456 2019-02-22 18:24 /myfile20._COPYING_
-rw-r--r--   3 root supergroup 1073741824 2019-02-22 18:23 /myfile3
-rw-r--r--   3 root supergroup 1073741824 2019-02-22 18:21 /myfile4
-rw-r--r--   3 root supergroup 1073741824 2019-02-22 18:21 /myfile5
-rw-r--r--   3 root supergroup 1073741824 2019-02-22 18:22 /myfile6
-rw-r--r--   3 root supergroup 1073741824 2019-02-22 18:21 /myfile7
-rw-r--r--   3 root supergroup 1073741824 2019-02-22 18:24 /myfile8
-rw-r--r--   3 root supergroup  939524096 2019-02-22 18:23 /myfile9._COPYING_
file 8 has been put into HDFS
file 8 has been read from HDFS for 1 time
diff succeed!
file 8 has been read from HDFS for 2 time
diff succeed!
file 8 has been read from HDFS for 3 time
diff succeed!
file 8 has been read from HDFS for 4 time
diff succeed!
file 8 has been read from HDFS for 5 time
diff succeed!
file 8 has been read from HDFS for 6 time
diff succeed!
file 8 has been read from HDFS for 7 time
diff succeed!
file 8 has been read from HDFS for 8 time
diff succeed!
file 8 has been read from HDFS for 9 time
diff succeed!
file 8 has been read from HDFS for 10 time
diff succeed!
Deleted /myfile8
file 8 has been removed from HDFS
Found 19 items
-rw-r--r--   3 root supergroup 1073741824 2019-02-22 18:29 /myfile1
-rw-r--r--   3 root supergroup 1073741824 2019-02-22 18:26 /myfile10
-rw-r--r--   3 root supergroup 1073741824 2019-02-22 18:28 /myfile11
-rw-r--r--   3 root supergroup 1073741824 2019-02-22 18:27 /myfile12
-rw-r--r--   3 root supergroup 1073741824 2019-02-22 18:27 /myfile13
-rw-r--r--   3 root supergroup  671088640 2019-02-22 18:29 /myfile14._COPYING_
-rw-r--r--   3 root supergroup 1073741824 2019-02-22 18:30 /myfile15
-rw-r--r--   3 root supergroup  671088640 2019-02-22 18:29 /myfile16._COPYING_
-rw-r--r--   3 root supergroup  939524096 2019-02-22 18:29 /myfile17._COPYING_
-rw-r--r--   3 root supergroup 1073741824 2019-02-22 18:30 /myfile18
-rw-r--r--   3 root supergroup 1073741824 2019-02-22 18:25 /myfile19
-rw-r--r--   3 root supergroup 1073741824 2019-02-22 18:28 /myfile2
-rw-r--r--   3 root supergroup 1073741824 2019-02-22 18:30 /myfile20
-rw-r--r--   3 root supergroup 1073741824 2019-02-22 18:27 /myfile3
-rw-r--r--   3 root supergroup 1073741824 2019-02-22 18:26 /myfile4
-rw-r--r--   3 root supergroup 1073741824 2019-02-22 18:27 /myfile5
-rw-r--r--   3 root supergroup 1073741824 2019-02-22 18:26 /myfile6
-rw-r--r--   3 root supergroup 1073741824 2019-02-22 18:30 /myfile8
-rw-r--r--   3 root supergroup 1073741824 2019-02-22 18:29 /myfile9
file 8 has been put into HDFS
file 8 has been read from HDFS for 1 time
diff succeed!
file 8 has been read from HDFS for 2 time
diff succeed!
file 8 has been read from HDFS for 3 time
diff succeed!
file 8 has been read from HDFS for 4 time
diff succeed!
file 8 has been read from HDFS for 5 time
diff succeed!
file 8 has been read from HDFS for 6 time
diff succeed!
file 8 has been read from HDFS for 7 time
diff succeed!
file 8 has been read from HDFS for 8 time
diff succeed!
file 8 has been read from HDFS for 9 time
diff succeed!
sub_benchmark 9 signal TERM catched and let quit gracefully
Deleted /myfile8
file 8 has been removed from HDFS
