Found 20 items
-rw-r--r--   3 root supergroup 1073741824 2019-02-28 17:30 /myfile1
-rw-r--r--   3 root supergroup 1073741824 2019-02-28 17:30 /myfile10
-rw-r--r--   3 root supergroup 1073741824 2019-02-28 17:30 /myfile11
-rw-r--r--   3 root supergroup 1073741824 2019-02-28 17:30 /myfile12
-rw-r--r--   3 root supergroup 1073741824 2019-02-28 17:30 /myfile13
-rw-r--r--   3 root supergroup 1073741824 2019-02-28 17:30 /myfile14
-rw-r--r--   3 root supergroup 1073741824 2019-02-28 17:30 /myfile15
-rw-r--r--   3 root supergroup 1073741824 2019-02-28 17:30 /myfile16
-rw-r--r--   3 root supergroup 1073741824 2019-02-28 17:30 /myfile17
-rw-r--r--   3 root supergroup 1073741824 2019-02-28 17:30 /myfile18
-rw-r--r--   3 root supergroup 1073741824 2019-02-28 17:30 /myfile19
-rw-r--r--   3 root supergroup 1073741824 2019-02-28 17:30 /myfile2
-rw-r--r--   3 root supergroup 1073741824 2019-02-28 17:30 /myfile20
-rw-r--r--   3 root supergroup 1073741824 2019-02-28 17:30 /myfile3
-rw-r--r--   3 root supergroup 1073741824 2019-02-28 17:30 /myfile4
-rw-r--r--   3 root supergroup 1073741824 2019-02-28 17:30 /myfile5
-rw-r--r--   3 root supergroup 1073741824 2019-02-28 17:30 /myfile6
-rw-r--r--   3 root supergroup 1073741824 2019-02-28 17:30 /myfile7
-rw-r--r--   3 root supergroup 1073741824 2019-02-28 17:30 /myfile8
-rw-r--r--   3 root supergroup 1073741824 2019-02-28 17:30 /myfile9
file 18 has been put into HDFS
file 18 has been read from HDFS for 1 time
diff succeed!
file 18 has been read from HDFS for 2 time
diff succeed!
file 18 has been read from HDFS for 3 time
diff succeed!
file 18 has been read from HDFS for 4 time
diff succeed!
file 18 has been read from HDFS for 5 time
diff succeed!
file 18 has been read from HDFS for 6 time
diff succeed!
file 18 has been read from HDFS for 7 time
diff succeed!
file 18 has been read from HDFS for 8 time
diff succeed!
file 18 has been read from HDFS for 9 time
diff succeed!
file 18 has been read from HDFS for 10 time
diff succeed!
Deleted /myfile18
file 18 has been removed from HDFS
Found 20 items
-rw-r--r--   3 root supergroup 1073741824 2019-02-28 17:34 /myfile1
-rw-r--r--   3 root supergroup 1073741824 2019-02-28 17:34 /myfile10
-rw-r--r--   3 root supergroup 1073741824 2019-02-28 17:35 /myfile11
-rw-r--r--   3 root supergroup  402653184 2019-02-28 17:35 /myfile12._COPYING_
-rw-r--r--   3 root supergroup 1073741824 2019-02-28 17:36 /myfile13
-rw-r--r--   3 root supergroup 1073741824 2019-02-28 17:34 /myfile14
-rw-r--r--   3 root supergroup 1073741824 2019-02-28 17:34 /myfile15
-rw-r--r--   3 root supergroup 1073741824 2019-02-28 17:34 /myfile16
-rw-r--r--   3 root supergroup 1073741824 2019-02-28 17:34 /myfile17
-rw-r--r--   3 root supergroup 1073741824 2019-02-28 17:36 /myfile18
-rw-r--r--   3 root supergroup 1073741824 2019-02-28 17:34 /myfile19
-rw-r--r--   3 root supergroup  402653184 2019-02-28 17:35 /myfile2._COPYING_
-rw-r--r--   3 root supergroup 1073741824 2019-02-28 17:35 /myfile20
-rw-r--r--   3 root supergroup 1073741824 2019-02-28 17:34 /myfile3
-rw-r--r--   3 root supergroup 1073741824 2019-02-28 17:34 /myfile4
-rw-r--r--   3 root supergroup 1073741824 2019-02-28 17:34 /myfile5
-rw-r--r--   3 root supergroup  939524096 2019-02-28 17:35 /myfile6._COPYING_
-rw-r--r--   3 root supergroup 1073741824 2019-02-28 17:35 /myfile7
-rw-r--r--   3 root supergroup 1073741824 2019-02-28 17:35 /myfile8
-rw-r--r--   3 root supergroup 1073741824 2019-02-28 17:34 /myfile9
file 18 has been put into HDFS
file 18 has been read from HDFS for 1 time
diff succeed!
file 18 has been read from HDFS for 2 time
diff succeed!
file 18 has been read from HDFS for 3 time
diff succeed!
file 18 has been read from HDFS for 4 time
diff succeed!
file 18 has been read from HDFS for 5 time
diff succeed!
file 18 has been read from HDFS for 6 time
diff succeed!
file 18 has been read from HDFS for 7 time
diff succeed!
file 18 has been read from HDFS for 8 time
diff succeed!
file 18 has been read from HDFS for 9 time
diff succeed!
file 18 has been read from HDFS for 10 time
diff succeed!
Deleted /myfile18
file 18 has been removed from HDFS
Found 19 items
-rw-r--r--   3 root supergroup 1073741824 2019-02-28 17:38 /myfile1
-rw-r--r--   3 root supergroup 1073741824 2019-02-28 17:38 /myfile10
-rw-r--r--   3 root supergroup 1073741824 2019-02-28 17:39 /myfile11
-rw-r--r--   3 root supergroup 1073741824 2019-02-28 17:36 /myfile12
-rw-r--r--   3 root supergroup 1073741824 2019-02-28 17:40 /myfile13
-rw-r--r--   3 root supergroup 1073741824 2019-02-28 17:39 /myfile14
-rw-r--r--   3 root supergroup 1073741824 2019-02-28 17:38 /myfile15
-rw-r--r--   3 root supergroup 1073741824 2019-02-28 17:39 /myfile16
-rw-r--r--   3 root supergroup 1073741824 2019-02-28 17:39 /myfile17
-rw-r--r--   3 root supergroup 1073741824 2019-02-28 17:40 /myfile18
-rw-r--r--   3 root supergroup 1073741824 2019-02-28 17:38 /myfile19
-rw-r--r--   3 root supergroup 1073741824 2019-02-28 17:40 /myfile20
-rw-r--r--   3 root supergroup 1073741824 2019-02-28 17:38 /myfile3
-rw-r--r--   3 root supergroup 1073741824 2019-02-28 17:39 /myfile4
-rw-r--r--   3 root supergroup 1073741824 2019-02-28 17:39 /myfile5
-rw-r--r--   3 root supergroup 1073741824 2019-02-28 17:40 /myfile6
-rw-r--r--   3 root supergroup  805306368 2019-02-28 17:39 /myfile7._COPYING_
-rw-r--r--   3 root supergroup 1073741824 2019-02-28 17:40 /myfile8
-rw-r--r--   3 root supergroup 1073741824 2019-02-28 17:38 /myfile9
file 18 has been put into HDFS
file 18 has been read from HDFS for 1 time
diff succeed!
file 18 has been read from HDFS for 2 time
diff succeed!
file 18 has been read from HDFS for 3 time
diff succeed!
file 18 has been read from HDFS for 4 time
diff succeed!
file 18 has been read from HDFS for 5 time
diff succeed!
file 18 has been read from HDFS for 6 time
diff succeed!
file 18 has been read from HDFS for 7 time
diff succeed!
file 18 has been read from HDFS for 8 time
diff succeed!
file 18 has been read from HDFS for 9 time
diff succeed!
file 18 has been read from HDFS for 10 time
diff succeed!
Deleted /myfile18
file 18 has been removed from HDFS
sub_benchmark 10 signal TERM catched and let quit gracefully
Found 6 items
-rw-r--r--   3 root supergroup 1073741824 2019-02-28 17:44 /myfile11
-rw-r--r--   3 root supergroup 1073741824 2019-02-28 17:41 /myfile12
-rw-r--r--   3 root supergroup 1073741824 2019-02-28 17:44 /myfile13
-rw-r--r--   3 root supergroup 1073741824 2019-02-28 17:44 /myfile18
-rw-r--r--   3 root supergroup  939524096 2019-02-28 17:44 /myfile6._COPYING_
-rw-r--r--   3 root supergroup  805306368 2019-02-28 17:44 /myfile7._COPYING_
file 18 has been put into HDFS
file 18 has been read from HDFS for 1 time
diff succeed!
Deleted /myfile18
file 18 has been removed from HDFS
