Found 20 items
-rw-r--r--   3 root supergroup 1073741824 2019-02-28 20:44 /myfile1
-rw-r--r--   3 root supergroup 1073741824 2019-02-28 20:44 /myfile10
-rw-r--r--   3 root supergroup 1073741824 2019-02-28 20:44 /myfile11
-rw-r--r--   3 root supergroup 1073741824 2019-02-28 20:44 /myfile12
-rw-r--r--   3 root supergroup 1073741824 2019-02-28 20:44 /myfile13
-rw-r--r--   3 root supergroup 1073741824 2019-02-28 20:44 /myfile14
-rw-r--r--   3 root supergroup 1073741824 2019-02-28 20:44 /myfile15
-rw-r--r--   3 root supergroup  939524096 2019-02-28 20:43 /myfile16._COPYING_
-rw-r--r--   3 root supergroup 1073741824 2019-02-28 20:44 /myfile17
-rw-r--r--   3 root supergroup 1073741824 2019-02-28 20:44 /myfile18
-rw-r--r--   3 root supergroup 1073741824 2019-02-28 20:44 /myfile19
-rw-r--r--   3 root supergroup 1073741824 2019-02-28 20:44 /myfile2
-rw-r--r--   3 root supergroup 1073741824 2019-02-28 20:44 /myfile20
-rw-r--r--   3 root supergroup 1073741824 2019-02-28 20:44 /myfile3
-rw-r--r--   3 root supergroup 1073741824 2019-02-28 20:44 /myfile4
-rw-r--r--   3 root supergroup 1073741824 2019-02-28 20:44 /myfile5
-rw-r--r--   3 root supergroup 1073741824 2019-02-28 20:44 /myfile6
-rw-r--r--   3 root supergroup  939524096 2019-02-28 20:43 /myfile7._COPYING_
-rw-r--r--   3 root supergroup  671088640 2019-02-28 20:43 /myfile8._COPYING_
-rw-r--r--   3 root supergroup  939524096 2019-02-28 20:43 /myfile9._COPYING_
file 14 has been put into HDFS
file 14 has been read from HDFS for 1 time
diff succeed!
file 14 has been read from HDFS for 2 time
diff succeed!
file 14 has been read from HDFS for 3 time
diff succeed!
file 14 has been read from HDFS for 4 time
diff succeed!
file 14 has been read from HDFS for 5 time
diff succeed!
file 14 has been read from HDFS for 6 time
diff succeed!
file 14 has been read from HDFS for 7 time
diff succeed!
file 14 has been read from HDFS for 8 time
diff succeed!
file 14 has been read from HDFS for 9 time
diff succeed!
file 14 has been read from HDFS for 10 time
diff succeed!
Deleted /myfile14
file 14 has been removed from HDFS
Found 19 items
-rw-r--r--   3 root supergroup 1073741824 2019-02-28 20:50 /myfile1
-rw-r--r--   3 root supergroup 1073741824 2019-02-28 20:47 /myfile10
-rw-r--r--   3 root supergroup 1073741824 2019-02-28 20:48 /myfile11
-rw-r--r--   3 root supergroup 1073741824 2019-02-28 20:47 /myfile12
-rw-r--r--   3 root supergroup 1073741824 2019-02-28 20:48 /myfile13
-rw-r--r--   3 root supergroup 1073741824 2019-02-28 20:50 /myfile14
-rw-r--r--   3 root supergroup 1073741824 2019-02-28 20:48 /myfile15
-rw-r--r--   3 root supergroup 1073741824 2019-02-28 20:48 /myfile16
-rw-r--r--   3 root supergroup 1073741824 2019-02-28 20:48 /myfile17
-rw-r--r--   3 root supergroup 1073741824 2019-02-28 20:50 /myfile18
-rw-r--r--   3 root supergroup 1073741824 2019-02-28 20:48 /myfile19
-rw-r--r--   3 root supergroup  939524096 2019-02-28 20:50 /myfile2._COPYING_
-rw-r--r--   3 root supergroup 1073741824 2019-02-28 20:48 /myfile20
-rw-r--r--   3 root supergroup 1073741824 2019-02-28 20:50 /myfile3
-rw-r--r--   3 root supergroup 1073741824 2019-02-28 20:48 /myfile4
-rw-r--r--   3 root supergroup 1073741824 2019-02-28 20:50 /myfile5
-rw-r--r--   3 root supergroup 1073741824 2019-02-28 20:50 /myfile6
-rw-r--r--   3 root supergroup 1073741824 2019-02-28 20:50 /myfile7
-rw-r--r--   3 root supergroup 1073741824 2019-02-28 20:48 /myfile9
file 14 has been put into HDFS
file 14 has been read from HDFS for 1 time
diff succeed!
file 14 has been read from HDFS for 2 time
diff succeed!
file 14 has been read from HDFS for 3 time
diff succeed!
file 14 has been read from HDFS for 4 time
diff succeed!
file 14 has been read from HDFS for 5 time
diff succeed!
file 14 has been read from HDFS for 6 time
diff succeed!
file 14 has been read from HDFS for 7 time
diff succeed!
file 14 has been read from HDFS for 8 time
diff succeed!
file 14 has been read from HDFS for 9 time
diff succeed!
file 14 has been read from HDFS for 10 time
diff succeed!
Deleted /myfile14
file 14 has been removed from HDFS
2019-02-28 20:54:51,793 WARN hdfs.DataStreamer: Exception for BP-323713667-130.127.133.53-1551411787958:blk_1073742271_1449
java.io.IOException: Connection reset by peer
	at sun.nio.ch.FileDispatcherImpl.read0(Native Method)
	at sun.nio.ch.SocketDispatcher.read(SocketDispatcher.java:39)
	at sun.nio.ch.IOUtil.readIntoNativeBuffer(IOUtil.java:223)
	at sun.nio.ch.IOUtil.read(IOUtil.java:197)
	at sun.nio.ch.SocketChannelImpl.read(SocketChannelImpl.java:380)
	at org.apache.hadoop.net.SocketInputStream$Reader.performIO(SocketInputStream.java:57)
	at org.apache.hadoop.net.SocketIOWithTimeout.doIO(SocketIOWithTimeout.java:142)
	at org.apache.hadoop.net.SocketInputStream.read(SocketInputStream.java:161)
	at org.apache.hadoop.net.SocketInputStream.read(SocketInputStream.java:131)
	at org.apache.hadoop.net.SocketInputStream.read(SocketInputStream.java:118)
	at java.io.FilterInputStream.read(FilterInputStream.java:83)
	at java.io.FilterInputStream.read(FilterInputStream.java:83)
	at org.apache.hadoop.hdfs.protocolPB.PBHelperClient.vintPrefixed(PBHelperClient.java:547)
	at org.apache.hadoop.hdfs.protocol.datatransfer.PipelineAck.readFields(PipelineAck.java:213)
	at org.apache.hadoop.hdfs.DataStreamer$ResponseProcessor.run(DataStreamer.java:1086)
2019-02-28 20:54:51,793 WARN hdfs.DataStreamer: DataStreamer Exception
java.io.IOException: Broken pipe
	at sun.nio.ch.FileDispatcherImpl.write0(Native Method)
	at sun.nio.ch.SocketDispatcher.write(SocketDispatcher.java:47)
	at sun.nio.ch.IOUtil.writeFromNativeBuffer(IOUtil.java:93)
	at sun.nio.ch.IOUtil.write(IOUtil.java:65)
	at sun.nio.ch.SocketChannelImpl.write(SocketChannelImpl.java:471)
	at org.apache.hadoop.net.SocketOutputStream$Writer.performIO(SocketOutputStream.java:63)
	at org.apache.hadoop.net.SocketIOWithTimeout.doIO(SocketIOWithTimeout.java:142)
	at org.apache.hadoop.net.SocketOutputStream.write(SocketOutputStream.java:159)
	at org.apache.hadoop.net.SocketOutputStream.write(SocketOutputStream.java:117)
	at java.io.BufferedOutputStream.write(BufferedOutputStream.java:122)
	at java.io.DataOutputStream.write(DataOutputStream.java:107)
	at org.apache.hadoop.hdfs.DFSPacket.writeTo(DFSPacket.java:194)
	at org.apache.hadoop.hdfs.DataStreamer.run(DataStreamer.java:774)
2019-02-28 20:54:51,799 WARN hdfs.DataStreamer: Error Recovery for BP-323713667-130.127.133.53-1551411787958:blk_1073742271_1449 in pipeline [DatanodeInfoWithStorage[10.10.1.2:9866,DS-6c0ea226-0f0b-4216-a747-a951c7a4e999,DISK], DatanodeInfoWithStorage[10.10.1.5:9866,DS-5059a02a-8690-41b6-9ebe-1d4cdda454b9,DISK], DatanodeInfoWithStorage[10.10.1.3:9866,DS-5d82d3b2-db4e-46a8-b9c6-4c4f7caa9a76,DISK]]: datanode 0(DatanodeInfoWithStorage[10.10.1.2:9866,DS-6c0ea226-0f0b-4216-a747-a951c7a4e999,DISK]) is bad.
2019-02-28 20:54:53,021 INFO hdfs.DataStreamer: Exception in createBlockOutputStream blk_1073742275_1455
java.io.IOException: Got error, status=ERROR, status message , ack with firstBadLink as 10.10.1.2:9866
	at org.apache.hadoop.hdfs.protocol.datatransfer.DataTransferProtoUtil.checkBlockOpStatus(DataTransferProtoUtil.java:134)
	at org.apache.hadoop.hdfs.protocol.datatransfer.DataTransferProtoUtil.checkBlockOpStatus(DataTransferProtoUtil.java:110)
	at org.apache.hadoop.hdfs.DataStreamer.createBlockOutputStream(DataStreamer.java:1778)
	at org.apache.hadoop.hdfs.DataStreamer.nextBlockOutputStream(DataStreamer.java:1679)
	at org.apache.hadoop.hdfs.DataStreamer.run(DataStreamer.java:716)
2019-02-28 20:54:53,021 WARN hdfs.DataStreamer: Abandoning BP-323713667-130.127.133.53-1551411787958:blk_1073742275_1455
2019-02-28 20:54:53,045 WARN hdfs.DataStreamer: Excluding datanode DatanodeInfoWithStorage[10.10.1.2:9866,DS-6c0ea226-0f0b-4216-a747-a951c7a4e999,DISK]
Found 17 items
-rw-r--r--   3 root supergroup 1073741824 2019-02-28 20:53 /myfile10
-rw-r--r--   3 root supergroup 1073741824 2019-02-28 20:52 /myfile11
-rw-r--r--   3 root supergroup 1073741824 2019-02-28 20:53 /myfile12
-rw-r--r--   3 root supergroup 1073741824 2019-02-28 20:52 /myfile13
-rw-r--r--   3 root supergroup 1073741824 2019-02-28 20:54 /myfile14
-rw-r--r--   3 root supergroup 1073741824 2019-02-28 20:51 /myfile15
-rw-r--r--   3 root supergroup 1073741824 2019-02-28 20:51 /myfile16
-rw-r--r--   3 root supergroup 1073741824 2019-02-28 20:53 /myfile17
-rw-r--r--   3 root supergroup 1073741824 2019-02-28 20:54 /myfile18
-rw-r--r--   3 root supergroup 1073741824 2019-02-28 20:52 /myfile19
-rw-r--r--   3 root supergroup 1073741824 2019-02-28 20:54 /myfile2
-rw-r--r--   3 root supergroup 1073741824 2019-02-28 20:51 /myfile20
-rw-r--r--   3 root supergroup 1073741824 2019-02-28 20:54 /myfile3
-rw-r--r--   3 root supergroup 1073741824 2019-02-28 20:53 /myfile4
-rw-r--r--   3 root supergroup 1073741824 2019-02-28 20:50 /myfile5
-rw-r--r--   3 root supergroup 1073741824 2019-02-28 20:54 /myfile6
-rw-r--r--   3 root supergroup 1073741824 2019-02-28 20:52 /myfile9
file 14 has been put into HDFS
file 14 has been read from HDFS for 1 time
diff succeed!
file 14 has been read from HDFS for 2 time
diff succeed!
file 14 has been read from HDFS for 3 time
diff succeed!
file 14 has been read from HDFS for 4 time
diff succeed!
file 14 has been read from HDFS for 5 time
diff succeed!
file 14 has been read from HDFS for 6 time
diff succeed!
file 14 has been read from HDFS for 7 time
diff succeed!
sub_benchmark 7 signal TERM catched and let quit gracefully
Deleted /myfile14
file 14 has been removed from HDFS
