2019-02-20 17:27:53,357 INFO retry.RetryInvocationHandler: java.net.ConnectException: Call From clnode076.clemson.cloudlab.us/130.127.133.85 to node-1-link-0:8020 failed on connection exception: java.net.ConnectException: Connection refused; For more details see:  http://wiki.apache.org/hadoop/ConnectionRefused, while invoking ClientNamenodeProtocolTranslatorPB.renewLease over node-1-link-0/10.10.1.4:8020. Trying to failover immediately.
2019-02-20 17:27:53,361 INFO retry.RetryInvocationHandler: org.apache.hadoop.ipc.RemoteException(org.apache.hadoop.ipc.StandbyException): Operation category WRITE is not supported in state standby. Visit https://s.apache.org/sbnn-error
	at org.apache.hadoop.hdfs.server.namenode.ha.StandbyState.checkOperation(StandbyState.java:88)
	at org.apache.hadoop.hdfs.server.namenode.NameNode$NameNodeHAContext.checkOperation(NameNode.java:1952)
	at org.apache.hadoop.hdfs.server.namenode.FSNamesystem.checkOperation(FSNamesystem.java:1423)
	at org.apache.hadoop.hdfs.server.namenode.FSNamesystem.renewLease(FSNamesystem.java:3740)
	at org.apache.hadoop.hdfs.server.namenode.NameNodeRpcServer.renewLease(NameNodeRpcServer.java:1134)
	at org.apache.hadoop.hdfs.protocolPB.ClientNamenodeProtocolServerSideTranslatorPB.renewLease(ClientNamenodeProtocolServerSideTranslatorPB.java:737)
	at org.apache.hadoop.hdfs.protocol.proto.ClientNamenodeProtocolProtos$ClientNamenodeProtocol$2.callBlockingMethod(ClientNamenodeProtocolProtos.java)
	at org.apache.hadoop.ipc.ProtobufRpcEngine$Server$ProtoBufRpcInvoker.call(ProtobufRpcEngine.java:523)
	at org.apache.hadoop.ipc.RPC$Server.call(RPC.java:991)
	at org.apache.hadoop.ipc.Server$RpcCall.run(Server.java:872)
	at org.apache.hadoop.ipc.Server$RpcCall.run(Server.java:818)
	at java.security.AccessController.doPrivileged(Native Method)
	at javax.security.auth.Subject.doAs(Subject.java:422)
	at org.apache.hadoop.security.UserGroupInformation.doAs(UserGroupInformation.java:1729)
	at org.apache.hadoop.ipc.Server$Handler.run(Server.java:2678)
, while invoking ClientNamenodeProtocolTranslatorPB.renewLease over node-0-link-0/10.10.1.1:8020 after 1 failover attempts. Trying to failover after sleeping for 694ms.
2019-02-20 17:27:54,057 INFO retry.RetryInvocationHandler: java.net.ConnectException: Call From clnode076.clemson.cloudlab.us/130.127.133.85 to node-1-link-0:8020 failed on connection exception: java.net.ConnectException: Connection refused; For more details see:  http://wiki.apache.org/hadoop/ConnectionRefused, while invoking ClientNamenodeProtocolTranslatorPB.renewLease over node-1-link-0/10.10.1.4:8020 after 2 failover attempts. Trying to failover after sleeping for 2654ms.
Found 20 items
-rw-r--r--   3 root supergroup 1073741824 2019-02-20 17:27 /myfile1
-rw-r--r--   3 root supergroup 1073741824 2019-02-20 17:27 /myfile10
-rw-r--r--   3 root supergroup 1073741824 2019-02-20 17:27 /myfile11
-rw-r--r--   3 root supergroup 1073741824 2019-02-20 17:27 /myfile12
-rw-r--r--   3 root supergroup 1073741824 2019-02-20 17:27 /myfile13
-rw-r--r--   3 root supergroup 1073741824 2019-02-20 17:27 /myfile14
-rw-r--r--   3 root supergroup 1073741824 2019-02-20 17:27 /myfile15
-rw-r--r--   3 root supergroup 1073741824 2019-02-20 17:27 /myfile16
-rw-r--r--   3 root supergroup 1073741824 2019-02-20 17:27 /myfile17
-rw-r--r--   3 root supergroup 1073741824 2019-02-20 17:27 /myfile18
-rw-r--r--   3 root supergroup 1073741824 2019-02-20 17:27 /myfile19
-rw-r--r--   3 root supergroup 1073741824 2019-02-20 17:27 /myfile2
-rw-r--r--   3 root supergroup 1073741824 2019-02-20 17:27 /myfile20
-rw-r--r--   3 root supergroup 1073741824 2019-02-20 17:27 /myfile3
-rw-r--r--   3 root supergroup 1073741824 2019-02-20 17:27 /myfile4
-rw-r--r--   3 root supergroup 1073741824 2019-02-20 17:27 /myfile5
-rw-r--r--   3 root supergroup 1073741824 2019-02-20 17:27 /myfile6
-rw-r--r--   3 root supergroup 1073741824 2019-02-20 17:27 /myfile7
-rw-r--r--   3 root supergroup 1073741824 2019-02-20 17:27 /myfile8
-rw-r--r--   3 root supergroup 1073741824 2019-02-20 17:27 /myfile9
file 19 has been put into HDFS
file 19 has been read from HDFS for 1 time
diff succeed!
file 19 has been read from HDFS for 2 time
diff succeed!
file 19 has been read from HDFS for 3 time
diff succeed!
file 19 has been read from HDFS for 4 time
diff succeed!
file 19 has been read from HDFS for 5 time
diff succeed!
file 19 has been read from HDFS for 6 time
diff succeed!
file 19 has been read from HDFS for 7 time
diff succeed!
file 19 has been read from HDFS for 8 time
diff succeed!
file 19 has been read from HDFS for 9 time
diff succeed!
file 19 has been read from HDFS for 10 time
diff succeed!
Deleted /myfile19
file 19 has been removed from HDFS
Found 19 items
-rw-r--r--   3 root supergroup 1073741824 2019-02-20 17:32 /myfile1
-rw-r--r--   3 root supergroup 1073741824 2019-02-20 17:32 /myfile10
-rw-r--r--   3 root supergroup 1073741824 2019-02-20 17:31 /myfile11
-rw-r--r--   3 root supergroup 1073741824 2019-02-20 17:32 /myfile12
-rw-r--r--   3 root supergroup 1073741824 2019-02-20 17:32 /myfile13
-rw-r--r--   3 root supergroup 1073741824 2019-02-20 17:27 /myfile14
-rw-r--r--   3 root supergroup 1073741824 2019-02-20 17:32 /myfile15
-rw-r--r--   3 root supergroup 1073741824 2019-02-20 17:31 /myfile16
-rw-r--r--   3 root supergroup 1073741824 2019-02-20 17:31 /myfile17
-rw-r--r--   3 root supergroup 1073741824 2019-02-20 17:27 /myfile18
-rw-r--r--   3 root supergroup 1073741824 2019-02-20 17:32 /myfile19
-rw-r--r--   3 root supergroup 1073741824 2019-02-20 17:31 /myfile2
-rw-r--r--   3 root supergroup 1073741824 2019-02-20 17:32 /myfile20
-rw-r--r--   3 root supergroup 1073741824 2019-02-20 17:32 /myfile4
-rw-r--r--   3 root supergroup 1073741824 2019-02-20 17:32 /myfile5
-rw-r--r--   3 root supergroup 1073741824 2019-02-20 17:30 /myfile6
-rw-r--r--   3 root supergroup 1073741824 2019-02-20 17:32 /myfile7
-rw-r--r--   3 root supergroup 1073741824 2019-02-20 17:31 /myfile8
-rw-r--r--   3 root supergroup 1073741824 2019-02-20 17:31 /myfile9
file 19 has been put into HDFS
file 19 has been read from HDFS for 1 time
diff succeed!
file 19 has been read from HDFS for 2 time
diff succeed!
file 19 has been read from HDFS for 3 time
diff succeed!
file 19 has been read from HDFS for 4 time
diff succeed!
file 19 has been read from HDFS for 5 time
diff succeed!
file 19 has been read from HDFS for 6 time
diff succeed!
file 19 has been read from HDFS for 7 time
diff succeed!
file 19 has been read from HDFS for 8 time
diff succeed!
file 19 has been read from HDFS for 9 time
diff succeed!
file 19 has been read from HDFS for 10 time
diff succeed!
Deleted /myfile19
file 19 has been removed from HDFS
Found 16 items
-rw-r--r--   3 root supergroup 1073741824 2019-02-20 17:35 /myfile1
-rw-r--r--   3 root supergroup 1073741824 2019-02-20 17:35 /myfile10
-rw-r--r--   3 root supergroup 1073741824 2019-02-20 17:35 /myfile11
-rw-r--r--   3 root supergroup 1073741824 2019-02-20 17:35 /myfile12
-rw-r--r--   3 root supergroup 1073741824 2019-02-20 17:35 /myfile13
-rw-r--r--   3 root supergroup 1073741824 2019-02-20 17:32 /myfile14
-rw-r--r--   3 root supergroup 1073741824 2019-02-20 17:35 /myfile15
-rw-r--r--   3 root supergroup 1073741824 2019-02-20 17:35 /myfile16
-rw-r--r--   3 root supergroup 1073741824 2019-02-20 17:35 /myfile17
-rw-r--r--   3 root supergroup 1073741824 2019-02-20 17:32 /myfile18
-rw-r--r--   3 root supergroup 1073741824 2019-02-20 17:35 /myfile19
-rw-r--r--   3 root supergroup 1073741824 2019-02-20 17:35 /myfile2
-rw-r--r--   3 root supergroup  268435456 2019-02-20 17:36 /myfile5._COPYING_
-rw-r--r--   3 root supergroup 1073741824 2019-02-20 17:34 /myfile6
-rw-r--r--   3 root supergroup 1073741824 2019-02-20 17:35 /myfile8
-rw-r--r--   3 root supergroup 1073741824 2019-02-20 17:35 /myfile9
file 19 has been put into HDFS
file 19 has been read from HDFS for 1 time
diff succeed!
file 19 has been read from HDFS for 2 time
diff succeed!
file 19 has been read from HDFS for 3 time
diff succeed!
file 19 has been read from HDFS for 4 time
diff succeed!
file 19 has been read from HDFS for 5 time
diff succeed!
file 19 has been read from HDFS for 6 time
diff succeed!
file 19 has been read from HDFS for 7 time
diff succeed!
file 19 has been read from HDFS for 8 time
diff succeed!
file 19 has been read from HDFS for 9 time
diff succeed!
file 19 has been read from HDFS for 10 time
diff succeed!
Deleted /myfile19
file 19 has been removed from HDFS
Found 19 items
-rw-r--r--   3 root supergroup 1073741824 2019-02-20 17:40 /myfile1
-rw-r--r--   3 root supergroup 1073741824 2019-02-20 17:40 /myfile10
-rw-r--r--   3 root supergroup 1073741824 2019-02-20 17:39 /myfile11
-rw-r--r--   3 root supergroup 1073741824 2019-02-20 17:40 /myfile12
-rw-r--r--   3 root supergroup 1073741824 2019-02-20 17:35 /myfile13
-rw-r--r--   3 root supergroup 1073741824 2019-02-20 17:37 /myfile14
-rw-r--r--   3 root supergroup 1073741824 2019-02-20 17:40 /myfile15
-rw-r--r--   3 root supergroup 1073741824 2019-02-20 17:40 /myfile16
-rw-r--r--   3 root supergroup 1073741824 2019-02-20 17:39 /myfile17
-rw-r--r--   3 root supergroup 1073741824 2019-02-20 17:37 /myfile18
-rw-r--r--   3 root supergroup 1073741824 2019-02-20 17:40 /myfile19
-rw-r--r--   3 root supergroup 1073741824 2019-02-20 17:40 /myfile2
-rw-r--r--   3 root supergroup 1073741824 2019-02-20 17:36 /myfile3
-rw-r--r--   3 root supergroup 1073741824 2019-02-20 17:40 /myfile4
-rw-r--r--   3 root supergroup 1073741824 2019-02-20 17:40 /myfile5
-rw-r--r--   3 root supergroup 1073741824 2019-02-20 17:39 /myfile6
-rw-r--r--   3 root supergroup 1073741824 2019-02-20 17:40 /myfile7
-rw-r--r--   3 root supergroup 1073741824 2019-02-20 17:40 /myfile8
-rw-r--r--   3 root supergroup 1073741824 2019-02-20 17:40 /myfile9
file 19 has been put into HDFS
file 19 has been read from HDFS for 1 time
diff succeed!
file 19 has been read from HDFS for 2 time
diff succeed!
file 19 has been read from HDFS for 3 time
diff succeed!
file 19 has been read from HDFS for 4 time
diff succeed!
file 19 has been read from HDFS for 5 time
diff succeed!
file 19 has been read from HDFS for 6 time
diff succeed!
file 19 has been read from HDFS for 7 time
diff succeed!
file 19 has been read from HDFS for 8 time
diff succeed!
file 19 has been read from HDFS for 9 time
diff succeed!
file 19 has been read from HDFS for 10 time
diff succeed!
Deleted /myfile19
file 19 has been removed from HDFS
Found 20 items
-rw-r--r--   3 root supergroup 1073741824 2019-02-20 17:44 /myfile1
-rw-r--r--   3 root supergroup 1073741824 2019-02-20 17:44 /myfile10
-rw-r--r--   3 root supergroup 1073741824 2019-02-20 17:44 /myfile11
-rw-r--r--   3 root supergroup 1073741824 2019-02-20 17:43 /myfile12
-rw-r--r--   3 root supergroup 1073741824 2019-02-20 17:46 /myfile13
-rw-r--r--   3 root supergroup  939524096 2019-02-20 17:45 /myfile14._COPYING_
-rw-r--r--   3 root supergroup 1073741824 2019-02-20 17:44 /myfile15
-rw-r--r--   3 root supergroup 1073741824 2019-02-20 17:44 /myfile16
-rw-r--r--   3 root supergroup 1073741824 2019-02-20 17:43 /myfile17
-rw-r--r--   3 root supergroup 1073741824 2019-02-20 17:41 /myfile18
-rw-r--r--   3 root supergroup 1073741824 2019-02-20 17:46 /myfile19
-rw-r--r--   3 root supergroup 1073741824 2019-02-20 17:44 /myfile2
-rw-r--r--   3 root supergroup 1073741824 2019-02-20 17:46 /myfile20
-rw-r--r--   3 root supergroup 1073741824 2019-02-20 17:41 /myfile3
-rw-r--r--   3 root supergroup 1073741824 2019-02-20 17:46 /myfile4
-rw-r--r--   3 root supergroup 1073741824 2019-02-20 17:44 /myfile5
-rw-r--r--   3 root supergroup 1073741824 2019-02-20 17:42 /myfile6
-rw-r--r--   3 root supergroup 1073741824 2019-02-20 17:44 /myfile7
-rw-r--r--   3 root supergroup 1073741824 2019-02-20 17:44 /myfile8
-rw-r--r--   3 root supergroup 1073741824 2019-02-20 17:44 /myfile9
file 19 has been put into HDFS
file 19 has been read from HDFS for 1 time
diff succeed!
file 19 has been read from HDFS for 2 time
diff succeed!
file 19 has been read from HDFS for 3 time
diff succeed!
file 19 has been read from HDFS for 4 time
diff succeed!
file 19 has been read from HDFS for 5 time
diff succeed!
file 19 has been read from HDFS for 6 time
diff succeed!
file 19 has been read from HDFS for 7 time
diff succeed!
file 19 has been read from HDFS for 8 time
diff succeed!
file 19 has been read from HDFS for 9 time
diff succeed!
file 19 has been read from HDFS for 10 time
diff succeed!
Deleted /myfile19
file 19 has been removed from HDFS
2019-02-20 17:50:00,087 INFO retry.RetryInvocationHandler: java.io.IOException: DestHost:destPort node-1-link-0:8020 , LocalHost:localPort clnode076.clemson.cloudlab.us/130.127.133.85:0. Failed on local exception: java.io.IOException: Connection reset by peer, while invoking ClientNamenodeProtocolTranslatorPB.complete over node-1-link-0/10.10.1.4:8020. Trying to failover immediately.
2019-02-20 17:50:00,093 INFO retry.RetryInvocationHandler: org.apache.hadoop.ipc.RemoteException(org.apache.hadoop.ipc.StandbyException): Operation category WRITE is not supported in state standby. Visit https://s.apache.org/sbnn-error
	at org.apache.hadoop.hdfs.server.namenode.ha.StandbyState.checkOperation(StandbyState.java:88)
	at org.apache.hadoop.hdfs.server.namenode.NameNode$NameNodeHAContext.checkOperation(NameNode.java:1952)
	at org.apache.hadoop.hdfs.server.namenode.FSNamesystem.checkOperation(FSNamesystem.java:1423)
	at org.apache.hadoop.hdfs.server.namenode.FSNamesystem.completeFile(FSNamesystem.java:2837)
	at org.apache.hadoop.hdfs.server.namenode.NameNodeRpcServer.complete(NameNodeRpcServer.java:928)
	at org.apache.hadoop.hdfs.protocolPB.ClientNamenodeProtocolServerSideTranslatorPB.complete(ClientNamenodeProtocolServerSideTranslatorPB.java:607)
	at org.apache.hadoop.hdfs.protocol.proto.ClientNamenodeProtocolProtos$ClientNamenodeProtocol$2.callBlockingMethod(ClientNamenodeProtocolProtos.java)
	at org.apache.hadoop.ipc.ProtobufRpcEngine$Server$ProtoBufRpcInvoker.call(ProtobufRpcEngine.java:523)
	at org.apache.hadoop.ipc.RPC$Server.call(RPC.java:991)
	at org.apache.hadoop.ipc.Server$RpcCall.run(Server.java:872)
	at org.apache.hadoop.ipc.Server$RpcCall.run(Server.java:818)
	at java.security.AccessController.doPrivileged(Native Method)
	at javax.security.auth.Subject.doAs(Subject.java:422)
	at org.apache.hadoop.security.UserGroupInformation.doAs(UserGroupInformation.java:1729)
	at org.apache.hadoop.ipc.Server$Handler.run(Server.java:2678)
, while invoking ClientNamenodeProtocolTranslatorPB.complete over node-0-link-0/10.10.1.1:8020 after 1 failover attempts. Trying to failover after sleeping for 1076ms.
2019-02-20 17:50:01,172 INFO retry.RetryInvocationHandler: java.net.ConnectException: Call From clnode076.clemson.cloudlab.us/130.127.133.85 to node-1-link-0:8020 failed on connection exception: java.net.ConnectException: Connection refused; For more details see:  http://wiki.apache.org/hadoop/ConnectionRefused, while invoking ClientNamenodeProtocolTranslatorPB.complete over node-1-link-0/10.10.1.4:8020 after 2 failover attempts. Trying to failover after sleeping for 1247ms.
Found 19 items
-rw-r--r--   3 root supergroup 1073741824 2019-02-20 17:48 /myfile1
-rw-r--r--   3 root supergroup 1073741824 2019-02-20 17:47 /myfile10
-rw-r--r--   3 root supergroup 1073741824 2019-02-20 17:48 /myfile11
-rw-r--r--   3 root supergroup 1073741824 2019-02-20 17:49 /myfile12
-rw-r--r--   3 root supergroup 1073741824 2019-02-20 17:49 /myfile13
-rw-r--r--   3 root supergroup 1073741824 2019-02-20 17:48 /myfile15
-rw-r--r--   3 root supergroup 1073741824 2019-02-20 17:49 /myfile16
-rw-r--r--   3 root supergroup 1073741824 2019-02-20 17:49 /myfile17
-rw-r--r--   3 root supergroup 1073741824 2019-02-20 17:47 /myfile18
-rw-r--r--   3 root supergroup 1073741824 2019-02-20 17:50 /myfile19
-rw-r--r--   3 root supergroup 1073741824 2019-02-20 17:49 /myfile2
-rw-r--r--   3 root supergroup  268435456 2019-02-20 17:49 /myfile20._COPYING_
-rw-r--r--   3 root supergroup 1073741824 2019-02-20 17:47 /myfile3
-rw-r--r--   3 root supergroup 1073741824 2019-02-20 17:49 /myfile4
-rw-r--r--   3 root supergroup 1073741824 2019-02-20 17:48 /myfile5
-rw-r--r--   3 root supergroup 1073741824 2019-02-20 17:47 /myfile6
-rw-r--r--   3 root supergroup 1073741824 2019-02-20 17:48 /myfile7
-rw-r--r--   3 root supergroup 1073741824 2019-02-20 17:48 /myfile8
-rw-r--r--   3 root supergroup 1073741824 2019-02-20 17:49 /myfile9
file 19 has been put into HDFS
file 19 has been read from HDFS for 1 time
diff succeed!
file 19 has been read from HDFS for 2 time
diff succeed!
file 19 has been read from HDFS for 3 time
diff succeed!
file 19 has been read from HDFS for 4 time
diff succeed!
file 19 has been read from HDFS for 5 time
diff succeed!
file 19 has been read from HDFS for 6 time
diff succeed!
file 19 has been read from HDFS for 7 time
diff succeed!
file 19 has been read from HDFS for 8 time
diff succeed!
file 19 has been read from HDFS for 9 time
diff succeed!
file 19 has been read from HDFS for 10 time
diff succeed!
Deleted /myfile19
file 19 has been removed from HDFS
Found 20 items
-rw-r--r--   3 root supergroup 1073741824 2019-02-20 17:52 /myfile1
-rw-r--r--   3 root supergroup 1073741824 2019-02-20 17:51 /myfile10
-rw-r--r--   3 root supergroup 1073741824 2019-02-20 17:53 /myfile11
-rw-r--r--   3 root supergroup 1073741824 2019-02-20 17:49 /myfile12
-rw-r--r--   3 root supergroup 1073741824 2019-02-20 17:53 /myfile13
-rw-r--r--   3 root supergroup 1073741824 2019-02-20 17:50 /myfile14
-rw-r--r--   3 root supergroup 1073741824 2019-02-20 17:53 /myfile15
-rw-r--r--   3 root supergroup 1073741824 2019-02-20 17:49 /myfile16
-rw-r--r--   3 root supergroup 1073741824 2019-02-20 17:49 /myfile17
-rw-r--r--   3 root supergroup 1073741824 2019-02-20 17:51 /myfile18
-rw-r--r--   3 root supergroup 1073741824 2019-02-20 17:53 /myfile19
-rw-r--r--   3 root supergroup 1073741824 2019-02-20 17:53 /myfile2
-rw-r--r--   3 root supergroup 1073741824 2019-02-20 17:50 /myfile20
-rw-r--r--   3 root supergroup 1073741824 2019-02-20 17:52 /myfile3
-rw-r--r--   3 root supergroup 1073741824 2019-02-20 17:53 /myfile4
-rw-r--r--   3 root supergroup 1073741824 2019-02-20 17:51 /myfile5
-rw-r--r--   3 root supergroup 1073741824 2019-02-20 17:51 /myfile6
-rw-r--r--   3 root supergroup 1073741824 2019-02-20 17:52 /myfile7
-rw-r--r--   3 root supergroup 1073741824 2019-02-20 17:52 /myfile8
-rw-r--r--   3 root supergroup 1073741824 2019-02-20 17:49 /myfile9
file 19 has been put into HDFS
file 19 has been read from HDFS for 1 time
diff succeed!
file 19 has been read from HDFS for 2 time
diff succeed!
file 19 has been read from HDFS for 3 time
diff succeed!
file 19 has been read from HDFS for 4 time
diff succeed!
file 19 has been read from HDFS for 5 time
diff succeed!
file 19 has been read from HDFS for 6 time
diff succeed!
file 19 has been read from HDFS for 7 time
diff succeed!
file 19 has been read from HDFS for 8 time
diff succeed!
file 19 has been read from HDFS for 9 time
diff succeed!
file 19 has been read from HDFS for 10 time
diff succeed!
Deleted /myfile19
file 19 has been removed from HDFS
Found 20 items
-rw-r--r--   3 root supergroup 1073741824 2019-02-20 17:55 /myfile1
-rw-r--r--   3 root supergroup 1073741824 2019-02-20 17:55 /myfile10
-rw-r--r--   3 root supergroup 1073741824 2019-02-20 17:57 /myfile11
-rw-r--r--   3 root supergroup 1073741824 2019-02-20 17:55 /myfile12
-rw-r--r--   3 root supergroup 1073741824 2019-02-20 17:57 /myfile13
-rw-r--r--   3 root supergroup 1073741824 2019-02-20 17:55 /myfile14
-rw-r--r--   3 root supergroup 1073741824 2019-02-20 17:57 /myfile15
-rw-r--r--   3 root supergroup 1073741824 2019-02-20 17:55 /myfile16
-rw-r--r--   3 root supergroup 1073741824 2019-02-20 17:55 /myfile17
-rw-r--r--   3 root supergroup 1073741824 2019-02-20 17:55 /myfile18
-rw-r--r--   3 root supergroup 1073741824 2019-02-20 17:57 /myfile19
-rw-r--r--   3 root supergroup 1073741824 2019-02-20 17:57 /myfile2
-rw-r--r--   3 root supergroup 1073741824 2019-02-20 17:55 /myfile20
-rw-r--r--   3 root supergroup 1073741824 2019-02-20 17:55 /myfile3
-rw-r--r--   3 root supergroup 1073741824 2019-02-20 17:53 /myfile4
-rw-r--r--   3 root supergroup 1073741824 2019-02-20 17:57 /myfile5
-rw-r--r--   3 root supergroup 1073741824 2019-02-20 17:55 /myfile6
-rw-r--r--   3 root supergroup 1073741824 2019-02-20 17:57 /myfile7
-rw-r--r--   3 root supergroup 1073741824 2019-02-20 17:55 /myfile8
-rw-r--r--   3 root supergroup 1073741824 2019-02-20 17:55 /myfile9
file 19 has been put into HDFS
file 19 has been read from HDFS for 1 time
diff succeed!
file 19 has been read from HDFS for 2 time
diff succeed!
file 19 has been read from HDFS for 3 time
diff succeed!
file 19 has been read from HDFS for 4 time
diff succeed!
file 19 has been read from HDFS for 5 time
diff succeed!
file 19 has been read from HDFS for 6 time
diff succeed!
file 19 has been read from HDFS for 7 time
diff succeed!
file 19 has been read from HDFS for 8 time
diff succeed!
file 19 has been read from HDFS for 9 time
diff succeed!
file 19 has been read from HDFS for 10 time
diff succeed!
Deleted /myfile19
file 19 has been removed from HDFS
2019-02-20 18:01:41,220 INFO retry.RetryInvocationHandler: org.apache.hadoop.ipc.RemoteException(org.apache.hadoop.ipc.StandbyException): Operation category READ is not supported in state standby. Visit https://s.apache.org/sbnn-error
	at org.apache.hadoop.hdfs.server.namenode.ha.StandbyState.checkOperation(StandbyState.java:88)
	at org.apache.hadoop.hdfs.server.namenode.NameNode$NameNodeHAContext.checkOperation(NameNode.java:1952)
	at org.apache.hadoop.hdfs.server.namenode.FSNamesystem.checkOperation(FSNamesystem.java:1423)
	at org.apache.hadoop.hdfs.server.namenode.FSNamesystem.getFileInfo(FSNamesystem.java:3085)
	at org.apache.hadoop.hdfs.server.namenode.NameNodeRpcServer.getFileInfo(NameNodeRpcServer.java:1154)
	at org.apache.hadoop.hdfs.protocolPB.ClientNamenodeProtocolServerSideTranslatorPB.getFileInfo(ClientNamenodeProtocolServerSideTranslatorPB.java:966)
	at org.apache.hadoop.hdfs.protocol.proto.ClientNamenodeProtocolProtos$ClientNamenodeProtocol$2.callBlockingMethod(ClientNamenodeProtocolProtos.java)
	at org.apache.hadoop.ipc.ProtobufRpcEngine$Server$ProtoBufRpcInvoker.call(ProtobufRpcEngine.java:523)
	at org.apache.hadoop.ipc.RPC$Server.call(RPC.java:991)
	at org.apache.hadoop.ipc.Server$RpcCall.run(Server.java:872)
	at org.apache.hadoop.ipc.Server$RpcCall.run(Server.java:818)
	at java.security.AccessController.doPrivileged(Native Method)
	at javax.security.auth.Subject.doAs(Subject.java:422)
	at org.apache.hadoop.security.UserGroupInformation.doAs(UserGroupInformation.java:1729)
	at org.apache.hadoop.ipc.Server$Handler.run(Server.java:2678)
, while invoking ClientNamenodeProtocolTranslatorPB.getFileInfo over node-1-link-0/10.10.1.4:8020 after 1 failover attempts. Trying to failover after sleeping for 558ms.
2019-02-20 18:01:41,784 INFO retry.RetryInvocationHandler: java.net.ConnectException: Call From clnode076.clemson.cloudlab.us/130.127.133.85 to node-0-link-0:8020 failed on connection exception: java.net.ConnectException: Connection refused; For more details see:  http://wiki.apache.org/hadoop/ConnectionRefused, while invoking ClientNamenodeProtocolTranslatorPB.getFileInfo over node-0-link-0/10.10.1.1:8020 after 2 failover attempts. Trying to failover after sleeping for 2127ms.
2019-02-20 18:01:44,025 INFO retry.RetryInvocationHandler: org.apache.hadoop.ipc.RemoteException(org.apache.hadoop.ipc.RetriableException): org.apache.hadoop.hdfs.server.namenode.SafeModeException: Cannot create file/myfile19._COPYING_. Name node is in safe mode.
The reported blocks 152 has reached the threshold 0.9990 of total blocks 152. The number of live datanodes 3 has reached the minimum number 0. In safe mode extension. Safe mode will be turned off automatically in 29 seconds. NamenodeHostName:node-1-link-0
	at org.apache.hadoop.hdfs.server.namenode.FSNamesystem.checkNameNodeSafeMode(FSNamesystem.java:1441)
	at org.apache.hadoop.hdfs.server.namenode.FSNamesystem.startFileInt(FSNamesystem.java:2401)
	at org.apache.hadoop.hdfs.server.namenode.FSNamesystem.startFile(FSNamesystem.java:2347)
	at org.apache.hadoop.hdfs.server.namenode.NameNodeRpcServer.create(NameNodeRpcServer.java:774)
	at org.apache.hadoop.hdfs.protocolPB.ClientNamenodeProtocolServerSideTranslatorPB.create(ClientNamenodeProtocolServerSideTranslatorPB.java:462)
	at org.apache.hadoop.hdfs.protocol.proto.ClientNamenodeProtocolProtos$ClientNamenodeProtocol$2.callBlockingMethod(ClientNamenodeProtocolProtos.java)
	at org.apache.hadoop.ipc.ProtobufRpcEngine$Server$ProtoBufRpcInvoker.call(ProtobufRpcEngine.java:523)
	at org.apache.hadoop.ipc.RPC$Server.call(RPC.java:991)
	at org.apache.hadoop.ipc.Server$RpcCall.run(Server.java:872)
	at org.apache.hadoop.ipc.Server$RpcCall.run(Server.java:818)
	at java.security.AccessController.doPrivileged(Native Method)
	at javax.security.auth.Subject.doAs(Subject.java:422)
	at org.apache.hadoop.security.UserGroupInformation.doAs(UserGroupInformation.java:1729)
	at org.apache.hadoop.ipc.Server$Handler.run(Server.java:2678)
Caused by: org.apache.hadoop.hdfs.server.namenode.SafeModeException: Cannot create file/myfile19._COPYING_. Name node is in safe mode.
The reported blocks 152 has reached the threshold 0.9990 of total blocks 152. The number of live datanodes 3 has reached the minimum number 0. In safe mode extension. Safe mode will be turned off automatically in 29 seconds. NamenodeHostName:node-1-link-0
	at org.apache.hadoop.hdfs.server.namenode.FSNamesystem.newSafemodeException(FSNamesystem.java:1450)
	at org.apache.hadoop.hdfs.server.namenode.FSNamesystem.checkNameNodeSafeMode(FSNamesystem.java:1437)
	... 13 more
, while invoking ClientNamenodeProtocolTranslatorPB.create over node-1-link-0/10.10.1.4:8020. Retrying immediately.
2019-02-20 18:01:44,029 INFO retry.RetryInvocationHandler: org.apache.hadoop.ipc.RemoteException(org.apache.hadoop.ipc.RetriableException): org.apache.hadoop.hdfs.server.namenode.SafeModeException: Cannot create file/myfile19._COPYING_. Name node is in safe mode.
The reported blocks 152 has reached the threshold 0.9990 of total blocks 152. The number of live datanodes 3 has reached the minimum number 0. In safe mode extension. Safe mode will be turned off automatically in 29 seconds. NamenodeHostName:node-1-link-0
	at org.apache.hadoop.hdfs.server.namenode.FSNamesystem.checkNameNodeSafeMode(FSNamesystem.java:1441)
	at org.apache.hadoop.hdfs.server.namenode.FSNamesystem.startFileInt(FSNamesystem.java:2401)
	at org.apache.hadoop.hdfs.server.namenode.FSNamesystem.startFile(FSNamesystem.java:2347)
	at org.apache.hadoop.hdfs.server.namenode.NameNodeRpcServer.create(NameNodeRpcServer.java:774)
	at org.apache.hadoop.hdfs.protocolPB.ClientNamenodeProtocolServerSideTranslatorPB.create(ClientNamenodeProtocolServerSideTranslatorPB.java:462)
	at org.apache.hadoop.hdfs.protocol.proto.ClientNamenodeProtocolProtos$ClientNamenodeProtocol$2.callBlockingMethod(ClientNamenodeProtocolProtos.java)
	at org.apache.hadoop.ipc.ProtobufRpcEngine$Server$ProtoBufRpcInvoker.call(ProtobufRpcEngine.java:523)
	at org.apache.hadoop.ipc.RPC$Server.call(RPC.java:991)
	at org.apache.hadoop.ipc.Server$RpcCall.run(Server.java:872)
	at org.apache.hadoop.ipc.Server$RpcCall.run(Server.java:818)
	at java.security.AccessController.doPrivileged(Native Method)
	at javax.security.auth.Subject.doAs(Subject.java:422)
	at org.apache.hadoop.security.UserGroupInformation.doAs(UserGroupInformation.java:1729)
	at org.apache.hadoop.ipc.Server$Handler.run(Server.java:2678)
Caused by: org.apache.hadoop.hdfs.server.namenode.SafeModeException: Cannot create file/myfile19._COPYING_. Name node is in safe mode.
The reported blocks 152 has reached the threshold 0.9990 of total blocks 152. The number of live datanodes 3 has reached the minimum number 0. In safe mode extension. Safe mode will be turned off automatically in 29 seconds. NamenodeHostName:node-1-link-0
	at org.apache.hadoop.hdfs.server.namenode.FSNamesystem.newSafemodeException(FSNamesystem.java:1450)
	at org.apache.hadoop.hdfs.server.namenode.FSNamesystem.checkNameNodeSafeMode(FSNamesystem.java:1437)
	... 13 more
, while invoking ClientNamenodeProtocolTranslatorPB.create over node-1-link-0/10.10.1.4:8020. Retrying after sleeping for 978ms.
2019-02-20 18:01:45,012 INFO retry.RetryInvocationHandler: org.apache.hadoop.ipc.RemoteException(org.apache.hadoop.ipc.RetriableException): org.apache.hadoop.hdfs.server.namenode.SafeModeException: Cannot create file/myfile19._COPYING_. Name node is in safe mode.
The reported blocks 152 has reached the threshold 0.9990 of total blocks 152. The number of live datanodes 3 has reached the minimum number 0. In safe mode extension. Safe mode will be turned off automatically in 28 seconds. NamenodeHostName:node-1-link-0
	at org.apache.hadoop.hdfs.server.namenode.FSNamesystem.checkNameNodeSafeMode(FSNamesystem.java:1441)
	at org.apache.hadoop.hdfs.server.namenode.FSNamesystem.startFileInt(FSNamesystem.java:2401)
	at org.apache.hadoop.hdfs.server.namenode.FSNamesystem.startFile(FSNamesystem.java:2347)
	at org.apache.hadoop.hdfs.server.namenode.NameNodeRpcServer.create(NameNodeRpcServer.java:774)
	at org.apache.hadoop.hdfs.protocolPB.ClientNamenodeProtocolServerSideTranslatorPB.create(ClientNamenodeProtocolServerSideTranslatorPB.java:462)
	at org.apache.hadoop.hdfs.protocol.proto.ClientNamenodeProtocolProtos$ClientNamenodeProtocol$2.callBlockingMethod(ClientNamenodeProtocolProtos.java)
	at org.apache.hadoop.ipc.ProtobufRpcEngine$Server$ProtoBufRpcInvoker.call(ProtobufRpcEngine.java:523)
	at org.apache.hadoop.ipc.RPC$Server.call(RPC.java:991)
	at org.apache.hadoop.ipc.Server$RpcCall.run(Server.java:872)
	at org.apache.hadoop.ipc.Server$RpcCall.run(Server.java:818)
	at java.security.AccessController.doPrivileged(Native Method)
	at javax.security.auth.Subject.doAs(Subject.java:422)
	at org.apache.hadoop.security.UserGroupInformation.doAs(UserGroupInformation.java:1729)
	at org.apache.hadoop.ipc.Server$Handler.run(Server.java:2678)
Caused by: org.apache.hadoop.hdfs.server.namenode.SafeModeException: Cannot create file/myfile19._COPYING_. Name node is in safe mode.
The reported blocks 152 has reached the threshold 0.9990 of total blocks 152. The number of live datanodes 3 has reached the minimum number 0. In safe mode extension. Safe mode will be turned off automatically in 28 seconds. NamenodeHostName:node-1-link-0
	at org.apache.hadoop.hdfs.server.namenode.FSNamesystem.newSafemodeException(FSNamesystem.java:1450)
	at org.apache.hadoop.hdfs.server.namenode.FSNamesystem.checkNameNodeSafeMode(FSNamesystem.java:1437)
	... 13 more
, while invoking ClientNamenodeProtocolTranslatorPB.create over node-1-link-0/10.10.1.4:8020. Retrying after sleeping for 2778ms.
2019-02-20 18:01:47,794 INFO retry.RetryInvocationHandler: org.apache.hadoop.ipc.RemoteException(org.apache.hadoop.ipc.RetriableException): org.apache.hadoop.hdfs.server.namenode.SafeModeException: Cannot create file/myfile19._COPYING_. Name node is in safe mode.
The reported blocks 152 has reached the threshold 0.9990 of total blocks 152. The number of live datanodes 3 has reached the minimum number 0. In safe mode extension. Safe mode will be turned off automatically in 25 seconds. NamenodeHostName:node-1-link-0
	at org.apache.hadoop.hdfs.server.namenode.FSNamesystem.checkNameNodeSafeMode(FSNamesystem.java:1441)
	at org.apache.hadoop.hdfs.server.namenode.FSNamesystem.startFileInt(FSNamesystem.java:2401)
	at org.apache.hadoop.hdfs.server.namenode.FSNamesystem.startFile(FSNamesystem.java:2347)
	at org.apache.hadoop.hdfs.server.namenode.NameNodeRpcServer.create(NameNodeRpcServer.java:774)
	at org.apache.hadoop.hdfs.protocolPB.ClientNamenodeProtocolServerSideTranslatorPB.create(ClientNamenodeProtocolServerSideTranslatorPB.java:462)
	at org.apache.hadoop.hdfs.protocol.proto.ClientNamenodeProtocolProtos$ClientNamenodeProtocol$2.callBlockingMethod(ClientNamenodeProtocolProtos.java)
	at org.apache.hadoop.ipc.ProtobufRpcEngine$Server$ProtoBufRpcInvoker.call(ProtobufRpcEngine.java:523)
	at org.apache.hadoop.ipc.RPC$Server.call(RPC.java:991)
	at org.apache.hadoop.ipc.Server$RpcCall.run(Server.java:872)
	at org.apache.hadoop.ipc.Server$RpcCall.run(Server.java:818)
	at java.security.AccessController.doPrivileged(Native Method)
	at javax.security.auth.Subject.doAs(Subject.java:422)
	at org.apache.hadoop.security.UserGroupInformation.doAs(UserGroupInformation.java:1729)
	at org.apache.hadoop.ipc.Server$Handler.run(Server.java:2678)
Caused by: org.apache.hadoop.hdfs.server.namenode.SafeModeException: Cannot create file/myfile19._COPYING_. Name node is in safe mode.
The reported blocks 152 has reached the threshold 0.9990 of total blocks 152. The number of live datanodes 3 has reached the minimum number 0. In safe mode extension. Safe mode will be turned off automatically in 25 seconds. NamenodeHostName:node-1-link-0
	at org.apache.hadoop.hdfs.server.namenode.FSNamesystem.newSafemodeException(FSNamesystem.java:1450)
	at org.apache.hadoop.hdfs.server.namenode.FSNamesystem.checkNameNodeSafeMode(FSNamesystem.java:1437)
	... 13 more
, while invoking ClientNamenodeProtocolTranslatorPB.create over node-1-link-0/10.10.1.4:8020. Retrying after sleeping for 3649ms.
2019-02-20 18:01:51,448 INFO retry.RetryInvocationHandler: org.apache.hadoop.ipc.RemoteException(org.apache.hadoop.ipc.RetriableException): org.apache.hadoop.hdfs.server.namenode.SafeModeException: Cannot create file/myfile19._COPYING_. Name node is in safe mode.
The reported blocks 152 has reached the threshold 0.9990 of total blocks 152. The number of live datanodes 3 has reached the minimum number 0. In safe mode extension. Safe mode will be turned off automatically in 21 seconds. NamenodeHostName:node-1-link-0
	at org.apache.hadoop.hdfs.server.namenode.FSNamesystem.checkNameNodeSafeMode(FSNamesystem.java:1441)
	at org.apache.hadoop.hdfs.server.namenode.FSNamesystem.startFileInt(FSNamesystem.java:2401)
	at org.apache.hadoop.hdfs.server.namenode.FSNamesystem.startFile(FSNamesystem.java:2347)
	at org.apache.hadoop.hdfs.server.namenode.NameNodeRpcServer.create(NameNodeRpcServer.java:774)
	at org.apache.hadoop.hdfs.protocolPB.ClientNamenodeProtocolServerSideTranslatorPB.create(ClientNamenodeProtocolServerSideTranslatorPB.java:462)
	at org.apache.hadoop.hdfs.protocol.proto.ClientNamenodeProtocolProtos$ClientNamenodeProtocol$2.callBlockingMethod(ClientNamenodeProtocolProtos.java)
	at org.apache.hadoop.ipc.ProtobufRpcEngine$Server$ProtoBufRpcInvoker.call(ProtobufRpcEngine.java:523)
	at org.apache.hadoop.ipc.RPC$Server.call(RPC.java:991)
	at org.apache.hadoop.ipc.Server$RpcCall.run(Server.java:872)
	at org.apache.hadoop.ipc.Server$RpcCall.run(Server.java:818)
	at java.security.AccessController.doPrivileged(Native Method)
	at javax.security.auth.Subject.doAs(Subject.java:422)
	at org.apache.hadoop.security.UserGroupInformation.doAs(UserGroupInformation.java:1729)
	at org.apache.hadoop.ipc.Server$Handler.run(Server.java:2678)
Caused by: org.apache.hadoop.hdfs.server.namenode.SafeModeException: Cannot create file/myfile19._COPYING_. Name node is in safe mode.
The reported blocks 152 has reached the threshold 0.9990 of total blocks 152. The number of live datanodes 3 has reached the minimum number 0. In safe mode extension. Safe mode will be turned off automatically in 21 seconds. NamenodeHostName:node-1-link-0
	at org.apache.hadoop.hdfs.server.namenode.FSNamesystem.newSafemodeException(FSNamesystem.java:1450)
	at org.apache.hadoop.hdfs.server.namenode.FSNamesystem.checkNameNodeSafeMode(FSNamesystem.java:1437)
	... 13 more
, while invoking ClientNamenodeProtocolTranslatorPB.create over node-1-link-0/10.10.1.4:8020. Retrying after sleeping for 8897ms.
2019-02-20 18:02:00,350 INFO retry.RetryInvocationHandler: org.apache.hadoop.ipc.RemoteException(org.apache.hadoop.ipc.RetriableException): org.apache.hadoop.hdfs.server.namenode.SafeModeException: Cannot create file/myfile19._COPYING_. Name node is in safe mode.
The reported blocks 152 has reached the threshold 0.9990 of total blocks 152. The number of live datanodes 3 has reached the minimum number 0. In safe mode extension. Safe mode will be turned off automatically in 12 seconds. NamenodeHostName:node-1-link-0
	at org.apache.hadoop.hdfs.server.namenode.FSNamesystem.checkNameNodeSafeMode(FSNamesystem.java:1441)
	at org.apache.hadoop.hdfs.server.namenode.FSNamesystem.startFileInt(FSNamesystem.java:2401)
	at org.apache.hadoop.hdfs.server.namenode.FSNamesystem.startFile(FSNamesystem.java:2347)
	at org.apache.hadoop.hdfs.server.namenode.NameNodeRpcServer.create(NameNodeRpcServer.java:774)
	at org.apache.hadoop.hdfs.protocolPB.ClientNamenodeProtocolServerSideTranslatorPB.create(ClientNamenodeProtocolServerSideTranslatorPB.java:462)
	at org.apache.hadoop.hdfs.protocol.proto.ClientNamenodeProtocolProtos$ClientNamenodeProtocol$2.callBlockingMethod(ClientNamenodeProtocolProtos.java)
	at org.apache.hadoop.ipc.ProtobufRpcEngine$Server$ProtoBufRpcInvoker.call(ProtobufRpcEngine.java:523)
	at org.apache.hadoop.ipc.RPC$Server.call(RPC.java:991)
	at org.apache.hadoop.ipc.Server$RpcCall.run(Server.java:872)
	at org.apache.hadoop.ipc.Server$RpcCall.run(Server.java:818)
	at java.security.AccessController.doPrivileged(Native Method)
	at javax.security.auth.Subject.doAs(Subject.java:422)
	at org.apache.hadoop.security.UserGroupInformation.doAs(UserGroupInformation.java:1729)
	at org.apache.hadoop.ipc.Server$Handler.run(Server.java:2678)
Caused by: org.apache.hadoop.hdfs.server.namenode.SafeModeException: Cannot create file/myfile19._COPYING_. Name node is in safe mode.
The reported blocks 152 has reached the threshold 0.9990 of total blocks 152. The number of live datanodes 3 has reached the minimum number 0. In safe mode extension. Safe mode will be turned off automatically in 12 seconds. NamenodeHostName:node-1-link-0
	at org.apache.hadoop.hdfs.server.namenode.FSNamesystem.newSafemodeException(FSNamesystem.java:1450)
	at org.apache.hadoop.hdfs.server.namenode.FSNamesystem.checkNameNodeSafeMode(FSNamesystem.java:1437)
	... 13 more
, while invoking ClientNamenodeProtocolTranslatorPB.create over node-1-link-0/10.10.1.4:8020. Retrying after sleeping for 13592ms.
Found 20 items
-rw-r--r--   3 root supergroup 1073741824 2019-02-20 18:01 /myfile1
-rw-r--r--   3 root supergroup 1073741824 2019-02-20 18:01 /myfile10
-rw-r--r--   3 root supergroup 1073741824 2019-02-20 18:01 /myfile11
-rw-r--r--   3 root supergroup 1073741824 2019-02-20 17:59 /myfile12
-rw-r--r--   3 root supergroup  805306368 2019-02-20 18:02 /myfile13._COPYING_
-rw-r--r--   3 root supergroup 1073741824 2019-02-20 17:59 /myfile14
-rw-r--r--   3 root supergroup  671088640 2019-02-20 18:02 /myfile15._COPYING_
-rw-r--r--   3 root supergroup 1073741824 2019-02-20 17:59 /myfile16
-rw-r--r--   3 root supergroup          0 2019-02-20 18:02 /myfile17._COPYING_
-rw-r--r--   3 root supergroup 1073741824 2019-02-20 17:59 /myfile18
-rw-r--r--   3 root supergroup 1073741824 2019-02-20 18:02 /myfile19
-rw-r--r--   3 root supergroup 1073741824 2019-02-20 18:01 /myfile2
-rw-r--r--   3 root supergroup          0 2019-02-20 18:02 /myfile20._COPYING_
-rw-r--r--   3 root supergroup 1073741824 2019-02-20 18:01 /myfile3
-rw-r--r--   3 root supergroup 1073741824 2019-02-20 17:59 /myfile4
-rw-r--r--   3 root supergroup 1073741824 2019-02-20 18:01 /myfile5
-rw-r--r--   3 root supergroup 1073741824 2019-02-20 17:59 /myfile6
-rw-r--r--   3 root supergroup 1073741824 2019-02-20 18:01 /myfile7
-rw-r--r--   3 root supergroup 1073741824 2019-02-20 18:01 /myfile8
-rw-r--r--   3 root supergroup 1073741824 2019-02-20 17:59 /myfile9
file 19 has been put into HDFS
file 19 has been read from HDFS for 1 time
diff succeed!
file 19 has been read from HDFS for 2 time
diff succeed!
file 19 has been read from HDFS for 3 time
diff succeed!
file 19 has been read from HDFS for 4 time
diff succeed!
file 19 has been read from HDFS for 5 time
diff succeed!
file 19 has been read from HDFS for 6 time
diff succeed!
file 19 has been read from HDFS for 7 time
diff succeed!
file 19 has been read from HDFS for 8 time
diff succeed!
file 19 has been read from HDFS for 9 time
diff succeed!
file 19 has been read from HDFS for 10 time
diff succeed!
Deleted /myfile19
file 19 has been removed from HDFS
Found 20 items
-rw-r--r--   3 root supergroup  536870912 2019-02-20 18:06 /myfile1._COPYING_
-rw-r--r--   3 root supergroup 1073741824 2019-02-20 18:04 /myfile10
-rw-r--r--   3 root supergroup 1073741824 2019-02-20 18:04 /myfile11
-rw-r--r--   3 root supergroup 1073741824 2019-02-20 18:04 /myfile12
-rw-r--r--   3 root supergroup 1073741824 2019-02-20 18:06 /myfile13
-rw-r--r--   3 root supergroup 1073741824 2019-02-20 18:06 /myfile14
-rw-r--r--   3 root supergroup 1073741824 2019-02-20 18:06 /myfile15
-rw-r--r--   3 root supergroup 1073741824 2019-02-20 18:04 /myfile16
-rw-r--r--   3 root supergroup 1073741824 2019-02-20 18:06 /myfile17
-rw-r--r--   3 root supergroup 1073741824 2019-02-20 18:06 /myfile18
-rw-r--r--   3 root supergroup 1073741824 2019-02-20 18:06 /myfile19
-rw-r--r--   3 root supergroup 1073741824 2019-02-20 18:06 /myfile2
-rw-r--r--   3 root supergroup 1073741824 2019-02-20 18:06 /myfile20
-rw-r--r--   3 root supergroup 1073741824 2019-02-20 18:04 /myfile3
-rw-r--r--   3 root supergroup 1073741824 2019-02-20 18:06 /myfile4
-rw-r--r--   3 root supergroup 1073741824 2019-02-20 18:04 /myfile5
-rw-r--r--   3 root supergroup 1073741824 2019-02-20 18:06 /myfile6
-rw-r--r--   3 root supergroup  671088640 2019-02-20 18:06 /myfile7._COPYING_
-rw-r--r--   3 root supergroup  805306368 2019-02-20 18:06 /myfile8._COPYING_
-rw-r--r--   3 root supergroup 1073741824 2019-02-20 18:06 /myfile9
file 19 has been put into HDFS
file 19 has been read from HDFS for 1 time
diff succeed!
file 19 has been read from HDFS for 2 time
diff succeed!
file 19 has been read from HDFS for 3 time
diff succeed!
file 19 has been read from HDFS for 4 time
diff succeed!
file 19 has been read from HDFS for 5 time
diff succeed!
file 19 has been read from HDFS for 6 time
diff succeed!
file 19 has been read from HDFS for 7 time
diff succeed!
file 19 has been read from HDFS for 8 time
diff succeed!
file 19 has been read from HDFS for 9 time
diff succeed!
file 19 has been read from HDFS for 10 time
diff succeed!
Deleted /myfile19
file 19 has been removed from HDFS
Found 19 items
-rw-r--r--   3 root supergroup 1073741824 2019-02-20 18:07 /myfile1
-rw-r--r--   3 root supergroup 1073741824 2019-02-20 18:09 /myfile10
-rw-r--r--   3 root supergroup 1073741824 2019-02-20 18:09 /myfile11
-rw-r--r--   3 root supergroup 1073741824 2019-02-20 18:09 /myfile12
-rw-r--r--   3 root supergroup 1073741824 2019-02-20 18:11 /myfile13
-rw-r--r--   3 root supergroup 1073741824 2019-02-20 18:10 /myfile14
-rw-r--r--   3 root supergroup 1073741824 2019-02-20 18:10 /myfile15
-rw-r--r--   3 root supergroup 1073741824 2019-02-20 18:09 /myfile16
-rw-r--r--   3 root supergroup 1073741824 2019-02-20 18:10 /myfile18
-rw-r--r--   3 root supergroup 1073741824 2019-02-20 18:11 /myfile19
-rw-r--r--   3 root supergroup 1073741824 2019-02-20 18:10 /myfile2
-rw-r--r--   3 root supergroup 1073741824 2019-02-20 18:10 /myfile20
-rw-r--r--   3 root supergroup 1073741824 2019-02-20 18:09 /myfile3
-rw-r--r--   3 root supergroup  671088640 2019-02-20 18:10 /myfile4._COPYING_
-rw-r--r--   3 root supergroup 1073741824 2019-02-20 18:09 /myfile5
-rw-r--r--   3 root supergroup 1073741824 2019-02-20 18:10 /myfile6
-rw-r--r--   3 root supergroup  939524096 2019-02-20 18:10 /myfile7._COPYING_
-rw-r--r--   3 root supergroup          0 2019-02-20 18:11 /myfile8._COPYING_
-rw-r--r--   3 root supergroup 1073741824 2019-02-20 18:11 /myfile9
file 19 has been put into HDFS
file 19 has been read from HDFS for 1 time
diff succeed!
file 19 has been read from HDFS for 2 time
diff succeed!
file 19 has been read from HDFS for 3 time
diff succeed!
sub_benchmark 3 signal TERM catched and let quit gracefully
Deleted /myfile19
file 19 has been removed from HDFS
