2019-02-22 10:37:24,960 INFO retry.RetryInvocationHandler: java.net.ConnectException: Call From clnode090.clemson.cloudlab.us/130.127.133.99 to node-1-link-0:8020 failed on connection exception: java.net.ConnectException: Connection refused; For more details see:  http://wiki.apache.org/hadoop/ConnectionRefused, while invoking ClientNamenodeProtocolTranslatorPB.renewLease over node-1-link-0/10.10.1.4:8020. Trying to failover immediately.
2019-02-22 10:37:24,964 INFO retry.RetryInvocationHandler: org.apache.hadoop.ipc.RemoteException(org.apache.hadoop.ipc.StandbyException): Operation category WRITE is not supported in state standby. Visit https://s.apache.org/sbnn-error
	at org.apache.hadoop.hdfs.server.namenode.ha.StandbyState.checkOperation(StandbyState.java:88)
	at org.apache.hadoop.hdfs.server.namenode.NameNode$NameNodeHAContext.checkOperation(NameNode.java:1952)
	at org.apache.hadoop.hdfs.server.namenode.FSNamesystem.checkOperation(FSNamesystem.java:1423)
	at org.apache.hadoop.hdfs.server.namenode.FSNamesystem.renewLease(FSNamesystem.java:3740)
	at org.apache.hadoop.hdfs.server.namenode.NameNodeRpcServer.renewLease(NameNodeRpcServer.java:1134)
	at org.apache.hadoop.hdfs.protocolPB.ClientNamenodeProtocolServerSideTranslatorPB.renewLease(ClientNamenodeProtocolServerSideTranslatorPB.java:737)
	at org.apache.hadoop.hdfs.protocol.proto.ClientNamenodeProtocolProtos$ClientNamenodeProtocol$2.callBlockingMethod(ClientNamenodeProtocolProtos.java)
	at org.apache.hadoop.ipc.ProtobufRpcEngine$Server$ProtoBufRpcInvoker.call(ProtobufRpcEngine.java:523)
	at org.apache.hadoop.ipc.RPC$Server.call(RPC.java:991)
	at org.apache.hadoop.ipc.Server$RpcCall.run(Server.java:872)
	at org.apache.hadoop.ipc.Server$RpcCall.run(Server.java:818)
	at java.security.AccessController.doPrivileged(Native Method)
	at javax.security.auth.Subject.doAs(Subject.java:422)
	at org.apache.hadoop.security.UserGroupInformation.doAs(UserGroupInformation.java:1729)
	at org.apache.hadoop.ipc.Server$Handler.run(Server.java:2678)
, while invoking ClientNamenodeProtocolTranslatorPB.renewLease over node-0-link-0/10.10.1.1:8020 after 1 failover attempts. Trying to failover after sleeping for 571ms.
2019-02-22 10:37:25,537 INFO retry.RetryInvocationHandler: java.net.ConnectException: Call From clnode090.clemson.cloudlab.us/130.127.133.99 to node-1-link-0:8020 failed on connection exception: java.net.ConnectException: Connection refused; For more details see:  http://wiki.apache.org/hadoop/ConnectionRefused, while invoking ClientNamenodeProtocolTranslatorPB.renewLease over node-1-link-0/10.10.1.4:8020 after 2 failover attempts. Trying to failover after sleeping for 1357ms.
Found 20 items
-rw-r--r--   3 root supergroup 1073741824 2019-02-22 10:37 /myfile1
-rw-r--r--   3 root supergroup 1073741824 2019-02-22 10:37 /myfile10
-rw-r--r--   3 root supergroup 1073741824 2019-02-22 10:37 /myfile11
-rw-r--r--   3 root supergroup 1073741824 2019-02-22 10:37 /myfile12
-rw-r--r--   3 root supergroup 1073741824 2019-02-22 10:37 /myfile13
-rw-r--r--   3 root supergroup 1073741824 2019-02-22 10:37 /myfile14
-rw-r--r--   3 root supergroup 1073741824 2019-02-22 10:37 /myfile15
-rw-r--r--   3 root supergroup 1073741824 2019-02-22 10:37 /myfile16
-rw-r--r--   3 root supergroup 1073741824 2019-02-22 10:37 /myfile17
-rw-r--r--   3 root supergroup 1073741824 2019-02-22 10:37 /myfile18
-rw-r--r--   3 root supergroup 1073741824 2019-02-22 10:37 /myfile19
-rw-r--r--   3 root supergroup 1073741824 2019-02-22 10:37 /myfile2
-rw-r--r--   3 root supergroup 1073741824 2019-02-22 10:37 /myfile20
-rw-r--r--   3 root supergroup 1073741824 2019-02-22 10:37 /myfile3
-rw-r--r--   3 root supergroup 1073741824 2019-02-22 10:37 /myfile4
-rw-r--r--   3 root supergroup 1073741824 2019-02-22 10:37 /myfile5
-rw-r--r--   3 root supergroup 1073741824 2019-02-22 10:37 /myfile6
-rw-r--r--   3 root supergroup 1073741824 2019-02-22 10:37 /myfile7
-rw-r--r--   3 root supergroup 1073741824 2019-02-22 10:37 /myfile8
-rw-r--r--   3 root supergroup 1073741824 2019-02-22 10:37 /myfile9
file 11 has been put into HDFS
file 11 has been read from HDFS for 1 time
diff succeed!
file 11 has been read from HDFS for 2 time
diff succeed!
file 11 has been read from HDFS for 3 time
diff succeed!
file 11 has been read from HDFS for 4 time
diff succeed!
file 11 has been read from HDFS for 5 time
diff succeed!
file 11 has been read from HDFS for 6 time
diff succeed!
file 11 has been read from HDFS for 7 time
diff succeed!
file 11 has been read from HDFS for 8 time
diff succeed!
file 11 has been read from HDFS for 9 time
diff succeed!
file 11 has been read from HDFS for 10 time
diff succeed!
Deleted /myfile11
file 11 has been removed from HDFS
Found 12 items
-rw-r--r--   3 root supergroup  671088640 2019-02-22 10:41 /myfile1._COPYING_
-rw-r--r--   3 root supergroup 1073741824 2019-02-22 10:41 /myfile11
-rw-r--r--   3 root supergroup 1073741824 2019-02-22 10:41 /myfile12
-rw-r--r--   3 root supergroup 1073741824 2019-02-22 10:37 /myfile18
-rw-r--r--   3 root supergroup 1073741824 2019-02-22 10:37 /myfile19
-rw-r--r--   3 root supergroup 1073741824 2019-02-22 10:41 /myfile2
-rw-r--r--   3 root supergroup 1073741824 2019-02-22 10:37 /myfile20
-rw-r--r--   3 root supergroup 1073741824 2019-02-22 10:37 /myfile3
-rw-r--r--   3 root supergroup          0 2019-02-22 10:41 /myfile6._COPYING_
-rw-r--r--   3 root supergroup 1073741824 2019-02-22 10:41 /myfile7
-rw-r--r--   3 root supergroup 1073741824 2019-02-22 10:41 /myfile8
-rw-r--r--   3 root supergroup 1073741824 2019-02-22 10:41 /myfile9
file 11 has been put into HDFS
file 11 has been read from HDFS for 1 time
diff succeed!
file 11 has been read from HDFS for 2 time
diff succeed!
file 11 has been read from HDFS for 3 time
diff succeed!
file 11 has been read from HDFS for 4 time
diff succeed!
file 11 has been read from HDFS for 5 time
diff succeed!
file 11 has been read from HDFS for 6 time
diff succeed!
file 11 has been read from HDFS for 7 time
diff succeed!
file 11 has been read from HDFS for 8 time
diff succeed!
file 11 has been read from HDFS for 9 time
diff succeed!
file 11 has been read from HDFS for 10 time
diff succeed!
Deleted /myfile11
file 11 has been removed from HDFS
Found 17 items
-rw-r--r--   3 root supergroup  805306368 2019-02-22 10:45 /myfile1._COPYING_
-rw-r--r--   3 root supergroup  671088640 2019-02-22 10:46 /myfile10._COPYING_
-rw-r--r--   3 root supergroup 1073741824 2019-02-22 10:46 /myfile11
-rw-r--r--   3 root supergroup 1073741824 2019-02-22 10:46 /myfile12
-rw-r--r--   3 root supergroup  536870912 2019-02-22 10:46 /myfile14._COPYING_
-rw-r--r--   3 root supergroup  536870912 2019-02-22 10:46 /myfile15._COPYING_
-rw-r--r--   3 root supergroup  536870912 2019-02-22 10:46 /myfile16._COPYING_
-rw-r--r--   3 root supergroup 1073741824 2019-02-22 10:42 /myfile17
-rw-r--r--   3 root supergroup 1073741824 2019-02-22 10:42 /myfile19
-rw-r--r--   3 root supergroup  671088640 2019-02-22 10:45 /myfile2._COPYING_
-rw-r--r--   3 root supergroup 1073741824 2019-02-22 10:42 /myfile20
-rw-r--r--   3 root supergroup  134217728 2019-02-22 10:46 /myfile3._COPYING_
-rw-r--r--   3 root supergroup  939524096 2019-02-22 10:45 /myfile4._COPYING_
-rw-r--r--   3 root supergroup  268435456 2019-02-22 10:46 /myfile5._COPYING_
-rw-r--r--   3 root supergroup  805306368 2019-02-22 10:45 /myfile7._COPYING_
-rw-r--r--   3 root supergroup  805306368 2019-02-22 10:45 /myfile8._COPYING_
-rw-r--r--   3 root supergroup  939524096 2019-02-22 10:45 /myfile9._COPYING_
file 11 has been put into HDFS
file 11 has been read from HDFS for 1 time
diff succeed!
file 11 has been read from HDFS for 2 time
diff succeed!
file 11 has been read from HDFS for 3 time
diff succeed!
file 11 has been read from HDFS for 4 time
diff succeed!
file 11 has been read from HDFS for 5 time
diff succeed!
file 11 has been read from HDFS for 6 time
diff succeed!
file 11 has been read from HDFS for 7 time
diff succeed!
file 11 has been read from HDFS for 8 time
diff succeed!
file 11 has been read from HDFS for 9 time
diff succeed!
file 11 has been read from HDFS for 10 time
diff succeed!
Deleted /myfile11
file 11 has been removed from HDFS
Found 20 items
-rw-r--r--   3 root supergroup 1073741824 2019-02-22 10:50 /myfile1
-rw-r--r--   3 root supergroup 1073741824 2019-02-22 10:46 /myfile10
-rw-r--r--   3 root supergroup 1073741824 2019-02-22 10:51 /myfile11
-rw-r--r--   3 root supergroup 1073741824 2019-02-22 10:46 /myfile12
-rw-r--r--   3 root supergroup 1073741824 2019-02-22 10:46 /myfile13
-rw-r--r--   3 root supergroup 1073741824 2019-02-22 10:51 /myfile14
-rw-r--r--   3 root supergroup 1073741824 2019-02-22 10:51 /myfile15
-rw-r--r--   3 root supergroup 1073741824 2019-02-22 10:51 /myfile16
-rw-r--r--   3 root supergroup 1073741824 2019-02-22 10:51 /myfile17
-rw-r--r--   3 root supergroup 1073741824 2019-02-22 10:51 /myfile18
-rw-r--r--   3 root supergroup 1073741824 2019-02-22 10:51 /myfile19
-rw-r--r--   3 root supergroup 1073741824 2019-02-22 10:46 /myfile2
-rw-r--r--   3 root supergroup 1073741824 2019-02-22 10:51 /myfile20
-rw-r--r--   3 root supergroup 1073741824 2019-02-22 10:46 /myfile3
-rw-r--r--   3 root supergroup  939524096 2019-02-22 10:50 /myfile4._COPYING_
-rw-r--r--   3 root supergroup 1073741824 2019-02-22 10:46 /myfile5
-rw-r--r--   3 root supergroup 1073741824 2019-02-22 10:46 /myfile6
-rw-r--r--   3 root supergroup  402653184 2019-02-22 10:51 /myfile7._COPYING_
-rw-r--r--   3 root supergroup 1073741824 2019-02-22 10:50 /myfile8
-rw-r--r--   3 root supergroup 1073741824 2019-02-22 10:51 /myfile9
file 11 has been put into HDFS
file 11 has been read from HDFS for 1 time
diff succeed!
file 11 has been read from HDFS for 2 time
diff succeed!
file 11 has been read from HDFS for 3 time
diff succeed!
file 11 has been read from HDFS for 4 time
diff succeed!
file 11 has been read from HDFS for 5 time
diff succeed!
file 11 has been read from HDFS for 6 time
diff succeed!
file 11 has been read from HDFS for 7 time
diff succeed!
file 11 has been read from HDFS for 8 time
diff succeed!
file 11 has been read from HDFS for 9 time
diff succeed!
file 11 has been read from HDFS for 10 time
diff succeed!
Deleted /myfile11
file 11 has been removed from HDFS
Found 18 items
-rw-r--r--   3 root supergroup 1073741824 2019-02-22 10:56 /myfile1
-rw-r--r--   3 root supergroup  671088640 2019-02-22 10:55 /myfile10._COPYING_
-rw-r--r--   3 root supergroup 1073741824 2019-02-22 10:56 /myfile11
-rw-r--r--   3 root supergroup 1073741824 2019-02-22 10:52 /myfile13
-rw-r--r--   3 root supergroup 1073741824 2019-02-22 10:56 /myfile14
-rw-r--r--   3 root supergroup 1073741824 2019-02-22 10:56 /myfile15
-rw-r--r--   3 root supergroup 1073741824 2019-02-22 10:55 /myfile16
-rw-r--r--   3 root supergroup  805306368 2019-02-22 10:55 /myfile17._COPYING_
-rw-r--r--   3 root supergroup  671088640 2019-02-22 10:55 /myfile18._COPYING_
-rw-r--r--   3 root supergroup 1073741824 2019-02-22 10:56 /myfile19
-rw-r--r--   3 root supergroup 1073741824 2019-02-22 10:56 /myfile20
-rw-r--r--   3 root supergroup  671088640 2019-02-22 10:55 /myfile3._COPYING_
-rw-r--r--   3 root supergroup 1073741824 2019-02-22 10:56 /myfile4
-rw-r--r--   3 root supergroup 1073741824 2019-02-22 10:52 /myfile5
-rw-r--r--   3 root supergroup 1073741824 2019-02-22 10:52 /myfile6
-rw-r--r--   3 root supergroup 1073741824 2019-02-22 10:56 /myfile7
-rw-r--r--   3 root supergroup 1073741824 2019-02-22 10:55 /myfile8
-rw-r--r--   3 root supergroup  939524096 2019-02-22 10:55 /myfile9._COPYING_
file 11 has been put into HDFS
file 11 has been read from HDFS for 1 time
diff succeed!
file 11 has been read from HDFS for 2 time
diff succeed!
file 11 has been read from HDFS for 3 time
diff succeed!
file 11 has been read from HDFS for 4 time
diff succeed!
file 11 has been read from HDFS for 5 time
diff succeed!
file 11 has been read from HDFS for 6 time
diff succeed!
file 11 has been read from HDFS for 7 time
diff succeed!
file 11 has been read from HDFS for 8 time
diff succeed!
file 11 has been read from HDFS for 9 time
diff succeed!
file 11 has been read from HDFS for 10 time
diff succeed!
Deleted /myfile11
file 11 has been removed from HDFS
2019-02-22 11:00:12,858 INFO retry.RetryInvocationHandler: java.net.ConnectException: Call From clnode090.clemson.cloudlab.us/130.127.133.99 to node-0-link-0:8020 failed on connection exception: java.net.ConnectException: Connection refused; For more details see:  http://wiki.apache.org/hadoop/ConnectionRefused, while invoking ClientNamenodeProtocolTranslatorPB.addBlock over node-0-link-0/10.10.1.1:8020. Trying to failover immediately.
2019-02-22 11:00:12,866 INFO retry.RetryInvocationHandler: org.apache.hadoop.ipc.RemoteException(org.apache.hadoop.ipc.RetriableException): org.apache.hadoop.hdfs.server.namenode.SafeModeException: Cannot add block to /myfile11._COPYING_. Name node is in safe mode.
The reported blocks 58 has reached the threshold 0.9990 of total blocks 58. The number of live datanodes 3 has reached the minimum number 0. In safe mode extension. Safe mode will be turned off automatically in 27 seconds. NamenodeHostName:node-1-link-0
	at org.apache.hadoop.hdfs.server.namenode.FSNamesystem.checkNameNodeSafeMode(FSNamesystem.java:1441)
	at org.apache.hadoop.hdfs.server.namenode.FSDirWriteFileOp.analyzeFileState(FSDirWriteFileOp.java:591)
	at org.apache.hadoop.hdfs.server.namenode.FSDirWriteFileOp.validateAddBlock(FSDirWriteFileOp.java:172)
	at org.apache.hadoop.hdfs.server.namenode.FSNamesystem.getAdditionalBlock(FSNamesystem.java:2679)
	at org.apache.hadoop.hdfs.server.namenode.NameNodeRpcServer.addBlock(NameNodeRpcServer.java:875)
	at org.apache.hadoop.hdfs.protocolPB.ClientNamenodeProtocolServerSideTranslatorPB.addBlock(ClientNamenodeProtocolServerSideTranslatorPB.java:561)
	at org.apache.hadoop.hdfs.protocol.proto.ClientNamenodeProtocolProtos$ClientNamenodeProtocol$2.callBlockingMethod(ClientNamenodeProtocolProtos.java)
	at org.apache.hadoop.ipc.ProtobufRpcEngine$Server$ProtoBufRpcInvoker.call(ProtobufRpcEngine.java:523)
	at org.apache.hadoop.ipc.RPC$Server.call(RPC.java:991)
	at org.apache.hadoop.ipc.Server$RpcCall.run(Server.java:872)
	at org.apache.hadoop.ipc.Server$RpcCall.run(Server.java:818)
	at java.security.AccessController.doPrivileged(Native Method)
	at javax.security.auth.Subject.doAs(Subject.java:422)
	at org.apache.hadoop.security.UserGroupInformation.doAs(UserGroupInformation.java:1729)
	at org.apache.hadoop.ipc.Server$Handler.run(Server.java:2678)
Caused by: org.apache.hadoop.hdfs.server.namenode.SafeModeException: Cannot add block to /myfile11._COPYING_. Name node is in safe mode.
The reported blocks 58 has reached the threshold 0.9990 of total blocks 58. The number of live datanodes 3 has reached the minimum number 0. In safe mode extension. Safe mode will be turned off automatically in 27 seconds. NamenodeHostName:node-1-link-0
	at org.apache.hadoop.hdfs.server.namenode.FSNamesystem.newSafemodeException(FSNamesystem.java:1450)
	at org.apache.hadoop.hdfs.server.namenode.FSNamesystem.checkNameNodeSafeMode(FSNamesystem.java:1437)
	... 14 more
, while invoking ClientNamenodeProtocolTranslatorPB.addBlock over node-1-link-0/10.10.1.4:8020 after 1 failover attempts. Retrying after sleeping for 1053ms.
2019-02-22 11:00:13,922 INFO retry.RetryInvocationHandler: org.apache.hadoop.ipc.RemoteException(org.apache.hadoop.ipc.RetriableException): org.apache.hadoop.hdfs.server.namenode.SafeModeException: Cannot add block to /myfile11._COPYING_. Name node is in safe mode.
The reported blocks 58 has reached the threshold 0.9990 of total blocks 58. The number of live datanodes 3 has reached the minimum number 0. In safe mode extension. Safe mode will be turned off automatically in 26 seconds. NamenodeHostName:node-1-link-0
	at org.apache.hadoop.hdfs.server.namenode.FSNamesystem.checkNameNodeSafeMode(FSNamesystem.java:1441)
	at org.apache.hadoop.hdfs.server.namenode.FSDirWriteFileOp.analyzeFileState(FSDirWriteFileOp.java:591)
	at org.apache.hadoop.hdfs.server.namenode.FSDirWriteFileOp.validateAddBlock(FSDirWriteFileOp.java:172)
	at org.apache.hadoop.hdfs.server.namenode.FSNamesystem.getAdditionalBlock(FSNamesystem.java:2679)
	at org.apache.hadoop.hdfs.server.namenode.NameNodeRpcServer.addBlock(NameNodeRpcServer.java:875)
	at org.apache.hadoop.hdfs.protocolPB.ClientNamenodeProtocolServerSideTranslatorPB.addBlock(ClientNamenodeProtocolServerSideTranslatorPB.java:561)
	at org.apache.hadoop.hdfs.protocol.proto.ClientNamenodeProtocolProtos$ClientNamenodeProtocol$2.callBlockingMethod(ClientNamenodeProtocolProtos.java)
	at org.apache.hadoop.ipc.ProtobufRpcEngine$Server$ProtoBufRpcInvoker.call(ProtobufRpcEngine.java:523)
	at org.apache.hadoop.ipc.RPC$Server.call(RPC.java:991)
	at org.apache.hadoop.ipc.Server$RpcCall.run(Server.java:872)
	at org.apache.hadoop.ipc.Server$RpcCall.run(Server.java:818)
	at java.security.AccessController.doPrivileged(Native Method)
	at javax.security.auth.Subject.doAs(Subject.java:422)
	at org.apache.hadoop.security.UserGroupInformation.doAs(UserGroupInformation.java:1729)
	at org.apache.hadoop.ipc.Server$Handler.run(Server.java:2678)
Caused by: org.apache.hadoop.hdfs.server.namenode.SafeModeException: Cannot add block to /myfile11._COPYING_. Name node is in safe mode.
The reported blocks 58 has reached the threshold 0.9990 of total blocks 58. The number of live datanodes 3 has reached the minimum number 0. In safe mode extension. Safe mode will be turned off automatically in 26 seconds. NamenodeHostName:node-1-link-0
	at org.apache.hadoop.hdfs.server.namenode.FSNamesystem.newSafemodeException(FSNamesystem.java:1450)
	at org.apache.hadoop.hdfs.server.namenode.FSNamesystem.checkNameNodeSafeMode(FSNamesystem.java:1437)
	... 14 more
, while invoking ClientNamenodeProtocolTranslatorPB.addBlock over node-1-link-0/10.10.1.4:8020 after 1 failover attempts. Retrying after sleeping for 1656ms.
2019-02-22 11:00:15,581 INFO retry.RetryInvocationHandler: org.apache.hadoop.ipc.RemoteException(org.apache.hadoop.ipc.RetriableException): org.apache.hadoop.hdfs.server.namenode.SafeModeException: Cannot add block to /myfile11._COPYING_. Name node is in safe mode.
The reported blocks 58 has reached the threshold 0.9990 of total blocks 58. The number of live datanodes 3 has reached the minimum number 0. In safe mode extension. Safe mode will be turned off automatically in 24 seconds. NamenodeHostName:node-1-link-0
	at org.apache.hadoop.hdfs.server.namenode.FSNamesystem.checkNameNodeSafeMode(FSNamesystem.java:1441)
	at org.apache.hadoop.hdfs.server.namenode.FSDirWriteFileOp.analyzeFileState(FSDirWriteFileOp.java:591)
	at org.apache.hadoop.hdfs.server.namenode.FSDirWriteFileOp.validateAddBlock(FSDirWriteFileOp.java:172)
	at org.apache.hadoop.hdfs.server.namenode.FSNamesystem.getAdditionalBlock(FSNamesystem.java:2679)
	at org.apache.hadoop.hdfs.server.namenode.NameNodeRpcServer.addBlock(NameNodeRpcServer.java:875)
	at org.apache.hadoop.hdfs.protocolPB.ClientNamenodeProtocolServerSideTranslatorPB.addBlock(ClientNamenodeProtocolServerSideTranslatorPB.java:561)
	at org.apache.hadoop.hdfs.protocol.proto.ClientNamenodeProtocolProtos$ClientNamenodeProtocol$2.callBlockingMethod(ClientNamenodeProtocolProtos.java)
	at org.apache.hadoop.ipc.ProtobufRpcEngine$Server$ProtoBufRpcInvoker.call(ProtobufRpcEngine.java:523)
	at org.apache.hadoop.ipc.RPC$Server.call(RPC.java:991)
	at org.apache.hadoop.ipc.Server$RpcCall.run(Server.java:872)
	at org.apache.hadoop.ipc.Server$RpcCall.run(Server.java:818)
	at java.security.AccessController.doPrivileged(Native Method)
	at javax.security.auth.Subject.doAs(Subject.java:422)
	at org.apache.hadoop.security.UserGroupInformation.doAs(UserGroupInformation.java:1729)
	at org.apache.hadoop.ipc.Server$Handler.run(Server.java:2678)
Caused by: org.apache.hadoop.hdfs.server.namenode.SafeModeException: Cannot add block to /myfile11._COPYING_. Name node is in safe mode.
The reported blocks 58 has reached the threshold 0.9990 of total blocks 58. The number of live datanodes 3 has reached the minimum number 0. In safe mode extension. Safe mode will be turned off automatically in 24 seconds. NamenodeHostName:node-1-link-0
	at org.apache.hadoop.hdfs.server.namenode.FSNamesystem.newSafemodeException(FSNamesystem.java:1450)
	at org.apache.hadoop.hdfs.server.namenode.FSNamesystem.checkNameNodeSafeMode(FSNamesystem.java:1437)
	... 14 more
, while invoking ClientNamenodeProtocolTranslatorPB.addBlock over node-1-link-0/10.10.1.4:8020 after 1 failover attempts. Retrying after sleeping for 5682ms.
2019-02-22 11:00:21,266 INFO retry.RetryInvocationHandler: org.apache.hadoop.ipc.RemoteException(org.apache.hadoop.ipc.RetriableException): org.apache.hadoop.hdfs.server.namenode.SafeModeException: Cannot add block to /myfile11._COPYING_. Name node is in safe mode.
The reported blocks 58 has reached the threshold 0.9990 of total blocks 58. The number of live datanodes 3 has reached the minimum number 0. In safe mode extension. Safe mode will be turned off automatically in 19 seconds. NamenodeHostName:node-1-link-0
	at org.apache.hadoop.hdfs.server.namenode.FSNamesystem.checkNameNodeSafeMode(FSNamesystem.java:1441)
	at org.apache.hadoop.hdfs.server.namenode.FSDirWriteFileOp.analyzeFileState(FSDirWriteFileOp.java:591)
	at org.apache.hadoop.hdfs.server.namenode.FSDirWriteFileOp.validateAddBlock(FSDirWriteFileOp.java:172)
	at org.apache.hadoop.hdfs.server.namenode.FSNamesystem.getAdditionalBlock(FSNamesystem.java:2679)
	at org.apache.hadoop.hdfs.server.namenode.NameNodeRpcServer.addBlock(NameNodeRpcServer.java:875)
	at org.apache.hadoop.hdfs.protocolPB.ClientNamenodeProtocolServerSideTranslatorPB.addBlock(ClientNamenodeProtocolServerSideTranslatorPB.java:561)
	at org.apache.hadoop.hdfs.protocol.proto.ClientNamenodeProtocolProtos$ClientNamenodeProtocol$2.callBlockingMethod(ClientNamenodeProtocolProtos.java)
	at org.apache.hadoop.ipc.ProtobufRpcEngine$Server$ProtoBufRpcInvoker.call(ProtobufRpcEngine.java:523)
	at org.apache.hadoop.ipc.RPC$Server.call(RPC.java:991)
	at org.apache.hadoop.ipc.Server$RpcCall.run(Server.java:872)
	at org.apache.hadoop.ipc.Server$RpcCall.run(Server.java:818)
	at java.security.AccessController.doPrivileged(Native Method)
	at javax.security.auth.Subject.doAs(Subject.java:422)
	at org.apache.hadoop.security.UserGroupInformation.doAs(UserGroupInformation.java:1729)
	at org.apache.hadoop.ipc.Server$Handler.run(Server.java:2678)
Caused by: org.apache.hadoop.hdfs.server.namenode.SafeModeException: Cannot add block to /myfile11._COPYING_. Name node is in safe mode.
The reported blocks 58 has reached the threshold 0.9990 of total blocks 58. The number of live datanodes 3 has reached the minimum number 0. In safe mode extension. Safe mode will be turned off automatically in 19 seconds. NamenodeHostName:node-1-link-0
	at org.apache.hadoop.hdfs.server.namenode.FSNamesystem.newSafemodeException(FSNamesystem.java:1450)
	at org.apache.hadoop.hdfs.server.namenode.FSNamesystem.checkNameNodeSafeMode(FSNamesystem.java:1437)
	... 14 more
, while invoking ClientNamenodeProtocolTranslatorPB.addBlock over node-1-link-0/10.10.1.4:8020 after 1 failover attempts. Retrying after sleeping for 5992ms.
2019-02-22 11:00:27,261 INFO retry.RetryInvocationHandler: org.apache.hadoop.ipc.RemoteException(org.apache.hadoop.ipc.RetriableException): org.apache.hadoop.hdfs.server.namenode.SafeModeException: Cannot add block to /myfile11._COPYING_. Name node is in safe mode.
The reported blocks 58 has reached the threshold 0.9990 of total blocks 58. The number of live datanodes 3 has reached the minimum number 0. In safe mode extension. Safe mode will be turned off automatically in 13 seconds. NamenodeHostName:node-1-link-0
	at org.apache.hadoop.hdfs.server.namenode.FSNamesystem.checkNameNodeSafeMode(FSNamesystem.java:1441)
	at org.apache.hadoop.hdfs.server.namenode.FSDirWriteFileOp.analyzeFileState(FSDirWriteFileOp.java:591)
	at org.apache.hadoop.hdfs.server.namenode.FSDirWriteFileOp.validateAddBlock(FSDirWriteFileOp.java:172)
	at org.apache.hadoop.hdfs.server.namenode.FSNamesystem.getAdditionalBlock(FSNamesystem.java:2679)
	at org.apache.hadoop.hdfs.server.namenode.NameNodeRpcServer.addBlock(NameNodeRpcServer.java:875)
	at org.apache.hadoop.hdfs.protocolPB.ClientNamenodeProtocolServerSideTranslatorPB.addBlock(ClientNamenodeProtocolServerSideTranslatorPB.java:561)
	at org.apache.hadoop.hdfs.protocol.proto.ClientNamenodeProtocolProtos$ClientNamenodeProtocol$2.callBlockingMethod(ClientNamenodeProtocolProtos.java)
	at org.apache.hadoop.ipc.ProtobufRpcEngine$Server$ProtoBufRpcInvoker.call(ProtobufRpcEngine.java:523)
	at org.apache.hadoop.ipc.RPC$Server.call(RPC.java:991)
	at org.apache.hadoop.ipc.Server$RpcCall.run(Server.java:872)
	at org.apache.hadoop.ipc.Server$RpcCall.run(Server.java:818)
	at java.security.AccessController.doPrivileged(Native Method)
	at javax.security.auth.Subject.doAs(Subject.java:422)
	at org.apache.hadoop.security.UserGroupInformation.doAs(UserGroupInformation.java:1729)
	at org.apache.hadoop.ipc.Server$Handler.run(Server.java:2678)
Caused by: org.apache.hadoop.hdfs.server.namenode.SafeModeException: Cannot add block to /myfile11._COPYING_. Name node is in safe mode.
The reported blocks 58 has reached the threshold 0.9990 of total blocks 58. The number of live datanodes 3 has reached the minimum number 0. In safe mode extension. Safe mode will be turned off automatically in 13 seconds. NamenodeHostName:node-1-link-0
	at org.apache.hadoop.hdfs.server.namenode.FSNamesystem.newSafemodeException(FSNamesystem.java:1450)
	at org.apache.hadoop.hdfs.server.namenode.FSNamesystem.checkNameNodeSafeMode(FSNamesystem.java:1437)
	... 14 more
, while invoking ClientNamenodeProtocolTranslatorPB.addBlock over node-1-link-0/10.10.1.4:8020 after 1 failover attempts. Retrying after sleeping for 12809ms.
2019-02-22 11:00:28,670 INFO retry.RetryInvocationHandler: org.apache.hadoop.ipc.RemoteException(org.apache.hadoop.ipc.RetriableException): org.apache.hadoop.hdfs.server.namenode.SafeModeException: Cannot renew lease for DFSClient_NONMAPREDUCE_1527322414_1. Name node is in safe mode.
The reported blocks 58 has reached the threshold 0.9990 of total blocks 58. The number of live datanodes 3 has reached the minimum number 0. In safe mode extension. Safe mode will be turned off automatically in 11 seconds. NamenodeHostName:node-1-link-0
	at org.apache.hadoop.hdfs.server.namenode.FSNamesystem.checkNameNodeSafeMode(FSNamesystem.java:1441)
	at org.apache.hadoop.hdfs.server.namenode.FSNamesystem.renewLease(FSNamesystem.java:3744)
	at org.apache.hadoop.hdfs.server.namenode.NameNodeRpcServer.renewLease(NameNodeRpcServer.java:1134)
	at org.apache.hadoop.hdfs.protocolPB.ClientNamenodeProtocolServerSideTranslatorPB.renewLease(ClientNamenodeProtocolServerSideTranslatorPB.java:737)
	at org.apache.hadoop.hdfs.protocol.proto.ClientNamenodeProtocolProtos$ClientNamenodeProtocol$2.callBlockingMethod(ClientNamenodeProtocolProtos.java)
	at org.apache.hadoop.ipc.ProtobufRpcEngine$Server$ProtoBufRpcInvoker.call(ProtobufRpcEngine.java:523)
	at org.apache.hadoop.ipc.RPC$Server.call(RPC.java:991)
	at org.apache.hadoop.ipc.Server$RpcCall.run(Server.java:872)
	at org.apache.hadoop.ipc.Server$RpcCall.run(Server.java:818)
	at java.security.AccessController.doPrivileged(Native Method)
	at javax.security.auth.Subject.doAs(Subject.java:422)
	at org.apache.hadoop.security.UserGroupInformation.doAs(UserGroupInformation.java:1729)
	at org.apache.hadoop.ipc.Server$Handler.run(Server.java:2678)
Caused by: org.apache.hadoop.hdfs.server.namenode.SafeModeException: Cannot renew lease for DFSClient_NONMAPREDUCE_1527322414_1. Name node is in safe mode.
The reported blocks 58 has reached the threshold 0.9990 of total blocks 58. The number of live datanodes 3 has reached the minimum number 0. In safe mode extension. Safe mode will be turned off automatically in 11 seconds. NamenodeHostName:node-1-link-0
	at org.apache.hadoop.hdfs.server.namenode.FSNamesystem.newSafemodeException(FSNamesystem.java:1450)
	at org.apache.hadoop.hdfs.server.namenode.FSNamesystem.checkNameNodeSafeMode(FSNamesystem.java:1437)
	... 12 more
, while invoking ClientNamenodeProtocolTranslatorPB.renewLease over node-1-link-0/10.10.1.4:8020. Retrying immediately.
2019-02-22 11:00:28,672 INFO retry.RetryInvocationHandler: org.apache.hadoop.ipc.RemoteException(org.apache.hadoop.ipc.RetriableException): org.apache.hadoop.hdfs.server.namenode.SafeModeException: Cannot renew lease for DFSClient_NONMAPREDUCE_1527322414_1. Name node is in safe mode.
The reported blocks 58 has reached the threshold 0.9990 of total blocks 58. The number of live datanodes 3 has reached the minimum number 0. In safe mode extension. Safe mode will be turned off automatically in 11 seconds. NamenodeHostName:node-1-link-0
	at org.apache.hadoop.hdfs.server.namenode.FSNamesystem.checkNameNodeSafeMode(FSNamesystem.java:1441)
	at org.apache.hadoop.hdfs.server.namenode.FSNamesystem.renewLease(FSNamesystem.java:3744)
	at org.apache.hadoop.hdfs.server.namenode.NameNodeRpcServer.renewLease(NameNodeRpcServer.java:1134)
	at org.apache.hadoop.hdfs.protocolPB.ClientNamenodeProtocolServerSideTranslatorPB.renewLease(ClientNamenodeProtocolServerSideTranslatorPB.java:737)
	at org.apache.hadoop.hdfs.protocol.proto.ClientNamenodeProtocolProtos$ClientNamenodeProtocol$2.callBlockingMethod(ClientNamenodeProtocolProtos.java)
	at org.apache.hadoop.ipc.ProtobufRpcEngine$Server$ProtoBufRpcInvoker.call(ProtobufRpcEngine.java:523)
	at org.apache.hadoop.ipc.RPC$Server.call(RPC.java:991)
	at org.apache.hadoop.ipc.Server$RpcCall.run(Server.java:872)
	at org.apache.hadoop.ipc.Server$RpcCall.run(Server.java:818)
	at java.security.AccessController.doPrivileged(Native Method)
	at javax.security.auth.Subject.doAs(Subject.java:422)
	at org.apache.hadoop.security.UserGroupInformation.doAs(UserGroupInformation.java:1729)
	at org.apache.hadoop.ipc.Server$Handler.run(Server.java:2678)
Caused by: org.apache.hadoop.hdfs.server.namenode.SafeModeException: Cannot renew lease for DFSClient_NONMAPREDUCE_1527322414_1. Name node is in safe mode.
The reported blocks 58 has reached the threshold 0.9990 of total blocks 58. The number of live datanodes 3 has reached the minimum number 0. In safe mode extension. Safe mode will be turned off automatically in 11 seconds. NamenodeHostName:node-1-link-0
	at org.apache.hadoop.hdfs.server.namenode.FSNamesystem.newSafemodeException(FSNamesystem.java:1450)
	at org.apache.hadoop.hdfs.server.namenode.FSNamesystem.checkNameNodeSafeMode(FSNamesystem.java:1437)
	... 12 more
, while invoking ClientNamenodeProtocolTranslatorPB.renewLease over node-1-link-0/10.10.1.4:8020. Retrying after sleeping for 654ms.
2019-02-22 11:00:29,328 INFO retry.RetryInvocationHandler: org.apache.hadoop.ipc.RemoteException(org.apache.hadoop.ipc.RetriableException): org.apache.hadoop.hdfs.server.namenode.SafeModeException: Cannot renew lease for DFSClient_NONMAPREDUCE_1527322414_1. Name node is in safe mode.
The reported blocks 58 has reached the threshold 0.9990 of total blocks 58. The number of live datanodes 3 has reached the minimum number 0. In safe mode extension. Safe mode will be turned off automatically in 11 seconds. NamenodeHostName:node-1-link-0
	at org.apache.hadoop.hdfs.server.namenode.FSNamesystem.checkNameNodeSafeMode(FSNamesystem.java:1441)
	at org.apache.hadoop.hdfs.server.namenode.FSNamesystem.renewLease(FSNamesystem.java:3744)
	at org.apache.hadoop.hdfs.server.namenode.NameNodeRpcServer.renewLease(NameNodeRpcServer.java:1134)
	at org.apache.hadoop.hdfs.protocolPB.ClientNamenodeProtocolServerSideTranslatorPB.renewLease(ClientNamenodeProtocolServerSideTranslatorPB.java:737)
	at org.apache.hadoop.hdfs.protocol.proto.ClientNamenodeProtocolProtos$ClientNamenodeProtocol$2.callBlockingMethod(ClientNamenodeProtocolProtos.java)
	at org.apache.hadoop.ipc.ProtobufRpcEngine$Server$ProtoBufRpcInvoker.call(ProtobufRpcEngine.java:523)
	at org.apache.hadoop.ipc.RPC$Server.call(RPC.java:991)
	at org.apache.hadoop.ipc.Server$RpcCall.run(Server.java:872)
	at org.apache.hadoop.ipc.Server$RpcCall.run(Server.java:818)
	at java.security.AccessController.doPrivileged(Native Method)
	at javax.security.auth.Subject.doAs(Subject.java:422)
	at org.apache.hadoop.security.UserGroupInformation.doAs(UserGroupInformation.java:1729)
	at org.apache.hadoop.ipc.Server$Handler.run(Server.java:2678)
Caused by: org.apache.hadoop.hdfs.server.namenode.SafeModeException: Cannot renew lease for DFSClient_NONMAPREDUCE_1527322414_1. Name node is in safe mode.
The reported blocks 58 has reached the threshold 0.9990 of total blocks 58. The number of live datanodes 3 has reached the minimum number 0. In safe mode extension. Safe mode will be turned off automatically in 11 seconds. NamenodeHostName:node-1-link-0
	at org.apache.hadoop.hdfs.server.namenode.FSNamesystem.newSafemodeException(FSNamesystem.java:1450)
	at org.apache.hadoop.hdfs.server.namenode.FSNamesystem.checkNameNodeSafeMode(FSNamesystem.java:1437)
	... 12 more
, while invoking ClientNamenodeProtocolTranslatorPB.renewLease over node-1-link-0/10.10.1.4:8020. Retrying after sleeping for 1837ms.
2019-02-22 11:00:31,167 INFO retry.RetryInvocationHandler: org.apache.hadoop.ipc.RemoteException(org.apache.hadoop.ipc.RetriableException): org.apache.hadoop.hdfs.server.namenode.SafeModeException: Cannot renew lease for DFSClient_NONMAPREDUCE_1527322414_1. Name node is in safe mode.
The reported blocks 58 has reached the threshold 0.9990 of total blocks 58. The number of live datanodes 3 has reached the minimum number 0. In safe mode extension. Safe mode will be turned off automatically in 9 seconds. NamenodeHostName:node-1-link-0
	at org.apache.hadoop.hdfs.server.namenode.FSNamesystem.checkNameNodeSafeMode(FSNamesystem.java:1441)
	at org.apache.hadoop.hdfs.server.namenode.FSNamesystem.renewLease(FSNamesystem.java:3744)
	at org.apache.hadoop.hdfs.server.namenode.NameNodeRpcServer.renewLease(NameNodeRpcServer.java:1134)
	at org.apache.hadoop.hdfs.protocolPB.ClientNamenodeProtocolServerSideTranslatorPB.renewLease(ClientNamenodeProtocolServerSideTranslatorPB.java:737)
	at org.apache.hadoop.hdfs.protocol.proto.ClientNamenodeProtocolProtos$ClientNamenodeProtocol$2.callBlockingMethod(ClientNamenodeProtocolProtos.java)
	at org.apache.hadoop.ipc.ProtobufRpcEngine$Server$ProtoBufRpcInvoker.call(ProtobufRpcEngine.java:523)
	at org.apache.hadoop.ipc.RPC$Server.call(RPC.java:991)
	at org.apache.hadoop.ipc.Server$RpcCall.run(Server.java:872)
	at org.apache.hadoop.ipc.Server$RpcCall.run(Server.java:818)
	at java.security.AccessController.doPrivileged(Native Method)
	at javax.security.auth.Subject.doAs(Subject.java:422)
	at org.apache.hadoop.security.UserGroupInformation.doAs(UserGroupInformation.java:1729)
	at org.apache.hadoop.ipc.Server$Handler.run(Server.java:2678)
Caused by: org.apache.hadoop.hdfs.server.namenode.SafeModeException: Cannot renew lease for DFSClient_NONMAPREDUCE_1527322414_1. Name node is in safe mode.
The reported blocks 58 has reached the threshold 0.9990 of total blocks 58. The number of live datanodes 3 has reached the minimum number 0. In safe mode extension. Safe mode will be turned off automatically in 9 seconds. NamenodeHostName:node-1-link-0
	at org.apache.hadoop.hdfs.server.namenode.FSNamesystem.newSafemodeException(FSNamesystem.java:1450)
	at org.apache.hadoop.hdfs.server.namenode.FSNamesystem.checkNameNodeSafeMode(FSNamesystem.java:1437)
	... 12 more
, while invoking ClientNamenodeProtocolTranslatorPB.renewLease over node-1-link-0/10.10.1.4:8020. Retrying after sleeping for 4029ms.
2019-02-22 11:00:35,199 INFO retry.RetryInvocationHandler: org.apache.hadoop.ipc.RemoteException(org.apache.hadoop.ipc.RetriableException): org.apache.hadoop.hdfs.server.namenode.SafeModeException: Cannot renew lease for DFSClient_NONMAPREDUCE_1527322414_1. Name node is in safe mode.
The reported blocks 58 has reached the threshold 0.9990 of total blocks 58. The number of live datanodes 3 has reached the minimum number 0. In safe mode extension. Safe mode will be turned off automatically in 5 seconds. NamenodeHostName:node-1-link-0
	at org.apache.hadoop.hdfs.server.namenode.FSNamesystem.checkNameNodeSafeMode(FSNamesystem.java:1441)
	at org.apache.hadoop.hdfs.server.namenode.FSNamesystem.renewLease(FSNamesystem.java:3744)
	at org.apache.hadoop.hdfs.server.namenode.NameNodeRpcServer.renewLease(NameNodeRpcServer.java:1134)
	at org.apache.hadoop.hdfs.protocolPB.ClientNamenodeProtocolServerSideTranslatorPB.renewLease(ClientNamenodeProtocolServerSideTranslatorPB.java:737)
	at org.apache.hadoop.hdfs.protocol.proto.ClientNamenodeProtocolProtos$ClientNamenodeProtocol$2.callBlockingMethod(ClientNamenodeProtocolProtos.java)
	at org.apache.hadoop.ipc.ProtobufRpcEngine$Server$ProtoBufRpcInvoker.call(ProtobufRpcEngine.java:523)
	at org.apache.hadoop.ipc.RPC$Server.call(RPC.java:991)
	at org.apache.hadoop.ipc.Server$RpcCall.run(Server.java:872)
	at org.apache.hadoop.ipc.Server$RpcCall.run(Server.java:818)
	at java.security.AccessController.doPrivileged(Native Method)
	at javax.security.auth.Subject.doAs(Subject.java:422)
	at org.apache.hadoop.security.UserGroupInformation.doAs(UserGroupInformation.java:1729)
	at org.apache.hadoop.ipc.Server$Handler.run(Server.java:2678)
Caused by: org.apache.hadoop.hdfs.server.namenode.SafeModeException: Cannot renew lease for DFSClient_NONMAPREDUCE_1527322414_1. Name node is in safe mode.
The reported blocks 58 has reached the threshold 0.9990 of total blocks 58. The number of live datanodes 3 has reached the minimum number 0. In safe mode extension. Safe mode will be turned off automatically in 5 seconds. NamenodeHostName:node-1-link-0
	at org.apache.hadoop.hdfs.server.namenode.FSNamesystem.newSafemodeException(FSNamesystem.java:1450)
	at org.apache.hadoop.hdfs.server.namenode.FSNamesystem.checkNameNodeSafeMode(FSNamesystem.java:1437)
	... 12 more
, while invoking ClientNamenodeProtocolTranslatorPB.renewLease over node-1-link-0/10.10.1.4:8020. Retrying after sleeping for 5387ms.
2019-02-22 11:00:40,073 INFO retry.RetryInvocationHandler: org.apache.hadoop.ipc.RemoteException(org.apache.hadoop.ipc.RetriableException): org.apache.hadoop.hdfs.server.namenode.SafeModeException: Cannot add block to /myfile11._COPYING_. Name node is in safe mode.
The reported blocks 58 has reached the threshold 0.9990 of total blocks 58. The number of live datanodes 3 has reached the minimum number 0. In safe mode extension. Safe mode will be turned off automatically in 0 seconds. NamenodeHostName:node-1-link-0
	at org.apache.hadoop.hdfs.server.namenode.FSNamesystem.checkNameNodeSafeMode(FSNamesystem.java:1441)
	at org.apache.hadoop.hdfs.server.namenode.FSDirWriteFileOp.analyzeFileState(FSDirWriteFileOp.java:591)
	at org.apache.hadoop.hdfs.server.namenode.FSDirWriteFileOp.validateAddBlock(FSDirWriteFileOp.java:172)
	at org.apache.hadoop.hdfs.server.namenode.FSNamesystem.getAdditionalBlock(FSNamesystem.java:2679)
	at org.apache.hadoop.hdfs.server.namenode.NameNodeRpcServer.addBlock(NameNodeRpcServer.java:875)
	at org.apache.hadoop.hdfs.protocolPB.ClientNamenodeProtocolServerSideTranslatorPB.addBlock(ClientNamenodeProtocolServerSideTranslatorPB.java:561)
	at org.apache.hadoop.hdfs.protocol.proto.ClientNamenodeProtocolProtos$ClientNamenodeProtocol$2.callBlockingMethod(ClientNamenodeProtocolProtos.java)
	at org.apache.hadoop.ipc.ProtobufRpcEngine$Server$ProtoBufRpcInvoker.call(ProtobufRpcEngine.java:523)
	at org.apache.hadoop.ipc.RPC$Server.call(RPC.java:991)
	at org.apache.hadoop.ipc.Server$RpcCall.run(Server.java:872)
	at org.apache.hadoop.ipc.Server$RpcCall.run(Server.java:818)
	at java.security.AccessController.doPrivileged(Native Method)
	at javax.security.auth.Subject.doAs(Subject.java:422)
	at org.apache.hadoop.security.UserGroupInformation.doAs(UserGroupInformation.java:1729)
	at org.apache.hadoop.ipc.Server$Handler.run(Server.java:2678)
Caused by: org.apache.hadoop.hdfs.server.namenode.SafeModeException: Cannot add block to /myfile11._COPYING_. Name node is in safe mode.
The reported blocks 58 has reached the threshold 0.9990 of total blocks 58. The number of live datanodes 3 has reached the minimum number 0. In safe mode extension. Safe mode will be turned off automatically in 0 seconds. NamenodeHostName:node-1-link-0
	at org.apache.hadoop.hdfs.server.namenode.FSNamesystem.newSafemodeException(FSNamesystem.java:1450)
	at org.apache.hadoop.hdfs.server.namenode.FSNamesystem.checkNameNodeSafeMode(FSNamesystem.java:1437)
	... 14 more
, while invoking ClientNamenodeProtocolTranslatorPB.addBlock over node-1-link-0/10.10.1.4:8020 after 1 failover attempts. Retrying after sleeping for 8620ms.
Found 20 items
-rw-r--r--   3 root supergroup 1073741824 2019-02-22 11:01 /myfile1
-rw-r--r--   3 root supergroup 1073741824 2019-02-22 11:01 /myfile10
-rw-r--r--   3 root supergroup 1073741824 2019-02-22 11:01 /myfile11
-rw-r--r--   3 root supergroup  939524096 2019-02-22 11:00 /myfile12._COPYING_
-rw-r--r--   3 root supergroup  671088640 2019-02-22 11:01 /myfile13._COPYING_
-rw-r--r--   3 root supergroup  939524096 2019-02-22 11:00 /myfile14._COPYING_
-rw-r--r--   3 root supergroup 1073741824 2019-02-22 11:01 /myfile15
-rw-r--r--   3 root supergroup 1073741824 2019-02-22 11:01 /myfile16
-rw-r--r--   3 root supergroup 1073741824 2019-02-22 11:01 /myfile17
-rw-r--r--   3 root supergroup 1073741824 2019-02-22 11:01 /myfile18
-rw-r--r--   3 root supergroup 1073741824 2019-02-22 11:01 /myfile19
-rw-r--r--   3 root supergroup  805306368 2019-02-22 11:00 /myfile2._COPYING_
-rw-r--r--   3 root supergroup 1073741824 2019-02-22 11:01 /myfile20
-rw-r--r--   3 root supergroup 1073741824 2019-02-22 11:01 /myfile3
-rw-r--r--   3 root supergroup 1073741824 2019-02-22 11:01 /myfile4
-rw-r--r--   3 root supergroup 1073741824 2019-02-22 11:01 /myfile5
-rw-r--r--   3 root supergroup  939524096 2019-02-22 11:01 /myfile6._COPYING_
-rw-r--r--   3 root supergroup 1073741824 2019-02-22 11:01 /myfile7
-rw-r--r--   3 root supergroup 1073741824 2019-02-22 10:59 /myfile8
-rw-r--r--   3 root supergroup  671088640 2019-02-22 11:01 /myfile9._COPYING_
file 11 has been put into HDFS
file 11 has been read from HDFS for 1 time
diff succeed!
file 11 has been read from HDFS for 2 time
diff succeed!
file 11 has been read from HDFS for 3 time
diff succeed!
file 11 has been read from HDFS for 4 time
diff succeed!
file 11 has been read from HDFS for 5 time
diff succeed!
file 11 has been read from HDFS for 6 time
diff succeed!
file 11 has been read from HDFS for 7 time
diff succeed!
file 11 has been read from HDFS for 8 time
diff succeed!
file 11 has been read from HDFS for 9 time
diff succeed!
file 11 has been read from HDFS for 10 time
diff succeed!
Deleted /myfile11
file 11 has been removed from HDFS
Found 19 items
-rw-r--r--   3 root supergroup 1073741824 2019-02-22 11:06 /myfile1
-rw-r--r--   3 root supergroup 1073741824 2019-02-22 11:06 /myfile10
-rw-r--r--   3 root supergroup 1073741824 2019-02-22 11:06 /myfile11
-rw-r--r--   3 root supergroup 1073741824 2019-02-22 11:06 /myfile12
-rw-r--r--   3 root supergroup 1073741824 2019-02-22 11:06 /myfile13
-rw-r--r--   3 root supergroup 1073741824 2019-02-22 11:01 /myfile14
-rw-r--r--   3 root supergroup 1073741824 2019-02-22 11:06 /myfile15
-rw-r--r--   3 root supergroup 1073741824 2019-02-22 11:06 /myfile16
-rw-r--r--   3 root supergroup 1073741824 2019-02-22 11:06 /myfile17
-rw-r--r--   3 root supergroup 1073741824 2019-02-22 11:06 /myfile18
-rw-r--r--   3 root supergroup 1073741824 2019-02-22 11:06 /myfile19
-rw-r--r--   3 root supergroup 1073741824 2019-02-22 11:06 /myfile2
-rw-r--r--   3 root supergroup 1073741824 2019-02-22 11:06 /myfile20
-rw-r--r--   3 root supergroup 1073741824 2019-02-22 11:06 /myfile3
-rw-r--r--   3 root supergroup 1073741824 2019-02-22 11:06 /myfile4
-rw-r--r--   3 root supergroup 1073741824 2019-02-22 11:06 /myfile5
-rw-r--r--   3 root supergroup 1073741824 2019-02-22 11:01 /myfile6
-rw-r--r--   3 root supergroup 1073741824 2019-02-22 11:06 /myfile7
-rw-r--r--   3 root supergroup 1073741824 2019-02-22 11:05 /myfile8
file 11 has been put into HDFS
file 11 has been read from HDFS for 1 time
diff succeed!
file 11 has been read from HDFS for 2 time
diff succeed!
file 11 has been read from HDFS for 3 time
diff succeed!
file 11 has been read from HDFS for 4 time
diff succeed!
file 11 has been read from HDFS for 5 time
diff succeed!
file 11 has been read from HDFS for 6 time
diff succeed!
file 11 has been read from HDFS for 7 time
diff succeed!
file 11 has been read from HDFS for 8 time
diff succeed!
file 11 has been read from HDFS for 9 time
diff succeed!
file 11 has been read from HDFS for 10 time
diff succeed!
Deleted /myfile11
file 11 has been removed from HDFS
2019-02-22 11:11:14,193 INFO retry.RetryInvocationHandler: java.io.EOFException: End of File Exception between local host is: "clnode090.clemson.cloudlab.us/130.127.133.99"; destination host is: "node-0-link-0":8020; : java.io.EOFException; For more details see:  http://wiki.apache.org/hadoop/EOFException, while invoking ClientNamenodeProtocolTranslatorPB.addBlock over node-0-link-0/10.10.1.1:8020. Trying to failover immediately.
2019-02-22 11:11:14,199 INFO retry.RetryInvocationHandler: org.apache.hadoop.ipc.RemoteException(org.apache.hadoop.ipc.StandbyException): Operation category READ is not supported in state standby. Visit https://s.apache.org/sbnn-error
	at org.apache.hadoop.hdfs.server.namenode.ha.StandbyState.checkOperation(StandbyState.java:88)
	at org.apache.hadoop.hdfs.server.namenode.NameNode$NameNodeHAContext.checkOperation(NameNode.java:1952)
	at org.apache.hadoop.hdfs.server.namenode.FSNamesystem.checkOperation(FSNamesystem.java:1423)
	at org.apache.hadoop.hdfs.server.namenode.FSNamesystem.getAdditionalBlock(FSNamesystem.java:2674)
	at org.apache.hadoop.hdfs.server.namenode.NameNodeRpcServer.addBlock(NameNodeRpcServer.java:875)
	at org.apache.hadoop.hdfs.protocolPB.ClientNamenodeProtocolServerSideTranslatorPB.addBlock(ClientNamenodeProtocolServerSideTranslatorPB.java:561)
	at org.apache.hadoop.hdfs.protocol.proto.ClientNamenodeProtocolProtos$ClientNamenodeProtocol$2.callBlockingMethod(ClientNamenodeProtocolProtos.java)
	at org.apache.hadoop.ipc.ProtobufRpcEngine$Server$ProtoBufRpcInvoker.call(ProtobufRpcEngine.java:523)
	at org.apache.hadoop.ipc.RPC$Server.call(RPC.java:991)
	at org.apache.hadoop.ipc.Server$RpcCall.run(Server.java:872)
	at org.apache.hadoop.ipc.Server$RpcCall.run(Server.java:818)
	at java.security.AccessController.doPrivileged(Native Method)
	at javax.security.auth.Subject.doAs(Subject.java:422)
	at org.apache.hadoop.security.UserGroupInformation.doAs(UserGroupInformation.java:1729)
	at org.apache.hadoop.ipc.Server$Handler.run(Server.java:2678)
, while invoking ClientNamenodeProtocolTranslatorPB.addBlock over node-1-link-0/10.10.1.4:8020 after 1 failover attempts. Trying to failover after sleeping for 694ms.
2019-02-22 11:11:14,896 INFO retry.RetryInvocationHandler: java.net.ConnectException: Call From clnode090.clemson.cloudlab.us/130.127.133.99 to node-0-link-0:8020 failed on connection exception: java.net.ConnectException: Connection refused; For more details see:  http://wiki.apache.org/hadoop/ConnectionRefused, while invoking ClientNamenodeProtocolTranslatorPB.addBlock over node-0-link-0/10.10.1.1:8020 after 2 failover attempts. Trying to failover after sleeping for 1909ms.
2019-02-22 11:11:16,808 INFO retry.RetryInvocationHandler: org.apache.hadoop.ipc.RemoteException(org.apache.hadoop.ipc.RetriableException): org.apache.hadoop.hdfs.server.namenode.SafeModeException: Cannot add block to /myfile11._COPYING_. Name node is in safe mode.
The reported blocks 111 has reached the threshold 0.9990 of total blocks 111. The number of live datanodes 3 has reached the minimum number 0. In safe mode extension. Safe mode will be turned off automatically in 10 seconds. NamenodeHostName:node-1-link-0
	at org.apache.hadoop.hdfs.server.namenode.FSNamesystem.checkNameNodeSafeMode(FSNamesystem.java:1441)
	at org.apache.hadoop.hdfs.server.namenode.FSDirWriteFileOp.analyzeFileState(FSDirWriteFileOp.java:591)
	at org.apache.hadoop.hdfs.server.namenode.FSDirWriteFileOp.validateAddBlock(FSDirWriteFileOp.java:172)
	at org.apache.hadoop.hdfs.server.namenode.FSNamesystem.getAdditionalBlock(FSNamesystem.java:2679)
	at org.apache.hadoop.hdfs.server.namenode.NameNodeRpcServer.addBlock(NameNodeRpcServer.java:875)
	at org.apache.hadoop.hdfs.protocolPB.ClientNamenodeProtocolServerSideTranslatorPB.addBlock(ClientNamenodeProtocolServerSideTranslatorPB.java:561)
	at org.apache.hadoop.hdfs.protocol.proto.ClientNamenodeProtocolProtos$ClientNamenodeProtocol$2.callBlockingMethod(ClientNamenodeProtocolProtos.java)
	at org.apache.hadoop.ipc.ProtobufRpcEngine$Server$ProtoBufRpcInvoker.call(ProtobufRpcEngine.java:523)
	at org.apache.hadoop.ipc.RPC$Server.call(RPC.java:991)
	at org.apache.hadoop.ipc.Server$RpcCall.run(Server.java:872)
	at org.apache.hadoop.ipc.Server$RpcCall.run(Server.java:818)
	at java.security.AccessController.doPrivileged(Native Method)
	at javax.security.auth.Subject.doAs(Subject.java:422)
	at org.apache.hadoop.security.UserGroupInformation.doAs(UserGroupInformation.java:1729)
	at org.apache.hadoop.ipc.Server$Handler.run(Server.java:2678)
Caused by: org.apache.hadoop.hdfs.server.namenode.SafeModeException: Cannot add block to /myfile11._COPYING_. Name node is in safe mode.
The reported blocks 111 has reached the threshold 0.9990 of total blocks 111. The number of live datanodes 3 has reached the minimum number 0. In safe mode extension. Safe mode will be turned off automatically in 10 seconds. NamenodeHostName:node-1-link-0
	at org.apache.hadoop.hdfs.server.namenode.FSNamesystem.newSafemodeException(FSNamesystem.java:1450)
	at org.apache.hadoop.hdfs.server.namenode.FSNamesystem.checkNameNodeSafeMode(FSNamesystem.java:1437)
	... 14 more
, while invoking ClientNamenodeProtocolTranslatorPB.addBlock over node-1-link-0/10.10.1.4:8020 after 3 failover attempts. Retrying after sleeping for 2705ms.
2019-02-22 11:11:19,516 INFO retry.RetryInvocationHandler: org.apache.hadoop.ipc.RemoteException(org.apache.hadoop.ipc.RetriableException): org.apache.hadoop.hdfs.server.namenode.SafeModeException: Cannot add block to /myfile11._COPYING_. Name node is in safe mode.
The reported blocks 111 has reached the threshold 0.9990 of total blocks 111. The number of live datanodes 3 has reached the minimum number 0. In safe mode extension. Safe mode will be turned off automatically in 7 seconds. NamenodeHostName:node-1-link-0
	at org.apache.hadoop.hdfs.server.namenode.FSNamesystem.checkNameNodeSafeMode(FSNamesystem.java:1441)
	at org.apache.hadoop.hdfs.server.namenode.FSDirWriteFileOp.analyzeFileState(FSDirWriteFileOp.java:591)
	at org.apache.hadoop.hdfs.server.namenode.FSDirWriteFileOp.validateAddBlock(FSDirWriteFileOp.java:172)
	at org.apache.hadoop.hdfs.server.namenode.FSNamesystem.getAdditionalBlock(FSNamesystem.java:2679)
	at org.apache.hadoop.hdfs.server.namenode.NameNodeRpcServer.addBlock(NameNodeRpcServer.java:875)
	at org.apache.hadoop.hdfs.protocolPB.ClientNamenodeProtocolServerSideTranslatorPB.addBlock(ClientNamenodeProtocolServerSideTranslatorPB.java:561)
	at org.apache.hadoop.hdfs.protocol.proto.ClientNamenodeProtocolProtos$ClientNamenodeProtocol$2.callBlockingMethod(ClientNamenodeProtocolProtos.java)
	at org.apache.hadoop.ipc.ProtobufRpcEngine$Server$ProtoBufRpcInvoker.call(ProtobufRpcEngine.java:523)
	at org.apache.hadoop.ipc.RPC$Server.call(RPC.java:991)
	at org.apache.hadoop.ipc.Server$RpcCall.run(Server.java:872)
	at org.apache.hadoop.ipc.Server$RpcCall.run(Server.java:818)
	at java.security.AccessController.doPrivileged(Native Method)
	at javax.security.auth.Subject.doAs(Subject.java:422)
	at org.apache.hadoop.security.UserGroupInformation.doAs(UserGroupInformation.java:1729)
	at org.apache.hadoop.ipc.Server$Handler.run(Server.java:2678)
Caused by: org.apache.hadoop.hdfs.server.namenode.SafeModeException: Cannot add block to /myfile11._COPYING_. Name node is in safe mode.
The reported blocks 111 has reached the threshold 0.9990 of total blocks 111. The number of live datanodes 3 has reached the minimum number 0. In safe mode extension. Safe mode will be turned off automatically in 7 seconds. NamenodeHostName:node-1-link-0
	at org.apache.hadoop.hdfs.server.namenode.FSNamesystem.newSafemodeException(FSNamesystem.java:1450)
	at org.apache.hadoop.hdfs.server.namenode.FSNamesystem.checkNameNodeSafeMode(FSNamesystem.java:1437)
	... 14 more
, while invoking ClientNamenodeProtocolTranslatorPB.addBlock over node-1-link-0/10.10.1.4:8020 after 3 failover attempts. Retrying after sleeping for 4507ms.
2019-02-22 11:11:24,026 INFO retry.RetryInvocationHandler: org.apache.hadoop.ipc.RemoteException(org.apache.hadoop.ipc.RetriableException): org.apache.hadoop.hdfs.server.namenode.SafeModeException: Cannot add block to /myfile11._COPYING_. Name node is in safe mode.
The reported blocks 111 has reached the threshold 0.9990 of total blocks 111. The number of live datanodes 3 has reached the minimum number 0. In safe mode extension. Safe mode will be turned off automatically in 3 seconds. NamenodeHostName:node-1-link-0
	at org.apache.hadoop.hdfs.server.namenode.FSNamesystem.checkNameNodeSafeMode(FSNamesystem.java:1441)
	at org.apache.hadoop.hdfs.server.namenode.FSDirWriteFileOp.analyzeFileState(FSDirWriteFileOp.java:591)
	at org.apache.hadoop.hdfs.server.namenode.FSDirWriteFileOp.validateAddBlock(FSDirWriteFileOp.java:172)
	at org.apache.hadoop.hdfs.server.namenode.FSNamesystem.getAdditionalBlock(FSNamesystem.java:2679)
	at org.apache.hadoop.hdfs.server.namenode.NameNodeRpcServer.addBlock(NameNodeRpcServer.java:875)
	at org.apache.hadoop.hdfs.protocolPB.ClientNamenodeProtocolServerSideTranslatorPB.addBlock(ClientNamenodeProtocolServerSideTranslatorPB.java:561)
	at org.apache.hadoop.hdfs.protocol.proto.ClientNamenodeProtocolProtos$ClientNamenodeProtocol$2.callBlockingMethod(ClientNamenodeProtocolProtos.java)
	at org.apache.hadoop.ipc.ProtobufRpcEngine$Server$ProtoBufRpcInvoker.call(ProtobufRpcEngine.java:523)
	at org.apache.hadoop.ipc.RPC$Server.call(RPC.java:991)
	at org.apache.hadoop.ipc.Server$RpcCall.run(Server.java:872)
	at org.apache.hadoop.ipc.Server$RpcCall.run(Server.java:818)
	at java.security.AccessController.doPrivileged(Native Method)
	at javax.security.auth.Subject.doAs(Subject.java:422)
	at org.apache.hadoop.security.UserGroupInformation.doAs(UserGroupInformation.java:1729)
	at org.apache.hadoop.ipc.Server$Handler.run(Server.java:2678)
Caused by: org.apache.hadoop.hdfs.server.namenode.SafeModeException: Cannot add block to /myfile11._COPYING_. Name node is in safe mode.
The reported blocks 111 has reached the threshold 0.9990 of total blocks 111. The number of live datanodes 3 has reached the minimum number 0. In safe mode extension. Safe mode will be turned off automatically in 3 seconds. NamenodeHostName:node-1-link-0
	at org.apache.hadoop.hdfs.server.namenode.FSNamesystem.newSafemodeException(FSNamesystem.java:1450)
	at org.apache.hadoop.hdfs.server.namenode.FSNamesystem.checkNameNodeSafeMode(FSNamesystem.java:1437)
	... 14 more
, while invoking ClientNamenodeProtocolTranslatorPB.addBlock over node-1-link-0/10.10.1.4:8020 after 3 failover attempts. Retrying after sleeping for 12587ms.
Found 20 items
-rw-r--r--   3 root supergroup  671088640 2019-02-22 11:11 /myfile1._COPYING_
-rw-r--r--   3 root supergroup 1073741824 2019-02-22 11:06 /myfile10
-rw-r--r--   3 root supergroup 1073741824 2019-02-22 11:12 /myfile11
-rw-r--r--   3 root supergroup 1073741824 2019-02-22 11:11 /myfile12
-rw-r--r--   3 root supergroup 1073741824 2019-02-22 11:11 /myfile13
-rw-r--r--   3 root supergroup  671088640 2019-02-22 11:11 /myfile14._COPYING_
-rw-r--r--   3 root supergroup 1073741824 2019-02-22 11:11 /myfile15
-rw-r--r--   3 root supergroup  939524096 2019-02-22 11:11 /myfile16._COPYING_
-rw-r--r--   3 root supergroup 1073741824 2019-02-22 11:11 /myfile17
-rw-r--r--   3 root supergroup 1073741824 2019-02-22 11:11 /myfile18
-rw-r--r--   3 root supergroup  671088640 2019-02-22 11:11 /myfile19._COPYING_
-rw-r--r--   3 root supergroup  805306368 2019-02-22 11:11 /myfile2._COPYING_
-rw-r--r--   3 root supergroup 1073741824 2019-02-22 11:11 /myfile20
-rw-r--r--   3 root supergroup 1073741824 2019-02-22 11:11 /myfile3
-rw-r--r--   3 root supergroup 1073741824 2019-02-22 11:11 /myfile4
-rw-r--r--   3 root supergroup  671088640 2019-02-22 11:11 /myfile5._COPYING_
-rw-r--r--   3 root supergroup  805306368 2019-02-22 11:11 /myfile6._COPYING_
-rw-r--r--   3 root supergroup 1073741824 2019-02-22 11:12 /myfile7
-rw-r--r--   3 root supergroup 1073741824 2019-02-22 11:09 /myfile8
-rw-r--r--   3 root supergroup 1073741824 2019-02-22 11:12 /myfile9
file 11 has been put into HDFS
file 11 has been read from HDFS for 1 time
diff succeed!
file 11 has been read from HDFS for 2 time
diff succeed!
file 11 has been read from HDFS for 3 time
diff succeed!
file 11 has been read from HDFS for 4 time
diff succeed!
file 11 has been read from HDFS for 5 time
diff succeed!
file 11 has been read from HDFS for 6 time
diff succeed!
file 11 has been read from HDFS for 7 time
diff succeed!
file 11 has been read from HDFS for 8 time
diff succeed!
file 11 has been read from HDFS for 9 time
diff succeed!
file 11 has been read from HDFS for 10 time
diff succeed!
Deleted /myfile11
file 11 has been removed from HDFS
Found 19 items
-rw-r--r--   3 root supergroup  939524096 2019-02-22 11:16 /myfile1._COPYING_
-rw-r--r--   3 root supergroup 1073741824 2019-02-22 11:13 /myfile10
-rw-r--r--   3 root supergroup 1073741824 2019-02-22 11:17 /myfile11
-rw-r--r--   3 root supergroup 1073741824 2019-02-22 11:16 /myfile12
-rw-r--r--   3 root supergroup 1073741824 2019-02-22 11:16 /myfile13
-rw-r--r--   3 root supergroup 1073741824 2019-02-22 11:16 /myfile15
-rw-r--r--   3 root supergroup  134217728 2019-02-22 11:16 /myfile16._COPYING_
-rw-r--r--   3 root supergroup 1073741824 2019-02-22 11:16 /myfile17
-rw-r--r--   3 root supergroup 1073741824 2019-02-22 11:16 /myfile18
-rw-r--r--   3 root supergroup  536870912 2019-02-22 11:16 /myfile19._COPYING_
-rw-r--r--   3 root supergroup  805306368 2019-02-22 11:16 /myfile2._COPYING_
-rw-r--r--   3 root supergroup  536870912 2019-02-22 11:16 /myfile20._COPYING_
-rw-r--r--   3 root supergroup  134217728 2019-02-22 11:16 /myfile3._COPYING_
-rw-r--r--   3 root supergroup 1073741824 2019-02-22 11:16 /myfile4
-rw-r--r--   3 root supergroup 1073741824 2019-02-22 11:16 /myfile5
-rw-r--r--   3 root supergroup  939524096 2019-02-22 11:16 /myfile6._COPYING_
-rw-r--r--   3 root supergroup 1073741824 2019-02-22 11:16 /myfile7
-rw-r--r--   3 root supergroup 1073741824 2019-02-22 11:14 /myfile8
-rw-r--r--   3 root supergroup  134217728 2019-02-22 11:16 /myfile9._COPYING_
file 11 has been put into HDFS
file 11 has been read from HDFS for 1 time
diff succeed!
file 11 has been read from HDFS for 2 time
diff succeed!
file 11 has been read from HDFS for 3 time
diff succeed!
file 11 has been read from HDFS for 4 time
diff succeed!
file 11 has been read from HDFS for 5 time
diff succeed!
file 11 has been read from HDFS for 6 time
diff succeed!
file 11 has been read from HDFS for 7 time
diff succeed!
file 11 has been read from HDFS for 8 time
diff succeed!
file 11 has been read from HDFS for 9 time
diff succeed!
file 11 has been read from HDFS for 10 time
diff succeed!
Deleted /myfile11
file 11 has been removed from HDFS
sub_benchmark 10 signal TERM catched and let quit gracefully
Found 18 items
-rw-r--r--   3 root supergroup 1073741824 2019-02-22 11:22 /myfile1
-rw-r--r--   3 root supergroup 1073741824 2019-02-22 11:22 /myfile11
-rw-r--r--   3 root supergroup 1073741824 2019-02-22 11:21 /myfile12
-rw-r--r--   3 root supergroup 1073741824 2019-02-22 11:22 /myfile13
-rw-r--r--   3 root supergroup 1073741824 2019-02-22 11:22 /myfile14
-rw-r--r--   3 root supergroup 1073741824 2019-02-22 11:21 /myfile15
-rw-r--r--   3 root supergroup 1073741824 2019-02-22 11:22 /myfile16
-rw-r--r--   3 root supergroup 1073741824 2019-02-22 11:22 /myfile17
-rw-r--r--   3 root supergroup 1073741824 2019-02-22 11:22 /myfile18
-rw-r--r--   3 root supergroup 1073741824 2019-02-22 11:22 /myfile19
-rw-r--r--   3 root supergroup 1073741824 2019-02-22 11:22 /myfile2
-rw-r--r--   3 root supergroup 1073741824 2019-02-22 11:22 /myfile20
-rw-r--r--   3 root supergroup 1073741824 2019-02-22 11:22 /myfile3
-rw-r--r--   3 root supergroup 1073741824 2019-02-22 11:22 /myfile4
-rw-r--r--   3 root supergroup 1073741824 2019-02-22 11:22 /myfile5
-rw-r--r--   3 root supergroup 1073741824 2019-02-22 11:22 /myfile6
-rw-r--r--   3 root supergroup 1073741824 2019-02-22 11:22 /myfile7
-rw-r--r--   3 root supergroup 1073741824 2019-02-22 11:22 /myfile9
file 11 has been put into HDFS
file 11 has been read from HDFS for 1 time
diff succeed!
Deleted /myfile11
file 11 has been removed from HDFS
