Found 20 items
-rw-r--r--   3 root supergroup 1073741824 2019-02-28 20:22 /myfile1
-rw-r--r--   3 root supergroup 1073741824 2019-02-28 20:22 /myfile10
-rw-r--r--   3 root supergroup  939524096 2019-02-28 20:22 /myfile11._COPYING_
-rw-r--r--   3 root supergroup  671088640 2019-02-28 20:22 /myfile12._COPYING_
-rw-r--r--   3 root supergroup 1073741824 2019-02-28 20:22 /myfile13
-rw-r--r--   3 root supergroup 1073741824 2019-02-28 20:22 /myfile14
-rw-r--r--   3 root supergroup  805306368 2019-02-28 20:22 /myfile15._COPYING_
-rw-r--r--   3 root supergroup 1073741824 2019-02-28 20:22 /myfile16
-rw-r--r--   3 root supergroup 1073741824 2019-02-28 20:22 /myfile17
-rw-r--r--   3 root supergroup 1073741824 2019-02-28 20:22 /myfile18
-rw-r--r--   3 root supergroup 1073741824 2019-02-28 20:22 /myfile19
-rw-r--r--   3 root supergroup 1073741824 2019-02-28 20:22 /myfile2
-rw-r--r--   3 root supergroup 1073741824 2019-02-28 20:22 /myfile20
-rw-r--r--   3 root supergroup 1073741824 2019-02-28 20:22 /myfile3
-rw-r--r--   3 root supergroup 1073741824 2019-02-28 20:22 /myfile4
-rw-r--r--   3 root supergroup  939524096 2019-02-28 20:22 /myfile5._COPYING_
-rw-r--r--   3 root supergroup  805306368 2019-02-28 20:22 /myfile6._COPYING_
-rw-r--r--   3 root supergroup 1073741824 2019-02-28 20:22 /myfile7
-rw-r--r--   3 root supergroup 1073741824 2019-02-28 20:22 /myfile8
-rw-r--r--   3 root supergroup 1073741824 2019-02-28 20:22 /myfile9
file 16 has been put into HDFS
file 16 has been read from HDFS for 1 time
diff succeed!
file 16 has been read from HDFS for 2 time
diff succeed!
file 16 has been read from HDFS for 3 time
diff succeed!
file 16 has been read from HDFS for 4 time
diff succeed!
file 16 has been read from HDFS for 5 time
diff succeed!
file 16 has been read from HDFS for 6 time
diff succeed!
file 16 has been read from HDFS for 7 time
diff succeed!
file 16 has been read from HDFS for 8 time
diff succeed!
file 16 has been read from HDFS for 9 time
diff succeed!
file 16 has been read from HDFS for 10 time
diff succeed!
Deleted /myfile16
file 16 has been removed from HDFS
Found 18 items
-rw-r--r--   3 root supergroup 1073741824 2019-02-28 20:22 /myfile1
-rw-r--r--   3 root supergroup          0 2019-02-28 20:26 /myfile11._COPYING_
-rw-r--r--   3 root supergroup 1073741824 2019-02-28 20:22 /myfile12
-rw-r--r--   3 root supergroup 1073741824 2019-02-28 20:22 /myfile14
-rw-r--r--   3 root supergroup 1073741824 2019-02-28 20:26 /myfile15
-rw-r--r--   3 root supergroup 1073741824 2019-02-28 20:26 /myfile16
-rw-r--r--   3 root supergroup 1073741824 2019-02-28 20:26 /myfile17
-rw-r--r--   3 root supergroup 1073741824 2019-02-28 20:26 /myfile18
-rw-r--r--   3 root supergroup 1073741824 2019-02-28 20:26 /myfile19
-rw-r--r--   3 root supergroup 1073741824 2019-02-28 20:26 /myfile2
-rw-r--r--   3 root supergroup 1073741824 2019-02-28 20:26 /myfile20
-rw-r--r--   3 root supergroup 1073741824 2019-02-28 20:26 /myfile3
-rw-r--r--   3 root supergroup  134217728 2019-02-28 20:26 /myfile4._COPYING_
-rw-r--r--   3 root supergroup 1073741824 2019-02-28 20:26 /myfile5
-rw-r--r--   3 root supergroup 1073741824 2019-02-28 20:22 /myfile6
-rw-r--r--   3 root supergroup 1073741824 2019-02-28 20:22 /myfile7
-rw-r--r--   3 root supergroup 1073741824 2019-02-28 20:22 /myfile8
-rw-r--r--   3 root supergroup 1073741824 2019-02-28 20:22 /myfile9
file 16 has been put into HDFS
file 16 has been read from HDFS for 1 time
diff succeed!
file 16 has been read from HDFS for 2 time
diff succeed!
file 16 has been read from HDFS for 3 time
diff succeed!
file 16 has been read from HDFS for 4 time
diff succeed!
file 16 has been read from HDFS for 5 time
diff succeed!
file 16 has been read from HDFS for 6 time
diff succeed!
file 16 has been read from HDFS for 7 time
diff succeed!
file 16 has been read from HDFS for 8 time
diff succeed!
file 16 has been read from HDFS for 9 time
diff succeed!
file 16 has been read from HDFS for 10 time
diff succeed!
Deleted /myfile16
file 16 has been removed from HDFS
Found 19 items
-rw-r--r--   3 root supergroup 1073741824 2019-02-28 20:31 /myfile1
-rw-r--r--   3 root supergroup 1073741824 2019-02-28 20:31 /myfile10
-rw-r--r--   3 root supergroup 1073741824 2019-02-28 20:31 /myfile11
-rw-r--r--   3 root supergroup 1073741824 2019-02-28 20:31 /myfile13
-rw-r--r--   3 root supergroup 1073741824 2019-02-28 20:28 /myfile14
-rw-r--r--   3 root supergroup 1073741824 2019-02-28 20:30 /myfile15
-rw-r--r--   3 root supergroup 1073741824 2019-02-28 20:32 /myfile16
-rw-r--r--   3 root supergroup 1073741824 2019-02-28 20:30 /myfile17
-rw-r--r--   3 root supergroup 1073741824 2019-02-28 20:31 /myfile18
-rw-r--r--   3 root supergroup 1073741824 2019-02-28 20:31 /myfile19
-rw-r--r--   3 root supergroup 1073741824 2019-02-28 20:31 /myfile2
-rw-r--r--   3 root supergroup 1073741824 2019-02-28 20:31 /myfile20
-rw-r--r--   3 root supergroup 1073741824 2019-02-28 20:32 /myfile3
-rw-r--r--   3 root supergroup 1073741824 2019-02-28 20:31 /myfile4
-rw-r--r--   3 root supergroup 1073741824 2019-02-28 20:31 /myfile5
-rw-r--r--   3 root supergroup 1073741824 2019-02-28 20:31 /myfile6
-rw-r--r--   3 root supergroup  402653184 2019-02-28 20:32 /myfile7._COPYING_
-rw-r--r--   3 root supergroup 1073741824 2019-02-28 20:31 /myfile8
-rw-r--r--   3 root supergroup  134217728 2019-02-28 20:32 /myfile9._COPYING_
file 16 has been put into HDFS
file 16 has been read from HDFS for 1 time
diff succeed!
file 16 has been read from HDFS for 2 time
diff succeed!
file 16 has been read from HDFS for 3 time
diff succeed!
file 16 has been read from HDFS for 4 time
diff succeed!
file 16 has been read from HDFS for 5 time
diff succeed!
file 16 has been read from HDFS for 6 time
diff succeed!
file 16 has been read from HDFS for 7 time
diff succeed!
file 16 has been read from HDFS for 8 time
diff succeed!
file 16 has been read from HDFS for 9 time
diff succeed!
file 16 has been read from HDFS for 10 time
diff succeed!
Deleted /myfile16
file 16 has been removed from HDFS
sub_benchmark 10 signal TERM catched and let quit gracefully
Found 8 items
-rw-r--r--   3 root supergroup 1073741824 2019-02-28 20:36 /myfile1
-rw-r--r--   3 root supergroup 1073741824 2019-02-28 20:37 /myfile16
-rw-r--r--   3 root supergroup 1073741824 2019-02-28 20:34 /myfile17
-rw-r--r--   3 root supergroup 1073741824 2019-02-28 20:36 /myfile18
-rw-r--r--   3 root supergroup 1073741824 2019-02-28 20:36 /myfile2
-rw-r--r--   3 root supergroup 1073741824 2019-02-28 20:36 /myfile7
-rw-r--r--   3 root supergroup 1073741824 2019-02-28 20:36 /myfile8
-rw-r--r--   3 root supergroup 1073741824 2019-02-28 20:36 /myfile9
file 16 has been put into HDFS
file 16 has been read from HDFS for 1 time
diff succeed!
Deleted /myfile16
file 16 has been removed from HDFS
