2019-03-03 21:02:17,159 WARN hdfs.DataStreamer: Exception for BP-1449944835-130.127.133.101-1551672071514:blk_1073741973_1149
java.io.IOException: Bad response ERROR for BP-1449944835-130.127.133.101-1551672071514:blk_1073741973_1149 from datanode DatanodeInfoWithStorage[10.10.1.2:9866,DS-d13f5e92-327e-4c29-a885-32529f04f612,DISK]
	at org.apache.hadoop.hdfs.DataStreamer$ResponseProcessor.run(DataStreamer.java:1126)
2019-03-03 21:02:17,165 WARN hdfs.DataStreamer: Error Recovery for BP-1449944835-130.127.133.101-1551672071514:blk_1073741973_1149 in pipeline [DatanodeInfoWithStorage[10.10.1.3:9866,DS-785657b5-074a-4168-bdb4-9b939aaf7425,DISK], DatanodeInfoWithStorage[10.10.1.5:9866,DS-46df8f04-051b-47d2-b17f-830b04686f7e,DISK], DatanodeInfoWithStorage[10.10.1.2:9866,DS-d13f5e92-327e-4c29-a885-32529f04f612,DISK]]: datanode 2(DatanodeInfoWithStorage[10.10.1.2:9866,DS-d13f5e92-327e-4c29-a885-32529f04f612,DISK]) is bad.
Found 20 items
-rw-r--r--   3 root supergroup 1073741824 2019-03-03 21:02 /myfile1
-rw-r--r--   3 root supergroup 1073741824 2019-03-03 21:02 /myfile10
-rw-r--r--   3 root supergroup 1073741824 2019-03-03 21:02 /myfile11
-rw-r--r--   3 root supergroup 1073741824 2019-03-03 21:02 /myfile12
-rw-r--r--   3 root supergroup 1073741824 2019-03-03 21:02 /myfile13
-rw-r--r--   3 root supergroup 1073741824 2019-03-03 21:02 /myfile14
-rw-r--r--   3 root supergroup 1073741824 2019-03-03 21:02 /myfile15
-rw-r--r--   3 root supergroup 1073741824 2019-03-03 21:02 /myfile16
-rw-r--r--   3 root supergroup 1073741824 2019-03-03 21:02 /myfile17
-rw-r--r--   3 root supergroup 1073741824 2019-03-03 21:02 /myfile18
-rw-r--r--   3 root supergroup 1073741824 2019-03-03 21:02 /myfile19
-rw-r--r--   3 root supergroup 1073741824 2019-03-03 21:02 /myfile2
-rw-r--r--   3 root supergroup 1073741824 2019-03-03 21:02 /myfile20
-rw-r--r--   3 root supergroup 1073741824 2019-03-03 21:02 /myfile3
-rw-r--r--   3 root supergroup 1073741824 2019-03-03 21:02 /myfile4
-rw-r--r--   3 root supergroup 1073741824 2019-03-03 21:02 /myfile5
-rw-r--r--   3 root supergroup 1073741824 2019-03-03 21:02 /myfile6
-rw-r--r--   3 root supergroup 1073741824 2019-03-03 21:02 /myfile7
-rw-r--r--   3 root supergroup 1073741824 2019-03-03 21:02 /myfile8
-rw-r--r--   3 root supergroup 1073741824 2019-03-03 21:02 /myfile9
file 14 has been put into HDFS
file 14 has been read from HDFS for 1 time
diff succeed!
file 14 has been read from HDFS for 2 time
diff succeed!
file 14 has been read from HDFS for 3 time
diff succeed!
file 14 has been read from HDFS for 4 time
diff succeed!
file 14 has been read from HDFS for 5 time
diff succeed!
file 14 has been read from HDFS for 6 time
diff succeed!
file 14 has been read from HDFS for 7 time
diff succeed!
file 14 has been read from HDFS for 8 time
diff succeed!
file 14 has been read from HDFS for 9 time
diff succeed!
file 14 has been read from HDFS for 10 time
diff succeed!
Deleted /myfile14
file 14 has been removed from HDFS
Found 20 items
-rw-r--r--   3 root supergroup 1073741824 2019-03-03 21:02 /myfile1
-rw-r--r--   3 root supergroup 1073741824 2019-03-03 21:02 /myfile10
-rw-r--r--   3 root supergroup 1073741824 2019-03-03 21:06 /myfile11
-rw-r--r--   3 root supergroup 1073741824 2019-03-03 21:06 /myfile12
-rw-r--r--   3 root supergroup 1073741824 2019-03-03 21:06 /myfile13
-rw-r--r--   3 root supergroup 1073741824 2019-03-03 21:06 /myfile14
-rw-r--r--   3 root supergroup 1073741824 2019-03-03 21:02 /myfile15
-rw-r--r--   3 root supergroup 1073741824 2019-03-03 21:02 /myfile16
-rw-r--r--   3 root supergroup 1073741824 2019-03-03 21:02 /myfile17
-rw-r--r--   3 root supergroup 1073741824 2019-03-03 21:02 /myfile18
-rw-r--r--   3 root supergroup 1073741824 2019-03-03 21:02 /myfile19
-rw-r--r--   3 root supergroup 1073741824 2019-03-03 21:05 /myfile2
-rw-r--r--   3 root supergroup 1073741824 2019-03-03 21:02 /myfile20
-rw-r--r--   3 root supergroup 1073741824 2019-03-03 21:02 /myfile3
-rw-r--r--   3 root supergroup 1073741824 2019-03-03 21:06 /myfile4
-rw-r--r--   3 root supergroup 1073741824 2019-03-03 21:05 /myfile5
-rw-r--r--   3 root supergroup 1073741824 2019-03-03 21:02 /myfile6
-rw-r--r--   3 root supergroup 1073741824 2019-03-03 21:02 /myfile7
-rw-r--r--   3 root supergroup 1073741824 2019-03-03 21:02 /myfile8
-rw-r--r--   3 root supergroup 1073741824 2019-03-03 21:02 /myfile9
file 14 has been put into HDFS
file 14 has been read from HDFS for 1 time
diff succeed!
file 14 has been read from HDFS for 2 time
diff succeed!
file 14 has been read from HDFS for 3 time
diff succeed!
file 14 has been read from HDFS for 4 time
diff succeed!
file 14 has been read from HDFS for 5 time
diff succeed!
file 14 has been read from HDFS for 6 time
diff succeed!
file 14 has been read from HDFS for 7 time
diff succeed!
file 14 has been read from HDFS for 8 time
diff succeed!
file 14 has been read from HDFS for 9 time
diff succeed!
file 14 has been read from HDFS for 10 time
diff succeed!
Deleted /myfile14
file 14 has been removed from HDFS
Found 20 items
-rw-r--r--   3 root supergroup 1073741824 2019-03-03 21:08 /myfile1
-rw-r--r--   3 root supergroup 1073741824 2019-03-03 21:08 /myfile10
-rw-r--r--   3 root supergroup 1073741824 2019-03-03 21:10 /myfile11
-rw-r--r--   3 root supergroup 1073741824 2019-03-03 21:10 /myfile12
-rw-r--r--   3 root supergroup 1073741824 2019-03-03 21:10 /myfile13
-rw-r--r--   3 root supergroup 1073741824 2019-03-03 21:10 /myfile14
-rw-r--r--   3 root supergroup 1073741824 2019-03-03 21:08 /myfile15
-rw-r--r--   3 root supergroup 1073741824 2019-03-03 21:07 /myfile16
-rw-r--r--   3 root supergroup 1073741824 2019-03-03 21:07 /myfile17
-rw-r--r--   3 root supergroup 1073741824 2019-03-03 21:08 /myfile18
-rw-r--r--   3 root supergroup 1073741824 2019-03-03 21:07 /myfile19
-rw-r--r--   3 root supergroup 1073741824 2019-03-03 21:09 /myfile2
-rw-r--r--   3 root supergroup 1073741824 2019-03-03 21:08 /myfile20
-rw-r--r--   3 root supergroup 1073741824 2019-03-03 21:07 /myfile3
-rw-r--r--   3 root supergroup 1073741824 2019-03-03 21:10 /myfile4
-rw-r--r--   3 root supergroup 1073741824 2019-03-03 21:10 /myfile5
-rw-r--r--   3 root supergroup 1073741824 2019-03-03 21:07 /myfile6
-rw-r--r--   3 root supergroup 1073741824 2019-03-03 21:08 /myfile7
-rw-r--r--   3 root supergroup 1073741824 2019-03-03 21:08 /myfile8
-rw-r--r--   3 root supergroup 1073741824 2019-03-03 21:08 /myfile9
file 14 has been put into HDFS
file 14 has been read from HDFS for 1 time
diff succeed!
file 14 has been read from HDFS for 2 time
diff succeed!
file 14 has been read from HDFS for 3 time
diff succeed!
file 14 has been read from HDFS for 4 time
diff succeed!
file 14 has been read from HDFS for 5 time
diff succeed!
file 14 has been read from HDFS for 6 time
diff succeed!
file 14 has been read from HDFS for 7 time
diff succeed!
file 14 has been read from HDFS for 8 time
diff succeed!
file 14 has been read from HDFS for 9 time
diff succeed!
file 14 has been read from HDFS for 10 time
diff succeed!
Deleted /myfile14
file 14 has been removed from HDFS
sub_benchmark 10 signal TERM catched and let quit gracefully
