Found 20 items
-rw-r--r--   3 root supergroup 1073741824 2019-02-19 17:06 /myfile1
-rw-r--r--   3 root supergroup 1073741824 2019-02-19 17:06 /myfile10
-rw-r--r--   3 root supergroup  939524096 2019-02-19 17:06 /myfile11._COPYING_
-rw-r--r--   3 root supergroup  805306368 2019-02-19 17:06 /myfile12._COPYING_
-rw-r--r--   3 root supergroup  939524096 2019-02-19 17:06 /myfile13._COPYING_
-rw-r--r--   3 root supergroup 1073741824 2019-02-19 17:06 /myfile14
-rw-r--r--   3 root supergroup  939524096 2019-02-19 17:06 /myfile15._COPYING_
-rw-r--r--   3 root supergroup  805306368 2019-02-19 17:06 /myfile16._COPYING_
-rw-r--r--   3 root supergroup 1073741824 2019-02-19 17:06 /myfile17
-rw-r--r--   3 root supergroup  939524096 2019-02-19 17:06 /myfile18._COPYING_
-rw-r--r--   3 root supergroup  939524096 2019-02-19 17:06 /myfile19._COPYING_
-rw-r--r--   3 root supergroup 1073741824 2019-02-19 17:06 /myfile2
-rw-r--r--   3 root supergroup  939524096 2019-02-19 17:06 /myfile20._COPYING_
-rw-r--r--   3 root supergroup  805306368 2019-02-19 17:06 /myfile3._COPYING_
-rw-r--r--   3 root supergroup  939524096 2019-02-19 17:06 /myfile4._COPYING_
-rw-r--r--   3 root supergroup  939524096 2019-02-19 17:06 /myfile5._COPYING_
-rw-r--r--   3 root supergroup 1073741824 2019-02-19 17:06 /myfile6
-rw-r--r--   3 root supergroup 1073741824 2019-02-19 17:06 /myfile7
-rw-r--r--   3 root supergroup  939524096 2019-02-19 17:06 /myfile8._COPYING_
-rw-r--r--   3 root supergroup 1073741824 2019-02-19 17:06 /myfile9
file 2 has been put into HDFS
file 2 has been read from HDFS for 1 time
diff succeed!
file 2 has been read from HDFS for 2 time
diff succeed!
file 2 has been read from HDFS for 3 time
diff succeed!
file 2 has been read from HDFS for 4 time
diff succeed!
file 2 has been read from HDFS for 5 time
diff succeed!
file 2 has been read from HDFS for 6 time
diff succeed!
file 2 has been read from HDFS for 7 time
diff succeed!
file 2 has been read from HDFS for 8 time
diff succeed!
file 2 has been read from HDFS for 9 time
diff succeed!
file 2 has been read from HDFS for 10 time
diff succeed!
Deleted /myfile2
file 2 has been removed from HDFS
Found 18 items
-rw-r--r--   3 root supergroup 1073741824 2019-02-19 17:11 /myfile1
-rw-r--r--   3 root supergroup  671088640 2019-02-19 17:10 /myfile10._COPYING_
-rw-r--r--   3 root supergroup 1073741824 2019-02-19 17:06 /myfile11
-rw-r--r--   3 root supergroup  805306368 2019-02-19 17:10 /myfile12._COPYING_
-rw-r--r--   3 root supergroup  671088640 2019-02-19 17:10 /myfile13._COPYING_
-rw-r--r--   3 root supergroup 1073741824 2019-02-19 17:11 /myfile14
-rw-r--r--   3 root supergroup  671088640 2019-02-19 17:10 /myfile15._COPYING_
-rw-r--r--   3 root supergroup  805306368 2019-02-19 17:10 /myfile16._COPYING_
-rw-r--r--   3 root supergroup 1073741824 2019-02-19 17:07 /myfile18
-rw-r--r--   3 root supergroup  671088640 2019-02-19 17:10 /myfile19._COPYING_
-rw-r--r--   3 root supergroup 1073741824 2019-02-19 17:11 /myfile2
-rw-r--r--   3 root supergroup  536870912 2019-02-19 17:10 /myfile3._COPYING_
-rw-r--r--   3 root supergroup 1073741824 2019-02-19 17:07 /myfile4
-rw-r--r--   3 root supergroup 1073741824 2019-02-19 17:06 /myfile5
-rw-r--r--   3 root supergroup  939524096 2019-02-19 17:10 /myfile6._COPYING_
-rw-r--r--   3 root supergroup 1073741824 2019-02-19 17:06 /myfile7
-rw-r--r--   3 root supergroup  536870912 2019-02-19 17:10 /myfile8._COPYING_
-rw-r--r--   3 root supergroup  268435456 2019-02-19 17:11 /myfile9._COPYING_
file 2 has been put into HDFS
file 2 has been read from HDFS for 1 time
diff succeed!
file 2 has been read from HDFS for 2 time
diff succeed!
file 2 has been read from HDFS for 3 time
diff succeed!
file 2 has been read from HDFS for 4 time
diff succeed!
file 2 has been read from HDFS for 5 time
diff succeed!
file 2 has been read from HDFS for 6 time
diff succeed!
file 2 has been read from HDFS for 7 time
diff succeed!
file 2 has been read from HDFS for 8 time
diff succeed!
file 2 has been read from HDFS for 9 time
diff succeed!
file 2 has been read from HDFS for 10 time
diff succeed!
Deleted /myfile2
file 2 has been removed from HDFS
Found 19 items
-rw-r--r--   3 root supergroup  939524096 2019-02-19 17:15 /myfile1._COPYING_
-rw-r--r--   3 root supergroup 1073741824 2019-02-19 17:13 /myfile11
-rw-r--r--   3 root supergroup  671088640 2019-02-19 17:15 /myfile12._COPYING_
-rw-r--r--   3 root supergroup 1073741824 2019-02-19 17:11 /myfile13
-rw-r--r--   3 root supergroup  671088640 2019-02-19 17:15 /myfile14._COPYING_
-rw-r--r--   3 root supergroup  536870912 2019-02-19 17:15 /myfile15._COPYING_
-rw-r--r--   3 root supergroup  536870912 2019-02-19 17:15 /myfile16._COPYING_
-rw-r--r--   3 root supergroup 1073741824 2019-02-19 17:11 /myfile17
-rw-r--r--   3 root supergroup 1073741824 2019-02-19 17:14 /myfile18
-rw-r--r--   3 root supergroup 1073741824 2019-02-19 17:11 /myfile19
-rw-r--r--   3 root supergroup 1073741824 2019-02-19 17:16 /myfile2
-rw-r--r--   3 root supergroup 1073741824 2019-02-19 17:11 /myfile20
-rw-r--r--   3 root supergroup  671088640 2019-02-19 17:15 /myfile3._COPYING_
-rw-r--r--   3 root supergroup 1073741824 2019-02-19 17:13 /myfile4
-rw-r--r--   3 root supergroup 1073741824 2019-02-19 17:13 /myfile5
-rw-r--r--   3 root supergroup  671088640 2019-02-19 17:15 /myfile6._COPYING_
-rw-r--r--   3 root supergroup 1073741824 2019-02-19 17:13 /myfile7
-rw-r--r--   3 root supergroup 1073741824 2019-02-19 17:16 /myfile8
-rw-r--r--   3 root supergroup  671088640 2019-02-19 17:15 /myfile9._COPYING_
file 2 has been put into HDFS
file 2 has been read from HDFS for 1 time
diff succeed!
file 2 has been read from HDFS for 2 time
diff succeed!
file 2 has been read from HDFS for 3 time
diff succeed!
file 2 has been read from HDFS for 4 time
diff succeed!
file 2 has been read from HDFS for 5 time
diff succeed!
file 2 has been read from HDFS for 6 time
diff succeed!
file 2 has been read from HDFS for 7 time
diff succeed!
file 2 has been read from HDFS for 8 time
diff succeed!
file 2 has been read from HDFS for 9 time
diff succeed!
file 2 has been read from HDFS for 10 time
diff succeed!
Deleted /myfile2
file 2 has been removed from HDFS
Found 20 items
-rw-r--r--   3 root supergroup  268435456 2019-02-19 17:20 /myfile1._COPYING_
-rw-r--r--   3 root supergroup 1073741824 2019-02-19 17:17 /myfile10
-rw-r--r--   3 root supergroup 1073741824 2019-02-19 17:18 /myfile11
-rw-r--r--   3 root supergroup  134217728 2019-02-19 17:20 /myfile12._COPYING_
-rw-r--r--   3 root supergroup 1073741824 2019-02-19 17:17 /myfile13
-rw-r--r--   3 root supergroup 1073741824 2019-02-19 17:16 /myfile14
-rw-r--r--   3 root supergroup  134217728 2019-02-19 17:20 /myfile15._COPYING_
-rw-r--r--   3 root supergroup  134217728 2019-02-19 17:20 /myfile16._COPYING_
-rw-r--r--   3 root supergroup 1073741824 2019-02-19 17:17 /myfile17
-rw-r--r--   3 root supergroup 1073741824 2019-02-19 17:19 /myfile18
-rw-r--r--   3 root supergroup 1073741824 2019-02-19 17:17 /myfile19
-rw-r--r--   3 root supergroup 1073741824 2019-02-19 17:20 /myfile2
-rw-r--r--   3 root supergroup 1073741824 2019-02-19 17:17 /myfile20
-rw-r--r--   3 root supergroup 1073741824 2019-02-19 17:16 /myfile3
-rw-r--r--   3 root supergroup 1073741824 2019-02-19 17:18 /myfile4
-rw-r--r--   3 root supergroup 1073741824 2019-02-19 17:17 /myfile5
-rw-r--r--   3 root supergroup 1073741824 2019-02-19 17:16 /myfile6
-rw-r--r--   3 root supergroup 1073741824 2019-02-19 17:18 /myfile7
-rw-r--r--   3 root supergroup 1073741824 2019-02-19 17:19 /myfile8
-rw-r--r--   3 root supergroup  134217728 2019-02-19 17:20 /myfile9._COPYING_
file 2 has been put into HDFS
file 2 has been read from HDFS for 1 time
diff succeed!
file 2 has been read from HDFS for 2 time
diff succeed!
file 2 has been read from HDFS for 3 time
diff succeed!
file 2 has been read from HDFS for 4 time
diff succeed!
file 2 has been read from HDFS for 5 time
diff succeed!
file 2 has been read from HDFS for 6 time
diff succeed!
file 2 has been read from HDFS for 7 time
diff succeed!
file 2 has been read from HDFS for 8 time
diff succeed!
file 2 has been read from HDFS for 9 time
diff succeed!
file 2 has been read from HDFS for 10 time
diff succeed!
Deleted /myfile2
file 2 has been removed from HDFS
Found 19 items
-rw-r--r--   3 root supergroup  402653184 2019-02-19 17:25 /myfile1._COPYING_
-rw-r--r--   3 root supergroup 1073741824 2019-02-19 17:22 /myfile10
-rw-r--r--   3 root supergroup 1073741824 2019-02-19 17:23 /myfile11
-rw-r--r--   3 root supergroup 1073741824 2019-02-19 17:21 /myfile12
-rw-r--r--   3 root supergroup 1073741824 2019-02-19 17:23 /myfile13
-rw-r--r--   3 root supergroup 1073741824 2019-02-19 17:22 /myfile14
-rw-r--r--   3 root supergroup  402653184 2019-02-19 17:25 /myfile15._COPYING_
-rw-r--r--   3 root supergroup 1073741824 2019-02-19 17:21 /myfile16
-rw-r--r--   3 root supergroup 1073741824 2019-02-19 17:22 /myfile17
-rw-r--r--   3 root supergroup 1073741824 2019-02-19 17:24 /myfile18
-rw-r--r--   3 root supergroup 1073741824 2019-02-19 17:22 /myfile19
-rw-r--r--   3 root supergroup 1073741824 2019-02-19 17:25 /myfile2
-rw-r--r--   3 root supergroup 1073741824 2019-02-19 17:23 /myfile20
-rw-r--r--   3 root supergroup 1073741824 2019-02-19 17:23 /myfile4
-rw-r--r--   3 root supergroup 1073741824 2019-02-19 17:22 /myfile5
-rw-r--r--   3 root supergroup          0 2019-02-19 17:25 /myfile6._COPYING_
-rw-r--r--   3 root supergroup 1073741824 2019-02-19 17:22 /myfile7
-rw-r--r--   3 root supergroup 1073741824 2019-02-19 17:25 /myfile8
-rw-r--r--   3 root supergroup 1073741824 2019-02-19 17:21 /myfile9
file 2 has been put into HDFS
file 2 has been read from HDFS for 1 time
diff succeed!
file 2 has been read from HDFS for 2 time
diff succeed!
file 2 has been read from HDFS for 3 time
diff succeed!
file 2 has been read from HDFS for 4 time
diff succeed!
file 2 has been read from HDFS for 5 time
diff succeed!
file 2 has been read from HDFS for 6 time
diff succeed!
file 2 has been read from HDFS for 7 time
diff succeed!
file 2 has been read from HDFS for 8 time
diff succeed!
file 2 has been read from HDFS for 9 time
diff succeed!
file 2 has been read from HDFS for 10 time
diff succeed!
Deleted /myfile2
file 2 has been removed from HDFS
Found 19 items
-rw-r--r--   3 root supergroup 1073741824 2019-02-19 17:31 /myfile1
-rw-r--r--   3 root supergroup 1073741824 2019-02-19 17:28 /myfile10
-rw-r--r--   3 root supergroup 1073741824 2019-02-19 17:28 /myfile11
-rw-r--r--   3 root supergroup 1073741824 2019-02-19 17:28 /myfile12
-rw-r--r--   3 root supergroup 1073741824 2019-02-19 17:28 /myfile13
-rw-r--r--   3 root supergroup 1073741824 2019-02-19 17:28 /myfile14
-rw-r--r--   3 root supergroup 1073741824 2019-02-19 17:31 /myfile15
-rw-r--r--   3 root supergroup 1073741824 2019-02-19 17:31 /myfile16
-rw-r--r--   3 root supergroup 1073741824 2019-02-19 17:28 /myfile17
-rw-r--r--   3 root supergroup 1073741824 2019-02-19 17:28 /myfile18
-rw-r--r--   3 root supergroup 1073741824 2019-02-19 17:28 /myfile19
-rw-r--r--   3 root supergroup 1073741824 2019-02-19 17:31 /myfile2
-rw-r--r--   3 root supergroup 1073741824 2019-02-19 17:28 /myfile20
-rw-r--r--   3 root supergroup 1073741824 2019-02-19 17:31 /myfile3
-rw-r--r--   3 root supergroup 1073741824 2019-02-19 17:28 /myfile4
-rw-r--r--   3 root supergroup 1073741824 2019-02-19 17:31 /myfile6
-rw-r--r--   3 root supergroup 1073741824 2019-02-19 17:28 /myfile7
-rw-r--r--   3 root supergroup 1073741824 2019-02-19 17:31 /myfile8
-rw-r--r--   3 root supergroup 1073741824 2019-02-19 17:31 /myfile9
file 2 has been put into HDFS
file 2 has been read from HDFS for 1 time
diff succeed!
file 2 has been read from HDFS for 2 time
diff succeed!
file 2 has been read from HDFS for 3 time
diff succeed!
file 2 has been read from HDFS for 4 time
diff succeed!
file 2 has been read from HDFS for 5 time
diff succeed!
file 2 has been read from HDFS for 6 time
diff succeed!
file 2 has been read from HDFS for 7 time
diff succeed!
file 2 has been read from HDFS for 8 time
diff succeed!
file 2 has been read from HDFS for 9 time
diff succeed!
file 2 has been read from HDFS for 10 time
diff succeed!
Deleted /myfile2
file 2 has been removed from HDFS
Found 17 items
-rw-r--r--   3 root supergroup 1073741824 2019-02-19 17:36 /myfile1
-rw-r--r--   3 root supergroup 1073741824 2019-02-19 17:33 /myfile11
-rw-r--r--   3 root supergroup 1073741824 2019-02-19 17:32 /myfile12
-rw-r--r--   3 root supergroup 1073741824 2019-02-19 17:33 /myfile13
-rw-r--r--   3 root supergroup 1073741824 2019-02-19 17:32 /myfile14
-rw-r--r--   3 root supergroup 1073741824 2019-02-19 17:36 /myfile15
-rw-r--r--   3 root supergroup 1073741824 2019-02-19 17:36 /myfile16
-rw-r--r--   3 root supergroup 1073741824 2019-02-19 17:32 /myfile18
-rw-r--r--   3 root supergroup 1073741824 2019-02-19 17:33 /myfile19
-rw-r--r--   3 root supergroup 1073741824 2019-02-19 17:36 /myfile2
-rw-r--r--   3 root supergroup 1073741824 2019-02-19 17:34 /myfile20
-rw-r--r--   3 root supergroup 1073741824 2019-02-19 17:36 /myfile3
-rw-r--r--   3 root supergroup 1073741824 2019-02-19 17:33 /myfile4
-rw-r--r--   3 root supergroup  134217728 2019-02-19 17:36 /myfile5._COPYING_
-rw-r--r--   3 root supergroup 1073741824 2019-02-19 17:36 /myfile6
-rw-r--r--   3 root supergroup 1073741824 2019-02-19 17:36 /myfile8
-rw-r--r--   3 root supergroup 1073741824 2019-02-19 17:36 /myfile9
file 2 has been put into HDFS
file 2 has been read from HDFS for 1 time
diff succeed!
file 2 has been read from HDFS for 2 time
diff succeed!
file 2 has been read from HDFS for 3 time
diff succeed!
file 2 has been read from HDFS for 4 time
diff succeed!
file 2 has been read from HDFS for 5 time
diff succeed!
file 2 has been read from HDFS for 6 time
diff succeed!
file 2 has been read from HDFS for 7 time
diff succeed!
file 2 has been read from HDFS for 8 time
diff succeed!
2019-02-19 17:41:03,453 INFO retry.RetryInvocationHandler: org.apache.hadoop.ipc.RemoteException(org.apache.hadoop.ipc.StandbyException): Operation category READ is not supported in state standby. Visit https://s.apache.org/sbnn-error
	at org.apache.hadoop.hdfs.server.namenode.ha.StandbyState.checkOperation(StandbyState.java:88)
	at org.apache.hadoop.hdfs.server.namenode.NameNode$NameNodeHAContext.checkOperation(NameNode.java:1952)
	at org.apache.hadoop.hdfs.server.namenode.FSNamesystem.checkOperation(FSNamesystem.java:1423)
	at org.apache.hadoop.hdfs.server.namenode.FSNamesystem.getFileInfo(FSNamesystem.java:3085)
	at org.apache.hadoop.hdfs.server.namenode.NameNodeRpcServer.getFileInfo(NameNodeRpcServer.java:1154)
	at org.apache.hadoop.hdfs.protocolPB.ClientNamenodeProtocolServerSideTranslatorPB.getFileInfo(ClientNamenodeProtocolServerSideTranslatorPB.java:966)
	at org.apache.hadoop.hdfs.protocol.proto.ClientNamenodeProtocolProtos$ClientNamenodeProtocol$2.callBlockingMethod(ClientNamenodeProtocolProtos.java)
	at org.apache.hadoop.ipc.ProtobufRpcEngine$Server$ProtoBufRpcInvoker.call(ProtobufRpcEngine.java:523)
	at org.apache.hadoop.ipc.RPC$Server.call(RPC.java:991)
	at org.apache.hadoop.ipc.Server$RpcCall.run(Server.java:872)
	at org.apache.hadoop.ipc.Server$RpcCall.run(Server.java:818)
	at java.security.AccessController.doPrivileged(Native Method)
	at javax.security.auth.Subject.doAs(Subject.java:422)
	at org.apache.hadoop.security.UserGroupInformation.doAs(UserGroupInformation.java:1729)
	at org.apache.hadoop.ipc.Server$Handler.run(Server.java:2678)
, while invoking ClientNamenodeProtocolTranslatorPB.getFileInfo over node-1-link-0/10.10.1.4:8020 after 1 failover attempts. Trying to failover after sleeping for 1067ms.
2019-02-19 17:41:04,526 INFO retry.RetryInvocationHandler: java.net.ConnectException: Call From clnode059.clemson.cloudlab.us/130.127.133.68 to node-0-link-0:8020 failed on connection exception: java.net.ConnectException: Connection refused; For more details see:  http://wiki.apache.org/hadoop/ConnectionRefused, while invoking ClientNamenodeProtocolTranslatorPB.getFileInfo over node-0-link-0/10.10.1.1:8020 after 2 failover attempts. Trying to failover after sleeping for 1425ms.
file 2 has been read from HDFS for 9 time
diff succeed!
file 2 has been read from HDFS for 10 time
diff succeed!
Deleted /myfile2
file 2 has been removed from HDFS
Found 20 items
-rw-r--r--   3 root supergroup 1073741824 2019-02-19 17:40 /myfile1
-rw-r--r--   3 root supergroup 1073741824 2019-02-19 17:41 /myfile10
-rw-r--r--   3 root supergroup 1073741824 2019-02-19 17:38 /myfile11
-rw-r--r--   3 root supergroup 1073741824 2019-02-19 17:41 /myfile12
-rw-r--r--   3 root supergroup 1073741824 2019-02-19 17:41 /myfile13
-rw-r--r--   3 root supergroup 1073741824 2019-02-19 17:42 /myfile14
-rw-r--r--   3 root supergroup 1073741824 2019-02-19 17:40 /myfile15
-rw-r--r--   3 root supergroup 1073741824 2019-02-19 17:40 /myfile16
-rw-r--r--   3 root supergroup 1073741824 2019-02-19 17:41 /myfile17
-rw-r--r--   3 root supergroup 1073741824 2019-02-19 17:42 /myfile18
-rw-r--r--   3 root supergroup 1073741824 2019-02-19 17:42 /myfile19
-rw-r--r--   3 root supergroup 1073741824 2019-02-19 17:42 /myfile2
-rw-r--r--   3 root supergroup  536870912 2019-02-19 17:42 /myfile20._COPYING_
-rw-r--r--   3 root supergroup 1073741824 2019-02-19 17:41 /myfile3
-rw-r--r--   3 root supergroup  671088640 2019-02-19 17:42 /myfile4._COPYING_
-rw-r--r--   3 root supergroup 1073741824 2019-02-19 17:42 /myfile5
-rw-r--r--   3 root supergroup 1073741824 2019-02-19 17:42 /myfile6
-rw-r--r--   3 root supergroup 1073741824 2019-02-19 17:37 /myfile7
-rw-r--r--   3 root supergroup 1073741824 2019-02-19 17:40 /myfile8
-rw-r--r--   3 root supergroup 1073741824 2019-02-19 17:40 /myfile9
file 2 has been put into HDFS
file 2 has been read from HDFS for 1 time
diff succeed!
file 2 has been read from HDFS for 2 time
diff succeed!
file 2 has been read from HDFS for 3 time
diff succeed!
file 2 has been read from HDFS for 4 time
diff succeed!
file 2 has been read from HDFS for 5 time
diff succeed!
file 2 has been read from HDFS for 6 time
diff succeed!
file 2 has been read from HDFS for 7 time
diff succeed!
file 2 has been read from HDFS for 8 time
diff succeed!
file 2 has been read from HDFS for 9 time
diff succeed!
file 2 has been read from HDFS for 10 time
diff succeed!
Deleted /myfile2
file 2 has been removed from HDFS
Found 20 items
-rw-r--r--   3 root supergroup 1073741824 2019-02-19 17:45 /myfile1
-rw-r--r--   3 root supergroup 1073741824 2019-02-19 17:46 /myfile10
-rw-r--r--   3 root supergroup 1073741824 2019-02-19 17:44 /myfile11
-rw-r--r--   3 root supergroup 1073741824 2019-02-19 17:45 /myfile12
-rw-r--r--   3 root supergroup 1073741824 2019-02-19 17:46 /myfile13
-rw-r--r--   3 root supergroup  939524096 2019-02-19 17:46 /myfile14._COPYING_
-rw-r--r--   3 root supergroup 1073741824 2019-02-19 17:44 /myfile15
-rw-r--r--   3 root supergroup 1073741824 2019-02-19 17:44 /myfile16
-rw-r--r--   3 root supergroup 1073741824 2019-02-19 17:46 /myfile17
-rw-r--r--   3 root supergroup 1073741824 2019-02-19 17:46 /myfile18
-rw-r--r--   3 root supergroup  536870912 2019-02-19 17:46 /myfile19._COPYING_
-rw-r--r--   3 root supergroup 1073741824 2019-02-19 17:47 /myfile2
-rw-r--r--   3 root supergroup 1073741824 2019-02-19 17:47 /myfile20
-rw-r--r--   3 root supergroup 1073741824 2019-02-19 17:46 /myfile3
-rw-r--r--   3 root supergroup 1073741824 2019-02-19 17:47 /myfile4
-rw-r--r--   3 root supergroup 1073741824 2019-02-19 17:46 /myfile5
-rw-r--r--   3 root supergroup  536870912 2019-02-19 17:46 /myfile6._COPYING_
-rw-r--r--   3 root supergroup 1073741824 2019-02-19 17:43 /myfile7
-rw-r--r--   3 root supergroup 1073741824 2019-02-19 17:44 /myfile8
-rw-r--r--   3 root supergroup 1073741824 2019-02-19 17:44 /myfile9
file 2 has been put into HDFS
file 2 has been read from HDFS for 1 time
diff succeed!
file 2 has been read from HDFS for 2 time
diff succeed!
file 2 has been read from HDFS for 3 time
diff succeed!
file 2 has been read from HDFS for 4 time
diff succeed!
file 2 has been read from HDFS for 5 time
diff succeed!
file 2 has been read from HDFS for 6 time
diff succeed!
file 2 has been read from HDFS for 7 time
diff succeed!
file 2 has been read from HDFS for 8 time
diff succeed!
file 2 has been read from HDFS for 9 time
diff succeed!
file 2 has been read from HDFS for 10 time
diff succeed!
Deleted /myfile2
file 2 has been removed from HDFS
Found 20 items
-rw-r--r--   3 root supergroup 1073741824 2019-02-19 17:49 /myfile1
-rw-r--r--   3 root supergroup 1073741824 2019-02-19 17:50 /myfile10
-rw-r--r--   3 root supergroup 1073741824 2019-02-19 17:48 /myfile11
-rw-r--r--   3 root supergroup 1073741824 2019-02-19 17:49 /myfile12
-rw-r--r--   3 root supergroup 1073741824 2019-02-19 17:49 /myfile13
-rw-r--r--   3 root supergroup 1073741824 2019-02-19 17:50 /myfile14
-rw-r--r--   3 root supergroup 1073741824 2019-02-19 17:48 /myfile15
-rw-r--r--   3 root supergroup 1073741824 2019-02-19 17:48 /myfile16
-rw-r--r--   3 root supergroup 1073741824 2019-02-19 17:46 /myfile17
-rw-r--r--   3 root supergroup 1073741824 2019-02-19 17:49 /myfile18
-rw-r--r--   3 root supergroup 1073741824 2019-02-19 17:47 /myfile19
-rw-r--r--   3 root supergroup 1073741824 2019-02-19 17:50 /myfile2
-rw-r--r--   3 root supergroup 1073741824 2019-02-19 17:47 /myfile20
-rw-r--r--   3 root supergroup 1073741824 2019-02-19 17:50 /myfile3
-rw-r--r--   3 root supergroup  402653184 2019-02-19 17:50 /myfile4._COPYING_
-rw-r--r--   3 root supergroup 1073741824 2019-02-19 17:50 /myfile5
-rw-r--r--   3 root supergroup 1073741824 2019-02-19 17:47 /myfile6
-rw-r--r--   3 root supergroup 1073741824 2019-02-19 17:48 /myfile7
-rw-r--r--   3 root supergroup 1073741824 2019-02-19 17:48 /myfile8
-rw-r--r--   3 root supergroup 1073741824 2019-02-19 17:48 /myfile9
file 2 has been put into HDFS
file 2 has been read from HDFS for 1 time
diff succeed!
file 2 has been read from HDFS for 2 time
diff succeed!
sub_benchmark 2 signal TERM catched and let quit gracefully
Deleted /myfile2
file 2 has been removed from HDFS
