Found 20 items
-rw-r--r--   3 root supergroup  939524096 2019-02-21 15:16 /myfile1._COPYING_
-rw-r--r--   3 root supergroup  805306368 2019-02-21 15:16 /myfile10._COPYING_
-rw-r--r--   3 root supergroup  805306368 2019-02-21 15:16 /myfile11._COPYING_
-rw-r--r--   3 root supergroup  939524096 2019-02-21 15:16 /myfile12._COPYING_
-rw-r--r--   3 root supergroup 1073741824 2019-02-21 15:16 /myfile13
-rw-r--r--   3 root supergroup 1073741824 2019-02-21 15:16 /myfile14
-rw-r--r--   3 root supergroup 1073741824 2019-02-21 15:16 /myfile15
-rw-r--r--   3 root supergroup  805306368 2019-02-21 15:16 /myfile16._COPYING_
-rw-r--r--   3 root supergroup  939524096 2019-02-21 15:16 /myfile17._COPYING_
-rw-r--r--   3 root supergroup  805306368 2019-02-21 15:16 /myfile18._COPYING_
-rw-r--r--   3 root supergroup  939524096 2019-02-21 15:16 /myfile19._COPYING_
-rw-r--r--   3 root supergroup  939524096 2019-02-21 15:16 /myfile2._COPYING_
-rw-r--r--   3 root supergroup  805306368 2019-02-21 15:16 /myfile20._COPYING_
-rw-r--r--   3 root supergroup  939524096 2019-02-21 15:16 /myfile3._COPYING_
-rw-r--r--   3 root supergroup  805306368 2019-02-21 15:16 /myfile4._COPYING_
-rw-r--r--   3 root supergroup 1073741824 2019-02-21 15:16 /myfile5
-rw-r--r--   3 root supergroup  939524096 2019-02-21 15:16 /myfile6._COPYING_
-rw-r--r--   3 root supergroup  939524096 2019-02-21 15:16 /myfile7._COPYING_
-rw-r--r--   3 root supergroup  805306368 2019-02-21 15:16 /myfile8._COPYING_
-rw-r--r--   3 root supergroup 1073741824 2019-02-21 15:16 /myfile9
file 13 has been put into HDFS
file 13 has been read from HDFS for 1 time
diff succeed!
file 13 has been read from HDFS for 2 time
diff succeed!
file 13 has been read from HDFS for 3 time
diff succeed!
file 13 has been read from HDFS for 4 time
diff succeed!
file 13 has been read from HDFS for 5 time
diff succeed!
file 13 has been read from HDFS for 6 time
diff succeed!
file 13 has been read from HDFS for 7 time
diff succeed!
file 13 has been read from HDFS for 8 time
diff succeed!
file 13 has been read from HDFS for 9 time
diff succeed!
file 13 has been read from HDFS for 10 time
diff succeed!
Deleted /myfile13
file 13 has been removed from HDFS
Found 19 items
-rw-r--r--   3 root supergroup 1073741824 2019-02-21 15:20 /myfile1
-rw-r--r--   3 root supergroup  402653184 2019-02-21 15:21 /myfile10._COPYING_
-rw-r--r--   3 root supergroup 1073741824 2019-02-21 15:20 /myfile12
-rw-r--r--   3 root supergroup 1073741824 2019-02-21 15:21 /myfile13
-rw-r--r--   3 root supergroup 1073741824 2019-02-21 15:16 /myfile14
-rw-r--r--   3 root supergroup 1073741824 2019-02-21 15:21 /myfile15
-rw-r--r--   3 root supergroup 1073741824 2019-02-21 15:20 /myfile16
-rw-r--r--   3 root supergroup 1073741824 2019-02-21 15:20 /myfile17
-rw-r--r--   3 root supergroup 1073741824 2019-02-21 15:20 /myfile18
-rw-r--r--   3 root supergroup 1073741824 2019-02-21 15:20 /myfile19
-rw-r--r--   3 root supergroup 1073741824 2019-02-21 15:20 /myfile2
-rw-r--r--   3 root supergroup 1073741824 2019-02-21 15:20 /myfile20
-rw-r--r--   3 root supergroup 1073741824 2019-02-21 15:20 /myfile3
-rw-r--r--   3 root supergroup 1073741824 2019-02-21 15:20 /myfile4
-rw-r--r--   3 root supergroup 1073741824 2019-02-21 15:16 /myfile5
-rw-r--r--   3 root supergroup 1073741824 2019-02-21 15:21 /myfile6
-rw-r--r--   3 root supergroup 1073741824 2019-02-21 15:20 /myfile7
-rw-r--r--   3 root supergroup 1073741824 2019-02-21 15:20 /myfile8
-rw-r--r--   3 root supergroup 1073741824 2019-02-21 15:21 /myfile9
file 13 has been put into HDFS
file 13 has been read from HDFS for 1 time
diff succeed!
file 13 has been read from HDFS for 2 time
diff succeed!
file 13 has been read from HDFS for 3 time
diff succeed!
file 13 has been read from HDFS for 4 time
diff succeed!
file 13 has been read from HDFS for 5 time
diff succeed!
file 13 has been read from HDFS for 6 time
diff succeed!
file 13 has been read from HDFS for 7 time
diff succeed!
file 13 has been read from HDFS for 8 time
diff succeed!
file 13 has been read from HDFS for 9 time
diff succeed!
file 13 has been read from HDFS for 10 time
diff succeed!
Deleted /myfile13
file 13 has been removed from HDFS
Found 18 items
-rw-r--r--   3 root supergroup 1073741824 2019-02-21 15:24 /myfile1
-rw-r--r--   3 root supergroup 1073741824 2019-02-21 15:22 /myfile11
-rw-r--r--   3 root supergroup 1073741824 2019-02-21 15:25 /myfile12
-rw-r--r--   3 root supergroup 1073741824 2019-02-21 15:25 /myfile13
-rw-r--r--   3 root supergroup 1073741824 2019-02-21 15:23 /myfile14
-rw-r--r--   3 root supergroup 1073741824 2019-02-21 15:25 /myfile15
-rw-r--r--   3 root supergroup 1073741824 2019-02-21 15:25 /myfile16
-rw-r--r--   3 root supergroup 1073741824 2019-02-21 15:24 /myfile17
-rw-r--r--   3 root supergroup 1073741824 2019-02-21 15:24 /myfile19
-rw-r--r--   3 root supergroup 1073741824 2019-02-21 15:24 /myfile2
-rw-r--r--   3 root supergroup 1073741824 2019-02-21 15:24 /myfile20
-rw-r--r--   3 root supergroup 1073741824 2019-02-21 15:24 /myfile3
-rw-r--r--   3 root supergroup 1073741824 2019-02-21 15:25 /myfile4
-rw-r--r--   3 root supergroup 1073741824 2019-02-21 15:22 /myfile5
-rw-r--r--   3 root supergroup  402653184 2019-02-21 15:25 /myfile6._COPYING_
-rw-r--r--   3 root supergroup 1073741824 2019-02-21 15:25 /myfile7
-rw-r--r--   3 root supergroup 1073741824 2019-02-21 15:24 /myfile8
-rw-r--r--   3 root supergroup 1073741824 2019-02-21 15:25 /myfile9
file 13 has been put into HDFS
file 13 has been read from HDFS for 1 time
diff succeed!
file 13 has been read from HDFS for 2 time
diff succeed!
file 13 has been read from HDFS for 3 time
diff succeed!
file 13 has been read from HDFS for 4 time
diff succeed!
file 13 has been read from HDFS for 5 time
diff succeed!
file 13 has been read from HDFS for 6 time
diff succeed!
file 13 has been read from HDFS for 7 time
diff succeed!
file 13 has been read from HDFS for 8 time
diff succeed!
file 13 has been read from HDFS for 9 time
diff succeed!
file 13 has been read from HDFS for 10 time
diff succeed!
2019-02-21 15:29:02,835 INFO retry.RetryInvocationHandler: org.apache.hadoop.ipc.RemoteException(org.apache.hadoop.ipc.RetriableException): org.apache.hadoop.hdfs.server.namenode.SafeModeException: Cannot delete /myfile13. Name node is in safe mode.
The reported blocks 122 has reached the threshold 0.9990 of total blocks 122. The number of live datanodes 3 has reached the minimum number 0. In safe mode extension. Safe mode will be turned off automatically in 21 seconds. NamenodeHostName:node-1-link-0
	at org.apache.hadoop.hdfs.server.namenode.FSNamesystem.checkNameNodeSafeMode(FSNamesystem.java:1441)
	at org.apache.hadoop.hdfs.server.namenode.FSNamesystem.delete(FSNamesystem.java:2986)
	at org.apache.hadoop.hdfs.server.namenode.NameNodeRpcServer.delete(NameNodeRpcServer.java:1095)
	at org.apache.hadoop.hdfs.protocolPB.ClientNamenodeProtocolServerSideTranslatorPB.delete(ClientNamenodeProtocolServerSideTranslatorPB.java:692)
	at org.apache.hadoop.hdfs.protocol.proto.ClientNamenodeProtocolProtos$ClientNamenodeProtocol$2.callBlockingMethod(ClientNamenodeProtocolProtos.java)
	at org.apache.hadoop.ipc.ProtobufRpcEngine$Server$ProtoBufRpcInvoker.call(ProtobufRpcEngine.java:523)
	at org.apache.hadoop.ipc.RPC$Server.call(RPC.java:991)
	at org.apache.hadoop.ipc.Server$RpcCall.run(Server.java:872)
	at org.apache.hadoop.ipc.Server$RpcCall.run(Server.java:818)
	at java.security.AccessController.doPrivileged(Native Method)
	at javax.security.auth.Subject.doAs(Subject.java:422)
	at org.apache.hadoop.security.UserGroupInformation.doAs(UserGroupInformation.java:1729)
	at org.apache.hadoop.ipc.Server$Handler.run(Server.java:2678)
Caused by: org.apache.hadoop.hdfs.server.namenode.SafeModeException: Cannot delete /myfile13. Name node is in safe mode.
The reported blocks 122 has reached the threshold 0.9990 of total blocks 122. The number of live datanodes 3 has reached the minimum number 0. In safe mode extension. Safe mode will be turned off automatically in 21 seconds. NamenodeHostName:node-1-link-0
	at org.apache.hadoop.hdfs.server.namenode.FSNamesystem.newSafemodeException(FSNamesystem.java:1450)
	at org.apache.hadoop.hdfs.server.namenode.FSNamesystem.checkNameNodeSafeMode(FSNamesystem.java:1437)
	... 12 more
, while invoking ClientNamenodeProtocolTranslatorPB.delete over node-1-link-0/10.10.1.4:8020. Retrying immediately.
2019-02-21 15:29:02,840 INFO retry.RetryInvocationHandler: org.apache.hadoop.ipc.RemoteException(org.apache.hadoop.ipc.RetriableException): org.apache.hadoop.hdfs.server.namenode.SafeModeException: Cannot delete /myfile13. Name node is in safe mode.
The reported blocks 122 has reached the threshold 0.9990 of total blocks 122. The number of live datanodes 3 has reached the minimum number 0. In safe mode extension. Safe mode will be turned off automatically in 21 seconds. NamenodeHostName:node-1-link-0
	at org.apache.hadoop.hdfs.server.namenode.FSNamesystem.checkNameNodeSafeMode(FSNamesystem.java:1441)
	at org.apache.hadoop.hdfs.server.namenode.FSNamesystem.delete(FSNamesystem.java:2986)
	at org.apache.hadoop.hdfs.server.namenode.NameNodeRpcServer.delete(NameNodeRpcServer.java:1095)
	at org.apache.hadoop.hdfs.protocolPB.ClientNamenodeProtocolServerSideTranslatorPB.delete(ClientNamenodeProtocolServerSideTranslatorPB.java:692)
	at org.apache.hadoop.hdfs.protocol.proto.ClientNamenodeProtocolProtos$ClientNamenodeProtocol$2.callBlockingMethod(ClientNamenodeProtocolProtos.java)
	at org.apache.hadoop.ipc.ProtobufRpcEngine$Server$ProtoBufRpcInvoker.call(ProtobufRpcEngine.java:523)
	at org.apache.hadoop.ipc.RPC$Server.call(RPC.java:991)
	at org.apache.hadoop.ipc.Server$RpcCall.run(Server.java:872)
	at org.apache.hadoop.ipc.Server$RpcCall.run(Server.java:818)
	at java.security.AccessController.doPrivileged(Native Method)
	at javax.security.auth.Subject.doAs(Subject.java:422)
	at org.apache.hadoop.security.UserGroupInformation.doAs(UserGroupInformation.java:1729)
	at org.apache.hadoop.ipc.Server$Handler.run(Server.java:2678)
Caused by: org.apache.hadoop.hdfs.server.namenode.SafeModeException: Cannot delete /myfile13. Name node is in safe mode.
The reported blocks 122 has reached the threshold 0.9990 of total blocks 122. The number of live datanodes 3 has reached the minimum number 0. In safe mode extension. Safe mode will be turned off automatically in 21 seconds. NamenodeHostName:node-1-link-0
	at org.apache.hadoop.hdfs.server.namenode.FSNamesystem.newSafemodeException(FSNamesystem.java:1450)
	at org.apache.hadoop.hdfs.server.namenode.FSNamesystem.checkNameNodeSafeMode(FSNamesystem.java:1437)
	... 12 more
, while invoking ClientNamenodeProtocolTranslatorPB.delete over node-1-link-0/10.10.1.4:8020. Retrying after sleeping for 1163ms.
2019-02-21 15:29:04,005 INFO retry.RetryInvocationHandler: org.apache.hadoop.ipc.RemoteException(org.apache.hadoop.ipc.RetriableException): org.apache.hadoop.hdfs.server.namenode.SafeModeException: Cannot delete /myfile13. Name node is in safe mode.
The reported blocks 122 has reached the threshold 0.9990 of total blocks 122. The number of live datanodes 3 has reached the minimum number 0. In safe mode extension. Safe mode will be turned off automatically in 19 seconds. NamenodeHostName:node-1-link-0
	at org.apache.hadoop.hdfs.server.namenode.FSNamesystem.checkNameNodeSafeMode(FSNamesystem.java:1441)
	at org.apache.hadoop.hdfs.server.namenode.FSNamesystem.delete(FSNamesystem.java:2986)
	at org.apache.hadoop.hdfs.server.namenode.NameNodeRpcServer.delete(NameNodeRpcServer.java:1095)
	at org.apache.hadoop.hdfs.protocolPB.ClientNamenodeProtocolServerSideTranslatorPB.delete(ClientNamenodeProtocolServerSideTranslatorPB.java:692)
	at org.apache.hadoop.hdfs.protocol.proto.ClientNamenodeProtocolProtos$ClientNamenodeProtocol$2.callBlockingMethod(ClientNamenodeProtocolProtos.java)
	at org.apache.hadoop.ipc.ProtobufRpcEngine$Server$ProtoBufRpcInvoker.call(ProtobufRpcEngine.java:523)
	at org.apache.hadoop.ipc.RPC$Server.call(RPC.java:991)
	at org.apache.hadoop.ipc.Server$RpcCall.run(Server.java:872)
	at org.apache.hadoop.ipc.Server$RpcCall.run(Server.java:818)
	at java.security.AccessController.doPrivileged(Native Method)
	at javax.security.auth.Subject.doAs(Subject.java:422)
	at org.apache.hadoop.security.UserGroupInformation.doAs(UserGroupInformation.java:1729)
	at org.apache.hadoop.ipc.Server$Handler.run(Server.java:2678)
Caused by: org.apache.hadoop.hdfs.server.namenode.SafeModeException: Cannot delete /myfile13. Name node is in safe mode.
The reported blocks 122 has reached the threshold 0.9990 of total blocks 122. The number of live datanodes 3 has reached the minimum number 0. In safe mode extension. Safe mode will be turned off automatically in 19 seconds. NamenodeHostName:node-1-link-0
	at org.apache.hadoop.hdfs.server.namenode.FSNamesystem.newSafemodeException(FSNamesystem.java:1450)
	at org.apache.hadoop.hdfs.server.namenode.FSNamesystem.checkNameNodeSafeMode(FSNamesystem.java:1437)
	... 12 more
, while invoking ClientNamenodeProtocolTranslatorPB.delete over node-1-link-0/10.10.1.4:8020. Retrying after sleeping for 1853ms.
2019-02-21 15:29:05,861 INFO retry.RetryInvocationHandler: org.apache.hadoop.ipc.RemoteException(org.apache.hadoop.ipc.RetriableException): org.apache.hadoop.hdfs.server.namenode.SafeModeException: Cannot delete /myfile13. Name node is in safe mode.
The reported blocks 122 has reached the threshold 0.9990 of total blocks 122. The number of live datanodes 3 has reached the minimum number 0. In safe mode extension. Safe mode will be turned off automatically in 18 seconds. NamenodeHostName:node-1-link-0
	at org.apache.hadoop.hdfs.server.namenode.FSNamesystem.checkNameNodeSafeMode(FSNamesystem.java:1441)
	at org.apache.hadoop.hdfs.server.namenode.FSNamesystem.delete(FSNamesystem.java:2986)
	at org.apache.hadoop.hdfs.server.namenode.NameNodeRpcServer.delete(NameNodeRpcServer.java:1095)
	at org.apache.hadoop.hdfs.protocolPB.ClientNamenodeProtocolServerSideTranslatorPB.delete(ClientNamenodeProtocolServerSideTranslatorPB.java:692)
	at org.apache.hadoop.hdfs.protocol.proto.ClientNamenodeProtocolProtos$ClientNamenodeProtocol$2.callBlockingMethod(ClientNamenodeProtocolProtos.java)
	at org.apache.hadoop.ipc.ProtobufRpcEngine$Server$ProtoBufRpcInvoker.call(ProtobufRpcEngine.java:523)
	at org.apache.hadoop.ipc.RPC$Server.call(RPC.java:991)
	at org.apache.hadoop.ipc.Server$RpcCall.run(Server.java:872)
	at org.apache.hadoop.ipc.Server$RpcCall.run(Server.java:818)
	at java.security.AccessController.doPrivileged(Native Method)
	at javax.security.auth.Subject.doAs(Subject.java:422)
	at org.apache.hadoop.security.UserGroupInformation.doAs(UserGroupInformation.java:1729)
	at org.apache.hadoop.ipc.Server$Handler.run(Server.java:2678)
Caused by: org.apache.hadoop.hdfs.server.namenode.SafeModeException: Cannot delete /myfile13. Name node is in safe mode.
The reported blocks 122 has reached the threshold 0.9990 of total blocks 122. The number of live datanodes 3 has reached the minimum number 0. In safe mode extension. Safe mode will be turned off automatically in 18 seconds. NamenodeHostName:node-1-link-0
	at org.apache.hadoop.hdfs.server.namenode.FSNamesystem.newSafemodeException(FSNamesystem.java:1450)
	at org.apache.hadoop.hdfs.server.namenode.FSNamesystem.checkNameNodeSafeMode(FSNamesystem.java:1437)
	... 12 more
, while invoking ClientNamenodeProtocolTranslatorPB.delete over node-1-link-0/10.10.1.4:8020. Retrying after sleeping for 4019ms.
2019-02-21 15:29:09,883 INFO retry.RetryInvocationHandler: org.apache.hadoop.ipc.RemoteException(org.apache.hadoop.ipc.RetriableException): org.apache.hadoop.hdfs.server.namenode.SafeModeException: Cannot delete /myfile13. Name node is in safe mode.
The reported blocks 122 has reached the threshold 0.9990 of total blocks 122. The number of live datanodes 3 has reached the minimum number 0. In safe mode extension. Safe mode will be turned off automatically in 14 seconds. NamenodeHostName:node-1-link-0
	at org.apache.hadoop.hdfs.server.namenode.FSNamesystem.checkNameNodeSafeMode(FSNamesystem.java:1441)
	at org.apache.hadoop.hdfs.server.namenode.FSNamesystem.delete(FSNamesystem.java:2986)
	at org.apache.hadoop.hdfs.server.namenode.NameNodeRpcServer.delete(NameNodeRpcServer.java:1095)
	at org.apache.hadoop.hdfs.protocolPB.ClientNamenodeProtocolServerSideTranslatorPB.delete(ClientNamenodeProtocolServerSideTranslatorPB.java:692)
	at org.apache.hadoop.hdfs.protocol.proto.ClientNamenodeProtocolProtos$ClientNamenodeProtocol$2.callBlockingMethod(ClientNamenodeProtocolProtos.java)
	at org.apache.hadoop.ipc.ProtobufRpcEngine$Server$ProtoBufRpcInvoker.call(ProtobufRpcEngine.java:523)
	at org.apache.hadoop.ipc.RPC$Server.call(RPC.java:991)
	at org.apache.hadoop.ipc.Server$RpcCall.run(Server.java:872)
	at org.apache.hadoop.ipc.Server$RpcCall.run(Server.java:818)
	at java.security.AccessController.doPrivileged(Native Method)
	at javax.security.auth.Subject.doAs(Subject.java:422)
	at org.apache.hadoop.security.UserGroupInformation.doAs(UserGroupInformation.java:1729)
	at org.apache.hadoop.ipc.Server$Handler.run(Server.java:2678)
Caused by: org.apache.hadoop.hdfs.server.namenode.SafeModeException: Cannot delete /myfile13. Name node is in safe mode.
The reported blocks 122 has reached the threshold 0.9990 of total blocks 122. The number of live datanodes 3 has reached the minimum number 0. In safe mode extension. Safe mode will be turned off automatically in 14 seconds. NamenodeHostName:node-1-link-0
	at org.apache.hadoop.hdfs.server.namenode.FSNamesystem.newSafemodeException(FSNamesystem.java:1450)
	at org.apache.hadoop.hdfs.server.namenode.FSNamesystem.checkNameNodeSafeMode(FSNamesystem.java:1437)
	... 12 more
, while invoking ClientNamenodeProtocolTranslatorPB.delete over node-1-link-0/10.10.1.4:8020. Retrying after sleeping for 10894ms.
2019-02-21 15:29:20,781 INFO retry.RetryInvocationHandler: org.apache.hadoop.ipc.RemoteException(org.apache.hadoop.ipc.RetriableException): org.apache.hadoop.hdfs.server.namenode.SafeModeException: Cannot delete /myfile13. Name node is in safe mode.
The reported blocks 122 has reached the threshold 0.9990 of total blocks 122. The number of live datanodes 3 has reached the minimum number 0. In safe mode extension. Safe mode will be turned off automatically in 3 seconds. NamenodeHostName:node-1-link-0
	at org.apache.hadoop.hdfs.server.namenode.FSNamesystem.checkNameNodeSafeMode(FSNamesystem.java:1441)
	at org.apache.hadoop.hdfs.server.namenode.FSNamesystem.delete(FSNamesystem.java:2986)
	at org.apache.hadoop.hdfs.server.namenode.NameNodeRpcServer.delete(NameNodeRpcServer.java:1095)
	at org.apache.hadoop.hdfs.protocolPB.ClientNamenodeProtocolServerSideTranslatorPB.delete(ClientNamenodeProtocolServerSideTranslatorPB.java:692)
	at org.apache.hadoop.hdfs.protocol.proto.ClientNamenodeProtocolProtos$ClientNamenodeProtocol$2.callBlockingMethod(ClientNamenodeProtocolProtos.java)
	at org.apache.hadoop.ipc.ProtobufRpcEngine$Server$ProtoBufRpcInvoker.call(ProtobufRpcEngine.java:523)
	at org.apache.hadoop.ipc.RPC$Server.call(RPC.java:991)
	at org.apache.hadoop.ipc.Server$RpcCall.run(Server.java:872)
	at org.apache.hadoop.ipc.Server$RpcCall.run(Server.java:818)
	at java.security.AccessController.doPrivileged(Native Method)
	at javax.security.auth.Subject.doAs(Subject.java:422)
	at org.apache.hadoop.security.UserGroupInformation.doAs(UserGroupInformation.java:1729)
	at org.apache.hadoop.ipc.Server$Handler.run(Server.java:2678)
Caused by: org.apache.hadoop.hdfs.server.namenode.SafeModeException: Cannot delete /myfile13. Name node is in safe mode.
The reported blocks 122 has reached the threshold 0.9990 of total blocks 122. The number of live datanodes 3 has reached the minimum number 0. In safe mode extension. Safe mode will be turned off automatically in 3 seconds. NamenodeHostName:node-1-link-0
	at org.apache.hadoop.hdfs.server.namenode.FSNamesystem.newSafemodeException(FSNamesystem.java:1450)
	at org.apache.hadoop.hdfs.server.namenode.FSNamesystem.checkNameNodeSafeMode(FSNamesystem.java:1437)
	... 12 more
, while invoking ClientNamenodeProtocolTranslatorPB.delete over node-1-link-0/10.10.1.4:8020. Retrying after sleeping for 13711ms.
Deleted /myfile13
file 13 has been removed from HDFS
Found 19 items
-rw-r--r--   3 root supergroup 1073741824 2019-02-21 15:29 /myfile1
-rw-r--r--   3 root supergroup 1073741824 2019-02-21 15:29 /myfile10
-rw-r--r--   3 root supergroup 1073741824 2019-02-21 15:26 /myfile11
-rw-r--r--   3 root supergroup 1073741824 2019-02-21 15:29 /myfile12
-rw-r--r--   3 root supergroup 1073741824 2019-02-21 15:29 /myfile13
-rw-r--r--   3 root supergroup 1073741824 2019-02-21 15:28 /myfile14
-rw-r--r--   3 root supergroup 1073741824 2019-02-21 15:29 /myfile15
-rw-r--r--   3 root supergroup 1073741824 2019-02-21 15:28 /myfile17
-rw-r--r--   3 root supergroup 1073741824 2019-02-21 15:29 /myfile18
-rw-r--r--   3 root supergroup 1073741824 2019-02-21 15:29 /myfile19
-rw-r--r--   3 root supergroup 1073741824 2019-02-21 15:29 /myfile2
-rw-r--r--   3 root supergroup          0 2019-02-21 15:29 /myfile20._COPYING_
-rw-r--r--   3 root supergroup 1073741824 2019-02-21 15:28 /myfile3
-rw-r--r--   3 root supergroup 1073741824 2019-02-21 15:29 /myfile4
-rw-r--r--   3 root supergroup 1073741824 2019-02-21 15:26 /myfile5
-rw-r--r--   3 root supergroup 1073741824 2019-02-21 15:29 /myfile6
-rw-r--r--   3 root supergroup 1073741824 2019-02-21 15:29 /myfile7
-rw-r--r--   3 root supergroup          0 2019-02-21 15:29 /myfile8._COPYING_
-rw-r--r--   3 root supergroup 1073741824 2019-02-21 15:29 /myfile9
file 13 has been put into HDFS
file 13 has been read from HDFS for 1 time
diff succeed!
file 13 has been read from HDFS for 2 time
diff succeed!
file 13 has been read from HDFS for 3 time
diff succeed!
file 13 has been read from HDFS for 4 time
diff succeed!
file 13 has been read from HDFS for 5 time
diff succeed!
file 13 has been read from HDFS for 6 time
diff succeed!
file 13 has been read from HDFS for 7 time
diff succeed!
file 13 has been read from HDFS for 8 time
diff succeed!
file 13 has been read from HDFS for 9 time
diff succeed!
file 13 has been read from HDFS for 10 time
diff succeed!
Deleted /myfile13
file 13 has been removed from HDFS
Found 18 items
-rw-r--r--   3 root supergroup 1073741824 2019-02-21 15:33 /myfile1
-rw-r--r--   3 root supergroup 1073741824 2019-02-21 15:34 /myfile10
-rw-r--r--   3 root supergroup 1073741824 2019-02-21 15:33 /myfile12
-rw-r--r--   3 root supergroup 1073741824 2019-02-21 15:34 /myfile13
-rw-r--r--   3 root supergroup 1073741824 2019-02-21 15:32 /myfile14
-rw-r--r--   3 root supergroup 1073741824 2019-02-21 15:33 /myfile15
-rw-r--r--   3 root supergroup 1073741824 2019-02-21 15:30 /myfile16
-rw-r--r--   3 root supergroup 1073741824 2019-02-21 15:32 /myfile17
-rw-r--r--   3 root supergroup 1073741824 2019-02-21 15:33 /myfile18
-rw-r--r--   3 root supergroup 1073741824 2019-02-21 15:33 /myfile19
-rw-r--r--   3 root supergroup 1073741824 2019-02-21 15:33 /myfile2
-rw-r--r--   3 root supergroup 1073741824 2019-02-21 15:30 /myfile20
-rw-r--r--   3 root supergroup 1073741824 2019-02-21 15:32 /myfile3
-rw-r--r--   3 root supergroup 1073741824 2019-02-21 15:34 /myfile4
-rw-r--r--   3 root supergroup          0 2019-02-21 15:34 /myfile5._COPYING_
-rw-r--r--   3 root supergroup 1073741824 2019-02-21 15:33 /myfile6
-rw-r--r--   3 root supergroup 1073741824 2019-02-21 15:33 /myfile7
-rw-r--r--   3 root supergroup 1073741824 2019-02-21 15:33 /myfile9
file 13 has been put into HDFS
file 13 has been read from HDFS for 1 time
diff succeed!
file 13 has been read from HDFS for 2 time
diff succeed!
file 13 has been read from HDFS for 3 time
diff succeed!
file 13 has been read from HDFS for 4 time
diff succeed!
file 13 has been read from HDFS for 5 time
diff succeed!
file 13 has been read from HDFS for 6 time
diff succeed!
file 13 has been read from HDFS for 7 time
diff succeed!
file 13 has been read from HDFS for 8 time
diff succeed!
file 13 has been read from HDFS for 9 time
diff succeed!
file 13 has been read from HDFS for 10 time
diff succeed!
Deleted /myfile13
file 13 has been removed from HDFS
2019-02-21 15:39:23,681 INFO retry.RetryInvocationHandler: java.io.EOFException: End of File Exception between local host is: "clnode090.clemson.cloudlab.us/130.127.133.99"; destination host is: "node-1-link-0":8020; : java.io.EOFException; For more details see:  http://wiki.apache.org/hadoop/EOFException, while invoking ClientNamenodeProtocolTranslatorPB.addBlock over node-1-link-0/10.10.1.4:8020. Trying to failover immediately.
Found 20 items
-rw-r--r--   3 root supergroup 1073741824 2019-02-21 15:37 /myfile1
-rw-r--r--   3 root supergroup 1073741824 2019-02-21 15:38 /myfile10
-rw-r--r--   3 root supergroup 1073741824 2019-02-21 15:39 /myfile11
-rw-r--r--   3 root supergroup 1073741824 2019-02-21 15:37 /myfile12
-rw-r--r--   3 root supergroup 1073741824 2019-02-21 15:39 /myfile13
-rw-r--r--   3 root supergroup 1073741824 2019-02-21 15:36 /myfile14
-rw-r--r--   3 root supergroup 1073741824 2019-02-21 15:38 /myfile15
-rw-r--r--   3 root supergroup 1073741824 2019-02-21 15:39 /myfile16
-rw-r--r--   3 root supergroup 1073741824 2019-02-21 15:37 /myfile17
-rw-r--r--   3 root supergroup 1073741824 2019-02-21 15:37 /myfile18
-rw-r--r--   3 root supergroup 1073741824 2019-02-21 15:38 /myfile19
-rw-r--r--   3 root supergroup 1073741824 2019-02-21 15:38 /myfile2
-rw-r--r--   3 root supergroup 1073741824 2019-02-21 15:36 /myfile20
-rw-r--r--   3 root supergroup 1073741824 2019-02-21 15:37 /myfile3
-rw-r--r--   3 root supergroup 1073741824 2019-02-21 15:34 /myfile4
-rw-r--r--   3 root supergroup 1073741824 2019-02-21 15:39 /myfile5
-rw-r--r--   3 root supergroup 1073741824 2019-02-21 15:38 /myfile6
-rw-r--r--   3 root supergroup 1073741824 2019-02-21 15:38 /myfile7
-rw-r--r--   3 root supergroup 1073741824 2019-02-21 15:39 /myfile8
-rw-r--r--   3 root supergroup 1073741824 2019-02-21 15:37 /myfile9
file 13 has been put into HDFS
file 13 has been read from HDFS for 1 time
diff succeed!
file 13 has been read from HDFS for 2 time
diff succeed!
file 13 has been read from HDFS for 3 time
diff succeed!
file 13 has been read from HDFS for 4 time
diff succeed!
file 13 has been read from HDFS for 5 time
diff succeed!
file 13 has been read from HDFS for 6 time
diff succeed!
file 13 has been read from HDFS for 7 time
diff succeed!
file 13 has been read from HDFS for 8 time
diff succeed!
file 13 has been read from HDFS for 9 time
diff succeed!
file 13 has been read from HDFS for 10 time
diff succeed!
Deleted /myfile13
file 13 has been removed from HDFS
Found 20 items
-rw-r--r--   3 root supergroup 1073741824 2019-02-21 15:41 /myfile1
-rw-r--r--   3 root supergroup 1073741824 2019-02-21 15:42 /myfile10
-rw-r--r--   3 root supergroup 1073741824 2019-02-21 15:39 /myfile11
-rw-r--r--   3 root supergroup 1073741824 2019-02-21 15:42 /myfile12
-rw-r--r--   3 root supergroup 1073741824 2019-02-21 15:43 /myfile13
-rw-r--r--   3 root supergroup 1073741824 2019-02-21 15:42 /myfile14
-rw-r--r--   3 root supergroup 1073741824 2019-02-21 15:43 /myfile15
-rw-r--r--   3 root supergroup 1073741824 2019-02-21 15:43 /myfile16
-rw-r--r--   3 root supergroup 1073741824 2019-02-21 15:41 /myfile17
-rw-r--r--   3 root supergroup 1073741824 2019-02-21 15:41 /myfile18
-rw-r--r--   3 root supergroup 1073741824 2019-02-21 15:42 /myfile19
-rw-r--r--   3 root supergroup 1073741824 2019-02-21 15:42 /myfile2
-rw-r--r--   3 root supergroup 1073741824 2019-02-21 15:41 /myfile20
-rw-r--r--   3 root supergroup 1073741824 2019-02-21 15:41 /myfile3
-rw-r--r--   3 root supergroup 1073741824 2019-02-21 15:40 /myfile4
-rw-r--r--   3 root supergroup 1073741824 2019-02-21 15:43 /myfile5
-rw-r--r--   3 root supergroup 1073741824 2019-02-21 15:42 /myfile6
-rw-r--r--   3 root supergroup 1073741824 2019-02-21 15:43 /myfile7
-rw-r--r--   3 root supergroup 1073741824 2019-02-21 15:43 /myfile8
-rw-r--r--   3 root supergroup 1073741824 2019-02-21 15:41 /myfile9
file 13 has been put into HDFS
file 13 has been read from HDFS for 1 time
diff succeed!
file 13 has been read from HDFS for 2 time
diff succeed!
file 13 has been read from HDFS for 3 time
diff succeed!
file 13 has been read from HDFS for 4 time
diff succeed!
file 13 has been read from HDFS for 5 time
diff succeed!
file 13 has been read from HDFS for 6 time
diff succeed!
file 13 has been read from HDFS for 7 time
diff succeed!
file 13 has been read from HDFS for 8 time
diff succeed!
file 13 has been read from HDFS for 9 time
diff succeed!
file 13 has been read from HDFS for 10 time
diff succeed!
Deleted /myfile13
file 13 has been removed from HDFS
Found 18 items
-rw-r--r--   3 root supergroup 1073741824 2019-02-21 15:45 /myfile1
-rw-r--r--   3 root supergroup 1073741824 2019-02-21 15:45 /myfile10
-rw-r--r--   3 root supergroup 1073741824 2019-02-21 15:48 /myfile11
-rw-r--r--   3 root supergroup 1073741824 2019-02-21 15:45 /myfile12
-rw-r--r--   3 root supergroup 1073741824 2019-02-21 15:49 /myfile13
-rw-r--r--   3 root supergroup 1073741824 2019-02-21 15:45 /myfile14
-rw-r--r--   3 root supergroup 1073741824 2019-02-21 15:47 /myfile15
-rw-r--r--   3 root supergroup 1073741824 2019-02-21 15:47 /myfile16
-rw-r--r--   3 root supergroup 1073741824 2019-02-21 15:46 /myfile19
-rw-r--r--   3 root supergroup 1073741824 2019-02-21 15:46 /myfile2
-rw-r--r--   3 root supergroup 1073741824 2019-02-21 15:48 /myfile20
-rw-r--r--   3 root supergroup  805306368 2019-02-21 15:48 /myfile3._COPYING_
-rw-r--r--   3 root supergroup 1073741824 2019-02-21 15:48 /myfile4
-rw-r--r--   3 root supergroup 1073741824 2019-02-21 15:47 /myfile5
-rw-r--r--   3 root supergroup 1073741824 2019-02-21 15:45 /myfile6
-rw-r--r--   3 root supergroup 1073741824 2019-02-21 15:47 /myfile7
-rw-r--r--   3 root supergroup 1073741824 2019-02-21 15:47 /myfile8
-rw-r--r--   3 root supergroup 1073741824 2019-02-21 15:48 /myfile9
file 13 has been put into HDFS
file 13 has been read from HDFS for 1 time
diff succeed!
file 13 has been read from HDFS for 2 time
diff succeed!
file 13 has been read from HDFS for 3 time
diff succeed!
file 13 has been read from HDFS for 4 time
diff succeed!
file 13 has been read from HDFS for 5 time
diff succeed!
file 13 has been read from HDFS for 6 time
diff succeed!
file 13 has been read from HDFS for 7 time
diff succeed!
file 13 has been read from HDFS for 8 time
diff succeed!
file 13 has been read from HDFS for 9 time
diff succeed!
file 13 has been read from HDFS for 10 time
diff succeed!
Deleted /myfile13
file 13 has been removed from HDFS
Found 20 items
-rw-r--r--   3 root supergroup 1073741824 2019-02-21 15:50 /myfile1
-rw-r--r--   3 root supergroup 1073741824 2019-02-21 15:51 /myfile10
-rw-r--r--   3 root supergroup 1073741824 2019-02-21 15:51 /myfile11
-rw-r--r--   3 root supergroup 1073741824 2019-02-21 15:50 /myfile12
-rw-r--r--   3 root supergroup 1073741824 2019-02-21 15:53 /myfile13
-rw-r--r--   3 root supergroup 1073741824 2019-02-21 15:51 /myfile14
-rw-r--r--   3 root supergroup 1073741824 2019-02-21 15:51 /myfile15
-rw-r--r--   3 root supergroup 1073741824 2019-02-21 15:51 /myfile16
-rw-r--r--   3 root supergroup 1073741824 2019-02-21 15:53 /myfile17
-rw-r--r--   3 root supergroup 1073741824 2019-02-21 15:53 /myfile18
-rw-r--r--   3 root supergroup 1073741824 2019-02-21 15:50 /myfile19
-rw-r--r--   3 root supergroup 1073741824 2019-02-21 15:53 /myfile2
-rw-r--r--   3 root supergroup 1073741824 2019-02-21 15:52 /myfile20
-rw-r--r--   3 root supergroup 1073741824 2019-02-21 15:53 /myfile3
-rw-r--r--   3 root supergroup 1073741824 2019-02-21 15:51 /myfile4
-rw-r--r--   3 root supergroup 1073741824 2019-02-21 15:52 /myfile5
-rw-r--r--   3 root supergroup 1073741824 2019-02-21 15:50 /myfile6
-rw-r--r--   3 root supergroup 1073741824 2019-02-21 15:51 /myfile7
-rw-r--r--   3 root supergroup 1073741824 2019-02-21 15:52 /myfile8
-rw-r--r--   3 root supergroup 1073741824 2019-02-21 15:52 /myfile9
file 13 has been put into HDFS
file 13 has been read from HDFS for 1 time
diff succeed!
file 13 has been read from HDFS for 2 time
diff succeed!
file 13 has been read from HDFS for 3 time
diff succeed!
file 13 has been read from HDFS for 4 time
diff succeed!
file 13 has been read from HDFS for 5 time
diff succeed!
file 13 has been read from HDFS for 6 time
diff succeed!
file 13 has been read from HDFS for 7 time
diff succeed!
file 13 has been read from HDFS for 8 time
diff succeed!
file 13 has been read from HDFS for 9 time
diff succeed!
file 13 has been read from HDFS for 10 time
diff succeed!
Deleted /myfile13
file 13 has been removed from HDFS
Found 17 items
-rw-r--r--   3 root supergroup 1073741824 2019-02-21 15:58 /myfile1
-rw-r--r--   3 root supergroup 1073741824 2019-02-21 15:55 /myfile10
-rw-r--r--   3 root supergroup 1073741824 2019-02-21 15:57 /myfile11
-rw-r--r--   3 root supergroup 1073741824 2019-02-21 15:55 /myfile12
-rw-r--r--   3 root supergroup 1073741824 2019-02-21 15:59 /myfile13
-rw-r--r--   3 root supergroup 1073741824 2019-02-21 15:55 /myfile14
-rw-r--r--   3 root supergroup 1073741824 2019-02-21 15:59 /myfile15
-rw-r--r--   3 root supergroup 1073741824 2019-02-21 15:59 /myfile16
-rw-r--r--   3 root supergroup 1073741824 2019-02-21 15:57 /myfile17
-rw-r--r--   3 root supergroup 1073741824 2019-02-21 15:58 /myfile18
-rw-r--r--   3 root supergroup 1073741824 2019-02-21 15:58 /myfile19
-rw-r--r--   3 root supergroup 1073741824 2019-02-21 15:56 /myfile20
-rw-r--r--   3 root supergroup 1073741824 2019-02-21 15:57 /myfile3
-rw-r--r--   3 root supergroup 1073741824 2019-02-21 15:58 /myfile6
-rw-r--r--   3 root supergroup 1073741824 2019-02-21 15:59 /myfile7
-rw-r--r--   3 root supergroup 1073741824 2019-02-21 15:55 /myfile8
-rw-r--r--   3 root supergroup 1073741824 2019-02-21 15:56 /myfile9
file 13 has been put into HDFS
file 13 has been read from HDFS for 1 time
diff succeed!
file 13 has been read from HDFS for 2 time
diff succeed!
file 13 has been read from HDFS for 3 time
diff succeed!
file 13 has been read from HDFS for 4 time
diff succeed!
file 13 has been read from HDFS for 5 time
diff succeed!
sub_benchmark 5 signal TERM catched and let quit gracefully
Deleted /myfile13
file 13 has been removed from HDFS
