Found 20 items
-rw-r--r--   3 root supergroup 1073741824 2019-02-24 14:58 /myfile1
-rw-r--r--   3 root supergroup  939524096 2019-02-24 14:58 /myfile10._COPYING_
-rw-r--r--   3 root supergroup 1073741824 2019-02-24 14:58 /myfile11
-rw-r--r--   3 root supergroup 1073741824 2019-02-24 14:58 /myfile12
-rw-r--r--   3 root supergroup 1073741824 2019-02-24 14:58 /myfile13
-rw-r--r--   3 root supergroup 1073741824 2019-02-24 14:58 /myfile14
-rw-r--r--   3 root supergroup  805306368 2019-02-24 14:58 /myfile15._COPYING_
-rw-r--r--   3 root supergroup  939524096 2019-02-24 14:58 /myfile16._COPYING_
-rw-r--r--   3 root supergroup  939524096 2019-02-24 14:58 /myfile17._COPYING_
-rw-r--r--   3 root supergroup  939524096 2019-02-24 14:58 /myfile18._COPYING_
-rw-r--r--   3 root supergroup 1073741824 2019-02-24 14:58 /myfile19
-rw-r--r--   3 root supergroup 1073741824 2019-02-24 14:58 /myfile2
-rw-r--r--   3 root supergroup  939524096 2019-02-24 14:58 /myfile20._COPYING_
-rw-r--r--   3 root supergroup  939524096 2019-02-24 14:58 /myfile3._COPYING_
-rw-r--r--   3 root supergroup 1073741824 2019-02-24 14:58 /myfile4
-rw-r--r--   3 root supergroup 1073741824 2019-02-24 14:58 /myfile5
-rw-r--r--   3 root supergroup 1073741824 2019-02-24 14:58 /myfile6
-rw-r--r--   3 root supergroup  939524096 2019-02-24 14:58 /myfile7._COPYING_
-rw-r--r--   3 root supergroup  939524096 2019-02-24 14:58 /myfile8._COPYING_
-rw-r--r--   3 root supergroup 1073741824 2019-02-24 14:58 /myfile9
file 4 has been put into HDFS
file 4 has been read from HDFS for 1 time
diff succeed!
2019-02-24 14:59:12,391 INFO retry.RetryInvocationHandler: java.net.ConnectException: Call From clnode090.clemson.cloudlab.us/130.127.133.99 to node-1-link-0:8020 failed on connection exception: java.net.ConnectException: Connection refused; For more details see:  http://wiki.apache.org/hadoop/ConnectionRefused, while invoking ClientNamenodeProtocolTranslatorPB.getFileInfo over node-1-link-0/10.10.1.4:8020 after 1 failover attempts. Trying to failover after sleeping for 1127ms.
file 4 has been read from HDFS for 2 time
diff succeed!
file 4 has been read from HDFS for 3 time
diff succeed!
file 4 has been read from HDFS for 4 time
diff succeed!
file 4 has been read from HDFS for 5 time
diff succeed!
file 4 has been read from HDFS for 6 time
diff succeed!
file 4 has been read from HDFS for 7 time
diff succeed!
file 4 has been read from HDFS for 8 time
diff succeed!
file 4 has been read from HDFS for 9 time
diff succeed!
file 4 has been read from HDFS for 10 time
diff succeed!
Deleted /myfile4
file 4 has been removed from HDFS
Found 19 items
-rw-r--r--   3 root supergroup 1073741824 2019-02-24 15:02 /myfile1
-rw-r--r--   3 root supergroup 1073741824 2019-02-24 14:58 /myfile10
-rw-r--r--   3 root supergroup 1073741824 2019-02-24 15:02 /myfile11
-rw-r--r--   3 root supergroup          0 2019-02-24 15:02 /myfile12._COPYING_
-rw-r--r--   3 root supergroup 1073741824 2019-02-24 15:02 /myfile13
-rw-r--r--   3 root supergroup 1073741824 2019-02-24 15:02 /myfile14
-rw-r--r--   3 root supergroup 1073741824 2019-02-24 14:58 /myfile15
-rw-r--r--   3 root supergroup 1073741824 2019-02-24 15:02 /myfile16
-rw-r--r--   3 root supergroup 1073741824 2019-02-24 14:58 /myfile17
-rw-r--r--   3 root supergroup 1073741824 2019-02-24 15:02 /myfile18
-rw-r--r--   3 root supergroup 1073741824 2019-02-24 15:02 /myfile19
-rw-r--r--   3 root supergroup 1073741824 2019-02-24 15:02 /myfile20
-rw-r--r--   3 root supergroup 1073741824 2019-02-24 15:02 /myfile3
-rw-r--r--   3 root supergroup 1073741824 2019-02-24 15:02 /myfile4
-rw-r--r--   3 root supergroup 1073741824 2019-02-24 15:02 /myfile5
-rw-r--r--   3 root supergroup 1073741824 2019-02-24 15:02 /myfile6
-rw-r--r--   3 root supergroup 1073741824 2019-02-24 15:02 /myfile7
-rw-r--r--   3 root supergroup 1073741824 2019-02-24 14:58 /myfile8
-rw-r--r--   3 root supergroup 1073741824 2019-02-24 15:02 /myfile9
file 4 has been put into HDFS
file 4 has been read from HDFS for 1 time
diff succeed!
file 4 has been read from HDFS for 2 time
diff succeed!
file 4 has been read from HDFS for 3 time
diff succeed!
file 4 has been read from HDFS for 4 time
diff succeed!
file 4 has been read from HDFS for 5 time
diff succeed!
file 4 has been read from HDFS for 6 time
diff succeed!
file 4 has been read from HDFS for 7 time
diff succeed!
file 4 has been read from HDFS for 8 time
diff succeed!
file 4 has been read from HDFS for 9 time
diff succeed!
file 4 has been read from HDFS for 10 time
diff succeed!
Deleted /myfile4
file 4 has been removed from HDFS
Found 20 items
-rw-r--r--   3 root supergroup 1073741824 2019-02-24 15:06 /myfile1
-rw-r--r--   3 root supergroup 1073741824 2019-02-24 15:03 /myfile10
-rw-r--r--   3 root supergroup 1073741824 2019-02-24 15:06 /myfile11
-rw-r--r--   3 root supergroup 1073741824 2019-02-24 15:06 /myfile12
-rw-r--r--   3 root supergroup 1073741824 2019-02-24 15:06 /myfile13
-rw-r--r--   3 root supergroup 1073741824 2019-02-24 15:06 /myfile14
-rw-r--r--   3 root supergroup 1073741824 2019-02-24 15:07 /myfile15
-rw-r--r--   3 root supergroup 1073741824 2019-02-24 15:06 /myfile16
-rw-r--r--   3 root supergroup 1073741824 2019-02-24 15:07 /myfile17
-rw-r--r--   3 root supergroup 1073741824 2019-02-24 15:06 /myfile18
-rw-r--r--   3 root supergroup 1073741824 2019-02-24 15:06 /myfile19
-rw-r--r--   3 root supergroup  268435456 2019-02-24 15:08 /myfile2._COPYING_
-rw-r--r--   3 root supergroup 1073741824 2019-02-24 15:06 /myfile20
-rw-r--r--   3 root supergroup 1073741824 2019-02-24 15:07 /myfile3
-rw-r--r--   3 root supergroup 1073741824 2019-02-24 15:08 /myfile4
-rw-r--r--   3 root supergroup 1073741824 2019-02-24 15:05 /myfile5
-rw-r--r--   3 root supergroup 1073741824 2019-02-24 15:06 /myfile6
-rw-r--r--   3 root supergroup 1073741824 2019-02-24 15:06 /myfile7
-rw-r--r--   3 root supergroup 1073741824 2019-02-24 15:07 /myfile8
-rw-r--r--   3 root supergroup 1073741824 2019-02-24 15:06 /myfile9
file 4 has been put into HDFS
file 4 has been read from HDFS for 1 time
diff succeed!
file 4 has been read from HDFS for 2 time
diff succeed!
file 4 has been read from HDFS for 3 time
diff succeed!
file 4 has been read from HDFS for 4 time
diff succeed!
file 4 has been read from HDFS for 5 time
diff succeed!
file 4 has been read from HDFS for 6 time
diff succeed!
file 4 has been read from HDFS for 7 time
diff succeed!
file 4 has been read from HDFS for 8 time
diff succeed!
file 4 has been read from HDFS for 9 time
diff succeed!
file 4 has been read from HDFS for 10 time
diff succeed!
Deleted /myfile4
file 4 has been removed from HDFS
Found 20 items
-rw-r--r--   3 root supergroup 1073741824 2019-02-24 15:11 /myfile1
-rw-r--r--   3 root supergroup 1073741824 2019-02-24 15:08 /myfile10
-rw-r--r--   3 root supergroup 1073741824 2019-02-24 15:11 /myfile11
-rw-r--r--   3 root supergroup 1073741824 2019-02-24 15:11 /myfile12
-rw-r--r--   3 root supergroup 1073741824 2019-02-24 15:11 /myfile13
-rw-r--r--   3 root supergroup 1073741824 2019-02-24 15:11 /myfile14
-rw-r--r--   3 root supergroup 1073741824 2019-02-24 15:11 /myfile15
-rw-r--r--   3 root supergroup 1073741824 2019-02-24 15:11 /myfile16
-rw-r--r--   3 root supergroup 1073741824 2019-02-24 15:12 /myfile17
-rw-r--r--   3 root supergroup 1073741824 2019-02-24 15:11 /myfile18
-rw-r--r--   3 root supergroup 1073741824 2019-02-24 15:11 /myfile19
-rw-r--r--   3 root supergroup  268435456 2019-02-24 15:12 /myfile2._COPYING_
-rw-r--r--   3 root supergroup 1073741824 2019-02-24 15:11 /myfile20
-rw-r--r--   3 root supergroup 1073741824 2019-02-24 15:11 /myfile3
-rw-r--r--   3 root supergroup 1073741824 2019-02-24 15:12 /myfile4
-rw-r--r--   3 root supergroup 1073741824 2019-02-24 15:10 /myfile5
-rw-r--r--   3 root supergroup 1073741824 2019-02-24 15:11 /myfile6
-rw-r--r--   3 root supergroup 1073741824 2019-02-24 15:11 /myfile7
-rw-r--r--   3 root supergroup 1073741824 2019-02-24 15:11 /myfile8
-rw-r--r--   3 root supergroup 1073741824 2019-02-24 15:11 /myfile9
file 4 has been put into HDFS
file 4 has been read from HDFS for 1 time
diff succeed!
file 4 has been read from HDFS for 2 time
diff succeed!
file 4 has been read from HDFS for 3 time
diff succeed!
file 4 has been read from HDFS for 4 time
diff succeed!
file 4 has been read from HDFS for 5 time
diff succeed!
file 4 has been read from HDFS for 6 time
diff succeed!
file 4 has been read from HDFS for 7 time
diff succeed!
file 4 has been read from HDFS for 8 time
diff succeed!
file 4 has been read from HDFS for 9 time
diff succeed!
file 4 has been read from HDFS for 10 time
diff succeed!
Deleted /myfile4
file 4 has been removed from HDFS
Found 19 items
-rw-r--r--   3 root supergroup 1073741824 2019-02-24 15:15 /myfile1
-rw-r--r--   3 root supergroup 1073741824 2019-02-24 15:15 /myfile11
-rw-r--r--   3 root supergroup 1073741824 2019-02-24 15:15 /myfile12
-rw-r--r--   3 root supergroup 1073741824 2019-02-24 15:15 /myfile13
-rw-r--r--   3 root supergroup 1073741824 2019-02-24 15:16 /myfile14
-rw-r--r--   3 root supergroup 1073741824 2019-02-24 15:15 /myfile15
-rw-r--r--   3 root supergroup 1073741824 2019-02-24 15:15 /myfile16
-rw-r--r--   3 root supergroup 1073741824 2019-02-24 15:16 /myfile17
-rw-r--r--   3 root supergroup 1073741824 2019-02-24 15:15 /myfile18
-rw-r--r--   3 root supergroup 1073741824 2019-02-24 15:15 /myfile19
-rw-r--r--   3 root supergroup 1073741824 2019-02-24 15:13 /myfile2
-rw-r--r--   3 root supergroup 1073741824 2019-02-24 15:16 /myfile20
-rw-r--r--   3 root supergroup 1073741824 2019-02-24 15:16 /myfile3
-rw-r--r--   3 root supergroup 1073741824 2019-02-24 15:17 /myfile4
-rw-r--r--   3 root supergroup 1073741824 2019-02-24 15:15 /myfile5
-rw-r--r--   3 root supergroup 1073741824 2019-02-24 15:16 /myfile6
-rw-r--r--   3 root supergroup 1073741824 2019-02-24 15:16 /myfile7
-rw-r--r--   3 root supergroup 1073741824 2019-02-24 15:15 /myfile8
-rw-r--r--   3 root supergroup 1073741824 2019-02-24 15:15 /myfile9
file 4 has been put into HDFS
file 4 has been read from HDFS for 1 time
diff succeed!
file 4 has been read from HDFS for 2 time
diff succeed!
file 4 has been read from HDFS for 3 time
diff succeed!
file 4 has been read from HDFS for 4 time
diff succeed!
file 4 has been read from HDFS for 5 time
diff succeed!
file 4 has been read from HDFS for 6 time
diff succeed!
file 4 has been read from HDFS for 7 time
diff succeed!
file 4 has been read from HDFS for 8 time
diff succeed!
file 4 has been read from HDFS for 9 time
diff succeed!
file 4 has been read from HDFS for 10 time
diff succeed!
Deleted /myfile4
file 4 has been removed from HDFS
2019-02-24 15:21:33,071 INFO retry.RetryInvocationHandler: java.net.ConnectException: Call From clnode090.clemson.cloudlab.us/130.127.133.99 to node-1-link-0:8020 failed on connection exception: java.net.ConnectException: Connection refused; For more details see:  http://wiki.apache.org/hadoop/ConnectionRefused, while invoking ClientNamenodeProtocolTranslatorPB.addBlock over node-1-link-0/10.10.1.4:8020. Trying to failover immediately.
Found 20 items
-rw-r--r--   3 root supergroup 1073741824 2019-02-24 15:19 /myfile1
-rw-r--r--   3 root supergroup 1073741824 2019-02-24 15:18 /myfile10
-rw-r--r--   3 root supergroup 1073741824 2019-02-24 15:19 /myfile11
-rw-r--r--   3 root supergroup 1073741824 2019-02-24 15:19 /myfile12
-rw-r--r--   3 root supergroup 1073741824 2019-02-24 15:19 /myfile13
-rw-r--r--   3 root supergroup 1073741824 2019-02-24 15:21 /myfile14
-rw-r--r--   3 root supergroup 1073741824 2019-02-24 15:19 /myfile15
-rw-r--r--   3 root supergroup 1073741824 2019-02-24 15:19 /myfile16
-rw-r--r--   3 root supergroup 1073741824 2019-02-24 15:21 /myfile17
-rw-r--r--   3 root supergroup 1073741824 2019-02-24 15:19 /myfile18
-rw-r--r--   3 root supergroup 1073741824 2019-02-24 15:19 /myfile19
-rw-r--r--   3 root supergroup 1073741824 2019-02-24 15:18 /myfile2
-rw-r--r--   3 root supergroup 1073741824 2019-02-24 15:20 /myfile20
-rw-r--r--   3 root supergroup 1073741824 2019-02-24 15:21 /myfile3
-rw-r--r--   3 root supergroup 1073741824 2019-02-24 15:21 /myfile4
-rw-r--r--   3 root supergroup 1073741824 2019-02-24 15:21 /myfile5
-rw-r--r--   3 root supergroup 1073741824 2019-02-24 15:21 /myfile6
-rw-r--r--   3 root supergroup 1073741824 2019-02-24 15:16 /myfile7
-rw-r--r--   3 root supergroup 1073741824 2019-02-24 15:19 /myfile8
-rw-r--r--   3 root supergroup 1073741824 2019-02-24 15:19 /myfile9
file 4 has been put into HDFS
file 4 has been read from HDFS for 1 time
diff succeed!
file 4 has been read from HDFS for 2 time
diff succeed!
file 4 has been read from HDFS for 3 time
diff succeed!
file 4 has been read from HDFS for 4 time
diff succeed!
file 4 has been read from HDFS for 5 time
diff succeed!
file 4 has been read from HDFS for 6 time
diff succeed!
file 4 has been read from HDFS for 7 time
diff succeed!
file 4 has been read from HDFS for 8 time
diff succeed!
file 4 has been read from HDFS for 9 time
diff succeed!
file 4 has been read from HDFS for 10 time
diff succeed!
Deleted /myfile4
file 4 has been removed from HDFS
Found 19 items
-rw-r--r--   3 root supergroup 1073741824 2019-02-24 15:24 /myfile1
-rw-r--r--   3 root supergroup 1073741824 2019-02-24 15:22 /myfile10
-rw-r--r--   3 root supergroup 1073741824 2019-02-24 15:24 /myfile11
-rw-r--r--   3 root supergroup 1073741824 2019-02-24 15:24 /myfile12
-rw-r--r--   3 root supergroup 1073741824 2019-02-24 15:24 /myfile13
-rw-r--r--   3 root supergroup 1073741824 2019-02-24 15:26 /myfile14
-rw-r--r--   3 root supergroup 1073741824 2019-02-24 15:24 /myfile15
-rw-r--r--   3 root supergroup 1073741824 2019-02-24 15:24 /myfile16
-rw-r--r--   3 root supergroup 1073741824 2019-02-24 15:26 /myfile17
-rw-r--r--   3 root supergroup 1073741824 2019-02-24 15:24 /myfile18
-rw-r--r--   3 root supergroup 1073741824 2019-02-24 15:24 /myfile19
-rw-r--r--   3 root supergroup 1073741824 2019-02-24 15:24 /myfile20
-rw-r--r--   3 root supergroup 1073741824 2019-02-24 15:26 /myfile3
-rw-r--r--   3 root supergroup 1073741824 2019-02-24 15:26 /myfile4
-rw-r--r--   3 root supergroup 1073741824 2019-02-24 15:25 /myfile5
-rw-r--r--   3 root supergroup 1073741824 2019-02-24 15:26 /myfile6
-rw-r--r--   3 root supergroup 1073741824 2019-02-24 15:22 /myfile7
-rw-r--r--   3 root supergroup 1073741824 2019-02-24 15:24 /myfile8
-rw-r--r--   3 root supergroup 1073741824 2019-02-24 15:24 /myfile9
file 4 has been put into HDFS
file 4 has been read from HDFS for 1 time
diff succeed!
file 4 has been read from HDFS for 2 time
diff succeed!
file 4 has been read from HDFS for 3 time
diff succeed!
file 4 has been read from HDFS for 4 time
diff succeed!
file 4 has been read from HDFS for 5 time
diff succeed!
file 4 has been read from HDFS for 6 time
diff succeed!
file 4 has been read from HDFS for 7 time
diff succeed!
file 4 has been read from HDFS for 8 time
diff succeed!
file 4 has been read from HDFS for 9 time
diff succeed!
file 4 has been read from HDFS for 10 time
diff succeed!
Deleted /myfile4
file 4 has been removed from HDFS
Found 19 items
-rw-r--r--   3 root supergroup 1073741824 2019-02-24 15:29 /myfile1
-rw-r--r--   3 root supergroup 1073741824 2019-02-24 15:27 /myfile10
-rw-r--r--   3 root supergroup 1073741824 2019-02-24 15:28 /myfile11
-rw-r--r--   3 root supergroup 1073741824 2019-02-24 15:28 /myfile12
-rw-r--r--   3 root supergroup 1073741824 2019-02-24 15:28 /myfile13
-rw-r--r--   3 root supergroup 1073741824 2019-02-24 15:30 /myfile14
-rw-r--r--   3 root supergroup 1073741824 2019-02-24 15:29 /myfile15
-rw-r--r--   3 root supergroup 1073741824 2019-02-24 15:28 /myfile16
-rw-r--r--   3 root supergroup 1073741824 2019-02-24 15:30 /myfile17
-rw-r--r--   3 root supergroup 1073741824 2019-02-24 15:24 /myfile18
-rw-r--r--   3 root supergroup 1073741824 2019-02-24 15:27 /myfile2
-rw-r--r--   3 root supergroup 1073741824 2019-02-24 15:29 /myfile20
-rw-r--r--   3 root supergroup 1073741824 2019-02-24 15:26 /myfile3
-rw-r--r--   3 root supergroup 1073741824 2019-02-24 15:30 /myfile4
-rw-r--r--   3 root supergroup 1073741824 2019-02-24 15:29 /myfile5
-rw-r--r--   3 root supergroup 1073741824 2019-02-24 15:30 /myfile6
-rw-r--r--   3 root supergroup 1073741824 2019-02-24 15:27 /myfile7
-rw-r--r--   3 root supergroup 1073741824 2019-02-24 15:28 /myfile8
-rw-r--r--   3 root supergroup 1073741824 2019-02-24 15:28 /myfile9
file 4 has been put into HDFS
file 4 has been read from HDFS for 1 time
diff succeed!
file 4 has been read from HDFS for 2 time
diff succeed!
file 4 has been read from HDFS for 3 time
diff succeed!
file 4 has been read from HDFS for 4 time
diff succeed!
file 4 has been read from HDFS for 5 time
diff succeed!
file 4 has been read from HDFS for 6 time
diff succeed!
file 4 has been read from HDFS for 7 time
diff succeed!
file 4 has been read from HDFS for 8 time
diff succeed!
file 4 has been read from HDFS for 9 time
diff succeed!
file 4 has been read from HDFS for 10 time
diff succeed!
Deleted /myfile4
file 4 has been removed from HDFS
Found 20 items
-rw-r--r--   3 root supergroup 1073741824 2019-02-24 15:32 /myfile1
-rw-r--r--   3 root supergroup 1073741824 2019-02-24 15:32 /myfile10
-rw-r--r--   3 root supergroup 1073741824 2019-02-24 15:32 /myfile11
-rw-r--r--   3 root supergroup 1073741824 2019-02-24 15:32 /myfile12
-rw-r--r--   3 root supergroup 1073741824 2019-02-24 15:32 /myfile13
-rw-r--r--   3 root supergroup 1073741824 2019-02-24 15:34 /myfile14
-rw-r--r--   3 root supergroup 1073741824 2019-02-24 15:34 /myfile15
-rw-r--r--   3 root supergroup 1073741824 2019-02-24 15:32 /myfile16
-rw-r--r--   3 root supergroup 1073741824 2019-02-24 15:34 /myfile17
-rw-r--r--   3 root supergroup 1073741824 2019-02-24 15:31 /myfile18
-rw-r--r--   3 root supergroup 1073741824 2019-02-24 15:31 /myfile19
-rw-r--r--   3 root supergroup 1073741824 2019-02-24 15:32 /myfile2
-rw-r--r--   3 root supergroup 1073741824 2019-02-24 15:34 /myfile20
-rw-r--r--   3 root supergroup 1073741824 2019-02-24 15:32 /myfile3
-rw-r--r--   3 root supergroup 1073741824 2019-02-24 15:34 /myfile4
-rw-r--r--   3 root supergroup 1073741824 2019-02-24 15:34 /myfile5
-rw-r--r--   3 root supergroup 1073741824 2019-02-24 15:34 /myfile6
-rw-r--r--   3 root supergroup 1073741824 2019-02-24 15:32 /myfile7
-rw-r--r--   3 root supergroup 1073741824 2019-02-24 15:32 /myfile8
-rw-r--r--   3 root supergroup 1073741824 2019-02-24 15:32 /myfile9
file 4 has been put into HDFS
file 4 has been read from HDFS for 1 time
diff succeed!
file 4 has been read from HDFS for 2 time
diff succeed!
file 4 has been read from HDFS for 3 time
diff succeed!
file 4 has been read from HDFS for 4 time
diff succeed!
file 4 has been read from HDFS for 5 time
diff succeed!
file 4 has been read from HDFS for 6 time
diff succeed!
file 4 has been read from HDFS for 7 time
diff succeed!
file 4 has been read from HDFS for 8 time
diff succeed!
file 4 has been read from HDFS for 9 time
diff succeed!
file 4 has been read from HDFS for 10 time
diff succeed!
Deleted /myfile4
file 4 has been removed from HDFS
Found 18 items
-rw-r--r--   3 root supergroup 1073741824 2019-02-24 15:36 /myfile1
-rw-r--r--   3 root supergroup 1073741824 2019-02-24 15:41 /myfile10
-rw-r--r--   3 root supergroup 1073741824 2019-02-24 15:40 /myfile11
-rw-r--r--   3 root supergroup 1073741824 2019-02-24 15:40 /myfile12
-rw-r--r--   3 root supergroup 1073741824 2019-02-24 15:37 /myfile13
-rw-r--r--   3 root supergroup 1073741824 2019-02-24 15:40 /myfile14
-rw-r--r--   3 root supergroup 1073741824 2019-02-24 15:39 /myfile15
-rw-r--r--   3 root supergroup 1073741824 2019-02-24 15:36 /myfile16
-rw-r--r--   3 root supergroup 1073741824 2019-02-24 15:40 /myfile17
-rw-r--r--   3 root supergroup 1073741824 2019-02-24 15:40 /myfile19
-rw-r--r--   3 root supergroup 1073741824 2019-02-24 15:38 /myfile2
-rw-r--r--   3 root supergroup 1073741824 2019-02-24 15:39 /myfile20
-rw-r--r--   3 root supergroup 1073741824 2019-02-24 15:40 /myfile3
-rw-r--r--   3 root supergroup 1073741824 2019-02-24 15:41 /myfile4
-rw-r--r--   3 root supergroup 1073741824 2019-02-24 15:39 /myfile5
-rw-r--r--   3 root supergroup 1073741824 2019-02-24 15:39 /myfile6
-rw-r--r--   3 root supergroup 1073741824 2019-02-24 15:37 /myfile7
-rw-r--r--   3 root supergroup 1073741824 2019-02-24 15:40 /myfile8
file 4 has been put into HDFS
file 4 has been read from HDFS for 1 time
diff succeed!
file 4 has been read from HDFS for 2 time
diff succeed!
file 4 has been read from HDFS for 3 time
diff succeed!
file 4 has been read from HDFS for 4 time
diff succeed!
file 4 has been read from HDFS for 5 time
diff succeed!
file 4 has been read from HDFS for 6 time
diff succeed!
sub_benchmark 7 signal TERM catched and let quit gracefully
file 4 has been read from HDFS for 7 time
diff succeed!
Deleted /myfile4
file 4 has been removed from HDFS
