Found 20 items
-rw-r--r--   3 root supergroup 1073741824 2019-03-01 07:32 /myfile1
-rw-r--r--   3 root supergroup  939524096 2019-03-01 07:32 /myfile10._COPYING_
-rw-r--r--   3 root supergroup 1073741824 2019-03-01 07:33 /myfile11
-rw-r--r--   3 root supergroup 1073741824 2019-03-01 07:33 /myfile12
-rw-r--r--   3 root supergroup  939524096 2019-03-01 07:32 /myfile13._COPYING_
-rw-r--r--   3 root supergroup 1073741824 2019-03-01 07:33 /myfile14
-rw-r--r--   3 root supergroup  939524096 2019-03-01 07:32 /myfile15._COPYING_
-rw-r--r--   3 root supergroup 1073741824 2019-03-01 07:33 /myfile16
-rw-r--r--   3 root supergroup  939524096 2019-03-01 07:32 /myfile17._COPYING_
-rw-r--r--   3 root supergroup 1073741824 2019-03-01 07:33 /myfile18
-rw-r--r--   3 root supergroup 1073741824 2019-03-01 07:33 /myfile19
-rw-r--r--   3 root supergroup  939524096 2019-03-01 07:32 /myfile2._COPYING_
-rw-r--r--   3 root supergroup 1073741824 2019-03-01 07:33 /myfile20
-rw-r--r--   3 root supergroup 1073741824 2019-03-01 07:33 /myfile3
-rw-r--r--   3 root supergroup 1073741824 2019-03-01 07:33 /myfile4
-rw-r--r--   3 root supergroup  939524096 2019-03-01 07:32 /myfile5._COPYING_
-rw-r--r--   3 root supergroup  939524096 2019-03-01 07:32 /myfile6._COPYING_
-rw-r--r--   3 root supergroup 1073741824 2019-03-01 07:33 /myfile7
-rw-r--r--   3 root supergroup  939524096 2019-03-01 07:32 /myfile8._COPYING_
-rw-r--r--   3 root supergroup  939524096 2019-03-01 07:32 /myfile9._COPYING_
file 4 has been put into HDFS
file 4 has been read from HDFS for 1 time
diff succeed!
file 4 has been read from HDFS for 2 time
diff succeed!
file 4 has been read from HDFS for 3 time
diff succeed!
file 4 has been read from HDFS for 4 time
diff succeed!
file 4 has been read from HDFS for 5 time
diff succeed!
file 4 has been read from HDFS for 6 time
diff succeed!
file 4 has been read from HDFS for 7 time
diff succeed!
file 4 has been read from HDFS for 8 time
diff succeed!
file 4 has been read from HDFS for 9 time
diff succeed!
file 4 has been read from HDFS for 10 time
diff succeed!
Deleted /myfile4
file 4 has been removed from HDFS
2019-03-01 07:37:01,431 INFO hdfs.DataStreamer: Exception in createBlockOutputStream blk_1073741987_1163
java.io.IOException: Got error, status=ERROR, status message , ack with firstBadLink as 10.10.1.2:9866
	at org.apache.hadoop.hdfs.protocol.datatransfer.DataTransferProtoUtil.checkBlockOpStatus(DataTransferProtoUtil.java:134)
	at org.apache.hadoop.hdfs.protocol.datatransfer.DataTransferProtoUtil.checkBlockOpStatus(DataTransferProtoUtil.java:110)
	at org.apache.hadoop.hdfs.DataStreamer.createBlockOutputStream(DataStreamer.java:1778)
	at org.apache.hadoop.hdfs.DataStreamer.nextBlockOutputStream(DataStreamer.java:1679)
	at org.apache.hadoop.hdfs.DataStreamer.run(DataStreamer.java:716)
2019-03-01 07:37:01,437 WARN hdfs.DataStreamer: Abandoning BP-1394666797-130.127.133.101-1551450718134:blk_1073741987_1163
2019-03-01 07:37:01,465 WARN hdfs.DataStreamer: Excluding datanode DatanodeInfoWithStorage[10.10.1.2:9866,DS-ad66d872-2304-4995-9840-0e60ad812fbd,DISK]
Found 18 items
-rw-r--r--   3 root supergroup 1073741824 2019-03-01 07:32 /myfile1
-rw-r--r--   3 root supergroup 1073741824 2019-03-01 07:33 /myfile10
-rw-r--r--   3 root supergroup 1073741824 2019-03-01 07:33 /myfile11
-rw-r--r--   3 root supergroup 1073741824 2019-03-01 07:33 /myfile12
-rw-r--r--   3 root supergroup 1073741824 2019-03-01 07:33 /myfile13
-rw-r--r--   3 root supergroup 1073741824 2019-03-01 07:33 /myfile14
-rw-r--r--   3 root supergroup 1073741824 2019-03-01 07:33 /myfile15
-rw-r--r--   3 root supergroup 1073741824 2019-03-01 07:33 /myfile16
-rw-r--r--   3 root supergroup 1073741824 2019-03-01 07:33 /myfile17
-rw-r--r--   3 root supergroup 1073741824 2019-03-01 07:33 /myfile18
-rw-r--r--   3 root supergroup 1073741824 2019-03-01 07:33 /myfile2
-rw-r--r--   3 root supergroup          0 2019-03-01 07:37 /myfile20._COPYING_
-rw-r--r--   3 root supergroup 1073741824 2019-03-01 07:37 /myfile4
-rw-r--r--   3 root supergroup 1073741824 2019-03-01 07:33 /myfile5
-rw-r--r--   3 root supergroup 1073741824 2019-03-01 07:33 /myfile6
-rw-r--r--   3 root supergroup 1073741824 2019-03-01 07:33 /myfile7
-rw-r--r--   3 root supergroup 1073741824 2019-03-01 07:33 /myfile8
-rw-r--r--   3 root supergroup 1073741824 2019-03-01 07:33 /myfile9
file 4 has been put into HDFS
file 4 has been read from HDFS for 1 time
diff succeed!
file 4 has been read from HDFS for 2 time
diff succeed!
file 4 has been read from HDFS for 3 time
diff succeed!
file 4 has been read from HDFS for 4 time
diff succeed!
file 4 has been read from HDFS for 5 time
diff succeed!
file 4 has been read from HDFS for 6 time
diff succeed!
file 4 has been read from HDFS for 7 time
diff succeed!
file 4 has been read from HDFS for 8 time
diff succeed!
file 4 has been read from HDFS for 9 time
diff succeed!
file 4 has been read from HDFS for 10 time
diff succeed!
Deleted /myfile4
file 4 has been removed from HDFS
Found 19 items
-rw-r--r--   3 root supergroup 1073741824 2019-03-01 07:37 /myfile1
-rw-r--r--   3 root supergroup 1073741824 2019-03-01 07:38 /myfile10
-rw-r--r--   3 root supergroup 1073741824 2019-03-01 07:37 /myfile11
-rw-r--r--   3 root supergroup 1073741824 2019-03-01 07:37 /myfile12
-rw-r--r--   3 root supergroup 1073741824 2019-03-01 07:37 /myfile13
-rw-r--r--   3 root supergroup 1073741824 2019-03-01 07:38 /myfile14
-rw-r--r--   3 root supergroup 1073741824 2019-03-01 07:37 /myfile15
-rw-r--r--   3 root supergroup 1073741824 2019-03-01 07:38 /myfile16
-rw-r--r--   3 root supergroup 1073741824 2019-03-01 07:38 /myfile17
-rw-r--r--   3 root supergroup 1073741824 2019-03-01 07:37 /myfile18
-rw-r--r--   3 root supergroup 1073741824 2019-03-01 07:37 /myfile19
-rw-r--r--   3 root supergroup 1073741824 2019-03-01 07:38 /myfile2
-rw-r--r--   3 root supergroup 1073741824 2019-03-01 07:37 /myfile3
-rw-r--r--   3 root supergroup 1073741824 2019-03-01 07:40 /myfile4
-rw-r--r--   3 root supergroup 1073741824 2019-03-01 07:37 /myfile5
-rw-r--r--   3 root supergroup 1073741824 2019-03-01 07:37 /myfile6
-rw-r--r--   3 root supergroup 1073741824 2019-03-01 07:37 /myfile7
-rw-r--r--   3 root supergroup 1073741824 2019-03-01 07:38 /myfile8
-rw-r--r--   3 root supergroup 1073741824 2019-03-01 07:37 /myfile9
file 4 has been put into HDFS
file 4 has been read from HDFS for 1 time
diff succeed!
file 4 has been read from HDFS for 2 time
diff succeed!
file 4 has been read from HDFS for 3 time
diff succeed!
file 4 has been read from HDFS for 4 time
diff succeed!
file 4 has been read from HDFS for 5 time
diff succeed!
file 4 has been read from HDFS for 6 time
diff succeed!
file 4 has been read from HDFS for 7 time
diff succeed!
file 4 has been read from HDFS for 8 time
diff succeed!
file 4 has been read from HDFS for 9 time
diff succeed!
file 4 has been read from HDFS for 10 time
diff succeed!
Deleted /myfile4
file 4 has been removed from HDFS
Found 20 items
-rw-r--r--   3 root supergroup 1073741824 2019-03-01 07:41 /myfile1
-rw-r--r--   3 root supergroup 1073741824 2019-03-01 07:42 /myfile10
-rw-r--r--   3 root supergroup 1073741824 2019-03-01 07:41 /myfile11
-rw-r--r--   3 root supergroup 1073741824 2019-03-01 07:42 /myfile12
-rw-r--r--   3 root supergroup 1073741824 2019-03-01 07:41 /myfile13
-rw-r--r--   3 root supergroup 1073741824 2019-03-01 07:41 /myfile14
-rw-r--r--   3 root supergroup 1073741824 2019-03-01 07:41 /myfile15
-rw-r--r--   3 root supergroup 1073741824 2019-03-01 07:42 /myfile16
-rw-r--r--   3 root supergroup 1073741824 2019-03-01 07:42 /myfile17
-rw-r--r--   3 root supergroup 1073741824 2019-03-01 07:41 /myfile18
-rw-r--r--   3 root supergroup 1073741824 2019-03-01 07:42 /myfile19
-rw-r--r--   3 root supergroup 1073741824 2019-03-01 07:41 /myfile2
-rw-r--r--   3 root supergroup 1073741824 2019-03-01 07:40 /myfile20
-rw-r--r--   3 root supergroup 1073741824 2019-03-01 07:40 /myfile3
-rw-r--r--   3 root supergroup 1073741824 2019-03-01 07:44 /myfile4
-rw-r--r--   3 root supergroup 1073741824 2019-03-01 07:41 /myfile5
-rw-r--r--   3 root supergroup 1073741824 2019-03-01 07:41 /myfile6
-rw-r--r--   3 root supergroup 1073741824 2019-03-01 07:41 /myfile7
-rw-r--r--   3 root supergroup 1073741824 2019-03-01 07:42 /myfile8
-rw-r--r--   3 root supergroup 1073741824 2019-03-01 07:42 /myfile9
file 4 has been put into HDFS
file 4 has been read from HDFS for 1 time
diff succeed!
file 4 has been read from HDFS for 2 time
diff succeed!
file 4 has been read from HDFS for 3 time
diff succeed!
file 4 has been read from HDFS for 4 time
diff succeed!
file 4 has been read from HDFS for 5 time
diff succeed!
file 4 has been read from HDFS for 6 time
diff succeed!
file 4 has been read from HDFS for 7 time
diff succeed!
file 4 has been read from HDFS for 8 time
diff succeed!
file 4 has been read from HDFS for 9 time
diff succeed!
sub_benchmark 10 signal TERM catched and let quit gracefully
file 4 has been read from HDFS for 10 time
diff succeed!
Deleted /myfile4
file 4 has been removed from HDFS
