Found 20 items
-rw-r--r--   3 root supergroup 1073741824 2019-02-24 10:11 /myfile1
-rw-r--r--   3 root supergroup 1073741824 2019-02-24 10:11 /myfile10
-rw-r--r--   3 root supergroup 1073741824 2019-02-24 10:11 /myfile11
-rw-r--r--   3 root supergroup 1073741824 2019-02-24 10:10 /myfile12
-rw-r--r--   3 root supergroup 1073741824 2019-02-24 10:11 /myfile13
-rw-r--r--   3 root supergroup 1073741824 2019-02-24 10:11 /myfile14
-rw-r--r--   3 root supergroup 1073741824 2019-02-24 10:11 /myfile15
-rw-r--r--   3 root supergroup 1073741824 2019-02-24 10:11 /myfile16
-rw-r--r--   3 root supergroup 1073741824 2019-02-24 10:11 /myfile17
-rw-r--r--   3 root supergroup 1073741824 2019-02-24 10:11 /myfile18
-rw-r--r--   3 root supergroup 1073741824 2019-02-24 10:11 /myfile19
-rw-r--r--   3 root supergroup  939524096 2019-02-24 10:10 /myfile2._COPYING_
-rw-r--r--   3 root supergroup 1073741824 2019-02-24 10:11 /myfile20
-rw-r--r--   3 root supergroup 1073741824 2019-02-24 10:10 /myfile3
-rw-r--r--   3 root supergroup 1073741824 2019-02-24 10:11 /myfile4
-rw-r--r--   3 root supergroup 1073741824 2019-02-24 10:11 /myfile5
-rw-r--r--   3 root supergroup 1073741824 2019-02-24 10:11 /myfile6
-rw-r--r--   3 root supergroup 1073741824 2019-02-24 10:11 /myfile7
-rw-r--r--   3 root supergroup 1073741824 2019-02-24 10:11 /myfile8
-rw-r--r--   3 root supergroup 1073741824 2019-02-24 10:11 /myfile9
file 8 has been put into HDFS
file 8 has been read from HDFS for 1 time
diff succeed!
file 8 has been read from HDFS for 2 time
diff succeed!
file 8 has been read from HDFS for 3 time
diff succeed!
file 8 has been read from HDFS for 4 time
diff succeed!
file 8 has been read from HDFS for 5 time
diff succeed!
file 8 has been read from HDFS for 6 time
diff succeed!
file 8 has been read from HDFS for 7 time
diff succeed!
file 8 has been read from HDFS for 8 time
diff succeed!
file 8 has been read from HDFS for 9 time
diff succeed!
file 8 has been read from HDFS for 10 time
diff succeed!
Deleted /myfile8
file 8 has been removed from HDFS
Found 18 items
-rw-r--r--   3 root supergroup 1073741824 2019-02-24 10:15 /myfile1
-rw-r--r--   3 root supergroup 1073741824 2019-02-24 10:15 /myfile10
-rw-r--r--   3 root supergroup 1073741824 2019-02-24 10:15 /myfile11
-rw-r--r--   3 root supergroup 1073741824 2019-02-24 10:15 /myfile12
-rw-r--r--   3 root supergroup 1073741824 2019-02-24 10:15 /myfile13
-rw-r--r--   3 root supergroup 1073741824 2019-02-24 10:15 /myfile14
-rw-r--r--   3 root supergroup  939524096 2019-02-24 10:15 /myfile16._COPYING_
-rw-r--r--   3 root supergroup 1073741824 2019-02-24 10:15 /myfile17
-rw-r--r--   3 root supergroup 1073741824 2019-02-24 10:15 /myfile19
-rw-r--r--   3 root supergroup 1073741824 2019-02-24 10:15 /myfile2
-rw-r--r--   3 root supergroup  671088640 2019-02-24 10:15 /myfile20._COPYING_
-rw-r--r--   3 root supergroup 1073741824 2019-02-24 10:15 /myfile3
-rw-r--r--   3 root supergroup 1073741824 2019-02-24 10:15 /myfile4
-rw-r--r--   3 root supergroup 1073741824 2019-02-24 10:16 /myfile5
-rw-r--r--   3 root supergroup  134217728 2019-02-24 10:15 /myfile6._COPYING_
-rw-r--r--   3 root supergroup 1073741824 2019-02-24 10:15 /myfile7
-rw-r--r--   3 root supergroup 1073741824 2019-02-24 10:16 /myfile8
-rw-r--r--   3 root supergroup 1073741824 2019-02-24 10:15 /myfile9
file 8 has been put into HDFS
file 8 has been read from HDFS for 1 time
diff succeed!
file 8 has been read from HDFS for 2 time
diff succeed!
file 8 has been read from HDFS for 3 time
diff succeed!
file 8 has been read from HDFS for 4 time
diff succeed!
file 8 has been read from HDFS for 5 time
diff succeed!
file 8 has been read from HDFS for 6 time
diff succeed!
file 8 has been read from HDFS for 7 time
diff succeed!
file 8 has been read from HDFS for 8 time
diff succeed!
file 8 has been read from HDFS for 9 time
diff succeed!
file 8 has been read from HDFS for 10 time
diff succeed!
Deleted /myfile8
file 8 has been removed from HDFS
Found 18 items
-rw-r--r--   3 root supergroup 1073741824 2019-02-24 10:19 /myfile1
-rw-r--r--   3 root supergroup 1073741824 2019-02-24 10:19 /myfile11
-rw-r--r--   3 root supergroup  805306368 2019-02-24 10:19 /myfile12._COPYING_
-rw-r--r--   3 root supergroup 1073741824 2019-02-24 10:19 /myfile13
-rw-r--r--   3 root supergroup 1073741824 2019-02-24 10:19 /myfile14
-rw-r--r--   3 root supergroup  402653184 2019-02-24 10:20 /myfile15._COPYING_
-rw-r--r--   3 root supergroup  805306368 2019-02-24 10:19 /myfile16._COPYING_
-rw-r--r--   3 root supergroup          0 2019-02-24 10:20 /myfile17._COPYING_
-rw-r--r--   3 root supergroup  134217728 2019-02-24 10:20 /myfile18._COPYING_
-rw-r--r--   3 root supergroup 1073741824 2019-02-24 10:15 /myfile2
-rw-r--r--   3 root supergroup  805306368 2019-02-24 10:19 /myfile20._COPYING_
-rw-r--r--   3 root supergroup 1073741824 2019-02-24 10:19 /myfile3
-rw-r--r--   3 root supergroup 1073741824 2019-02-24 10:19 /myfile4
-rw-r--r--   3 root supergroup 1073741824 2019-02-24 10:19 /myfile5
-rw-r--r--   3 root supergroup  671088640 2019-02-24 10:19 /myfile6._COPYING_
-rw-r--r--   3 root supergroup 1073741824 2019-02-24 10:19 /myfile7
-rw-r--r--   3 root supergroup 1073741824 2019-02-24 10:20 /myfile8
-rw-r--r--   3 root supergroup 1073741824 2019-02-24 10:15 /myfile9
file 8 has been put into HDFS
file 8 has been read from HDFS for 1 time
diff succeed!
file 8 has been read from HDFS for 2 time
diff succeed!
file 8 has been read from HDFS for 3 time
diff succeed!
file 8 has been read from HDFS for 4 time
diff succeed!
file 8 has been read from HDFS for 5 time
diff succeed!
file 8 has been read from HDFS for 6 time
diff succeed!
file 8 has been read from HDFS for 7 time
diff succeed!
file 8 has been read from HDFS for 8 time
diff succeed!
file 8 has been read from HDFS for 9 time
diff succeed!
file 8 has been read from HDFS for 10 time
diff succeed!
Deleted /myfile8
file 8 has been removed from HDFS
Found 20 items
-rw-r--r--   3 root supergroup 1073741824 2019-02-24 10:24 /myfile1
-rw-r--r--   3 root supergroup  536870912 2019-02-24 10:25 /myfile10._COPYING_
-rw-r--r--   3 root supergroup 1073741824 2019-02-24 10:24 /myfile11
-rw-r--r--   3 root supergroup  402653184 2019-02-24 10:25 /myfile12._COPYING_
-rw-r--r--   3 root supergroup 1073741824 2019-02-24 10:24 /myfile13
-rw-r--r--   3 root supergroup 1073741824 2019-02-24 10:25 /myfile14
-rw-r--r--   3 root supergroup 1073741824 2019-02-24 10:25 /myfile15
-rw-r--r--   3 root supergroup 1073741824 2019-02-24 10:25 /myfile16
-rw-r--r--   3 root supergroup 1073741824 2019-02-24 10:20 /myfile17
-rw-r--r--   3 root supergroup 1073741824 2019-02-24 10:25 /myfile18
-rw-r--r--   3 root supergroup  536870912 2019-02-24 10:25 /myfile19._COPYING_
-rw-r--r--   3 root supergroup 1073741824 2019-02-24 10:22 /myfile2
-rw-r--r--   3 root supergroup  536870912 2019-02-24 10:25 /myfile20._COPYING_
-rw-r--r--   3 root supergroup 1073741824 2019-02-24 10:24 /myfile3
-rw-r--r--   3 root supergroup 1073741824 2019-02-24 10:24 /myfile4
-rw-r--r--   3 root supergroup 1073741824 2019-02-24 10:24 /myfile5
-rw-r--r--   3 root supergroup  671088640 2019-02-24 10:25 /myfile6._COPYING_
-rw-r--r--   3 root supergroup 1073741824 2019-02-24 10:24 /myfile7
-rw-r--r--   3 root supergroup 1073741824 2019-02-24 10:25 /myfile8
-rw-r--r--   3 root supergroup  671088640 2019-02-24 10:25 /myfile9._COPYING_
file 8 has been put into HDFS
file 8 has been read from HDFS for 1 time
diff succeed!
file 8 has been read from HDFS for 2 time
diff succeed!
file 8 has been read from HDFS for 3 time
diff succeed!
file 8 has been read from HDFS for 4 time
diff succeed!
file 8 has been read from HDFS for 5 time
diff succeed!
file 8 has been read from HDFS for 6 time
diff succeed!
file 8 has been read from HDFS for 7 time
diff succeed!
file 8 has been read from HDFS for 8 time
diff succeed!
file 8 has been read from HDFS for 9 time
diff succeed!
file 8 has been read from HDFS for 10 time
diff succeed!
Deleted /myfile8
file 8 has been removed from HDFS
Found 18 items
-rw-r--r--   3 root supergroup 1073741824 2019-02-24 10:29 /myfile1
-rw-r--r--   3 root supergroup 1073741824 2019-02-24 10:29 /myfile11
-rw-r--r--   3 root supergroup  939524096 2019-02-24 10:29 /myfile12._COPYING_
-rw-r--r--   3 root supergroup 1073741824 2019-02-24 10:28 /myfile13
-rw-r--r--   3 root supergroup 1073741824 2019-02-24 10:29 /myfile14
-rw-r--r--   3 root supergroup 1073741824 2019-02-24 10:30 /myfile15
-rw-r--r--   3 root supergroup 1073741824 2019-02-24 10:26 /myfile17
-rw-r--r--   3 root supergroup 1073741824 2019-02-24 10:30 /myfile18
-rw-r--r--   3 root supergroup  536870912 2019-02-24 10:29 /myfile19._COPYING_
-rw-r--r--   3 root supergroup 1073741824 2019-02-24 10:27 /myfile2
-rw-r--r--   3 root supergroup  671088640 2019-02-24 10:29 /myfile20._COPYING_
-rw-r--r--   3 root supergroup 1073741824 2019-02-24 10:30 /myfile3
-rw-r--r--   3 root supergroup 1073741824 2019-02-24 10:29 /myfile4
-rw-r--r--   3 root supergroup 1073741824 2019-02-24 10:29 /myfile5
-rw-r--r--   3 root supergroup  805306368 2019-02-24 10:29 /myfile6._COPYING_
-rw-r--r--   3 root supergroup 1073741824 2019-02-24 10:29 /myfile7
-rw-r--r--   3 root supergroup 1073741824 2019-02-24 10:30 /myfile8
-rw-r--r--   3 root supergroup  402653184 2019-02-24 10:29 /myfile9._COPYING_
file 8 has been put into HDFS
file 8 has been read from HDFS for 1 time
diff succeed!
file 8 has been read from HDFS for 2 time
diff succeed!
file 8 has been read from HDFS for 3 time
diff succeed!
file 8 has been read from HDFS for 4 time
diff succeed!
file 8 has been read from HDFS for 5 time
diff succeed!
file 8 has been read from HDFS for 6 time
diff succeed!
file 8 has been read from HDFS for 7 time
diff succeed!
file 8 has been read from HDFS for 8 time
diff succeed!
file 8 has been read from HDFS for 9 time
diff succeed!
file 8 has been read from HDFS for 10 time
diff succeed!
Deleted /myfile8
file 8 has been removed from HDFS
2019-02-24 10:34:18,208 INFO retry.RetryInvocationHandler: java.io.EOFException: End of File Exception between local host is: "clnode059.clemson.cloudlab.us/130.127.133.68"; destination host is: "node-0-link-0":8020; : java.io.EOFException; For more details see:  http://wiki.apache.org/hadoop/EOFException, while invoking ClientNamenodeProtocolTranslatorPB.complete over node-0-link-0/10.10.1.1:8020. Trying to failover immediately.
2019-02-24 10:34:18,218 INFO retry.RetryInvocationHandler: org.apache.hadoop.ipc.RemoteException(org.apache.hadoop.ipc.RetriableException): org.apache.hadoop.hdfs.server.namenode.SafeModeException: Cannot complete file /myfile8._COPYING_. Name node is in safe mode.
The reported blocks 135 has reached the threshold 0.9990 of total blocks 135. The number of live datanodes 3 has reached the minimum number 0. In safe mode extension. Safe mode will be turned off automatically in 29 seconds. NamenodeHostName:node-1-link-0
	at org.apache.hadoop.hdfs.server.namenode.FSNamesystem.checkNameNodeSafeMode(FSNamesystem.java:1441)
	at org.apache.hadoop.hdfs.server.namenode.FSNamesystem.completeFile(FSNamesystem.java:2842)
	at org.apache.hadoop.hdfs.server.namenode.NameNodeRpcServer.complete(NameNodeRpcServer.java:928)
	at org.apache.hadoop.hdfs.protocolPB.ClientNamenodeProtocolServerSideTranslatorPB.complete(ClientNamenodeProtocolServerSideTranslatorPB.java:607)
	at org.apache.hadoop.hdfs.protocol.proto.ClientNamenodeProtocolProtos$ClientNamenodeProtocol$2.callBlockingMethod(ClientNamenodeProtocolProtos.java)
	at org.apache.hadoop.ipc.ProtobufRpcEngine$Server$ProtoBufRpcInvoker.call(ProtobufRpcEngine.java:523)
	at org.apache.hadoop.ipc.RPC$Server.call(RPC.java:991)
	at org.apache.hadoop.ipc.Server$RpcCall.run(Server.java:872)
	at org.apache.hadoop.ipc.Server$RpcCall.run(Server.java:818)
	at java.security.AccessController.doPrivileged(Native Method)
	at javax.security.auth.Subject.doAs(Subject.java:422)
	at org.apache.hadoop.security.UserGroupInformation.doAs(UserGroupInformation.java:1729)
	at org.apache.hadoop.ipc.Server$Handler.run(Server.java:2678)
Caused by: org.apache.hadoop.hdfs.server.namenode.SafeModeException: Cannot complete file /myfile8._COPYING_. Name node is in safe mode.
The reported blocks 135 has reached the threshold 0.9990 of total blocks 135. The number of live datanodes 3 has reached the minimum number 0. In safe mode extension. Safe mode will be turned off automatically in 29 seconds. NamenodeHostName:node-1-link-0
	at org.apache.hadoop.hdfs.server.namenode.FSNamesystem.newSafemodeException(FSNamesystem.java:1450)
	at org.apache.hadoop.hdfs.server.namenode.FSNamesystem.checkNameNodeSafeMode(FSNamesystem.java:1437)
	... 12 more
, while invoking ClientNamenodeProtocolTranslatorPB.complete over node-1-link-0/10.10.1.4:8020 after 1 failover attempts. Retrying after sleeping for 715ms.
2019-02-24 10:34:18,936 INFO retry.RetryInvocationHandler: org.apache.hadoop.ipc.RemoteException(org.apache.hadoop.ipc.RetriableException): org.apache.hadoop.hdfs.server.namenode.SafeModeException: Cannot complete file /myfile8._COPYING_. Name node is in safe mode.
The reported blocks 135 has reached the threshold 0.9990 of total blocks 135. The number of live datanodes 3 has reached the minimum number 0. In safe mode extension. Safe mode will be turned off automatically in 28 seconds. NamenodeHostName:node-1-link-0
	at org.apache.hadoop.hdfs.server.namenode.FSNamesystem.checkNameNodeSafeMode(FSNamesystem.java:1441)
	at org.apache.hadoop.hdfs.server.namenode.FSNamesystem.completeFile(FSNamesystem.java:2842)
	at org.apache.hadoop.hdfs.server.namenode.NameNodeRpcServer.complete(NameNodeRpcServer.java:928)
	at org.apache.hadoop.hdfs.protocolPB.ClientNamenodeProtocolServerSideTranslatorPB.complete(ClientNamenodeProtocolServerSideTranslatorPB.java:607)
	at org.apache.hadoop.hdfs.protocol.proto.ClientNamenodeProtocolProtos$ClientNamenodeProtocol$2.callBlockingMethod(ClientNamenodeProtocolProtos.java)
	at org.apache.hadoop.ipc.ProtobufRpcEngine$Server$ProtoBufRpcInvoker.call(ProtobufRpcEngine.java:523)
	at org.apache.hadoop.ipc.RPC$Server.call(RPC.java:991)
	at org.apache.hadoop.ipc.Server$RpcCall.run(Server.java:872)
	at org.apache.hadoop.ipc.Server$RpcCall.run(Server.java:818)
	at java.security.AccessController.doPrivileged(Native Method)
	at javax.security.auth.Subject.doAs(Subject.java:422)
	at org.apache.hadoop.security.UserGroupInformation.doAs(UserGroupInformation.java:1729)
	at org.apache.hadoop.ipc.Server$Handler.run(Server.java:2678)
Caused by: org.apache.hadoop.hdfs.server.namenode.SafeModeException: Cannot complete file /myfile8._COPYING_. Name node is in safe mode.
The reported blocks 135 has reached the threshold 0.9990 of total blocks 135. The number of live datanodes 3 has reached the minimum number 0. In safe mode extension. Safe mode will be turned off automatically in 28 seconds. NamenodeHostName:node-1-link-0
	at org.apache.hadoop.hdfs.server.namenode.FSNamesystem.newSafemodeException(FSNamesystem.java:1450)
	at org.apache.hadoop.hdfs.server.namenode.FSNamesystem.checkNameNodeSafeMode(FSNamesystem.java:1437)
	... 12 more
, while invoking ClientNamenodeProtocolTranslatorPB.complete over node-1-link-0/10.10.1.4:8020 after 1 failover attempts. Retrying after sleeping for 2841ms.
2019-02-24 10:34:21,782 INFO retry.RetryInvocationHandler: org.apache.hadoop.ipc.RemoteException(org.apache.hadoop.ipc.RetriableException): org.apache.hadoop.hdfs.server.namenode.SafeModeException: Cannot complete file /myfile8._COPYING_. Name node is in safe mode.
The reported blocks 135 has reached the threshold 0.9990 of total blocks 135. The number of live datanodes 3 has reached the minimum number 0. In safe mode extension. Safe mode will be turned off automatically in 26 seconds. NamenodeHostName:node-1-link-0
	at org.apache.hadoop.hdfs.server.namenode.FSNamesystem.checkNameNodeSafeMode(FSNamesystem.java:1441)
	at org.apache.hadoop.hdfs.server.namenode.FSNamesystem.completeFile(FSNamesystem.java:2842)
	at org.apache.hadoop.hdfs.server.namenode.NameNodeRpcServer.complete(NameNodeRpcServer.java:928)
	at org.apache.hadoop.hdfs.protocolPB.ClientNamenodeProtocolServerSideTranslatorPB.complete(ClientNamenodeProtocolServerSideTranslatorPB.java:607)
	at org.apache.hadoop.hdfs.protocol.proto.ClientNamenodeProtocolProtos$ClientNamenodeProtocol$2.callBlockingMethod(ClientNamenodeProtocolProtos.java)
	at org.apache.hadoop.ipc.ProtobufRpcEngine$Server$ProtoBufRpcInvoker.call(ProtobufRpcEngine.java:523)
	at org.apache.hadoop.ipc.RPC$Server.call(RPC.java:991)
	at org.apache.hadoop.ipc.Server$RpcCall.run(Server.java:872)
	at org.apache.hadoop.ipc.Server$RpcCall.run(Server.java:818)
	at java.security.AccessController.doPrivileged(Native Method)
	at javax.security.auth.Subject.doAs(Subject.java:422)
	at org.apache.hadoop.security.UserGroupInformation.doAs(UserGroupInformation.java:1729)
	at org.apache.hadoop.ipc.Server$Handler.run(Server.java:2678)
Caused by: org.apache.hadoop.hdfs.server.namenode.SafeModeException: Cannot complete file /myfile8._COPYING_. Name node is in safe mode.
The reported blocks 135 has reached the threshold 0.9990 of total blocks 135. The number of live datanodes 3 has reached the minimum number 0. In safe mode extension. Safe mode will be turned off automatically in 26 seconds. NamenodeHostName:node-1-link-0
	at org.apache.hadoop.hdfs.server.namenode.FSNamesystem.newSafemodeException(FSNamesystem.java:1450)
	at org.apache.hadoop.hdfs.server.namenode.FSNamesystem.checkNameNodeSafeMode(FSNamesystem.java:1437)
	... 12 more
, while invoking ClientNamenodeProtocolTranslatorPB.complete over node-1-link-0/10.10.1.4:8020 after 1 failover attempts. Retrying after sleeping for 3655ms.
2019-02-24 10:34:25,442 INFO retry.RetryInvocationHandler: org.apache.hadoop.ipc.RemoteException(org.apache.hadoop.ipc.RetriableException): org.apache.hadoop.hdfs.server.namenode.SafeModeException: Cannot complete file /myfile8._COPYING_. Name node is in safe mode.
The reported blocks 135 has reached the threshold 0.9990 of total blocks 135. The number of live datanodes 3 has reached the minimum number 0. In safe mode extension. Safe mode will be turned off automatically in 22 seconds. NamenodeHostName:node-1-link-0
	at org.apache.hadoop.hdfs.server.namenode.FSNamesystem.checkNameNodeSafeMode(FSNamesystem.java:1441)
	at org.apache.hadoop.hdfs.server.namenode.FSNamesystem.completeFile(FSNamesystem.java:2842)
	at org.apache.hadoop.hdfs.server.namenode.NameNodeRpcServer.complete(NameNodeRpcServer.java:928)
	at org.apache.hadoop.hdfs.protocolPB.ClientNamenodeProtocolServerSideTranslatorPB.complete(ClientNamenodeProtocolServerSideTranslatorPB.java:607)
	at org.apache.hadoop.hdfs.protocol.proto.ClientNamenodeProtocolProtos$ClientNamenodeProtocol$2.callBlockingMethod(ClientNamenodeProtocolProtos.java)
	at org.apache.hadoop.ipc.ProtobufRpcEngine$Server$ProtoBufRpcInvoker.call(ProtobufRpcEngine.java:523)
	at org.apache.hadoop.ipc.RPC$Server.call(RPC.java:991)
	at org.apache.hadoop.ipc.Server$RpcCall.run(Server.java:872)
	at org.apache.hadoop.ipc.Server$RpcCall.run(Server.java:818)
	at java.security.AccessController.doPrivileged(Native Method)
	at javax.security.auth.Subject.doAs(Subject.java:422)
	at org.apache.hadoop.security.UserGroupInformation.doAs(UserGroupInformation.java:1729)
	at org.apache.hadoop.ipc.Server$Handler.run(Server.java:2678)
Caused by: org.apache.hadoop.hdfs.server.namenode.SafeModeException: Cannot complete file /myfile8._COPYING_. Name node is in safe mode.
The reported blocks 135 has reached the threshold 0.9990 of total blocks 135. The number of live datanodes 3 has reached the minimum number 0. In safe mode extension. Safe mode will be turned off automatically in 22 seconds. NamenodeHostName:node-1-link-0
	at org.apache.hadoop.hdfs.server.namenode.FSNamesystem.newSafemodeException(FSNamesystem.java:1450)
	at org.apache.hadoop.hdfs.server.namenode.FSNamesystem.checkNameNodeSafeMode(FSNamesystem.java:1437)
	... 12 more
, while invoking ClientNamenodeProtocolTranslatorPB.complete over node-1-link-0/10.10.1.4:8020 after 1 failover attempts. Retrying after sleeping for 7572ms.
2019-02-24 10:34:27,718 INFO retry.RetryInvocationHandler: org.apache.hadoop.ipc.RemoteException(org.apache.hadoop.ipc.RetriableException): org.apache.hadoop.hdfs.server.namenode.SafeModeException: Cannot renew lease for DFSClient_NONMAPREDUCE_-1410319898_1. Name node is in safe mode.
The reported blocks 135 has reached the threshold 0.9990 of total blocks 135. The number of live datanodes 3 has reached the minimum number 0. In safe mode extension. Safe mode will be turned off automatically in 20 seconds. NamenodeHostName:node-1-link-0
	at org.apache.hadoop.hdfs.server.namenode.FSNamesystem.checkNameNodeSafeMode(FSNamesystem.java:1441)
	at org.apache.hadoop.hdfs.server.namenode.FSNamesystem.renewLease(FSNamesystem.java:3744)
	at org.apache.hadoop.hdfs.server.namenode.NameNodeRpcServer.renewLease(NameNodeRpcServer.java:1134)
	at org.apache.hadoop.hdfs.protocolPB.ClientNamenodeProtocolServerSideTranslatorPB.renewLease(ClientNamenodeProtocolServerSideTranslatorPB.java:737)
	at org.apache.hadoop.hdfs.protocol.proto.ClientNamenodeProtocolProtos$ClientNamenodeProtocol$2.callBlockingMethod(ClientNamenodeProtocolProtos.java)
	at org.apache.hadoop.ipc.ProtobufRpcEngine$Server$ProtoBufRpcInvoker.call(ProtobufRpcEngine.java:523)
	at org.apache.hadoop.ipc.RPC$Server.call(RPC.java:991)
	at org.apache.hadoop.ipc.Server$RpcCall.run(Server.java:872)
	at org.apache.hadoop.ipc.Server$RpcCall.run(Server.java:818)
	at java.security.AccessController.doPrivileged(Native Method)
	at javax.security.auth.Subject.doAs(Subject.java:422)
	at org.apache.hadoop.security.UserGroupInformation.doAs(UserGroupInformation.java:1729)
	at org.apache.hadoop.ipc.Server$Handler.run(Server.java:2678)
Caused by: org.apache.hadoop.hdfs.server.namenode.SafeModeException: Cannot renew lease for DFSClient_NONMAPREDUCE_-1410319898_1. Name node is in safe mode.
The reported blocks 135 has reached the threshold 0.9990 of total blocks 135. The number of live datanodes 3 has reached the minimum number 0. In safe mode extension. Safe mode will be turned off automatically in 20 seconds. NamenodeHostName:node-1-link-0
	at org.apache.hadoop.hdfs.server.namenode.FSNamesystem.newSafemodeException(FSNamesystem.java:1450)
	at org.apache.hadoop.hdfs.server.namenode.FSNamesystem.checkNameNodeSafeMode(FSNamesystem.java:1437)
	... 12 more
, while invoking ClientNamenodeProtocolTranslatorPB.renewLease over node-1-link-0/10.10.1.4:8020. Retrying immediately.
2019-02-24 10:34:27,721 INFO retry.RetryInvocationHandler: org.apache.hadoop.ipc.RemoteException(org.apache.hadoop.ipc.RetriableException): org.apache.hadoop.hdfs.server.namenode.SafeModeException: Cannot renew lease for DFSClient_NONMAPREDUCE_-1410319898_1. Name node is in safe mode.
The reported blocks 135 has reached the threshold 0.9990 of total blocks 135. The number of live datanodes 3 has reached the minimum number 0. In safe mode extension. Safe mode will be turned off automatically in 20 seconds. NamenodeHostName:node-1-link-0
	at org.apache.hadoop.hdfs.server.namenode.FSNamesystem.checkNameNodeSafeMode(FSNamesystem.java:1441)
	at org.apache.hadoop.hdfs.server.namenode.FSNamesystem.renewLease(FSNamesystem.java:3744)
	at org.apache.hadoop.hdfs.server.namenode.NameNodeRpcServer.renewLease(NameNodeRpcServer.java:1134)
	at org.apache.hadoop.hdfs.protocolPB.ClientNamenodeProtocolServerSideTranslatorPB.renewLease(ClientNamenodeProtocolServerSideTranslatorPB.java:737)
	at org.apache.hadoop.hdfs.protocol.proto.ClientNamenodeProtocolProtos$ClientNamenodeProtocol$2.callBlockingMethod(ClientNamenodeProtocolProtos.java)
	at org.apache.hadoop.ipc.ProtobufRpcEngine$Server$ProtoBufRpcInvoker.call(ProtobufRpcEngine.java:523)
	at org.apache.hadoop.ipc.RPC$Server.call(RPC.java:991)
	at org.apache.hadoop.ipc.Server$RpcCall.run(Server.java:872)
	at org.apache.hadoop.ipc.Server$RpcCall.run(Server.java:818)
	at java.security.AccessController.doPrivileged(Native Method)
	at javax.security.auth.Subject.doAs(Subject.java:422)
	at org.apache.hadoop.security.UserGroupInformation.doAs(UserGroupInformation.java:1729)
	at org.apache.hadoop.ipc.Server$Handler.run(Server.java:2678)
Caused by: org.apache.hadoop.hdfs.server.namenode.SafeModeException: Cannot renew lease for DFSClient_NONMAPREDUCE_-1410319898_1. Name node is in safe mode.
The reported blocks 135 has reached the threshold 0.9990 of total blocks 135. The number of live datanodes 3 has reached the minimum number 0. In safe mode extension. Safe mode will be turned off automatically in 20 seconds. NamenodeHostName:node-1-link-0
	at org.apache.hadoop.hdfs.server.namenode.FSNamesystem.newSafemodeException(FSNamesystem.java:1450)
	at org.apache.hadoop.hdfs.server.namenode.FSNamesystem.checkNameNodeSafeMode(FSNamesystem.java:1437)
	... 12 more
, while invoking ClientNamenodeProtocolTranslatorPB.renewLease over node-1-link-0/10.10.1.4:8020. Retrying after sleeping for 1091ms.
2019-02-24 10:34:28,815 INFO retry.RetryInvocationHandler: org.apache.hadoop.ipc.RemoteException(org.apache.hadoop.ipc.RetriableException): org.apache.hadoop.hdfs.server.namenode.SafeModeException: Cannot renew lease for DFSClient_NONMAPREDUCE_-1410319898_1. Name node is in safe mode.
The reported blocks 135 has reached the threshold 0.9990 of total blocks 135. The number of live datanodes 3 has reached the minimum number 0. In safe mode extension. Safe mode will be turned off automatically in 18 seconds. NamenodeHostName:node-1-link-0
	at org.apache.hadoop.hdfs.server.namenode.FSNamesystem.checkNameNodeSafeMode(FSNamesystem.java:1441)
	at org.apache.hadoop.hdfs.server.namenode.FSNamesystem.renewLease(FSNamesystem.java:3744)
	at org.apache.hadoop.hdfs.server.namenode.NameNodeRpcServer.renewLease(NameNodeRpcServer.java:1134)
	at org.apache.hadoop.hdfs.protocolPB.ClientNamenodeProtocolServerSideTranslatorPB.renewLease(ClientNamenodeProtocolServerSideTranslatorPB.java:737)
	at org.apache.hadoop.hdfs.protocol.proto.ClientNamenodeProtocolProtos$ClientNamenodeProtocol$2.callBlockingMethod(ClientNamenodeProtocolProtos.java)
	at org.apache.hadoop.ipc.ProtobufRpcEngine$Server$ProtoBufRpcInvoker.call(ProtobufRpcEngine.java:523)
	at org.apache.hadoop.ipc.RPC$Server.call(RPC.java:991)
	at org.apache.hadoop.ipc.Server$RpcCall.run(Server.java:872)
	at org.apache.hadoop.ipc.Server$RpcCall.run(Server.java:818)
	at java.security.AccessController.doPrivileged(Native Method)
	at javax.security.auth.Subject.doAs(Subject.java:422)
	at org.apache.hadoop.security.UserGroupInformation.doAs(UserGroupInformation.java:1729)
	at org.apache.hadoop.ipc.Server$Handler.run(Server.java:2678)
Caused by: org.apache.hadoop.hdfs.server.namenode.SafeModeException: Cannot renew lease for DFSClient_NONMAPREDUCE_-1410319898_1. Name node is in safe mode.
The reported blocks 135 has reached the threshold 0.9990 of total blocks 135. The number of live datanodes 3 has reached the minimum number 0. In safe mode extension. Safe mode will be turned off automatically in 18 seconds. NamenodeHostName:node-1-link-0
	at org.apache.hadoop.hdfs.server.namenode.FSNamesystem.newSafemodeException(FSNamesystem.java:1450)
	at org.apache.hadoop.hdfs.server.namenode.FSNamesystem.checkNameNodeSafeMode(FSNamesystem.java:1437)
	... 12 more
, while invoking ClientNamenodeProtocolTranslatorPB.renewLease over node-1-link-0/10.10.1.4:8020. Retrying after sleeping for 1186ms.
2019-02-24 10:34:30,004 INFO retry.RetryInvocationHandler: org.apache.hadoop.ipc.RemoteException(org.apache.hadoop.ipc.RetriableException): org.apache.hadoop.hdfs.server.namenode.SafeModeException: Cannot renew lease for DFSClient_NONMAPREDUCE_-1410319898_1. Name node is in safe mode.
The reported blocks 135 has reached the threshold 0.9990 of total blocks 135. The number of live datanodes 3 has reached the minimum number 0. In safe mode extension. Safe mode will be turned off automatically in 17 seconds. NamenodeHostName:node-1-link-0
	at org.apache.hadoop.hdfs.server.namenode.FSNamesystem.checkNameNodeSafeMode(FSNamesystem.java:1441)
	at org.apache.hadoop.hdfs.server.namenode.FSNamesystem.renewLease(FSNamesystem.java:3744)
	at org.apache.hadoop.hdfs.server.namenode.NameNodeRpcServer.renewLease(NameNodeRpcServer.java:1134)
	at org.apache.hadoop.hdfs.protocolPB.ClientNamenodeProtocolServerSideTranslatorPB.renewLease(ClientNamenodeProtocolServerSideTranslatorPB.java:737)
	at org.apache.hadoop.hdfs.protocol.proto.ClientNamenodeProtocolProtos$ClientNamenodeProtocol$2.callBlockingMethod(ClientNamenodeProtocolProtos.java)
	at org.apache.hadoop.ipc.ProtobufRpcEngine$Server$ProtoBufRpcInvoker.call(ProtobufRpcEngine.java:523)
	at org.apache.hadoop.ipc.RPC$Server.call(RPC.java:991)
	at org.apache.hadoop.ipc.Server$RpcCall.run(Server.java:872)
	at org.apache.hadoop.ipc.Server$RpcCall.run(Server.java:818)
	at java.security.AccessController.doPrivileged(Native Method)
	at javax.security.auth.Subject.doAs(Subject.java:422)
	at org.apache.hadoop.security.UserGroupInformation.doAs(UserGroupInformation.java:1729)
	at org.apache.hadoop.ipc.Server$Handler.run(Server.java:2678)
Caused by: org.apache.hadoop.hdfs.server.namenode.SafeModeException: Cannot renew lease for DFSClient_NONMAPREDUCE_-1410319898_1. Name node is in safe mode.
The reported blocks 135 has reached the threshold 0.9990 of total blocks 135. The number of live datanodes 3 has reached the minimum number 0. In safe mode extension. Safe mode will be turned off automatically in 17 seconds. NamenodeHostName:node-1-link-0
	at org.apache.hadoop.hdfs.server.namenode.FSNamesystem.newSafemodeException(FSNamesystem.java:1450)
	at org.apache.hadoop.hdfs.server.namenode.FSNamesystem.checkNameNodeSafeMode(FSNamesystem.java:1437)
	... 12 more
, while invoking ClientNamenodeProtocolTranslatorPB.renewLease over node-1-link-0/10.10.1.4:8020. Retrying after sleeping for 4132ms.
2019-02-24 10:34:33,016 INFO retry.RetryInvocationHandler: org.apache.hadoop.ipc.RemoteException(org.apache.hadoop.ipc.RetriableException): org.apache.hadoop.hdfs.server.namenode.SafeModeException: Cannot complete file /myfile8._COPYING_. Name node is in safe mode.
The reported blocks 135 has reached the threshold 0.9990 of total blocks 135. The number of live datanodes 3 has reached the minimum number 0. In safe mode extension. Safe mode will be turned off automatically in 14 seconds. NamenodeHostName:node-1-link-0
	at org.apache.hadoop.hdfs.server.namenode.FSNamesystem.checkNameNodeSafeMode(FSNamesystem.java:1441)
	at org.apache.hadoop.hdfs.server.namenode.FSNamesystem.completeFile(FSNamesystem.java:2842)
	at org.apache.hadoop.hdfs.server.namenode.NameNodeRpcServer.complete(NameNodeRpcServer.java:928)
	at org.apache.hadoop.hdfs.protocolPB.ClientNamenodeProtocolServerSideTranslatorPB.complete(ClientNamenodeProtocolServerSideTranslatorPB.java:607)
	at org.apache.hadoop.hdfs.protocol.proto.ClientNamenodeProtocolProtos$ClientNamenodeProtocol$2.callBlockingMethod(ClientNamenodeProtocolProtos.java)
	at org.apache.hadoop.ipc.ProtobufRpcEngine$Server$ProtoBufRpcInvoker.call(ProtobufRpcEngine.java:523)
	at org.apache.hadoop.ipc.RPC$Server.call(RPC.java:991)
	at org.apache.hadoop.ipc.Server$RpcCall.run(Server.java:872)
	at org.apache.hadoop.ipc.Server$RpcCall.run(Server.java:818)
	at java.security.AccessController.doPrivileged(Native Method)
	at javax.security.auth.Subject.doAs(Subject.java:422)
	at org.apache.hadoop.security.UserGroupInformation.doAs(UserGroupInformation.java:1729)
	at org.apache.hadoop.ipc.Server$Handler.run(Server.java:2678)
Caused by: org.apache.hadoop.hdfs.server.namenode.SafeModeException: Cannot complete file /myfile8._COPYING_. Name node is in safe mode.
The reported blocks 135 has reached the threshold 0.9990 of total blocks 135. The number of live datanodes 3 has reached the minimum number 0. In safe mode extension. Safe mode will be turned off automatically in 14 seconds. NamenodeHostName:node-1-link-0
	at org.apache.hadoop.hdfs.server.namenode.FSNamesystem.newSafemodeException(FSNamesystem.java:1450)
	at org.apache.hadoop.hdfs.server.namenode.FSNamesystem.checkNameNodeSafeMode(FSNamesystem.java:1437)
	... 12 more
, while invoking ClientNamenodeProtocolTranslatorPB.complete over node-1-link-0/10.10.1.4:8020 after 1 failover attempts. Retrying after sleeping for 11833ms.
2019-02-24 10:34:34,140 INFO retry.RetryInvocationHandler: org.apache.hadoop.ipc.RemoteException(org.apache.hadoop.ipc.RetriableException): org.apache.hadoop.hdfs.server.namenode.SafeModeException: Cannot renew lease for DFSClient_NONMAPREDUCE_-1410319898_1. Name node is in safe mode.
The reported blocks 135 has reached the threshold 0.9990 of total blocks 135. The number of live datanodes 3 has reached the minimum number 0. In safe mode extension. Safe mode will be turned off automatically in 13 seconds. NamenodeHostName:node-1-link-0
	at org.apache.hadoop.hdfs.server.namenode.FSNamesystem.checkNameNodeSafeMode(FSNamesystem.java:1441)
	at org.apache.hadoop.hdfs.server.namenode.FSNamesystem.renewLease(FSNamesystem.java:3744)
	at org.apache.hadoop.hdfs.server.namenode.NameNodeRpcServer.renewLease(NameNodeRpcServer.java:1134)
	at org.apache.hadoop.hdfs.protocolPB.ClientNamenodeProtocolServerSideTranslatorPB.renewLease(ClientNamenodeProtocolServerSideTranslatorPB.java:737)
	at org.apache.hadoop.hdfs.protocol.proto.ClientNamenodeProtocolProtos$ClientNamenodeProtocol$2.callBlockingMethod(ClientNamenodeProtocolProtos.java)
	at org.apache.hadoop.ipc.ProtobufRpcEngine$Server$ProtoBufRpcInvoker.call(ProtobufRpcEngine.java:523)
	at org.apache.hadoop.ipc.RPC$Server.call(RPC.java:991)
	at org.apache.hadoop.ipc.Server$RpcCall.run(Server.java:872)
	at org.apache.hadoop.ipc.Server$RpcCall.run(Server.java:818)
	at java.security.AccessController.doPrivileged(Native Method)
	at javax.security.auth.Subject.doAs(Subject.java:422)
	at org.apache.hadoop.security.UserGroupInformation.doAs(UserGroupInformation.java:1729)
	at org.apache.hadoop.ipc.Server$Handler.run(Server.java:2678)
Caused by: org.apache.hadoop.hdfs.server.namenode.SafeModeException: Cannot renew lease for DFSClient_NONMAPREDUCE_-1410319898_1. Name node is in safe mode.
The reported blocks 135 has reached the threshold 0.9990 of total blocks 135. The number of live datanodes 3 has reached the minimum number 0. In safe mode extension. Safe mode will be turned off automatically in 13 seconds. NamenodeHostName:node-1-link-0
	at org.apache.hadoop.hdfs.server.namenode.FSNamesystem.newSafemodeException(FSNamesystem.java:1450)
	at org.apache.hadoop.hdfs.server.namenode.FSNamesystem.checkNameNodeSafeMode(FSNamesystem.java:1437)
	... 12 more
, while invoking ClientNamenodeProtocolTranslatorPB.renewLease over node-1-link-0/10.10.1.4:8020. Retrying after sleeping for 4962ms.
2019-02-24 10:34:39,105 INFO retry.RetryInvocationHandler: org.apache.hadoop.ipc.RemoteException(org.apache.hadoop.ipc.RetriableException): org.apache.hadoop.hdfs.server.namenode.SafeModeException: Cannot renew lease for DFSClient_NONMAPREDUCE_-1410319898_1. Name node is in safe mode.
The reported blocks 135 has reached the threshold 0.9990 of total blocks 135. The number of live datanodes 3 has reached the minimum number 0. In safe mode extension. Safe mode will be turned off automatically in 8 seconds. NamenodeHostName:node-1-link-0
	at org.apache.hadoop.hdfs.server.namenode.FSNamesystem.checkNameNodeSafeMode(FSNamesystem.java:1441)
	at org.apache.hadoop.hdfs.server.namenode.FSNamesystem.renewLease(FSNamesystem.java:3744)
	at org.apache.hadoop.hdfs.server.namenode.NameNodeRpcServer.renewLease(NameNodeRpcServer.java:1134)
	at org.apache.hadoop.hdfs.protocolPB.ClientNamenodeProtocolServerSideTranslatorPB.renewLease(ClientNamenodeProtocolServerSideTranslatorPB.java:737)
	at org.apache.hadoop.hdfs.protocol.proto.ClientNamenodeProtocolProtos$ClientNamenodeProtocol$2.callBlockingMethod(ClientNamenodeProtocolProtos.java)
	at org.apache.hadoop.ipc.ProtobufRpcEngine$Server$ProtoBufRpcInvoker.call(ProtobufRpcEngine.java:523)
	at org.apache.hadoop.ipc.RPC$Server.call(RPC.java:991)
	at org.apache.hadoop.ipc.Server$RpcCall.run(Server.java:872)
	at org.apache.hadoop.ipc.Server$RpcCall.run(Server.java:818)
	at java.security.AccessController.doPrivileged(Native Method)
	at javax.security.auth.Subject.doAs(Subject.java:422)
	at org.apache.hadoop.security.UserGroupInformation.doAs(UserGroupInformation.java:1729)
	at org.apache.hadoop.ipc.Server$Handler.run(Server.java:2678)
Caused by: org.apache.hadoop.hdfs.server.namenode.SafeModeException: Cannot renew lease for DFSClient_NONMAPREDUCE_-1410319898_1. Name node is in safe mode.
The reported blocks 135 has reached the threshold 0.9990 of total blocks 135. The number of live datanodes 3 has reached the minimum number 0. In safe mode extension. Safe mode will be turned off automatically in 8 seconds. NamenodeHostName:node-1-link-0
	at org.apache.hadoop.hdfs.server.namenode.FSNamesystem.newSafemodeException(FSNamesystem.java:1450)
	at org.apache.hadoop.hdfs.server.namenode.FSNamesystem.checkNameNodeSafeMode(FSNamesystem.java:1437)
	... 12 more
, while invoking ClientNamenodeProtocolTranslatorPB.renewLease over node-1-link-0/10.10.1.4:8020. Retrying after sleeping for 9460ms.
2019-02-24 10:34:44,852 INFO retry.RetryInvocationHandler: org.apache.hadoop.ipc.RemoteException(org.apache.hadoop.ipc.RetriableException): org.apache.hadoop.hdfs.server.namenode.SafeModeException: Cannot complete file /myfile8._COPYING_. Name node is in safe mode.
The reported blocks 135 has reached the threshold 0.9990 of total blocks 135. The number of live datanodes 3 has reached the minimum number 0. In safe mode extension. Safe mode will be turned off automatically in 2 seconds. NamenodeHostName:node-1-link-0
	at org.apache.hadoop.hdfs.server.namenode.FSNamesystem.checkNameNodeSafeMode(FSNamesystem.java:1441)
	at org.apache.hadoop.hdfs.server.namenode.FSNamesystem.completeFile(FSNamesystem.java:2842)
	at org.apache.hadoop.hdfs.server.namenode.NameNodeRpcServer.complete(NameNodeRpcServer.java:928)
	at org.apache.hadoop.hdfs.protocolPB.ClientNamenodeProtocolServerSideTranslatorPB.complete(ClientNamenodeProtocolServerSideTranslatorPB.java:607)
	at org.apache.hadoop.hdfs.protocol.proto.ClientNamenodeProtocolProtos$ClientNamenodeProtocol$2.callBlockingMethod(ClientNamenodeProtocolProtos.java)
	at org.apache.hadoop.ipc.ProtobufRpcEngine$Server$ProtoBufRpcInvoker.call(ProtobufRpcEngine.java:523)
	at org.apache.hadoop.ipc.RPC$Server.call(RPC.java:991)
	at org.apache.hadoop.ipc.Server$RpcCall.run(Server.java:872)
	at org.apache.hadoop.ipc.Server$RpcCall.run(Server.java:818)
	at java.security.AccessController.doPrivileged(Native Method)
	at javax.security.auth.Subject.doAs(Subject.java:422)
	at org.apache.hadoop.security.UserGroupInformation.doAs(UserGroupInformation.java:1729)
	at org.apache.hadoop.ipc.Server$Handler.run(Server.java:2678)
Caused by: org.apache.hadoop.hdfs.server.namenode.SafeModeException: Cannot complete file /myfile8._COPYING_. Name node is in safe mode.
The reported blocks 135 has reached the threshold 0.9990 of total blocks 135. The number of live datanodes 3 has reached the minimum number 0. In safe mode extension. Safe mode will be turned off automatically in 2 seconds. NamenodeHostName:node-1-link-0
	at org.apache.hadoop.hdfs.server.namenode.FSNamesystem.newSafemodeException(FSNamesystem.java:1450)
	at org.apache.hadoop.hdfs.server.namenode.FSNamesystem.checkNameNodeSafeMode(FSNamesystem.java:1437)
	... 12 more
, while invoking ClientNamenodeProtocolTranslatorPB.complete over node-1-link-0/10.10.1.4:8020 after 1 failover attempts. Retrying after sleeping for 22330ms.
Found 19 items
-rw-r--r--   3 root supergroup 1073741824 2019-02-24 10:33 /myfile1
-rw-r--r--   3 root supergroup          0 2019-02-24 10:35 /myfile10._COPYING_
-rw-r--r--   3 root supergroup 1073741824 2019-02-24 10:33 /myfile11
-rw-r--r--   3 root supergroup          0 2019-02-24 10:35 /myfile12._COPYING_
-rw-r--r--   3 root supergroup 1073741824 2019-02-24 10:33 /myfile13
-rw-r--r--   3 root supergroup          0 2019-02-24 10:35 /myfile14._COPYING_
-rw-r--r--   3 root supergroup  134217728 2019-02-24 10:34 /myfile16._COPYING_
-rw-r--r--   3 root supergroup 1073741824 2019-02-24 10:31 /myfile17
-rw-r--r--   3 root supergroup          0 2019-02-24 10:35 /myfile18._COPYING_
-rw-r--r--   3 root supergroup          0 2019-02-24 10:35 /myfile19._COPYING_
-rw-r--r--   3 root supergroup 1073741824 2019-02-24 10:32 /myfile2
-rw-r--r--   3 root supergroup          0 2019-02-24 10:35 /myfile20._COPYING_
-rw-r--r--   3 root supergroup  402653184 2019-02-24 10:34 /myfile3._COPYING_
-rw-r--r--   3 root supergroup 1073741824 2019-02-24 10:33 /myfile4
-rw-r--r--   3 root supergroup  536870912 2019-02-24 10:34 /myfile5._COPYING_
-rw-r--r--   3 root supergroup          0 2019-02-24 10:35 /myfile6._COPYING_
-rw-r--r--   3 root supergroup 1073741824 2019-02-24 10:33 /myfile7
-rw-r--r--   3 root supergroup 1073741824 2019-02-24 10:35 /myfile8
-rw-r--r--   3 root supergroup  671088640 2019-02-24 10:34 /myfile9._COPYING_
file 8 has been put into HDFS
file 8 has been read from HDFS for 1 time
diff succeed!
file 8 has been read from HDFS for 2 time
diff succeed!
file 8 has been read from HDFS for 3 time
diff succeed!
file 8 has been read from HDFS for 4 time
diff succeed!
file 8 has been read from HDFS for 5 time
diff succeed!
file 8 has been read from HDFS for 6 time
diff succeed!
file 8 has been read from HDFS for 7 time
diff succeed!
file 8 has been read from HDFS for 8 time
diff succeed!
file 8 has been read from HDFS for 9 time
diff succeed!
file 8 has been read from HDFS for 10 time
diff succeed!
Deleted /myfile8
file 8 has been removed from HDFS
Found 17 items
-rw-r--r--   3 root supergroup 1073741824 2019-02-24 10:38 /myfile1
-rw-r--r--   3 root supergroup 1073741824 2019-02-24 10:40 /myfile10
-rw-r--r--   3 root supergroup 1073741824 2019-02-24 10:39 /myfile11
-rw-r--r--   3 root supergroup 1073741824 2019-02-24 10:40 /myfile12
-rw-r--r--   3 root supergroup 1073741824 2019-02-24 10:38 /myfile13
-rw-r--r--   3 root supergroup 1073741824 2019-02-24 10:35 /myfile14
-rw-r--r--   3 root supergroup 1073741824 2019-02-24 10:39 /myfile15
-rw-r--r--   3 root supergroup 1073741824 2019-02-24 10:39 /myfile16
-rw-r--r--   3 root supergroup 1073741824 2019-02-24 10:36 /myfile17
-rw-r--r--   3 root supergroup 1073741824 2019-02-24 10:39 /myfile19
-rw-r--r--   3 root supergroup 1073741824 2019-02-24 10:39 /myfile20
-rw-r--r--   3 root supergroup 1073741824 2019-02-24 10:39 /myfile3
-rw-r--r--   3 root supergroup 1073741824 2019-02-24 10:38 /myfile4
-rw-r--r--   3 root supergroup 1073741824 2019-02-24 10:39 /myfile5
-rw-r--r--   3 root supergroup 1073741824 2019-02-24 10:39 /myfile6
-rw-r--r--   3 root supergroup 1073741824 2019-02-24 10:39 /myfile7
-rw-r--r--   3 root supergroup 1073741824 2019-02-24 10:40 /myfile8
file 8 has been put into HDFS
file 8 has been read from HDFS for 1 time
diff succeed!
file 8 has been read from HDFS for 2 time
diff succeed!
file 8 has been read from HDFS for 3 time
diff succeed!
file 8 has been read from HDFS for 4 time
diff succeed!
file 8 has been read from HDFS for 5 time
diff succeed!
file 8 has been read from HDFS for 6 time
diff succeed!
file 8 has been read from HDFS for 7 time
diff succeed!
file 8 has been read from HDFS for 8 time
diff succeed!
file 8 has been read from HDFS for 9 time
diff succeed!
file 8 has been read from HDFS for 10 time
diff succeed!
2019-02-24 10:45:40,008 INFO retry.RetryInvocationHandler: org.apache.hadoop.ipc.RemoteException(org.apache.hadoop.ipc.RetriableException): org.apache.hadoop.hdfs.server.namenode.SafeModeException: Cannot delete /myfile8. Name node is in safe mode.
The reported blocks 145 has reached the threshold 0.9990 of total blocks 145. The number of live datanodes 3 has reached the minimum number 0. In safe mode extension. Safe mode will be turned off automatically in 11 seconds. NamenodeHostName:node-1-link-0
	at org.apache.hadoop.hdfs.server.namenode.FSNamesystem.checkNameNodeSafeMode(FSNamesystem.java:1441)
	at org.apache.hadoop.hdfs.server.namenode.FSNamesystem.delete(FSNamesystem.java:2986)
	at org.apache.hadoop.hdfs.server.namenode.NameNodeRpcServer.delete(NameNodeRpcServer.java:1095)
	at org.apache.hadoop.hdfs.protocolPB.ClientNamenodeProtocolServerSideTranslatorPB.delete(ClientNamenodeProtocolServerSideTranslatorPB.java:692)
	at org.apache.hadoop.hdfs.protocol.proto.ClientNamenodeProtocolProtos$ClientNamenodeProtocol$2.callBlockingMethod(ClientNamenodeProtocolProtos.java)
	at org.apache.hadoop.ipc.ProtobufRpcEngine$Server$ProtoBufRpcInvoker.call(ProtobufRpcEngine.java:523)
	at org.apache.hadoop.ipc.RPC$Server.call(RPC.java:991)
	at org.apache.hadoop.ipc.Server$RpcCall.run(Server.java:872)
	at org.apache.hadoop.ipc.Server$RpcCall.run(Server.java:818)
	at java.security.AccessController.doPrivileged(Native Method)
	at javax.security.auth.Subject.doAs(Subject.java:422)
	at org.apache.hadoop.security.UserGroupInformation.doAs(UserGroupInformation.java:1729)
	at org.apache.hadoop.ipc.Server$Handler.run(Server.java:2678)
Caused by: org.apache.hadoop.hdfs.server.namenode.SafeModeException: Cannot delete /myfile8. Name node is in safe mode.
The reported blocks 145 has reached the threshold 0.9990 of total blocks 145. The number of live datanodes 3 has reached the minimum number 0. In safe mode extension. Safe mode will be turned off automatically in 11 seconds. NamenodeHostName:node-1-link-0
	at org.apache.hadoop.hdfs.server.namenode.FSNamesystem.newSafemodeException(FSNamesystem.java:1450)
	at org.apache.hadoop.hdfs.server.namenode.FSNamesystem.checkNameNodeSafeMode(FSNamesystem.java:1437)
	... 12 more
, while invoking ClientNamenodeProtocolTranslatorPB.delete over node-1-link-0/10.10.1.4:8020. Retrying immediately.
2019-02-24 10:45:40,013 INFO retry.RetryInvocationHandler: org.apache.hadoop.ipc.RemoteException(org.apache.hadoop.ipc.RetriableException): org.apache.hadoop.hdfs.server.namenode.SafeModeException: Cannot delete /myfile8. Name node is in safe mode.
The reported blocks 145 has reached the threshold 0.9990 of total blocks 145. The number of live datanodes 3 has reached the minimum number 0. In safe mode extension. Safe mode will be turned off automatically in 11 seconds. NamenodeHostName:node-1-link-0
	at org.apache.hadoop.hdfs.server.namenode.FSNamesystem.checkNameNodeSafeMode(FSNamesystem.java:1441)
	at org.apache.hadoop.hdfs.server.namenode.FSNamesystem.delete(FSNamesystem.java:2986)
	at org.apache.hadoop.hdfs.server.namenode.NameNodeRpcServer.delete(NameNodeRpcServer.java:1095)
	at org.apache.hadoop.hdfs.protocolPB.ClientNamenodeProtocolServerSideTranslatorPB.delete(ClientNamenodeProtocolServerSideTranslatorPB.java:692)
	at org.apache.hadoop.hdfs.protocol.proto.ClientNamenodeProtocolProtos$ClientNamenodeProtocol$2.callBlockingMethod(ClientNamenodeProtocolProtos.java)
	at org.apache.hadoop.ipc.ProtobufRpcEngine$Server$ProtoBufRpcInvoker.call(ProtobufRpcEngine.java:523)
	at org.apache.hadoop.ipc.RPC$Server.call(RPC.java:991)
	at org.apache.hadoop.ipc.Server$RpcCall.run(Server.java:872)
	at org.apache.hadoop.ipc.Server$RpcCall.run(Server.java:818)
	at java.security.AccessController.doPrivileged(Native Method)
	at javax.security.auth.Subject.doAs(Subject.java:422)
	at org.apache.hadoop.security.UserGroupInformation.doAs(UserGroupInformation.java:1729)
	at org.apache.hadoop.ipc.Server$Handler.run(Server.java:2678)
Caused by: org.apache.hadoop.hdfs.server.namenode.SafeModeException: Cannot delete /myfile8. Name node is in safe mode.
The reported blocks 145 has reached the threshold 0.9990 of total blocks 145. The number of live datanodes 3 has reached the minimum number 0. In safe mode extension. Safe mode will be turned off automatically in 11 seconds. NamenodeHostName:node-1-link-0
	at org.apache.hadoop.hdfs.server.namenode.FSNamesystem.newSafemodeException(FSNamesystem.java:1450)
	at org.apache.hadoop.hdfs.server.namenode.FSNamesystem.checkNameNodeSafeMode(FSNamesystem.java:1437)
	... 12 more
, while invoking ClientNamenodeProtocolTranslatorPB.delete over node-1-link-0/10.10.1.4:8020. Retrying after sleeping for 1049ms.
2019-02-24 10:45:41,065 INFO retry.RetryInvocationHandler: org.apache.hadoop.ipc.RemoteException(org.apache.hadoop.ipc.RetriableException): org.apache.hadoop.hdfs.server.namenode.SafeModeException: Cannot delete /myfile8. Name node is in safe mode.
The reported blocks 145 has reached the threshold 0.9990 of total blocks 145. The number of live datanodes 3 has reached the minimum number 0. In safe mode extension. Safe mode will be turned off automatically in 10 seconds. NamenodeHostName:node-1-link-0
	at org.apache.hadoop.hdfs.server.namenode.FSNamesystem.checkNameNodeSafeMode(FSNamesystem.java:1441)
	at org.apache.hadoop.hdfs.server.namenode.FSNamesystem.delete(FSNamesystem.java:2986)
	at org.apache.hadoop.hdfs.server.namenode.NameNodeRpcServer.delete(NameNodeRpcServer.java:1095)
	at org.apache.hadoop.hdfs.protocolPB.ClientNamenodeProtocolServerSideTranslatorPB.delete(ClientNamenodeProtocolServerSideTranslatorPB.java:692)
	at org.apache.hadoop.hdfs.protocol.proto.ClientNamenodeProtocolProtos$ClientNamenodeProtocol$2.callBlockingMethod(ClientNamenodeProtocolProtos.java)
	at org.apache.hadoop.ipc.ProtobufRpcEngine$Server$ProtoBufRpcInvoker.call(ProtobufRpcEngine.java:523)
	at org.apache.hadoop.ipc.RPC$Server.call(RPC.java:991)
	at org.apache.hadoop.ipc.Server$RpcCall.run(Server.java:872)
	at org.apache.hadoop.ipc.Server$RpcCall.run(Server.java:818)
	at java.security.AccessController.doPrivileged(Native Method)
	at javax.security.auth.Subject.doAs(Subject.java:422)
	at org.apache.hadoop.security.UserGroupInformation.doAs(UserGroupInformation.java:1729)
	at org.apache.hadoop.ipc.Server$Handler.run(Server.java:2678)
Caused by: org.apache.hadoop.hdfs.server.namenode.SafeModeException: Cannot delete /myfile8. Name node is in safe mode.
The reported blocks 145 has reached the threshold 0.9990 of total blocks 145. The number of live datanodes 3 has reached the minimum number 0. In safe mode extension. Safe mode will be turned off automatically in 10 seconds. NamenodeHostName:node-1-link-0
	at org.apache.hadoop.hdfs.server.namenode.FSNamesystem.newSafemodeException(FSNamesystem.java:1450)
	at org.apache.hadoop.hdfs.server.namenode.FSNamesystem.checkNameNodeSafeMode(FSNamesystem.java:1437)
	... 12 more
, while invoking ClientNamenodeProtocolTranslatorPB.delete over node-1-link-0/10.10.1.4:8020. Retrying after sleeping for 2687ms.
2019-02-24 10:45:43,757 INFO retry.RetryInvocationHandler: org.apache.hadoop.ipc.RemoteException(org.apache.hadoop.ipc.RetriableException): org.apache.hadoop.hdfs.server.namenode.SafeModeException: Cannot delete /myfile8. Name node is in safe mode.
The reported blocks 145 has reached the threshold 0.9990 of total blocks 145. The number of live datanodes 3 has reached the minimum number 0. In safe mode extension. Safe mode will be turned off automatically in 7 seconds. NamenodeHostName:node-1-link-0
	at org.apache.hadoop.hdfs.server.namenode.FSNamesystem.checkNameNodeSafeMode(FSNamesystem.java:1441)
	at org.apache.hadoop.hdfs.server.namenode.FSNamesystem.delete(FSNamesystem.java:2986)
	at org.apache.hadoop.hdfs.server.namenode.NameNodeRpcServer.delete(NameNodeRpcServer.java:1095)
	at org.apache.hadoop.hdfs.protocolPB.ClientNamenodeProtocolServerSideTranslatorPB.delete(ClientNamenodeProtocolServerSideTranslatorPB.java:692)
	at org.apache.hadoop.hdfs.protocol.proto.ClientNamenodeProtocolProtos$ClientNamenodeProtocol$2.callBlockingMethod(ClientNamenodeProtocolProtos.java)
	at org.apache.hadoop.ipc.ProtobufRpcEngine$Server$ProtoBufRpcInvoker.call(ProtobufRpcEngine.java:523)
	at org.apache.hadoop.ipc.RPC$Server.call(RPC.java:991)
	at org.apache.hadoop.ipc.Server$RpcCall.run(Server.java:872)
	at org.apache.hadoop.ipc.Server$RpcCall.run(Server.java:818)
	at java.security.AccessController.doPrivileged(Native Method)
	at javax.security.auth.Subject.doAs(Subject.java:422)
	at org.apache.hadoop.security.UserGroupInformation.doAs(UserGroupInformation.java:1729)
	at org.apache.hadoop.ipc.Server$Handler.run(Server.java:2678)
Caused by: org.apache.hadoop.hdfs.server.namenode.SafeModeException: Cannot delete /myfile8. Name node is in safe mode.
The reported blocks 145 has reached the threshold 0.9990 of total blocks 145. The number of live datanodes 3 has reached the minimum number 0. In safe mode extension. Safe mode will be turned off automatically in 7 seconds. NamenodeHostName:node-1-link-0
	at org.apache.hadoop.hdfs.server.namenode.FSNamesystem.newSafemodeException(FSNamesystem.java:1450)
	at org.apache.hadoop.hdfs.server.namenode.FSNamesystem.checkNameNodeSafeMode(FSNamesystem.java:1437)
	... 12 more
, while invoking ClientNamenodeProtocolTranslatorPB.delete over node-1-link-0/10.10.1.4:8020. Retrying after sleeping for 2094ms.
2019-02-24 10:45:45,854 INFO retry.RetryInvocationHandler: org.apache.hadoop.ipc.RemoteException(org.apache.hadoop.ipc.RetriableException): org.apache.hadoop.hdfs.server.namenode.SafeModeException: Cannot delete /myfile8. Name node is in safe mode.
The reported blocks 145 has reached the threshold 0.9990 of total blocks 145. The number of live datanodes 3 has reached the minimum number 0. In safe mode extension. Safe mode will be turned off automatically in 5 seconds. NamenodeHostName:node-1-link-0
	at org.apache.hadoop.hdfs.server.namenode.FSNamesystem.checkNameNodeSafeMode(FSNamesystem.java:1441)
	at org.apache.hadoop.hdfs.server.namenode.FSNamesystem.delete(FSNamesystem.java:2986)
	at org.apache.hadoop.hdfs.server.namenode.NameNodeRpcServer.delete(NameNodeRpcServer.java:1095)
	at org.apache.hadoop.hdfs.protocolPB.ClientNamenodeProtocolServerSideTranslatorPB.delete(ClientNamenodeProtocolServerSideTranslatorPB.java:692)
	at org.apache.hadoop.hdfs.protocol.proto.ClientNamenodeProtocolProtos$ClientNamenodeProtocol$2.callBlockingMethod(ClientNamenodeProtocolProtos.java)
	at org.apache.hadoop.ipc.ProtobufRpcEngine$Server$ProtoBufRpcInvoker.call(ProtobufRpcEngine.java:523)
	at org.apache.hadoop.ipc.RPC$Server.call(RPC.java:991)
	at org.apache.hadoop.ipc.Server$RpcCall.run(Server.java:872)
	at org.apache.hadoop.ipc.Server$RpcCall.run(Server.java:818)
	at java.security.AccessController.doPrivileged(Native Method)
	at javax.security.auth.Subject.doAs(Subject.java:422)
	at org.apache.hadoop.security.UserGroupInformation.doAs(UserGroupInformation.java:1729)
	at org.apache.hadoop.ipc.Server$Handler.run(Server.java:2678)
Caused by: org.apache.hadoop.hdfs.server.namenode.SafeModeException: Cannot delete /myfile8. Name node is in safe mode.
The reported blocks 145 has reached the threshold 0.9990 of total blocks 145. The number of live datanodes 3 has reached the minimum number 0. In safe mode extension. Safe mode will be turned off automatically in 5 seconds. NamenodeHostName:node-1-link-0
	at org.apache.hadoop.hdfs.server.namenode.FSNamesystem.newSafemodeException(FSNamesystem.java:1450)
	at org.apache.hadoop.hdfs.server.namenode.FSNamesystem.checkNameNodeSafeMode(FSNamesystem.java:1437)
	... 12 more
, while invoking ClientNamenodeProtocolTranslatorPB.delete over node-1-link-0/10.10.1.4:8020. Retrying after sleeping for 8556ms.
Deleted /myfile8
file 8 has been removed from HDFS
Found 19 items
-rw-r--r--   3 root supergroup 1073741824 2019-02-24 10:43 /myfile1
-rw-r--r--   3 root supergroup 1073741824 2019-02-24 10:44 /myfile10
-rw-r--r--   3 root supergroup 1073741824 2019-02-24 10:44 /myfile11
-rw-r--r--   3 root supergroup 1073741824 2019-02-24 10:44 /myfile12
-rw-r--r--   3 root supergroup 1073741824 2019-02-24 10:43 /myfile13
-rw-r--r--   3 root supergroup 1073741824 2019-02-24 10:41 /myfile14
-rw-r--r--   3 root supergroup 1073741824 2019-02-24 10:44 /myfile15
-rw-r--r--   3 root supergroup 1073741824 2019-02-24 10:46 /myfile16
-rw-r--r--   3 root supergroup 1073741824 2019-02-24 10:42 /myfile17
-rw-r--r--   3 root supergroup 1073741824 2019-02-24 10:44 /myfile19
-rw-r--r--   3 root supergroup 1073741824 2019-02-24 10:46 /myfile2
-rw-r--r--   3 root supergroup 1073741824 2019-02-24 10:44 /myfile20
-rw-r--r--   3 root supergroup 1073741824 2019-02-24 10:44 /myfile3
-rw-r--r--   3 root supergroup 1073741824 2019-02-24 10:42 /myfile4
-rw-r--r--   3 root supergroup 1073741824 2019-02-24 10:43 /myfile5
-rw-r--r--   3 root supergroup 1073741824 2019-02-24 10:44 /myfile6
-rw-r--r--   3 root supergroup 1073741824 2019-02-24 10:44 /myfile7
-rw-r--r--   3 root supergroup 1073741824 2019-02-24 10:46 /myfile8
-rw-r--r--   3 root supergroup 1073741824 2019-02-24 10:46 /myfile9
file 8 has been put into HDFS
file 8 has been read from HDFS for 1 time
diff succeed!
file 8 has been read from HDFS for 2 time
diff succeed!
file 8 has been read from HDFS for 3 time
diff succeed!
file 8 has been read from HDFS for 4 time
diff succeed!
file 8 has been read from HDFS for 5 time
diff succeed!
file 8 has been read from HDFS for 6 time
diff succeed!
file 8 has been read from HDFS for 7 time
diff succeed!
file 8 has been read from HDFS for 8 time
diff succeed!
file 8 has been read from HDFS for 9 time
diff succeed!
file 8 has been read from HDFS for 10 time
diff succeed!
Deleted /myfile8
file 8 has been removed from HDFS
Found 20 items
-rw-r--r--   3 root supergroup 1073741824 2019-02-24 10:48 /myfile1
-rw-r--r--   3 root supergroup 1073741824 2019-02-24 10:48 /myfile10
-rw-r--r--   3 root supergroup 1073741824 2019-02-24 10:48 /myfile11
-rw-r--r--   3 root supergroup 1073741824 2019-02-24 10:49 /myfile12
-rw-r--r--   3 root supergroup 1073741824 2019-02-24 10:48 /myfile13
-rw-r--r--   3 root supergroup  536870912 2019-02-24 10:51 /myfile14._COPYING_
-rw-r--r--   3 root supergroup 1073741824 2019-02-24 10:48 /myfile15
-rw-r--r--   3 root supergroup 1073741824 2019-02-24 10:50 /myfile16
-rw-r--r--   3 root supergroup  671088640 2019-02-24 10:51 /myfile17._COPYING_
-rw-r--r--   3 root supergroup 1073741824 2019-02-24 10:51 /myfile18
-rw-r--r--   3 root supergroup 1073741824 2019-02-24 10:49 /myfile19
-rw-r--r--   3 root supergroup 1073741824 2019-02-24 10:50 /myfile2
-rw-r--r--   3 root supergroup 1073741824 2019-02-24 10:49 /myfile20
-rw-r--r--   3 root supergroup 1073741824 2019-02-24 10:50 /myfile3
-rw-r--r--   3 root supergroup  402653184 2019-02-24 10:51 /myfile4._COPYING_
-rw-r--r--   3 root supergroup 1073741824 2019-02-24 10:48 /myfile5
-rw-r--r--   3 root supergroup 1073741824 2019-02-24 10:48 /myfile6
-rw-r--r--   3 root supergroup 1073741824 2019-02-24 10:48 /myfile7
-rw-r--r--   3 root supergroup 1073741824 2019-02-24 10:51 /myfile8
-rw-r--r--   3 root supergroup 1073741824 2019-02-24 10:50 /myfile9
file 8 has been put into HDFS
file 8 has been read from HDFS for 1 time
diff succeed!
file 8 has been read from HDFS for 2 time
diff succeed!
file 8 has been read from HDFS for 3 time
diff succeed!
file 8 has been read from HDFS for 4 time
diff succeed!
file 8 has been read from HDFS for 5 time
diff succeed!
file 8 has been read from HDFS for 6 time
diff succeed!
file 8 has been read from HDFS for 7 time
diff succeed!
file 8 has been read from HDFS for 8 time
diff succeed!
file 8 has been read from HDFS for 9 time
diff succeed!
sub_benchmark 9 signal TERM catched and let quit gracefully
Deleted /myfile8
file 8 has been removed from HDFS
