Found 20 items
-rw-r--r--   3 root supergroup 1073741824 2019-02-19 15:32 /myfile1
-rw-r--r--   3 root supergroup 1073741824 2019-02-19 15:32 /myfile10
-rw-r--r--   3 root supergroup 1073741824 2019-02-19 15:32 /myfile11
-rw-r--r--   3 root supergroup 1073741824 2019-02-19 15:32 /myfile12
-rw-r--r--   3 root supergroup 1073741824 2019-02-19 15:32 /myfile13
-rw-r--r--   3 root supergroup 1073741824 2019-02-19 15:32 /myfile14
-rw-r--r--   3 root supergroup 1073741824 2019-02-19 15:32 /myfile15
-rw-r--r--   3 root supergroup 1073741824 2019-02-19 15:32 /myfile16
-rw-r--r--   3 root supergroup 1073741824 2019-02-19 15:32 /myfile17
-rw-r--r--   3 root supergroup 1073741824 2019-02-19 15:32 /myfile18
-rw-r--r--   3 root supergroup 1073741824 2019-02-19 15:32 /myfile19
-rw-r--r--   3 root supergroup 1073741824 2019-02-19 15:32 /myfile2
-rw-r--r--   3 root supergroup 1073741824 2019-02-19 15:32 /myfile20
-rw-r--r--   3 root supergroup 1073741824 2019-02-19 15:32 /myfile3
-rw-r--r--   3 root supergroup 1073741824 2019-02-19 15:32 /myfile4
-rw-r--r--   3 root supergroup 1073741824 2019-02-19 15:32 /myfile5
-rw-r--r--   3 root supergroup 1073741824 2019-02-19 15:32 /myfile6
-rw-r--r--   3 root supergroup 1073741824 2019-02-19 15:32 /myfile7
-rw-r--r--   3 root supergroup 1073741824 2019-02-19 15:32 /myfile8
-rw-r--r--   3 root supergroup 1073741824 2019-02-19 15:32 /myfile9
file 2 has been put into HDFS
file 2 has been read from HDFS for 1 time
diff succeed!
file 2 has been read from HDFS for 2 time
diff succeed!
file 2 has been read from HDFS for 3 time
diff succeed!
file 2 has been read from HDFS for 4 time
diff succeed!
file 2 has been read from HDFS for 5 time
diff succeed!
file 2 has been read from HDFS for 6 time
diff succeed!
file 2 has been read from HDFS for 7 time
diff succeed!
file 2 has been read from HDFS for 8 time
diff succeed!
file 2 has been read from HDFS for 9 time
diff succeed!
file 2 has been read from HDFS for 10 time
diff succeed!
Deleted /myfile2
file 2 has been removed from HDFS
Found 19 items
-rw-r--r--   3 root supergroup 1073741824 2019-02-19 15:36 /myfile1
-rw-r--r--   3 root supergroup 1073741824 2019-02-19 15:37 /myfile10
-rw-r--r--   3 root supergroup 1073741824 2019-02-19 15:36 /myfile11
-rw-r--r--   3 root supergroup 1073741824 2019-02-19 15:36 /myfile12
-rw-r--r--   3 root supergroup 1073741824 2019-02-19 15:36 /myfile13
-rw-r--r--   3 root supergroup  536870912 2019-02-19 15:37 /myfile14._COPYING_
-rw-r--r--   3 root supergroup 1073741824 2019-02-19 15:36 /myfile15
-rw-r--r--   3 root supergroup  805306368 2019-02-19 15:37 /myfile16._COPYING_
-rw-r--r--   3 root supergroup 1073741824 2019-02-19 15:36 /myfile17
-rw-r--r--   3 root supergroup 1073741824 2019-02-19 15:36 /myfile18
-rw-r--r--   3 root supergroup 1073741824 2019-02-19 15:36 /myfile19
-rw-r--r--   3 root supergroup 1073741824 2019-02-19 15:38 /myfile2
-rw-r--r--   3 root supergroup 1073741824 2019-02-19 15:36 /myfile20
-rw-r--r--   3 root supergroup 1073741824 2019-02-19 15:36 /myfile3
-rw-r--r--   3 root supergroup  134217728 2019-02-19 15:37 /myfile4._COPYING_
-rw-r--r--   3 root supergroup 1073741824 2019-02-19 15:36 /myfile6
-rw-r--r--   3 root supergroup 1073741824 2019-02-19 15:36 /myfile7
-rw-r--r--   3 root supergroup 1073741824 2019-02-19 15:36 /myfile8
-rw-r--r--   3 root supergroup 1073741824 2019-02-19 15:36 /myfile9
file 2 has been put into HDFS
file 2 has been read from HDFS for 1 time
diff succeed!
file 2 has been read from HDFS for 2 time
diff succeed!
file 2 has been read from HDFS for 3 time
diff succeed!
file 2 has been read from HDFS for 4 time
diff succeed!
file 2 has been read from HDFS for 5 time
diff succeed!
file 2 has been read from HDFS for 6 time
diff succeed!
file 2 has been read from HDFS for 7 time
diff succeed!
file 2 has been read from HDFS for 8 time
diff succeed!
file 2 has been read from HDFS for 9 time
diff succeed!
file 2 has been read from HDFS for 10 time
diff succeed!
Deleted /myfile2
file 2 has been removed from HDFS
Found 20 items
-rw-r--r--   3 root supergroup 1073741824 2019-02-19 15:40 /myfile1
-rw-r--r--   3 root supergroup 1073741824 2019-02-19 15:42 /myfile10
-rw-r--r--   3 root supergroup 1073741824 2019-02-19 15:40 /myfile11
-rw-r--r--   3 root supergroup 1073741824 2019-02-19 15:40 /myfile12
-rw-r--r--   3 root supergroup 1073741824 2019-02-19 15:41 /myfile13
-rw-r--r--   3 root supergroup  671088640 2019-02-19 15:42 /myfile14._COPYING_
-rw-r--r--   3 root supergroup 1073741824 2019-02-19 15:40 /myfile15
-rw-r--r--   3 root supergroup  939524096 2019-02-19 15:42 /myfile16._COPYING_
-rw-r--r--   3 root supergroup 1073741824 2019-02-19 15:40 /myfile17
-rw-r--r--   3 root supergroup 1073741824 2019-02-19 15:41 /myfile18
-rw-r--r--   3 root supergroup 1073741824 2019-02-19 15:40 /myfile19
-rw-r--r--   3 root supergroup 1073741824 2019-02-19 15:42 /myfile2
-rw-r--r--   3 root supergroup 1073741824 2019-02-19 15:40 /myfile20
-rw-r--r--   3 root supergroup 1073741824 2019-02-19 15:40 /myfile3
-rw-r--r--   3 root supergroup          0 2019-02-19 15:42 /myfile4._COPYING_
-rw-r--r--   3 root supergroup  402653184 2019-02-19 15:42 /myfile5._COPYING_
-rw-r--r--   3 root supergroup 1073741824 2019-02-19 15:40 /myfile6
-rw-r--r--   3 root supergroup 1073741824 2019-02-19 15:40 /myfile7
-rw-r--r--   3 root supergroup 1073741824 2019-02-19 15:40 /myfile8
-rw-r--r--   3 root supergroup 1073741824 2019-02-19 15:41 /myfile9
file 2 has been put into HDFS
file 2 has been read from HDFS for 1 time
diff succeed!
file 2 has been read from HDFS for 2 time
diff succeed!
file 2 has been read from HDFS for 3 time
diff succeed!
file 2 has been read from HDFS for 4 time
diff succeed!
file 2 has been read from HDFS for 5 time
diff succeed!
file 2 has been read from HDFS for 6 time
diff succeed!
file 2 has been read from HDFS for 7 time
diff succeed!
file 2 has been read from HDFS for 8 time
diff succeed!
file 2 has been read from HDFS for 9 time
diff succeed!
file 2 has been read from HDFS for 10 time
diff succeed!
Deleted /myfile2
file 2 has been removed from HDFS
Found 20 items
-rw-r--r--   3 root supergroup 1073741824 2019-02-19 15:46 /myfile1
-rw-r--r--   3 root supergroup 1073741824 2019-02-19 15:46 /myfile10
-rw-r--r--   3 root supergroup 1073741824 2019-02-19 15:44 /myfile11
-rw-r--r--   3 root supergroup 1073741824 2019-02-19 15:44 /myfile12
-rw-r--r--   3 root supergroup 1073741824 2019-02-19 15:46 /myfile13
-rw-r--r--   3 root supergroup  402653184 2019-02-19 15:46 /myfile14._COPYING_
-rw-r--r--   3 root supergroup 1073741824 2019-02-19 15:44 /myfile15
-rw-r--r--   3 root supergroup 1073741824 2019-02-19 15:42 /myfile16
-rw-r--r--   3 root supergroup 1073741824 2019-02-19 15:44 /myfile17
-rw-r--r--   3 root supergroup 1073741824 2019-02-19 15:46 /myfile18
-rw-r--r--   3 root supergroup 1073741824 2019-02-19 15:44 /myfile19
-rw-r--r--   3 root supergroup 1073741824 2019-02-19 15:46 /myfile2
-rw-r--r--   3 root supergroup 1073741824 2019-02-19 15:44 /myfile20
-rw-r--r--   3 root supergroup 1073741824 2019-02-19 15:44 /myfile3
-rw-r--r--   3 root supergroup          0 2019-02-19 15:46 /myfile4._COPYING_
-rw-r--r--   3 root supergroup          0 2019-02-19 15:46 /myfile5._COPYING_
-rw-r--r--   3 root supergroup 1073741824 2019-02-19 15:44 /myfile6
-rw-r--r--   3 root supergroup 1073741824 2019-02-19 15:44 /myfile7
-rw-r--r--   3 root supergroup 1073741824 2019-02-19 15:44 /myfile8
-rw-r--r--   3 root supergroup 1073741824 2019-02-19 15:44 /myfile9
file 2 has been put into HDFS
file 2 has been read from HDFS for 1 time
diff succeed!
file 2 has been read from HDFS for 2 time
diff succeed!
file 2 has been read from HDFS for 3 time
diff succeed!
file 2 has been read from HDFS for 4 time
diff succeed!
file 2 has been read from HDFS for 5 time
diff succeed!
file 2 has been read from HDFS for 6 time
diff succeed!
file 2 has been read from HDFS for 7 time
diff succeed!
file 2 has been read from HDFS for 8 time
diff succeed!
file 2 has been read from HDFS for 9 time
diff succeed!
file 2 has been read from HDFS for 10 time
diff succeed!
Deleted /myfile2
file 2 has been removed from HDFS
Found 19 items
-rw-r--r--   3 root supergroup 1073741824 2019-02-19 15:50 /myfile1
-rw-r--r--   3 root supergroup 1073741824 2019-02-19 15:50 /myfile10
-rw-r--r--   3 root supergroup 1073741824 2019-02-19 15:48 /myfile11
-rw-r--r--   3 root supergroup 1073741824 2019-02-19 15:48 /myfile12
-rw-r--r--   3 root supergroup 1073741824 2019-02-19 15:50 /myfile13
-rw-r--r--   3 root supergroup 1073741824 2019-02-19 15:50 /myfile14
-rw-r--r--   3 root supergroup 1073741824 2019-02-19 15:48 /myfile15
-rw-r--r--   3 root supergroup 1073741824 2019-02-19 15:48 /myfile17
-rw-r--r--   3 root supergroup 1073741824 2019-02-19 15:50 /myfile18
-rw-r--r--   3 root supergroup 1073741824 2019-02-19 15:48 /myfile19
-rw-r--r--   3 root supergroup 1073741824 2019-02-19 15:50 /myfile2
-rw-r--r--   3 root supergroup 1073741824 2019-02-19 15:48 /myfile20
-rw-r--r--   3 root supergroup 1073741824 2019-02-19 15:48 /myfile3
-rw-r--r--   3 root supergroup 1073741824 2019-02-19 15:50 /myfile4
-rw-r--r--   3 root supergroup 1073741824 2019-02-19 15:50 /myfile5
-rw-r--r--   3 root supergroup 1073741824 2019-02-19 15:48 /myfile6
-rw-r--r--   3 root supergroup 1073741824 2019-02-19 15:48 /myfile7
-rw-r--r--   3 root supergroup 1073741824 2019-02-19 15:48 /myfile8
-rw-r--r--   3 root supergroup 1073741824 2019-02-19 15:48 /myfile9
file 2 has been put into HDFS
file 2 has been read from HDFS for 1 time
diff succeed!
file 2 has been read from HDFS for 2 time
diff succeed!
file 2 has been read from HDFS for 3 time
diff succeed!
file 2 has been read from HDFS for 4 time
diff succeed!
file 2 has been read from HDFS for 5 time
diff succeed!
file 2 has been read from HDFS for 6 time
diff succeed!
file 2 has been read from HDFS for 7 time
diff succeed!
file 2 has been read from HDFS for 8 time
diff succeed!
file 2 has been read from HDFS for 9 time
diff succeed!
file 2 has been read from HDFS for 10 time
diff succeed!
Deleted /myfile2
file 2 has been removed from HDFS
Found 19 items
-rw-r--r--   3 root supergroup 1073741824 2019-02-19 15:55 /myfile1
-rw-r--r--   3 root supergroup 1073741824 2019-02-19 15:54 /myfile10
-rw-r--r--   3 root supergroup 1073741824 2019-02-19 15:52 /myfile11
-rw-r--r--   3 root supergroup 1073741824 2019-02-19 15:52 /myfile12
-rw-r--r--   3 root supergroup 1073741824 2019-02-19 15:54 /myfile13
-rw-r--r--   3 root supergroup 1073741824 2019-02-19 15:54 /myfile14
-rw-r--r--   3 root supergroup 1073741824 2019-02-19 15:52 /myfile15
-rw-r--r--   3 root supergroup          0 2019-02-19 15:55 /myfile16._COPYING_
-rw-r--r--   3 root supergroup 1073741824 2019-02-19 15:52 /myfile17
-rw-r--r--   3 root supergroup 1073741824 2019-02-19 15:52 /myfile19
-rw-r--r--   3 root supergroup 1073741824 2019-02-19 15:55 /myfile2
-rw-r--r--   3 root supergroup 1073741824 2019-02-19 15:52 /myfile20
-rw-r--r--   3 root supergroup 1073741824 2019-02-19 15:52 /myfile3
-rw-r--r--   3 root supergroup 1073741824 2019-02-19 15:54 /myfile4
-rw-r--r--   3 root supergroup 1073741824 2019-02-19 15:55 /myfile5
-rw-r--r--   3 root supergroup 1073741824 2019-02-19 15:52 /myfile6
-rw-r--r--   3 root supergroup 1073741824 2019-02-19 15:52 /myfile7
-rw-r--r--   3 root supergroup 1073741824 2019-02-19 15:52 /myfile8
-rw-r--r--   3 root supergroup 1073741824 2019-02-19 15:52 /myfile9
file 2 has been put into HDFS
file 2 has been read from HDFS for 1 time
diff succeed!
file 2 has been read from HDFS for 2 time
diff succeed!
file 2 has been read from HDFS for 3 time
diff succeed!
file 2 has been read from HDFS for 4 time
diff succeed!
file 2 has been read from HDFS for 5 time
diff succeed!
file 2 has been read from HDFS for 6 time
diff succeed!
file 2 has been read from HDFS for 7 time
diff succeed!
file 2 has been read from HDFS for 8 time
diff succeed!
file 2 has been read from HDFS for 9 time
diff succeed!
file 2 has been read from HDFS for 10 time
diff succeed!
Deleted /myfile2
file 2 has been removed from HDFS
Found 20 items
-rw-r--r--   3 root supergroup 1073741824 2019-02-19 15:59 /myfile1
-rw-r--r--   3 root supergroup 1073741824 2019-02-19 15:59 /myfile10
-rw-r--r--   3 root supergroup 1073741824 2019-02-19 15:56 /myfile11
-rw-r--r--   3 root supergroup 1073741824 2019-02-19 15:56 /myfile12
-rw-r--r--   3 root supergroup 1073741824 2019-02-19 15:59 /myfile13
-rw-r--r--   3 root supergroup 1073741824 2019-02-19 15:59 /myfile14
-rw-r--r--   3 root supergroup 1073741824 2019-02-19 15:56 /myfile15
-rw-r--r--   3 root supergroup 1073741824 2019-02-19 15:59 /myfile16
-rw-r--r--   3 root supergroup 1073741824 2019-02-19 15:56 /myfile17
-rw-r--r--   3 root supergroup 1073741824 2019-02-19 15:55 /myfile18
-rw-r--r--   3 root supergroup 1073741824 2019-02-19 15:56 /myfile19
-rw-r--r--   3 root supergroup 1073741824 2019-02-19 15:59 /myfile2
-rw-r--r--   3 root supergroup 1073741824 2019-02-19 15:56 /myfile20
-rw-r--r--   3 root supergroup 1073741824 2019-02-19 15:56 /myfile3
-rw-r--r--   3 root supergroup 1073741824 2019-02-19 15:59 /myfile4
-rw-r--r--   3 root supergroup 1073741824 2019-02-19 15:59 /myfile5
-rw-r--r--   3 root supergroup 1073741824 2019-02-19 15:56 /myfile6
-rw-r--r--   3 root supergroup 1073741824 2019-02-19 15:56 /myfile7
-rw-r--r--   3 root supergroup 1073741824 2019-02-19 15:56 /myfile8
-rw-r--r--   3 root supergroup 1073741824 2019-02-19 15:56 /myfile9
file 2 has been put into HDFS
file 2 has been read from HDFS for 1 time
diff succeed!
file 2 has been read from HDFS for 2 time
diff succeed!
file 2 has been read from HDFS for 3 time
diff succeed!
file 2 has been read from HDFS for 4 time
diff succeed!
file 2 has been read from HDFS for 5 time
diff succeed!
file 2 has been read from HDFS for 6 time
diff succeed!
file 2 has been read from HDFS for 7 time
diff succeed!
file 2 has been read from HDFS for 8 time
diff succeed!
file 2 has been read from HDFS for 9 time
diff succeed!
file 2 has been read from HDFS for 10 time
diff succeed!
Deleted /myfile2
file 2 has been removed from HDFS
Found 18 items
-rw-r--r--   3 root supergroup 1073741824 2019-02-19 16:03 /myfile1
-rw-r--r--   3 root supergroup 1073741824 2019-02-19 16:03 /myfile10
-rw-r--r--   3 root supergroup 1073741824 2019-02-19 16:01 /myfile11
-rw-r--r--   3 root supergroup 1073741824 2019-02-19 16:01 /myfile12
-rw-r--r--   3 root supergroup 1073741824 2019-02-19 16:03 /myfile13
-rw-r--r--   3 root supergroup  671088640 2019-02-19 16:03 /myfile14._COPYING_
-rw-r--r--   3 root supergroup 1073741824 2019-02-19 16:01 /myfile15
-rw-r--r--   3 root supergroup 1073741824 2019-02-19 16:03 /myfile16
-rw-r--r--   3 root supergroup 1073741824 2019-02-19 16:01 /myfile17
-rw-r--r--   3 root supergroup 1073741824 2019-02-19 16:01 /myfile19
-rw-r--r--   3 root supergroup 1073741824 2019-02-19 16:03 /myfile2
-rw-r--r--   3 root supergroup 1073741824 2019-02-19 16:01 /myfile20
-rw-r--r--   3 root supergroup 1073741824 2019-02-19 16:01 /myfile3
-rw-r--r--   3 root supergroup 1073741824 2019-02-19 16:03 /myfile4
-rw-r--r--   3 root supergroup 1073741824 2019-02-19 16:01 /myfile6
-rw-r--r--   3 root supergroup 1073741824 2019-02-19 16:01 /myfile7
-rw-r--r--   3 root supergroup 1073741824 2019-02-19 16:01 /myfile8
-rw-r--r--   3 root supergroup 1073741824 2019-02-19 16:01 /myfile9
file 2 has been put into HDFS
file 2 has been read from HDFS for 1 time
diff succeed!
file 2 has been read from HDFS for 2 time
diff succeed!
file 2 has been read from HDFS for 3 time
diff succeed!
file 2 has been read from HDFS for 4 time
diff succeed!
file 2 has been read from HDFS for 5 time
diff succeed!
file 2 has been read from HDFS for 6 time
diff succeed!
file 2 has been read from HDFS for 7 time
diff succeed!
file 2 has been read from HDFS for 8 time
diff succeed!
file 2 has been read from HDFS for 9 time
diff succeed!
file 2 has been read from HDFS for 10 time
diff succeed!
Deleted /myfile2
file 2 has been removed from HDFS
Found 19 items
-rw-r--r--   3 root supergroup 1073741824 2019-02-19 16:07 /myfile1
-rw-r--r--   3 root supergroup 1073741824 2019-02-19 16:07 /myfile10
-rw-r--r--   3 root supergroup 1073741824 2019-02-19 16:05 /myfile11
-rw-r--r--   3 root supergroup 1073741824 2019-02-19 16:05 /myfile12
-rw-r--r--   3 root supergroup 1073741824 2019-02-19 16:07 /myfile13
-rw-r--r--   3 root supergroup 1073741824 2019-02-19 16:07 /myfile14
-rw-r--r--   3 root supergroup 1073741824 2019-02-19 16:05 /myfile15
-rw-r--r--   3 root supergroup 1073741824 2019-02-19 16:07 /myfile16
-rw-r--r--   3 root supergroup 1073741824 2019-02-19 16:05 /myfile17
-rw-r--r--   3 root supergroup 1073741824 2019-02-19 16:07 /myfile18
-rw-r--r--   3 root supergroup 1073741824 2019-02-19 16:05 /myfile19
-rw-r--r--   3 root supergroup 1073741824 2019-02-19 16:07 /myfile2
-rw-r--r--   3 root supergroup 1073741824 2019-02-19 16:05 /myfile20
-rw-r--r--   3 root supergroup 1073741824 2019-02-19 16:05 /myfile3
-rw-r--r--   3 root supergroup 1073741824 2019-02-19 16:07 /myfile4
-rw-r--r--   3 root supergroup 1073741824 2019-02-19 16:05 /myfile6
-rw-r--r--   3 root supergroup 1073741824 2019-02-19 16:05 /myfile7
-rw-r--r--   3 root supergroup 1073741824 2019-02-19 16:05 /myfile8
-rw-r--r--   3 root supergroup 1073741824 2019-02-19 16:05 /myfile9
file 2 has been put into HDFS
file 2 has been read from HDFS for 1 time
diff succeed!
file 2 has been read from HDFS for 2 time
diff succeed!
file 2 has been read from HDFS for 3 time
diff succeed!
file 2 has been read from HDFS for 4 time
diff succeed!
file 2 has been read from HDFS for 5 time
diff succeed!
file 2 has been read from HDFS for 6 time
diff succeed!
file 2 has been read from HDFS for 7 time
diff succeed!
file 2 has been read from HDFS for 8 time
diff succeed!
file 2 has been read from HDFS for 9 time
diff succeed!
file 2 has been read from HDFS for 10 time
diff succeed!
Deleted /myfile2
file 2 has been removed from HDFS
Found 20 items
-rw-r--r--   3 root supergroup 1073741824 2019-02-19 16:12 /myfile1
-rw-r--r--   3 root supergroup 1073741824 2019-02-19 16:12 /myfile10
-rw-r--r--   3 root supergroup 1073741824 2019-02-19 16:09 /myfile11
-rw-r--r--   3 root supergroup 1073741824 2019-02-19 16:09 /myfile12
-rw-r--r--   3 root supergroup 1073741824 2019-02-19 16:12 /myfile13
-rw-r--r--   3 root supergroup 1073741824 2019-02-19 16:12 /myfile14
-rw-r--r--   3 root supergroup 1073741824 2019-02-19 16:09 /myfile15
-rw-r--r--   3 root supergroup 1073741824 2019-02-19 16:12 /myfile16
-rw-r--r--   3 root supergroup 1073741824 2019-02-19 16:09 /myfile17
-rw-r--r--   3 root supergroup 1073741824 2019-02-19 16:12 /myfile18
-rw-r--r--   3 root supergroup 1073741824 2019-02-19 16:09 /myfile19
-rw-r--r--   3 root supergroup 1073741824 2019-02-19 16:12 /myfile2
-rw-r--r--   3 root supergroup 1073741824 2019-02-19 16:09 /myfile20
-rw-r--r--   3 root supergroup 1073741824 2019-02-19 16:09 /myfile3
-rw-r--r--   3 root supergroup 1073741824 2019-02-19 16:12 /myfile4
-rw-r--r--   3 root supergroup 1073741824 2019-02-19 16:12 /myfile5
-rw-r--r--   3 root supergroup 1073741824 2019-02-19 16:09 /myfile6
-rw-r--r--   3 root supergroup 1073741824 2019-02-19 16:09 /myfile7
-rw-r--r--   3 root supergroup 1073741824 2019-02-19 16:09 /myfile8
-rw-r--r--   3 root supergroup 1073741824 2019-02-19 16:09 /myfile9
file 2 has been put into HDFS
file 2 has been read from HDFS for 1 time
diff succeed!
file 2 has been read from HDFS for 2 time
diff succeed!
file 2 has been read from HDFS for 3 time
diff succeed!
file 2 has been read from HDFS for 4 time
diff succeed!
file 2 has been read from HDFS for 5 time
diff succeed!
file 2 has been read from HDFS for 6 time
diff succeed!
file 2 has been read from HDFS for 7 time
diff succeed!
file 2 has been read from HDFS for 8 time
diff succeed!
file 2 has been read from HDFS for 9 time
diff succeed!
file 2 has been read from HDFS for 10 time
diff succeed!
Deleted /myfile2
file 2 has been removed from HDFS
Found 20 items
-rw-r--r--   3 root supergroup 1073741824 2019-02-19 16:16 /myfile1
-rw-r--r--   3 root supergroup 1073741824 2019-02-19 16:16 /myfile10
-rw-r--r--   3 root supergroup 1073741824 2019-02-19 16:14 /myfile11
-rw-r--r--   3 root supergroup 1073741824 2019-02-19 16:14 /myfile12
-rw-r--r--   3 root supergroup 1073741824 2019-02-19 16:16 /myfile13
-rw-r--r--   3 root supergroup 1073741824 2019-02-19 16:16 /myfile14
-rw-r--r--   3 root supergroup 1073741824 2019-02-19 16:14 /myfile15
-rw-r--r--   3 root supergroup 1073741824 2019-02-19 16:16 /myfile16
-rw-r--r--   3 root supergroup 1073741824 2019-02-19 16:14 /myfile17
-rw-r--r--   3 root supergroup 1073741824 2019-02-19 16:16 /myfile18
-rw-r--r--   3 root supergroup 1073741824 2019-02-19 16:14 /myfile19
-rw-r--r--   3 root supergroup 1073741824 2019-02-19 16:16 /myfile2
-rw-r--r--   3 root supergroup 1073741824 2019-02-19 16:14 /myfile20
-rw-r--r--   3 root supergroup 1073741824 2019-02-19 16:14 /myfile3
-rw-r--r--   3 root supergroup 1073741824 2019-02-19 16:16 /myfile4
-rw-r--r--   3 root supergroup 1073741824 2019-02-19 16:16 /myfile5
-rw-r--r--   3 root supergroup 1073741824 2019-02-19 16:14 /myfile6
-rw-r--r--   3 root supergroup 1073741824 2019-02-19 16:14 /myfile7
-rw-r--r--   3 root supergroup 1073741824 2019-02-19 16:14 /myfile8
-rw-r--r--   3 root supergroup 1073741824 2019-02-19 16:14 /myfile9
file 2 has been put into HDFS
file 2 has been read from HDFS for 1 time
diff succeed!
file 2 has been read from HDFS for 2 time
diff succeed!
sub_benchmark 2 signal TERM catched and let quit gracefully
Deleted /myfile2
file 2 has been removed from HDFS
