2019-02-24 02:54:37,953 INFO retry.RetryInvocationHandler: java.net.ConnectException: Call From clnode059.clemson.cloudlab.us/130.127.133.68 to node-1-link-0:8020 failed on connection exception: java.net.ConnectException: Connection refused; For more details see:  http://wiki.apache.org/hadoop/ConnectionRefused, while invoking ClientNamenodeProtocolTranslatorPB.renewLease over node-1-link-0/10.10.1.4:8020. Trying to failover immediately.
2019-02-24 02:54:37,959 INFO retry.RetryInvocationHandler: org.apache.hadoop.ipc.RemoteException(org.apache.hadoop.ipc.StandbyException): Operation category WRITE is not supported in state standby. Visit https://s.apache.org/sbnn-error
	at org.apache.hadoop.hdfs.server.namenode.ha.StandbyState.checkOperation(StandbyState.java:88)
	at org.apache.hadoop.hdfs.server.namenode.NameNode$NameNodeHAContext.checkOperation(NameNode.java:1952)
	at org.apache.hadoop.hdfs.server.namenode.FSNamesystem.checkOperation(FSNamesystem.java:1423)
	at org.apache.hadoop.hdfs.server.namenode.FSNamesystem.renewLease(FSNamesystem.java:3740)
	at org.apache.hadoop.hdfs.server.namenode.NameNodeRpcServer.renewLease(NameNodeRpcServer.java:1134)
	at org.apache.hadoop.hdfs.protocolPB.ClientNamenodeProtocolServerSideTranslatorPB.renewLease(ClientNamenodeProtocolServerSideTranslatorPB.java:737)
	at org.apache.hadoop.hdfs.protocol.proto.ClientNamenodeProtocolProtos$ClientNamenodeProtocol$2.callBlockingMethod(ClientNamenodeProtocolProtos.java)
	at org.apache.hadoop.ipc.ProtobufRpcEngine$Server$ProtoBufRpcInvoker.call(ProtobufRpcEngine.java:523)
	at org.apache.hadoop.ipc.RPC$Server.call(RPC.java:991)
	at org.apache.hadoop.ipc.Server$RpcCall.run(Server.java:872)
	at org.apache.hadoop.ipc.Server$RpcCall.run(Server.java:818)
	at java.security.AccessController.doPrivileged(Native Method)
	at javax.security.auth.Subject.doAs(Subject.java:422)
	at org.apache.hadoop.security.UserGroupInformation.doAs(UserGroupInformation.java:1729)
	at org.apache.hadoop.ipc.Server$Handler.run(Server.java:2678)
, while invoking ClientNamenodeProtocolTranslatorPB.renewLease over node-0-link-0/10.10.1.1:8020 after 1 failover attempts. Trying to failover after sleeping for 808ms.
2019-02-24 02:54:38,769 INFO retry.RetryInvocationHandler: java.net.ConnectException: Call From clnode059.clemson.cloudlab.us/130.127.133.68 to node-1-link-0:8020 failed on connection exception: java.net.ConnectException: Connection refused; For more details see:  http://wiki.apache.org/hadoop/ConnectionRefused, while invoking ClientNamenodeProtocolTranslatorPB.renewLease over node-1-link-0/10.10.1.4:8020 after 2 failover attempts. Trying to failover after sleeping for 2316ms.
Found 20 items
-rw-r--r--   3 root supergroup 1073741824 2019-02-24 02:55 /myfile1
-rw-r--r--   3 root supergroup 1073741824 2019-02-24 02:55 /myfile10
-rw-r--r--   3 root supergroup  939524096 2019-02-24 02:53 /myfile11._COPYING_
-rw-r--r--   3 root supergroup  939524096 2019-02-24 02:53 /myfile12._COPYING_
-rw-r--r--   3 root supergroup 1073741824 2019-02-24 02:55 /myfile13
-rw-r--r--   3 root supergroup 1073741824 2019-02-24 02:55 /myfile14
-rw-r--r--   3 root supergroup  939524096 2019-02-24 02:53 /myfile15._COPYING_
-rw-r--r--   3 root supergroup  939524096 2019-02-24 02:53 /myfile16._COPYING_
-rw-r--r--   3 root supergroup  939524096 2019-02-24 02:53 /myfile17._COPYING_
-rw-r--r--   3 root supergroup  939524096 2019-02-24 02:53 /myfile18._COPYING_
-rw-r--r--   3 root supergroup 1073741824 2019-02-24 02:55 /myfile19
-rw-r--r--   3 root supergroup 1073741824 2019-02-24 02:55 /myfile2
-rw-r--r--   3 root supergroup 1073741824 2019-02-24 02:55 /myfile20
-rw-r--r--   3 root supergroup  939524096 2019-02-24 02:53 /myfile3._COPYING_
-rw-r--r--   3 root supergroup 1073741824 2019-02-24 02:55 /myfile4
-rw-r--r--   3 root supergroup 1073741824 2019-02-24 02:55 /myfile5
-rw-r--r--   3 root supergroup  939524096 2019-02-24 02:53 /myfile6._COPYING_
-rw-r--r--   3 root supergroup 1073741824 2019-02-24 02:53 /myfile7
-rw-r--r--   3 root supergroup  805306368 2019-02-24 02:53 /myfile8._COPYING_
-rw-r--r--   3 root supergroup  939524096 2019-02-24 02:53 /myfile9._COPYING_
file 4 has been put into HDFS
file 4 has been read from HDFS for 1 time
diff succeed!
file 4 has been read from HDFS for 2 time
diff succeed!
file 4 has been read from HDFS for 3 time
diff succeed!
file 4 has been read from HDFS for 4 time
diff succeed!
file 4 has been read from HDFS for 5 time
diff succeed!
file 4 has been read from HDFS for 6 time
diff succeed!
file 4 has been read from HDFS for 7 time
diff succeed!
file 4 has been read from HDFS for 8 time
diff succeed!
file 4 has been read from HDFS for 9 time
diff succeed!
file 4 has been read from HDFS for 10 time
diff succeed!
Deleted /myfile4
file 4 has been removed from HDFS
Found 18 items
-rw-r--r--   3 root supergroup  805306368 2019-02-24 02:58 /myfile1._COPYING_
-rw-r--r--   3 root supergroup  939524096 2019-02-24 02:58 /myfile10._COPYING_
-rw-r--r--   3 root supergroup 1073741824 2019-02-24 02:55 /myfile11
-rw-r--r--   3 root supergroup 1073741824 2019-02-24 02:55 /myfile13
-rw-r--r--   3 root supergroup  805306368 2019-02-24 02:58 /myfile14._COPYING_
-rw-r--r--   3 root supergroup 1073741824 2019-02-24 02:55 /myfile15
-rw-r--r--   3 root supergroup 1073741824 2019-02-24 02:55 /myfile16
-rw-r--r--   3 root supergroup 1073741824 2019-02-24 02:55 /myfile17
-rw-r--r--   3 root supergroup  939524096 2019-02-24 02:58 /myfile19._COPYING_
-rw-r--r--   3 root supergroup  134217728 2019-02-24 02:59 /myfile2._COPYING_
-rw-r--r--   3 root supergroup  939524096 2019-02-24 02:58 /myfile20._COPYING_
-rw-r--r--   3 root supergroup 1073741824 2019-02-24 02:55 /myfile3
-rw-r--r--   3 root supergroup 1073741824 2019-02-24 02:59 /myfile4
-rw-r--r--   3 root supergroup  939524096 2019-02-24 02:58 /myfile5._COPYING_
-rw-r--r--   3 root supergroup  402653184 2019-02-24 02:59 /myfile6._COPYING_
-rw-r--r--   3 root supergroup 1073741824 2019-02-24 02:58 /myfile7
-rw-r--r--   3 root supergroup          0 2019-02-24 02:59 /myfile8._COPYING_
-rw-r--r--   3 root supergroup  536870912 2019-02-24 02:58 /myfile9._COPYING_
file 4 has been put into HDFS
file 4 has been read from HDFS for 1 time
diff succeed!
file 4 has been read from HDFS for 2 time
diff succeed!
file 4 has been read from HDFS for 3 time
diff succeed!
file 4 has been read from HDFS for 4 time
diff succeed!
file 4 has been read from HDFS for 5 time
diff succeed!
file 4 has been read from HDFS for 6 time
diff succeed!
file 4 has been read from HDFS for 7 time
diff succeed!
file 4 has been read from HDFS for 8 time
diff succeed!
file 4 has been read from HDFS for 9 time
diff succeed!
file 4 has been read from HDFS for 10 time
diff succeed!
Deleted /myfile4
file 4 has been removed from HDFS
Found 19 items
-rw-r--r--   3 root supergroup 1073741824 2019-02-24 03:04 /myfile1
-rw-r--r--   3 root supergroup  939524096 2019-02-24 03:04 /myfile10._COPYING_
-rw-r--r--   3 root supergroup 1073741824 2019-02-24 03:05 /myfile12
-rw-r--r--   3 root supergroup 1073741824 2019-02-24 03:04 /myfile13
-rw-r--r--   3 root supergroup 1073741824 2019-02-24 03:03 /myfile14
-rw-r--r--   3 root supergroup  939524096 2019-02-24 03:04 /myfile15._COPYING_
-rw-r--r--   3 root supergroup 1073741824 2019-02-24 03:05 /myfile16
-rw-r--r--   3 root supergroup 1073741824 2019-02-24 03:05 /myfile17
-rw-r--r--   3 root supergroup  671088640 2019-02-24 03:04 /myfile18._COPYING_
-rw-r--r--   3 root supergroup 1073741824 2019-02-24 03:03 /myfile19
-rw-r--r--   3 root supergroup 1073741824 2019-02-24 03:05 /myfile2
-rw-r--r--   3 root supergroup 1073741824 2019-02-24 03:04 /myfile20
-rw-r--r--   3 root supergroup  671088640 2019-02-24 03:04 /myfile3._COPYING_
-rw-r--r--   3 root supergroup 1073741824 2019-02-24 03:05 /myfile4
-rw-r--r--   3 root supergroup 1073741824 2019-02-24 03:03 /myfile5
-rw-r--r--   3 root supergroup 1073741824 2019-02-24 03:05 /myfile6
-rw-r--r--   3 root supergroup 1073741824 2019-02-24 03:03 /myfile7
-rw-r--r--   3 root supergroup 1073741824 2019-02-24 03:05 /myfile8
-rw-r--r--   3 root supergroup 1073741824 2019-02-24 03:03 /myfile9
file 4 has been put into HDFS
file 4 has been read from HDFS for 1 time
diff succeed!
file 4 has been read from HDFS for 2 time
diff succeed!
file 4 has been read from HDFS for 3 time
diff succeed!
file 4 has been read from HDFS for 4 time
diff succeed!
file 4 has been read from HDFS for 5 time
diff succeed!
file 4 has been read from HDFS for 6 time
diff succeed!
file 4 has been read from HDFS for 7 time
diff succeed!
file 4 has been read from HDFS for 8 time
diff succeed!
file 4 has been read from HDFS for 9 time
diff succeed!
file 4 has been read from HDFS for 10 time
diff succeed!
Deleted /myfile4
file 4 has been removed from HDFS
Found 18 items
-rw-r--r--   3 root supergroup 1073741824 2019-02-24 03:09 /myfile1
-rw-r--r--   3 root supergroup 1073741824 2019-02-24 03:06 /myfile11
-rw-r--r--   3 root supergroup  402653184 2019-02-24 03:09 /myfile12._COPYING_
-rw-r--r--   3 root supergroup 1073741824 2019-02-24 03:09 /myfile13
-rw-r--r--   3 root supergroup 1073741824 2019-02-24 03:08 /myfile14
-rw-r--r--   3 root supergroup          0 2019-02-24 03:09 /myfile15._COPYING_
-rw-r--r--   3 root supergroup  805306368 2019-02-24 03:09 /myfile16._COPYING_
-rw-r--r--   3 root supergroup  939524096 2019-02-24 03:09 /myfile17._COPYING_
-rw-r--r--   3 root supergroup 1073741824 2019-02-24 03:08 /myfile19
-rw-r--r--   3 root supergroup          0 2019-02-24 03:09 /myfile2._COPYING_
-rw-r--r--   3 root supergroup  402653184 2019-02-24 03:09 /myfile20._COPYING_
-rw-r--r--   3 root supergroup  939524096 2019-02-24 03:09 /myfile3._COPYING_
-rw-r--r--   3 root supergroup 1073741824 2019-02-24 03:09 /myfile4
-rw-r--r--   3 root supergroup 1073741824 2019-02-24 03:08 /myfile5
-rw-r--r--   3 root supergroup 1073741824 2019-02-24 03:09 /myfile6
-rw-r--r--   3 root supergroup 1073741824 2019-02-24 03:08 /myfile7
-rw-r--r--   3 root supergroup 1073741824 2019-02-24 03:09 /myfile8
-rw-r--r--   3 root supergroup 1073741824 2019-02-24 03:08 /myfile9
file 4 has been put into HDFS
file 4 has been read from HDFS for 1 time
diff succeed!
file 4 has been read from HDFS for 2 time
diff succeed!
file 4 has been read from HDFS for 3 time
diff succeed!
file 4 has been read from HDFS for 4 time
diff succeed!
file 4 has been read from HDFS for 5 time
diff succeed!
file 4 has been read from HDFS for 6 time
diff succeed!
file 4 has been read from HDFS for 7 time
diff succeed!
file 4 has been read from HDFS for 8 time
diff succeed!
file 4 has been read from HDFS for 9 time
diff succeed!
file 4 has been read from HDFS for 10 time
diff succeed!
Deleted /myfile4
file 4 has been removed from HDFS
Found 20 items
-rw-r--r--   3 root supergroup 1073741824 2019-02-24 03:13 /myfile1
-rw-r--r--   3 root supergroup  939524096 2019-02-24 03:14 /myfile10._COPYING_
-rw-r--r--   3 root supergroup  805306368 2019-02-24 03:14 /myfile11._COPYING_
-rw-r--r--   3 root supergroup  805306368 2019-02-24 03:14 /myfile12._COPYING_
-rw-r--r--   3 root supergroup 1073741824 2019-02-24 03:13 /myfile13
-rw-r--r--   3 root supergroup 1073741824 2019-02-24 03:12 /myfile14
-rw-r--r--   3 root supergroup  805306368 2019-02-24 03:14 /myfile15._COPYING_
-rw-r--r--   3 root supergroup 1073741824 2019-02-24 03:14 /myfile16
-rw-r--r--   3 root supergroup 1073741824 2019-02-24 03:13 /myfile17
-rw-r--r--   3 root supergroup  939524096 2019-02-24 03:14 /myfile18._COPYING_
-rw-r--r--   3 root supergroup 1073741824 2019-02-24 03:12 /myfile19
-rw-r--r--   3 root supergroup 1073741824 2019-02-24 03:14 /myfile2
-rw-r--r--   3 root supergroup  939524096 2019-02-24 03:14 /myfile20._COPYING_
-rw-r--r--   3 root supergroup 1073741824 2019-02-24 03:14 /myfile3
-rw-r--r--   3 root supergroup 1073741824 2019-02-24 03:14 /myfile4
-rw-r--r--   3 root supergroup 1073741824 2019-02-24 03:12 /myfile5
-rw-r--r--   3 root supergroup 1073741824 2019-02-24 03:13 /myfile6
-rw-r--r--   3 root supergroup 1073741824 2019-02-24 03:12 /myfile7
-rw-r--r--   3 root supergroup 1073741824 2019-02-24 03:13 /myfile8
-rw-r--r--   3 root supergroup 1073741824 2019-02-24 03:12 /myfile9
file 4 has been put into HDFS
file 4 has been read from HDFS for 1 time
diff succeed!
file 4 has been read from HDFS for 2 time
diff succeed!
file 4 has been read from HDFS for 3 time
diff succeed!
file 4 has been read from HDFS for 4 time
diff succeed!
file 4 has been read from HDFS for 5 time
diff succeed!
file 4 has been read from HDFS for 6 time
diff succeed!
file 4 has been read from HDFS for 7 time
diff succeed!
file 4 has been read from HDFS for 8 time
diff succeed!
file 4 has been read from HDFS for 9 time
diff succeed!
file 4 has been read from HDFS for 10 time
diff succeed!
Deleted /myfile4
file 4 has been removed from HDFS
Found 19 items
-rw-r--r--   3 root supergroup 1073741824 2019-02-24 03:18 /myfile1
-rw-r--r--   3 root supergroup 1073741824 2019-02-24 03:19 /myfile10
-rw-r--r--   3 root supergroup 1073741824 2019-02-24 03:20 /myfile11
-rw-r--r--   3 root supergroup 1073741824 2019-02-24 03:19 /myfile12
-rw-r--r--   3 root supergroup 1073741824 2019-02-24 03:18 /myfile13
-rw-r--r--   3 root supergroup 1073741824 2019-02-24 03:18 /myfile14
-rw-r--r--   3 root supergroup 1073741824 2019-02-24 03:19 /myfile15
-rw-r--r--   3 root supergroup 1073741824 2019-02-24 03:19 /myfile16
-rw-r--r--   3 root supergroup 1073741824 2019-02-24 03:18 /myfile17
-rw-r--r--   3 root supergroup 1073741824 2019-02-24 03:19 /myfile18
-rw-r--r--   3 root supergroup 1073741824 2019-02-24 03:19 /myfile2
-rw-r--r--   3 root supergroup 1073741824 2019-02-24 03:19 /myfile20
-rw-r--r--   3 root supergroup 1073741824 2019-02-24 03:19 /myfile3
-rw-r--r--   3 root supergroup 1073741824 2019-02-24 03:20 /myfile4
-rw-r--r--   3 root supergroup 1073741824 2019-02-24 03:17 /myfile5
-rw-r--r--   3 root supergroup 1073741824 2019-02-24 03:18 /myfile6
-rw-r--r--   3 root supergroup 1073741824 2019-02-24 03:16 /myfile7
-rw-r--r--   3 root supergroup 1073741824 2019-02-24 03:18 /myfile8
-rw-r--r--   3 root supergroup 1073741824 2019-02-24 03:17 /myfile9
file 4 has been put into HDFS
file 4 has been read from HDFS for 1 time
diff succeed!
file 4 has been read from HDFS for 2 time
diff succeed!
file 4 has been read from HDFS for 3 time
diff succeed!
file 4 has been read from HDFS for 4 time
diff succeed!
file 4 has been read from HDFS for 5 time
diff succeed!
file 4 has been read from HDFS for 6 time
diff succeed!
file 4 has been read from HDFS for 7 time
diff succeed!
file 4 has been read from HDFS for 8 time
diff succeed!
file 4 has been read from HDFS for 9 time
diff succeed!
file 4 has been read from HDFS for 10 time
diff succeed!
Deleted /myfile4
file 4 has been removed from HDFS
Found 20 items
-rw-r--r--   3 root supergroup 1073741824 2019-02-24 03:23 /myfile1
-rw-r--r--   3 root supergroup 1073741824 2019-02-24 03:24 /myfile10
-rw-r--r--   3 root supergroup 1073741824 2019-02-24 03:24 /myfile11
-rw-r--r--   3 root supergroup 1073741824 2019-02-24 03:24 /myfile12
-rw-r--r--   3 root supergroup 1073741824 2019-02-24 03:23 /myfile13
-rw-r--r--   3 root supergroup 1073741824 2019-02-24 03:22 /myfile14
-rw-r--r--   3 root supergroup 1073741824 2019-02-24 03:23 /myfile15
-rw-r--r--   3 root supergroup 1073741824 2019-02-24 03:23 /myfile16
-rw-r--r--   3 root supergroup 1073741824 2019-02-24 03:22 /myfile17
-rw-r--r--   3 root supergroup 1073741824 2019-02-24 03:24 /myfile18
-rw-r--r--   3 root supergroup 1073741824 2019-02-24 03:21 /myfile19
-rw-r--r--   3 root supergroup 1073741824 2019-02-24 03:24 /myfile2
-rw-r--r--   3 root supergroup 1073741824 2019-02-24 03:23 /myfile20
-rw-r--r--   3 root supergroup 1073741824 2019-02-24 03:24 /myfile3
-rw-r--r--   3 root supergroup 1073741824 2019-02-24 03:24 /myfile4
-rw-r--r--   3 root supergroup 1073741824 2019-02-24 03:22 /myfile5
-rw-r--r--   3 root supergroup 1073741824 2019-02-24 03:22 /myfile6
-rw-r--r--   3 root supergroup 1073741824 2019-02-24 03:22 /myfile7
-rw-r--r--   3 root supergroup 1073741824 2019-02-24 03:23 /myfile8
-rw-r--r--   3 root supergroup 1073741824 2019-02-24 03:21 /myfile9
file 4 has been put into HDFS
file 4 has been read from HDFS for 1 time
diff succeed!
file 4 has been read from HDFS for 2 time
diff succeed!
file 4 has been read from HDFS for 3 time
diff succeed!
file 4 has been read from HDFS for 4 time
diff succeed!
file 4 has been read from HDFS for 5 time
diff succeed!
file 4 has been read from HDFS for 6 time
diff succeed!
file 4 has been read from HDFS for 7 time
diff succeed!
file 4 has been read from HDFS for 8 time
diff succeed!
file 4 has been read from HDFS for 9 time
diff succeed!
file 4 has been read from HDFS for 10 time
diff succeed!
Deleted /myfile4
file 4 has been removed from HDFS
Found 19 items
-rw-r--r--   3 root supergroup 1073741824 2019-02-24 03:27 /myfile1
-rw-r--r--   3 root supergroup 1073741824 2019-02-24 03:29 /myfile10
-rw-r--r--   3 root supergroup 1073741824 2019-02-24 03:29 /myfile11
-rw-r--r--   3 root supergroup 1073741824 2019-02-24 03:29 /myfile12
-rw-r--r--   3 root supergroup 1073741824 2019-02-24 03:28 /myfile13
-rw-r--r--   3 root supergroup 1073741824 2019-02-24 03:27 /myfile14
-rw-r--r--   3 root supergroup 1073741824 2019-02-24 03:29 /myfile15
-rw-r--r--   3 root supergroup 1073741824 2019-02-24 03:28 /myfile16
-rw-r--r--   3 root supergroup 1073741824 2019-02-24 03:26 /myfile17
-rw-r--r--   3 root supergroup 1073741824 2019-02-24 03:29 /myfile18
-rw-r--r--   3 root supergroup 1073741824 2019-02-24 03:29 /myfile2
-rw-r--r--   3 root supergroup 1073741824 2019-02-24 03:27 /myfile20
-rw-r--r--   3 root supergroup 1073741824 2019-02-24 03:29 /myfile3
-rw-r--r--   3 root supergroup 1073741824 2019-02-24 03:29 /myfile4
-rw-r--r--   3 root supergroup 1073741824 2019-02-24 03:26 /myfile5
-rw-r--r--   3 root supergroup 1073741824 2019-02-24 03:27 /myfile6
-rw-r--r--   3 root supergroup 1073741824 2019-02-24 03:26 /myfile7
-rw-r--r--   3 root supergroup 1073741824 2019-02-24 03:27 /myfile8
-rw-r--r--   3 root supergroup 1073741824 2019-02-24 03:26 /myfile9
file 4 has been put into HDFS
file 4 has been read from HDFS for 1 time
diff succeed!
file 4 has been read from HDFS for 2 time
diff succeed!
file 4 has been read from HDFS for 3 time
diff succeed!
file 4 has been read from HDFS for 4 time
diff succeed!
file 4 has been read from HDFS for 5 time
diff succeed!
file 4 has been read from HDFS for 6 time
diff succeed!
file 4 has been read from HDFS for 7 time
diff succeed!
file 4 has been read from HDFS for 8 time
diff succeed!
file 4 has been read from HDFS for 9 time
diff succeed!
file 4 has been read from HDFS for 10 time
diff succeed!
Deleted /myfile4
file 4 has been removed from HDFS
Found 20 items
-rw-r--r--   3 root supergroup 1073741824 2019-02-24 03:32 /myfile1
-rw-r--r--   3 root supergroup 1073741824 2019-02-24 03:33 /myfile10
-rw-r--r--   3 root supergroup 1073741824 2019-02-24 03:34 /myfile11
-rw-r--r--   3 root supergroup 1073741824 2019-02-24 03:34 /myfile12
-rw-r--r--   3 root supergroup 1073741824 2019-02-24 03:33 /myfile13
-rw-r--r--   3 root supergroup 1073741824 2019-02-24 03:31 /myfile14
-rw-r--r--   3 root supergroup 1073741824 2019-02-24 03:34 /myfile15
-rw-r--r--   3 root supergroup 1073741824 2019-02-24 03:32 /myfile16
-rw-r--r--   3 root supergroup 1073741824 2019-02-24 03:31 /myfile17
-rw-r--r--   3 root supergroup 1073741824 2019-02-24 03:34 /myfile18
-rw-r--r--   3 root supergroup 1073741824 2019-02-24 03:34 /myfile19
-rw-r--r--   3 root supergroup 1073741824 2019-02-24 03:34 /myfile2
-rw-r--r--   3 root supergroup 1073741824 2019-02-24 03:31 /myfile20
-rw-r--r--   3 root supergroup 1073741824 2019-02-24 03:34 /myfile3
-rw-r--r--   3 root supergroup 1073741824 2019-02-24 03:34 /myfile4
-rw-r--r--   3 root supergroup 1073741824 2019-02-24 03:31 /myfile5
-rw-r--r--   3 root supergroup 1073741824 2019-02-24 03:32 /myfile6
-rw-r--r--   3 root supergroup 1073741824 2019-02-24 03:31 /myfile7
-rw-r--r--   3 root supergroup 1073741824 2019-02-24 03:31 /myfile8
-rw-r--r--   3 root supergroup 1073741824 2019-02-24 03:31 /myfile9
file 4 has been put into HDFS
file 4 has been read from HDFS for 1 time
diff succeed!
file 4 has been read from HDFS for 2 time
diff succeed!
file 4 has been read from HDFS for 3 time
diff succeed!
file 4 has been read from HDFS for 4 time
diff succeed!
file 4 has been read from HDFS for 5 time
diff succeed!
file 4 has been read from HDFS for 6 time
diff succeed!
sub_benchmark 7 signal TERM catched and let quit gracefully
file 4 has been read from HDFS for 7 time
diff succeed!
Deleted /myfile4
file 4 has been removed from HDFS
