Found 20 items
-rw-r--r--   3 root supergroup 1073741824 2019-02-22 16:32 /myfile1
-rw-r--r--   3 root supergroup  939524096 2019-02-22 16:32 /myfile10._COPYING_
-rw-r--r--   3 root supergroup 1073741824 2019-02-22 16:32 /myfile11
-rw-r--r--   3 root supergroup 1073741824 2019-02-22 16:32 /myfile12
-rw-r--r--   3 root supergroup 1073741824 2019-02-22 16:32 /myfile13
-rw-r--r--   3 root supergroup 1073741824 2019-02-22 16:32 /myfile14
-rw-r--r--   3 root supergroup 1073741824 2019-02-22 16:32 /myfile15
-rw-r--r--   3 root supergroup 1073741824 2019-02-22 16:32 /myfile16
-rw-r--r--   3 root supergroup 1073741824 2019-02-22 16:32 /myfile17
-rw-r--r--   3 root supergroup 1073741824 2019-02-22 16:32 /myfile18
-rw-r--r--   3 root supergroup 1073741824 2019-02-22 16:32 /myfile19
-rw-r--r--   3 root supergroup 1073741824 2019-02-22 16:32 /myfile2
-rw-r--r--   3 root supergroup  939524096 2019-02-22 16:32 /myfile20._COPYING_
-rw-r--r--   3 root supergroup 1073741824 2019-02-22 16:32 /myfile3
-rw-r--r--   3 root supergroup 1073741824 2019-02-22 16:32 /myfile4
-rw-r--r--   3 root supergroup 1073741824 2019-02-22 16:32 /myfile5
-rw-r--r--   3 root supergroup 1073741824 2019-02-22 16:32 /myfile6
-rw-r--r--   3 root supergroup 1073741824 2019-02-22 16:32 /myfile7
-rw-r--r--   3 root supergroup 1073741824 2019-02-22 16:32 /myfile8
-rw-r--r--   3 root supergroup 1073741824 2019-02-22 16:32 /myfile9
file 6 has been put into HDFS
file 6 has been read from HDFS for 1 time
diff succeed!
file 6 has been read from HDFS for 2 time
diff succeed!
file 6 has been read from HDFS for 3 time
diff succeed!
file 6 has been read from HDFS for 4 time
diff succeed!
file 6 has been read from HDFS for 5 time
diff succeed!
file 6 has been read from HDFS for 6 time
diff succeed!
file 6 has been read from HDFS for 7 time
diff succeed!
file 6 has been read from HDFS for 8 time
diff succeed!
file 6 has been read from HDFS for 9 time
diff succeed!
file 6 has been read from HDFS for 10 time
diff succeed!
Deleted /myfile6
file 6 has been removed from HDFS
Found 14 items
-rw-r--r--   3 root supergroup 1073741824 2019-02-22 16:36 /myfile1
-rw-r--r--   3 root supergroup 1073741824 2019-02-22 16:32 /myfile10
-rw-r--r--   3 root supergroup  134217728 2019-02-22 16:36 /myfile13._COPYING_
-rw-r--r--   3 root supergroup 1073741824 2019-02-22 16:36 /myfile15
-rw-r--r--   3 root supergroup  536870912 2019-02-22 16:36 /myfile16._COPYING_
-rw-r--r--   3 root supergroup 1073741824 2019-02-22 16:36 /myfile17
-rw-r--r--   3 root supergroup 1073741824 2019-02-22 16:36 /myfile2
-rw-r--r--   3 root supergroup 1073741824 2019-02-22 16:36 /myfile3
-rw-r--r--   3 root supergroup 1073741824 2019-02-22 16:36 /myfile4
-rw-r--r--   3 root supergroup  536870912 2019-02-22 16:36 /myfile5._COPYING_
-rw-r--r--   3 root supergroup 1073741824 2019-02-22 16:36 /myfile6
-rw-r--r--   3 root supergroup  671088640 2019-02-22 16:36 /myfile7._COPYING_
-rw-r--r--   3 root supergroup  536870912 2019-02-22 16:36 /myfile8._COPYING_
-rw-r--r--   3 root supergroup 1073741824 2019-02-22 16:36 /myfile9
file 6 has been put into HDFS
file 6 has been read from HDFS for 1 time
diff succeed!
file 6 has been read from HDFS for 2 time
diff succeed!
file 6 has been read from HDFS for 3 time
diff succeed!
file 6 has been read from HDFS for 4 time
diff succeed!
file 6 has been read from HDFS for 5 time
diff succeed!
file 6 has been read from HDFS for 6 time
diff succeed!
file 6 has been read from HDFS for 7 time
diff succeed!
file 6 has been read from HDFS for 8 time
diff succeed!
file 6 has been read from HDFS for 9 time
diff succeed!
file 6 has been read from HDFS for 10 time
diff succeed!
Deleted /myfile6
file 6 has been removed from HDFS
Found 19 items
-rw-r--r--   3 root supergroup 1073741824 2019-02-22 16:40 /myfile1
-rw-r--r--   3 root supergroup 1073741824 2019-02-22 16:38 /myfile10
-rw-r--r--   3 root supergroup 1073741824 2019-02-22 16:38 /myfile11
-rw-r--r--   3 root supergroup 1073741824 2019-02-22 16:38 /myfile12
-rw-r--r--   3 root supergroup          0 2019-02-22 16:40 /myfile13._COPYING_
-rw-r--r--   3 root supergroup 1073741824 2019-02-22 16:40 /myfile15
-rw-r--r--   3 root supergroup 1073741824 2019-02-22 16:40 /myfile16
-rw-r--r--   3 root supergroup 1073741824 2019-02-22 16:40 /myfile17
-rw-r--r--   3 root supergroup 1073741824 2019-02-22 16:37 /myfile18
-rw-r--r--   3 root supergroup 1073741824 2019-02-22 16:38 /myfile19
-rw-r--r--   3 root supergroup 1073741824 2019-02-22 16:40 /myfile2
-rw-r--r--   3 root supergroup 1073741824 2019-02-22 16:38 /myfile20
-rw-r--r--   3 root supergroup 1073741824 2019-02-22 16:40 /myfile3
-rw-r--r--   3 root supergroup 1073741824 2019-02-22 16:40 /myfile4
-rw-r--r--   3 root supergroup  268435456 2019-02-22 16:40 /myfile5._COPYING_
-rw-r--r--   3 root supergroup 1073741824 2019-02-22 16:40 /myfile6
-rw-r--r--   3 root supergroup  939524096 2019-02-22 16:40 /myfile7._COPYING_
-rw-r--r--   3 root supergroup 1073741824 2019-02-22 16:40 /myfile8
-rw-r--r--   3 root supergroup 1073741824 2019-02-22 16:40 /myfile9
file 6 has been put into HDFS
file 6 has been read from HDFS for 1 time
diff succeed!
file 6 has been read from HDFS for 2 time
diff succeed!
file 6 has been read from HDFS for 3 time
diff succeed!
file 6 has been read from HDFS for 4 time
diff succeed!
file 6 has been read from HDFS for 5 time
diff succeed!
file 6 has been read from HDFS for 6 time
diff succeed!
file 6 has been read from HDFS for 7 time
diff succeed!
file 6 has been read from HDFS for 8 time
diff succeed!
file 6 has been read from HDFS for 9 time
diff succeed!
file 6 has been read from HDFS for 10 time
diff succeed!
Deleted /myfile6
file 6 has been removed from HDFS
2019-02-22 16:45:01,260 INFO retry.RetryInvocationHandler: org.apache.hadoop.ipc.RemoteException(org.apache.hadoop.ipc.RetriableException): org.apache.hadoop.hdfs.server.namenode.SafeModeException: Cannot create file/myfile6._COPYING_. Name node is in safe mode.
The reported blocks 97 has reached the threshold 0.9990 of total blocks 97. The number of live datanodes 3 has reached the minimum number 0. In safe mode extension. Safe mode will be turned off automatically in 23 seconds. NamenodeHostName:node-1-link-0
	at org.apache.hadoop.hdfs.server.namenode.FSNamesystem.checkNameNodeSafeMode(FSNamesystem.java:1441)
	at org.apache.hadoop.hdfs.server.namenode.FSNamesystem.startFileInt(FSNamesystem.java:2401)
	at org.apache.hadoop.hdfs.server.namenode.FSNamesystem.startFile(FSNamesystem.java:2347)
	at org.apache.hadoop.hdfs.server.namenode.NameNodeRpcServer.create(NameNodeRpcServer.java:774)
	at org.apache.hadoop.hdfs.protocolPB.ClientNamenodeProtocolServerSideTranslatorPB.create(ClientNamenodeProtocolServerSideTranslatorPB.java:462)
	at org.apache.hadoop.hdfs.protocol.proto.ClientNamenodeProtocolProtos$ClientNamenodeProtocol$2.callBlockingMethod(ClientNamenodeProtocolProtos.java)
	at org.apache.hadoop.ipc.ProtobufRpcEngine$Server$ProtoBufRpcInvoker.call(ProtobufRpcEngine.java:523)
	at org.apache.hadoop.ipc.RPC$Server.call(RPC.java:991)
	at org.apache.hadoop.ipc.Server$RpcCall.run(Server.java:872)
	at org.apache.hadoop.ipc.Server$RpcCall.run(Server.java:818)
	at java.security.AccessController.doPrivileged(Native Method)
	at javax.security.auth.Subject.doAs(Subject.java:422)
	at org.apache.hadoop.security.UserGroupInformation.doAs(UserGroupInformation.java:1729)
	at org.apache.hadoop.ipc.Server$Handler.run(Server.java:2678)
Caused by: org.apache.hadoop.hdfs.server.namenode.SafeModeException: Cannot create file/myfile6._COPYING_. Name node is in safe mode.
The reported blocks 97 has reached the threshold 0.9990 of total blocks 97. The number of live datanodes 3 has reached the minimum number 0. In safe mode extension. Safe mode will be turned off automatically in 23 seconds. NamenodeHostName:node-1-link-0
	at org.apache.hadoop.hdfs.server.namenode.FSNamesystem.newSafemodeException(FSNamesystem.java:1450)
	at org.apache.hadoop.hdfs.server.namenode.FSNamesystem.checkNameNodeSafeMode(FSNamesystem.java:1437)
	... 13 more
, while invoking ClientNamenodeProtocolTranslatorPB.create over node-1-link-0/10.10.1.4:8020. Retrying immediately.
2019-02-22 16:45:01,265 INFO retry.RetryInvocationHandler: org.apache.hadoop.ipc.RemoteException(org.apache.hadoop.ipc.RetriableException): org.apache.hadoop.hdfs.server.namenode.SafeModeException: Cannot create file/myfile6._COPYING_. Name node is in safe mode.
The reported blocks 97 has reached the threshold 0.9990 of total blocks 97. The number of live datanodes 3 has reached the minimum number 0. In safe mode extension. Safe mode will be turned off automatically in 23 seconds. NamenodeHostName:node-1-link-0
	at org.apache.hadoop.hdfs.server.namenode.FSNamesystem.checkNameNodeSafeMode(FSNamesystem.java:1441)
	at org.apache.hadoop.hdfs.server.namenode.FSNamesystem.startFileInt(FSNamesystem.java:2401)
	at org.apache.hadoop.hdfs.server.namenode.FSNamesystem.startFile(FSNamesystem.java:2347)
	at org.apache.hadoop.hdfs.server.namenode.NameNodeRpcServer.create(NameNodeRpcServer.java:774)
	at org.apache.hadoop.hdfs.protocolPB.ClientNamenodeProtocolServerSideTranslatorPB.create(ClientNamenodeProtocolServerSideTranslatorPB.java:462)
	at org.apache.hadoop.hdfs.protocol.proto.ClientNamenodeProtocolProtos$ClientNamenodeProtocol$2.callBlockingMethod(ClientNamenodeProtocolProtos.java)
	at org.apache.hadoop.ipc.ProtobufRpcEngine$Server$ProtoBufRpcInvoker.call(ProtobufRpcEngine.java:523)
	at org.apache.hadoop.ipc.RPC$Server.call(RPC.java:991)
	at org.apache.hadoop.ipc.Server$RpcCall.run(Server.java:872)
	at org.apache.hadoop.ipc.Server$RpcCall.run(Server.java:818)
	at java.security.AccessController.doPrivileged(Native Method)
	at javax.security.auth.Subject.doAs(Subject.java:422)
	at org.apache.hadoop.security.UserGroupInformation.doAs(UserGroupInformation.java:1729)
	at org.apache.hadoop.ipc.Server$Handler.run(Server.java:2678)
Caused by: org.apache.hadoop.hdfs.server.namenode.SafeModeException: Cannot create file/myfile6._COPYING_. Name node is in safe mode.
The reported blocks 97 has reached the threshold 0.9990 of total blocks 97. The number of live datanodes 3 has reached the minimum number 0. In safe mode extension. Safe mode will be turned off automatically in 23 seconds. NamenodeHostName:node-1-link-0
	at org.apache.hadoop.hdfs.server.namenode.FSNamesystem.newSafemodeException(FSNamesystem.java:1450)
	at org.apache.hadoop.hdfs.server.namenode.FSNamesystem.checkNameNodeSafeMode(FSNamesystem.java:1437)
	... 13 more
, while invoking ClientNamenodeProtocolTranslatorPB.create over node-1-link-0/10.10.1.4:8020. Retrying after sleeping for 521ms.
2019-02-22 16:45:01,789 INFO retry.RetryInvocationHandler: org.apache.hadoop.ipc.RemoteException(org.apache.hadoop.ipc.RetriableException): org.apache.hadoop.hdfs.server.namenode.SafeModeException: Cannot create file/myfile6._COPYING_. Name node is in safe mode.
The reported blocks 97 has reached the threshold 0.9990 of total blocks 97. The number of live datanodes 3 has reached the minimum number 0. In safe mode extension. Safe mode will be turned off automatically in 22 seconds. NamenodeHostName:node-1-link-0
	at org.apache.hadoop.hdfs.server.namenode.FSNamesystem.checkNameNodeSafeMode(FSNamesystem.java:1441)
	at org.apache.hadoop.hdfs.server.namenode.FSNamesystem.startFileInt(FSNamesystem.java:2401)
	at org.apache.hadoop.hdfs.server.namenode.FSNamesystem.startFile(FSNamesystem.java:2347)
	at org.apache.hadoop.hdfs.server.namenode.NameNodeRpcServer.create(NameNodeRpcServer.java:774)
	at org.apache.hadoop.hdfs.protocolPB.ClientNamenodeProtocolServerSideTranslatorPB.create(ClientNamenodeProtocolServerSideTranslatorPB.java:462)
	at org.apache.hadoop.hdfs.protocol.proto.ClientNamenodeProtocolProtos$ClientNamenodeProtocol$2.callBlockingMethod(ClientNamenodeProtocolProtos.java)
	at org.apache.hadoop.ipc.ProtobufRpcEngine$Server$ProtoBufRpcInvoker.call(ProtobufRpcEngine.java:523)
	at org.apache.hadoop.ipc.RPC$Server.call(RPC.java:991)
	at org.apache.hadoop.ipc.Server$RpcCall.run(Server.java:872)
	at org.apache.hadoop.ipc.Server$RpcCall.run(Server.java:818)
	at java.security.AccessController.doPrivileged(Native Method)
	at javax.security.auth.Subject.doAs(Subject.java:422)
	at org.apache.hadoop.security.UserGroupInformation.doAs(UserGroupInformation.java:1729)
	at org.apache.hadoop.ipc.Server$Handler.run(Server.java:2678)
Caused by: org.apache.hadoop.hdfs.server.namenode.SafeModeException: Cannot create file/myfile6._COPYING_. Name node is in safe mode.
The reported blocks 97 has reached the threshold 0.9990 of total blocks 97. The number of live datanodes 3 has reached the minimum number 0. In safe mode extension. Safe mode will be turned off automatically in 22 seconds. NamenodeHostName:node-1-link-0
	at org.apache.hadoop.hdfs.server.namenode.FSNamesystem.newSafemodeException(FSNamesystem.java:1450)
	at org.apache.hadoop.hdfs.server.namenode.FSNamesystem.checkNameNodeSafeMode(FSNamesystem.java:1437)
	... 13 more
, while invoking ClientNamenodeProtocolTranslatorPB.create over node-1-link-0/10.10.1.4:8020. Retrying after sleeping for 1496ms.
2019-02-22 16:45:03,288 INFO retry.RetryInvocationHandler: org.apache.hadoop.ipc.RemoteException(org.apache.hadoop.ipc.RetriableException): org.apache.hadoop.hdfs.server.namenode.SafeModeException: Cannot create file/myfile6._COPYING_. Name node is in safe mode.
The reported blocks 97 has reached the threshold 0.9990 of total blocks 97. The number of live datanodes 3 has reached the minimum number 0. In safe mode extension. Safe mode will be turned off automatically in 21 seconds. NamenodeHostName:node-1-link-0
	at org.apache.hadoop.hdfs.server.namenode.FSNamesystem.checkNameNodeSafeMode(FSNamesystem.java:1441)
	at org.apache.hadoop.hdfs.server.namenode.FSNamesystem.startFileInt(FSNamesystem.java:2401)
	at org.apache.hadoop.hdfs.server.namenode.FSNamesystem.startFile(FSNamesystem.java:2347)
	at org.apache.hadoop.hdfs.server.namenode.NameNodeRpcServer.create(NameNodeRpcServer.java:774)
	at org.apache.hadoop.hdfs.protocolPB.ClientNamenodeProtocolServerSideTranslatorPB.create(ClientNamenodeProtocolServerSideTranslatorPB.java:462)
	at org.apache.hadoop.hdfs.protocol.proto.ClientNamenodeProtocolProtos$ClientNamenodeProtocol$2.callBlockingMethod(ClientNamenodeProtocolProtos.java)
	at org.apache.hadoop.ipc.ProtobufRpcEngine$Server$ProtoBufRpcInvoker.call(ProtobufRpcEngine.java:523)
	at org.apache.hadoop.ipc.RPC$Server.call(RPC.java:991)
	at org.apache.hadoop.ipc.Server$RpcCall.run(Server.java:872)
	at org.apache.hadoop.ipc.Server$RpcCall.run(Server.java:818)
	at java.security.AccessController.doPrivileged(Native Method)
	at javax.security.auth.Subject.doAs(Subject.java:422)
	at org.apache.hadoop.security.UserGroupInformation.doAs(UserGroupInformation.java:1729)
	at org.apache.hadoop.ipc.Server$Handler.run(Server.java:2678)
Caused by: org.apache.hadoop.hdfs.server.namenode.SafeModeException: Cannot create file/myfile6._COPYING_. Name node is in safe mode.
The reported blocks 97 has reached the threshold 0.9990 of total blocks 97. The number of live datanodes 3 has reached the minimum number 0. In safe mode extension. Safe mode will be turned off automatically in 21 seconds. NamenodeHostName:node-1-link-0
	at org.apache.hadoop.hdfs.server.namenode.FSNamesystem.newSafemodeException(FSNamesystem.java:1450)
	at org.apache.hadoop.hdfs.server.namenode.FSNamesystem.checkNameNodeSafeMode(FSNamesystem.java:1437)
	... 13 more
, while invoking ClientNamenodeProtocolTranslatorPB.create over node-1-link-0/10.10.1.4:8020. Retrying after sleeping for 2563ms.
2019-02-22 16:45:05,857 INFO retry.RetryInvocationHandler: org.apache.hadoop.ipc.RemoteException(org.apache.hadoop.ipc.RetriableException): org.apache.hadoop.hdfs.server.namenode.SafeModeException: Cannot create file/myfile6._COPYING_. Name node is in safe mode.
The reported blocks 97 has reached the threshold 0.9990 of total blocks 97. The number of live datanodes 3 has reached the minimum number 0. In safe mode extension. Safe mode will be turned off automatically in 18 seconds. NamenodeHostName:node-1-link-0
	at org.apache.hadoop.hdfs.server.namenode.FSNamesystem.checkNameNodeSafeMode(FSNamesystem.java:1441)
	at org.apache.hadoop.hdfs.server.namenode.FSNamesystem.startFileInt(FSNamesystem.java:2401)
	at org.apache.hadoop.hdfs.server.namenode.FSNamesystem.startFile(FSNamesystem.java:2347)
	at org.apache.hadoop.hdfs.server.namenode.NameNodeRpcServer.create(NameNodeRpcServer.java:774)
	at org.apache.hadoop.hdfs.protocolPB.ClientNamenodeProtocolServerSideTranslatorPB.create(ClientNamenodeProtocolServerSideTranslatorPB.java:462)
	at org.apache.hadoop.hdfs.protocol.proto.ClientNamenodeProtocolProtos$ClientNamenodeProtocol$2.callBlockingMethod(ClientNamenodeProtocolProtos.java)
	at org.apache.hadoop.ipc.ProtobufRpcEngine$Server$ProtoBufRpcInvoker.call(ProtobufRpcEngine.java:523)
	at org.apache.hadoop.ipc.RPC$Server.call(RPC.java:991)
	at org.apache.hadoop.ipc.Server$RpcCall.run(Server.java:872)
	at org.apache.hadoop.ipc.Server$RpcCall.run(Server.java:818)
	at java.security.AccessController.doPrivileged(Native Method)
	at javax.security.auth.Subject.doAs(Subject.java:422)
	at org.apache.hadoop.security.UserGroupInformation.doAs(UserGroupInformation.java:1729)
	at org.apache.hadoop.ipc.Server$Handler.run(Server.java:2678)
Caused by: org.apache.hadoop.hdfs.server.namenode.SafeModeException: Cannot create file/myfile6._COPYING_. Name node is in safe mode.
The reported blocks 97 has reached the threshold 0.9990 of total blocks 97. The number of live datanodes 3 has reached the minimum number 0. In safe mode extension. Safe mode will be turned off automatically in 18 seconds. NamenodeHostName:node-1-link-0
	at org.apache.hadoop.hdfs.server.namenode.FSNamesystem.newSafemodeException(FSNamesystem.java:1450)
	at org.apache.hadoop.hdfs.server.namenode.FSNamesystem.checkNameNodeSafeMode(FSNamesystem.java:1437)
	... 13 more
, while invoking ClientNamenodeProtocolTranslatorPB.create over node-1-link-0/10.10.1.4:8020. Retrying after sleeping for 9810ms.
2019-02-22 16:45:15,670 INFO retry.RetryInvocationHandler: org.apache.hadoop.ipc.RemoteException(org.apache.hadoop.ipc.RetriableException): org.apache.hadoop.hdfs.server.namenode.SafeModeException: Cannot create file/myfile6._COPYING_. Name node is in safe mode.
The reported blocks 97 has reached the threshold 0.9990 of total blocks 97. The number of live datanodes 3 has reached the minimum number 0. In safe mode extension. Safe mode will be turned off automatically in 8 seconds. NamenodeHostName:node-1-link-0
	at org.apache.hadoop.hdfs.server.namenode.FSNamesystem.checkNameNodeSafeMode(FSNamesystem.java:1441)
	at org.apache.hadoop.hdfs.server.namenode.FSNamesystem.startFileInt(FSNamesystem.java:2401)
	at org.apache.hadoop.hdfs.server.namenode.FSNamesystem.startFile(FSNamesystem.java:2347)
	at org.apache.hadoop.hdfs.server.namenode.NameNodeRpcServer.create(NameNodeRpcServer.java:774)
	at org.apache.hadoop.hdfs.protocolPB.ClientNamenodeProtocolServerSideTranslatorPB.create(ClientNamenodeProtocolServerSideTranslatorPB.java:462)
	at org.apache.hadoop.hdfs.protocol.proto.ClientNamenodeProtocolProtos$ClientNamenodeProtocol$2.callBlockingMethod(ClientNamenodeProtocolProtos.java)
	at org.apache.hadoop.ipc.ProtobufRpcEngine$Server$ProtoBufRpcInvoker.call(ProtobufRpcEngine.java:523)
	at org.apache.hadoop.ipc.RPC$Server.call(RPC.java:991)
	at org.apache.hadoop.ipc.Server$RpcCall.run(Server.java:872)
	at org.apache.hadoop.ipc.Server$RpcCall.run(Server.java:818)
	at java.security.AccessController.doPrivileged(Native Method)
	at javax.security.auth.Subject.doAs(Subject.java:422)
	at org.apache.hadoop.security.UserGroupInformation.doAs(UserGroupInformation.java:1729)
	at org.apache.hadoop.ipc.Server$Handler.run(Server.java:2678)
Caused by: org.apache.hadoop.hdfs.server.namenode.SafeModeException: Cannot create file/myfile6._COPYING_. Name node is in safe mode.
The reported blocks 97 has reached the threshold 0.9990 of total blocks 97. The number of live datanodes 3 has reached the minimum number 0. In safe mode extension. Safe mode will be turned off automatically in 8 seconds. NamenodeHostName:node-1-link-0
	at org.apache.hadoop.hdfs.server.namenode.FSNamesystem.newSafemodeException(FSNamesystem.java:1450)
	at org.apache.hadoop.hdfs.server.namenode.FSNamesystem.checkNameNodeSafeMode(FSNamesystem.java:1437)
	... 13 more
, while invoking ClientNamenodeProtocolTranslatorPB.create over node-1-link-0/10.10.1.4:8020. Retrying after sleeping for 19381ms.
Found 20 items
-rw-r--r--   3 root supergroup 1073741824 2019-02-22 16:45 /myfile1
-rw-r--r--   3 root supergroup 1073741824 2019-02-22 16:43 /myfile10
-rw-r--r--   3 root supergroup 1073741824 2019-02-22 16:43 /myfile11
-rw-r--r--   3 root supergroup 1073741824 2019-02-22 16:43 /myfile12
-rw-r--r--   3 root supergroup 1073741824 2019-02-22 16:45 /myfile13
-rw-r--r--   3 root supergroup 1073741824 2019-02-22 16:45 /myfile14
-rw-r--r--   3 root supergroup 1073741824 2019-02-22 16:45 /myfile15
-rw-r--r--   3 root supergroup 1073741824 2019-02-22 16:45 /myfile16
-rw-r--r--   3 root supergroup 1073741824 2019-02-22 16:45 /myfile17
-rw-r--r--   3 root supergroup 1073741824 2019-02-22 16:42 /myfile18
-rw-r--r--   3 root supergroup 1073741824 2019-02-22 16:43 /myfile19
-rw-r--r--   3 root supergroup 1073741824 2019-02-22 16:45 /myfile2
-rw-r--r--   3 root supergroup 1073741824 2019-02-22 16:43 /myfile20
-rw-r--r--   3 root supergroup 1073741824 2019-02-22 16:45 /myfile3
-rw-r--r--   3 root supergroup 1073741824 2019-02-22 16:45 /myfile4
-rw-r--r--   3 root supergroup 1073741824 2019-02-22 16:45 /myfile5
-rw-r--r--   3 root supergroup 1073741824 2019-02-22 16:45 /myfile6
-rw-r--r--   3 root supergroup 1073741824 2019-02-22 16:45 /myfile7
-rw-r--r--   3 root supergroup 1073741824 2019-02-22 16:45 /myfile8
-rw-r--r--   3 root supergroup 1073741824 2019-02-22 16:45 /myfile9
file 6 has been put into HDFS
file 6 has been read from HDFS for 1 time
diff succeed!
file 6 has been read from HDFS for 2 time
diff succeed!
file 6 has been read from HDFS for 3 time
diff succeed!
file 6 has been read from HDFS for 4 time
diff succeed!
file 6 has been read from HDFS for 5 time
diff succeed!
file 6 has been read from HDFS for 6 time
diff succeed!
file 6 has been read from HDFS for 7 time
diff succeed!
file 6 has been read from HDFS for 8 time
diff succeed!
file 6 has been read from HDFS for 9 time
diff succeed!
file 6 has been read from HDFS for 10 time
diff succeed!
Deleted /myfile6
file 6 has been removed from HDFS
Found 20 items
-rw-r--r--   3 root supergroup 1073741824 2019-02-22 16:49 /myfile1
-rw-r--r--   3 root supergroup 1073741824 2019-02-22 16:46 /myfile10
-rw-r--r--   3 root supergroup 1073741824 2019-02-22 16:47 /myfile11
-rw-r--r--   3 root supergroup 1073741824 2019-02-22 16:47 /myfile12
-rw-r--r--   3 root supergroup  939524096 2019-02-22 16:49 /myfile13._COPYING_
-rw-r--r--   3 root supergroup 1073741824 2019-02-22 16:49 /myfile14
-rw-r--r--   3 root supergroup 1073741824 2019-02-22 16:50 /myfile15
-rw-r--r--   3 root supergroup 1073741824 2019-02-22 16:49 /myfile16
-rw-r--r--   3 root supergroup 1073741824 2019-02-22 16:49 /myfile17
-rw-r--r--   3 root supergroup  402653184 2019-02-22 16:50 /myfile18._COPYING_
-rw-r--r--   3 root supergroup 1073741824 2019-02-22 16:46 /myfile19
-rw-r--r--   3 root supergroup 1073741824 2019-02-22 16:49 /myfile2
-rw-r--r--   3 root supergroup 1073741824 2019-02-22 16:47 /myfile20
-rw-r--r--   3 root supergroup  671088640 2019-02-22 16:49 /myfile3._COPYING_
-rw-r--r--   3 root supergroup 1073741824 2019-02-22 16:49 /myfile4
-rw-r--r--   3 root supergroup 1073741824 2019-02-22 16:49 /myfile5
-rw-r--r--   3 root supergroup 1073741824 2019-02-22 16:50 /myfile6
-rw-r--r--   3 root supergroup 1073741824 2019-02-22 16:49 /myfile7
-rw-r--r--   3 root supergroup 1073741824 2019-02-22 16:49 /myfile8
-rw-r--r--   3 root supergroup 1073741824 2019-02-22 16:49 /myfile9
file 6 has been put into HDFS
file 6 has been read from HDFS for 1 time
diff succeed!
file 6 has been read from HDFS for 2 time
diff succeed!
file 6 has been read from HDFS for 3 time
diff succeed!
file 6 has been read from HDFS for 4 time
diff succeed!
file 6 has been read from HDFS for 5 time
diff succeed!
file 6 has been read from HDFS for 6 time
diff succeed!
file 6 has been read from HDFS for 7 time
diff succeed!
file 6 has been read from HDFS for 8 time
diff succeed!
file 6 has been read from HDFS for 9 time
diff succeed!
file 6 has been read from HDFS for 10 time
diff succeed!
Deleted /myfile6
file 6 has been removed from HDFS
Found 20 items
-rw-r--r--   3 root supergroup 1073741824 2019-02-22 16:53 /myfile1
-rw-r--r--   3 root supergroup 1073741824 2019-02-22 16:51 /myfile10
-rw-r--r--   3 root supergroup 1073741824 2019-02-22 16:51 /myfile11
-rw-r--r--   3 root supergroup 1073741824 2019-02-22 16:52 /myfile12
-rw-r--r--   3 root supergroup  268435456 2019-02-22 16:54 /myfile13._COPYING_
-rw-r--r--   3 root supergroup 1073741824 2019-02-22 16:54 /myfile14
-rw-r--r--   3 root supergroup 1073741824 2019-02-22 16:54 /myfile15
-rw-r--r--   3 root supergroup 1073741824 2019-02-22 16:53 /myfile16
-rw-r--r--   3 root supergroup 1073741824 2019-02-22 16:54 /myfile17
-rw-r--r--   3 root supergroup 1073741824 2019-02-22 16:51 /myfile18
-rw-r--r--   3 root supergroup 1073741824 2019-02-22 16:51 /myfile19
-rw-r--r--   3 root supergroup 1073741824 2019-02-22 16:53 /myfile2
-rw-r--r--   3 root supergroup 1073741824 2019-02-22 16:51 /myfile20
-rw-r--r--   3 root supergroup          0 2019-02-22 16:55 /myfile3._COPYING_
-rw-r--r--   3 root supergroup 1073741824 2019-02-22 16:53 /myfile4
-rw-r--r--   3 root supergroup 1073741824 2019-02-22 16:53 /myfile5
-rw-r--r--   3 root supergroup 1073741824 2019-02-22 16:55 /myfile6
-rw-r--r--   3 root supergroup 1073741824 2019-02-22 16:53 /myfile7
-rw-r--r--   3 root supergroup 1073741824 2019-02-22 16:53 /myfile8
-rw-r--r--   3 root supergroup 1073741824 2019-02-22 16:53 /myfile9
file 6 has been put into HDFS
file 6 has been read from HDFS for 1 time
diff succeed!
file 6 has been read from HDFS for 2 time
diff succeed!
file 6 has been read from HDFS for 3 time
diff succeed!
file 6 has been read from HDFS for 4 time
diff succeed!
file 6 has been read from HDFS for 5 time
diff succeed!
file 6 has been read from HDFS for 6 time
diff succeed!
file 6 has been read from HDFS for 7 time
diff succeed!
file 6 has been read from HDFS for 8 time
diff succeed!
file 6 has been read from HDFS for 9 time
diff succeed!
file 6 has been read from HDFS for 10 time
diff succeed!
Deleted /myfile6
file 6 has been removed from HDFS
Found 18 items
-rw-r--r--   3 root supergroup 1073741824 2019-02-22 16:58 /myfile1
-rw-r--r--   3 root supergroup 1073741824 2019-02-22 16:56 /myfile10
-rw-r--r--   3 root supergroup 1073741824 2019-02-22 16:56 /myfile11
-rw-r--r--   3 root supergroup 1073741824 2019-02-22 16:56 /myfile12
-rw-r--r--   3 root supergroup 1073741824 2019-02-22 16:58 /myfile14
-rw-r--r--   3 root supergroup 1073741824 2019-02-22 16:58 /myfile15
-rw-r--r--   3 root supergroup 1073741824 2019-02-22 16:58 /myfile16
-rw-r--r--   3 root supergroup 1073741824 2019-02-22 16:58 /myfile17
-rw-r--r--   3 root supergroup 1073741824 2019-02-22 16:56 /myfile18
-rw-r--r--   3 root supergroup 1073741824 2019-02-22 16:56 /myfile19
-rw-r--r--   3 root supergroup 1073741824 2019-02-22 16:58 /myfile2
-rw-r--r--   3 root supergroup 1073741824 2019-02-22 16:56 /myfile20
-rw-r--r--   3 root supergroup 1073741824 2019-02-22 16:58 /myfile4
-rw-r--r--   3 root supergroup 1073741824 2019-02-22 16:58 /myfile5
-rw-r--r--   3 root supergroup 1073741824 2019-02-22 16:59 /myfile6
-rw-r--r--   3 root supergroup 1073741824 2019-02-22 16:58 /myfile7
-rw-r--r--   3 root supergroup 1073741824 2019-02-22 16:58 /myfile8
-rw-r--r--   3 root supergroup 1073741824 2019-02-22 16:58 /myfile9
file 6 has been put into HDFS
file 6 has been read from HDFS for 1 time
diff succeed!
file 6 has been read from HDFS for 2 time
diff succeed!
file 6 has been read from HDFS for 3 time
diff succeed!
file 6 has been read from HDFS for 4 time
diff succeed!
file 6 has been read from HDFS for 5 time
diff succeed!
file 6 has been read from HDFS for 6 time
diff succeed!
file 6 has been read from HDFS for 7 time
diff succeed!
file 6 has been read from HDFS for 8 time
diff succeed!
file 6 has been read from HDFS for 9 time
diff succeed!
file 6 has been read from HDFS for 10 time
diff succeed!
Deleted /myfile6
file 6 has been removed from HDFS
Found 20 items
-rw-r--r--   3 root supergroup 1073741824 2019-02-22 17:02 /myfile1
-rw-r--r--   3 root supergroup  134217728 2019-02-22 17:04 /myfile10._COPYING_
-rw-r--r--   3 root supergroup          0 2019-02-22 17:04 /myfile11._COPYING_
-rw-r--r--   3 root supergroup          0 2019-02-22 17:04 /myfile12._COPYING_
-rw-r--r--   3 root supergroup  268435456 2019-02-22 17:04 /myfile13._COPYING_
-rw-r--r--   3 root supergroup 1073741824 2019-02-22 17:02 /myfile14
-rw-r--r--   3 root supergroup 1073741824 2019-02-22 17:02 /myfile15
-rw-r--r--   3 root supergroup 1073741824 2019-02-22 17:02 /myfile16
-rw-r--r--   3 root supergroup 1073741824 2019-02-22 17:03 /myfile17
-rw-r--r--   3 root supergroup  134217728 2019-02-22 17:04 /myfile18._COPYING_
-rw-r--r--   3 root supergroup  402653184 2019-02-22 17:04 /myfile19._COPYING_
-rw-r--r--   3 root supergroup 1073741824 2019-02-22 17:02 /myfile2
-rw-r--r--   3 root supergroup  402653184 2019-02-22 17:04 /myfile20._COPYING_
-rw-r--r--   3 root supergroup  402653184 2019-02-22 17:04 /myfile3._COPYING_
-rw-r--r--   3 root supergroup 1073741824 2019-02-22 17:02 /myfile4
-rw-r--r--   3 root supergroup 1073741824 2019-02-22 17:02 /myfile5
-rw-r--r--   3 root supergroup 1073741824 2019-02-22 17:04 /myfile6
-rw-r--r--   3 root supergroup 1073741824 2019-02-22 17:02 /myfile7
-rw-r--r--   3 root supergroup 1073741824 2019-02-22 17:02 /myfile8
-rw-r--r--   3 root supergroup 1073741824 2019-02-22 17:02 /myfile9
file 6 has been put into HDFS
file 6 has been read from HDFS for 1 time
diff succeed!
file 6 has been read from HDFS for 2 time
diff succeed!
file 6 has been read from HDFS for 3 time
diff succeed!
file 6 has been read from HDFS for 4 time
diff succeed!
file 6 has been read from HDFS for 5 time
diff succeed!
file 6 has been read from HDFS for 6 time
diff succeed!
file 6 has been read from HDFS for 7 time
diff succeed!
file 6 has been read from HDFS for 8 time
diff succeed!
file 6 has been read from HDFS for 9 time
diff succeed!
file 6 has been read from HDFS for 10 time
diff succeed!
Deleted /myfile6
file 6 has been removed from HDFS
Found 20 items
-rw-r--r--   3 root supergroup 1073741824 2019-02-22 17:07 /myfile1
-rw-r--r--   3 root supergroup  939524096 2019-02-22 17:08 /myfile10._COPYING_
-rw-r--r--   3 root supergroup  805306368 2019-02-22 17:09 /myfile11._COPYING_
-rw-r--r--   3 root supergroup  939524096 2019-02-22 17:09 /myfile12._COPYING_
-rw-r--r--   3 root supergroup  939524096 2019-02-22 17:09 /myfile13._COPYING_
-rw-r--r--   3 root supergroup 1073741824 2019-02-22 17:07 /myfile14
-rw-r--r--   3 root supergroup 1073741824 2019-02-22 17:07 /myfile15
-rw-r--r--   3 root supergroup 1073741824 2019-02-22 17:07 /myfile16
-rw-r--r--   3 root supergroup 1073741824 2019-02-22 17:07 /myfile17
-rw-r--r--   3 root supergroup  671088640 2019-02-22 17:09 /myfile18._COPYING_
-rw-r--r--   3 root supergroup  671088640 2019-02-22 17:09 /myfile19._COPYING_
-rw-r--r--   3 root supergroup 1073741824 2019-02-22 17:07 /myfile2
-rw-r--r--   3 root supergroup  671088640 2019-02-22 17:09 /myfile20._COPYING_
-rw-r--r--   3 root supergroup  805306368 2019-02-22 17:09 /myfile3._COPYING_
-rw-r--r--   3 root supergroup 1073741824 2019-02-22 17:07 /myfile4
-rw-r--r--   3 root supergroup 1073741824 2019-02-22 17:07 /myfile5
-rw-r--r--   3 root supergroup 1073741824 2019-02-22 17:09 /myfile6
-rw-r--r--   3 root supergroup 1073741824 2019-02-22 17:07 /myfile7
-rw-r--r--   3 root supergroup 1073741824 2019-02-22 17:07 /myfile8
-rw-r--r--   3 root supergroup 1073741824 2019-02-22 17:07 /myfile9
file 6 has been put into HDFS
file 6 has been read from HDFS for 1 time
diff succeed!
file 6 has been read from HDFS for 2 time
diff succeed!
file 6 has been read from HDFS for 3 time
diff succeed!
file 6 has been read from HDFS for 4 time
diff succeed!
file 6 has been read from HDFS for 5 time
diff succeed!
file 6 has been read from HDFS for 6 time
diff succeed!
file 6 has been read from HDFS for 7 time
diff succeed!
file 6 has been read from HDFS for 8 time
diff succeed!
file 6 has been read from HDFS for 9 time
diff succeed!
file 6 has been read from HDFS for 10 time
diff succeed!
Deleted /myfile6
file 6 has been removed from HDFS
Found 20 items
-rw-r--r--   3 root supergroup 1073741824 2019-02-22 17:12 /myfile1
-rw-r--r--   3 root supergroup 1073741824 2019-02-22 17:14 /myfile10
-rw-r--r--   3 root supergroup 1073741824 2019-02-22 17:14 /myfile11
-rw-r--r--   3 root supergroup 1073741824 2019-02-22 17:14 /myfile12
-rw-r--r--   3 root supergroup 1073741824 2019-02-22 17:14 /myfile13
-rw-r--r--   3 root supergroup 1073741824 2019-02-22 17:12 /myfile14
-rw-r--r--   3 root supergroup 1073741824 2019-02-22 17:12 /myfile15
-rw-r--r--   3 root supergroup 1073741824 2019-02-22 17:12 /myfile16
-rw-r--r--   3 root supergroup 1073741824 2019-02-22 17:11 /myfile17
-rw-r--r--   3 root supergroup 1073741824 2019-02-22 17:14 /myfile18
-rw-r--r--   3 root supergroup 1073741824 2019-02-22 17:14 /myfile19
-rw-r--r--   3 root supergroup 1073741824 2019-02-22 17:12 /myfile2
-rw-r--r--   3 root supergroup 1073741824 2019-02-22 17:14 /myfile20
-rw-r--r--   3 root supergroup 1073741824 2019-02-22 17:14 /myfile3
-rw-r--r--   3 root supergroup 1073741824 2019-02-22 17:12 /myfile4
-rw-r--r--   3 root supergroup 1073741824 2019-02-22 17:12 /myfile5
-rw-r--r--   3 root supergroup 1073741824 2019-02-22 17:14 /myfile6
-rw-r--r--   3 root supergroup 1073741824 2019-02-22 17:11 /myfile7
-rw-r--r--   3 root supergroup 1073741824 2019-02-22 17:12 /myfile8
-rw-r--r--   3 root supergroup 1073741824 2019-02-22 17:12 /myfile9
file 6 has been put into HDFS
file 6 has been read from HDFS for 1 time
diff succeed!
file 6 has been read from HDFS for 2 time
diff succeed!
file 6 has been read from HDFS for 3 time
diff succeed!
file 6 has been read from HDFS for 4 time
diff succeed!
file 6 has been read from HDFS for 5 time
diff succeed!
file 6 has been read from HDFS for 6 time
diff succeed!
sub_benchmark 7 signal TERM catched and let quit gracefully
file 6 has been read from HDFS for 7 time
diff succeed!
Deleted /myfile6
file 6 has been removed from HDFS
