Found 20 items
-rw-r--r--   3 root supergroup 1073741824 2019-02-20 16:38 /myfile1
-rw-r--r--   3 root supergroup 1073741824 2019-02-20 16:38 /myfile10
-rw-r--r--   3 root supergroup  805306368 2019-02-20 16:38 /myfile11._COPYING_
-rw-r--r--   3 root supergroup  939524096 2019-02-20 16:38 /myfile12._COPYING_
-rw-r--r--   3 root supergroup  939524096 2019-02-20 16:38 /myfile13._COPYING_
-rw-r--r--   3 root supergroup  939524096 2019-02-20 16:38 /myfile14._COPYING_
-rw-r--r--   3 root supergroup  939524096 2019-02-20 16:38 /myfile15._COPYING_
-rw-r--r--   3 root supergroup 1073741824 2019-02-20 16:38 /myfile16
-rw-r--r--   3 root supergroup  939524096 2019-02-20 16:38 /myfile17._COPYING_
-rw-r--r--   3 root supergroup  939524096 2019-02-20 16:38 /myfile18._COPYING_
-rw-r--r--   3 root supergroup  939524096 2019-02-20 16:38 /myfile19._COPYING_
-rw-r--r--   3 root supergroup  939524096 2019-02-20 16:38 /myfile2._COPYING_
-rw-r--r--   3 root supergroup 1073741824 2019-02-20 16:38 /myfile20
-rw-r--r--   3 root supergroup 1073741824 2019-02-20 16:38 /myfile3
-rw-r--r--   3 root supergroup  939524096 2019-02-20 16:38 /myfile4._COPYING_
-rw-r--r--   3 root supergroup 1073741824 2019-02-20 16:38 /myfile5
-rw-r--r--   3 root supergroup 1073741824 2019-02-20 16:38 /myfile6
-rw-r--r--   3 root supergroup  939524096 2019-02-20 16:38 /myfile7._COPYING_
-rw-r--r--   3 root supergroup 1073741824 2019-02-20 16:38 /myfile8
-rw-r--r--   3 root supergroup 1073741824 2019-02-20 16:38 /myfile9
file 6 has been put into HDFS
file 6 has been read from HDFS for 1 time
diff succeed!
file 6 has been read from HDFS for 2 time
diff succeed!
file 6 has been read from HDFS for 3 time
diff succeed!
file 6 has been read from HDFS for 4 time
diff succeed!
file 6 has been read from HDFS for 5 time
diff succeed!
file 6 has been read from HDFS for 6 time
diff succeed!
file 6 has been read from HDFS for 7 time
diff succeed!
file 6 has been read from HDFS for 8 time
diff succeed!
file 6 has been read from HDFS for 9 time
diff succeed!
file 6 has been read from HDFS for 10 time
diff succeed!
Deleted /myfile6
file 6 has been removed from HDFS
Found 19 items
-rw-r--r--   3 root supergroup 1073741824 2019-02-20 16:42 /myfile1
-rw-r--r--   3 root supergroup 1073741824 2019-02-20 16:42 /myfile10
-rw-r--r--   3 root supergroup 1073741824 2019-02-20 16:42 /myfile11
-rw-r--r--   3 root supergroup 1073741824 2019-02-20 16:42 /myfile12
-rw-r--r--   3 root supergroup 1073741824 2019-02-20 16:38 /myfile13
-rw-r--r--   3 root supergroup 1073741824 2019-02-20 16:42 /myfile14
-rw-r--r--   3 root supergroup  268435456 2019-02-20 16:42 /myfile15._COPYING_
-rw-r--r--   3 root supergroup 1073741824 2019-02-20 16:42 /myfile16
-rw-r--r--   3 root supergroup 1073741824 2019-02-20 16:38 /myfile17
-rw-r--r--   3 root supergroup 1073741824 2019-02-20 16:42 /myfile18
-rw-r--r--   3 root supergroup 1073741824 2019-02-20 16:42 /myfile19
-rw-r--r--   3 root supergroup 1073741824 2019-02-20 16:38 /myfile20
-rw-r--r--   3 root supergroup 1073741824 2019-02-20 16:38 /myfile3
-rw-r--r--   3 root supergroup 1073741824 2019-02-20 16:42 /myfile4
-rw-r--r--   3 root supergroup 1073741824 2019-02-20 16:38 /myfile5
-rw-r--r--   3 root supergroup 1073741824 2019-02-20 16:42 /myfile6
-rw-r--r--   3 root supergroup 1073741824 2019-02-20 16:42 /myfile7
-rw-r--r--   3 root supergroup 1073741824 2019-02-20 16:42 /myfile8
-rw-r--r--   3 root supergroup 1073741824 2019-02-20 16:38 /myfile9
file 6 has been put into HDFS
file 6 has been read from HDFS for 1 time
diff succeed!
file 6 has been read from HDFS for 2 time
diff succeed!
file 6 has been read from HDFS for 3 time
diff succeed!
file 6 has been read from HDFS for 4 time
diff succeed!
file 6 has been read from HDFS for 5 time
diff succeed!
file 6 has been read from HDFS for 6 time
diff succeed!
file 6 has been read from HDFS for 7 time
diff succeed!
file 6 has been read from HDFS for 8 time
diff succeed!
file 6 has been read from HDFS for 9 time
diff succeed!
file 6 has been read from HDFS for 10 time
diff succeed!
Deleted /myfile6
file 6 has been removed from HDFS
Found 19 items
-rw-r--r--   3 root supergroup 1073741824 2019-02-20 16:46 /myfile1
-rw-r--r--   3 root supergroup 1073741824 2019-02-20 16:46 /myfile10
-rw-r--r--   3 root supergroup 1073741824 2019-02-20 16:42 /myfile11
-rw-r--r--   3 root supergroup 1073741824 2019-02-20 16:42 /myfile12
-rw-r--r--   3 root supergroup 1073741824 2019-02-20 16:44 /myfile13
-rw-r--r--   3 root supergroup 1073741824 2019-02-20 16:46 /myfile14
-rw-r--r--   3 root supergroup  671088640 2019-02-20 16:47 /myfile15._COPYING_
-rw-r--r--   3 root supergroup 1073741824 2019-02-20 16:42 /myfile16
-rw-r--r--   3 root supergroup 1073741824 2019-02-20 16:43 /myfile17
-rw-r--r--   3 root supergroup 1073741824 2019-02-20 16:47 /myfile18
-rw-r--r--   3 root supergroup 1073741824 2019-02-20 16:47 /myfile19
-rw-r--r--   3 root supergroup 1073741824 2019-02-20 16:43 /myfile2
-rw-r--r--   3 root supergroup 1073741824 2019-02-20 16:43 /myfile20
-rw-r--r--   3 root supergroup 1073741824 2019-02-20 16:43 /myfile3
-rw-r--r--   3 root supergroup 1073741824 2019-02-20 16:47 /myfile4
-rw-r--r--   3 root supergroup 1073741824 2019-02-20 16:45 /myfile5
-rw-r--r--   3 root supergroup 1073741824 2019-02-20 16:47 /myfile6
-rw-r--r--   3 root supergroup          0 2019-02-20 16:47 /myfile7._COPYING_
-rw-r--r--   3 root supergroup 1073741824 2019-02-20 16:44 /myfile9
file 6 has been put into HDFS
file 6 has been read from HDFS for 1 time
diff succeed!
file 6 has been read from HDFS for 2 time
diff succeed!
file 6 has been read from HDFS for 3 time
diff succeed!
file 6 has been read from HDFS for 4 time
diff succeed!
file 6 has been read from HDFS for 5 time
diff succeed!
file 6 has been read from HDFS for 6 time
diff succeed!
file 6 has been read from HDFS for 7 time
diff succeed!
2019-02-20 16:50:27,854 INFO retry.RetryInvocationHandler: java.io.IOException: DestHost:destPort node-1-link-0:8020 , LocalHost:localPort clnode076.clemson.cloudlab.us/130.127.133.85:0. Failed on local exception: java.io.IOException: Connection reset by peer, while invoking ClientNamenodeProtocolTranslatorPB.getFileInfo over node-1-link-0/10.10.1.4:8020 after 1 failover attempts. Trying to failover after sleeping for 942ms.
2019-02-20 16:50:28,799 INFO retry.RetryInvocationHandler: org.apache.hadoop.ipc.RemoteException(org.apache.hadoop.ipc.StandbyException): Operation category READ is not supported in state standby. Visit https://s.apache.org/sbnn-error
	at org.apache.hadoop.hdfs.server.namenode.ha.StandbyState.checkOperation(StandbyState.java:88)
	at org.apache.hadoop.hdfs.server.namenode.NameNode$NameNodeHAContext.checkOperation(NameNode.java:1952)
	at org.apache.hadoop.hdfs.server.namenode.FSNamesystem.checkOperation(FSNamesystem.java:1423)
	at org.apache.hadoop.hdfs.server.namenode.FSNamesystem.getFileInfo(FSNamesystem.java:3085)
	at org.apache.hadoop.hdfs.server.namenode.NameNodeRpcServer.getFileInfo(NameNodeRpcServer.java:1154)
	at org.apache.hadoop.hdfs.protocolPB.ClientNamenodeProtocolServerSideTranslatorPB.getFileInfo(ClientNamenodeProtocolServerSideTranslatorPB.java:966)
	at org.apache.hadoop.hdfs.protocol.proto.ClientNamenodeProtocolProtos$ClientNamenodeProtocol$2.callBlockingMethod(ClientNamenodeProtocolProtos.java)
	at org.apache.hadoop.ipc.ProtobufRpcEngine$Server$ProtoBufRpcInvoker.call(ProtobufRpcEngine.java:523)
	at org.apache.hadoop.ipc.RPC$Server.call(RPC.java:991)
	at org.apache.hadoop.ipc.Server$RpcCall.run(Server.java:872)
	at org.apache.hadoop.ipc.Server$RpcCall.run(Server.java:818)
	at java.security.AccessController.doPrivileged(Native Method)
	at javax.security.auth.Subject.doAs(Subject.java:422)
	at org.apache.hadoop.security.UserGroupInformation.doAs(UserGroupInformation.java:1729)
	at org.apache.hadoop.ipc.Server$Handler.run(Server.java:2678)
, while invoking ClientNamenodeProtocolTranslatorPB.getFileInfo over node-0-link-0/10.10.1.1:8020 after 2 failover attempts. Trying to failover after sleeping for 1075ms.
2019-02-20 16:50:29,876 INFO retry.RetryInvocationHandler: java.net.ConnectException: Call From clnode076.clemson.cloudlab.us/130.127.133.85 to node-1-link-0:8020 failed on connection exception: java.net.ConnectException: Connection refused; For more details see:  http://wiki.apache.org/hadoop/ConnectionRefused, while invoking ClientNamenodeProtocolTranslatorPB.getFileInfo over node-1-link-0/10.10.1.4:8020 after 3 failover attempts. Trying to failover after sleeping for 3122ms.
file 6 has been read from HDFS for 8 time
diff succeed!
file 6 has been read from HDFS for 9 time
diff succeed!
file 6 has been read from HDFS for 10 time
diff succeed!
2019-02-20 16:51:34,704 INFO retry.RetryInvocationHandler: org.apache.hadoop.ipc.RemoteException(org.apache.hadoop.ipc.RetriableException): org.apache.hadoop.hdfs.server.namenode.SafeModeException: Cannot delete /myfile6. Name node is in safe mode.
The reported blocks 144 has reached the threshold 0.9990 of total blocks 144. The number of live datanodes 3 has reached the minimum number 0. In safe mode extension. Safe mode will be turned off automatically in 2 seconds. NamenodeHostName:node-1-link-0
	at org.apache.hadoop.hdfs.server.namenode.FSNamesystem.checkNameNodeSafeMode(FSNamesystem.java:1441)
	at org.apache.hadoop.hdfs.server.namenode.FSNamesystem.delete(FSNamesystem.java:2986)
	at org.apache.hadoop.hdfs.server.namenode.NameNodeRpcServer.delete(NameNodeRpcServer.java:1095)
	at org.apache.hadoop.hdfs.protocolPB.ClientNamenodeProtocolServerSideTranslatorPB.delete(ClientNamenodeProtocolServerSideTranslatorPB.java:692)
	at org.apache.hadoop.hdfs.protocol.proto.ClientNamenodeProtocolProtos$ClientNamenodeProtocol$2.callBlockingMethod(ClientNamenodeProtocolProtos.java)
	at org.apache.hadoop.ipc.ProtobufRpcEngine$Server$ProtoBufRpcInvoker.call(ProtobufRpcEngine.java:523)
	at org.apache.hadoop.ipc.RPC$Server.call(RPC.java:991)
	at org.apache.hadoop.ipc.Server$RpcCall.run(Server.java:872)
	at org.apache.hadoop.ipc.Server$RpcCall.run(Server.java:818)
	at java.security.AccessController.doPrivileged(Native Method)
	at javax.security.auth.Subject.doAs(Subject.java:422)
	at org.apache.hadoop.security.UserGroupInformation.doAs(UserGroupInformation.java:1729)
	at org.apache.hadoop.ipc.Server$Handler.run(Server.java:2678)
Caused by: org.apache.hadoop.hdfs.server.namenode.SafeModeException: Cannot delete /myfile6. Name node is in safe mode.
The reported blocks 144 has reached the threshold 0.9990 of total blocks 144. The number of live datanodes 3 has reached the minimum number 0. In safe mode extension. Safe mode will be turned off automatically in 2 seconds. NamenodeHostName:node-1-link-0
	at org.apache.hadoop.hdfs.server.namenode.FSNamesystem.newSafemodeException(FSNamesystem.java:1450)
	at org.apache.hadoop.hdfs.server.namenode.FSNamesystem.checkNameNodeSafeMode(FSNamesystem.java:1437)
	... 12 more
, while invoking ClientNamenodeProtocolTranslatorPB.delete over node-1-link-0/10.10.1.4:8020. Retrying immediately.
2019-02-20 16:51:34,707 INFO retry.RetryInvocationHandler: org.apache.hadoop.ipc.RemoteException(org.apache.hadoop.ipc.RetriableException): org.apache.hadoop.hdfs.server.namenode.SafeModeException: Cannot delete /myfile6. Name node is in safe mode.
The reported blocks 144 has reached the threshold 0.9990 of total blocks 144. The number of live datanodes 3 has reached the minimum number 0. In safe mode extension. Safe mode will be turned off automatically in 2 seconds. NamenodeHostName:node-1-link-0
	at org.apache.hadoop.hdfs.server.namenode.FSNamesystem.checkNameNodeSafeMode(FSNamesystem.java:1441)
	at org.apache.hadoop.hdfs.server.namenode.FSNamesystem.delete(FSNamesystem.java:2986)
	at org.apache.hadoop.hdfs.server.namenode.NameNodeRpcServer.delete(NameNodeRpcServer.java:1095)
	at org.apache.hadoop.hdfs.protocolPB.ClientNamenodeProtocolServerSideTranslatorPB.delete(ClientNamenodeProtocolServerSideTranslatorPB.java:692)
	at org.apache.hadoop.hdfs.protocol.proto.ClientNamenodeProtocolProtos$ClientNamenodeProtocol$2.callBlockingMethod(ClientNamenodeProtocolProtos.java)
	at org.apache.hadoop.ipc.ProtobufRpcEngine$Server$ProtoBufRpcInvoker.call(ProtobufRpcEngine.java:523)
	at org.apache.hadoop.ipc.RPC$Server.call(RPC.java:991)
	at org.apache.hadoop.ipc.Server$RpcCall.run(Server.java:872)
	at org.apache.hadoop.ipc.Server$RpcCall.run(Server.java:818)
	at java.security.AccessController.doPrivileged(Native Method)
	at javax.security.auth.Subject.doAs(Subject.java:422)
	at org.apache.hadoop.security.UserGroupInformation.doAs(UserGroupInformation.java:1729)
	at org.apache.hadoop.ipc.Server$Handler.run(Server.java:2678)
Caused by: org.apache.hadoop.hdfs.server.namenode.SafeModeException: Cannot delete /myfile6. Name node is in safe mode.
The reported blocks 144 has reached the threshold 0.9990 of total blocks 144. The number of live datanodes 3 has reached the minimum number 0. In safe mode extension. Safe mode will be turned off automatically in 2 seconds. NamenodeHostName:node-1-link-0
	at org.apache.hadoop.hdfs.server.namenode.FSNamesystem.newSafemodeException(FSNamesystem.java:1450)
	at org.apache.hadoop.hdfs.server.namenode.FSNamesystem.checkNameNodeSafeMode(FSNamesystem.java:1437)
	... 12 more
, while invoking ClientNamenodeProtocolTranslatorPB.delete over node-1-link-0/10.10.1.4:8020. Retrying after sleeping for 1492ms.
2019-02-20 16:51:36,202 INFO retry.RetryInvocationHandler: org.apache.hadoop.ipc.RemoteException(org.apache.hadoop.ipc.RetriableException): org.apache.hadoop.hdfs.server.namenode.SafeModeException: Cannot delete /myfile6. Name node is in safe mode.
The reported blocks 144 has reached the threshold 0.9990 of total blocks 144. The number of live datanodes 3 has reached the minimum number 0. In safe mode extension. Safe mode will be turned off automatically in 0 seconds. NamenodeHostName:node-1-link-0
	at org.apache.hadoop.hdfs.server.namenode.FSNamesystem.checkNameNodeSafeMode(FSNamesystem.java:1441)
	at org.apache.hadoop.hdfs.server.namenode.FSNamesystem.delete(FSNamesystem.java:2986)
	at org.apache.hadoop.hdfs.server.namenode.NameNodeRpcServer.delete(NameNodeRpcServer.java:1095)
	at org.apache.hadoop.hdfs.protocolPB.ClientNamenodeProtocolServerSideTranslatorPB.delete(ClientNamenodeProtocolServerSideTranslatorPB.java:692)
	at org.apache.hadoop.hdfs.protocol.proto.ClientNamenodeProtocolProtos$ClientNamenodeProtocol$2.callBlockingMethod(ClientNamenodeProtocolProtos.java)
	at org.apache.hadoop.ipc.ProtobufRpcEngine$Server$ProtoBufRpcInvoker.call(ProtobufRpcEngine.java:523)
	at org.apache.hadoop.ipc.RPC$Server.call(RPC.java:991)
	at org.apache.hadoop.ipc.Server$RpcCall.run(Server.java:872)
	at org.apache.hadoop.ipc.Server$RpcCall.run(Server.java:818)
	at java.security.AccessController.doPrivileged(Native Method)
	at javax.security.auth.Subject.doAs(Subject.java:422)
	at org.apache.hadoop.security.UserGroupInformation.doAs(UserGroupInformation.java:1729)
	at org.apache.hadoop.ipc.Server$Handler.run(Server.java:2678)
Caused by: org.apache.hadoop.hdfs.server.namenode.SafeModeException: Cannot delete /myfile6. Name node is in safe mode.
The reported blocks 144 has reached the threshold 0.9990 of total blocks 144. The number of live datanodes 3 has reached the minimum number 0. In safe mode extension. Safe mode will be turned off automatically in 0 seconds. NamenodeHostName:node-1-link-0
	at org.apache.hadoop.hdfs.server.namenode.FSNamesystem.newSafemodeException(FSNamesystem.java:1450)
	at org.apache.hadoop.hdfs.server.namenode.FSNamesystem.checkNameNodeSafeMode(FSNamesystem.java:1437)
	... 12 more
, while invoking ClientNamenodeProtocolTranslatorPB.delete over node-1-link-0/10.10.1.4:8020. Retrying after sleeping for 1255ms.
Deleted /myfile6
file 6 has been removed from HDFS
Found 18 items
-rw-r--r--   3 root supergroup 1073741824 2019-02-20 16:50 /myfile1
-rw-r--r--   3 root supergroup 1073741824 2019-02-20 16:50 /myfile10
-rw-r--r--   3 root supergroup  671088640 2019-02-20 16:51 /myfile11._COPYING_
-rw-r--r--   3 root supergroup  939524096 2019-02-20 16:51 /myfile12._COPYING_
-rw-r--r--   3 root supergroup 1073741824 2019-02-20 16:49 /myfile13
-rw-r--r--   3 root supergroup 1073741824 2019-02-20 16:50 /myfile14
-rw-r--r--   3 root supergroup 1073741824 2019-02-20 16:51 /myfile15
-rw-r--r--   3 root supergroup 1073741824 2019-02-20 16:51 /myfile17
-rw-r--r--   3 root supergroup 1073741824 2019-02-20 16:51 /myfile18
-rw-r--r--   3 root supergroup 1073741824 2019-02-20 16:51 /myfile19
-rw-r--r--   3 root supergroup 1073741824 2019-02-20 16:51 /myfile2
-rw-r--r--   3 root supergroup 1073741824 2019-02-20 16:51 /myfile20
-rw-r--r--   3 root supergroup  134217728 2019-02-20 16:51 /myfile3._COPYING_
-rw-r--r--   3 root supergroup 1073741824 2019-02-20 16:51 /myfile4
-rw-r--r--   3 root supergroup 1073741824 2019-02-20 16:49 /myfile5
-rw-r--r--   3 root supergroup 1073741824 2019-02-20 16:51 /myfile6
-rw-r--r--   3 root supergroup 1073741824 2019-02-20 16:51 /myfile7
-rw-r--r--   3 root supergroup 1073741824 2019-02-20 16:48 /myfile9
file 6 has been put into HDFS
file 6 has been read from HDFS for 1 time
diff succeed!
file 6 has been read from HDFS for 2 time
diff succeed!
file 6 has been read from HDFS for 3 time
diff succeed!
file 6 has been read from HDFS for 4 time
diff succeed!
file 6 has been read from HDFS for 5 time
diff succeed!
file 6 has been read from HDFS for 6 time
diff succeed!
file 6 has been read from HDFS for 7 time
diff succeed!
file 6 has been read from HDFS for 8 time
diff succeed!
file 6 has been read from HDFS for 9 time
diff succeed!
file 6 has been read from HDFS for 10 time
diff succeed!
Deleted /myfile6
file 6 has been removed from HDFS
Found 20 items
-rw-r--r--   3 root supergroup 1073741824 2019-02-20 16:55 /myfile1
-rw-r--r--   3 root supergroup 1073741824 2019-02-20 16:54 /myfile10
-rw-r--r--   3 root supergroup 1073741824 2019-02-20 16:56 /myfile11
-rw-r--r--   3 root supergroup 1073741824 2019-02-20 16:56 /myfile12
-rw-r--r--   3 root supergroup 1073741824 2019-02-20 16:53 /myfile13
-rw-r--r--   3 root supergroup 1073741824 2019-02-20 16:55 /myfile14
-rw-r--r--   3 root supergroup 1073741824 2019-02-20 16:56 /myfile15
-rw-r--r--   3 root supergroup 1073741824 2019-02-20 16:56 /myfile16
-rw-r--r--   3 root supergroup 1073741824 2019-02-20 16:56 /myfile17
-rw-r--r--   3 root supergroup 1073741824 2019-02-20 16:55 /myfile18
-rw-r--r--   3 root supergroup 1073741824 2019-02-20 16:56 /myfile19
-rw-r--r--   3 root supergroup 1073741824 2019-02-20 16:56 /myfile2
-rw-r--r--   3 root supergroup 1073741824 2019-02-20 16:55 /myfile20
-rw-r--r--   3 root supergroup 1073741824 2019-02-20 16:56 /myfile3
-rw-r--r--   3 root supergroup 1073741824 2019-02-20 16:54 /myfile4
-rw-r--r--   3 root supergroup 1073741824 2019-02-20 16:53 /myfile5
-rw-r--r--   3 root supergroup 1073741824 2019-02-20 16:56 /myfile6
-rw-r--r--   3 root supergroup 1073741824 2019-02-20 16:56 /myfile7
-rw-r--r--   3 root supergroup 1073741824 2019-02-20 16:56 /myfile8
-rw-r--r--   3 root supergroup 1073741824 2019-02-20 16:53 /myfile9
file 6 has been put into HDFS
file 6 has been read from HDFS for 1 time
diff succeed!
file 6 has been read from HDFS for 2 time
diff succeed!
file 6 has been read from HDFS for 3 time
diff succeed!
file 6 has been read from HDFS for 4 time
diff succeed!
file 6 has been read from HDFS for 5 time
diff succeed!
file 6 has been read from HDFS for 6 time
diff succeed!
file 6 has been read from HDFS for 7 time
diff succeed!
file 6 has been read from HDFS for 8 time
diff succeed!
file 6 has been read from HDFS for 9 time
diff succeed!
file 6 has been read from HDFS for 10 time
diff succeed!
Deleted /myfile6
file 6 has been removed from HDFS
2019-02-20 17:01:33,709 INFO retry.RetryInvocationHandler: java.io.EOFException: End of File Exception between local host is: "clnode076.clemson.cloudlab.us/130.127.133.85"; destination host is: "node-1-link-0":8020; : java.io.EOFException; For more details see:  http://wiki.apache.org/hadoop/EOFException, while invoking ClientNamenodeProtocolTranslatorPB.addBlock over node-1-link-0/10.10.1.4:8020. Trying to failover immediately.
Found 19 items
-rw-r--r--   3 root supergroup 1073741824 2019-02-20 16:59 /myfile1
-rw-r--r--   3 root supergroup 1073741824 2019-02-20 16:58 /myfile10
-rw-r--r--   3 root supergroup 1073741824 2019-02-20 17:01 /myfile11
-rw-r--r--   3 root supergroup 1073741824 2019-02-20 17:00 /myfile12
-rw-r--r--   3 root supergroup 1073741824 2019-02-20 16:58 /myfile13
-rw-r--r--   3 root supergroup 1073741824 2019-02-20 16:59 /myfile14
-rw-r--r--   3 root supergroup 1073741824 2019-02-20 17:01 /myfile15
-rw-r--r--   3 root supergroup 1073741824 2019-02-20 17:00 /myfile16
-rw-r--r--   3 root supergroup 1073741824 2019-02-20 17:00 /myfile17
-rw-r--r--   3 root supergroup 1073741824 2019-02-20 16:59 /myfile18
-rw-r--r--   3 root supergroup 1073741824 2019-02-20 17:01 /myfile19
-rw-r--r--   3 root supergroup 1073741824 2019-02-20 17:00 /myfile2
-rw-r--r--   3 root supergroup 1073741824 2019-02-20 17:00 /myfile20
-rw-r--r--   3 root supergroup 1073741824 2019-02-20 17:00 /myfile3
-rw-r--r--   3 root supergroup 1073741824 2019-02-20 16:59 /myfile4
-rw-r--r--   3 root supergroup 1073741824 2019-02-20 16:58 /myfile5
-rw-r--r--   3 root supergroup 1073741824 2019-02-20 17:01 /myfile6
-rw-r--r--   3 root supergroup 1073741824 2019-02-20 17:01 /myfile7
-rw-r--r--   3 root supergroup 1073741824 2019-02-20 17:00 /myfile8
file 6 has been put into HDFS
file 6 has been read from HDFS for 1 time
diff succeed!
file 6 has been read from HDFS for 2 time
diff succeed!
file 6 has been read from HDFS for 3 time
diff succeed!
file 6 has been read from HDFS for 4 time
diff succeed!
file 6 has been read from HDFS for 5 time
diff succeed!
file 6 has been read from HDFS for 6 time
diff succeed!
file 6 has been read from HDFS for 7 time
diff succeed!
file 6 has been read from HDFS for 8 time
diff succeed!
file 6 has been read from HDFS for 9 time
diff succeed!
file 6 has been read from HDFS for 10 time
diff succeed!
Deleted /myfile6
file 6 has been removed from HDFS
Found 18 items
-rw-r--r--   3 root supergroup 1073741824 2019-02-20 17:02 /myfile10
-rw-r--r--   3 root supergroup 1073741824 2019-02-20 17:04 /myfile11
-rw-r--r--   3 root supergroup 1073741824 2019-02-20 17:04 /myfile12
-rw-r--r--   3 root supergroup 1073741824 2019-02-20 17:03 /myfile13
-rw-r--r--   3 root supergroup 1073741824 2019-02-20 17:02 /myfile14
-rw-r--r--   3 root supergroup 1073741824 2019-02-20 17:05 /myfile15
-rw-r--r--   3 root supergroup 1073741824 2019-02-20 17:04 /myfile16
-rw-r--r--   3 root supergroup 1073741824 2019-02-20 17:04 /myfile17
-rw-r--r--   3 root supergroup 1073741824 2019-02-20 17:03 /myfile18
-rw-r--r--   3 root supergroup 1073741824 2019-02-20 17:01 /myfile19
-rw-r--r--   3 root supergroup 1073741824 2019-02-20 17:04 /myfile2
-rw-r--r--   3 root supergroup 1073741824 2019-02-20 17:05 /myfile20
-rw-r--r--   3 root supergroup 1073741824 2019-02-20 17:05 /myfile3
-rw-r--r--   3 root supergroup 1073741824 2019-02-20 17:03 /myfile4
-rw-r--r--   3 root supergroup 1073741824 2019-02-20 17:04 /myfile5
-rw-r--r--   3 root supergroup 1073741824 2019-02-20 17:05 /myfile6
-rw-r--r--   3 root supergroup 1073741824 2019-02-20 17:01 /myfile7
-rw-r--r--   3 root supergroup 1073741824 2019-02-20 17:02 /myfile9
file 6 has been put into HDFS
file 6 has been read from HDFS for 1 time
diff succeed!
file 6 has been read from HDFS for 2 time
diff succeed!
file 6 has been read from HDFS for 3 time
diff succeed!
file 6 has been read from HDFS for 4 time
diff succeed!
file 6 has been read from HDFS for 5 time
diff succeed!
file 6 has been read from HDFS for 6 time
diff succeed!
file 6 has been read from HDFS for 7 time
diff succeed!
file 6 has been read from HDFS for 8 time
diff succeed!
file 6 has been read from HDFS for 9 time
diff succeed!
file 6 has been read from HDFS for 10 time
diff succeed!
Deleted /myfile6
file 6 has been removed from HDFS
Found 19 items
-rw-r--r--   3 root supergroup 1073741824 2019-02-20 17:05 /myfile1
-rw-r--r--   3 root supergroup 1073741824 2019-02-20 17:06 /myfile10
-rw-r--r--   3 root supergroup 1073741824 2019-02-20 17:08 /myfile11
-rw-r--r--   3 root supergroup 1073741824 2019-02-20 17:08 /myfile12
-rw-r--r--   3 root supergroup 1073741824 2019-02-20 17:08 /myfile13
-rw-r--r--   3 root supergroup 1073741824 2019-02-20 17:06 /myfile14
-rw-r--r--   3 root supergroup 1073741824 2019-02-20 17:05 /myfile15
-rw-r--r--   3 root supergroup 1073741824 2019-02-20 17:07 /myfile16
-rw-r--r--   3 root supergroup 1073741824 2019-02-20 17:09 /myfile17
-rw-r--r--   3 root supergroup 1073741824 2019-02-20 17:06 /myfile18
-rw-r--r--   3 root supergroup 1073741824 2019-02-20 17:06 /myfile19
-rw-r--r--   3 root supergroup 1073741824 2019-02-20 17:08 /myfile2
-rw-r--r--   3 root supergroup 1073741824 2019-02-20 17:09 /myfile20
-rw-r--r--   3 root supergroup 1073741824 2019-02-20 17:08 /myfile3
-rw-r--r--   3 root supergroup 1073741824 2019-02-20 17:06 /myfile4
-rw-r--r--   3 root supergroup 1073741824 2019-02-20 17:07 /myfile5
-rw-r--r--   3 root supergroup 1073741824 2019-02-20 17:10 /myfile6
-rw-r--r--   3 root supergroup 1073741824 2019-02-20 17:06 /myfile7
-rw-r--r--   3 root supergroup 1073741824 2019-02-20 17:08 /myfile9
file 6 has been put into HDFS
file 6 has been read from HDFS for 1 time
diff succeed!
file 6 has been read from HDFS for 2 time
diff succeed!
file 6 has been read from HDFS for 3 time
diff succeed!
file 6 has been read from HDFS for 4 time
diff succeed!
file 6 has been read from HDFS for 5 time
diff succeed!
file 6 has been read from HDFS for 6 time
diff succeed!
file 6 has been read from HDFS for 7 time
diff succeed!
file 6 has been read from HDFS for 8 time
diff succeed!
file 6 has been read from HDFS for 9 time
diff succeed!
file 6 has been read from HDFS for 10 time
diff succeed!
2019-02-20 17:13:27,367 INFO retry.RetryInvocationHandler: org.apache.hadoop.ipc.RemoteException(org.apache.hadoop.ipc.RetriableException): org.apache.hadoop.hdfs.server.namenode.SafeModeException: Cannot delete /myfile6. Name node is in safe mode.
The reported blocks 160 has reached the threshold 0.9990 of total blocks 160. The number of live datanodes 3 has reached the minimum number 0. In safe mode extension. Safe mode will be turned off automatically in 17 seconds. NamenodeHostName:node-1-link-0
	at org.apache.hadoop.hdfs.server.namenode.FSNamesystem.checkNameNodeSafeMode(FSNamesystem.java:1441)
	at org.apache.hadoop.hdfs.server.namenode.FSNamesystem.delete(FSNamesystem.java:2986)
	at org.apache.hadoop.hdfs.server.namenode.NameNodeRpcServer.delete(NameNodeRpcServer.java:1095)
	at org.apache.hadoop.hdfs.protocolPB.ClientNamenodeProtocolServerSideTranslatorPB.delete(ClientNamenodeProtocolServerSideTranslatorPB.java:692)
	at org.apache.hadoop.hdfs.protocol.proto.ClientNamenodeProtocolProtos$ClientNamenodeProtocol$2.callBlockingMethod(ClientNamenodeProtocolProtos.java)
	at org.apache.hadoop.ipc.ProtobufRpcEngine$Server$ProtoBufRpcInvoker.call(ProtobufRpcEngine.java:523)
	at org.apache.hadoop.ipc.RPC$Server.call(RPC.java:991)
	at org.apache.hadoop.ipc.Server$RpcCall.run(Server.java:872)
	at org.apache.hadoop.ipc.Server$RpcCall.run(Server.java:818)
	at java.security.AccessController.doPrivileged(Native Method)
	at javax.security.auth.Subject.doAs(Subject.java:422)
	at org.apache.hadoop.security.UserGroupInformation.doAs(UserGroupInformation.java:1729)
	at org.apache.hadoop.ipc.Server$Handler.run(Server.java:2678)
Caused by: org.apache.hadoop.hdfs.server.namenode.SafeModeException: Cannot delete /myfile6. Name node is in safe mode.
The reported blocks 160 has reached the threshold 0.9990 of total blocks 160. The number of live datanodes 3 has reached the minimum number 0. In safe mode extension. Safe mode will be turned off automatically in 17 seconds. NamenodeHostName:node-1-link-0
	at org.apache.hadoop.hdfs.server.namenode.FSNamesystem.newSafemodeException(FSNamesystem.java:1450)
	at org.apache.hadoop.hdfs.server.namenode.FSNamesystem.checkNameNodeSafeMode(FSNamesystem.java:1437)
	... 12 more
, while invoking ClientNamenodeProtocolTranslatorPB.delete over node-1-link-0/10.10.1.4:8020. Retrying immediately.
2019-02-20 17:13:27,371 INFO retry.RetryInvocationHandler: org.apache.hadoop.ipc.RemoteException(org.apache.hadoop.ipc.RetriableException): org.apache.hadoop.hdfs.server.namenode.SafeModeException: Cannot delete /myfile6. Name node is in safe mode.
The reported blocks 160 has reached the threshold 0.9990 of total blocks 160. The number of live datanodes 3 has reached the minimum number 0. In safe mode extension. Safe mode will be turned off automatically in 17 seconds. NamenodeHostName:node-1-link-0
	at org.apache.hadoop.hdfs.server.namenode.FSNamesystem.checkNameNodeSafeMode(FSNamesystem.java:1441)
	at org.apache.hadoop.hdfs.server.namenode.FSNamesystem.delete(FSNamesystem.java:2986)
	at org.apache.hadoop.hdfs.server.namenode.NameNodeRpcServer.delete(NameNodeRpcServer.java:1095)
	at org.apache.hadoop.hdfs.protocolPB.ClientNamenodeProtocolServerSideTranslatorPB.delete(ClientNamenodeProtocolServerSideTranslatorPB.java:692)
	at org.apache.hadoop.hdfs.protocol.proto.ClientNamenodeProtocolProtos$ClientNamenodeProtocol$2.callBlockingMethod(ClientNamenodeProtocolProtos.java)
	at org.apache.hadoop.ipc.ProtobufRpcEngine$Server$ProtoBufRpcInvoker.call(ProtobufRpcEngine.java:523)
	at org.apache.hadoop.ipc.RPC$Server.call(RPC.java:991)
	at org.apache.hadoop.ipc.Server$RpcCall.run(Server.java:872)
	at org.apache.hadoop.ipc.Server$RpcCall.run(Server.java:818)
	at java.security.AccessController.doPrivileged(Native Method)
	at javax.security.auth.Subject.doAs(Subject.java:422)
	at org.apache.hadoop.security.UserGroupInformation.doAs(UserGroupInformation.java:1729)
	at org.apache.hadoop.ipc.Server$Handler.run(Server.java:2678)
Caused by: org.apache.hadoop.hdfs.server.namenode.SafeModeException: Cannot delete /myfile6. Name node is in safe mode.
The reported blocks 160 has reached the threshold 0.9990 of total blocks 160. The number of live datanodes 3 has reached the minimum number 0. In safe mode extension. Safe mode will be turned off automatically in 17 seconds. NamenodeHostName:node-1-link-0
	at org.apache.hadoop.hdfs.server.namenode.FSNamesystem.newSafemodeException(FSNamesystem.java:1450)
	at org.apache.hadoop.hdfs.server.namenode.FSNamesystem.checkNameNodeSafeMode(FSNamesystem.java:1437)
	... 12 more
, while invoking ClientNamenodeProtocolTranslatorPB.delete over node-1-link-0/10.10.1.4:8020. Retrying after sleeping for 1221ms.
2019-02-20 17:13:28,595 INFO retry.RetryInvocationHandler: org.apache.hadoop.ipc.RemoteException(org.apache.hadoop.ipc.RetriableException): org.apache.hadoop.hdfs.server.namenode.SafeModeException: Cannot delete /myfile6. Name node is in safe mode.
The reported blocks 160 has reached the threshold 0.9990 of total blocks 160. The number of live datanodes 3 has reached the minimum number 0. In safe mode extension. Safe mode will be turned off automatically in 16 seconds. NamenodeHostName:node-1-link-0
	at org.apache.hadoop.hdfs.server.namenode.FSNamesystem.checkNameNodeSafeMode(FSNamesystem.java:1441)
	at org.apache.hadoop.hdfs.server.namenode.FSNamesystem.delete(FSNamesystem.java:2986)
	at org.apache.hadoop.hdfs.server.namenode.NameNodeRpcServer.delete(NameNodeRpcServer.java:1095)
	at org.apache.hadoop.hdfs.protocolPB.ClientNamenodeProtocolServerSideTranslatorPB.delete(ClientNamenodeProtocolServerSideTranslatorPB.java:692)
	at org.apache.hadoop.hdfs.protocol.proto.ClientNamenodeProtocolProtos$ClientNamenodeProtocol$2.callBlockingMethod(ClientNamenodeProtocolProtos.java)
	at org.apache.hadoop.ipc.ProtobufRpcEngine$Server$ProtoBufRpcInvoker.call(ProtobufRpcEngine.java:523)
	at org.apache.hadoop.ipc.RPC$Server.call(RPC.java:991)
	at org.apache.hadoop.ipc.Server$RpcCall.run(Server.java:872)
	at org.apache.hadoop.ipc.Server$RpcCall.run(Server.java:818)
	at java.security.AccessController.doPrivileged(Native Method)
	at javax.security.auth.Subject.doAs(Subject.java:422)
	at org.apache.hadoop.security.UserGroupInformation.doAs(UserGroupInformation.java:1729)
	at org.apache.hadoop.ipc.Server$Handler.run(Server.java:2678)
Caused by: org.apache.hadoop.hdfs.server.namenode.SafeModeException: Cannot delete /myfile6. Name node is in safe mode.
The reported blocks 160 has reached the threshold 0.9990 of total blocks 160. The number of live datanodes 3 has reached the minimum number 0. In safe mode extension. Safe mode will be turned off automatically in 16 seconds. NamenodeHostName:node-1-link-0
	at org.apache.hadoop.hdfs.server.namenode.FSNamesystem.newSafemodeException(FSNamesystem.java:1450)
	at org.apache.hadoop.hdfs.server.namenode.FSNamesystem.checkNameNodeSafeMode(FSNamesystem.java:1437)
	... 12 more
, while invoking ClientNamenodeProtocolTranslatorPB.delete over node-1-link-0/10.10.1.4:8020. Retrying after sleeping for 2102ms.
2019-02-20 17:13:30,702 INFO retry.RetryInvocationHandler: org.apache.hadoop.ipc.RemoteException(org.apache.hadoop.ipc.RetriableException): org.apache.hadoop.hdfs.server.namenode.SafeModeException: Cannot delete /myfile6. Name node is in safe mode.
The reported blocks 160 has reached the threshold 0.9990 of total blocks 160. The number of live datanodes 3 has reached the minimum number 0. In safe mode extension. Safe mode will be turned off automatically in 13 seconds. NamenodeHostName:node-1-link-0
	at org.apache.hadoop.hdfs.server.namenode.FSNamesystem.checkNameNodeSafeMode(FSNamesystem.java:1441)
	at org.apache.hadoop.hdfs.server.namenode.FSNamesystem.delete(FSNamesystem.java:2986)
	at org.apache.hadoop.hdfs.server.namenode.NameNodeRpcServer.delete(NameNodeRpcServer.java:1095)
	at org.apache.hadoop.hdfs.protocolPB.ClientNamenodeProtocolServerSideTranslatorPB.delete(ClientNamenodeProtocolServerSideTranslatorPB.java:692)
	at org.apache.hadoop.hdfs.protocol.proto.ClientNamenodeProtocolProtos$ClientNamenodeProtocol$2.callBlockingMethod(ClientNamenodeProtocolProtos.java)
	at org.apache.hadoop.ipc.ProtobufRpcEngine$Server$ProtoBufRpcInvoker.call(ProtobufRpcEngine.java:523)
	at org.apache.hadoop.ipc.RPC$Server.call(RPC.java:991)
	at org.apache.hadoop.ipc.Server$RpcCall.run(Server.java:872)
	at org.apache.hadoop.ipc.Server$RpcCall.run(Server.java:818)
	at java.security.AccessController.doPrivileged(Native Method)
	at javax.security.auth.Subject.doAs(Subject.java:422)
	at org.apache.hadoop.security.UserGroupInformation.doAs(UserGroupInformation.java:1729)
	at org.apache.hadoop.ipc.Server$Handler.run(Server.java:2678)
Caused by: org.apache.hadoop.hdfs.server.namenode.SafeModeException: Cannot delete /myfile6. Name node is in safe mode.
The reported blocks 160 has reached the threshold 0.9990 of total blocks 160. The number of live datanodes 3 has reached the minimum number 0. In safe mode extension. Safe mode will be turned off automatically in 13 seconds. NamenodeHostName:node-1-link-0
	at org.apache.hadoop.hdfs.server.namenode.FSNamesystem.newSafemodeException(FSNamesystem.java:1450)
	at org.apache.hadoop.hdfs.server.namenode.FSNamesystem.checkNameNodeSafeMode(FSNamesystem.java:1437)
	... 12 more
, while invoking ClientNamenodeProtocolTranslatorPB.delete over node-1-link-0/10.10.1.4:8020. Retrying after sleeping for 4120ms.
2019-02-20 17:13:34,827 INFO retry.RetryInvocationHandler: org.apache.hadoop.ipc.RemoteException(org.apache.hadoop.ipc.RetriableException): org.apache.hadoop.hdfs.server.namenode.SafeModeException: Cannot delete /myfile6. Name node is in safe mode.
The reported blocks 160 has reached the threshold 0.9990 of total blocks 160. The number of live datanodes 3 has reached the minimum number 0. In safe mode extension. Safe mode will be turned off automatically in 9 seconds. NamenodeHostName:node-1-link-0
	at org.apache.hadoop.hdfs.server.namenode.FSNamesystem.checkNameNodeSafeMode(FSNamesystem.java:1441)
	at org.apache.hadoop.hdfs.server.namenode.FSNamesystem.delete(FSNamesystem.java:2986)
	at org.apache.hadoop.hdfs.server.namenode.NameNodeRpcServer.delete(NameNodeRpcServer.java:1095)
	at org.apache.hadoop.hdfs.protocolPB.ClientNamenodeProtocolServerSideTranslatorPB.delete(ClientNamenodeProtocolServerSideTranslatorPB.java:692)
	at org.apache.hadoop.hdfs.protocol.proto.ClientNamenodeProtocolProtos$ClientNamenodeProtocol$2.callBlockingMethod(ClientNamenodeProtocolProtos.java)
	at org.apache.hadoop.ipc.ProtobufRpcEngine$Server$ProtoBufRpcInvoker.call(ProtobufRpcEngine.java:523)
	at org.apache.hadoop.ipc.RPC$Server.call(RPC.java:991)
	at org.apache.hadoop.ipc.Server$RpcCall.run(Server.java:872)
	at org.apache.hadoop.ipc.Server$RpcCall.run(Server.java:818)
	at java.security.AccessController.doPrivileged(Native Method)
	at javax.security.auth.Subject.doAs(Subject.java:422)
	at org.apache.hadoop.security.UserGroupInformation.doAs(UserGroupInformation.java:1729)
	at org.apache.hadoop.ipc.Server$Handler.run(Server.java:2678)
Caused by: org.apache.hadoop.hdfs.server.namenode.SafeModeException: Cannot delete /myfile6. Name node is in safe mode.
The reported blocks 160 has reached the threshold 0.9990 of total blocks 160. The number of live datanodes 3 has reached the minimum number 0. In safe mode extension. Safe mode will be turned off automatically in 9 seconds. NamenodeHostName:node-1-link-0
	at org.apache.hadoop.hdfs.server.namenode.FSNamesystem.newSafemodeException(FSNamesystem.java:1450)
	at org.apache.hadoop.hdfs.server.namenode.FSNamesystem.checkNameNodeSafeMode(FSNamesystem.java:1437)
	... 12 more
, while invoking ClientNamenodeProtocolTranslatorPB.delete over node-1-link-0/10.10.1.4:8020. Retrying after sleeping for 7222ms.
2019-02-20 17:13:42,055 INFO retry.RetryInvocationHandler: org.apache.hadoop.ipc.RemoteException(org.apache.hadoop.ipc.RetriableException): org.apache.hadoop.hdfs.server.namenode.SafeModeException: Cannot delete /myfile6. Name node is in safe mode.
The reported blocks 160 has reached the threshold 0.9990 of total blocks 160. The number of live datanodes 3 has reached the minimum number 0. In safe mode extension. Safe mode will be turned off automatically in 2 seconds. NamenodeHostName:node-1-link-0
	at org.apache.hadoop.hdfs.server.namenode.FSNamesystem.checkNameNodeSafeMode(FSNamesystem.java:1441)
	at org.apache.hadoop.hdfs.server.namenode.FSNamesystem.delete(FSNamesystem.java:2986)
	at org.apache.hadoop.hdfs.server.namenode.NameNodeRpcServer.delete(NameNodeRpcServer.java:1095)
	at org.apache.hadoop.hdfs.protocolPB.ClientNamenodeProtocolServerSideTranslatorPB.delete(ClientNamenodeProtocolServerSideTranslatorPB.java:692)
	at org.apache.hadoop.hdfs.protocol.proto.ClientNamenodeProtocolProtos$ClientNamenodeProtocol$2.callBlockingMethod(ClientNamenodeProtocolProtos.java)
	at org.apache.hadoop.ipc.ProtobufRpcEngine$Server$ProtoBufRpcInvoker.call(ProtobufRpcEngine.java:523)
	at org.apache.hadoop.ipc.RPC$Server.call(RPC.java:991)
	at org.apache.hadoop.ipc.Server$RpcCall.run(Server.java:872)
	at org.apache.hadoop.ipc.Server$RpcCall.run(Server.java:818)
	at java.security.AccessController.doPrivileged(Native Method)
	at javax.security.auth.Subject.doAs(Subject.java:422)
	at org.apache.hadoop.security.UserGroupInformation.doAs(UserGroupInformation.java:1729)
	at org.apache.hadoop.ipc.Server$Handler.run(Server.java:2678)
Caused by: org.apache.hadoop.hdfs.server.namenode.SafeModeException: Cannot delete /myfile6. Name node is in safe mode.
The reported blocks 160 has reached the threshold 0.9990 of total blocks 160. The number of live datanodes 3 has reached the minimum number 0. In safe mode extension. Safe mode will be turned off automatically in 2 seconds. NamenodeHostName:node-1-link-0
	at org.apache.hadoop.hdfs.server.namenode.FSNamesystem.newSafemodeException(FSNamesystem.java:1450)
	at org.apache.hadoop.hdfs.server.namenode.FSNamesystem.checkNameNodeSafeMode(FSNamesystem.java:1437)
	... 12 more
, while invoking ClientNamenodeProtocolTranslatorPB.delete over node-1-link-0/10.10.1.4:8020. Retrying after sleeping for 12446ms.
Deleted /myfile6
file 6 has been removed from HDFS
Found 19 items
-rw-r--r--   3 root supergroup 1073741824 2019-02-20 17:14 /myfile1
-rw-r--r--   3 root supergroup  268435456 2019-02-20 17:14 /myfile10._COPYING_
-rw-r--r--   3 root supergroup 1073741824 2019-02-20 17:12 /myfile11
-rw-r--r--   3 root supergroup 1073741824 2019-02-20 17:14 /myfile12
-rw-r--r--   3 root supergroup 1073741824 2019-02-20 17:12 /myfile13
-rw-r--r--   3 root supergroup 1073741824 2019-02-20 17:10 /myfile14
-rw-r--r--   3 root supergroup 1073741824 2019-02-20 17:10 /myfile15
-rw-r--r--   3 root supergroup 1073741824 2019-02-20 17:12 /myfile16
-rw-r--r--   3 root supergroup 1073741824 2019-02-20 17:12 /myfile17
-rw-r--r--   3 root supergroup 1073741824 2019-02-20 17:10 /myfile18
-rw-r--r--   3 root supergroup 1073741824 2019-02-20 17:10 /myfile19
-rw-r--r--   3 root supergroup 1073741824 2019-02-20 17:12 /myfile2
-rw-r--r--   3 root supergroup 1073741824 2019-02-20 17:13 /myfile20
-rw-r--r--   3 root supergroup 1073741824 2019-02-20 17:12 /myfile3
-rw-r--r--   3 root supergroup 1073741824 2019-02-20 17:10 /myfile4
-rw-r--r--   3 root supergroup 1073741824 2019-02-20 17:12 /myfile5
-rw-r--r--   3 root supergroup 1073741824 2019-02-20 17:14 /myfile6
-rw-r--r--   3 root supergroup 1073741824 2019-02-20 17:14 /myfile8
-rw-r--r--   3 root supergroup 1073741824 2019-02-20 17:12 /myfile9
file 6 has been put into HDFS
file 6 has been read from HDFS for 1 time
diff succeed!
file 6 has been read from HDFS for 2 time
diff succeed!
file 6 has been read from HDFS for 3 time
diff succeed!
file 6 has been read from HDFS for 4 time
diff succeed!
file 6 has been read from HDFS for 5 time
diff succeed!
file 6 has been read from HDFS for 6 time
diff succeed!
file 6 has been read from HDFS for 7 time
diff succeed!
file 6 has been read from HDFS for 8 time
diff succeed!
file 6 has been read from HDFS for 9 time
diff succeed!
file 6 has been read from HDFS for 10 time
diff succeed!
Deleted /myfile6
file 6 has been removed from HDFS
Found 18 items
-rw-r--r--   3 root supergroup  805306368 2019-02-20 17:18 /myfile1._COPYING_
-rw-r--r--   3 root supergroup 1073741824 2019-02-20 17:18 /myfile10
-rw-r--r--   3 root supergroup 1073741824 2019-02-20 17:16 /myfile11
-rw-r--r--   3 root supergroup 1073741824 2019-02-20 17:18 /myfile12
-rw-r--r--   3 root supergroup 1073741824 2019-02-20 17:16 /myfile13
-rw-r--r--   3 root supergroup 1073741824 2019-02-20 17:14 /myfile14
-rw-r--r--   3 root supergroup 1073741824 2019-02-20 17:15 /myfile15
-rw-r--r--   3 root supergroup 1073741824 2019-02-20 17:16 /myfile16
-rw-r--r--   3 root supergroup 1073741824 2019-02-20 17:16 /myfile17
-rw-r--r--   3 root supergroup 1073741824 2019-02-20 17:16 /myfile18
-rw-r--r--   3 root supergroup 1073741824 2019-02-20 17:15 /myfile19
-rw-r--r--   3 root supergroup 1073741824 2019-02-20 17:17 /myfile2
-rw-r--r--   3 root supergroup 1073741824 2019-02-20 17:17 /myfile20
-rw-r--r--   3 root supergroup 1073741824 2019-02-20 17:17 /myfile3
-rw-r--r--   3 root supergroup 1073741824 2019-02-20 17:14 /myfile4
-rw-r--r--   3 root supergroup 1073741824 2019-02-20 17:16 /myfile5
-rw-r--r--   3 root supergroup 1073741824 2019-02-20 17:18 /myfile6
-rw-r--r--   3 root supergroup 1073741824 2019-02-20 17:17 /myfile9
file 6 has been put into HDFS
file 6 has been read from HDFS for 1 time
diff succeed!
file 6 has been read from HDFS for 2 time
diff succeed!
file 6 has been read from HDFS for 3 time
diff succeed!
file 6 has been read from HDFS for 4 time
diff succeed!
file 6 has been read from HDFS for 5 time
diff succeed!
file 6 has been read from HDFS for 6 time
diff succeed!
file 6 has been read from HDFS for 7 time
diff succeed!
file 6 has been read from HDFS for 8 time
diff succeed!
file 6 has been read from HDFS for 9 time
diff succeed!
file 6 has been read from HDFS for 10 time
diff succeed!
Deleted /myfile6
file 6 has been removed from HDFS
Found 19 items
-rw-r--r--   3 root supergroup 1073741824 2019-02-20 17:22 /myfile1
-rw-r--r--   3 root supergroup 1073741824 2019-02-20 17:22 /myfile10
-rw-r--r--   3 root supergroup 1073741824 2019-02-20 17:20 /myfile11
-rw-r--r--   3 root supergroup 1073741824 2019-02-20 17:20 /myfile13
-rw-r--r--   3 root supergroup 1073741824 2019-02-20 17:19 /myfile14
-rw-r--r--   3 root supergroup 1073741824 2019-02-20 17:19 /myfile15
-rw-r--r--   3 root supergroup 1073741824 2019-02-20 17:20 /myfile16
-rw-r--r--   3 root supergroup 1073741824 2019-02-20 17:21 /myfile17
-rw-r--r--   3 root supergroup 1073741824 2019-02-20 17:20 /myfile18
-rw-r--r--   3 root supergroup 1073741824 2019-02-20 17:19 /myfile19
-rw-r--r--   3 root supergroup 1073741824 2019-02-20 17:21 /myfile2
-rw-r--r--   3 root supergroup 1073741824 2019-02-20 17:21 /myfile20
-rw-r--r--   3 root supergroup 1073741824 2019-02-20 17:21 /myfile3
-rw-r--r--   3 root supergroup 1073741824 2019-02-20 17:22 /myfile4
-rw-r--r--   3 root supergroup 1073741824 2019-02-20 17:20 /myfile5
-rw-r--r--   3 root supergroup 1073741824 2019-02-20 17:22 /myfile6
-rw-r--r--   3 root supergroup  671088640 2019-02-20 17:22 /myfile7._COPYING_
-rw-r--r--   3 root supergroup          0 2019-02-20 17:22 /myfile8._COPYING_
-rw-r--r--   3 root supergroup 1073741824 2019-02-20 17:21 /myfile9
file 6 has been put into HDFS
file 6 has been read from HDFS for 1 time
diff succeed!
sub_benchmark 2 signal TERM catched and let quit gracefully
file 6 has been read from HDFS for 2 time
diff succeed!
Deleted /myfile6
file 6 has been removed from HDFS
