Found 20 items
-rw-r--r--   3 root supergroup 1073741824 2019-02-22 15:44 /myfile1
-rw-r--r--   3 root supergroup  939524096 2019-02-22 15:44 /myfile10._COPYING_
-rw-r--r--   3 root supergroup 1073741824 2019-02-22 15:44 /myfile11
-rw-r--r--   3 root supergroup 1073741824 2019-02-22 15:44 /myfile12
-rw-r--r--   3 root supergroup 1073741824 2019-02-22 15:44 /myfile13
-rw-r--r--   3 root supergroup 1073741824 2019-02-22 15:44 /myfile14
-rw-r--r--   3 root supergroup 1073741824 2019-02-22 15:44 /myfile15
-rw-r--r--   3 root supergroup 1073741824 2019-02-22 15:44 /myfile16
-rw-r--r--   3 root supergroup 1073741824 2019-02-22 15:44 /myfile17
-rw-r--r--   3 root supergroup 1073741824 2019-02-22 15:44 /myfile18
-rw-r--r--   3 root supergroup  939524096 2019-02-22 15:44 /myfile19._COPYING_
-rw-r--r--   3 root supergroup 1073741824 2019-02-22 15:44 /myfile2
-rw-r--r--   3 root supergroup 1073741824 2019-02-22 15:44 /myfile20
-rw-r--r--   3 root supergroup 1073741824 2019-02-22 15:44 /myfile3
-rw-r--r--   3 root supergroup 1073741824 2019-02-22 15:44 /myfile4
-rw-r--r--   3 root supergroup 1073741824 2019-02-22 15:44 /myfile5
-rw-r--r--   3 root supergroup 1073741824 2019-02-22 15:44 /myfile6
-rw-r--r--   3 root supergroup 1073741824 2019-02-22 15:44 /myfile7
-rw-r--r--   3 root supergroup 1073741824 2019-02-22 15:44 /myfile8
-rw-r--r--   3 root supergroup 1073741824 2019-02-22 15:44 /myfile9
file 7 has been put into HDFS
file 7 has been read from HDFS for 1 time
diff succeed!
file 7 has been read from HDFS for 2 time
diff succeed!
file 7 has been read from HDFS for 3 time
diff succeed!
file 7 has been read from HDFS for 4 time
diff succeed!
file 7 has been read from HDFS for 5 time
diff succeed!
file 7 has been read from HDFS for 6 time
diff succeed!
file 7 has been read from HDFS for 7 time
diff succeed!
file 7 has been read from HDFS for 8 time
diff succeed!
file 7 has been read from HDFS for 9 time
diff succeed!
file 7 has been read from HDFS for 10 time
diff succeed!
Deleted /myfile7
file 7 has been removed from HDFS
Found 20 items
-rw-r--r--   3 root supergroup 1073741824 2019-02-22 15:48 /myfile1
-rw-r--r--   3 root supergroup  268435456 2019-02-22 15:48 /myfile10._COPYING_
-rw-r--r--   3 root supergroup  268435456 2019-02-22 15:48 /myfile11._COPYING_
-rw-r--r--   3 root supergroup  134217728 2019-02-22 15:48 /myfile12._COPYING_
-rw-r--r--   3 root supergroup 1073741824 2019-02-22 15:48 /myfile13
-rw-r--r--   3 root supergroup  268435456 2019-02-22 15:48 /myfile14._COPYING_
-rw-r--r--   3 root supergroup 1073741824 2019-02-22 15:44 /myfile15
-rw-r--r--   3 root supergroup  939524096 2019-02-22 15:48 /myfile16._COPYING_
-rw-r--r--   3 root supergroup 1073741824 2019-02-22 15:48 /myfile17
-rw-r--r--   3 root supergroup          0 2019-02-22 15:48 /myfile18._COPYING_
-rw-r--r--   3 root supergroup          0 2019-02-22 15:48 /myfile19._COPYING_
-rw-r--r--   3 root supergroup 1073741824 2019-02-22 15:48 /myfile2
-rw-r--r--   3 root supergroup  805306368 2019-02-22 15:48 /myfile20._COPYING_
-rw-r--r--   3 root supergroup 1073741824 2019-02-22 15:48 /myfile3
-rw-r--r--   3 root supergroup 1073741824 2019-02-22 15:48 /myfile4
-rw-r--r--   3 root supergroup 1073741824 2019-02-22 15:48 /myfile5
-rw-r--r--   3 root supergroup          0 2019-02-22 15:48 /myfile6._COPYING_
-rw-r--r--   3 root supergroup 1073741824 2019-02-22 15:48 /myfile7
-rw-r--r--   3 root supergroup  268435456 2019-02-22 15:48 /myfile8._COPYING_
-rw-r--r--   3 root supergroup  268435456 2019-02-22 15:48 /myfile9._COPYING_
file 7 has been put into HDFS
file 7 has been read from HDFS for 1 time
diff succeed!
file 7 has been read from HDFS for 2 time
diff succeed!
file 7 has been read from HDFS for 3 time
diff succeed!
file 7 has been read from HDFS for 4 time
diff succeed!
file 7 has been read from HDFS for 5 time
diff succeed!
file 7 has been read from HDFS for 6 time
diff succeed!
file 7 has been read from HDFS for 7 time
diff succeed!
file 7 has been read from HDFS for 8 time
diff succeed!
file 7 has been read from HDFS for 9 time
diff succeed!
file 7 has been read from HDFS for 10 time
diff succeed!
Deleted /myfile7
file 7 has been removed from HDFS
Found 15 items
-rw-r--r--   3 root supergroup 1073741824 2019-02-22 15:52 /myfile1
-rw-r--r--   3 root supergroup  805306368 2019-02-22 15:52 /myfile10._COPYING_
-rw-r--r--   3 root supergroup 1073741824 2019-02-22 15:48 /myfile11
-rw-r--r--   3 root supergroup 1073741824 2019-02-22 15:52 /myfile13
-rw-r--r--   3 root supergroup 1073741824 2019-02-22 15:49 /myfile15
-rw-r--r--   3 root supergroup  805306368 2019-02-22 15:52 /myfile17._COPYING_
-rw-r--r--   3 root supergroup 1073741824 2019-02-22 15:48 /myfile18
-rw-r--r--   3 root supergroup 1073741824 2019-02-22 15:48 /myfile19
-rw-r--r--   3 root supergroup  939524096 2019-02-22 15:52 /myfile2._COPYING_
-rw-r--r--   3 root supergroup  939524096 2019-02-22 15:52 /myfile20._COPYING_
-rw-r--r--   3 root supergroup 1073741824 2019-02-22 15:52 /myfile3
-rw-r--r--   3 root supergroup 1073741824 2019-02-22 15:52 /myfile4
-rw-r--r--   3 root supergroup 1073741824 2019-02-22 15:52 /myfile5
-rw-r--r--   3 root supergroup 1073741824 2019-02-22 15:52 /myfile7
-rw-r--r--   3 root supergroup 1073741824 2019-02-22 15:48 /myfile9
file 7 has been put into HDFS
file 7 has been read from HDFS for 1 time
diff succeed!
file 7 has been read from HDFS for 2 time
diff succeed!
file 7 has been read from HDFS for 3 time
diff succeed!
file 7 has been read from HDFS for 4 time
diff succeed!
file 7 has been read from HDFS for 5 time
diff succeed!
file 7 has been read from HDFS for 6 time
diff succeed!
file 7 has been read from HDFS for 7 time
diff succeed!
file 7 has been read from HDFS for 8 time
diff succeed!
file 7 has been read from HDFS for 9 time
diff succeed!
file 7 has been read from HDFS for 10 time
diff succeed!
Deleted /myfile7
file 7 has been removed from HDFS
2019-02-22 15:56:09,804 INFO retry.RetryInvocationHandler: java.io.EOFException: End of File Exception between local host is: "clnode076.clemson.cloudlab.us/130.127.133.85"; destination host is: "node-1-link-0":8020; : java.io.EOFException; For more details see:  http://wiki.apache.org/hadoop/EOFException, while invoking ClientNamenodeProtocolTranslatorPB.addBlock over node-1-link-0/10.10.1.4:8020. Trying to failover immediately.
2019-02-22 15:56:09,813 INFO retry.RetryInvocationHandler: org.apache.hadoop.ipc.RemoteException(org.apache.hadoop.ipc.StandbyException): Operation category READ is not supported in state standby. Visit https://s.apache.org/sbnn-error
	at org.apache.hadoop.hdfs.server.namenode.ha.StandbyState.checkOperation(StandbyState.java:88)
	at org.apache.hadoop.hdfs.server.namenode.NameNode$NameNodeHAContext.checkOperation(NameNode.java:1952)
	at org.apache.hadoop.hdfs.server.namenode.FSNamesystem.checkOperation(FSNamesystem.java:1423)
	at org.apache.hadoop.hdfs.server.namenode.FSNamesystem.getAdditionalBlock(FSNamesystem.java:2674)
	at org.apache.hadoop.hdfs.server.namenode.NameNodeRpcServer.addBlock(NameNodeRpcServer.java:875)
	at org.apache.hadoop.hdfs.protocolPB.ClientNamenodeProtocolServerSideTranslatorPB.addBlock(ClientNamenodeProtocolServerSideTranslatorPB.java:561)
	at org.apache.hadoop.hdfs.protocol.proto.ClientNamenodeProtocolProtos$ClientNamenodeProtocol$2.callBlockingMethod(ClientNamenodeProtocolProtos.java)
	at org.apache.hadoop.ipc.ProtobufRpcEngine$Server$ProtoBufRpcInvoker.call(ProtobufRpcEngine.java:523)
	at org.apache.hadoop.ipc.RPC$Server.call(RPC.java:991)
	at org.apache.hadoop.ipc.Server$RpcCall.run(Server.java:872)
	at org.apache.hadoop.ipc.Server$RpcCall.run(Server.java:818)
	at java.security.AccessController.doPrivileged(Native Method)
	at javax.security.auth.Subject.doAs(Subject.java:422)
	at org.apache.hadoop.security.UserGroupInformation.doAs(UserGroupInformation.java:1729)
	at org.apache.hadoop.ipc.Server$Handler.run(Server.java:2678)
, while invoking ClientNamenodeProtocolTranslatorPB.addBlock over node-0-link-0/10.10.1.1:8020 after 1 failover attempts. Trying to failover after sleeping for 1429ms.
2019-02-22 15:56:11,245 INFO retry.RetryInvocationHandler: java.net.ConnectException: Call From clnode076.clemson.cloudlab.us/130.127.133.85 to node-1-link-0:8020 failed on connection exception: java.net.ConnectException: Connection refused; For more details see:  http://wiki.apache.org/hadoop/ConnectionRefused, while invoking ClientNamenodeProtocolTranslatorPB.addBlock over node-1-link-0/10.10.1.4:8020 after 2 failover attempts. Trying to failover after sleeping for 1118ms.
Found 19 items
-rw-r--r--   3 root supergroup 1073741824 2019-02-22 15:56 /myfile1
-rw-r--r--   3 root supergroup  402653184 2019-02-22 15:56 /myfile10._COPYING_
-rw-r--r--   3 root supergroup  939524096 2019-02-22 15:56 /myfile11._COPYING_
-rw-r--r--   3 root supergroup 1073741824 2019-02-22 15:56 /myfile12
-rw-r--r--   3 root supergroup 1073741824 2019-02-22 15:55 /myfile13
-rw-r--r--   3 root supergroup 1073741824 2019-02-22 15:56 /myfile14
-rw-r--r--   3 root supergroup 1073741824 2019-02-22 15:56 /myfile16
-rw-r--r--   3 root supergroup 1073741824 2019-02-22 15:56 /myfile17
-rw-r--r--   3 root supergroup  268435456 2019-02-22 15:56 /myfile18._COPYING_
-rw-r--r--   3 root supergroup  536870912 2019-02-22 15:56 /myfile19._COPYING_
-rw-r--r--   3 root supergroup 1073741824 2019-02-22 15:56 /myfile2
-rw-r--r--   3 root supergroup 1073741824 2019-02-22 15:56 /myfile20
-rw-r--r--   3 root supergroup 1073741824 2019-02-22 15:56 /myfile3
-rw-r--r--   3 root supergroup 1073741824 2019-02-22 15:56 /myfile4
-rw-r--r--   3 root supergroup 1073741824 2019-02-22 15:56 /myfile5
-rw-r--r--   3 root supergroup 1073741824 2019-02-22 15:56 /myfile6
-rw-r--r--   3 root supergroup 1073741824 2019-02-22 15:56 /myfile7
-rw-r--r--   3 root supergroup 1073741824 2019-02-22 15:56 /myfile8
-rw-r--r--   3 root supergroup 1073741824 2019-02-22 15:56 /myfile9
file 7 has been put into HDFS
file 7 has been read from HDFS for 1 time
diff succeed!
file 7 has been read from HDFS for 2 time
diff succeed!
file 7 has been read from HDFS for 3 time
diff succeed!
file 7 has been read from HDFS for 4 time
diff succeed!
file 7 has been read from HDFS for 5 time
diff succeed!
file 7 has been read from HDFS for 6 time
diff succeed!
file 7 has been read from HDFS for 7 time
diff succeed!
file 7 has been read from HDFS for 8 time
diff succeed!
file 7 has been read from HDFS for 9 time
diff succeed!
file 7 has been read from HDFS for 10 time
diff succeed!
Deleted /myfile7
file 7 has been removed from HDFS
Found 10 items
-rw-r--r--   3 root supergroup 1073741824 2019-02-22 15:56 /myfile12
-rw-r--r--   3 root supergroup 1073741824 2019-02-22 15:59 /myfile13
-rw-r--r--   3 root supergroup 1073741824 2019-02-22 15:56 /myfile15
-rw-r--r--   3 root supergroup 1073741824 2019-02-22 15:59 /myfile16
-rw-r--r--   3 root supergroup 1073741824 2019-02-22 15:56 /myfile2
-rw-r--r--   3 root supergroup 1073741824 2019-02-22 16:00 /myfile20
-rw-r--r--   3 root supergroup 1073741824 2019-02-22 15:56 /myfile3
-rw-r--r--   3 root supergroup 1073741824 2019-02-22 16:00 /myfile4
-rw-r--r--   3 root supergroup 1073741824 2019-02-22 15:59 /myfile5
-rw-r--r--   3 root supergroup 1073741824 2019-02-22 16:00 /myfile7
file 7 has been put into HDFS
file 7 has been read from HDFS for 1 time
diff succeed!
file 7 has been read from HDFS for 2 time
diff succeed!
file 7 has been read from HDFS for 3 time
diff succeed!
file 7 has been read from HDFS for 4 time
diff succeed!
file 7 has been read from HDFS for 5 time
diff succeed!
file 7 has been read from HDFS for 6 time
diff succeed!
file 7 has been read from HDFS for 7 time
diff succeed!
file 7 has been read from HDFS for 8 time
diff succeed!
file 7 has been read from HDFS for 9 time
diff succeed!
file 7 has been read from HDFS for 10 time
diff succeed!
Deleted /myfile7
file 7 has been removed from HDFS
Found 18 items
-rw-r--r--   3 root supergroup 1073741824 2019-02-22 16:00 /myfile1
-rw-r--r--   3 root supergroup 1073741824 2019-02-22 16:00 /myfile10
-rw-r--r--   3 root supergroup  268435456 2019-02-22 16:04 /myfile11._COPYING_
-rw-r--r--   3 root supergroup 1073741824 2019-02-22 16:00 /myfile12
-rw-r--r--   3 root supergroup 1073741824 2019-02-22 16:04 /myfile13
-rw-r--r--   3 root supergroup 1073741824 2019-02-22 16:00 /myfile15
-rw-r--r--   3 root supergroup 1073741824 2019-02-22 16:04 /myfile16
-rw-r--r--   3 root supergroup 1073741824 2019-02-22 16:00 /myfile18
-rw-r--r--   3 root supergroup          0 2019-02-22 16:04 /myfile19._COPYING_
-rw-r--r--   3 root supergroup 1073741824 2019-02-22 16:00 /myfile2
-rw-r--r--   3 root supergroup 1073741824 2019-02-22 16:04 /myfile20
-rw-r--r--   3 root supergroup 1073741824 2019-02-22 16:00 /myfile3
-rw-r--r--   3 root supergroup 1073741824 2019-02-22 16:04 /myfile4
-rw-r--r--   3 root supergroup 1073741824 2019-02-22 16:04 /myfile5
-rw-r--r--   3 root supergroup 1073741824 2019-02-22 16:00 /myfile6
-rw-r--r--   3 root supergroup 1073741824 2019-02-22 16:04 /myfile7
-rw-r--r--   3 root supergroup          0 2019-02-22 16:04 /myfile8._COPYING_
-rw-r--r--   3 root supergroup 1073741824 2019-02-22 16:00 /myfile9
file 7 has been put into HDFS
file 7 has been read from HDFS for 1 time
diff succeed!
file 7 has been read from HDFS for 2 time
diff succeed!
file 7 has been read from HDFS for 3 time
diff succeed!
file 7 has been read from HDFS for 4 time
diff succeed!
file 7 has been read from HDFS for 5 time
diff succeed!
file 7 has been read from HDFS for 6 time
diff succeed!
file 7 has been read from HDFS for 7 time
diff succeed!
file 7 has been read from HDFS for 8 time
diff succeed!
file 7 has been read from HDFS for 9 time
diff succeed!
file 7 has been read from HDFS for 10 time
diff succeed!
Deleted /myfile7
file 7 has been removed from HDFS
2019-02-22 16:07:51,460 INFO retry.RetryInvocationHandler: org.apache.hadoop.ipc.RemoteException(org.apache.hadoop.ipc.StandbyException): Operation category READ is not supported in state standby. Visit https://s.apache.org/sbnn-error
	at org.apache.hadoop.hdfs.server.namenode.ha.StandbyState.checkOperation(StandbyState.java:88)
	at org.apache.hadoop.hdfs.server.namenode.NameNode$NameNodeHAContext.checkOperation(NameNode.java:1952)
	at org.apache.hadoop.hdfs.server.namenode.FSNamesystem.checkOperation(FSNamesystem.java:1423)
	at org.apache.hadoop.hdfs.server.namenode.FSNamesystem.getFileInfo(FSNamesystem.java:3085)
	at org.apache.hadoop.hdfs.server.namenode.NameNodeRpcServer.getFileInfo(NameNodeRpcServer.java:1154)
	at org.apache.hadoop.hdfs.protocolPB.ClientNamenodeProtocolServerSideTranslatorPB.getFileInfo(ClientNamenodeProtocolServerSideTranslatorPB.java:966)
	at org.apache.hadoop.hdfs.protocol.proto.ClientNamenodeProtocolProtos$ClientNamenodeProtocol$2.callBlockingMethod(ClientNamenodeProtocolProtos.java)
	at org.apache.hadoop.ipc.ProtobufRpcEngine$Server$ProtoBufRpcInvoker.call(ProtobufRpcEngine.java:523)
	at org.apache.hadoop.ipc.RPC$Server.call(RPC.java:991)
	at org.apache.hadoop.ipc.Server$RpcCall.run(Server.java:872)
	at org.apache.hadoop.ipc.Server$RpcCall.run(Server.java:818)
	at java.security.AccessController.doPrivileged(Native Method)
	at javax.security.auth.Subject.doAs(Subject.java:422)
	at org.apache.hadoop.security.UserGroupInformation.doAs(UserGroupInformation.java:1729)
	at org.apache.hadoop.ipc.Server$Handler.run(Server.java:2678)
, while invoking ClientNamenodeProtocolTranslatorPB.getFileInfo over node-1-link-0/10.10.1.4:8020 after 1 failover attempts. Trying to failover after sleeping for 670ms.
2019-02-22 16:07:52,133 INFO retry.RetryInvocationHandler: java.net.ConnectException: Call From clnode076.clemson.cloudlab.us/130.127.133.85 to node-0-link-0:8020 failed on connection exception: java.net.ConnectException: Connection refused; For more details see:  http://wiki.apache.org/hadoop/ConnectionRefused, while invoking ClientNamenodeProtocolTranslatorPB.getFileInfo over node-0-link-0/10.10.1.1:8020 after 2 failover attempts. Trying to failover after sleeping for 2119ms.
2019-02-22 16:07:54,389 INFO retry.RetryInvocationHandler: org.apache.hadoop.ipc.RemoteException(org.apache.hadoop.ipc.RetriableException): org.apache.hadoop.hdfs.server.namenode.SafeModeException: Cannot create file/myfile7._COPYING_. Name node is in safe mode.
The reported blocks 112 has reached the threshold 0.9990 of total blocks 112. The number of live datanodes 3 has reached the minimum number 0. In safe mode extension. Safe mode will be turned off automatically in 11 seconds. NamenodeHostName:node-1-link-0
	at org.apache.hadoop.hdfs.server.namenode.FSNamesystem.checkNameNodeSafeMode(FSNamesystem.java:1441)
	at org.apache.hadoop.hdfs.server.namenode.FSNamesystem.startFileInt(FSNamesystem.java:2401)
	at org.apache.hadoop.hdfs.server.namenode.FSNamesystem.startFile(FSNamesystem.java:2347)
	at org.apache.hadoop.hdfs.server.namenode.NameNodeRpcServer.create(NameNodeRpcServer.java:774)
	at org.apache.hadoop.hdfs.protocolPB.ClientNamenodeProtocolServerSideTranslatorPB.create(ClientNamenodeProtocolServerSideTranslatorPB.java:462)
	at org.apache.hadoop.hdfs.protocol.proto.ClientNamenodeProtocolProtos$ClientNamenodeProtocol$2.callBlockingMethod(ClientNamenodeProtocolProtos.java)
	at org.apache.hadoop.ipc.ProtobufRpcEngine$Server$ProtoBufRpcInvoker.call(ProtobufRpcEngine.java:523)
	at org.apache.hadoop.ipc.RPC$Server.call(RPC.java:991)
	at org.apache.hadoop.ipc.Server$RpcCall.run(Server.java:872)
	at org.apache.hadoop.ipc.Server$RpcCall.run(Server.java:818)
	at java.security.AccessController.doPrivileged(Native Method)
	at javax.security.auth.Subject.doAs(Subject.java:422)
	at org.apache.hadoop.security.UserGroupInformation.doAs(UserGroupInformation.java:1729)
	at org.apache.hadoop.ipc.Server$Handler.run(Server.java:2678)
Caused by: org.apache.hadoop.hdfs.server.namenode.SafeModeException: Cannot create file/myfile7._COPYING_. Name node is in safe mode.
The reported blocks 112 has reached the threshold 0.9990 of total blocks 112. The number of live datanodes 3 has reached the minimum number 0. In safe mode extension. Safe mode will be turned off automatically in 11 seconds. NamenodeHostName:node-1-link-0
	at org.apache.hadoop.hdfs.server.namenode.FSNamesystem.newSafemodeException(FSNamesystem.java:1450)
	at org.apache.hadoop.hdfs.server.namenode.FSNamesystem.checkNameNodeSafeMode(FSNamesystem.java:1437)
	... 13 more
, while invoking ClientNamenodeProtocolTranslatorPB.create over node-1-link-0/10.10.1.4:8020. Retrying immediately.
2019-02-22 16:07:54,392 INFO retry.RetryInvocationHandler: org.apache.hadoop.ipc.RemoteException(org.apache.hadoop.ipc.RetriableException): org.apache.hadoop.hdfs.server.namenode.SafeModeException: Cannot create file/myfile7._COPYING_. Name node is in safe mode.
The reported blocks 112 has reached the threshold 0.9990 of total blocks 112. The number of live datanodes 3 has reached the minimum number 0. In safe mode extension. Safe mode will be turned off automatically in 11 seconds. NamenodeHostName:node-1-link-0
	at org.apache.hadoop.hdfs.server.namenode.FSNamesystem.checkNameNodeSafeMode(FSNamesystem.java:1441)
	at org.apache.hadoop.hdfs.server.namenode.FSNamesystem.startFileInt(FSNamesystem.java:2401)
	at org.apache.hadoop.hdfs.server.namenode.FSNamesystem.startFile(FSNamesystem.java:2347)
	at org.apache.hadoop.hdfs.server.namenode.NameNodeRpcServer.create(NameNodeRpcServer.java:774)
	at org.apache.hadoop.hdfs.protocolPB.ClientNamenodeProtocolServerSideTranslatorPB.create(ClientNamenodeProtocolServerSideTranslatorPB.java:462)
	at org.apache.hadoop.hdfs.protocol.proto.ClientNamenodeProtocolProtos$ClientNamenodeProtocol$2.callBlockingMethod(ClientNamenodeProtocolProtos.java)
	at org.apache.hadoop.ipc.ProtobufRpcEngine$Server$ProtoBufRpcInvoker.call(ProtobufRpcEngine.java:523)
	at org.apache.hadoop.ipc.RPC$Server.call(RPC.java:991)
	at org.apache.hadoop.ipc.Server$RpcCall.run(Server.java:872)
	at org.apache.hadoop.ipc.Server$RpcCall.run(Server.java:818)
	at java.security.AccessController.doPrivileged(Native Method)
	at javax.security.auth.Subject.doAs(Subject.java:422)
	at org.apache.hadoop.security.UserGroupInformation.doAs(UserGroupInformation.java:1729)
	at org.apache.hadoop.ipc.Server$Handler.run(Server.java:2678)
Caused by: org.apache.hadoop.hdfs.server.namenode.SafeModeException: Cannot create file/myfile7._COPYING_. Name node is in safe mode.
The reported blocks 112 has reached the threshold 0.9990 of total blocks 112. The number of live datanodes 3 has reached the minimum number 0. In safe mode extension. Safe mode will be turned off automatically in 11 seconds. NamenodeHostName:node-1-link-0
	at org.apache.hadoop.hdfs.server.namenode.FSNamesystem.newSafemodeException(FSNamesystem.java:1450)
	at org.apache.hadoop.hdfs.server.namenode.FSNamesystem.checkNameNodeSafeMode(FSNamesystem.java:1437)
	... 13 more
, while invoking ClientNamenodeProtocolTranslatorPB.create over node-1-link-0/10.10.1.4:8020. Retrying after sleeping for 539ms.
2019-02-22 16:07:54,935 INFO retry.RetryInvocationHandler: org.apache.hadoop.ipc.RemoteException(org.apache.hadoop.ipc.RetriableException): org.apache.hadoop.hdfs.server.namenode.SafeModeException: Cannot create file/myfile7._COPYING_. Name node is in safe mode.
The reported blocks 112 has reached the threshold 0.9990 of total blocks 112. The number of live datanodes 3 has reached the minimum number 0. In safe mode extension. Safe mode will be turned off automatically in 10 seconds. NamenodeHostName:node-1-link-0
	at org.apache.hadoop.hdfs.server.namenode.FSNamesystem.checkNameNodeSafeMode(FSNamesystem.java:1441)
	at org.apache.hadoop.hdfs.server.namenode.FSNamesystem.startFileInt(FSNamesystem.java:2401)
	at org.apache.hadoop.hdfs.server.namenode.FSNamesystem.startFile(FSNamesystem.java:2347)
	at org.apache.hadoop.hdfs.server.namenode.NameNodeRpcServer.create(NameNodeRpcServer.java:774)
	at org.apache.hadoop.hdfs.protocolPB.ClientNamenodeProtocolServerSideTranslatorPB.create(ClientNamenodeProtocolServerSideTranslatorPB.java:462)
	at org.apache.hadoop.hdfs.protocol.proto.ClientNamenodeProtocolProtos$ClientNamenodeProtocol$2.callBlockingMethod(ClientNamenodeProtocolProtos.java)
	at org.apache.hadoop.ipc.ProtobufRpcEngine$Server$ProtoBufRpcInvoker.call(ProtobufRpcEngine.java:523)
	at org.apache.hadoop.ipc.RPC$Server.call(RPC.java:991)
	at org.apache.hadoop.ipc.Server$RpcCall.run(Server.java:872)
	at org.apache.hadoop.ipc.Server$RpcCall.run(Server.java:818)
	at java.security.AccessController.doPrivileged(Native Method)
	at javax.security.auth.Subject.doAs(Subject.java:422)
	at org.apache.hadoop.security.UserGroupInformation.doAs(UserGroupInformation.java:1729)
	at org.apache.hadoop.ipc.Server$Handler.run(Server.java:2678)
Caused by: org.apache.hadoop.hdfs.server.namenode.SafeModeException: Cannot create file/myfile7._COPYING_. Name node is in safe mode.
The reported blocks 112 has reached the threshold 0.9990 of total blocks 112. The number of live datanodes 3 has reached the minimum number 0. In safe mode extension. Safe mode will be turned off automatically in 10 seconds. NamenodeHostName:node-1-link-0
	at org.apache.hadoop.hdfs.server.namenode.FSNamesystem.newSafemodeException(FSNamesystem.java:1450)
	at org.apache.hadoop.hdfs.server.namenode.FSNamesystem.checkNameNodeSafeMode(FSNamesystem.java:1437)
	... 13 more
, while invoking ClientNamenodeProtocolTranslatorPB.create over node-1-link-0/10.10.1.4:8020. Retrying after sleeping for 1960ms.
2019-02-22 16:07:56,901 INFO retry.RetryInvocationHandler: org.apache.hadoop.ipc.RemoteException(org.apache.hadoop.ipc.RetriableException): org.apache.hadoop.hdfs.server.namenode.SafeModeException: Cannot create file/myfile7._COPYING_. Name node is in safe mode.
The reported blocks 112 has reached the threshold 0.9990 of total blocks 112. The number of live datanodes 3 has reached the minimum number 0. In safe mode extension. Safe mode will be turned off automatically in 8 seconds. NamenodeHostName:node-1-link-0
	at org.apache.hadoop.hdfs.server.namenode.FSNamesystem.checkNameNodeSafeMode(FSNamesystem.java:1441)
	at org.apache.hadoop.hdfs.server.namenode.FSNamesystem.startFileInt(FSNamesystem.java:2401)
	at org.apache.hadoop.hdfs.server.namenode.FSNamesystem.startFile(FSNamesystem.java:2347)
	at org.apache.hadoop.hdfs.server.namenode.NameNodeRpcServer.create(NameNodeRpcServer.java:774)
	at org.apache.hadoop.hdfs.protocolPB.ClientNamenodeProtocolServerSideTranslatorPB.create(ClientNamenodeProtocolServerSideTranslatorPB.java:462)
	at org.apache.hadoop.hdfs.protocol.proto.ClientNamenodeProtocolProtos$ClientNamenodeProtocol$2.callBlockingMethod(ClientNamenodeProtocolProtos.java)
	at org.apache.hadoop.ipc.ProtobufRpcEngine$Server$ProtoBufRpcInvoker.call(ProtobufRpcEngine.java:523)
	at org.apache.hadoop.ipc.RPC$Server.call(RPC.java:991)
	at org.apache.hadoop.ipc.Server$RpcCall.run(Server.java:872)
	at org.apache.hadoop.ipc.Server$RpcCall.run(Server.java:818)
	at java.security.AccessController.doPrivileged(Native Method)
	at javax.security.auth.Subject.doAs(Subject.java:422)
	at org.apache.hadoop.security.UserGroupInformation.doAs(UserGroupInformation.java:1729)
	at org.apache.hadoop.ipc.Server$Handler.run(Server.java:2678)
Caused by: org.apache.hadoop.hdfs.server.namenode.SafeModeException: Cannot create file/myfile7._COPYING_. Name node is in safe mode.
The reported blocks 112 has reached the threshold 0.9990 of total blocks 112. The number of live datanodes 3 has reached the minimum number 0. In safe mode extension. Safe mode will be turned off automatically in 8 seconds. NamenodeHostName:node-1-link-0
	at org.apache.hadoop.hdfs.server.namenode.FSNamesystem.newSafemodeException(FSNamesystem.java:1450)
	at org.apache.hadoop.hdfs.server.namenode.FSNamesystem.checkNameNodeSafeMode(FSNamesystem.java:1437)
	... 13 more
, while invoking ClientNamenodeProtocolTranslatorPB.create over node-1-link-0/10.10.1.4:8020. Retrying after sleeping for 4183ms.
2019-02-22 16:08:01,087 INFO retry.RetryInvocationHandler: org.apache.hadoop.ipc.RemoteException(org.apache.hadoop.ipc.RetriableException): org.apache.hadoop.hdfs.server.namenode.SafeModeException: Cannot create file/myfile7._COPYING_. Name node is in safe mode.
The reported blocks 112 has reached the threshold 0.9990 of total blocks 112. The number of live datanodes 3 has reached the minimum number 0. In safe mode extension. Safe mode will be turned off automatically in 4 seconds. NamenodeHostName:node-1-link-0
	at org.apache.hadoop.hdfs.server.namenode.FSNamesystem.checkNameNodeSafeMode(FSNamesystem.java:1441)
	at org.apache.hadoop.hdfs.server.namenode.FSNamesystem.startFileInt(FSNamesystem.java:2401)
	at org.apache.hadoop.hdfs.server.namenode.FSNamesystem.startFile(FSNamesystem.java:2347)
	at org.apache.hadoop.hdfs.server.namenode.NameNodeRpcServer.create(NameNodeRpcServer.java:774)
	at org.apache.hadoop.hdfs.protocolPB.ClientNamenodeProtocolServerSideTranslatorPB.create(ClientNamenodeProtocolServerSideTranslatorPB.java:462)
	at org.apache.hadoop.hdfs.protocol.proto.ClientNamenodeProtocolProtos$ClientNamenodeProtocol$2.callBlockingMethod(ClientNamenodeProtocolProtos.java)
	at org.apache.hadoop.ipc.ProtobufRpcEngine$Server$ProtoBufRpcInvoker.call(ProtobufRpcEngine.java:523)
	at org.apache.hadoop.ipc.RPC$Server.call(RPC.java:991)
	at org.apache.hadoop.ipc.Server$RpcCall.run(Server.java:872)
	at org.apache.hadoop.ipc.Server$RpcCall.run(Server.java:818)
	at java.security.AccessController.doPrivileged(Native Method)
	at javax.security.auth.Subject.doAs(Subject.java:422)
	at org.apache.hadoop.security.UserGroupInformation.doAs(UserGroupInformation.java:1729)
	at org.apache.hadoop.ipc.Server$Handler.run(Server.java:2678)
Caused by: org.apache.hadoop.hdfs.server.namenode.SafeModeException: Cannot create file/myfile7._COPYING_. Name node is in safe mode.
The reported blocks 112 has reached the threshold 0.9990 of total blocks 112. The number of live datanodes 3 has reached the minimum number 0. In safe mode extension. Safe mode will be turned off automatically in 4 seconds. NamenodeHostName:node-1-link-0
	at org.apache.hadoop.hdfs.server.namenode.FSNamesystem.newSafemodeException(FSNamesystem.java:1450)
	at org.apache.hadoop.hdfs.server.namenode.FSNamesystem.checkNameNodeSafeMode(FSNamesystem.java:1437)
	... 13 more
, while invoking ClientNamenodeProtocolTranslatorPB.create over node-1-link-0/10.10.1.4:8020. Retrying after sleeping for 5073ms.
Found 14 items
-rw-r--r--   3 root supergroup 1073741824 2019-02-22 16:04 /myfile1
-rw-r--r--   3 root supergroup 1073741824 2019-02-22 16:04 /myfile10
-rw-r--r--   3 root supergroup 1073741824 2019-02-22 16:05 /myfile12
-rw-r--r--   3 root supergroup          0 2019-02-22 16:07 /myfile13._COPYING_
-rw-r--r--   3 root supergroup 1073741824 2019-02-22 16:04 /myfile14
-rw-r--r--   3 root supergroup 1073741824 2019-02-22 16:05 /myfile15
-rw-r--r--   3 root supergroup 1073741824 2019-02-22 16:08 /myfile16
-rw-r--r--   3 root supergroup 1073741824 2019-02-22 16:04 /myfile18
-rw-r--r--   3 root supergroup 1073741824 2019-02-22 16:05 /myfile2
-rw-r--r--   3 root supergroup 1073741824 2019-02-22 16:08 /myfile20
-rw-r--r--   3 root supergroup 1073741824 2019-02-22 16:05 /myfile3
-rw-r--r--   3 root supergroup  268435456 2019-02-22 16:08 /myfile5._COPYING_
-rw-r--r--   3 root supergroup 1073741824 2019-02-22 16:08 /myfile7
-rw-r--r--   3 root supergroup 1073741824 2019-02-22 16:05 /myfile9
file 7 has been put into HDFS
file 7 has been read from HDFS for 1 time
diff succeed!
file 7 has been read from HDFS for 2 time
diff succeed!
file 7 has been read from HDFS for 3 time
diff succeed!
file 7 has been read from HDFS for 4 time
diff succeed!
file 7 has been read from HDFS for 5 time
diff succeed!
file 7 has been read from HDFS for 6 time
diff succeed!
file 7 has been read from HDFS for 7 time
diff succeed!
file 7 has been read from HDFS for 8 time
diff succeed!
file 7 has been read from HDFS for 9 time
diff succeed!
file 7 has been read from HDFS for 10 time
diff succeed!
Deleted /myfile7
file 7 has been removed from HDFS
Found 17 items
-rw-r--r--   3 root supergroup 1073741824 2019-02-22 16:08 /myfile1
-rw-r--r--   3 root supergroup 1073741824 2019-02-22 16:09 /myfile10
-rw-r--r--   3 root supergroup 1073741824 2019-02-22 16:08 /myfile11
-rw-r--r--   3 root supergroup 1073741824 2019-02-22 16:10 /myfile12
-rw-r--r--   3 root supergroup 1073741824 2019-02-22 16:12 /myfile13
-rw-r--r--   3 root supergroup 1073741824 2019-02-22 16:12 /myfile14
-rw-r--r--   3 root supergroup 1073741824 2019-02-22 16:10 /myfile15
-rw-r--r--   3 root supergroup 1073741824 2019-02-22 16:12 /myfile16
-rw-r--r--   3 root supergroup 1073741824 2019-02-22 16:12 /myfile17
-rw-r--r--   3 root supergroup 1073741824 2019-02-22 16:08 /myfile18
-rw-r--r--   3 root supergroup 1073741824 2019-02-22 16:09 /myfile2
-rw-r--r--   3 root supergroup 1073741824 2019-02-22 16:12 /myfile20
-rw-r--r--   3 root supergroup 1073741824 2019-02-22 16:10 /myfile3
-rw-r--r--   3 root supergroup 1073741824 2019-02-22 16:12 /myfile5
-rw-r--r--   3 root supergroup 1073741824 2019-02-22 16:12 /myfile7
-rw-r--r--   3 root supergroup 1073741824 2019-02-22 16:08 /myfile8
-rw-r--r--   3 root supergroup 1073741824 2019-02-22 16:10 /myfile9
file 7 has been put into HDFS
file 7 has been read from HDFS for 1 time
diff succeed!
file 7 has been read from HDFS for 2 time
diff succeed!
file 7 has been read from HDFS for 3 time
diff succeed!
file 7 has been read from HDFS for 4 time
diff succeed!
file 7 has been read from HDFS for 5 time
diff succeed!
file 7 has been read from HDFS for 6 time
diff succeed!
file 7 has been read from HDFS for 7 time
diff succeed!
file 7 has been read from HDFS for 8 time
diff succeed!
file 7 has been read from HDFS for 9 time
diff succeed!
file 7 has been read from HDFS for 10 time
diff succeed!
Deleted /myfile7
file 7 has been removed from HDFS
Found 18 items
-rw-r--r--   3 root supergroup 1073741824 2019-02-22 16:12 /myfile1
-rw-r--r--   3 root supergroup 1073741824 2019-02-22 16:14 /myfile10
-rw-r--r--   3 root supergroup 1073741824 2019-02-22 16:12 /myfile11
-rw-r--r--   3 root supergroup 1073741824 2019-02-22 16:14 /myfile12
-rw-r--r--   3 root supergroup 1073741824 2019-02-22 16:16 /myfile13
-rw-r--r--   3 root supergroup 1073741824 2019-02-22 16:16 /myfile14
-rw-r--r--   3 root supergroup 1073741824 2019-02-22 16:14 /myfile15
-rw-r--r--   3 root supergroup 1073741824 2019-02-22 16:16 /myfile16
-rw-r--r--   3 root supergroup 1073741824 2019-02-22 16:16 /myfile17
-rw-r--r--   3 root supergroup 1073741824 2019-02-22 16:13 /myfile18
-rw-r--r--   3 root supergroup          0 2019-02-22 16:16 /myfile19._COPYING_
-rw-r--r--   3 root supergroup 1073741824 2019-02-22 16:14 /myfile2
-rw-r--r--   3 root supergroup 1073741824 2019-02-22 16:16 /myfile20
-rw-r--r--   3 root supergroup 1073741824 2019-02-22 16:14 /myfile3
-rw-r--r--   3 root supergroup 1073741824 2019-02-22 16:16 /myfile5
-rw-r--r--   3 root supergroup 1073741824 2019-02-22 16:16 /myfile7
-rw-r--r--   3 root supergroup 1073741824 2019-02-22 16:12 /myfile8
-rw-r--r--   3 root supergroup 1073741824 2019-02-22 16:14 /myfile9
file 7 has been put into HDFS
file 7 has been read from HDFS for 1 time
diff succeed!
file 7 has been read from HDFS for 2 time
diff succeed!
file 7 has been read from HDFS for 3 time
diff succeed!
file 7 has been read from HDFS for 4 time
diff succeed!
file 7 has been read from HDFS for 5 time
diff succeed!
file 7 has been read from HDFS for 6 time
diff succeed!
2019-02-22 16:18:55,950 INFO retry.RetryInvocationHandler: org.apache.hadoop.ipc.RemoteException(org.apache.hadoop.ipc.StandbyException): Operation category READ is not supported in state standby. Visit https://s.apache.org/sbnn-error
	at org.apache.hadoop.hdfs.server.namenode.ha.StandbyState.checkOperation(StandbyState.java:88)
	at org.apache.hadoop.hdfs.server.namenode.NameNode$NameNodeHAContext.checkOperation(NameNode.java:1952)
	at org.apache.hadoop.hdfs.server.namenode.FSNamesystem.checkOperation(FSNamesystem.java:1423)
	at org.apache.hadoop.hdfs.server.namenode.FSNamesystem.getFileInfo(FSNamesystem.java:3085)
	at org.apache.hadoop.hdfs.server.namenode.NameNodeRpcServer.getFileInfo(NameNodeRpcServer.java:1154)
	at org.apache.hadoop.hdfs.protocolPB.ClientNamenodeProtocolServerSideTranslatorPB.getFileInfo(ClientNamenodeProtocolServerSideTranslatorPB.java:966)
	at org.apache.hadoop.hdfs.protocol.proto.ClientNamenodeProtocolProtos$ClientNamenodeProtocol$2.callBlockingMethod(ClientNamenodeProtocolProtos.java)
	at org.apache.hadoop.ipc.ProtobufRpcEngine$Server$ProtoBufRpcInvoker.call(ProtobufRpcEngine.java:523)
	at org.apache.hadoop.ipc.RPC$Server.call(RPC.java:991)
	at org.apache.hadoop.ipc.Server$RpcCall.run(Server.java:872)
	at org.apache.hadoop.ipc.Server$RpcCall.run(Server.java:818)
	at java.security.AccessController.doPrivileged(Native Method)
	at javax.security.auth.Subject.doAs(Subject.java:422)
	at org.apache.hadoop.security.UserGroupInformation.doAs(UserGroupInformation.java:1729)
	at org.apache.hadoop.ipc.Server$Handler.run(Server.java:2678)
, while invoking ClientNamenodeProtocolTranslatorPB.getFileInfo over node-1-link-0/10.10.1.4:8020 after 1 failover attempts. Trying to failover after sleeping for 1017ms.
2019-02-22 16:18:56,970 INFO retry.RetryInvocationHandler: java.net.ConnectException: Call From clnode076.clemson.cloudlab.us/130.127.133.85 to node-0-link-0:8020 failed on connection exception: java.net.ConnectException: Connection refused; For more details see:  http://wiki.apache.org/hadoop/ConnectionRefused, while invoking ClientNamenodeProtocolTranslatorPB.getFileInfo over node-0-link-0/10.10.1.1:8020 after 2 failover attempts. Trying to failover after sleeping for 2142ms.
file 7 has been read from HDFS for 7 time
diff succeed!
file 7 has been read from HDFS for 8 time
diff succeed!
file 7 has been read from HDFS for 9 time
diff succeed!
file 7 has been read from HDFS for 10 time
diff succeed!
Deleted /myfile7
file 7 has been removed from HDFS
Found 20 items
-rw-r--r--   3 root supergroup 1073741824 2019-02-22 16:17 /myfile1
-rw-r--r--   3 root supergroup 1073741824 2019-02-22 16:19 /myfile10
-rw-r--r--   3 root supergroup 1073741824 2019-02-22 16:17 /myfile11
-rw-r--r--   3 root supergroup 1073741824 2019-02-22 16:19 /myfile12
-rw-r--r--   3 root supergroup 1073741824 2019-02-22 16:21 /myfile13
-rw-r--r--   3 root supergroup 1073741824 2019-02-22 16:20 /myfile14
-rw-r--r--   3 root supergroup 1073741824 2019-02-22 16:19 /myfile15
-rw-r--r--   3 root supergroup 1073741824 2019-02-22 16:20 /myfile16
-rw-r--r--   3 root supergroup 1073741824 2019-02-22 16:20 /myfile17
-rw-r--r--   3 root supergroup 1073741824 2019-02-22 16:17 /myfile18
-rw-r--r--   3 root supergroup 1073741824 2019-02-22 16:21 /myfile19
-rw-r--r--   3 root supergroup 1073741824 2019-02-22 16:19 /myfile2
-rw-r--r--   3 root supergroup 1073741824 2019-02-22 16:21 /myfile20
-rw-r--r--   3 root supergroup 1073741824 2019-02-22 16:19 /myfile3
-rw-r--r--   3 root supergroup 1073741824 2019-02-22 16:21 /myfile4
-rw-r--r--   3 root supergroup 1073741824 2019-02-22 16:20 /myfile5
-rw-r--r--   3 root supergroup 1073741824 2019-02-22 16:21 /myfile6
-rw-r--r--   3 root supergroup 1073741824 2019-02-22 16:21 /myfile7
-rw-r--r--   3 root supergroup 1073741824 2019-02-22 16:17 /myfile8
-rw-r--r--   3 root supergroup 1073741824 2019-02-22 16:19 /myfile9
file 7 has been put into HDFS
file 7 has been read from HDFS for 1 time
diff succeed!
file 7 has been read from HDFS for 2 time
diff succeed!
file 7 has been read from HDFS for 3 time
diff succeed!
file 7 has been read from HDFS for 4 time
diff succeed!
file 7 has been read from HDFS for 5 time
diff succeed!
file 7 has been read from HDFS for 6 time
diff succeed!
file 7 has been read from HDFS for 7 time
diff succeed!
file 7 has been read from HDFS for 8 time
diff succeed!
file 7 has been read from HDFS for 9 time
diff succeed!
file 7 has been read from HDFS for 10 time
diff succeed!
Deleted /myfile7
file 7 has been removed from HDFS
Found 20 items
-rw-r--r--   3 root supergroup 1073741824 2019-02-22 16:22 /myfile1
-rw-r--r--   3 root supergroup 1073741824 2019-02-22 16:23 /myfile10
-rw-r--r--   3 root supergroup 1073741824 2019-02-22 16:22 /myfile11
-rw-r--r--   3 root supergroup 1073741824 2019-02-22 16:23 /myfile12
-rw-r--r--   3 root supergroup 1073741824 2019-02-22 16:25 /myfile13
-rw-r--r--   3 root supergroup 1073741824 2019-02-22 16:25 /myfile14
-rw-r--r--   3 root supergroup 1073741824 2019-02-22 16:23 /myfile15
-rw-r--r--   3 root supergroup 1073741824 2019-02-22 16:25 /myfile16
-rw-r--r--   3 root supergroup 1073741824 2019-02-22 16:25 /myfile17
-rw-r--r--   3 root supergroup 1073741824 2019-02-22 16:22 /myfile18
-rw-r--r--   3 root supergroup 1073741824 2019-02-22 16:25 /myfile19
-rw-r--r--   3 root supergroup 1073741824 2019-02-22 16:23 /myfile2
-rw-r--r--   3 root supergroup 1073741824 2019-02-22 16:25 /myfile20
-rw-r--r--   3 root supergroup 1073741824 2019-02-22 16:23 /myfile3
-rw-r--r--   3 root supergroup 1073741824 2019-02-22 16:25 /myfile4
-rw-r--r--   3 root supergroup 1073741824 2019-02-22 16:25 /myfile5
-rw-r--r--   3 root supergroup 1073741824 2019-02-22 16:25 /myfile6
-rw-r--r--   3 root supergroup 1073741824 2019-02-22 16:25 /myfile7
-rw-r--r--   3 root supergroup  939524096 2019-02-22 16:25 /myfile8._COPYING_
-rw-r--r--   3 root supergroup 1073741824 2019-02-22 16:23 /myfile9
file 7 has been put into HDFS
file 7 has been read from HDFS for 1 time
diff succeed!
file 7 has been read from HDFS for 2 time
diff succeed!
file 7 has been read from HDFS for 3 time
diff succeed!
file 7 has been read from HDFS for 4 time
diff succeed!
file 7 has been read from HDFS for 5 time
diff succeed!
file 7 has been read from HDFS for 6 time
diff succeed!
file 7 has been read from HDFS for 7 time
diff succeed!
file 7 has been read from HDFS for 8 time
diff succeed!
file 7 has been read from HDFS for 9 time
diff succeed!
sub_benchmark 10 signal TERM catched and let quit gracefully
file 7 has been read from HDFS for 10 time
diff succeed!
Deleted /myfile7
file 7 has been removed from HDFS
