Found 20 items
-rw-r--r--   3 root supergroup 1073741824 2019-02-21 13:45 /myfile1
-rw-r--r--   3 root supergroup 1073741824 2019-02-21 13:45 /myfile10
-rw-r--r--   3 root supergroup 1073741824 2019-02-21 13:45 /myfile11
-rw-r--r--   3 root supergroup 1073741824 2019-02-21 13:45 /myfile12
-rw-r--r--   3 root supergroup 1073741824 2019-02-21 13:45 /myfile13
-rw-r--r--   3 root supergroup 1073741824 2019-02-21 13:45 /myfile14
-rw-r--r--   3 root supergroup 1073741824 2019-02-21 13:45 /myfile15
-rw-r--r--   3 root supergroup 1073741824 2019-02-21 13:45 /myfile16
-rw-r--r--   3 root supergroup 1073741824 2019-02-21 13:45 /myfile17
-rw-r--r--   3 root supergroup 1073741824 2019-02-21 13:45 /myfile18
-rw-r--r--   3 root supergroup 1073741824 2019-02-21 13:45 /myfile19
-rw-r--r--   3 root supergroup 1073741824 2019-02-21 13:45 /myfile2
-rw-r--r--   3 root supergroup 1073741824 2019-02-21 13:45 /myfile20
-rw-r--r--   3 root supergroup 1073741824 2019-02-21 13:45 /myfile3
-rw-r--r--   3 root supergroup 1073741824 2019-02-21 13:45 /myfile4
-rw-r--r--   3 root supergroup 1073741824 2019-02-21 13:45 /myfile5
-rw-r--r--   3 root supergroup 1073741824 2019-02-21 13:45 /myfile6
-rw-r--r--   3 root supergroup 1073741824 2019-02-21 13:45 /myfile7
-rw-r--r--   3 root supergroup 1073741824 2019-02-21 13:45 /myfile8
-rw-r--r--   3 root supergroup 1073741824 2019-02-21 13:45 /myfile9
file 6 has been put into HDFS
file 6 has been read from HDFS for 1 time
diff succeed!
file 6 has been read from HDFS for 2 time
diff succeed!
file 6 has been read from HDFS for 3 time
diff succeed!
file 6 has been read from HDFS for 4 time
diff succeed!
file 6 has been read from HDFS for 5 time
diff succeed!
file 6 has been read from HDFS for 6 time
diff succeed!
file 6 has been read from HDFS for 7 time
diff succeed!
file 6 has been read from HDFS for 8 time
diff succeed!
file 6 has been read from HDFS for 9 time
diff succeed!
file 6 has been read from HDFS for 10 time
diff succeed!
Deleted /myfile6
file 6 has been removed from HDFS
put: The maximum path component name limit of myfile6._COPYING_ in directory / is exceeded: limit=1 length=17
Found 6 items
-rw-r--r--   3 root supergroup 1073741824 2019-02-21 13:45 /myfile11
-rw-r--r--   3 root supergroup 1073741824 2019-02-21 13:45 /myfile15
-rw-r--r--   3 root supergroup 1073741824 2019-02-21 13:45 /myfile16
-rw-r--r--   3 root supergroup 1073741824 2019-02-21 13:45 /myfile20
-rw-r--r--   3 root supergroup 1073741824 2019-02-21 13:45 /myfile4
-rw-r--r--   3 root supergroup 1073741824 2019-02-21 13:45 /myfile7
file 6 has been put into HDFS
get: `/myfile6': No such file or directory
file 6 has been read from HDFS for 1 time
diff: /root/my_large_file/tmp/myfile6: No such file or directory
diff succeed!
rm: cannot remove '/root/my_large_file/tmp/myfile6': No such file or directory
get: `/myfile6': No such file or directory
file 6 has been read from HDFS for 2 time
diff: /root/my_large_file/tmp/myfile6: No such file or directory
diff succeed!
rm: cannot remove '/root/my_large_file/tmp/myfile6': No such file or directory
get: `/myfile6': No such file or directory
file 6 has been read from HDFS for 3 time
diff: /root/my_large_file/tmp/myfile6: No such file or directory
diff succeed!
rm: cannot remove '/root/my_large_file/tmp/myfile6': No such file or directory
get: `/myfile6': No such file or directory
file 6 has been read from HDFS for 4 time
diff: /root/my_large_file/tmp/myfile6: No such file or directory
diff succeed!
rm: cannot remove '/root/my_large_file/tmp/myfile6': No such file or directory
get: `/myfile6': No such file or directory
file 6 has been read from HDFS for 5 time
diff: /root/my_large_file/tmp/myfile6: No such file or directory
diff succeed!
rm: cannot remove '/root/my_large_file/tmp/myfile6': No such file or directory
get: `/myfile6': No such file or directory
file 6 has been read from HDFS for 6 time
diff: /root/my_large_file/tmp/myfile6: No such file or directory
diff succeed!
rm: cannot remove '/root/my_large_file/tmp/myfile6': No such file or directory
get: `/myfile6': No such file or directory
file 6 has been read from HDFS for 7 time
diff: /root/my_large_file/tmp/myfile6: No such file or directory
diff succeed!
rm: cannot remove '/root/my_large_file/tmp/myfile6': No such file or directory
get: `/myfile6': No such file or directory
file 6 has been read from HDFS for 8 time
diff: /root/my_large_file/tmp/myfile6: No such file or directory
diff succeed!
rm: cannot remove '/root/my_large_file/tmp/myfile6': No such file or directory
get: `/myfile6': No such file or directory
file 6 has been read from HDFS for 9 time
diff: /root/my_large_file/tmp/myfile6: No such file or directory
diff succeed!
rm: cannot remove '/root/my_large_file/tmp/myfile6': No such file or directory
get: `/myfile6': No such file or directory
file 6 has been read from HDFS for 10 time
diff: /root/my_large_file/tmp/myfile6: No such file or directory
diff succeed!
rm: cannot remove '/root/my_large_file/tmp/myfile6': No such file or directory
rm: `/myfile6': No such file or directory
file 6 has been removed from HDFS
put: The maximum path component name limit of myfile6._COPYING_ in directory / is exceeded: limit=1 length=17
file 6 has been put into HDFS
get: `/myfile6': No such file or directory
file 6 has been read from HDFS for 1 time
diff: /root/my_large_file/tmp/myfile6: No such file or directory
diff succeed!
rm: cannot remove '/root/my_large_file/tmp/myfile6': No such file or directory
get: `/myfile6': No such file or directory
file 6 has been read from HDFS for 2 time
diff: /root/my_large_file/tmp/myfile6: No such file or directory
diff succeed!
rm: cannot remove '/root/my_large_file/tmp/myfile6': No such file or directory
get: `/myfile6': No such file or directory
file 6 has been read from HDFS for 3 time
diff: /root/my_large_file/tmp/myfile6: No such file or directory
diff succeed!
rm: cannot remove '/root/my_large_file/tmp/myfile6': No such file or directory
get: `/myfile6': No such file or directory
file 6 has been read from HDFS for 4 time
diff: /root/my_large_file/tmp/myfile6: No such file or directory
diff succeed!
rm: cannot remove '/root/my_large_file/tmp/myfile6': No such file or directory
get: `/myfile6': No such file or directory
file 6 has been read from HDFS for 5 time
diff: /root/my_large_file/tmp/myfile6: No such file or directory
diff succeed!
rm: cannot remove '/root/my_large_file/tmp/myfile6': No such file or directory
get: `/myfile6': No such file or directory
file 6 has been read from HDFS for 6 time
diff: /root/my_large_file/tmp/myfile6: No such file or directory
diff succeed!
rm: cannot remove '/root/my_large_file/tmp/myfile6': No such file or directory
get: `/myfile6': No such file or directory
file 6 has been read from HDFS for 7 time
diff: /root/my_large_file/tmp/myfile6: No such file or directory
diff succeed!
rm: cannot remove '/root/my_large_file/tmp/myfile6': No such file or directory
get: `/myfile6': No such file or directory
file 6 has been read from HDFS for 8 time
diff: /root/my_large_file/tmp/myfile6: No such file or directory
diff succeed!
rm: cannot remove '/root/my_large_file/tmp/myfile6': No such file or directory
get: `/myfile6': No such file or directory
file 6 has been read from HDFS for 9 time
diff: /root/my_large_file/tmp/myfile6: No such file or directory
diff succeed!
rm: cannot remove '/root/my_large_file/tmp/myfile6': No such file or directory
get: `/myfile6': No such file or directory
file 6 has been read from HDFS for 10 time
diff: /root/my_large_file/tmp/myfile6: No such file or directory
diff succeed!
rm: cannot remove '/root/my_large_file/tmp/myfile6': No such file or directory
rm: `/myfile6': No such file or directory
file 6 has been removed from HDFS
put: The maximum path component name limit of myfile6._COPYING_ in directory / is exceeded: limit=1 length=17
file 6 has been put into HDFS
get: `/myfile6': No such file or directory
file 6 has been read from HDFS for 1 time
diff: /root/my_large_file/tmp/myfile6: No such file or directory
diff succeed!
rm: cannot remove '/root/my_large_file/tmp/myfile6': No such file or directory
get: `/myfile6': No such file or directory
file 6 has been read from HDFS for 2 time
diff: /root/my_large_file/tmp/myfile6: No such file or directory
diff succeed!
rm: cannot remove '/root/my_large_file/tmp/myfile6': No such file or directory
get: `/myfile6': No such file or directory
file 6 has been read from HDFS for 3 time
diff: /root/my_large_file/tmp/myfile6: No such file or directory
diff succeed!
rm: cannot remove '/root/my_large_file/tmp/myfile6': No such file or directory
get: `/myfile6': No such file or directory
file 6 has been read from HDFS for 4 time
diff: /root/my_large_file/tmp/myfile6: No such file or directory
diff succeed!
rm: cannot remove '/root/my_large_file/tmp/myfile6': No such file or directory
get: `/myfile6': No such file or directory
file 6 has been read from HDFS for 5 time
diff: /root/my_large_file/tmp/myfile6: No such file or directory
diff succeed!
rm: cannot remove '/root/my_large_file/tmp/myfile6': No such file or directory
get: `/myfile6': No such file or directory
file 6 has been read from HDFS for 6 time
diff: /root/my_large_file/tmp/myfile6: No such file or directory
diff succeed!
rm: cannot remove '/root/my_large_file/tmp/myfile6': No such file or directory
get: `/myfile6': No such file or directory
file 6 has been read from HDFS for 7 time
diff: /root/my_large_file/tmp/myfile6: No such file or directory
diff succeed!
rm: cannot remove '/root/my_large_file/tmp/myfile6': No such file or directory
get: `/myfile6': No such file or directory
file 6 has been read from HDFS for 8 time
diff: /root/my_large_file/tmp/myfile6: No such file or directory
diff succeed!
rm: cannot remove '/root/my_large_file/tmp/myfile6': No such file or directory
get: `/myfile6': No such file or directory
file 6 has been read from HDFS for 9 time
diff: /root/my_large_file/tmp/myfile6: No such file or directory
diff succeed!
rm: cannot remove '/root/my_large_file/tmp/myfile6': No such file or directory
get: `/myfile6': No such file or directory
file 6 has been read from HDFS for 10 time
diff: /root/my_large_file/tmp/myfile6: No such file or directory
diff succeed!
rm: cannot remove '/root/my_large_file/tmp/myfile6': No such file or directory
rm: `/myfile6': No such file or directory
file 6 has been removed from HDFS
put: The maximum path component name limit of myfile6._COPYING_ in directory / is exceeded: limit=1 length=17
file 6 has been put into HDFS
get: `/myfile6': No such file or directory
file 6 has been read from HDFS for 1 time
diff: /root/my_large_file/tmp/myfile6: No such file or directory
diff succeed!
rm: cannot remove '/root/my_large_file/tmp/myfile6': No such file or directory
get: `/myfile6': No such file or directory
file 6 has been read from HDFS for 2 time
diff: /root/my_large_file/tmp/myfile6: No such file or directory
diff succeed!
rm: cannot remove '/root/my_large_file/tmp/myfile6': No such file or directory
get: `/myfile6': No such file or directory
file 6 has been read from HDFS for 3 time
diff: /root/my_large_file/tmp/myfile6: No such file or directory
diff succeed!
rm: cannot remove '/root/my_large_file/tmp/myfile6': No such file or directory
get: `/myfile6': No such file or directory
file 6 has been read from HDFS for 4 time
diff: /root/my_large_file/tmp/myfile6: No such file or directory
diff succeed!
rm: cannot remove '/root/my_large_file/tmp/myfile6': No such file or directory
get: `/myfile6': No such file or directory
file 6 has been read from HDFS for 5 time
diff: /root/my_large_file/tmp/myfile6: No such file or directory
diff succeed!
rm: cannot remove '/root/my_large_file/tmp/myfile6': No such file or directory
get: `/myfile6': No such file or directory
file 6 has been read from HDFS for 6 time
diff: /root/my_large_file/tmp/myfile6: No such file or directory
diff succeed!
rm: cannot remove '/root/my_large_file/tmp/myfile6': No such file or directory
get: `/myfile6': No such file or directory
file 6 has been read from HDFS for 7 time
diff: /root/my_large_file/tmp/myfile6: No such file or directory
diff succeed!
rm: cannot remove '/root/my_large_file/tmp/myfile6': No such file or directory
get: `/myfile6': No such file or directory
file 6 has been read from HDFS for 8 time
diff: /root/my_large_file/tmp/myfile6: No such file or directory
diff succeed!
rm: cannot remove '/root/my_large_file/tmp/myfile6': No such file or directory
get: `/myfile6': No such file or directory
file 6 has been read from HDFS for 9 time
diff: /root/my_large_file/tmp/myfile6: No such file or directory
diff succeed!
rm: cannot remove '/root/my_large_file/tmp/myfile6': No such file or directory
get: `/myfile6': No such file or directory
file 6 has been read from HDFS for 10 time
diff: /root/my_large_file/tmp/myfile6: No such file or directory
diff succeed!
rm: cannot remove '/root/my_large_file/tmp/myfile6': No such file or directory
rm: `/myfile6': No such file or directory
file 6 has been removed from HDFS
Found 9 items
-rw-r--r--   3 root supergroup 1073741824 2019-02-21 13:59 /myfile1
-rw-r--r--   3 root supergroup  671088640 2019-02-21 13:59 /myfile10._COPYING_
-rw-r--r--   3 root supergroup          0 2019-02-21 13:59 /myfile13._COPYING_
-rw-r--r--   3 root supergroup 1073741824 2019-02-21 13:59 /myfile14
-rw-r--r--   3 root supergroup  805306368 2019-02-21 13:59 /myfile17._COPYING_
-rw-r--r--   3 root supergroup 1073741824 2019-02-21 13:59 /myfile19
-rw-r--r--   3 root supergroup  134217728 2019-02-21 13:59 /myfile5._COPYING_
-rw-r--r--   3 root supergroup 1073741824 2019-02-21 13:59 /myfile6
-rw-r--r--   3 root supergroup  671088640 2019-02-21 13:59 /myfile9._COPYING_
file 6 has been put into HDFS
file 6 has been read from HDFS for 1 time
diff succeed!
file 6 has been read from HDFS for 2 time
diff succeed!
file 6 has been read from HDFS for 3 time
diff succeed!
file 6 has been read from HDFS for 4 time
diff succeed!
file 6 has been read from HDFS for 5 time
diff succeed!
file 6 has been read from HDFS for 6 time
diff succeed!
file 6 has been read from HDFS for 7 time
diff succeed!
file 6 has been read from HDFS for 8 time
diff succeed!
file 6 has been read from HDFS for 9 time
diff succeed!
file 6 has been read from HDFS for 10 time
diff succeed!
Deleted /myfile6
file 6 has been removed from HDFS
Found 20 items
-rw-r--r--   3 root supergroup 1073741824 2019-02-21 14:03 /myfile1
-rw-r--r--   3 root supergroup  536870912 2019-02-21 14:03 /myfile10._COPYING_
-rw-r--r--   3 root supergroup 1073741824 2019-02-21 13:59 /myfile11
-rw-r--r--   3 root supergroup  402653184 2019-02-21 14:03 /myfile12._COPYING_
-rw-r--r--   3 root supergroup 1073741824 2019-02-21 14:03 /myfile13
-rw-r--r--   3 root supergroup 1073741824 2019-02-21 14:03 /myfile14
-rw-r--r--   3 root supergroup 1073741824 2019-02-21 13:59 /myfile15
-rw-r--r--   3 root supergroup 1073741824 2019-02-21 13:59 /myfile16
-rw-r--r--   3 root supergroup 1073741824 2019-02-21 13:59 /myfile17
-rw-r--r--   3 root supergroup 1073741824 2019-02-21 13:59 /myfile18
-rw-r--r--   3 root supergroup 1073741824 2019-02-21 14:03 /myfile19
-rw-r--r--   3 root supergroup 1073741824 2019-02-21 13:59 /myfile2
-rw-r--r--   3 root supergroup 1073741824 2019-02-21 13:59 /myfile20
-rw-r--r--   3 root supergroup 1073741824 2019-02-21 13:59 /myfile3
-rw-r--r--   3 root supergroup 1073741824 2019-02-21 13:59 /myfile4
-rw-r--r--   3 root supergroup 1073741824 2019-02-21 14:03 /myfile5
-rw-r--r--   3 root supergroup 1073741824 2019-02-21 14:03 /myfile6
-rw-r--r--   3 root supergroup 1073741824 2019-02-21 14:00 /myfile7
-rw-r--r--   3 root supergroup 1073741824 2019-02-21 13:59 /myfile8
-rw-r--r--   3 root supergroup  268435456 2019-02-21 14:03 /myfile9._COPYING_
file 6 has been put into HDFS
file 6 has been read from HDFS for 1 time
diff succeed!
file 6 has been read from HDFS for 2 time
diff succeed!
file 6 has been read from HDFS for 3 time
diff succeed!
file 6 has been read from HDFS for 4 time
diff succeed!
file 6 has been read from HDFS for 5 time
diff succeed!
file 6 has been read from HDFS for 6 time
diff succeed!
file 6 has been read from HDFS for 7 time
diff succeed!
file 6 has been read from HDFS for 8 time
diff succeed!
file 6 has been read from HDFS for 9 time
diff succeed!
file 6 has been read from HDFS for 10 time
diff succeed!
Deleted /myfile6
file 6 has been removed from HDFS
Found 19 items
-rw-r--r--   3 root supergroup 1073741824 2019-02-21 14:07 /myfile1
-rw-r--r--   3 root supergroup 1073741824 2019-02-21 14:07 /myfile10
-rw-r--r--   3 root supergroup 1073741824 2019-02-21 14:05 /myfile11
-rw-r--r--   3 root supergroup 1073741824 2019-02-21 14:07 /myfile13
-rw-r--r--   3 root supergroup 1073741824 2019-02-21 14:07 /myfile14
-rw-r--r--   3 root supergroup 1073741824 2019-02-21 14:05 /myfile15
-rw-r--r--   3 root supergroup 1073741824 2019-02-21 14:05 /myfile16
-rw-r--r--   3 root supergroup 1073741824 2019-02-21 14:05 /myfile17
-rw-r--r--   3 root supergroup 1073741824 2019-02-21 14:05 /myfile18
-rw-r--r--   3 root supergroup 1073741824 2019-02-21 14:07 /myfile19
-rw-r--r--   3 root supergroup 1073741824 2019-02-21 14:05 /myfile2
-rw-r--r--   3 root supergroup 1073741824 2019-02-21 14:05 /myfile20
-rw-r--r--   3 root supergroup 1073741824 2019-02-21 14:05 /myfile3
-rw-r--r--   3 root supergroup 1073741824 2019-02-21 14:05 /myfile4
-rw-r--r--   3 root supergroup 1073741824 2019-02-21 14:07 /myfile5
-rw-r--r--   3 root supergroup 1073741824 2019-02-21 14:07 /myfile6
-rw-r--r--   3 root supergroup 1073741824 2019-02-21 14:05 /myfile7
-rw-r--r--   3 root supergroup 1073741824 2019-02-21 14:05 /myfile8
-rw-r--r--   3 root supergroup 1073741824 2019-02-21 14:07 /myfile9
file 6 has been put into HDFS
file 6 has been read from HDFS for 1 time
diff succeed!
file 6 has been read from HDFS for 2 time
diff succeed!
2019-02-21 14:08:32,921 INFO retry.RetryInvocationHandler: java.io.EOFException: End of File Exception between local host is: "clnode076.clemson.cloudlab.us/130.127.133.85"; destination host is: "node-1-link-0":8020; : java.io.EOFException; For more details see:  http://wiki.apache.org/hadoop/EOFException, while invoking ClientNamenodeProtocolTranslatorPB.getServerDefaults over node-1-link-0/10.10.1.4:8020. Trying to failover immediately.
file 6 has been read from HDFS for 3 time
diff succeed!
file 6 has been read from HDFS for 4 time
diff succeed!
2019-02-21 14:09:14,307 INFO retry.RetryInvocationHandler: java.net.ConnectException: Call From clnode076.clemson.cloudlab.us/130.127.133.85 to node-1-link-0:8020 failed on connection exception: java.net.ConnectException: Connection refused; For more details see:  http://wiki.apache.org/hadoop/ConnectionRefused, while invoking ClientNamenodeProtocolTranslatorPB.getFileInfo over node-1-link-0/10.10.1.4:8020 after 1 failover attempts. Trying to failover after sleeping for 1202ms.
2019-02-21 14:09:15,512 INFO retry.RetryInvocationHandler: java.net.ConnectException: Call From clnode076.clemson.cloudlab.us/130.127.133.85 to node-0-link-0:8020 failed on connection exception: java.net.ConnectException: Connection refused; For more details see:  http://wiki.apache.org/hadoop/ConnectionRefused, while invoking ClientNamenodeProtocolTranslatorPB.getFileInfo over node-0-link-0/10.10.1.1:8020 after 2 failover attempts. Trying to failover after sleeping for 1332ms.
2019-02-21 14:09:16,847 INFO retry.RetryInvocationHandler: java.net.ConnectException: Call From clnode076.clemson.cloudlab.us/130.127.133.85 to node-1-link-0:8020 failed on connection exception: java.net.ConnectException: Connection refused; For more details see:  http://wiki.apache.org/hadoop/ConnectionRefused, while invoking ClientNamenodeProtocolTranslatorPB.getFileInfo over node-1-link-0/10.10.1.4:8020 after 3 failover attempts. Trying to failover after sleeping for 4429ms.
2019-02-21 14:09:21,281 INFO retry.RetryInvocationHandler: java.net.ConnectException: Call From clnode076.clemson.cloudlab.us/130.127.133.85 to node-0-link-0:8020 failed on connection exception: java.net.ConnectException: Connection refused; For more details see:  http://wiki.apache.org/hadoop/ConnectionRefused, while invoking ClientNamenodeProtocolTranslatorPB.getFileInfo over node-0-link-0/10.10.1.1:8020 after 4 failover attempts. Trying to failover after sleeping for 6140ms.
2019-02-21 14:09:27,424 INFO retry.RetryInvocationHandler: java.net.ConnectException: Call From clnode076.clemson.cloudlab.us/130.127.133.85 to node-1-link-0:8020 failed on connection exception: java.net.ConnectException: Connection refused; For more details see:  http://wiki.apache.org/hadoop/ConnectionRefused, while invoking ClientNamenodeProtocolTranslatorPB.getFileInfo over node-1-link-0/10.10.1.4:8020 after 5 failover attempts. Trying to failover after sleeping for 19438ms.
file 6 has been read from HDFS for 5 time
diff succeed!
file 6 has been read from HDFS for 6 time
diff succeed!
file 6 has been read from HDFS for 7 time
diff succeed!
file 6 has been read from HDFS for 8 time
diff succeed!
file 6 has been read from HDFS for 9 time
diff succeed!
file 6 has been read from HDFS for 10 time
diff succeed!
Deleted /myfile6
file 6 has been removed from HDFS
put: The maximum path component name limit of myfile6._COPYING_ in directory / is exceeded: limit=1 length=17
Found 2 items
-rw-r--r--   3 root supergroup 1073741824 2019-02-21 14:07 /myfile14
-rw-r--r--   3 root supergroup 1073741824 2019-02-21 14:08 /myfile16
file 6 has been put into HDFS
get: `/myfile6': No such file or directory
file 6 has been read from HDFS for 1 time
diff: /root/my_large_file/tmp/myfile6: No such file or directory
diff succeed!
rm: cannot remove '/root/my_large_file/tmp/myfile6': No such file or directory
get: `/myfile6': No such file or directory
file 6 has been read from HDFS for 2 time
diff: /root/my_large_file/tmp/myfile6: No such file or directory
diff succeed!
rm: cannot remove '/root/my_large_file/tmp/myfile6': No such file or directory
get: `/myfile6': No such file or directory
file 6 has been read from HDFS for 3 time
diff: /root/my_large_file/tmp/myfile6: No such file or directory
diff succeed!
rm: cannot remove '/root/my_large_file/tmp/myfile6': No such file or directory
get: `/myfile6': No such file or directory
file 6 has been read from HDFS for 4 time
diff: /root/my_large_file/tmp/myfile6: No such file or directory
diff succeed!
rm: cannot remove '/root/my_large_file/tmp/myfile6': No such file or directory
get: `/myfile6': No such file or directory
file 6 has been read from HDFS for 5 time
diff: /root/my_large_file/tmp/myfile6: No such file or directory
diff succeed!
rm: cannot remove '/root/my_large_file/tmp/myfile6': No such file or directory
get: `/myfile6': No such file or directory
file 6 has been read from HDFS for 6 time
diff: /root/my_large_file/tmp/myfile6: No such file or directory
diff succeed!
rm: cannot remove '/root/my_large_file/tmp/myfile6': No such file or directory
get: `/myfile6': No such file or directory
file 6 has been read from HDFS for 7 time
diff: /root/my_large_file/tmp/myfile6: No such file or directory
diff succeed!
rm: cannot remove '/root/my_large_file/tmp/myfile6': No such file or directory
get: `/myfile6': No such file or directory
file 6 has been read from HDFS for 8 time
diff: /root/my_large_file/tmp/myfile6: No such file or directory
diff succeed!
rm: cannot remove '/root/my_large_file/tmp/myfile6': No such file or directory
get: `/myfile6': No such file or directory
file 6 has been read from HDFS for 9 time
diff: /root/my_large_file/tmp/myfile6: No such file or directory
diff succeed!
rm: cannot remove '/root/my_large_file/tmp/myfile6': No such file or directory
get: `/myfile6': No such file or directory
file 6 has been read from HDFS for 10 time
diff: /root/my_large_file/tmp/myfile6: No such file or directory
diff succeed!
rm: cannot remove '/root/my_large_file/tmp/myfile6': No such file or directory
rm: `/myfile6': No such file or directory
file 6 has been removed from HDFS
put: The maximum path component name limit of myfile6._COPYING_ in directory / is exceeded: limit=1 length=17
file 6 has been put into HDFS
get: `/myfile6': No such file or directory
file 6 has been read from HDFS for 1 time
diff: /root/my_large_file/tmp/myfile6: No such file or directory
diff succeed!
rm: cannot remove '/root/my_large_file/tmp/myfile6': No such file or directory
get: `/myfile6': No such file or directory
file 6 has been read from HDFS for 2 time
diff: /root/my_large_file/tmp/myfile6: No such file or directory
diff succeed!
rm: cannot remove '/root/my_large_file/tmp/myfile6': No such file or directory
get: `/myfile6': No such file or directory
file 6 has been read from HDFS for 3 time
diff: /root/my_large_file/tmp/myfile6: No such file or directory
diff succeed!
rm: cannot remove '/root/my_large_file/tmp/myfile6': No such file or directory
get: `/myfile6': No such file or directory
file 6 has been read from HDFS for 4 time
diff: /root/my_large_file/tmp/myfile6: No such file or directory
diff succeed!
rm: cannot remove '/root/my_large_file/tmp/myfile6': No such file or directory
get: `/myfile6': No such file or directory
file 6 has been read from HDFS for 5 time
diff: /root/my_large_file/tmp/myfile6: No such file or directory
diff succeed!
rm: cannot remove '/root/my_large_file/tmp/myfile6': No such file or directory
get: `/myfile6': No such file or directory
file 6 has been read from HDFS for 6 time
diff: /root/my_large_file/tmp/myfile6: No such file or directory
diff succeed!
rm: cannot remove '/root/my_large_file/tmp/myfile6': No such file or directory
get: `/myfile6': No such file or directory
file 6 has been read from HDFS for 7 time
diff: /root/my_large_file/tmp/myfile6: No such file or directory
diff succeed!
rm: cannot remove '/root/my_large_file/tmp/myfile6': No such file or directory
get: `/myfile6': No such file or directory
file 6 has been read from HDFS for 8 time
diff: /root/my_large_file/tmp/myfile6: No such file or directory
diff succeed!
rm: cannot remove '/root/my_large_file/tmp/myfile6': No such file or directory
get: `/myfile6': No such file or directory
file 6 has been read from HDFS for 9 time
diff: /root/my_large_file/tmp/myfile6: No such file or directory
diff succeed!
rm: cannot remove '/root/my_large_file/tmp/myfile6': No such file or directory
get: `/myfile6': No such file or directory
file 6 has been read from HDFS for 10 time
diff: /root/my_large_file/tmp/myfile6: No such file or directory
diff succeed!
rm: cannot remove '/root/my_large_file/tmp/myfile6': No such file or directory
rm: `/myfile6': No such file or directory
file 6 has been removed from HDFS
put: The maximum path component name limit of myfile6._COPYING_ in directory / is exceeded: limit=1 length=17
file 6 has been put into HDFS
get: `/myfile6': No such file or directory
file 6 has been read from HDFS for 1 time
diff: /root/my_large_file/tmp/myfile6: No such file or directory
diff succeed!
rm: cannot remove '/root/my_large_file/tmp/myfile6': No such file or directory
get: `/myfile6': No such file or directory
file 6 has been read from HDFS for 2 time
diff: /root/my_large_file/tmp/myfile6: No such file or directory
diff succeed!
rm: cannot remove '/root/my_large_file/tmp/myfile6': No such file or directory
get: `/myfile6': No such file or directory
file 6 has been read from HDFS for 3 time
diff: /root/my_large_file/tmp/myfile6: No such file or directory
diff succeed!
rm: cannot remove '/root/my_large_file/tmp/myfile6': No such file or directory
get: `/myfile6': No such file or directory
file 6 has been read from HDFS for 4 time
diff: /root/my_large_file/tmp/myfile6: No such file or directory
diff succeed!
rm: cannot remove '/root/my_large_file/tmp/myfile6': No such file or directory
get: `/myfile6': No such file or directory
file 6 has been read from HDFS for 5 time
diff: /root/my_large_file/tmp/myfile6: No such file or directory
diff succeed!
rm: cannot remove '/root/my_large_file/tmp/myfile6': No such file or directory
get: `/myfile6': No such file or directory
file 6 has been read from HDFS for 6 time
diff: /root/my_large_file/tmp/myfile6: No such file or directory
diff succeed!
rm: cannot remove '/root/my_large_file/tmp/myfile6': No such file or directory
get: `/myfile6': No such file or directory
file 6 has been read from HDFS for 7 time
diff: /root/my_large_file/tmp/myfile6: No such file or directory
diff succeed!
rm: cannot remove '/root/my_large_file/tmp/myfile6': No such file or directory
get: `/myfile6': No such file or directory
file 6 has been read from HDFS for 8 time
diff: /root/my_large_file/tmp/myfile6: No such file or directory
diff succeed!
rm: cannot remove '/root/my_large_file/tmp/myfile6': No such file or directory
get: `/myfile6': No such file or directory
file 6 has been read from HDFS for 9 time
diff: /root/my_large_file/tmp/myfile6: No such file or directory
diff succeed!
rm: cannot remove '/root/my_large_file/tmp/myfile6': No such file or directory
get: `/myfile6': No such file or directory
file 6 has been read from HDFS for 10 time
diff: /root/my_large_file/tmp/myfile6: No such file or directory
diff succeed!
rm: cannot remove '/root/my_large_file/tmp/myfile6': No such file or directory
rm: `/myfile6': No such file or directory
file 6 has been removed from HDFS
put: The maximum path component name limit of myfile6._COPYING_ in directory / is exceeded: limit=1 length=17
file 6 has been put into HDFS
get: `/myfile6': No such file or directory
file 6 has been read from HDFS for 1 time
diff: /root/my_large_file/tmp/myfile6: No such file or directory
diff succeed!
rm: cannot remove '/root/my_large_file/tmp/myfile6': No such file or directory
get: `/myfile6': No such file or directory
file 6 has been read from HDFS for 2 time
diff: /root/my_large_file/tmp/myfile6: No such file or directory
diff succeed!
rm: cannot remove '/root/my_large_file/tmp/myfile6': No such file or directory
get: `/myfile6': No such file or directory
file 6 has been read from HDFS for 3 time
diff: /root/my_large_file/tmp/myfile6: No such file or directory
diff succeed!
rm: cannot remove '/root/my_large_file/tmp/myfile6': No such file or directory
get: `/myfile6': No such file or directory
file 6 has been read from HDFS for 4 time
diff: /root/my_large_file/tmp/myfile6: No such file or directory
diff succeed!
rm: cannot remove '/root/my_large_file/tmp/myfile6': No such file or directory
2019-02-21 14:19:42,705 INFO retry.RetryInvocationHandler: java.net.ConnectException: Call From clnode076.clemson.cloudlab.us/130.127.133.85 to node-1-link-0:8020 failed on connection exception: java.net.ConnectException: Connection refused; For more details see:  http://wiki.apache.org/hadoop/ConnectionRefused, while invoking ClientNamenodeProtocolTranslatorPB.getFileInfo over node-1-link-0/10.10.1.4:8020 after 1 failover attempts. Trying to failover after sleeping for 1329ms.
2019-02-21 14:19:44,037 INFO retry.RetryInvocationHandler: java.net.ConnectException: Call From clnode076.clemson.cloudlab.us/130.127.133.85 to node-0-link-0:8020 failed on connection exception: java.net.ConnectException: Connection refused; For more details see:  http://wiki.apache.org/hadoop/ConnectionRefused, while invoking ClientNamenodeProtocolTranslatorPB.getFileInfo over node-0-link-0/10.10.1.1:8020 after 2 failover attempts. Trying to failover after sleeping for 1345ms.
2019-02-21 14:19:45,384 INFO retry.RetryInvocationHandler: java.net.ConnectException: Call From clnode076.clemson.cloudlab.us/130.127.133.85 to node-1-link-0:8020 failed on connection exception: java.net.ConnectException: Connection refused; For more details see:  http://wiki.apache.org/hadoop/ConnectionRefused, while invoking ClientNamenodeProtocolTranslatorPB.getFileInfo over node-1-link-0/10.10.1.4:8020 after 3 failover attempts. Trying to failover after sleeping for 4682ms.
2019-02-21 14:19:50,072 INFO retry.RetryInvocationHandler: java.net.ConnectException: Call From clnode076.clemson.cloudlab.us/130.127.133.85 to node-0-link-0:8020 failed on connection exception: java.net.ConnectException: Connection refused; For more details see:  http://wiki.apache.org/hadoop/ConnectionRefused, while invoking ClientNamenodeProtocolTranslatorPB.getFileInfo over node-0-link-0/10.10.1.1:8020 after 4 failover attempts. Trying to failover after sleeping for 5560ms.
2019-02-21 14:19:55,634 INFO retry.RetryInvocationHandler: java.net.ConnectException: Call From clnode076.clemson.cloudlab.us/130.127.133.85 to node-1-link-0:8020 failed on connection exception: java.net.ConnectException: Connection refused; For more details see:  http://wiki.apache.org/hadoop/ConnectionRefused, while invoking ClientNamenodeProtocolTranslatorPB.getFileInfo over node-1-link-0/10.10.1.4:8020 after 5 failover attempts. Trying to failover after sleeping for 8806ms.
get: `/myfile6': No such file or directory
file 6 has been read from HDFS for 5 time
diff: /root/my_large_file/tmp/myfile6: No such file or directory
diff succeed!
rm: cannot remove '/root/my_large_file/tmp/myfile6': No such file or directory
get: `/myfile6': No such file or directory
file 6 has been read from HDFS for 6 time
diff: /root/my_large_file/tmp/myfile6: No such file or directory
diff succeed!
rm: cannot remove '/root/my_large_file/tmp/myfile6': No such file or directory
get: `/myfile6': No such file or directory
file 6 has been read from HDFS for 7 time
diff: /root/my_large_file/tmp/myfile6: No such file or directory
diff succeed!
rm: cannot remove '/root/my_large_file/tmp/myfile6': No such file or directory
get: `/myfile6': No such file or directory
file 6 has been read from HDFS for 8 time
diff: /root/my_large_file/tmp/myfile6: No such file or directory
diff succeed!
rm: cannot remove '/root/my_large_file/tmp/myfile6': No such file or directory
get: `/myfile6': No such file or directory
file 6 has been read from HDFS for 9 time
diff: /root/my_large_file/tmp/myfile6: No such file or directory
diff succeed!
rm: cannot remove '/root/my_large_file/tmp/myfile6': No such file or directory
get: `/myfile6': No such file or directory
file 6 has been read from HDFS for 10 time
diff: /root/my_large_file/tmp/myfile6: No such file or directory
diff succeed!
rm: cannot remove '/root/my_large_file/tmp/myfile6': No such file or directory
rm: `/myfile6': No such file or directory
file 6 has been removed from HDFS
Found 11 items
-rw-r--r--   3 root supergroup 1073741824 2019-02-21 14:21 /myfile1
-rw-r--r--   3 root supergroup 1073741824 2019-02-21 14:21 /myfile10
-rw-r--r--   3 root supergroup 1073741824 2019-02-21 14:20 /myfile11
-rw-r--r--   3 root supergroup 1073741824 2019-02-21 14:20 /myfile15
-rw-r--r--   3 root supergroup 1073741824 2019-02-21 14:20 /myfile16
-rw-r--r--   3 root supergroup 1073741824 2019-02-21 14:21 /myfile19
-rw-r--r--   3 root supergroup 1073741824 2019-02-21 14:20 /myfile3
-rw-r--r--   3 root supergroup 1073741824 2019-02-21 14:21 /myfile6
-rw-r--r--   3 root supergroup 1073741824 2019-02-21 14:21 /myfile7
-rw-r--r--   3 root supergroup 1073741824 2019-02-21 14:20 /myfile8
-rw-r--r--   3 root supergroup 1073741824 2019-02-21 14:21 /myfile9
file 6 has been put into HDFS
file 6 has been read from HDFS for 1 time
diff succeed!
file 6 has been read from HDFS for 2 time
diff succeed!
file 6 has been read from HDFS for 3 time
diff succeed!
file 6 has been read from HDFS for 4 time
diff succeed!
file 6 has been read from HDFS for 5 time
diff succeed!
file 6 has been read from HDFS for 6 time
diff succeed!
file 6 has been read from HDFS for 7 time
diff succeed!
file 6 has been read from HDFS for 8 time
diff succeed!
file 6 has been read from HDFS for 9 time
diff succeed!
file 6 has been read from HDFS for 10 time
diff succeed!
Deleted /myfile6
file 6 has been removed from HDFS
Found 19 items
-rw-r--r--   3 root supergroup 1073741824 2019-02-21 14:25 /myfile1
-rw-r--r--   3 root supergroup 1073741824 2019-02-21 14:25 /myfile10
-rw-r--r--   3 root supergroup 1073741824 2019-02-21 14:24 /myfile11
-rw-r--r--   3 root supergroup 1073741824 2019-02-21 14:22 /myfile12
-rw-r--r--   3 root supergroup 1073741824 2019-02-21 14:25 /myfile13
-rw-r--r--   3 root supergroup 1073741824 2019-02-21 14:24 /myfile15
-rw-r--r--   3 root supergroup 1073741824 2019-02-21 14:24 /myfile16
-rw-r--r--   3 root supergroup 1073741824 2019-02-21 14:22 /myfile17
-rw-r--r--   3 root supergroup 1073741824 2019-02-21 14:22 /myfile18
-rw-r--r--   3 root supergroup 1073741824 2019-02-21 14:25 /myfile19
-rw-r--r--   3 root supergroup 1073741824 2019-02-21 14:23 /myfile2
-rw-r--r--   3 root supergroup 1073741824 2019-02-21 14:22 /myfile20
-rw-r--r--   3 root supergroup 1073741824 2019-02-21 14:24 /myfile3
-rw-r--r--   3 root supergroup 1073741824 2019-02-21 14:23 /myfile4
-rw-r--r--   3 root supergroup 1073741824 2019-02-21 14:25 /myfile5
-rw-r--r--   3 root supergroup 1073741824 2019-02-21 14:25 /myfile6
-rw-r--r--   3 root supergroup 1073741824 2019-02-21 14:25 /myfile7
-rw-r--r--   3 root supergroup 1073741824 2019-02-21 14:24 /myfile8
-rw-r--r--   3 root supergroup 1073741824 2019-02-21 14:25 /myfile9
file 6 has been put into HDFS
file 6 has been read from HDFS for 1 time
diff succeed!
file 6 has been read from HDFS for 2 time
diff succeed!
file 6 has been read from HDFS for 3 time
diff succeed!
file 6 has been read from HDFS for 4 time
diff succeed!
file 6 has been read from HDFS for 5 time
diff succeed!
file 6 has been read from HDFS for 6 time
diff succeed!
file 6 has been read from HDFS for 7 time
diff succeed!
file 6 has been read from HDFS for 8 time
diff succeed!
file 6 has been read from HDFS for 9 time
diff succeed!
file 6 has been read from HDFS for 10 time
diff succeed!
Deleted /myfile6
file 6 has been removed from HDFS
sub_benchmark 10 signal TERM catched and let quit gracefully
Found 15 items
-rw-r--r--   3 root supergroup 1073741824 2019-02-21 14:30 /myfile10
-rw-r--r--   3 root supergroup 1073741824 2019-02-21 14:28 /myfile11
-rw-r--r--   3 root supergroup 1073741824 2019-02-21 14:30 /myfile13
-rw-r--r--   3 root supergroup 1073741824 2019-02-21 14:28 /myfile15
-rw-r--r--   3 root supergroup 1073741824 2019-02-21 14:28 /myfile16
-rw-r--r--   3 root supergroup 1073741824 2019-02-21 14:27 /myfile17
-rw-r--r--   3 root supergroup 1073741824 2019-02-21 14:27 /myfile18
-rw-r--r--   3 root supergroup 1073741824 2019-02-21 14:30 /myfile19
-rw-r--r--   3 root supergroup 1073741824 2019-02-21 14:27 /myfile20
-rw-r--r--   3 root supergroup 1073741824 2019-02-21 14:27 /myfile4
-rw-r--r--   3 root supergroup 1073741824 2019-02-21 14:30 /myfile5
-rw-r--r--   3 root supergroup 1073741824 2019-02-21 14:30 /myfile6
-rw-r--r--   3 root supergroup 1073741824 2019-02-21 14:30 /myfile7
-rw-r--r--   3 root supergroup 1073741824 2019-02-21 14:28 /myfile8
-rw-r--r--   3 root supergroup 1073741824 2019-02-21 14:30 /myfile9
file 6 has been put into HDFS
file 6 has been read from HDFS for 1 time
diff succeed!
Deleted /myfile6
file 6 has been removed from HDFS
