Found 20 items
-rw-r--r--   3 root supergroup 1073741824 2019-02-22 16:17 /myfile1
-rw-r--r--   3 root supergroup 1073741824 2019-02-22 16:17 /myfile10
-rw-r--r--   3 root supergroup 1073741824 2019-02-22 16:17 /myfile11
-rw-r--r--   3 root supergroup 1073741824 2019-02-22 16:17 /myfile12
-rw-r--r--   3 root supergroup 1073741824 2019-02-22 16:17 /myfile13
-rw-r--r--   3 root supergroup 1073741824 2019-02-22 16:17 /myfile14
-rw-r--r--   3 root supergroup 1073741824 2019-02-22 16:17 /myfile15
-rw-r--r--   3 root supergroup 1073741824 2019-02-22 16:17 /myfile16
-rw-r--r--   3 root supergroup 1073741824 2019-02-22 16:17 /myfile17
-rw-r--r--   3 root supergroup 1073741824 2019-02-22 16:17 /myfile18
-rw-r--r--   3 root supergroup 1073741824 2019-02-22 16:17 /myfile19
-rw-r--r--   3 root supergroup 1073741824 2019-02-22 16:17 /myfile2
-rw-r--r--   3 root supergroup 1073741824 2019-02-22 16:17 /myfile20
-rw-r--r--   3 root supergroup 1073741824 2019-02-22 16:17 /myfile3
-rw-r--r--   3 root supergroup 1073741824 2019-02-22 16:17 /myfile4
-rw-r--r--   3 root supergroup 1073741824 2019-02-22 16:17 /myfile5
-rw-r--r--   3 root supergroup 1073741824 2019-02-22 16:17 /myfile6
-rw-r--r--   3 root supergroup 1073741824 2019-02-22 16:17 /myfile7
-rw-r--r--   3 root supergroup 1073741824 2019-02-22 16:17 /myfile8
-rw-r--r--   3 root supergroup 1073741824 2019-02-22 16:17 /myfile9
file 3 has been put into HDFS
file 3 has been read from HDFS for 1 time
diff succeed!
2019-02-22 16:18:03,340 INFO retry.RetryInvocationHandler: java.net.ConnectException: Call From clnode090.clemson.cloudlab.us/130.127.133.99 to node-1-link-0:8020 failed on connection exception: java.net.ConnectException: Connection refused; For more details see:  http://wiki.apache.org/hadoop/ConnectionRefused, while invoking ClientNamenodeProtocolTranslatorPB.getFileInfo over node-1-link-0/10.10.1.4:8020 after 1 failover attempts. Trying to failover after sleeping for 571ms.
2019-02-22 16:18:03,914 INFO retry.RetryInvocationHandler: org.apache.hadoop.ipc.RemoteException(org.apache.hadoop.ipc.StandbyException): Operation category READ is not supported in state standby. Visit https://s.apache.org/sbnn-error
	at org.apache.hadoop.hdfs.server.namenode.ha.StandbyState.checkOperation(StandbyState.java:88)
	at org.apache.hadoop.hdfs.server.namenode.NameNode$NameNodeHAContext.checkOperation(NameNode.java:1952)
	at org.apache.hadoop.hdfs.server.namenode.FSNamesystem.checkOperation(FSNamesystem.java:1423)
	at org.apache.hadoop.hdfs.server.namenode.FSNamesystem.getFileInfo(FSNamesystem.java:3085)
	at org.apache.hadoop.hdfs.server.namenode.NameNodeRpcServer.getFileInfo(NameNodeRpcServer.java:1154)
	at org.apache.hadoop.hdfs.protocolPB.ClientNamenodeProtocolServerSideTranslatorPB.getFileInfo(ClientNamenodeProtocolServerSideTranslatorPB.java:966)
	at org.apache.hadoop.hdfs.protocol.proto.ClientNamenodeProtocolProtos$ClientNamenodeProtocol$2.callBlockingMethod(ClientNamenodeProtocolProtos.java)
	at org.apache.hadoop.ipc.ProtobufRpcEngine$Server$ProtoBufRpcInvoker.call(ProtobufRpcEngine.java:523)
	at org.apache.hadoop.ipc.RPC$Server.call(RPC.java:991)
	at org.apache.hadoop.ipc.Server$RpcCall.run(Server.java:872)
	at org.apache.hadoop.ipc.Server$RpcCall.run(Server.java:818)
	at java.security.AccessController.doPrivileged(Native Method)
	at javax.security.auth.Subject.doAs(Subject.java:422)
	at org.apache.hadoop.security.UserGroupInformation.doAs(UserGroupInformation.java:1729)
	at org.apache.hadoop.ipc.Server$Handler.run(Server.java:2678)
, while invoking ClientNamenodeProtocolTranslatorPB.getFileInfo over node-0-link-0/10.10.1.1:8020 after 2 failover attempts. Trying to failover after sleeping for 1514ms.
2019-02-22 16:18:05,430 INFO retry.RetryInvocationHandler: java.net.ConnectException: Call From clnode090.clemson.cloudlab.us/130.127.133.99 to node-1-link-0:8020 failed on connection exception: java.net.ConnectException: Connection refused; For more details see:  http://wiki.apache.org/hadoop/ConnectionRefused, while invoking ClientNamenodeProtocolTranslatorPB.getFileInfo over node-1-link-0/10.10.1.4:8020 after 3 failover attempts. Trying to failover after sleeping for 2114ms.
file 3 has been read from HDFS for 2 time
diff succeed!
file 3 has been read from HDFS for 3 time
diff succeed!
file 3 has been read from HDFS for 4 time
diff succeed!
file 3 has been read from HDFS for 5 time
diff succeed!
file 3 has been read from HDFS for 6 time
diff succeed!
file 3 has been read from HDFS for 7 time
diff succeed!
file 3 has been read from HDFS for 8 time
diff succeed!
file 3 has been read from HDFS for 9 time
diff succeed!
file 3 has been read from HDFS for 10 time
diff succeed!
Deleted /myfile3
file 3 has been removed from HDFS
Found 16 items
-rw-r--r--   3 root supergroup 1073741824 2019-02-22 16:17 /myfile1
-rw-r--r--   3 root supergroup 1073741824 2019-02-22 16:21 /myfile11
-rw-r--r--   3 root supergroup 1073741824 2019-02-22 16:21 /myfile12
-rw-r--r--   3 root supergroup 1073741824 2019-02-22 16:17 /myfile13
-rw-r--r--   3 root supergroup 1073741824 2019-02-22 16:21 /myfile14
-rw-r--r--   3 root supergroup 1073741824 2019-02-22 16:21 /myfile16
-rw-r--r--   3 root supergroup 1073741824 2019-02-22 16:21 /myfile17
-rw-r--r--   3 root supergroup 1073741824 2019-02-22 16:17 /myfile18
-rw-r--r--   3 root supergroup          0 2019-02-22 16:21 /myfile19._COPYING_
-rw-r--r--   3 root supergroup 1073741824 2019-02-22 16:21 /myfile2
-rw-r--r--   3 root supergroup 1073741824 2019-02-22 16:21 /myfile20
-rw-r--r--   3 root supergroup 1073741824 2019-02-22 16:21 /myfile3
-rw-r--r--   3 root supergroup 1073741824 2019-02-22 16:20 /myfile4
-rw-r--r--   3 root supergroup 1073741824 2019-02-22 16:21 /myfile5
-rw-r--r--   3 root supergroup 1073741824 2019-02-22 16:17 /myfile6
-rw-r--r--   3 root supergroup 1073741824 2019-02-22 16:17 /myfile8
file 3 has been put into HDFS
file 3 has been read from HDFS for 1 time
diff succeed!
file 3 has been read from HDFS for 2 time
diff succeed!
file 3 has been read from HDFS for 3 time
diff succeed!
file 3 has been read from HDFS for 4 time
diff succeed!
file 3 has been read from HDFS for 5 time
diff succeed!
file 3 has been read from HDFS for 6 time
diff succeed!
file 3 has been read from HDFS for 7 time
diff succeed!
file 3 has been read from HDFS for 8 time
diff succeed!
file 3 has been read from HDFS for 9 time
diff succeed!
file 3 has been read from HDFS for 10 time
diff succeed!
Deleted /myfile3
file 3 has been removed from HDFS
Found 17 items
-rw-r--r--   3 root supergroup 1073741824 2019-02-22 16:23 /myfile1
-rw-r--r--   3 root supergroup 1073741824 2019-02-22 16:25 /myfile11
-rw-r--r--   3 root supergroup 1073741824 2019-02-22 16:25 /myfile12
-rw-r--r--   3 root supergroup 1073741824 2019-02-22 16:24 /myfile13
-rw-r--r--   3 root supergroup 1073741824 2019-02-22 16:21 /myfile14
-rw-r--r--   3 root supergroup 1073741824 2019-02-22 16:22 /myfile15
-rw-r--r--   3 root supergroup 1073741824 2019-02-22 16:21 /myfile16
-rw-r--r--   3 root supergroup 1073741824 2019-02-22 16:25 /myfile17
-rw-r--r--   3 root supergroup 1073741824 2019-02-22 16:23 /myfile18
-rw-r--r--   3 root supergroup  268435456 2019-02-22 16:25 /myfile19._COPYING_
-rw-r--r--   3 root supergroup 1073741824 2019-02-22 16:21 /myfile20
-rw-r--r--   3 root supergroup 1073741824 2019-02-22 16:25 /myfile3
-rw-r--r--   3 root supergroup 1073741824 2019-02-22 16:24 /myfile4
-rw-r--r--   3 root supergroup 1073741824 2019-02-22 16:25 /myfile5
-rw-r--r--   3 root supergroup 1073741824 2019-02-22 16:23 /myfile6
-rw-r--r--   3 root supergroup  268435456 2019-02-22 16:25 /myfile7._COPYING_
-rw-r--r--   3 root supergroup 1073741824 2019-02-22 16:23 /myfile8
file 3 has been put into HDFS
file 3 has been read from HDFS for 1 time
diff succeed!
file 3 has been read from HDFS for 2 time
diff succeed!
file 3 has been read from HDFS for 3 time
diff succeed!
file 3 has been read from HDFS for 4 time
diff succeed!
file 3 has been read from HDFS for 5 time
diff succeed!
file 3 has been read from HDFS for 6 time
diff succeed!
file 3 has been read from HDFS for 7 time
diff succeed!
file 3 has been read from HDFS for 8 time
diff succeed!
file 3 has been read from HDFS for 9 time
diff succeed!
2019-02-22 16:29:05,834 INFO retry.RetryInvocationHandler: java.net.ConnectException: Call From clnode090.clemson.cloudlab.us/130.127.133.99 to node-1-link-0:8020 failed on connection exception: java.net.ConnectException: Connection refused; For more details see:  http://wiki.apache.org/hadoop/ConnectionRefused, while invoking ClientNamenodeProtocolTranslatorPB.getFileInfo over node-1-link-0/10.10.1.4:8020 after 1 failover attempts. Trying to failover after sleeping for 1147ms.
2019-02-22 16:29:06,984 INFO retry.RetryInvocationHandler: org.apache.hadoop.ipc.RemoteException(org.apache.hadoop.ipc.StandbyException): Operation category READ is not supported in state standby. Visit https://s.apache.org/sbnn-error
	at org.apache.hadoop.hdfs.server.namenode.ha.StandbyState.checkOperation(StandbyState.java:88)
	at org.apache.hadoop.hdfs.server.namenode.NameNode$NameNodeHAContext.checkOperation(NameNode.java:1952)
	at org.apache.hadoop.hdfs.server.namenode.FSNamesystem.checkOperation(FSNamesystem.java:1423)
	at org.apache.hadoop.hdfs.server.namenode.FSNamesystem.getFileInfo(FSNamesystem.java:3085)
	at org.apache.hadoop.hdfs.server.namenode.NameNodeRpcServer.getFileInfo(NameNodeRpcServer.java:1154)
	at org.apache.hadoop.hdfs.protocolPB.ClientNamenodeProtocolServerSideTranslatorPB.getFileInfo(ClientNamenodeProtocolServerSideTranslatorPB.java:966)
	at org.apache.hadoop.hdfs.protocol.proto.ClientNamenodeProtocolProtos$ClientNamenodeProtocol$2.callBlockingMethod(ClientNamenodeProtocolProtos.java)
	at org.apache.hadoop.ipc.ProtobufRpcEngine$Server$ProtoBufRpcInvoker.call(ProtobufRpcEngine.java:523)
	at org.apache.hadoop.ipc.RPC$Server.call(RPC.java:991)
	at org.apache.hadoop.ipc.Server$RpcCall.run(Server.java:872)
	at org.apache.hadoop.ipc.Server$RpcCall.run(Server.java:818)
	at java.security.AccessController.doPrivileged(Native Method)
	at javax.security.auth.Subject.doAs(Subject.java:422)
	at org.apache.hadoop.security.UserGroupInformation.doAs(UserGroupInformation.java:1729)
	at org.apache.hadoop.ipc.Server$Handler.run(Server.java:2678)
, while invoking ClientNamenodeProtocolTranslatorPB.getFileInfo over node-0-link-0/10.10.1.1:8020 after 2 failover attempts. Trying to failover after sleeping for 2388ms.
2019-02-22 16:29:09,375 INFO retry.RetryInvocationHandler: java.net.ConnectException: Call From clnode090.clemson.cloudlab.us/130.127.133.99 to node-1-link-0:8020 failed on connection exception: java.net.ConnectException: Connection refused; For more details see:  http://wiki.apache.org/hadoop/ConnectionRefused, while invoking ClientNamenodeProtocolTranslatorPB.getFileInfo over node-1-link-0/10.10.1.4:8020 after 3 failover attempts. Trying to failover after sleeping for 3095ms.
file 3 has been read from HDFS for 10 time
diff succeed!
Deleted /myfile3
file 3 has been removed from HDFS
Found 19 items
-rw-r--r--   3 root supergroup 1073741824 2019-02-22 16:28 /myfile1
-rw-r--r--   3 root supergroup 1073741824 2019-02-22 16:31 /myfile10
-rw-r--r--   3 root supergroup 1073741824 2019-02-22 16:29 /myfile11
-rw-r--r--   3 root supergroup 1073741824 2019-02-22 16:29 /myfile12
-rw-r--r--   3 root supergroup 1073741824 2019-02-22 16:29 /myfile13
-rw-r--r--   3 root supergroup 1073741824 2019-02-22 16:26 /myfile14
-rw-r--r--   3 root supergroup 1073741824 2019-02-22 16:30 /myfile16
-rw-r--r--   3 root supergroup 1073741824 2019-02-22 16:29 /myfile17
-rw-r--r--   3 root supergroup 1073741824 2019-02-22 16:28 /myfile18
-rw-r--r--   3 root supergroup 1073741824 2019-02-22 16:30 /myfile19
-rw-r--r--   3 root supergroup 1073741824 2019-02-22 16:31 /myfile2
-rw-r--r--   3 root supergroup          0 2019-02-22 16:31 /myfile20._COPYING_
-rw-r--r--   3 root supergroup 1073741824 2019-02-22 16:31 /myfile3
-rw-r--r--   3 root supergroup 1073741824 2019-02-22 16:28 /myfile4
-rw-r--r--   3 root supergroup 1073741824 2019-02-22 16:29 /myfile5
-rw-r--r--   3 root supergroup 1073741824 2019-02-22 16:27 /myfile6
-rw-r--r--   3 root supergroup 1073741824 2019-02-22 16:30 /myfile7
-rw-r--r--   3 root supergroup  268435456 2019-02-22 16:31 /myfile8._COPYING_
-rw-r--r--   3 root supergroup 1073741824 2019-02-22 16:30 /myfile9
file 3 has been put into HDFS
file 3 has been read from HDFS for 1 time
diff succeed!
file 3 has been read from HDFS for 2 time
diff succeed!
file 3 has been read from HDFS for 3 time
diff succeed!
file 3 has been read from HDFS for 4 time
diff succeed!
file 3 has been read from HDFS for 5 time
diff succeed!
file 3 has been read from HDFS for 6 time
diff succeed!
file 3 has been read from HDFS for 7 time
diff succeed!
file 3 has been read from HDFS for 8 time
diff succeed!
file 3 has been read from HDFS for 9 time
diff succeed!
file 3 has been read from HDFS for 10 time
diff succeed!
Deleted /myfile3
file 3 has been removed from HDFS
Found 19 items
-rw-r--r--   3 root supergroup 1073741824 2019-02-22 16:33 /myfile1
-rw-r--r--   3 root supergroup 1073741824 2019-02-22 16:36 /myfile10
-rw-r--r--   3 root supergroup 1073741824 2019-02-22 16:33 /myfile11
-rw-r--r--   3 root supergroup 1073741824 2019-02-22 16:33 /myfile13
-rw-r--r--   3 root supergroup 1073741824 2019-02-22 16:32 /myfile14
-rw-r--r--   3 root supergroup 1073741824 2019-02-22 16:35 /myfile15
-rw-r--r--   3 root supergroup 1073741824 2019-02-22 16:34 /myfile16
-rw-r--r--   3 root supergroup 1073741824 2019-02-22 16:33 /myfile17
-rw-r--r--   3 root supergroup 1073741824 2019-02-22 16:32 /myfile18
-rw-r--r--   3 root supergroup 1073741824 2019-02-22 16:34 /myfile19
-rw-r--r--   3 root supergroup 1073741824 2019-02-22 16:34 /myfile2
-rw-r--r--   3 root supergroup 1073741824 2019-02-22 16:35 /myfile20
-rw-r--r--   3 root supergroup 1073741824 2019-02-22 16:36 /myfile3
-rw-r--r--   3 root supergroup 1073741824 2019-02-22 16:34 /myfile4
-rw-r--r--   3 root supergroup 1073741824 2019-02-22 16:33 /myfile5
-rw-r--r--   3 root supergroup 1073741824 2019-02-22 16:33 /myfile6
-rw-r--r--   3 root supergroup 1073741824 2019-02-22 16:34 /myfile7
-rw-r--r--   3 root supergroup 1073741824 2019-02-22 16:36 /myfile8
-rw-r--r--   3 root supergroup 1073741824 2019-02-22 16:34 /myfile9
file 3 has been put into HDFS
file 3 has been read from HDFS for 1 time
diff succeed!
file 3 has been read from HDFS for 2 time
diff succeed!
file 3 has been read from HDFS for 3 time
diff succeed!
file 3 has been read from HDFS for 4 time
diff succeed!
file 3 has been read from HDFS for 5 time
diff succeed!
file 3 has been read from HDFS for 6 time
diff succeed!
file 3 has been read from HDFS for 7 time
diff succeed!
file 3 has been read from HDFS for 8 time
diff succeed!
file 3 has been read from HDFS for 9 time
diff succeed!
file 3 has been read from HDFS for 10 time
diff succeed!
Deleted /myfile3
file 3 has been removed from HDFS
Found 19 items
-rw-r--r--   3 root supergroup 1073741824 2019-02-22 16:37 /myfile1
-rw-r--r--   3 root supergroup 1073741824 2019-02-22 16:36 /myfile10
-rw-r--r--   3 root supergroup 1073741824 2019-02-22 16:37 /myfile11
-rw-r--r--   3 root supergroup 1073741824 2019-02-22 16:38 /myfile13
-rw-r--r--   3 root supergroup 1073741824 2019-02-22 16:39 /myfile14
-rw-r--r--   3 root supergroup 1073741824 2019-02-22 16:40 /myfile15
-rw-r--r--   3 root supergroup 1073741824 2019-02-22 16:38 /myfile16
-rw-r--r--   3 root supergroup 1073741824 2019-02-22 16:37 /myfile17
-rw-r--r--   3 root supergroup 1073741824 2019-02-22 16:38 /myfile18
-rw-r--r--   3 root supergroup 1073741824 2019-02-22 16:38 /myfile19
-rw-r--r--   3 root supergroup 1073741824 2019-02-22 16:38 /myfile2
-rw-r--r--   3 root supergroup 1073741824 2019-02-22 16:39 /myfile20
-rw-r--r--   3 root supergroup 1073741824 2019-02-22 16:40 /myfile3
-rw-r--r--   3 root supergroup 1073741824 2019-02-22 16:40 /myfile4
-rw-r--r--   3 root supergroup 1073741824 2019-02-22 16:37 /myfile5
-rw-r--r--   3 root supergroup 1073741824 2019-02-22 16:37 /myfile6
-rw-r--r--   3 root supergroup 1073741824 2019-02-22 16:38 /myfile7
-rw-r--r--   3 root supergroup 1073741824 2019-02-22 16:40 /myfile8
-rw-r--r--   3 root supergroup 1073741824 2019-02-22 16:38 /myfile9
file 3 has been put into HDFS
file 3 has been read from HDFS for 1 time
diff succeed!
file 3 has been read from HDFS for 2 time
diff succeed!
file 3 has been read from HDFS for 3 time
diff succeed!
file 3 has been read from HDFS for 4 time
diff succeed!
file 3 has been read from HDFS for 5 time
diff succeed!
file 3 has been read from HDFS for 6 time
diff succeed!
file 3 has been read from HDFS for 7 time
diff succeed!
file 3 has been read from HDFS for 8 time
diff succeed!
file 3 has been read from HDFS for 9 time
diff succeed!
file 3 has been read from HDFS for 10 time
diff succeed!
Deleted /myfile3
file 3 has been removed from HDFS
Found 20 items
-rw-r--r--   3 root supergroup 1073741824 2019-02-22 16:41 /myfile1
-rw-r--r--   3 root supergroup 1073741824 2019-02-22 16:41 /myfile10
-rw-r--r--   3 root supergroup 1073741824 2019-02-22 16:42 /myfile11
-rw-r--r--   3 root supergroup 1073741824 2019-02-22 16:41 /myfile12
-rw-r--r--   3 root supergroup 1073741824 2019-02-22 16:42 /myfile13
-rw-r--r--   3 root supergroup 1073741824 2019-02-22 16:43 /myfile14
-rw-r--r--   3 root supergroup 1073741824 2019-02-22 16:44 /myfile15
-rw-r--r--   3 root supergroup 1073741824 2019-02-22 16:42 /myfile16
-rw-r--r--   3 root supergroup 1073741824 2019-02-22 16:41 /myfile17
-rw-r--r--   3 root supergroup 1073741824 2019-02-22 16:44 /myfile18
-rw-r--r--   3 root supergroup 1073741824 2019-02-22 16:42 /myfile19
-rw-r--r--   3 root supergroup 1073741824 2019-02-22 16:42 /myfile2
-rw-r--r--   3 root supergroup 1073741824 2019-02-22 16:43 /myfile20
-rw-r--r--   3 root supergroup 1073741824 2019-02-22 16:44 /myfile3
-rw-r--r--   3 root supergroup 1073741824 2019-02-22 16:44 /myfile4
-rw-r--r--   3 root supergroup 1073741824 2019-02-22 16:41 /myfile5
-rw-r--r--   3 root supergroup 1073741824 2019-02-22 16:42 /myfile6
-rw-r--r--   3 root supergroup 1073741824 2019-02-22 16:42 /myfile7
-rw-r--r--   3 root supergroup 1073741824 2019-02-22 16:44 /myfile8
-rw-r--r--   3 root supergroup 1073741824 2019-02-22 16:42 /myfile9
file 3 has been put into HDFS
file 3 has been read from HDFS for 1 time
diff succeed!
file 3 has been read from HDFS for 2 time
diff succeed!
file 3 has been read from HDFS for 3 time
diff succeed!
file 3 has been read from HDFS for 4 time
diff succeed!
file 3 has been read from HDFS for 5 time
diff succeed!
file 3 has been read from HDFS for 6 time
diff succeed!
file 3 has been read from HDFS for 7 time
diff succeed!
file 3 has been read from HDFS for 8 time
diff succeed!
file 3 has been read from HDFS for 9 time
diff succeed!
file 3 has been read from HDFS for 10 time
diff succeed!
Deleted /myfile3
file 3 has been removed from HDFS
Found 20 items
-rw-r--r--   3 root supergroup 1073741824 2019-02-22 16:47 /myfile1
-rw-r--r--   3 root supergroup 1073741824 2019-02-22 16:46 /myfile10
-rw-r--r--   3 root supergroup 1073741824 2019-02-22 16:46 /myfile11
-rw-r--r--   3 root supergroup 1073741824 2019-02-22 16:45 /myfile12
-rw-r--r--   3 root supergroup 1073741824 2019-02-22 16:46 /myfile13
-rw-r--r--   3 root supergroup 1073741824 2019-02-22 16:48 /myfile14
-rw-r--r--   3 root supergroup 1073741824 2019-02-22 16:48 /myfile15
-rw-r--r--   3 root supergroup 1073741824 2019-02-22 16:47 /myfile16
-rw-r--r--   3 root supergroup 1073741824 2019-02-22 16:46 /myfile17
-rw-r--r--   3 root supergroup 1073741824 2019-02-22 16:44 /myfile18
-rw-r--r--   3 root supergroup 1073741824 2019-02-22 16:46 /myfile19
-rw-r--r--   3 root supergroup 1073741824 2019-02-22 16:47 /myfile2
-rw-r--r--   3 root supergroup 1073741824 2019-02-22 16:47 /myfile20
-rw-r--r--   3 root supergroup 1073741824 2019-02-22 16:48 /myfile3
-rw-r--r--   3 root supergroup 1073741824 2019-02-22 16:44 /myfile4
-rw-r--r--   3 root supergroup 1073741824 2019-02-22 16:45 /myfile5
-rw-r--r--   3 root supergroup 1073741824 2019-02-22 16:47 /myfile6
-rw-r--r--   3 root supergroup 1073741824 2019-02-22 16:46 /myfile7
-rw-r--r--   3 root supergroup 1073741824 2019-02-22 16:44 /myfile8
-rw-r--r--   3 root supergroup 1073741824 2019-02-22 16:48 /myfile9
file 3 has been put into HDFS
file 3 has been read from HDFS for 1 time
diff succeed!
file 3 has been read from HDFS for 2 time
diff succeed!
file 3 has been read from HDFS for 3 time
diff succeed!
file 3 has been read from HDFS for 4 time
diff succeed!
file 3 has been read from HDFS for 5 time
diff succeed!
file 3 has been read from HDFS for 6 time
diff succeed!
file 3 has been read from HDFS for 7 time
diff succeed!
file 3 has been read from HDFS for 8 time
diff succeed!
file 3 has been read from HDFS for 9 time
diff succeed!
file 3 has been read from HDFS for 10 time
diff succeed!
Deleted /myfile3
file 3 has been removed from HDFS
Found 20 items
-rw-r--r--   3 root supergroup 1073741824 2019-02-22 16:52 /myfile1
-rw-r--r--   3 root supergroup 1073741824 2019-02-22 16:51 /myfile10
-rw-r--r--   3 root supergroup 1073741824 2019-02-22 16:51 /myfile11
-rw-r--r--   3 root supergroup 1073741824 2019-02-22 16:53 /myfile12
-rw-r--r--   3 root supergroup 1073741824 2019-02-22 16:49 /myfile13
-rw-r--r--   3 root supergroup 1073741824 2019-02-22 16:52 /myfile14
-rw-r--r--   3 root supergroup 1073741824 2019-02-22 16:53 /myfile15
-rw-r--r--   3 root supergroup 1073741824 2019-02-22 16:51 /myfile16
-rw-r--r--   3 root supergroup 1073741824 2019-02-22 16:51 /myfile17
-rw-r--r--   3 root supergroup 1073741824 2019-02-22 16:53 /myfile18
-rw-r--r--   3 root supergroup 1073741824 2019-02-22 16:51 /myfile19
-rw-r--r--   3 root supergroup 1073741824 2019-02-22 16:52 /myfile2
-rw-r--r--   3 root supergroup 1073741824 2019-02-22 16:51 /myfile20
-rw-r--r--   3 root supergroup 1073741824 2019-02-22 16:54 /myfile3
-rw-r--r--   3 root supergroup 1073741824 2019-02-22 16:49 /myfile4
-rw-r--r--   3 root supergroup 1073741824 2019-02-22 16:53 /myfile5
-rw-r--r--   3 root supergroup 1073741824 2019-02-22 16:52 /myfile6
-rw-r--r--   3 root supergroup 1073741824 2019-02-22 16:52 /myfile7
-rw-r--r--   3 root supergroup 1073741824 2019-02-22 16:53 /myfile8
-rw-r--r--   3 root supergroup 1073741824 2019-02-22 16:53 /myfile9
file 3 has been put into HDFS
file 3 has been read from HDFS for 1 time
diff succeed!
file 3 has been read from HDFS for 2 time
diff succeed!
file 3 has been read from HDFS for 3 time
diff succeed!
file 3 has been read from HDFS for 4 time
diff succeed!
file 3 has been read from HDFS for 5 time
diff succeed!
file 3 has been read from HDFS for 6 time
diff succeed!
file 3 has been read from HDFS for 7 time
diff succeed!
file 3 has been read from HDFS for 8 time
diff succeed!
file 3 has been read from HDFS for 9 time
diff succeed!
file 3 has been read from HDFS for 10 time
diff succeed!
Deleted /myfile3
file 3 has been removed from HDFS
Found 20 items
-rw-r--r--   3 root supergroup 1073741824 2019-02-22 16:56 /myfile1
-rw-r--r--   3 root supergroup 1073741824 2019-02-22 16:54 /myfile10
-rw-r--r--   3 root supergroup 1073741824 2019-02-22 16:55 /myfile11
-rw-r--r--   3 root supergroup 1073741824 2019-02-22 16:58 /myfile12
-rw-r--r--   3 root supergroup 1073741824 2019-02-22 16:54 /myfile13
-rw-r--r--   3 root supergroup 1073741824 2019-02-22 16:56 /myfile14
-rw-r--r--   3 root supergroup 1073741824 2019-02-22 16:56 /myfile15
-rw-r--r--   3 root supergroup 1073741824 2019-02-22 16:55 /myfile16
-rw-r--r--   3 root supergroup 1073741824 2019-02-22 16:55 /myfile17
-rw-r--r--   3 root supergroup 1073741824 2019-02-22 16:57 /myfile18
-rw-r--r--   3 root supergroup 1073741824 2019-02-22 16:54 /myfile19
-rw-r--r--   3 root supergroup 1073741824 2019-02-22 16:56 /myfile2
-rw-r--r--   3 root supergroup 1073741824 2019-02-22 16:55 /myfile20
-rw-r--r--   3 root supergroup 1073741824 2019-02-22 16:58 /myfile3
-rw-r--r--   3 root supergroup 1073741824 2019-02-22 16:55 /myfile4
-rw-r--r--   3 root supergroup 1073741824 2019-02-22 16:53 /myfile5
-rw-r--r--   3 root supergroup 1073741824 2019-02-22 16:58 /myfile6
-rw-r--r--   3 root supergroup 1073741824 2019-02-22 16:56 /myfile7
-rw-r--r--   3 root supergroup 1073741824 2019-02-22 16:58 /myfile8
-rw-r--r--   3 root supergroup 1073741824 2019-02-22 16:53 /myfile9
file 3 has been put into HDFS
file 3 has been read from HDFS for 1 time
diff succeed!
file 3 has been read from HDFS for 2 time
diff succeed!
file 3 has been read from HDFS for 3 time
diff succeed!
file 3 has been read from HDFS for 4 time
diff succeed!
file 3 has been read from HDFS for 5 time
diff succeed!
file 3 has been read from HDFS for 6 time
diff succeed!
file 3 has been read from HDFS for 7 time
diff succeed!
file 3 has been read from HDFS for 8 time
diff succeed!
file 3 has been read from HDFS for 9 time
diff succeed!
file 3 has been read from HDFS for 10 time
diff succeed!
Deleted /myfile3
file 3 has been removed from HDFS
Found 17 items
-rw-r--r--   3 root supergroup 1073741824 2019-02-22 17:00 /myfile10
-rw-r--r--   3 root supergroup 1073741824 2019-02-22 16:59 /myfile11
-rw-r--r--   3 root supergroup 1073741824 2019-02-22 17:00 /myfile13
-rw-r--r--   3 root supergroup 1073741824 2019-02-22 17:00 /myfile14
-rw-r--r--   3 root supergroup 1073741824 2019-02-22 16:56 /myfile15
-rw-r--r--   3 root supergroup 1073741824 2019-02-22 16:59 /myfile16
-rw-r--r--   3 root supergroup 1073741824 2019-02-22 16:59 /myfile17
-rw-r--r--   3 root supergroup 1073741824 2019-02-22 17:01 /myfile18
-rw-r--r--   3 root supergroup 1073741824 2019-02-22 17:00 /myfile19
-rw-r--r--   3 root supergroup 1073741824 2019-02-22 16:56 /myfile2
-rw-r--r--   3 root supergroup 1073741824 2019-02-22 16:59 /myfile20
-rw-r--r--   3 root supergroup 1073741824 2019-02-22 17:02 /myfile3
-rw-r--r--   3 root supergroup 1073741824 2019-02-22 16:59 /myfile4
-rw-r--r--   3 root supergroup 1073741824 2019-02-22 16:58 /myfile5
-rw-r--r--   3 root supergroup 1073741824 2019-02-22 17:00 /myfile7
-rw-r--r--   3 root supergroup 1073741824 2019-02-22 16:58 /myfile8
-rw-r--r--   3 root supergroup 1073741824 2019-02-22 16:59 /myfile9
file 3 has been put into HDFS
file 3 has been read from HDFS for 1 time
diff succeed!
sub_benchmark 1 signal TERM catched and let quit gracefully
Deleted /myfile3
file 3 has been removed from HDFS
