Found 20 items
-rw-r--r--   3 root supergroup 1073741824 2019-03-01 04:05 /myfile1
-rw-r--r--   3 root supergroup 1073741824 2019-03-01 04:06 /myfile10
-rw-r--r--   3 root supergroup  939524096 2019-03-01 04:05 /myfile11._COPYING_
-rw-r--r--   3 root supergroup  939524096 2019-03-01 04:05 /myfile12._COPYING_
-rw-r--r--   3 root supergroup  805306368 2019-03-01 04:05 /myfile13._COPYING_
-rw-r--r--   3 root supergroup 1073741824 2019-03-01 04:06 /myfile14
-rw-r--r--   3 root supergroup  939524096 2019-03-01 04:05 /myfile15._COPYING_
-rw-r--r--   3 root supergroup 1073741824 2019-03-01 04:06 /myfile16
-rw-r--r--   3 root supergroup 1073741824 2019-03-01 04:06 /myfile17
-rw-r--r--   3 root supergroup 1073741824 2019-03-01 04:06 /myfile18
-rw-r--r--   3 root supergroup 1073741824 2019-03-01 04:06 /myfile19
-rw-r--r--   3 root supergroup 1073741824 2019-03-01 04:06 /myfile2
-rw-r--r--   3 root supergroup 1073741824 2019-03-01 04:06 /myfile20
-rw-r--r--   3 root supergroup  939524096 2019-03-01 04:05 /myfile3._COPYING_
-rw-r--r--   3 root supergroup 1073741824 2019-03-01 04:05 /myfile4
-rw-r--r--   3 root supergroup 1073741824 2019-03-01 04:06 /myfile5
-rw-r--r--   3 root supergroup 1073741824 2019-03-01 04:06 /myfile6
-rw-r--r--   3 root supergroup 1073741824 2019-03-01 04:06 /myfile7
-rw-r--r--   3 root supergroup 1073741824 2019-03-01 04:06 /myfile8
-rw-r--r--   3 root supergroup 1073741824 2019-03-01 04:06 /myfile9
file 18 has been put into HDFS
2019-03-01 04:06:33,022 WARN impl.BlockReaderFactory: I/O error constructing remote block reader.
java.net.ConnectException: Connection refused
	at sun.nio.ch.SocketChannelImpl.checkConnect(Native Method)
	at sun.nio.ch.SocketChannelImpl.finishConnect(SocketChannelImpl.java:717)
	at org.apache.hadoop.net.SocketIOWithTimeout.connect(SocketIOWithTimeout.java:206)
	at org.apache.hadoop.net.NetUtils.connect(NetUtils.java:531)
	at org.apache.hadoop.hdfs.DFSClient.newConnectedPeer(DFSClient.java:2924)
	at org.apache.hadoop.hdfs.client.impl.BlockReaderFactory.nextTcpPeer(BlockReaderFactory.java:821)
	at org.apache.hadoop.hdfs.client.impl.BlockReaderFactory.getRemoteBlockReaderFromTcp(BlockReaderFactory.java:746)
	at org.apache.hadoop.hdfs.client.impl.BlockReaderFactory.build(BlockReaderFactory.java:379)
	at org.apache.hadoop.hdfs.DFSInputStream.getBlockReader(DFSInputStream.java:641)
	at org.apache.hadoop.hdfs.DFSInputStream.blockSeekTo(DFSInputStream.java:572)
	at org.apache.hadoop.hdfs.DFSInputStream.seekToBlockSource(DFSInputStream.java:1484)
	at org.apache.hadoop.hdfs.DFSInputStream.readBuffer(DFSInputStream.java:725)
	at org.apache.hadoop.hdfs.DFSInputStream.readWithStrategy(DFSInputStream.java:763)
	at org.apache.hadoop.hdfs.DFSInputStream.read(DFSInputStream.java:820)
	at java.io.DataInputStream.read(DataInputStream.java:100)
	at org.apache.hadoop.io.IOUtils.copyBytes(IOUtils.java:100)
	at org.apache.hadoop.io.IOUtils.copyBytes(IOUtils.java:68)
	at org.apache.hadoop.io.IOUtils.copyBytes(IOUtils.java:129)
	at org.apache.hadoop.fs.shell.CommandWithDestination$TargetFileSystem.writeStreamToFile(CommandWithDestination.java:485)
	at org.apache.hadoop.fs.shell.CommandWithDestination.copyStreamToTarget(CommandWithDestination.java:407)
	at org.apache.hadoop.fs.shell.CommandWithDestination.copyFileToTarget(CommandWithDestination.java:342)
	at org.apache.hadoop.fs.shell.CommandWithDestination.processPath(CommandWithDestination.java:277)
	at org.apache.hadoop.fs.shell.CommandWithDestination.processPath(CommandWithDestination.java:262)
	at org.apache.hadoop.fs.shell.Command.processPaths(Command.java:331)
	at org.apache.hadoop.fs.shell.Command.processPathArgument(Command.java:303)
	at org.apache.hadoop.fs.shell.CommandWithDestination.processPathArgument(CommandWithDestination.java:257)
	at org.apache.hadoop.fs.shell.Command.processArgument(Command.java:285)
	at org.apache.hadoop.fs.shell.Command.processArguments(Command.java:269)
	at org.apache.hadoop.fs.shell.CommandWithDestination.processArguments(CommandWithDestination.java:228)
	at org.apache.hadoop.fs.shell.FsCommand.processRawArguments(FsCommand.java:120)
	at org.apache.hadoop.fs.shell.Command.run(Command.java:176)
	at org.apache.hadoop.fs.FsShell.run(FsShell.java:328)
	at org.apache.hadoop.util.ToolRunner.run(ToolRunner.java:76)
	at org.apache.hadoop.util.ToolRunner.run(ToolRunner.java:90)
	at org.apache.hadoop.fs.FsShell.main(FsShell.java:391)
2019-03-01 04:06:33,027 WARN hdfs.DFSClient: Failed to connect to /10.10.1.2:9866 for block BP-1157181081-130.127.133.101-1551438297108:blk_1073741886_1062, add to deadNodes and continue. 
java.net.ConnectException: Connection refused
	at sun.nio.ch.SocketChannelImpl.checkConnect(Native Method)
	at sun.nio.ch.SocketChannelImpl.finishConnect(SocketChannelImpl.java:717)
	at org.apache.hadoop.net.SocketIOWithTimeout.connect(SocketIOWithTimeout.java:206)
	at org.apache.hadoop.net.NetUtils.connect(NetUtils.java:531)
	at org.apache.hadoop.hdfs.DFSClient.newConnectedPeer(DFSClient.java:2924)
	at org.apache.hadoop.hdfs.client.impl.BlockReaderFactory.nextTcpPeer(BlockReaderFactory.java:821)
	at org.apache.hadoop.hdfs.client.impl.BlockReaderFactory.getRemoteBlockReaderFromTcp(BlockReaderFactory.java:746)
	at org.apache.hadoop.hdfs.client.impl.BlockReaderFactory.build(BlockReaderFactory.java:379)
	at org.apache.hadoop.hdfs.DFSInputStream.getBlockReader(DFSInputStream.java:641)
	at org.apache.hadoop.hdfs.DFSInputStream.blockSeekTo(DFSInputStream.java:572)
	at org.apache.hadoop.hdfs.DFSInputStream.seekToBlockSource(DFSInputStream.java:1484)
	at org.apache.hadoop.hdfs.DFSInputStream.readBuffer(DFSInputStream.java:725)
	at org.apache.hadoop.hdfs.DFSInputStream.readWithStrategy(DFSInputStream.java:763)
	at org.apache.hadoop.hdfs.DFSInputStream.read(DFSInputStream.java:820)
	at java.io.DataInputStream.read(DataInputStream.java:100)
	at org.apache.hadoop.io.IOUtils.copyBytes(IOUtils.java:100)
	at org.apache.hadoop.io.IOUtils.copyBytes(IOUtils.java:68)
	at org.apache.hadoop.io.IOUtils.copyBytes(IOUtils.java:129)
	at org.apache.hadoop.fs.shell.CommandWithDestination$TargetFileSystem.writeStreamToFile(CommandWithDestination.java:485)
	at org.apache.hadoop.fs.shell.CommandWithDestination.copyStreamToTarget(CommandWithDestination.java:407)
	at org.apache.hadoop.fs.shell.CommandWithDestination.copyFileToTarget(CommandWithDestination.java:342)
	at org.apache.hadoop.fs.shell.CommandWithDestination.processPath(CommandWithDestination.java:277)
	at org.apache.hadoop.fs.shell.CommandWithDestination.processPath(CommandWithDestination.java:262)
	at org.apache.hadoop.fs.shell.Command.processPaths(Command.java:331)
	at org.apache.hadoop.fs.shell.Command.processPathArgument(Command.java:303)
	at org.apache.hadoop.fs.shell.CommandWithDestination.processPathArgument(CommandWithDestination.java:257)
	at org.apache.hadoop.fs.shell.Command.processArgument(Command.java:285)
	at org.apache.hadoop.fs.shell.Command.processArguments(Command.java:269)
	at org.apache.hadoop.fs.shell.CommandWithDestination.processArguments(CommandWithDestination.java:228)
	at org.apache.hadoop.fs.shell.FsCommand.processRawArguments(FsCommand.java:120)
	at org.apache.hadoop.fs.shell.Command.run(Command.java:176)
	at org.apache.hadoop.fs.FsShell.run(FsShell.java:328)
	at org.apache.hadoop.util.ToolRunner.run(ToolRunner.java:76)
	at org.apache.hadoop.util.ToolRunner.run(ToolRunner.java:90)
	at org.apache.hadoop.fs.FsShell.main(FsShell.java:391)
2019-03-01 04:06:33,033 INFO hdfs.DFSClient: Successfully connected to /10.10.1.5:9866 for BP-1157181081-130.127.133.101-1551438297108:blk_1073741886_1062
file 18 has been read from HDFS for 1 time
diff succeed!
file 18 has been read from HDFS for 2 time
diff succeed!
file 18 has been read from HDFS for 3 time
diff succeed!
file 18 has been read from HDFS for 4 time
diff succeed!
file 18 has been read from HDFS for 5 time
diff succeed!
file 18 has been read from HDFS for 6 time
diff succeed!
2019-03-01 04:09:56,618 WARN impl.BlockReaderFactory: I/O error constructing remote block reader.
java.net.ConnectException: Connection refused
	at sun.nio.ch.SocketChannelImpl.checkConnect(Native Method)
	at sun.nio.ch.SocketChannelImpl.finishConnect(SocketChannelImpl.java:717)
	at org.apache.hadoop.net.SocketIOWithTimeout.connect(SocketIOWithTimeout.java:206)
	at org.apache.hadoop.net.NetUtils.connect(NetUtils.java:531)
	at org.apache.hadoop.hdfs.DFSClient.newConnectedPeer(DFSClient.java:2924)
	at org.apache.hadoop.hdfs.client.impl.BlockReaderFactory.nextTcpPeer(BlockReaderFactory.java:821)
	at org.apache.hadoop.hdfs.client.impl.BlockReaderFactory.getRemoteBlockReaderFromTcp(BlockReaderFactory.java:746)
	at org.apache.hadoop.hdfs.client.impl.BlockReaderFactory.build(BlockReaderFactory.java:379)
	at org.apache.hadoop.hdfs.DFSInputStream.getBlockReader(DFSInputStream.java:641)
	at org.apache.hadoop.hdfs.DFSInputStream.blockSeekTo(DFSInputStream.java:572)
	at org.apache.hadoop.hdfs.DFSInputStream.seekToBlockSource(DFSInputStream.java:1484)
	at org.apache.hadoop.hdfs.DFSInputStream.readBuffer(DFSInputStream.java:725)
	at org.apache.hadoop.hdfs.DFSInputStream.readWithStrategy(DFSInputStream.java:763)
	at org.apache.hadoop.hdfs.DFSInputStream.read(DFSInputStream.java:820)
	at java.io.DataInputStream.read(DataInputStream.java:100)
	at org.apache.hadoop.io.IOUtils.copyBytes(IOUtils.java:100)
	at org.apache.hadoop.io.IOUtils.copyBytes(IOUtils.java:68)
	at org.apache.hadoop.io.IOUtils.copyBytes(IOUtils.java:129)
	at org.apache.hadoop.fs.shell.CommandWithDestination$TargetFileSystem.writeStreamToFile(CommandWithDestination.java:485)
	at org.apache.hadoop.fs.shell.CommandWithDestination.copyStreamToTarget(CommandWithDestination.java:407)
	at org.apache.hadoop.fs.shell.CommandWithDestination.copyFileToTarget(CommandWithDestination.java:342)
	at org.apache.hadoop.fs.shell.CommandWithDestination.processPath(CommandWithDestination.java:277)
	at org.apache.hadoop.fs.shell.CommandWithDestination.processPath(CommandWithDestination.java:262)
	at org.apache.hadoop.fs.shell.Command.processPaths(Command.java:331)
	at org.apache.hadoop.fs.shell.Command.processPathArgument(Command.java:303)
	at org.apache.hadoop.fs.shell.CommandWithDestination.processPathArgument(CommandWithDestination.java:257)
	at org.apache.hadoop.fs.shell.Command.processArgument(Command.java:285)
	at org.apache.hadoop.fs.shell.Command.processArguments(Command.java:269)
	at org.apache.hadoop.fs.shell.CommandWithDestination.processArguments(CommandWithDestination.java:228)
	at org.apache.hadoop.fs.shell.FsCommand.processRawArguments(FsCommand.java:120)
	at org.apache.hadoop.fs.shell.Command.run(Command.java:176)
	at org.apache.hadoop.fs.FsShell.run(FsShell.java:328)
	at org.apache.hadoop.util.ToolRunner.run(ToolRunner.java:76)
	at org.apache.hadoop.util.ToolRunner.run(ToolRunner.java:90)
	at org.apache.hadoop.fs.FsShell.main(FsShell.java:391)
2019-03-01 04:09:56,625 WARN hdfs.DFSClient: Failed to connect to /10.10.1.2:9866 for block BP-1157181081-130.127.133.101-1551438297108:blk_1073741872_1048, add to deadNodes and continue. 
java.net.ConnectException: Connection refused
	at sun.nio.ch.SocketChannelImpl.checkConnect(Native Method)
	at sun.nio.ch.SocketChannelImpl.finishConnect(SocketChannelImpl.java:717)
	at org.apache.hadoop.net.SocketIOWithTimeout.connect(SocketIOWithTimeout.java:206)
	at org.apache.hadoop.net.NetUtils.connect(NetUtils.java:531)
	at org.apache.hadoop.hdfs.DFSClient.newConnectedPeer(DFSClient.java:2924)
	at org.apache.hadoop.hdfs.client.impl.BlockReaderFactory.nextTcpPeer(BlockReaderFactory.java:821)
	at org.apache.hadoop.hdfs.client.impl.BlockReaderFactory.getRemoteBlockReaderFromTcp(BlockReaderFactory.java:746)
	at org.apache.hadoop.hdfs.client.impl.BlockReaderFactory.build(BlockReaderFactory.java:379)
	at org.apache.hadoop.hdfs.DFSInputStream.getBlockReader(DFSInputStream.java:641)
	at org.apache.hadoop.hdfs.DFSInputStream.blockSeekTo(DFSInputStream.java:572)
	at org.apache.hadoop.hdfs.DFSInputStream.seekToBlockSource(DFSInputStream.java:1484)
	at org.apache.hadoop.hdfs.DFSInputStream.readBuffer(DFSInputStream.java:725)
	at org.apache.hadoop.hdfs.DFSInputStream.readWithStrategy(DFSInputStream.java:763)
	at org.apache.hadoop.hdfs.DFSInputStream.read(DFSInputStream.java:820)
	at java.io.DataInputStream.read(DataInputStream.java:100)
	at org.apache.hadoop.io.IOUtils.copyBytes(IOUtils.java:100)
	at org.apache.hadoop.io.IOUtils.copyBytes(IOUtils.java:68)
	at org.apache.hadoop.io.IOUtils.copyBytes(IOUtils.java:129)
	at org.apache.hadoop.fs.shell.CommandWithDestination$TargetFileSystem.writeStreamToFile(CommandWithDestination.java:485)
	at org.apache.hadoop.fs.shell.CommandWithDestination.copyStreamToTarget(CommandWithDestination.java:407)
	at org.apache.hadoop.fs.shell.CommandWithDestination.copyFileToTarget(CommandWithDestination.java:342)
	at org.apache.hadoop.fs.shell.CommandWithDestination.processPath(CommandWithDestination.java:277)
	at org.apache.hadoop.fs.shell.CommandWithDestination.processPath(CommandWithDestination.java:262)
	at org.apache.hadoop.fs.shell.Command.processPaths(Command.java:331)
	at org.apache.hadoop.fs.shell.Command.processPathArgument(Command.java:303)
	at org.apache.hadoop.fs.shell.CommandWithDestination.processPathArgument(CommandWithDestination.java:257)
	at org.apache.hadoop.fs.shell.Command.processArgument(Command.java:285)
	at org.apache.hadoop.fs.shell.Command.processArguments(Command.java:269)
	at org.apache.hadoop.fs.shell.CommandWithDestination.processArguments(CommandWithDestination.java:228)
	at org.apache.hadoop.fs.shell.FsCommand.processRawArguments(FsCommand.java:120)
	at org.apache.hadoop.fs.shell.Command.run(Command.java:176)
	at org.apache.hadoop.fs.FsShell.run(FsShell.java:328)
	at org.apache.hadoop.util.ToolRunner.run(ToolRunner.java:76)
	at org.apache.hadoop.util.ToolRunner.run(ToolRunner.java:90)
	at org.apache.hadoop.fs.FsShell.main(FsShell.java:391)
2019-03-01 04:09:56,628 INFO hdfs.DFSClient: Successfully connected to /10.10.1.3:9866 for BP-1157181081-130.127.133.101-1551438297108:blk_1073741872_1048
file 18 has been read from HDFS for 7 time
diff succeed!
file 18 has been read from HDFS for 8 time
diff succeed!
file 18 has been read from HDFS for 9 time
diff succeed!
file 18 has been read from HDFS for 10 time
diff succeed!
Deleted /myfile18
file 18 has been removed from HDFS
Found 20 items
-rw-r--r--   3 root supergroup 1073741824 2019-03-01 04:10 /myfile1
-rw-r--r--   3 root supergroup 1073741824 2019-03-01 04:10 /myfile10
-rw-r--r--   3 root supergroup 1073741824 2019-03-01 04:10 /myfile11
-rw-r--r--   3 root supergroup 1073741824 2019-03-01 04:10 /myfile12
-rw-r--r--   3 root supergroup 1073741824 2019-03-01 04:10 /myfile13
-rw-r--r--   3 root supergroup 1073741824 2019-03-01 04:11 /myfile14
-rw-r--r--   3 root supergroup 1073741824 2019-03-01 04:10 /myfile15
-rw-r--r--   3 root supergroup 1073741824 2019-03-01 04:11 /myfile16
-rw-r--r--   3 root supergroup 1073741824 2019-03-01 04:11 /myfile17
-rw-r--r--   3 root supergroup 1073741824 2019-03-01 04:11 /myfile18
-rw-r--r--   3 root supergroup 1073741824 2019-03-01 04:09 /myfile19
-rw-r--r--   3 root supergroup 1073741824 2019-03-01 04:09 /myfile2
-rw-r--r--   3 root supergroup 1073741824 2019-03-01 04:09 /myfile20
-rw-r--r--   3 root supergroup 1073741824 2019-03-01 04:10 /myfile3
-rw-r--r--   3 root supergroup  939524096 2019-03-01 04:11 /myfile4._COPYING_
-rw-r--r--   3 root supergroup 1073741824 2019-03-01 04:11 /myfile5
-rw-r--r--   3 root supergroup 1073741824 2019-03-01 04:09 /myfile6
-rw-r--r--   3 root supergroup 1073741824 2019-03-01 04:10 /myfile7
-rw-r--r--   3 root supergroup 1073741824 2019-03-01 04:11 /myfile8
-rw-r--r--   3 root supergroup 1073741824 2019-03-01 04:11 /myfile9
file 18 has been put into HDFS
file 18 has been read from HDFS for 1 time
diff succeed!
file 18 has been read from HDFS for 2 time
diff succeed!
file 18 has been read from HDFS for 3 time
diff succeed!
file 18 has been read from HDFS for 4 time
diff succeed!
file 18 has been read from HDFS for 5 time
diff succeed!
file 18 has been read from HDFS for 6 time
diff succeed!
file 18 has been read from HDFS for 7 time
diff succeed!
file 18 has been read from HDFS for 8 time
diff succeed!
file 18 has been read from HDFS for 9 time
diff succeed!
file 18 has been read from HDFS for 10 time
diff succeed!
Deleted /myfile18
file 18 has been removed from HDFS
Found 17 items
-rw-r--r--   3 root supergroup 1073741824 2019-03-01 04:14 /myfile1
-rw-r--r--   3 root supergroup 1073741824 2019-03-01 04:14 /myfile10
-rw-r--r--   3 root supergroup 1073741824 2019-03-01 04:14 /myfile11
-rw-r--r--   3 root supergroup 1073741824 2019-03-01 04:14 /myfile12
-rw-r--r--   3 root supergroup 1073741824 2019-03-01 04:14 /myfile13
-rw-r--r--   3 root supergroup 1073741824 2019-03-01 04:15 /myfile14
-rw-r--r--   3 root supergroup 1073741824 2019-03-01 04:14 /myfile15
-rw-r--r--   3 root supergroup 1073741824 2019-03-01 04:15 /myfile18
-rw-r--r--   3 root supergroup 1073741824 2019-03-01 04:13 /myfile19
-rw-r--r--   3 root supergroup 1073741824 2019-03-01 04:13 /myfile2
-rw-r--r--   3 root supergroup 1073741824 2019-03-01 04:13 /myfile20
-rw-r--r--   3 root supergroup 1073741824 2019-03-01 04:13 /myfile3
-rw-r--r--   3 root supergroup 1073741824 2019-03-01 04:15 /myfile5
-rw-r--r--   3 root supergroup 1073741824 2019-03-01 04:13 /myfile6
-rw-r--r--   3 root supergroup 1073741824 2019-03-01 04:13 /myfile7
-rw-r--r--   3 root supergroup 1073741824 2019-03-01 04:15 /myfile8
-rw-r--r--   3 root supergroup 1073741824 2019-03-01 04:15 /myfile9
file 18 has been put into HDFS
file 18 has been read from HDFS for 1 time
diff succeed!
file 18 has been read from HDFS for 2 time
diff succeed!
file 18 has been read from HDFS for 3 time
diff succeed!
file 18 has been read from HDFS for 4 time
diff succeed!
file 18 has been read from HDFS for 5 time
diff succeed!
file 18 has been read from HDFS for 6 time
diff succeed!
file 18 has been read from HDFS for 7 time
diff succeed!
file 18 has been read from HDFS for 8 time
diff succeed!
file 18 has been read from HDFS for 9 time
diff succeed!
file 18 has been read from HDFS for 10 time
diff succeed!
Deleted /myfile18
file 18 has been removed from HDFS
Found 19 items
-rw-r--r--   3 root supergroup 1073741824 2019-03-01 04:18 /myfile1
-rw-r--r--   3 root supergroup 1073741824 2019-03-01 04:18 /myfile10
-rw-r--r--   3 root supergroup 1073741824 2019-03-01 04:18 /myfile11
-rw-r--r--   3 root supergroup 1073741824 2019-03-01 04:19 /myfile12
-rw-r--r--   3 root supergroup 1073741824 2019-03-01 04:18 /myfile13
-rw-r--r--   3 root supergroup 1073741824 2019-03-01 04:19 /myfile14
-rw-r--r--   3 root supergroup 1073741824 2019-03-01 04:18 /myfile15
-rw-r--r--   3 root supergroup 1073741824 2019-03-01 04:16 /myfile16
-rw-r--r--   3 root supergroup 1073741824 2019-03-01 04:16 /myfile17
-rw-r--r--   3 root supergroup 1073741824 2019-03-01 04:19 /myfile18
-rw-r--r--   3 root supergroup 1073741824 2019-03-01 04:17 /myfile19
-rw-r--r--   3 root supergroup 1073741824 2019-03-01 04:17 /myfile2
-rw-r--r--   3 root supergroup 1073741824 2019-03-01 04:17 /myfile20
-rw-r--r--   3 root supergroup 1073741824 2019-03-01 04:17 /myfile3
-rw-r--r--   3 root supergroup 1073741824 2019-03-01 04:16 /myfile4
-rw-r--r--   3 root supergroup 1073741824 2019-03-01 04:18 /myfile6
-rw-r--r--   3 root supergroup 1073741824 2019-03-01 04:17 /myfile7
-rw-r--r--   3 root supergroup 1073741824 2019-03-01 04:19 /myfile8
-rw-r--r--   3 root supergroup 1073741824 2019-03-01 04:19 /myfile9
file 18 has been put into HDFS
sub_benchmark 1 signal TERM catched and let quit gracefully
file 18 has been read from HDFS for 1 time
diff succeed!
Deleted /myfile18
file 18 has been removed from HDFS
