Found 20 items
-rw-r--r--   3 root supergroup 1073741824 2019-02-20 17:21 /myfile1
-rw-r--r--   3 root supergroup 1073741824 2019-02-20 17:21 /myfile10
-rw-r--r--   3 root supergroup 1073741824 2019-02-20 17:21 /myfile11
-rw-r--r--   3 root supergroup 1073741824 2019-02-20 17:21 /myfile12
-rw-r--r--   3 root supergroup 1073741824 2019-02-20 17:21 /myfile13
-rw-r--r--   3 root supergroup 1073741824 2019-02-20 17:21 /myfile14
-rw-r--r--   3 root supergroup 1073741824 2019-02-20 17:21 /myfile15
-rw-r--r--   3 root supergroup 1073741824 2019-02-20 17:21 /myfile16
-rw-r--r--   3 root supergroup 1073741824 2019-02-20 17:21 /myfile17
-rw-r--r--   3 root supergroup 1073741824 2019-02-20 17:21 /myfile18
-rw-r--r--   3 root supergroup 1073741824 2019-02-20 17:21 /myfile19
-rw-r--r--   3 root supergroup 1073741824 2019-02-20 17:21 /myfile2
-rw-r--r--   3 root supergroup 1073741824 2019-02-20 17:21 /myfile20
-rw-r--r--   3 root supergroup 1073741824 2019-02-20 17:21 /myfile3
-rw-r--r--   3 root supergroup 1073741824 2019-02-20 17:21 /myfile4
-rw-r--r--   3 root supergroup 1073741824 2019-02-20 17:21 /myfile5
-rw-r--r--   3 root supergroup 1073741824 2019-02-20 17:21 /myfile6
-rw-r--r--   3 root supergroup 1073741824 2019-02-20 17:21 /myfile7
-rw-r--r--   3 root supergroup 1073741824 2019-02-20 17:21 /myfile8
-rw-r--r--   3 root supergroup 1073741824 2019-02-20 17:21 /myfile9
file 15 has been put into HDFS
file 15 has been read from HDFS for 1 time
diff succeed!
file 15 has been read from HDFS for 2 time
diff succeed!
file 15 has been read from HDFS for 3 time
diff succeed!
file 15 has been read from HDFS for 4 time
diff succeed!
file 15 has been read from HDFS for 5 time
diff succeed!
file 15 has been read from HDFS for 6 time
diff succeed!
file 15 has been read from HDFS for 7 time
diff succeed!
file 15 has been read from HDFS for 8 time
diff succeed!
file 15 has been read from HDFS for 9 time
diff succeed!
file 15 has been read from HDFS for 10 time
diff succeed!
Deleted /myfile15
file 15 has been removed from HDFS
Found 18 items
-rw-r--r--   3 root supergroup  939524096 2019-02-20 17:25 /myfile1._COPYING_
-rw-r--r--   3 root supergroup  939524096 2019-02-20 17:25 /myfile10._COPYING_
-rw-r--r--   3 root supergroup 1073741824 2019-02-20 17:26 /myfile11
-rw-r--r--   3 root supergroup 1073741824 2019-02-20 17:26 /myfile13
-rw-r--r--   3 root supergroup 1073741824 2019-02-20 17:26 /myfile15
-rw-r--r--   3 root supergroup          0 2019-02-20 17:26 /myfile16._COPYING_
-rw-r--r--   3 root supergroup          0 2019-02-20 17:26 /myfile17._COPYING_
-rw-r--r--   3 root supergroup 1073741824 2019-02-20 17:26 /myfile18
-rw-r--r--   3 root supergroup 1073741824 2019-02-20 17:26 /myfile19
-rw-r--r--   3 root supergroup 1073741824 2019-02-20 17:26 /myfile2
-rw-r--r--   3 root supergroup 1073741824 2019-02-20 17:26 /myfile20
-rw-r--r--   3 root supergroup 1073741824 2019-02-20 17:26 /myfile3
-rw-r--r--   3 root supergroup 1073741824 2019-02-20 17:21 /myfile4
-rw-r--r--   3 root supergroup 1073741824 2019-02-20 17:26 /myfile5
-rw-r--r--   3 root supergroup 1073741824 2019-02-20 17:26 /myfile6
-rw-r--r--   3 root supergroup 1073741824 2019-02-20 17:26 /myfile7
-rw-r--r--   3 root supergroup 1073741824 2019-02-20 17:26 /myfile8
-rw-r--r--   3 root supergroup 1073741824 2019-02-20 17:26 /myfile9
file 15 has been put into HDFS
file 15 has been read from HDFS for 1 time
diff succeed!
file 15 has been read from HDFS for 2 time
diff succeed!
file 15 has been read from HDFS for 3 time
diff succeed!
file 15 has been read from HDFS for 4 time
diff succeed!
file 15 has been read from HDFS for 5 time
diff succeed!
file 15 has been read from HDFS for 6 time
diff succeed!
file 15 has been read from HDFS for 7 time
diff succeed!
file 15 has been read from HDFS for 8 time
diff succeed!
file 15 has been read from HDFS for 9 time
diff succeed!
file 15 has been read from HDFS for 10 time
diff succeed!
Deleted /myfile15
file 15 has been removed from HDFS
Found 18 items
-rw-r--r--   3 root supergroup 1073741824 2019-02-20 17:26 /myfile1
-rw-r--r--   3 root supergroup 1073741824 2019-02-20 17:26 /myfile10
-rw-r--r--   3 root supergroup 1073741824 2019-02-20 17:30 /myfile11
-rw-r--r--   3 root supergroup  671088640 2019-02-20 17:30 /myfile13._COPYING_
-rw-r--r--   3 root supergroup  268435456 2019-02-20 17:30 /myfile14._COPYING_
-rw-r--r--   3 root supergroup 1073741824 2019-02-20 17:30 /myfile15
-rw-r--r--   3 root supergroup 1073741824 2019-02-20 17:26 /myfile16
-rw-r--r--   3 root supergroup 1073741824 2019-02-20 17:30 /myfile18
-rw-r--r--   3 root supergroup 1073741824 2019-02-20 17:29 /myfile19
-rw-r--r--   3 root supergroup 1073741824 2019-02-20 17:30 /myfile2
-rw-r--r--   3 root supergroup 1073741824 2019-02-20 17:30 /myfile20
-rw-r--r--   3 root supergroup  805306368 2019-02-20 17:30 /myfile3._COPYING_
-rw-r--r--   3 root supergroup 1073741824 2019-02-20 17:27 /myfile4
-rw-r--r--   3 root supergroup 1073741824 2019-02-20 17:30 /myfile5
-rw-r--r--   3 root supergroup  939524096 2019-02-20 17:30 /myfile6._COPYING_
-rw-r--r--   3 root supergroup 1073741824 2019-02-20 17:26 /myfile7
-rw-r--r--   3 root supergroup 1073741824 2019-02-20 17:29 /myfile8
-rw-r--r--   3 root supergroup 1073741824 2019-02-20 17:30 /myfile9
file 15 has been put into HDFS
file 15 has been read from HDFS for 1 time
diff succeed!
file 15 has been read from HDFS for 2 time
diff succeed!
file 15 has been read from HDFS for 3 time
diff succeed!
file 15 has been read from HDFS for 4 time
diff succeed!
file 15 has been read from HDFS for 5 time
diff succeed!
file 15 has been read from HDFS for 6 time
diff succeed!
file 15 has been read from HDFS for 7 time
diff succeed!
file 15 has been read from HDFS for 8 time
diff succeed!
file 15 has been read from HDFS for 9 time
diff succeed!
file 15 has been read from HDFS for 10 time
diff succeed!
Deleted /myfile15
file 15 has been removed from HDFS
Found 20 items
-rw-r--r--   3 root supergroup 1073741824 2019-02-20 17:31 /myfile1
-rw-r--r--   3 root supergroup 1073741824 2019-02-20 17:31 /myfile10
-rw-r--r--   3 root supergroup 1073741824 2019-02-20 17:33 /myfile11
-rw-r--r--   3 root supergroup  671088640 2019-02-20 17:34 /myfile12._COPYING_
-rw-r--r--   3 root supergroup 1073741824 2019-02-20 17:34 /myfile13
-rw-r--r--   3 root supergroup 1073741824 2019-02-20 17:30 /myfile14
-rw-r--r--   3 root supergroup 1073741824 2019-02-20 17:34 /myfile15
-rw-r--r--   3 root supergroup 1073741824 2019-02-20 17:30 /myfile16
-rw-r--r--   3 root supergroup 1073741824 2019-02-20 17:34 /myfile17
-rw-r--r--   3 root supergroup 1073741824 2019-02-20 17:34 /myfile18
-rw-r--r--   3 root supergroup 1073741824 2019-02-20 17:33 /myfile19
-rw-r--r--   3 root supergroup 1073741824 2019-02-20 17:34 /myfile2
-rw-r--r--   3 root supergroup 1073741824 2019-02-20 17:34 /myfile20
-rw-r--r--   3 root supergroup 1073741824 2019-02-20 17:34 /myfile3
-rw-r--r--   3 root supergroup 1073741824 2019-02-20 17:31 /myfile4
-rw-r--r--   3 root supergroup 1073741824 2019-02-20 17:34 /myfile5
-rw-r--r--   3 root supergroup 1073741824 2019-02-20 17:34 /myfile6
-rw-r--r--   3 root supergroup 1073741824 2019-02-20 17:31 /myfile7
-rw-r--r--   3 root supergroup 1073741824 2019-02-20 17:33 /myfile8
-rw-r--r--   3 root supergroup 1073741824 2019-02-20 17:34 /myfile9
file 15 has been put into HDFS
file 15 has been read from HDFS for 1 time
diff succeed!
file 15 has been read from HDFS for 2 time
diff succeed!
file 15 has been read from HDFS for 3 time
diff succeed!
file 15 has been read from HDFS for 4 time
diff succeed!
file 15 has been read from HDFS for 5 time
diff succeed!
file 15 has been read from HDFS for 6 time
diff succeed!
file 15 has been read from HDFS for 7 time
diff succeed!
file 15 has been read from HDFS for 8 time
diff succeed!
file 15 has been read from HDFS for 9 time
diff succeed!
file 15 has been read from HDFS for 10 time
diff succeed!
Deleted /myfile15
file 15 has been removed from HDFS
Found 18 items
-rw-r--r--   3 root supergroup 1073741824 2019-02-20 17:35 /myfile1
-rw-r--r--   3 root supergroup 1073741824 2019-02-20 17:35 /myfile10
-rw-r--r--   3 root supergroup 1073741824 2019-02-20 17:37 /myfile11
-rw-r--r--   3 root supergroup 1073741824 2019-02-20 17:34 /myfile12
-rw-r--r--   3 root supergroup 1073741824 2019-02-20 17:34 /myfile13
-rw-r--r--   3 root supergroup 1073741824 2019-02-20 17:35 /myfile14
-rw-r--r--   3 root supergroup 1073741824 2019-02-20 17:38 /myfile15
-rw-r--r--   3 root supergroup 1073741824 2019-02-20 17:34 /myfile16
-rw-r--r--   3 root supergroup 1073741824 2019-02-20 17:38 /myfile18
-rw-r--r--   3 root supergroup 1073741824 2019-02-20 17:37 /myfile19
-rw-r--r--   3 root supergroup 1073741824 2019-02-20 17:34 /myfile2
-rw-r--r--   3 root supergroup 1073741824 2019-02-20 17:34 /myfile20
-rw-r--r--   3 root supergroup 1073741824 2019-02-20 17:38 /myfile3
-rw-r--r--   3 root supergroup 1073741824 2019-02-20 17:35 /myfile4
-rw-r--r--   3 root supergroup 1073741824 2019-02-20 17:37 /myfile5
-rw-r--r--   3 root supergroup 1073741824 2019-02-20 17:37 /myfile6
-rw-r--r--   3 root supergroup 1073741824 2019-02-20 17:35 /myfile7
-rw-r--r--   3 root supergroup 1073741824 2019-02-20 17:37 /myfile9
file 15 has been put into HDFS
file 15 has been read from HDFS for 1 time
diff succeed!
file 15 has been read from HDFS for 2 time
diff succeed!
file 15 has been read from HDFS for 3 time
diff succeed!
file 15 has been read from HDFS for 4 time
diff succeed!
file 15 has been read from HDFS for 5 time
diff succeed!
file 15 has been read from HDFS for 6 time
diff succeed!
file 15 has been read from HDFS for 7 time
diff succeed!
file 15 has been read from HDFS for 8 time
diff succeed!
file 15 has been read from HDFS for 9 time
diff succeed!
file 15 has been read from HDFS for 10 time
diff succeed!
Deleted /myfile15
file 15 has been removed from HDFS
Found 18 items
-rw-r--r--   3 root supergroup 1073741824 2019-02-20 17:39 /myfile1
-rw-r--r--   3 root supergroup 1073741824 2019-02-20 17:39 /myfile10
-rw-r--r--   3 root supergroup 1073741824 2019-02-20 17:41 /myfile11
-rw-r--r--   3 root supergroup 1073741824 2019-02-20 17:39 /myfile12
-rw-r--r--   3 root supergroup 1073741824 2019-02-20 17:39 /myfile13
-rw-r--r--   3 root supergroup 1073741824 2019-02-20 17:39 /myfile14
-rw-r--r--   3 root supergroup 1073741824 2019-02-20 17:42 /myfile15
-rw-r--r--   3 root supergroup 1073741824 2019-02-20 17:39 /myfile16
-rw-r--r--   3 root supergroup 1073741824 2019-02-20 17:38 /myfile17
-rw-r--r--   3 root supergroup 1073741824 2019-02-20 17:41 /myfile19
-rw-r--r--   3 root supergroup 1073741824 2019-02-20 17:39 /myfile2
-rw-r--r--   3 root supergroup 1073741824 2019-02-20 17:39 /myfile20
-rw-r--r--   3 root supergroup 1073741824 2019-02-20 17:42 /myfile3
-rw-r--r--   3 root supergroup 1073741824 2019-02-20 17:39 /myfile4
-rw-r--r--   3 root supergroup 1073741824 2019-02-20 17:41 /myfile5
-rw-r--r--   3 root supergroup 1073741824 2019-02-20 17:42 /myfile6
-rw-r--r--   3 root supergroup 1073741824 2019-02-20 17:39 /myfile7
-rw-r--r--   3 root supergroup 1073741824 2019-02-20 17:38 /myfile8
file 15 has been put into HDFS
file 15 has been read from HDFS for 1 time
diff succeed!
file 15 has been read from HDFS for 2 time
diff succeed!
file 15 has been read from HDFS for 3 time
diff succeed!
file 15 has been read from HDFS for 4 time
diff succeed!
file 15 has been read from HDFS for 5 time
diff succeed!
file 15 has been read from HDFS for 6 time
diff succeed!
file 15 has been read from HDFS for 7 time
diff succeed!
file 15 has been read from HDFS for 8 time
diff succeed!
file 15 has been read from HDFS for 9 time
diff succeed!
file 15 has been read from HDFS for 10 time
diff succeed!
Deleted /myfile15
file 15 has been removed from HDFS
Found 19 items
-rw-r--r--   3 root supergroup 1073741824 2019-02-20 17:43 /myfile1
-rw-r--r--   3 root supergroup 1073741824 2019-02-20 17:44 /myfile10
-rw-r--r--   3 root supergroup 1073741824 2019-02-20 17:45 /myfile11
-rw-r--r--   3 root supergroup 1073741824 2019-02-20 17:42 /myfile12
-rw-r--r--   3 root supergroup 1073741824 2019-02-20 17:43 /myfile13
-rw-r--r--   3 root supergroup 1073741824 2019-02-20 17:43 /myfile14
-rw-r--r--   3 root supergroup 1073741824 2019-02-20 17:45 /myfile15
-rw-r--r--   3 root supergroup 1073741824 2019-02-20 17:43 /myfile16
-rw-r--r--   3 root supergroup 1073741824 2019-02-20 17:42 /myfile17
-rw-r--r--   3 root supergroup 1073741824 2019-02-20 17:42 /myfile18
-rw-r--r--   3 root supergroup 1073741824 2019-02-20 17:45 /myfile19
-rw-r--r--   3 root supergroup 1073741824 2019-02-20 17:43 /myfile2
-rw-r--r--   3 root supergroup 1073741824 2019-02-20 17:43 /myfile20
-rw-r--r--   3 root supergroup 1073741824 2019-02-20 17:42 /myfile3
-rw-r--r--   3 root supergroup 1073741824 2019-02-20 17:43 /myfile4
-rw-r--r--   3 root supergroup 1073741824 2019-02-20 17:45 /myfile5
-rw-r--r--   3 root supergroup 1073741824 2019-02-20 17:42 /myfile6
-rw-r--r--   3 root supergroup 1073741824 2019-02-20 17:43 /myfile7
-rw-r--r--   3 root supergroup 1073741824 2019-02-20 17:42 /myfile8
file 15 has been put into HDFS
file 15 has been read from HDFS for 1 time
diff succeed!
file 15 has been read from HDFS for 2 time
diff succeed!
file 15 has been read from HDFS for 3 time
diff succeed!
file 15 has been read from HDFS for 4 time
diff succeed!
file 15 has been read from HDFS for 5 time
diff succeed!
file 15 has been read from HDFS for 6 time
diff succeed!
file 15 has been read from HDFS for 7 time
diff succeed!
file 15 has been read from HDFS for 8 time
diff succeed!
file 15 has been read from HDFS for 9 time
diff succeed!
file 15 has been read from HDFS for 10 time
diff succeed!
Deleted /myfile15
file 15 has been removed from HDFS
Found 19 items
-rw-r--r--   3 root supergroup 1073741824 2019-02-20 17:47 /myfile1
-rw-r--r--   3 root supergroup 1073741824 2019-02-20 17:47 /myfile10
-rw-r--r--   3 root supergroup 1073741824 2019-02-20 17:49 /myfile11
-rw-r--r--   3 root supergroup 1073741824 2019-02-20 17:48 /myfile12
-rw-r--r--   3 root supergroup 1073741824 2019-02-20 17:47 /myfile13
-rw-r--r--   3 root supergroup 1073741824 2019-02-20 17:47 /myfile14
-rw-r--r--   3 root supergroup 1073741824 2019-02-20 17:49 /myfile15
-rw-r--r--   3 root supergroup 1073741824 2019-02-20 17:47 /myfile16
-rw-r--r--   3 root supergroup 1073741824 2019-02-20 17:46 /myfile17
-rw-r--r--   3 root supergroup 1073741824 2019-02-20 17:46 /myfile18
-rw-r--r--   3 root supergroup 1073741824 2019-02-20 17:49 /myfile19
-rw-r--r--   3 root supergroup 1073741824 2019-02-20 17:46 /myfile2
-rw-r--r--   3 root supergroup 1073741824 2019-02-20 17:46 /myfile20
-rw-r--r--   3 root supergroup 1073741824 2019-02-20 17:46 /myfile3
-rw-r--r--   3 root supergroup 1073741824 2019-02-20 17:48 /myfile4
-rw-r--r--   3 root supergroup 1073741824 2019-02-20 17:49 /myfile5
-rw-r--r--   3 root supergroup 1073741824 2019-02-20 17:46 /myfile6
-rw-r--r--   3 root supergroup 1073741824 2019-02-20 17:47 /myfile7
-rw-r--r--   3 root supergroup 1073741824 2019-02-20 17:46 /myfile8
file 15 has been put into HDFS
file 15 has been read from HDFS for 1 time
diff succeed!
file 15 has been read from HDFS for 2 time
diff succeed!
file 15 has been read from HDFS for 3 time
diff succeed!
file 15 has been read from HDFS for 4 time
diff succeed!
file 15 has been read from HDFS for 5 time
diff succeed!
file 15 has been read from HDFS for 6 time
diff succeed!
file 15 has been read from HDFS for 7 time
diff succeed!
file 15 has been read from HDFS for 8 time
diff succeed!
file 15 has been read from HDFS for 9 time
diff succeed!
file 15 has been read from HDFS for 10 time
diff succeed!
Deleted /myfile15
file 15 has been removed from HDFS
Found 20 items
-rw-r--r--   3 root supergroup 1073741824 2019-02-20 17:51 /myfile1
-rw-r--r--   3 root supergroup 1073741824 2019-02-20 17:52 /myfile10
-rw-r--r--   3 root supergroup 1073741824 2019-02-20 17:53 /myfile11
-rw-r--r--   3 root supergroup 1073741824 2019-02-20 17:53 /myfile12
-rw-r--r--   3 root supergroup 1073741824 2019-02-20 17:51 /myfile13
-rw-r--r--   3 root supergroup 1073741824 2019-02-20 17:51 /myfile14
-rw-r--r--   3 root supergroup 1073741824 2019-02-20 17:53 /myfile15
-rw-r--r--   3 root supergroup 1073741824 2019-02-20 17:51 /myfile16
-rw-r--r--   3 root supergroup 1073741824 2019-02-20 17:51 /myfile17
-rw-r--r--   3 root supergroup 1073741824 2019-02-20 17:50 /myfile18
-rw-r--r--   3 root supergroup 1073741824 2019-02-20 17:53 /myfile19
-rw-r--r--   3 root supergroup 1073741824 2019-02-20 17:50 /myfile2
-rw-r--r--   3 root supergroup 1073741824 2019-02-20 17:52 /myfile20
-rw-r--r--   3 root supergroup 1073741824 2019-02-20 17:52 /myfile3
-rw-r--r--   3 root supergroup 1073741824 2019-02-20 17:53 /myfile4
-rw-r--r--   3 root supergroup 1073741824 2019-02-20 17:53 /myfile5
-rw-r--r--   3 root supergroup 1073741824 2019-02-20 17:50 /myfile6
-rw-r--r--   3 root supergroup 1073741824 2019-02-20 17:52 /myfile7
-rw-r--r--   3 root supergroup 1073741824 2019-02-20 17:50 /myfile8
-rw-r--r--   3 root supergroup 1073741824 2019-02-20 17:49 /myfile9
file 15 has been put into HDFS
file 15 has been read from HDFS for 1 time
diff succeed!
file 15 has been read from HDFS for 2 time
diff succeed!
file 15 has been read from HDFS for 3 time
diff succeed!
file 15 has been read from HDFS for 4 time
diff succeed!
file 15 has been read from HDFS for 5 time
diff succeed!
file 15 has been read from HDFS for 6 time
diff succeed!
file 15 has been read from HDFS for 7 time
diff succeed!
file 15 has been read from HDFS for 8 time
diff succeed!
file 15 has been read from HDFS for 9 time
diff succeed!
file 15 has been read from HDFS for 10 time
diff succeed!
Deleted /myfile15
file 15 has been removed from HDFS
Found 20 items
-rw-r--r--   3 root supergroup 1073741824 2019-02-20 17:55 /myfile1
-rw-r--r--   3 root supergroup 1073741824 2019-02-20 17:56 /myfile10
-rw-r--r--   3 root supergroup 1073741824 2019-02-20 17:56 /myfile11
-rw-r--r--   3 root supergroup 1073741824 2019-02-20 17:56 /myfile12
-rw-r--r--   3 root supergroup 1073741824 2019-02-20 17:55 /myfile13
-rw-r--r--   3 root supergroup 1073741824 2019-02-20 17:55 /myfile14
-rw-r--r--   3 root supergroup 1073741824 2019-02-20 17:58 /myfile15
-rw-r--r--   3 root supergroup 1073741824 2019-02-20 17:55 /myfile16
-rw-r--r--   3 root supergroup 1073741824 2019-02-20 17:55 /myfile17
-rw-r--r--   3 root supergroup 1073741824 2019-02-20 17:54 /myfile18
-rw-r--r--   3 root supergroup 1073741824 2019-02-20 17:57 /myfile19
-rw-r--r--   3 root supergroup 1073741824 2019-02-20 17:58 /myfile2
-rw-r--r--   3 root supergroup 1073741824 2019-02-20 17:56 /myfile20
-rw-r--r--   3 root supergroup 1073741824 2019-02-20 17:55 /myfile3
-rw-r--r--   3 root supergroup 1073741824 2019-02-20 17:57 /myfile4
-rw-r--r--   3 root supergroup 1073741824 2019-02-20 17:56 /myfile5
-rw-r--r--   3 root supergroup 1073741824 2019-02-20 17:54 /myfile6
-rw-r--r--   3 root supergroup 1073741824 2019-02-20 17:56 /myfile7
-rw-r--r--   3 root supergroup 1073741824 2019-02-20 17:54 /myfile8
-rw-r--r--   3 root supergroup 1073741824 2019-02-20 17:54 /myfile9
file 15 has been put into HDFS
file 15 has been read from HDFS for 1 time
diff succeed!
file 15 has been read from HDFS for 2 time
diff succeed!
file 15 has been read from HDFS for 3 time
diff succeed!
file 15 has been read from HDFS for 4 time
diff succeed!
file 15 has been read from HDFS for 5 time
diff succeed!
file 15 has been read from HDFS for 6 time
diff succeed!
file 15 has been read from HDFS for 7 time
diff succeed!
file 15 has been read from HDFS for 8 time
diff succeed!
file 15 has been read from HDFS for 9 time
diff succeed!
file 15 has been read from HDFS for 10 time
diff succeed!
Deleted /myfile15
file 15 has been removed from HDFS
Found 19 items
-rw-r--r--   3 root supergroup 1073741824 2019-02-20 18:00 /myfile1
-rw-r--r--   3 root supergroup 1073741824 2019-02-20 18:00 /myfile10
-rw-r--r--   3 root supergroup 1073741824 2019-02-20 17:56 /myfile11
-rw-r--r--   3 root supergroup 1073741824 2019-02-20 18:00 /myfile12
-rw-r--r--   3 root supergroup 1073741824 2019-02-20 17:59 /myfile13
-rw-r--r--   3 root supergroup 1073741824 2019-02-20 17:59 /myfile14
-rw-r--r--   3 root supergroup 1073741824 2019-02-20 18:01 /myfile15
-rw-r--r--   3 root supergroup 1073741824 2019-02-20 17:59 /myfile16
-rw-r--r--   3 root supergroup 1073741824 2019-02-20 17:58 /myfile17
-rw-r--r--   3 root supergroup 1073741824 2019-02-20 18:00 /myfile18
-rw-r--r--   3 root supergroup 1073741824 2019-02-20 18:00 /myfile19
-rw-r--r--   3 root supergroup  536870912 2019-02-20 18:01 /myfile2._COPYING_
-rw-r--r--   3 root supergroup 1073741824 2019-02-20 18:01 /myfile20
-rw-r--r--   3 root supergroup 1073741824 2019-02-20 17:59 /myfile3
-rw-r--r--   3 root supergroup 1073741824 2019-02-20 18:01 /myfile4
-rw-r--r--   3 root supergroup 1073741824 2019-02-20 18:00 /myfile5
-rw-r--r--   3 root supergroup 1073741824 2019-02-20 18:00 /myfile6
-rw-r--r--   3 root supergroup 1073741824 2019-02-20 18:00 /myfile8
-rw-r--r--   3 root supergroup 1073741824 2019-02-20 18:00 /myfile9
file 15 has been put into HDFS
file 15 has been read from HDFS for 1 time
diff succeed!
file 15 has been read from HDFS for 2 time
diff succeed!
file 15 has been read from HDFS for 3 time
diff succeed!
file 15 has been read from HDFS for 4 time
diff succeed!
file 15 has been read from HDFS for 5 time
diff succeed!
file 15 has been read from HDFS for 6 time
diff succeed!
file 15 has been read from HDFS for 7 time
diff succeed!
file 15 has been read from HDFS for 8 time
diff succeed!
file 15 has been read from HDFS for 9 time
diff succeed!
file 15 has been read from HDFS for 10 time
diff succeed!
Deleted /myfile15
file 15 has been removed from HDFS
Found 19 items
-rw-r--r--   3 root supergroup 1073741824 2019-02-20 18:04 /myfile1
-rw-r--r--   3 root supergroup  402653184 2019-02-20 18:05 /myfile10._COPYING_
-rw-r--r--   3 root supergroup 1073741824 2019-02-20 18:02 /myfile11
-rw-r--r--   3 root supergroup 1073741824 2019-02-20 18:04 /myfile12
-rw-r--r--   3 root supergroup 1073741824 2019-02-20 18:02 /myfile13
-rw-r--r--   3 root supergroup 1073741824 2019-02-20 18:02 /myfile14
-rw-r--r--   3 root supergroup 1073741824 2019-02-20 18:05 /myfile15
-rw-r--r--   3 root supergroup 1073741824 2019-02-20 18:02 /myfile16
-rw-r--r--   3 root supergroup 1073741824 2019-02-20 18:03 /myfile17
-rw-r--r--   3 root supergroup 1073741824 2019-02-20 18:04 /myfile18
-rw-r--r--   3 root supergroup 1073741824 2019-02-20 18:05 /myfile19
-rw-r--r--   3 root supergroup 1073741824 2019-02-20 18:02 /myfile2
-rw-r--r--   3 root supergroup 1073741824 2019-02-20 18:05 /myfile20
-rw-r--r--   3 root supergroup 1073741824 2019-02-20 18:03 /myfile3
-rw-r--r--   3 root supergroup 1073741824 2019-02-20 18:05 /myfile4
-rw-r--r--   3 root supergroup 1073741824 2019-02-20 18:04 /myfile5
-rw-r--r--   3 root supergroup 1073741824 2019-02-20 18:04 /myfile6
-rw-r--r--   3 root supergroup 1073741824 2019-02-20 18:03 /myfile8
-rw-r--r--   3 root supergroup 1073741824 2019-02-20 18:03 /myfile9
file 15 has been put into HDFS
file 15 has been read from HDFS for 1 time
diff succeed!
file 15 has been read from HDFS for 2 time
sub_benchmark 2 signal TERM catched and let quit gracefully
diff succeed!
Deleted /myfile15
file 15 has been removed from HDFS
