Found 20 items
-rw-r--r--   3 root supergroup 1073741824 2019-02-28 20:05 /myfile1
-rw-r--r--   3 root supergroup 1073741824 2019-02-28 20:05 /myfile10
-rw-r--r--   3 root supergroup 1073741824 2019-02-28 20:05 /myfile11
-rw-r--r--   3 root supergroup 1073741824 2019-02-28 20:05 /myfile12
-rw-r--r--   3 root supergroup 1073741824 2019-02-28 20:05 /myfile13
-rw-r--r--   3 root supergroup 1073741824 2019-02-28 20:05 /myfile14
-rw-r--r--   3 root supergroup 1073741824 2019-02-28 20:05 /myfile15
-rw-r--r--   3 root supergroup 1073741824 2019-02-28 20:05 /myfile16
-rw-r--r--   3 root supergroup 1073741824 2019-02-28 20:05 /myfile17
-rw-r--r--   3 root supergroup 1073741824 2019-02-28 20:05 /myfile18
-rw-r--r--   3 root supergroup 1073741824 2019-02-28 20:05 /myfile19
-rw-r--r--   3 root supergroup 1073741824 2019-02-28 20:05 /myfile2
-rw-r--r--   3 root supergroup 1073741824 2019-02-28 20:05 /myfile20
-rw-r--r--   3 root supergroup 1073741824 2019-02-28 20:05 /myfile3
-rw-r--r--   3 root supergroup 1073741824 2019-02-28 20:05 /myfile4
-rw-r--r--   3 root supergroup 1073741824 2019-02-28 20:05 /myfile5
-rw-r--r--   3 root supergroup 1073741824 2019-02-28 20:05 /myfile6
-rw-r--r--   3 root supergroup 1073741824 2019-02-28 20:05 /myfile7
-rw-r--r--   3 root supergroup 1073741824 2019-02-28 20:05 /myfile8
-rw-r--r--   3 root supergroup 1073741824 2019-02-28 20:05 /myfile9
file 18 has been put into HDFS
file 18 has been read from HDFS for 1 time
diff succeed!
file 18 has been read from HDFS for 2 time
diff succeed!
file 18 has been read from HDFS for 3 time
diff succeed!
file 18 has been read from HDFS for 4 time
diff succeed!
file 18 has been read from HDFS for 5 time
diff succeed!
file 18 has been read from HDFS for 6 time
diff succeed!
file 18 has been read from HDFS for 7 time
diff succeed!
file 18 has been read from HDFS for 8 time
diff succeed!
file 18 has been read from HDFS for 9 time
diff succeed!
file 18 has been read from HDFS for 10 time
diff succeed!
Deleted /myfile18
file 18 has been removed from HDFS
Found 16 items
-rw-r--r--   3 root supergroup 1073741824 2019-02-28 20:09 /myfile11
-rw-r--r--   3 root supergroup 1073741824 2019-02-28 20:05 /myfile12
-rw-r--r--   3 root supergroup 1073741824 2019-02-28 20:09 /myfile13
-rw-r--r--   3 root supergroup 1073741824 2019-02-28 20:09 /myfile14
-rw-r--r--   3 root supergroup 1073741824 2019-02-28 20:05 /myfile15
-rw-r--r--   3 root supergroup  671088640 2019-02-28 20:09 /myfile16._COPYING_
-rw-r--r--   3 root supergroup 1073741824 2019-02-28 20:09 /myfile17
-rw-r--r--   3 root supergroup 1073741824 2019-02-28 20:09 /myfile18
-rw-r--r--   3 root supergroup 1073741824 2019-02-28 20:05 /myfile19
-rw-r--r--   3 root supergroup 1073741824 2019-02-28 20:05 /myfile2
-rw-r--r--   3 root supergroup 1073741824 2019-02-28 20:05 /myfile20
-rw-r--r--   3 root supergroup 1073741824 2019-02-28 20:05 /myfile3
-rw-r--r--   3 root supergroup 1073741824 2019-02-28 20:09 /myfile4
-rw-r--r--   3 root supergroup 1073741824 2019-02-28 20:05 /myfile5
-rw-r--r--   3 root supergroup 1073741824 2019-02-28 20:05 /myfile6
-rw-r--r--   3 root supergroup 1073741824 2019-02-28 20:09 /myfile8
file 18 has been put into HDFS
file 18 has been read from HDFS for 1 time
diff succeed!
file 18 has been read from HDFS for 2 time
diff succeed!
file 18 has been read from HDFS for 3 time
diff succeed!
file 18 has been read from HDFS for 4 time
diff succeed!
file 18 has been read from HDFS for 5 time
diff succeed!
file 18 has been read from HDFS for 6 time
diff succeed!
file 18 has been read from HDFS for 7 time
diff succeed!
file 18 has been read from HDFS for 8 time
diff succeed!
file 18 has been read from HDFS for 9 time
diff succeed!
file 18 has been read from HDFS for 10 time
diff succeed!
Deleted /myfile18
file 18 has been removed from HDFS
Found 18 items
-rw-r--r--   3 root supergroup 1073741824 2019-02-28 20:09 /myfile10
-rw-r--r--   3 root supergroup  671088640 2019-02-28 20:12 /myfile11._COPYING_
-rw-r--r--   3 root supergroup 1073741824 2019-02-28 20:09 /myfile12
-rw-r--r--   3 root supergroup  536870912 2019-02-28 20:12 /myfile13._COPYING_
-rw-r--r--   3 root supergroup 1073741824 2019-02-28 20:12 /myfile14
-rw-r--r--   3 root supergroup 1073741824 2019-02-28 20:11 /myfile15
-rw-r--r--   3 root supergroup 1073741824 2019-02-28 20:09 /myfile16
-rw-r--r--   3 root supergroup 1073741824 2019-02-28 20:12 /myfile18
-rw-r--r--   3 root supergroup 1073741824 2019-02-28 20:11 /myfile19
-rw-r--r--   3 root supergroup 1073741824 2019-02-28 20:10 /myfile2
-rw-r--r--   3 root supergroup 1073741824 2019-02-28 20:11 /myfile20
-rw-r--r--   3 root supergroup 1073741824 2019-02-28 20:11 /myfile3
-rw-r--r--   3 root supergroup 1073741824 2019-02-28 20:09 /myfile4
-rw-r--r--   3 root supergroup 1073741824 2019-02-28 20:11 /myfile5
-rw-r--r--   3 root supergroup 1073741824 2019-02-28 20:11 /myfile6
-rw-r--r--   3 root supergroup 1073741824 2019-02-28 20:09 /myfile7
-rw-r--r--   3 root supergroup 1073741824 2019-02-28 20:09 /myfile8
-rw-r--r--   3 root supergroup 1073741824 2019-02-28 20:09 /myfile9
file 18 has been put into HDFS
file 18 has been read from HDFS for 1 time
diff succeed!
file 18 has been read from HDFS for 2 time
diff succeed!
file 18 has been read from HDFS for 3 time
diff succeed!
file 18 has been read from HDFS for 4 time
diff succeed!
file 18 has been read from HDFS for 5 time
diff succeed!
file 18 has been read from HDFS for 6 time
diff succeed!
file 18 has been read from HDFS for 7 time
diff succeed!
file 18 has been read from HDFS for 8 time
diff succeed!
file 18 has been read from HDFS for 9 time
diff succeed!
file 18 has been read from HDFS for 10 time
diff succeed!
Deleted /myfile18
file 18 has been removed from HDFS
Found 20 items
-rw-r--r--   3 root supergroup 1073741824 2019-02-28 20:13 /myfile1
-rw-r--r--   3 root supergroup 1073741824 2019-02-28 20:13 /myfile10
-rw-r--r--   3 root supergroup 1073741824 2019-02-28 20:12 /myfile11
-rw-r--r--   3 root supergroup 1073741824 2019-02-28 20:15 /myfile12
-rw-r--r--   3 root supergroup 1073741824 2019-02-28 20:13 /myfile13
-rw-r--r--   3 root supergroup 1073741824 2019-02-28 20:12 /myfile14
-rw-r--r--   3 root supergroup 1073741824 2019-02-28 20:15 /myfile15
-rw-r--r--   3 root supergroup 1073741824 2019-02-28 20:13 /myfile16
-rw-r--r--   3 root supergroup 1073741824 2019-02-28 20:13 /myfile17
-rw-r--r--   3 root supergroup 1073741824 2019-02-28 20:16 /myfile18
-rw-r--r--   3 root supergroup 1073741824 2019-02-28 20:15 /myfile19
-rw-r--r--   3 root supergroup 1073741824 2019-02-28 20:14 /myfile2
-rw-r--r--   3 root supergroup 1073741824 2019-02-28 20:15 /myfile20
-rw-r--r--   3 root supergroup 1073741824 2019-02-28 20:15 /myfile3
-rw-r--r--   3 root supergroup 1073741824 2019-02-28 20:13 /myfile4
-rw-r--r--   3 root supergroup 1073741824 2019-02-28 20:15 /myfile5
-rw-r--r--   3 root supergroup 1073741824 2019-02-28 20:16 /myfile6
-rw-r--r--   3 root supergroup 1073741824 2019-02-28 20:13 /myfile7
-rw-r--r--   3 root supergroup 1073741824 2019-02-28 20:13 /myfile8
-rw-r--r--   3 root supergroup 1073741824 2019-02-28 20:14 /myfile9
file 18 has been put into HDFS
file 18 has been read from HDFS for 1 time
diff succeed!
file 18 has been read from HDFS for 2 time
diff succeed!
file 18 has been read from HDFS for 3 time
diff succeed!
file 18 has been read from HDFS for 4 time
diff succeed!
file 18 has been read from HDFS for 5 time
diff succeed!
file 18 has been read from HDFS for 6 time
diff succeed!
file 18 has been read from HDFS for 7 time
diff succeed!
file 18 has been read from HDFS for 8 time
diff succeed!
file 18 has been read from HDFS for 9 time
diff succeed!
sub_benchmark 9 signal TERM catched and let quit gracefully
Deleted /myfile18
file 18 has been removed from HDFS
