Found 20 items
-rw-r--r--   3 root supergroup 1073741824 2019-02-20 01:55 /myfile1
-rw-r--r--   3 root supergroup 1073741824 2019-02-20 01:55 /myfile10
-rw-r--r--   3 root supergroup 1073741824 2019-02-20 01:55 /myfile11
-rw-r--r--   3 root supergroup 1073741824 2019-02-20 01:55 /myfile12
-rw-r--r--   3 root supergroup 1073741824 2019-02-20 01:55 /myfile13
-rw-r--r--   3 root supergroup 1073741824 2019-02-20 01:55 /myfile14
-rw-r--r--   3 root supergroup 1073741824 2019-02-20 01:55 /myfile15
-rw-r--r--   3 root supergroup 1073741824 2019-02-20 01:55 /myfile16
-rw-r--r--   3 root supergroup 1073741824 2019-02-20 01:55 /myfile17
-rw-r--r--   3 root supergroup 1073741824 2019-02-20 01:55 /myfile18
-rw-r--r--   3 root supergroup 1073741824 2019-02-20 01:55 /myfile19
-rw-r--r--   3 root supergroup 1073741824 2019-02-20 01:55 /myfile2
-rw-r--r--   3 root supergroup 1073741824 2019-02-20 01:55 /myfile20
-rw-r--r--   3 root supergroup 1073741824 2019-02-20 01:55 /myfile3
-rw-r--r--   3 root supergroup 1073741824 2019-02-20 01:55 /myfile4
-rw-r--r--   3 root supergroup 1073741824 2019-02-20 01:55 /myfile5
-rw-r--r--   3 root supergroup 1073741824 2019-02-20 01:55 /myfile6
-rw-r--r--   3 root supergroup 1073741824 2019-02-20 01:55 /myfile7
-rw-r--r--   3 root supergroup 1073741824 2019-02-20 01:55 /myfile8
-rw-r--r--   3 root supergroup 1073741824 2019-02-20 01:55 /myfile9
file 5 has been put into HDFS
file 5 has been read from HDFS for 1 time
diff succeed!
file 5 has been read from HDFS for 2 time
diff succeed!
file 5 has been read from HDFS for 3 time
diff succeed!
file 5 has been read from HDFS for 4 time
diff succeed!
file 5 has been read from HDFS for 5 time
diff succeed!
file 5 has been read from HDFS for 6 time
diff succeed!
file 5 has been read from HDFS for 7 time
diff succeed!
file 5 has been read from HDFS for 8 time
diff succeed!
file 5 has been read from HDFS for 9 time
diff succeed!
file 5 has been read from HDFS for 10 time
diff succeed!
Deleted /myfile5
file 5 has been removed from HDFS
Found 20 items
-rw-r--r--   3 root supergroup  536870912 2019-02-20 02:00 /myfile1._COPYING_
-rw-r--r--   3 root supergroup 1073741824 2019-02-20 01:59 /myfile10
-rw-r--r--   3 root supergroup 1073741824 2019-02-20 01:59 /myfile11
-rw-r--r--   3 root supergroup 1073741824 2019-02-20 01:59 /myfile12
-rw-r--r--   3 root supergroup 1073741824 2019-02-20 02:00 /myfile13
-rw-r--r--   3 root supergroup  939524096 2019-02-20 02:00 /myfile14._COPYING_
-rw-r--r--   3 root supergroup 1073741824 2019-02-20 01:59 /myfile15
-rw-r--r--   3 root supergroup  939524096 2019-02-20 02:01 /myfile16._COPYING_
-rw-r--r--   3 root supergroup  402653184 2019-02-20 02:01 /myfile17._COPYING_
-rw-r--r--   3 root supergroup  805306368 2019-02-20 02:00 /myfile18._COPYING_
-rw-r--r--   3 root supergroup 1073741824 2019-02-20 01:59 /myfile19
-rw-r--r--   3 root supergroup 1073741824 2019-02-20 01:59 /myfile2
-rw-r--r--   3 root supergroup 1073741824 2019-02-20 02:01 /myfile20
-rw-r--r--   3 root supergroup 1073741824 2019-02-20 01:59 /myfile3
-rw-r--r--   3 root supergroup 1073741824 2019-02-20 01:59 /myfile4
-rw-r--r--   3 root supergroup 1073741824 2019-02-20 02:02 /myfile5
-rw-r--r--   3 root supergroup 1073741824 2019-02-20 01:59 /myfile6
-rw-r--r--   3 root supergroup 1073741824 2019-02-20 01:59 /myfile7
-rw-r--r--   3 root supergroup 1073741824 2019-02-20 01:59 /myfile8
-rw-r--r--   3 root supergroup  671088640 2019-02-20 02:00 /myfile9._COPYING_
file 5 has been put into HDFS
file 5 has been read from HDFS for 1 time
diff succeed!
file 5 has been read from HDFS for 2 time
diff succeed!
file 5 has been read from HDFS for 3 time
diff succeed!
file 5 has been read from HDFS for 4 time
diff succeed!
file 5 has been read from HDFS for 5 time
diff succeed!
file 5 has been read from HDFS for 6 time
diff succeed!
file 5 has been read from HDFS for 7 time
diff succeed!
file 5 has been read from HDFS for 8 time
diff succeed!
file 5 has been read from HDFS for 9 time
diff succeed!
file 5 has been read from HDFS for 10 time
diff succeed!
Deleted /myfile5
file 5 has been removed from HDFS
Found 19 items
-rw-r--r--   3 root supergroup 1073741824 2019-02-20 02:06 /myfile1
-rw-r--r--   3 root supergroup 1073741824 2019-02-20 02:04 /myfile10
-rw-r--r--   3 root supergroup 1073741824 2019-02-20 01:59 /myfile11
-rw-r--r--   3 root supergroup 1073741824 2019-02-20 02:04 /myfile12
-rw-r--r--   3 root supergroup 1073741824 2019-02-20 02:04 /myfile13
-rw-r--r--   3 root supergroup 1073741824 2019-02-20 02:06 /myfile14
-rw-r--r--   3 root supergroup 1073741824 2019-02-20 02:06 /myfile15
-rw-r--r--   3 root supergroup 1073741824 2019-02-20 02:02 /myfile16
-rw-r--r--   3 root supergroup 1073741824 2019-02-20 02:06 /myfile18
-rw-r--r--   3 root supergroup 1073741824 2019-02-20 02:04 /myfile19
-rw-r--r--   3 root supergroup 1073741824 2019-02-20 02:06 /myfile2
-rw-r--r--   3 root supergroup 1073741824 2019-02-20 02:01 /myfile20
-rw-r--r--   3 root supergroup 1073741824 2019-02-20 02:04 /myfile3
-rw-r--r--   3 root supergroup 1073741824 2019-02-20 02:06 /myfile4
-rw-r--r--   3 root supergroup 1073741824 2019-02-20 02:06 /myfile5
-rw-r--r--   3 root supergroup 1073741824 2019-02-20 02:04 /myfile6
-rw-r--r--   3 root supergroup  536870912 2019-02-20 02:06 /myfile7._COPYING_
-rw-r--r--   3 root supergroup 1073741824 2019-02-20 02:06 /myfile8
-rw-r--r--   3 root supergroup 1073741824 2019-02-20 02:02 /myfile9
file 5 has been put into HDFS
file 5 has been read from HDFS for 1 time
diff succeed!
file 5 has been read from HDFS for 2 time
diff succeed!
file 5 has been read from HDFS for 3 time
diff succeed!
file 5 has been read from HDFS for 4 time
diff succeed!
file 5 has been read from HDFS for 5 time
diff succeed!
file 5 has been read from HDFS for 6 time
diff succeed!
file 5 has been read from HDFS for 7 time
diff succeed!
file 5 has been read from HDFS for 8 time
diff succeed!
file 5 has been read from HDFS for 9 time
diff succeed!
file 5 has been read from HDFS for 10 time
diff succeed!
Deleted /myfile5
file 5 has been removed from HDFS
Found 20 items
-rw-r--r--   3 root supergroup 1073741824 2019-02-20 02:11 /myfile1
-rw-r--r--   3 root supergroup 1073741824 2019-02-20 02:09 /myfile10
-rw-r--r--   3 root supergroup 1073741824 2019-02-20 02:11 /myfile11
-rw-r--r--   3 root supergroup 1073741824 2019-02-20 02:09 /myfile12
-rw-r--r--   3 root supergroup 1073741824 2019-02-20 02:09 /myfile13
-rw-r--r--   3 root supergroup 1073741824 2019-02-20 02:11 /myfile14
-rw-r--r--   3 root supergroup 1073741824 2019-02-20 02:11 /myfile15
-rw-r--r--   3 root supergroup 1073741824 2019-02-20 02:09 /myfile16
-rw-r--r--   3 root supergroup 1073741824 2019-02-20 02:11 /myfile17
-rw-r--r--   3 root supergroup 1073741824 2019-02-20 02:11 /myfile18
-rw-r--r--   3 root supergroup 1073741824 2019-02-20 02:09 /myfile19
-rw-r--r--   3 root supergroup 1073741824 2019-02-20 02:06 /myfile2
-rw-r--r--   3 root supergroup 1073741824 2019-02-20 02:09 /myfile20
-rw-r--r--   3 root supergroup 1073741824 2019-02-20 02:09 /myfile3
-rw-r--r--   3 root supergroup 1073741824 2019-02-20 02:11 /myfile4
-rw-r--r--   3 root supergroup 1073741824 2019-02-20 02:11 /myfile5
-rw-r--r--   3 root supergroup 1073741824 2019-02-20 02:09 /myfile6
-rw-r--r--   3 root supergroup 1073741824 2019-02-20 02:11 /myfile7
-rw-r--r--   3 root supergroup 1073741824 2019-02-20 02:11 /myfile8
-rw-r--r--   3 root supergroup 1073741824 2019-02-20 02:09 /myfile9
file 5 has been put into HDFS
file 5 has been read from HDFS for 1 time
diff succeed!
file 5 has been read from HDFS for 2 time
diff succeed!
file 5 has been read from HDFS for 3 time
diff succeed!
file 5 has been read from HDFS for 4 time
diff succeed!
file 5 has been read from HDFS for 5 time
diff succeed!
file 5 has been read from HDFS for 6 time
diff succeed!
file 5 has been read from HDFS for 7 time
diff succeed!
file 5 has been read from HDFS for 8 time
diff succeed!
file 5 has been read from HDFS for 9 time
diff succeed!
file 5 has been read from HDFS for 10 time
diff succeed!
Deleted /myfile5
file 5 has been removed from HDFS
Found 19 items
-rw-r--r--   3 root supergroup 1073741824 2019-02-20 02:15 /myfile1
-rw-r--r--   3 root supergroup 1073741824 2019-02-20 02:14 /myfile10
-rw-r--r--   3 root supergroup 1073741824 2019-02-20 02:15 /myfile11
-rw-r--r--   3 root supergroup 1073741824 2019-02-20 02:14 /myfile12
-rw-r--r--   3 root supergroup 1073741824 2019-02-20 02:14 /myfile13
-rw-r--r--   3 root supergroup 1073741824 2019-02-20 02:15 /myfile14
-rw-r--r--   3 root supergroup 1073741824 2019-02-20 02:11 /myfile15
-rw-r--r--   3 root supergroup 1073741824 2019-02-20 02:13 /myfile16
-rw-r--r--   3 root supergroup 1073741824 2019-02-20 02:11 /myfile17
-rw-r--r--   3 root supergroup 1073741824 2019-02-20 02:11 /myfile18
-rw-r--r--   3 root supergroup 1073741824 2019-02-20 02:13 /myfile19
-rw-r--r--   3 root supergroup 1073741824 2019-02-20 02:13 /myfile20
-rw-r--r--   3 root supergroup 1073741824 2019-02-20 02:14 /myfile3
-rw-r--r--   3 root supergroup 1073741824 2019-02-20 02:15 /myfile4
-rw-r--r--   3 root supergroup 1073741824 2019-02-20 02:15 /myfile5
-rw-r--r--   3 root supergroup 1073741824 2019-02-20 02:14 /myfile6
-rw-r--r--   3 root supergroup 1073741824 2019-02-20 02:15 /myfile7
-rw-r--r--   3 root supergroup 1073741824 2019-02-20 02:11 /myfile8
-rw-r--r--   3 root supergroup 1073741824 2019-02-20 02:14 /myfile9
file 5 has been put into HDFS
file 5 has been read from HDFS for 1 time
diff succeed!
file 5 has been read from HDFS for 2 time
diff succeed!
file 5 has been read from HDFS for 3 time
diff succeed!
file 5 has been read from HDFS for 4 time
diff succeed!
file 5 has been read from HDFS for 5 time
diff succeed!
file 5 has been read from HDFS for 6 time
diff succeed!
file 5 has been read from HDFS for 7 time
diff succeed!
file 5 has been read from HDFS for 8 time
diff succeed!
file 5 has been read from HDFS for 9 time
diff succeed!
file 5 has been read from HDFS for 10 time
diff succeed!
2019-02-20 02:19:35,466 INFO retry.RetryInvocationHandler: org.apache.hadoop.ipc.RemoteException(org.apache.hadoop.ipc.RetriableException): org.apache.hadoop.hdfs.server.namenode.SafeModeException: Cannot delete /myfile5. Name node is in safe mode.
The reported blocks 157 has reached the threshold 0.9990 of total blocks 157. The number of live datanodes 3 has reached the minimum number 0. In safe mode extension. Safe mode will be turned off automatically in 1 seconds. NamenodeHostName:node-1-link-0
	at org.apache.hadoop.hdfs.server.namenode.FSNamesystem.checkNameNodeSafeMode(FSNamesystem.java:1441)
	at org.apache.hadoop.hdfs.server.namenode.FSNamesystem.delete(FSNamesystem.java:2986)
	at org.apache.hadoop.hdfs.server.namenode.NameNodeRpcServer.delete(NameNodeRpcServer.java:1095)
	at org.apache.hadoop.hdfs.protocolPB.ClientNamenodeProtocolServerSideTranslatorPB.delete(ClientNamenodeProtocolServerSideTranslatorPB.java:692)
	at org.apache.hadoop.hdfs.protocol.proto.ClientNamenodeProtocolProtos$ClientNamenodeProtocol$2.callBlockingMethod(ClientNamenodeProtocolProtos.java)
	at org.apache.hadoop.ipc.ProtobufRpcEngine$Server$ProtoBufRpcInvoker.call(ProtobufRpcEngine.java:523)
	at org.apache.hadoop.ipc.RPC$Server.call(RPC.java:991)
	at org.apache.hadoop.ipc.Server$RpcCall.run(Server.java:872)
	at org.apache.hadoop.ipc.Server$RpcCall.run(Server.java:818)
	at java.security.AccessController.doPrivileged(Native Method)
	at javax.security.auth.Subject.doAs(Subject.java:422)
	at org.apache.hadoop.security.UserGroupInformation.doAs(UserGroupInformation.java:1729)
	at org.apache.hadoop.ipc.Server$Handler.run(Server.java:2678)
Caused by: org.apache.hadoop.hdfs.server.namenode.SafeModeException: Cannot delete /myfile5. Name node is in safe mode.
The reported blocks 157 has reached the threshold 0.9990 of total blocks 157. The number of live datanodes 3 has reached the minimum number 0. In safe mode extension. Safe mode will be turned off automatically in 1 seconds. NamenodeHostName:node-1-link-0
	at org.apache.hadoop.hdfs.server.namenode.FSNamesystem.newSafemodeException(FSNamesystem.java:1450)
	at org.apache.hadoop.hdfs.server.namenode.FSNamesystem.checkNameNodeSafeMode(FSNamesystem.java:1437)
	... 12 more
, while invoking ClientNamenodeProtocolTranslatorPB.delete over node-1-link-0/10.10.1.4:8020. Retrying immediately.
2019-02-20 02:19:35,468 INFO retry.RetryInvocationHandler: org.apache.hadoop.ipc.RemoteException(org.apache.hadoop.ipc.RetriableException): org.apache.hadoop.hdfs.server.namenode.SafeModeException: Cannot delete /myfile5. Name node is in safe mode.
The reported blocks 157 has reached the threshold 0.9990 of total blocks 157. The number of live datanodes 3 has reached the minimum number 0. In safe mode extension. Safe mode will be turned off automatically in 1 seconds. NamenodeHostName:node-1-link-0
	at org.apache.hadoop.hdfs.server.namenode.FSNamesystem.checkNameNodeSafeMode(FSNamesystem.java:1441)
	at org.apache.hadoop.hdfs.server.namenode.FSNamesystem.delete(FSNamesystem.java:2986)
	at org.apache.hadoop.hdfs.server.namenode.NameNodeRpcServer.delete(NameNodeRpcServer.java:1095)
	at org.apache.hadoop.hdfs.protocolPB.ClientNamenodeProtocolServerSideTranslatorPB.delete(ClientNamenodeProtocolServerSideTranslatorPB.java:692)
	at org.apache.hadoop.hdfs.protocol.proto.ClientNamenodeProtocolProtos$ClientNamenodeProtocol$2.callBlockingMethod(ClientNamenodeProtocolProtos.java)
	at org.apache.hadoop.ipc.ProtobufRpcEngine$Server$ProtoBufRpcInvoker.call(ProtobufRpcEngine.java:523)
	at org.apache.hadoop.ipc.RPC$Server.call(RPC.java:991)
	at org.apache.hadoop.ipc.Server$RpcCall.run(Server.java:872)
	at org.apache.hadoop.ipc.Server$RpcCall.run(Server.java:818)
	at java.security.AccessController.doPrivileged(Native Method)
	at javax.security.auth.Subject.doAs(Subject.java:422)
	at org.apache.hadoop.security.UserGroupInformation.doAs(UserGroupInformation.java:1729)
	at org.apache.hadoop.ipc.Server$Handler.run(Server.java:2678)
Caused by: org.apache.hadoop.hdfs.server.namenode.SafeModeException: Cannot delete /myfile5. Name node is in safe mode.
The reported blocks 157 has reached the threshold 0.9990 of total blocks 157. The number of live datanodes 3 has reached the minimum number 0. In safe mode extension. Safe mode will be turned off automatically in 1 seconds. NamenodeHostName:node-1-link-0
	at org.apache.hadoop.hdfs.server.namenode.FSNamesystem.newSafemodeException(FSNamesystem.java:1450)
	at org.apache.hadoop.hdfs.server.namenode.FSNamesystem.checkNameNodeSafeMode(FSNamesystem.java:1437)
	... 12 more
, while invoking ClientNamenodeProtocolTranslatorPB.delete over node-1-link-0/10.10.1.4:8020. Retrying after sleeping for 920ms.
2019-02-20 02:19:36,391 INFO retry.RetryInvocationHandler: org.apache.hadoop.ipc.RemoteException(org.apache.hadoop.ipc.RetriableException): org.apache.hadoop.hdfs.server.namenode.SafeModeException: Cannot delete /myfile5. Name node is in safe mode.
The reported blocks 157 has reached the threshold 0.9990 of total blocks 157. The number of live datanodes 3 has reached the minimum number 0. In safe mode extension. Safe mode will be turned off automatically in 0 seconds. NamenodeHostName:node-1-link-0
	at org.apache.hadoop.hdfs.server.namenode.FSNamesystem.checkNameNodeSafeMode(FSNamesystem.java:1441)
	at org.apache.hadoop.hdfs.server.namenode.FSNamesystem.delete(FSNamesystem.java:2986)
	at org.apache.hadoop.hdfs.server.namenode.NameNodeRpcServer.delete(NameNodeRpcServer.java:1095)
	at org.apache.hadoop.hdfs.protocolPB.ClientNamenodeProtocolServerSideTranslatorPB.delete(ClientNamenodeProtocolServerSideTranslatorPB.java:692)
	at org.apache.hadoop.hdfs.protocol.proto.ClientNamenodeProtocolProtos$ClientNamenodeProtocol$2.callBlockingMethod(ClientNamenodeProtocolProtos.java)
	at org.apache.hadoop.ipc.ProtobufRpcEngine$Server$ProtoBufRpcInvoker.call(ProtobufRpcEngine.java:523)
	at org.apache.hadoop.ipc.RPC$Server.call(RPC.java:991)
	at org.apache.hadoop.ipc.Server$RpcCall.run(Server.java:872)
	at org.apache.hadoop.ipc.Server$RpcCall.run(Server.java:818)
	at java.security.AccessController.doPrivileged(Native Method)
	at javax.security.auth.Subject.doAs(Subject.java:422)
	at org.apache.hadoop.security.UserGroupInformation.doAs(UserGroupInformation.java:1729)
	at org.apache.hadoop.ipc.Server$Handler.run(Server.java:2678)
Caused by: org.apache.hadoop.hdfs.server.namenode.SafeModeException: Cannot delete /myfile5. Name node is in safe mode.
The reported blocks 157 has reached the threshold 0.9990 of total blocks 157. The number of live datanodes 3 has reached the minimum number 0. In safe mode extension. Safe mode will be turned off automatically in 0 seconds. NamenodeHostName:node-1-link-0
	at org.apache.hadoop.hdfs.server.namenode.FSNamesystem.newSafemodeException(FSNamesystem.java:1450)
	at org.apache.hadoop.hdfs.server.namenode.FSNamesystem.checkNameNodeSafeMode(FSNamesystem.java:1437)
	... 12 more
, while invoking ClientNamenodeProtocolTranslatorPB.delete over node-1-link-0/10.10.1.4:8020. Retrying after sleeping for 2543ms.
Deleted /myfile5
file 5 has been removed from HDFS
Found 20 items
-rw-r--r--   3 root supergroup  805306368 2019-02-20 02:19 /myfile1._COPYING_
-rw-r--r--   3 root supergroup  939524096 2019-02-20 02:20 /myfile10._COPYING_
-rw-r--r--   3 root supergroup 1073741824 2019-02-20 02:20 /myfile11
-rw-r--r--   3 root supergroup 1073741824 2019-02-20 02:19 /myfile12
-rw-r--r--   3 root supergroup 1073741824 2019-02-20 02:18 /myfile13
-rw-r--r--   3 root supergroup          0 2019-02-20 02:20 /myfile14._COPYING_
-rw-r--r--   3 root supergroup 1073741824 2019-02-20 02:17 /myfile15
-rw-r--r--   3 root supergroup 1073741824 2019-02-20 02:18 /myfile16
-rw-r--r--   3 root supergroup 1073741824 2019-02-20 02:17 /myfile17
-rw-r--r--   3 root supergroup 1073741824 2019-02-20 02:17 /myfile18
-rw-r--r--   3 root supergroup 1073741824 2019-02-20 02:17 /myfile19
-rw-r--r--   3 root supergroup  805306368 2019-02-20 02:20 /myfile2._COPYING_
-rw-r--r--   3 root supergroup 1073741824 2019-02-20 02:18 /myfile20
-rw-r--r--   3 root supergroup 1073741824 2019-02-20 02:18 /myfile3
-rw-r--r--   3 root supergroup 1073741824 2019-02-20 02:20 /myfile4
-rw-r--r--   3 root supergroup 1073741824 2019-02-20 02:20 /myfile5
-rw-r--r--   3 root supergroup 1073741824 2019-02-20 02:20 /myfile6
-rw-r--r--   3 root supergroup  939524096 2019-02-20 02:20 /myfile7._COPYING_
-rw-r--r--   3 root supergroup 1073741824 2019-02-20 02:17 /myfile8
-rw-r--r--   3 root supergroup  671088640 2019-02-20 02:20 /myfile9._COPYING_
file 5 has been put into HDFS
file 5 has been read from HDFS for 1 time
diff succeed!
file 5 has been read from HDFS for 2 time
diff succeed!
file 5 has been read from HDFS for 3 time
diff succeed!
file 5 has been read from HDFS for 4 time
diff succeed!
file 5 has been read from HDFS for 5 time
diff succeed!
file 5 has been read from HDFS for 6 time
diff succeed!
file 5 has been read from HDFS for 7 time
diff succeed!
file 5 has been read from HDFS for 8 time
diff succeed!
file 5 has been read from HDFS for 9 time
diff succeed!
file 5 has been read from HDFS for 10 time
diff succeed!
Deleted /myfile5
file 5 has been removed from HDFS
Found 20 items
-rw-r--r--   3 root supergroup 1073741824 2019-02-20 02:25 /myfile1
-rw-r--r--   3 root supergroup 1073741824 2019-02-20 02:20 /myfile10
-rw-r--r--   3 root supergroup 1073741824 2019-02-20 02:25 /myfile11
-rw-r--r--   3 root supergroup 1073741824 2019-02-20 02:24 /myfile12
-rw-r--r--   3 root supergroup 1073741824 2019-02-20 02:24 /myfile13
-rw-r--r--   3 root supergroup 1073741824 2019-02-20 02:20 /myfile14
-rw-r--r--   3 root supergroup 1073741824 2019-02-20 02:21 /myfile15
-rw-r--r--   3 root supergroup 1073741824 2019-02-20 02:23 /myfile16
-rw-r--r--   3 root supergroup 1073741824 2019-02-20 02:21 /myfile17
-rw-r--r--   3 root supergroup 1073741824 2019-02-20 02:21 /myfile18
-rw-r--r--   3 root supergroup 1073741824 2019-02-20 02:22 /myfile19
-rw-r--r--   3 root supergroup 1073741824 2019-02-20 02:25 /myfile2
-rw-r--r--   3 root supergroup 1073741824 2019-02-20 02:24 /myfile20
-rw-r--r--   3 root supergroup 1073741824 2019-02-20 02:22 /myfile3
-rw-r--r--   3 root supergroup 1073741824 2019-02-20 02:25 /myfile4
-rw-r--r--   3 root supergroup 1073741824 2019-02-20 02:25 /myfile5
-rw-r--r--   3 root supergroup 1073741824 2019-02-20 02:25 /myfile6
-rw-r--r--   3 root supergroup 1073741824 2019-02-20 02:20 /myfile7
-rw-r--r--   3 root supergroup 1073741824 2019-02-20 02:22 /myfile8
-rw-r--r--   3 root supergroup 1073741824 2019-02-20 02:25 /myfile9
file 5 has been put into HDFS
file 5 has been read from HDFS for 1 time
diff succeed!
file 5 has been read from HDFS for 2 time
diff succeed!
file 5 has been read from HDFS for 3 time
diff succeed!
file 5 has been read from HDFS for 4 time
diff succeed!
file 5 has been read from HDFS for 5 time
diff succeed!
file 5 has been read from HDFS for 6 time
diff succeed!
file 5 has been read from HDFS for 7 time
diff succeed!
file 5 has been read from HDFS for 8 time
diff succeed!
file 5 has been read from HDFS for 9 time
diff succeed!
file 5 has been read from HDFS for 10 time
diff succeed!
Deleted /myfile5
file 5 has been removed from HDFS
2019-02-20 02:29:35,133 INFO retry.RetryInvocationHandler: java.io.EOFException: End of File Exception between local host is: "clnode059.clemson.cloudlab.us/130.127.133.68"; destination host is: "node-1-link-0":8020; : java.io.EOFException; For more details see:  http://wiki.apache.org/hadoop/EOFException, while invoking ClientNamenodeProtocolTranslatorPB.addBlock over node-1-link-0/10.10.1.4:8020. Trying to failover immediately.
Found 19 items
-rw-r--r--   3 root supergroup 1073741824 2019-02-20 02:25 /myfile1
-rw-r--r--   3 root supergroup 1073741824 2019-02-20 02:28 /myfile10
-rw-r--r--   3 root supergroup 1073741824 2019-02-20 02:29 /myfile11
-rw-r--r--   3 root supergroup 1073741824 2019-02-20 02:24 /myfile12
-rw-r--r--   3 root supergroup 1073741824 2019-02-20 02:29 /myfile13
-rw-r--r--   3 root supergroup 1073741824 2019-02-20 02:28 /myfile14
-rw-r--r--   3 root supergroup 1073741824 2019-02-20 02:26 /myfile15
-rw-r--r--   3 root supergroup 1073741824 2019-02-20 02:28 /myfile16
-rw-r--r--   3 root supergroup 1073741824 2019-02-20 02:25 /myfile18
-rw-r--r--   3 root supergroup 1073741824 2019-02-20 02:29 /myfile19
-rw-r--r--   3 root supergroup 1073741824 2019-02-20 02:29 /myfile2
-rw-r--r--   3 root supergroup 1073741824 2019-02-20 02:24 /myfile20
-rw-r--r--   3 root supergroup 1073741824 2019-02-20 02:27 /myfile3
-rw-r--r--   3 root supergroup 1073741824 2019-02-20 02:29 /myfile4
-rw-r--r--   3 root supergroup 1073741824 2019-02-20 02:29 /myfile5
-rw-r--r--   3 root supergroup 1073741824 2019-02-20 02:29 /myfile6
-rw-r--r--   3 root supergroup 1073741824 2019-02-20 02:26 /myfile7
-rw-r--r--   3 root supergroup 1073741824 2019-02-20 02:28 /myfile8
-rw-r--r--   3 root supergroup 1073741824 2019-02-20 02:29 /myfile9
file 5 has been put into HDFS
file 5 has been read from HDFS for 1 time
diff succeed!
file 5 has been read from HDFS for 2 time
diff succeed!
file 5 has been read from HDFS for 3 time
diff succeed!
file 5 has been read from HDFS for 4 time
diff succeed!
file 5 has been read from HDFS for 5 time
diff succeed!
file 5 has been read from HDFS for 6 time
diff succeed!
file 5 has been read from HDFS for 7 time
diff succeed!
file 5 has been read from HDFS for 8 time
diff succeed!
file 5 has been read from HDFS for 9 time
diff succeed!
file 5 has been read from HDFS for 10 time
diff succeed!
Deleted /myfile5
file 5 has been removed from HDFS
Found 19 items
-rw-r--r--   3 root supergroup 1073741824 2019-02-20 02:32 /myfile1
-rw-r--r--   3 root supergroup 1073741824 2019-02-20 02:32 /myfile10
-rw-r--r--   3 root supergroup 1073741824 2019-02-20 02:33 /myfile11
-rw-r--r--   3 root supergroup  134217728 2019-02-20 02:34 /myfile12._COPYING_
-rw-r--r--   3 root supergroup 1073741824 2019-02-20 02:33 /myfile13
-rw-r--r--   3 root supergroup 1073741824 2019-02-20 02:32 /myfile14
-rw-r--r--   3 root supergroup 1073741824 2019-02-20 02:31 /myfile15
-rw-r--r--   3 root supergroup 1073741824 2019-02-20 02:32 /myfile16
-rw-r--r--   3 root supergroup 1073741824 2019-02-20 02:32 /myfile18
-rw-r--r--   3 root supergroup 1073741824 2019-02-20 02:34 /myfile19
-rw-r--r--   3 root supergroup 1073741824 2019-02-20 02:34 /myfile2
-rw-r--r--   3 root supergroup 1073741824 2019-02-20 02:32 /myfile20
-rw-r--r--   3 root supergroup 1073741824 2019-02-20 02:33 /myfile3
-rw-r--r--   3 root supergroup 1073741824 2019-02-20 02:33 /myfile4
-rw-r--r--   3 root supergroup 1073741824 2019-02-20 02:34 /myfile5
-rw-r--r--   3 root supergroup  805306368 2019-02-20 02:33 /myfile6._COPYING_
-rw-r--r--   3 root supergroup 1073741824 2019-02-20 02:32 /myfile7
-rw-r--r--   3 root supergroup 1073741824 2019-02-20 02:33 /myfile8
-rw-r--r--   3 root supergroup 1073741824 2019-02-20 02:33 /myfile9
file 5 has been put into HDFS
file 5 has been read from HDFS for 1 time
diff succeed!
file 5 has been read from HDFS for 2 time
diff succeed!
file 5 has been read from HDFS for 3 time
diff succeed!
file 5 has been read from HDFS for 4 time
diff succeed!
file 5 has been read from HDFS for 5 time
diff succeed!
file 5 has been read from HDFS for 6 time
diff succeed!
file 5 has been read from HDFS for 7 time
diff succeed!
file 5 has been read from HDFS for 8 time
diff succeed!
file 5 has been read from HDFS for 9 time
diff succeed!
file 5 has been read from HDFS for 10 time
diff succeed!
Deleted /myfile5
file 5 has been removed from HDFS
sub_benchmark 10 signal TERM catched and let quit gracefully
Found 10 items
-rw-r--r--   3 root supergroup 1073741824 2019-02-20 02:38 /myfile1
-rw-r--r--   3 root supergroup 1073741824 2019-02-20 02:38 /myfile13
-rw-r--r--   3 root supergroup 1073741824 2019-02-20 02:37 /myfile14
-rw-r--r--   3 root supergroup 1073741824 2019-02-20 02:40 /myfile15
-rw-r--r--   3 root supergroup 1073741824 2019-02-20 02:40 /myfile17
-rw-r--r--   3 root supergroup 1073741824 2019-02-20 02:37 /myfile3
-rw-r--r--   3 root supergroup 1073741824 2019-02-20 02:40 /myfile5
-rw-r--r--   3 root supergroup 1073741824 2019-02-20 02:37 /myfile7
-rw-r--r--   3 root supergroup 1073741824 2019-02-20 02:39 /myfile8
-rw-r--r--   3 root supergroup 1073741824 2019-02-20 02:39 /myfile9
file 5 has been put into HDFS
file 5 has been read from HDFS for 1 time
diff succeed!
Deleted /myfile5
file 5 has been removed from HDFS
