Found 20 items
-rw-r--r--   3 root supergroup 1073741824 2019-02-27 04:40 /myfile1
-rw-r--r--   3 root supergroup 1073741824 2019-02-27 04:40 /myfile10
-rw-r--r--   3 root supergroup 1073741824 2019-02-27 04:40 /myfile11
-rw-r--r--   3 root supergroup 1073741824 2019-02-27 04:40 /myfile12
-rw-r--r--   3 root supergroup 1073741824 2019-02-27 04:40 /myfile13
-rw-r--r--   3 root supergroup 1073741824 2019-02-27 04:40 /myfile14
-rw-r--r--   3 root supergroup 1073741824 2019-02-27 04:40 /myfile15
-rw-r--r--   3 root supergroup 1073741824 2019-02-27 04:40 /myfile16
-rw-r--r--   3 root supergroup 1073741824 2019-02-27 04:40 /myfile17
-rw-r--r--   3 root supergroup 1073741824 2019-02-27 04:40 /myfile18
-rw-r--r--   3 root supergroup 1073741824 2019-02-27 04:40 /myfile19
-rw-r--r--   3 root supergroup 1073741824 2019-02-27 04:40 /myfile2
-rw-r--r--   3 root supergroup 1073741824 2019-02-27 04:40 /myfile20
-rw-r--r--   3 root supergroup 1073741824 2019-02-27 04:40 /myfile3
-rw-r--r--   3 root supergroup 1073741824 2019-02-27 04:40 /myfile4
-rw-r--r--   3 root supergroup 1073741824 2019-02-27 04:40 /myfile5
-rw-r--r--   3 root supergroup 1073741824 2019-02-27 04:40 /myfile6
-rw-r--r--   3 root supergroup 1073741824 2019-02-27 04:40 /myfile7
-rw-r--r--   3 root supergroup 1073741824 2019-02-27 04:40 /myfile8
-rw-r--r--   3 root supergroup 1073741824 2019-02-27 04:40 /myfile9
file 2 has been put into HDFS
file 2 has been read from HDFS for 1 time
diff succeed!
file 2 has been read from HDFS for 2 time
diff succeed!
file 2 has been read from HDFS for 3 time
diff succeed!
file 2 has been read from HDFS for 4 time
diff succeed!
file 2 has been read from HDFS for 5 time
diff succeed!
file 2 has been read from HDFS for 6 time
diff succeed!
file 2 has been read from HDFS for 7 time
diff succeed!
file 2 has been read from HDFS for 8 time
diff succeed!
file 2 has been read from HDFS for 9 time
diff succeed!
file 2 has been read from HDFS for 10 time
diff succeed!
Deleted /myfile2
file 2 has been removed from HDFS
Found 20 items
-rw-r--r--   3 root supergroup 1073741824 2019-02-27 04:47 /myfile1
-rw-r--r--   3 root supergroup 1073741824 2019-02-27 04:44 /myfile10
-rw-r--r--   3 root supergroup 1073741824 2019-02-27 04:47 /myfile11
-rw-r--r--   3 root supergroup 1073741824 2019-02-27 04:47 /myfile12
-rw-r--r--   3 root supergroup 1073741824 2019-02-27 04:47 /myfile13
-rw-r--r--   3 root supergroup 1073741824 2019-02-27 04:44 /myfile14
-rw-r--r--   3 root supergroup 1073741824 2019-02-27 04:47 /myfile15
-rw-r--r--   3 root supergroup 1073741824 2019-02-27 04:47 /myfile16
-rw-r--r--   3 root supergroup 1073741824 2019-02-27 04:46 /myfile17
-rw-r--r--   3 root supergroup 1073741824 2019-02-27 04:44 /myfile18
-rw-r--r--   3 root supergroup 1073741824 2019-02-27 04:44 /myfile19
-rw-r--r--   3 root supergroup 1073741824 2019-02-27 04:47 /myfile2
-rw-r--r--   3 root supergroup 1073741824 2019-02-27 04:47 /myfile20
-rw-r--r--   3 root supergroup 1073741824 2019-02-27 04:44 /myfile3
-rw-r--r--   3 root supergroup 1073741824 2019-02-27 04:44 /myfile4
-rw-r--r--   3 root supergroup 1073741824 2019-02-27 04:46 /myfile5
-rw-r--r--   3 root supergroup 1073741824 2019-02-27 04:44 /myfile6
-rw-r--r--   3 root supergroup 1073741824 2019-02-27 04:44 /myfile7
-rw-r--r--   3 root supergroup 1073741824 2019-02-27 04:44 /myfile8
-rw-r--r--   3 root supergroup 1073741824 2019-02-27 04:46 /myfile9
file 2 has been put into HDFS
file 2 has been read from HDFS for 1 time
diff succeed!
file 2 has been read from HDFS for 2 time
diff succeed!
file 2 has been read from HDFS for 3 time
diff succeed!
file 2 has been read from HDFS for 4 time
diff succeed!
file 2 has been read from HDFS for 5 time
diff succeed!
file 2 has been read from HDFS for 6 time
diff succeed!
file 2 has been read from HDFS for 7 time
diff succeed!
file 2 has been read from HDFS for 8 time
diff succeed!
file 2 has been read from HDFS for 9 time
diff succeed!
file 2 has been read from HDFS for 10 time
diff succeed!
Deleted /myfile2
file 2 has been removed from HDFS
Found 19 items
-rw-r--r--   3 root supergroup 1073741824 2019-02-27 04:47 /myfile1
-rw-r--r--   3 root supergroup 1073741824 2019-02-27 04:48 /myfile10
-rw-r--r--   3 root supergroup 1073741824 2019-02-27 04:51 /myfile11
-rw-r--r--   3 root supergroup 1073741824 2019-02-27 04:51 /myfile12
-rw-r--r--   3 root supergroup 1073741824 2019-02-27 04:51 /myfile13
-rw-r--r--   3 root supergroup 1073741824 2019-02-27 04:50 /myfile14
-rw-r--r--   3 root supergroup 1073741824 2019-02-27 04:51 /myfile15
-rw-r--r--   3 root supergroup 1073741824 2019-02-27 04:51 /myfile16
-rw-r--r--   3 root supergroup 1073741824 2019-02-27 04:48 /myfile18
-rw-r--r--   3 root supergroup 1073741824 2019-02-27 04:49 /myfile19
-rw-r--r--   3 root supergroup 1073741824 2019-02-27 04:51 /myfile2
-rw-r--r--   3 root supergroup 1073741824 2019-02-27 04:51 /myfile20
-rw-r--r--   3 root supergroup 1073741824 2019-02-27 04:48 /myfile3
-rw-r--r--   3 root supergroup 1073741824 2019-02-27 04:48 /myfile4
-rw-r--r--   3 root supergroup 1073741824 2019-02-27 04:50 /myfile5
-rw-r--r--   3 root supergroup 1073741824 2019-02-27 04:48 /myfile6
-rw-r--r--   3 root supergroup 1073741824 2019-02-27 04:49 /myfile7
-rw-r--r--   3 root supergroup 1073741824 2019-02-27 04:48 /myfile8
-rw-r--r--   3 root supergroup 1073741824 2019-02-27 04:50 /myfile9
file 2 has been put into HDFS
file 2 has been read from HDFS for 1 time
diff succeed!
file 2 has been read from HDFS for 2 time
diff succeed!
file 2 has been read from HDFS for 3 time
diff succeed!
file 2 has been read from HDFS for 4 time
diff succeed!
file 2 has been read from HDFS for 5 time
diff succeed!
file 2 has been read from HDFS for 6 time
diff succeed!
file 2 has been read from HDFS for 7 time
diff succeed!
file 2 has been read from HDFS for 8 time
diff succeed!
file 2 has been read from HDFS for 9 time
diff succeed!
file 2 has been read from HDFS for 10 time
diff succeed!
Deleted /myfile2
file 2 has been removed from HDFS
Found 18 items
-rw-r--r--   3 root supergroup 1073741824 2019-02-27 04:53 /myfile1
-rw-r--r--   3 root supergroup 1073741824 2019-02-27 04:52 /myfile10
-rw-r--r--   3 root supergroup 1073741824 2019-02-27 04:55 /myfile12
-rw-r--r--   3 root supergroup 1073741824 2019-02-27 04:56 /myfile13
-rw-r--r--   3 root supergroup 1073741824 2019-02-27 04:56 /myfile14
-rw-r--r--   3 root supergroup  805306368 2019-02-27 04:56 /myfile15._COPYING_
-rw-r--r--   3 root supergroup 1073741824 2019-02-27 04:55 /myfile16
-rw-r--r--   3 root supergroup 1073741824 2019-02-27 04:55 /myfile17
-rw-r--r--   3 root supergroup 1073741824 2019-02-27 04:53 /myfile18
-rw-r--r--   3 root supergroup 1073741824 2019-02-27 04:54 /myfile19
-rw-r--r--   3 root supergroup 1073741824 2019-02-27 04:56 /myfile2
-rw-r--r--   3 root supergroup 1073741824 2019-02-27 04:55 /myfile20
-rw-r--r--   3 root supergroup 1073741824 2019-02-27 04:54 /myfile4
-rw-r--r--   3 root supergroup 1073741824 2019-02-27 04:55 /myfile5
-rw-r--r--   3 root supergroup 1073741824 2019-02-27 04:53 /myfile6
-rw-r--r--   3 root supergroup 1073741824 2019-02-27 04:54 /myfile7
-rw-r--r--   3 root supergroup 1073741824 2019-02-27 04:52 /myfile8
-rw-r--r--   3 root supergroup 1073741824 2019-02-27 04:54 /myfile9
file 2 has been put into HDFS
file 2 has been read from HDFS for 1 time
diff succeed!
file 2 has been read from HDFS for 2 time
diff succeed!
file 2 has been read from HDFS for 3 time
diff succeed!
file 2 has been read from HDFS for 4 time
diff succeed!
file 2 has been read from HDFS for 5 time
diff succeed!
file 2 has been read from HDFS for 6 time
diff succeed!
file 2 has been read from HDFS for 7 time
diff succeed!
file 2 has been read from HDFS for 8 time
diff succeed!
file 2 has been read from HDFS for 9 time
diff succeed!
file 2 has been read from HDFS for 10 time
diff succeed!
Deleted /myfile2
file 2 has been removed from HDFS
Found 17 items
-rw-r--r--   3 root supergroup 1073741824 2019-02-27 04:57 /myfile1
-rw-r--r--   3 root supergroup 1073741824 2019-02-27 04:56 /myfile11
-rw-r--r--   3 root supergroup 1073741824 2019-02-27 04:59 /myfile12
-rw-r--r--   3 root supergroup 1073741824 2019-02-27 05:00 /myfile13
-rw-r--r--   3 root supergroup 1073741824 2019-02-27 05:00 /myfile14
-rw-r--r--   3 root supergroup 1073741824 2019-02-27 04:56 /myfile15
-rw-r--r--   3 root supergroup 1073741824 2019-02-27 04:59 /myfile17
-rw-r--r--   3 root supergroup 1073741824 2019-02-27 04:57 /myfile18
-rw-r--r--   3 root supergroup 1073741824 2019-02-27 04:58 /myfile19
-rw-r--r--   3 root supergroup 1073741824 2019-02-27 05:00 /myfile2
-rw-r--r--   3 root supergroup  536870912 2019-02-27 05:00 /myfile20._COPYING_
-rw-r--r--   3 root supergroup 1073741824 2019-02-27 04:58 /myfile4
-rw-r--r--   3 root supergroup 1073741824 2019-02-27 04:59 /myfile5
-rw-r--r--   3 root supergroup 1073741824 2019-02-27 04:57 /myfile6
-rw-r--r--   3 root supergroup 1073741824 2019-02-27 04:59 /myfile7
-rw-r--r--   3 root supergroup 1073741824 2019-02-27 04:57 /myfile8
-rw-r--r--   3 root supergroup 1073741824 2019-02-27 04:58 /myfile9
file 2 has been put into HDFS
file 2 has been read from HDFS for 1 time
diff succeed!
file 2 has been read from HDFS for 2 time
diff succeed!
file 2 has been read from HDFS for 3 time
diff succeed!
file 2 has been read from HDFS for 4 time
diff succeed!
file 2 has been read from HDFS for 5 time
diff succeed!
file 2 has been read from HDFS for 6 time
diff succeed!
file 2 has been read from HDFS for 7 time
diff succeed!
file 2 has been read from HDFS for 8 time
diff succeed!
file 2 has been read from HDFS for 9 time
diff succeed!
file 2 has been read from HDFS for 10 time
diff succeed!
Deleted /myfile2
file 2 has been removed from HDFS
2019-02-27 05:04:32,267 INFO retry.RetryInvocationHandler: org.apache.hadoop.ipc.RemoteException(org.apache.hadoop.ipc.RetriableException): org.apache.hadoop.hdfs.server.namenode.SafeModeException: Cannot create file/myfile2._COPYING_. Name node is in safe mode.
The reported blocks 136 has reached the threshold 0.9990 of total blocks 136. The number of live datanodes 3 has reached the minimum number 0. In safe mode extension. Safe mode will be turned off automatically in 27 seconds. NamenodeHostName:node-0-link-0
	at org.apache.hadoop.hdfs.server.namenode.FSNamesystem.checkNameNodeSafeMode(FSNamesystem.java:1441)
	at org.apache.hadoop.hdfs.server.namenode.FSNamesystem.startFileInt(FSNamesystem.java:2401)
	at org.apache.hadoop.hdfs.server.namenode.FSNamesystem.startFile(FSNamesystem.java:2347)
	at org.apache.hadoop.hdfs.server.namenode.NameNodeRpcServer.create(NameNodeRpcServer.java:774)
	at org.apache.hadoop.hdfs.protocolPB.ClientNamenodeProtocolServerSideTranslatorPB.create(ClientNamenodeProtocolServerSideTranslatorPB.java:462)
	at org.apache.hadoop.hdfs.protocol.proto.ClientNamenodeProtocolProtos$ClientNamenodeProtocol$2.callBlockingMethod(ClientNamenodeProtocolProtos.java)
	at org.apache.hadoop.ipc.ProtobufRpcEngine$Server$ProtoBufRpcInvoker.call(ProtobufRpcEngine.java:523)
	at org.apache.hadoop.ipc.RPC$Server.call(RPC.java:991)
	at org.apache.hadoop.ipc.Server$RpcCall.run(Server.java:872)
	at org.apache.hadoop.ipc.Server$RpcCall.run(Server.java:818)
	at java.security.AccessController.doPrivileged(Native Method)
	at javax.security.auth.Subject.doAs(Subject.java:422)
	at org.apache.hadoop.security.UserGroupInformation.doAs(UserGroupInformation.java:1729)
	at org.apache.hadoop.ipc.Server$Handler.run(Server.java:2678)
Caused by: org.apache.hadoop.hdfs.server.namenode.SafeModeException: Cannot create file/myfile2._COPYING_. Name node is in safe mode.
The reported blocks 136 has reached the threshold 0.9990 of total blocks 136. The number of live datanodes 3 has reached the minimum number 0. In safe mode extension. Safe mode will be turned off automatically in 27 seconds. NamenodeHostName:node-0-link-0
	at org.apache.hadoop.hdfs.server.namenode.FSNamesystem.newSafemodeException(FSNamesystem.java:1450)
	at org.apache.hadoop.hdfs.server.namenode.FSNamesystem.checkNameNodeSafeMode(FSNamesystem.java:1437)
	... 13 more
, while invoking ClientNamenodeProtocolTranslatorPB.create over node-0-link-0/10.10.1.1:8020. Retrying immediately.
2019-02-27 05:04:32,272 INFO retry.RetryInvocationHandler: org.apache.hadoop.ipc.RemoteException(org.apache.hadoop.ipc.RetriableException): org.apache.hadoop.hdfs.server.namenode.SafeModeException: Cannot create file/myfile2._COPYING_. Name node is in safe mode.
The reported blocks 136 has reached the threshold 0.9990 of total blocks 136. The number of live datanodes 3 has reached the minimum number 0. In safe mode extension. Safe mode will be turned off automatically in 27 seconds. NamenodeHostName:node-0-link-0
	at org.apache.hadoop.hdfs.server.namenode.FSNamesystem.checkNameNodeSafeMode(FSNamesystem.java:1441)
	at org.apache.hadoop.hdfs.server.namenode.FSNamesystem.startFileInt(FSNamesystem.java:2401)
	at org.apache.hadoop.hdfs.server.namenode.FSNamesystem.startFile(FSNamesystem.java:2347)
	at org.apache.hadoop.hdfs.server.namenode.NameNodeRpcServer.create(NameNodeRpcServer.java:774)
	at org.apache.hadoop.hdfs.protocolPB.ClientNamenodeProtocolServerSideTranslatorPB.create(ClientNamenodeProtocolServerSideTranslatorPB.java:462)
	at org.apache.hadoop.hdfs.protocol.proto.ClientNamenodeProtocolProtos$ClientNamenodeProtocol$2.callBlockingMethod(ClientNamenodeProtocolProtos.java)
	at org.apache.hadoop.ipc.ProtobufRpcEngine$Server$ProtoBufRpcInvoker.call(ProtobufRpcEngine.java:523)
	at org.apache.hadoop.ipc.RPC$Server.call(RPC.java:991)
	at org.apache.hadoop.ipc.Server$RpcCall.run(Server.java:872)
	at org.apache.hadoop.ipc.Server$RpcCall.run(Server.java:818)
	at java.security.AccessController.doPrivileged(Native Method)
	at javax.security.auth.Subject.doAs(Subject.java:422)
	at org.apache.hadoop.security.UserGroupInformation.doAs(UserGroupInformation.java:1729)
	at org.apache.hadoop.ipc.Server$Handler.run(Server.java:2678)
Caused by: org.apache.hadoop.hdfs.server.namenode.SafeModeException: Cannot create file/myfile2._COPYING_. Name node is in safe mode.
The reported blocks 136 has reached the threshold 0.9990 of total blocks 136. The number of live datanodes 3 has reached the minimum number 0. In safe mode extension. Safe mode will be turned off automatically in 27 seconds. NamenodeHostName:node-0-link-0
	at org.apache.hadoop.hdfs.server.namenode.FSNamesystem.newSafemodeException(FSNamesystem.java:1450)
	at org.apache.hadoop.hdfs.server.namenode.FSNamesystem.checkNameNodeSafeMode(FSNamesystem.java:1437)
	... 13 more
, while invoking ClientNamenodeProtocolTranslatorPB.create over node-0-link-0/10.10.1.1:8020. Retrying after sleeping for 1226ms.
2019-02-27 05:04:33,501 INFO retry.RetryInvocationHandler: org.apache.hadoop.ipc.RemoteException(org.apache.hadoop.ipc.RetriableException): org.apache.hadoop.hdfs.server.namenode.SafeModeException: Cannot create file/myfile2._COPYING_. Name node is in safe mode.
The reported blocks 136 has reached the threshold 0.9990 of total blocks 136. The number of live datanodes 3 has reached the minimum number 0. In safe mode extension. Safe mode will be turned off automatically in 26 seconds. NamenodeHostName:node-0-link-0
	at org.apache.hadoop.hdfs.server.namenode.FSNamesystem.checkNameNodeSafeMode(FSNamesystem.java:1441)
	at org.apache.hadoop.hdfs.server.namenode.FSNamesystem.startFileInt(FSNamesystem.java:2401)
	at org.apache.hadoop.hdfs.server.namenode.FSNamesystem.startFile(FSNamesystem.java:2347)
	at org.apache.hadoop.hdfs.server.namenode.NameNodeRpcServer.create(NameNodeRpcServer.java:774)
	at org.apache.hadoop.hdfs.protocolPB.ClientNamenodeProtocolServerSideTranslatorPB.create(ClientNamenodeProtocolServerSideTranslatorPB.java:462)
	at org.apache.hadoop.hdfs.protocol.proto.ClientNamenodeProtocolProtos$ClientNamenodeProtocol$2.callBlockingMethod(ClientNamenodeProtocolProtos.java)
	at org.apache.hadoop.ipc.ProtobufRpcEngine$Server$ProtoBufRpcInvoker.call(ProtobufRpcEngine.java:523)
	at org.apache.hadoop.ipc.RPC$Server.call(RPC.java:991)
	at org.apache.hadoop.ipc.Server$RpcCall.run(Server.java:872)
	at org.apache.hadoop.ipc.Server$RpcCall.run(Server.java:818)
	at java.security.AccessController.doPrivileged(Native Method)
	at javax.security.auth.Subject.doAs(Subject.java:422)
	at org.apache.hadoop.security.UserGroupInformation.doAs(UserGroupInformation.java:1729)
	at org.apache.hadoop.ipc.Server$Handler.run(Server.java:2678)
Caused by: org.apache.hadoop.hdfs.server.namenode.SafeModeException: Cannot create file/myfile2._COPYING_. Name node is in safe mode.
The reported blocks 136 has reached the threshold 0.9990 of total blocks 136. The number of live datanodes 3 has reached the minimum number 0. In safe mode extension. Safe mode will be turned off automatically in 26 seconds. NamenodeHostName:node-0-link-0
	at org.apache.hadoop.hdfs.server.namenode.FSNamesystem.newSafemodeException(FSNamesystem.java:1450)
	at org.apache.hadoop.hdfs.server.namenode.FSNamesystem.checkNameNodeSafeMode(FSNamesystem.java:1437)
	... 13 more
, while invoking ClientNamenodeProtocolTranslatorPB.create over node-0-link-0/10.10.1.1:8020. Retrying after sleeping for 1909ms.
2019-02-27 05:04:35,414 INFO retry.RetryInvocationHandler: org.apache.hadoop.ipc.RemoteException(org.apache.hadoop.ipc.RetriableException): org.apache.hadoop.hdfs.server.namenode.SafeModeException: Cannot create file/myfile2._COPYING_. Name node is in safe mode.
The reported blocks 136 has reached the threshold 0.9990 of total blocks 136. The number of live datanodes 3 has reached the minimum number 0. In safe mode extension. Safe mode will be turned off automatically in 24 seconds. NamenodeHostName:node-0-link-0
	at org.apache.hadoop.hdfs.server.namenode.FSNamesystem.checkNameNodeSafeMode(FSNamesystem.java:1441)
	at org.apache.hadoop.hdfs.server.namenode.FSNamesystem.startFileInt(FSNamesystem.java:2401)
	at org.apache.hadoop.hdfs.server.namenode.FSNamesystem.startFile(FSNamesystem.java:2347)
	at org.apache.hadoop.hdfs.server.namenode.NameNodeRpcServer.create(NameNodeRpcServer.java:774)
	at org.apache.hadoop.hdfs.protocolPB.ClientNamenodeProtocolServerSideTranslatorPB.create(ClientNamenodeProtocolServerSideTranslatorPB.java:462)
	at org.apache.hadoop.hdfs.protocol.proto.ClientNamenodeProtocolProtos$ClientNamenodeProtocol$2.callBlockingMethod(ClientNamenodeProtocolProtos.java)
	at org.apache.hadoop.ipc.ProtobufRpcEngine$Server$ProtoBufRpcInvoker.call(ProtobufRpcEngine.java:523)
	at org.apache.hadoop.ipc.RPC$Server.call(RPC.java:991)
	at org.apache.hadoop.ipc.Server$RpcCall.run(Server.java:872)
	at org.apache.hadoop.ipc.Server$RpcCall.run(Server.java:818)
	at java.security.AccessController.doPrivileged(Native Method)
	at javax.security.auth.Subject.doAs(Subject.java:422)
	at org.apache.hadoop.security.UserGroupInformation.doAs(UserGroupInformation.java:1729)
	at org.apache.hadoop.ipc.Server$Handler.run(Server.java:2678)
Caused by: org.apache.hadoop.hdfs.server.namenode.SafeModeException: Cannot create file/myfile2._COPYING_. Name node is in safe mode.
The reported blocks 136 has reached the threshold 0.9990 of total blocks 136. The number of live datanodes 3 has reached the minimum number 0. In safe mode extension. Safe mode will be turned off automatically in 24 seconds. NamenodeHostName:node-0-link-0
	at org.apache.hadoop.hdfs.server.namenode.FSNamesystem.newSafemodeException(FSNamesystem.java:1450)
	at org.apache.hadoop.hdfs.server.namenode.FSNamesystem.checkNameNodeSafeMode(FSNamesystem.java:1437)
	... 13 more
, while invoking ClientNamenodeProtocolTranslatorPB.create over node-0-link-0/10.10.1.1:8020. Retrying after sleeping for 4057ms.
2019-02-27 05:04:39,474 INFO retry.RetryInvocationHandler: org.apache.hadoop.ipc.RemoteException(org.apache.hadoop.ipc.RetriableException): org.apache.hadoop.hdfs.server.namenode.SafeModeException: Cannot create file/myfile2._COPYING_. Name node is in safe mode.
The reported blocks 136 has reached the threshold 0.9990 of total blocks 136. The number of live datanodes 3 has reached the minimum number 0. In safe mode extension. Safe mode will be turned off automatically in 20 seconds. NamenodeHostName:node-0-link-0
	at org.apache.hadoop.hdfs.server.namenode.FSNamesystem.checkNameNodeSafeMode(FSNamesystem.java:1441)
	at org.apache.hadoop.hdfs.server.namenode.FSNamesystem.startFileInt(FSNamesystem.java:2401)
	at org.apache.hadoop.hdfs.server.namenode.FSNamesystem.startFile(FSNamesystem.java:2347)
	at org.apache.hadoop.hdfs.server.namenode.NameNodeRpcServer.create(NameNodeRpcServer.java:774)
	at org.apache.hadoop.hdfs.protocolPB.ClientNamenodeProtocolServerSideTranslatorPB.create(ClientNamenodeProtocolServerSideTranslatorPB.java:462)
	at org.apache.hadoop.hdfs.protocol.proto.ClientNamenodeProtocolProtos$ClientNamenodeProtocol$2.callBlockingMethod(ClientNamenodeProtocolProtos.java)
	at org.apache.hadoop.ipc.ProtobufRpcEngine$Server$ProtoBufRpcInvoker.call(ProtobufRpcEngine.java:523)
	at org.apache.hadoop.ipc.RPC$Server.call(RPC.java:991)
	at org.apache.hadoop.ipc.Server$RpcCall.run(Server.java:872)
	at org.apache.hadoop.ipc.Server$RpcCall.run(Server.java:818)
	at java.security.AccessController.doPrivileged(Native Method)
	at javax.security.auth.Subject.doAs(Subject.java:422)
	at org.apache.hadoop.security.UserGroupInformation.doAs(UserGroupInformation.java:1729)
	at org.apache.hadoop.ipc.Server$Handler.run(Server.java:2678)
Caused by: org.apache.hadoop.hdfs.server.namenode.SafeModeException: Cannot create file/myfile2._COPYING_. Name node is in safe mode.
The reported blocks 136 has reached the threshold 0.9990 of total blocks 136. The number of live datanodes 3 has reached the minimum number 0. In safe mode extension. Safe mode will be turned off automatically in 20 seconds. NamenodeHostName:node-0-link-0
	at org.apache.hadoop.hdfs.server.namenode.FSNamesystem.newSafemodeException(FSNamesystem.java:1450)
	at org.apache.hadoop.hdfs.server.namenode.FSNamesystem.checkNameNodeSafeMode(FSNamesystem.java:1437)
	... 13 more
, while invoking ClientNamenodeProtocolTranslatorPB.create over node-0-link-0/10.10.1.1:8020. Retrying after sleeping for 8618ms.
2019-02-27 05:04:48,096 INFO retry.RetryInvocationHandler: org.apache.hadoop.ipc.RemoteException(org.apache.hadoop.ipc.RetriableException): org.apache.hadoop.hdfs.server.namenode.SafeModeException: Cannot create file/myfile2._COPYING_. Name node is in safe mode.
The reported blocks 136 has reached the threshold 0.9990 of total blocks 136. The number of live datanodes 3 has reached the minimum number 0. In safe mode extension. Safe mode will be turned off automatically in 12 seconds. NamenodeHostName:node-0-link-0
	at org.apache.hadoop.hdfs.server.namenode.FSNamesystem.checkNameNodeSafeMode(FSNamesystem.java:1441)
	at org.apache.hadoop.hdfs.server.namenode.FSNamesystem.startFileInt(FSNamesystem.java:2401)
	at org.apache.hadoop.hdfs.server.namenode.FSNamesystem.startFile(FSNamesystem.java:2347)
	at org.apache.hadoop.hdfs.server.namenode.NameNodeRpcServer.create(NameNodeRpcServer.java:774)
	at org.apache.hadoop.hdfs.protocolPB.ClientNamenodeProtocolServerSideTranslatorPB.create(ClientNamenodeProtocolServerSideTranslatorPB.java:462)
	at org.apache.hadoop.hdfs.protocol.proto.ClientNamenodeProtocolProtos$ClientNamenodeProtocol$2.callBlockingMethod(ClientNamenodeProtocolProtos.java)
	at org.apache.hadoop.ipc.ProtobufRpcEngine$Server$ProtoBufRpcInvoker.call(ProtobufRpcEngine.java:523)
	at org.apache.hadoop.ipc.RPC$Server.call(RPC.java:991)
	at org.apache.hadoop.ipc.Server$RpcCall.run(Server.java:872)
	at org.apache.hadoop.ipc.Server$RpcCall.run(Server.java:818)
	at java.security.AccessController.doPrivileged(Native Method)
	at javax.security.auth.Subject.doAs(Subject.java:422)
	at org.apache.hadoop.security.UserGroupInformation.doAs(UserGroupInformation.java:1729)
	at org.apache.hadoop.ipc.Server$Handler.run(Server.java:2678)
Caused by: org.apache.hadoop.hdfs.server.namenode.SafeModeException: Cannot create file/myfile2._COPYING_. Name node is in safe mode.
The reported blocks 136 has reached the threshold 0.9990 of total blocks 136. The number of live datanodes 3 has reached the minimum number 0. In safe mode extension. Safe mode will be turned off automatically in 12 seconds. NamenodeHostName:node-0-link-0
	at org.apache.hadoop.hdfs.server.namenode.FSNamesystem.newSafemodeException(FSNamesystem.java:1450)
	at org.apache.hadoop.hdfs.server.namenode.FSNamesystem.checkNameNodeSafeMode(FSNamesystem.java:1437)
	... 13 more
, while invoking ClientNamenodeProtocolTranslatorPB.create over node-0-link-0/10.10.1.1:8020. Retrying after sleeping for 20810ms.
Found 15 items
-rw-r--r--   3 root supergroup  805306368 2019-02-27 05:05 /myfile10._COPYING_
-rw-r--r--   3 root supergroup          0 2019-02-27 05:05 /myfile11._COPYING_
-rw-r--r--   3 root supergroup 1073741824 2019-02-27 05:03 /myfile12
-rw-r--r--   3 root supergroup 1073741824 2019-02-27 05:05 /myfile13
-rw-r--r--   3 root supergroup 1073741824 2019-02-27 05:04 /myfile14
-rw-r--r--   3 root supergroup          0 2019-02-27 05:05 /myfile16._COPYING_
-rw-r--r--   3 root supergroup 1073741824 2019-02-27 05:03 /myfile17
-rw-r--r--   3 root supergroup 1073741824 2019-02-27 05:02 /myfile19
-rw-r--r--   3 root supergroup 1073741824 2019-02-27 05:05 /myfile2
-rw-r--r--   3 root supergroup 1073741824 2019-02-27 05:05 /myfile20
-rw-r--r--   3 root supergroup 1073741824 2019-02-27 05:03 /myfile4
-rw-r--r--   3 root supergroup 1073741824 2019-02-27 05:03 /myfile5
-rw-r--r--   3 root supergroup          0 2019-02-27 05:05 /myfile6._COPYING_
-rw-r--r--   3 root supergroup 1073741824 2019-02-27 05:04 /myfile7
-rw-r--r--   3 root supergroup 1073741824 2019-02-27 05:03 /myfile9
file 2 has been put into HDFS
file 2 has been read from HDFS for 1 time
diff succeed!
file 2 has been read from HDFS for 2 time
diff succeed!
file 2 has been read from HDFS for 3 time
diff succeed!
file 2 has been read from HDFS for 4 time
diff succeed!
file 2 has been read from HDFS for 5 time
diff succeed!
file 2 has been read from HDFS for 6 time
diff succeed!
file 2 has been read from HDFS for 7 time
diff succeed!
file 2 has been read from HDFS for 8 time
diff succeed!
file 2 has been read from HDFS for 9 time
diff succeed!
file 2 has been read from HDFS for 10 time
diff succeed!
Deleted /myfile2
file 2 has been removed from HDFS
Found 20 items
-rw-r--r--   3 root supergroup 1073741824 2019-02-27 05:09 /myfile1
-rw-r--r--   3 root supergroup 1073741824 2019-02-27 05:09 /myfile10
-rw-r--r--   3 root supergroup 1073741824 2019-02-27 05:09 /myfile11
-rw-r--r--   3 root supergroup 1073741824 2019-02-27 05:08 /myfile12
-rw-r--r--   3 root supergroup 1073741824 2019-02-27 05:09 /myfile13
-rw-r--r--   3 root supergroup 1073741824 2019-02-27 05:08 /myfile14
-rw-r--r--   3 root supergroup 1073741824 2019-02-27 05:09 /myfile15
-rw-r--r--   3 root supergroup          0 2019-02-27 05:10 /myfile16._COPYING_
-rw-r--r--   3 root supergroup 1073741824 2019-02-27 05:08 /myfile17
-rw-r--r--   3 root supergroup 1073741824 2019-02-27 05:09 /myfile18
-rw-r--r--   3 root supergroup 1073741824 2019-02-27 05:07 /myfile19
-rw-r--r--   3 root supergroup 1073741824 2019-02-27 05:10 /myfile2
-rw-r--r--   3 root supergroup 1073741824 2019-02-27 05:10 /myfile20
-rw-r--r--   3 root supergroup 1073741824 2019-02-27 05:09 /myfile3
-rw-r--r--   3 root supergroup 1073741824 2019-02-27 05:07 /myfile4
-rw-r--r--   3 root supergroup 1073741824 2019-02-27 05:08 /myfile5
-rw-r--r--   3 root supergroup 1073741824 2019-02-27 05:09 /myfile6
-rw-r--r--   3 root supergroup 1073741824 2019-02-27 05:09 /myfile7
-rw-r--r--   3 root supergroup 1073741824 2019-02-27 05:09 /myfile8
-rw-r--r--   3 root supergroup 1073741824 2019-02-27 05:07 /myfile9
file 2 has been put into HDFS
file 2 has been read from HDFS for 1 time
diff succeed!
file 2 has been read from HDFS for 2 time
diff succeed!
file 2 has been read from HDFS for 3 time
diff succeed!
file 2 has been read from HDFS for 4 time
diff succeed!
file 2 has been read from HDFS for 5 time
diff succeed!
file 2 has been read from HDFS for 6 time
diff succeed!
file 2 has been read from HDFS for 7 time
diff succeed!
file 2 has been read from HDFS for 8 time
diff succeed!
file 2 has been read from HDFS for 9 time
diff succeed!
file 2 has been read from HDFS for 10 time
diff succeed!
Deleted /myfile2
file 2 has been removed from HDFS
2019-02-27 05:15:07,231 INFO retry.RetryInvocationHandler: java.net.ConnectException: Call From clnode059.clemson.cloudlab.us/130.127.133.68 to node-0-link-0:8020 failed on connection exception: java.net.ConnectException: Connection refused; For more details see:  http://wiki.apache.org/hadoop/ConnectionRefused, while invoking ClientNamenodeProtocolTranslatorPB.addBlock over node-0-link-0/10.10.1.1:8020. Trying to failover immediately.
Found 20 items
-rw-r--r--   3 root supergroup 1073741824 2019-02-27 05:13 /myfile1
-rw-r--r--   3 root supergroup 1073741824 2019-02-27 05:13 /myfile10
-rw-r--r--   3 root supergroup 1073741824 2019-02-27 05:15 /myfile11
-rw-r--r--   3 root supergroup 1073741824 2019-02-27 05:13 /myfile12
-rw-r--r--   3 root supergroup 1073741824 2019-02-27 05:13 /myfile13
-rw-r--r--   3 root supergroup 1073741824 2019-02-27 05:12 /myfile14
-rw-r--r--   3 root supergroup 1073741824 2019-02-27 05:14 /myfile15
-rw-r--r--   3 root supergroup 1073741824 2019-02-27 05:15 /myfile16
-rw-r--r--   3 root supergroup 1073741824 2019-02-27 05:12 /myfile17
-rw-r--r--   3 root supergroup 1073741824 2019-02-27 05:13 /myfile18
-rw-r--r--   3 root supergroup 1073741824 2019-02-27 05:11 /myfile19
-rw-r--r--   3 root supergroup 1073741824 2019-02-27 05:15 /myfile2
-rw-r--r--   3 root supergroup 1073741824 2019-02-27 05:14 /myfile20
-rw-r--r--   3 root supergroup 1073741824 2019-02-27 05:14 /myfile3
-rw-r--r--   3 root supergroup 1073741824 2019-02-27 05:11 /myfile4
-rw-r--r--   3 root supergroup 1073741824 2019-02-27 05:12 /myfile5
-rw-r--r--   3 root supergroup 1073741824 2019-02-27 05:13 /myfile6
-rw-r--r--   3 root supergroup 1073741824 2019-02-27 05:14 /myfile7
-rw-r--r--   3 root supergroup 1073741824 2019-02-27 05:14 /myfile8
-rw-r--r--   3 root supergroup 1073741824 2019-02-27 05:12 /myfile9
file 2 has been put into HDFS
file 2 has been read from HDFS for 1 time
diff succeed!
file 2 has been read from HDFS for 2 time
diff succeed!
file 2 has been read from HDFS for 3 time
diff succeed!
file 2 has been read from HDFS for 4 time
diff succeed!
file 2 has been read from HDFS for 5 time
diff succeed!
file 2 has been read from HDFS for 6 time
diff succeed!
file 2 has been read from HDFS for 7 time
diff succeed!
file 2 has been read from HDFS for 8 time
diff succeed!
file 2 has been read from HDFS for 9 time
diff succeed!
file 2 has been read from HDFS for 10 time
diff succeed!
Deleted /myfile2
file 2 has been removed from HDFS
Found 20 items
-rw-r--r--   3 root supergroup 1073741824 2019-02-27 05:17 /myfile1
-rw-r--r--   3 root supergroup 1073741824 2019-02-27 05:17 /myfile10
-rw-r--r--   3 root supergroup 1073741824 2019-02-27 05:18 /myfile11
-rw-r--r--   3 root supergroup 1073741824 2019-02-27 05:17 /myfile12
-rw-r--r--   3 root supergroup 1073741824 2019-02-27 05:18 /myfile13
-rw-r--r--   3 root supergroup 1073741824 2019-02-27 05:16 /myfile14
-rw-r--r--   3 root supergroup 1073741824 2019-02-27 05:18 /myfile15
-rw-r--r--   3 root supergroup 1073741824 2019-02-27 05:15 /myfile16
-rw-r--r--   3 root supergroup 1073741824 2019-02-27 05:17 /myfile17
-rw-r--r--   3 root supergroup 1073741824 2019-02-27 05:16 /myfile18
-rw-r--r--   3 root supergroup 1073741824 2019-02-27 05:16 /myfile19
-rw-r--r--   3 root supergroup 1073741824 2019-02-27 05:19 /myfile2
-rw-r--r--   3 root supergroup 1073741824 2019-02-27 05:18 /myfile20
-rw-r--r--   3 root supergroup 1073741824 2019-02-27 05:18 /myfile3
-rw-r--r--   3 root supergroup 1073741824 2019-02-27 05:15 /myfile4
-rw-r--r--   3 root supergroup 1073741824 2019-02-27 05:16 /myfile5
-rw-r--r--   3 root supergroup 1073741824 2019-02-27 05:17 /myfile6
-rw-r--r--   3 root supergroup 1073741824 2019-02-27 05:18 /myfile7
-rw-r--r--   3 root supergroup 1073741824 2019-02-27 05:14 /myfile8
-rw-r--r--   3 root supergroup 1073741824 2019-02-27 05:16 /myfile9
file 2 has been put into HDFS
file 2 has been read from HDFS for 1 time
diff succeed!
file 2 has been read from HDFS for 2 time
diff succeed!
file 2 has been read from HDFS for 3 time
diff succeed!
file 2 has been read from HDFS for 4 time
diff succeed!
file 2 has been read from HDFS for 5 time
diff succeed!
file 2 has been read from HDFS for 6 time
diff succeed!
file 2 has been read from HDFS for 7 time
diff succeed!
file 2 has been read from HDFS for 8 time
diff succeed!
file 2 has been read from HDFS for 9 time
diff succeed!
file 2 has been read from HDFS for 10 time
diff succeed!
Deleted /myfile2
file 2 has been removed from HDFS
Found 19 items
-rw-r--r--   3 root supergroup 1073741824 2019-02-27 05:21 /myfile1
-rw-r--r--   3 root supergroup 1073741824 2019-02-27 05:21 /myfile10
-rw-r--r--   3 root supergroup 1073741824 2019-02-27 05:22 /myfile11
-rw-r--r--   3 root supergroup 1073741824 2019-02-27 05:21 /myfile12
-rw-r--r--   3 root supergroup 1073741824 2019-02-27 05:22 /myfile13
-rw-r--r--   3 root supergroup 1073741824 2019-02-27 05:20 /myfile14
-rw-r--r--   3 root supergroup 1073741824 2019-02-27 05:22 /myfile15
-rw-r--r--   3 root supergroup 1073741824 2019-02-27 05:23 /myfile16
-rw-r--r--   3 root supergroup 1073741824 2019-02-27 05:21 /myfile17
-rw-r--r--   3 root supergroup 1073741824 2019-02-27 05:21 /myfile18
-rw-r--r--   3 root supergroup 1073741824 2019-02-27 05:23 /myfile2
-rw-r--r--   3 root supergroup 1073741824 2019-02-27 05:22 /myfile20
-rw-r--r--   3 root supergroup 1073741824 2019-02-27 05:22 /myfile3
-rw-r--r--   3 root supergroup  134217728 2019-02-27 05:23 /myfile4._COPYING_
-rw-r--r--   3 root supergroup 1073741824 2019-02-27 05:21 /myfile5
-rw-r--r--   3 root supergroup 1073741824 2019-02-27 05:21 /myfile6
-rw-r--r--   3 root supergroup 1073741824 2019-02-27 05:22 /myfile7
-rw-r--r--   3 root supergroup  268435456 2019-02-27 05:23 /myfile8._COPYING_
-rw-r--r--   3 root supergroup 1073741824 2019-02-27 05:21 /myfile9
file 2 has been put into HDFS
file 2 has been read from HDFS for 1 time
diff succeed!
file 2 has been read from HDFS for 2 time
diff succeed!
file 2 has been read from HDFS for 3 time
diff succeed!
file 2 has been read from HDFS for 4 time
diff succeed!
file 2 has been read from HDFS for 5 time
diff succeed!
sub_benchmark 6 signal TERM catched and let quit gracefully
file 2 has been read from HDFS for 6 time
diff succeed!
Deleted /myfile2
file 2 has been removed from HDFS
