Found 20 items
-rw-r--r--   3 root supergroup 1073741824 2019-02-20 13:03 /myfile1
-rw-r--r--   3 root supergroup 1073741824 2019-02-20 13:03 /myfile10
-rw-r--r--   3 root supergroup 1073741824 2019-02-20 13:03 /myfile11
-rw-r--r--   3 root supergroup 1073741824 2019-02-20 13:03 /myfile12
-rw-r--r--   3 root supergroup  939524096 2019-02-20 13:02 /myfile13._COPYING_
-rw-r--r--   3 root supergroup 1073741824 2019-02-20 13:03 /myfile14
-rw-r--r--   3 root supergroup 1073741824 2019-02-20 13:03 /myfile15
-rw-r--r--   3 root supergroup 1073741824 2019-02-20 13:03 /myfile16
-rw-r--r--   3 root supergroup 1073741824 2019-02-20 13:03 /myfile17
-rw-r--r--   3 root supergroup 1073741824 2019-02-20 13:03 /myfile18
-rw-r--r--   3 root supergroup 1073741824 2019-02-20 13:03 /myfile19
-rw-r--r--   3 root supergroup 1073741824 2019-02-20 13:03 /myfile2
-rw-r--r--   3 root supergroup 1073741824 2019-02-20 13:03 /myfile20
-rw-r--r--   3 root supergroup 1073741824 2019-02-20 13:03 /myfile3
-rw-r--r--   3 root supergroup 1073741824 2019-02-20 13:03 /myfile4
-rw-r--r--   3 root supergroup 1073741824 2019-02-20 13:03 /myfile5
-rw-r--r--   3 root supergroup  939524096 2019-02-20 13:02 /myfile6._COPYING_
-rw-r--r--   3 root supergroup 1073741824 2019-02-20 13:03 /myfile7
-rw-r--r--   3 root supergroup 1073741824 2019-02-20 13:03 /myfile8
-rw-r--r--   3 root supergroup 1073741824 2019-02-20 13:03 /myfile9
file 16 has been put into HDFS
file 16 has been read from HDFS for 1 time
diff succeed!
file 16 has been read from HDFS for 2 time
diff succeed!
file 16 has been read from HDFS for 3 time
diff succeed!
file 16 has been read from HDFS for 4 time
diff succeed!
file 16 has been read from HDFS for 5 time
diff succeed!
file 16 has been read from HDFS for 6 time
diff succeed!
file 16 has been read from HDFS for 7 time
diff succeed!
file 16 has been read from HDFS for 8 time
diff succeed!
file 16 has been read from HDFS for 9 time
diff succeed!
file 16 has been read from HDFS for 10 time
diff succeed!
Deleted /myfile16
file 16 has been removed from HDFS
Found 20 items
-rw-r--r--   3 root supergroup 1073741824 2019-02-20 13:08 /myfile1
-rw-r--r--   3 root supergroup 1073741824 2019-02-20 13:08 /myfile10
-rw-r--r--   3 root supergroup 1073741824 2019-02-20 13:08 /myfile11
-rw-r--r--   3 root supergroup 1073741824 2019-02-20 13:08 /myfile12
-rw-r--r--   3 root supergroup 1073741824 2019-02-20 13:08 /myfile13
-rw-r--r--   3 root supergroup 1073741824 2019-02-20 13:08 /myfile14
-rw-r--r--   3 root supergroup 1073741824 2019-02-20 13:08 /myfile15
-rw-r--r--   3 root supergroup 1073741824 2019-02-20 13:09 /myfile16
-rw-r--r--   3 root supergroup 1073741824 2019-02-20 13:09 /myfile17
-rw-r--r--   3 root supergroup 1073741824 2019-02-20 13:08 /myfile18
-rw-r--r--   3 root supergroup 1073741824 2019-02-20 13:09 /myfile19
-rw-r--r--   3 root supergroup 1073741824 2019-02-20 13:08 /myfile2
-rw-r--r--   3 root supergroup 1073741824 2019-02-20 13:08 /myfile20
-rw-r--r--   3 root supergroup 1073741824 2019-02-20 13:08 /myfile3
-rw-r--r--   3 root supergroup 1073741824 2019-02-20 13:08 /myfile4
-rw-r--r--   3 root supergroup 1073741824 2019-02-20 13:08 /myfile5
-rw-r--r--   3 root supergroup 1073741824 2019-02-20 13:09 /myfile6
-rw-r--r--   3 root supergroup 1073741824 2019-02-20 13:09 /myfile7
-rw-r--r--   3 root supergroup 1073741824 2019-02-20 13:08 /myfile8
-rw-r--r--   3 root supergroup 1073741824 2019-02-20 13:08 /myfile9
file 16 has been put into HDFS
file 16 has been read from HDFS for 1 time
diff succeed!
file 16 has been read from HDFS for 2 time
diff succeed!
file 16 has been read from HDFS for 3 time
diff succeed!
file 16 has been read from HDFS for 4 time
diff succeed!
file 16 has been read from HDFS for 5 time
diff succeed!
file 16 has been read from HDFS for 6 time
diff succeed!
file 16 has been read from HDFS for 7 time
diff succeed!
file 16 has been read from HDFS for 8 time
diff succeed!
file 16 has been read from HDFS for 9 time
diff succeed!
file 16 has been read from HDFS for 10 time
diff succeed!
Deleted /myfile16
file 16 has been removed from HDFS
2019-02-20 13:14:50,389 INFO retry.RetryInvocationHandler: java.net.ConnectException: Call From clnode049.clemson.cloudlab.us/130.127.133.58 to node-1-link-0:8020 failed on connection exception: java.net.ConnectException: Connection refused; For more details see:  http://wiki.apache.org/hadoop/ConnectionRefused, while invoking ClientNamenodeProtocolTranslatorPB.getFileInfo over node-1-link-0/10.10.1.4:8020 after 1 failover attempts. Trying to failover after sleeping for 938ms.
2019-02-20 13:15:34,738 INFO retry.RetryInvocationHandler: java.io.EOFException: End of File Exception between local host is: "clnode049.clemson.cloudlab.us/130.127.133.58"; destination host is: "node-0-link-0":8020; : java.io.EOFException; For more details see:  http://wiki.apache.org/hadoop/EOFException, while invoking ClientNamenodeProtocolTranslatorPB.addBlock over node-0-link-0/10.10.1.1:8020. Trying to failover immediately.
2019-02-20 13:15:34,751 INFO retry.RetryInvocationHandler: org.apache.hadoop.ipc.RemoteException(org.apache.hadoop.ipc.RetriableException): org.apache.hadoop.hdfs.server.namenode.SafeModeException: Cannot add block to /myfile16._COPYING_. Name node is in safe mode.
The reported blocks 157 has reached the threshold 0.9990 of total blocks 157. The number of live datanodes 3 has reached the minimum number 0. In safe mode extension. Safe mode will be turned off automatically in 6 seconds. NamenodeHostName:node-1-link-0
	at org.apache.hadoop.hdfs.server.namenode.FSNamesystem.checkNameNodeSafeMode(FSNamesystem.java:1441)
	at org.apache.hadoop.hdfs.server.namenode.FSDirWriteFileOp.analyzeFileState(FSDirWriteFileOp.java:591)
	at org.apache.hadoop.hdfs.server.namenode.FSDirWriteFileOp.validateAddBlock(FSDirWriteFileOp.java:172)
	at org.apache.hadoop.hdfs.server.namenode.FSNamesystem.getAdditionalBlock(FSNamesystem.java:2679)
	at org.apache.hadoop.hdfs.server.namenode.NameNodeRpcServer.addBlock(NameNodeRpcServer.java:875)
	at org.apache.hadoop.hdfs.protocolPB.ClientNamenodeProtocolServerSideTranslatorPB.addBlock(ClientNamenodeProtocolServerSideTranslatorPB.java:561)
	at org.apache.hadoop.hdfs.protocol.proto.ClientNamenodeProtocolProtos$ClientNamenodeProtocol$2.callBlockingMethod(ClientNamenodeProtocolProtos.java)
	at org.apache.hadoop.ipc.ProtobufRpcEngine$Server$ProtoBufRpcInvoker.call(ProtobufRpcEngine.java:523)
	at org.apache.hadoop.ipc.RPC$Server.call(RPC.java:991)
	at org.apache.hadoop.ipc.Server$RpcCall.run(Server.java:872)
	at org.apache.hadoop.ipc.Server$RpcCall.run(Server.java:818)
	at java.security.AccessController.doPrivileged(Native Method)
	at javax.security.auth.Subject.doAs(Subject.java:422)
	at org.apache.hadoop.security.UserGroupInformation.doAs(UserGroupInformation.java:1729)
	at org.apache.hadoop.ipc.Server$Handler.run(Server.java:2678)
Caused by: org.apache.hadoop.hdfs.server.namenode.SafeModeException: Cannot add block to /myfile16._COPYING_. Name node is in safe mode.
The reported blocks 157 has reached the threshold 0.9990 of total blocks 157. The number of live datanodes 3 has reached the minimum number 0. In safe mode extension. Safe mode will be turned off automatically in 6 seconds. NamenodeHostName:node-1-link-0
	at org.apache.hadoop.hdfs.server.namenode.FSNamesystem.newSafemodeException(FSNamesystem.java:1450)
	at org.apache.hadoop.hdfs.server.namenode.FSNamesystem.checkNameNodeSafeMode(FSNamesystem.java:1437)
	... 14 more
, while invoking ClientNamenodeProtocolTranslatorPB.addBlock over node-1-link-0/10.10.1.4:8020 after 1 failover attempts. Retrying after sleeping for 1052ms.
2019-02-20 13:15:35,809 INFO retry.RetryInvocationHandler: org.apache.hadoop.ipc.RemoteException(org.apache.hadoop.ipc.RetriableException): org.apache.hadoop.hdfs.server.namenode.SafeModeException: Cannot add block to /myfile16._COPYING_. Name node is in safe mode.
The reported blocks 157 has reached the threshold 0.9990 of total blocks 157. The number of live datanodes 3 has reached the minimum number 0. In safe mode extension. Safe mode will be turned off automatically in 5 seconds. NamenodeHostName:node-1-link-0
	at org.apache.hadoop.hdfs.server.namenode.FSNamesystem.checkNameNodeSafeMode(FSNamesystem.java:1441)
	at org.apache.hadoop.hdfs.server.namenode.FSDirWriteFileOp.analyzeFileState(FSDirWriteFileOp.java:591)
	at org.apache.hadoop.hdfs.server.namenode.FSDirWriteFileOp.validateAddBlock(FSDirWriteFileOp.java:172)
	at org.apache.hadoop.hdfs.server.namenode.FSNamesystem.getAdditionalBlock(FSNamesystem.java:2679)
	at org.apache.hadoop.hdfs.server.namenode.NameNodeRpcServer.addBlock(NameNodeRpcServer.java:875)
	at org.apache.hadoop.hdfs.protocolPB.ClientNamenodeProtocolServerSideTranslatorPB.addBlock(ClientNamenodeProtocolServerSideTranslatorPB.java:561)
	at org.apache.hadoop.hdfs.protocol.proto.ClientNamenodeProtocolProtos$ClientNamenodeProtocol$2.callBlockingMethod(ClientNamenodeProtocolProtos.java)
	at org.apache.hadoop.ipc.ProtobufRpcEngine$Server$ProtoBufRpcInvoker.call(ProtobufRpcEngine.java:523)
	at org.apache.hadoop.ipc.RPC$Server.call(RPC.java:991)
	at org.apache.hadoop.ipc.Server$RpcCall.run(Server.java:872)
	at org.apache.hadoop.ipc.Server$RpcCall.run(Server.java:818)
	at java.security.AccessController.doPrivileged(Native Method)
	at javax.security.auth.Subject.doAs(Subject.java:422)
	at org.apache.hadoop.security.UserGroupInformation.doAs(UserGroupInformation.java:1729)
	at org.apache.hadoop.ipc.Server$Handler.run(Server.java:2678)
Caused by: org.apache.hadoop.hdfs.server.namenode.SafeModeException: Cannot add block to /myfile16._COPYING_. Name node is in safe mode.
The reported blocks 157 has reached the threshold 0.9990 of total blocks 157. The number of live datanodes 3 has reached the minimum number 0. In safe mode extension. Safe mode will be turned off automatically in 5 seconds. NamenodeHostName:node-1-link-0
	at org.apache.hadoop.hdfs.server.namenode.FSNamesystem.newSafemodeException(FSNamesystem.java:1450)
	at org.apache.hadoop.hdfs.server.namenode.FSNamesystem.checkNameNodeSafeMode(FSNamesystem.java:1437)
	... 14 more
, while invoking ClientNamenodeProtocolTranslatorPB.addBlock over node-1-link-0/10.10.1.4:8020 after 1 failover attempts. Retrying after sleeping for 2208ms.
2019-02-20 13:15:38,023 INFO retry.RetryInvocationHandler: org.apache.hadoop.ipc.RemoteException(org.apache.hadoop.ipc.RetriableException): org.apache.hadoop.hdfs.server.namenode.SafeModeException: Cannot add block to /myfile16._COPYING_. Name node is in safe mode.
The reported blocks 157 has reached the threshold 0.9990 of total blocks 157. The number of live datanodes 3 has reached the minimum number 0. In safe mode extension. Safe mode will be turned off automatically in 2 seconds. NamenodeHostName:node-1-link-0
	at org.apache.hadoop.hdfs.server.namenode.FSNamesystem.checkNameNodeSafeMode(FSNamesystem.java:1441)
	at org.apache.hadoop.hdfs.server.namenode.FSDirWriteFileOp.analyzeFileState(FSDirWriteFileOp.java:591)
	at org.apache.hadoop.hdfs.server.namenode.FSDirWriteFileOp.validateAddBlock(FSDirWriteFileOp.java:172)
	at org.apache.hadoop.hdfs.server.namenode.FSNamesystem.getAdditionalBlock(FSNamesystem.java:2679)
	at org.apache.hadoop.hdfs.server.namenode.NameNodeRpcServer.addBlock(NameNodeRpcServer.java:875)
	at org.apache.hadoop.hdfs.protocolPB.ClientNamenodeProtocolServerSideTranslatorPB.addBlock(ClientNamenodeProtocolServerSideTranslatorPB.java:561)
	at org.apache.hadoop.hdfs.protocol.proto.ClientNamenodeProtocolProtos$ClientNamenodeProtocol$2.callBlockingMethod(ClientNamenodeProtocolProtos.java)
	at org.apache.hadoop.ipc.ProtobufRpcEngine$Server$ProtoBufRpcInvoker.call(ProtobufRpcEngine.java:523)
	at org.apache.hadoop.ipc.RPC$Server.call(RPC.java:991)
	at org.apache.hadoop.ipc.Server$RpcCall.run(Server.java:872)
	at org.apache.hadoop.ipc.Server$RpcCall.run(Server.java:818)
	at java.security.AccessController.doPrivileged(Native Method)
	at javax.security.auth.Subject.doAs(Subject.java:422)
	at org.apache.hadoop.security.UserGroupInformation.doAs(UserGroupInformation.java:1729)
	at org.apache.hadoop.ipc.Server$Handler.run(Server.java:2678)
Caused by: org.apache.hadoop.hdfs.server.namenode.SafeModeException: Cannot add block to /myfile16._COPYING_. Name node is in safe mode.
The reported blocks 157 has reached the threshold 0.9990 of total blocks 157. The number of live datanodes 3 has reached the minimum number 0. In safe mode extension. Safe mode will be turned off automatically in 2 seconds. NamenodeHostName:node-1-link-0
	at org.apache.hadoop.hdfs.server.namenode.FSNamesystem.newSafemodeException(FSNamesystem.java:1450)
	at org.apache.hadoop.hdfs.server.namenode.FSNamesystem.checkNameNodeSafeMode(FSNamesystem.java:1437)
	... 14 more
, while invoking ClientNamenodeProtocolTranslatorPB.addBlock over node-1-link-0/10.10.1.4:8020 after 1 failover attempts. Retrying after sleeping for 4802ms.
Found 20 items
-rw-r--r--   3 root supergroup 1073741824 2019-02-20 13:12 /myfile1
-rw-r--r--   3 root supergroup 1073741824 2019-02-20 13:13 /myfile10
-rw-r--r--   3 root supergroup 1073741824 2019-02-20 13:14 /myfile11
-rw-r--r--   3 root supergroup 1073741824 2019-02-20 13:13 /myfile12
-rw-r--r--   3 root supergroup 1073741824 2019-02-20 13:15 /myfile13
-rw-r--r--   3 root supergroup 1073741824 2019-02-20 13:13 /myfile14
-rw-r--r--   3 root supergroup 1073741824 2019-02-20 13:13 /myfile15
-rw-r--r--   3 root supergroup 1073741824 2019-02-20 13:15 /myfile16
-rw-r--r--   3 root supergroup 1073741824 2019-02-20 13:13 /myfile17
-rw-r--r--   3 root supergroup 1073741824 2019-02-20 13:13 /myfile18
-rw-r--r--   3 root supergroup 1073741824 2019-02-20 13:15 /myfile19
-rw-r--r--   3 root supergroup 1073741824 2019-02-20 13:12 /myfile2
-rw-r--r--   3 root supergroup 1073741824 2019-02-20 13:12 /myfile20
-rw-r--r--   3 root supergroup 1073741824 2019-02-20 13:12 /myfile3
-rw-r--r--   3 root supergroup 1073741824 2019-02-20 13:12 /myfile4
-rw-r--r--   3 root supergroup 1073741824 2019-02-20 13:12 /myfile5
-rw-r--r--   3 root supergroup 1073741824 2019-02-20 13:15 /myfile6
-rw-r--r--   3 root supergroup 1073741824 2019-02-20 13:15 /myfile7
-rw-r--r--   3 root supergroup 1073741824 2019-02-20 13:12 /myfile8
-rw-r--r--   3 root supergroup 1073741824 2019-02-20 13:12 /myfile9
file 16 has been put into HDFS
file 16 has been read from HDFS for 1 time
diff succeed!
file 16 has been read from HDFS for 2 time
diff succeed!
file 16 has been read from HDFS for 3 time
diff succeed!
file 16 has been read from HDFS for 4 time
diff succeed!
file 16 has been read from HDFS for 5 time
diff succeed!
file 16 has been read from HDFS for 6 time
diff succeed!
file 16 has been read from HDFS for 7 time
diff succeed!
file 16 has been read from HDFS for 8 time
diff succeed!
file 16 has been read from HDFS for 9 time
diff succeed!
file 16 has been read from HDFS for 10 time
diff succeed!
Deleted /myfile16
file 16 has been removed from HDFS
Found 20 items
-rw-r--r--   3 root supergroup 1073741824 2019-02-20 13:17 /myfile1
-rw-r--r--   3 root supergroup 1073741824 2019-02-20 13:18 /myfile10
-rw-r--r--   3 root supergroup 1073741824 2019-02-20 13:19 /myfile11
-rw-r--r--   3 root supergroup 1073741824 2019-02-20 13:17 /myfile12
-rw-r--r--   3 root supergroup 1073741824 2019-02-20 13:20 /myfile13
-rw-r--r--   3 root supergroup 1073741824 2019-02-20 13:18 /myfile14
-rw-r--r--   3 root supergroup 1073741824 2019-02-20 13:18 /myfile15
-rw-r--r--   3 root supergroup 1073741824 2019-02-20 13:20 /myfile16
-rw-r--r--   3 root supergroup 1073741824 2019-02-20 13:16 /myfile17
-rw-r--r--   3 root supergroup 1073741824 2019-02-20 13:18 /myfile18
-rw-r--r--   3 root supergroup 1073741824 2019-02-20 13:20 /myfile19
-rw-r--r--   3 root supergroup 1073741824 2019-02-20 13:16 /myfile2
-rw-r--r--   3 root supergroup 1073741824 2019-02-20 13:16 /myfile20
-rw-r--r--   3 root supergroup 1073741824 2019-02-20 13:16 /myfile3
-rw-r--r--   3 root supergroup 1073741824 2019-02-20 13:17 /myfile4
-rw-r--r--   3 root supergroup 1073741824 2019-02-20 13:17 /myfile5
-rw-r--r--   3 root supergroup  805306368 2019-02-20 13:19 /myfile6._COPYING_
-rw-r--r--   3 root supergroup 1073741824 2019-02-20 13:20 /myfile7
-rw-r--r--   3 root supergroup 1073741824 2019-02-20 13:16 /myfile8
-rw-r--r--   3 root supergroup 1073741824 2019-02-20 13:17 /myfile9
file 16 has been put into HDFS
file 16 has been read from HDFS for 1 time
diff succeed!
file 16 has been read from HDFS for 2 time
diff succeed!
file 16 has been read from HDFS for 3 time
diff succeed!
file 16 has been read from HDFS for 4 time
diff succeed!
file 16 has been read from HDFS for 5 time
diff succeed!
file 16 has been read from HDFS for 6 time
diff succeed!
file 16 has been read from HDFS for 7 time
diff succeed!
file 16 has been read from HDFS for 8 time
diff succeed!
file 16 has been read from HDFS for 9 time
diff succeed!
file 16 has been read from HDFS for 10 time
diff succeed!
Deleted /myfile16
file 16 has been removed from HDFS
Found 19 items
-rw-r--r--   3 root supergroup 1073741824 2019-02-20 13:21 /myfile1
-rw-r--r--   3 root supergroup 1073741824 2019-02-20 13:23 /myfile10
-rw-r--r--   3 root supergroup 1073741824 2019-02-20 13:24 /myfile11
-rw-r--r--   3 root supergroup 1073741824 2019-02-20 13:22 /myfile12
-rw-r--r--   3 root supergroup 1073741824 2019-02-20 13:24 /myfile13
-rw-r--r--   3 root supergroup 1073741824 2019-02-20 13:23 /myfile14
-rw-r--r--   3 root supergroup 1073741824 2019-02-20 13:22 /myfile15
-rw-r--r--   3 root supergroup 1073741824 2019-02-20 13:24 /myfile16
-rw-r--r--   3 root supergroup 1073741824 2019-02-20 13:21 /myfile17
-rw-r--r--   3 root supergroup 1073741824 2019-02-20 13:23 /myfile18
-rw-r--r--   3 root supergroup 1073741824 2019-02-20 13:24 /myfile19
-rw-r--r--   3 root supergroup 1073741824 2019-02-20 13:22 /myfile2
-rw-r--r--   3 root supergroup 1073741824 2019-02-20 13:21 /myfile20
-rw-r--r--   3 root supergroup 1073741824 2019-02-20 13:22 /myfile3
-rw-r--r--   3 root supergroup 1073741824 2019-02-20 13:22 /myfile4
-rw-r--r--   3 root supergroup 1073741824 2019-02-20 13:21 /myfile5
-rw-r--r--   3 root supergroup 1073741824 2019-02-20 13:20 /myfile6
-rw-r--r--   3 root supergroup 1073741824 2019-02-20 13:22 /myfile8
-rw-r--r--   3 root supergroup 1073741824 2019-02-20 13:22 /myfile9
file 16 has been put into HDFS
file 16 has been read from HDFS for 1 time
diff succeed!
file 16 has been read from HDFS for 2 time
diff succeed!
file 16 has been read from HDFS for 3 time
diff succeed!
file 16 has been read from HDFS for 4 time
diff succeed!
2019-02-20 13:26:32,579 INFO retry.RetryInvocationHandler: org.apache.hadoop.ipc.RemoteException(org.apache.hadoop.ipc.StandbyException): Operation category READ is not supported in state standby. Visit https://s.apache.org/sbnn-error
	at org.apache.hadoop.hdfs.server.namenode.ha.StandbyState.checkOperation(StandbyState.java:88)
	at org.apache.hadoop.hdfs.server.namenode.NameNode$NameNodeHAContext.checkOperation(NameNode.java:1952)
	at org.apache.hadoop.hdfs.server.namenode.FSNamesystem.checkOperation(FSNamesystem.java:1423)
	at org.apache.hadoop.hdfs.server.namenode.FSNamesystem.getFileInfo(FSNamesystem.java:3085)
	at org.apache.hadoop.hdfs.server.namenode.NameNodeRpcServer.getFileInfo(NameNodeRpcServer.java:1154)
	at org.apache.hadoop.hdfs.protocolPB.ClientNamenodeProtocolServerSideTranslatorPB.getFileInfo(ClientNamenodeProtocolServerSideTranslatorPB.java:966)
	at org.apache.hadoop.hdfs.protocol.proto.ClientNamenodeProtocolProtos$ClientNamenodeProtocol$2.callBlockingMethod(ClientNamenodeProtocolProtos.java)
	at org.apache.hadoop.ipc.ProtobufRpcEngine$Server$ProtoBufRpcInvoker.call(ProtobufRpcEngine.java:523)
	at org.apache.hadoop.ipc.RPC$Server.call(RPC.java:991)
	at org.apache.hadoop.ipc.Server$RpcCall.run(Server.java:872)
	at org.apache.hadoop.ipc.Server$RpcCall.run(Server.java:818)
	at java.security.AccessController.doPrivileged(Native Method)
	at javax.security.auth.Subject.doAs(Subject.java:422)
	at org.apache.hadoop.security.UserGroupInformation.doAs(UserGroupInformation.java:1729)
	at org.apache.hadoop.ipc.Server$Handler.run(Server.java:2678)
, while invoking ClientNamenodeProtocolTranslatorPB.getFileInfo over node-1-link-0/10.10.1.4:8020 after 1 failover attempts. Trying to failover after sleeping for 1304ms.
2019-02-20 13:26:33,889 INFO retry.RetryInvocationHandler: java.net.ConnectException: Call From clnode049.clemson.cloudlab.us/130.127.133.58 to node-0-link-0:8020 failed on connection exception: java.net.ConnectException: Connection refused; For more details see:  http://wiki.apache.org/hadoop/ConnectionRefused, while invoking ClientNamenodeProtocolTranslatorPB.getFileInfo over node-0-link-0/10.10.1.1:8020 after 2 failover attempts. Trying to failover after sleeping for 1911ms.
file 16 has been read from HDFS for 5 time
diff succeed!
file 16 has been read from HDFS for 6 time
diff succeed!
file 16 has been read from HDFS for 7 time
diff succeed!
file 16 has been read from HDFS for 8 time
diff succeed!
file 16 has been read from HDFS for 9 time
diff succeed!
file 16 has been read from HDFS for 10 time
diff succeed!
Deleted /myfile16
file 16 has been removed from HDFS
Found 19 items
-rw-r--r--   3 root supergroup 1073741824 2019-02-20 13:26 /myfile1
-rw-r--r--   3 root supergroup 1073741824 2019-02-20 13:27 /myfile10
-rw-r--r--   3 root supergroup  939524096 2019-02-20 13:28 /myfile11._COPYING_
-rw-r--r--   3 root supergroup 1073741824 2019-02-20 13:27 /myfile12
-rw-r--r--   3 root supergroup 1073741824 2019-02-20 13:28 /myfile13
-rw-r--r--   3 root supergroup 1073741824 2019-02-20 13:28 /myfile14
-rw-r--r--   3 root supergroup 1073741824 2019-02-20 13:27 /myfile15
-rw-r--r--   3 root supergroup 1073741824 2019-02-20 13:29 /myfile16
-rw-r--r--   3 root supergroup 1073741824 2019-02-20 13:26 /myfile17
-rw-r--r--   3 root supergroup 1073741824 2019-02-20 13:27 /myfile18
-rw-r--r--   3 root supergroup 1073741824 2019-02-20 13:28 /myfile19
-rw-r--r--   3 root supergroup 1073741824 2019-02-20 13:28 /myfile2
-rw-r--r--   3 root supergroup 1073741824 2019-02-20 13:26 /myfile20
-rw-r--r--   3 root supergroup 1073741824 2019-02-20 13:27 /myfile3
-rw-r--r--   3 root supergroup 1073741824 2019-02-20 13:27 /myfile4
-rw-r--r--   3 root supergroup 1073741824 2019-02-20 13:26 /myfile5
-rw-r--r--   3 root supergroup  671088640 2019-02-20 13:28 /myfile7._COPYING_
-rw-r--r--   3 root supergroup 1073741824 2019-02-20 13:28 /myfile8
-rw-r--r--   3 root supergroup 1073741824 2019-02-20 13:27 /myfile9
file 16 has been put into HDFS
file 16 has been read from HDFS for 1 time
diff succeed!
file 16 has been read from HDFS for 2 time
diff succeed!
file 16 has been read from HDFS for 3 time
diff succeed!
file 16 has been read from HDFS for 4 time
diff succeed!
file 16 has been read from HDFS for 5 time
diff succeed!
file 16 has been read from HDFS for 6 time
diff succeed!
file 16 has been read from HDFS for 7 time
diff succeed!
file 16 has been read from HDFS for 8 time
diff succeed!
file 16 has been read from HDFS for 9 time
diff succeed!
file 16 has been read from HDFS for 10 time
diff succeed!
Deleted /myfile16
file 16 has been removed from HDFS
Found 19 items
-rw-r--r--   3 root supergroup 1073741824 2019-02-20 13:31 /myfile1
-rw-r--r--   3 root supergroup 1073741824 2019-02-20 13:32 /myfile10
-rw-r--r--   3 root supergroup 1073741824 2019-02-20 13:32 /myfile12
-rw-r--r--   3 root supergroup  805306368 2019-02-20 13:33 /myfile13._COPYING_
-rw-r--r--   3 root supergroup 1073741824 2019-02-20 13:32 /myfile14
-rw-r--r--   3 root supergroup 1073741824 2019-02-20 13:32 /myfile15
-rw-r--r--   3 root supergroup 1073741824 2019-02-20 13:33 /myfile16
-rw-r--r--   3 root supergroup 1073741824 2019-02-20 13:30 /myfile17
-rw-r--r--   3 root supergroup 1073741824 2019-02-20 13:33 /myfile18
-rw-r--r--   3 root supergroup          0 2019-02-20 13:33 /myfile19._COPYING_
-rw-r--r--   3 root supergroup 1073741824 2019-02-20 13:33 /myfile2
-rw-r--r--   3 root supergroup 1073741824 2019-02-20 13:30 /myfile20
-rw-r--r--   3 root supergroup 1073741824 2019-02-20 13:32 /myfile3
-rw-r--r--   3 root supergroup 1073741824 2019-02-20 13:32 /myfile4
-rw-r--r--   3 root supergroup 1073741824 2019-02-20 13:31 /myfile5
-rw-r--r--   3 root supergroup  134217728 2019-02-20 13:33 /myfile6._COPYING_
-rw-r--r--   3 root supergroup  536870912 2019-02-20 13:33 /myfile7._COPYING_
-rw-r--r--   3 root supergroup 1073741824 2019-02-20 13:32 /myfile8
-rw-r--r--   3 root supergroup 1073741824 2019-02-20 13:32 /myfile9
file 16 has been put into HDFS
file 16 has been read from HDFS for 1 time
diff succeed!
file 16 has been read from HDFS for 2 time
diff succeed!
file 16 has been read from HDFS for 3 time
diff succeed!
file 16 has been read from HDFS for 4 time
diff succeed!
file 16 has been read from HDFS for 5 time
diff succeed!
file 16 has been read from HDFS for 6 time
diff succeed!
file 16 has been read from HDFS for 7 time
diff succeed!
file 16 has been read from HDFS for 8 time
diff succeed!
file 16 has been read from HDFS for 9 time
diff succeed!
file 16 has been read from HDFS for 10 time
diff succeed!
2019-02-20 13:37:53,341 INFO retry.RetryInvocationHandler: org.apache.hadoop.ipc.RemoteException(org.apache.hadoop.ipc.RetriableException): org.apache.hadoop.hdfs.server.namenode.SafeModeException: Cannot delete /myfile16. Name node is in safe mode.
The reported blocks 137 has reached the threshold 0.9990 of total blocks 137. The number of live datanodes 3 has reached the minimum number 0. In safe mode extension. Safe mode will be turned off automatically in 13 seconds. NamenodeHostName:node-1-link-0
	at org.apache.hadoop.hdfs.server.namenode.FSNamesystem.checkNameNodeSafeMode(FSNamesystem.java:1441)
	at org.apache.hadoop.hdfs.server.namenode.FSNamesystem.delete(FSNamesystem.java:2986)
	at org.apache.hadoop.hdfs.server.namenode.NameNodeRpcServer.delete(NameNodeRpcServer.java:1095)
	at org.apache.hadoop.hdfs.protocolPB.ClientNamenodeProtocolServerSideTranslatorPB.delete(ClientNamenodeProtocolServerSideTranslatorPB.java:692)
	at org.apache.hadoop.hdfs.protocol.proto.ClientNamenodeProtocolProtos$ClientNamenodeProtocol$2.callBlockingMethod(ClientNamenodeProtocolProtos.java)
	at org.apache.hadoop.ipc.ProtobufRpcEngine$Server$ProtoBufRpcInvoker.call(ProtobufRpcEngine.java:523)
	at org.apache.hadoop.ipc.RPC$Server.call(RPC.java:991)
	at org.apache.hadoop.ipc.Server$RpcCall.run(Server.java:872)
	at org.apache.hadoop.ipc.Server$RpcCall.run(Server.java:818)
	at java.security.AccessController.doPrivileged(Native Method)
	at javax.security.auth.Subject.doAs(Subject.java:422)
	at org.apache.hadoop.security.UserGroupInformation.doAs(UserGroupInformation.java:1729)
	at org.apache.hadoop.ipc.Server$Handler.run(Server.java:2678)
Caused by: org.apache.hadoop.hdfs.server.namenode.SafeModeException: Cannot delete /myfile16. Name node is in safe mode.
The reported blocks 137 has reached the threshold 0.9990 of total blocks 137. The number of live datanodes 3 has reached the minimum number 0. In safe mode extension. Safe mode will be turned off automatically in 13 seconds. NamenodeHostName:node-1-link-0
	at org.apache.hadoop.hdfs.server.namenode.FSNamesystem.newSafemodeException(FSNamesystem.java:1450)
	at org.apache.hadoop.hdfs.server.namenode.FSNamesystem.checkNameNodeSafeMode(FSNamesystem.java:1437)
	... 12 more
, while invoking ClientNamenodeProtocolTranslatorPB.delete over node-1-link-0/10.10.1.4:8020. Retrying immediately.
2019-02-20 13:37:53,343 INFO retry.RetryInvocationHandler: org.apache.hadoop.ipc.RemoteException(org.apache.hadoop.ipc.RetriableException): org.apache.hadoop.hdfs.server.namenode.SafeModeException: Cannot delete /myfile16. Name node is in safe mode.
The reported blocks 137 has reached the threshold 0.9990 of total blocks 137. The number of live datanodes 3 has reached the minimum number 0. In safe mode extension. Safe mode will be turned off automatically in 13 seconds. NamenodeHostName:node-1-link-0
	at org.apache.hadoop.hdfs.server.namenode.FSNamesystem.checkNameNodeSafeMode(FSNamesystem.java:1441)
	at org.apache.hadoop.hdfs.server.namenode.FSNamesystem.delete(FSNamesystem.java:2986)
	at org.apache.hadoop.hdfs.server.namenode.NameNodeRpcServer.delete(NameNodeRpcServer.java:1095)
	at org.apache.hadoop.hdfs.protocolPB.ClientNamenodeProtocolServerSideTranslatorPB.delete(ClientNamenodeProtocolServerSideTranslatorPB.java:692)
	at org.apache.hadoop.hdfs.protocol.proto.ClientNamenodeProtocolProtos$ClientNamenodeProtocol$2.callBlockingMethod(ClientNamenodeProtocolProtos.java)
	at org.apache.hadoop.ipc.ProtobufRpcEngine$Server$ProtoBufRpcInvoker.call(ProtobufRpcEngine.java:523)
	at org.apache.hadoop.ipc.RPC$Server.call(RPC.java:991)
	at org.apache.hadoop.ipc.Server$RpcCall.run(Server.java:872)
	at org.apache.hadoop.ipc.Server$RpcCall.run(Server.java:818)
	at java.security.AccessController.doPrivileged(Native Method)
	at javax.security.auth.Subject.doAs(Subject.java:422)
	at org.apache.hadoop.security.UserGroupInformation.doAs(UserGroupInformation.java:1729)
	at org.apache.hadoop.ipc.Server$Handler.run(Server.java:2678)
Caused by: org.apache.hadoop.hdfs.server.namenode.SafeModeException: Cannot delete /myfile16. Name node is in safe mode.
The reported blocks 137 has reached the threshold 0.9990 of total blocks 137. The number of live datanodes 3 has reached the minimum number 0. In safe mode extension. Safe mode will be turned off automatically in 13 seconds. NamenodeHostName:node-1-link-0
	at org.apache.hadoop.hdfs.server.namenode.FSNamesystem.newSafemodeException(FSNamesystem.java:1450)
	at org.apache.hadoop.hdfs.server.namenode.FSNamesystem.checkNameNodeSafeMode(FSNamesystem.java:1437)
	... 12 more
, while invoking ClientNamenodeProtocolTranslatorPB.delete over node-1-link-0/10.10.1.4:8020. Retrying after sleeping for 1144ms.
2019-02-20 13:37:54,490 INFO retry.RetryInvocationHandler: org.apache.hadoop.ipc.RemoteException(org.apache.hadoop.ipc.RetriableException): org.apache.hadoop.hdfs.server.namenode.SafeModeException: Cannot delete /myfile16. Name node is in safe mode.
The reported blocks 137 has reached the threshold 0.9990 of total blocks 137. The number of live datanodes 3 has reached the minimum number 0. In safe mode extension. Safe mode will be turned off automatically in 11 seconds. NamenodeHostName:node-1-link-0
	at org.apache.hadoop.hdfs.server.namenode.FSNamesystem.checkNameNodeSafeMode(FSNamesystem.java:1441)
	at org.apache.hadoop.hdfs.server.namenode.FSNamesystem.delete(FSNamesystem.java:2986)
	at org.apache.hadoop.hdfs.server.namenode.NameNodeRpcServer.delete(NameNodeRpcServer.java:1095)
	at org.apache.hadoop.hdfs.protocolPB.ClientNamenodeProtocolServerSideTranslatorPB.delete(ClientNamenodeProtocolServerSideTranslatorPB.java:692)
	at org.apache.hadoop.hdfs.protocol.proto.ClientNamenodeProtocolProtos$ClientNamenodeProtocol$2.callBlockingMethod(ClientNamenodeProtocolProtos.java)
	at org.apache.hadoop.ipc.ProtobufRpcEngine$Server$ProtoBufRpcInvoker.call(ProtobufRpcEngine.java:523)
	at org.apache.hadoop.ipc.RPC$Server.call(RPC.java:991)
	at org.apache.hadoop.ipc.Server$RpcCall.run(Server.java:872)
	at org.apache.hadoop.ipc.Server$RpcCall.run(Server.java:818)
	at java.security.AccessController.doPrivileged(Native Method)
	at javax.security.auth.Subject.doAs(Subject.java:422)
	at org.apache.hadoop.security.UserGroupInformation.doAs(UserGroupInformation.java:1729)
	at org.apache.hadoop.ipc.Server$Handler.run(Server.java:2678)
Caused by: org.apache.hadoop.hdfs.server.namenode.SafeModeException: Cannot delete /myfile16. Name node is in safe mode.
The reported blocks 137 has reached the threshold 0.9990 of total blocks 137. The number of live datanodes 3 has reached the minimum number 0. In safe mode extension. Safe mode will be turned off automatically in 11 seconds. NamenodeHostName:node-1-link-0
	at org.apache.hadoop.hdfs.server.namenode.FSNamesystem.newSafemodeException(FSNamesystem.java:1450)
	at org.apache.hadoop.hdfs.server.namenode.FSNamesystem.checkNameNodeSafeMode(FSNamesystem.java:1437)
	... 12 more
, while invoking ClientNamenodeProtocolTranslatorPB.delete over node-1-link-0/10.10.1.4:8020. Retrying after sleeping for 2144ms.
2019-02-20 13:37:56,638 INFO retry.RetryInvocationHandler: org.apache.hadoop.ipc.RemoteException(org.apache.hadoop.ipc.RetriableException): org.apache.hadoop.hdfs.server.namenode.SafeModeException: Cannot delete /myfile16. Name node is in safe mode.
The reported blocks 137 has reached the threshold 0.9990 of total blocks 137. The number of live datanodes 3 has reached the minimum number 0. In safe mode extension. Safe mode will be turned off automatically in 9 seconds. NamenodeHostName:node-1-link-0
	at org.apache.hadoop.hdfs.server.namenode.FSNamesystem.checkNameNodeSafeMode(FSNamesystem.java:1441)
	at org.apache.hadoop.hdfs.server.namenode.FSNamesystem.delete(FSNamesystem.java:2986)
	at org.apache.hadoop.hdfs.server.namenode.NameNodeRpcServer.delete(NameNodeRpcServer.java:1095)
	at org.apache.hadoop.hdfs.protocolPB.ClientNamenodeProtocolServerSideTranslatorPB.delete(ClientNamenodeProtocolServerSideTranslatorPB.java:692)
	at org.apache.hadoop.hdfs.protocol.proto.ClientNamenodeProtocolProtos$ClientNamenodeProtocol$2.callBlockingMethod(ClientNamenodeProtocolProtos.java)
	at org.apache.hadoop.ipc.ProtobufRpcEngine$Server$ProtoBufRpcInvoker.call(ProtobufRpcEngine.java:523)
	at org.apache.hadoop.ipc.RPC$Server.call(RPC.java:991)
	at org.apache.hadoop.ipc.Server$RpcCall.run(Server.java:872)
	at org.apache.hadoop.ipc.Server$RpcCall.run(Server.java:818)
	at java.security.AccessController.doPrivileged(Native Method)
	at javax.security.auth.Subject.doAs(Subject.java:422)
	at org.apache.hadoop.security.UserGroupInformation.doAs(UserGroupInformation.java:1729)
	at org.apache.hadoop.ipc.Server$Handler.run(Server.java:2678)
Caused by: org.apache.hadoop.hdfs.server.namenode.SafeModeException: Cannot delete /myfile16. Name node is in safe mode.
The reported blocks 137 has reached the threshold 0.9990 of total blocks 137. The number of live datanodes 3 has reached the minimum number 0. In safe mode extension. Safe mode will be turned off automatically in 9 seconds. NamenodeHostName:node-1-link-0
	at org.apache.hadoop.hdfs.server.namenode.FSNamesystem.newSafemodeException(FSNamesystem.java:1450)
	at org.apache.hadoop.hdfs.server.namenode.FSNamesystem.checkNameNodeSafeMode(FSNamesystem.java:1437)
	... 12 more
, while invoking ClientNamenodeProtocolTranslatorPB.delete over node-1-link-0/10.10.1.4:8020. Retrying after sleeping for 2635ms.
2019-02-20 13:37:59,280 INFO retry.RetryInvocationHandler: org.apache.hadoop.ipc.RemoteException(org.apache.hadoop.ipc.RetriableException): org.apache.hadoop.hdfs.server.namenode.SafeModeException: Cannot delete /myfile16. Name node is in safe mode.
The reported blocks 137 has reached the threshold 0.9990 of total blocks 137. The number of live datanodes 3 has reached the minimum number 0. In safe mode extension. Safe mode will be turned off automatically in 7 seconds. NamenodeHostName:node-1-link-0
	at org.apache.hadoop.hdfs.server.namenode.FSNamesystem.checkNameNodeSafeMode(FSNamesystem.java:1441)
	at org.apache.hadoop.hdfs.server.namenode.FSNamesystem.delete(FSNamesystem.java:2986)
	at org.apache.hadoop.hdfs.server.namenode.NameNodeRpcServer.delete(NameNodeRpcServer.java:1095)
	at org.apache.hadoop.hdfs.protocolPB.ClientNamenodeProtocolServerSideTranslatorPB.delete(ClientNamenodeProtocolServerSideTranslatorPB.java:692)
	at org.apache.hadoop.hdfs.protocol.proto.ClientNamenodeProtocolProtos$ClientNamenodeProtocol$2.callBlockingMethod(ClientNamenodeProtocolProtos.java)
	at org.apache.hadoop.ipc.ProtobufRpcEngine$Server$ProtoBufRpcInvoker.call(ProtobufRpcEngine.java:523)
	at org.apache.hadoop.ipc.RPC$Server.call(RPC.java:991)
	at org.apache.hadoop.ipc.Server$RpcCall.run(Server.java:872)
	at org.apache.hadoop.ipc.Server$RpcCall.run(Server.java:818)
	at java.security.AccessController.doPrivileged(Native Method)
	at javax.security.auth.Subject.doAs(Subject.java:422)
	at org.apache.hadoop.security.UserGroupInformation.doAs(UserGroupInformation.java:1729)
	at org.apache.hadoop.ipc.Server$Handler.run(Server.java:2678)
Caused by: org.apache.hadoop.hdfs.server.namenode.SafeModeException: Cannot delete /myfile16. Name node is in safe mode.
The reported blocks 137 has reached the threshold 0.9990 of total blocks 137. The number of live datanodes 3 has reached the minimum number 0. In safe mode extension. Safe mode will be turned off automatically in 7 seconds. NamenodeHostName:node-1-link-0
	at org.apache.hadoop.hdfs.server.namenode.FSNamesystem.newSafemodeException(FSNamesystem.java:1450)
	at org.apache.hadoop.hdfs.server.namenode.FSNamesystem.checkNameNodeSafeMode(FSNamesystem.java:1437)
	... 12 more
, while invoking ClientNamenodeProtocolTranslatorPB.delete over node-1-link-0/10.10.1.4:8020. Retrying after sleeping for 5579ms.
2019-02-20 13:38:04,862 INFO retry.RetryInvocationHandler: org.apache.hadoop.ipc.RemoteException(org.apache.hadoop.ipc.RetriableException): org.apache.hadoop.hdfs.server.namenode.SafeModeException: Cannot delete /myfile16. Name node is in safe mode.
The reported blocks 137 has reached the threshold 0.9990 of total blocks 137. The number of live datanodes 3 has reached the minimum number 0. In safe mode extension. Safe mode will be turned off automatically in 1 seconds. NamenodeHostName:node-1-link-0
	at org.apache.hadoop.hdfs.server.namenode.FSNamesystem.checkNameNodeSafeMode(FSNamesystem.java:1441)
	at org.apache.hadoop.hdfs.server.namenode.FSNamesystem.delete(FSNamesystem.java:2986)
	at org.apache.hadoop.hdfs.server.namenode.NameNodeRpcServer.delete(NameNodeRpcServer.java:1095)
	at org.apache.hadoop.hdfs.protocolPB.ClientNamenodeProtocolServerSideTranslatorPB.delete(ClientNamenodeProtocolServerSideTranslatorPB.java:692)
	at org.apache.hadoop.hdfs.protocol.proto.ClientNamenodeProtocolProtos$ClientNamenodeProtocol$2.callBlockingMethod(ClientNamenodeProtocolProtos.java)
	at org.apache.hadoop.ipc.ProtobufRpcEngine$Server$ProtoBufRpcInvoker.call(ProtobufRpcEngine.java:523)
	at org.apache.hadoop.ipc.RPC$Server.call(RPC.java:991)
	at org.apache.hadoop.ipc.Server$RpcCall.run(Server.java:872)
	at org.apache.hadoop.ipc.Server$RpcCall.run(Server.java:818)
	at java.security.AccessController.doPrivileged(Native Method)
	at javax.security.auth.Subject.doAs(Subject.java:422)
	at org.apache.hadoop.security.UserGroupInformation.doAs(UserGroupInformation.java:1729)
	at org.apache.hadoop.ipc.Server$Handler.run(Server.java:2678)
Caused by: org.apache.hadoop.hdfs.server.namenode.SafeModeException: Cannot delete /myfile16. Name node is in safe mode.
The reported blocks 137 has reached the threshold 0.9990 of total blocks 137. The number of live datanodes 3 has reached the minimum number 0. In safe mode extension. Safe mode will be turned off automatically in 1 seconds. NamenodeHostName:node-1-link-0
	at org.apache.hadoop.hdfs.server.namenode.FSNamesystem.newSafemodeException(FSNamesystem.java:1450)
	at org.apache.hadoop.hdfs.server.namenode.FSNamesystem.checkNameNodeSafeMode(FSNamesystem.java:1437)
	... 12 more
, while invoking ClientNamenodeProtocolTranslatorPB.delete over node-1-link-0/10.10.1.4:8020. Retrying after sleeping for 16540ms.
Deleted /myfile16
file 16 has been removed from HDFS
Found 20 items
-rw-r--r--   3 root supergroup 1073741824 2019-02-20 13:35 /myfile1
-rw-r--r--   3 root supergroup 1073741824 2019-02-20 13:36 /myfile10
-rw-r--r--   3 root supergroup 1073741824 2019-02-20 13:38 /myfile11
-rw-r--r--   3 root supergroup 1073741824 2019-02-20 13:38 /myfile12
-rw-r--r--   3 root supergroup 1073741824 2019-02-20 13:38 /myfile13
-rw-r--r--   3 root supergroup 1073741824 2019-02-20 13:38 /myfile14
-rw-r--r--   3 root supergroup 1073741824 2019-02-20 13:38 /myfile15
-rw-r--r--   3 root supergroup 1073741824 2019-02-20 13:38 /myfile16
-rw-r--r--   3 root supergroup 1073741824 2019-02-20 13:35 /myfile17
-rw-r--r--   3 root supergroup 1073741824 2019-02-20 13:38 /myfile18
-rw-r--r--   3 root supergroup 1073741824 2019-02-20 13:38 /myfile19
-rw-r--r--   3 root supergroup 1073741824 2019-02-20 13:38 /myfile2
-rw-r--r--   3 root supergroup 1073741824 2019-02-20 13:35 /myfile20
-rw-r--r--   3 root supergroup 1073741824 2019-02-20 13:38 /myfile3
-rw-r--r--   3 root supergroup 1073741824 2019-02-20 13:36 /myfile4
-rw-r--r--   3 root supergroup 1073741824 2019-02-20 13:35 /myfile5
-rw-r--r--   3 root supergroup 1073741824 2019-02-20 13:38 /myfile6
-rw-r--r--   3 root supergroup  805306368 2019-02-20 13:38 /myfile7._COPYING_
-rw-r--r--   3 root supergroup 1073741824 2019-02-20 13:36 /myfile8
-rw-r--r--   3 root supergroup 1073741824 2019-02-20 13:36 /myfile9
file 16 has been put into HDFS
file 16 has been read from HDFS for 1 time
diff succeed!
file 16 has been read from HDFS for 2 time
diff succeed!
file 16 has been read from HDFS for 3 time
diff succeed!
file 16 has been read from HDFS for 4 time
diff succeed!
file 16 has been read from HDFS for 5 time
diff succeed!
file 16 has been read from HDFS for 6 time
diff succeed!
file 16 has been read from HDFS for 7 time
diff succeed!
file 16 has been read from HDFS for 8 time
diff succeed!
file 16 has been read from HDFS for 9 time
diff succeed!
file 16 has been read from HDFS for 10 time
diff succeed!
Deleted /myfile16
file 16 has been removed from HDFS
Found 20 items
-rw-r--r--   3 root supergroup  939524096 2019-02-20 13:43 /myfile1._COPYING_
-rw-r--r--   3 root supergroup 1073741824 2019-02-20 13:41 /myfile10
-rw-r--r--   3 root supergroup 1073741824 2019-02-20 13:43 /myfile11
-rw-r--r--   3 root supergroup 1073741824 2019-02-20 13:42 /myfile12
-rw-r--r--   3 root supergroup  805306368 2019-02-20 13:43 /myfile13._COPYING_
-rw-r--r--   3 root supergroup 1073741824 2019-02-20 13:42 /myfile14
-rw-r--r--   3 root supergroup 1073741824 2019-02-20 13:42 /myfile15
-rw-r--r--   3 root supergroup 1073741824 2019-02-20 13:43 /myfile16
-rw-r--r--   3 root supergroup 1073741824 2019-02-20 13:40 /myfile17
-rw-r--r--   3 root supergroup 1073741824 2019-02-20 13:42 /myfile18
-rw-r--r--   3 root supergroup 1073741824 2019-02-20 13:43 /myfile19
-rw-r--r--   3 root supergroup 1073741824 2019-02-20 13:43 /myfile2
-rw-r--r--   3 root supergroup 1073741824 2019-02-20 13:40 /myfile20
-rw-r--r--   3 root supergroup 1073741824 2019-02-20 13:43 /myfile3
-rw-r--r--   3 root supergroup 1073741824 2019-02-20 13:41 /myfile4
-rw-r--r--   3 root supergroup  805306368 2019-02-20 13:43 /myfile5._COPYING_
-rw-r--r--   3 root supergroup  805306368 2019-02-20 13:43 /myfile6._COPYING_
-rw-r--r--   3 root supergroup 1073741824 2019-02-20 13:43 /myfile7
-rw-r--r--   3 root supergroup 1073741824 2019-02-20 13:40 /myfile8
-rw-r--r--   3 root supergroup 1073741824 2019-02-20 13:42 /myfile9
file 16 has been put into HDFS
file 16 has been read from HDFS for 1 time
diff succeed!
file 16 has been read from HDFS for 2 time
diff succeed!
file 16 has been read from HDFS for 3 time
diff succeed!
file 16 has been read from HDFS for 4 time
diff succeed!
file 16 has been read from HDFS for 5 time
diff succeed!
file 16 has been read from HDFS for 6 time
diff succeed!
file 16 has been read from HDFS for 7 time
diff succeed!
file 16 has been read from HDFS for 8 time
diff succeed!
file 16 has been read from HDFS for 9 time
diff succeed!
file 16 has been read from HDFS for 10 time
diff succeed!
Deleted /myfile16
file 16 has been removed from HDFS
Found 19 items
-rw-r--r--   3 root supergroup 1073741824 2019-02-20 13:47 /myfile1
-rw-r--r--   3 root supergroup 1073741824 2019-02-20 13:45 /myfile10
-rw-r--r--   3 root supergroup 1073741824 2019-02-20 13:47 /myfile11
-rw-r--r--   3 root supergroup 1073741824 2019-02-20 13:46 /myfile12
-rw-r--r--   3 root supergroup 1073741824 2019-02-20 13:46 /myfile14
-rw-r--r--   3 root supergroup 1073741824 2019-02-20 13:46 /myfile15
-rw-r--r--   3 root supergroup 1073741824 2019-02-20 13:47 /myfile16
-rw-r--r--   3 root supergroup 1073741824 2019-02-20 13:44 /myfile17
-rw-r--r--   3 root supergroup 1073741824 2019-02-20 13:46 /myfile18
-rw-r--r--   3 root supergroup 1073741824 2019-02-20 13:47 /myfile19
-rw-r--r--   3 root supergroup 1073741824 2019-02-20 13:47 /myfile2
-rw-r--r--   3 root supergroup 1073741824 2019-02-20 13:45 /myfile20
-rw-r--r--   3 root supergroup 1073741824 2019-02-20 13:47 /myfile3
-rw-r--r--   3 root supergroup 1073741824 2019-02-20 13:45 /myfile4
-rw-r--r--   3 root supergroup 1073741824 2019-02-20 13:43 /myfile5
-rw-r--r--   3 root supergroup 1073741824 2019-02-20 13:47 /myfile6
-rw-r--r--   3 root supergroup 1073741824 2019-02-20 13:47 /myfile7
-rw-r--r--   3 root supergroup 1073741824 2019-02-20 13:45 /myfile8
-rw-r--r--   3 root supergroup 1073741824 2019-02-20 13:46 /myfile9
file 16 has been put into HDFS
sub_benchmark 1 signal TERM catched and let quit gracefully
file 16 has been read from HDFS for 1 time
diff succeed!
Deleted /myfile16
file 16 has been removed from HDFS
