Found 20 items
-rw-r--r--   3 root supergroup 1073741824 2019-03-01 07:50 /myfile1
-rw-r--r--   3 root supergroup 1073741824 2019-03-01 07:50 /myfile10
-rw-r--r--   3 root supergroup 1073741824 2019-03-01 07:50 /myfile11
-rw-r--r--   3 root supergroup 1073741824 2019-03-01 07:50 /myfile12
-rw-r--r--   3 root supergroup 1073741824 2019-03-01 07:50 /myfile13
-rw-r--r--   3 root supergroup 1073741824 2019-03-01 07:50 /myfile14
-rw-r--r--   3 root supergroup 1073741824 2019-03-01 07:50 /myfile15
-rw-r--r--   3 root supergroup 1073741824 2019-03-01 07:50 /myfile16
-rw-r--r--   3 root supergroup 1073741824 2019-03-01 07:50 /myfile17
-rw-r--r--   3 root supergroup  805306368 2019-03-01 07:50 /myfile18._COPYING_
-rw-r--r--   3 root supergroup 1073741824 2019-03-01 07:50 /myfile19
-rw-r--r--   3 root supergroup 1073741824 2019-03-01 07:50 /myfile2
-rw-r--r--   3 root supergroup 1073741824 2019-03-01 07:50 /myfile20
-rw-r--r--   3 root supergroup 1073741824 2019-03-01 07:50 /myfile3
-rw-r--r--   3 root supergroup  939524096 2019-03-01 07:50 /myfile4._COPYING_
-rw-r--r--   3 root supergroup 1073741824 2019-03-01 07:50 /myfile5
-rw-r--r--   3 root supergroup 1073741824 2019-03-01 07:50 /myfile6
-rw-r--r--   3 root supergroup 1073741824 2019-03-01 07:50 /myfile7
-rw-r--r--   3 root supergroup 1073741824 2019-03-01 07:50 /myfile8
-rw-r--r--   3 root supergroup 1073741824 2019-03-01 07:50 /myfile9
file 2 has been put into HDFS
file 2 has been read from HDFS for 1 time
diff succeed!
file 2 has been read from HDFS for 2 time
diff succeed!
file 2 has been read from HDFS for 3 time
diff succeed!
file 2 has been read from HDFS for 4 time
diff succeed!
file 2 has been read from HDFS for 5 time
diff succeed!
file 2 has been read from HDFS for 6 time
diff succeed!
file 2 has been read from HDFS for 7 time
diff succeed!
file 2 has been read from HDFS for 8 time
diff succeed!
file 2 has been read from HDFS for 9 time
diff succeed!
file 2 has been read from HDFS for 10 time
diff succeed!
Deleted /myfile2
file 2 has been removed from HDFS
Found 20 items
-rw-r--r--   3 root supergroup 1073741824 2019-03-01 07:54 /myfile1
-rw-r--r--   3 root supergroup 1073741824 2019-03-01 07:54 /myfile10
-rw-r--r--   3 root supergroup 1073741824 2019-03-01 07:54 /myfile11
-rw-r--r--   3 root supergroup 1073741824 2019-03-01 07:54 /myfile12
-rw-r--r--   3 root supergroup 1073741824 2019-03-01 07:50 /myfile13
-rw-r--r--   3 root supergroup 1073741824 2019-03-01 07:54 /myfile14
-rw-r--r--   3 root supergroup 1073741824 2019-03-01 07:50 /myfile15
-rw-r--r--   3 root supergroup 1073741824 2019-03-01 07:50 /myfile16
-rw-r--r--   3 root supergroup 1073741824 2019-03-01 07:54 /myfile17
-rw-r--r--   3 root supergroup 1073741824 2019-03-01 07:51 /myfile18
-rw-r--r--   3 root supergroup 1073741824 2019-03-01 07:50 /myfile19
-rw-r--r--   3 root supergroup 1073741824 2019-03-01 07:54 /myfile2
-rw-r--r--   3 root supergroup 1073741824 2019-03-01 07:50 /myfile20
-rw-r--r--   3 root supergroup 1073741824 2019-03-01 07:54 /myfile3
-rw-r--r--   3 root supergroup 1073741824 2019-03-01 07:51 /myfile4
-rw-r--r--   3 root supergroup 1073741824 2019-03-01 07:50 /myfile5
-rw-r--r--   3 root supergroup 1073741824 2019-03-01 07:50 /myfile6
-rw-r--r--   3 root supergroup  939524096 2019-03-01 07:54 /myfile7._COPYING_
-rw-r--r--   3 root supergroup 1073741824 2019-03-01 07:50 /myfile8
-rw-r--r--   3 root supergroup 1073741824 2019-03-01 07:54 /myfile9
file 2 has been put into HDFS
file 2 has been read from HDFS for 1 time
diff succeed!
file 2 has been read from HDFS for 2 time
diff succeed!
file 2 has been read from HDFS for 3 time
diff succeed!
file 2 has been read from HDFS for 4 time
diff succeed!
file 2 has been read from HDFS for 5 time
diff succeed!
file 2 has been read from HDFS for 6 time
diff succeed!
file 2 has been read from HDFS for 7 time
diff succeed!
file 2 has been read from HDFS for 8 time
diff succeed!
file 2 has been read from HDFS for 9 time
diff succeed!
file 2 has been read from HDFS for 10 time
diff succeed!
Deleted /myfile2
file 2 has been removed from HDFS
Found 20 items
-rw-r--r--   3 root supergroup 1073741824 2019-03-01 07:54 /myfile1
-rw-r--r--   3 root supergroup 1073741824 2019-03-01 07:58 /myfile10
-rw-r--r--   3 root supergroup 1073741824 2019-03-01 07:58 /myfile11
-rw-r--r--   3 root supergroup 1073741824 2019-03-01 07:54 /myfile12
-rw-r--r--   3 root supergroup 1073741824 2019-03-01 07:56 /myfile13
-rw-r--r--   3 root supergroup 1073741824 2019-03-01 07:58 /myfile14
-rw-r--r--   3 root supergroup 1073741824 2019-03-01 07:56 /myfile15
-rw-r--r--   3 root supergroup 1073741824 2019-03-01 07:55 /myfile16
-rw-r--r--   3 root supergroup  671088640 2019-03-01 07:58 /myfile17._COPYING_
-rw-r--r--   3 root supergroup 1073741824 2019-03-01 07:55 /myfile18
-rw-r--r--   3 root supergroup 1073741824 2019-03-01 07:56 /myfile19
-rw-r--r--   3 root supergroup 1073741824 2019-03-01 07:58 /myfile2
-rw-r--r--   3 root supergroup 1073741824 2019-03-01 07:56 /myfile20
-rw-r--r--   3 root supergroup 1073741824 2019-03-01 07:58 /myfile3
-rw-r--r--   3 root supergroup 1073741824 2019-03-01 07:56 /myfile4
-rw-r--r--   3 root supergroup 1073741824 2019-03-01 07:55 /myfile5
-rw-r--r--   3 root supergroup 1073741824 2019-03-01 07:56 /myfile6
-rw-r--r--   3 root supergroup 1073741824 2019-03-01 07:58 /myfile7
-rw-r--r--   3 root supergroup 1073741824 2019-03-01 07:56 /myfile8
-rw-r--r--   3 root supergroup 1073741824 2019-03-01 07:58 /myfile9
file 2 has been put into HDFS
file 2 has been read from HDFS for 1 time
diff succeed!
file 2 has been read from HDFS for 2 time
diff succeed!
file 2 has been read from HDFS for 3 time
diff succeed!
file 2 has been read from HDFS for 4 time
diff succeed!
file 2 has been read from HDFS for 5 time
diff succeed!
file 2 has been read from HDFS for 6 time
diff succeed!
file 2 has been read from HDFS for 7 time
diff succeed!
file 2 has been read from HDFS for 8 time
diff succeed!
file 2 has been read from HDFS for 9 time
diff succeed!
file 2 has been read from HDFS for 10 time
diff succeed!
Deleted /myfile2
file 2 has been removed from HDFS
Found 20 items
-rw-r--r--   3 root supergroup 1073741824 2019-03-01 08:00 /myfile1
-rw-r--r--   3 root supergroup 1073741824 2019-03-01 08:02 /myfile10
-rw-r--r--   3 root supergroup 1073741824 2019-03-01 08:02 /myfile11
-rw-r--r--   3 root supergroup 1073741824 2019-03-01 08:00 /myfile12
-rw-r--r--   3 root supergroup 1073741824 2019-03-01 08:00 /myfile13
-rw-r--r--   3 root supergroup 1073741824 2019-03-01 08:02 /myfile14
-rw-r--r--   3 root supergroup 1073741824 2019-03-01 08:00 /myfile15
-rw-r--r--   3 root supergroup 1073741824 2019-03-01 07:59 /myfile16
-rw-r--r--   3 root supergroup  402653184 2019-03-01 08:02 /myfile17._COPYING_
-rw-r--r--   3 root supergroup 1073741824 2019-03-01 07:59 /myfile18
-rw-r--r--   3 root supergroup 1073741824 2019-03-01 08:00 /myfile19
-rw-r--r--   3 root supergroup 1073741824 2019-03-01 08:02 /myfile2
-rw-r--r--   3 root supergroup 1073741824 2019-03-01 08:02 /myfile20
-rw-r--r--   3 root supergroup 1073741824 2019-03-01 08:02 /myfile3
-rw-r--r--   3 root supergroup 1073741824 2019-03-01 08:00 /myfile4
-rw-r--r--   3 root supergroup 1073741824 2019-03-01 08:00 /myfile5
-rw-r--r--   3 root supergroup 1073741824 2019-03-01 08:00 /myfile6
-rw-r--r--   3 root supergroup 1073741824 2019-03-01 07:58 /myfile7
-rw-r--r--   3 root supergroup 1073741824 2019-03-01 08:01 /myfile8
-rw-r--r--   3 root supergroup 1073741824 2019-03-01 08:02 /myfile9
file 2 has been put into HDFS
file 2 has been read from HDFS for 1 time
diff succeed!
file 2 has been read from HDFS for 2 time
diff succeed!
file 2 has been read from HDFS for 3 time
diff succeed!
file 2 has been read from HDFS for 4 time
diff succeed!
file 2 has been read from HDFS for 5 time
diff succeed!
file 2 has been read from HDFS for 6 time
diff succeed!
sub_benchmark 7 signal TERM catched and let quit gracefully
file 2 has been read from HDFS for 7 time
diff succeed!
Deleted /myfile2
file 2 has been removed from HDFS
