Found 20 items
-rw-r--r--   3 root supergroup  805306368 2019-02-21 13:33 /myfile1._COPYING_
-rw-r--r--   3 root supergroup  939524096 2019-02-21 13:33 /myfile10._COPYING_
-rw-r--r--   3 root supergroup  805306368 2019-02-21 13:33 /myfile11._COPYING_
-rw-r--r--   3 root supergroup  939524096 2019-02-21 13:33 /myfile12._COPYING_
-rw-r--r--   3 root supergroup 1073741824 2019-02-21 13:33 /myfile13
-rw-r--r--   3 root supergroup 1073741824 2019-02-21 13:33 /myfile14
-rw-r--r--   3 root supergroup  939524096 2019-02-21 13:33 /myfile15._COPYING_
-rw-r--r--   3 root supergroup 1073741824 2019-02-21 13:33 /myfile16
-rw-r--r--   3 root supergroup  939524096 2019-02-21 13:33 /myfile17._COPYING_
-rw-r--r--   3 root supergroup  805306368 2019-02-21 13:33 /myfile18._COPYING_
-rw-r--r--   3 root supergroup  805306368 2019-02-21 13:33 /myfile19._COPYING_
-rw-r--r--   3 root supergroup  939524096 2019-02-21 13:33 /myfile2._COPYING_
-rw-r--r--   3 root supergroup  939524096 2019-02-21 13:33 /myfile20._COPYING_
-rw-r--r--   3 root supergroup  805306368 2019-02-21 13:33 /myfile3._COPYING_
-rw-r--r--   3 root supergroup  939524096 2019-02-21 13:33 /myfile4._COPYING_
-rw-r--r--   3 root supergroup 1073741824 2019-02-21 13:33 /myfile5
-rw-r--r--   3 root supergroup  939524096 2019-02-21 13:33 /myfile6._COPYING_
-rw-r--r--   3 root supergroup  805306368 2019-02-21 13:33 /myfile7._COPYING_
-rw-r--r--   3 root supergroup  939524096 2019-02-21 13:33 /myfile8._COPYING_
-rw-r--r--   3 root supergroup 1073741824 2019-02-21 13:33 /myfile9
file 16 has been put into HDFS
file 16 has been read from HDFS for 1 time
diff succeed!
file 16 has been read from HDFS for 2 time
diff succeed!
file 16 has been read from HDFS for 3 time
diff succeed!
file 16 has been read from HDFS for 4 time
diff succeed!
file 16 has been read from HDFS for 5 time
diff succeed!
file 16 has been read from HDFS for 6 time
diff succeed!
file 16 has been read from HDFS for 7 time
diff succeed!
file 16 has been read from HDFS for 8 time
diff succeed!
file 16 has been read from HDFS for 9 time
diff succeed!
file 16 has been read from HDFS for 10 time
diff succeed!
Deleted /myfile16
file 16 has been removed from HDFS
Found 17 items
-rw-r--r--   3 root supergroup 1073741824 2019-02-21 13:37 /myfile1
-rw-r--r--   3 root supergroup 1073741824 2019-02-21 13:33 /myfile10
-rw-r--r--   3 root supergroup 1073741824 2019-02-21 13:38 /myfile11
-rw-r--r--   3 root supergroup 1073741824 2019-02-21 13:33 /myfile12
-rw-r--r--   3 root supergroup 1073741824 2019-02-21 13:37 /myfile14
-rw-r--r--   3 root supergroup 1073741824 2019-02-21 13:37 /myfile15
-rw-r--r--   3 root supergroup 1073741824 2019-02-21 13:38 /myfile16
-rw-r--r--   3 root supergroup 1073741824 2019-02-21 13:38 /myfile17
-rw-r--r--   3 root supergroup 1073741824 2019-02-21 13:37 /myfile19
-rw-r--r--   3 root supergroup 1073741824 2019-02-21 13:37 /myfile2
-rw-r--r--   3 root supergroup 1073741824 2019-02-21 13:33 /myfile20
-rw-r--r--   3 root supergroup 1073741824 2019-02-21 13:38 /myfile3
-rw-r--r--   3 root supergroup 1073741824 2019-02-21 13:33 /myfile4
-rw-r--r--   3 root supergroup 1073741824 2019-02-21 13:37 /myfile5
-rw-r--r--   3 root supergroup 1073741824 2019-02-21 13:37 /myfile6
-rw-r--r--   3 root supergroup 1073741824 2019-02-21 13:38 /myfile7
-rw-r--r--   3 root supergroup 1073741824 2019-02-21 13:33 /myfile8
file 16 has been put into HDFS
file 16 has been read from HDFS for 1 time
diff succeed!
file 16 has been read from HDFS for 2 time
diff succeed!
file 16 has been read from HDFS for 3 time
diff succeed!
file 16 has been read from HDFS for 4 time
diff succeed!
file 16 has been read from HDFS for 5 time
diff succeed!
file 16 has been read from HDFS for 6 time
diff succeed!
file 16 has been read from HDFS for 7 time
diff succeed!
file 16 has been read from HDFS for 8 time
diff succeed!
file 16 has been read from HDFS for 9 time
diff succeed!
file 16 has been read from HDFS for 10 time
diff succeed!
Deleted /myfile16
file 16 has been removed from HDFS
Found 20 items
-rw-r--r--   3 root supergroup 1073741824 2019-02-21 13:42 /myfile1
-rw-r--r--   3 root supergroup 1073741824 2019-02-21 13:38 /myfile10
-rw-r--r--   3 root supergroup 1073741824 2019-02-21 13:42 /myfile11
-rw-r--r--   3 root supergroup 1073741824 2019-02-21 13:38 /myfile12
-rw-r--r--   3 root supergroup 1073741824 2019-02-21 13:38 /myfile13
-rw-r--r--   3 root supergroup 1073741824 2019-02-21 13:42 /myfile14
-rw-r--r--   3 root supergroup 1073741824 2019-02-21 13:42 /myfile15
-rw-r--r--   3 root supergroup 1073741824 2019-02-21 13:42 /myfile16
-rw-r--r--   3 root supergroup 1073741824 2019-02-21 13:42 /myfile17
-rw-r--r--   3 root supergroup 1073741824 2019-02-21 13:42 /myfile18
-rw-r--r--   3 root supergroup 1073741824 2019-02-21 13:42 /myfile19
-rw-r--r--   3 root supergroup 1073741824 2019-02-21 13:42 /myfile2
-rw-r--r--   3 root supergroup 1073741824 2019-02-21 13:40 /myfile20
-rw-r--r--   3 root supergroup 1073741824 2019-02-21 13:42 /myfile3
-rw-r--r--   3 root supergroup 1073741824 2019-02-21 13:38 /myfile4
-rw-r--r--   3 root supergroup 1073741824 2019-02-21 13:42 /myfile5
-rw-r--r--   3 root supergroup 1073741824 2019-02-21 13:42 /myfile6
-rw-r--r--   3 root supergroup  402653184 2019-02-21 13:42 /myfile7._COPYING_
-rw-r--r--   3 root supergroup 1073741824 2019-02-21 13:40 /myfile8
-rw-r--r--   3 root supergroup 1073741824 2019-02-21 13:42 /myfile9
file 16 has been put into HDFS
file 16 has been read from HDFS for 1 time
diff succeed!
file 16 has been read from HDFS for 2 time
diff succeed!
file 16 has been read from HDFS for 3 time
diff succeed!
file 16 has been read from HDFS for 4 time
diff succeed!
file 16 has been read from HDFS for 5 time
diff succeed!
file 16 has been read from HDFS for 6 time
diff succeed!
file 16 has been read from HDFS for 7 time
diff succeed!
file 16 has been read from HDFS for 8 time
diff succeed!
file 16 has been read from HDFS for 9 time
diff succeed!
file 16 has been read from HDFS for 10 time
diff succeed!
Deleted /myfile16
file 16 has been removed from HDFS
2019-02-21 13:46:17,434 INFO retry.RetryInvocationHandler: org.apache.hadoop.ipc.RemoteException(org.apache.hadoop.ipc.RetriableException): org.apache.hadoop.hdfs.server.namenode.SafeModeException: Cannot create file/myfile16._COPYING_. Name node is in safe mode.
The reported blocks 126 has reached the threshold 0.9990 of total blocks 126. The number of live datanodes 3 has reached the minimum number 0. In safe mode extension. Safe mode will be turned off automatically in 29 seconds. NamenodeHostName:node-1-link-0
	at org.apache.hadoop.hdfs.server.namenode.FSNamesystem.checkNameNodeSafeMode(FSNamesystem.java:1441)
	at org.apache.hadoop.hdfs.server.namenode.FSNamesystem.startFileInt(FSNamesystem.java:2401)
	at org.apache.hadoop.hdfs.server.namenode.FSNamesystem.startFile(FSNamesystem.java:2347)
	at org.apache.hadoop.hdfs.server.namenode.NameNodeRpcServer.create(NameNodeRpcServer.java:774)
	at org.apache.hadoop.hdfs.protocolPB.ClientNamenodeProtocolServerSideTranslatorPB.create(ClientNamenodeProtocolServerSideTranslatorPB.java:462)
	at org.apache.hadoop.hdfs.protocol.proto.ClientNamenodeProtocolProtos$ClientNamenodeProtocol$2.callBlockingMethod(ClientNamenodeProtocolProtos.java)
	at org.apache.hadoop.ipc.ProtobufRpcEngine$Server$ProtoBufRpcInvoker.call(ProtobufRpcEngine.java:523)
	at org.apache.hadoop.ipc.RPC$Server.call(RPC.java:991)
	at org.apache.hadoop.ipc.Server$RpcCall.run(Server.java:872)
	at org.apache.hadoop.ipc.Server$RpcCall.run(Server.java:818)
	at java.security.AccessController.doPrivileged(Native Method)
	at javax.security.auth.Subject.doAs(Subject.java:422)
	at org.apache.hadoop.security.UserGroupInformation.doAs(UserGroupInformation.java:1729)
	at org.apache.hadoop.ipc.Server$Handler.run(Server.java:2678)
Caused by: org.apache.hadoop.hdfs.server.namenode.SafeModeException: Cannot create file/myfile16._COPYING_. Name node is in safe mode.
The reported blocks 126 has reached the threshold 0.9990 of total blocks 126. The number of live datanodes 3 has reached the minimum number 0. In safe mode extension. Safe mode will be turned off automatically in 29 seconds. NamenodeHostName:node-1-link-0
	at org.apache.hadoop.hdfs.server.namenode.FSNamesystem.newSafemodeException(FSNamesystem.java:1450)
	at org.apache.hadoop.hdfs.server.namenode.FSNamesystem.checkNameNodeSafeMode(FSNamesystem.java:1437)
	... 13 more
, while invoking ClientNamenodeProtocolTranslatorPB.create over node-1-link-0/10.10.1.4:8020. Retrying immediately.
2019-02-21 13:46:17,438 INFO retry.RetryInvocationHandler: org.apache.hadoop.ipc.RemoteException(org.apache.hadoop.ipc.RetriableException): org.apache.hadoop.hdfs.server.namenode.SafeModeException: Cannot create file/myfile16._COPYING_. Name node is in safe mode.
The reported blocks 126 has reached the threshold 0.9990 of total blocks 126. The number of live datanodes 3 has reached the minimum number 0. In safe mode extension. Safe mode will be turned off automatically in 29 seconds. NamenodeHostName:node-1-link-0
	at org.apache.hadoop.hdfs.server.namenode.FSNamesystem.checkNameNodeSafeMode(FSNamesystem.java:1441)
	at org.apache.hadoop.hdfs.server.namenode.FSNamesystem.startFileInt(FSNamesystem.java:2401)
	at org.apache.hadoop.hdfs.server.namenode.FSNamesystem.startFile(FSNamesystem.java:2347)
	at org.apache.hadoop.hdfs.server.namenode.NameNodeRpcServer.create(NameNodeRpcServer.java:774)
	at org.apache.hadoop.hdfs.protocolPB.ClientNamenodeProtocolServerSideTranslatorPB.create(ClientNamenodeProtocolServerSideTranslatorPB.java:462)
	at org.apache.hadoop.hdfs.protocol.proto.ClientNamenodeProtocolProtos$ClientNamenodeProtocol$2.callBlockingMethod(ClientNamenodeProtocolProtos.java)
	at org.apache.hadoop.ipc.ProtobufRpcEngine$Server$ProtoBufRpcInvoker.call(ProtobufRpcEngine.java:523)
	at org.apache.hadoop.ipc.RPC$Server.call(RPC.java:991)
	at org.apache.hadoop.ipc.Server$RpcCall.run(Server.java:872)
	at org.apache.hadoop.ipc.Server$RpcCall.run(Server.java:818)
	at java.security.AccessController.doPrivileged(Native Method)
	at javax.security.auth.Subject.doAs(Subject.java:422)
	at org.apache.hadoop.security.UserGroupInformation.doAs(UserGroupInformation.java:1729)
	at org.apache.hadoop.ipc.Server$Handler.run(Server.java:2678)
Caused by: org.apache.hadoop.hdfs.server.namenode.SafeModeException: Cannot create file/myfile16._COPYING_. Name node is in safe mode.
The reported blocks 126 has reached the threshold 0.9990 of total blocks 126. The number of live datanodes 3 has reached the minimum number 0. In safe mode extension. Safe mode will be turned off automatically in 29 seconds. NamenodeHostName:node-1-link-0
	at org.apache.hadoop.hdfs.server.namenode.FSNamesystem.newSafemodeException(FSNamesystem.java:1450)
	at org.apache.hadoop.hdfs.server.namenode.FSNamesystem.checkNameNodeSafeMode(FSNamesystem.java:1437)
	... 13 more
, while invoking ClientNamenodeProtocolTranslatorPB.create over node-1-link-0/10.10.1.4:8020. Retrying after sleeping for 567ms.
2019-02-21 13:46:18,008 INFO retry.RetryInvocationHandler: org.apache.hadoop.ipc.RemoteException(org.apache.hadoop.ipc.RetriableException): org.apache.hadoop.hdfs.server.namenode.SafeModeException: Cannot create file/myfile16._COPYING_. Name node is in safe mode.
The reported blocks 126 has reached the threshold 0.9990 of total blocks 126. The number of live datanodes 3 has reached the minimum number 0. In safe mode extension. Safe mode will be turned off automatically in 28 seconds. NamenodeHostName:node-1-link-0
	at org.apache.hadoop.hdfs.server.namenode.FSNamesystem.checkNameNodeSafeMode(FSNamesystem.java:1441)
	at org.apache.hadoop.hdfs.server.namenode.FSNamesystem.startFileInt(FSNamesystem.java:2401)
	at org.apache.hadoop.hdfs.server.namenode.FSNamesystem.startFile(FSNamesystem.java:2347)
	at org.apache.hadoop.hdfs.server.namenode.NameNodeRpcServer.create(NameNodeRpcServer.java:774)
	at org.apache.hadoop.hdfs.protocolPB.ClientNamenodeProtocolServerSideTranslatorPB.create(ClientNamenodeProtocolServerSideTranslatorPB.java:462)
	at org.apache.hadoop.hdfs.protocol.proto.ClientNamenodeProtocolProtos$ClientNamenodeProtocol$2.callBlockingMethod(ClientNamenodeProtocolProtos.java)
	at org.apache.hadoop.ipc.ProtobufRpcEngine$Server$ProtoBufRpcInvoker.call(ProtobufRpcEngine.java:523)
	at org.apache.hadoop.ipc.RPC$Server.call(RPC.java:991)
	at org.apache.hadoop.ipc.Server$RpcCall.run(Server.java:872)
	at org.apache.hadoop.ipc.Server$RpcCall.run(Server.java:818)
	at java.security.AccessController.doPrivileged(Native Method)
	at javax.security.auth.Subject.doAs(Subject.java:422)
	at org.apache.hadoop.security.UserGroupInformation.doAs(UserGroupInformation.java:1729)
	at org.apache.hadoop.ipc.Server$Handler.run(Server.java:2678)
Caused by: org.apache.hadoop.hdfs.server.namenode.SafeModeException: Cannot create file/myfile16._COPYING_. Name node is in safe mode.
The reported blocks 126 has reached the threshold 0.9990 of total blocks 126. The number of live datanodes 3 has reached the minimum number 0. In safe mode extension. Safe mode will be turned off automatically in 28 seconds. NamenodeHostName:node-1-link-0
	at org.apache.hadoop.hdfs.server.namenode.FSNamesystem.newSafemodeException(FSNamesystem.java:1450)
	at org.apache.hadoop.hdfs.server.namenode.FSNamesystem.checkNameNodeSafeMode(FSNamesystem.java:1437)
	... 13 more
, while invoking ClientNamenodeProtocolTranslatorPB.create over node-1-link-0/10.10.1.4:8020. Retrying after sleeping for 2924ms.
2019-02-21 13:46:20,937 INFO retry.RetryInvocationHandler: org.apache.hadoop.ipc.RemoteException(org.apache.hadoop.ipc.RetriableException): org.apache.hadoop.hdfs.server.namenode.SafeModeException: Cannot create file/myfile16._COPYING_. Name node is in safe mode.
The reported blocks 126 has reached the threshold 0.9990 of total blocks 126. The number of live datanodes 3 has reached the minimum number 0. In safe mode extension. Safe mode will be turned off automatically in 25 seconds. NamenodeHostName:node-1-link-0
	at org.apache.hadoop.hdfs.server.namenode.FSNamesystem.checkNameNodeSafeMode(FSNamesystem.java:1441)
	at org.apache.hadoop.hdfs.server.namenode.FSNamesystem.startFileInt(FSNamesystem.java:2401)
	at org.apache.hadoop.hdfs.server.namenode.FSNamesystem.startFile(FSNamesystem.java:2347)
	at org.apache.hadoop.hdfs.server.namenode.NameNodeRpcServer.create(NameNodeRpcServer.java:774)
	at org.apache.hadoop.hdfs.protocolPB.ClientNamenodeProtocolServerSideTranslatorPB.create(ClientNamenodeProtocolServerSideTranslatorPB.java:462)
	at org.apache.hadoop.hdfs.protocol.proto.ClientNamenodeProtocolProtos$ClientNamenodeProtocol$2.callBlockingMethod(ClientNamenodeProtocolProtos.java)
	at org.apache.hadoop.ipc.ProtobufRpcEngine$Server$ProtoBufRpcInvoker.call(ProtobufRpcEngine.java:523)
	at org.apache.hadoop.ipc.RPC$Server.call(RPC.java:991)
	at org.apache.hadoop.ipc.Server$RpcCall.run(Server.java:872)
	at org.apache.hadoop.ipc.Server$RpcCall.run(Server.java:818)
	at java.security.AccessController.doPrivileged(Native Method)
	at javax.security.auth.Subject.doAs(Subject.java:422)
	at org.apache.hadoop.security.UserGroupInformation.doAs(UserGroupInformation.java:1729)
	at org.apache.hadoop.ipc.Server$Handler.run(Server.java:2678)
Caused by: org.apache.hadoop.hdfs.server.namenode.SafeModeException: Cannot create file/myfile16._COPYING_. Name node is in safe mode.
The reported blocks 126 has reached the threshold 0.9990 of total blocks 126. The number of live datanodes 3 has reached the minimum number 0. In safe mode extension. Safe mode will be turned off automatically in 25 seconds. NamenodeHostName:node-1-link-0
	at org.apache.hadoop.hdfs.server.namenode.FSNamesystem.newSafemodeException(FSNamesystem.java:1450)
	at org.apache.hadoop.hdfs.server.namenode.FSNamesystem.checkNameNodeSafeMode(FSNamesystem.java:1437)
	... 13 more
, while invoking ClientNamenodeProtocolTranslatorPB.create over node-1-link-0/10.10.1.4:8020. Retrying after sleeping for 2144ms.
2019-02-21 13:46:23,085 INFO retry.RetryInvocationHandler: org.apache.hadoop.ipc.RemoteException(org.apache.hadoop.ipc.RetriableException): org.apache.hadoop.hdfs.server.namenode.SafeModeException: Cannot create file/myfile16._COPYING_. Name node is in safe mode.
The reported blocks 126 has reached the threshold 0.9990 of total blocks 126. The number of live datanodes 3 has reached the minimum number 0. In safe mode extension. Safe mode will be turned off automatically in 23 seconds. NamenodeHostName:node-1-link-0
	at org.apache.hadoop.hdfs.server.namenode.FSNamesystem.checkNameNodeSafeMode(FSNamesystem.java:1441)
	at org.apache.hadoop.hdfs.server.namenode.FSNamesystem.startFileInt(FSNamesystem.java:2401)
	at org.apache.hadoop.hdfs.server.namenode.FSNamesystem.startFile(FSNamesystem.java:2347)
	at org.apache.hadoop.hdfs.server.namenode.NameNodeRpcServer.create(NameNodeRpcServer.java:774)
	at org.apache.hadoop.hdfs.protocolPB.ClientNamenodeProtocolServerSideTranslatorPB.create(ClientNamenodeProtocolServerSideTranslatorPB.java:462)
	at org.apache.hadoop.hdfs.protocol.proto.ClientNamenodeProtocolProtos$ClientNamenodeProtocol$2.callBlockingMethod(ClientNamenodeProtocolProtos.java)
	at org.apache.hadoop.ipc.ProtobufRpcEngine$Server$ProtoBufRpcInvoker.call(ProtobufRpcEngine.java:523)
	at org.apache.hadoop.ipc.RPC$Server.call(RPC.java:991)
	at org.apache.hadoop.ipc.Server$RpcCall.run(Server.java:872)
	at org.apache.hadoop.ipc.Server$RpcCall.run(Server.java:818)
	at java.security.AccessController.doPrivileged(Native Method)
	at javax.security.auth.Subject.doAs(Subject.java:422)
	at org.apache.hadoop.security.UserGroupInformation.doAs(UserGroupInformation.java:1729)
	at org.apache.hadoop.ipc.Server$Handler.run(Server.java:2678)
Caused by: org.apache.hadoop.hdfs.server.namenode.SafeModeException: Cannot create file/myfile16._COPYING_. Name node is in safe mode.
The reported blocks 126 has reached the threshold 0.9990 of total blocks 126. The number of live datanodes 3 has reached the minimum number 0. In safe mode extension. Safe mode will be turned off automatically in 23 seconds. NamenodeHostName:node-1-link-0
	at org.apache.hadoop.hdfs.server.namenode.FSNamesystem.newSafemodeException(FSNamesystem.java:1450)
	at org.apache.hadoop.hdfs.server.namenode.FSNamesystem.checkNameNodeSafeMode(FSNamesystem.java:1437)
	... 13 more
, while invoking ClientNamenodeProtocolTranslatorPB.create over node-1-link-0/10.10.1.4:8020. Retrying after sleeping for 4794ms.
2019-02-21 13:46:27,882 INFO retry.RetryInvocationHandler: org.apache.hadoop.ipc.RemoteException(org.apache.hadoop.ipc.RetriableException): org.apache.hadoop.hdfs.server.namenode.SafeModeException: Cannot create file/myfile16._COPYING_. Name node is in safe mode.
The reported blocks 126 has reached the threshold 0.9990 of total blocks 126. The number of live datanodes 3 has reached the minimum number 0. In safe mode extension. Safe mode will be turned off automatically in 18 seconds. NamenodeHostName:node-1-link-0
	at org.apache.hadoop.hdfs.server.namenode.FSNamesystem.checkNameNodeSafeMode(FSNamesystem.java:1441)
	at org.apache.hadoop.hdfs.server.namenode.FSNamesystem.startFileInt(FSNamesystem.java:2401)
	at org.apache.hadoop.hdfs.server.namenode.FSNamesystem.startFile(FSNamesystem.java:2347)
	at org.apache.hadoop.hdfs.server.namenode.NameNodeRpcServer.create(NameNodeRpcServer.java:774)
	at org.apache.hadoop.hdfs.protocolPB.ClientNamenodeProtocolServerSideTranslatorPB.create(ClientNamenodeProtocolServerSideTranslatorPB.java:462)
	at org.apache.hadoop.hdfs.protocol.proto.ClientNamenodeProtocolProtos$ClientNamenodeProtocol$2.callBlockingMethod(ClientNamenodeProtocolProtos.java)
	at org.apache.hadoop.ipc.ProtobufRpcEngine$Server$ProtoBufRpcInvoker.call(ProtobufRpcEngine.java:523)
	at org.apache.hadoop.ipc.RPC$Server.call(RPC.java:991)
	at org.apache.hadoop.ipc.Server$RpcCall.run(Server.java:872)
	at org.apache.hadoop.ipc.Server$RpcCall.run(Server.java:818)
	at java.security.AccessController.doPrivileged(Native Method)
	at javax.security.auth.Subject.doAs(Subject.java:422)
	at org.apache.hadoop.security.UserGroupInformation.doAs(UserGroupInformation.java:1729)
	at org.apache.hadoop.ipc.Server$Handler.run(Server.java:2678)
Caused by: org.apache.hadoop.hdfs.server.namenode.SafeModeException: Cannot create file/myfile16._COPYING_. Name node is in safe mode.
The reported blocks 126 has reached the threshold 0.9990 of total blocks 126. The number of live datanodes 3 has reached the minimum number 0. In safe mode extension. Safe mode will be turned off automatically in 18 seconds. NamenodeHostName:node-1-link-0
	at org.apache.hadoop.hdfs.server.namenode.FSNamesystem.newSafemodeException(FSNamesystem.java:1450)
	at org.apache.hadoop.hdfs.server.namenode.FSNamesystem.checkNameNodeSafeMode(FSNamesystem.java:1437)
	... 13 more
, while invoking ClientNamenodeProtocolTranslatorPB.create over node-1-link-0/10.10.1.4:8020. Retrying after sleeping for 7838ms.
2019-02-21 13:46:35,723 INFO retry.RetryInvocationHandler: org.apache.hadoop.ipc.RemoteException(org.apache.hadoop.ipc.RetriableException): org.apache.hadoop.hdfs.server.namenode.SafeModeException: Cannot create file/myfile16._COPYING_. Name node is in safe mode.
The reported blocks 126 has reached the threshold 0.9990 of total blocks 126. The number of live datanodes 3 has reached the minimum number 0. In safe mode extension. Safe mode will be turned off automatically in 10 seconds. NamenodeHostName:node-1-link-0
	at org.apache.hadoop.hdfs.server.namenode.FSNamesystem.checkNameNodeSafeMode(FSNamesystem.java:1441)
	at org.apache.hadoop.hdfs.server.namenode.FSNamesystem.startFileInt(FSNamesystem.java:2401)
	at org.apache.hadoop.hdfs.server.namenode.FSNamesystem.startFile(FSNamesystem.java:2347)
	at org.apache.hadoop.hdfs.server.namenode.NameNodeRpcServer.create(NameNodeRpcServer.java:774)
	at org.apache.hadoop.hdfs.protocolPB.ClientNamenodeProtocolServerSideTranslatorPB.create(ClientNamenodeProtocolServerSideTranslatorPB.java:462)
	at org.apache.hadoop.hdfs.protocol.proto.ClientNamenodeProtocolProtos$ClientNamenodeProtocol$2.callBlockingMethod(ClientNamenodeProtocolProtos.java)
	at org.apache.hadoop.ipc.ProtobufRpcEngine$Server$ProtoBufRpcInvoker.call(ProtobufRpcEngine.java:523)
	at org.apache.hadoop.ipc.RPC$Server.call(RPC.java:991)
	at org.apache.hadoop.ipc.Server$RpcCall.run(Server.java:872)
	at org.apache.hadoop.ipc.Server$RpcCall.run(Server.java:818)
	at java.security.AccessController.doPrivileged(Native Method)
	at javax.security.auth.Subject.doAs(Subject.java:422)
	at org.apache.hadoop.security.UserGroupInformation.doAs(UserGroupInformation.java:1729)
	at org.apache.hadoop.ipc.Server$Handler.run(Server.java:2678)
Caused by: org.apache.hadoop.hdfs.server.namenode.SafeModeException: Cannot create file/myfile16._COPYING_. Name node is in safe mode.
The reported blocks 126 has reached the threshold 0.9990 of total blocks 126. The number of live datanodes 3 has reached the minimum number 0. In safe mode extension. Safe mode will be turned off automatically in 10 seconds. NamenodeHostName:node-1-link-0
	at org.apache.hadoop.hdfs.server.namenode.FSNamesystem.newSafemodeException(FSNamesystem.java:1450)
	at org.apache.hadoop.hdfs.server.namenode.FSNamesystem.checkNameNodeSafeMode(FSNamesystem.java:1437)
	... 13 more
, while invoking ClientNamenodeProtocolTranslatorPB.create over node-1-link-0/10.10.1.4:8020. Retrying after sleeping for 20896ms.
Found 16 items
-rw-r--r--   3 root supergroup 1073741824 2019-02-21 13:46 /myfile1
-rw-r--r--   3 root supergroup 1073741824 2019-02-21 13:46 /myfile10
-rw-r--r--   3 root supergroup 1073741824 2019-02-21 13:42 /myfile11
-rw-r--r--   3 root supergroup 1073741824 2019-02-21 13:43 /myfile13
-rw-r--r--   3 root supergroup 1073741824 2019-02-21 13:42 /myfile14
-rw-r--r--   3 root supergroup 1073741824 2019-02-21 13:42 /myfile15
-rw-r--r--   3 root supergroup 1073741824 2019-02-21 13:46 /myfile16
-rw-r--r--   3 root supergroup 1073741824 2019-02-21 13:42 /myfile18
-rw-r--r--   3 root supergroup 1073741824 2019-02-21 13:46 /myfile19
-rw-r--r--   3 root supergroup  134217728 2019-02-21 13:46 /myfile2._COPYING_
-rw-r--r--   3 root supergroup 1073741824 2019-02-21 13:46 /myfile20
-rw-r--r--   3 root supergroup 1073741824 2019-02-21 13:42 /myfile3
-rw-r--r--   3 root supergroup 1073741824 2019-02-21 13:43 /myfile4
-rw-r--r--   3 root supergroup 1073741824 2019-02-21 13:42 /myfile6
-rw-r--r--   3 root supergroup 1073741824 2019-02-21 13:42 /myfile7
-rw-r--r--   3 root supergroup 1073741824 2019-02-21 13:45 /myfile8
file 16 has been put into HDFS
file 16 has been read from HDFS for 1 time
diff succeed!
file 16 has been read from HDFS for 2 time
diff succeed!
file 16 has been read from HDFS for 3 time
diff succeed!
file 16 has been read from HDFS for 4 time
diff succeed!
file 16 has been read from HDFS for 5 time
diff succeed!
file 16 has been read from HDFS for 6 time
diff succeed!
file 16 has been read from HDFS for 7 time
diff succeed!
file 16 has been read from HDFS for 8 time
diff succeed!
file 16 has been read from HDFS for 9 time
diff succeed!
file 16 has been read from HDFS for 10 time
diff succeed!
Deleted /myfile16
file 16 has been removed from HDFS
Found 19 items
-rw-r--r--   3 root supergroup 1073741824 2019-02-21 13:51 /myfile1
-rw-r--r--   3 root supergroup 1073741824 2019-02-21 13:50 /myfile10
-rw-r--r--   3 root supergroup 1073741824 2019-02-21 13:48 /myfile11
-rw-r--r--   3 root supergroup  939524096 2019-02-21 13:51 /myfile12._COPYING_
-rw-r--r--   3 root supergroup 1073741824 2019-02-21 13:51 /myfile13
-rw-r--r--   3 root supergroup 1073741824 2019-02-21 13:48 /myfile14
-rw-r--r--   3 root supergroup 1073741824 2019-02-21 13:47 /myfile15
-rw-r--r--   3 root supergroup 1073741824 2019-02-21 13:51 /myfile16
-rw-r--r--   3 root supergroup 1073741824 2019-02-21 13:51 /myfile17
-rw-r--r--   3 root supergroup 1073741824 2019-02-21 13:48 /myfile18
-rw-r--r--   3 root supergroup 1073741824 2019-02-21 13:50 /myfile19
-rw-r--r--   3 root supergroup 1073741824 2019-02-21 13:51 /myfile2
-rw-r--r--   3 root supergroup 1073741824 2019-02-21 13:51 /myfile20
-rw-r--r--   3 root supergroup 1073741824 2019-02-21 13:48 /myfile3
-rw-r--r--   3 root supergroup 1073741824 2019-02-21 13:48 /myfile4
-rw-r--r--   3 root supergroup 1073741824 2019-02-21 13:51 /myfile5
-rw-r--r--   3 root supergroup 1073741824 2019-02-21 13:48 /myfile6
-rw-r--r--   3 root supergroup 1073741824 2019-02-21 13:47 /myfile7
-rw-r--r--   3 root supergroup 1073741824 2019-02-21 13:50 /myfile8
file 16 has been put into HDFS
file 16 has been read from HDFS for 1 time
diff succeed!
file 16 has been read from HDFS for 2 time
diff succeed!
file 16 has been read from HDFS for 3 time
diff succeed!
file 16 has been read from HDFS for 4 time
diff succeed!
file 16 has been read from HDFS for 5 time
diff succeed!
file 16 has been read from HDFS for 6 time
diff succeed!
file 16 has been read from HDFS for 7 time
diff succeed!
file 16 has been read from HDFS for 8 time
diff succeed!
file 16 has been read from HDFS for 9 time
diff succeed!
file 16 has been read from HDFS for 10 time
diff succeed!
Deleted /myfile16
file 16 has been removed from HDFS
Found 20 items
-rw-r--r--   3 root supergroup 1073741824 2019-02-21 13:56 /myfile1
-rw-r--r--   3 root supergroup 1073741824 2019-02-21 13:54 /myfile10
-rw-r--r--   3 root supergroup 1073741824 2019-02-21 13:53 /myfile11
-rw-r--r--   3 root supergroup 1073741824 2019-02-21 13:56 /myfile12
-rw-r--r--   3 root supergroup 1073741824 2019-02-21 13:56 /myfile13
-rw-r--r--   3 root supergroup 1073741824 2019-02-21 13:52 /myfile14
-rw-r--r--   3 root supergroup 1073741824 2019-02-21 13:52 /myfile15
-rw-r--r--   3 root supergroup 1073741824 2019-02-21 13:56 /myfile16
-rw-r--r--   3 root supergroup 1073741824 2019-02-21 13:56 /myfile17
-rw-r--r--   3 root supergroup 1073741824 2019-02-21 13:53 /myfile18
-rw-r--r--   3 root supergroup 1073741824 2019-02-21 13:55 /myfile19
-rw-r--r--   3 root supergroup 1073741824 2019-02-21 13:56 /myfile2
-rw-r--r--   3 root supergroup 1073741824 2019-02-21 13:56 /myfile20
-rw-r--r--   3 root supergroup 1073741824 2019-02-21 13:52 /myfile3
-rw-r--r--   3 root supergroup 1073741824 2019-02-21 13:53 /myfile4
-rw-r--r--   3 root supergroup 1073741824 2019-02-21 13:56 /myfile5
-rw-r--r--   3 root supergroup 1073741824 2019-02-21 13:53 /myfile6
-rw-r--r--   3 root supergroup 1073741824 2019-02-21 13:52 /myfile7
-rw-r--r--   3 root supergroup 1073741824 2019-02-21 13:55 /myfile8
-rw-r--r--   3 root supergroup 1073741824 2019-02-21 13:56 /myfile9
file 16 has been put into HDFS
file 16 has been read from HDFS for 1 time
diff succeed!
file 16 has been read from HDFS for 2 time
diff succeed!
file 16 has been read from HDFS for 3 time
diff succeed!
file 16 has been read from HDFS for 4 time
diff succeed!
file 16 has been read from HDFS for 5 time
diff succeed!
file 16 has been read from HDFS for 6 time
diff succeed!
file 16 has been read from HDFS for 7 time
diff succeed!
file 16 has been read from HDFS for 8 time
diff succeed!
file 16 has been read from HDFS for 9 time
diff succeed!
file 16 has been read from HDFS for 10 time
diff succeed!
Deleted /myfile16
file 16 has been removed from HDFS
Found 20 items
-rw-r--r--   3 root supergroup 1073741824 2019-02-21 14:00 /myfile1
-rw-r--r--   3 root supergroup 1073741824 2019-02-21 13:59 /myfile10
-rw-r--r--   3 root supergroup 1073741824 2019-02-21 13:59 /myfile11
-rw-r--r--   3 root supergroup 1073741824 2019-02-21 14:00 /myfile12
-rw-r--r--   3 root supergroup 1073741824 2019-02-21 14:00 /myfile13
-rw-r--r--   3 root supergroup 1073741824 2019-02-21 13:58 /myfile14
-rw-r--r--   3 root supergroup 1073741824 2019-02-21 13:58 /myfile15
-rw-r--r--   3 root supergroup 1073741824 2019-02-21 14:01 /myfile16
-rw-r--r--   3 root supergroup 1073741824 2019-02-21 14:00 /myfile17
-rw-r--r--   3 root supergroup 1073741824 2019-02-21 13:58 /myfile18
-rw-r--r--   3 root supergroup 1073741824 2019-02-21 14:00 /myfile19
-rw-r--r--   3 root supergroup 1073741824 2019-02-21 14:01 /myfile2
-rw-r--r--   3 root supergroup 1073741824 2019-02-21 14:00 /myfile20
-rw-r--r--   3 root supergroup 1073741824 2019-02-21 13:57 /myfile3
-rw-r--r--   3 root supergroup 1073741824 2019-02-21 13:59 /myfile4
-rw-r--r--   3 root supergroup 1073741824 2019-02-21 14:01 /myfile5
-rw-r--r--   3 root supergroup 1073741824 2019-02-21 13:58 /myfile6
-rw-r--r--   3 root supergroup 1073741824 2019-02-21 13:58 /myfile7
-rw-r--r--   3 root supergroup 1073741824 2019-02-21 14:00 /myfile8
-rw-r--r--   3 root supergroup 1073741824 2019-02-21 13:56 /myfile9
file 16 has been put into HDFS
file 16 has been read from HDFS for 1 time
diff succeed!
file 16 has been read from HDFS for 2 time
diff succeed!
file 16 has been read from HDFS for 3 time
diff succeed!
file 16 has been read from HDFS for 4 time
diff succeed!
file 16 has been read from HDFS for 5 time
diff succeed!
file 16 has been read from HDFS for 6 time
diff succeed!
file 16 has been read from HDFS for 7 time
diff succeed!
file 16 has been read from HDFS for 8 time
diff succeed!
file 16 has been read from HDFS for 9 time
diff succeed!
file 16 has been read from HDFS for 10 time
diff succeed!
Deleted /myfile16
file 16 has been removed from HDFS
Found 20 items
-rw-r--r--   3 root supergroup 1073741824 2019-02-21 14:05 /myfile1
-rw-r--r--   3 root supergroup 1073741824 2019-02-21 14:03 /myfile10
-rw-r--r--   3 root supergroup 1073741824 2019-02-21 14:03 /myfile11
-rw-r--r--   3 root supergroup 1073741824 2019-02-21 14:04 /myfile12
-rw-r--r--   3 root supergroup 1073741824 2019-02-21 14:05 /myfile13
-rw-r--r--   3 root supergroup 1073741824 2019-02-21 14:03 /myfile14
-rw-r--r--   3 root supergroup 1073741824 2019-02-21 14:03 /myfile15
-rw-r--r--   3 root supergroup 1073741824 2019-02-21 14:07 /myfile16
-rw-r--r--   3 root supergroup 1073741824 2019-02-21 14:05 /myfile17
-rw-r--r--   3 root supergroup 1073741824 2019-02-21 14:03 /myfile18
-rw-r--r--   3 root supergroup 1073741824 2019-02-21 14:05 /myfile19
-rw-r--r--   3 root supergroup 1073741824 2019-02-21 14:06 /myfile2
-rw-r--r--   3 root supergroup 1073741824 2019-02-21 14:04 /myfile20
-rw-r--r--   3 root supergroup  939524096 2019-02-21 14:06 /myfile3._COPYING_
-rw-r--r--   3 root supergroup 1073741824 2019-02-21 14:03 /myfile4
-rw-r--r--   3 root supergroup 1073741824 2019-02-21 14:05 /myfile5
-rw-r--r--   3 root supergroup 1073741824 2019-02-21 14:03 /myfile6
-rw-r--r--   3 root supergroup 1073741824 2019-02-21 14:03 /myfile7
-rw-r--r--   3 root supergroup 1073741824 2019-02-21 14:05 /myfile8
-rw-r--r--   3 root supergroup 1073741824 2019-02-21 14:05 /myfile9
file 16 has been put into HDFS
file 16 has been read from HDFS for 1 time
diff succeed!
file 16 has been read from HDFS for 2 time
diff succeed!
file 16 has been read from HDFS for 3 time
diff succeed!
file 16 has been read from HDFS for 4 time
diff succeed!
file 16 has been read from HDFS for 5 time
diff succeed!
file 16 has been read from HDFS for 6 time
diff succeed!
file 16 has been read from HDFS for 7 time
diff succeed!
file 16 has been read from HDFS for 8 time
diff succeed!
file 16 has been read from HDFS for 9 time
diff succeed!
file 16 has been read from HDFS for 10 time
diff succeed!
Deleted /myfile16
file 16 has been removed from HDFS
Found 20 items
-rw-r--r--   3 root supergroup 1073741824 2019-02-21 14:09 /myfile1
-rw-r--r--   3 root supergroup 1073741824 2019-02-21 14:09 /myfile10
-rw-r--r--   3 root supergroup 1073741824 2019-02-21 14:08 /myfile11
-rw-r--r--   3 root supergroup 1073741824 2019-02-21 14:09 /myfile12
-rw-r--r--   3 root supergroup 1073741824 2019-02-21 14:09 /myfile13
-rw-r--r--   3 root supergroup 1073741824 2019-02-21 14:09 /myfile14
-rw-r--r--   3 root supergroup          0 2019-02-21 14:11 /myfile15._COPYING_
-rw-r--r--   3 root supergroup 1073741824 2019-02-21 14:11 /myfile16
-rw-r--r--   3 root supergroup 1073741824 2019-02-21 14:09 /myfile17
-rw-r--r--   3 root supergroup 1073741824 2019-02-21 14:08 /myfile18
-rw-r--r--   3 root supergroup 1073741824 2019-02-21 14:10 /myfile19
-rw-r--r--   3 root supergroup 1073741824 2019-02-21 14:11 /myfile2
-rw-r--r--   3 root supergroup 1073741824 2019-02-21 14:09 /myfile20
-rw-r--r--   3 root supergroup 1073741824 2019-02-21 14:11 /myfile3
-rw-r--r--   3 root supergroup          0 2019-02-21 14:11 /myfile4._COPYING_
-rw-r--r--   3 root supergroup 1073741824 2019-02-21 14:10 /myfile5
-rw-r--r--   3 root supergroup 1073741824 2019-02-21 14:07 /myfile6
-rw-r--r--   3 root supergroup 1073741824 2019-02-21 14:09 /myfile7
-rw-r--r--   3 root supergroup 1073741824 2019-02-21 14:10 /myfile8
-rw-r--r--   3 root supergroup 1073741824 2019-02-21 14:11 /myfile9
file 16 has been put into HDFS
file 16 has been read from HDFS for 1 time
diff succeed!
file 16 has been read from HDFS for 2 time
diff succeed!
file 16 has been read from HDFS for 3 time
diff succeed!
file 16 has been read from HDFS for 4 time
diff succeed!
file 16 has been read from HDFS for 5 time
diff succeed!
file 16 has been read from HDFS for 6 time
diff succeed!
file 16 has been read from HDFS for 7 time
diff succeed!
file 16 has been read from HDFS for 8 time
diff succeed!
file 16 has been read from HDFS for 9 time
diff succeed!
file 16 has been read from HDFS for 10 time
diff succeed!
Deleted /myfile16
file 16 has been removed from HDFS
Found 20 items
-rw-r--r--   3 root supergroup 1073741824 2019-02-21 14:13 /myfile1
-rw-r--r--   3 root supergroup 1073741824 2019-02-21 14:13 /myfile10
-rw-r--r--   3 root supergroup 1073741824 2019-02-21 14:13 /myfile11
-rw-r--r--   3 root supergroup 1073741824 2019-02-21 14:15 /myfile12
-rw-r--r--   3 root supergroup 1073741824 2019-02-21 14:14 /myfile13
-rw-r--r--   3 root supergroup 1073741824 2019-02-21 14:14 /myfile14
-rw-r--r--   3 root supergroup  805306368 2019-02-21 14:16 /myfile15._COPYING_
-rw-r--r--   3 root supergroup 1073741824 2019-02-21 14:16 /myfile16
-rw-r--r--   3 root supergroup 1073741824 2019-02-21 14:15 /myfile17
-rw-r--r--   3 root supergroup 1073741824 2019-02-21 14:13 /myfile18
-rw-r--r--   3 root supergroup 1073741824 2019-02-21 14:14 /myfile19
-rw-r--r--   3 root supergroup 1073741824 2019-02-21 14:15 /myfile2
-rw-r--r--   3 root supergroup 1073741824 2019-02-21 14:14 /myfile20
-rw-r--r--   3 root supergroup 1073741824 2019-02-21 14:16 /myfile3
-rw-r--r--   3 root supergroup 1073741824 2019-02-21 14:16 /myfile4
-rw-r--r--   3 root supergroup 1073741824 2019-02-21 14:14 /myfile5
-rw-r--r--   3 root supergroup 1073741824 2019-02-21 14:13 /myfile6
-rw-r--r--   3 root supergroup 1073741824 2019-02-21 14:14 /myfile7
-rw-r--r--   3 root supergroup 1073741824 2019-02-21 14:16 /myfile8
-rw-r--r--   3 root supergroup 1073741824 2019-02-21 14:16 /myfile9
file 16 has been put into HDFS
file 16 has been read from HDFS for 1 time
diff succeed!
file 16 has been read from HDFS for 2 time
diff succeed!
file 16 has been read from HDFS for 3 time
diff succeed!
file 16 has been read from HDFS for 4 time
diff succeed!
file 16 has been read from HDFS for 5 time
diff succeed!
sub_benchmark 5 signal TERM catched and let quit gracefully
Deleted /myfile16
file 16 has been removed from HDFS
