Found 20 items
-rw-r--r--   3 root supergroup 1073741824 2019-02-21 19:53 /myfile1
-rw-r--r--   3 root supergroup 1073741824 2019-02-21 19:53 /myfile10
-rw-r--r--   3 root supergroup 1073741824 2019-02-21 19:53 /myfile11
-rw-r--r--   3 root supergroup 1073741824 2019-02-21 19:53 /myfile12
-rw-r--r--   3 root supergroup 1073741824 2019-02-21 19:53 /myfile13
-rw-r--r--   3 root supergroup 1073741824 2019-02-21 19:53 /myfile14
-rw-r--r--   3 root supergroup 1073741824 2019-02-21 19:53 /myfile15
-rw-r--r--   3 root supergroup 1073741824 2019-02-21 19:53 /myfile16
-rw-r--r--   3 root supergroup 1073741824 2019-02-21 19:53 /myfile17
-rw-r--r--   3 root supergroup 1073741824 2019-02-21 19:53 /myfile18
-rw-r--r--   3 root supergroup 1073741824 2019-02-21 19:53 /myfile19
-rw-r--r--   3 root supergroup 1073741824 2019-02-21 19:53 /myfile2
-rw-r--r--   3 root supergroup 1073741824 2019-02-21 19:53 /myfile20
-rw-r--r--   3 root supergroup 1073741824 2019-02-21 19:53 /myfile3
-rw-r--r--   3 root supergroup 1073741824 2019-02-21 19:53 /myfile4
-rw-r--r--   3 root supergroup 1073741824 2019-02-21 19:53 /myfile5
-rw-r--r--   3 root supergroup 1073741824 2019-02-21 19:53 /myfile6
-rw-r--r--   3 root supergroup 1073741824 2019-02-21 19:53 /myfile7
-rw-r--r--   3 root supergroup 1073741824 2019-02-21 19:53 /myfile8
-rw-r--r--   3 root supergroup 1073741824 2019-02-21 19:53 /myfile9
file 1 has been put into HDFS
file 1 has been read from HDFS for 1 time
diff succeed!
file 1 has been read from HDFS for 2 time
diff succeed!
file 1 has been read from HDFS for 3 time
diff succeed!
file 1 has been read from HDFS for 4 time
diff succeed!
file 1 has been read from HDFS for 5 time
diff succeed!
file 1 has been read from HDFS for 6 time
diff succeed!
file 1 has been read from HDFS for 7 time
diff succeed!
file 1 has been read from HDFS for 8 time
diff succeed!
file 1 has been read from HDFS for 9 time
diff succeed!
file 1 has been read from HDFS for 10 time
diff succeed!
Deleted /myfile1
file 1 has been removed from HDFS
Found 18 items
-rw-r--r--   3 root supergroup 1073741824 2019-02-21 19:58 /myfile1
-rw-r--r--   3 root supergroup 1073741824 2019-02-21 19:57 /myfile10
-rw-r--r--   3 root supergroup 1073741824 2019-02-21 19:58 /myfile11
-rw-r--r--   3 root supergroup 1073741824 2019-02-21 19:57 /myfile12
-rw-r--r--   3 root supergroup 1073741824 2019-02-21 19:57 /myfile13
-rw-r--r--   3 root supergroup 1073741824 2019-02-21 19:57 /myfile14
-rw-r--r--   3 root supergroup 1073741824 2019-02-21 19:57 /myfile15
-rw-r--r--   3 root supergroup 1073741824 2019-02-21 19:57 /myfile16
-rw-r--r--   3 root supergroup 1073741824 2019-02-21 19:58 /myfile17
-rw-r--r--   3 root supergroup 1073741824 2019-02-21 19:57 /myfile18
-rw-r--r--   3 root supergroup 1073741824 2019-02-21 19:57 /myfile19
-rw-r--r--   3 root supergroup 1073741824 2019-02-21 19:57 /myfile20
-rw-r--r--   3 root supergroup 1073741824 2019-02-21 19:57 /myfile3
-rw-r--r--   3 root supergroup 1073741824 2019-02-21 19:57 /myfile4
-rw-r--r--   3 root supergroup 1073741824 2019-02-21 19:57 /myfile6
-rw-r--r--   3 root supergroup 1073741824 2019-02-21 19:57 /myfile7
-rw-r--r--   3 root supergroup 1073741824 2019-02-21 19:57 /myfile8
-rw-r--r--   3 root supergroup 1073741824 2019-02-21 19:57 /myfile9
file 1 has been put into HDFS
file 1 has been read from HDFS for 1 time
diff succeed!
file 1 has been read from HDFS for 2 time
diff succeed!
file 1 has been read from HDFS for 3 time
diff succeed!
file 1 has been read from HDFS for 4 time
diff succeed!
file 1 has been read from HDFS for 5 time
diff succeed!
file 1 has been read from HDFS for 6 time
diff succeed!
file 1 has been read from HDFS for 7 time
diff succeed!
file 1 has been read from HDFS for 8 time
diff succeed!
file 1 has been read from HDFS for 9 time
diff succeed!
file 1 has been read from HDFS for 10 time
diff succeed!
Deleted /myfile1
file 1 has been removed from HDFS
Found 20 items
-rw-r--r--   3 root supergroup 1073741824 2019-02-21 20:03 /myfile1
-rw-r--r--   3 root supergroup 1073741824 2019-02-21 20:01 /myfile10
-rw-r--r--   3 root supergroup 1073741824 2019-02-21 20:03 /myfile11
-rw-r--r--   3 root supergroup 1073741824 2019-02-21 20:01 /myfile12
-rw-r--r--   3 root supergroup 1073741824 2019-02-21 20:01 /myfile13
-rw-r--r--   3 root supergroup  671088640 2019-02-21 20:02 /myfile14._COPYING_
-rw-r--r--   3 root supergroup 1073741824 2019-02-21 20:01 /myfile15
-rw-r--r--   3 root supergroup 1073741824 2019-02-21 20:01 /myfile16
-rw-r--r--   3 root supergroup 1073741824 2019-02-21 20:02 /myfile17
-rw-r--r--   3 root supergroup 1073741824 2019-02-21 20:01 /myfile18
-rw-r--r--   3 root supergroup 1073741824 2019-02-21 20:01 /myfile19
-rw-r--r--   3 root supergroup 1073741824 2019-02-21 19:59 /myfile2
-rw-r--r--   3 root supergroup 1073741824 2019-02-21 20:01 /myfile20
-rw-r--r--   3 root supergroup 1073741824 2019-02-21 20:01 /myfile3
-rw-r--r--   3 root supergroup 1073741824 2019-02-21 20:03 /myfile4
-rw-r--r--   3 root supergroup 1073741824 2019-02-21 20:03 /myfile5
-rw-r--r--   3 root supergroup 1073741824 2019-02-21 20:01 /myfile6
-rw-r--r--   3 root supergroup 1073741824 2019-02-21 20:01 /myfile7
-rw-r--r--   3 root supergroup 1073741824 2019-02-21 20:02 /myfile8
-rw-r--r--   3 root supergroup 1073741824 2019-02-21 20:01 /myfile9
file 1 has been put into HDFS
file 1 has been read from HDFS for 1 time
diff succeed!
file 1 has been read from HDFS for 2 time
diff succeed!
file 1 has been read from HDFS for 3 time
diff succeed!
file 1 has been read from HDFS for 4 time
diff succeed!
file 1 has been read from HDFS for 5 time
diff succeed!
file 1 has been read from HDFS for 6 time
diff succeed!
file 1 has been read from HDFS for 7 time
diff succeed!
file 1 has been read from HDFS for 8 time
diff succeed!
file 1 has been read from HDFS for 9 time
diff succeed!
file 1 has been read from HDFS for 10 time
diff succeed!
Deleted /myfile1
file 1 has been removed from HDFS
Found 20 items
-rw-r--r--   3 root supergroup 1073741824 2019-02-21 20:07 /myfile1
-rw-r--r--   3 root supergroup 1073741824 2019-02-21 20:06 /myfile10
-rw-r--r--   3 root supergroup 1073741824 2019-02-21 20:03 /myfile11
-rw-r--r--   3 root supergroup 1073741824 2019-02-21 20:05 /myfile12
-rw-r--r--   3 root supergroup 1073741824 2019-02-21 20:05 /myfile13
-rw-r--r--   3 root supergroup          0 2019-02-21 20:07 /myfile14._COPYING_
-rw-r--r--   3 root supergroup 1073741824 2019-02-21 20:06 /myfile15
-rw-r--r--   3 root supergroup 1073741824 2019-02-21 20:05 /myfile16
-rw-r--r--   3 root supergroup 1073741824 2019-02-21 20:06 /myfile17
-rw-r--r--   3 root supergroup 1073741824 2019-02-21 20:06 /myfile18
-rw-r--r--   3 root supergroup 1073741824 2019-02-21 20:06 /myfile19
-rw-r--r--   3 root supergroup 1073741824 2019-02-21 20:05 /myfile2
-rw-r--r--   3 root supergroup 1073741824 2019-02-21 20:06 /myfile20
-rw-r--r--   3 root supergroup 1073741824 2019-02-21 20:06 /myfile3
-rw-r--r--   3 root supergroup  268435456 2019-02-21 20:07 /myfile4._COPYING_
-rw-r--r--   3 root supergroup 1073741824 2019-02-21 20:03 /myfile5
-rw-r--r--   3 root supergroup 1073741824 2019-02-21 20:06 /myfile6
-rw-r--r--   3 root supergroup 1073741824 2019-02-21 20:06 /myfile7
-rw-r--r--   3 root supergroup 1073741824 2019-02-21 20:02 /myfile8
-rw-r--r--   3 root supergroup 1073741824 2019-02-21 20:05 /myfile9
file 1 has been put into HDFS
file 1 has been read from HDFS for 1 time
diff succeed!
file 1 has been read from HDFS for 2 time
diff succeed!
file 1 has been read from HDFS for 3 time
diff succeed!
file 1 has been read from HDFS for 4 time
diff succeed!
file 1 has been read from HDFS for 5 time
diff succeed!
file 1 has been read from HDFS for 6 time
diff succeed!
file 1 has been read from HDFS for 7 time
diff succeed!
file 1 has been read from HDFS for 8 time
diff succeed!
file 1 has been read from HDFS for 9 time
diff succeed!
file 1 has been read from HDFS for 10 time
diff succeed!
Deleted /myfile1
file 1 has been removed from HDFS
Found 19 items
-rw-r--r--   3 root supergroup 1073741824 2019-02-21 20:11 /myfile1
-rw-r--r--   3 root supergroup 1073741824 2019-02-21 20:11 /myfile10
-rw-r--r--   3 root supergroup 1073741824 2019-02-21 20:08 /myfile11
-rw-r--r--   3 root supergroup 1073741824 2019-02-21 20:09 /myfile12
-rw-r--r--   3 root supergroup 1073741824 2019-02-21 20:09 /myfile13
-rw-r--r--   3 root supergroup 1073741824 2019-02-21 20:08 /myfile14
-rw-r--r--   3 root supergroup 1073741824 2019-02-21 20:10 /myfile15
-rw-r--r--   3 root supergroup 1073741824 2019-02-21 20:09 /myfile16
-rw-r--r--   3 root supergroup 1073741824 2019-02-21 20:11 /myfile17
-rw-r--r--   3 root supergroup 1073741824 2019-02-21 20:11 /myfile18
-rw-r--r--   3 root supergroup 1073741824 2019-02-21 20:11 /myfile19
-rw-r--r--   3 root supergroup 1073741824 2019-02-21 20:08 /myfile2
-rw-r--r--   3 root supergroup 1073741824 2019-02-21 20:10 /myfile20
-rw-r--r--   3 root supergroup 1073741824 2019-02-21 20:11 /myfile3
-rw-r--r--   3 root supergroup 1073741824 2019-02-21 20:08 /myfile4
-rw-r--r--   3 root supergroup 1073741824 2019-02-21 20:08 /myfile5
-rw-r--r--   3 root supergroup 1073741824 2019-02-21 20:10 /myfile7
-rw-r--r--   3 root supergroup 1073741824 2019-02-21 20:08 /myfile8
-rw-r--r--   3 root supergroup 1073741824 2019-02-21 20:09 /myfile9
file 1 has been put into HDFS
file 1 has been read from HDFS for 1 time
diff succeed!
file 1 has been read from HDFS for 2 time
diff succeed!
file 1 has been read from HDFS for 3 time
diff succeed!
file 1 has been read from HDFS for 4 time
diff succeed!
file 1 has been read from HDFS for 5 time
diff succeed!
file 1 has been read from HDFS for 6 time
diff succeed!
file 1 has been read from HDFS for 7 time
diff succeed!
file 1 has been read from HDFS for 8 time
diff succeed!
file 1 has been read from HDFS for 9 time
diff succeed!
file 1 has been read from HDFS for 10 time
diff succeed!
Deleted /myfile1
file 1 has been removed from HDFS
Found 20 items
-rw-r--r--   3 root supergroup 1073741824 2019-02-21 20:16 /myfile1
-rw-r--r--   3 root supergroup 1073741824 2019-02-21 20:16 /myfile10
-rw-r--r--   3 root supergroup 1073741824 2019-02-21 20:13 /myfile11
-rw-r--r--   3 root supergroup 1073741824 2019-02-21 20:13 /myfile12
-rw-r--r--   3 root supergroup 1073741824 2019-02-21 20:15 /myfile13
-rw-r--r--   3 root supergroup  402653184 2019-02-21 20:16 /myfile14._COPYING_
-rw-r--r--   3 root supergroup 1073741824 2019-02-21 20:14 /myfile15
-rw-r--r--   3 root supergroup 1073741824 2019-02-21 20:14 /myfile16
-rw-r--r--   3 root supergroup 1073741824 2019-02-21 20:15 /myfile17
-rw-r--r--   3 root supergroup 1073741824 2019-02-21 20:16 /myfile18
-rw-r--r--   3 root supergroup 1073741824 2019-02-21 20:15 /myfile19
-rw-r--r--   3 root supergroup 1073741824 2019-02-21 20:15 /myfile2
-rw-r--r--   3 root supergroup 1073741824 2019-02-21 20:15 /myfile20
-rw-r--r--   3 root supergroup 1073741824 2019-02-21 20:15 /myfile3
-rw-r--r--   3 root supergroup 1073741824 2019-02-21 20:12 /myfile4
-rw-r--r--   3 root supergroup 1073741824 2019-02-21 20:12 /myfile5
-rw-r--r--   3 root supergroup 1073741824 2019-02-21 20:16 /myfile6
-rw-r--r--   3 root supergroup 1073741824 2019-02-21 20:15 /myfile7
-rw-r--r--   3 root supergroup 1073741824 2019-02-21 20:12 /myfile8
-rw-r--r--   3 root supergroup 1073741824 2019-02-21 20:13 /myfile9
file 1 has been put into HDFS
file 1 has been read from HDFS for 1 time
diff succeed!
file 1 has been read from HDFS for 2 time
diff succeed!
file 1 has been read from HDFS for 3 time
diff succeed!
file 1 has been read from HDFS for 4 time
diff succeed!
file 1 has been read from HDFS for 5 time
diff succeed!
file 1 has been read from HDFS for 6 time
diff succeed!
file 1 has been read from HDFS for 7 time
diff succeed!
file 1 has been read from HDFS for 8 time
diff succeed!
file 1 has been read from HDFS for 9 time
diff succeed!
file 1 has been read from HDFS for 10 time
diff succeed!
Deleted /myfile1
file 1 has been removed from HDFS
Found 20 items
-rw-r--r--   3 root supergroup 1073741824 2019-02-21 20:20 /myfile1
-rw-r--r--   3 root supergroup 1073741824 2019-02-21 20:20 /myfile10
-rw-r--r--   3 root supergroup 1073741824 2019-02-21 20:17 /myfile11
-rw-r--r--   3 root supergroup 1073741824 2019-02-21 20:17 /myfile12
-rw-r--r--   3 root supergroup 1073741824 2019-02-21 20:19 /myfile13
-rw-r--r--   3 root supergroup 1073741824 2019-02-21 20:20 /myfile14
-rw-r--r--   3 root supergroup 1073741824 2019-02-21 20:18 /myfile15
-rw-r--r--   3 root supergroup 1073741824 2019-02-21 20:17 /myfile16
-rw-r--r--   3 root supergroup 1073741824 2019-02-21 20:19 /myfile17
-rw-r--r--   3 root supergroup 1073741824 2019-02-21 20:20 /myfile18
-rw-r--r--   3 root supergroup 1073741824 2019-02-21 20:20 /myfile19
-rw-r--r--   3 root supergroup 1073741824 2019-02-21 20:19 /myfile2
-rw-r--r--   3 root supergroup 1073741824 2019-02-21 20:19 /myfile20
-rw-r--r--   3 root supergroup 1073741824 2019-02-21 20:19 /myfile3
-rw-r--r--   3 root supergroup 1073741824 2019-02-21 20:17 /myfile4
-rw-r--r--   3 root supergroup 1073741824 2019-02-21 20:17 /myfile5
-rw-r--r--   3 root supergroup 1073741824 2019-02-21 20:20 /myfile6
-rw-r--r--   3 root supergroup 1073741824 2019-02-21 20:19 /myfile7
-rw-r--r--   3 root supergroup 1073741824 2019-02-21 20:17 /myfile8
-rw-r--r--   3 root supergroup 1073741824 2019-02-21 20:17 /myfile9
file 1 has been put into HDFS
file 1 has been read from HDFS for 1 time
diff succeed!
file 1 has been read from HDFS for 2 time
diff succeed!
file 1 has been read from HDFS for 3 time
diff succeed!
file 1 has been read from HDFS for 4 time
diff succeed!
file 1 has been read from HDFS for 5 time
diff succeed!
file 1 has been read from HDFS for 6 time
diff succeed!
file 1 has been read from HDFS for 7 time
diff succeed!
file 1 has been read from HDFS for 8 time
diff succeed!
file 1 has been read from HDFS for 9 time
diff succeed!
file 1 has been read from HDFS for 10 time
diff succeed!
Deleted /myfile1
file 1 has been removed from HDFS
Found 20 items
-rw-r--r--   3 root supergroup 1073741824 2019-02-21 20:25 /myfile1
-rw-r--r--   3 root supergroup 1073741824 2019-02-21 20:25 /myfile10
-rw-r--r--   3 root supergroup 1073741824 2019-02-21 20:22 /myfile11
-rw-r--r--   3 root supergroup 1073741824 2019-02-21 20:21 /myfile12
-rw-r--r--   3 root supergroup 1073741824 2019-02-21 20:23 /myfile13
-rw-r--r--   3 root supergroup 1073741824 2019-02-21 20:24 /myfile14
-rw-r--r--   3 root supergroup 1073741824 2019-02-21 20:23 /myfile15
-rw-r--r--   3 root supergroup 1073741824 2019-02-21 20:21 /myfile16
-rw-r--r--   3 root supergroup 1073741824 2019-02-21 20:23 /myfile17
-rw-r--r--   3 root supergroup 1073741824 2019-02-21 20:25 /myfile18
-rw-r--r--   3 root supergroup 1073741824 2019-02-21 20:24 /myfile19
-rw-r--r--   3 root supergroup 1073741824 2019-02-21 20:23 /myfile2
-rw-r--r--   3 root supergroup 1073741824 2019-02-21 20:23 /myfile20
-rw-r--r--   3 root supergroup 1073741824 2019-02-21 20:24 /myfile3
-rw-r--r--   3 root supergroup 1073741824 2019-02-21 20:21 /myfile4
-rw-r--r--   3 root supergroup 1073741824 2019-02-21 20:21 /myfile5
-rw-r--r--   3 root supergroup  268435456 2019-02-21 20:25 /myfile6._COPYING_
-rw-r--r--   3 root supergroup 1073741824 2019-02-21 20:24 /myfile7
-rw-r--r--   3 root supergroup 1073741824 2019-02-21 20:21 /myfile8
-rw-r--r--   3 root supergroup 1073741824 2019-02-21 20:22 /myfile9
file 1 has been put into HDFS
file 1 has been read from HDFS for 1 time
diff succeed!
file 1 has been read from HDFS for 2 time
diff succeed!
file 1 has been read from HDFS for 3 time
diff succeed!
file 1 has been read from HDFS for 4 time
diff succeed!
file 1 has been read from HDFS for 5 time
diff succeed!
file 1 has been read from HDFS for 6 time
diff succeed!
file 1 has been read from HDFS for 7 time
diff succeed!
file 1 has been read from HDFS for 8 time
diff succeed!
file 1 has been read from HDFS for 9 time
diff succeed!
file 1 has been read from HDFS for 10 time
diff succeed!
Deleted /myfile1
file 1 has been removed from HDFS
Found 19 items
-rw-r--r--   3 root supergroup 1073741824 2019-02-21 20:29 /myfile1
-rw-r--r--   3 root supergroup 1073741824 2019-02-21 20:28 /myfile10
-rw-r--r--   3 root supergroup 1073741824 2019-02-21 20:26 /myfile11
-rw-r--r--   3 root supergroup 1073741824 2019-02-21 20:26 /myfile12
-rw-r--r--   3 root supergroup 1073741824 2019-02-21 20:27 /myfile13
-rw-r--r--   3 root supergroup 1073741824 2019-02-21 20:28 /myfile14
-rw-r--r--   3 root supergroup 1073741824 2019-02-21 20:27 /myfile15
-rw-r--r--   3 root supergroup 1073741824 2019-02-21 20:26 /myfile16
-rw-r--r--   3 root supergroup 1073741824 2019-02-21 20:28 /myfile17
-rw-r--r--   3 root supergroup 1073741824 2019-02-21 20:28 /myfile18
-rw-r--r--   3 root supergroup 1073741824 2019-02-21 20:28 /myfile19
-rw-r--r--   3 root supergroup 1073741824 2019-02-21 20:27 /myfile2
-rw-r--r--   3 root supergroup 1073741824 2019-02-21 20:27 /myfile20
-rw-r--r--   3 root supergroup 1073741824 2019-02-21 20:28 /myfile3
-rw-r--r--   3 root supergroup 1073741824 2019-02-21 20:26 /myfile5
-rw-r--r--   3 root supergroup 1073741824 2019-02-21 20:29 /myfile6
-rw-r--r--   3 root supergroup 1073741824 2019-02-21 20:28 /myfile7
-rw-r--r--   3 root supergroup 1073741824 2019-02-21 20:26 /myfile8
-rw-r--r--   3 root supergroup 1073741824 2019-02-21 20:27 /myfile9
file 1 has been put into HDFS
file 1 has been read from HDFS for 1 time
diff succeed!
file 1 has been read from HDFS for 2 time
diff succeed!
file 1 has been read from HDFS for 3 time
diff succeed!
file 1 has been read from HDFS for 4 time
diff succeed!
file 1 has been read from HDFS for 5 time
diff succeed!
file 1 has been read from HDFS for 6 time
diff succeed!
file 1 has been read from HDFS for 7 time
diff succeed!
file 1 has been read from HDFS for 8 time
diff succeed!
file 1 has been read from HDFS for 9 time
diff succeed!
file 1 has been read from HDFS for 10 time
diff succeed!
Deleted /myfile1
file 1 has been removed from HDFS
Found 20 items
-rw-r--r--   3 root supergroup 1073741824 2019-02-21 20:33 /myfile1
-rw-r--r--   3 root supergroup 1073741824 2019-02-21 20:33 /myfile10
-rw-r--r--   3 root supergroup 1073741824 2019-02-21 20:31 /myfile11
-rw-r--r--   3 root supergroup 1073741824 2019-02-21 20:31 /myfile12
-rw-r--r--   3 root supergroup 1073741824 2019-02-21 20:32 /myfile13
-rw-r--r--   3 root supergroup 1073741824 2019-02-21 20:32 /myfile14
-rw-r--r--   3 root supergroup 1073741824 2019-02-21 20:32 /myfile15
-rw-r--r--   3 root supergroup 1073741824 2019-02-21 20:30 /myfile16
-rw-r--r--   3 root supergroup 1073741824 2019-02-21 20:33 /myfile17
-rw-r--r--   3 root supergroup 1073741824 2019-02-21 20:33 /myfile18
-rw-r--r--   3 root supergroup 1073741824 2019-02-21 20:33 /myfile19
-rw-r--r--   3 root supergroup 1073741824 2019-02-21 20:32 /myfile2
-rw-r--r--   3 root supergroup 1073741824 2019-02-21 20:32 /myfile20
-rw-r--r--   3 root supergroup 1073741824 2019-02-21 20:33 /myfile3
-rw-r--r--   3 root supergroup 1073741824 2019-02-21 20:30 /myfile4
-rw-r--r--   3 root supergroup 1073741824 2019-02-21 20:31 /myfile5
-rw-r--r--   3 root supergroup 1073741824 2019-02-21 20:29 /myfile6
-rw-r--r--   3 root supergroup 1073741824 2019-02-21 20:33 /myfile7
-rw-r--r--   3 root supergroup 1073741824 2019-02-21 20:31 /myfile8
-rw-r--r--   3 root supergroup 1073741824 2019-02-21 20:32 /myfile9
file 1 has been put into HDFS
file 1 has been read from HDFS for 1 time
diff succeed!
file 1 has been read from HDFS for 2 time
diff succeed!
file 1 has been read from HDFS for 3 time
diff succeed!
file 1 has been read from HDFS for 4 time
diff succeed!
file 1 has been read from HDFS for 5 time
diff succeed!
file 1 has been read from HDFS for 6 time
diff succeed!
file 1 has been read from HDFS for 7 time
diff succeed!
file 1 has been read from HDFS for 8 time
diff succeed!
file 1 has been read from HDFS for 9 time
diff succeed!
file 1 has been read from HDFS for 10 time
diff succeed!
Deleted /myfile1
file 1 has been removed from HDFS
Found 20 items
-rw-r--r--   3 root supergroup 1073741824 2019-02-21 20:37 /myfile1
-rw-r--r--   3 root supergroup 1073741824 2019-02-21 20:37 /myfile10
-rw-r--r--   3 root supergroup 1073741824 2019-02-21 20:35 /myfile11
-rw-r--r--   3 root supergroup 1073741824 2019-02-21 20:35 /myfile12
-rw-r--r--   3 root supergroup 1073741824 2019-02-21 20:37 /myfile13
-rw-r--r--   3 root supergroup 1073741824 2019-02-21 20:32 /myfile14
-rw-r--r--   3 root supergroup 1073741824 2019-02-21 20:37 /myfile15
-rw-r--r--   3 root supergroup 1073741824 2019-02-21 20:34 /myfile16
-rw-r--r--   3 root supergroup 1073741824 2019-02-21 20:37 /myfile17
-rw-r--r--   3 root supergroup 1073741824 2019-02-21 20:37 /myfile18
-rw-r--r--   3 root supergroup 1073741824 2019-02-21 20:36 /myfile19
-rw-r--r--   3 root supergroup 1073741824 2019-02-21 20:35 /myfile2
-rw-r--r--   3 root supergroup 1073741824 2019-02-21 20:37 /myfile20
-rw-r--r--   3 root supergroup 1073741824 2019-02-21 20:37 /myfile3
-rw-r--r--   3 root supergroup 1073741824 2019-02-21 20:34 /myfile4
-rw-r--r--   3 root supergroup 1073741824 2019-02-21 20:36 /myfile5
-rw-r--r--   3 root supergroup 1073741824 2019-02-21 20:34 /myfile6
-rw-r--r--   3 root supergroup          0 2019-02-21 20:37 /myfile7._COPYING_
-rw-r--r--   3 root supergroup 1073741824 2019-02-21 20:36 /myfile8
-rw-r--r--   3 root supergroup 1073741824 2019-02-21 20:36 /myfile9
file 1 has been put into HDFS
file 1 has been read from HDFS for 1 time
diff succeed!
file 1 has been read from HDFS for 2 time
diff succeed!
sub_benchmark 3 signal TERM catched and let quit gracefully
file 1 has been read from HDFS for 3 time
diff succeed!
Deleted /myfile1
file 1 has been removed from HDFS
