Found 20 items
-rw-r--r--   3 root supergroup 1073741824 2019-02-21 17:28 /myfile1
-rw-r--r--   3 root supergroup 1073741824 2019-02-21 17:28 /myfile10
-rw-r--r--   3 root supergroup 1073741824 2019-02-21 17:28 /myfile11
-rw-r--r--   3 root supergroup 1073741824 2019-02-21 17:28 /myfile12
-rw-r--r--   3 root supergroup 1073741824 2019-02-21 17:28 /myfile13
-rw-r--r--   3 root supergroup 1073741824 2019-02-21 17:28 /myfile14
-rw-r--r--   3 root supergroup 1073741824 2019-02-21 17:28 /myfile15
-rw-r--r--   3 root supergroup 1073741824 2019-02-21 17:28 /myfile16
-rw-r--r--   3 root supergroup 1073741824 2019-02-21 17:28 /myfile17
-rw-r--r--   3 root supergroup 1073741824 2019-02-21 17:28 /myfile18
-rw-r--r--   3 root supergroup 1073741824 2019-02-21 17:28 /myfile19
-rw-r--r--   3 root supergroup 1073741824 2019-02-21 17:28 /myfile2
-rw-r--r--   3 root supergroup 1073741824 2019-02-21 17:28 /myfile20
-rw-r--r--   3 root supergroup 1073741824 2019-02-21 17:28 /myfile3
-rw-r--r--   3 root supergroup 1073741824 2019-02-21 17:28 /myfile4
-rw-r--r--   3 root supergroup 1073741824 2019-02-21 17:28 /myfile5
-rw-r--r--   3 root supergroup 1073741824 2019-02-21 17:28 /myfile6
-rw-r--r--   3 root supergroup 1073741824 2019-02-21 17:28 /myfile7
-rw-r--r--   3 root supergroup 1073741824 2019-02-21 17:28 /myfile8
-rw-r--r--   3 root supergroup 1073741824 2019-02-21 17:28 /myfile9
file 4 has been put into HDFS
file 4 has been read from HDFS for 1 time
diff succeed!
file 4 has been read from HDFS for 2 time
diff succeed!
file 4 has been read from HDFS for 3 time
diff succeed!
file 4 has been read from HDFS for 4 time
diff succeed!
file 4 has been read from HDFS for 5 time
diff succeed!
file 4 has been read from HDFS for 6 time
diff succeed!
file 4 has been read from HDFS for 7 time
diff succeed!
file 4 has been read from HDFS for 8 time
diff succeed!
file 4 has been read from HDFS for 9 time
diff succeed!
file 4 has been read from HDFS for 10 time
diff succeed!
Deleted /myfile4
file 4 has been removed from HDFS
Found 20 items
-rw-r--r--   3 root supergroup 1073741824 2019-02-21 17:32 /myfile1
-rw-r--r--   3 root supergroup 1073741824 2019-02-21 17:32 /myfile10
-rw-r--r--   3 root supergroup 1073741824 2019-02-21 17:32 /myfile11
-rw-r--r--   3 root supergroup 1073741824 2019-02-21 17:28 /myfile12
-rw-r--r--   3 root supergroup 1073741824 2019-02-21 17:28 /myfile13
-rw-r--r--   3 root supergroup 1073741824 2019-02-21 17:32 /myfile14
-rw-r--r--   3 root supergroup 1073741824 2019-02-21 17:32 /myfile15
-rw-r--r--   3 root supergroup 1073741824 2019-02-21 17:32 /myfile16
-rw-r--r--   3 root supergroup 1073741824 2019-02-21 17:32 /myfile17
-rw-r--r--   3 root supergroup 1073741824 2019-02-21 17:28 /myfile18
-rw-r--r--   3 root supergroup 1073741824 2019-02-21 17:32 /myfile19
-rw-r--r--   3 root supergroup 1073741824 2019-02-21 17:28 /myfile2
-rw-r--r--   3 root supergroup 1073741824 2019-02-21 17:28 /myfile20
-rw-r--r--   3 root supergroup 1073741824 2019-02-21 17:32 /myfile3
-rw-r--r--   3 root supergroup 1073741824 2019-02-21 17:32 /myfile4
-rw-r--r--   3 root supergroup 1073741824 2019-02-21 17:32 /myfile5
-rw-r--r--   3 root supergroup 1073741824 2019-02-21 17:28 /myfile6
-rw-r--r--   3 root supergroup 1073741824 2019-02-21 17:28 /myfile7
-rw-r--r--   3 root supergroup 1073741824 2019-02-21 17:28 /myfile8
-rw-r--r--   3 root supergroup 1073741824 2019-02-21 17:32 /myfile9
file 4 has been put into HDFS
file 4 has been read from HDFS for 1 time
diff succeed!
file 4 has been read from HDFS for 2 time
diff succeed!
file 4 has been read from HDFS for 3 time
diff succeed!
file 4 has been read from HDFS for 4 time
diff succeed!
file 4 has been read from HDFS for 5 time
diff succeed!
file 4 has been read from HDFS for 6 time
diff succeed!
file 4 has been read from HDFS for 7 time
diff succeed!
file 4 has been read from HDFS for 8 time
diff succeed!
file 4 has been read from HDFS for 9 time
diff succeed!
file 4 has been read from HDFS for 10 time
diff succeed!
Deleted /myfile4
file 4 has been removed from HDFS
Found 20 items
-rw-r--r--   3 root supergroup 1073741824 2019-02-21 17:37 /myfile1
-rw-r--r--   3 root supergroup  939524096 2019-02-21 17:38 /myfile10._COPYING_
-rw-r--r--   3 root supergroup 1073741824 2019-02-21 17:38 /myfile11
-rw-r--r--   3 root supergroup 1073741824 2019-02-21 17:38 /myfile12
-rw-r--r--   3 root supergroup 1073741824 2019-02-21 17:34 /myfile13
-rw-r--r--   3 root supergroup 1073741824 2019-02-21 17:37 /myfile14
-rw-r--r--   3 root supergroup  805306368 2019-02-21 17:38 /myfile15._COPYING_
-rw-r--r--   3 root supergroup 1073741824 2019-02-21 17:37 /myfile16
-rw-r--r--   3 root supergroup 1073741824 2019-02-21 17:38 /myfile17
-rw-r--r--   3 root supergroup 1073741824 2019-02-21 17:34 /myfile18
-rw-r--r--   3 root supergroup  134217728 2019-02-21 17:38 /myfile19._COPYING_
-rw-r--r--   3 root supergroup 1073741824 2019-02-21 17:35 /myfile2
-rw-r--r--   3 root supergroup 1073741824 2019-02-21 17:35 /myfile20
-rw-r--r--   3 root supergroup 1073741824 2019-02-21 17:37 /myfile3
-rw-r--r--   3 root supergroup 1073741824 2019-02-21 17:38 /myfile4
-rw-r--r--   3 root supergroup 1073741824 2019-02-21 17:37 /myfile5
-rw-r--r--   3 root supergroup          0 2019-02-21 17:38 /myfile6._COPYING_
-rw-r--r--   3 root supergroup  134217728 2019-02-21 17:38 /myfile7._COPYING_
-rw-r--r--   3 root supergroup 1073741824 2019-02-21 17:37 /myfile8
-rw-r--r--   3 root supergroup 1073741824 2019-02-21 17:37 /myfile9
file 4 has been put into HDFS
file 4 has been read from HDFS for 1 time
diff succeed!
file 4 has been read from HDFS for 2 time
diff succeed!
file 4 has been read from HDFS for 3 time
diff succeed!
file 4 has been read from HDFS for 4 time
diff succeed!
2019-02-21 17:40:35,531 INFO retry.RetryInvocationHandler: java.net.ConnectException: Call From clnode059.clemson.cloudlab.us/130.127.133.68 to node-1-link-0:8020 failed on connection exception: java.net.ConnectException: Connection refused; For more details see:  http://wiki.apache.org/hadoop/ConnectionRefused, while invoking ClientNamenodeProtocolTranslatorPB.getFileInfo over node-1-link-0/10.10.1.4:8020 after 1 failover attempts. Trying to failover after sleeping for 575ms.
2019-02-21 17:40:36,112 INFO retry.RetryInvocationHandler: org.apache.hadoop.ipc.RemoteException(org.apache.hadoop.ipc.StandbyException): Operation category READ is not supported in state standby. Visit https://s.apache.org/sbnn-error
	at org.apache.hadoop.hdfs.server.namenode.ha.StandbyState.checkOperation(StandbyState.java:88)
	at org.apache.hadoop.hdfs.server.namenode.NameNode$NameNodeHAContext.checkOperation(NameNode.java:1952)
	at org.apache.hadoop.hdfs.server.namenode.FSNamesystem.checkOperation(FSNamesystem.java:1423)
	at org.apache.hadoop.hdfs.server.namenode.FSNamesystem.getFileInfo(FSNamesystem.java:3085)
	at org.apache.hadoop.hdfs.server.namenode.NameNodeRpcServer.getFileInfo(NameNodeRpcServer.java:1154)
	at org.apache.hadoop.hdfs.protocolPB.ClientNamenodeProtocolServerSideTranslatorPB.getFileInfo(ClientNamenodeProtocolServerSideTranslatorPB.java:966)
	at org.apache.hadoop.hdfs.protocol.proto.ClientNamenodeProtocolProtos$ClientNamenodeProtocol$2.callBlockingMethod(ClientNamenodeProtocolProtos.java)
	at org.apache.hadoop.ipc.ProtobufRpcEngine$Server$ProtoBufRpcInvoker.call(ProtobufRpcEngine.java:523)
	at org.apache.hadoop.ipc.RPC$Server.call(RPC.java:991)
	at org.apache.hadoop.ipc.Server$RpcCall.run(Server.java:872)
	at org.apache.hadoop.ipc.Server$RpcCall.run(Server.java:818)
	at java.security.AccessController.doPrivileged(Native Method)
	at javax.security.auth.Subject.doAs(Subject.java:422)
	at org.apache.hadoop.security.UserGroupInformation.doAs(UserGroupInformation.java:1729)
	at org.apache.hadoop.ipc.Server$Handler.run(Server.java:2678)
, while invoking ClientNamenodeProtocolTranslatorPB.getFileInfo over node-0-link-0/10.10.1.1:8020 after 2 failover attempts. Trying to failover after sleeping for 2507ms.
2019-02-21 17:40:38,625 INFO retry.RetryInvocationHandler: java.net.ConnectException: Call From clnode059.clemson.cloudlab.us/130.127.133.68 to node-1-link-0:8020 failed on connection exception: java.net.ConnectException: Connection refused; For more details see:  http://wiki.apache.org/hadoop/ConnectionRefused, while invoking ClientNamenodeProtocolTranslatorPB.getFileInfo over node-1-link-0/10.10.1.4:8020 after 3 failover attempts. Trying to failover after sleeping for 3752ms.
file 4 has been read from HDFS for 5 time
diff succeed!
file 4 has been read from HDFS for 6 time
diff succeed!
file 4 has been read from HDFS for 7 time
diff succeed!
file 4 has been read from HDFS for 8 time
diff succeed!
file 4 has been read from HDFS for 9 time
diff succeed!
file 4 has been read from HDFS for 10 time
diff succeed!
Deleted /myfile4
file 4 has been removed from HDFS
Found 18 items
-rw-r--r--   3 root supergroup 1073741824 2019-02-21 17:42 /myfile1
-rw-r--r--   3 root supergroup 1073741824 2019-02-21 17:43 /myfile10
-rw-r--r--   3 root supergroup 1073741824 2019-02-21 17:42 /myfile11
-rw-r--r--   3 root supergroup 1073741824 2019-02-21 17:42 /myfile12
-rw-r--r--   3 root supergroup 1073741824 2019-02-21 17:42 /myfile14
-rw-r--r--   3 root supergroup 1073741824 2019-02-21 17:43 /myfile15
-rw-r--r--   3 root supergroup 1073741824 2019-02-21 17:42 /myfile16
-rw-r--r--   3 root supergroup 1073741824 2019-02-21 17:43 /myfile17
-rw-r--r--   3 root supergroup 1073741824 2019-02-21 17:40 /myfile18
-rw-r--r--   3 root supergroup  402653184 2019-02-21 17:43 /myfile19._COPYING_
-rw-r--r--   3 root supergroup 1073741824 2019-02-21 17:40 /myfile2
-rw-r--r--   3 root supergroup 1073741824 2019-02-21 17:40 /myfile20
-rw-r--r--   3 root supergroup 1073741824 2019-02-21 17:42 /myfile3
-rw-r--r--   3 root supergroup 1073741824 2019-02-21 17:43 /myfile4
-rw-r--r--   3 root supergroup 1073741824 2019-02-21 17:42 /myfile5
-rw-r--r--   3 root supergroup          0 2019-02-21 17:43 /myfile6._COPYING_
-rw-r--r--   3 root supergroup 1073741824 2019-02-21 17:42 /myfile8
-rw-r--r--   3 root supergroup 1073741824 2019-02-21 17:42 /myfile9
file 4 has been put into HDFS
file 4 has been read from HDFS for 1 time
diff succeed!
file 4 has been read from HDFS for 2 time
diff succeed!
file 4 has been read from HDFS for 3 time
diff succeed!
file 4 has been read from HDFS for 4 time
diff succeed!
file 4 has been read from HDFS for 5 time
diff succeed!
file 4 has been read from HDFS for 6 time
diff succeed!
file 4 has been read from HDFS for 7 time
diff succeed!
file 4 has been read from HDFS for 8 time
diff succeed!
file 4 has been read from HDFS for 9 time
diff succeed!
file 4 has been read from HDFS for 10 time
diff succeed!
Deleted /myfile4
file 4 has been removed from HDFS
Found 20 items
-rw-r--r--   3 root supergroup 1073741824 2019-02-21 17:47 /myfile1
-rw-r--r--   3 root supergroup 1073741824 2019-02-21 17:48 /myfile10
-rw-r--r--   3 root supergroup 1073741824 2019-02-21 17:47 /myfile11
-rw-r--r--   3 root supergroup 1073741824 2019-02-21 17:47 /myfile12
-rw-r--r--   3 root supergroup 1073741824 2019-02-21 17:48 /myfile13
-rw-r--r--   3 root supergroup 1073741824 2019-02-21 17:47 /myfile14
-rw-r--r--   3 root supergroup 1073741824 2019-02-21 17:47 /myfile15
-rw-r--r--   3 root supergroup 1073741824 2019-02-21 17:47 /myfile16
-rw-r--r--   3 root supergroup 1073741824 2019-02-21 17:47 /myfile17
-rw-r--r--   3 root supergroup 1073741824 2019-02-21 17:49 /myfile18
-rw-r--r--   3 root supergroup  536870912 2019-02-21 17:48 /myfile19._COPYING_
-rw-r--r--   3 root supergroup          0 2019-02-21 17:49 /myfile2._COPYING_
-rw-r--r--   3 root supergroup  134217728 2019-02-21 17:48 /myfile20._COPYING_
-rw-r--r--   3 root supergroup 1073741824 2019-02-21 17:47 /myfile3
-rw-r--r--   3 root supergroup 1073741824 2019-02-21 17:49 /myfile4
-rw-r--r--   3 root supergroup 1073741824 2019-02-21 17:47 /myfile5
-rw-r--r--   3 root supergroup 1073741824 2019-02-21 17:44 /myfile6
-rw-r--r--   3 root supergroup 1073741824 2019-02-21 17:48 /myfile7
-rw-r--r--   3 root supergroup 1073741824 2019-02-21 17:47 /myfile8
-rw-r--r--   3 root supergroup 1073741824 2019-02-21 17:47 /myfile9
file 4 has been put into HDFS
file 4 has been read from HDFS for 1 time
diff succeed!
file 4 has been read from HDFS for 2 time
diff succeed!
file 4 has been read from HDFS for 3 time
diff succeed!
file 4 has been read from HDFS for 4 time
diff succeed!
file 4 has been read from HDFS for 5 time
diff succeed!
file 4 has been read from HDFS for 6 time
diff succeed!
file 4 has been read from HDFS for 7 time
diff succeed!
file 4 has been read from HDFS for 8 time
diff succeed!
file 4 has been read from HDFS for 9 time
diff succeed!
file 4 has been read from HDFS for 10 time
diff succeed!
Deleted /myfile4
file 4 has been removed from HDFS
Found 18 items
-rw-r--r--   3 root supergroup 1073741824 2019-02-21 17:52 /myfile1
-rw-r--r--   3 root supergroup 1073741824 2019-02-21 17:52 /myfile11
-rw-r--r--   3 root supergroup 1073741824 2019-02-21 17:53 /myfile12
-rw-r--r--   3 root supergroup 1073741824 2019-02-21 17:53 /myfile13
-rw-r--r--   3 root supergroup 1073741824 2019-02-21 17:53 /myfile14
-rw-r--r--   3 root supergroup 1073741824 2019-02-21 17:52 /myfile15
-rw-r--r--   3 root supergroup 1073741824 2019-02-21 17:51 /myfile16
-rw-r--r--   3 root supergroup 1073741824 2019-02-21 17:53 /myfile17
-rw-r--r--   3 root supergroup 1073741824 2019-02-21 17:53 /myfile18
-rw-r--r--   3 root supergroup 1073741824 2019-02-21 17:53 /myfile19
-rw-r--r--   3 root supergroup          0 2019-02-21 17:53 /myfile2._COPYING_
-rw-r--r--   3 root supergroup 1073741824 2019-02-21 17:49 /myfile20
-rw-r--r--   3 root supergroup 1073741824 2019-02-21 17:52 /myfile3
-rw-r--r--   3 root supergroup 1073741824 2019-02-21 17:53 /myfile4
-rw-r--r--   3 root supergroup 1073741824 2019-02-21 17:51 /myfile5
-rw-r--r--   3 root supergroup 1073741824 2019-02-21 17:53 /myfile7
-rw-r--r--   3 root supergroup 1073741824 2019-02-21 17:51 /myfile8
-rw-r--r--   3 root supergroup 1073741824 2019-02-21 17:53 /myfile9
file 4 has been put into HDFS
file 4 has been read from HDFS for 1 time
diff succeed!
file 4 has been read from HDFS for 2 time
diff succeed!
file 4 has been read from HDFS for 3 time
diff succeed!
file 4 has been read from HDFS for 4 time
diff succeed!
file 4 has been read from HDFS for 5 time
diff succeed!
file 4 has been read from HDFS for 6 time
diff succeed!
file 4 has been read from HDFS for 7 time
diff succeed!
file 4 has been read from HDFS for 8 time
diff succeed!
file 4 has been read from HDFS for 9 time
diff succeed!
file 4 has been read from HDFS for 10 time
diff succeed!
Deleted /myfile4
file 4 has been removed from HDFS
Found 20 items
-rw-r--r--   3 root supergroup 1073741824 2019-02-21 17:57 /myfile1
-rw-r--r--   3 root supergroup 1073741824 2019-02-21 17:58 /myfile10
-rw-r--r--   3 root supergroup 1073741824 2019-02-21 17:57 /myfile11
-rw-r--r--   3 root supergroup 1073741824 2019-02-21 17:57 /myfile12
-rw-r--r--   3 root supergroup 1073741824 2019-02-21 17:58 /myfile13
-rw-r--r--   3 root supergroup 1073741824 2019-02-21 17:57 /myfile14
-rw-r--r--   3 root supergroup 1073741824 2019-02-21 17:57 /myfile15
-rw-r--r--   3 root supergroup 1073741824 2019-02-21 17:56 /myfile16
-rw-r--r--   3 root supergroup 1073741824 2019-02-21 17:57 /myfile17
-rw-r--r--   3 root supergroup 1073741824 2019-02-21 17:57 /myfile18
-rw-r--r--   3 root supergroup 1073741824 2019-02-21 17:58 /myfile19
-rw-r--r--   3 root supergroup          0 2019-02-21 17:58 /myfile2._COPYING_
-rw-r--r--   3 root supergroup 1073741824 2019-02-21 17:58 /myfile20
-rw-r--r--   3 root supergroup 1073741824 2019-02-21 17:57 /myfile3
-rw-r--r--   3 root supergroup 1073741824 2019-02-21 17:58 /myfile4
-rw-r--r--   3 root supergroup 1073741824 2019-02-21 17:56 /myfile5
-rw-r--r--   3 root supergroup 1073741824 2019-02-21 17:58 /myfile6
-rw-r--r--   3 root supergroup 1073741824 2019-02-21 17:58 /myfile7
-rw-r--r--   3 root supergroup 1073741824 2019-02-21 17:56 /myfile8
-rw-r--r--   3 root supergroup 1073741824 2019-02-21 17:58 /myfile9
file 4 has been put into HDFS
file 4 has been read from HDFS for 1 time
diff succeed!
file 4 has been read from HDFS for 2 time
diff succeed!
file 4 has been read from HDFS for 3 time
diff succeed!
file 4 has been read from HDFS for 4 time
diff succeed!
file 4 has been read from HDFS for 5 time
diff succeed!
file 4 has been read from HDFS for 6 time
diff succeed!
file 4 has been read from HDFS for 7 time
diff succeed!
file 4 has been read from HDFS for 8 time
diff succeed!
file 4 has been read from HDFS for 9 time
diff succeed!
file 4 has been read from HDFS for 10 time
diff succeed!
Deleted /myfile4
file 4 has been removed from HDFS
Found 19 items
-rw-r--r--   3 root supergroup 1073741824 2019-02-21 18:02 /myfile1
-rw-r--r--   3 root supergroup 1073741824 2019-02-21 18:04 /myfile10
-rw-r--r--   3 root supergroup 1073741824 2019-02-21 18:01 /myfile11
-rw-r--r--   3 root supergroup 1073741824 2019-02-21 18:01 /myfile12
-rw-r--r--   3 root supergroup 1073741824 2019-02-21 18:02 /myfile13
-rw-r--r--   3 root supergroup 1073741824 2019-02-21 18:01 /myfile14
-rw-r--r--   3 root supergroup 1073741824 2019-02-21 18:01 /myfile15
-rw-r--r--   3 root supergroup 1073741824 2019-02-21 18:01 /myfile16
-rw-r--r--   3 root supergroup 1073741824 2019-02-21 18:02 /myfile18
-rw-r--r--   3 root supergroup 1073741824 2019-02-21 18:02 /myfile19
-rw-r--r--   3 root supergroup 1073741824 2019-02-21 18:05 /myfile2
-rw-r--r--   3 root supergroup 1073741824 2019-02-21 18:04 /myfile20
-rw-r--r--   3 root supergroup 1073741824 2019-02-21 18:01 /myfile3
-rw-r--r--   3 root supergroup 1073741824 2019-02-21 18:05 /myfile4
-rw-r--r--   3 root supergroup  536870912 2019-02-21 18:05 /myfile5._COPYING_
-rw-r--r--   3 root supergroup 1073741824 2019-02-21 18:05 /myfile6
-rw-r--r--   3 root supergroup 1073741824 2019-02-21 18:03 /myfile7
-rw-r--r--   3 root supergroup          0 2019-02-21 18:05 /myfile8._COPYING_
-rw-r--r--   3 root supergroup 1073741824 2019-02-21 18:02 /myfile9
file 4 has been put into HDFS
file 4 has been read from HDFS for 1 time
diff succeed!
file 4 has been read from HDFS for 2 time
diff succeed!
file 4 has been read from HDFS for 3 time
diff succeed!
file 4 has been read from HDFS for 4 time
diff succeed!
file 4 has been read from HDFS for 5 time
diff succeed!
file 4 has been read from HDFS for 6 time
diff succeed!
file 4 has been read from HDFS for 7 time
diff succeed!
file 4 has been read from HDFS for 8 time
diff succeed!
file 4 has been read from HDFS for 9 time
diff succeed!
file 4 has been read from HDFS for 10 time
diff succeed!
Deleted /myfile4
file 4 has been removed from HDFS
Found 20 items
-rw-r--r--   3 root supergroup 1073741824 2019-02-21 18:09 /myfile1
-rw-r--r--   3 root supergroup 1073741824 2019-02-21 18:10 /myfile10
-rw-r--r--   3 root supergroup          0 2019-02-21 18:10 /myfile11._COPYING_
-rw-r--r--   3 root supergroup  671088640 2019-02-21 18:10 /myfile12._COPYING_
-rw-r--r--   3 root supergroup 1073741824 2019-02-21 18:09 /myfile13
-rw-r--r--   3 root supergroup 1073741824 2019-02-21 18:06 /myfile14
-rw-r--r--   3 root supergroup 1073741824 2019-02-21 18:07 /myfile15
-rw-r--r--   3 root supergroup  939524096 2019-02-21 18:10 /myfile16._COPYING_
-rw-r--r--   3 root supergroup  939524096 2019-02-21 18:10 /myfile17._COPYING_
-rw-r--r--   3 root supergroup 1073741824 2019-02-21 18:07 /myfile18
-rw-r--r--   3 root supergroup 1073741824 2019-02-21 18:08 /myfile19
-rw-r--r--   3 root supergroup 1073741824 2019-02-21 18:09 /myfile2
-rw-r--r--   3 root supergroup 1073741824 2019-02-21 18:09 /myfile20
-rw-r--r--   3 root supergroup  671088640 2019-02-21 18:10 /myfile3._COPYING_
-rw-r--r--   3 root supergroup 1073741824 2019-02-21 18:10 /myfile4
-rw-r--r--   3 root supergroup  939524096 2019-02-21 18:09 /myfile5._COPYING_
-rw-r--r--   3 root supergroup 1073741824 2019-02-21 18:10 /myfile6
-rw-r--r--   3 root supergroup 1073741824 2019-02-21 18:08 /myfile7
-rw-r--r--   3 root supergroup  671088640 2019-02-21 18:10 /myfile8._COPYING_
-rw-r--r--   3 root supergroup 1073741824 2019-02-21 18:08 /myfile9
file 4 has been put into HDFS
file 4 has been read from HDFS for 1 time
diff succeed!
file 4 has been read from HDFS for 2 time
diff succeed!
file 4 has been read from HDFS for 3 time
diff succeed!
file 4 has been read from HDFS for 4 time
diff succeed!
file 4 has been read from HDFS for 5 time
diff succeed!
file 4 has been read from HDFS for 6 time
diff succeed!
sub_benchmark 7 signal TERM catched and let quit gracefully
file 4 has been read from HDFS for 7 time
diff succeed!
Deleted /myfile4
file 4 has been removed from HDFS
