Found 20 items
-rw-r--r--   3 root supergroup 1073741824 2019-02-20 02:21 /myfile1
-rw-r--r--   3 root supergroup 1073741824 2019-02-20 02:21 /myfile10
-rw-r--r--   3 root supergroup 1073741824 2019-02-20 02:21 /myfile11
-rw-r--r--   3 root supergroup 1073741824 2019-02-20 02:21 /myfile12
-rw-r--r--   3 root supergroup 1073741824 2019-02-20 02:21 /myfile13
-rw-r--r--   3 root supergroup 1073741824 2019-02-20 02:21 /myfile14
-rw-r--r--   3 root supergroup 1073741824 2019-02-20 02:21 /myfile15
-rw-r--r--   3 root supergroup 1073741824 2019-02-20 02:21 /myfile16
-rw-r--r--   3 root supergroup 1073741824 2019-02-20 02:21 /myfile17
-rw-r--r--   3 root supergroup 1073741824 2019-02-20 02:21 /myfile18
-rw-r--r--   3 root supergroup 1073741824 2019-02-20 02:21 /myfile19
-rw-r--r--   3 root supergroup 1073741824 2019-02-20 02:21 /myfile2
-rw-r--r--   3 root supergroup 1073741824 2019-02-20 02:21 /myfile20
-rw-r--r--   3 root supergroup 1073741824 2019-02-20 02:21 /myfile3
-rw-r--r--   3 root supergroup 1073741824 2019-02-20 02:21 /myfile4
-rw-r--r--   3 root supergroup 1073741824 2019-02-20 02:21 /myfile5
-rw-r--r--   3 root supergroup 1073741824 2019-02-20 02:21 /myfile6
-rw-r--r--   3 root supergroup 1073741824 2019-02-20 02:21 /myfile7
-rw-r--r--   3 root supergroup 1073741824 2019-02-20 02:21 /myfile8
-rw-r--r--   3 root supergroup 1073741824 2019-02-20 02:21 /myfile9
file 4 has been put into HDFS
file 4 has been read from HDFS for 1 time
diff succeed!
2019-02-20 02:21:46,094 INFO retry.RetryInvocationHandler: java.io.IOException: DestHost:destPort node-1-link-0:8020 , LocalHost:localPort clnode090.clemson.cloudlab.us/130.127.133.99:0. Failed on local exception: java.io.IOException: Connection reset by peer, while invoking ClientNamenodeProtocolTranslatorPB.getFileInfo over node-1-link-0/10.10.1.4:8020 after 1 failover attempts. Trying to failover after sleeping for 1206ms.
2019-02-20 02:21:47,303 INFO retry.RetryInvocationHandler: org.apache.hadoop.ipc.RemoteException(org.apache.hadoop.ipc.StandbyException): Operation category READ is not supported in state standby. Visit https://s.apache.org/sbnn-error
	at org.apache.hadoop.hdfs.server.namenode.ha.StandbyState.checkOperation(StandbyState.java:88)
	at org.apache.hadoop.hdfs.server.namenode.NameNode$NameNodeHAContext.checkOperation(NameNode.java:1952)
	at org.apache.hadoop.hdfs.server.namenode.FSNamesystem.checkOperation(FSNamesystem.java:1423)
	at org.apache.hadoop.hdfs.server.namenode.FSNamesystem.getFileInfo(FSNamesystem.java:3085)
	at org.apache.hadoop.hdfs.server.namenode.NameNodeRpcServer.getFileInfo(NameNodeRpcServer.java:1154)
	at org.apache.hadoop.hdfs.protocolPB.ClientNamenodeProtocolServerSideTranslatorPB.getFileInfo(ClientNamenodeProtocolServerSideTranslatorPB.java:966)
	at org.apache.hadoop.hdfs.protocol.proto.ClientNamenodeProtocolProtos$ClientNamenodeProtocol$2.callBlockingMethod(ClientNamenodeProtocolProtos.java)
	at org.apache.hadoop.ipc.ProtobufRpcEngine$Server$ProtoBufRpcInvoker.call(ProtobufRpcEngine.java:523)
	at org.apache.hadoop.ipc.RPC$Server.call(RPC.java:991)
	at org.apache.hadoop.ipc.Server$RpcCall.run(Server.java:872)
	at org.apache.hadoop.ipc.Server$RpcCall.run(Server.java:818)
	at java.security.AccessController.doPrivileged(Native Method)
	at javax.security.auth.Subject.doAs(Subject.java:422)
	at org.apache.hadoop.security.UserGroupInformation.doAs(UserGroupInformation.java:1729)
	at org.apache.hadoop.ipc.Server$Handler.run(Server.java:2678)
, while invoking ClientNamenodeProtocolTranslatorPB.getFileInfo over node-0-link-0/10.10.1.1:8020 after 2 failover attempts. Trying to failover after sleeping for 2588ms.
2019-02-20 02:21:49,897 INFO retry.RetryInvocationHandler: java.net.ConnectException: Call From clnode090.clemson.cloudlab.us/130.127.133.99 to node-1-link-0:8020 failed on connection exception: java.net.ConnectException: Connection refused; For more details see:  http://wiki.apache.org/hadoop/ConnectionRefused, while invoking ClientNamenodeProtocolTranslatorPB.getFileInfo over node-1-link-0/10.10.1.4:8020 after 3 failover attempts. Trying to failover after sleeping for 5148ms.
file 4 has been read from HDFS for 2 time
diff succeed!
file 4 has been read from HDFS for 3 time
diff succeed!
file 4 has been read from HDFS for 4 time
diff succeed!
file 4 has been read from HDFS for 5 time
diff succeed!
file 4 has been read from HDFS for 6 time
diff succeed!
file 4 has been read from HDFS for 7 time
diff succeed!
file 4 has been read from HDFS for 8 time
diff succeed!
file 4 has been read from HDFS for 9 time
diff succeed!
file 4 has been read from HDFS for 10 time
diff succeed!
Deleted /myfile4
file 4 has been removed from HDFS
Found 18 items
-rw-r--r--   3 root supergroup 1073741824 2019-02-20 02:25 /myfile1
-rw-r--r--   3 root supergroup 1073741824 2019-02-20 02:25 /myfile10
-rw-r--r--   3 root supergroup 1073741824 2019-02-20 02:25 /myfile11
-rw-r--r--   3 root supergroup 1073741824 2019-02-20 02:25 /myfile12
-rw-r--r--   3 root supergroup 1073741824 2019-02-20 02:25 /myfile13
-rw-r--r--   3 root supergroup 1073741824 2019-02-20 02:25 /myfile14
-rw-r--r--   3 root supergroup 1073741824 2019-02-20 02:25 /myfile16
-rw-r--r--   3 root supergroup 1073741824 2019-02-20 02:25 /myfile17
-rw-r--r--   3 root supergroup 1073741824 2019-02-20 02:25 /myfile18
-rw-r--r--   3 root supergroup 1073741824 2019-02-20 02:25 /myfile19
-rw-r--r--   3 root supergroup 1073741824 2019-02-20 02:25 /myfile20
-rw-r--r--   3 root supergroup 1073741824 2019-02-20 02:25 /myfile3
-rw-r--r--   3 root supergroup 1073741824 2019-02-20 02:25 /myfile4
-rw-r--r--   3 root supergroup 1073741824 2019-02-20 02:25 /myfile5
-rw-r--r--   3 root supergroup 1073741824 2019-02-20 02:25 /myfile6
-rw-r--r--   3 root supergroup 1073741824 2019-02-20 02:25 /myfile7
-rw-r--r--   3 root supergroup 1073741824 2019-02-20 02:25 /myfile8
-rw-r--r--   3 root supergroup 1073741824 2019-02-20 02:25 /myfile9
file 4 has been put into HDFS
file 4 has been read from HDFS for 1 time
diff succeed!
file 4 has been read from HDFS for 2 time
diff succeed!
file 4 has been read from HDFS for 3 time
diff succeed!
file 4 has been read from HDFS for 4 time
diff succeed!
file 4 has been read from HDFS for 5 time
diff succeed!
file 4 has been read from HDFS for 6 time
diff succeed!
file 4 has been read from HDFS for 7 time
diff succeed!
file 4 has been read from HDFS for 8 time
diff succeed!
file 4 has been read from HDFS for 9 time
diff succeed!
file 4 has been read from HDFS for 10 time
diff succeed!
Deleted /myfile4
file 4 has been removed from HDFS
Found 19 items
-rw-r--r--   3 root supergroup 1073741824 2019-02-20 02:29 /myfile1
-rw-r--r--   3 root supergroup 1073741824 2019-02-20 02:29 /myfile10
-rw-r--r--   3 root supergroup 1073741824 2019-02-20 02:29 /myfile11
-rw-r--r--   3 root supergroup 1073741824 2019-02-20 02:29 /myfile12
-rw-r--r--   3 root supergroup 1073741824 2019-02-20 02:28 /myfile13
-rw-r--r--   3 root supergroup 1073741824 2019-02-20 02:29 /myfile14
-rw-r--r--   3 root supergroup 1073741824 2019-02-20 02:29 /myfile15
-rw-r--r--   3 root supergroup 1073741824 2019-02-20 02:28 /myfile16
-rw-r--r--   3 root supergroup 1073741824 2019-02-20 02:29 /myfile17
-rw-r--r--   3 root supergroup 1073741824 2019-02-20 02:29 /myfile18
-rw-r--r--   3 root supergroup 1073741824 2019-02-20 02:29 /myfile19
-rw-r--r--   3 root supergroup  805306368 2019-02-20 02:29 /myfile2._COPYING_
-rw-r--r--   3 root supergroup 1073741824 2019-02-20 02:28 /myfile20
-rw-r--r--   3 root supergroup 1073741824 2019-02-20 02:28 /myfile3
-rw-r--r--   3 root supergroup 1073741824 2019-02-20 02:29 /myfile4
-rw-r--r--   3 root supergroup 1073741824 2019-02-20 02:28 /myfile5
-rw-r--r--   3 root supergroup 1073741824 2019-02-20 02:29 /myfile6
-rw-r--r--   3 root supergroup 1073741824 2019-02-20 02:29 /myfile7
-rw-r--r--   3 root supergroup 1073741824 2019-02-20 02:29 /myfile8
file 4 has been put into HDFS
file 4 has been read from HDFS for 1 time
diff succeed!
file 4 has been read from HDFS for 2 time
diff succeed!
file 4 has been read from HDFS for 3 time
diff succeed!
file 4 has been read from HDFS for 4 time
diff succeed!
file 4 has been read from HDFS for 5 time
diff succeed!
file 4 has been read from HDFS for 6 time
diff succeed!
file 4 has been read from HDFS for 7 time
diff succeed!
file 4 has been read from HDFS for 8 time
diff succeed!
file 4 has been read from HDFS for 9 time
diff succeed!
file 4 has been read from HDFS for 10 time
diff succeed!
Deleted /myfile4
file 4 has been removed from HDFS
2019-02-20 02:33:27,110 INFO retry.RetryInvocationHandler: java.io.IOException: DestHost:destPort node-0-link-0:8020 , LocalHost:localPort clnode090.clemson.cloudlab.us/130.127.133.99:0. Failed on local exception: java.io.IOException: Connection reset by peer, while invoking ClientNamenodeProtocolTranslatorPB.addBlock over node-0-link-0/10.10.1.1:8020. Trying to failover immediately.
2019-02-20 02:33:27,152 INFO retry.RetryInvocationHandler: org.apache.hadoop.ipc.RemoteException(org.apache.hadoop.ipc.StandbyException): Operation category READ is not supported in state standby. Visit https://s.apache.org/sbnn-error
	at org.apache.hadoop.hdfs.server.namenode.ha.StandbyState.checkOperation(StandbyState.java:88)
	at org.apache.hadoop.hdfs.server.namenode.NameNode$NameNodeHAContext.checkOperation(NameNode.java:1952)
	at org.apache.hadoop.hdfs.server.namenode.FSNamesystem.checkOperation(FSNamesystem.java:1423)
	at org.apache.hadoop.hdfs.server.namenode.FSNamesystem.getAdditionalBlock(FSNamesystem.java:2674)
	at org.apache.hadoop.hdfs.server.namenode.NameNodeRpcServer.addBlock(NameNodeRpcServer.java:875)
	at org.apache.hadoop.hdfs.protocolPB.ClientNamenodeProtocolServerSideTranslatorPB.addBlock(ClientNamenodeProtocolServerSideTranslatorPB.java:561)
	at org.apache.hadoop.hdfs.protocol.proto.ClientNamenodeProtocolProtos$ClientNamenodeProtocol$2.callBlockingMethod(ClientNamenodeProtocolProtos.java)
	at org.apache.hadoop.ipc.ProtobufRpcEngine$Server$ProtoBufRpcInvoker.call(ProtobufRpcEngine.java:523)
	at org.apache.hadoop.ipc.RPC$Server.call(RPC.java:991)
	at org.apache.hadoop.ipc.Server$RpcCall.run(Server.java:872)
	at org.apache.hadoop.ipc.Server$RpcCall.run(Server.java:818)
	at java.security.AccessController.doPrivileged(Native Method)
	at javax.security.auth.Subject.doAs(Subject.java:422)
	at org.apache.hadoop.security.UserGroupInformation.doAs(UserGroupInformation.java:1729)
	at org.apache.hadoop.ipc.Server$Handler.run(Server.java:2678)
, while invoking ClientNamenodeProtocolTranslatorPB.addBlock over node-1-link-0/10.10.1.4:8020 after 1 failover attempts. Trying to failover after sleeping for 1032ms.
2019-02-20 02:33:28,187 INFO retry.RetryInvocationHandler: java.net.ConnectException: Call From clnode090.clemson.cloudlab.us/130.127.133.99 to node-0-link-0:8020 failed on connection exception: java.net.ConnectException: Connection refused; For more details see:  http://wiki.apache.org/hadoop/ConnectionRefused, while invoking ClientNamenodeProtocolTranslatorPB.addBlock over node-0-link-0/10.10.1.1:8020 after 2 failover attempts. Trying to failover after sleeping for 1102ms.
2019-02-20 02:33:29,293 INFO retry.RetryInvocationHandler: org.apache.hadoop.ipc.RemoteException(org.apache.hadoop.ipc.RetriableException): org.apache.hadoop.hdfs.server.namenode.SafeModeException: Cannot add block to /myfile4._COPYING_. Name node is in safe mode.
The reported blocks 142 has reached the threshold 0.9990 of total blocks 142. The number of live datanodes 3 has reached the minimum number 0. In safe mode extension. Safe mode will be turned off automatically in 29 seconds. NamenodeHostName:node-1-link-0
	at org.apache.hadoop.hdfs.server.namenode.FSNamesystem.checkNameNodeSafeMode(FSNamesystem.java:1441)
	at org.apache.hadoop.hdfs.server.namenode.FSDirWriteFileOp.analyzeFileState(FSDirWriteFileOp.java:591)
	at org.apache.hadoop.hdfs.server.namenode.FSDirWriteFileOp.validateAddBlock(FSDirWriteFileOp.java:172)
	at org.apache.hadoop.hdfs.server.namenode.FSNamesystem.getAdditionalBlock(FSNamesystem.java:2679)
	at org.apache.hadoop.hdfs.server.namenode.NameNodeRpcServer.addBlock(NameNodeRpcServer.java:875)
	at org.apache.hadoop.hdfs.protocolPB.ClientNamenodeProtocolServerSideTranslatorPB.addBlock(ClientNamenodeProtocolServerSideTranslatorPB.java:561)
	at org.apache.hadoop.hdfs.protocol.proto.ClientNamenodeProtocolProtos$ClientNamenodeProtocol$2.callBlockingMethod(ClientNamenodeProtocolProtos.java)
	at org.apache.hadoop.ipc.ProtobufRpcEngine$Server$ProtoBufRpcInvoker.call(ProtobufRpcEngine.java:523)
	at org.apache.hadoop.ipc.RPC$Server.call(RPC.java:991)
	at org.apache.hadoop.ipc.Server$RpcCall.run(Server.java:872)
	at org.apache.hadoop.ipc.Server$RpcCall.run(Server.java:818)
	at java.security.AccessController.doPrivileged(Native Method)
	at javax.security.auth.Subject.doAs(Subject.java:422)
	at org.apache.hadoop.security.UserGroupInformation.doAs(UserGroupInformation.java:1729)
	at org.apache.hadoop.ipc.Server$Handler.run(Server.java:2678)
Caused by: org.apache.hadoop.hdfs.server.namenode.SafeModeException: Cannot add block to /myfile4._COPYING_. Name node is in safe mode.
The reported blocks 142 has reached the threshold 0.9990 of total blocks 142. The number of live datanodes 3 has reached the minimum number 0. In safe mode extension. Safe mode will be turned off automatically in 29 seconds. NamenodeHostName:node-1-link-0
	at org.apache.hadoop.hdfs.server.namenode.FSNamesystem.newSafemodeException(FSNamesystem.java:1450)
	at org.apache.hadoop.hdfs.server.namenode.FSNamesystem.checkNameNodeSafeMode(FSNamesystem.java:1437)
	... 14 more
, while invoking ClientNamenodeProtocolTranslatorPB.addBlock over node-1-link-0/10.10.1.4:8020 after 3 failover attempts. Retrying after sleeping for 2215ms.
2019-02-20 02:33:31,511 INFO retry.RetryInvocationHandler: org.apache.hadoop.ipc.RemoteException(org.apache.hadoop.ipc.RetriableException): org.apache.hadoop.hdfs.server.namenode.SafeModeException: Cannot add block to /myfile4._COPYING_. Name node is in safe mode.
The reported blocks 142 has reached the threshold 0.9990 of total blocks 142. The number of live datanodes 3 has reached the minimum number 0. In safe mode extension. Safe mode will be turned off automatically in 27 seconds. NamenodeHostName:node-1-link-0
	at org.apache.hadoop.hdfs.server.namenode.FSNamesystem.checkNameNodeSafeMode(FSNamesystem.java:1441)
	at org.apache.hadoop.hdfs.server.namenode.FSDirWriteFileOp.analyzeFileState(FSDirWriteFileOp.java:591)
	at org.apache.hadoop.hdfs.server.namenode.FSDirWriteFileOp.validateAddBlock(FSDirWriteFileOp.java:172)
	at org.apache.hadoop.hdfs.server.namenode.FSNamesystem.getAdditionalBlock(FSNamesystem.java:2679)
	at org.apache.hadoop.hdfs.server.namenode.NameNodeRpcServer.addBlock(NameNodeRpcServer.java:875)
	at org.apache.hadoop.hdfs.protocolPB.ClientNamenodeProtocolServerSideTranslatorPB.addBlock(ClientNamenodeProtocolServerSideTranslatorPB.java:561)
	at org.apache.hadoop.hdfs.protocol.proto.ClientNamenodeProtocolProtos$ClientNamenodeProtocol$2.callBlockingMethod(ClientNamenodeProtocolProtos.java)
	at org.apache.hadoop.ipc.ProtobufRpcEngine$Server$ProtoBufRpcInvoker.call(ProtobufRpcEngine.java:523)
	at org.apache.hadoop.ipc.RPC$Server.call(RPC.java:991)
	at org.apache.hadoop.ipc.Server$RpcCall.run(Server.java:872)
	at org.apache.hadoop.ipc.Server$RpcCall.run(Server.java:818)
	at java.security.AccessController.doPrivileged(Native Method)
	at javax.security.auth.Subject.doAs(Subject.java:422)
	at org.apache.hadoop.security.UserGroupInformation.doAs(UserGroupInformation.java:1729)
	at org.apache.hadoop.ipc.Server$Handler.run(Server.java:2678)
Caused by: org.apache.hadoop.hdfs.server.namenode.SafeModeException: Cannot add block to /myfile4._COPYING_. Name node is in safe mode.
The reported blocks 142 has reached the threshold 0.9990 of total blocks 142. The number of live datanodes 3 has reached the minimum number 0. In safe mode extension. Safe mode will be turned off automatically in 27 seconds. NamenodeHostName:node-1-link-0
	at org.apache.hadoop.hdfs.server.namenode.FSNamesystem.newSafemodeException(FSNamesystem.java:1450)
	at org.apache.hadoop.hdfs.server.namenode.FSNamesystem.checkNameNodeSafeMode(FSNamesystem.java:1437)
	... 14 more
, while invoking ClientNamenodeProtocolTranslatorPB.addBlock over node-1-link-0/10.10.1.4:8020 after 3 failover attempts. Retrying after sleeping for 9467ms.
2019-02-20 02:33:40,984 INFO retry.RetryInvocationHandler: org.apache.hadoop.ipc.RemoteException(org.apache.hadoop.ipc.RetriableException): org.apache.hadoop.hdfs.server.namenode.SafeModeException: Cannot add block to /myfile4._COPYING_. Name node is in safe mode.
The reported blocks 142 has reached the threshold 0.9990 of total blocks 142. The number of live datanodes 3 has reached the minimum number 0. In safe mode extension. Safe mode will be turned off automatically in 18 seconds. NamenodeHostName:node-1-link-0
	at org.apache.hadoop.hdfs.server.namenode.FSNamesystem.checkNameNodeSafeMode(FSNamesystem.java:1441)
	at org.apache.hadoop.hdfs.server.namenode.FSDirWriteFileOp.analyzeFileState(FSDirWriteFileOp.java:591)
	at org.apache.hadoop.hdfs.server.namenode.FSDirWriteFileOp.validateAddBlock(FSDirWriteFileOp.java:172)
	at org.apache.hadoop.hdfs.server.namenode.FSNamesystem.getAdditionalBlock(FSNamesystem.java:2679)
	at org.apache.hadoop.hdfs.server.namenode.NameNodeRpcServer.addBlock(NameNodeRpcServer.java:875)
	at org.apache.hadoop.hdfs.protocolPB.ClientNamenodeProtocolServerSideTranslatorPB.addBlock(ClientNamenodeProtocolServerSideTranslatorPB.java:561)
	at org.apache.hadoop.hdfs.protocol.proto.ClientNamenodeProtocolProtos$ClientNamenodeProtocol$2.callBlockingMethod(ClientNamenodeProtocolProtos.java)
	at org.apache.hadoop.ipc.ProtobufRpcEngine$Server$ProtoBufRpcInvoker.call(ProtobufRpcEngine.java:523)
	at org.apache.hadoop.ipc.RPC$Server.call(RPC.java:991)
	at org.apache.hadoop.ipc.Server$RpcCall.run(Server.java:872)
	at org.apache.hadoop.ipc.Server$RpcCall.run(Server.java:818)
	at java.security.AccessController.doPrivileged(Native Method)
	at javax.security.auth.Subject.doAs(Subject.java:422)
	at org.apache.hadoop.security.UserGroupInformation.doAs(UserGroupInformation.java:1729)
	at org.apache.hadoop.ipc.Server$Handler.run(Server.java:2678)
Caused by: org.apache.hadoop.hdfs.server.namenode.SafeModeException: Cannot add block to /myfile4._COPYING_. Name node is in safe mode.
The reported blocks 142 has reached the threshold 0.9990 of total blocks 142. The number of live datanodes 3 has reached the minimum number 0. In safe mode extension. Safe mode will be turned off automatically in 18 seconds. NamenodeHostName:node-1-link-0
	at org.apache.hadoop.hdfs.server.namenode.FSNamesystem.newSafemodeException(FSNamesystem.java:1450)
	at org.apache.hadoop.hdfs.server.namenode.FSNamesystem.checkNameNodeSafeMode(FSNamesystem.java:1437)
	... 14 more
, while invoking ClientNamenodeProtocolTranslatorPB.addBlock over node-1-link-0/10.10.1.4:8020 after 3 failover attempts. Retrying after sleeping for 19893ms.
2019-02-20 02:33:54,510 INFO retry.RetryInvocationHandler: org.apache.hadoop.ipc.RemoteException(org.apache.hadoop.ipc.RetriableException): org.apache.hadoop.hdfs.server.namenode.SafeModeException: Cannot renew lease for DFSClient_NONMAPREDUCE_-995712815_1. Name node is in safe mode.
The reported blocks 142 has reached the threshold 0.9990 of total blocks 142. The number of live datanodes 3 has reached the minimum number 0. In safe mode extension. Safe mode will be turned off automatically in 4 seconds. NamenodeHostName:node-1-link-0
	at org.apache.hadoop.hdfs.server.namenode.FSNamesystem.checkNameNodeSafeMode(FSNamesystem.java:1441)
	at org.apache.hadoop.hdfs.server.namenode.FSNamesystem.renewLease(FSNamesystem.java:3744)
	at org.apache.hadoop.hdfs.server.namenode.NameNodeRpcServer.renewLease(NameNodeRpcServer.java:1134)
	at org.apache.hadoop.hdfs.protocolPB.ClientNamenodeProtocolServerSideTranslatorPB.renewLease(ClientNamenodeProtocolServerSideTranslatorPB.java:737)
	at org.apache.hadoop.hdfs.protocol.proto.ClientNamenodeProtocolProtos$ClientNamenodeProtocol$2.callBlockingMethod(ClientNamenodeProtocolProtos.java)
	at org.apache.hadoop.ipc.ProtobufRpcEngine$Server$ProtoBufRpcInvoker.call(ProtobufRpcEngine.java:523)
	at org.apache.hadoop.ipc.RPC$Server.call(RPC.java:991)
	at org.apache.hadoop.ipc.Server$RpcCall.run(Server.java:872)
	at org.apache.hadoop.ipc.Server$RpcCall.run(Server.java:818)
	at java.security.AccessController.doPrivileged(Native Method)
	at javax.security.auth.Subject.doAs(Subject.java:422)
	at org.apache.hadoop.security.UserGroupInformation.doAs(UserGroupInformation.java:1729)
	at org.apache.hadoop.ipc.Server$Handler.run(Server.java:2678)
Caused by: org.apache.hadoop.hdfs.server.namenode.SafeModeException: Cannot renew lease for DFSClient_NONMAPREDUCE_-995712815_1. Name node is in safe mode.
The reported blocks 142 has reached the threshold 0.9990 of total blocks 142. The number of live datanodes 3 has reached the minimum number 0. In safe mode extension. Safe mode will be turned off automatically in 4 seconds. NamenodeHostName:node-1-link-0
	at org.apache.hadoop.hdfs.server.namenode.FSNamesystem.newSafemodeException(FSNamesystem.java:1450)
	at org.apache.hadoop.hdfs.server.namenode.FSNamesystem.checkNameNodeSafeMode(FSNamesystem.java:1437)
	... 12 more
, while invoking ClientNamenodeProtocolTranslatorPB.renewLease over node-1-link-0/10.10.1.4:8020. Retrying immediately.
2019-02-20 02:33:54,513 INFO retry.RetryInvocationHandler: org.apache.hadoop.ipc.RemoteException(org.apache.hadoop.ipc.RetriableException): org.apache.hadoop.hdfs.server.namenode.SafeModeException: Cannot renew lease for DFSClient_NONMAPREDUCE_-995712815_1. Name node is in safe mode.
The reported blocks 142 has reached the threshold 0.9990 of total blocks 142. The number of live datanodes 3 has reached the minimum number 0. In safe mode extension. Safe mode will be turned off automatically in 4 seconds. NamenodeHostName:node-1-link-0
	at org.apache.hadoop.hdfs.server.namenode.FSNamesystem.checkNameNodeSafeMode(FSNamesystem.java:1441)
	at org.apache.hadoop.hdfs.server.namenode.FSNamesystem.renewLease(FSNamesystem.java:3744)
	at org.apache.hadoop.hdfs.server.namenode.NameNodeRpcServer.renewLease(NameNodeRpcServer.java:1134)
	at org.apache.hadoop.hdfs.protocolPB.ClientNamenodeProtocolServerSideTranslatorPB.renewLease(ClientNamenodeProtocolServerSideTranslatorPB.java:737)
	at org.apache.hadoop.hdfs.protocol.proto.ClientNamenodeProtocolProtos$ClientNamenodeProtocol$2.callBlockingMethod(ClientNamenodeProtocolProtos.java)
	at org.apache.hadoop.ipc.ProtobufRpcEngine$Server$ProtoBufRpcInvoker.call(ProtobufRpcEngine.java:523)
	at org.apache.hadoop.ipc.RPC$Server.call(RPC.java:991)
	at org.apache.hadoop.ipc.Server$RpcCall.run(Server.java:872)
	at org.apache.hadoop.ipc.Server$RpcCall.run(Server.java:818)
	at java.security.AccessController.doPrivileged(Native Method)
	at javax.security.auth.Subject.doAs(Subject.java:422)
	at org.apache.hadoop.security.UserGroupInformation.doAs(UserGroupInformation.java:1729)
	at org.apache.hadoop.ipc.Server$Handler.run(Server.java:2678)
Caused by: org.apache.hadoop.hdfs.server.namenode.SafeModeException: Cannot renew lease for DFSClient_NONMAPREDUCE_-995712815_1. Name node is in safe mode.
The reported blocks 142 has reached the threshold 0.9990 of total blocks 142. The number of live datanodes 3 has reached the minimum number 0. In safe mode extension. Safe mode will be turned off automatically in 4 seconds. NamenodeHostName:node-1-link-0
	at org.apache.hadoop.hdfs.server.namenode.FSNamesystem.newSafemodeException(FSNamesystem.java:1450)
	at org.apache.hadoop.hdfs.server.namenode.FSNamesystem.checkNameNodeSafeMode(FSNamesystem.java:1437)
	... 12 more
, while invoking ClientNamenodeProtocolTranslatorPB.renewLease over node-1-link-0/10.10.1.4:8020. Retrying after sleeping for 1016ms.
2019-02-20 02:33:55,534 INFO retry.RetryInvocationHandler: org.apache.hadoop.ipc.RemoteException(org.apache.hadoop.ipc.RetriableException): org.apache.hadoop.hdfs.server.namenode.SafeModeException: Cannot renew lease for DFSClient_NONMAPREDUCE_-995712815_1. Name node is in safe mode.
The reported blocks 142 has reached the threshold 0.9990 of total blocks 142. The number of live datanodes 3 has reached the minimum number 0. In safe mode extension. Safe mode will be turned off automatically in 3 seconds. NamenodeHostName:node-1-link-0
	at org.apache.hadoop.hdfs.server.namenode.FSNamesystem.checkNameNodeSafeMode(FSNamesystem.java:1441)
	at org.apache.hadoop.hdfs.server.namenode.FSNamesystem.renewLease(FSNamesystem.java:3744)
	at org.apache.hadoop.hdfs.server.namenode.NameNodeRpcServer.renewLease(NameNodeRpcServer.java:1134)
	at org.apache.hadoop.hdfs.protocolPB.ClientNamenodeProtocolServerSideTranslatorPB.renewLease(ClientNamenodeProtocolServerSideTranslatorPB.java:737)
	at org.apache.hadoop.hdfs.protocol.proto.ClientNamenodeProtocolProtos$ClientNamenodeProtocol$2.callBlockingMethod(ClientNamenodeProtocolProtos.java)
	at org.apache.hadoop.ipc.ProtobufRpcEngine$Server$ProtoBufRpcInvoker.call(ProtobufRpcEngine.java:523)
	at org.apache.hadoop.ipc.RPC$Server.call(RPC.java:991)
	at org.apache.hadoop.ipc.Server$RpcCall.run(Server.java:872)
	at org.apache.hadoop.ipc.Server$RpcCall.run(Server.java:818)
	at java.security.AccessController.doPrivileged(Native Method)
	at javax.security.auth.Subject.doAs(Subject.java:422)
	at org.apache.hadoop.security.UserGroupInformation.doAs(UserGroupInformation.java:1729)
	at org.apache.hadoop.ipc.Server$Handler.run(Server.java:2678)
Caused by: org.apache.hadoop.hdfs.server.namenode.SafeModeException: Cannot renew lease for DFSClient_NONMAPREDUCE_-995712815_1. Name node is in safe mode.
The reported blocks 142 has reached the threshold 0.9990 of total blocks 142. The number of live datanodes 3 has reached the minimum number 0. In safe mode extension. Safe mode will be turned off automatically in 3 seconds. NamenodeHostName:node-1-link-0
	at org.apache.hadoop.hdfs.server.namenode.FSNamesystem.newSafemodeException(FSNamesystem.java:1450)
	at org.apache.hadoop.hdfs.server.namenode.FSNamesystem.checkNameNodeSafeMode(FSNamesystem.java:1437)
	... 12 more
, while invoking ClientNamenodeProtocolTranslatorPB.renewLease over node-1-link-0/10.10.1.4:8020. Retrying after sleeping for 1727ms.
2019-02-20 02:33:57,266 INFO retry.RetryInvocationHandler: org.apache.hadoop.ipc.RemoteException(org.apache.hadoop.ipc.RetriableException): org.apache.hadoop.hdfs.server.namenode.SafeModeException: Cannot renew lease for DFSClient_NONMAPREDUCE_-995712815_1. Name node is in safe mode.
The reported blocks 142 has reached the threshold 0.9990 of total blocks 142. The number of live datanodes 3 has reached the minimum number 0. In safe mode extension. Safe mode will be turned off automatically in 1 seconds. NamenodeHostName:node-1-link-0
	at org.apache.hadoop.hdfs.server.namenode.FSNamesystem.checkNameNodeSafeMode(FSNamesystem.java:1441)
	at org.apache.hadoop.hdfs.server.namenode.FSNamesystem.renewLease(FSNamesystem.java:3744)
	at org.apache.hadoop.hdfs.server.namenode.NameNodeRpcServer.renewLease(NameNodeRpcServer.java:1134)
	at org.apache.hadoop.hdfs.protocolPB.ClientNamenodeProtocolServerSideTranslatorPB.renewLease(ClientNamenodeProtocolServerSideTranslatorPB.java:737)
	at org.apache.hadoop.hdfs.protocol.proto.ClientNamenodeProtocolProtos$ClientNamenodeProtocol$2.callBlockingMethod(ClientNamenodeProtocolProtos.java)
	at org.apache.hadoop.ipc.ProtobufRpcEngine$Server$ProtoBufRpcInvoker.call(ProtobufRpcEngine.java:523)
	at org.apache.hadoop.ipc.RPC$Server.call(RPC.java:991)
	at org.apache.hadoop.ipc.Server$RpcCall.run(Server.java:872)
	at org.apache.hadoop.ipc.Server$RpcCall.run(Server.java:818)
	at java.security.AccessController.doPrivileged(Native Method)
	at javax.security.auth.Subject.doAs(Subject.java:422)
	at org.apache.hadoop.security.UserGroupInformation.doAs(UserGroupInformation.java:1729)
	at org.apache.hadoop.ipc.Server$Handler.run(Server.java:2678)
Caused by: org.apache.hadoop.hdfs.server.namenode.SafeModeException: Cannot renew lease for DFSClient_NONMAPREDUCE_-995712815_1. Name node is in safe mode.
The reported blocks 142 has reached the threshold 0.9990 of total blocks 142. The number of live datanodes 3 has reached the minimum number 0. In safe mode extension. Safe mode will be turned off automatically in 1 seconds. NamenodeHostName:node-1-link-0
	at org.apache.hadoop.hdfs.server.namenode.FSNamesystem.newSafemodeException(FSNamesystem.java:1450)
	at org.apache.hadoop.hdfs.server.namenode.FSNamesystem.checkNameNodeSafeMode(FSNamesystem.java:1437)
	... 12 more
, while invoking ClientNamenodeProtocolTranslatorPB.renewLease over node-1-link-0/10.10.1.4:8020. Retrying after sleeping for 4746ms.
Found 19 items
-rw-r--r--   3 root supergroup  671088640 2019-02-20 02:34 /myfile1._COPYING_
-rw-r--r--   3 root supergroup 1073741824 2019-02-20 02:33 /myfile10
-rw-r--r--   3 root supergroup 1073741824 2019-02-20 02:33 /myfile11
-rw-r--r--   3 root supergroup 1073741824 2019-02-20 02:33 /myfile12
-rw-r--r--   3 root supergroup 1073741824 2019-02-20 02:32 /myfile13
-rw-r--r--   3 root supergroup 1073741824 2019-02-20 02:33 /myfile14
-rw-r--r--   3 root supergroup 1073741824 2019-02-20 02:34 /myfile15
-rw-r--r--   3 root supergroup 1073741824 2019-02-20 02:33 /myfile16
-rw-r--r--   3 root supergroup 1073741824 2019-02-20 02:32 /myfile17
-rw-r--r--   3 root supergroup 1073741824 2019-02-20 02:33 /myfile18
-rw-r--r--   3 root supergroup 1073741824 2019-02-20 02:33 /myfile19
-rw-r--r--   3 root supergroup 1073741824 2019-02-20 02:32 /myfile20
-rw-r--r--   3 root supergroup 1073741824 2019-02-20 02:32 /myfile3
-rw-r--r--   3 root supergroup 1073741824 2019-02-20 02:34 /myfile4
-rw-r--r--   3 root supergroup 1073741824 2019-02-20 02:32 /myfile5
-rw-r--r--   3 root supergroup 1073741824 2019-02-20 02:32 /myfile6
-rw-r--r--   3 root supergroup 1073741824 2019-02-20 02:33 /myfile7
-rw-r--r--   3 root supergroup 1073741824 2019-02-20 02:33 /myfile8
-rw-r--r--   3 root supergroup 1073741824 2019-02-20 02:31 /myfile9
file 4 has been put into HDFS
file 4 has been read from HDFS for 1 time
diff succeed!
file 4 has been read from HDFS for 2 time
diff succeed!
file 4 has been read from HDFS for 3 time
diff succeed!
file 4 has been read from HDFS for 4 time
diff succeed!
file 4 has been read from HDFS for 5 time
diff succeed!
file 4 has been read from HDFS for 6 time
diff succeed!
file 4 has been read from HDFS for 7 time
diff succeed!
file 4 has been read from HDFS for 8 time
diff succeed!
file 4 has been read from HDFS for 9 time
diff succeed!
file 4 has been read from HDFS for 10 time
diff succeed!
Deleted /myfile4
file 4 has been removed from HDFS
Found 19 items
-rw-r--r--   3 root supergroup  805306368 2019-02-20 02:38 /myfile1._COPYING_
-rw-r--r--   3 root supergroup 1073741824 2019-02-20 02:37 /myfile10
-rw-r--r--   3 root supergroup 1073741824 2019-02-20 02:37 /myfile11
-rw-r--r--   3 root supergroup 1073741824 2019-02-20 02:37 /myfile12
-rw-r--r--   3 root supergroup 1073741824 2019-02-20 02:37 /myfile13
-rw-r--r--   3 root supergroup 1073741824 2019-02-20 02:37 /myfile14
-rw-r--r--   3 root supergroup  939524096 2019-02-20 02:38 /myfile15._COPYING_
-rw-r--r--   3 root supergroup 1073741824 2019-02-20 02:37 /myfile16
-rw-r--r--   3 root supergroup 1073741824 2019-02-20 02:37 /myfile17
-rw-r--r--   3 root supergroup 1073741824 2019-02-20 02:37 /myfile18
-rw-r--r--   3 root supergroup 1073741824 2019-02-20 02:37 /myfile19
-rw-r--r--   3 root supergroup 1073741824 2019-02-20 02:37 /myfile20
-rw-r--r--   3 root supergroup 1073741824 2019-02-20 02:37 /myfile3
-rw-r--r--   3 root supergroup 1073741824 2019-02-20 02:38 /myfile4
-rw-r--r--   3 root supergroup 1073741824 2019-02-20 02:37 /myfile5
-rw-r--r--   3 root supergroup 1073741824 2019-02-20 02:37 /myfile6
-rw-r--r--   3 root supergroup 1073741824 2019-02-20 02:37 /myfile7
-rw-r--r--   3 root supergroup 1073741824 2019-02-20 02:37 /myfile8
-rw-r--r--   3 root supergroup 1073741824 2019-02-20 02:36 /myfile9
file 4 has been put into HDFS
file 4 has been read from HDFS for 1 time
diff succeed!
file 4 has been read from HDFS for 2 time
diff succeed!
file 4 has been read from HDFS for 3 time
diff succeed!
file 4 has been read from HDFS for 4 time
diff succeed!
file 4 has been read from HDFS for 5 time
diff succeed!
file 4 has been read from HDFS for 6 time
diff succeed!
file 4 has been read from HDFS for 7 time
diff succeed!
file 4 has been read from HDFS for 8 time
diff succeed!
file 4 has been read from HDFS for 9 time
diff succeed!
file 4 has been read from HDFS for 10 time
diff succeed!
Deleted /myfile4
file 4 has been removed from HDFS
Found 20 items
-rw-r--r--   3 root supergroup 1073741824 2019-02-20 02:43 /myfile1
-rw-r--r--   3 root supergroup 1073741824 2019-02-20 02:41 /myfile10
-rw-r--r--   3 root supergroup 1073741824 2019-02-20 02:41 /myfile11
-rw-r--r--   3 root supergroup 1073741824 2019-02-20 02:41 /myfile12
-rw-r--r--   3 root supergroup 1073741824 2019-02-20 02:41 /myfile13
-rw-r--r--   3 root supergroup 1073741824 2019-02-20 02:43 /myfile14
-rw-r--r--   3 root supergroup  536870912 2019-02-20 02:43 /myfile15._COPYING_
-rw-r--r--   3 root supergroup 1073741824 2019-02-20 02:42 /myfile16
-rw-r--r--   3 root supergroup 1073741824 2019-02-20 02:41 /myfile17
-rw-r--r--   3 root supergroup 1073741824 2019-02-20 02:41 /myfile18
-rw-r--r--   3 root supergroup 1073741824 2019-02-20 02:41 /myfile19
-rw-r--r--   3 root supergroup 1073741824 2019-02-20 02:39 /myfile2
-rw-r--r--   3 root supergroup 1073741824 2019-02-20 02:41 /myfile20
-rw-r--r--   3 root supergroup 1073741824 2019-02-20 02:41 /myfile3
-rw-r--r--   3 root supergroup 1073741824 2019-02-20 02:43 /myfile4
-rw-r--r--   3 root supergroup 1073741824 2019-02-20 02:41 /myfile5
-rw-r--r--   3 root supergroup 1073741824 2019-02-20 02:43 /myfile6
-rw-r--r--   3 root supergroup 1073741824 2019-02-20 02:41 /myfile7
-rw-r--r--   3 root supergroup 1073741824 2019-02-20 02:41 /myfile8
-rw-r--r--   3 root supergroup 1073741824 2019-02-20 02:40 /myfile9
file 4 has been put into HDFS
file 4 has been read from HDFS for 1 time
diff succeed!
file 4 has been read from HDFS for 2 time
diff succeed!
file 4 has been read from HDFS for 3 time
diff succeed!
2019-02-20 02:44:31,181 INFO retry.RetryInvocationHandler: org.apache.hadoop.ipc.RemoteException(org.apache.hadoop.ipc.StandbyException): Operation category READ is not supported in state standby. Visit https://s.apache.org/sbnn-error
	at org.apache.hadoop.hdfs.server.namenode.ha.StandbyState.checkOperation(StandbyState.java:88)
	at org.apache.hadoop.hdfs.server.namenode.NameNode$NameNodeHAContext.checkOperation(NameNode.java:1952)
	at org.apache.hadoop.hdfs.server.namenode.FSNamesystem.checkOperation(FSNamesystem.java:1423)
	at org.apache.hadoop.hdfs.server.namenode.FSNamesystem.getFileInfo(FSNamesystem.java:3085)
	at org.apache.hadoop.hdfs.server.namenode.NameNodeRpcServer.getFileInfo(NameNodeRpcServer.java:1154)
	at org.apache.hadoop.hdfs.protocolPB.ClientNamenodeProtocolServerSideTranslatorPB.getFileInfo(ClientNamenodeProtocolServerSideTranslatorPB.java:966)
	at org.apache.hadoop.hdfs.protocol.proto.ClientNamenodeProtocolProtos$ClientNamenodeProtocol$2.callBlockingMethod(ClientNamenodeProtocolProtos.java)
	at org.apache.hadoop.ipc.ProtobufRpcEngine$Server$ProtoBufRpcInvoker.call(ProtobufRpcEngine.java:523)
	at org.apache.hadoop.ipc.RPC$Server.call(RPC.java:991)
	at org.apache.hadoop.ipc.Server$RpcCall.run(Server.java:872)
	at org.apache.hadoop.ipc.Server$RpcCall.run(Server.java:818)
	at java.security.AccessController.doPrivileged(Native Method)
	at javax.security.auth.Subject.doAs(Subject.java:422)
	at org.apache.hadoop.security.UserGroupInformation.doAs(UserGroupInformation.java:1729)
	at org.apache.hadoop.ipc.Server$Handler.run(Server.java:2678)
, while invoking ClientNamenodeProtocolTranslatorPB.getFileInfo over node-1-link-0/10.10.1.4:8020 after 1 failover attempts. Trying to failover after sleeping for 1013ms.
2019-02-20 02:44:32,199 INFO retry.RetryInvocationHandler: java.net.ConnectException: Call From clnode090.clemson.cloudlab.us/130.127.133.99 to node-0-link-0:8020 failed on connection exception: java.net.ConnectException: Connection refused; For more details see:  http://wiki.apache.org/hadoop/ConnectionRefused, while invoking ClientNamenodeProtocolTranslatorPB.getFileInfo over node-0-link-0/10.10.1.1:8020 after 2 failover attempts. Trying to failover after sleeping for 2471ms.
file 4 has been read from HDFS for 4 time
diff succeed!
file 4 has been read from HDFS for 5 time
diff succeed!
file 4 has been read from HDFS for 6 time
diff succeed!
file 4 has been read from HDFS for 7 time
diff succeed!
file 4 has been read from HDFS for 8 time
diff succeed!
file 4 has been read from HDFS for 9 time
diff succeed!
file 4 has been read from HDFS for 10 time
diff succeed!
Deleted /myfile4
file 4 has been removed from HDFS
Found 19 items
-rw-r--r--   3 root supergroup 1073741824 2019-02-20 02:47 /myfile1
-rw-r--r--   3 root supergroup 1073741824 2019-02-20 02:45 /myfile10
-rw-r--r--   3 root supergroup 1073741824 2019-02-20 02:47 /myfile11
-rw-r--r--   3 root supergroup 1073741824 2019-02-20 02:46 /myfile12
-rw-r--r--   3 root supergroup 1073741824 2019-02-20 02:46 /myfile13
-rw-r--r--   3 root supergroup 1073741824 2019-02-20 02:43 /myfile15
-rw-r--r--   3 root supergroup 1073741824 2019-02-20 02:46 /myfile16
-rw-r--r--   3 root supergroup 1073741824 2019-02-20 02:45 /myfile17
-rw-r--r--   3 root supergroup 1073741824 2019-02-20 02:45 /myfile18
-rw-r--r--   3 root supergroup 1073741824 2019-02-20 02:46 /myfile19
-rw-r--r--   3 root supergroup 1073741824 2019-02-20 02:44 /myfile2
-rw-r--r--   3 root supergroup 1073741824 2019-02-20 02:45 /myfile20
-rw-r--r--   3 root supergroup 1073741824 2019-02-20 02:46 /myfile3
-rw-r--r--   3 root supergroup 1073741824 2019-02-20 02:47 /myfile4
-rw-r--r--   3 root supergroup 1073741824 2019-02-20 02:45 /myfile5
-rw-r--r--   3 root supergroup 1073741824 2019-02-20 02:47 /myfile6
-rw-r--r--   3 root supergroup 1073741824 2019-02-20 02:45 /myfile7
-rw-r--r--   3 root supergroup 1073741824 2019-02-20 02:45 /myfile8
-rw-r--r--   3 root supergroup 1073741824 2019-02-20 02:44 /myfile9
file 4 has been put into HDFS
file 4 has been read from HDFS for 1 time
diff succeed!
file 4 has been read from HDFS for 2 time
diff succeed!
file 4 has been read from HDFS for 3 time
diff succeed!
file 4 has been read from HDFS for 4 time
diff succeed!
file 4 has been read from HDFS for 5 time
diff succeed!
file 4 has been read from HDFS for 6 time
diff succeed!
file 4 has been read from HDFS for 7 time
diff succeed!
file 4 has been read from HDFS for 8 time
diff succeed!
file 4 has been read from HDFS for 9 time
diff succeed!
file 4 has been read from HDFS for 10 time
diff succeed!
Deleted /myfile4
file 4 has been removed from HDFS
Found 20 items
-rw-r--r--   3 root supergroup 1073741824 2019-02-20 02:47 /myfile1
-rw-r--r--   3 root supergroup 1073741824 2019-02-20 02:49 /myfile10
-rw-r--r--   3 root supergroup 1073741824 2019-02-20 02:47 /myfile11
-rw-r--r--   3 root supergroup 1073741824 2019-02-20 02:50 /myfile12
-rw-r--r--   3 root supergroup 1073741824 2019-02-20 02:46 /myfile13
-rw-r--r--   3 root supergroup 1073741824 2019-02-20 02:47 /myfile14
-rw-r--r--   3 root supergroup 1073741824 2019-02-20 02:47 /myfile15
-rw-r--r--   3 root supergroup 1073741824 2019-02-20 02:50 /myfile16
-rw-r--r--   3 root supergroup 1073741824 2019-02-20 02:50 /myfile17
-rw-r--r--   3 root supergroup 1073741824 2019-02-20 02:49 /myfile18
-rw-r--r--   3 root supergroup 1073741824 2019-02-20 02:50 /myfile19
-rw-r--r--   3 root supergroup 1073741824 2019-02-20 02:48 /myfile2
-rw-r--r--   3 root supergroup 1073741824 2019-02-20 02:49 /myfile20
-rw-r--r--   3 root supergroup 1073741824 2019-02-20 02:50 /myfile3
-rw-r--r--   3 root supergroup 1073741824 2019-02-20 02:51 /myfile4
-rw-r--r--   3 root supergroup 1073741824 2019-02-20 02:49 /myfile5
-rw-r--r--   3 root supergroup  536870912 2019-02-20 02:50 /myfile6._COPYING_
-rw-r--r--   3 root supergroup 1073741824 2019-02-20 02:49 /myfile7
-rw-r--r--   3 root supergroup 1073741824 2019-02-20 02:49 /myfile8
-rw-r--r--   3 root supergroup 1073741824 2019-02-20 02:48 /myfile9
file 4 has been put into HDFS
file 4 has been read from HDFS for 1 time
diff succeed!
file 4 has been read from HDFS for 2 time
diff succeed!
file 4 has been read from HDFS for 3 time
diff succeed!
file 4 has been read from HDFS for 4 time
diff succeed!
file 4 has been read from HDFS for 5 time
diff succeed!
file 4 has been read from HDFS for 6 time
diff succeed!
file 4 has been read from HDFS for 7 time
diff succeed!
file 4 has been read from HDFS for 8 time
diff succeed!
file 4 has been read from HDFS for 9 time
diff succeed!
file 4 has been read from HDFS for 10 time
diff succeed!
Deleted /myfile4
file 4 has been removed from HDFS
Found 18 items
-rw-r--r--   3 root supergroup 1073741824 2019-02-20 02:56 /myfile1
-rw-r--r--   3 root supergroup 1073741824 2019-02-20 02:56 /myfile11
-rw-r--r--   3 root supergroup 1073741824 2019-02-20 02:54 /myfile12
-rw-r--r--   3 root supergroup 1073741824 2019-02-20 02:51 /myfile13
-rw-r--r--   3 root supergroup 1073741824 2019-02-20 02:51 /myfile14
-rw-r--r--   3 root supergroup 1073741824 2019-02-20 02:51 /myfile15
-rw-r--r--   3 root supergroup 1073741824 2019-02-20 02:54 /myfile16
-rw-r--r--   3 root supergroup 1073741824 2019-02-20 02:55 /myfile17
-rw-r--r--   3 root supergroup 1073741824 2019-02-20 02:56 /myfile18
-rw-r--r--   3 root supergroup 1073741824 2019-02-20 02:50 /myfile19
-rw-r--r--   3 root supergroup 1073741824 2019-02-20 02:54 /myfile2
-rw-r--r--   3 root supergroup 1073741824 2019-02-20 02:50 /myfile3
-rw-r--r--   3 root supergroup 1073741824 2019-02-20 02:56 /myfile4
-rw-r--r--   3 root supergroup 1073741824 2019-02-20 02:53 /myfile5
-rw-r--r--   3 root supergroup 1073741824 2019-02-20 02:56 /myfile6
-rw-r--r--   3 root supergroup 1073741824 2019-02-20 02:54 /myfile7
-rw-r--r--   3 root supergroup 1073741824 2019-02-20 02:54 /myfile8
-rw-r--r--   3 root supergroup 1073741824 2019-02-20 02:56 /myfile9
file 4 has been put into HDFS
file 4 has been read from HDFS for 1 time
diff succeed!
file 4 has been read from HDFS for 2 time
diff succeed!
file 4 has been read from HDFS for 3 time
diff succeed!
file 4 has been read from HDFS for 4 time
diff succeed!
file 4 has been read from HDFS for 5 time
diff succeed!
file 4 has been read from HDFS for 6 time
diff succeed!
file 4 has been read from HDFS for 7 time
diff succeed!
file 4 has been read from HDFS for 8 time
diff succeed!
file 4 has been read from HDFS for 9 time
diff succeed!
file 4 has been read from HDFS for 10 time
diff succeed!
Deleted /myfile4
file 4 has been removed from HDFS
Found 19 items
-rw-r--r--   3 root supergroup 1073741824 2019-02-20 03:00 /myfile1
-rw-r--r--   3 root supergroup 1073741824 2019-02-20 02:57 /myfile10
-rw-r--r--   3 root supergroup 1073741824 2019-02-20 03:00 /myfile11
-rw-r--r--   3 root supergroup 1073741824 2019-02-20 02:58 /myfile12
-rw-r--r--   3 root supergroup 1073741824 2019-02-20 02:57 /myfile13
-rw-r--r--   3 root supergroup 1073741824 2019-02-20 02:57 /myfile14
-rw-r--r--   3 root supergroup 1073741824 2019-02-20 02:58 /myfile15
-rw-r--r--   3 root supergroup 1073741824 2019-02-20 02:57 /myfile16
-rw-r--r--   3 root supergroup 1073741824 2019-02-20 02:59 /myfile17
-rw-r--r--   3 root supergroup 1073741824 2019-02-20 02:57 /myfile19
-rw-r--r--   3 root supergroup 1073741824 2019-02-20 02:57 /myfile2
-rw-r--r--   3 root supergroup 1073741824 2019-02-20 02:57 /myfile20
-rw-r--r--   3 root supergroup 1073741824 2019-02-20 02:57 /myfile3
-rw-r--r--   3 root supergroup 1073741824 2019-02-20 03:00 /myfile4
-rw-r--r--   3 root supergroup 1073741824 2019-02-20 02:58 /myfile5
-rw-r--r--   3 root supergroup 1073741824 2019-02-20 02:56 /myfile6
-rw-r--r--   3 root supergroup 1073741824 2019-02-20 02:58 /myfile7
-rw-r--r--   3 root supergroup 1073741824 2019-02-20 02:58 /myfile8
-rw-r--r--   3 root supergroup 1073741824 2019-02-20 02:56 /myfile9
file 4 has been put into HDFS
file 4 has been read from HDFS for 1 time
diff succeed!
file 4 has been read from HDFS for 2 time
diff succeed!
file 4 has been read from HDFS for 3 time
diff succeed!
file 4 has been read from HDFS for 4 time
diff succeed!
file 4 has been read from HDFS for 5 time
diff succeed!
file 4 has been read from HDFS for 6 time
diff succeed!
file 4 has been read from HDFS for 7 time
diff succeed!
file 4 has been read from HDFS for 8 time
diff succeed!
file 4 has been read from HDFS for 9 time
diff succeed!
file 4 has been read from HDFS for 10 time
diff succeed!
Deleted /myfile4
file 4 has been removed from HDFS
Found 19 items
-rw-r--r--   3 root supergroup 1073741824 2019-02-20 03:04 /myfile1
-rw-r--r--   3 root supergroup 1073741824 2019-02-20 03:01 /myfile10
-rw-r--r--   3 root supergroup  134217728 2019-02-20 03:04 /myfile11._COPYING_
-rw-r--r--   3 root supergroup 1073741824 2019-02-20 03:03 /myfile12
-rw-r--r--   3 root supergroup 1073741824 2019-02-20 03:01 /myfile13
-rw-r--r--   3 root supergroup 1073741824 2019-02-20 03:01 /myfile14
-rw-r--r--   3 root supergroup 1073741824 2019-02-20 03:03 /myfile15
-rw-r--r--   3 root supergroup 1073741824 2019-02-20 03:01 /myfile16
-rw-r--r--   3 root supergroup 1073741824 2019-02-20 03:03 /myfile17
-rw-r--r--   3 root supergroup 1073741824 2019-02-20 03:01 /myfile19
-rw-r--r--   3 root supergroup 1073741824 2019-02-20 03:01 /myfile2
-rw-r--r--   3 root supergroup 1073741824 2019-02-20 03:01 /myfile20
-rw-r--r--   3 root supergroup 1073741824 2019-02-20 03:02 /myfile3
-rw-r--r--   3 root supergroup 1073741824 2019-02-20 03:04 /myfile4
-rw-r--r--   3 root supergroup 1073741824 2019-02-20 03:03 /myfile5
-rw-r--r--   3 root supergroup 1073741824 2019-02-20 03:01 /myfile6
-rw-r--r--   3 root supergroup 1073741824 2019-02-20 03:02 /myfile7
-rw-r--r--   3 root supergroup 1073741824 2019-02-20 03:03 /myfile8
-rw-r--r--   3 root supergroup 1073741824 2019-02-20 03:01 /myfile9
file 4 has been put into HDFS
file 4 has been read from HDFS for 1 time
diff succeed!
file 4 has been read from HDFS for 2 time
diff succeed!
file 4 has been read from HDFS for 3 time
diff succeed!
file 4 has been read from HDFS for 4 time
diff succeed!
sub_benchmark 5 signal TERM catched and let quit gracefully
file 4 has been read from HDFS for 5 time
diff succeed!
Deleted /myfile4
file 4 has been removed from HDFS
