Found 20 items
-rw-r--r--   3 root supergroup 1073741824 2019-02-27 12:08 /myfile1
-rw-r--r--   3 root supergroup 1073741824 2019-02-27 12:08 /myfile10
-rw-r--r--   3 root supergroup 1073741824 2019-02-27 12:08 /myfile11
-rw-r--r--   3 root supergroup 1073741824 2019-02-27 12:08 /myfile12
-rw-r--r--   3 root supergroup 1073741824 2019-02-27 12:08 /myfile13
-rw-r--r--   3 root supergroup 1073741824 2019-02-27 12:08 /myfile14
-rw-r--r--   3 root supergroup 1073741824 2019-02-27 12:08 /myfile15
-rw-r--r--   3 root supergroup 1073741824 2019-02-27 12:08 /myfile16
-rw-r--r--   3 root supergroup 1073741824 2019-02-27 12:08 /myfile17
-rw-r--r--   3 root supergroup 1073741824 2019-02-27 12:08 /myfile18
-rw-r--r--   3 root supergroup 1073741824 2019-02-27 12:08 /myfile19
-rw-r--r--   3 root supergroup 1073741824 2019-02-27 12:08 /myfile2
-rw-r--r--   3 root supergroup 1073741824 2019-02-27 12:08 /myfile20
-rw-r--r--   3 root supergroup 1073741824 2019-02-27 12:08 /myfile3
-rw-r--r--   3 root supergroup 1073741824 2019-02-27 12:08 /myfile4
-rw-r--r--   3 root supergroup 1073741824 2019-02-27 12:08 /myfile5
-rw-r--r--   3 root supergroup 1073741824 2019-02-27 12:08 /myfile6
-rw-r--r--   3 root supergroup 1073741824 2019-02-27 12:08 /myfile7
-rw-r--r--   3 root supergroup 1073741824 2019-02-27 12:08 /myfile8
-rw-r--r--   3 root supergroup 1073741824 2019-02-27 12:08 /myfile9
file 6 has been put into HDFS
file 6 has been read from HDFS for 1 time
diff succeed!
file 6 has been read from HDFS for 2 time
diff succeed!
file 6 has been read from HDFS for 3 time
diff succeed!
file 6 has been read from HDFS for 4 time
diff succeed!
file 6 has been read from HDFS for 5 time
diff succeed!
file 6 has been read from HDFS for 6 time
diff succeed!
file 6 has been read from HDFS for 7 time
diff succeed!
file 6 has been read from HDFS for 8 time
diff succeed!
file 6 has been read from HDFS for 9 time
diff succeed!
file 6 has been read from HDFS for 10 time
diff succeed!
Deleted /myfile6
file 6 has been removed from HDFS
Found 18 items
-rw-r--r--   3 root supergroup 1073741824 2019-02-27 12:12 /myfile1
-rw-r--r--   3 root supergroup 1073741824 2019-02-27 12:08 /myfile11
-rw-r--r--   3 root supergroup 1073741824 2019-02-27 12:12 /myfile12
-rw-r--r--   3 root supergroup 1073741824 2019-02-27 12:12 /myfile13
-rw-r--r--   3 root supergroup 1073741824 2019-02-27 12:12 /myfile14
-rw-r--r--   3 root supergroup 1073741824 2019-02-27 12:12 /myfile15
-rw-r--r--   3 root supergroup  939524096 2019-02-27 12:12 /myfile16._COPYING_
-rw-r--r--   3 root supergroup  939524096 2019-02-27 12:12 /myfile17._COPYING_
-rw-r--r--   3 root supergroup 1073741824 2019-02-27 12:12 /myfile18
-rw-r--r--   3 root supergroup 1073741824 2019-02-27 12:12 /myfile19
-rw-r--r--   3 root supergroup 1073741824 2019-02-27 12:12 /myfile2
-rw-r--r--   3 root supergroup  805306368 2019-02-27 12:12 /myfile20._COPYING_
-rw-r--r--   3 root supergroup 1073741824 2019-02-27 12:12 /myfile4
-rw-r--r--   3 root supergroup 1073741824 2019-02-27 12:12 /myfile5
-rw-r--r--   3 root supergroup 1073741824 2019-02-27 12:12 /myfile6
-rw-r--r--   3 root supergroup 1073741824 2019-02-27 12:12 /myfile7
-rw-r--r--   3 root supergroup 1073741824 2019-02-27 12:12 /myfile8
-rw-r--r--   3 root supergroup  805306368 2019-02-27 12:12 /myfile9._COPYING_
file 6 has been put into HDFS
file 6 has been read from HDFS for 1 time
diff succeed!
file 6 has been read from HDFS for 2 time
diff succeed!
file 6 has been read from HDFS for 3 time
diff succeed!
file 6 has been read from HDFS for 4 time
diff succeed!
file 6 has been read from HDFS for 5 time
diff succeed!
file 6 has been read from HDFS for 6 time
diff succeed!
file 6 has been read from HDFS for 7 time
diff succeed!
file 6 has been read from HDFS for 8 time
diff succeed!
file 6 has been read from HDFS for 9 time
diff succeed!
file 6 has been read from HDFS for 10 time
diff succeed!
Deleted /myfile6
file 6 has been removed from HDFS
Found 20 items
-rw-r--r--   3 root supergroup 1073741824 2019-02-27 12:16 /myfile1
-rw-r--r--   3 root supergroup 1073741824 2019-02-27 12:17 /myfile10
-rw-r--r--   3 root supergroup 1073741824 2019-02-27 12:16 /myfile11
-rw-r--r--   3 root supergroup 1073741824 2019-02-27 12:18 /myfile12
-rw-r--r--   3 root supergroup 1073741824 2019-02-27 12:16 /myfile13
-rw-r--r--   3 root supergroup 1073741824 2019-02-27 12:17 /myfile14
-rw-r--r--   3 root supergroup 1073741824 2019-02-27 12:16 /myfile15
-rw-r--r--   3 root supergroup 1073741824 2019-02-27 12:16 /myfile16
-rw-r--r--   3 root supergroup 1073741824 2019-02-27 12:16 /myfile17
-rw-r--r--   3 root supergroup 1073741824 2019-02-27 12:18 /myfile18
-rw-r--r--   3 root supergroup 1073741824 2019-02-27 12:18 /myfile19
-rw-r--r--   3 root supergroup 1073741824 2019-02-27 12:18 /myfile2
-rw-r--r--   3 root supergroup 1073741824 2019-02-27 12:16 /myfile20
-rw-r--r--   3 root supergroup 1073741824 2019-02-27 12:16 /myfile3
-rw-r--r--   3 root supergroup 1073741824 2019-02-27 12:16 /myfile4
-rw-r--r--   3 root supergroup 1073741824 2019-02-27 12:15 /myfile5
-rw-r--r--   3 root supergroup 1073741824 2019-02-27 12:19 /myfile6
-rw-r--r--   3 root supergroup 1073741824 2019-02-27 12:16 /myfile7
-rw-r--r--   3 root supergroup 1073741824 2019-02-27 12:16 /myfile8
-rw-r--r--   3 root supergroup 1073741824 2019-02-27 12:16 /myfile9
file 6 has been put into HDFS
file 6 has been read from HDFS for 1 time
diff succeed!
file 6 has been read from HDFS for 2 time
diff succeed!
file 6 has been read from HDFS for 3 time
diff succeed!
file 6 has been read from HDFS for 4 time
diff succeed!
file 6 has been read from HDFS for 5 time
diff succeed!
file 6 has been read from HDFS for 6 time
diff succeed!
file 6 has been read from HDFS for 7 time
diff succeed!
file 6 has been read from HDFS for 8 time
diff succeed!
file 6 has been read from HDFS for 9 time
diff succeed!
file 6 has been read from HDFS for 10 time
diff succeed!
Deleted /myfile6
file 6 has been removed from HDFS
Found 20 items
-rw-r--r--   3 root supergroup 1073741824 2019-02-27 12:21 /myfile1
-rw-r--r--   3 root supergroup 1073741824 2019-02-27 12:21 /myfile10
-rw-r--r--   3 root supergroup 1073741824 2019-02-27 12:21 /myfile11
-rw-r--r--   3 root supergroup 1073741824 2019-02-27 12:22 /myfile12
-rw-r--r--   3 root supergroup 1073741824 2019-02-27 12:21 /myfile13
-rw-r--r--   3 root supergroup 1073741824 2019-02-27 12:22 /myfile14
-rw-r--r--   3 root supergroup 1073741824 2019-02-27 12:21 /myfile15
-rw-r--r--   3 root supergroup 1073741824 2019-02-27 12:21 /myfile16
-rw-r--r--   3 root supergroup 1073741824 2019-02-27 12:21 /myfile17
-rw-r--r--   3 root supergroup 1073741824 2019-02-27 12:22 /myfile18
-rw-r--r--   3 root supergroup  805306368 2019-02-27 12:22 /myfile19._COPYING_
-rw-r--r--   3 root supergroup 1073741824 2019-02-27 12:22 /myfile2
-rw-r--r--   3 root supergroup 1073741824 2019-02-27 12:21 /myfile20
-rw-r--r--   3 root supergroup 1073741824 2019-02-27 12:21 /myfile3
-rw-r--r--   3 root supergroup 1073741824 2019-02-27 12:21 /myfile4
-rw-r--r--   3 root supergroup 1073741824 2019-02-27 12:20 /myfile5
-rw-r--r--   3 root supergroup 1073741824 2019-02-27 12:23 /myfile6
-rw-r--r--   3 root supergroup 1073741824 2019-02-27 12:21 /myfile7
-rw-r--r--   3 root supergroup 1073741824 2019-02-27 12:21 /myfile8
-rw-r--r--   3 root supergroup 1073741824 2019-02-27 12:21 /myfile9
file 6 has been put into HDFS
file 6 has been read from HDFS for 1 time
diff succeed!
file 6 has been read from HDFS for 2 time
diff succeed!
file 6 has been read from HDFS for 3 time
diff succeed!
file 6 has been read from HDFS for 4 time
diff succeed!
file 6 has been read from HDFS for 5 time
diff succeed!
file 6 has been read from HDFS for 6 time
diff succeed!
file 6 has been read from HDFS for 7 time
diff succeed!
file 6 has been read from HDFS for 8 time
diff succeed!
file 6 has been read from HDFS for 9 time
diff succeed!
file 6 has been read from HDFS for 10 time
diff succeed!
Deleted /myfile6
file 6 has been removed from HDFS
Found 20 items
-rw-r--r--   3 root supergroup 1073741824 2019-02-27 12:25 /myfile1
-rw-r--r--   3 root supergroup 1073741824 2019-02-27 12:25 /myfile10
-rw-r--r--   3 root supergroup 1073741824 2019-02-27 12:27 /myfile11
-rw-r--r--   3 root supergroup 1073741824 2019-02-27 12:27 /myfile12
-rw-r--r--   3 root supergroup 1073741824 2019-02-27 12:25 /myfile13
-rw-r--r--   3 root supergroup 1073741824 2019-02-27 12:27 /myfile14
-rw-r--r--   3 root supergroup 1073741824 2019-02-27 12:25 /myfile15
-rw-r--r--   3 root supergroup 1073741824 2019-02-27 12:25 /myfile16
-rw-r--r--   3 root supergroup 1073741824 2019-02-27 12:25 /myfile17
-rw-r--r--   3 root supergroup 1073741824 2019-02-27 12:27 /myfile18
-rw-r--r--   3 root supergroup 1073741824 2019-02-27 12:27 /myfile19
-rw-r--r--   3 root supergroup 1073741824 2019-02-27 12:27 /myfile2
-rw-r--r--   3 root supergroup 1073741824 2019-02-27 12:25 /myfile20
-rw-r--r--   3 root supergroup 1073741824 2019-02-27 12:27 /myfile3
-rw-r--r--   3 root supergroup 1073741824 2019-02-27 12:26 /myfile4
-rw-r--r--   3 root supergroup 1073741824 2019-02-27 12:24 /myfile5
-rw-r--r--   3 root supergroup 1073741824 2019-02-27 12:27 /myfile6
-rw-r--r--   3 root supergroup 1073741824 2019-02-27 12:25 /myfile7
-rw-r--r--   3 root supergroup 1073741824 2019-02-27 12:25 /myfile8
-rw-r--r--   3 root supergroup 1073741824 2019-02-27 12:25 /myfile9
file 6 has been put into HDFS
file 6 has been read from HDFS for 1 time
diff succeed!
file 6 has been read from HDFS for 2 time
diff succeed!
file 6 has been read from HDFS for 3 time
diff succeed!
file 6 has been read from HDFS for 4 time
diff succeed!
file 6 has been read from HDFS for 5 time
diff succeed!
file 6 has been read from HDFS for 6 time
diff succeed!
file 6 has been read from HDFS for 7 time
diff succeed!
file 6 has been read from HDFS for 8 time
diff succeed!
file 6 has been read from HDFS for 9 time
diff succeed!
file 6 has been read from HDFS for 10 time
diff succeed!
Deleted /myfile6
file 6 has been removed from HDFS
Found 18 items
-rw-r--r--   3 root supergroup 1073741824 2019-02-27 12:32 /myfile1
-rw-r--r--   3 root supergroup 1073741824 2019-02-27 12:34 /myfile10
-rw-r--r--   3 root supergroup 1073741824 2019-02-27 12:31 /myfile11
-rw-r--r--   3 root supergroup 1073741824 2019-02-27 12:33 /myfile12
-rw-r--r--   3 root supergroup 1073741824 2019-02-27 12:34 /myfile13
-rw-r--r--   3 root supergroup 1073741824 2019-02-27 12:32 /myfile15
-rw-r--r--   3 root supergroup 1073741824 2019-02-27 12:33 /myfile16
-rw-r--r--   3 root supergroup 1073741824 2019-02-27 12:32 /myfile17
-rw-r--r--   3 root supergroup 1073741824 2019-02-27 12:33 /myfile19
-rw-r--r--   3 root supergroup 1073741824 2019-02-27 12:33 /myfile2
-rw-r--r--   3 root supergroup 1073741824 2019-02-27 12:33 /myfile20
-rw-r--r--   3 root supergroup 1073741824 2019-02-27 12:34 /myfile3
-rw-r--r--   3 root supergroup 1073741824 2019-02-27 12:33 /myfile4
-rw-r--r--   3 root supergroup 1073741824 2019-02-27 12:34 /myfile5
-rw-r--r--   3 root supergroup 1073741824 2019-02-27 12:34 /myfile6
-rw-r--r--   3 root supergroup 1073741824 2019-02-27 12:32 /myfile7
-rw-r--r--   3 root supergroup 1073741824 2019-02-27 12:33 /myfile8
-rw-r--r--   3 root supergroup 1073741824 2019-02-27 12:33 /myfile9
file 6 has been put into HDFS
file 6 has been read from HDFS for 1 time
diff succeed!
file 6 has been read from HDFS for 2 time
diff succeed!
file 6 has been read from HDFS for 3 time
diff succeed!
file 6 has been read from HDFS for 4 time
diff succeed!
file 6 has been read from HDFS for 5 time
diff succeed!
file 6 has been read from HDFS for 6 time
diff succeed!
file 6 has been read from HDFS for 7 time
diff succeed!
file 6 has been read from HDFS for 8 time
diff succeed!
file 6 has been read from HDFS for 9 time
diff succeed!
file 6 has been read from HDFS for 10 time
diff succeed!
Deleted /myfile6
file 6 has been removed from HDFS
Found 20 items
-rw-r--r--   3 root supergroup 1073741824 2019-02-27 12:36 /myfile1
-rw-r--r--   3 root supergroup 1073741824 2019-02-27 12:38 /myfile10
-rw-r--r--   3 root supergroup 1073741824 2019-02-27 12:36 /myfile11
-rw-r--r--   3 root supergroup 1073741824 2019-02-27 12:37 /myfile12
-rw-r--r--   3 root supergroup 1073741824 2019-02-27 12:38 /myfile13
-rw-r--r--   3 root supergroup 1073741824 2019-02-27 12:39 /myfile14
-rw-r--r--   3 root supergroup 1073741824 2019-02-27 12:36 /myfile15
-rw-r--r--   3 root supergroup 1073741824 2019-02-27 12:37 /myfile16
-rw-r--r--   3 root supergroup 1073741824 2019-02-27 12:37 /myfile17
-rw-r--r--   3 root supergroup 1073741824 2019-02-27 12:39 /myfile18
-rw-r--r--   3 root supergroup 1073741824 2019-02-27 12:37 /myfile19
-rw-r--r--   3 root supergroup 1073741824 2019-02-27 12:38 /myfile2
-rw-r--r--   3 root supergroup 1073741824 2019-02-27 12:38 /myfile20
-rw-r--r--   3 root supergroup 1073741824 2019-02-27 12:37 /myfile3
-rw-r--r--   3 root supergroup 1073741824 2019-02-27 12:38 /myfile4
-rw-r--r--   3 root supergroup 1073741824 2019-02-27 12:39 /myfile5
-rw-r--r--   3 root supergroup 1073741824 2019-02-27 12:40 /myfile6
-rw-r--r--   3 root supergroup 1073741824 2019-02-27 12:38 /myfile7
-rw-r--r--   3 root supergroup 1073741824 2019-02-27 12:37 /myfile8
-rw-r--r--   3 root supergroup 1073741824 2019-02-27 12:37 /myfile9
file 6 has been put into HDFS
file 6 has been read from HDFS for 1 time
diff succeed!
file 6 has been read from HDFS for 2 time
diff succeed!
file 6 has been read from HDFS for 3 time
diff succeed!
file 6 has been read from HDFS for 4 time
diff succeed!
file 6 has been read from HDFS for 5 time
diff succeed!
file 6 has been read from HDFS for 6 time
diff succeed!
file 6 has been read from HDFS for 7 time
diff succeed!
file 6 has been read from HDFS for 8 time
diff succeed!
file 6 has been read from HDFS for 9 time
diff succeed!
file 6 has been read from HDFS for 10 time
diff succeed!
Deleted /myfile6
file 6 has been removed from HDFS
Found 20 items
-rw-r--r--   3 root supergroup 1073741824 2019-02-27 12:41 /myfile1
-rw-r--r--   3 root supergroup 1073741824 2019-02-27 12:43 /myfile10
-rw-r--r--   3 root supergroup 1073741824 2019-02-27 12:40 /myfile11
-rw-r--r--   3 root supergroup 1073741824 2019-02-27 12:41 /myfile12
-rw-r--r--   3 root supergroup 1073741824 2019-02-27 12:43 /myfile13
-rw-r--r--   3 root supergroup 1073741824 2019-02-27 12:43 /myfile14
-rw-r--r--   3 root supergroup 1073741824 2019-02-27 12:41 /myfile15
-rw-r--r--   3 root supergroup 1073741824 2019-02-27 12:41 /myfile16
-rw-r--r--   3 root supergroup 1073741824 2019-02-27 12:41 /myfile17
-rw-r--r--   3 root supergroup 1073741824 2019-02-27 12:44 /myfile18
-rw-r--r--   3 root supergroup 1073741824 2019-02-27 12:41 /myfile19
-rw-r--r--   3 root supergroup 1073741824 2019-02-27 12:42 /myfile2
-rw-r--r--   3 root supergroup 1073741824 2019-02-27 12:41 /myfile20
-rw-r--r--   3 root supergroup 1073741824 2019-02-27 12:42 /myfile3
-rw-r--r--   3 root supergroup 1073741824 2019-02-27 12:42 /myfile4
-rw-r--r--   3 root supergroup 1073741824 2019-02-27 12:44 /myfile5
-rw-r--r--   3 root supergroup 1073741824 2019-02-27 12:44 /myfile6
-rw-r--r--   3 root supergroup 1073741824 2019-02-27 12:43 /myfile7
-rw-r--r--   3 root supergroup 1073741824 2019-02-27 12:42 /myfile8
-rw-r--r--   3 root supergroup 1073741824 2019-02-27 12:40 /myfile9
file 6 has been put into HDFS
file 6 has been read from HDFS for 1 time
diff succeed!
file 6 has been read from HDFS for 2 time
diff succeed!
file 6 has been read from HDFS for 3 time
diff succeed!
file 6 has been read from HDFS for 4 time
diff succeed!
file 6 has been read from HDFS for 5 time
diff succeed!
file 6 has been read from HDFS for 6 time
diff succeed!
file 6 has been read from HDFS for 7 time
diff succeed!
file 6 has been read from HDFS for 8 time
diff succeed!
file 6 has been read from HDFS for 9 time
diff succeed!
file 6 has been read from HDFS for 10 time
diff succeed!
Deleted /myfile6
file 6 has been removed from HDFS
Found 19 items
-rw-r--r--   3 root supergroup  939524096 2019-02-27 12:49 /myfile1._COPYING_
-rw-r--r--   3 root supergroup 1073741824 2019-02-27 12:48 /myfile10
-rw-r--r--   3 root supergroup  805306368 2019-02-27 12:49 /myfile11._COPYING_
-rw-r--r--   3 root supergroup  671088640 2019-02-27 12:49 /myfile12._COPYING_
-rw-r--r--   3 root supergroup 1073741824 2019-02-27 12:48 /myfile13
-rw-r--r--   3 root supergroup 1073741824 2019-02-27 12:48 /myfile14
-rw-r--r--   3 root supergroup 1073741824 2019-02-27 12:45 /myfile15
-rw-r--r--   3 root supergroup  402653184 2019-02-27 12:49 /myfile16._COPYING_
-rw-r--r--   3 root supergroup 1073741824 2019-02-27 12:49 /myfile18
-rw-r--r--   3 root supergroup 1073741824 2019-02-27 12:50 /myfile19
-rw-r--r--   3 root supergroup 1073741824 2019-02-27 12:46 /myfile2
-rw-r--r--   3 root supergroup  671088640 2019-02-27 12:49 /myfile20._COPYING_
-rw-r--r--   3 root supergroup 1073741824 2019-02-27 12:47 /myfile3
-rw-r--r--   3 root supergroup 1073741824 2019-02-27 12:47 /myfile4
-rw-r--r--   3 root supergroup 1073741824 2019-02-27 12:49 /myfile5
-rw-r--r--   3 root supergroup 1073741824 2019-02-27 12:50 /myfile6
-rw-r--r--   3 root supergroup 1073741824 2019-02-27 12:47 /myfile7
-rw-r--r--   3 root supergroup 1073741824 2019-02-27 12:47 /myfile8
-rw-r--r--   3 root supergroup 1073741824 2019-02-27 12:49 /myfile9
file 6 has been put into HDFS
file 6 has been read from HDFS for 1 time
diff succeed!
file 6 has been read from HDFS for 2 time
diff succeed!
file 6 has been read from HDFS for 3 time
diff succeed!
file 6 has been read from HDFS for 4 time
diff succeed!
file 6 has been read from HDFS for 5 time
diff succeed!
file 6 has been read from HDFS for 6 time
diff succeed!
file 6 has been read from HDFS for 7 time
diff succeed!
file 6 has been read from HDFS for 8 time
diff succeed!
file 6 has been read from HDFS for 9 time
diff succeed!
sub_benchmark 9 signal TERM catched and let quit gracefully
Deleted /myfile6
file 6 has been removed from HDFS
