Found 20 items
-rw-r--r--   3 root supergroup 1073741824 2019-02-22 18:10 /myfile1
-rw-r--r--   3 root supergroup  939524096 2019-02-22 18:09 /myfile10._COPYING_
-rw-r--r--   3 root supergroup  939524096 2019-02-22 18:09 /myfile11._COPYING_
-rw-r--r--   3 root supergroup  805306368 2019-02-22 18:09 /myfile12._COPYING_
-rw-r--r--   3 root supergroup  939524096 2019-02-22 18:09 /myfile13._COPYING_
-rw-r--r--   3 root supergroup  939524096 2019-02-22 18:09 /myfile14._COPYING_
-rw-r--r--   3 root supergroup  939524096 2019-02-22 18:09 /myfile15._COPYING_
-rw-r--r--   3 root supergroup  939524096 2019-02-22 18:09 /myfile16._COPYING_
-rw-r--r--   3 root supergroup  805306368 2019-02-22 18:09 /myfile17._COPYING_
-rw-r--r--   3 root supergroup  805306368 2019-02-22 18:09 /myfile18._COPYING_
-rw-r--r--   3 root supergroup  939524096 2019-02-22 18:09 /myfile19._COPYING_
-rw-r--r--   3 root supergroup  939524096 2019-02-22 18:09 /myfile2._COPYING_
-rw-r--r--   3 root supergroup 1073741824 2019-02-22 18:10 /myfile20
-rw-r--r--   3 root supergroup  939524096 2019-02-22 18:09 /myfile3._COPYING_
-rw-r--r--   3 root supergroup 1073741824 2019-02-22 18:10 /myfile4
-rw-r--r--   3 root supergroup  939524096 2019-02-22 18:09 /myfile5._COPYING_
-rw-r--r--   3 root supergroup  939524096 2019-02-22 18:09 /myfile6._COPYING_
-rw-r--r--   3 root supergroup  805306368 2019-02-22 18:09 /myfile7._COPYING_
-rw-r--r--   3 root supergroup  939524096 2019-02-22 18:09 /myfile8._COPYING_
-rw-r--r--   3 root supergroup  939524096 2019-02-22 18:09 /myfile9._COPYING_
file 20 has been put into HDFS
file 20 has been read from HDFS for 1 time
diff succeed!
file 20 has been read from HDFS for 2 time
diff succeed!
file 20 has been read from HDFS for 3 time
diff succeed!
file 20 has been read from HDFS for 4 time
diff succeed!
file 20 has been read from HDFS for 5 time
diff succeed!
file 20 has been read from HDFS for 6 time
diff succeed!
file 20 has been read from HDFS for 7 time
diff succeed!
file 20 has been read from HDFS for 8 time
diff succeed!
file 20 has been read from HDFS for 9 time
diff succeed!
file 20 has been read from HDFS for 10 time
diff succeed!
Deleted /myfile20
file 20 has been removed from HDFS
Found 10 items
-rw-r--r--   3 root supergroup 1073741824 2019-02-22 18:14 /myfile1
-rw-r--r--   3 root supergroup 1073741824 2019-02-22 18:10 /myfile12
-rw-r--r--   3 root supergroup 1073741824 2019-02-22 18:10 /myfile13
-rw-r--r--   3 root supergroup 1073741824 2019-02-22 18:10 /myfile14
-rw-r--r--   3 root supergroup 1073741824 2019-02-22 18:10 /myfile19
-rw-r--r--   3 root supergroup 1073741824 2019-02-22 18:14 /myfile20
-rw-r--r--   3 root supergroup          0 2019-02-22 18:14 /myfile3._COPYING_
-rw-r--r--   3 root supergroup  402653184 2019-02-22 18:14 /myfile4._COPYING_
-rw-r--r--   3 root supergroup  671088640 2019-02-22 18:14 /myfile5._COPYING_
-rw-r--r--   3 root supergroup 1073741824 2019-02-22 18:10 /myfile8
file 20 has been put into HDFS
file 20 has been read from HDFS for 1 time
diff succeed!
file 20 has been read from HDFS for 2 time
diff succeed!
file 20 has been read from HDFS for 3 time
diff succeed!
file 20 has been read from HDFS for 4 time
diff succeed!
file 20 has been read from HDFS for 5 time
diff succeed!
file 20 has been read from HDFS for 6 time
diff succeed!
file 20 has been read from HDFS for 7 time
diff succeed!
file 20 has been read from HDFS for 8 time
diff succeed!
file 20 has been read from HDFS for 9 time
diff succeed!
file 20 has been read from HDFS for 10 time
diff succeed!
Deleted /myfile20
file 20 has been removed from HDFS
Found 20 items
-rw-r--r--   3 root supergroup 1073741824 2019-02-22 18:19 /myfile1
-rw-r--r--   3 root supergroup  268435456 2019-02-22 18:19 /myfile10._COPYING_
-rw-r--r--   3 root supergroup  134217728 2019-02-22 18:20 /myfile11._COPYING_
-rw-r--r--   3 root supergroup  402653184 2019-02-22 18:19 /myfile12._COPYING_
-rw-r--r--   3 root supergroup  402653184 2019-02-22 18:19 /myfile13._COPYING_
-rw-r--r--   3 root supergroup  402653184 2019-02-22 18:19 /myfile14._COPYING_
-rw-r--r--   3 root supergroup  268435456 2019-02-22 18:19 /myfile15._COPYING_
-rw-r--r--   3 root supergroup  268435456 2019-02-22 18:19 /myfile16._COPYING_
-rw-r--r--   3 root supergroup  402653184 2019-02-22 18:19 /myfile17._COPYING_
-rw-r--r--   3 root supergroup  402653184 2019-02-22 18:19 /myfile18._COPYING_
-rw-r--r--   3 root supergroup  268435456 2019-02-22 18:19 /myfile19._COPYING_
-rw-r--r--   3 root supergroup  268435456 2019-02-22 18:19 /myfile2._COPYING_
-rw-r--r--   3 root supergroup 1073741824 2019-02-22 18:20 /myfile20
-rw-r--r--   3 root supergroup  268435456 2019-02-22 18:19 /myfile3._COPYING_
-rw-r--r--   3 root supergroup  402653184 2019-02-22 18:19 /myfile4._COPYING_
-rw-r--r--   3 root supergroup  536870912 2019-02-22 18:19 /myfile5._COPYING_
-rw-r--r--   3 root supergroup  402653184 2019-02-22 18:19 /myfile6._COPYING_
-rw-r--r--   3 root supergroup  402653184 2019-02-22 18:19 /myfile7._COPYING_
-rw-r--r--   3 root supergroup  268435456 2019-02-22 18:19 /myfile8._COPYING_
-rw-r--r--   3 root supergroup  268435456 2019-02-22 18:19 /myfile9._COPYING_
file 20 has been put into HDFS
file 20 has been read from HDFS for 1 time
diff succeed!
file 20 has been read from HDFS for 2 time
diff succeed!
file 20 has been read from HDFS for 3 time
diff succeed!
file 20 has been read from HDFS for 4 time
diff succeed!
file 20 has been read from HDFS for 5 time
diff succeed!
file 20 has been read from HDFS for 6 time
diff succeed!
2019-02-22 18:22:39,328 INFO retry.RetryInvocationHandler: org.apache.hadoop.ipc.RemoteException(org.apache.hadoop.ipc.StandbyException): Operation category READ is not supported in state standby. Visit https://s.apache.org/sbnn-error
	at org.apache.hadoop.hdfs.server.namenode.ha.StandbyState.checkOperation(StandbyState.java:88)
	at org.apache.hadoop.hdfs.server.namenode.NameNode$NameNodeHAContext.checkOperation(NameNode.java:1952)
	at org.apache.hadoop.hdfs.server.namenode.FSNamesystem.checkOperation(FSNamesystem.java:1423)
	at org.apache.hadoop.hdfs.server.namenode.FSNamesystem.getFileInfo(FSNamesystem.java:3085)
	at org.apache.hadoop.hdfs.server.namenode.NameNodeRpcServer.getFileInfo(NameNodeRpcServer.java:1154)
	at org.apache.hadoop.hdfs.protocolPB.ClientNamenodeProtocolServerSideTranslatorPB.getFileInfo(ClientNamenodeProtocolServerSideTranslatorPB.java:966)
	at org.apache.hadoop.hdfs.protocol.proto.ClientNamenodeProtocolProtos$ClientNamenodeProtocol$2.callBlockingMethod(ClientNamenodeProtocolProtos.java)
	at org.apache.hadoop.ipc.ProtobufRpcEngine$Server$ProtoBufRpcInvoker.call(ProtobufRpcEngine.java:523)
	at org.apache.hadoop.ipc.RPC$Server.call(RPC.java:991)
	at org.apache.hadoop.ipc.Server$RpcCall.run(Server.java:872)
	at org.apache.hadoop.ipc.Server$RpcCall.run(Server.java:818)
	at java.security.AccessController.doPrivileged(Native Method)
	at javax.security.auth.Subject.doAs(Subject.java:422)
	at org.apache.hadoop.security.UserGroupInformation.doAs(UserGroupInformation.java:1729)
	at org.apache.hadoop.ipc.Server$Handler.run(Server.java:2678)
, while invoking ClientNamenodeProtocolTranslatorPB.getFileInfo over node-1-link-0/10.10.1.4:8020 after 1 failover attempts. Trying to failover after sleeping for 1463ms.
2019-02-22 18:22:40,797 INFO retry.RetryInvocationHandler: java.net.ConnectException: Call From clnode076.clemson.cloudlab.us/130.127.133.85 to node-0-link-0:8020 failed on connection exception: java.net.ConnectException: Connection refused; For more details see:  http://wiki.apache.org/hadoop/ConnectionRefused, while invoking ClientNamenodeProtocolTranslatorPB.getFileInfo over node-0-link-0/10.10.1.1:8020 after 2 failover attempts. Trying to failover after sleeping for 1974ms.
file 20 has been read from HDFS for 7 time
diff succeed!
file 20 has been read from HDFS for 8 time
diff succeed!
file 20 has been read from HDFS for 9 time
diff succeed!
file 20 has been read from HDFS for 10 time
diff succeed!
Deleted /myfile20
file 20 has been removed from HDFS
Found 20 items
-rw-r--r--   3 root supergroup 1073741824 2019-02-22 18:24 /myfile1
-rw-r--r--   3 root supergroup  671088640 2019-02-22 18:24 /myfile10._COPYING_
-rw-r--r--   3 root supergroup  671088640 2019-02-22 18:24 /myfile11._COPYING_
-rw-r--r--   3 root supergroup  671088640 2019-02-22 18:24 /myfile12._COPYING_
-rw-r--r--   3 root supergroup  671088640 2019-02-22 18:24 /myfile13._COPYING_
-rw-r--r--   3 root supergroup 1073741824 2019-02-22 18:25 /myfile14
-rw-r--r--   3 root supergroup  536870912 2019-02-22 18:24 /myfile15._COPYING_
-rw-r--r--   3 root supergroup  671088640 2019-02-22 18:24 /myfile16._COPYING_
-rw-r--r--   3 root supergroup  671088640 2019-02-22 18:24 /myfile17._COPYING_
-rw-r--r--   3 root supergroup  671088640 2019-02-22 18:24 /myfile18._COPYING_
-rw-r--r--   3 root supergroup  671088640 2019-02-22 18:24 /myfile19._COPYING_
-rw-r--r--   3 root supergroup  671088640 2019-02-22 18:24 /myfile2._COPYING_
-rw-r--r--   3 root supergroup 1073741824 2019-02-22 18:25 /myfile20
-rw-r--r--   3 root supergroup  671088640 2019-02-22 18:24 /myfile3._COPYING_
-rw-r--r--   3 root supergroup 1073741824 2019-02-22 18:25 /myfile4
-rw-r--r--   3 root supergroup  671088640 2019-02-22 18:24 /myfile5._COPYING_
-rw-r--r--   3 root supergroup  671088640 2019-02-22 18:24 /myfile6._COPYING_
-rw-r--r--   3 root supergroup  671088640 2019-02-22 18:24 /myfile7._COPYING_
-rw-r--r--   3 root supergroup  671088640 2019-02-22 18:24 /myfile8._COPYING_
-rw-r--r--   3 root supergroup  671088640 2019-02-22 18:24 /myfile9._COPYING_
file 20 has been put into HDFS
file 20 has been read from HDFS for 1 time
diff succeed!
file 20 has been read from HDFS for 2 time
diff succeed!
file 20 has been read from HDFS for 3 time
diff succeed!
file 20 has been read from HDFS for 4 time
diff succeed!
file 20 has been read from HDFS for 5 time
diff succeed!
file 20 has been read from HDFS for 6 time
diff succeed!
file 20 has been read from HDFS for 7 time
diff succeed!
file 20 has been read from HDFS for 8 time
diff succeed!
file 20 has been read from HDFS for 9 time
diff succeed!
file 20 has been read from HDFS for 10 time
diff succeed!
Deleted /myfile20
file 20 has been removed from HDFS
Found 20 items
-rw-r--r--   3 root supergroup 1073741824 2019-02-22 18:29 /myfile1
-rw-r--r--   3 root supergroup  671088640 2019-02-22 18:29 /myfile10._COPYING_
-rw-r--r--   3 root supergroup  671088640 2019-02-22 18:29 /myfile11._COPYING_
-rw-r--r--   3 root supergroup  671088640 2019-02-22 18:29 /myfile12._COPYING_
-rw-r--r--   3 root supergroup  671088640 2019-02-22 18:29 /myfile13._COPYING_
-rw-r--r--   3 root supergroup 1073741824 2019-02-22 18:30 /myfile14
-rw-r--r--   3 root supergroup  536870912 2019-02-22 18:29 /myfile15._COPYING_
-rw-r--r--   3 root supergroup  671088640 2019-02-22 18:29 /myfile16._COPYING_
-rw-r--r--   3 root supergroup 1073741824 2019-02-22 18:25 /myfile17
-rw-r--r--   3 root supergroup  671088640 2019-02-22 18:29 /myfile18._COPYING_
-rw-r--r--   3 root supergroup  671088640 2019-02-22 18:29 /myfile19._COPYING_
-rw-r--r--   3 root supergroup  671088640 2019-02-22 18:29 /myfile2._COPYING_
-rw-r--r--   3 root supergroup 1073741824 2019-02-22 18:30 /myfile20
-rw-r--r--   3 root supergroup  671088640 2019-02-22 18:29 /myfile3._COPYING_
-rw-r--r--   3 root supergroup 1073741824 2019-02-22 18:30 /myfile4
-rw-r--r--   3 root supergroup 1073741824 2019-02-22 18:25 /myfile5
-rw-r--r--   3 root supergroup 1073741824 2019-02-22 18:25 /myfile6
-rw-r--r--   3 root supergroup  536870912 2019-02-22 18:29 /myfile7._COPYING_
-rw-r--r--   3 root supergroup  671088640 2019-02-22 18:29 /myfile8._COPYING_
-rw-r--r--   3 root supergroup 1073741824 2019-02-22 18:25 /myfile9
file 20 has been put into HDFS
file 20 has been read from HDFS for 1 time
diff succeed!
file 20 has been read from HDFS for 2 time
diff succeed!
file 20 has been read from HDFS for 3 time
diff succeed!
file 20 has been read from HDFS for 4 time
diff succeed!
file 20 has been read from HDFS for 5 time
diff succeed!
file 20 has been read from HDFS for 6 time
diff succeed!
file 20 has been read from HDFS for 7 time
diff succeed!
file 20 has been read from HDFS for 8 time
diff succeed!
file 20 has been read from HDFS for 9 time
diff succeed!
2019-02-22 18:33:43,260 INFO retry.RetryInvocationHandler: java.io.IOException: DestHost:destPort node-0-link-0:8020 , LocalHost:localPort clnode076.clemson.cloudlab.us/130.127.133.85:0. Failed on local exception: java.io.IOException: Connection reset by peer, while invoking ClientNamenodeProtocolTranslatorPB.getBlockLocations over node-0-link-0/10.10.1.1:8020. Trying to failover immediately.
2019-02-22 18:33:43,294 INFO retry.RetryInvocationHandler: org.apache.hadoop.ipc.RemoteException(org.apache.hadoop.ipc.StandbyException): Operation category READ is not supported in state standby. Visit https://s.apache.org/sbnn-error
	at org.apache.hadoop.hdfs.server.namenode.ha.StandbyState.checkOperation(StandbyState.java:88)
	at org.apache.hadoop.hdfs.server.namenode.NameNode$NameNodeHAContext.checkOperation(NameNode.java:1952)
	at org.apache.hadoop.hdfs.server.namenode.FSNamesystem.checkOperation(FSNamesystem.java:1423)
	at org.apache.hadoop.hdfs.server.namenode.FSNamesystem.getBlockLocations(FSNamesystem.java:1921)
	at org.apache.hadoop.hdfs.server.namenode.NameNodeRpcServer.getBlockLocations(NameNodeRpcServer.java:738)
	at org.apache.hadoop.hdfs.protocolPB.ClientNamenodeProtocolServerSideTranslatorPB.getBlockLocations(ClientNamenodeProtocolServerSideTranslatorPB.java:426)
	at org.apache.hadoop.hdfs.protocol.proto.ClientNamenodeProtocolProtos$ClientNamenodeProtocol$2.callBlockingMethod(ClientNamenodeProtocolProtos.java)
	at org.apache.hadoop.ipc.ProtobufRpcEngine$Server$ProtoBufRpcInvoker.call(ProtobufRpcEngine.java:523)
	at org.apache.hadoop.ipc.RPC$Server.call(RPC.java:991)
	at org.apache.hadoop.ipc.Server$RpcCall.run(Server.java:872)
	at org.apache.hadoop.ipc.Server$RpcCall.run(Server.java:818)
	at java.security.AccessController.doPrivileged(Native Method)
	at javax.security.auth.Subject.doAs(Subject.java:422)
	at org.apache.hadoop.security.UserGroupInformation.doAs(UserGroupInformation.java:1729)
	at org.apache.hadoop.ipc.Server$Handler.run(Server.java:2678)
, while invoking ClientNamenodeProtocolTranslatorPB.getBlockLocations over node-1-link-0/10.10.1.4:8020 after 1 failover attempts. Trying to failover after sleeping for 550ms.
2019-02-22 18:33:43,849 INFO retry.RetryInvocationHandler: java.net.ConnectException: Call From clnode076.clemson.cloudlab.us/130.127.133.85 to node-0-link-0:8020 failed on connection exception: java.net.ConnectException: Connection refused; For more details see:  http://wiki.apache.org/hadoop/ConnectionRefused, while invoking ClientNamenodeProtocolTranslatorPB.getBlockLocations over node-0-link-0/10.10.1.1:8020 after 2 failover attempts. Trying to failover after sleeping for 2472ms.
file 20 has been read from HDFS for 10 time
diff succeed!
Deleted /myfile20
file 20 has been removed from HDFS
Found 13 items
-rw-r--r--   3 root supergroup 1073741824 2019-02-22 18:33 /myfile1
-rw-r--r--   3 root supergroup  939524096 2019-02-22 18:34 /myfile11._COPYING_
-rw-r--r--   3 root supergroup 1073741824 2019-02-22 18:34 /myfile14
-rw-r--r--   3 root supergroup 1073741824 2019-02-22 18:30 /myfile15
-rw-r--r--   3 root supergroup 1073741824 2019-02-22 18:31 /myfile17
-rw-r--r--   3 root supergroup          0 2019-02-22 18:34 /myfile2._COPYING_
-rw-r--r--   3 root supergroup 1073741824 2019-02-22 18:34 /myfile20
-rw-r--r--   3 root supergroup 1073741824 2019-02-22 18:34 /myfile3
-rw-r--r--   3 root supergroup 1073741824 2019-02-22 18:34 /myfile4
-rw-r--r--   3 root supergroup 1073741824 2019-02-22 18:31 /myfile5
-rw-r--r--   3 root supergroup 1073741824 2019-02-22 18:31 /myfile6
-rw-r--r--   3 root supergroup 1073741824 2019-02-22 18:30 /myfile8
-rw-r--r--   3 root supergroup 1073741824 2019-02-22 18:31 /myfile9
file 20 has been put into HDFS
file 20 has been read from HDFS for 1 time
diff succeed!
file 20 has been read from HDFS for 2 time
diff succeed!
file 20 has been read from HDFS for 3 time
diff succeed!
file 20 has been read from HDFS for 4 time
diff succeed!
file 20 has been read from HDFS for 5 time
diff succeed!
file 20 has been read from HDFS for 6 time
diff succeed!
file 20 has been read from HDFS for 7 time
diff succeed!
file 20 has been read from HDFS for 8 time
diff succeed!
file 20 has been read from HDFS for 9 time
diff succeed!
file 20 has been read from HDFS for 10 time
diff succeed!
Deleted /myfile20
file 20 has been removed from HDFS
Found 14 items
-rw-r--r--   3 root supergroup 1073741824 2019-02-22 18:37 /myfile1
-rw-r--r--   3 root supergroup 1073741824 2019-02-22 18:35 /myfile10
-rw-r--r--   3 root supergroup  402653184 2019-02-22 18:38 /myfile11._COPYING_
-rw-r--r--   3 root supergroup 1073741824 2019-02-22 18:39 /myfile14
-rw-r--r--   3 root supergroup 1073741824 2019-02-22 18:35 /myfile17
-rw-r--r--   3 root supergroup  134217728 2019-02-22 18:39 /myfile19._COPYING_
-rw-r--r--   3 root supergroup  671088640 2019-02-22 18:38 /myfile2._COPYING_
-rw-r--r--   3 root supergroup 1073741824 2019-02-22 18:39 /myfile20
-rw-r--r--   3 root supergroup 1073741824 2019-02-22 18:39 /myfile3
-rw-r--r--   3 root supergroup  939524096 2019-02-22 18:38 /myfile4._COPYING_
-rw-r--r--   3 root supergroup 1073741824 2019-02-22 18:35 /myfile5
-rw-r--r--   3 root supergroup 1073741824 2019-02-22 18:35 /myfile6
-rw-r--r--   3 root supergroup 1073741824 2019-02-22 18:35 /myfile8
-rw-r--r--   3 root supergroup 1073741824 2019-02-22 18:35 /myfile9
file 20 has been put into HDFS
file 20 has been read from HDFS for 1 time
diff succeed!
file 20 has been read from HDFS for 2 time
diff succeed!
file 20 has been read from HDFS for 3 time
diff succeed!
file 20 has been read from HDFS for 4 time
diff succeed!
file 20 has been read from HDFS for 5 time
diff succeed!
file 20 has been read from HDFS for 6 time
diff succeed!
file 20 has been read from HDFS for 7 time
diff succeed!
file 20 has been read from HDFS for 8 time
diff succeed!
file 20 has been read from HDFS for 9 time
diff succeed!
file 20 has been read from HDFS for 10 time
diff succeed!
Deleted /myfile20
file 20 has been removed from HDFS
Found 20 items
-rw-r--r--   3 root supergroup 1073741824 2019-02-22 18:41 /myfile1
-rw-r--r--   3 root supergroup 1073741824 2019-02-22 18:40 /myfile10
-rw-r--r--   3 root supergroup  402653184 2019-02-22 18:43 /myfile11._COPYING_
-rw-r--r--   3 root supergroup 1073741824 2019-02-22 18:39 /myfile12
-rw-r--r--   3 root supergroup 1073741824 2019-02-22 18:39 /myfile13
-rw-r--r--   3 root supergroup 1073741824 2019-02-22 18:42 /myfile14
-rw-r--r--   3 root supergroup 1073741824 2019-02-22 18:40 /myfile15
-rw-r--r--   3 root supergroup 1073741824 2019-02-22 18:39 /myfile16
-rw-r--r--   3 root supergroup 1073741824 2019-02-22 18:40 /myfile17
-rw-r--r--   3 root supergroup 1073741824 2019-02-22 18:39 /myfile18
-rw-r--r--   3 root supergroup  268435456 2019-02-22 18:43 /myfile19._COPYING_
-rw-r--r--   3 root supergroup 1073741824 2019-02-22 18:43 /myfile2
-rw-r--r--   3 root supergroup 1073741824 2019-02-22 18:43 /myfile20
-rw-r--r--   3 root supergroup 1073741824 2019-02-22 18:43 /myfile3
-rw-r--r--   3 root supergroup 1073741824 2019-02-22 18:43 /myfile4
-rw-r--r--   3 root supergroup 1073741824 2019-02-22 18:40 /myfile5
-rw-r--r--   3 root supergroup 1073741824 2019-02-22 18:40 /myfile6
-rw-r--r--   3 root supergroup 1073741824 2019-02-22 18:39 /myfile7
-rw-r--r--   3 root supergroup 1073741824 2019-02-22 18:40 /myfile8
-rw-r--r--   3 root supergroup 1073741824 2019-02-22 18:40 /myfile9
file 20 has been put into HDFS
file 20 has been read from HDFS for 1 time
diff succeed!
file 20 has been read from HDFS for 2 time
diff succeed!
file 20 has been read from HDFS for 3 time
diff succeed!
file 20 has been read from HDFS for 4 time
diff succeed!
file 20 has been read from HDFS for 5 time
diff succeed!
file 20 has been read from HDFS for 6 time
diff succeed!
file 20 has been read from HDFS for 7 time
diff succeed!
file 20 has been read from HDFS for 8 time
diff succeed!
file 20 has been read from HDFS for 9 time
diff succeed!
file 20 has been read from HDFS for 10 time
diff succeed!
Deleted /myfile20
file 20 has been removed from HDFS
Found 19 items
-rw-r--r--   3 root supergroup 1073741824 2019-02-22 18:46 /myfile1
-rw-r--r--   3 root supergroup 1073741824 2019-02-22 18:44 /myfile10
-rw-r--r--   3 root supergroup 1073741824 2019-02-22 18:43 /myfile11
-rw-r--r--   3 root supergroup 1073741824 2019-02-22 18:44 /myfile12
-rw-r--r--   3 root supergroup 1073741824 2019-02-22 18:44 /myfile13
-rw-r--r--   3 root supergroup 1073741824 2019-02-22 18:46 /myfile14
-rw-r--r--   3 root supergroup 1073741824 2019-02-22 18:44 /myfile15
-rw-r--r--   3 root supergroup 1073741824 2019-02-22 18:43 /myfile16
-rw-r--r--   3 root supergroup 1073741824 2019-02-22 18:44 /myfile17
-rw-r--r--   3 root supergroup 1073741824 2019-02-22 18:43 /myfile18
-rw-r--r--   3 root supergroup 1073741824 2019-02-22 18:47 /myfile2
-rw-r--r--   3 root supergroup 1073741824 2019-02-22 18:47 /myfile20
-rw-r--r--   3 root supergroup 1073741824 2019-02-22 18:47 /myfile3
-rw-r--r--   3 root supergroup 1073741824 2019-02-22 18:46 /myfile4
-rw-r--r--   3 root supergroup 1073741824 2019-02-22 18:44 /myfile5
-rw-r--r--   3 root supergroup 1073741824 2019-02-22 18:45 /myfile6
-rw-r--r--   3 root supergroup 1073741824 2019-02-22 18:43 /myfile7
-rw-r--r--   3 root supergroup 1073741824 2019-02-22 18:44 /myfile8
-rw-r--r--   3 root supergroup 1073741824 2019-02-22 18:44 /myfile9
file 20 has been put into HDFS
file 20 has been read from HDFS for 1 time
diff succeed!
file 20 has been read from HDFS for 2 time
diff succeed!
file 20 has been read from HDFS for 3 time
diff succeed!
file 20 has been read from HDFS for 4 time
diff succeed!
file 20 has been read from HDFS for 5 time
diff succeed!
file 20 has been read from HDFS for 6 time
diff succeed!
file 20 has been read from HDFS for 7 time
diff succeed!
file 20 has been read from HDFS for 8 time
diff succeed!
file 20 has been read from HDFS for 9 time
diff succeed!
file 20 has been read from HDFS for 10 time
diff succeed!
Deleted /myfile20
file 20 has been removed from HDFS
Found 19 items
-rw-r--r--   3 root supergroup 1073741824 2019-02-22 18:50 /myfile1
-rw-r--r--   3 root supergroup 1073741824 2019-02-22 18:48 /myfile10
-rw-r--r--   3 root supergroup 1073741824 2019-02-22 18:47 /myfile11
-rw-r--r--   3 root supergroup 1073741824 2019-02-22 18:48 /myfile12
-rw-r--r--   3 root supergroup 1073741824 2019-02-22 18:48 /myfile13
-rw-r--r--   3 root supergroup 1073741824 2019-02-22 18:50 /myfile14
-rw-r--r--   3 root supergroup 1073741824 2019-02-22 18:48 /myfile15
-rw-r--r--   3 root supergroup 1073741824 2019-02-22 18:47 /myfile16
-rw-r--r--   3 root supergroup 1073741824 2019-02-22 18:48 /myfile17
-rw-r--r--   3 root supergroup 1073741824 2019-02-22 18:47 /myfile18
-rw-r--r--   3 root supergroup 1073741824 2019-02-22 18:47 /myfile2
-rw-r--r--   3 root supergroup 1073741824 2019-02-22 18:50 /myfile20
-rw-r--r--   3 root supergroup 1073741824 2019-02-22 18:50 /myfile3
-rw-r--r--   3 root supergroup 1073741824 2019-02-22 18:50 /myfile4
-rw-r--r--   3 root supergroup 1073741824 2019-02-22 18:48 /myfile5
-rw-r--r--   3 root supergroup 1073741824 2019-02-22 18:49 /myfile6
-rw-r--r--   3 root supergroup 1073741824 2019-02-22 18:48 /myfile7
-rw-r--r--   3 root supergroup 1073741824 2019-02-22 18:48 /myfile8
-rw-r--r--   3 root supergroup 1073741824 2019-02-22 18:48 /myfile9
file 20 has been put into HDFS
file 20 has been read from HDFS for 1 time
diff succeed!
file 20 has been read from HDFS for 2 time
diff succeed!
file 20 has been read from HDFS for 3 time
diff succeed!
file 20 has been read from HDFS for 4 time
diff succeed!
file 20 has been read from HDFS for 5 time
diff succeed!
file 20 has been read from HDFS for 6 time
diff succeed!
file 20 has been read from HDFS for 7 time
diff succeed!
file 20 has been read from HDFS for 8 time
diff succeed!
file 20 has been read from HDFS for 9 time
diff succeed!
file 20 has been read from HDFS for 10 time
diff succeed!
Deleted /myfile20
file 20 has been removed from HDFS
Found 19 items
-rw-r--r--   3 root supergroup 1073741824 2019-02-22 18:54 /myfile1
-rw-r--r--   3 root supergroup 1073741824 2019-02-22 18:52 /myfile10
-rw-r--r--   3 root supergroup 1073741824 2019-02-22 18:52 /myfile11
-rw-r--r--   3 root supergroup 1073741824 2019-02-22 18:52 /myfile12
-rw-r--r--   3 root supergroup 1073741824 2019-02-22 18:52 /myfile13
-rw-r--r--   3 root supergroup 1073741824 2019-02-22 18:54 /myfile14
-rw-r--r--   3 root supergroup 1073741824 2019-02-22 18:53 /myfile15
-rw-r--r--   3 root supergroup 1073741824 2019-02-22 18:51 /myfile16
-rw-r--r--   3 root supergroup 1073741824 2019-02-22 18:52 /myfile17
-rw-r--r--   3 root supergroup 1073741824 2019-02-22 18:51 /myfile18
-rw-r--r--   3 root supergroup 1073741824 2019-02-22 18:54 /myfile19
-rw-r--r--   3 root supergroup 1073741824 2019-02-22 18:51 /myfile2
-rw-r--r--   3 root supergroup 1073741824 2019-02-22 18:54 /myfile20
-rw-r--r--   3 root supergroup  134217728 2019-02-22 18:54 /myfile3._COPYING_
-rw-r--r--   3 root supergroup 1073741824 2019-02-22 18:52 /myfile5
-rw-r--r--   3 root supergroup 1073741824 2019-02-22 18:54 /myfile6
-rw-r--r--   3 root supergroup 1073741824 2019-02-22 18:52 /myfile7
-rw-r--r--   3 root supergroup 1073741824 2019-02-22 18:52 /myfile8
-rw-r--r--   3 root supergroup 1073741824 2019-02-22 18:52 /myfile9
file 20 has been put into HDFS
file 20 has been read from HDFS for 1 time
diff succeed!
sub_benchmark 1 signal TERM catched and let quit gracefully
Deleted /myfile20
file 20 has been removed from HDFS
