Found 20 items
-rw-r--r--   3 root supergroup 1073741824 2019-02-27 10:39 /myfile1
-rw-r--r--   3 root supergroup 1073741824 2019-02-27 10:39 /myfile10
-rw-r--r--   3 root supergroup 1073741824 2019-02-27 10:39 /myfile11
-rw-r--r--   3 root supergroup 1073741824 2019-02-27 10:39 /myfile12
-rw-r--r--   3 root supergroup 1073741824 2019-02-27 10:39 /myfile13
-rw-r--r--   3 root supergroup 1073741824 2019-02-27 10:39 /myfile14
-rw-r--r--   3 root supergroup 1073741824 2019-02-27 10:39 /myfile15
-rw-r--r--   3 root supergroup 1073741824 2019-02-27 10:39 /myfile16
-rw-r--r--   3 root supergroup 1073741824 2019-02-27 10:39 /myfile17
-rw-r--r--   3 root supergroup 1073741824 2019-02-27 10:39 /myfile18
-rw-r--r--   3 root supergroup 1073741824 2019-02-27 10:39 /myfile19
-rw-r--r--   3 root supergroup 1073741824 2019-02-27 10:39 /myfile2
-rw-r--r--   3 root supergroup 1073741824 2019-02-27 10:39 /myfile20
-rw-r--r--   3 root supergroup 1073741824 2019-02-27 10:39 /myfile3
-rw-r--r--   3 root supergroup 1073741824 2019-02-27 10:39 /myfile4
-rw-r--r--   3 root supergroup 1073741824 2019-02-27 10:39 /myfile5
-rw-r--r--   3 root supergroup 1073741824 2019-02-27 10:39 /myfile6
-rw-r--r--   3 root supergroup 1073741824 2019-02-27 10:39 /myfile7
-rw-r--r--   3 root supergroup 1073741824 2019-02-27 10:39 /myfile8
-rw-r--r--   3 root supergroup 1073741824 2019-02-27 10:39 /myfile9
file 20 has been put into HDFS
file 20 has been read from HDFS for 1 time
diff succeed!
file 20 has been read from HDFS for 2 time
diff succeed!
file 20 has been read from HDFS for 3 time
diff succeed!
file 20 has been read from HDFS for 4 time
diff succeed!
file 20 has been read from HDFS for 5 time
diff succeed!
file 20 has been read from HDFS for 6 time
diff succeed!
file 20 has been read from HDFS for 7 time
diff succeed!
file 20 has been read from HDFS for 8 time
diff succeed!
file 20 has been read from HDFS for 9 time
diff succeed!
file 20 has been read from HDFS for 10 time
diff succeed!
Deleted /myfile20
file 20 has been removed from HDFS
Found 20 items
-rw-r--r--   3 root supergroup 1073741824 2019-02-27 10:43 /myfile1
-rw-r--r--   3 root supergroup 1073741824 2019-02-27 10:43 /myfile10
-rw-r--r--   3 root supergroup 1073741824 2019-02-27 10:44 /myfile11
-rw-r--r--   3 root supergroup 1073741824 2019-02-27 10:43 /myfile12
-rw-r--r--   3 root supergroup 1073741824 2019-02-27 10:43 /myfile13
-rw-r--r--   3 root supergroup 1073741824 2019-02-27 10:43 /myfile14
-rw-r--r--   3 root supergroup 1073741824 2019-02-27 10:43 /myfile15
-rw-r--r--   3 root supergroup 1073741824 2019-02-27 10:44 /myfile16
-rw-r--r--   3 root supergroup 1073741824 2019-02-27 10:44 /myfile17
-rw-r--r--   3 root supergroup 1073741824 2019-02-27 10:42 /myfile18
-rw-r--r--   3 root supergroup 1073741824 2019-02-27 10:43 /myfile19
-rw-r--r--   3 root supergroup 1073741824 2019-02-27 10:43 /myfile2
-rw-r--r--   3 root supergroup 1073741824 2019-02-27 10:44 /myfile20
-rw-r--r--   3 root supergroup 1073741824 2019-02-27 10:44 /myfile3
-rw-r--r--   3 root supergroup 1073741824 2019-02-27 10:43 /myfile4
-rw-r--r--   3 root supergroup 1073741824 2019-02-27 10:43 /myfile5
-rw-r--r--   3 root supergroup 1073741824 2019-02-27 10:43 /myfile6
-rw-r--r--   3 root supergroup 1073741824 2019-02-27 10:44 /myfile7
-rw-r--r--   3 root supergroup 1073741824 2019-02-27 10:43 /myfile8
-rw-r--r--   3 root supergroup  671088640 2019-02-27 10:44 /myfile9._COPYING_
file 20 has been put into HDFS
file 20 has been read from HDFS for 1 time
diff succeed!
file 20 has been read from HDFS for 2 time
diff succeed!
file 20 has been read from HDFS for 3 time
diff succeed!
file 20 has been read from HDFS for 4 time
diff succeed!
file 20 has been read from HDFS for 5 time
diff succeed!
file 20 has been read from HDFS for 6 time
diff succeed!
file 20 has been read from HDFS for 7 time
diff succeed!
file 20 has been read from HDFS for 8 time
diff succeed!
file 20 has been read from HDFS for 9 time
diff succeed!
file 20 has been read from HDFS for 10 time
diff succeed!
Deleted /myfile20
file 20 has been removed from HDFS
Found 20 items
-rw-r--r--   3 root supergroup 1073741824 2019-02-27 10:48 /myfile1
-rw-r--r--   3 root supergroup 1073741824 2019-02-27 10:46 /myfile10
-rw-r--r--   3 root supergroup 1073741824 2019-02-27 10:48 /myfile11
-rw-r--r--   3 root supergroup 1073741824 2019-02-27 10:47 /myfile12
-rw-r--r--   3 root supergroup 1073741824 2019-02-27 10:48 /myfile13
-rw-r--r--   3 root supergroup 1073741824 2019-02-27 10:48 /myfile14
-rw-r--r--   3 root supergroup 1073741824 2019-02-27 10:48 /myfile15
-rw-r--r--   3 root supergroup 1073741824 2019-02-27 10:48 /myfile16
-rw-r--r--   3 root supergroup 1073741824 2019-02-27 10:49 /myfile17
-rw-r--r--   3 root supergroup 1073741824 2019-02-27 10:46 /myfile18
-rw-r--r--   3 root supergroup 1073741824 2019-02-27 10:46 /myfile19
-rw-r--r--   3 root supergroup 1073741824 2019-02-27 10:48 /myfile2
-rw-r--r--   3 root supergroup 1073741824 2019-02-27 10:49 /myfile20
-rw-r--r--   3 root supergroup 1073741824 2019-02-27 10:48 /myfile3
-rw-r--r--   3 root supergroup 1073741824 2019-02-27 10:47 /myfile4
-rw-r--r--   3 root supergroup 1073741824 2019-02-27 10:47 /myfile5
-rw-r--r--   3 root supergroup 1073741824 2019-02-27 10:46 /myfile6
-rw-r--r--   3 root supergroup 1073741824 2019-02-27 10:48 /myfile7
-rw-r--r--   3 root supergroup 1073741824 2019-02-27 10:47 /myfile8
-rw-r--r--   3 root supergroup 1073741824 2019-02-27 10:48 /myfile9
file 20 has been put into HDFS
file 20 has been read from HDFS for 1 time
diff succeed!
file 20 has been read from HDFS for 2 time
diff succeed!
file 20 has been read from HDFS for 3 time
diff succeed!
file 20 has been read from HDFS for 4 time
diff succeed!
file 20 has been read from HDFS for 5 time
diff succeed!
file 20 has been read from HDFS for 6 time
diff succeed!
file 20 has been read from HDFS for 7 time
diff succeed!
file 20 has been read from HDFS for 8 time
diff succeed!
file 20 has been read from HDFS for 9 time
diff succeed!
file 20 has been read from HDFS for 10 time
diff succeed!
Deleted /myfile20
file 20 has been removed from HDFS
Found 20 items
-rw-r--r--   3 root supergroup 1073741824 2019-02-27 10:52 /myfile1
-rw-r--r--   3 root supergroup 1073741824 2019-02-27 10:50 /myfile10
-rw-r--r--   3 root supergroup 1073741824 2019-02-27 10:52 /myfile11
-rw-r--r--   3 root supergroup 1073741824 2019-02-27 10:51 /myfile12
-rw-r--r--   3 root supergroup 1073741824 2019-02-27 10:52 /myfile13
-rw-r--r--   3 root supergroup  939524096 2019-02-27 10:53 /myfile14._COPYING_
-rw-r--r--   3 root supergroup 1073741824 2019-02-27 10:52 /myfile15
-rw-r--r--   3 root supergroup 1073741824 2019-02-27 10:53 /myfile16
-rw-r--r--   3 root supergroup  939524096 2019-02-27 10:53 /myfile17._COPYING_
-rw-r--r--   3 root supergroup 1073741824 2019-02-27 10:50 /myfile18
-rw-r--r--   3 root supergroup 1073741824 2019-02-27 10:52 /myfile19
-rw-r--r--   3 root supergroup 1073741824 2019-02-27 10:52 /myfile2
-rw-r--r--   3 root supergroup 1073741824 2019-02-27 10:53 /myfile20
-rw-r--r--   3 root supergroup 1073741824 2019-02-27 10:52 /myfile3
-rw-r--r--   3 root supergroup 1073741824 2019-02-27 10:52 /myfile4
-rw-r--r--   3 root supergroup 1073741824 2019-02-27 10:52 /myfile5
-rw-r--r--   3 root supergroup 1073741824 2019-02-27 10:50 /myfile6
-rw-r--r--   3 root supergroup 1073741824 2019-02-27 10:52 /myfile7
-rw-r--r--   3 root supergroup 1073741824 2019-02-27 10:50 /myfile8
-rw-r--r--   3 root supergroup 1073741824 2019-02-27 10:52 /myfile9
file 20 has been put into HDFS
file 20 has been read from HDFS for 1 time
diff succeed!
file 20 has been read from HDFS for 2 time
diff succeed!
file 20 has been read from HDFS for 3 time
diff succeed!
file 20 has been read from HDFS for 4 time
diff succeed!
file 20 has been read from HDFS for 5 time
diff succeed!
file 20 has been read from HDFS for 6 time
diff succeed!
file 20 has been read from HDFS for 7 time
diff succeed!
file 20 has been read from HDFS for 8 time
diff succeed!
file 20 has been read from HDFS for 9 time
diff succeed!
file 20 has been read from HDFS for 10 time
diff succeed!
Deleted /myfile20
file 20 has been removed from HDFS
Found 19 items
-rw-r--r--   3 root supergroup 1073741824 2019-02-27 10:52 /myfile1
-rw-r--r--   3 root supergroup 1073741824 2019-02-27 10:54 /myfile10
-rw-r--r--   3 root supergroup 1073741824 2019-02-27 10:57 /myfile11
-rw-r--r--   3 root supergroup 1073741824 2019-02-27 10:55 /myfile12
-rw-r--r--   3 root supergroup 1073741824 2019-02-27 10:56 /myfile13
-rw-r--r--   3 root supergroup 1073741824 2019-02-27 10:57 /myfile14
-rw-r--r--   3 root supergroup 1073741824 2019-02-27 10:56 /myfile15
-rw-r--r--   3 root supergroup 1073741824 2019-02-27 10:57 /myfile17
-rw-r--r--   3 root supergroup 1073741824 2019-02-27 10:54 /myfile18
-rw-r--r--   3 root supergroup 1073741824 2019-02-27 10:57 /myfile19
-rw-r--r--   3 root supergroup 1073741824 2019-02-27 10:52 /myfile2
-rw-r--r--   3 root supergroup 1073741824 2019-02-27 10:57 /myfile20
-rw-r--r--   3 root supergroup 1073741824 2019-02-27 10:56 /myfile3
-rw-r--r--   3 root supergroup 1073741824 2019-02-27 10:55 /myfile4
-rw-r--r--   3 root supergroup 1073741824 2019-02-27 10:55 /myfile5
-rw-r--r--   3 root supergroup 1073741824 2019-02-27 10:55 /myfile6
-rw-r--r--   3 root supergroup 1073741824 2019-02-27 10:57 /myfile7
-rw-r--r--   3 root supergroup 1073741824 2019-02-27 10:55 /myfile8
-rw-r--r--   3 root supergroup 1073741824 2019-02-27 10:57 /myfile9
file 20 has been put into HDFS
file 20 has been read from HDFS for 1 time
diff succeed!
file 20 has been read from HDFS for 2 time
diff succeed!
file 20 has been read from HDFS for 3 time
diff succeed!
file 20 has been read from HDFS for 4 time
diff succeed!
file 20 has been read from HDFS for 5 time
diff succeed!
file 20 has been read from HDFS for 6 time
diff succeed!
file 20 has been read from HDFS for 7 time
diff succeed!
file 20 has been read from HDFS for 8 time
diff succeed!
file 20 has been read from HDFS for 9 time
diff succeed!
file 20 has been read from HDFS for 10 time
diff succeed!
2019-02-27 11:02:35,522 INFO retry.RetryInvocationHandler: org.apache.hadoop.ipc.RemoteException(org.apache.hadoop.ipc.RetriableException): org.apache.hadoop.hdfs.server.namenode.SafeModeException: Cannot delete /myfile20. Name node is in safe mode.
The reported blocks 152 has reached the threshold 0.9990 of total blocks 152. The number of live datanodes 3 has reached the minimum number 0. In safe mode extension. Safe mode will be turned off automatically in 4 seconds. NamenodeHostName:node-0-link-0
	at org.apache.hadoop.hdfs.server.namenode.FSNamesystem.checkNameNodeSafeMode(FSNamesystem.java:1441)
	at org.apache.hadoop.hdfs.server.namenode.FSNamesystem.delete(FSNamesystem.java:2986)
	at org.apache.hadoop.hdfs.server.namenode.NameNodeRpcServer.delete(NameNodeRpcServer.java:1095)
	at org.apache.hadoop.hdfs.protocolPB.ClientNamenodeProtocolServerSideTranslatorPB.delete(ClientNamenodeProtocolServerSideTranslatorPB.java:692)
	at org.apache.hadoop.hdfs.protocol.proto.ClientNamenodeProtocolProtos$ClientNamenodeProtocol$2.callBlockingMethod(ClientNamenodeProtocolProtos.java)
	at org.apache.hadoop.ipc.ProtobufRpcEngine$Server$ProtoBufRpcInvoker.call(ProtobufRpcEngine.java:523)
	at org.apache.hadoop.ipc.RPC$Server.call(RPC.java:991)
	at org.apache.hadoop.ipc.Server$RpcCall.run(Server.java:872)
	at org.apache.hadoop.ipc.Server$RpcCall.run(Server.java:818)
	at java.security.AccessController.doPrivileged(Native Method)
	at javax.security.auth.Subject.doAs(Subject.java:422)
	at org.apache.hadoop.security.UserGroupInformation.doAs(UserGroupInformation.java:1729)
	at org.apache.hadoop.ipc.Server$Handler.run(Server.java:2678)
Caused by: org.apache.hadoop.hdfs.server.namenode.SafeModeException: Cannot delete /myfile20. Name node is in safe mode.
The reported blocks 152 has reached the threshold 0.9990 of total blocks 152. The number of live datanodes 3 has reached the minimum number 0. In safe mode extension. Safe mode will be turned off automatically in 4 seconds. NamenodeHostName:node-0-link-0
	at org.apache.hadoop.hdfs.server.namenode.FSNamesystem.newSafemodeException(FSNamesystem.java:1450)
	at org.apache.hadoop.hdfs.server.namenode.FSNamesystem.checkNameNodeSafeMode(FSNamesystem.java:1437)
	... 12 more
, while invoking ClientNamenodeProtocolTranslatorPB.delete over node-0-link-0/10.10.1.1:8020. Retrying immediately.
2019-02-27 11:02:35,524 INFO retry.RetryInvocationHandler: org.apache.hadoop.ipc.RemoteException(org.apache.hadoop.ipc.RetriableException): org.apache.hadoop.hdfs.server.namenode.SafeModeException: Cannot delete /myfile20. Name node is in safe mode.
The reported blocks 152 has reached the threshold 0.9990 of total blocks 152. The number of live datanodes 3 has reached the minimum number 0. In safe mode extension. Safe mode will be turned off automatically in 4 seconds. NamenodeHostName:node-0-link-0
	at org.apache.hadoop.hdfs.server.namenode.FSNamesystem.checkNameNodeSafeMode(FSNamesystem.java:1441)
	at org.apache.hadoop.hdfs.server.namenode.FSNamesystem.delete(FSNamesystem.java:2986)
	at org.apache.hadoop.hdfs.server.namenode.NameNodeRpcServer.delete(NameNodeRpcServer.java:1095)
	at org.apache.hadoop.hdfs.protocolPB.ClientNamenodeProtocolServerSideTranslatorPB.delete(ClientNamenodeProtocolServerSideTranslatorPB.java:692)
	at org.apache.hadoop.hdfs.protocol.proto.ClientNamenodeProtocolProtos$ClientNamenodeProtocol$2.callBlockingMethod(ClientNamenodeProtocolProtos.java)
	at org.apache.hadoop.ipc.ProtobufRpcEngine$Server$ProtoBufRpcInvoker.call(ProtobufRpcEngine.java:523)
	at org.apache.hadoop.ipc.RPC$Server.call(RPC.java:991)
	at org.apache.hadoop.ipc.Server$RpcCall.run(Server.java:872)
	at org.apache.hadoop.ipc.Server$RpcCall.run(Server.java:818)
	at java.security.AccessController.doPrivileged(Native Method)
	at javax.security.auth.Subject.doAs(Subject.java:422)
	at org.apache.hadoop.security.UserGroupInformation.doAs(UserGroupInformation.java:1729)
	at org.apache.hadoop.ipc.Server$Handler.run(Server.java:2678)
Caused by: org.apache.hadoop.hdfs.server.namenode.SafeModeException: Cannot delete /myfile20. Name node is in safe mode.
The reported blocks 152 has reached the threshold 0.9990 of total blocks 152. The number of live datanodes 3 has reached the minimum number 0. In safe mode extension. Safe mode will be turned off automatically in 4 seconds. NamenodeHostName:node-0-link-0
	at org.apache.hadoop.hdfs.server.namenode.FSNamesystem.newSafemodeException(FSNamesystem.java:1450)
	at org.apache.hadoop.hdfs.server.namenode.FSNamesystem.checkNameNodeSafeMode(FSNamesystem.java:1437)
	... 12 more
, while invoking ClientNamenodeProtocolTranslatorPB.delete over node-0-link-0/10.10.1.1:8020. Retrying after sleeping for 652ms.
2019-02-27 11:02:36,181 INFO retry.RetryInvocationHandler: org.apache.hadoop.ipc.RemoteException(org.apache.hadoop.ipc.RetriableException): org.apache.hadoop.hdfs.server.namenode.SafeModeException: Cannot delete /myfile20. Name node is in safe mode.
The reported blocks 152 has reached the threshold 0.9990 of total blocks 152. The number of live datanodes 3 has reached the minimum number 0. In safe mode extension. Safe mode will be turned off automatically in 3 seconds. NamenodeHostName:node-0-link-0
	at org.apache.hadoop.hdfs.server.namenode.FSNamesystem.checkNameNodeSafeMode(FSNamesystem.java:1441)
	at org.apache.hadoop.hdfs.server.namenode.FSNamesystem.delete(FSNamesystem.java:2986)
	at org.apache.hadoop.hdfs.server.namenode.NameNodeRpcServer.delete(NameNodeRpcServer.java:1095)
	at org.apache.hadoop.hdfs.protocolPB.ClientNamenodeProtocolServerSideTranslatorPB.delete(ClientNamenodeProtocolServerSideTranslatorPB.java:692)
	at org.apache.hadoop.hdfs.protocol.proto.ClientNamenodeProtocolProtos$ClientNamenodeProtocol$2.callBlockingMethod(ClientNamenodeProtocolProtos.java)
	at org.apache.hadoop.ipc.ProtobufRpcEngine$Server$ProtoBufRpcInvoker.call(ProtobufRpcEngine.java:523)
	at org.apache.hadoop.ipc.RPC$Server.call(RPC.java:991)
	at org.apache.hadoop.ipc.Server$RpcCall.run(Server.java:872)
	at org.apache.hadoop.ipc.Server$RpcCall.run(Server.java:818)
	at java.security.AccessController.doPrivileged(Native Method)
	at javax.security.auth.Subject.doAs(Subject.java:422)
	at org.apache.hadoop.security.UserGroupInformation.doAs(UserGroupInformation.java:1729)
	at org.apache.hadoop.ipc.Server$Handler.run(Server.java:2678)
Caused by: org.apache.hadoop.hdfs.server.namenode.SafeModeException: Cannot delete /myfile20. Name node is in safe mode.
The reported blocks 152 has reached the threshold 0.9990 of total blocks 152. The number of live datanodes 3 has reached the minimum number 0. In safe mode extension. Safe mode will be turned off automatically in 3 seconds. NamenodeHostName:node-0-link-0
	at org.apache.hadoop.hdfs.server.namenode.FSNamesystem.newSafemodeException(FSNamesystem.java:1450)
	at org.apache.hadoop.hdfs.server.namenode.FSNamesystem.checkNameNodeSafeMode(FSNamesystem.java:1437)
	... 12 more
, while invoking ClientNamenodeProtocolTranslatorPB.delete over node-0-link-0/10.10.1.1:8020. Retrying after sleeping for 2629ms.
2019-02-27 11:02:38,812 INFO retry.RetryInvocationHandler: org.apache.hadoop.ipc.RemoteException(org.apache.hadoop.ipc.RetriableException): org.apache.hadoop.hdfs.server.namenode.SafeModeException: Cannot delete /myfile20. Name node is in safe mode.
The reported blocks 152 has reached the threshold 0.9990 of total blocks 152. The number of live datanodes 3 has reached the minimum number 0. In safe mode extension. Safe mode will be turned off automatically in 1 seconds. NamenodeHostName:node-0-link-0
	at org.apache.hadoop.hdfs.server.namenode.FSNamesystem.checkNameNodeSafeMode(FSNamesystem.java:1441)
	at org.apache.hadoop.hdfs.server.namenode.FSNamesystem.delete(FSNamesystem.java:2986)
	at org.apache.hadoop.hdfs.server.namenode.NameNodeRpcServer.delete(NameNodeRpcServer.java:1095)
	at org.apache.hadoop.hdfs.protocolPB.ClientNamenodeProtocolServerSideTranslatorPB.delete(ClientNamenodeProtocolServerSideTranslatorPB.java:692)
	at org.apache.hadoop.hdfs.protocol.proto.ClientNamenodeProtocolProtos$ClientNamenodeProtocol$2.callBlockingMethod(ClientNamenodeProtocolProtos.java)
	at org.apache.hadoop.ipc.ProtobufRpcEngine$Server$ProtoBufRpcInvoker.call(ProtobufRpcEngine.java:523)
	at org.apache.hadoop.ipc.RPC$Server.call(RPC.java:991)
	at org.apache.hadoop.ipc.Server$RpcCall.run(Server.java:872)
	at org.apache.hadoop.ipc.Server$RpcCall.run(Server.java:818)
	at java.security.AccessController.doPrivileged(Native Method)
	at javax.security.auth.Subject.doAs(Subject.java:422)
	at org.apache.hadoop.security.UserGroupInformation.doAs(UserGroupInformation.java:1729)
	at org.apache.hadoop.ipc.Server$Handler.run(Server.java:2678)
Caused by: org.apache.hadoop.hdfs.server.namenode.SafeModeException: Cannot delete /myfile20. Name node is in safe mode.
The reported blocks 152 has reached the threshold 0.9990 of total blocks 152. The number of live datanodes 3 has reached the minimum number 0. In safe mode extension. Safe mode will be turned off automatically in 1 seconds. NamenodeHostName:node-0-link-0
	at org.apache.hadoop.hdfs.server.namenode.FSNamesystem.newSafemodeException(FSNamesystem.java:1450)
	at org.apache.hadoop.hdfs.server.namenode.FSNamesystem.checkNameNodeSafeMode(FSNamesystem.java:1437)
	... 12 more
, while invoking ClientNamenodeProtocolTranslatorPB.delete over node-0-link-0/10.10.1.1:8020. Retrying after sleeping for 5518ms.
Deleted /myfile20
file 20 has been removed from HDFS
Found 20 items
-rw-r--r--   3 root supergroup 1073741824 2019-02-27 10:59 /myfile1
-rw-r--r--   3 root supergroup 1073741824 2019-02-27 11:03 /myfile10
-rw-r--r--   3 root supergroup 1073741824 2019-02-27 11:01 /myfile11
-rw-r--r--   3 root supergroup 1073741824 2019-02-27 10:59 /myfile12
-rw-r--r--   3 root supergroup 1073741824 2019-02-27 11:00 /myfile13
-rw-r--r--   3 root supergroup 1073741824 2019-02-27 11:01 /myfile14
-rw-r--r--   3 root supergroup 1073741824 2019-02-27 10:59 /myfile15
-rw-r--r--   3 root supergroup 1073741824 2019-02-27 11:01 /myfile16
-rw-r--r--   3 root supergroup 1073741824 2019-02-27 11:01 /myfile17
-rw-r--r--   3 root supergroup 1073741824 2019-02-27 11:00 /myfile18
-rw-r--r--   3 root supergroup 1073741824 2019-02-27 11:01 /myfile19
-rw-r--r--   3 root supergroup 1073741824 2019-02-27 11:01 /myfile2
-rw-r--r--   3 root supergroup 1073741824 2019-02-27 11:03 /myfile20
-rw-r--r--   3 root supergroup 1073741824 2019-02-27 11:00 /myfile3
-rw-r--r--   3 root supergroup 1073741824 2019-02-27 11:01 /myfile4
-rw-r--r--   3 root supergroup 1073741824 2019-02-27 10:59 /myfile5
-rw-r--r--   3 root supergroup 1073741824 2019-02-27 10:59 /myfile6
-rw-r--r--   3 root supergroup 1073741824 2019-02-27 11:01 /myfile7
-rw-r--r--   3 root supergroup 1073741824 2019-02-27 11:00 /myfile8
-rw-r--r--   3 root supergroup 1073741824 2019-02-27 11:01 /myfile9
file 20 has been put into HDFS
file 20 has been read from HDFS for 1 time
diff succeed!
file 20 has been read from HDFS for 2 time
diff succeed!
file 20 has been read from HDFS for 3 time
diff succeed!
file 20 has been read from HDFS for 4 time
diff succeed!
file 20 has been read from HDFS for 5 time
diff succeed!
file 20 has been read from HDFS for 6 time
diff succeed!
file 20 has been read from HDFS for 7 time
diff succeed!
file 20 has been read from HDFS for 8 time
diff succeed!
file 20 has been read from HDFS for 9 time
diff succeed!
file 20 has been read from HDFS for 10 time
diff succeed!
Deleted /myfile20
file 20 has been removed from HDFS
Found 19 items
-rw-r--r--   3 root supergroup 1073741824 2019-02-27 11:03 /myfile1
-rw-r--r--   3 root supergroup 1073741824 2019-02-27 11:06 /myfile10
-rw-r--r--   3 root supergroup 1073741824 2019-02-27 11:05 /myfile11
-rw-r--r--   3 root supergroup 1073741824 2019-02-27 11:05 /myfile12
-rw-r--r--   3 root supergroup 1073741824 2019-02-27 11:03 /myfile13
-rw-r--r--   3 root supergroup 1073741824 2019-02-27 11:05 /myfile14
-rw-r--r--   3 root supergroup 1073741824 2019-02-27 11:06 /myfile16
-rw-r--r--   3 root supergroup 1073741824 2019-02-27 11:05 /myfile17
-rw-r--r--   3 root supergroup 1073741824 2019-02-27 11:05 /myfile18
-rw-r--r--   3 root supergroup 1073741824 2019-02-27 11:05 /myfile19
-rw-r--r--   3 root supergroup 1073741824 2019-02-27 11:05 /myfile2
-rw-r--r--   3 root supergroup 1073741824 2019-02-27 11:06 /myfile20
-rw-r--r--   3 root supergroup 1073741824 2019-02-27 11:03 /myfile3
-rw-r--r--   3 root supergroup 1073741824 2019-02-27 11:06 /myfile4
-rw-r--r--   3 root supergroup 1073741824 2019-02-27 11:03 /myfile5
-rw-r--r--   3 root supergroup 1073741824 2019-02-27 11:03 /myfile6
-rw-r--r--   3 root supergroup 1073741824 2019-02-27 11:06 /myfile7
-rw-r--r--   3 root supergroup 1073741824 2019-02-27 11:05 /myfile8
-rw-r--r--   3 root supergroup 1073741824 2019-02-27 11:05 /myfile9
file 20 has been put into HDFS
file 20 has been read from HDFS for 1 time
diff succeed!
file 20 has been read from HDFS for 2 time
diff succeed!
file 20 has been read from HDFS for 3 time
diff succeed!
file 20 has been read from HDFS for 4 time
diff succeed!
file 20 has been read from HDFS for 5 time
diff succeed!
file 20 has been read from HDFS for 6 time
diff succeed!
file 20 has been read from HDFS for 7 time
diff succeed!
file 20 has been read from HDFS for 8 time
diff succeed!
file 20 has been read from HDFS for 9 time
diff succeed!
file 20 has been read from HDFS for 10 time
diff succeed!
Deleted /myfile20
file 20 has been removed from HDFS
Found 19 items
-rw-r--r--   3 root supergroup 1073741824 2019-02-27 11:07 /myfile1
-rw-r--r--   3 root supergroup  805306368 2019-02-27 11:11 /myfile10._COPYING_
-rw-r--r--   3 root supergroup 1073741824 2019-02-27 11:09 /myfile11
-rw-r--r--   3 root supergroup 1073741824 2019-02-27 11:09 /myfile12
-rw-r--r--   3 root supergroup  536870912 2019-02-27 11:11 /myfile13._COPYING_
-rw-r--r--   3 root supergroup 1073741824 2019-02-27 11:09 /myfile14
-rw-r--r--   3 root supergroup 1073741824 2019-02-27 11:11 /myfile15
-rw-r--r--   3 root supergroup 1073741824 2019-02-27 11:11 /myfile16
-rw-r--r--   3 root supergroup 1073741824 2019-02-27 11:09 /myfile17
-rw-r--r--   3 root supergroup 1073741824 2019-02-27 11:09 /myfile18
-rw-r--r--   3 root supergroup 1073741824 2019-02-27 11:09 /myfile19
-rw-r--r--   3 root supergroup 1073741824 2019-02-27 11:09 /myfile2
-rw-r--r--   3 root supergroup 1073741824 2019-02-27 11:11 /myfile20
-rw-r--r--   3 root supergroup 1073741824 2019-02-27 11:08 /myfile3
-rw-r--r--   3 root supergroup 1073741824 2019-02-27 11:11 /myfile4
-rw-r--r--   3 root supergroup 1073741824 2019-02-27 11:08 /myfile5
-rw-r--r--   3 root supergroup 1073741824 2019-02-27 11:07 /myfile6
-rw-r--r--   3 root supergroup 1073741824 2019-02-27 11:09 /myfile8
-rw-r--r--   3 root supergroup 1073741824 2019-02-27 11:09 /myfile9
file 20 has been put into HDFS
file 20 has been read from HDFS for 1 time
diff succeed!
file 20 has been read from HDFS for 2 time
diff succeed!
file 20 has been read from HDFS for 3 time
diff succeed!
file 20 has been read from HDFS for 4 time
diff succeed!
file 20 has been read from HDFS for 5 time
diff succeed!
file 20 has been read from HDFS for 6 time
diff succeed!
file 20 has been read from HDFS for 7 time
diff succeed!
file 20 has been read from HDFS for 8 time
diff succeed!
file 20 has been read from HDFS for 9 time
diff succeed!
file 20 has been read from HDFS for 10 time
diff succeed!
Deleted /myfile20
file 20 has been removed from HDFS
Found 20 items
-rw-r--r--   3 root supergroup 1073741824 2019-02-27 11:12 /myfile1
-rw-r--r--   3 root supergroup 1073741824 2019-02-27 11:15 /myfile10
-rw-r--r--   3 root supergroup 1073741824 2019-02-27 11:14 /myfile11
-rw-r--r--   3 root supergroup 1073741824 2019-02-27 11:12 /myfile12
-rw-r--r--   3 root supergroup  805306368 2019-02-27 11:15 /myfile13._COPYING_
-rw-r--r--   3 root supergroup 1073741824 2019-02-27 11:15 /myfile14
-rw-r--r--   3 root supergroup 1073741824 2019-02-27 11:15 /myfile15
-rw-r--r--   3 root supergroup 1073741824 2019-02-27 11:11 /myfile16
-rw-r--r--   3 root supergroup 1073741824 2019-02-27 11:14 /myfile17
-rw-r--r--   3 root supergroup 1073741824 2019-02-27 11:14 /myfile18
-rw-r--r--   3 root supergroup 1073741824 2019-02-27 11:12 /myfile19
-rw-r--r--   3 root supergroup 1073741824 2019-02-27 11:14 /myfile2
-rw-r--r--   3 root supergroup 1073741824 2019-02-27 11:15 /myfile20
-rw-r--r--   3 root supergroup 1073741824 2019-02-27 11:12 /myfile3
-rw-r--r--   3 root supergroup 1073741824 2019-02-27 11:15 /myfile4
-rw-r--r--   3 root supergroup 1073741824 2019-02-27 11:13 /myfile5
-rw-r--r--   3 root supergroup 1073741824 2019-02-27 11:11 /myfile6
-rw-r--r--   3 root supergroup 1073741824 2019-02-27 11:11 /myfile7
-rw-r--r--   3 root supergroup 1073741824 2019-02-27 11:14 /myfile8
-rw-r--r--   3 root supergroup 1073741824 2019-02-27 11:12 /myfile9
file 20 has been put into HDFS
file 20 has been read from HDFS for 1 time
diff succeed!
file 20 has been read from HDFS for 2 time
diff succeed!
file 20 has been read from HDFS for 3 time
diff succeed!
file 20 has been read from HDFS for 4 time
diff succeed!
file 20 has been read from HDFS for 5 time
diff succeed!
file 20 has been read from HDFS for 6 time
diff succeed!
file 20 has been read from HDFS for 7 time
diff succeed!
file 20 has been read from HDFS for 8 time
diff succeed!
file 20 has been read from HDFS for 9 time
diff succeed!
file 20 has been read from HDFS for 10 time
diff succeed!
Deleted /myfile20
file 20 has been removed from HDFS
Found 19 items
-rw-r--r--   3 root supergroup 1073741824 2019-02-27 11:16 /myfile1
-rw-r--r--   3 root supergroup 1073741824 2019-02-27 11:15 /myfile10
-rw-r--r--   3 root supergroup 1073741824 2019-02-27 11:18 /myfile11
-rw-r--r--   3 root supergroup 1073741824 2019-02-27 11:16 /myfile12
-rw-r--r--   3 root supergroup 1073741824 2019-02-27 11:19 /myfile13
-rw-r--r--   3 root supergroup 1073741824 2019-02-27 11:19 /myfile14
-rw-r--r--   3 root supergroup 1073741824 2019-02-27 11:19 /myfile15
-rw-r--r--   3 root supergroup 1073741824 2019-02-27 11:16 /myfile16
-rw-r--r--   3 root supergroup 1073741824 2019-02-27 11:18 /myfile17
-rw-r--r--   3 root supergroup 1073741824 2019-02-27 11:19 /myfile18
-rw-r--r--   3 root supergroup 1073741824 2019-02-27 11:17 /myfile19
-rw-r--r--   3 root supergroup 1073741824 2019-02-27 11:18 /myfile2
-rw-r--r--   3 root supergroup 1073741824 2019-02-27 11:19 /myfile20
-rw-r--r--   3 root supergroup 1073741824 2019-02-27 11:16 /myfile3
-rw-r--r--   3 root supergroup 1073741824 2019-02-27 11:19 /myfile4
-rw-r--r--   3 root supergroup 1073741824 2019-02-27 11:16 /myfile5
-rw-r--r--   3 root supergroup 1073741824 2019-02-27 11:15 /myfile6
-rw-r--r--   3 root supergroup 1073741824 2019-02-27 11:18 /myfile8
-rw-r--r--   3 root supergroup 1073741824 2019-02-27 11:16 /myfile9
file 20 has been put into HDFS
file 20 has been read from HDFS for 1 time
diff succeed!
file 20 has been read from HDFS for 2 time
diff succeed!
file 20 has been read from HDFS for 3 time
diff succeed!
file 20 has been read from HDFS for 4 time
diff succeed!
file 20 has been read from HDFS for 5 time
diff succeed!
file 20 has been read from HDFS for 6 time
diff succeed!
file 20 has been read from HDFS for 7 time
diff succeed!
file 20 has been read from HDFS for 8 time
diff succeed!
file 20 has been read from HDFS for 9 time
diff succeed!
file 20 has been read from HDFS for 10 time
diff succeed!
Deleted /myfile20
file 20 has been removed from HDFS
Found 19 items
-rw-r--r--   3 root supergroup 1073741824 2019-02-27 11:21 /myfile1
-rw-r--r--   3 root supergroup 1073741824 2019-02-27 11:22 /myfile11
-rw-r--r--   3 root supergroup 1073741824 2019-02-27 11:21 /myfile12
-rw-r--r--   3 root supergroup  939524096 2019-02-27 11:23 /myfile13._COPYING_
-rw-r--r--   3 root supergroup 1073741824 2019-02-27 11:23 /myfile14
-rw-r--r--   3 root supergroup 1073741824 2019-02-27 11:23 /myfile15
-rw-r--r--   3 root supergroup 1073741824 2019-02-27 11:21 /myfile16
-rw-r--r--   3 root supergroup 1073741824 2019-02-27 11:21 /myfile17
-rw-r--r--   3 root supergroup 1073741824 2019-02-27 11:23 /myfile18
-rw-r--r--   3 root supergroup 1073741824 2019-02-27 11:22 /myfile19
-rw-r--r--   3 root supergroup 1073741824 2019-02-27 11:21 /myfile2
-rw-r--r--   3 root supergroup 1073741824 2019-02-27 11:23 /myfile20
-rw-r--r--   3 root supergroup 1073741824 2019-02-27 11:20 /myfile3
-rw-r--r--   3 root supergroup 1073741824 2019-02-27 11:23 /myfile4
-rw-r--r--   3 root supergroup 1073741824 2019-02-27 11:21 /myfile5
-rw-r--r--   3 root supergroup 1073741824 2019-02-27 11:23 /myfile6
-rw-r--r--   3 root supergroup 1073741824 2019-02-27 11:22 /myfile7
-rw-r--r--   3 root supergroup 1073741824 2019-02-27 11:23 /myfile8
-rw-r--r--   3 root supergroup 1073741824 2019-02-27 11:20 /myfile9
file 20 has been put into HDFS
sub_benchmark 1 signal TERM catched and let quit gracefully
file 20 has been read from HDFS for 1 time
diff succeed!
Deleted /myfile20
file 20 has been removed from HDFS
