Found 20 items
-rw-r--r--   3 root supergroup  939524096 2019-03-01 10:06 /myfile1._COPYING_
-rw-r--r--   3 root supergroup  939524096 2019-03-01 10:06 /myfile10._COPYING_
-rw-r--r--   3 root supergroup 1073741824 2019-03-01 10:06 /myfile11
-rw-r--r--   3 root supergroup  805306368 2019-03-01 10:06 /myfile12._COPYING_
-rw-r--r--   3 root supergroup  805306368 2019-03-01 10:06 /myfile13._COPYING_
-rw-r--r--   3 root supergroup  939524096 2019-03-01 10:06 /myfile14._COPYING_
-rw-r--r--   3 root supergroup 1073741824 2019-03-01 10:06 /myfile15
-rw-r--r--   3 root supergroup 1073741824 2019-03-01 10:06 /myfile16
-rw-r--r--   3 root supergroup  939524096 2019-03-01 10:06 /myfile17._COPYING_
-rw-r--r--   3 root supergroup  939524096 2019-03-01 10:06 /myfile18._COPYING_
-rw-r--r--   3 root supergroup 1073741824 2019-03-01 10:06 /myfile19
-rw-r--r--   3 root supergroup  939524096 2019-03-01 10:06 /myfile2._COPYING_
-rw-r--r--   3 root supergroup  939524096 2019-03-01 10:06 /myfile20._COPYING_
-rw-r--r--   3 root supergroup 1073741824 2019-03-01 10:06 /myfile3
-rw-r--r--   3 root supergroup  805306368 2019-03-01 10:06 /myfile4._COPYING_
-rw-r--r--   3 root supergroup 1073741824 2019-03-01 10:06 /myfile5
-rw-r--r--   3 root supergroup 1073741824 2019-03-01 10:06 /myfile6
-rw-r--r--   3 root supergroup  805306368 2019-03-01 10:06 /myfile7._COPYING_
-rw-r--r--   3 root supergroup  939524096 2019-03-01 10:06 /myfile8._COPYING_
-rw-r--r--   3 root supergroup  939524096 2019-03-01 10:06 /myfile9._COPYING_
file 3 has been put into HDFS
file 3 has been read from HDFS for 1 time
diff succeed!
2019-03-01 10:07:18,130 WARN impl.BlockReaderFactory: I/O error constructing remote block reader.
java.io.IOException: Connection reset by peer
	at sun.nio.ch.FileDispatcherImpl.read0(Native Method)
	at sun.nio.ch.SocketDispatcher.read(SocketDispatcher.java:39)
	at sun.nio.ch.IOUtil.readIntoNativeBuffer(IOUtil.java:223)
	at sun.nio.ch.IOUtil.read(IOUtil.java:197)
	at sun.nio.ch.SocketChannelImpl.read(SocketChannelImpl.java:380)
	at org.apache.hadoop.net.SocketInputStream$Reader.performIO(SocketInputStream.java:57)
	at org.apache.hadoop.net.SocketIOWithTimeout.doIO(SocketIOWithTimeout.java:142)
	at org.apache.hadoop.net.SocketInputStream.read(SocketInputStream.java:161)
	at org.apache.hadoop.net.SocketInputStream.read(SocketInputStream.java:131)
	at org.apache.hadoop.net.SocketInputStream.read(SocketInputStream.java:118)
	at java.io.FilterInputStream.read(FilterInputStream.java:83)
	at org.apache.hadoop.hdfs.protocolPB.PBHelperClient.vintPrefixed(PBHelperClient.java:547)
	at org.apache.hadoop.hdfs.client.impl.BlockReaderRemote.newBlockReader(BlockReaderRemote.java:407)
	at org.apache.hadoop.hdfs.client.impl.BlockReaderFactory.getRemoteBlockReader(BlockReaderFactory.java:853)
	at org.apache.hadoop.hdfs.client.impl.BlockReaderFactory.getRemoteBlockReaderFromTcp(BlockReaderFactory.java:749)
	at org.apache.hadoop.hdfs.client.impl.BlockReaderFactory.build(BlockReaderFactory.java:379)
	at org.apache.hadoop.hdfs.DFSInputStream.getBlockReader(DFSInputStream.java:641)
	at org.apache.hadoop.hdfs.DFSInputStream.blockSeekTo(DFSInputStream.java:572)
	at org.apache.hadoop.hdfs.DFSInputStream.readWithStrategy(DFSInputStream.java:754)
	at org.apache.hadoop.hdfs.DFSInputStream.read(DFSInputStream.java:820)
	at java.io.DataInputStream.read(DataInputStream.java:100)
	at org.apache.hadoop.io.IOUtils.copyBytes(IOUtils.java:100)
	at org.apache.hadoop.io.IOUtils.copyBytes(IOUtils.java:68)
	at org.apache.hadoop.io.IOUtils.copyBytes(IOUtils.java:129)
	at org.apache.hadoop.fs.shell.CommandWithDestination$TargetFileSystem.writeStreamToFile(CommandWithDestination.java:485)
	at org.apache.hadoop.fs.shell.CommandWithDestination.copyStreamToTarget(CommandWithDestination.java:407)
	at org.apache.hadoop.fs.shell.CommandWithDestination.copyFileToTarget(CommandWithDestination.java:342)
	at org.apache.hadoop.fs.shell.CommandWithDestination.processPath(CommandWithDestination.java:277)
	at org.apache.hadoop.fs.shell.CommandWithDestination.processPath(CommandWithDestination.java:262)
	at org.apache.hadoop.fs.shell.Command.processPaths(Command.java:331)
	at org.apache.hadoop.fs.shell.Command.processPathArgument(Command.java:303)
	at org.apache.hadoop.fs.shell.CommandWithDestination.processPathArgument(CommandWithDestination.java:257)
	at org.apache.hadoop.fs.shell.Command.processArgument(Command.java:285)
	at org.apache.hadoop.fs.shell.Command.processArguments(Command.java:269)
	at org.apache.hadoop.fs.shell.CommandWithDestination.processArguments(CommandWithDestination.java:228)
	at org.apache.hadoop.fs.shell.FsCommand.processRawArguments(FsCommand.java:120)
	at org.apache.hadoop.fs.shell.Command.run(Command.java:176)
	at org.apache.hadoop.fs.FsShell.run(FsShell.java:328)
	at org.apache.hadoop.util.ToolRunner.run(ToolRunner.java:76)
	at org.apache.hadoop.util.ToolRunner.run(ToolRunner.java:90)
	at org.apache.hadoop.fs.FsShell.main(FsShell.java:391)
2019-03-01 10:07:18,137 WARN hdfs.DFSClient: Failed to connect to /10.10.1.2:9866 for block BP-258834523-130.127.133.101-1551459924751:blk_1073741960_1136, add to deadNodes and continue. 
java.io.IOException: Connection reset by peer
	at sun.nio.ch.FileDispatcherImpl.read0(Native Method)
	at sun.nio.ch.SocketDispatcher.read(SocketDispatcher.java:39)
	at sun.nio.ch.IOUtil.readIntoNativeBuffer(IOUtil.java:223)
	at sun.nio.ch.IOUtil.read(IOUtil.java:197)
	at sun.nio.ch.SocketChannelImpl.read(SocketChannelImpl.java:380)
	at org.apache.hadoop.net.SocketInputStream$Reader.performIO(SocketInputStream.java:57)
	at org.apache.hadoop.net.SocketIOWithTimeout.doIO(SocketIOWithTimeout.java:142)
	at org.apache.hadoop.net.SocketInputStream.read(SocketInputStream.java:161)
	at org.apache.hadoop.net.SocketInputStream.read(SocketInputStream.java:131)
	at org.apache.hadoop.net.SocketInputStream.read(SocketInputStream.java:118)
	at java.io.FilterInputStream.read(FilterInputStream.java:83)
	at org.apache.hadoop.hdfs.protocolPB.PBHelperClient.vintPrefixed(PBHelperClient.java:547)
	at org.apache.hadoop.hdfs.client.impl.BlockReaderRemote.newBlockReader(BlockReaderRemote.java:407)
	at org.apache.hadoop.hdfs.client.impl.BlockReaderFactory.getRemoteBlockReader(BlockReaderFactory.java:853)
	at org.apache.hadoop.hdfs.client.impl.BlockReaderFactory.getRemoteBlockReaderFromTcp(BlockReaderFactory.java:749)
	at org.apache.hadoop.hdfs.client.impl.BlockReaderFactory.build(BlockReaderFactory.java:379)
	at org.apache.hadoop.hdfs.DFSInputStream.getBlockReader(DFSInputStream.java:641)
	at org.apache.hadoop.hdfs.DFSInputStream.blockSeekTo(DFSInputStream.java:572)
	at org.apache.hadoop.hdfs.DFSInputStream.readWithStrategy(DFSInputStream.java:754)
	at org.apache.hadoop.hdfs.DFSInputStream.read(DFSInputStream.java:820)
	at java.io.DataInputStream.read(DataInputStream.java:100)
	at org.apache.hadoop.io.IOUtils.copyBytes(IOUtils.java:100)
	at org.apache.hadoop.io.IOUtils.copyBytes(IOUtils.java:68)
	at org.apache.hadoop.io.IOUtils.copyBytes(IOUtils.java:129)
	at org.apache.hadoop.fs.shell.CommandWithDestination$TargetFileSystem.writeStreamToFile(CommandWithDestination.java:485)
	at org.apache.hadoop.fs.shell.CommandWithDestination.copyStreamToTarget(CommandWithDestination.java:407)
	at org.apache.hadoop.fs.shell.CommandWithDestination.copyFileToTarget(CommandWithDestination.java:342)
	at org.apache.hadoop.fs.shell.CommandWithDestination.processPath(CommandWithDestination.java:277)
	at org.apache.hadoop.fs.shell.CommandWithDestination.processPath(CommandWithDestination.java:262)
	at org.apache.hadoop.fs.shell.Command.processPaths(Command.java:331)
	at org.apache.hadoop.fs.shell.Command.processPathArgument(Command.java:303)
	at org.apache.hadoop.fs.shell.CommandWithDestination.processPathArgument(CommandWithDestination.java:257)
	at org.apache.hadoop.fs.shell.Command.processArgument(Command.java:285)
	at org.apache.hadoop.fs.shell.Command.processArguments(Command.java:269)
	at org.apache.hadoop.fs.shell.CommandWithDestination.processArguments(CommandWithDestination.java:228)
	at org.apache.hadoop.fs.shell.FsCommand.processRawArguments(FsCommand.java:120)
	at org.apache.hadoop.fs.shell.Command.run(Command.java:176)
	at org.apache.hadoop.fs.FsShell.run(FsShell.java:328)
	at org.apache.hadoop.util.ToolRunner.run(ToolRunner.java:76)
	at org.apache.hadoop.util.ToolRunner.run(ToolRunner.java:90)
	at org.apache.hadoop.fs.FsShell.main(FsShell.java:391)
2019-03-01 10:07:18,452 INFO hdfs.DFSClient: Successfully connected to /10.10.1.4:9866 for BP-258834523-130.127.133.101-1551459924751:blk_1073741960_1136
file 3 has been read from HDFS for 2 time
diff succeed!
2019-03-01 10:07:32,737 WARN impl.BlockReaderFactory: I/O error constructing remote block reader.
java.io.IOException: Connection reset by peer
	at sun.nio.ch.FileDispatcherImpl.read0(Native Method)
	at sun.nio.ch.SocketDispatcher.read(SocketDispatcher.java:39)
	at sun.nio.ch.IOUtil.readIntoNativeBuffer(IOUtil.java:223)
	at sun.nio.ch.IOUtil.read(IOUtil.java:197)
	at sun.nio.ch.SocketChannelImpl.read(SocketChannelImpl.java:380)
	at org.apache.hadoop.net.SocketInputStream$Reader.performIO(SocketInputStream.java:57)
	at org.apache.hadoop.net.SocketIOWithTimeout.doIO(SocketIOWithTimeout.java:142)
	at org.apache.hadoop.net.SocketInputStream.read(SocketInputStream.java:161)
	at org.apache.hadoop.net.SocketInputStream.read(SocketInputStream.java:131)
	at org.apache.hadoop.net.SocketInputStream.read(SocketInputStream.java:118)
	at java.io.FilterInputStream.read(FilterInputStream.java:83)
	at org.apache.hadoop.hdfs.protocolPB.PBHelperClient.vintPrefixed(PBHelperClient.java:547)
	at org.apache.hadoop.hdfs.client.impl.BlockReaderRemote.newBlockReader(BlockReaderRemote.java:407)
	at org.apache.hadoop.hdfs.client.impl.BlockReaderFactory.getRemoteBlockReader(BlockReaderFactory.java:853)
	at org.apache.hadoop.hdfs.client.impl.BlockReaderFactory.getRemoteBlockReaderFromTcp(BlockReaderFactory.java:749)
	at org.apache.hadoop.hdfs.client.impl.BlockReaderFactory.build(BlockReaderFactory.java:379)
	at org.apache.hadoop.hdfs.DFSInputStream.getBlockReader(DFSInputStream.java:641)
	at org.apache.hadoop.hdfs.DFSInputStream.blockSeekTo(DFSInputStream.java:572)
	at org.apache.hadoop.hdfs.DFSInputStream.readWithStrategy(DFSInputStream.java:754)
	at org.apache.hadoop.hdfs.DFSInputStream.read(DFSInputStream.java:820)
	at java.io.DataInputStream.read(DataInputStream.java:100)
	at org.apache.hadoop.io.IOUtils.copyBytes(IOUtils.java:94)
	at org.apache.hadoop.io.IOUtils.copyBytes(IOUtils.java:68)
	at org.apache.hadoop.io.IOUtils.copyBytes(IOUtils.java:129)
	at org.apache.hadoop.fs.shell.CommandWithDestination$TargetFileSystem.writeStreamToFile(CommandWithDestination.java:485)
	at org.apache.hadoop.fs.shell.CommandWithDestination.copyStreamToTarget(CommandWithDestination.java:407)
	at org.apache.hadoop.fs.shell.CommandWithDestination.copyFileToTarget(CommandWithDestination.java:342)
	at org.apache.hadoop.fs.shell.CommandWithDestination.processPath(CommandWithDestination.java:277)
	at org.apache.hadoop.fs.shell.CommandWithDestination.processPath(CommandWithDestination.java:262)
	at org.apache.hadoop.fs.shell.Command.processPaths(Command.java:331)
	at org.apache.hadoop.fs.shell.Command.processPathArgument(Command.java:303)
	at org.apache.hadoop.fs.shell.CommandWithDestination.processPathArgument(CommandWithDestination.java:257)
	at org.apache.hadoop.fs.shell.Command.processArgument(Command.java:285)
	at org.apache.hadoop.fs.shell.Command.processArguments(Command.java:269)
	at org.apache.hadoop.fs.shell.CommandWithDestination.processArguments(CommandWithDestination.java:228)
	at org.apache.hadoop.fs.shell.FsCommand.processRawArguments(FsCommand.java:120)
	at org.apache.hadoop.fs.shell.Command.run(Command.java:176)
	at org.apache.hadoop.fs.FsShell.run(FsShell.java:328)
	at org.apache.hadoop.util.ToolRunner.run(ToolRunner.java:76)
	at org.apache.hadoop.util.ToolRunner.run(ToolRunner.java:90)
	at org.apache.hadoop.fs.FsShell.main(FsShell.java:391)
2019-03-01 10:07:32,749 WARN hdfs.DFSClient: Failed to connect to /10.10.1.2:9866 for block BP-258834523-130.127.133.101-1551459924751:blk_1073741835_1011, add to deadNodes and continue. 
java.io.IOException: Connection reset by peer
	at sun.nio.ch.FileDispatcherImpl.read0(Native Method)
	at sun.nio.ch.SocketDispatcher.read(SocketDispatcher.java:39)
	at sun.nio.ch.IOUtil.readIntoNativeBuffer(IOUtil.java:223)
	at sun.nio.ch.IOUtil.read(IOUtil.java:197)
	at sun.nio.ch.SocketChannelImpl.read(SocketChannelImpl.java:380)
	at org.apache.hadoop.net.SocketInputStream$Reader.performIO(SocketInputStream.java:57)
	at org.apache.hadoop.net.SocketIOWithTimeout.doIO(SocketIOWithTimeout.java:142)
	at org.apache.hadoop.net.SocketInputStream.read(SocketInputStream.java:161)
	at org.apache.hadoop.net.SocketInputStream.read(SocketInputStream.java:131)
	at org.apache.hadoop.net.SocketInputStream.read(SocketInputStream.java:118)
	at java.io.FilterInputStream.read(FilterInputStream.java:83)
	at org.apache.hadoop.hdfs.protocolPB.PBHelperClient.vintPrefixed(PBHelperClient.java:547)
	at org.apache.hadoop.hdfs.client.impl.BlockReaderRemote.newBlockReader(BlockReaderRemote.java:407)
	at org.apache.hadoop.hdfs.client.impl.BlockReaderFactory.getRemoteBlockReader(BlockReaderFactory.java:853)
	at org.apache.hadoop.hdfs.client.impl.BlockReaderFactory.getRemoteBlockReaderFromTcp(BlockReaderFactory.java:749)
	at org.apache.hadoop.hdfs.client.impl.BlockReaderFactory.build(BlockReaderFactory.java:379)
	at org.apache.hadoop.hdfs.DFSInputStream.getBlockReader(DFSInputStream.java:641)
	at org.apache.hadoop.hdfs.DFSInputStream.blockSeekTo(DFSInputStream.java:572)
	at org.apache.hadoop.hdfs.DFSInputStream.readWithStrategy(DFSInputStream.java:754)
	at org.apache.hadoop.hdfs.DFSInputStream.read(DFSInputStream.java:820)
	at java.io.DataInputStream.read(DataInputStream.java:100)
	at org.apache.hadoop.io.IOUtils.copyBytes(IOUtils.java:94)
	at org.apache.hadoop.io.IOUtils.copyBytes(IOUtils.java:68)
	at org.apache.hadoop.io.IOUtils.copyBytes(IOUtils.java:129)
	at org.apache.hadoop.fs.shell.CommandWithDestination$TargetFileSystem.writeStreamToFile(CommandWithDestination.java:485)
	at org.apache.hadoop.fs.shell.CommandWithDestination.copyStreamToTarget(CommandWithDestination.java:407)
	at org.apache.hadoop.fs.shell.CommandWithDestination.copyFileToTarget(CommandWithDestination.java:342)
	at org.apache.hadoop.fs.shell.CommandWithDestination.processPath(CommandWithDestination.java:277)
	at org.apache.hadoop.fs.shell.CommandWithDestination.processPath(CommandWithDestination.java:262)
	at org.apache.hadoop.fs.shell.Command.processPaths(Command.java:331)
	at org.apache.hadoop.fs.shell.Command.processPathArgument(Command.java:303)
	at org.apache.hadoop.fs.shell.CommandWithDestination.processPathArgument(CommandWithDestination.java:257)
	at org.apache.hadoop.fs.shell.Command.processArgument(Command.java:285)
	at org.apache.hadoop.fs.shell.Command.processArguments(Command.java:269)
	at org.apache.hadoop.fs.shell.CommandWithDestination.processArguments(CommandWithDestination.java:228)
	at org.apache.hadoop.fs.shell.FsCommand.processRawArguments(FsCommand.java:120)
	at org.apache.hadoop.fs.shell.Command.run(Command.java:176)
	at org.apache.hadoop.fs.FsShell.run(FsShell.java:328)
	at org.apache.hadoop.util.ToolRunner.run(ToolRunner.java:76)
	at org.apache.hadoop.util.ToolRunner.run(ToolRunner.java:90)
	at org.apache.hadoop.fs.FsShell.main(FsShell.java:391)
2019-03-01 10:07:32,821 INFO hdfs.DFSClient: Successfully connected to /10.10.1.3:9866 for BP-258834523-130.127.133.101-1551459924751:blk_1073741835_1011
file 3 has been read from HDFS for 3 time
diff succeed!
2019-03-01 10:07:56,670 WARN impl.BlockReaderFactory: I/O error constructing remote block reader.
java.io.IOException: Connection reset by peer
	at sun.nio.ch.FileDispatcherImpl.read0(Native Method)
	at sun.nio.ch.SocketDispatcher.read(SocketDispatcher.java:39)
	at sun.nio.ch.IOUtil.readIntoNativeBuffer(IOUtil.java:223)
	at sun.nio.ch.IOUtil.read(IOUtil.java:197)
	at sun.nio.ch.SocketChannelImpl.read(SocketChannelImpl.java:380)
	at org.apache.hadoop.net.SocketInputStream$Reader.performIO(SocketInputStream.java:57)
	at org.apache.hadoop.net.SocketIOWithTimeout.doIO(SocketIOWithTimeout.java:142)
	at org.apache.hadoop.net.SocketInputStream.read(SocketInputStream.java:161)
	at org.apache.hadoop.net.SocketInputStream.read(SocketInputStream.java:131)
	at org.apache.hadoop.net.SocketInputStream.read(SocketInputStream.java:118)
	at java.io.FilterInputStream.read(FilterInputStream.java:83)
	at org.apache.hadoop.hdfs.protocolPB.PBHelperClient.vintPrefixed(PBHelperClient.java:547)
	at org.apache.hadoop.hdfs.client.impl.BlockReaderRemote.newBlockReader(BlockReaderRemote.java:407)
	at org.apache.hadoop.hdfs.client.impl.BlockReaderFactory.getRemoteBlockReader(BlockReaderFactory.java:853)
	at org.apache.hadoop.hdfs.client.impl.BlockReaderFactory.getRemoteBlockReaderFromTcp(BlockReaderFactory.java:749)
	at org.apache.hadoop.hdfs.client.impl.BlockReaderFactory.build(BlockReaderFactory.java:379)
	at org.apache.hadoop.hdfs.DFSInputStream.getBlockReader(DFSInputStream.java:641)
	at org.apache.hadoop.hdfs.DFSInputStream.blockSeekTo(DFSInputStream.java:572)
	at org.apache.hadoop.hdfs.DFSInputStream.readWithStrategy(DFSInputStream.java:754)
	at org.apache.hadoop.hdfs.DFSInputStream.read(DFSInputStream.java:820)
	at java.io.DataInputStream.read(DataInputStream.java:100)
	at org.apache.hadoop.io.IOUtils.copyBytes(IOUtils.java:100)
	at org.apache.hadoop.io.IOUtils.copyBytes(IOUtils.java:68)
	at org.apache.hadoop.io.IOUtils.copyBytes(IOUtils.java:129)
	at org.apache.hadoop.fs.shell.CommandWithDestination$TargetFileSystem.writeStreamToFile(CommandWithDestination.java:485)
	at org.apache.hadoop.fs.shell.CommandWithDestination.copyStreamToTarget(CommandWithDestination.java:407)
	at org.apache.hadoop.fs.shell.CommandWithDestination.copyFileToTarget(CommandWithDestination.java:342)
	at org.apache.hadoop.fs.shell.CommandWithDestination.processPath(CommandWithDestination.java:277)
	at org.apache.hadoop.fs.shell.CommandWithDestination.processPath(CommandWithDestination.java:262)
	at org.apache.hadoop.fs.shell.Command.processPaths(Command.java:331)
	at org.apache.hadoop.fs.shell.Command.processPathArgument(Command.java:303)
	at org.apache.hadoop.fs.shell.CommandWithDestination.processPathArgument(CommandWithDestination.java:257)
	at org.apache.hadoop.fs.shell.Command.processArgument(Command.java:285)
	at org.apache.hadoop.fs.shell.Command.processArguments(Command.java:269)
	at org.apache.hadoop.fs.shell.CommandWithDestination.processArguments(CommandWithDestination.java:228)
	at org.apache.hadoop.fs.shell.FsCommand.processRawArguments(FsCommand.java:120)
	at org.apache.hadoop.fs.shell.Command.run(Command.java:176)
	at org.apache.hadoop.fs.FsShell.run(FsShell.java:328)
	at org.apache.hadoop.util.ToolRunner.run(ToolRunner.java:76)
	at org.apache.hadoop.util.ToolRunner.run(ToolRunner.java:90)
	at org.apache.hadoop.fs.FsShell.main(FsShell.java:391)
2019-03-01 10:07:56,677 WARN hdfs.DFSClient: Failed to connect to /10.10.1.2:9866 for block BP-258834523-130.127.133.101-1551459924751:blk_1073741915_1091, add to deadNodes and continue. 
java.io.IOException: Connection reset by peer
	at sun.nio.ch.FileDispatcherImpl.read0(Native Method)
	at sun.nio.ch.SocketDispatcher.read(SocketDispatcher.java:39)
	at sun.nio.ch.IOUtil.readIntoNativeBuffer(IOUtil.java:223)
	at sun.nio.ch.IOUtil.read(IOUtil.java:197)
	at sun.nio.ch.SocketChannelImpl.read(SocketChannelImpl.java:380)
	at org.apache.hadoop.net.SocketInputStream$Reader.performIO(SocketInputStream.java:57)
	at org.apache.hadoop.net.SocketIOWithTimeout.doIO(SocketIOWithTimeout.java:142)
	at org.apache.hadoop.net.SocketInputStream.read(SocketInputStream.java:161)
	at org.apache.hadoop.net.SocketInputStream.read(SocketInputStream.java:131)
	at org.apache.hadoop.net.SocketInputStream.read(SocketInputStream.java:118)
	at java.io.FilterInputStream.read(FilterInputStream.java:83)
	at org.apache.hadoop.hdfs.protocolPB.PBHelperClient.vintPrefixed(PBHelperClient.java:547)
	at org.apache.hadoop.hdfs.client.impl.BlockReaderRemote.newBlockReader(BlockReaderRemote.java:407)
	at org.apache.hadoop.hdfs.client.impl.BlockReaderFactory.getRemoteBlockReader(BlockReaderFactory.java:853)
	at org.apache.hadoop.hdfs.client.impl.BlockReaderFactory.getRemoteBlockReaderFromTcp(BlockReaderFactory.java:749)
	at org.apache.hadoop.hdfs.client.impl.BlockReaderFactory.build(BlockReaderFactory.java:379)
	at org.apache.hadoop.hdfs.DFSInputStream.getBlockReader(DFSInputStream.java:641)
	at org.apache.hadoop.hdfs.DFSInputStream.blockSeekTo(DFSInputStream.java:572)
	at org.apache.hadoop.hdfs.DFSInputStream.readWithStrategy(DFSInputStream.java:754)
	at org.apache.hadoop.hdfs.DFSInputStream.read(DFSInputStream.java:820)
	at java.io.DataInputStream.read(DataInputStream.java:100)
	at org.apache.hadoop.io.IOUtils.copyBytes(IOUtils.java:100)
	at org.apache.hadoop.io.IOUtils.copyBytes(IOUtils.java:68)
	at org.apache.hadoop.io.IOUtils.copyBytes(IOUtils.java:129)
	at org.apache.hadoop.fs.shell.CommandWithDestination$TargetFileSystem.writeStreamToFile(CommandWithDestination.java:485)
	at org.apache.hadoop.fs.shell.CommandWithDestination.copyStreamToTarget(CommandWithDestination.java:407)
	at org.apache.hadoop.fs.shell.CommandWithDestination.copyFileToTarget(CommandWithDestination.java:342)
	at org.apache.hadoop.fs.shell.CommandWithDestination.processPath(CommandWithDestination.java:277)
	at org.apache.hadoop.fs.shell.CommandWithDestination.processPath(CommandWithDestination.java:262)
	at org.apache.hadoop.fs.shell.Command.processPaths(Command.java:331)
	at org.apache.hadoop.fs.shell.Command.processPathArgument(Command.java:303)
	at org.apache.hadoop.fs.shell.CommandWithDestination.processPathArgument(CommandWithDestination.java:257)
	at org.apache.hadoop.fs.shell.Command.processArgument(Command.java:285)
	at org.apache.hadoop.fs.shell.Command.processArguments(Command.java:269)
	at org.apache.hadoop.fs.shell.CommandWithDestination.processArguments(CommandWithDestination.java:228)
	at org.apache.hadoop.fs.shell.FsCommand.processRawArguments(FsCommand.java:120)
	at org.apache.hadoop.fs.shell.Command.run(Command.java:176)
	at org.apache.hadoop.fs.FsShell.run(FsShell.java:328)
	at org.apache.hadoop.util.ToolRunner.run(ToolRunner.java:76)
	at org.apache.hadoop.util.ToolRunner.run(ToolRunner.java:90)
	at org.apache.hadoop.fs.FsShell.main(FsShell.java:391)
2019-03-01 10:07:56,682 INFO hdfs.DFSClient: Successfully connected to /10.10.1.5:9866 for BP-258834523-130.127.133.101-1551459924751:blk_1073741915_1091
file 3 has been read from HDFS for 4 time
diff succeed!
2019-03-01 10:08:13,662 WARN impl.BlockReaderFactory: I/O error constructing remote block reader.
java.io.IOException: Connection reset by peer
	at sun.nio.ch.FileDispatcherImpl.read0(Native Method)
	at sun.nio.ch.SocketDispatcher.read(SocketDispatcher.java:39)
	at sun.nio.ch.IOUtil.readIntoNativeBuffer(IOUtil.java:223)
	at sun.nio.ch.IOUtil.read(IOUtil.java:197)
	at sun.nio.ch.SocketChannelImpl.read(SocketChannelImpl.java:380)
	at org.apache.hadoop.net.SocketInputStream$Reader.performIO(SocketInputStream.java:57)
	at org.apache.hadoop.net.SocketIOWithTimeout.doIO(SocketIOWithTimeout.java:142)
	at org.apache.hadoop.net.SocketInputStream.read(SocketInputStream.java:161)
	at org.apache.hadoop.net.SocketInputStream.read(SocketInputStream.java:131)
	at org.apache.hadoop.net.SocketInputStream.read(SocketInputStream.java:118)
	at java.io.FilterInputStream.read(FilterInputStream.java:83)
	at org.apache.hadoop.hdfs.protocolPB.PBHelperClient.vintPrefixed(PBHelperClient.java:547)
	at org.apache.hadoop.hdfs.client.impl.BlockReaderRemote.newBlockReader(BlockReaderRemote.java:407)
	at org.apache.hadoop.hdfs.client.impl.BlockReaderFactory.getRemoteBlockReader(BlockReaderFactory.java:853)
	at org.apache.hadoop.hdfs.client.impl.BlockReaderFactory.getRemoteBlockReaderFromTcp(BlockReaderFactory.java:749)
	at org.apache.hadoop.hdfs.client.impl.BlockReaderFactory.build(BlockReaderFactory.java:379)
	at org.apache.hadoop.hdfs.DFSInputStream.getBlockReader(DFSInputStream.java:641)
	at org.apache.hadoop.hdfs.DFSInputStream.blockSeekTo(DFSInputStream.java:572)
	at org.apache.hadoop.hdfs.DFSInputStream.readWithStrategy(DFSInputStream.java:754)
	at org.apache.hadoop.hdfs.DFSInputStream.read(DFSInputStream.java:820)
	at java.io.DataInputStream.read(DataInputStream.java:100)
	at org.apache.hadoop.io.IOUtils.copyBytes(IOUtils.java:100)
	at org.apache.hadoop.io.IOUtils.copyBytes(IOUtils.java:68)
	at org.apache.hadoop.io.IOUtils.copyBytes(IOUtils.java:129)
	at org.apache.hadoop.fs.shell.CommandWithDestination$TargetFileSystem.writeStreamToFile(CommandWithDestination.java:485)
	at org.apache.hadoop.fs.shell.CommandWithDestination.copyStreamToTarget(CommandWithDestination.java:407)
	at org.apache.hadoop.fs.shell.CommandWithDestination.copyFileToTarget(CommandWithDestination.java:342)
	at org.apache.hadoop.fs.shell.CommandWithDestination.processPath(CommandWithDestination.java:277)
	at org.apache.hadoop.fs.shell.CommandWithDestination.processPath(CommandWithDestination.java:262)
	at org.apache.hadoop.fs.shell.Command.processPaths(Command.java:331)
	at org.apache.hadoop.fs.shell.Command.processPathArgument(Command.java:303)
	at org.apache.hadoop.fs.shell.CommandWithDestination.processPathArgument(CommandWithDestination.java:257)
	at org.apache.hadoop.fs.shell.Command.processArgument(Command.java:285)
	at org.apache.hadoop.fs.shell.Command.processArguments(Command.java:269)
	at org.apache.hadoop.fs.shell.CommandWithDestination.processArguments(CommandWithDestination.java:228)
	at org.apache.hadoop.fs.shell.FsCommand.processRawArguments(FsCommand.java:120)
	at org.apache.hadoop.fs.shell.Command.run(Command.java:176)
	at org.apache.hadoop.fs.FsShell.run(FsShell.java:328)
	at org.apache.hadoop.util.ToolRunner.run(ToolRunner.java:76)
	at org.apache.hadoop.util.ToolRunner.run(ToolRunner.java:90)
	at org.apache.hadoop.fs.FsShell.main(FsShell.java:391)
2019-03-01 10:08:13,670 WARN hdfs.DFSClient: Failed to connect to /10.10.1.2:9866 for block BP-258834523-130.127.133.101-1551459924751:blk_1073741896_1072, add to deadNodes and continue. 
java.io.IOException: Connection reset by peer
	at sun.nio.ch.FileDispatcherImpl.read0(Native Method)
	at sun.nio.ch.SocketDispatcher.read(SocketDispatcher.java:39)
	at sun.nio.ch.IOUtil.readIntoNativeBuffer(IOUtil.java:223)
	at sun.nio.ch.IOUtil.read(IOUtil.java:197)
	at sun.nio.ch.SocketChannelImpl.read(SocketChannelImpl.java:380)
	at org.apache.hadoop.net.SocketInputStream$Reader.performIO(SocketInputStream.java:57)
	at org.apache.hadoop.net.SocketIOWithTimeout.doIO(SocketIOWithTimeout.java:142)
	at org.apache.hadoop.net.SocketInputStream.read(SocketInputStream.java:161)
	at org.apache.hadoop.net.SocketInputStream.read(SocketInputStream.java:131)
	at org.apache.hadoop.net.SocketInputStream.read(SocketInputStream.java:118)
	at java.io.FilterInputStream.read(FilterInputStream.java:83)
	at org.apache.hadoop.hdfs.protocolPB.PBHelperClient.vintPrefixed(PBHelperClient.java:547)
	at org.apache.hadoop.hdfs.client.impl.BlockReaderRemote.newBlockReader(BlockReaderRemote.java:407)
	at org.apache.hadoop.hdfs.client.impl.BlockReaderFactory.getRemoteBlockReader(BlockReaderFactory.java:853)
	at org.apache.hadoop.hdfs.client.impl.BlockReaderFactory.getRemoteBlockReaderFromTcp(BlockReaderFactory.java:749)
	at org.apache.hadoop.hdfs.client.impl.BlockReaderFactory.build(BlockReaderFactory.java:379)
	at org.apache.hadoop.hdfs.DFSInputStream.getBlockReader(DFSInputStream.java:641)
	at org.apache.hadoop.hdfs.DFSInputStream.blockSeekTo(DFSInputStream.java:572)
	at org.apache.hadoop.hdfs.DFSInputStream.readWithStrategy(DFSInputStream.java:754)
	at org.apache.hadoop.hdfs.DFSInputStream.read(DFSInputStream.java:820)
	at java.io.DataInputStream.read(DataInputStream.java:100)
	at org.apache.hadoop.io.IOUtils.copyBytes(IOUtils.java:100)
	at org.apache.hadoop.io.IOUtils.copyBytes(IOUtils.java:68)
	at org.apache.hadoop.io.IOUtils.copyBytes(IOUtils.java:129)
	at org.apache.hadoop.fs.shell.CommandWithDestination$TargetFileSystem.writeStreamToFile(CommandWithDestination.java:485)
	at org.apache.hadoop.fs.shell.CommandWithDestination.copyStreamToTarget(CommandWithDestination.java:407)
	at org.apache.hadoop.fs.shell.CommandWithDestination.copyFileToTarget(CommandWithDestination.java:342)
	at org.apache.hadoop.fs.shell.CommandWithDestination.processPath(CommandWithDestination.java:277)
	at org.apache.hadoop.fs.shell.CommandWithDestination.processPath(CommandWithDestination.java:262)
	at org.apache.hadoop.fs.shell.Command.processPaths(Command.java:331)
	at org.apache.hadoop.fs.shell.Command.processPathArgument(Command.java:303)
	at org.apache.hadoop.fs.shell.CommandWithDestination.processPathArgument(CommandWithDestination.java:257)
	at org.apache.hadoop.fs.shell.Command.processArgument(Command.java:285)
	at org.apache.hadoop.fs.shell.Command.processArguments(Command.java:269)
	at org.apache.hadoop.fs.shell.CommandWithDestination.processArguments(CommandWithDestination.java:228)
	at org.apache.hadoop.fs.shell.FsCommand.processRawArguments(FsCommand.java:120)
	at org.apache.hadoop.fs.shell.Command.run(Command.java:176)
	at org.apache.hadoop.fs.FsShell.run(FsShell.java:328)
	at org.apache.hadoop.util.ToolRunner.run(ToolRunner.java:76)
	at org.apache.hadoop.util.ToolRunner.run(ToolRunner.java:90)
	at org.apache.hadoop.fs.FsShell.main(FsShell.java:391)
2019-03-01 10:08:13,673 INFO hdfs.DFSClient: Successfully connected to /10.10.1.4:9866 for BP-258834523-130.127.133.101-1551459924751:blk_1073741896_1072
file 3 has been read from HDFS for 5 time
diff succeed!
2019-03-01 10:08:29,384 WARN impl.BlockReaderFactory: I/O error constructing remote block reader.
java.io.IOException: Connection reset by peer
	at sun.nio.ch.FileDispatcherImpl.read0(Native Method)
	at sun.nio.ch.SocketDispatcher.read(SocketDispatcher.java:39)
	at sun.nio.ch.IOUtil.readIntoNativeBuffer(IOUtil.java:223)
	at sun.nio.ch.IOUtil.read(IOUtil.java:197)
	at sun.nio.ch.SocketChannelImpl.read(SocketChannelImpl.java:380)
	at org.apache.hadoop.net.SocketInputStream$Reader.performIO(SocketInputStream.java:57)
	at org.apache.hadoop.net.SocketIOWithTimeout.doIO(SocketIOWithTimeout.java:142)
	at org.apache.hadoop.net.SocketInputStream.read(SocketInputStream.java:161)
	at org.apache.hadoop.net.SocketInputStream.read(SocketInputStream.java:131)
	at org.apache.hadoop.net.SocketInputStream.read(SocketInputStream.java:118)
	at java.io.FilterInputStream.read(FilterInputStream.java:83)
	at org.apache.hadoop.hdfs.protocolPB.PBHelperClient.vintPrefixed(PBHelperClient.java:547)
	at org.apache.hadoop.hdfs.client.impl.BlockReaderRemote.newBlockReader(BlockReaderRemote.java:407)
	at org.apache.hadoop.hdfs.client.impl.BlockReaderFactory.getRemoteBlockReader(BlockReaderFactory.java:853)
	at org.apache.hadoop.hdfs.client.impl.BlockReaderFactory.getRemoteBlockReaderFromTcp(BlockReaderFactory.java:749)
	at org.apache.hadoop.hdfs.client.impl.BlockReaderFactory.build(BlockReaderFactory.java:379)
	at org.apache.hadoop.hdfs.DFSInputStream.getBlockReader(DFSInputStream.java:641)
	at org.apache.hadoop.hdfs.DFSInputStream.blockSeekTo(DFSInputStream.java:572)
	at org.apache.hadoop.hdfs.DFSInputStream.readWithStrategy(DFSInputStream.java:754)
	at org.apache.hadoop.hdfs.DFSInputStream.read(DFSInputStream.java:820)
	at java.io.DataInputStream.read(DataInputStream.java:100)
	at org.apache.hadoop.io.IOUtils.copyBytes(IOUtils.java:94)
	at org.apache.hadoop.io.IOUtils.copyBytes(IOUtils.java:68)
	at org.apache.hadoop.io.IOUtils.copyBytes(IOUtils.java:129)
	at org.apache.hadoop.fs.shell.CommandWithDestination$TargetFileSystem.writeStreamToFile(CommandWithDestination.java:485)
	at org.apache.hadoop.fs.shell.CommandWithDestination.copyStreamToTarget(CommandWithDestination.java:407)
	at org.apache.hadoop.fs.shell.CommandWithDestination.copyFileToTarget(CommandWithDestination.java:342)
	at org.apache.hadoop.fs.shell.CommandWithDestination.processPath(CommandWithDestination.java:277)
	at org.apache.hadoop.fs.shell.CommandWithDestination.processPath(CommandWithDestination.java:262)
	at org.apache.hadoop.fs.shell.Command.processPaths(Command.java:331)
	at org.apache.hadoop.fs.shell.Command.processPathArgument(Command.java:303)
	at org.apache.hadoop.fs.shell.CommandWithDestination.processPathArgument(CommandWithDestination.java:257)
	at org.apache.hadoop.fs.shell.Command.processArgument(Command.java:285)
	at org.apache.hadoop.fs.shell.Command.processArguments(Command.java:269)
	at org.apache.hadoop.fs.shell.CommandWithDestination.processArguments(CommandWithDestination.java:228)
	at org.apache.hadoop.fs.shell.FsCommand.processRawArguments(FsCommand.java:120)
	at org.apache.hadoop.fs.shell.Command.run(Command.java:176)
	at org.apache.hadoop.fs.FsShell.run(FsShell.java:328)
	at org.apache.hadoop.util.ToolRunner.run(ToolRunner.java:76)
	at org.apache.hadoop.util.ToolRunner.run(ToolRunner.java:90)
	at org.apache.hadoop.fs.FsShell.main(FsShell.java:391)
2019-03-01 10:08:29,390 WARN hdfs.DFSClient: Failed to connect to /10.10.1.2:9866 for block BP-258834523-130.127.133.101-1551459924751:blk_1073741835_1011, add to deadNodes and continue. 
java.io.IOException: Connection reset by peer
	at sun.nio.ch.FileDispatcherImpl.read0(Native Method)
	at sun.nio.ch.SocketDispatcher.read(SocketDispatcher.java:39)
	at sun.nio.ch.IOUtil.readIntoNativeBuffer(IOUtil.java:223)
	at sun.nio.ch.IOUtil.read(IOUtil.java:197)
	at sun.nio.ch.SocketChannelImpl.read(SocketChannelImpl.java:380)
	at org.apache.hadoop.net.SocketInputStream$Reader.performIO(SocketInputStream.java:57)
	at org.apache.hadoop.net.SocketIOWithTimeout.doIO(SocketIOWithTimeout.java:142)
	at org.apache.hadoop.net.SocketInputStream.read(SocketInputStream.java:161)
	at org.apache.hadoop.net.SocketInputStream.read(SocketInputStream.java:131)
	at org.apache.hadoop.net.SocketInputStream.read(SocketInputStream.java:118)
	at java.io.FilterInputStream.read(FilterInputStream.java:83)
	at org.apache.hadoop.hdfs.protocolPB.PBHelperClient.vintPrefixed(PBHelperClient.java:547)
	at org.apache.hadoop.hdfs.client.impl.BlockReaderRemote.newBlockReader(BlockReaderRemote.java:407)
	at org.apache.hadoop.hdfs.client.impl.BlockReaderFactory.getRemoteBlockReader(BlockReaderFactory.java:853)
	at org.apache.hadoop.hdfs.client.impl.BlockReaderFactory.getRemoteBlockReaderFromTcp(BlockReaderFactory.java:749)
	at org.apache.hadoop.hdfs.client.impl.BlockReaderFactory.build(BlockReaderFactory.java:379)
	at org.apache.hadoop.hdfs.DFSInputStream.getBlockReader(DFSInputStream.java:641)
	at org.apache.hadoop.hdfs.DFSInputStream.blockSeekTo(DFSInputStream.java:572)
	at org.apache.hadoop.hdfs.DFSInputStream.readWithStrategy(DFSInputStream.java:754)
	at org.apache.hadoop.hdfs.DFSInputStream.read(DFSInputStream.java:820)
	at java.io.DataInputStream.read(DataInputStream.java:100)
	at org.apache.hadoop.io.IOUtils.copyBytes(IOUtils.java:94)
	at org.apache.hadoop.io.IOUtils.copyBytes(IOUtils.java:68)
	at org.apache.hadoop.io.IOUtils.copyBytes(IOUtils.java:129)
	at org.apache.hadoop.fs.shell.CommandWithDestination$TargetFileSystem.writeStreamToFile(CommandWithDestination.java:485)
	at org.apache.hadoop.fs.shell.CommandWithDestination.copyStreamToTarget(CommandWithDestination.java:407)
	at org.apache.hadoop.fs.shell.CommandWithDestination.copyFileToTarget(CommandWithDestination.java:342)
	at org.apache.hadoop.fs.shell.CommandWithDestination.processPath(CommandWithDestination.java:277)
	at org.apache.hadoop.fs.shell.CommandWithDestination.processPath(CommandWithDestination.java:262)
	at org.apache.hadoop.fs.shell.Command.processPaths(Command.java:331)
	at org.apache.hadoop.fs.shell.Command.processPathArgument(Command.java:303)
	at org.apache.hadoop.fs.shell.CommandWithDestination.processPathArgument(CommandWithDestination.java:257)
	at org.apache.hadoop.fs.shell.Command.processArgument(Command.java:285)
	at org.apache.hadoop.fs.shell.Command.processArguments(Command.java:269)
	at org.apache.hadoop.fs.shell.CommandWithDestination.processArguments(CommandWithDestination.java:228)
	at org.apache.hadoop.fs.shell.FsCommand.processRawArguments(FsCommand.java:120)
	at org.apache.hadoop.fs.shell.Command.run(Command.java:176)
	at org.apache.hadoop.fs.FsShell.run(FsShell.java:328)
	at org.apache.hadoop.util.ToolRunner.run(ToolRunner.java:76)
	at org.apache.hadoop.util.ToolRunner.run(ToolRunner.java:90)
	at org.apache.hadoop.fs.FsShell.main(FsShell.java:391)
2019-03-01 10:08:29,405 INFO hdfs.DFSClient: Successfully connected to /10.10.1.5:9866 for BP-258834523-130.127.133.101-1551459924751:blk_1073741835_1011
file 3 has been read from HDFS for 6 time
diff succeed!
2019-03-01 10:08:51,579 WARN impl.BlockReaderFactory: I/O error constructing remote block reader.
java.io.IOException: Connection reset by peer
	at sun.nio.ch.FileDispatcherImpl.read0(Native Method)
	at sun.nio.ch.SocketDispatcher.read(SocketDispatcher.java:39)
	at sun.nio.ch.IOUtil.readIntoNativeBuffer(IOUtil.java:223)
	at sun.nio.ch.IOUtil.read(IOUtil.java:197)
	at sun.nio.ch.SocketChannelImpl.read(SocketChannelImpl.java:380)
	at org.apache.hadoop.net.SocketInputStream$Reader.performIO(SocketInputStream.java:57)
	at org.apache.hadoop.net.SocketIOWithTimeout.doIO(SocketIOWithTimeout.java:142)
	at org.apache.hadoop.net.SocketInputStream.read(SocketInputStream.java:161)
	at org.apache.hadoop.net.SocketInputStream.read(SocketInputStream.java:131)
	at org.apache.hadoop.net.SocketInputStream.read(SocketInputStream.java:118)
	at java.io.FilterInputStream.read(FilterInputStream.java:83)
	at org.apache.hadoop.hdfs.protocolPB.PBHelperClient.vintPrefixed(PBHelperClient.java:547)
	at org.apache.hadoop.hdfs.client.impl.BlockReaderRemote.newBlockReader(BlockReaderRemote.java:407)
	at org.apache.hadoop.hdfs.client.impl.BlockReaderFactory.getRemoteBlockReader(BlockReaderFactory.java:853)
	at org.apache.hadoop.hdfs.client.impl.BlockReaderFactory.getRemoteBlockReaderFromTcp(BlockReaderFactory.java:749)
	at org.apache.hadoop.hdfs.client.impl.BlockReaderFactory.build(BlockReaderFactory.java:379)
	at org.apache.hadoop.hdfs.DFSInputStream.getBlockReader(DFSInputStream.java:641)
	at org.apache.hadoop.hdfs.DFSInputStream.blockSeekTo(DFSInputStream.java:572)
	at org.apache.hadoop.hdfs.DFSInputStream.readWithStrategy(DFSInputStream.java:754)
	at org.apache.hadoop.hdfs.DFSInputStream.read(DFSInputStream.java:820)
	at java.io.DataInputStream.read(DataInputStream.java:100)
	at org.apache.hadoop.io.IOUtils.copyBytes(IOUtils.java:100)
	at org.apache.hadoop.io.IOUtils.copyBytes(IOUtils.java:68)
	at org.apache.hadoop.io.IOUtils.copyBytes(IOUtils.java:129)
	at org.apache.hadoop.fs.shell.CommandWithDestination$TargetFileSystem.writeStreamToFile(CommandWithDestination.java:485)
	at org.apache.hadoop.fs.shell.CommandWithDestination.copyStreamToTarget(CommandWithDestination.java:407)
	at org.apache.hadoop.fs.shell.CommandWithDestination.copyFileToTarget(CommandWithDestination.java:342)
	at org.apache.hadoop.fs.shell.CommandWithDestination.processPath(CommandWithDestination.java:277)
	at org.apache.hadoop.fs.shell.CommandWithDestination.processPath(CommandWithDestination.java:262)
	at org.apache.hadoop.fs.shell.Command.processPaths(Command.java:331)
	at org.apache.hadoop.fs.shell.Command.processPathArgument(Command.java:303)
	at org.apache.hadoop.fs.shell.CommandWithDestination.processPathArgument(CommandWithDestination.java:257)
	at org.apache.hadoop.fs.shell.Command.processArgument(Command.java:285)
	at org.apache.hadoop.fs.shell.Command.processArguments(Command.java:269)
	at org.apache.hadoop.fs.shell.CommandWithDestination.processArguments(CommandWithDestination.java:228)
	at org.apache.hadoop.fs.shell.FsCommand.processRawArguments(FsCommand.java:120)
	at org.apache.hadoop.fs.shell.Command.run(Command.java:176)
	at org.apache.hadoop.fs.FsShell.run(FsShell.java:328)
	at org.apache.hadoop.util.ToolRunner.run(ToolRunner.java:76)
	at org.apache.hadoop.util.ToolRunner.run(ToolRunner.java:90)
	at org.apache.hadoop.fs.FsShell.main(FsShell.java:391)
2019-03-01 10:08:51,586 WARN hdfs.DFSClient: Failed to connect to /10.10.1.2:9866 for block BP-258834523-130.127.133.101-1551459924751:blk_1073741915_1091, add to deadNodes and continue. 
java.io.IOException: Connection reset by peer
	at sun.nio.ch.FileDispatcherImpl.read0(Native Method)
	at sun.nio.ch.SocketDispatcher.read(SocketDispatcher.java:39)
	at sun.nio.ch.IOUtil.readIntoNativeBuffer(IOUtil.java:223)
	at sun.nio.ch.IOUtil.read(IOUtil.java:197)
	at sun.nio.ch.SocketChannelImpl.read(SocketChannelImpl.java:380)
	at org.apache.hadoop.net.SocketInputStream$Reader.performIO(SocketInputStream.java:57)
	at org.apache.hadoop.net.SocketIOWithTimeout.doIO(SocketIOWithTimeout.java:142)
	at org.apache.hadoop.net.SocketInputStream.read(SocketInputStream.java:161)
	at org.apache.hadoop.net.SocketInputStream.read(SocketInputStream.java:131)
	at org.apache.hadoop.net.SocketInputStream.read(SocketInputStream.java:118)
	at java.io.FilterInputStream.read(FilterInputStream.java:83)
	at org.apache.hadoop.hdfs.protocolPB.PBHelperClient.vintPrefixed(PBHelperClient.java:547)
	at org.apache.hadoop.hdfs.client.impl.BlockReaderRemote.newBlockReader(BlockReaderRemote.java:407)
	at org.apache.hadoop.hdfs.client.impl.BlockReaderFactory.getRemoteBlockReader(BlockReaderFactory.java:853)
	at org.apache.hadoop.hdfs.client.impl.BlockReaderFactory.getRemoteBlockReaderFromTcp(BlockReaderFactory.java:749)
	at org.apache.hadoop.hdfs.client.impl.BlockReaderFactory.build(BlockReaderFactory.java:379)
	at org.apache.hadoop.hdfs.DFSInputStream.getBlockReader(DFSInputStream.java:641)
	at org.apache.hadoop.hdfs.DFSInputStream.blockSeekTo(DFSInputStream.java:572)
	at org.apache.hadoop.hdfs.DFSInputStream.readWithStrategy(DFSInputStream.java:754)
	at org.apache.hadoop.hdfs.DFSInputStream.read(DFSInputStream.java:820)
	at java.io.DataInputStream.read(DataInputStream.java:100)
	at org.apache.hadoop.io.IOUtils.copyBytes(IOUtils.java:100)
	at org.apache.hadoop.io.IOUtils.copyBytes(IOUtils.java:68)
	at org.apache.hadoop.io.IOUtils.copyBytes(IOUtils.java:129)
	at org.apache.hadoop.fs.shell.CommandWithDestination$TargetFileSystem.writeStreamToFile(CommandWithDestination.java:485)
	at org.apache.hadoop.fs.shell.CommandWithDestination.copyStreamToTarget(CommandWithDestination.java:407)
	at org.apache.hadoop.fs.shell.CommandWithDestination.copyFileToTarget(CommandWithDestination.java:342)
	at org.apache.hadoop.fs.shell.CommandWithDestination.processPath(CommandWithDestination.java:277)
	at org.apache.hadoop.fs.shell.CommandWithDestination.processPath(CommandWithDestination.java:262)
	at org.apache.hadoop.fs.shell.Command.processPaths(Command.java:331)
	at org.apache.hadoop.fs.shell.Command.processPathArgument(Command.java:303)
	at org.apache.hadoop.fs.shell.CommandWithDestination.processPathArgument(CommandWithDestination.java:257)
	at org.apache.hadoop.fs.shell.Command.processArgument(Command.java:285)
	at org.apache.hadoop.fs.shell.Command.processArguments(Command.java:269)
	at org.apache.hadoop.fs.shell.CommandWithDestination.processArguments(CommandWithDestination.java:228)
	at org.apache.hadoop.fs.shell.FsCommand.processRawArguments(FsCommand.java:120)
	at org.apache.hadoop.fs.shell.Command.run(Command.java:176)
	at org.apache.hadoop.fs.FsShell.run(FsShell.java:328)
	at org.apache.hadoop.util.ToolRunner.run(ToolRunner.java:76)
	at org.apache.hadoop.util.ToolRunner.run(ToolRunner.java:90)
	at org.apache.hadoop.fs.FsShell.main(FsShell.java:391)
2019-03-01 10:08:51,593 INFO hdfs.DFSClient: Successfully connected to /10.10.1.5:9866 for BP-258834523-130.127.133.101-1551459924751:blk_1073741915_1091
file 3 has been read from HDFS for 7 time
diff succeed!
2019-03-01 10:09:09,641 WARN impl.BlockReaderFactory: I/O error constructing remote block reader.
java.io.IOException: Connection reset by peer
	at sun.nio.ch.FileDispatcherImpl.read0(Native Method)
	at sun.nio.ch.SocketDispatcher.read(SocketDispatcher.java:39)
	at sun.nio.ch.IOUtil.readIntoNativeBuffer(IOUtil.java:223)
	at sun.nio.ch.IOUtil.read(IOUtil.java:197)
	at sun.nio.ch.SocketChannelImpl.read(SocketChannelImpl.java:380)
	at org.apache.hadoop.net.SocketInputStream$Reader.performIO(SocketInputStream.java:57)
	at org.apache.hadoop.net.SocketIOWithTimeout.doIO(SocketIOWithTimeout.java:142)
	at org.apache.hadoop.net.SocketInputStream.read(SocketInputStream.java:161)
	at org.apache.hadoop.net.SocketInputStream.read(SocketInputStream.java:131)
	at org.apache.hadoop.net.SocketInputStream.read(SocketInputStream.java:118)
	at java.io.FilterInputStream.read(FilterInputStream.java:83)
	at org.apache.hadoop.hdfs.protocolPB.PBHelperClient.vintPrefixed(PBHelperClient.java:547)
	at org.apache.hadoop.hdfs.client.impl.BlockReaderRemote.newBlockReader(BlockReaderRemote.java:407)
	at org.apache.hadoop.hdfs.client.impl.BlockReaderFactory.getRemoteBlockReader(BlockReaderFactory.java:853)
	at org.apache.hadoop.hdfs.client.impl.BlockReaderFactory.getRemoteBlockReaderFromTcp(BlockReaderFactory.java:749)
	at org.apache.hadoop.hdfs.client.impl.BlockReaderFactory.build(BlockReaderFactory.java:379)
	at org.apache.hadoop.hdfs.DFSInputStream.getBlockReader(DFSInputStream.java:641)
	at org.apache.hadoop.hdfs.DFSInputStream.blockSeekTo(DFSInputStream.java:572)
	at org.apache.hadoop.hdfs.DFSInputStream.readWithStrategy(DFSInputStream.java:754)
	at org.apache.hadoop.hdfs.DFSInputStream.read(DFSInputStream.java:820)
	at java.io.DataInputStream.read(DataInputStream.java:100)
	at org.apache.hadoop.io.IOUtils.copyBytes(IOUtils.java:100)
	at org.apache.hadoop.io.IOUtils.copyBytes(IOUtils.java:68)
	at org.apache.hadoop.io.IOUtils.copyBytes(IOUtils.java:129)
	at org.apache.hadoop.fs.shell.CommandWithDestination$TargetFileSystem.writeStreamToFile(CommandWithDestination.java:485)
	at org.apache.hadoop.fs.shell.CommandWithDestination.copyStreamToTarget(CommandWithDestination.java:407)
	at org.apache.hadoop.fs.shell.CommandWithDestination.copyFileToTarget(CommandWithDestination.java:342)
	at org.apache.hadoop.fs.shell.CommandWithDestination.processPath(CommandWithDestination.java:277)
	at org.apache.hadoop.fs.shell.CommandWithDestination.processPath(CommandWithDestination.java:262)
	at org.apache.hadoop.fs.shell.Command.processPaths(Command.java:331)
	at org.apache.hadoop.fs.shell.Command.processPathArgument(Command.java:303)
	at org.apache.hadoop.fs.shell.CommandWithDestination.processPathArgument(CommandWithDestination.java:257)
	at org.apache.hadoop.fs.shell.Command.processArgument(Command.java:285)
	at org.apache.hadoop.fs.shell.Command.processArguments(Command.java:269)
	at org.apache.hadoop.fs.shell.CommandWithDestination.processArguments(CommandWithDestination.java:228)
	at org.apache.hadoop.fs.shell.FsCommand.processRawArguments(FsCommand.java:120)
	at org.apache.hadoop.fs.shell.Command.run(Command.java:176)
	at org.apache.hadoop.fs.FsShell.run(FsShell.java:328)
	at org.apache.hadoop.util.ToolRunner.run(ToolRunner.java:76)
	at org.apache.hadoop.util.ToolRunner.run(ToolRunner.java:90)
	at org.apache.hadoop.fs.FsShell.main(FsShell.java:391)
2019-03-01 10:09:09,647 WARN hdfs.DFSClient: Failed to connect to /10.10.1.2:9866 for block BP-258834523-130.127.133.101-1551459924751:blk_1073741926_1102, add to deadNodes and continue. 
java.io.IOException: Connection reset by peer
	at sun.nio.ch.FileDispatcherImpl.read0(Native Method)
	at sun.nio.ch.SocketDispatcher.read(SocketDispatcher.java:39)
	at sun.nio.ch.IOUtil.readIntoNativeBuffer(IOUtil.java:223)
	at sun.nio.ch.IOUtil.read(IOUtil.java:197)
	at sun.nio.ch.SocketChannelImpl.read(SocketChannelImpl.java:380)
	at org.apache.hadoop.net.SocketInputStream$Reader.performIO(SocketInputStream.java:57)
	at org.apache.hadoop.net.SocketIOWithTimeout.doIO(SocketIOWithTimeout.java:142)
	at org.apache.hadoop.net.SocketInputStream.read(SocketInputStream.java:161)
	at org.apache.hadoop.net.SocketInputStream.read(SocketInputStream.java:131)
	at org.apache.hadoop.net.SocketInputStream.read(SocketInputStream.java:118)
	at java.io.FilterInputStream.read(FilterInputStream.java:83)
	at org.apache.hadoop.hdfs.protocolPB.PBHelperClient.vintPrefixed(PBHelperClient.java:547)
	at org.apache.hadoop.hdfs.client.impl.BlockReaderRemote.newBlockReader(BlockReaderRemote.java:407)
	at org.apache.hadoop.hdfs.client.impl.BlockReaderFactory.getRemoteBlockReader(BlockReaderFactory.java:853)
	at org.apache.hadoop.hdfs.client.impl.BlockReaderFactory.getRemoteBlockReaderFromTcp(BlockReaderFactory.java:749)
	at org.apache.hadoop.hdfs.client.impl.BlockReaderFactory.build(BlockReaderFactory.java:379)
	at org.apache.hadoop.hdfs.DFSInputStream.getBlockReader(DFSInputStream.java:641)
	at org.apache.hadoop.hdfs.DFSInputStream.blockSeekTo(DFSInputStream.java:572)
	at org.apache.hadoop.hdfs.DFSInputStream.readWithStrategy(DFSInputStream.java:754)
	at org.apache.hadoop.hdfs.DFSInputStream.read(DFSInputStream.java:820)
	at java.io.DataInputStream.read(DataInputStream.java:100)
	at org.apache.hadoop.io.IOUtils.copyBytes(IOUtils.java:100)
	at org.apache.hadoop.io.IOUtils.copyBytes(IOUtils.java:68)
	at org.apache.hadoop.io.IOUtils.copyBytes(IOUtils.java:129)
	at org.apache.hadoop.fs.shell.CommandWithDestination$TargetFileSystem.writeStreamToFile(CommandWithDestination.java:485)
	at org.apache.hadoop.fs.shell.CommandWithDestination.copyStreamToTarget(CommandWithDestination.java:407)
	at org.apache.hadoop.fs.shell.CommandWithDestination.copyFileToTarget(CommandWithDestination.java:342)
	at org.apache.hadoop.fs.shell.CommandWithDestination.processPath(CommandWithDestination.java:277)
	at org.apache.hadoop.fs.shell.CommandWithDestination.processPath(CommandWithDestination.java:262)
	at org.apache.hadoop.fs.shell.Command.processPaths(Command.java:331)
	at org.apache.hadoop.fs.shell.Command.processPathArgument(Command.java:303)
	at org.apache.hadoop.fs.shell.CommandWithDestination.processPathArgument(CommandWithDestination.java:257)
	at org.apache.hadoop.fs.shell.Command.processArgument(Command.java:285)
	at org.apache.hadoop.fs.shell.Command.processArguments(Command.java:269)
	at org.apache.hadoop.fs.shell.CommandWithDestination.processArguments(CommandWithDestination.java:228)
	at org.apache.hadoop.fs.shell.FsCommand.processRawArguments(FsCommand.java:120)
	at org.apache.hadoop.fs.shell.Command.run(Command.java:176)
	at org.apache.hadoop.fs.FsShell.run(FsShell.java:328)
	at org.apache.hadoop.util.ToolRunner.run(ToolRunner.java:76)
	at org.apache.hadoop.util.ToolRunner.run(ToolRunner.java:90)
	at org.apache.hadoop.fs.FsShell.main(FsShell.java:391)
2019-03-01 10:09:09,650 INFO hdfs.DFSClient: Successfully connected to /10.10.1.5:9866 for BP-258834523-130.127.133.101-1551459924751:blk_1073741926_1102
file 3 has been read from HDFS for 8 time
diff succeed!
2019-03-01 10:09:26,428 WARN impl.BlockReaderFactory: I/O error constructing remote block reader.
java.io.IOException: Connection reset by peer
	at sun.nio.ch.FileDispatcherImpl.read0(Native Method)
	at sun.nio.ch.SocketDispatcher.read(SocketDispatcher.java:39)
	at sun.nio.ch.IOUtil.readIntoNativeBuffer(IOUtil.java:223)
	at sun.nio.ch.IOUtil.read(IOUtil.java:197)
	at sun.nio.ch.SocketChannelImpl.read(SocketChannelImpl.java:380)
	at org.apache.hadoop.net.SocketInputStream$Reader.performIO(SocketInputStream.java:57)
	at org.apache.hadoop.net.SocketIOWithTimeout.doIO(SocketIOWithTimeout.java:142)
	at org.apache.hadoop.net.SocketInputStream.read(SocketInputStream.java:161)
	at org.apache.hadoop.net.SocketInputStream.read(SocketInputStream.java:131)
	at org.apache.hadoop.net.SocketInputStream.read(SocketInputStream.java:118)
	at java.io.FilterInputStream.read(FilterInputStream.java:83)
	at org.apache.hadoop.hdfs.protocolPB.PBHelperClient.vintPrefixed(PBHelperClient.java:547)
	at org.apache.hadoop.hdfs.client.impl.BlockReaderRemote.newBlockReader(BlockReaderRemote.java:407)
	at org.apache.hadoop.hdfs.client.impl.BlockReaderFactory.getRemoteBlockReader(BlockReaderFactory.java:853)
	at org.apache.hadoop.hdfs.client.impl.BlockReaderFactory.getRemoteBlockReaderFromTcp(BlockReaderFactory.java:749)
	at org.apache.hadoop.hdfs.client.impl.BlockReaderFactory.build(BlockReaderFactory.java:379)
	at org.apache.hadoop.hdfs.DFSInputStream.getBlockReader(DFSInputStream.java:641)
	at org.apache.hadoop.hdfs.DFSInputStream.blockSeekTo(DFSInputStream.java:572)
	at org.apache.hadoop.hdfs.DFSInputStream.readWithStrategy(DFSInputStream.java:754)
	at org.apache.hadoop.hdfs.DFSInputStream.read(DFSInputStream.java:820)
	at java.io.DataInputStream.read(DataInputStream.java:100)
	at org.apache.hadoop.io.IOUtils.copyBytes(IOUtils.java:100)
	at org.apache.hadoop.io.IOUtils.copyBytes(IOUtils.java:68)
	at org.apache.hadoop.io.IOUtils.copyBytes(IOUtils.java:129)
	at org.apache.hadoop.fs.shell.CommandWithDestination$TargetFileSystem.writeStreamToFile(CommandWithDestination.java:485)
	at org.apache.hadoop.fs.shell.CommandWithDestination.copyStreamToTarget(CommandWithDestination.java:407)
	at org.apache.hadoop.fs.shell.CommandWithDestination.copyFileToTarget(CommandWithDestination.java:342)
	at org.apache.hadoop.fs.shell.CommandWithDestination.processPath(CommandWithDestination.java:277)
	at org.apache.hadoop.fs.shell.CommandWithDestination.processPath(CommandWithDestination.java:262)
	at org.apache.hadoop.fs.shell.Command.processPaths(Command.java:331)
	at org.apache.hadoop.fs.shell.Command.processPathArgument(Command.java:303)
	at org.apache.hadoop.fs.shell.CommandWithDestination.processPathArgument(CommandWithDestination.java:257)
	at org.apache.hadoop.fs.shell.Command.processArgument(Command.java:285)
	at org.apache.hadoop.fs.shell.Command.processArguments(Command.java:269)
	at org.apache.hadoop.fs.shell.CommandWithDestination.processArguments(CommandWithDestination.java:228)
	at org.apache.hadoop.fs.shell.FsCommand.processRawArguments(FsCommand.java:120)
	at org.apache.hadoop.fs.shell.Command.run(Command.java:176)
	at org.apache.hadoop.fs.FsShell.run(FsShell.java:328)
	at org.apache.hadoop.util.ToolRunner.run(ToolRunner.java:76)
	at org.apache.hadoop.util.ToolRunner.run(ToolRunner.java:90)
	at org.apache.hadoop.fs.FsShell.main(FsShell.java:391)
2019-03-01 10:09:26,436 WARN hdfs.DFSClient: Failed to connect to /10.10.1.2:9866 for block BP-258834523-130.127.133.101-1551459924751:blk_1073741915_1091, add to deadNodes and continue. 
java.io.IOException: Connection reset by peer
	at sun.nio.ch.FileDispatcherImpl.read0(Native Method)
	at sun.nio.ch.SocketDispatcher.read(SocketDispatcher.java:39)
	at sun.nio.ch.IOUtil.readIntoNativeBuffer(IOUtil.java:223)
	at sun.nio.ch.IOUtil.read(IOUtil.java:197)
	at sun.nio.ch.SocketChannelImpl.read(SocketChannelImpl.java:380)
	at org.apache.hadoop.net.SocketInputStream$Reader.performIO(SocketInputStream.java:57)
	at org.apache.hadoop.net.SocketIOWithTimeout.doIO(SocketIOWithTimeout.java:142)
	at org.apache.hadoop.net.SocketInputStream.read(SocketInputStream.java:161)
	at org.apache.hadoop.net.SocketInputStream.read(SocketInputStream.java:131)
	at org.apache.hadoop.net.SocketInputStream.read(SocketInputStream.java:118)
	at java.io.FilterInputStream.read(FilterInputStream.java:83)
	at org.apache.hadoop.hdfs.protocolPB.PBHelperClient.vintPrefixed(PBHelperClient.java:547)
	at org.apache.hadoop.hdfs.client.impl.BlockReaderRemote.newBlockReader(BlockReaderRemote.java:407)
	at org.apache.hadoop.hdfs.client.impl.BlockReaderFactory.getRemoteBlockReader(BlockReaderFactory.java:853)
	at org.apache.hadoop.hdfs.client.impl.BlockReaderFactory.getRemoteBlockReaderFromTcp(BlockReaderFactory.java:749)
	at org.apache.hadoop.hdfs.client.impl.BlockReaderFactory.build(BlockReaderFactory.java:379)
	at org.apache.hadoop.hdfs.DFSInputStream.getBlockReader(DFSInputStream.java:641)
	at org.apache.hadoop.hdfs.DFSInputStream.blockSeekTo(DFSInputStream.java:572)
	at org.apache.hadoop.hdfs.DFSInputStream.readWithStrategy(DFSInputStream.java:754)
	at org.apache.hadoop.hdfs.DFSInputStream.read(DFSInputStream.java:820)
	at java.io.DataInputStream.read(DataInputStream.java:100)
	at org.apache.hadoop.io.IOUtils.copyBytes(IOUtils.java:100)
	at org.apache.hadoop.io.IOUtils.copyBytes(IOUtils.java:68)
	at org.apache.hadoop.io.IOUtils.copyBytes(IOUtils.java:129)
	at org.apache.hadoop.fs.shell.CommandWithDestination$TargetFileSystem.writeStreamToFile(CommandWithDestination.java:485)
	at org.apache.hadoop.fs.shell.CommandWithDestination.copyStreamToTarget(CommandWithDestination.java:407)
	at org.apache.hadoop.fs.shell.CommandWithDestination.copyFileToTarget(CommandWithDestination.java:342)
	at org.apache.hadoop.fs.shell.CommandWithDestination.processPath(CommandWithDestination.java:277)
	at org.apache.hadoop.fs.shell.CommandWithDestination.processPath(CommandWithDestination.java:262)
	at org.apache.hadoop.fs.shell.Command.processPaths(Command.java:331)
	at org.apache.hadoop.fs.shell.Command.processPathArgument(Command.java:303)
	at org.apache.hadoop.fs.shell.CommandWithDestination.processPathArgument(CommandWithDestination.java:257)
	at org.apache.hadoop.fs.shell.Command.processArgument(Command.java:285)
	at org.apache.hadoop.fs.shell.Command.processArguments(Command.java:269)
	at org.apache.hadoop.fs.shell.CommandWithDestination.processArguments(CommandWithDestination.java:228)
	at org.apache.hadoop.fs.shell.FsCommand.processRawArguments(FsCommand.java:120)
	at org.apache.hadoop.fs.shell.Command.run(Command.java:176)
	at org.apache.hadoop.fs.FsShell.run(FsShell.java:328)
	at org.apache.hadoop.util.ToolRunner.run(ToolRunner.java:76)
	at org.apache.hadoop.util.ToolRunner.run(ToolRunner.java:90)
	at org.apache.hadoop.fs.FsShell.main(FsShell.java:391)
2019-03-01 10:09:26,440 INFO hdfs.DFSClient: Successfully connected to /10.10.1.4:9866 for BP-258834523-130.127.133.101-1551459924751:blk_1073741915_1091
file 3 has been read from HDFS for 9 time
diff succeed!
2019-03-01 10:09:42,999 WARN impl.BlockReaderFactory: I/O error constructing remote block reader.
java.io.IOException: Connection reset by peer
	at sun.nio.ch.FileDispatcherImpl.read0(Native Method)
	at sun.nio.ch.SocketDispatcher.read(SocketDispatcher.java:39)
	at sun.nio.ch.IOUtil.readIntoNativeBuffer(IOUtil.java:223)
	at sun.nio.ch.IOUtil.read(IOUtil.java:197)
	at sun.nio.ch.SocketChannelImpl.read(SocketChannelImpl.java:380)
	at org.apache.hadoop.net.SocketInputStream$Reader.performIO(SocketInputStream.java:57)
	at org.apache.hadoop.net.SocketIOWithTimeout.doIO(SocketIOWithTimeout.java:142)
	at org.apache.hadoop.net.SocketInputStream.read(SocketInputStream.java:161)
	at org.apache.hadoop.net.SocketInputStream.read(SocketInputStream.java:131)
	at org.apache.hadoop.net.SocketInputStream.read(SocketInputStream.java:118)
	at java.io.FilterInputStream.read(FilterInputStream.java:83)
	at org.apache.hadoop.hdfs.protocolPB.PBHelperClient.vintPrefixed(PBHelperClient.java:547)
	at org.apache.hadoop.hdfs.client.impl.BlockReaderRemote.newBlockReader(BlockReaderRemote.java:407)
	at org.apache.hadoop.hdfs.client.impl.BlockReaderFactory.getRemoteBlockReader(BlockReaderFactory.java:853)
	at org.apache.hadoop.hdfs.client.impl.BlockReaderFactory.getRemoteBlockReaderFromTcp(BlockReaderFactory.java:749)
	at org.apache.hadoop.hdfs.client.impl.BlockReaderFactory.build(BlockReaderFactory.java:379)
	at org.apache.hadoop.hdfs.DFSInputStream.getBlockReader(DFSInputStream.java:641)
	at org.apache.hadoop.hdfs.DFSInputStream.blockSeekTo(DFSInputStream.java:572)
	at org.apache.hadoop.hdfs.DFSInputStream.readWithStrategy(DFSInputStream.java:754)
	at org.apache.hadoop.hdfs.DFSInputStream.read(DFSInputStream.java:820)
	at java.io.DataInputStream.read(DataInputStream.java:100)
	at org.apache.hadoop.io.IOUtils.copyBytes(IOUtils.java:100)
	at org.apache.hadoop.io.IOUtils.copyBytes(IOUtils.java:68)
	at org.apache.hadoop.io.IOUtils.copyBytes(IOUtils.java:129)
	at org.apache.hadoop.fs.shell.CommandWithDestination$TargetFileSystem.writeStreamToFile(CommandWithDestination.java:485)
	at org.apache.hadoop.fs.shell.CommandWithDestination.copyStreamToTarget(CommandWithDestination.java:407)
	at org.apache.hadoop.fs.shell.CommandWithDestination.copyFileToTarget(CommandWithDestination.java:342)
	at org.apache.hadoop.fs.shell.CommandWithDestination.processPath(CommandWithDestination.java:277)
	at org.apache.hadoop.fs.shell.CommandWithDestination.processPath(CommandWithDestination.java:262)
	at org.apache.hadoop.fs.shell.Command.processPaths(Command.java:331)
	at org.apache.hadoop.fs.shell.Command.processPathArgument(Command.java:303)
	at org.apache.hadoop.fs.shell.CommandWithDestination.processPathArgument(CommandWithDestination.java:257)
	at org.apache.hadoop.fs.shell.Command.processArgument(Command.java:285)
	at org.apache.hadoop.fs.shell.Command.processArguments(Command.java:269)
	at org.apache.hadoop.fs.shell.CommandWithDestination.processArguments(CommandWithDestination.java:228)
	at org.apache.hadoop.fs.shell.FsCommand.processRawArguments(FsCommand.java:120)
	at org.apache.hadoop.fs.shell.Command.run(Command.java:176)
	at org.apache.hadoop.fs.FsShell.run(FsShell.java:328)
	at org.apache.hadoop.util.ToolRunner.run(ToolRunner.java:76)
	at org.apache.hadoop.util.ToolRunner.run(ToolRunner.java:90)
	at org.apache.hadoop.fs.FsShell.main(FsShell.java:391)
2019-03-01 10:09:43,007 WARN hdfs.DFSClient: Failed to connect to /10.10.1.2:9866 for block BP-258834523-130.127.133.101-1551459924751:blk_1073741896_1072, add to deadNodes and continue. 
java.io.IOException: Connection reset by peer
	at sun.nio.ch.FileDispatcherImpl.read0(Native Method)
	at sun.nio.ch.SocketDispatcher.read(SocketDispatcher.java:39)
	at sun.nio.ch.IOUtil.readIntoNativeBuffer(IOUtil.java:223)
	at sun.nio.ch.IOUtil.read(IOUtil.java:197)
	at sun.nio.ch.SocketChannelImpl.read(SocketChannelImpl.java:380)
	at org.apache.hadoop.net.SocketInputStream$Reader.performIO(SocketInputStream.java:57)
	at org.apache.hadoop.net.SocketIOWithTimeout.doIO(SocketIOWithTimeout.java:142)
	at org.apache.hadoop.net.SocketInputStream.read(SocketInputStream.java:161)
	at org.apache.hadoop.net.SocketInputStream.read(SocketInputStream.java:131)
	at org.apache.hadoop.net.SocketInputStream.read(SocketInputStream.java:118)
	at java.io.FilterInputStream.read(FilterInputStream.java:83)
	at org.apache.hadoop.hdfs.protocolPB.PBHelperClient.vintPrefixed(PBHelperClient.java:547)
	at org.apache.hadoop.hdfs.client.impl.BlockReaderRemote.newBlockReader(BlockReaderRemote.java:407)
	at org.apache.hadoop.hdfs.client.impl.BlockReaderFactory.getRemoteBlockReader(BlockReaderFactory.java:853)
	at org.apache.hadoop.hdfs.client.impl.BlockReaderFactory.getRemoteBlockReaderFromTcp(BlockReaderFactory.java:749)
	at org.apache.hadoop.hdfs.client.impl.BlockReaderFactory.build(BlockReaderFactory.java:379)
	at org.apache.hadoop.hdfs.DFSInputStream.getBlockReader(DFSInputStream.java:641)
	at org.apache.hadoop.hdfs.DFSInputStream.blockSeekTo(DFSInputStream.java:572)
	at org.apache.hadoop.hdfs.DFSInputStream.readWithStrategy(DFSInputStream.java:754)
	at org.apache.hadoop.hdfs.DFSInputStream.read(DFSInputStream.java:820)
	at java.io.DataInputStream.read(DataInputStream.java:100)
	at org.apache.hadoop.io.IOUtils.copyBytes(IOUtils.java:100)
	at org.apache.hadoop.io.IOUtils.copyBytes(IOUtils.java:68)
	at org.apache.hadoop.io.IOUtils.copyBytes(IOUtils.java:129)
	at org.apache.hadoop.fs.shell.CommandWithDestination$TargetFileSystem.writeStreamToFile(CommandWithDestination.java:485)
	at org.apache.hadoop.fs.shell.CommandWithDestination.copyStreamToTarget(CommandWithDestination.java:407)
	at org.apache.hadoop.fs.shell.CommandWithDestination.copyFileToTarget(CommandWithDestination.java:342)
	at org.apache.hadoop.fs.shell.CommandWithDestination.processPath(CommandWithDestination.java:277)
	at org.apache.hadoop.fs.shell.CommandWithDestination.processPath(CommandWithDestination.java:262)
	at org.apache.hadoop.fs.shell.Command.processPaths(Command.java:331)
	at org.apache.hadoop.fs.shell.Command.processPathArgument(Command.java:303)
	at org.apache.hadoop.fs.shell.CommandWithDestination.processPathArgument(CommandWithDestination.java:257)
	at org.apache.hadoop.fs.shell.Command.processArgument(Command.java:285)
	at org.apache.hadoop.fs.shell.Command.processArguments(Command.java:269)
	at org.apache.hadoop.fs.shell.CommandWithDestination.processArguments(CommandWithDestination.java:228)
	at org.apache.hadoop.fs.shell.FsCommand.processRawArguments(FsCommand.java:120)
	at org.apache.hadoop.fs.shell.Command.run(Command.java:176)
	at org.apache.hadoop.fs.FsShell.run(FsShell.java:328)
	at org.apache.hadoop.util.ToolRunner.run(ToolRunner.java:76)
	at org.apache.hadoop.util.ToolRunner.run(ToolRunner.java:90)
	at org.apache.hadoop.fs.FsShell.main(FsShell.java:391)
2019-03-01 10:09:43,012 INFO hdfs.DFSClient: Successfully connected to /10.10.1.4:9866 for BP-258834523-130.127.133.101-1551459924751:blk_1073741896_1072
file 3 has been read from HDFS for 10 time
diff succeed!
Deleted /myfile3
file 3 has been removed from HDFS
2019-03-01 10:10:11,238 INFO hdfs.DataStreamer: Exception in createBlockOutputStream blk_1073741991_1170
java.io.IOException: Got error, status=ERROR, status message , ack with firstBadLink as 10.10.1.2:9866
	at org.apache.hadoop.hdfs.protocol.datatransfer.DataTransferProtoUtil.checkBlockOpStatus(DataTransferProtoUtil.java:134)
	at org.apache.hadoop.hdfs.protocol.datatransfer.DataTransferProtoUtil.checkBlockOpStatus(DataTransferProtoUtil.java:110)
	at org.apache.hadoop.hdfs.DataStreamer.createBlockOutputStream(DataStreamer.java:1778)
	at org.apache.hadoop.hdfs.DataStreamer.nextBlockOutputStream(DataStreamer.java:1679)
	at org.apache.hadoop.hdfs.DataStreamer.run(DataStreamer.java:716)
2019-03-01 10:10:11,243 WARN hdfs.DataStreamer: Abandoning BP-258834523-130.127.133.101-1551459924751:blk_1073741991_1170
2019-03-01 10:10:11,268 WARN hdfs.DataStreamer: Excluding datanode DatanodeInfoWithStorage[10.10.1.2:9866,DS-24815efc-5064-4fd1-a028-0738581a015d,DISK]
Found 18 items
-rw-r--r--   3 root supergroup 1073741824 2019-03-01 10:10 /myfile1
-rw-r--r--   3 root supergroup 1073741824 2019-03-01 10:06 /myfile10
-rw-r--r--   3 root supergroup 1073741824 2019-03-01 10:10 /myfile11
-rw-r--r--   3 root supergroup 1073741824 2019-03-01 10:07 /myfile12
-rw-r--r--   3 root supergroup  671088640 2019-03-01 10:10 /myfile13._COPYING_
-rw-r--r--   3 root supergroup 1073741824 2019-03-01 10:10 /myfile15
-rw-r--r--   3 root supergroup 1073741824 2019-03-01 10:10 /myfile16
-rw-r--r--   3 root supergroup 1073741824 2019-03-01 10:06 /myfile17
-rw-r--r--   3 root supergroup 1073741824 2019-03-01 10:06 /myfile18
-rw-r--r--   3 root supergroup 1073741824 2019-03-01 10:10 /myfile19
-rw-r--r--   3 root supergroup 1073741824 2019-03-01 10:06 /myfile2
-rw-r--r--   3 root supergroup 1073741824 2019-03-01 10:10 /myfile3
-rw-r--r--   3 root supergroup 1073741824 2019-03-01 10:07 /myfile4
-rw-r--r--   3 root supergroup 1073741824 2019-03-01 10:06 /myfile5
-rw-r--r--   3 root supergroup 1073741824 2019-03-01 10:06 /myfile6
-rw-r--r--   3 root supergroup 1073741824 2019-03-01 10:07 /myfile7
-rw-r--r--   3 root supergroup 1073741824 2019-03-01 10:06 /myfile8
-rw-r--r--   3 root supergroup 1073741824 2019-03-01 10:10 /myfile9
file 3 has been put into HDFS
file 3 has been read from HDFS for 1 time
diff succeed!
file 3 has been read from HDFS for 2 time
diff succeed!
file 3 has been read from HDFS for 3 time
diff succeed!
file 3 has been read from HDFS for 4 time
diff succeed!
file 3 has been read from HDFS for 5 time
diff succeed!
file 3 has been read from HDFS for 6 time
diff succeed!
file 3 has been read from HDFS for 7 time
diff succeed!
file 3 has been read from HDFS for 8 time
diff succeed!
file 3 has been read from HDFS for 9 time
diff succeed!
file 3 has been read from HDFS for 10 time
diff succeed!
Deleted /myfile3
file 3 has been removed from HDFS
2019-03-01 10:15:58,088 INFO hdfs.DataStreamer: Exception in createBlockOutputStream blk_1073742241_1420
java.io.IOException: Got error, status=ERROR, status message , ack with firstBadLink as 10.10.1.2:9866
	at org.apache.hadoop.hdfs.protocol.datatransfer.DataTransferProtoUtil.checkBlockOpStatus(DataTransferProtoUtil.java:134)
	at org.apache.hadoop.hdfs.protocol.datatransfer.DataTransferProtoUtil.checkBlockOpStatus(DataTransferProtoUtil.java:110)
	at org.apache.hadoop.hdfs.DataStreamer.createBlockOutputStream(DataStreamer.java:1778)
	at org.apache.hadoop.hdfs.DataStreamer.nextBlockOutputStream(DataStreamer.java:1679)
	at org.apache.hadoop.hdfs.DataStreamer.run(DataStreamer.java:716)
2019-03-01 10:15:58,091 WARN hdfs.DataStreamer: Abandoning BP-258834523-130.127.133.101-1551459924751:blk_1073742241_1420
2019-03-01 10:15:58,118 WARN hdfs.DataStreamer: Excluding datanode DatanodeInfoWithStorage[10.10.1.2:9866,DS-24815efc-5064-4fd1-a028-0738581a015d,DISK]
Found 18 items
-rw-r--r--   3 root supergroup 1073741824 2019-03-01 10:15 /myfile1
-rw-r--r--   3 root supergroup 1073741824 2019-03-01 10:12 /myfile10
-rw-r--r--   3 root supergroup 1073741824 2019-03-01 10:15 /myfile11
-rw-r--r--   3 root supergroup 1073741824 2019-03-01 10:15 /myfile12
-rw-r--r--   3 root supergroup 1073741824 2019-03-01 10:15 /myfile13
-rw-r--r--   3 root supergroup 1073741824 2019-03-01 10:14 /myfile14
-rw-r--r--   3 root supergroup  134217728 2019-03-01 10:16 /myfile15._COPYING_
-rw-r--r--   3 root supergroup 1073741824 2019-03-01 10:16 /myfile16
-rw-r--r--   3 root supergroup  671088640 2019-03-01 10:16 /myfile17._COPYING_
-rw-r--r--   3 root supergroup 1073741824 2019-03-01 10:13 /myfile18
-rw-r--r--   3 root supergroup 1073741824 2019-03-01 10:16 /myfile19
-rw-r--r--   3 root supergroup 1073741824 2019-03-01 10:12 /myfile2
-rw-r--r--   3 root supergroup 1073741824 2019-03-01 10:15 /myfile20
-rw-r--r--   3 root supergroup 1073741824 2019-03-01 10:16 /myfile3
-rw-r--r--   3 root supergroup 1073741824 2019-03-01 10:16 /myfile4
-rw-r--r--   3 root supergroup 1073741824 2019-03-01 10:13 /myfile5
-rw-r--r--   3 root supergroup 1073741824 2019-03-01 10:15 /myfile7
-rw-r--r--   3 root supergroup 1073741824 2019-03-01 10:15 /myfile9
file 3 has been put into HDFS
file 3 has been read from HDFS for 1 time
diff succeed!
file 3 has been read from HDFS for 2 time
diff succeed!
file 3 has been read from HDFS for 3 time
diff succeed!
file 3 has been read from HDFS for 4 time
diff succeed!
file 3 has been read from HDFS for 5 time
diff succeed!
file 3 has been read from HDFS for 6 time
diff succeed!
file 3 has been read from HDFS for 7 time
diff succeed!
file 3 has been read from HDFS for 8 time
diff succeed!
file 3 has been read from HDFS for 9 time
diff succeed!
file 3 has been read from HDFS for 10 time
diff succeed!
Deleted /myfile3
file 3 has been removed from HDFS
sub_benchmark 10 signal TERM catched and let quit gracefully
