Found 20 items
-rw-r--r--   3 root supergroup  939524096 2019-02-19 18:03 /myfile1._COPYING_
-rw-r--r--   3 root supergroup 1073741824 2019-02-19 18:03 /myfile10
-rw-r--r--   3 root supergroup 1073741824 2019-02-19 18:03 /myfile11
-rw-r--r--   3 root supergroup 1073741824 2019-02-19 18:03 /myfile12
-rw-r--r--   3 root supergroup  939524096 2019-02-19 18:03 /myfile13._COPYING_
-rw-r--r--   3 root supergroup 1073741824 2019-02-19 18:03 /myfile14
-rw-r--r--   3 root supergroup  939524096 2019-02-19 18:03 /myfile15._COPYING_
-rw-r--r--   3 root supergroup 1073741824 2019-02-19 18:03 /myfile16
-rw-r--r--   3 root supergroup 1073741824 2019-02-19 18:03 /myfile17
-rw-r--r--   3 root supergroup 1073741824 2019-02-19 18:03 /myfile18
-rw-r--r--   3 root supergroup 1073741824 2019-02-19 18:03 /myfile19
-rw-r--r--   3 root supergroup 1073741824 2019-02-19 18:03 /myfile2
-rw-r--r--   3 root supergroup 1073741824 2019-02-19 18:03 /myfile20
-rw-r--r--   3 root supergroup 1073741824 2019-02-19 18:03 /myfile3
-rw-r--r--   3 root supergroup 1073741824 2019-02-19 18:03 /myfile4
-rw-r--r--   3 root supergroup 1073741824 2019-02-19 18:03 /myfile5
-rw-r--r--   3 root supergroup 1073741824 2019-02-19 18:03 /myfile6
-rw-r--r--   3 root supergroup 1073741824 2019-02-19 18:03 /myfile7
-rw-r--r--   3 root supergroup 1073741824 2019-02-19 18:03 /myfile8
-rw-r--r--   3 root supergroup 1073741824 2019-02-19 18:03 /myfile9
file 2 has been put into HDFS
file 2 has been read from HDFS for 1 time
diff succeed!
file 2 has been read from HDFS for 2 time
diff succeed!
file 2 has been read from HDFS for 3 time
diff succeed!
file 2 has been read from HDFS for 4 time
diff succeed!
file 2 has been read from HDFS for 5 time
diff succeed!
file 2 has been read from HDFS for 6 time
diff succeed!
file 2 has been read from HDFS for 7 time
diff succeed!
file 2 has been read from HDFS for 8 time
diff succeed!
file 2 has been read from HDFS for 9 time
diff succeed!
file 2 has been read from HDFS for 10 time
diff succeed!
Deleted /myfile2
file 2 has been removed from HDFS
Found 20 items
-rw-r--r--   3 root supergroup 1073741824 2019-02-19 18:08 /myfile1
-rw-r--r--   3 root supergroup 1073741824 2019-02-19 18:08 /myfile10
-rw-r--r--   3 root supergroup 1073741824 2019-02-19 18:08 /myfile11
-rw-r--r--   3 root supergroup 1073741824 2019-02-19 18:08 /myfile12
-rw-r--r--   3 root supergroup 1073741824 2019-02-19 18:08 /myfile13
-rw-r--r--   3 root supergroup 1073741824 2019-02-19 18:08 /myfile14
-rw-r--r--   3 root supergroup 1073741824 2019-02-19 18:08 /myfile15
-rw-r--r--   3 root supergroup 1073741824 2019-02-19 18:08 /myfile16
-rw-r--r--   3 root supergroup 1073741824 2019-02-19 18:08 /myfile17
-rw-r--r--   3 root supergroup 1073741824 2019-02-19 18:08 /myfile18
-rw-r--r--   3 root supergroup 1073741824 2019-02-19 18:07 /myfile19
-rw-r--r--   3 root supergroup 1073741824 2019-02-19 18:08 /myfile2
-rw-r--r--   3 root supergroup 1073741824 2019-02-19 18:08 /myfile20
-rw-r--r--   3 root supergroup 1073741824 2019-02-19 18:08 /myfile3
-rw-r--r--   3 root supergroup 1073741824 2019-02-19 18:08 /myfile4
-rw-r--r--   3 root supergroup 1073741824 2019-02-19 18:07 /myfile5
-rw-r--r--   3 root supergroup 1073741824 2019-02-19 18:07 /myfile6
-rw-r--r--   3 root supergroup 1073741824 2019-02-19 18:07 /myfile7
-rw-r--r--   3 root supergroup 1073741824 2019-02-19 18:07 /myfile8
-rw-r--r--   3 root supergroup 1073741824 2019-02-19 18:08 /myfile9
file 2 has been put into HDFS
file 2 has been read from HDFS for 1 time
diff succeed!
file 2 has been read from HDFS for 2 time
diff succeed!
file 2 has been read from HDFS for 3 time
diff succeed!
file 2 has been read from HDFS for 4 time
diff succeed!
file 2 has been read from HDFS for 5 time
diff succeed!
file 2 has been read from HDFS for 6 time
diff succeed!
file 2 has been read from HDFS for 7 time
diff succeed!
file 2 has been read from HDFS for 8 time
diff succeed!
file 2 has been read from HDFS for 9 time
diff succeed!
file 2 has been read from HDFS for 10 time
diff succeed!
Deleted /myfile2
file 2 has been removed from HDFS
Found 20 items
-rw-r--r--   3 root supergroup 1073741824 2019-02-19 18:12 /myfile1
-rw-r--r--   3 root supergroup 1073741824 2019-02-19 18:12 /myfile10
-rw-r--r--   3 root supergroup 1073741824 2019-02-19 18:12 /myfile11
-rw-r--r--   3 root supergroup 1073741824 2019-02-19 18:12 /myfile12
-rw-r--r--   3 root supergroup 1073741824 2019-02-19 18:12 /myfile13
-rw-r--r--   3 root supergroup 1073741824 2019-02-19 18:12 /myfile14
-rw-r--r--   3 root supergroup 1073741824 2019-02-19 18:12 /myfile15
-rw-r--r--   3 root supergroup 1073741824 2019-02-19 18:12 /myfile16
-rw-r--r--   3 root supergroup 1073741824 2019-02-19 18:12 /myfile17
-rw-r--r--   3 root supergroup 1073741824 2019-02-19 18:12 /myfile18
-rw-r--r--   3 root supergroup 1073741824 2019-02-19 18:12 /myfile19
-rw-r--r--   3 root supergroup 1073741824 2019-02-19 18:12 /myfile2
-rw-r--r--   3 root supergroup 1073741824 2019-02-19 18:12 /myfile20
-rw-r--r--   3 root supergroup 1073741824 2019-02-19 18:12 /myfile3
-rw-r--r--   3 root supergroup 1073741824 2019-02-19 18:12 /myfile4
-rw-r--r--   3 root supergroup 1073741824 2019-02-19 18:12 /myfile5
-rw-r--r--   3 root supergroup 1073741824 2019-02-19 18:12 /myfile6
-rw-r--r--   3 root supergroup 1073741824 2019-02-19 18:12 /myfile7
-rw-r--r--   3 root supergroup 1073741824 2019-02-19 18:12 /myfile8
-rw-r--r--   3 root supergroup 1073741824 2019-02-19 18:12 /myfile9
file 2 has been put into HDFS
file 2 has been read from HDFS for 1 time
diff succeed!
file 2 has been read from HDFS for 2 time
diff succeed!
file 2 has been read from HDFS for 3 time
diff succeed!
file 2 has been read from HDFS for 4 time
diff succeed!
file 2 has been read from HDFS for 5 time
diff succeed!
file 2 has been read from HDFS for 6 time
diff succeed!
2019-02-19 18:15:06,800 INFO retry.RetryInvocationHandler: java.net.ConnectException: Call From clnode076.clemson.cloudlab.us/130.127.133.85 to node-1-link-0:8020 failed on connection exception: java.net.ConnectException: Connection refused; For more details see:  http://wiki.apache.org/hadoop/ConnectionRefused, while invoking ClientNamenodeProtocolTranslatorPB.getFileInfo over node-1-link-0/10.10.1.4:8020 after 1 failover attempts. Trying to failover after sleeping for 1421ms.
file 2 has been read from HDFS for 7 time
diff succeed!
file 2 has been read from HDFS for 8 time
diff succeed!
file 2 has been read from HDFS for 9 time
diff succeed!
file 2 has been read from HDFS for 10 time
diff succeed!
Deleted /myfile2
file 2 has been removed from HDFS
Found 20 items
-rw-r--r--   3 root supergroup 1073741824 2019-02-19 18:17 /myfile1
-rw-r--r--   3 root supergroup 1073741824 2019-02-19 18:17 /myfile10
-rw-r--r--   3 root supergroup 1073741824 2019-02-19 18:17 /myfile11
-rw-r--r--   3 root supergroup 1073741824 2019-02-19 18:17 /myfile12
-rw-r--r--   3 root supergroup 1073741824 2019-02-19 18:17 /myfile13
-rw-r--r--   3 root supergroup 1073741824 2019-02-19 18:17 /myfile14
-rw-r--r--   3 root supergroup 1073741824 2019-02-19 18:17 /myfile15
-rw-r--r--   3 root supergroup 1073741824 2019-02-19 18:17 /myfile16
-rw-r--r--   3 root supergroup 1073741824 2019-02-19 18:17 /myfile17
-rw-r--r--   3 root supergroup 1073741824 2019-02-19 18:17 /myfile18
-rw-r--r--   3 root supergroup 1073741824 2019-02-19 18:17 /myfile19
-rw-r--r--   3 root supergroup 1073741824 2019-02-19 18:17 /myfile2
-rw-r--r--   3 root supergroup 1073741824 2019-02-19 18:17 /myfile20
-rw-r--r--   3 root supergroup 1073741824 2019-02-19 18:17 /myfile3
-rw-r--r--   3 root supergroup 1073741824 2019-02-19 18:17 /myfile4
-rw-r--r--   3 root supergroup 1073741824 2019-02-19 18:17 /myfile5
-rw-r--r--   3 root supergroup 1073741824 2019-02-19 18:17 /myfile6
-rw-r--r--   3 root supergroup 1073741824 2019-02-19 18:17 /myfile7
-rw-r--r--   3 root supergroup 1073741824 2019-02-19 18:17 /myfile8
-rw-r--r--   3 root supergroup 1073741824 2019-02-19 18:17 /myfile9
file 2 has been put into HDFS
file 2 has been read from HDFS for 1 time
diff succeed!
file 2 has been read from HDFS for 2 time
diff succeed!
file 2 has been read from HDFS for 3 time
diff succeed!
file 2 has been read from HDFS for 4 time
diff succeed!
file 2 has been read from HDFS for 5 time
diff succeed!
file 2 has been read from HDFS for 6 time
diff succeed!
file 2 has been read from HDFS for 7 time
diff succeed!
file 2 has been read from HDFS for 8 time
diff succeed!
file 2 has been read from HDFS for 9 time
diff succeed!
file 2 has been read from HDFS for 10 time
diff succeed!
Deleted /myfile2
file 2 has been removed from HDFS
Found 20 items
-rw-r--r--   3 root supergroup 1073741824 2019-02-19 18:23 /myfile1
-rw-r--r--   3 root supergroup 1073741824 2019-02-19 18:23 /myfile10
-rw-r--r--   3 root supergroup 1073741824 2019-02-19 18:23 /myfile11
-rw-r--r--   3 root supergroup 1073741824 2019-02-19 18:23 /myfile12
-rw-r--r--   3 root supergroup 1073741824 2019-02-19 18:23 /myfile13
-rw-r--r--   3 root supergroup 1073741824 2019-02-19 18:22 /myfile14
-rw-r--r--   3 root supergroup 1073741824 2019-02-19 18:23 /myfile15
-rw-r--r--   3 root supergroup 1073741824 2019-02-19 18:23 /myfile16
-rw-r--r--   3 root supergroup 1073741824 2019-02-19 18:23 /myfile17
-rw-r--r--   3 root supergroup 1073741824 2019-02-19 18:23 /myfile18
-rw-r--r--   3 root supergroup 1073741824 2019-02-19 18:23 /myfile19
-rw-r--r--   3 root supergroup 1073741824 2019-02-19 18:23 /myfile2
-rw-r--r--   3 root supergroup 1073741824 2019-02-19 18:23 /myfile20
-rw-r--r--   3 root supergroup 1073741824 2019-02-19 18:23 /myfile3
-rw-r--r--   3 root supergroup 1073741824 2019-02-19 18:23 /myfile4
-rw-r--r--   3 root supergroup 1073741824 2019-02-19 18:22 /myfile5
-rw-r--r--   3 root supergroup 1073741824 2019-02-19 18:22 /myfile6
-rw-r--r--   3 root supergroup 1073741824 2019-02-19 18:22 /myfile7
-rw-r--r--   3 root supergroup 1073741824 2019-02-19 18:23 /myfile8
-rw-r--r--   3 root supergroup 1073741824 2019-02-19 18:22 /myfile9
file 2 has been put into HDFS
file 2 has been read from HDFS for 1 time
diff succeed!
file 2 has been read from HDFS for 2 time
diff succeed!
file 2 has been read from HDFS for 3 time
diff succeed!
file 2 has been read from HDFS for 4 time
diff succeed!
file 2 has been read from HDFS for 5 time
diff succeed!
file 2 has been read from HDFS for 6 time
diff succeed!
file 2 has been read from HDFS for 7 time
diff succeed!
file 2 has been read from HDFS for 8 time
diff succeed!
file 2 has been read from HDFS for 9 time
diff succeed!
file 2 has been read from HDFS for 10 time
diff succeed!
Deleted /myfile2
file 2 has been removed from HDFS
2019-02-19 18:26:51,987 INFO retry.RetryInvocationHandler: org.apache.hadoop.ipc.RemoteException(org.apache.hadoop.ipc.RetriableException): org.apache.hadoop.hdfs.server.namenode.SafeModeException: Cannot create file/myfile2._COPYING_. Name node is in safe mode.
The reported blocks 49 has reached the threshold 0.9990 of total blocks 49. The number of live datanodes 3 has reached the minimum number 0. In safe mode extension. Safe mode will be turned off automatically in 27 seconds. NamenodeHostName:node-1-link-0
	at org.apache.hadoop.hdfs.server.namenode.FSNamesystem.checkNameNodeSafeMode(FSNamesystem.java:1441)
	at org.apache.hadoop.hdfs.server.namenode.FSNamesystem.startFileInt(FSNamesystem.java:2401)
	at org.apache.hadoop.hdfs.server.namenode.FSNamesystem.startFile(FSNamesystem.java:2347)
	at org.apache.hadoop.hdfs.server.namenode.NameNodeRpcServer.create(NameNodeRpcServer.java:774)
	at org.apache.hadoop.hdfs.protocolPB.ClientNamenodeProtocolServerSideTranslatorPB.create(ClientNamenodeProtocolServerSideTranslatorPB.java:462)
	at org.apache.hadoop.hdfs.protocol.proto.ClientNamenodeProtocolProtos$ClientNamenodeProtocol$2.callBlockingMethod(ClientNamenodeProtocolProtos.java)
	at org.apache.hadoop.ipc.ProtobufRpcEngine$Server$ProtoBufRpcInvoker.call(ProtobufRpcEngine.java:523)
	at org.apache.hadoop.ipc.RPC$Server.call(RPC.java:991)
	at org.apache.hadoop.ipc.Server$RpcCall.run(Server.java:872)
	at org.apache.hadoop.ipc.Server$RpcCall.run(Server.java:818)
	at java.security.AccessController.doPrivileged(Native Method)
	at javax.security.auth.Subject.doAs(Subject.java:422)
	at org.apache.hadoop.security.UserGroupInformation.doAs(UserGroupInformation.java:1729)
	at org.apache.hadoop.ipc.Server$Handler.run(Server.java:2678)
Caused by: org.apache.hadoop.hdfs.server.namenode.SafeModeException: Cannot create file/myfile2._COPYING_. Name node is in safe mode.
The reported blocks 49 has reached the threshold 0.9990 of total blocks 49. The number of live datanodes 3 has reached the minimum number 0. In safe mode extension. Safe mode will be turned off automatically in 27 seconds. NamenodeHostName:node-1-link-0
	at org.apache.hadoop.hdfs.server.namenode.FSNamesystem.newSafemodeException(FSNamesystem.java:1450)
	at org.apache.hadoop.hdfs.server.namenode.FSNamesystem.checkNameNodeSafeMode(FSNamesystem.java:1437)
	... 13 more
, while invoking ClientNamenodeProtocolTranslatorPB.create over node-1-link-0/10.10.1.4:8020. Retrying immediately.
2019-02-19 18:26:51,993 INFO retry.RetryInvocationHandler: org.apache.hadoop.ipc.RemoteException(org.apache.hadoop.ipc.RetriableException): org.apache.hadoop.hdfs.server.namenode.SafeModeException: Cannot create file/myfile2._COPYING_. Name node is in safe mode.
The reported blocks 49 has reached the threshold 0.9990 of total blocks 49. The number of live datanodes 3 has reached the minimum number 0. In safe mode extension. Safe mode will be turned off automatically in 27 seconds. NamenodeHostName:node-1-link-0
	at org.apache.hadoop.hdfs.server.namenode.FSNamesystem.checkNameNodeSafeMode(FSNamesystem.java:1441)
	at org.apache.hadoop.hdfs.server.namenode.FSNamesystem.startFileInt(FSNamesystem.java:2401)
	at org.apache.hadoop.hdfs.server.namenode.FSNamesystem.startFile(FSNamesystem.java:2347)
	at org.apache.hadoop.hdfs.server.namenode.NameNodeRpcServer.create(NameNodeRpcServer.java:774)
	at org.apache.hadoop.hdfs.protocolPB.ClientNamenodeProtocolServerSideTranslatorPB.create(ClientNamenodeProtocolServerSideTranslatorPB.java:462)
	at org.apache.hadoop.hdfs.protocol.proto.ClientNamenodeProtocolProtos$ClientNamenodeProtocol$2.callBlockingMethod(ClientNamenodeProtocolProtos.java)
	at org.apache.hadoop.ipc.ProtobufRpcEngine$Server$ProtoBufRpcInvoker.call(ProtobufRpcEngine.java:523)
	at org.apache.hadoop.ipc.RPC$Server.call(RPC.java:991)
	at org.apache.hadoop.ipc.Server$RpcCall.run(Server.java:872)
	at org.apache.hadoop.ipc.Server$RpcCall.run(Server.java:818)
	at java.security.AccessController.doPrivileged(Native Method)
	at javax.security.auth.Subject.doAs(Subject.java:422)
	at org.apache.hadoop.security.UserGroupInformation.doAs(UserGroupInformation.java:1729)
	at org.apache.hadoop.ipc.Server$Handler.run(Server.java:2678)
Caused by: org.apache.hadoop.hdfs.server.namenode.SafeModeException: Cannot create file/myfile2._COPYING_. Name node is in safe mode.
The reported blocks 49 has reached the threshold 0.9990 of total blocks 49. The number of live datanodes 3 has reached the minimum number 0. In safe mode extension. Safe mode will be turned off automatically in 27 seconds. NamenodeHostName:node-1-link-0
	at org.apache.hadoop.hdfs.server.namenode.FSNamesystem.newSafemodeException(FSNamesystem.java:1450)
	at org.apache.hadoop.hdfs.server.namenode.FSNamesystem.checkNameNodeSafeMode(FSNamesystem.java:1437)
	... 13 more
, while invoking ClientNamenodeProtocolTranslatorPB.create over node-1-link-0/10.10.1.4:8020. Retrying after sleeping for 1238ms.
2019-02-19 18:26:53,234 INFO retry.RetryInvocationHandler: org.apache.hadoop.ipc.RemoteException(org.apache.hadoop.ipc.RetriableException): org.apache.hadoop.hdfs.server.namenode.SafeModeException: Cannot create file/myfile2._COPYING_. Name node is in safe mode.
The reported blocks 49 has reached the threshold 0.9990 of total blocks 49. The number of live datanodes 3 has reached the minimum number 0. In safe mode extension. Safe mode will be turned off automatically in 25 seconds. NamenodeHostName:node-1-link-0
	at org.apache.hadoop.hdfs.server.namenode.FSNamesystem.checkNameNodeSafeMode(FSNamesystem.java:1441)
	at org.apache.hadoop.hdfs.server.namenode.FSNamesystem.startFileInt(FSNamesystem.java:2401)
	at org.apache.hadoop.hdfs.server.namenode.FSNamesystem.startFile(FSNamesystem.java:2347)
	at org.apache.hadoop.hdfs.server.namenode.NameNodeRpcServer.create(NameNodeRpcServer.java:774)
	at org.apache.hadoop.hdfs.protocolPB.ClientNamenodeProtocolServerSideTranslatorPB.create(ClientNamenodeProtocolServerSideTranslatorPB.java:462)
	at org.apache.hadoop.hdfs.protocol.proto.ClientNamenodeProtocolProtos$ClientNamenodeProtocol$2.callBlockingMethod(ClientNamenodeProtocolProtos.java)
	at org.apache.hadoop.ipc.ProtobufRpcEngine$Server$ProtoBufRpcInvoker.call(ProtobufRpcEngine.java:523)
	at org.apache.hadoop.ipc.RPC$Server.call(RPC.java:991)
	at org.apache.hadoop.ipc.Server$RpcCall.run(Server.java:872)
	at org.apache.hadoop.ipc.Server$RpcCall.run(Server.java:818)
	at java.security.AccessController.doPrivileged(Native Method)
	at javax.security.auth.Subject.doAs(Subject.java:422)
	at org.apache.hadoop.security.UserGroupInformation.doAs(UserGroupInformation.java:1729)
	at org.apache.hadoop.ipc.Server$Handler.run(Server.java:2678)
Caused by: org.apache.hadoop.hdfs.server.namenode.SafeModeException: Cannot create file/myfile2._COPYING_. Name node is in safe mode.
The reported blocks 49 has reached the threshold 0.9990 of total blocks 49. The number of live datanodes 3 has reached the minimum number 0. In safe mode extension. Safe mode will be turned off automatically in 25 seconds. NamenodeHostName:node-1-link-0
	at org.apache.hadoop.hdfs.server.namenode.FSNamesystem.newSafemodeException(FSNamesystem.java:1450)
	at org.apache.hadoop.hdfs.server.namenode.FSNamesystem.checkNameNodeSafeMode(FSNamesystem.java:1437)
	... 13 more
, while invoking ClientNamenodeProtocolTranslatorPB.create over node-1-link-0/10.10.1.4:8020. Retrying after sleeping for 1440ms.
2019-02-19 18:26:54,676 INFO retry.RetryInvocationHandler: org.apache.hadoop.ipc.RemoteException(org.apache.hadoop.ipc.RetriableException): org.apache.hadoop.hdfs.server.namenode.SafeModeException: Cannot create file/myfile2._COPYING_. Name node is in safe mode.
The reported blocks 49 has reached the threshold 0.9990 of total blocks 49. The number of live datanodes 3 has reached the minimum number 0. In safe mode extension. Safe mode will be turned off automatically in 24 seconds. NamenodeHostName:node-1-link-0
	at org.apache.hadoop.hdfs.server.namenode.FSNamesystem.checkNameNodeSafeMode(FSNamesystem.java:1441)
	at org.apache.hadoop.hdfs.server.namenode.FSNamesystem.startFileInt(FSNamesystem.java:2401)
	at org.apache.hadoop.hdfs.server.namenode.FSNamesystem.startFile(FSNamesystem.java:2347)
	at org.apache.hadoop.hdfs.server.namenode.NameNodeRpcServer.create(NameNodeRpcServer.java:774)
	at org.apache.hadoop.hdfs.protocolPB.ClientNamenodeProtocolServerSideTranslatorPB.create(ClientNamenodeProtocolServerSideTranslatorPB.java:462)
	at org.apache.hadoop.hdfs.protocol.proto.ClientNamenodeProtocolProtos$ClientNamenodeProtocol$2.callBlockingMethod(ClientNamenodeProtocolProtos.java)
	at org.apache.hadoop.ipc.ProtobufRpcEngine$Server$ProtoBufRpcInvoker.call(ProtobufRpcEngine.java:523)
	at org.apache.hadoop.ipc.RPC$Server.call(RPC.java:991)
	at org.apache.hadoop.ipc.Server$RpcCall.run(Server.java:872)
	at org.apache.hadoop.ipc.Server$RpcCall.run(Server.java:818)
	at java.security.AccessController.doPrivileged(Native Method)
	at javax.security.auth.Subject.doAs(Subject.java:422)
	at org.apache.hadoop.security.UserGroupInformation.doAs(UserGroupInformation.java:1729)
	at org.apache.hadoop.ipc.Server$Handler.run(Server.java:2678)
Caused by: org.apache.hadoop.hdfs.server.namenode.SafeModeException: Cannot create file/myfile2._COPYING_. Name node is in safe mode.
The reported blocks 49 has reached the threshold 0.9990 of total blocks 49. The number of live datanodes 3 has reached the minimum number 0. In safe mode extension. Safe mode will be turned off automatically in 24 seconds. NamenodeHostName:node-1-link-0
	at org.apache.hadoop.hdfs.server.namenode.FSNamesystem.newSafemodeException(FSNamesystem.java:1450)
	at org.apache.hadoop.hdfs.server.namenode.FSNamesystem.checkNameNodeSafeMode(FSNamesystem.java:1437)
	... 13 more
, while invoking ClientNamenodeProtocolTranslatorPB.create over node-1-link-0/10.10.1.4:8020. Retrying after sleeping for 5687ms.
2019-02-19 18:27:00,366 INFO retry.RetryInvocationHandler: org.apache.hadoop.ipc.RemoteException(org.apache.hadoop.ipc.RetriableException): org.apache.hadoop.hdfs.server.namenode.SafeModeException: Cannot create file/myfile2._COPYING_. Name node is in safe mode.
The reported blocks 49 has reached the threshold 0.9990 of total blocks 49. The number of live datanodes 3 has reached the minimum number 0. In safe mode extension. Safe mode will be turned off automatically in 18 seconds. NamenodeHostName:node-1-link-0
	at org.apache.hadoop.hdfs.server.namenode.FSNamesystem.checkNameNodeSafeMode(FSNamesystem.java:1441)
	at org.apache.hadoop.hdfs.server.namenode.FSNamesystem.startFileInt(FSNamesystem.java:2401)
	at org.apache.hadoop.hdfs.server.namenode.FSNamesystem.startFile(FSNamesystem.java:2347)
	at org.apache.hadoop.hdfs.server.namenode.NameNodeRpcServer.create(NameNodeRpcServer.java:774)
	at org.apache.hadoop.hdfs.protocolPB.ClientNamenodeProtocolServerSideTranslatorPB.create(ClientNamenodeProtocolServerSideTranslatorPB.java:462)
	at org.apache.hadoop.hdfs.protocol.proto.ClientNamenodeProtocolProtos$ClientNamenodeProtocol$2.callBlockingMethod(ClientNamenodeProtocolProtos.java)
	at org.apache.hadoop.ipc.ProtobufRpcEngine$Server$ProtoBufRpcInvoker.call(ProtobufRpcEngine.java:523)
	at org.apache.hadoop.ipc.RPC$Server.call(RPC.java:991)
	at org.apache.hadoop.ipc.Server$RpcCall.run(Server.java:872)
	at org.apache.hadoop.ipc.Server$RpcCall.run(Server.java:818)
	at java.security.AccessController.doPrivileged(Native Method)
	at javax.security.auth.Subject.doAs(Subject.java:422)
	at org.apache.hadoop.security.UserGroupInformation.doAs(UserGroupInformation.java:1729)
	at org.apache.hadoop.ipc.Server$Handler.run(Server.java:2678)
Caused by: org.apache.hadoop.hdfs.server.namenode.SafeModeException: Cannot create file/myfile2._COPYING_. Name node is in safe mode.
The reported blocks 49 has reached the threshold 0.9990 of total blocks 49. The number of live datanodes 3 has reached the minimum number 0. In safe mode extension. Safe mode will be turned off automatically in 18 seconds. NamenodeHostName:node-1-link-0
	at org.apache.hadoop.hdfs.server.namenode.FSNamesystem.newSafemodeException(FSNamesystem.java:1450)
	at org.apache.hadoop.hdfs.server.namenode.FSNamesystem.checkNameNodeSafeMode(FSNamesystem.java:1437)
	... 13 more
, while invoking ClientNamenodeProtocolTranslatorPB.create over node-1-link-0/10.10.1.4:8020. Retrying after sleeping for 5652ms.
2019-02-19 18:27:06,021 INFO retry.RetryInvocationHandler: org.apache.hadoop.ipc.RemoteException(org.apache.hadoop.ipc.RetriableException): org.apache.hadoop.hdfs.server.namenode.SafeModeException: Cannot create file/myfile2._COPYING_. Name node is in safe mode.
The reported blocks 49 has reached the threshold 0.9990 of total blocks 49. The number of live datanodes 3 has reached the minimum number 0. In safe mode extension. Safe mode will be turned off automatically in 13 seconds. NamenodeHostName:node-1-link-0
	at org.apache.hadoop.hdfs.server.namenode.FSNamesystem.checkNameNodeSafeMode(FSNamesystem.java:1441)
	at org.apache.hadoop.hdfs.server.namenode.FSNamesystem.startFileInt(FSNamesystem.java:2401)
	at org.apache.hadoop.hdfs.server.namenode.FSNamesystem.startFile(FSNamesystem.java:2347)
	at org.apache.hadoop.hdfs.server.namenode.NameNodeRpcServer.create(NameNodeRpcServer.java:774)
	at org.apache.hadoop.hdfs.protocolPB.ClientNamenodeProtocolServerSideTranslatorPB.create(ClientNamenodeProtocolServerSideTranslatorPB.java:462)
	at org.apache.hadoop.hdfs.protocol.proto.ClientNamenodeProtocolProtos$ClientNamenodeProtocol$2.callBlockingMethod(ClientNamenodeProtocolProtos.java)
	at org.apache.hadoop.ipc.ProtobufRpcEngine$Server$ProtoBufRpcInvoker.call(ProtobufRpcEngine.java:523)
	at org.apache.hadoop.ipc.RPC$Server.call(RPC.java:991)
	at org.apache.hadoop.ipc.Server$RpcCall.run(Server.java:872)
	at org.apache.hadoop.ipc.Server$RpcCall.run(Server.java:818)
	at java.security.AccessController.doPrivileged(Native Method)
	at javax.security.auth.Subject.doAs(Subject.java:422)
	at org.apache.hadoop.security.UserGroupInformation.doAs(UserGroupInformation.java:1729)
	at org.apache.hadoop.ipc.Server$Handler.run(Server.java:2678)
Caused by: org.apache.hadoop.hdfs.server.namenode.SafeModeException: Cannot create file/myfile2._COPYING_. Name node is in safe mode.
The reported blocks 49 has reached the threshold 0.9990 of total blocks 49. The number of live datanodes 3 has reached the minimum number 0. In safe mode extension. Safe mode will be turned off automatically in 13 seconds. NamenodeHostName:node-1-link-0
	at org.apache.hadoop.hdfs.server.namenode.FSNamesystem.newSafemodeException(FSNamesystem.java:1450)
	at org.apache.hadoop.hdfs.server.namenode.FSNamesystem.checkNameNodeSafeMode(FSNamesystem.java:1437)
	... 13 more
, while invoking ClientNamenodeProtocolTranslatorPB.create over node-1-link-0/10.10.1.4:8020. Retrying after sleeping for 15255ms.
Found 20 items
-rw-r--r--   3 root supergroup  805306368 2019-02-19 18:27 /myfile1._COPYING_
-rw-r--r--   3 root supergroup 1073741824 2019-02-19 18:28 /myfile10
-rw-r--r--   3 root supergroup  671088640 2019-02-19 18:27 /myfile11._COPYING_
-rw-r--r--   3 root supergroup  805306368 2019-02-19 18:27 /myfile12._COPYING_
-rw-r--r--   3 root supergroup 1073741824 2019-02-19 18:28 /myfile13
-rw-r--r--   3 root supergroup 1073741824 2019-02-19 18:28 /myfile14
-rw-r--r--   3 root supergroup  805306368 2019-02-19 18:27 /myfile15._COPYING_
-rw-r--r--   3 root supergroup  671088640 2019-02-19 18:27 /myfile16._COPYING_
-rw-r--r--   3 root supergroup  805306368 2019-02-19 18:27 /myfile17._COPYING_
-rw-r--r--   3 root supergroup  805306368 2019-02-19 18:27 /myfile18._COPYING_
-rw-r--r--   3 root supergroup  671088640 2019-02-19 18:27 /myfile19._COPYING_
-rw-r--r--   3 root supergroup 1073741824 2019-02-19 18:28 /myfile2
-rw-r--r--   3 root supergroup  939524096 2019-02-19 18:26 /myfile20._COPYING_
-rw-r--r--   3 root supergroup  671088640 2019-02-19 18:27 /myfile3._COPYING_
-rw-r--r--   3 root supergroup  671088640 2019-02-19 18:27 /myfile4._COPYING_
-rw-r--r--   3 root supergroup 1073741824 2019-02-19 18:28 /myfile5
-rw-r--r--   3 root supergroup  805306368 2019-02-19 18:26 /myfile6._COPYING_
-rw-r--r--   3 root supergroup 1073741824 2019-02-19 18:28 /myfile7
-rw-r--r--   3 root supergroup 1073741824 2019-02-19 18:28 /myfile8
-rw-r--r--   3 root supergroup 1073741824 2019-02-19 18:28 /myfile9
file 2 has been put into HDFS
file 2 has been read from HDFS for 1 time
diff succeed!
file 2 has been read from HDFS for 2 time
diff succeed!
file 2 has been read from HDFS for 3 time
diff succeed!
file 2 has been read from HDFS for 4 time
diff succeed!
file 2 has been read from HDFS for 5 time
diff succeed!
file 2 has been read from HDFS for 6 time
diff succeed!
file 2 has been read from HDFS for 7 time
diff succeed!
file 2 has been read from HDFS for 8 time
diff succeed!
file 2 has been read from HDFS for 9 time
diff succeed!
file 2 has been read from HDFS for 10 time
diff succeed!
Deleted /myfile2
file 2 has been removed from HDFS
Found 6 items
-rw-r--r--   3 root supergroup 1073741824 2019-02-19 18:28 /myfile1
-rw-r--r--   3 root supergroup 1073741824 2019-02-19 18:31 /myfile10
-rw-r--r--   3 root supergroup 1073741824 2019-02-19 18:31 /myfile2
-rw-r--r--   3 root supergroup          0 2019-02-19 18:32 /myfile20._COPYING_
-rw-r--r--   3 root supergroup  402653184 2019-02-19 18:31 /myfile7._COPYING_
-rw-r--r--   3 root supergroup          0 2019-02-19 18:32 /myfile8._COPYING_
file 2 has been put into HDFS
file 2 has been read from HDFS for 1 time
diff succeed!
file 2 has been read from HDFS for 2 time
diff succeed!
file 2 has been read from HDFS for 3 time
diff succeed!
file 2 has been read from HDFS for 4 time
diff succeed!
file 2 has been read from HDFS for 5 time
diff succeed!
file 2 has been read from HDFS for 6 time
diff succeed!
file 2 has been read from HDFS for 7 time
diff succeed!
file 2 has been read from HDFS for 8 time
diff succeed!
file 2 has been read from HDFS for 9 time
diff succeed!
file 2 has been read from HDFS for 10 time
diff succeed!
Deleted /myfile2
file 2 has been removed from HDFS
Found 11 items
-rw-r--r--   3 root supergroup 1073741824 2019-02-19 18:35 /myfile10
-rw-r--r--   3 root supergroup 1073741824 2019-02-19 18:32 /myfile11
-rw-r--r--   3 root supergroup 1073741824 2019-02-19 18:32 /myfile12
-rw-r--r--   3 root supergroup 1073741824 2019-02-19 18:32 /myfile13
-rw-r--r--   3 root supergroup 1073741824 2019-02-19 18:32 /myfile15
-rw-r--r--   3 root supergroup 1073741824 2019-02-19 18:32 /myfile17
-rw-r--r--   3 root supergroup 1073741824 2019-02-19 18:32 /myfile18
-rw-r--r--   3 root supergroup 1073741824 2019-02-19 18:32 /myfile19
-rw-r--r--   3 root supergroup 1073741824 2019-02-19 18:35 /myfile2
-rw-r--r--   3 root supergroup  939524096 2019-02-19 18:35 /myfile8._COPYING_
-rw-r--r--   3 root supergroup 1073741824 2019-02-19 18:32 /myfile9
file 2 has been put into HDFS
file 2 has been read from HDFS for 1 time
diff succeed!
file 2 has been read from HDFS for 2 time
diff succeed!
file 2 has been read from HDFS for 3 time
diff succeed!
file 2 has been read from HDFS for 4 time
diff succeed!
file 2 has been read from HDFS for 5 time
diff succeed!
file 2 has been read from HDFS for 6 time
diff succeed!
file 2 has been read from HDFS for 7 time
diff succeed!
file 2 has been read from HDFS for 8 time
diff succeed!
file 2 has been read from HDFS for 9 time
diff succeed!
file 2 has been read from HDFS for 10 time
diff succeed!
Deleted /myfile2
file 2 has been removed from HDFS
Found 15 items
-rw-r--r--   3 root supergroup  805306368 2019-02-19 18:39 /myfile1._COPYING_
-rw-r--r--   3 root supergroup 1073741824 2019-02-19 18:39 /myfile10
-rw-r--r--   3 root supergroup 1073741824 2019-02-19 18:35 /myfile11
-rw-r--r--   3 root supergroup 1073741824 2019-02-19 18:36 /myfile13
-rw-r--r--   3 root supergroup 1073741824 2019-02-19 18:39 /myfile14
-rw-r--r--   3 root supergroup 1073741824 2019-02-19 18:36 /myfile15
-rw-r--r--   3 root supergroup 1073741824 2019-02-19 18:39 /myfile16
-rw-r--r--   3 root supergroup 1073741824 2019-02-19 18:36 /myfile17
-rw-r--r--   3 root supergroup 1073741824 2019-02-19 18:36 /myfile18
-rw-r--r--   3 root supergroup 1073741824 2019-02-19 18:36 /myfile19
-rw-r--r--   3 root supergroup 1073741824 2019-02-19 18:39 /myfile2
-rw-r--r--   3 root supergroup  939524096 2019-02-19 18:39 /myfile20._COPYING_
-rw-r--r--   3 root supergroup 1073741824 2019-02-19 18:39 /myfile7
-rw-r--r--   3 root supergroup 1073741824 2019-02-19 18:39 /myfile8
-rw-r--r--   3 root supergroup 1073741824 2019-02-19 18:36 /myfile9
file 2 has been put into HDFS
file 2 has been read from HDFS for 1 time
diff succeed!
file 2 has been read from HDFS for 2 time
diff succeed!
file 2 has been read from HDFS for 3 time
diff succeed!
file 2 has been read from HDFS for 4 time
diff succeed!
file 2 has been read from HDFS for 5 time
diff succeed!
file 2 has been read from HDFS for 6 time
diff succeed!
file 2 has been read from HDFS for 7 time
diff succeed!
file 2 has been read from HDFS for 8 time
diff succeed!
file 2 has been read from HDFS for 9 time
diff succeed!
file 2 has been read from HDFS for 10 time
diff succeed!
Deleted /myfile2
file 2 has been removed from HDFS
Found 15 items
-rw-r--r--   3 root supergroup 1073741824 2019-02-19 18:43 /myfile1
-rw-r--r--   3 root supergroup 1073741824 2019-02-19 18:43 /myfile10
-rw-r--r--   3 root supergroup 1073741824 2019-02-19 18:41 /myfile11
-rw-r--r--   3 root supergroup 1073741824 2019-02-19 18:41 /myfile13
-rw-r--r--   3 root supergroup 1073741824 2019-02-19 18:43 /myfile14
-rw-r--r--   3 root supergroup 1073741824 2019-02-19 18:41 /myfile15
-rw-r--r--   3 root supergroup 1073741824 2019-02-19 18:41 /myfile17
-rw-r--r--   3 root supergroup 1073741824 2019-02-19 18:41 /myfile18
-rw-r--r--   3 root supergroup 1073741824 2019-02-19 18:41 /myfile19
-rw-r--r--   3 root supergroup 1073741824 2019-02-19 18:43 /myfile2
-rw-r--r--   3 root supergroup 1073741824 2019-02-19 18:43 /myfile20
-rw-r--r--   3 root supergroup  536870912 2019-02-19 18:43 /myfile3._COPYING_
-rw-r--r--   3 root supergroup 1073741824 2019-02-19 18:43 /myfile7
-rw-r--r--   3 root supergroup 1073741824 2019-02-19 18:43 /myfile8
-rw-r--r--   3 root supergroup 1073741824 2019-02-19 18:41 /myfile9
file 2 has been put into HDFS
file 2 has been read from HDFS for 1 time
diff succeed!
file 2 has been read from HDFS for 2 time
diff succeed!
file 2 has been read from HDFS for 3 time
diff succeed!
file 2 has been read from HDFS for 4 time
diff succeed!
file 2 has been read from HDFS for 5 time
diff succeed!
file 2 has been read from HDFS for 6 time
diff succeed!
file 2 has been read from HDFS for 7 time
diff succeed!
file 2 has been read from HDFS for 8 time
diff succeed!
file 2 has been read from HDFS for 9 time
diff succeed!
file 2 has been read from HDFS for 10 time
diff succeed!
Deleted /myfile2
file 2 has been removed from HDFS
sub_benchmark 10 signal TERM catched and let quit gracefully
Found 15 items
-rw-r--r--   3 root supergroup 1073741824 2019-02-19 18:48 /myfile1
-rw-r--r--   3 root supergroup 1073741824 2019-02-19 18:47 /myfile10
-rw-r--r--   3 root supergroup 1073741824 2019-02-19 18:46 /myfile11
-rw-r--r--   3 root supergroup 1073741824 2019-02-19 18:48 /myfile12
-rw-r--r--   3 root supergroup 1073741824 2019-02-19 18:48 /myfile14
-rw-r--r--   3 root supergroup 1073741824 2019-02-19 18:48 /myfile16
-rw-r--r--   3 root supergroup 1073741824 2019-02-19 18:46 /myfile17
-rw-r--r--   3 root supergroup 1073741824 2019-02-19 18:46 /myfile18
-rw-r--r--   3 root supergroup 1073741824 2019-02-19 18:46 /myfile19
-rw-r--r--   3 root supergroup 1073741824 2019-02-19 18:48 /myfile2
-rw-r--r--   3 root supergroup 1073741824 2019-02-19 18:47 /myfile20
-rw-r--r--   3 root supergroup  671088640 2019-02-19 18:48 /myfile5._COPYING_
-rw-r--r--   3 root supergroup 1073741824 2019-02-19 18:48 /myfile6
-rw-r--r--   3 root supergroup 1073741824 2019-02-19 18:47 /myfile7
-rw-r--r--   3 root supergroup 1073741824 2019-02-19 18:48 /myfile8
file 2 has been put into HDFS
file 2 has been read from HDFS for 1 time
diff succeed!
Deleted /myfile2
file 2 has been removed from HDFS
