2019-03-03 21:35:57,507 WARN hdfs.DataStreamer: Exception for BP-1347934262-130.127.133.59-1551674086240:blk_1073741966_1142
java.io.IOException: Bad response ERROR for BP-1347934262-130.127.133.59-1551674086240:blk_1073741966_1142 from datanode DatanodeInfoWithStorage[10.10.1.2:9866,DS-7a79aab3-df2b-4f1f-ae5e-838703dd12b3,DISK]
	at org.apache.hadoop.hdfs.DataStreamer$ResponseProcessor.run(DataStreamer.java:1126)
2019-03-03 21:35:57,511 WARN hdfs.DataStreamer: Error Recovery for BP-1347934262-130.127.133.59-1551674086240:blk_1073741966_1142 in pipeline [DatanodeInfoWithStorage[10.10.1.4:9866,DS-cd40a583-2b03-4996-9a80-26594012b0da,DISK], DatanodeInfoWithStorage[10.10.1.3:9866,DS-502b0fe6-a85e-46dd-8a82-d06037e064dc,DISK], DatanodeInfoWithStorage[10.10.1.2:9866,DS-7a79aab3-df2b-4f1f-ae5e-838703dd12b3,DISK]]: datanode 2(DatanodeInfoWithStorage[10.10.1.2:9866,DS-7a79aab3-df2b-4f1f-ae5e-838703dd12b3,DISK]) is bad.
Found 20 items
-rw-r--r--   3 root supergroup 1073741824 2019-03-03 21:36 /myfile1
-rw-r--r--   3 root supergroup 1073741824 2019-03-03 21:36 /myfile10
-rw-r--r--   3 root supergroup 1073741824 2019-03-03 21:35 /myfile11
-rw-r--r--   3 root supergroup 1073741824 2019-03-03 21:35 /myfile12
-rw-r--r--   3 root supergroup 1073741824 2019-03-03 21:35 /myfile13
-rw-r--r--   3 root supergroup 1073741824 2019-03-03 21:35 /myfile14
-rw-r--r--   3 root supergroup 1073741824 2019-03-03 21:35 /myfile15
-rw-r--r--   3 root supergroup 1073741824 2019-03-03 21:35 /myfile16
-rw-r--r--   3 root supergroup 1073741824 2019-03-03 21:36 /myfile17
-rw-r--r--   3 root supergroup 1073741824 2019-03-03 21:36 /myfile18
-rw-r--r--   3 root supergroup 1073741824 2019-03-03 21:36 /myfile19
-rw-r--r--   3 root supergroup 1073741824 2019-03-03 21:36 /myfile2
-rw-r--r--   3 root supergroup 1073741824 2019-03-03 21:36 /myfile20
-rw-r--r--   3 root supergroup 1073741824 2019-03-03 21:35 /myfile3
-rw-r--r--   3 root supergroup 1073741824 2019-03-03 21:35 /myfile4
-rw-r--r--   3 root supergroup 1073741824 2019-03-03 21:36 /myfile5
-rw-r--r--   3 root supergroup 1073741824 2019-03-03 21:35 /myfile6
-rw-r--r--   3 root supergroup 1073741824 2019-03-03 21:35 /myfile7
-rw-r--r--   3 root supergroup 1073741824 2019-03-03 21:36 /myfile8
-rw-r--r--   3 root supergroup 1073741824 2019-03-03 21:35 /myfile9
file 10 has been put into HDFS
file 10 has been read from HDFS for 1 time
diff succeed!
file 10 has been read from HDFS for 2 time
diff succeed!
file 10 has been read from HDFS for 3 time
diff succeed!
file 10 has been read from HDFS for 4 time
diff succeed!
file 10 has been read from HDFS for 5 time
diff succeed!
file 10 has been read from HDFS for 6 time
diff succeed!
file 10 has been read from HDFS for 7 time
diff succeed!
file 10 has been read from HDFS for 8 time
diff succeed!
file 10 has been read from HDFS for 9 time
diff succeed!
file 10 has been read from HDFS for 10 time
diff succeed!
Deleted /myfile10
file 10 has been removed from HDFS
Found 20 items
-rw-r--r--   3 root supergroup 1073741824 2019-03-03 21:40 /myfile1
-rw-r--r--   3 root supergroup 1073741824 2019-03-03 21:41 /myfile10
-rw-r--r--   3 root supergroup 1073741824 2019-03-03 21:40 /myfile11
-rw-r--r--   3 root supergroup 1073741824 2019-03-03 21:41 /myfile12
-rw-r--r--   3 root supergroup 1073741824 2019-03-03 21:41 /myfile13
-rw-r--r--   3 root supergroup 1073741824 2019-03-03 21:40 /myfile14
-rw-r--r--   3 root supergroup 1073741824 2019-03-03 21:40 /myfile15
-rw-r--r--   3 root supergroup 1073741824 2019-03-03 21:39 /myfile16
-rw-r--r--   3 root supergroup 1073741824 2019-03-03 21:39 /myfile17
-rw-r--r--   3 root supergroup 1073741824 2019-03-03 21:40 /myfile18
-rw-r--r--   3 root supergroup 1073741824 2019-03-03 21:40 /myfile19
-rw-r--r--   3 root supergroup 1073741824 2019-03-03 21:40 /myfile2
-rw-r--r--   3 root supergroup 1073741824 2019-03-03 21:40 /myfile20
-rw-r--r--   3 root supergroup  536870912 2019-03-03 21:41 /myfile3._COPYING_
-rw-r--r--   3 root supergroup 1073741824 2019-03-03 21:40 /myfile4
-rw-r--r--   3 root supergroup 1073741824 2019-03-03 21:36 /myfile5
-rw-r--r--   3 root supergroup  805306368 2019-03-03 21:41 /myfile6._COPYING_
-rw-r--r--   3 root supergroup 1073741824 2019-03-03 21:35 /myfile7
-rw-r--r--   3 root supergroup 1073741824 2019-03-03 21:40 /myfile8
-rw-r--r--   3 root supergroup 1073741824 2019-03-03 21:39 /myfile9
file 10 has been put into HDFS
file 10 has been read from HDFS for 1 time
diff succeed!
file 10 has been read from HDFS for 2 time
diff succeed!
file 10 has been read from HDFS for 3 time
diff succeed!
file 10 has been read from HDFS for 4 time
diff succeed!
file 10 has been read from HDFS for 5 time
diff succeed!
file 10 has been read from HDFS for 6 time
diff succeed!
file 10 has been read from HDFS for 7 time
diff succeed!
file 10 has been read from HDFS for 8 time
diff succeed!
file 10 has been read from HDFS for 9 time
diff succeed!
file 10 has been read from HDFS for 10 time
diff succeed!
Deleted /myfile10
file 10 has been removed from HDFS
2019-03-03 21:46:11,164 WARN hdfs.DataStreamer: Exception for BP-1347934262-130.127.133.59-1551674086240:blk_1073742286_1473
java.io.IOException: Connection reset by peer
	at sun.nio.ch.FileDispatcherImpl.read0(Native Method)
	at sun.nio.ch.SocketDispatcher.read(SocketDispatcher.java:39)
	at sun.nio.ch.IOUtil.readIntoNativeBuffer(IOUtil.java:223)
	at sun.nio.ch.IOUtil.read(IOUtil.java:197)
	at sun.nio.ch.SocketChannelImpl.read(SocketChannelImpl.java:380)
	at org.apache.hadoop.net.SocketInputStream$Reader.performIO(SocketInputStream.java:57)
	at org.apache.hadoop.net.SocketIOWithTimeout.doIO(SocketIOWithTimeout.java:142)
	at org.apache.hadoop.net.SocketInputStream.read(SocketInputStream.java:161)
	at org.apache.hadoop.net.SocketInputStream.read(SocketInputStream.java:131)
	at org.apache.hadoop.net.SocketInputStream.read(SocketInputStream.java:118)
	at java.io.FilterInputStream.read(FilterInputStream.java:83)
	at java.io.FilterInputStream.read(FilterInputStream.java:83)
	at org.apache.hadoop.hdfs.protocolPB.PBHelperClient.vintPrefixed(PBHelperClient.java:547)
	at org.apache.hadoop.hdfs.protocol.datatransfer.PipelineAck.readFields(PipelineAck.java:213)
	at org.apache.hadoop.hdfs.DataStreamer$ResponseProcessor.run(DataStreamer.java:1086)
2019-03-03 21:46:11,169 WARN hdfs.DataStreamer: Error Recovery for BP-1347934262-130.127.133.59-1551674086240:blk_1073742286_1473 in pipeline [DatanodeInfoWithStorage[10.10.1.2:9866,DS-7a79aab3-df2b-4f1f-ae5e-838703dd12b3,DISK], DatanodeInfoWithStorage[10.10.1.3:9866,DS-502b0fe6-a85e-46dd-8a82-d06037e064dc,DISK], DatanodeInfoWithStorage[10.10.1.4:9866,DS-cd40a583-2b03-4996-9a80-26594012b0da,DISK]]: datanode 0(DatanodeInfoWithStorage[10.10.1.2:9866,DS-7a79aab3-df2b-4f1f-ae5e-838703dd12b3,DISK]) is bad.
Found 18 items
-rw-r--r--   3 root supergroup 1073741824 2019-03-03 21:44 /myfile1
-rw-r--r--   3 root supergroup 1073741824 2019-03-03 21:46 /myfile10
-rw-r--r--   3 root supergroup 1073741824 2019-03-03 21:44 /myfile11
-rw-r--r--   3 root supergroup 1073741824 2019-03-03 21:45 /myfile12
-rw-r--r--   3 root supergroup 1073741824 2019-03-03 21:45 /myfile13
-rw-r--r--   3 root supergroup 1073741824 2019-03-03 21:45 /myfile14
-rw-r--r--   3 root supergroup 1073741824 2019-03-03 21:44 /myfile15
-rw-r--r--   3 root supergroup 1073741824 2019-03-03 21:43 /myfile16
-rw-r--r--   3 root supergroup 1073741824 2019-03-03 21:44 /myfile17
-rw-r--r--   3 root supergroup 1073741824 2019-03-03 21:44 /myfile18
-rw-r--r--   3 root supergroup 1073741824 2019-03-03 21:45 /myfile19
-rw-r--r--   3 root supergroup 1073741824 2019-03-03 21:45 /myfile2
-rw-r--r--   3 root supergroup 1073741824 2019-03-03 21:44 /myfile20
-rw-r--r--   3 root supergroup 1073741824 2019-03-03 21:45 /myfile3
-rw-r--r--   3 root supergroup 1073741824 2019-03-03 21:44 /myfile4
-rw-r--r--   3 root supergroup  536870912 2019-03-03 21:46 /myfile5._COPYING_
-rw-r--r--   3 root supergroup 1073741824 2019-03-03 21:45 /myfile6
-rw-r--r--   3 root supergroup 1073741824 2019-03-03 21:44 /myfile8
file 10 has been put into HDFS
file 10 has been read from HDFS for 1 time
diff succeed!
file 10 has been read from HDFS for 2 time
diff succeed!
file 10 has been read from HDFS for 3 time
diff succeed!
file 10 has been read from HDFS for 4 time
diff succeed!
file 10 has been read from HDFS for 5 time
diff succeed!
file 10 has been read from HDFS for 6 time
diff succeed!
file 10 has been read from HDFS for 7 time
diff succeed!
sub_benchmark 7 signal TERM catched and let quit gracefully
Deleted /myfile10
file 10 has been removed from HDFS
