Found 20 items
-rw-r--r--   3 root supergroup 1073741824 2019-03-01 02:13 /myfile1
-rw-r--r--   3 root supergroup 1073741824 2019-03-01 02:13 /myfile10
-rw-r--r--   3 root supergroup 1073741824 2019-03-01 02:13 /myfile11
-rw-r--r--   3 root supergroup 1073741824 2019-03-01 02:13 /myfile12
-rw-r--r--   3 root supergroup 1073741824 2019-03-01 02:14 /myfile13
-rw-r--r--   3 root supergroup 1073741824 2019-03-01 02:13 /myfile14
-rw-r--r--   3 root supergroup 1073741824 2019-03-01 02:13 /myfile15
-rw-r--r--   3 root supergroup 1073741824 2019-03-01 02:13 /myfile16
-rw-r--r--   3 root supergroup 1073741824 2019-03-01 02:13 /myfile17
-rw-r--r--   3 root supergroup 1073741824 2019-03-01 02:14 /myfile18
-rw-r--r--   3 root supergroup 1073741824 2019-03-01 02:14 /myfile19
-rw-r--r--   3 root supergroup 1073741824 2019-03-01 02:13 /myfile2
-rw-r--r--   3 root supergroup 1073741824 2019-03-01 02:13 /myfile20
-rw-r--r--   3 root supergroup 1073741824 2019-03-01 02:13 /myfile3
-rw-r--r--   3 root supergroup 1073741824 2019-03-01 02:13 /myfile4
-rw-r--r--   3 root supergroup 1073741824 2019-03-01 02:13 /myfile5
-rw-r--r--   3 root supergroup 1073741824 2019-03-01 02:13 /myfile6
-rw-r--r--   3 root supergroup 1073741824 2019-03-01 02:13 /myfile7
-rw-r--r--   3 root supergroup 1073741824 2019-03-01 02:13 /myfile8
-rw-r--r--   3 root supergroup 1073741824 2019-03-01 02:13 /myfile9
file 18 has been put into HDFS
file 18 has been read from HDFS for 1 time
diff succeed!
file 18 has been read from HDFS for 2 time
diff succeed!
file 18 has been read from HDFS for 3 time
diff succeed!
file 18 has been read from HDFS for 4 time
diff succeed!
file 18 has been read from HDFS for 5 time
diff succeed!
file 18 has been read from HDFS for 6 time
diff succeed!
file 18 has been read from HDFS for 7 time
diff succeed!
file 18 has been read from HDFS for 8 time
diff succeed!
file 18 has been read from HDFS for 9 time
diff succeed!
file 18 has been read from HDFS for 10 time
diff succeed!
Deleted /myfile18
file 18 has been removed from HDFS
Found 19 items
-rw-r--r--   3 root supergroup 1073741824 2019-03-01 02:18 /myfile10
-rw-r--r--   3 root supergroup 1073741824 2019-03-01 02:17 /myfile11
-rw-r--r--   3 root supergroup 1073741824 2019-03-01 02:18 /myfile12
-rw-r--r--   3 root supergroup 1073741824 2019-03-01 02:18 /myfile13
-rw-r--r--   3 root supergroup 1073741824 2019-03-01 02:17 /myfile14
-rw-r--r--   3 root supergroup 1073741824 2019-03-01 02:18 /myfile15
-rw-r--r--   3 root supergroup 1073741824 2019-03-01 02:18 /myfile16
-rw-r--r--   3 root supergroup 1073741824 2019-03-01 02:18 /myfile17
-rw-r--r--   3 root supergroup 1073741824 2019-03-01 02:18 /myfile18
-rw-r--r--   3 root supergroup 1073741824 2019-03-01 02:18 /myfile19
-rw-r--r--   3 root supergroup 1073741824 2019-03-01 02:17 /myfile2
-rw-r--r--   3 root supergroup 1073741824 2019-03-01 02:17 /myfile20
-rw-r--r--   3 root supergroup 1073741824 2019-03-01 02:18 /myfile3
-rw-r--r--   3 root supergroup 1073741824 2019-03-01 02:18 /myfile4
-rw-r--r--   3 root supergroup 1073741824 2019-03-01 02:18 /myfile5
-rw-r--r--   3 root supergroup 1073741824 2019-03-01 02:18 /myfile6
-rw-r--r--   3 root supergroup 1073741824 2019-03-01 02:18 /myfile7
-rw-r--r--   3 root supergroup 1073741824 2019-03-01 02:17 /myfile8
-rw-r--r--   3 root supergroup  805306368 2019-03-01 02:18 /myfile9._COPYING_
file 18 has been put into HDFS
file 18 has been read from HDFS for 1 time
diff succeed!
file 18 has been read from HDFS for 2 time
diff succeed!
file 18 has been read from HDFS for 3 time
diff succeed!
file 18 has been read from HDFS for 4 time
diff succeed!
file 18 has been read from HDFS for 5 time
diff succeed!
file 18 has been read from HDFS for 6 time
diff succeed!
file 18 has been read from HDFS for 7 time
diff succeed!
file 18 has been read from HDFS for 8 time
diff succeed!
file 18 has been read from HDFS for 9 time
diff succeed!
file 18 has been read from HDFS for 10 time
diff succeed!
Deleted /myfile18
file 18 has been removed from HDFS
Found 18 items
-rw-r--r--   3 root supergroup 1073741824 2019-03-01 02:18 /myfile1
-rw-r--r--   3 root supergroup  939524096 2019-03-01 02:22 /myfile10._COPYING_
-rw-r--r--   3 root supergroup 1073741824 2019-03-01 02:21 /myfile11
-rw-r--r--   3 root supergroup 1073741824 2019-03-01 02:22 /myfile12
-rw-r--r--   3 root supergroup  536870912 2019-03-01 02:22 /myfile13._COPYING_
-rw-r--r--   3 root supergroup 1073741824 2019-03-01 02:22 /myfile14
-rw-r--r--   3 root supergroup 1073741824 2019-03-01 02:22 /myfile15
-rw-r--r--   3 root supergroup 1073741824 2019-03-01 02:22 /myfile16
-rw-r--r--   3 root supergroup 1073741824 2019-03-01 02:22 /myfile17
-rw-r--r--   3 root supergroup 1073741824 2019-03-01 02:22 /myfile18
-rw-r--r--   3 root supergroup 1073741824 2019-03-01 02:21 /myfile2
-rw-r--r--   3 root supergroup 1073741824 2019-03-01 02:22 /myfile20
-rw-r--r--   3 root supergroup 1073741824 2019-03-01 02:22 /myfile3
-rw-r--r--   3 root supergroup 1073741824 2019-03-01 02:22 /myfile4
-rw-r--r--   3 root supergroup  805306368 2019-03-01 02:22 /myfile5._COPYING_
-rw-r--r--   3 root supergroup  536870912 2019-03-01 02:22 /myfile7._COPYING_
-rw-r--r--   3 root supergroup 1073741824 2019-03-01 02:21 /myfile8
-rw-r--r--   3 root supergroup 1073741824 2019-03-01 02:22 /myfile9
file 18 has been put into HDFS
file 18 has been read from HDFS for 1 time
diff succeed!
file 18 has been read from HDFS for 2 time
diff succeed!
file 18 has been read from HDFS for 3 time
diff succeed!
file 18 has been read from HDFS for 4 time
diff succeed!
file 18 has been read from HDFS for 5 time
diff succeed!
file 18 has been read from HDFS for 6 time
diff succeed!
file 18 has been read from HDFS for 7 time
diff succeed!
file 18 has been read from HDFS for 8 time
diff succeed!
file 18 has been read from HDFS for 9 time
diff succeed!
file 18 has been read from HDFS for 10 time
diff succeed!
Deleted /myfile18
file 18 has been removed from HDFS
Found 12 items
-rw-r--r--   3 root supergroup 1073741824 2019-03-01 02:22 /myfile1
-rw-r--r--   3 root supergroup 1073741824 2019-03-01 02:25 /myfile11
-rw-r--r--   3 root supergroup 1073741824 2019-03-01 02:25 /myfile14
-rw-r--r--   3 root supergroup  134217728 2019-03-01 02:26 /myfile15._COPYING_
-rw-r--r--   3 root supergroup 1073741824 2019-03-01 02:26 /myfile16
-rw-r--r--   3 root supergroup 1073741824 2019-03-01 02:26 /myfile18
-rw-r--r--   3 root supergroup 1073741824 2019-03-01 02:22 /myfile19
-rw-r--r--   3 root supergroup 1073741824 2019-03-01 02:25 /myfile2
-rw-r--r--   3 root supergroup 1073741824 2019-03-01 02:26 /myfile20
-rw-r--r--   3 root supergroup          0 2019-03-01 02:26 /myfile3._COPYING_
-rw-r--r--   3 root supergroup 1073741824 2019-03-01 02:22 /myfile6
-rw-r--r--   3 root supergroup 1073741824 2019-03-01 02:25 /myfile8
file 18 has been put into HDFS
file 18 has been read from HDFS for 1 time
diff succeed!
file 18 has been read from HDFS for 2 time
diff succeed!
file 18 has been read from HDFS for 3 time
diff succeed!
file 18 has been read from HDFS for 4 time
diff succeed!
file 18 has been read from HDFS for 5 time
diff succeed!
sub_benchmark 5 signal TERM catched and let quit gracefully
Deleted /myfile18
file 18 has been removed from HDFS
