Found 20 items
-rw-r--r--   3 root supergroup  805306368 2019-02-20 18:09 /myfile1._COPYING_
-rw-r--r--   3 root supergroup 1073741824 2019-02-20 18:09 /myfile10
-rw-r--r--   3 root supergroup  939524096 2019-02-20 18:09 /myfile11._COPYING_
-rw-r--r--   3 root supergroup  939524096 2019-02-20 18:09 /myfile12._COPYING_
-rw-r--r--   3 root supergroup  805306368 2019-02-20 18:09 /myfile13._COPYING_
-rw-r--r--   3 root supergroup 1073741824 2019-02-20 18:09 /myfile14
-rw-r--r--   3 root supergroup  939524096 2019-02-20 18:09 /myfile15._COPYING_
-rw-r--r--   3 root supergroup 1073741824 2019-02-20 18:09 /myfile16
-rw-r--r--   3 root supergroup  939524096 2019-02-20 18:09 /myfile17._COPYING_
-rw-r--r--   3 root supergroup  939524096 2019-02-20 18:09 /myfile18._COPYING_
-rw-r--r--   3 root supergroup 1073741824 2019-02-20 18:09 /myfile19
-rw-r--r--   3 root supergroup  939524096 2019-02-20 18:09 /myfile2._COPYING_
-rw-r--r--   3 root supergroup  939524096 2019-02-20 18:09 /myfile20._COPYING_
-rw-r--r--   3 root supergroup  805306368 2019-02-20 18:09 /myfile3._COPYING_
-rw-r--r--   3 root supergroup 1073741824 2019-02-20 18:09 /myfile4
-rw-r--r--   3 root supergroup 1073741824 2019-02-20 18:09 /myfile5
-rw-r--r--   3 root supergroup  939524096 2019-02-20 18:09 /myfile6._COPYING_
-rw-r--r--   3 root supergroup  939524096 2019-02-20 18:09 /myfile7._COPYING_
-rw-r--r--   3 root supergroup  939524096 2019-02-20 18:09 /myfile8._COPYING_
-rw-r--r--   3 root supergroup  939524096 2019-02-20 18:09 /myfile9._COPYING_
file 14 has been put into HDFS
file 14 has been read from HDFS for 1 time
diff succeed!
file 14 has been read from HDFS for 2 time
diff succeed!
file 14 has been read from HDFS for 3 time
diff succeed!
file 14 has been read from HDFS for 4 time
diff succeed!
file 14 has been read from HDFS for 5 time
diff succeed!
file 14 has been read from HDFS for 6 time
diff succeed!
file 14 has been read from HDFS for 7 time
diff succeed!
file 14 has been read from HDFS for 8 time
diff succeed!
file 14 has been read from HDFS for 9 time
diff succeed!
file 14 has been read from HDFS for 10 time
diff succeed!
Deleted /myfile14
file 14 has been removed from HDFS
Found 15 items
-rw-r--r--   3 root supergroup 1073741824 2019-02-20 18:13 /myfile1
-rw-r--r--   3 root supergroup 1073741824 2019-02-20 18:13 /myfile10
-rw-r--r--   3 root supergroup 1073741824 2019-02-20 18:13 /myfile11
-rw-r--r--   3 root supergroup 1073741824 2019-02-20 18:09 /myfile12
-rw-r--r--   3 root supergroup 1073741824 2019-02-20 18:13 /myfile13
-rw-r--r--   3 root supergroup 1073741824 2019-02-20 18:13 /myfile14
-rw-r--r--   3 root supergroup 1073741824 2019-02-20 18:13 /myfile15
-rw-r--r--   3 root supergroup 1073741824 2019-02-20 18:13 /myfile18
-rw-r--r--   3 root supergroup 1073741824 2019-02-20 18:13 /myfile19
-rw-r--r--   3 root supergroup 1073741824 2019-02-20 18:13 /myfile20
-rw-r--r--   3 root supergroup 1073741824 2019-02-20 18:13 /myfile5
-rw-r--r--   3 root supergroup 1073741824 2019-02-20 18:13 /myfile6
-rw-r--r--   3 root supergroup 1073741824 2019-02-20 18:13 /myfile7
-rw-r--r--   3 root supergroup 1073741824 2019-02-20 18:09 /myfile8
-rw-r--r--   3 root supergroup 1073741824 2019-02-20 18:13 /myfile9
file 14 has been put into HDFS
file 14 has been read from HDFS for 1 time
diff succeed!
file 14 has been read from HDFS for 2 time
diff succeed!
file 14 has been read from HDFS for 3 time
diff succeed!
file 14 has been read from HDFS for 4 time
diff succeed!
file 14 has been read from HDFS for 5 time
diff succeed!
file 14 has been read from HDFS for 6 time
diff succeed!
file 14 has been read from HDFS for 7 time
diff succeed!
file 14 has been read from HDFS for 8 time
diff succeed!
file 14 has been read from HDFS for 9 time
diff succeed!
file 14 has been read from HDFS for 10 time
diff succeed!
Deleted /myfile14
file 14 has been removed from HDFS
Found 19 items
-rw-r--r--   3 root supergroup 1073741824 2019-02-20 18:17 /myfile1
-rw-r--r--   3 root supergroup 1073741824 2019-02-20 18:17 /myfile10
-rw-r--r--   3 root supergroup 1073741824 2019-02-20 18:13 /myfile11
-rw-r--r--   3 root supergroup 1073741824 2019-02-20 18:14 /myfile12
-rw-r--r--   3 root supergroup 1073741824 2019-02-20 18:13 /myfile13
-rw-r--r--   3 root supergroup 1073741824 2019-02-20 18:18 /myfile14
-rw-r--r--   3 root supergroup 1073741824 2019-02-20 18:13 /myfile15
-rw-r--r--   3 root supergroup  268435456 2019-02-20 18:18 /myfile16._COPYING_
-rw-r--r--   3 root supergroup 1073741824 2019-02-20 18:18 /myfile18
-rw-r--r--   3 root supergroup  939524096 2019-02-20 18:17 /myfile19._COPYING_
-rw-r--r--   3 root supergroup 1073741824 2019-02-20 18:14 /myfile2
-rw-r--r--   3 root supergroup  268435456 2019-02-20 18:18 /myfile20._COPYING_
-rw-r--r--   3 root supergroup  536870912 2019-02-20 18:18 /myfile3._COPYING_
-rw-r--r--   3 root supergroup          0 2019-02-20 18:18 /myfile4._COPYING_
-rw-r--r--   3 root supergroup 1073741824 2019-02-20 18:17 /myfile5
-rw-r--r--   3 root supergroup 1073741824 2019-02-20 18:17 /myfile6
-rw-r--r--   3 root supergroup 1073741824 2019-02-20 18:17 /myfile7
-rw-r--r--   3 root supergroup 1073741824 2019-02-20 18:15 /myfile8
-rw-r--r--   3 root supergroup 1073741824 2019-02-20 18:13 /myfile9
file 14 has been put into HDFS
file 14 has been read from HDFS for 1 time
diff succeed!
file 14 has been read from HDFS for 2 time
diff succeed!
file 14 has been read from HDFS for 3 time
diff succeed!
file 14 has been read from HDFS for 4 time
diff succeed!
file 14 has been read from HDFS for 5 time
diff succeed!
file 14 has been read from HDFS for 6 time
diff succeed!
file 14 has been read from HDFS for 7 time
diff succeed!
file 14 has been read from HDFS for 8 time
diff succeed!
file 14 has been read from HDFS for 9 time
diff succeed!
file 14 has been read from HDFS for 10 time
diff succeed!
2019-02-20 18:22:04,342 INFO retry.RetryInvocationHandler: org.apache.hadoop.ipc.RemoteException(org.apache.hadoop.ipc.RetriableException): org.apache.hadoop.hdfs.server.namenode.SafeModeException: Cannot delete /myfile14. Name node is in safe mode.
The reported blocks 152 has reached the threshold 0.9990 of total blocks 152. The number of live datanodes 3 has reached the minimum number 0. In safe mode extension. Safe mode will be turned off automatically in 26 seconds. NamenodeHostName:node-1-link-0
	at org.apache.hadoop.hdfs.server.namenode.FSNamesystem.checkNameNodeSafeMode(FSNamesystem.java:1441)
	at org.apache.hadoop.hdfs.server.namenode.FSNamesystem.delete(FSNamesystem.java:2986)
	at org.apache.hadoop.hdfs.server.namenode.NameNodeRpcServer.delete(NameNodeRpcServer.java:1095)
	at org.apache.hadoop.hdfs.protocolPB.ClientNamenodeProtocolServerSideTranslatorPB.delete(ClientNamenodeProtocolServerSideTranslatorPB.java:692)
	at org.apache.hadoop.hdfs.protocol.proto.ClientNamenodeProtocolProtos$ClientNamenodeProtocol$2.callBlockingMethod(ClientNamenodeProtocolProtos.java)
	at org.apache.hadoop.ipc.ProtobufRpcEngine$Server$ProtoBufRpcInvoker.call(ProtobufRpcEngine.java:523)
	at org.apache.hadoop.ipc.RPC$Server.call(RPC.java:991)
	at org.apache.hadoop.ipc.Server$RpcCall.run(Server.java:872)
	at org.apache.hadoop.ipc.Server$RpcCall.run(Server.java:818)
	at java.security.AccessController.doPrivileged(Native Method)
	at javax.security.auth.Subject.doAs(Subject.java:422)
	at org.apache.hadoop.security.UserGroupInformation.doAs(UserGroupInformation.java:1729)
	at org.apache.hadoop.ipc.Server$Handler.run(Server.java:2678)
Caused by: org.apache.hadoop.hdfs.server.namenode.SafeModeException: Cannot delete /myfile14. Name node is in safe mode.
The reported blocks 152 has reached the threshold 0.9990 of total blocks 152. The number of live datanodes 3 has reached the minimum number 0. In safe mode extension. Safe mode will be turned off automatically in 26 seconds. NamenodeHostName:node-1-link-0
	at org.apache.hadoop.hdfs.server.namenode.FSNamesystem.newSafemodeException(FSNamesystem.java:1450)
	at org.apache.hadoop.hdfs.server.namenode.FSNamesystem.checkNameNodeSafeMode(FSNamesystem.java:1437)
	... 12 more
, while invoking ClientNamenodeProtocolTranslatorPB.delete over node-1-link-0/10.10.1.4:8020. Retrying immediately.
2019-02-20 18:22:04,347 INFO retry.RetryInvocationHandler: org.apache.hadoop.ipc.RemoteException(org.apache.hadoop.ipc.RetriableException): org.apache.hadoop.hdfs.server.namenode.SafeModeException: Cannot delete /myfile14. Name node is in safe mode.
The reported blocks 152 has reached the threshold 0.9990 of total blocks 152. The number of live datanodes 3 has reached the minimum number 0. In safe mode extension. Safe mode will be turned off automatically in 26 seconds. NamenodeHostName:node-1-link-0
	at org.apache.hadoop.hdfs.server.namenode.FSNamesystem.checkNameNodeSafeMode(FSNamesystem.java:1441)
	at org.apache.hadoop.hdfs.server.namenode.FSNamesystem.delete(FSNamesystem.java:2986)
	at org.apache.hadoop.hdfs.server.namenode.NameNodeRpcServer.delete(NameNodeRpcServer.java:1095)
	at org.apache.hadoop.hdfs.protocolPB.ClientNamenodeProtocolServerSideTranslatorPB.delete(ClientNamenodeProtocolServerSideTranslatorPB.java:692)
	at org.apache.hadoop.hdfs.protocol.proto.ClientNamenodeProtocolProtos$ClientNamenodeProtocol$2.callBlockingMethod(ClientNamenodeProtocolProtos.java)
	at org.apache.hadoop.ipc.ProtobufRpcEngine$Server$ProtoBufRpcInvoker.call(ProtobufRpcEngine.java:523)
	at org.apache.hadoop.ipc.RPC$Server.call(RPC.java:991)
	at org.apache.hadoop.ipc.Server$RpcCall.run(Server.java:872)
	at org.apache.hadoop.ipc.Server$RpcCall.run(Server.java:818)
	at java.security.AccessController.doPrivileged(Native Method)
	at javax.security.auth.Subject.doAs(Subject.java:422)
	at org.apache.hadoop.security.UserGroupInformation.doAs(UserGroupInformation.java:1729)
	at org.apache.hadoop.ipc.Server$Handler.run(Server.java:2678)
Caused by: org.apache.hadoop.hdfs.server.namenode.SafeModeException: Cannot delete /myfile14. Name node is in safe mode.
The reported blocks 152 has reached the threshold 0.9990 of total blocks 152. The number of live datanodes 3 has reached the minimum number 0. In safe mode extension. Safe mode will be turned off automatically in 26 seconds. NamenodeHostName:node-1-link-0
	at org.apache.hadoop.hdfs.server.namenode.FSNamesystem.newSafemodeException(FSNamesystem.java:1450)
	at org.apache.hadoop.hdfs.server.namenode.FSNamesystem.checkNameNodeSafeMode(FSNamesystem.java:1437)
	... 12 more
, while invoking ClientNamenodeProtocolTranslatorPB.delete over node-1-link-0/10.10.1.4:8020. Retrying after sleeping for 928ms.
2019-02-20 18:22:05,280 INFO retry.RetryInvocationHandler: org.apache.hadoop.ipc.RemoteException(org.apache.hadoop.ipc.RetriableException): org.apache.hadoop.hdfs.server.namenode.SafeModeException: Cannot delete /myfile14. Name node is in safe mode.
The reported blocks 152 has reached the threshold 0.9990 of total blocks 152. The number of live datanodes 3 has reached the minimum number 0. In safe mode extension. Safe mode will be turned off automatically in 25 seconds. NamenodeHostName:node-1-link-0
	at org.apache.hadoop.hdfs.server.namenode.FSNamesystem.checkNameNodeSafeMode(FSNamesystem.java:1441)
	at org.apache.hadoop.hdfs.server.namenode.FSNamesystem.delete(FSNamesystem.java:2986)
	at org.apache.hadoop.hdfs.server.namenode.NameNodeRpcServer.delete(NameNodeRpcServer.java:1095)
	at org.apache.hadoop.hdfs.protocolPB.ClientNamenodeProtocolServerSideTranslatorPB.delete(ClientNamenodeProtocolServerSideTranslatorPB.java:692)
	at org.apache.hadoop.hdfs.protocol.proto.ClientNamenodeProtocolProtos$ClientNamenodeProtocol$2.callBlockingMethod(ClientNamenodeProtocolProtos.java)
	at org.apache.hadoop.ipc.ProtobufRpcEngine$Server$ProtoBufRpcInvoker.call(ProtobufRpcEngine.java:523)
	at org.apache.hadoop.ipc.RPC$Server.call(RPC.java:991)
	at org.apache.hadoop.ipc.Server$RpcCall.run(Server.java:872)
	at org.apache.hadoop.ipc.Server$RpcCall.run(Server.java:818)
	at java.security.AccessController.doPrivileged(Native Method)
	at javax.security.auth.Subject.doAs(Subject.java:422)
	at org.apache.hadoop.security.UserGroupInformation.doAs(UserGroupInformation.java:1729)
	at org.apache.hadoop.ipc.Server$Handler.run(Server.java:2678)
Caused by: org.apache.hadoop.hdfs.server.namenode.SafeModeException: Cannot delete /myfile14. Name node is in safe mode.
The reported blocks 152 has reached the threshold 0.9990 of total blocks 152. The number of live datanodes 3 has reached the minimum number 0. In safe mode extension. Safe mode will be turned off automatically in 25 seconds. NamenodeHostName:node-1-link-0
	at org.apache.hadoop.hdfs.server.namenode.FSNamesystem.newSafemodeException(FSNamesystem.java:1450)
	at org.apache.hadoop.hdfs.server.namenode.FSNamesystem.checkNameNodeSafeMode(FSNamesystem.java:1437)
	... 12 more
, while invoking ClientNamenodeProtocolTranslatorPB.delete over node-1-link-0/10.10.1.4:8020. Retrying after sleeping for 2988ms.
2019-02-20 18:22:08,273 INFO retry.RetryInvocationHandler: org.apache.hadoop.ipc.RemoteException(org.apache.hadoop.ipc.RetriableException): org.apache.hadoop.hdfs.server.namenode.SafeModeException: Cannot delete /myfile14. Name node is in safe mode.
The reported blocks 152 has reached the threshold 0.9990 of total blocks 152. The number of live datanodes 3 has reached the minimum number 0. In safe mode extension. Safe mode will be turned off automatically in 22 seconds. NamenodeHostName:node-1-link-0
	at org.apache.hadoop.hdfs.server.namenode.FSNamesystem.checkNameNodeSafeMode(FSNamesystem.java:1441)
	at org.apache.hadoop.hdfs.server.namenode.FSNamesystem.delete(FSNamesystem.java:2986)
	at org.apache.hadoop.hdfs.server.namenode.NameNodeRpcServer.delete(NameNodeRpcServer.java:1095)
	at org.apache.hadoop.hdfs.protocolPB.ClientNamenodeProtocolServerSideTranslatorPB.delete(ClientNamenodeProtocolServerSideTranslatorPB.java:692)
	at org.apache.hadoop.hdfs.protocol.proto.ClientNamenodeProtocolProtos$ClientNamenodeProtocol$2.callBlockingMethod(ClientNamenodeProtocolProtos.java)
	at org.apache.hadoop.ipc.ProtobufRpcEngine$Server$ProtoBufRpcInvoker.call(ProtobufRpcEngine.java:523)
	at org.apache.hadoop.ipc.RPC$Server.call(RPC.java:991)
	at org.apache.hadoop.ipc.Server$RpcCall.run(Server.java:872)
	at org.apache.hadoop.ipc.Server$RpcCall.run(Server.java:818)
	at java.security.AccessController.doPrivileged(Native Method)
	at javax.security.auth.Subject.doAs(Subject.java:422)
	at org.apache.hadoop.security.UserGroupInformation.doAs(UserGroupInformation.java:1729)
	at org.apache.hadoop.ipc.Server$Handler.run(Server.java:2678)
Caused by: org.apache.hadoop.hdfs.server.namenode.SafeModeException: Cannot delete /myfile14. Name node is in safe mode.
The reported blocks 152 has reached the threshold 0.9990 of total blocks 152. The number of live datanodes 3 has reached the minimum number 0. In safe mode extension. Safe mode will be turned off automatically in 22 seconds. NamenodeHostName:node-1-link-0
	at org.apache.hadoop.hdfs.server.namenode.FSNamesystem.newSafemodeException(FSNamesystem.java:1450)
	at org.apache.hadoop.hdfs.server.namenode.FSNamesystem.checkNameNodeSafeMode(FSNamesystem.java:1437)
	... 12 more
, while invoking ClientNamenodeProtocolTranslatorPB.delete over node-1-link-0/10.10.1.4:8020. Retrying after sleeping for 3020ms.
2019-02-20 18:22:11,296 INFO retry.RetryInvocationHandler: org.apache.hadoop.ipc.RemoteException(org.apache.hadoop.ipc.RetriableException): org.apache.hadoop.hdfs.server.namenode.SafeModeException: Cannot delete /myfile14. Name node is in safe mode.
The reported blocks 152 has reached the threshold 0.9990 of total blocks 152. The number of live datanodes 3 has reached the minimum number 0. In safe mode extension. Safe mode will be turned off automatically in 19 seconds. NamenodeHostName:node-1-link-0
	at org.apache.hadoop.hdfs.server.namenode.FSNamesystem.checkNameNodeSafeMode(FSNamesystem.java:1441)
	at org.apache.hadoop.hdfs.server.namenode.FSNamesystem.delete(FSNamesystem.java:2986)
	at org.apache.hadoop.hdfs.server.namenode.NameNodeRpcServer.delete(NameNodeRpcServer.java:1095)
	at org.apache.hadoop.hdfs.protocolPB.ClientNamenodeProtocolServerSideTranslatorPB.delete(ClientNamenodeProtocolServerSideTranslatorPB.java:692)
	at org.apache.hadoop.hdfs.protocol.proto.ClientNamenodeProtocolProtos$ClientNamenodeProtocol$2.callBlockingMethod(ClientNamenodeProtocolProtos.java)
	at org.apache.hadoop.ipc.ProtobufRpcEngine$Server$ProtoBufRpcInvoker.call(ProtobufRpcEngine.java:523)
	at org.apache.hadoop.ipc.RPC$Server.call(RPC.java:991)
	at org.apache.hadoop.ipc.Server$RpcCall.run(Server.java:872)
	at org.apache.hadoop.ipc.Server$RpcCall.run(Server.java:818)
	at java.security.AccessController.doPrivileged(Native Method)
	at javax.security.auth.Subject.doAs(Subject.java:422)
	at org.apache.hadoop.security.UserGroupInformation.doAs(UserGroupInformation.java:1729)
	at org.apache.hadoop.ipc.Server$Handler.run(Server.java:2678)
Caused by: org.apache.hadoop.hdfs.server.namenode.SafeModeException: Cannot delete /myfile14. Name node is in safe mode.
The reported blocks 152 has reached the threshold 0.9990 of total blocks 152. The number of live datanodes 3 has reached the minimum number 0. In safe mode extension. Safe mode will be turned off automatically in 19 seconds. NamenodeHostName:node-1-link-0
	at org.apache.hadoop.hdfs.server.namenode.FSNamesystem.newSafemodeException(FSNamesystem.java:1450)
	at org.apache.hadoop.hdfs.server.namenode.FSNamesystem.checkNameNodeSafeMode(FSNamesystem.java:1437)
	... 12 more
, while invoking ClientNamenodeProtocolTranslatorPB.delete over node-1-link-0/10.10.1.4:8020. Retrying after sleeping for 11321ms.
2019-02-20 18:22:22,623 INFO retry.RetryInvocationHandler: org.apache.hadoop.ipc.RemoteException(org.apache.hadoop.ipc.RetriableException): org.apache.hadoop.hdfs.server.namenode.SafeModeException: Cannot delete /myfile14. Name node is in safe mode.
The reported blocks 152 has reached the threshold 0.9990 of total blocks 152. The number of live datanodes 3 has reached the minimum number 0. In safe mode extension. Safe mode will be turned off automatically in 7 seconds. NamenodeHostName:node-1-link-0
	at org.apache.hadoop.hdfs.server.namenode.FSNamesystem.checkNameNodeSafeMode(FSNamesystem.java:1441)
	at org.apache.hadoop.hdfs.server.namenode.FSNamesystem.delete(FSNamesystem.java:2986)
	at org.apache.hadoop.hdfs.server.namenode.NameNodeRpcServer.delete(NameNodeRpcServer.java:1095)
	at org.apache.hadoop.hdfs.protocolPB.ClientNamenodeProtocolServerSideTranslatorPB.delete(ClientNamenodeProtocolServerSideTranslatorPB.java:692)
	at org.apache.hadoop.hdfs.protocol.proto.ClientNamenodeProtocolProtos$ClientNamenodeProtocol$2.callBlockingMethod(ClientNamenodeProtocolProtos.java)
	at org.apache.hadoop.ipc.ProtobufRpcEngine$Server$ProtoBufRpcInvoker.call(ProtobufRpcEngine.java:523)
	at org.apache.hadoop.ipc.RPC$Server.call(RPC.java:991)
	at org.apache.hadoop.ipc.Server$RpcCall.run(Server.java:872)
	at org.apache.hadoop.ipc.Server$RpcCall.run(Server.java:818)
	at java.security.AccessController.doPrivileged(Native Method)
	at javax.security.auth.Subject.doAs(Subject.java:422)
	at org.apache.hadoop.security.UserGroupInformation.doAs(UserGroupInformation.java:1729)
	at org.apache.hadoop.ipc.Server$Handler.run(Server.java:2678)
Caused by: org.apache.hadoop.hdfs.server.namenode.SafeModeException: Cannot delete /myfile14. Name node is in safe mode.
The reported blocks 152 has reached the threshold 0.9990 of total blocks 152. The number of live datanodes 3 has reached the minimum number 0. In safe mode extension. Safe mode will be turned off automatically in 7 seconds. NamenodeHostName:node-1-link-0
	at org.apache.hadoop.hdfs.server.namenode.FSNamesystem.newSafemodeException(FSNamesystem.java:1450)
	at org.apache.hadoop.hdfs.server.namenode.FSNamesystem.checkNameNodeSafeMode(FSNamesystem.java:1437)
	... 12 more
, while invoking ClientNamenodeProtocolTranslatorPB.delete over node-1-link-0/10.10.1.4:8020. Retrying after sleeping for 22065ms.
Deleted /myfile14
file 14 has been removed from HDFS
Found 20 items
-rw-r--r--   3 root supergroup 1073741824 2019-02-20 18:21 /myfile1
-rw-r--r--   3 root supergroup 1073741824 2019-02-20 18:22 /myfile10
-rw-r--r--   3 root supergroup 1073741824 2019-02-20 18:19 /myfile11
-rw-r--r--   3 root supergroup 1073741824 2019-02-20 18:20 /myfile12
-rw-r--r--   3 root supergroup 1073741824 2019-02-20 18:19 /myfile13
-rw-r--r--   3 root supergroup 1073741824 2019-02-20 18:23 /myfile14
-rw-r--r--   3 root supergroup 1073741824 2019-02-20 18:19 /myfile15
-rw-r--r--   3 root supergroup          0 2019-02-20 18:23 /myfile16._COPYING_
-rw-r--r--   3 root supergroup 1073741824 2019-02-20 18:22 /myfile17
-rw-r--r--   3 root supergroup 1073741824 2019-02-20 18:22 /myfile18
-rw-r--r--   3 root supergroup 1073741824 2019-02-20 18:18 /myfile19
-rw-r--r--   3 root supergroup 1073741824 2019-02-20 18:20 /myfile2
-rw-r--r--   3 root supergroup 1073741824 2019-02-20 18:22 /myfile20
-rw-r--r--   3 root supergroup 1073741824 2019-02-20 18:22 /myfile3
-rw-r--r--   3 root supergroup 1073741824 2019-02-20 18:23 /myfile4
-rw-r--r--   3 root supergroup 1073741824 2019-02-20 18:21 /myfile5
-rw-r--r--   3 root supergroup 1073741824 2019-02-20 18:21 /myfile6
-rw-r--r--   3 root supergroup 1073741824 2019-02-20 18:21 /myfile7
-rw-r--r--   3 root supergroup 1073741824 2019-02-20 18:20 /myfile8
-rw-r--r--   3 root supergroup 1073741824 2019-02-20 18:18 /myfile9
file 14 has been put into HDFS
file 14 has been read from HDFS for 1 time
diff succeed!
file 14 has been read from HDFS for 2 time
diff succeed!
file 14 has been read from HDFS for 3 time
diff succeed!
file 14 has been read from HDFS for 4 time
diff succeed!
file 14 has been read from HDFS for 5 time
diff succeed!
file 14 has been read from HDFS for 6 time
diff succeed!
file 14 has been read from HDFS for 7 time
diff succeed!
file 14 has been read from HDFS for 8 time
diff succeed!
file 14 has been read from HDFS for 9 time
diff succeed!
file 14 has been read from HDFS for 10 time
diff succeed!
Deleted /myfile14
file 14 has been removed from HDFS
Found 17 items
-rw-r--r--   3 root supergroup 1073741824 2019-02-20 18:25 /myfile1
-rw-r--r--   3 root supergroup 1073741824 2019-02-20 18:22 /myfile10
-rw-r--r--   3 root supergroup 1073741824 2019-02-20 18:25 /myfile11
-rw-r--r--   3 root supergroup 1073741824 2019-02-20 18:24 /myfile12
-rw-r--r--   3 root supergroup 1073741824 2019-02-20 18:24 /myfile13
-rw-r--r--   3 root supergroup 1073741824 2019-02-20 18:26 /myfile14
-rw-r--r--   3 root supergroup 1073741824 2019-02-20 18:24 /myfile15
-rw-r--r--   3 root supergroup 1073741824 2019-02-20 18:22 /myfile17
-rw-r--r--   3 root supergroup 1073741824 2019-02-20 18:23 /myfile19
-rw-r--r--   3 root supergroup 1073741824 2019-02-20 18:25 /myfile2
-rw-r--r--   3 root supergroup 1073741824 2019-02-20 18:26 /myfile20
-rw-r--r--   3 root supergroup 1073741824 2019-02-20 18:26 /myfile3
-rw-r--r--   3 root supergroup 1073741824 2019-02-20 18:25 /myfile5
-rw-r--r--   3 root supergroup 1073741824 2019-02-20 18:25 /myfile6
-rw-r--r--   3 root supergroup 1073741824 2019-02-20 18:26 /myfile7
-rw-r--r--   3 root supergroup 1073741824 2019-02-20 18:24 /myfile8
-rw-r--r--   3 root supergroup 1073741824 2019-02-20 18:24 /myfile9
file 14 has been put into HDFS
file 14 has been read from HDFS for 1 time
diff succeed!
file 14 has been read from HDFS for 2 time
diff succeed!
file 14 has been read from HDFS for 3 time
diff succeed!
file 14 has been read from HDFS for 4 time
diff succeed!
file 14 has been read from HDFS for 5 time
diff succeed!
file 14 has been read from HDFS for 6 time
diff succeed!
file 14 has been read from HDFS for 7 time
diff succeed!
file 14 has been read from HDFS for 8 time
diff succeed!
file 14 has been read from HDFS for 9 time
diff succeed!
file 14 has been read from HDFS for 10 time
diff succeed!
Deleted /myfile14
file 14 has been removed from HDFS
Found 19 items
-rw-r--r--   3 root supergroup 1073741824 2019-02-20 18:29 /myfile1
-rw-r--r--   3 root supergroup 1073741824 2019-02-20 18:28 /myfile10
-rw-r--r--   3 root supergroup 1073741824 2019-02-20 18:29 /myfile11
-rw-r--r--   3 root supergroup 1073741824 2019-02-20 18:28 /myfile12
-rw-r--r--   3 root supergroup 1073741824 2019-02-20 18:29 /myfile13
-rw-r--r--   3 root supergroup 1073741824 2019-02-20 18:30 /myfile14
-rw-r--r--   3 root supergroup 1073741824 2019-02-20 18:28 /myfile15
-rw-r--r--   3 root supergroup          0 2019-02-20 18:30 /myfile16._COPYING_
-rw-r--r--   3 root supergroup 1073741824 2019-02-20 18:27 /myfile17
-rw-r--r--   3 root supergroup 1073741824 2019-02-20 18:26 /myfile18
-rw-r--r--   3 root supergroup 1073741824 2019-02-20 18:27 /myfile19
-rw-r--r--   3 root supergroup 1073741824 2019-02-20 18:29 /myfile2
-rw-r--r--   3 root supergroup  671088640 2019-02-20 18:30 /myfile20._COPYING_
-rw-r--r--   3 root supergroup 1073741824 2019-02-20 18:30 /myfile3
-rw-r--r--   3 root supergroup 1073741824 2019-02-20 18:30 /myfile4
-rw-r--r--   3 root supergroup 1073741824 2019-02-20 18:30 /myfile5
-rw-r--r--   3 root supergroup 1073741824 2019-02-20 18:29 /myfile6
-rw-r--r--   3 root supergroup 1073741824 2019-02-20 18:28 /myfile8
-rw-r--r--   3 root supergroup 1073741824 2019-02-20 18:28 /myfile9
file 14 has been put into HDFS
file 14 has been read from HDFS for 1 time
diff succeed!
file 14 has been read from HDFS for 2 time
diff succeed!
file 14 has been read from HDFS for 3 time
diff succeed!
file 14 has been read from HDFS for 4 time
diff succeed!
file 14 has been read from HDFS for 5 time
diff succeed!
file 14 has been read from HDFS for 6 time
diff succeed!
file 14 has been read from HDFS for 7 time
diff succeed!
file 14 has been read from HDFS for 8 time
diff succeed!
file 14 has been read from HDFS for 9 time
diff succeed!
file 14 has been read from HDFS for 10 time
diff succeed!
2019-02-20 18:34:08,805 INFO retry.RetryInvocationHandler: org.apache.hadoop.ipc.RemoteException(org.apache.hadoop.ipc.RetriableException): org.apache.hadoop.hdfs.server.namenode.SafeModeException: Cannot delete /myfile14. Name node is in safe mode.
The reported blocks 134 needs additional 2 blocks to reach the threshold 0.9990 of total blocks 137.
The number of live datanodes 3 has reached the minimum number 0. In safe mode extension. Safe mode will be turned off automatically in -51 seconds. NamenodeHostName:node-1-link-0
	at org.apache.hadoop.hdfs.server.namenode.FSNamesystem.checkNameNodeSafeMode(FSNamesystem.java:1441)
	at org.apache.hadoop.hdfs.server.namenode.FSNamesystem.delete(FSNamesystem.java:2986)
	at org.apache.hadoop.hdfs.server.namenode.NameNodeRpcServer.delete(NameNodeRpcServer.java:1095)
	at org.apache.hadoop.hdfs.protocolPB.ClientNamenodeProtocolServerSideTranslatorPB.delete(ClientNamenodeProtocolServerSideTranslatorPB.java:692)
	at org.apache.hadoop.hdfs.protocol.proto.ClientNamenodeProtocolProtos$ClientNamenodeProtocol$2.callBlockingMethod(ClientNamenodeProtocolProtos.java)
	at org.apache.hadoop.ipc.ProtobufRpcEngine$Server$ProtoBufRpcInvoker.call(ProtobufRpcEngine.java:523)
	at org.apache.hadoop.ipc.RPC$Server.call(RPC.java:991)
	at org.apache.hadoop.ipc.Server$RpcCall.run(Server.java:872)
	at org.apache.hadoop.ipc.Server$RpcCall.run(Server.java:818)
	at java.security.AccessController.doPrivileged(Native Method)
	at javax.security.auth.Subject.doAs(Subject.java:422)
	at org.apache.hadoop.security.UserGroupInformation.doAs(UserGroupInformation.java:1729)
	at org.apache.hadoop.ipc.Server$Handler.run(Server.java:2678)
Caused by: org.apache.hadoop.hdfs.server.namenode.SafeModeException: Cannot delete /myfile14. Name node is in safe mode.
The reported blocks 134 needs additional 2 blocks to reach the threshold 0.9990 of total blocks 137.
The number of live datanodes 3 has reached the minimum number 0. In safe mode extension. Safe mode will be turned off automatically in -51 seconds. NamenodeHostName:node-1-link-0
	at org.apache.hadoop.hdfs.server.namenode.FSNamesystem.newSafemodeException(FSNamesystem.java:1450)
	at org.apache.hadoop.hdfs.server.namenode.FSNamesystem.checkNameNodeSafeMode(FSNamesystem.java:1437)
	... 12 more
, while invoking ClientNamenodeProtocolTranslatorPB.delete over node-1-link-0/10.10.1.4:8020. Retrying immediately.
2019-02-20 18:34:08,808 INFO retry.RetryInvocationHandler: org.apache.hadoop.ipc.RemoteException(org.apache.hadoop.ipc.RetriableException): org.apache.hadoop.hdfs.server.namenode.SafeModeException: Cannot delete /myfile14. Name node is in safe mode.
The reported blocks 134 needs additional 2 blocks to reach the threshold 0.9990 of total blocks 137.
The number of live datanodes 3 has reached the minimum number 0. In safe mode extension. Safe mode will be turned off automatically in -51 seconds. NamenodeHostName:node-1-link-0
	at org.apache.hadoop.hdfs.server.namenode.FSNamesystem.checkNameNodeSafeMode(FSNamesystem.java:1441)
	at org.apache.hadoop.hdfs.server.namenode.FSNamesystem.delete(FSNamesystem.java:2986)
	at org.apache.hadoop.hdfs.server.namenode.NameNodeRpcServer.delete(NameNodeRpcServer.java:1095)
	at org.apache.hadoop.hdfs.protocolPB.ClientNamenodeProtocolServerSideTranslatorPB.delete(ClientNamenodeProtocolServerSideTranslatorPB.java:692)
	at org.apache.hadoop.hdfs.protocol.proto.ClientNamenodeProtocolProtos$ClientNamenodeProtocol$2.callBlockingMethod(ClientNamenodeProtocolProtos.java)
	at org.apache.hadoop.ipc.ProtobufRpcEngine$Server$ProtoBufRpcInvoker.call(ProtobufRpcEngine.java:523)
	at org.apache.hadoop.ipc.RPC$Server.call(RPC.java:991)
	at org.apache.hadoop.ipc.Server$RpcCall.run(Server.java:872)
	at org.apache.hadoop.ipc.Server$RpcCall.run(Server.java:818)
	at java.security.AccessController.doPrivileged(Native Method)
	at javax.security.auth.Subject.doAs(Subject.java:422)
	at org.apache.hadoop.security.UserGroupInformation.doAs(UserGroupInformation.java:1729)
	at org.apache.hadoop.ipc.Server$Handler.run(Server.java:2678)
Caused by: org.apache.hadoop.hdfs.server.namenode.SafeModeException: Cannot delete /myfile14. Name node is in safe mode.
The reported blocks 134 needs additional 2 blocks to reach the threshold 0.9990 of total blocks 137.
The number of live datanodes 3 has reached the minimum number 0. In safe mode extension. Safe mode will be turned off automatically in -51 seconds. NamenodeHostName:node-1-link-0
	at org.apache.hadoop.hdfs.server.namenode.FSNamesystem.newSafemodeException(FSNamesystem.java:1450)
	at org.apache.hadoop.hdfs.server.namenode.FSNamesystem.checkNameNodeSafeMode(FSNamesystem.java:1437)
	... 12 more
, while invoking ClientNamenodeProtocolTranslatorPB.delete over node-1-link-0/10.10.1.4:8020. Retrying after sleeping for 1335ms.
2019-02-20 18:34:10,146 INFO retry.RetryInvocationHandler: org.apache.hadoop.ipc.RemoteException(org.apache.hadoop.ipc.RetriableException): org.apache.hadoop.hdfs.server.namenode.SafeModeException: Cannot delete /myfile14. Name node is in safe mode.
The reported blocks 134 needs additional 2 blocks to reach the threshold 0.9990 of total blocks 137.
The number of live datanodes 3 has reached the minimum number 0. In safe mode extension. Safe mode will be turned off automatically in -53 seconds. NamenodeHostName:node-1-link-0
	at org.apache.hadoop.hdfs.server.namenode.FSNamesystem.checkNameNodeSafeMode(FSNamesystem.java:1441)
	at org.apache.hadoop.hdfs.server.namenode.FSNamesystem.delete(FSNamesystem.java:2986)
	at org.apache.hadoop.hdfs.server.namenode.NameNodeRpcServer.delete(NameNodeRpcServer.java:1095)
	at org.apache.hadoop.hdfs.protocolPB.ClientNamenodeProtocolServerSideTranslatorPB.delete(ClientNamenodeProtocolServerSideTranslatorPB.java:692)
	at org.apache.hadoop.hdfs.protocol.proto.ClientNamenodeProtocolProtos$ClientNamenodeProtocol$2.callBlockingMethod(ClientNamenodeProtocolProtos.java)
	at org.apache.hadoop.ipc.ProtobufRpcEngine$Server$ProtoBufRpcInvoker.call(ProtobufRpcEngine.java:523)
	at org.apache.hadoop.ipc.RPC$Server.call(RPC.java:991)
	at org.apache.hadoop.ipc.Server$RpcCall.run(Server.java:872)
	at org.apache.hadoop.ipc.Server$RpcCall.run(Server.java:818)
	at java.security.AccessController.doPrivileged(Native Method)
	at javax.security.auth.Subject.doAs(Subject.java:422)
	at org.apache.hadoop.security.UserGroupInformation.doAs(UserGroupInformation.java:1729)
	at org.apache.hadoop.ipc.Server$Handler.run(Server.java:2678)
Caused by: org.apache.hadoop.hdfs.server.namenode.SafeModeException: Cannot delete /myfile14. Name node is in safe mode.
The reported blocks 134 needs additional 2 blocks to reach the threshold 0.9990 of total blocks 137.
The number of live datanodes 3 has reached the minimum number 0. In safe mode extension. Safe mode will be turned off automatically in -53 seconds. NamenodeHostName:node-1-link-0
	at org.apache.hadoop.hdfs.server.namenode.FSNamesystem.newSafemodeException(FSNamesystem.java:1450)
	at org.apache.hadoop.hdfs.server.namenode.FSNamesystem.checkNameNodeSafeMode(FSNamesystem.java:1437)
	... 12 more
, while invoking ClientNamenodeProtocolTranslatorPB.delete over node-1-link-0/10.10.1.4:8020. Retrying after sleeping for 2203ms.
2019-02-20 18:34:12,352 INFO retry.RetryInvocationHandler: org.apache.hadoop.ipc.RemoteException(org.apache.hadoop.ipc.RetriableException): org.apache.hadoop.hdfs.server.namenode.SafeModeException: Cannot delete /myfile14. Name node is in safe mode.
The reported blocks 134 needs additional 2 blocks to reach the threshold 0.9990 of total blocks 137.
The number of live datanodes 3 has reached the minimum number 0. In safe mode extension. Safe mode will be turned off automatically in -55 seconds. NamenodeHostName:node-1-link-0
	at org.apache.hadoop.hdfs.server.namenode.FSNamesystem.checkNameNodeSafeMode(FSNamesystem.java:1441)
	at org.apache.hadoop.hdfs.server.namenode.FSNamesystem.delete(FSNamesystem.java:2986)
	at org.apache.hadoop.hdfs.server.namenode.NameNodeRpcServer.delete(NameNodeRpcServer.java:1095)
	at org.apache.hadoop.hdfs.protocolPB.ClientNamenodeProtocolServerSideTranslatorPB.delete(ClientNamenodeProtocolServerSideTranslatorPB.java:692)
	at org.apache.hadoop.hdfs.protocol.proto.ClientNamenodeProtocolProtos$ClientNamenodeProtocol$2.callBlockingMethod(ClientNamenodeProtocolProtos.java)
	at org.apache.hadoop.ipc.ProtobufRpcEngine$Server$ProtoBufRpcInvoker.call(ProtobufRpcEngine.java:523)
	at org.apache.hadoop.ipc.RPC$Server.call(RPC.java:991)
	at org.apache.hadoop.ipc.Server$RpcCall.run(Server.java:872)
	at org.apache.hadoop.ipc.Server$RpcCall.run(Server.java:818)
	at java.security.AccessController.doPrivileged(Native Method)
	at javax.security.auth.Subject.doAs(Subject.java:422)
	at org.apache.hadoop.security.UserGroupInformation.doAs(UserGroupInformation.java:1729)
	at org.apache.hadoop.ipc.Server$Handler.run(Server.java:2678)
Caused by: org.apache.hadoop.hdfs.server.namenode.SafeModeException: Cannot delete /myfile14. Name node is in safe mode.
The reported blocks 134 needs additional 2 blocks to reach the threshold 0.9990 of total blocks 137.
The number of live datanodes 3 has reached the minimum number 0. In safe mode extension. Safe mode will be turned off automatically in -55 seconds. NamenodeHostName:node-1-link-0
	at org.apache.hadoop.hdfs.server.namenode.FSNamesystem.newSafemodeException(FSNamesystem.java:1450)
	at org.apache.hadoop.hdfs.server.namenode.FSNamesystem.checkNameNodeSafeMode(FSNamesystem.java:1437)
	... 12 more
, while invoking ClientNamenodeProtocolTranslatorPB.delete over node-1-link-0/10.10.1.4:8020. Retrying after sleeping for 3319ms.
2019-02-20 18:34:15,674 INFO retry.RetryInvocationHandler: org.apache.hadoop.ipc.RemoteException(org.apache.hadoop.ipc.RetriableException): org.apache.hadoop.hdfs.server.namenode.SafeModeException: Cannot delete /myfile14. Name node is in safe mode.
The reported blocks 134 needs additional 2 blocks to reach the threshold 0.9990 of total blocks 137.
The number of live datanodes 3 has reached the minimum number 0. In safe mode extension. Safe mode will be turned off automatically in -58 seconds. NamenodeHostName:node-1-link-0
	at org.apache.hadoop.hdfs.server.namenode.FSNamesystem.checkNameNodeSafeMode(FSNamesystem.java:1441)
	at org.apache.hadoop.hdfs.server.namenode.FSNamesystem.delete(FSNamesystem.java:2986)
	at org.apache.hadoop.hdfs.server.namenode.NameNodeRpcServer.delete(NameNodeRpcServer.java:1095)
	at org.apache.hadoop.hdfs.protocolPB.ClientNamenodeProtocolServerSideTranslatorPB.delete(ClientNamenodeProtocolServerSideTranslatorPB.java:692)
	at org.apache.hadoop.hdfs.protocol.proto.ClientNamenodeProtocolProtos$ClientNamenodeProtocol$2.callBlockingMethod(ClientNamenodeProtocolProtos.java)
	at org.apache.hadoop.ipc.ProtobufRpcEngine$Server$ProtoBufRpcInvoker.call(ProtobufRpcEngine.java:523)
	at org.apache.hadoop.ipc.RPC$Server.call(RPC.java:991)
	at org.apache.hadoop.ipc.Server$RpcCall.run(Server.java:872)
	at org.apache.hadoop.ipc.Server$RpcCall.run(Server.java:818)
	at java.security.AccessController.doPrivileged(Native Method)
	at javax.security.auth.Subject.doAs(Subject.java:422)
	at org.apache.hadoop.security.UserGroupInformation.doAs(UserGroupInformation.java:1729)
	at org.apache.hadoop.ipc.Server$Handler.run(Server.java:2678)
Caused by: org.apache.hadoop.hdfs.server.namenode.SafeModeException: Cannot delete /myfile14. Name node is in safe mode.
The reported blocks 134 needs additional 2 blocks to reach the threshold 0.9990 of total blocks 137.
The number of live datanodes 3 has reached the minimum number 0. In safe mode extension. Safe mode will be turned off automatically in -58 seconds. NamenodeHostName:node-1-link-0
	at org.apache.hadoop.hdfs.server.namenode.FSNamesystem.newSafemodeException(FSNamesystem.java:1450)
	at org.apache.hadoop.hdfs.server.namenode.FSNamesystem.checkNameNodeSafeMode(FSNamesystem.java:1437)
	... 12 more
, while invoking ClientNamenodeProtocolTranslatorPB.delete over node-1-link-0/10.10.1.4:8020. Retrying after sleeping for 6634ms.
2019-02-20 18:34:22,311 INFO retry.RetryInvocationHandler: org.apache.hadoop.ipc.RemoteException(org.apache.hadoop.ipc.RetriableException): org.apache.hadoop.hdfs.server.namenode.SafeModeException: Cannot delete /myfile14. Name node is in safe mode.
The reported blocks 134 needs additional 2 blocks to reach the threshold 0.9990 of total blocks 137.
The number of live datanodes 3 has reached the minimum number 0. In safe mode extension. Safe mode will be turned off automatically in -65 seconds. NamenodeHostName:node-1-link-0
	at org.apache.hadoop.hdfs.server.namenode.FSNamesystem.checkNameNodeSafeMode(FSNamesystem.java:1441)
	at org.apache.hadoop.hdfs.server.namenode.FSNamesystem.delete(FSNamesystem.java:2986)
	at org.apache.hadoop.hdfs.server.namenode.NameNodeRpcServer.delete(NameNodeRpcServer.java:1095)
	at org.apache.hadoop.hdfs.protocolPB.ClientNamenodeProtocolServerSideTranslatorPB.delete(ClientNamenodeProtocolServerSideTranslatorPB.java:692)
	at org.apache.hadoop.hdfs.protocol.proto.ClientNamenodeProtocolProtos$ClientNamenodeProtocol$2.callBlockingMethod(ClientNamenodeProtocolProtos.java)
	at org.apache.hadoop.ipc.ProtobufRpcEngine$Server$ProtoBufRpcInvoker.call(ProtobufRpcEngine.java:523)
	at org.apache.hadoop.ipc.RPC$Server.call(RPC.java:991)
	at org.apache.hadoop.ipc.Server$RpcCall.run(Server.java:872)
	at org.apache.hadoop.ipc.Server$RpcCall.run(Server.java:818)
	at java.security.AccessController.doPrivileged(Native Method)
	at javax.security.auth.Subject.doAs(Subject.java:422)
	at org.apache.hadoop.security.UserGroupInformation.doAs(UserGroupInformation.java:1729)
	at org.apache.hadoop.ipc.Server$Handler.run(Server.java:2678)
Caused by: org.apache.hadoop.hdfs.server.namenode.SafeModeException: Cannot delete /myfile14. Name node is in safe mode.
The reported blocks 134 needs additional 2 blocks to reach the threshold 0.9990 of total blocks 137.
The number of live datanodes 3 has reached the minimum number 0. In safe mode extension. Safe mode will be turned off automatically in -65 seconds. NamenodeHostName:node-1-link-0
	at org.apache.hadoop.hdfs.server.namenode.FSNamesystem.newSafemodeException(FSNamesystem.java:1450)
	at org.apache.hadoop.hdfs.server.namenode.FSNamesystem.checkNameNodeSafeMode(FSNamesystem.java:1437)
	... 12 more
, while invoking ClientNamenodeProtocolTranslatorPB.delete over node-1-link-0/10.10.1.4:8020. Retrying after sleeping for 20845ms.
2019-02-20 18:34:43,160 INFO retry.RetryInvocationHandler: org.apache.hadoop.ipc.RemoteException(org.apache.hadoop.ipc.RetriableException): org.apache.hadoop.hdfs.server.namenode.SafeModeException: Cannot delete /myfile14. Name node is in safe mode.
The reported blocks 134 needs additional 2 blocks to reach the threshold 0.9990 of total blocks 137.
The number of live datanodes 3 has reached the minimum number 0. In safe mode extension. Safe mode will be turned off automatically in -86 seconds. NamenodeHostName:node-1-link-0
	at org.apache.hadoop.hdfs.server.namenode.FSNamesystem.checkNameNodeSafeMode(FSNamesystem.java:1441)
	at org.apache.hadoop.hdfs.server.namenode.FSNamesystem.delete(FSNamesystem.java:2986)
	at org.apache.hadoop.hdfs.server.namenode.NameNodeRpcServer.delete(NameNodeRpcServer.java:1095)
	at org.apache.hadoop.hdfs.protocolPB.ClientNamenodeProtocolServerSideTranslatorPB.delete(ClientNamenodeProtocolServerSideTranslatorPB.java:692)
	at org.apache.hadoop.hdfs.protocol.proto.ClientNamenodeProtocolProtos$ClientNamenodeProtocol$2.callBlockingMethod(ClientNamenodeProtocolProtos.java)
	at org.apache.hadoop.ipc.ProtobufRpcEngine$Server$ProtoBufRpcInvoker.call(ProtobufRpcEngine.java:523)
	at org.apache.hadoop.ipc.RPC$Server.call(RPC.java:991)
	at org.apache.hadoop.ipc.Server$RpcCall.run(Server.java:872)
	at org.apache.hadoop.ipc.Server$RpcCall.run(Server.java:818)
	at java.security.AccessController.doPrivileged(Native Method)
	at javax.security.auth.Subject.doAs(Subject.java:422)
	at org.apache.hadoop.security.UserGroupInformation.doAs(UserGroupInformation.java:1729)
	at org.apache.hadoop.ipc.Server$Handler.run(Server.java:2678)
Caused by: org.apache.hadoop.hdfs.server.namenode.SafeModeException: Cannot delete /myfile14. Name node is in safe mode.
The reported blocks 134 needs additional 2 blocks to reach the threshold 0.9990 of total blocks 137.
The number of live datanodes 3 has reached the minimum number 0. In safe mode extension. Safe mode will be turned off automatically in -86 seconds. NamenodeHostName:node-1-link-0
	at org.apache.hadoop.hdfs.server.namenode.FSNamesystem.newSafemodeException(FSNamesystem.java:1450)
	at org.apache.hadoop.hdfs.server.namenode.FSNamesystem.checkNameNodeSafeMode(FSNamesystem.java:1437)
	... 12 more
, while invoking ClientNamenodeProtocolTranslatorPB.delete over node-1-link-0/10.10.1.4:8020. Retrying after sleeping for 12845ms.
2019-02-20 18:34:56,009 INFO retry.RetryInvocationHandler: org.apache.hadoop.ipc.RemoteException(org.apache.hadoop.ipc.RetriableException): org.apache.hadoop.hdfs.server.namenode.SafeModeException: Cannot delete /myfile14. Name node is in safe mode.
The reported blocks 134 needs additional 2 blocks to reach the threshold 0.9990 of total blocks 137.
The number of live datanodes 3 has reached the minimum number 0. In safe mode extension. Safe mode will be turned off automatically in -99 seconds. NamenodeHostName:node-1-link-0
	at org.apache.hadoop.hdfs.server.namenode.FSNamesystem.checkNameNodeSafeMode(FSNamesystem.java:1441)
	at org.apache.hadoop.hdfs.server.namenode.FSNamesystem.delete(FSNamesystem.java:2986)
	at org.apache.hadoop.hdfs.server.namenode.NameNodeRpcServer.delete(NameNodeRpcServer.java:1095)
	at org.apache.hadoop.hdfs.protocolPB.ClientNamenodeProtocolServerSideTranslatorPB.delete(ClientNamenodeProtocolServerSideTranslatorPB.java:692)
	at org.apache.hadoop.hdfs.protocol.proto.ClientNamenodeProtocolProtos$ClientNamenodeProtocol$2.callBlockingMethod(ClientNamenodeProtocolProtos.java)
	at org.apache.hadoop.ipc.ProtobufRpcEngine$Server$ProtoBufRpcInvoker.call(ProtobufRpcEngine.java:523)
	at org.apache.hadoop.ipc.RPC$Server.call(RPC.java:991)
	at org.apache.hadoop.ipc.Server$RpcCall.run(Server.java:872)
	at org.apache.hadoop.ipc.Server$RpcCall.run(Server.java:818)
	at java.security.AccessController.doPrivileged(Native Method)
	at javax.security.auth.Subject.doAs(Subject.java:422)
	at org.apache.hadoop.security.UserGroupInformation.doAs(UserGroupInformation.java:1729)
	at org.apache.hadoop.ipc.Server$Handler.run(Server.java:2678)
Caused by: org.apache.hadoop.hdfs.server.namenode.SafeModeException: Cannot delete /myfile14. Name node is in safe mode.
The reported blocks 134 needs additional 2 blocks to reach the threshold 0.9990 of total blocks 137.
The number of live datanodes 3 has reached the minimum number 0. In safe mode extension. Safe mode will be turned off automatically in -99 seconds. NamenodeHostName:node-1-link-0
	at org.apache.hadoop.hdfs.server.namenode.FSNamesystem.newSafemodeException(FSNamesystem.java:1450)
	at org.apache.hadoop.hdfs.server.namenode.FSNamesystem.checkNameNodeSafeMode(FSNamesystem.java:1437)
	... 12 more
, while invoking ClientNamenodeProtocolTranslatorPB.delete over node-1-link-0/10.10.1.4:8020. Retrying after sleeping for 19927ms.
2019-02-20 18:35:15,940 INFO retry.RetryInvocationHandler: org.apache.hadoop.ipc.RemoteException(org.apache.hadoop.ipc.RetriableException): org.apache.hadoop.hdfs.server.namenode.SafeModeException: Cannot delete /myfile14. Name node is in safe mode.
The reported blocks 134 needs additional 2 blocks to reach the threshold 0.9990 of total blocks 137.
The number of live datanodes 3 has reached the minimum number 0. In safe mode extension. Safe mode will be turned off automatically in -119 seconds. NamenodeHostName:node-1-link-0
	at org.apache.hadoop.hdfs.server.namenode.FSNamesystem.checkNameNodeSafeMode(FSNamesystem.java:1441)
	at org.apache.hadoop.hdfs.server.namenode.FSNamesystem.delete(FSNamesystem.java:2986)
	at org.apache.hadoop.hdfs.server.namenode.NameNodeRpcServer.delete(NameNodeRpcServer.java:1095)
	at org.apache.hadoop.hdfs.protocolPB.ClientNamenodeProtocolServerSideTranslatorPB.delete(ClientNamenodeProtocolServerSideTranslatorPB.java:692)
	at org.apache.hadoop.hdfs.protocol.proto.ClientNamenodeProtocolProtos$ClientNamenodeProtocol$2.callBlockingMethod(ClientNamenodeProtocolProtos.java)
	at org.apache.hadoop.ipc.ProtobufRpcEngine$Server$ProtoBufRpcInvoker.call(ProtobufRpcEngine.java:523)
	at org.apache.hadoop.ipc.RPC$Server.call(RPC.java:991)
	at org.apache.hadoop.ipc.Server$RpcCall.run(Server.java:872)
	at org.apache.hadoop.ipc.Server$RpcCall.run(Server.java:818)
	at java.security.AccessController.doPrivileged(Native Method)
	at javax.security.auth.Subject.doAs(Subject.java:422)
	at org.apache.hadoop.security.UserGroupInformation.doAs(UserGroupInformation.java:1729)
	at org.apache.hadoop.ipc.Server$Handler.run(Server.java:2678)
Caused by: org.apache.hadoop.hdfs.server.namenode.SafeModeException: Cannot delete /myfile14. Name node is in safe mode.
The reported blocks 134 needs additional 2 blocks to reach the threshold 0.9990 of total blocks 137.
The number of live datanodes 3 has reached the minimum number 0. In safe mode extension. Safe mode will be turned off automatically in -119 seconds. NamenodeHostName:node-1-link-0
	at org.apache.hadoop.hdfs.server.namenode.FSNamesystem.newSafemodeException(FSNamesystem.java:1450)
	at org.apache.hadoop.hdfs.server.namenode.FSNamesystem.checkNameNodeSafeMode(FSNamesystem.java:1437)
	... 12 more
, while invoking ClientNamenodeProtocolTranslatorPB.delete over node-1-link-0/10.10.1.4:8020. Retrying after sleeping for 20719ms.
2019-02-20 18:35:36,663 INFO retry.RetryInvocationHandler: org.apache.hadoop.ipc.RemoteException(org.apache.hadoop.ipc.RetriableException): org.apache.hadoop.hdfs.server.namenode.SafeModeException: Cannot delete /myfile14. Name node is in safe mode.
The reported blocks 134 needs additional 2 blocks to reach the threshold 0.9990 of total blocks 137.
The number of live datanodes 3 has reached the minimum number 0. In safe mode extension. Safe mode will be turned off automatically in -139 seconds. NamenodeHostName:node-1-link-0
	at org.apache.hadoop.hdfs.server.namenode.FSNamesystem.checkNameNodeSafeMode(FSNamesystem.java:1441)
	at org.apache.hadoop.hdfs.server.namenode.FSNamesystem.delete(FSNamesystem.java:2986)
	at org.apache.hadoop.hdfs.server.namenode.NameNodeRpcServer.delete(NameNodeRpcServer.java:1095)
	at org.apache.hadoop.hdfs.protocolPB.ClientNamenodeProtocolServerSideTranslatorPB.delete(ClientNamenodeProtocolServerSideTranslatorPB.java:692)
	at org.apache.hadoop.hdfs.protocol.proto.ClientNamenodeProtocolProtos$ClientNamenodeProtocol$2.callBlockingMethod(ClientNamenodeProtocolProtos.java)
	at org.apache.hadoop.ipc.ProtobufRpcEngine$Server$ProtoBufRpcInvoker.call(ProtobufRpcEngine.java:523)
	at org.apache.hadoop.ipc.RPC$Server.call(RPC.java:991)
	at org.apache.hadoop.ipc.Server$RpcCall.run(Server.java:872)
	at org.apache.hadoop.ipc.Server$RpcCall.run(Server.java:818)
	at java.security.AccessController.doPrivileged(Native Method)
	at javax.security.auth.Subject.doAs(Subject.java:422)
	at org.apache.hadoop.security.UserGroupInformation.doAs(UserGroupInformation.java:1729)
	at org.apache.hadoop.ipc.Server$Handler.run(Server.java:2678)
Caused by: org.apache.hadoop.hdfs.server.namenode.SafeModeException: Cannot delete /myfile14. Name node is in safe mode.
The reported blocks 134 needs additional 2 blocks to reach the threshold 0.9990 of total blocks 137.
The number of live datanodes 3 has reached the minimum number 0. In safe mode extension. Safe mode will be turned off automatically in -139 seconds. NamenodeHostName:node-1-link-0
	at org.apache.hadoop.hdfs.server.namenode.FSNamesystem.newSafemodeException(FSNamesystem.java:1450)
	at org.apache.hadoop.hdfs.server.namenode.FSNamesystem.checkNameNodeSafeMode(FSNamesystem.java:1437)
	... 12 more
, while invoking ClientNamenodeProtocolTranslatorPB.delete over node-1-link-0/10.10.1.4:8020. Retrying after sleeping for 10386ms.
2019-02-20 18:35:47,054 INFO retry.RetryInvocationHandler: org.apache.hadoop.ipc.RemoteException(org.apache.hadoop.ipc.RetriableException): org.apache.hadoop.hdfs.server.namenode.SafeModeException: Cannot delete /myfile14. Name node is in safe mode.
The reported blocks 134 needs additional 2 blocks to reach the threshold 0.9990 of total blocks 137.
The number of live datanodes 3 has reached the minimum number 0. In safe mode extension. Safe mode will be turned off automatically in -150 seconds. NamenodeHostName:node-1-link-0
	at org.apache.hadoop.hdfs.server.namenode.FSNamesystem.checkNameNodeSafeMode(FSNamesystem.java:1441)
	at org.apache.hadoop.hdfs.server.namenode.FSNamesystem.delete(FSNamesystem.java:2986)
	at org.apache.hadoop.hdfs.server.namenode.NameNodeRpcServer.delete(NameNodeRpcServer.java:1095)
	at org.apache.hadoop.hdfs.protocolPB.ClientNamenodeProtocolServerSideTranslatorPB.delete(ClientNamenodeProtocolServerSideTranslatorPB.java:692)
	at org.apache.hadoop.hdfs.protocol.proto.ClientNamenodeProtocolProtos$ClientNamenodeProtocol$2.callBlockingMethod(ClientNamenodeProtocolProtos.java)
	at org.apache.hadoop.ipc.ProtobufRpcEngine$Server$ProtoBufRpcInvoker.call(ProtobufRpcEngine.java:523)
	at org.apache.hadoop.ipc.RPC$Server.call(RPC.java:991)
	at org.apache.hadoop.ipc.Server$RpcCall.run(Server.java:872)
	at org.apache.hadoop.ipc.Server$RpcCall.run(Server.java:818)
	at java.security.AccessController.doPrivileged(Native Method)
	at javax.security.auth.Subject.doAs(Subject.java:422)
	at org.apache.hadoop.security.UserGroupInformation.doAs(UserGroupInformation.java:1729)
	at org.apache.hadoop.ipc.Server$Handler.run(Server.java:2678)
Caused by: org.apache.hadoop.hdfs.server.namenode.SafeModeException: Cannot delete /myfile14. Name node is in safe mode.
The reported blocks 134 needs additional 2 blocks to reach the threshold 0.9990 of total blocks 137.
The number of live datanodes 3 has reached the minimum number 0. In safe mode extension. Safe mode will be turned off automatically in -150 seconds. NamenodeHostName:node-1-link-0
	at org.apache.hadoop.hdfs.server.namenode.FSNamesystem.newSafemodeException(FSNamesystem.java:1450)
	at org.apache.hadoop.hdfs.server.namenode.FSNamesystem.checkNameNodeSafeMode(FSNamesystem.java:1437)
	... 12 more
, while invoking ClientNamenodeProtocolTranslatorPB.delete over node-1-link-0/10.10.1.4:8020. Retrying after sleeping for 16213ms.
rm: org.apache.hadoop.hdfs.server.namenode.SafeModeException: Cannot delete /myfile14. Name node is in safe mode.
file 14 has been removed from HDFS
put: `/myfile14': File exists
Found 20 items
-rw-r--r--   3 root supergroup 1073741824 2019-02-20 18:29 /myfile1
-rw-r--r--   3 root supergroup 1073741824 2019-02-20 18:31 /myfile10
-rw-r--r--   3 root supergroup 1073741824 2019-02-20 18:29 /myfile11
-rw-r--r--   3 root supergroup 1073741824 2019-02-20 18:32 /myfile12
-rw-r--r--   3 root supergroup          0 2019-02-20 18:32 /myfile13._COPYING_
-rw-r--r--   3 root supergroup 1073741824 2019-02-20 18:30 /myfile14
-rw-r--r--   3 root supergroup 1073741824 2019-02-20 18:32 /myfile15
-rw-r--r--   3 root supergroup 1073741824 2019-02-20 18:30 /myfile16
-rw-r--r--   3 root supergroup 1073741824 2019-02-20 18:31 /myfile17
-rw-r--r--   3 root supergroup 1073741824 2019-02-20 18:31 /myfile18
-rw-r--r--   3 root supergroup 1073741824 2019-02-20 18:31 /myfile19
-rw-r--r--   3 root supergroup          0 2019-02-20 18:32 /myfile2._COPYING_
-rw-r--r--   3 root supergroup 1073741824 2019-02-20 18:30 /myfile20
-rw-r--r--   3 root supergroup 1073741824 2019-02-20 18:30 /myfile3
-rw-r--r--   3 root supergroup 1073741824 2019-02-20 18:30 /myfile4
-rw-r--r--   3 root supergroup 1073741824 2019-02-20 18:30 /myfile5
-rw-r--r--   3 root supergroup 1073741824 2019-02-20 18:29 /myfile6
-rw-r--r--   3 root supergroup 1073741824 2019-02-20 18:30 /myfile7
-rw-r--r--   3 root supergroup 1073741824 2019-02-20 18:32 /myfile8
-rw-r--r--   3 root supergroup  134217728 2019-02-20 18:32 /myfile9._COPYING_
file 14 has been put into HDFS
file 14 has been read from HDFS for 1 time
diff succeed!
file 14 has been read from HDFS for 2 time
diff succeed!
file 14 has been read from HDFS for 3 time
diff succeed!
file 14 has been read from HDFS for 4 time
diff succeed!
file 14 has been read from HDFS for 5 time
diff succeed!
file 14 has been read from HDFS for 6 time
diff succeed!
file 14 has been read from HDFS for 7 time
diff succeed!
file 14 has been read from HDFS for 8 time
diff succeed!
file 14 has been read from HDFS for 9 time
diff succeed!
file 14 has been read from HDFS for 10 time
diff succeed!
2019-02-20 18:39:14,437 INFO retry.RetryInvocationHandler: org.apache.hadoop.ipc.RemoteException(org.apache.hadoop.ipc.RetriableException): org.apache.hadoop.hdfs.server.namenode.SafeModeException: Cannot delete /myfile14. Name node is in safe mode.
The reported blocks 134 needs additional 2 blocks to reach the threshold 0.9990 of total blocks 137.
The number of live datanodes 3 has reached the minimum number 0. In safe mode extension. Safe mode will be turned off automatically in -357 seconds. NamenodeHostName:node-1-link-0
	at org.apache.hadoop.hdfs.server.namenode.FSNamesystem.checkNameNodeSafeMode(FSNamesystem.java:1441)
	at org.apache.hadoop.hdfs.server.namenode.FSNamesystem.delete(FSNamesystem.java:2986)
	at org.apache.hadoop.hdfs.server.namenode.NameNodeRpcServer.delete(NameNodeRpcServer.java:1095)
	at org.apache.hadoop.hdfs.protocolPB.ClientNamenodeProtocolServerSideTranslatorPB.delete(ClientNamenodeProtocolServerSideTranslatorPB.java:692)
	at org.apache.hadoop.hdfs.protocol.proto.ClientNamenodeProtocolProtos$ClientNamenodeProtocol$2.callBlockingMethod(ClientNamenodeProtocolProtos.java)
	at org.apache.hadoop.ipc.ProtobufRpcEngine$Server$ProtoBufRpcInvoker.call(ProtobufRpcEngine.java:523)
	at org.apache.hadoop.ipc.RPC$Server.call(RPC.java:991)
	at org.apache.hadoop.ipc.Server$RpcCall.run(Server.java:872)
	at org.apache.hadoop.ipc.Server$RpcCall.run(Server.java:818)
	at java.security.AccessController.doPrivileged(Native Method)
	at javax.security.auth.Subject.doAs(Subject.java:422)
	at org.apache.hadoop.security.UserGroupInformation.doAs(UserGroupInformation.java:1729)
	at org.apache.hadoop.ipc.Server$Handler.run(Server.java:2678)
Caused by: org.apache.hadoop.hdfs.server.namenode.SafeModeException: Cannot delete /myfile14. Name node is in safe mode.
The reported blocks 134 needs additional 2 blocks to reach the threshold 0.9990 of total blocks 137.
The number of live datanodes 3 has reached the minimum number 0. In safe mode extension. Safe mode will be turned off automatically in -357 seconds. NamenodeHostName:node-1-link-0
	at org.apache.hadoop.hdfs.server.namenode.FSNamesystem.newSafemodeException(FSNamesystem.java:1450)
	at org.apache.hadoop.hdfs.server.namenode.FSNamesystem.checkNameNodeSafeMode(FSNamesystem.java:1437)
	... 12 more
, while invoking ClientNamenodeProtocolTranslatorPB.delete over node-1-link-0/10.10.1.4:8020. Retrying immediately.
2019-02-20 18:39:14,440 INFO retry.RetryInvocationHandler: org.apache.hadoop.ipc.RemoteException(org.apache.hadoop.ipc.RetriableException): org.apache.hadoop.hdfs.server.namenode.SafeModeException: Cannot delete /myfile14. Name node is in safe mode.
The reported blocks 134 needs additional 2 blocks to reach the threshold 0.9990 of total blocks 137.
The number of live datanodes 3 has reached the minimum number 0. In safe mode extension. Safe mode will be turned off automatically in -357 seconds. NamenodeHostName:node-1-link-0
	at org.apache.hadoop.hdfs.server.namenode.FSNamesystem.checkNameNodeSafeMode(FSNamesystem.java:1441)
	at org.apache.hadoop.hdfs.server.namenode.FSNamesystem.delete(FSNamesystem.java:2986)
	at org.apache.hadoop.hdfs.server.namenode.NameNodeRpcServer.delete(NameNodeRpcServer.java:1095)
	at org.apache.hadoop.hdfs.protocolPB.ClientNamenodeProtocolServerSideTranslatorPB.delete(ClientNamenodeProtocolServerSideTranslatorPB.java:692)
	at org.apache.hadoop.hdfs.protocol.proto.ClientNamenodeProtocolProtos$ClientNamenodeProtocol$2.callBlockingMethod(ClientNamenodeProtocolProtos.java)
	at org.apache.hadoop.ipc.ProtobufRpcEngine$Server$ProtoBufRpcInvoker.call(ProtobufRpcEngine.java:523)
	at org.apache.hadoop.ipc.RPC$Server.call(RPC.java:991)
	at org.apache.hadoop.ipc.Server$RpcCall.run(Server.java:872)
	at org.apache.hadoop.ipc.Server$RpcCall.run(Server.java:818)
	at java.security.AccessController.doPrivileged(Native Method)
	at javax.security.auth.Subject.doAs(Subject.java:422)
	at org.apache.hadoop.security.UserGroupInformation.doAs(UserGroupInformation.java:1729)
	at org.apache.hadoop.ipc.Server$Handler.run(Server.java:2678)
Caused by: org.apache.hadoop.hdfs.server.namenode.SafeModeException: Cannot delete /myfile14. Name node is in safe mode.
The reported blocks 134 needs additional 2 blocks to reach the threshold 0.9990 of total blocks 137.
The number of live datanodes 3 has reached the minimum number 0. In safe mode extension. Safe mode will be turned off automatically in -357 seconds. NamenodeHostName:node-1-link-0
	at org.apache.hadoop.hdfs.server.namenode.FSNamesystem.newSafemodeException(FSNamesystem.java:1450)
	at org.apache.hadoop.hdfs.server.namenode.FSNamesystem.checkNameNodeSafeMode(FSNamesystem.java:1437)
	... 12 more
, while invoking ClientNamenodeProtocolTranslatorPB.delete over node-1-link-0/10.10.1.4:8020. Retrying after sleeping for 539ms.
2019-02-20 18:39:14,981 INFO retry.RetryInvocationHandler: org.apache.hadoop.ipc.RemoteException(org.apache.hadoop.ipc.RetriableException): org.apache.hadoop.hdfs.server.namenode.SafeModeException: Cannot delete /myfile14. Name node is in safe mode.
The reported blocks 134 needs additional 2 blocks to reach the threshold 0.9990 of total blocks 137.
The number of live datanodes 3 has reached the minimum number 0. In safe mode extension. Safe mode will be turned off automatically in -358 seconds. NamenodeHostName:node-1-link-0
	at org.apache.hadoop.hdfs.server.namenode.FSNamesystem.checkNameNodeSafeMode(FSNamesystem.java:1441)
	at org.apache.hadoop.hdfs.server.namenode.FSNamesystem.delete(FSNamesystem.java:2986)
	at org.apache.hadoop.hdfs.server.namenode.NameNodeRpcServer.delete(NameNodeRpcServer.java:1095)
	at org.apache.hadoop.hdfs.protocolPB.ClientNamenodeProtocolServerSideTranslatorPB.delete(ClientNamenodeProtocolServerSideTranslatorPB.java:692)
	at org.apache.hadoop.hdfs.protocol.proto.ClientNamenodeProtocolProtos$ClientNamenodeProtocol$2.callBlockingMethod(ClientNamenodeProtocolProtos.java)
	at org.apache.hadoop.ipc.ProtobufRpcEngine$Server$ProtoBufRpcInvoker.call(ProtobufRpcEngine.java:523)
	at org.apache.hadoop.ipc.RPC$Server.call(RPC.java:991)
	at org.apache.hadoop.ipc.Server$RpcCall.run(Server.java:872)
	at org.apache.hadoop.ipc.Server$RpcCall.run(Server.java:818)
	at java.security.AccessController.doPrivileged(Native Method)
	at javax.security.auth.Subject.doAs(Subject.java:422)
	at org.apache.hadoop.security.UserGroupInformation.doAs(UserGroupInformation.java:1729)
	at org.apache.hadoop.ipc.Server$Handler.run(Server.java:2678)
Caused by: org.apache.hadoop.hdfs.server.namenode.SafeModeException: Cannot delete /myfile14. Name node is in safe mode.
The reported blocks 134 needs additional 2 blocks to reach the threshold 0.9990 of total blocks 137.
The number of live datanodes 3 has reached the minimum number 0. In safe mode extension. Safe mode will be turned off automatically in -358 seconds. NamenodeHostName:node-1-link-0
	at org.apache.hadoop.hdfs.server.namenode.FSNamesystem.newSafemodeException(FSNamesystem.java:1450)
	at org.apache.hadoop.hdfs.server.namenode.FSNamesystem.checkNameNodeSafeMode(FSNamesystem.java:1437)
	... 12 more
, while invoking ClientNamenodeProtocolTranslatorPB.delete over node-1-link-0/10.10.1.4:8020. Retrying after sleeping for 1458ms.
2019-02-20 18:39:16,441 INFO retry.RetryInvocationHandler: org.apache.hadoop.ipc.RemoteException(org.apache.hadoop.ipc.RetriableException): org.apache.hadoop.hdfs.server.namenode.SafeModeException: Cannot delete /myfile14. Name node is in safe mode.
The reported blocks 134 needs additional 2 blocks to reach the threshold 0.9990 of total blocks 137.
The number of live datanodes 3 has reached the minimum number 0. In safe mode extension. Safe mode will be turned off automatically in -359 seconds. NamenodeHostName:node-1-link-0
	at org.apache.hadoop.hdfs.server.namenode.FSNamesystem.checkNameNodeSafeMode(FSNamesystem.java:1441)
	at org.apache.hadoop.hdfs.server.namenode.FSNamesystem.delete(FSNamesystem.java:2986)
	at org.apache.hadoop.hdfs.server.namenode.NameNodeRpcServer.delete(NameNodeRpcServer.java:1095)
	at org.apache.hadoop.hdfs.protocolPB.ClientNamenodeProtocolServerSideTranslatorPB.delete(ClientNamenodeProtocolServerSideTranslatorPB.java:692)
	at org.apache.hadoop.hdfs.protocol.proto.ClientNamenodeProtocolProtos$ClientNamenodeProtocol$2.callBlockingMethod(ClientNamenodeProtocolProtos.java)
	at org.apache.hadoop.ipc.ProtobufRpcEngine$Server$ProtoBufRpcInvoker.call(ProtobufRpcEngine.java:523)
	at org.apache.hadoop.ipc.RPC$Server.call(RPC.java:991)
	at org.apache.hadoop.ipc.Server$RpcCall.run(Server.java:872)
	at org.apache.hadoop.ipc.Server$RpcCall.run(Server.java:818)
	at java.security.AccessController.doPrivileged(Native Method)
	at javax.security.auth.Subject.doAs(Subject.java:422)
	at org.apache.hadoop.security.UserGroupInformation.doAs(UserGroupInformation.java:1729)
	at org.apache.hadoop.ipc.Server$Handler.run(Server.java:2678)
Caused by: org.apache.hadoop.hdfs.server.namenode.SafeModeException: Cannot delete /myfile14. Name node is in safe mode.
The reported blocks 134 needs additional 2 blocks to reach the threshold 0.9990 of total blocks 137.
The number of live datanodes 3 has reached the minimum number 0. In safe mode extension. Safe mode will be turned off automatically in -359 seconds. NamenodeHostName:node-1-link-0
	at org.apache.hadoop.hdfs.server.namenode.FSNamesystem.newSafemodeException(FSNamesystem.java:1450)
	at org.apache.hadoop.hdfs.server.namenode.FSNamesystem.checkNameNodeSafeMode(FSNamesystem.java:1437)
	... 12 more
, while invoking ClientNamenodeProtocolTranslatorPB.delete over node-1-link-0/10.10.1.4:8020. Retrying after sleeping for 4865ms.
2019-02-20 18:39:21,308 INFO retry.RetryInvocationHandler: org.apache.hadoop.ipc.RemoteException(org.apache.hadoop.ipc.RetriableException): org.apache.hadoop.hdfs.server.namenode.SafeModeException: Cannot delete /myfile14. Name node is in safe mode.
The reported blocks 134 needs additional 2 blocks to reach the threshold 0.9990 of total blocks 137.
The number of live datanodes 3 has reached the minimum number 0. In safe mode extension. Safe mode will be turned off automatically in -364 seconds. NamenodeHostName:node-1-link-0
	at org.apache.hadoop.hdfs.server.namenode.FSNamesystem.checkNameNodeSafeMode(FSNamesystem.java:1441)
	at org.apache.hadoop.hdfs.server.namenode.FSNamesystem.delete(FSNamesystem.java:2986)
	at org.apache.hadoop.hdfs.server.namenode.NameNodeRpcServer.delete(NameNodeRpcServer.java:1095)
	at org.apache.hadoop.hdfs.protocolPB.ClientNamenodeProtocolServerSideTranslatorPB.delete(ClientNamenodeProtocolServerSideTranslatorPB.java:692)
	at org.apache.hadoop.hdfs.protocol.proto.ClientNamenodeProtocolProtos$ClientNamenodeProtocol$2.callBlockingMethod(ClientNamenodeProtocolProtos.java)
	at org.apache.hadoop.ipc.ProtobufRpcEngine$Server$ProtoBufRpcInvoker.call(ProtobufRpcEngine.java:523)
	at org.apache.hadoop.ipc.RPC$Server.call(RPC.java:991)
	at org.apache.hadoop.ipc.Server$RpcCall.run(Server.java:872)
	at org.apache.hadoop.ipc.Server$RpcCall.run(Server.java:818)
	at java.security.AccessController.doPrivileged(Native Method)
	at javax.security.auth.Subject.doAs(Subject.java:422)
	at org.apache.hadoop.security.UserGroupInformation.doAs(UserGroupInformation.java:1729)
	at org.apache.hadoop.ipc.Server$Handler.run(Server.java:2678)
Caused by: org.apache.hadoop.hdfs.server.namenode.SafeModeException: Cannot delete /myfile14. Name node is in safe mode.
The reported blocks 134 needs additional 2 blocks to reach the threshold 0.9990 of total blocks 137.
The number of live datanodes 3 has reached the minimum number 0. In safe mode extension. Safe mode will be turned off automatically in -364 seconds. NamenodeHostName:node-1-link-0
	at org.apache.hadoop.hdfs.server.namenode.FSNamesystem.newSafemodeException(FSNamesystem.java:1450)
	at org.apache.hadoop.hdfs.server.namenode.FSNamesystem.checkNameNodeSafeMode(FSNamesystem.java:1437)
	... 12 more
, while invoking ClientNamenodeProtocolTranslatorPB.delete over node-1-link-0/10.10.1.4:8020. Retrying after sleeping for 7601ms.
2019-02-20 18:39:28,912 INFO retry.RetryInvocationHandler: org.apache.hadoop.ipc.RemoteException(org.apache.hadoop.ipc.RetriableException): org.apache.hadoop.hdfs.server.namenode.SafeModeException: Cannot delete /myfile14. Name node is in safe mode.
The reported blocks 134 needs additional 2 blocks to reach the threshold 0.9990 of total blocks 137.
The number of live datanodes 3 has reached the minimum number 0. In safe mode extension. Safe mode will be turned off automatically in -372 seconds. NamenodeHostName:node-1-link-0
	at org.apache.hadoop.hdfs.server.namenode.FSNamesystem.checkNameNodeSafeMode(FSNamesystem.java:1441)
	at org.apache.hadoop.hdfs.server.namenode.FSNamesystem.delete(FSNamesystem.java:2986)
	at org.apache.hadoop.hdfs.server.namenode.NameNodeRpcServer.delete(NameNodeRpcServer.java:1095)
	at org.apache.hadoop.hdfs.protocolPB.ClientNamenodeProtocolServerSideTranslatorPB.delete(ClientNamenodeProtocolServerSideTranslatorPB.java:692)
	at org.apache.hadoop.hdfs.protocol.proto.ClientNamenodeProtocolProtos$ClientNamenodeProtocol$2.callBlockingMethod(ClientNamenodeProtocolProtos.java)
	at org.apache.hadoop.ipc.ProtobufRpcEngine$Server$ProtoBufRpcInvoker.call(ProtobufRpcEngine.java:523)
	at org.apache.hadoop.ipc.RPC$Server.call(RPC.java:991)
	at org.apache.hadoop.ipc.Server$RpcCall.run(Server.java:872)
	at org.apache.hadoop.ipc.Server$RpcCall.run(Server.java:818)
	at java.security.AccessController.doPrivileged(Native Method)
	at javax.security.auth.Subject.doAs(Subject.java:422)
	at org.apache.hadoop.security.UserGroupInformation.doAs(UserGroupInformation.java:1729)
	at org.apache.hadoop.ipc.Server$Handler.run(Server.java:2678)
Caused by: org.apache.hadoop.hdfs.server.namenode.SafeModeException: Cannot delete /myfile14. Name node is in safe mode.
The reported blocks 134 needs additional 2 blocks to reach the threshold 0.9990 of total blocks 137.
The number of live datanodes 3 has reached the minimum number 0. In safe mode extension. Safe mode will be turned off automatically in -372 seconds. NamenodeHostName:node-1-link-0
	at org.apache.hadoop.hdfs.server.namenode.FSNamesystem.newSafemodeException(FSNamesystem.java:1450)
	at org.apache.hadoop.hdfs.server.namenode.FSNamesystem.checkNameNodeSafeMode(FSNamesystem.java:1437)
	... 12 more
, while invoking ClientNamenodeProtocolTranslatorPB.delete over node-1-link-0/10.10.1.4:8020. Retrying after sleeping for 21723ms.
2019-02-20 18:39:50,638 INFO retry.RetryInvocationHandler: org.apache.hadoop.ipc.RemoteException(org.apache.hadoop.ipc.RetriableException): org.apache.hadoop.hdfs.server.namenode.SafeModeException: Cannot delete /myfile14. Name node is in safe mode.
The reported blocks 134 needs additional 2 blocks to reach the threshold 0.9990 of total blocks 137.
The number of live datanodes 3 has reached the minimum number 0. In safe mode extension. Safe mode will be turned off automatically in -393 seconds. NamenodeHostName:node-1-link-0
	at org.apache.hadoop.hdfs.server.namenode.FSNamesystem.checkNameNodeSafeMode(FSNamesystem.java:1441)
	at org.apache.hadoop.hdfs.server.namenode.FSNamesystem.delete(FSNamesystem.java:2986)
	at org.apache.hadoop.hdfs.server.namenode.NameNodeRpcServer.delete(NameNodeRpcServer.java:1095)
	at org.apache.hadoop.hdfs.protocolPB.ClientNamenodeProtocolServerSideTranslatorPB.delete(ClientNamenodeProtocolServerSideTranslatorPB.java:692)
	at org.apache.hadoop.hdfs.protocol.proto.ClientNamenodeProtocolProtos$ClientNamenodeProtocol$2.callBlockingMethod(ClientNamenodeProtocolProtos.java)
	at org.apache.hadoop.ipc.ProtobufRpcEngine$Server$ProtoBufRpcInvoker.call(ProtobufRpcEngine.java:523)
	at org.apache.hadoop.ipc.RPC$Server.call(RPC.java:991)
	at org.apache.hadoop.ipc.Server$RpcCall.run(Server.java:872)
	at org.apache.hadoop.ipc.Server$RpcCall.run(Server.java:818)
	at java.security.AccessController.doPrivileged(Native Method)
	at javax.security.auth.Subject.doAs(Subject.java:422)
	at org.apache.hadoop.security.UserGroupInformation.doAs(UserGroupInformation.java:1729)
	at org.apache.hadoop.ipc.Server$Handler.run(Server.java:2678)
Caused by: org.apache.hadoop.hdfs.server.namenode.SafeModeException: Cannot delete /myfile14. Name node is in safe mode.
The reported blocks 134 needs additional 2 blocks to reach the threshold 0.9990 of total blocks 137.
The number of live datanodes 3 has reached the minimum number 0. In safe mode extension. Safe mode will be turned off automatically in -393 seconds. NamenodeHostName:node-1-link-0
	at org.apache.hadoop.hdfs.server.namenode.FSNamesystem.newSafemodeException(FSNamesystem.java:1450)
	at org.apache.hadoop.hdfs.server.namenode.FSNamesystem.checkNameNodeSafeMode(FSNamesystem.java:1437)
	... 12 more
, while invoking ClientNamenodeProtocolTranslatorPB.delete over node-1-link-0/10.10.1.4:8020. Retrying after sleeping for 20443ms.
2019-02-20 18:40:11,085 INFO retry.RetryInvocationHandler: org.apache.hadoop.ipc.RemoteException(org.apache.hadoop.ipc.RetriableException): org.apache.hadoop.hdfs.server.namenode.SafeModeException: Cannot delete /myfile14. Name node is in safe mode.
The reported blocks 134 needs additional 2 blocks to reach the threshold 0.9990 of total blocks 137.
The number of live datanodes 3 has reached the minimum number 0. In safe mode extension. Safe mode will be turned off automatically in -414 seconds. NamenodeHostName:node-1-link-0
	at org.apache.hadoop.hdfs.server.namenode.FSNamesystem.checkNameNodeSafeMode(FSNamesystem.java:1441)
	at org.apache.hadoop.hdfs.server.namenode.FSNamesystem.delete(FSNamesystem.java:2986)
	at org.apache.hadoop.hdfs.server.namenode.NameNodeRpcServer.delete(NameNodeRpcServer.java:1095)
	at org.apache.hadoop.hdfs.protocolPB.ClientNamenodeProtocolServerSideTranslatorPB.delete(ClientNamenodeProtocolServerSideTranslatorPB.java:692)
	at org.apache.hadoop.hdfs.protocol.proto.ClientNamenodeProtocolProtos$ClientNamenodeProtocol$2.callBlockingMethod(ClientNamenodeProtocolProtos.java)
	at org.apache.hadoop.ipc.ProtobufRpcEngine$Server$ProtoBufRpcInvoker.call(ProtobufRpcEngine.java:523)
	at org.apache.hadoop.ipc.RPC$Server.call(RPC.java:991)
	at org.apache.hadoop.ipc.Server$RpcCall.run(Server.java:872)
	at org.apache.hadoop.ipc.Server$RpcCall.run(Server.java:818)
	at java.security.AccessController.doPrivileged(Native Method)
	at javax.security.auth.Subject.doAs(Subject.java:422)
	at org.apache.hadoop.security.UserGroupInformation.doAs(UserGroupInformation.java:1729)
	at org.apache.hadoop.ipc.Server$Handler.run(Server.java:2678)
Caused by: org.apache.hadoop.hdfs.server.namenode.SafeModeException: Cannot delete /myfile14. Name node is in safe mode.
The reported blocks 134 needs additional 2 blocks to reach the threshold 0.9990 of total blocks 137.
The number of live datanodes 3 has reached the minimum number 0. In safe mode extension. Safe mode will be turned off automatically in -414 seconds. NamenodeHostName:node-1-link-0
	at org.apache.hadoop.hdfs.server.namenode.FSNamesystem.newSafemodeException(FSNamesystem.java:1450)
	at org.apache.hadoop.hdfs.server.namenode.FSNamesystem.checkNameNodeSafeMode(FSNamesystem.java:1437)
	... 12 more
, while invoking ClientNamenodeProtocolTranslatorPB.delete over node-1-link-0/10.10.1.4:8020. Retrying after sleeping for 17736ms.
2019-02-20 18:40:28,825 INFO retry.RetryInvocationHandler: org.apache.hadoop.ipc.RemoteException(org.apache.hadoop.ipc.RetriableException): org.apache.hadoop.hdfs.server.namenode.SafeModeException: Cannot delete /myfile14. Name node is in safe mode.
The reported blocks 134 needs additional 2 blocks to reach the threshold 0.9990 of total blocks 137.
The number of live datanodes 3 has reached the minimum number 0. In safe mode extension. Safe mode will be turned off automatically in -431 seconds. NamenodeHostName:node-1-link-0
	at org.apache.hadoop.hdfs.server.namenode.FSNamesystem.checkNameNodeSafeMode(FSNamesystem.java:1441)
	at org.apache.hadoop.hdfs.server.namenode.FSNamesystem.delete(FSNamesystem.java:2986)
	at org.apache.hadoop.hdfs.server.namenode.NameNodeRpcServer.delete(NameNodeRpcServer.java:1095)
	at org.apache.hadoop.hdfs.protocolPB.ClientNamenodeProtocolServerSideTranslatorPB.delete(ClientNamenodeProtocolServerSideTranslatorPB.java:692)
	at org.apache.hadoop.hdfs.protocol.proto.ClientNamenodeProtocolProtos$ClientNamenodeProtocol$2.callBlockingMethod(ClientNamenodeProtocolProtos.java)
	at org.apache.hadoop.ipc.ProtobufRpcEngine$Server$ProtoBufRpcInvoker.call(ProtobufRpcEngine.java:523)
	at org.apache.hadoop.ipc.RPC$Server.call(RPC.java:991)
	at org.apache.hadoop.ipc.Server$RpcCall.run(Server.java:872)
	at org.apache.hadoop.ipc.Server$RpcCall.run(Server.java:818)
	at java.security.AccessController.doPrivileged(Native Method)
	at javax.security.auth.Subject.doAs(Subject.java:422)
	at org.apache.hadoop.security.UserGroupInformation.doAs(UserGroupInformation.java:1729)
	at org.apache.hadoop.ipc.Server$Handler.run(Server.java:2678)
Caused by: org.apache.hadoop.hdfs.server.namenode.SafeModeException: Cannot delete /myfile14. Name node is in safe mode.
The reported blocks 134 needs additional 2 blocks to reach the threshold 0.9990 of total blocks 137.
The number of live datanodes 3 has reached the minimum number 0. In safe mode extension. Safe mode will be turned off automatically in -431 seconds. NamenodeHostName:node-1-link-0
	at org.apache.hadoop.hdfs.server.namenode.FSNamesystem.newSafemodeException(FSNamesystem.java:1450)
	at org.apache.hadoop.hdfs.server.namenode.FSNamesystem.checkNameNodeSafeMode(FSNamesystem.java:1437)
	... 12 more
, while invoking ClientNamenodeProtocolTranslatorPB.delete over node-1-link-0/10.10.1.4:8020. Retrying after sleeping for 17438ms.
2019-02-20 18:40:46,268 INFO retry.RetryInvocationHandler: org.apache.hadoop.ipc.RemoteException(org.apache.hadoop.ipc.RetriableException): org.apache.hadoop.hdfs.server.namenode.SafeModeException: Cannot delete /myfile14. Name node is in safe mode.
The reported blocks 134 needs additional 2 blocks to reach the threshold 0.9990 of total blocks 137.
The number of live datanodes 3 has reached the minimum number 0. In safe mode extension. Safe mode will be turned off automatically in -449 seconds. NamenodeHostName:node-1-link-0
	at org.apache.hadoop.hdfs.server.namenode.FSNamesystem.checkNameNodeSafeMode(FSNamesystem.java:1441)
	at org.apache.hadoop.hdfs.server.namenode.FSNamesystem.delete(FSNamesystem.java:2986)
	at org.apache.hadoop.hdfs.server.namenode.NameNodeRpcServer.delete(NameNodeRpcServer.java:1095)
	at org.apache.hadoop.hdfs.protocolPB.ClientNamenodeProtocolServerSideTranslatorPB.delete(ClientNamenodeProtocolServerSideTranslatorPB.java:692)
	at org.apache.hadoop.hdfs.protocol.proto.ClientNamenodeProtocolProtos$ClientNamenodeProtocol$2.callBlockingMethod(ClientNamenodeProtocolProtos.java)
	at org.apache.hadoop.ipc.ProtobufRpcEngine$Server$ProtoBufRpcInvoker.call(ProtobufRpcEngine.java:523)
	at org.apache.hadoop.ipc.RPC$Server.call(RPC.java:991)
	at org.apache.hadoop.ipc.Server$RpcCall.run(Server.java:872)
	at org.apache.hadoop.ipc.Server$RpcCall.run(Server.java:818)
	at java.security.AccessController.doPrivileged(Native Method)
	at javax.security.auth.Subject.doAs(Subject.java:422)
	at org.apache.hadoop.security.UserGroupInformation.doAs(UserGroupInformation.java:1729)
	at org.apache.hadoop.ipc.Server$Handler.run(Server.java:2678)
Caused by: org.apache.hadoop.hdfs.server.namenode.SafeModeException: Cannot delete /myfile14. Name node is in safe mode.
The reported blocks 134 needs additional 2 blocks to reach the threshold 0.9990 of total blocks 137.
The number of live datanodes 3 has reached the minimum number 0. In safe mode extension. Safe mode will be turned off automatically in -449 seconds. NamenodeHostName:node-1-link-0
	at org.apache.hadoop.hdfs.server.namenode.FSNamesystem.newSafemodeException(FSNamesystem.java:1450)
	at org.apache.hadoop.hdfs.server.namenode.FSNamesystem.checkNameNodeSafeMode(FSNamesystem.java:1437)
	... 12 more
, while invoking ClientNamenodeProtocolTranslatorPB.delete over node-1-link-0/10.10.1.4:8020. Retrying after sleeping for 8767ms.
2019-02-20 18:40:55,037 INFO retry.RetryInvocationHandler: org.apache.hadoop.ipc.RemoteException(org.apache.hadoop.ipc.RetriableException): org.apache.hadoop.hdfs.server.namenode.SafeModeException: Cannot delete /myfile14. Name node is in safe mode.
The reported blocks 134 needs additional 2 blocks to reach the threshold 0.9990 of total blocks 137.
The number of live datanodes 3 has reached the minimum number 0. In safe mode extension. Safe mode will be turned off automatically in -458 seconds. NamenodeHostName:node-1-link-0
	at org.apache.hadoop.hdfs.server.namenode.FSNamesystem.checkNameNodeSafeMode(FSNamesystem.java:1441)
	at org.apache.hadoop.hdfs.server.namenode.FSNamesystem.delete(FSNamesystem.java:2986)
	at org.apache.hadoop.hdfs.server.namenode.NameNodeRpcServer.delete(NameNodeRpcServer.java:1095)
	at org.apache.hadoop.hdfs.protocolPB.ClientNamenodeProtocolServerSideTranslatorPB.delete(ClientNamenodeProtocolServerSideTranslatorPB.java:692)
	at org.apache.hadoop.hdfs.protocol.proto.ClientNamenodeProtocolProtos$ClientNamenodeProtocol$2.callBlockingMethod(ClientNamenodeProtocolProtos.java)
	at org.apache.hadoop.ipc.ProtobufRpcEngine$Server$ProtoBufRpcInvoker.call(ProtobufRpcEngine.java:523)
	at org.apache.hadoop.ipc.RPC$Server.call(RPC.java:991)
	at org.apache.hadoop.ipc.Server$RpcCall.run(Server.java:872)
	at org.apache.hadoop.ipc.Server$RpcCall.run(Server.java:818)
	at java.security.AccessController.doPrivileged(Native Method)
	at javax.security.auth.Subject.doAs(Subject.java:422)
	at org.apache.hadoop.security.UserGroupInformation.doAs(UserGroupInformation.java:1729)
	at org.apache.hadoop.ipc.Server$Handler.run(Server.java:2678)
Caused by: org.apache.hadoop.hdfs.server.namenode.SafeModeException: Cannot delete /myfile14. Name node is in safe mode.
The reported blocks 134 needs additional 2 blocks to reach the threshold 0.9990 of total blocks 137.
The number of live datanodes 3 has reached the minimum number 0. In safe mode extension. Safe mode will be turned off automatically in -458 seconds. NamenodeHostName:node-1-link-0
	at org.apache.hadoop.hdfs.server.namenode.FSNamesystem.newSafemodeException(FSNamesystem.java:1450)
	at org.apache.hadoop.hdfs.server.namenode.FSNamesystem.checkNameNodeSafeMode(FSNamesystem.java:1437)
	... 12 more
, while invoking ClientNamenodeProtocolTranslatorPB.delete over node-1-link-0/10.10.1.4:8020. Retrying after sleeping for 19140ms.
rm: org.apache.hadoop.hdfs.server.namenode.SafeModeException: Cannot delete /myfile14. Name node is in safe mode.
file 14 has been removed from HDFS
put: `/myfile14': File exists
Found 20 items
-rw-r--r--   3 root supergroup 1073741824 2019-02-20 18:29 /myfile1
-rw-r--r--   3 root supergroup 1073741824 2019-02-20 18:31 /myfile10
-rw-r--r--   3 root supergroup 1073741824 2019-02-20 18:29 /myfile11
-rw-r--r--   3 root supergroup 1073741824 2019-02-20 18:32 /myfile12
-rw-r--r--   3 root supergroup          0 2019-02-20 18:32 /myfile13._COPYING_
-rw-r--r--   3 root supergroup 1073741824 2019-02-20 18:30 /myfile14
-rw-r--r--   3 root supergroup 1073741824 2019-02-20 18:32 /myfile15
-rw-r--r--   3 root supergroup 1073741824 2019-02-20 18:30 /myfile16
-rw-r--r--   3 root supergroup 1073741824 2019-02-20 18:31 /myfile17
-rw-r--r--   3 root supergroup 1073741824 2019-02-20 18:31 /myfile18
-rw-r--r--   3 root supergroup 1073741824 2019-02-20 18:31 /myfile19
-rw-r--r--   3 root supergroup          0 2019-02-20 18:32 /myfile2._COPYING_
-rw-r--r--   3 root supergroup 1073741824 2019-02-20 18:30 /myfile20
-rw-r--r--   3 root supergroup 1073741824 2019-02-20 18:30 /myfile3
-rw-r--r--   3 root supergroup 1073741824 2019-02-20 18:30 /myfile4
-rw-r--r--   3 root supergroup 1073741824 2019-02-20 18:30 /myfile5
-rw-r--r--   3 root supergroup 1073741824 2019-02-20 18:29 /myfile6
-rw-r--r--   3 root supergroup 1073741824 2019-02-20 18:30 /myfile7
-rw-r--r--   3 root supergroup 1073741824 2019-02-20 18:32 /myfile8
-rw-r--r--   3 root supergroup  134217728 2019-02-20 18:32 /myfile9._COPYING_
file 14 has been put into HDFS
file 14 has been read from HDFS for 1 time
diff succeed!
file 14 has been read from HDFS for 2 time
diff succeed!
file 14 has been read from HDFS for 3 time
diff succeed!
file 14 has been read from HDFS for 4 time
diff succeed!
file 14 has been read from HDFS for 5 time
diff succeed!
file 14 has been read from HDFS for 6 time
diff succeed!
file 14 has been read from HDFS for 7 time
diff succeed!
file 14 has been read from HDFS for 8 time
diff succeed!
file 14 has been read from HDFS for 9 time
diff succeed!
file 14 has been read from HDFS for 10 time
diff succeed!
2019-02-20 18:44:18,586 INFO retry.RetryInvocationHandler: org.apache.hadoop.ipc.RemoteException(org.apache.hadoop.ipc.RetriableException): org.apache.hadoop.hdfs.server.namenode.SafeModeException: Cannot delete /myfile14. Name node is in safe mode.
The reported blocks 117 has reached the threshold 0.9990 of total blocks 117. The number of live datanodes 3 has reached the minimum number 0. In safe mode extension. Safe mode will be turned off automatically in 2 seconds. NamenodeHostName:node-1-link-0
	at org.apache.hadoop.hdfs.server.namenode.FSNamesystem.checkNameNodeSafeMode(FSNamesystem.java:1441)
	at org.apache.hadoop.hdfs.server.namenode.FSNamesystem.delete(FSNamesystem.java:2986)
	at org.apache.hadoop.hdfs.server.namenode.NameNodeRpcServer.delete(NameNodeRpcServer.java:1095)
	at org.apache.hadoop.hdfs.protocolPB.ClientNamenodeProtocolServerSideTranslatorPB.delete(ClientNamenodeProtocolServerSideTranslatorPB.java:692)
	at org.apache.hadoop.hdfs.protocol.proto.ClientNamenodeProtocolProtos$ClientNamenodeProtocol$2.callBlockingMethod(ClientNamenodeProtocolProtos.java)
	at org.apache.hadoop.ipc.ProtobufRpcEngine$Server$ProtoBufRpcInvoker.call(ProtobufRpcEngine.java:523)
	at org.apache.hadoop.ipc.RPC$Server.call(RPC.java:991)
	at org.apache.hadoop.ipc.Server$RpcCall.run(Server.java:872)
	at org.apache.hadoop.ipc.Server$RpcCall.run(Server.java:818)
	at java.security.AccessController.doPrivileged(Native Method)
	at javax.security.auth.Subject.doAs(Subject.java:422)
	at org.apache.hadoop.security.UserGroupInformation.doAs(UserGroupInformation.java:1729)
	at org.apache.hadoop.ipc.Server$Handler.run(Server.java:2678)
Caused by: org.apache.hadoop.hdfs.server.namenode.SafeModeException: Cannot delete /myfile14. Name node is in safe mode.
The reported blocks 117 has reached the threshold 0.9990 of total blocks 117. The number of live datanodes 3 has reached the minimum number 0. In safe mode extension. Safe mode will be turned off automatically in 2 seconds. NamenodeHostName:node-1-link-0
	at org.apache.hadoop.hdfs.server.namenode.FSNamesystem.newSafemodeException(FSNamesystem.java:1450)
	at org.apache.hadoop.hdfs.server.namenode.FSNamesystem.checkNameNodeSafeMode(FSNamesystem.java:1437)
	... 12 more
, while invoking ClientNamenodeProtocolTranslatorPB.delete over node-1-link-0/10.10.1.4:8020. Retrying immediately.
2019-02-20 18:44:18,589 INFO retry.RetryInvocationHandler: org.apache.hadoop.ipc.RemoteException(org.apache.hadoop.ipc.RetriableException): org.apache.hadoop.hdfs.server.namenode.SafeModeException: Cannot delete /myfile14. Name node is in safe mode.
The reported blocks 117 has reached the threshold 0.9990 of total blocks 117. The number of live datanodes 3 has reached the minimum number 0. In safe mode extension. Safe mode will be turned off automatically in 2 seconds. NamenodeHostName:node-1-link-0
	at org.apache.hadoop.hdfs.server.namenode.FSNamesystem.checkNameNodeSafeMode(FSNamesystem.java:1441)
	at org.apache.hadoop.hdfs.server.namenode.FSNamesystem.delete(FSNamesystem.java:2986)
	at org.apache.hadoop.hdfs.server.namenode.NameNodeRpcServer.delete(NameNodeRpcServer.java:1095)
	at org.apache.hadoop.hdfs.protocolPB.ClientNamenodeProtocolServerSideTranslatorPB.delete(ClientNamenodeProtocolServerSideTranslatorPB.java:692)
	at org.apache.hadoop.hdfs.protocol.proto.ClientNamenodeProtocolProtos$ClientNamenodeProtocol$2.callBlockingMethod(ClientNamenodeProtocolProtos.java)
	at org.apache.hadoop.ipc.ProtobufRpcEngine$Server$ProtoBufRpcInvoker.call(ProtobufRpcEngine.java:523)
	at org.apache.hadoop.ipc.RPC$Server.call(RPC.java:991)
	at org.apache.hadoop.ipc.Server$RpcCall.run(Server.java:872)
	at org.apache.hadoop.ipc.Server$RpcCall.run(Server.java:818)
	at java.security.AccessController.doPrivileged(Native Method)
	at javax.security.auth.Subject.doAs(Subject.java:422)
	at org.apache.hadoop.security.UserGroupInformation.doAs(UserGroupInformation.java:1729)
	at org.apache.hadoop.ipc.Server$Handler.run(Server.java:2678)
Caused by: org.apache.hadoop.hdfs.server.namenode.SafeModeException: Cannot delete /myfile14. Name node is in safe mode.
The reported blocks 117 has reached the threshold 0.9990 of total blocks 117. The number of live datanodes 3 has reached the minimum number 0. In safe mode extension. Safe mode will be turned off automatically in 2 seconds. NamenodeHostName:node-1-link-0
	at org.apache.hadoop.hdfs.server.namenode.FSNamesystem.newSafemodeException(FSNamesystem.java:1450)
	at org.apache.hadoop.hdfs.server.namenode.FSNamesystem.checkNameNodeSafeMode(FSNamesystem.java:1437)
	... 12 more
, while invoking ClientNamenodeProtocolTranslatorPB.delete over node-1-link-0/10.10.1.4:8020. Retrying after sleeping for 1490ms.
2019-02-20 18:44:20,084 INFO retry.RetryInvocationHandler: org.apache.hadoop.ipc.RemoteException(org.apache.hadoop.ipc.RetriableException): org.apache.hadoop.hdfs.server.namenode.SafeModeException: Cannot delete /myfile14. Name node is in safe mode.
The reported blocks 117 has reached the threshold 0.9990 of total blocks 117. The number of live datanodes 3 has reached the minimum number 0. In safe mode extension. Safe mode will be turned off automatically in 0 seconds. NamenodeHostName:node-1-link-0
	at org.apache.hadoop.hdfs.server.namenode.FSNamesystem.checkNameNodeSafeMode(FSNamesystem.java:1441)
	at org.apache.hadoop.hdfs.server.namenode.FSNamesystem.delete(FSNamesystem.java:2986)
	at org.apache.hadoop.hdfs.server.namenode.NameNodeRpcServer.delete(NameNodeRpcServer.java:1095)
	at org.apache.hadoop.hdfs.protocolPB.ClientNamenodeProtocolServerSideTranslatorPB.delete(ClientNamenodeProtocolServerSideTranslatorPB.java:692)
	at org.apache.hadoop.hdfs.protocol.proto.ClientNamenodeProtocolProtos$ClientNamenodeProtocol$2.callBlockingMethod(ClientNamenodeProtocolProtos.java)
	at org.apache.hadoop.ipc.ProtobufRpcEngine$Server$ProtoBufRpcInvoker.call(ProtobufRpcEngine.java:523)
	at org.apache.hadoop.ipc.RPC$Server.call(RPC.java:991)
	at org.apache.hadoop.ipc.Server$RpcCall.run(Server.java:872)
	at org.apache.hadoop.ipc.Server$RpcCall.run(Server.java:818)
	at java.security.AccessController.doPrivileged(Native Method)
	at javax.security.auth.Subject.doAs(Subject.java:422)
	at org.apache.hadoop.security.UserGroupInformation.doAs(UserGroupInformation.java:1729)
	at org.apache.hadoop.ipc.Server$Handler.run(Server.java:2678)
Caused by: org.apache.hadoop.hdfs.server.namenode.SafeModeException: Cannot delete /myfile14. Name node is in safe mode.
The reported blocks 117 has reached the threshold 0.9990 of total blocks 117. The number of live datanodes 3 has reached the minimum number 0. In safe mode extension. Safe mode will be turned off automatically in 0 seconds. NamenodeHostName:node-1-link-0
	at org.apache.hadoop.hdfs.server.namenode.FSNamesystem.newSafemodeException(FSNamesystem.java:1450)
	at org.apache.hadoop.hdfs.server.namenode.FSNamesystem.checkNameNodeSafeMode(FSNamesystem.java:1437)
	... 12 more
, while invoking ClientNamenodeProtocolTranslatorPB.delete over node-1-link-0/10.10.1.4:8020. Retrying after sleeping for 1325ms.
Deleted /myfile14
file 14 has been removed from HDFS
Found 19 items
-rw-r--r--   3 root supergroup 1073741824 2019-02-20 18:43 /myfile1
-rw-r--r--   3 root supergroup 1073741824 2019-02-20 18:31 /myfile10
-rw-r--r--   3 root supergroup 1073741824 2019-02-20 18:32 /myfile12
-rw-r--r--   3 root supergroup          0 2019-02-20 18:32 /myfile13._COPYING_
-rw-r--r--   3 root supergroup 1073741824 2019-02-20 18:44 /myfile14
-rw-r--r--   3 root supergroup 1073741824 2019-02-20 18:32 /myfile15
-rw-r--r--   3 root supergroup 1073741824 2019-02-20 18:44 /myfile16
-rw-r--r--   3 root supergroup 1073741824 2019-02-20 18:44 /myfile17
-rw-r--r--   3 root supergroup 1073741824 2019-02-20 18:44 /myfile18
-rw-r--r--   3 root supergroup 1073741824 2019-02-20 18:44 /myfile19
-rw-r--r--   3 root supergroup          0 2019-02-20 18:32 /myfile2._COPYING_
-rw-r--r--   3 root supergroup 1073741824 2019-02-20 18:44 /myfile20
-rw-r--r--   3 root supergroup 1073741824 2019-02-20 18:44 /myfile3
-rw-r--r--   3 root supergroup 1073741824 2019-02-20 18:44 /myfile4
-rw-r--r--   3 root supergroup 1073741824 2019-02-20 18:43 /myfile5
-rw-r--r--   3 root supergroup 1073741824 2019-02-20 18:43 /myfile6
-rw-r--r--   3 root supergroup 1073741824 2019-02-20 18:44 /myfile7
-rw-r--r--   3 root supergroup 1073741824 2019-02-20 18:32 /myfile8
-rw-r--r--   3 root supergroup  134217728 2019-02-20 18:32 /myfile9._COPYING_
file 14 has been put into HDFS
file 14 has been read from HDFS for 1 time
diff succeed!
file 14 has been read from HDFS for 2 time
diff succeed!
file 14 has been read from HDFS for 3 time
diff succeed!
file 14 has been read from HDFS for 4 time
diff succeed!
file 14 has been read from HDFS for 5 time
diff succeed!
file 14 has been read from HDFS for 6 time
diff succeed!
file 14 has been read from HDFS for 7 time
diff succeed!
file 14 has been read from HDFS for 8 time
diff succeed!
file 14 has been read from HDFS for 9 time
diff succeed!
file 14 has been read from HDFS for 10 time
diff succeed!
Deleted /myfile14
file 14 has been removed from HDFS
Found 20 items
-rw-r--r--   3 root supergroup 1073741824 2019-02-20 18:48 /myfile1
-rw-r--r--   3 root supergroup 1073741824 2019-02-20 18:46 /myfile10
-rw-r--r--   3 root supergroup 1073741824 2019-02-20 18:45 /myfile11
-rw-r--r--   3 root supergroup 1073741824 2019-02-20 18:46 /myfile12
-rw-r--r--   3 root supergroup 1073741824 2019-02-20 18:46 /myfile13
-rw-r--r--   3 root supergroup 1073741824 2019-02-20 18:49 /myfile14
-rw-r--r--   3 root supergroup 1073741824 2019-02-20 18:45 /myfile15
-rw-r--r--   3 root supergroup          0 2019-02-20 18:49 /myfile16._COPYING_
-rw-r--r--   3 root supergroup 1073741824 2019-02-20 18:48 /myfile17
-rw-r--r--   3 root supergroup 1073741824 2019-02-20 18:49 /myfile18
-rw-r--r--   3 root supergroup 1073741824 2019-02-20 18:48 /myfile19
-rw-r--r--   3 root supergroup          0 2019-02-20 18:49 /myfile2._COPYING_
-rw-r--r--   3 root supergroup 1073741824 2019-02-20 18:48 /myfile20
-rw-r--r--   3 root supergroup 1073741824 2019-02-20 18:49 /myfile3
-rw-r--r--   3 root supergroup  134217728 2019-02-20 18:49 /myfile4._COPYING_
-rw-r--r--   3 root supergroup          0 2019-02-20 18:49 /myfile5._COPYING_
-rw-r--r--   3 root supergroup 1073741824 2019-02-20 18:48 /myfile6
-rw-r--r--   3 root supergroup 1073741824 2019-02-20 18:49 /myfile7
-rw-r--r--   3 root supergroup 1073741824 2019-02-20 18:45 /myfile8
-rw-r--r--   3 root supergroup 1073741824 2019-02-20 18:46 /myfile9
file 14 has been put into HDFS
file 14 has been read from HDFS for 1 time
diff succeed!
file 14 has been read from HDFS for 2 time
diff succeed!
file 14 has been read from HDFS for 3 time
diff succeed!
file 14 has been read from HDFS for 4 time
diff succeed!
file 14 has been read from HDFS for 5 time
diff succeed!
file 14 has been read from HDFS for 6 time
diff succeed!
file 14 has been read from HDFS for 7 time
diff succeed!
file 14 has been read from HDFS for 8 time
diff succeed!
file 14 has been read from HDFS for 9 time
diff succeed!
file 14 has been read from HDFS for 10 time
diff succeed!
Deleted /myfile14
file 14 has been removed from HDFS
Found 18 items
-rw-r--r--   3 root supergroup 1073741824 2019-02-20 18:52 /myfile1
-rw-r--r--   3 root supergroup 1073741824 2019-02-20 18:50 /myfile10
-rw-r--r--   3 root supergroup 1073741824 2019-02-20 18:51 /myfile12
-rw-r--r--   3 root supergroup          0 2019-02-20 18:54 /myfile13._COPYING_
-rw-r--r--   3 root supergroup 1073741824 2019-02-20 18:54 /myfile14
-rw-r--r--   3 root supergroup  536870912 2019-02-20 18:54 /myfile15._COPYING_
-rw-r--r--   3 root supergroup 1073741824 2019-02-20 18:49 /myfile16
-rw-r--r--   3 root supergroup          0 2019-02-20 18:54 /myfile17._COPYING_
-rw-r--r--   3 root supergroup 1073741824 2019-02-20 18:49 /myfile18
-rw-r--r--   3 root supergroup 1073741824 2019-02-20 18:53 /myfile19
-rw-r--r--   3 root supergroup 1073741824 2019-02-20 18:53 /myfile2
-rw-r--r--   3 root supergroup 1073741824 2019-02-20 18:53 /myfile20
-rw-r--r--   3 root supergroup 1073741824 2019-02-20 18:49 /myfile3
-rw-r--r--   3 root supergroup 1073741824 2019-02-20 18:53 /myfile4
-rw-r--r--   3 root supergroup 1073741824 2019-02-20 18:53 /myfile5
-rw-r--r--   3 root supergroup 1073741824 2019-02-20 18:53 /myfile6
-rw-r--r--   3 root supergroup 1073741824 2019-02-20 18:53 /myfile7
-rw-r--r--   3 root supergroup 1073741824 2019-02-20 18:50 /myfile9
file 14 has been put into HDFS
file 14 has been read from HDFS for 1 time
diff succeed!
sub_benchmark 1 signal TERM catched and let quit gracefully
Deleted /myfile14
file 14 has been removed from HDFS
