Found 20 items
-rw-r--r--   3 root supergroup 1073741824 2019-02-24 13:48 /myfile1
-rw-r--r--   3 root supergroup 1073741824 2019-02-24 13:48 /myfile10
-rw-r--r--   3 root supergroup 1073741824 2019-02-24 13:48 /myfile11
-rw-r--r--   3 root supergroup 1073741824 2019-02-24 13:48 /myfile12
-rw-r--r--   3 root supergroup 1073741824 2019-02-24 13:48 /myfile13
-rw-r--r--   3 root supergroup 1073741824 2019-02-24 13:48 /myfile14
-rw-r--r--   3 root supergroup 1073741824 2019-02-24 13:48 /myfile15
-rw-r--r--   3 root supergroup 1073741824 2019-02-24 13:48 /myfile16
-rw-r--r--   3 root supergroup 1073741824 2019-02-24 13:48 /myfile17
-rw-r--r--   3 root supergroup 1073741824 2019-02-24 13:48 /myfile18
-rw-r--r--   3 root supergroup 1073741824 2019-02-24 13:48 /myfile19
-rw-r--r--   3 root supergroup 1073741824 2019-02-24 13:48 /myfile2
-rw-r--r--   3 root supergroup 1073741824 2019-02-24 13:48 /myfile20
-rw-r--r--   3 root supergroup 1073741824 2019-02-24 13:48 /myfile3
-rw-r--r--   3 root supergroup 1073741824 2019-02-24 13:48 /myfile4
-rw-r--r--   3 root supergroup 1073741824 2019-02-24 13:48 /myfile5
-rw-r--r--   3 root supergroup 1073741824 2019-02-24 13:48 /myfile6
-rw-r--r--   3 root supergroup 1073741824 2019-02-24 13:48 /myfile7
-rw-r--r--   3 root supergroup 1073741824 2019-02-24 13:48 /myfile8
-rw-r--r--   3 root supergroup 1073741824 2019-02-24 13:48 /myfile9
file 1 has been put into HDFS
file 1 has been read from HDFS for 1 time
diff succeed!
file 1 has been read from HDFS for 2 time
diff succeed!
file 1 has been read from HDFS for 3 time
diff succeed!
file 1 has been read from HDFS for 4 time
diff succeed!
file 1 has been read from HDFS for 5 time
diff succeed!
file 1 has been read from HDFS for 6 time
diff succeed!
file 1 has been read from HDFS for 7 time
diff succeed!
file 1 has been read from HDFS for 8 time
diff succeed!
file 1 has been read from HDFS for 9 time
diff succeed!
file 1 has been read from HDFS for 10 time
diff succeed!
Deleted /myfile1
file 1 has been removed from HDFS
Found 20 items
-rw-r--r--   3 root supergroup 1073741824 2019-02-24 13:54 /myfile1
-rw-r--r--   3 root supergroup 1073741824 2019-02-24 13:52 /myfile10
-rw-r--r--   3 root supergroup 1073741824 2019-02-24 13:53 /myfile11
-rw-r--r--   3 root supergroup 1073741824 2019-02-24 13:52 /myfile12
-rw-r--r--   3 root supergroup 1073741824 2019-02-24 13:52 /myfile13
-rw-r--r--   3 root supergroup 1073741824 2019-02-24 13:52 /myfile14
-rw-r--r--   3 root supergroup 1073741824 2019-02-24 13:52 /myfile15
-rw-r--r--   3 root supergroup 1073741824 2019-02-24 13:52 /myfile16
-rw-r--r--   3 root supergroup 1073741824 2019-02-24 13:52 /myfile17
-rw-r--r--   3 root supergroup 1073741824 2019-02-24 13:52 /myfile18
-rw-r--r--   3 root supergroup 1073741824 2019-02-24 13:52 /myfile19
-rw-r--r--   3 root supergroup 1073741824 2019-02-24 13:52 /myfile2
-rw-r--r--   3 root supergroup 1073741824 2019-02-24 13:52 /myfile20
-rw-r--r--   3 root supergroup 1073741824 2019-02-24 13:53 /myfile3
-rw-r--r--   3 root supergroup 1073741824 2019-02-24 13:52 /myfile4
-rw-r--r--   3 root supergroup 1073741824 2019-02-24 13:52 /myfile5
-rw-r--r--   3 root supergroup 1073741824 2019-02-24 13:52 /myfile6
-rw-r--r--   3 root supergroup 1073741824 2019-02-24 13:52 /myfile7
-rw-r--r--   3 root supergroup 1073741824 2019-02-24 13:52 /myfile8
-rw-r--r--   3 root supergroup 1073741824 2019-02-24 13:52 /myfile9
file 1 has been put into HDFS
file 1 has been read from HDFS for 1 time
diff succeed!
file 1 has been read from HDFS for 2 time
diff succeed!
file 1 has been read from HDFS for 3 time
diff succeed!
file 1 has been read from HDFS for 4 time
diff succeed!
file 1 has been read from HDFS for 5 time
diff succeed!
file 1 has been read from HDFS for 6 time
diff succeed!
file 1 has been read from HDFS for 7 time
diff succeed!
file 1 has been read from HDFS for 8 time
diff succeed!
file 1 has been read from HDFS for 9 time
diff succeed!
file 1 has been read from HDFS for 10 time
diff succeed!
Deleted /myfile1
file 1 has been removed from HDFS
Found 20 items
-rw-r--r--   3 root supergroup 1073741824 2019-02-24 13:58 /myfile1
-rw-r--r--   3 root supergroup 1073741824 2019-02-24 13:56 /myfile10
-rw-r--r--   3 root supergroup 1073741824 2019-02-24 13:57 /myfile11
-rw-r--r--   3 root supergroup 1073741824 2019-02-24 13:56 /myfile12
-rw-r--r--   3 root supergroup 1073741824 2019-02-24 13:56 /myfile13
-rw-r--r--   3 root supergroup 1073741824 2019-02-24 13:57 /myfile14
-rw-r--r--   3 root supergroup 1073741824 2019-02-24 13:56 /myfile15
-rw-r--r--   3 root supergroup 1073741824 2019-02-24 13:57 /myfile16
-rw-r--r--   3 root supergroup 1073741824 2019-02-24 13:56 /myfile17
-rw-r--r--   3 root supergroup 1073741824 2019-02-24 13:56 /myfile18
-rw-r--r--   3 root supergroup 1073741824 2019-02-24 13:56 /myfile19
-rw-r--r--   3 root supergroup 1073741824 2019-02-24 13:56 /myfile2
-rw-r--r--   3 root supergroup 1073741824 2019-02-24 13:56 /myfile20
-rw-r--r--   3 root supergroup 1073741824 2019-02-24 13:57 /myfile3
-rw-r--r--   3 root supergroup 1073741824 2019-02-24 13:57 /myfile4
-rw-r--r--   3 root supergroup 1073741824 2019-02-24 13:57 /myfile5
-rw-r--r--   3 root supergroup 1073741824 2019-02-24 13:57 /myfile6
-rw-r--r--   3 root supergroup 1073741824 2019-02-24 13:57 /myfile7
-rw-r--r--   3 root supergroup 1073741824 2019-02-24 13:57 /myfile8
-rw-r--r--   3 root supergroup 1073741824 2019-02-24 13:56 /myfile9
file 1 has been put into HDFS
file 1 has been read from HDFS for 1 time
diff succeed!
file 1 has been read from HDFS for 2 time
diff succeed!
file 1 has been read from HDFS for 3 time
diff succeed!
file 1 has been read from HDFS for 4 time
diff succeed!
file 1 has been read from HDFS for 5 time
diff succeed!
file 1 has been read from HDFS for 6 time
diff succeed!
2019-02-24 14:01:00,604 INFO retry.RetryInvocationHandler: org.apache.hadoop.ipc.RemoteException(org.apache.hadoop.ipc.StandbyException): Operation category READ is not supported in state standby. Visit https://s.apache.org/sbnn-error
	at org.apache.hadoop.hdfs.server.namenode.ha.StandbyState.checkOperation(StandbyState.java:88)
	at org.apache.hadoop.hdfs.server.namenode.NameNode$NameNodeHAContext.checkOperation(NameNode.java:1952)
	at org.apache.hadoop.hdfs.server.namenode.FSNamesystem.checkOperation(FSNamesystem.java:1423)
	at org.apache.hadoop.hdfs.server.namenode.FSNamesystem.getFileInfo(FSNamesystem.java:3085)
	at org.apache.hadoop.hdfs.server.namenode.NameNodeRpcServer.getFileInfo(NameNodeRpcServer.java:1154)
	at org.apache.hadoop.hdfs.protocolPB.ClientNamenodeProtocolServerSideTranslatorPB.getFileInfo(ClientNamenodeProtocolServerSideTranslatorPB.java:966)
	at org.apache.hadoop.hdfs.protocol.proto.ClientNamenodeProtocolProtos$ClientNamenodeProtocol$2.callBlockingMethod(ClientNamenodeProtocolProtos.java)
	at org.apache.hadoop.ipc.ProtobufRpcEngine$Server$ProtoBufRpcInvoker.call(ProtobufRpcEngine.java:523)
	at org.apache.hadoop.ipc.RPC$Server.call(RPC.java:991)
	at org.apache.hadoop.ipc.Server$RpcCall.run(Server.java:872)
	at org.apache.hadoop.ipc.Server$RpcCall.run(Server.java:818)
	at java.security.AccessController.doPrivileged(Native Method)
	at javax.security.auth.Subject.doAs(Subject.java:422)
	at org.apache.hadoop.security.UserGroupInformation.doAs(UserGroupInformation.java:1729)
	at org.apache.hadoop.ipc.Server$Handler.run(Server.java:2678)
, while invoking ClientNamenodeProtocolTranslatorPB.getFileInfo over node-1-link-0/10.10.1.4:8020 after 1 failover attempts. Trying to failover after sleeping for 562ms.
2019-02-24 14:01:01,172 INFO retry.RetryInvocationHandler: java.net.ConnectException: Call From clnode049.clemson.cloudlab.us/130.127.133.58 to node-0-link-0:8020 failed on connection exception: java.net.ConnectException: Connection refused; For more details see:  http://wiki.apache.org/hadoop/ConnectionRefused, while invoking ClientNamenodeProtocolTranslatorPB.getFileInfo over node-0-link-0/10.10.1.1:8020 after 2 failover attempts. Trying to failover after sleeping for 2043ms.
file 1 has been read from HDFS for 7 time
diff succeed!
file 1 has been read from HDFS for 8 time
diff succeed!
file 1 has been read from HDFS for 9 time
diff succeed!
file 1 has been read from HDFS for 10 time
diff succeed!
Deleted /myfile1
file 1 has been removed from HDFS
Found 20 items
-rw-r--r--   3 root supergroup 1073741824 2019-02-24 14:02 /myfile1
-rw-r--r--   3 root supergroup 1073741824 2019-02-24 14:00 /myfile10
-rw-r--r--   3 root supergroup 1073741824 2019-02-24 14:02 /myfile11
-rw-r--r--   3 root supergroup 1073741824 2019-02-24 14:00 /myfile12
-rw-r--r--   3 root supergroup 1073741824 2019-02-24 14:00 /myfile13
-rw-r--r--   3 root supergroup 1073741824 2019-02-24 14:02 /myfile14
-rw-r--r--   3 root supergroup 1073741824 2019-02-24 14:01 /myfile15
-rw-r--r--   3 root supergroup 1073741824 2019-02-24 14:02 /myfile16
-rw-r--r--   3 root supergroup 1073741824 2019-02-24 14:02 /myfile17
-rw-r--r--   3 root supergroup 1073741824 2019-02-24 14:01 /myfile18
-rw-r--r--   3 root supergroup 1073741824 2019-02-24 14:02 /myfile19
-rw-r--r--   3 root supergroup 1073741824 2019-02-24 14:00 /myfile2
-rw-r--r--   3 root supergroup 1073741824 2019-02-24 14:00 /myfile20
-rw-r--r--   3 root supergroup 1073741824 2019-02-24 14:02 /myfile3
-rw-r--r--   3 root supergroup 1073741824 2019-02-24 14:02 /myfile4
-rw-r--r--   3 root supergroup 1073741824 2019-02-24 14:02 /myfile5
-rw-r--r--   3 root supergroup 1073741824 2019-02-24 14:02 /myfile6
-rw-r--r--   3 root supergroup 1073741824 2019-02-24 14:02 /myfile7
-rw-r--r--   3 root supergroup  536870912 2019-02-24 14:02 /myfile8._COPYING_
-rw-r--r--   3 root supergroup 1073741824 2019-02-24 14:02 /myfile9
file 1 has been put into HDFS
file 1 has been read from HDFS for 1 time
diff succeed!
file 1 has been read from HDFS for 2 time
diff succeed!
file 1 has been read from HDFS for 3 time
diff succeed!
file 1 has been read from HDFS for 4 time
diff succeed!
file 1 has been read from HDFS for 5 time
diff succeed!
file 1 has been read from HDFS for 6 time
diff succeed!
file 1 has been read from HDFS for 7 time
diff succeed!
file 1 has been read from HDFS for 8 time
diff succeed!
file 1 has been read from HDFS for 9 time
diff succeed!
file 1 has been read from HDFS for 10 time
diff succeed!
Deleted /myfile1
file 1 has been removed from HDFS
Found 19 items
-rw-r--r--   3 root supergroup 1073741824 2019-02-24 14:07 /myfile1
-rw-r--r--   3 root supergroup 1073741824 2019-02-24 14:04 /myfile10
-rw-r--r--   3 root supergroup  268435456 2019-02-24 14:06 /myfile11._COPYING_
-rw-r--r--   3 root supergroup 1073741824 2019-02-24 14:05 /myfile12
-rw-r--r--   3 root supergroup 1073741824 2019-02-24 14:04 /myfile13
-rw-r--r--   3 root supergroup 1073741824 2019-02-24 14:06 /myfile14
-rw-r--r--   3 root supergroup 1073741824 2019-02-24 14:05 /myfile15
-rw-r--r--   3 root supergroup 1073741824 2019-02-24 14:06 /myfile16
-rw-r--r--   3 root supergroup 1073741824 2019-02-24 14:07 /myfile17
-rw-r--r--   3 root supergroup          0 2019-02-24 14:07 /myfile18._COPYING_
-rw-r--r--   3 root supergroup 1073741824 2019-02-24 14:06 /myfile19
-rw-r--r--   3 root supergroup 1073741824 2019-02-24 14:04 /myfile2
-rw-r--r--   3 root supergroup 1073741824 2019-02-24 14:04 /myfile20
-rw-r--r--   3 root supergroup          0 2019-02-24 14:07 /myfile3._COPYING_
-rw-r--r--   3 root supergroup 1073741824 2019-02-24 14:06 /myfile4
-rw-r--r--   3 root supergroup  671088640 2019-02-24 14:06 /myfile5._COPYING_
-rw-r--r--   3 root supergroup 1073741824 2019-02-24 14:07 /myfile6
-rw-r--r--   3 root supergroup 1073741824 2019-02-24 14:07 /myfile7
-rw-r--r--   3 root supergroup          0 2019-02-24 14:07 /myfile8._COPYING_
file 1 has been put into HDFS
file 1 has been read from HDFS for 1 time
diff succeed!
file 1 has been read from HDFS for 2 time
diff succeed!
file 1 has been read from HDFS for 3 time
diff succeed!
file 1 has been read from HDFS for 4 time
diff succeed!
file 1 has been read from HDFS for 5 time
diff succeed!
file 1 has been read from HDFS for 6 time
diff succeed!
file 1 has been read from HDFS for 7 time
diff succeed!
file 1 has been read from HDFS for 8 time
diff succeed!
file 1 has been read from HDFS for 9 time
diff succeed!
file 1 has been read from HDFS for 10 time
diff succeed!
Deleted /myfile1
file 1 has been removed from HDFS
Found 17 items
-rw-r--r--   3 root supergroup 1073741824 2019-02-24 14:13 /myfile1
-rw-r--r--   3 root supergroup 1073741824 2019-02-24 14:12 /myfile10
-rw-r--r--   3 root supergroup 1073741824 2019-02-24 14:11 /myfile12
-rw-r--r--   3 root supergroup 1073741824 2019-02-24 14:12 /myfile13
-rw-r--r--   3 root supergroup 1073741824 2019-02-24 14:11 /myfile15
-rw-r--r--   3 root supergroup 1073741824 2019-02-24 14:12 /myfile16
-rw-r--r--   3 root supergroup 1073741824 2019-02-24 14:13 /myfile17
-rw-r--r--   3 root supergroup 1073741824 2019-02-24 14:11 /myfile18
-rw-r--r--   3 root supergroup 1073741824 2019-02-24 14:12 /myfile19
-rw-r--r--   3 root supergroup 1073741824 2019-02-24 14:12 /myfile2
-rw-r--r--   3 root supergroup 1073741824 2019-02-24 14:12 /myfile20
-rw-r--r--   3 root supergroup 1073741824 2019-02-24 14:07 /myfile3
-rw-r--r--   3 root supergroup 1073741824 2019-02-24 14:10 /myfile4
-rw-r--r--   3 root supergroup  805306368 2019-02-24 14:13 /myfile5._COPYING_
-rw-r--r--   3 root supergroup 1073741824 2019-02-24 14:13 /myfile6
-rw-r--r--   3 root supergroup 1073741824 2019-02-24 14:10 /myfile7
-rw-r--r--   3 root supergroup 1073741824 2019-02-24 14:11 /myfile9
file 1 has been put into HDFS
file 1 has been read from HDFS for 1 time
diff succeed!
file 1 has been read from HDFS for 2 time
diff succeed!
file 1 has been read from HDFS for 3 time
diff succeed!
file 1 has been read from HDFS for 4 time
diff succeed!
file 1 has been read from HDFS for 5 time
diff succeed!
file 1 has been read from HDFS for 6 time
diff succeed!
file 1 has been read from HDFS for 7 time
diff succeed!
file 1 has been read from HDFS for 8 time
diff succeed!
file 1 has been read from HDFS for 9 time
diff succeed!
file 1 has been read from HDFS for 10 time
diff succeed!
Deleted /myfile1
file 1 has been removed from HDFS
Found 19 items
-rw-r--r--   3 root supergroup 1073741824 2019-02-24 14:17 /myfile1
-rw-r--r--   3 root supergroup 1073741824 2019-02-24 14:16 /myfile10
-rw-r--r--   3 root supergroup 1073741824 2019-02-24 14:14 /myfile11
-rw-r--r--   3 root supergroup 1073741824 2019-02-24 14:15 /myfile12
-rw-r--r--   3 root supergroup 1073741824 2019-02-24 14:17 /myfile13
-rw-r--r--   3 root supergroup 1073741824 2019-02-24 14:15 /myfile15
-rw-r--r--   3 root supergroup 1073741824 2019-02-24 14:16 /myfile16
-rw-r--r--   3 root supergroup 1073741824 2019-02-24 14:17 /myfile17
-rw-r--r--   3 root supergroup 1073741824 2019-02-24 14:15 /myfile18
-rw-r--r--   3 root supergroup 1073741824 2019-02-24 14:16 /myfile19
-rw-r--r--   3 root supergroup 1073741824 2019-02-24 14:16 /myfile2
-rw-r--r--   3 root supergroup 1073741824 2019-02-24 14:16 /myfile20
-rw-r--r--   3 root supergroup  402653184 2019-02-24 14:17 /myfile3._COPYING_
-rw-r--r--   3 root supergroup 1073741824 2019-02-24 14:14 /myfile4
-rw-r--r--   3 root supergroup 1073741824 2019-02-24 14:17 /myfile5
-rw-r--r--   3 root supergroup 1073741824 2019-02-24 14:13 /myfile6
-rw-r--r--   3 root supergroup 1073741824 2019-02-24 14:14 /myfile7
-rw-r--r--   3 root supergroup 1073741824 2019-02-24 14:14 /myfile8
-rw-r--r--   3 root supergroup 1073741824 2019-02-24 14:15 /myfile9
file 1 has been put into HDFS
file 1 has been read from HDFS for 1 time
diff succeed!
file 1 has been read from HDFS for 2 time
diff succeed!
file 1 has been read from HDFS for 3 time
diff succeed!
file 1 has been read from HDFS for 4 time
diff succeed!
file 1 has been read from HDFS for 5 time
diff succeed!
file 1 has been read from HDFS for 6 time
diff succeed!
file 1 has been read from HDFS for 7 time
diff succeed!
file 1 has been read from HDFS for 8 time
diff succeed!
file 1 has been read from HDFS for 9 time
diff succeed!
file 1 has been read from HDFS for 10 time
diff succeed!
Deleted /myfile1
file 1 has been removed from HDFS
Found 17 items
-rw-r--r--   3 root supergroup 1073741824 2019-02-24 14:21 /myfile1
-rw-r--r--   3 root supergroup 1073741824 2019-02-24 14:20 /myfile10
-rw-r--r--   3 root supergroup 1073741824 2019-02-24 14:18 /myfile11
-rw-r--r--   3 root supergroup 1073741824 2019-02-24 14:19 /myfile12
-rw-r--r--   3 root supergroup 1073741824 2019-02-24 14:17 /myfile13
-rw-r--r--   3 root supergroup 1073741824 2019-02-24 14:18 /myfile14
-rw-r--r--   3 root supergroup 1073741824 2019-02-24 14:19 /myfile15
-rw-r--r--   3 root supergroup 1073741824 2019-02-24 14:20 /myfile16
-rw-r--r--   3 root supergroup 1073741824 2019-02-24 14:17 /myfile17
-rw-r--r--   3 root supergroup 1073741824 2019-02-24 14:19 /myfile18
-rw-r--r--   3 root supergroup 1073741824 2019-02-24 14:20 /myfile2
-rw-r--r--   3 root supergroup 1073741824 2019-02-24 14:17 /myfile3
-rw-r--r--   3 root supergroup 1073741824 2019-02-24 14:18 /myfile4
-rw-r--r--   3 root supergroup 1073741824 2019-02-24 14:18 /myfile6
-rw-r--r--   3 root supergroup 1073741824 2019-02-24 14:18 /myfile7
-rw-r--r--   3 root supergroup 1073741824 2019-02-24 14:18 /myfile8
-rw-r--r--   3 root supergroup 1073741824 2019-02-24 14:20 /myfile9
file 1 has been put into HDFS
file 1 has been read from HDFS for 1 time
diff succeed!
file 1 has been read from HDFS for 2 time
diff succeed!
file 1 has been read from HDFS for 3 time
diff succeed!
file 1 has been read from HDFS for 4 time
diff succeed!
file 1 has been read from HDFS for 5 time
diff succeed!
file 1 has been read from HDFS for 6 time
diff succeed!
file 1 has been read from HDFS for 7 time
diff succeed!
file 1 has been read from HDFS for 8 time
diff succeed!
file 1 has been read from HDFS for 9 time
diff succeed!
file 1 has been read from HDFS for 10 time
diff succeed!
Deleted /myfile1
file 1 has been removed from HDFS
Found 18 items
-rw-r--r--   3 root supergroup 1073741824 2019-02-24 14:25 /myfile1
-rw-r--r--   3 root supergroup 1073741824 2019-02-24 14:25 /myfile10
-rw-r--r--   3 root supergroup 1073741824 2019-02-24 14:23 /myfile11
-rw-r--r--   3 root supergroup 1073741824 2019-02-24 14:23 /myfile12
-rw-r--r--   3 root supergroup 1073741824 2019-02-24 14:22 /myfile13
-rw-r--r--   3 root supergroup 1073741824 2019-02-24 14:22 /myfile14
-rw-r--r--   3 root supergroup 1073741824 2019-02-24 14:23 /myfile15
-rw-r--r--   3 root supergroup 1073741824 2019-02-24 14:24 /myfile16
-rw-r--r--   3 root supergroup 1073741824 2019-02-24 14:25 /myfile18
-rw-r--r--   3 root supergroup 1073741824 2019-02-24 14:21 /myfile19
-rw-r--r--   3 root supergroup  939524096 2019-02-24 14:25 /myfile2._COPYING_
-rw-r--r--   3 root supergroup 1073741824 2019-02-24 14:25 /myfile20
-rw-r--r--   3 root supergroup 1073741824 2019-02-24 14:23 /myfile3
-rw-r--r--   3 root supergroup 1073741824 2019-02-24 14:22 /myfile4
-rw-r--r--   3 root supergroup 1073741824 2019-02-24 14:22 /myfile6
-rw-r--r--   3 root supergroup 1073741824 2019-02-24 14:23 /myfile7
-rw-r--r--   3 root supergroup 1073741824 2019-02-24 14:23 /myfile8
-rw-r--r--   3 root supergroup 1073741824 2019-02-24 14:25 /myfile9
file 1 has been put into HDFS
file 1 has been read from HDFS for 1 time
diff succeed!
file 1 has been read from HDFS for 2 time
diff succeed!
file 1 has been read from HDFS for 3 time
diff succeed!
file 1 has been read from HDFS for 4 time
diff succeed!
file 1 has been read from HDFS for 5 time
diff succeed!
file 1 has been read from HDFS for 6 time
diff succeed!
file 1 has been read from HDFS for 7 time
diff succeed!
file 1 has been read from HDFS for 8 time
diff succeed!
file 1 has been read from HDFS for 9 time
diff succeed!
file 1 has been read from HDFS for 10 time
diff succeed!
Deleted /myfile1
file 1 has been removed from HDFS
Found 20 items
-rw-r--r--   3 root supergroup 1073741824 2019-02-24 14:29 /myfile1
-rw-r--r--   3 root supergroup 1073741824 2019-02-24 14:29 /myfile10
-rw-r--r--   3 root supergroup 1073741824 2019-02-24 14:27 /myfile11
-rw-r--r--   3 root supergroup 1073741824 2019-02-24 14:28 /myfile12
-rw-r--r--   3 root supergroup 1073741824 2019-02-24 14:26 /myfile13
-rw-r--r--   3 root supergroup  939524096 2019-02-24 14:29 /myfile14._COPYING_
-rw-r--r--   3 root supergroup 1073741824 2019-02-24 14:28 /myfile15
-rw-r--r--   3 root supergroup 1073741824 2019-02-24 14:29 /myfile16
-rw-r--r--   3 root supergroup 1073741824 2019-02-24 14:29 /myfile17
-rw-r--r--   3 root supergroup 1073741824 2019-02-24 14:28 /myfile18
-rw-r--r--   3 root supergroup 1073741824 2019-02-24 14:26 /myfile19
-rw-r--r--   3 root supergroup 1073741824 2019-02-24 14:29 /myfile2
-rw-r--r--   3 root supergroup 1073741824 2019-02-24 14:29 /myfile20
-rw-r--r--   3 root supergroup 1073741824 2019-02-24 14:27 /myfile3
-rw-r--r--   3 root supergroup 1073741824 2019-02-24 14:27 /myfile4
-rw-r--r--   3 root supergroup 1073741824 2019-02-24 14:29 /myfile5
-rw-r--r--   3 root supergroup 1073741824 2019-02-24 14:26 /myfile6
-rw-r--r--   3 root supergroup 1073741824 2019-02-24 14:27 /myfile7
-rw-r--r--   3 root supergroup 1073741824 2019-02-24 14:27 /myfile8
-rw-r--r--   3 root supergroup 1073741824 2019-02-24 14:29 /myfile9
file 1 has been put into HDFS
file 1 has been read from HDFS for 1 time
diff succeed!
file 1 has been read from HDFS for 2 time
diff succeed!
file 1 has been read from HDFS for 3 time
diff succeed!
file 1 has been read from HDFS for 4 time
diff succeed!
file 1 has been read from HDFS for 5 time
diff succeed!
file 1 has been read from HDFS for 6 time
diff succeed!
file 1 has been read from HDFS for 7 time
diff succeed!
file 1 has been read from HDFS for 8 time
diff succeed!
file 1 has been read from HDFS for 9 time
diff succeed!
file 1 has been read from HDFS for 10 time
diff succeed!
Deleted /myfile1
file 1 has been removed from HDFS
sub_benchmark 10 signal TERM catched and let quit gracefully
