Found 20 items
-rw-r--r--   3 root supergroup 1073741824 2019-02-27 05:29 /myfile1
-rw-r--r--   3 root supergroup 1073741824 2019-02-27 05:29 /myfile10
-rw-r--r--   3 root supergroup 1073741824 2019-02-27 05:29 /myfile11
-rw-r--r--   3 root supergroup 1073741824 2019-02-27 05:29 /myfile12
-rw-r--r--   3 root supergroup 1073741824 2019-02-27 05:29 /myfile13
-rw-r--r--   3 root supergroup 1073741824 2019-02-27 05:29 /myfile14
-rw-r--r--   3 root supergroup 1073741824 2019-02-27 05:29 /myfile15
-rw-r--r--   3 root supergroup 1073741824 2019-02-27 05:29 /myfile16
-rw-r--r--   3 root supergroup 1073741824 2019-02-27 05:29 /myfile17
-rw-r--r--   3 root supergroup 1073741824 2019-02-27 05:29 /myfile18
-rw-r--r--   3 root supergroup 1073741824 2019-02-27 05:29 /myfile19
-rw-r--r--   3 root supergroup 1073741824 2019-02-27 05:29 /myfile2
-rw-r--r--   3 root supergroup 1073741824 2019-02-27 05:29 /myfile20
-rw-r--r--   3 root supergroup 1073741824 2019-02-27 05:29 /myfile3
-rw-r--r--   3 root supergroup 1073741824 2019-02-27 05:29 /myfile4
-rw-r--r--   3 root supergroup 1073741824 2019-02-27 05:29 /myfile5
-rw-r--r--   3 root supergroup 1073741824 2019-02-27 05:29 /myfile6
-rw-r--r--   3 root supergroup 1073741824 2019-02-27 05:29 /myfile7
-rw-r--r--   3 root supergroup 1073741824 2019-02-27 05:29 /myfile8
-rw-r--r--   3 root supergroup 1073741824 2019-02-27 05:29 /myfile9
file 19 has been put into HDFS
file 19 has been read from HDFS for 1 time
diff succeed!
file 19 has been read from HDFS for 2 time
diff succeed!
file 19 has been read from HDFS for 3 time
diff succeed!
file 19 has been read from HDFS for 4 time
diff succeed!
file 19 has been read from HDFS for 5 time
diff succeed!
file 19 has been read from HDFS for 6 time
diff succeed!
file 19 has been read from HDFS for 7 time
diff succeed!
file 19 has been read from HDFS for 8 time
diff succeed!
file 19 has been read from HDFS for 9 time
diff succeed!
file 19 has been read from HDFS for 10 time
diff succeed!
Deleted /myfile19
file 19 has been removed from HDFS
Found 18 items
-rw-r--r--   3 root supergroup  536870912 2019-02-27 05:33 /myfile1._COPYING_
-rw-r--r--   3 root supergroup 1073741824 2019-02-27 05:29 /myfile10
-rw-r--r--   3 root supergroup  671088640 2019-02-27 05:33 /myfile11._COPYING_
-rw-r--r--   3 root supergroup  671088640 2019-02-27 05:33 /myfile12._COPYING_
-rw-r--r--   3 root supergroup  134217728 2019-02-27 05:33 /myfile13._COPYING_
-rw-r--r--   3 root supergroup 1073741824 2019-02-27 05:33 /myfile14
-rw-r--r--   3 root supergroup  402653184 2019-02-27 05:33 /myfile15._COPYING_
-rw-r--r--   3 root supergroup 1073741824 2019-02-27 05:29 /myfile16
-rw-r--r--   3 root supergroup 1073741824 2019-02-27 05:33 /myfile17
-rw-r--r--   3 root supergroup 1073741824 2019-02-27 05:33 /myfile19
-rw-r--r--   3 root supergroup  671088640 2019-02-27 05:33 /myfile2._COPYING_
-rw-r--r--   3 root supergroup  536870912 2019-02-27 05:33 /myfile20._COPYING_
-rw-r--r--   3 root supergroup  536870912 2019-02-27 05:33 /myfile3._COPYING_
-rw-r--r--   3 root supergroup 1073741824 2019-02-27 05:33 /myfile4
-rw-r--r--   3 root supergroup 1073741824 2019-02-27 05:33 /myfile5
-rw-r--r--   3 root supergroup 1073741824 2019-02-27 05:29 /myfile6
-rw-r--r--   3 root supergroup  536870912 2019-02-27 05:33 /myfile8._COPYING_
-rw-r--r--   3 root supergroup 1073741824 2019-02-27 05:33 /myfile9
file 19 has been put into HDFS
file 19 has been read from HDFS for 1 time
diff succeed!
file 19 has been read from HDFS for 2 time
diff succeed!
file 19 has been read from HDFS for 3 time
diff succeed!
file 19 has been read from HDFS for 4 time
diff succeed!
file 19 has been read from HDFS for 5 time
diff succeed!
file 19 has been read from HDFS for 6 time
diff succeed!
file 19 has been read from HDFS for 7 time
diff succeed!
file 19 has been read from HDFS for 8 time
diff succeed!
file 19 has been read from HDFS for 9 time
diff succeed!
file 19 has been read from HDFS for 10 time
diff succeed!
Deleted /myfile19
file 19 has been removed from HDFS
Found 18 items
-rw-r--r--   3 root supergroup  402653184 2019-02-27 05:37 /myfile1._COPYING_
-rw-r--r--   3 root supergroup 1073741824 2019-02-27 05:35 /myfile10
-rw-r--r--   3 root supergroup 1073741824 2019-02-27 05:37 /myfile11
-rw-r--r--   3 root supergroup  805306368 2019-02-27 05:37 /myfile12._COPYING_
-rw-r--r--   3 root supergroup  402653184 2019-02-27 05:37 /myfile13._COPYING_
-rw-r--r--   3 root supergroup  268435456 2019-02-27 05:37 /myfile15._COPYING_
-rw-r--r--   3 root supergroup 1073741824 2019-02-27 05:34 /myfile16
-rw-r--r--   3 root supergroup 1073741824 2019-02-27 05:37 /myfile17
-rw-r--r--   3 root supergroup 1073741824 2019-02-27 05:38 /myfile19
-rw-r--r--   3 root supergroup  805306368 2019-02-27 05:37 /myfile2._COPYING_
-rw-r--r--   3 root supergroup  402653184 2019-02-27 05:37 /myfile20._COPYING_
-rw-r--r--   3 root supergroup  671088640 2019-02-27 05:37 /myfile3._COPYING_
-rw-r--r--   3 root supergroup 1073741824 2019-02-27 05:37 /myfile4
-rw-r--r--   3 root supergroup  805306368 2019-02-27 05:37 /myfile5._COPYING_
-rw-r--r--   3 root supergroup 1073741824 2019-02-27 05:34 /myfile6
-rw-r--r--   3 root supergroup  402653184 2019-02-27 05:37 /myfile7._COPYING_
-rw-r--r--   3 root supergroup  402653184 2019-02-27 05:37 /myfile8._COPYING_
-rw-r--r--   3 root supergroup 1073741824 2019-02-27 05:37 /myfile9
file 19 has been put into HDFS
file 19 has been read from HDFS for 1 time
diff succeed!
file 19 has been read from HDFS for 2 time
diff succeed!
file 19 has been read from HDFS for 3 time
diff succeed!
file 19 has been read from HDFS for 4 time
diff succeed!
file 19 has been read from HDFS for 5 time
diff succeed!
file 19 has been read from HDFS for 6 time
diff succeed!
file 19 has been read from HDFS for 7 time
diff succeed!
file 19 has been read from HDFS for 8 time
diff succeed!
file 19 has been read from HDFS for 9 time
diff succeed!
file 19 has been read from HDFS for 10 time
diff succeed!
Deleted /myfile19
file 19 has been removed from HDFS
2019-02-27 05:42:00,691 INFO retry.RetryInvocationHandler: java.io.IOException: DestHost:destPort node-1-link-0:8020 , LocalHost:localPort clnode059.clemson.cloudlab.us/130.127.133.68:0. Failed on local exception: java.io.IOException: Connection reset by peer, while invoking ClientNamenodeProtocolTranslatorPB.addBlock over node-1-link-0/10.10.1.4:8020. Trying to failover immediately.
2019-02-27 05:42:00,700 INFO retry.RetryInvocationHandler: org.apache.hadoop.ipc.RemoteException(org.apache.hadoop.ipc.StandbyException): Operation category READ is not supported in state standby. Visit https://s.apache.org/sbnn-error
	at org.apache.hadoop.hdfs.server.namenode.ha.StandbyState.checkOperation(StandbyState.java:88)
	at org.apache.hadoop.hdfs.server.namenode.NameNode$NameNodeHAContext.checkOperation(NameNode.java:1952)
	at org.apache.hadoop.hdfs.server.namenode.FSNamesystem.checkOperation(FSNamesystem.java:1423)
	at org.apache.hadoop.hdfs.server.namenode.FSNamesystem.getAdditionalBlock(FSNamesystem.java:2674)
	at org.apache.hadoop.hdfs.server.namenode.NameNodeRpcServer.addBlock(NameNodeRpcServer.java:875)
	at org.apache.hadoop.hdfs.protocolPB.ClientNamenodeProtocolServerSideTranslatorPB.addBlock(ClientNamenodeProtocolServerSideTranslatorPB.java:561)
	at org.apache.hadoop.hdfs.protocol.proto.ClientNamenodeProtocolProtos$ClientNamenodeProtocol$2.callBlockingMethod(ClientNamenodeProtocolProtos.java)
	at org.apache.hadoop.ipc.ProtobufRpcEngine$Server$ProtoBufRpcInvoker.call(ProtobufRpcEngine.java:523)
	at org.apache.hadoop.ipc.RPC$Server.call(RPC.java:991)
	at org.apache.hadoop.ipc.Server$RpcCall.run(Server.java:872)
	at org.apache.hadoop.ipc.Server$RpcCall.run(Server.java:818)
	at java.security.AccessController.doPrivileged(Native Method)
	at javax.security.auth.Subject.doAs(Subject.java:422)
	at org.apache.hadoop.security.UserGroupInformation.doAs(UserGroupInformation.java:1729)
	at org.apache.hadoop.ipc.Server$Handler.run(Server.java:2678)
, while invoking ClientNamenodeProtocolTranslatorPB.addBlock over node-0-link-0/10.10.1.1:8020 after 1 failover attempts. Trying to failover after sleeping for 996ms.
2019-02-27 05:42:01,702 INFO retry.RetryInvocationHandler: java.net.ConnectException: Call From clnode059.clemson.cloudlab.us/130.127.133.68 to node-1-link-0:8020 failed on connection exception: java.net.ConnectException: Connection refused; For more details see:  http://wiki.apache.org/hadoop/ConnectionRefused, while invoking ClientNamenodeProtocolTranslatorPB.addBlock over node-1-link-0/10.10.1.4:8020 after 2 failover attempts. Trying to failover after sleeping for 1956ms.
2019-02-27 05:42:03,661 INFO retry.RetryInvocationHandler: org.apache.hadoop.ipc.RemoteException(org.apache.hadoop.ipc.RetriableException): org.apache.hadoop.hdfs.server.namenode.SafeModeException: Cannot add block to /myfile19._COPYING_. Name node is in safe mode.
The reported blocks 124 has reached the threshold 0.9990 of total blocks 124. The number of live datanodes 3 has reached the minimum number 0. In safe mode extension. Safe mode will be turned off automatically in 29 seconds. NamenodeHostName:node-0-link-0
	at org.apache.hadoop.hdfs.server.namenode.FSNamesystem.checkNameNodeSafeMode(FSNamesystem.java:1441)
	at org.apache.hadoop.hdfs.server.namenode.FSDirWriteFileOp.analyzeFileState(FSDirWriteFileOp.java:591)
	at org.apache.hadoop.hdfs.server.namenode.FSDirWriteFileOp.validateAddBlock(FSDirWriteFileOp.java:172)
	at org.apache.hadoop.hdfs.server.namenode.FSNamesystem.getAdditionalBlock(FSNamesystem.java:2679)
	at org.apache.hadoop.hdfs.server.namenode.NameNodeRpcServer.addBlock(NameNodeRpcServer.java:875)
	at org.apache.hadoop.hdfs.protocolPB.ClientNamenodeProtocolServerSideTranslatorPB.addBlock(ClientNamenodeProtocolServerSideTranslatorPB.java:561)
	at org.apache.hadoop.hdfs.protocol.proto.ClientNamenodeProtocolProtos$ClientNamenodeProtocol$2.callBlockingMethod(ClientNamenodeProtocolProtos.java)
	at org.apache.hadoop.ipc.ProtobufRpcEngine$Server$ProtoBufRpcInvoker.call(ProtobufRpcEngine.java:523)
	at org.apache.hadoop.ipc.RPC$Server.call(RPC.java:991)
	at org.apache.hadoop.ipc.Server$RpcCall.run(Server.java:872)
	at org.apache.hadoop.ipc.Server$RpcCall.run(Server.java:818)
	at java.security.AccessController.doPrivileged(Native Method)
	at javax.security.auth.Subject.doAs(Subject.java:422)
	at org.apache.hadoop.security.UserGroupInformation.doAs(UserGroupInformation.java:1729)
	at org.apache.hadoop.ipc.Server$Handler.run(Server.java:2678)
Caused by: org.apache.hadoop.hdfs.server.namenode.SafeModeException: Cannot add block to /myfile19._COPYING_. Name node is in safe mode.
The reported blocks 124 has reached the threshold 0.9990 of total blocks 124. The number of live datanodes 3 has reached the minimum number 0. In safe mode extension. Safe mode will be turned off automatically in 29 seconds. NamenodeHostName:node-0-link-0
	at org.apache.hadoop.hdfs.server.namenode.FSNamesystem.newSafemodeException(FSNamesystem.java:1450)
	at org.apache.hadoop.hdfs.server.namenode.FSNamesystem.checkNameNodeSafeMode(FSNamesystem.java:1437)
	... 14 more
, while invoking ClientNamenodeProtocolTranslatorPB.addBlock over node-0-link-0/10.10.1.1:8020 after 3 failover attempts. Retrying after sleeping for 4749ms.
2019-02-27 05:42:08,413 INFO retry.RetryInvocationHandler: org.apache.hadoop.ipc.RemoteException(org.apache.hadoop.ipc.RetriableException): org.apache.hadoop.hdfs.server.namenode.SafeModeException: Cannot add block to /myfile19._COPYING_. Name node is in safe mode.
The reported blocks 124 has reached the threshold 0.9990 of total blocks 124. The number of live datanodes 3 has reached the minimum number 0. In safe mode extension. Safe mode will be turned off automatically in 24 seconds. NamenodeHostName:node-0-link-0
	at org.apache.hadoop.hdfs.server.namenode.FSNamesystem.checkNameNodeSafeMode(FSNamesystem.java:1441)
	at org.apache.hadoop.hdfs.server.namenode.FSDirWriteFileOp.analyzeFileState(FSDirWriteFileOp.java:591)
	at org.apache.hadoop.hdfs.server.namenode.FSDirWriteFileOp.validateAddBlock(FSDirWriteFileOp.java:172)
	at org.apache.hadoop.hdfs.server.namenode.FSNamesystem.getAdditionalBlock(FSNamesystem.java:2679)
	at org.apache.hadoop.hdfs.server.namenode.NameNodeRpcServer.addBlock(NameNodeRpcServer.java:875)
	at org.apache.hadoop.hdfs.protocolPB.ClientNamenodeProtocolServerSideTranslatorPB.addBlock(ClientNamenodeProtocolServerSideTranslatorPB.java:561)
	at org.apache.hadoop.hdfs.protocol.proto.ClientNamenodeProtocolProtos$ClientNamenodeProtocol$2.callBlockingMethod(ClientNamenodeProtocolProtos.java)
	at org.apache.hadoop.ipc.ProtobufRpcEngine$Server$ProtoBufRpcInvoker.call(ProtobufRpcEngine.java:523)
	at org.apache.hadoop.ipc.RPC$Server.call(RPC.java:991)
	at org.apache.hadoop.ipc.Server$RpcCall.run(Server.java:872)
	at org.apache.hadoop.ipc.Server$RpcCall.run(Server.java:818)
	at java.security.AccessController.doPrivileged(Native Method)
	at javax.security.auth.Subject.doAs(Subject.java:422)
	at org.apache.hadoop.security.UserGroupInformation.doAs(UserGroupInformation.java:1729)
	at org.apache.hadoop.ipc.Server$Handler.run(Server.java:2678)
Caused by: org.apache.hadoop.hdfs.server.namenode.SafeModeException: Cannot add block to /myfile19._COPYING_. Name node is in safe mode.
The reported blocks 124 has reached the threshold 0.9990 of total blocks 124. The number of live datanodes 3 has reached the minimum number 0. In safe mode extension. Safe mode will be turned off automatically in 24 seconds. NamenodeHostName:node-0-link-0
	at org.apache.hadoop.hdfs.server.namenode.FSNamesystem.newSafemodeException(FSNamesystem.java:1450)
	at org.apache.hadoop.hdfs.server.namenode.FSNamesystem.checkNameNodeSafeMode(FSNamesystem.java:1437)
	... 14 more
, while invoking ClientNamenodeProtocolTranslatorPB.addBlock over node-0-link-0/10.10.1.1:8020 after 3 failover attempts. Retrying after sleeping for 5339ms.
2019-02-27 05:42:13,757 INFO retry.RetryInvocationHandler: org.apache.hadoop.ipc.RemoteException(org.apache.hadoop.ipc.RetriableException): org.apache.hadoop.hdfs.server.namenode.SafeModeException: Cannot add block to /myfile19._COPYING_. Name node is in safe mode.
The reported blocks 124 has reached the threshold 0.9990 of total blocks 124. The number of live datanodes 3 has reached the minimum number 0. In safe mode extension. Safe mode will be turned off automatically in 19 seconds. NamenodeHostName:node-0-link-0
	at org.apache.hadoop.hdfs.server.namenode.FSNamesystem.checkNameNodeSafeMode(FSNamesystem.java:1441)
	at org.apache.hadoop.hdfs.server.namenode.FSDirWriteFileOp.analyzeFileState(FSDirWriteFileOp.java:591)
	at org.apache.hadoop.hdfs.server.namenode.FSDirWriteFileOp.validateAddBlock(FSDirWriteFileOp.java:172)
	at org.apache.hadoop.hdfs.server.namenode.FSNamesystem.getAdditionalBlock(FSNamesystem.java:2679)
	at org.apache.hadoop.hdfs.server.namenode.NameNodeRpcServer.addBlock(NameNodeRpcServer.java:875)
	at org.apache.hadoop.hdfs.protocolPB.ClientNamenodeProtocolServerSideTranslatorPB.addBlock(ClientNamenodeProtocolServerSideTranslatorPB.java:561)
	at org.apache.hadoop.hdfs.protocol.proto.ClientNamenodeProtocolProtos$ClientNamenodeProtocol$2.callBlockingMethod(ClientNamenodeProtocolProtos.java)
	at org.apache.hadoop.ipc.ProtobufRpcEngine$Server$ProtoBufRpcInvoker.call(ProtobufRpcEngine.java:523)
	at org.apache.hadoop.ipc.RPC$Server.call(RPC.java:991)
	at org.apache.hadoop.ipc.Server$RpcCall.run(Server.java:872)
	at org.apache.hadoop.ipc.Server$RpcCall.run(Server.java:818)
	at java.security.AccessController.doPrivileged(Native Method)
	at javax.security.auth.Subject.doAs(Subject.java:422)
	at org.apache.hadoop.security.UserGroupInformation.doAs(UserGroupInformation.java:1729)
	at org.apache.hadoop.ipc.Server$Handler.run(Server.java:2678)
Caused by: org.apache.hadoop.hdfs.server.namenode.SafeModeException: Cannot add block to /myfile19._COPYING_. Name node is in safe mode.
The reported blocks 124 has reached the threshold 0.9990 of total blocks 124. The number of live datanodes 3 has reached the minimum number 0. In safe mode extension. Safe mode will be turned off automatically in 19 seconds. NamenodeHostName:node-0-link-0
	at org.apache.hadoop.hdfs.server.namenode.FSNamesystem.newSafemodeException(FSNamesystem.java:1450)
	at org.apache.hadoop.hdfs.server.namenode.FSNamesystem.checkNameNodeSafeMode(FSNamesystem.java:1437)
	... 14 more
, while invoking ClientNamenodeProtocolTranslatorPB.addBlock over node-0-link-0/10.10.1.1:8020 after 3 failover attempts. Retrying after sleeping for 17799ms.
2019-02-27 05:42:26,005 INFO retry.RetryInvocationHandler: org.apache.hadoop.ipc.RemoteException(org.apache.hadoop.ipc.RetriableException): org.apache.hadoop.hdfs.server.namenode.SafeModeException: Cannot renew lease for DFSClient_NONMAPREDUCE_-648519192_1. Name node is in safe mode.
The reported blocks 124 has reached the threshold 0.9990 of total blocks 124. The number of live datanodes 3 has reached the minimum number 0. In safe mode extension. Safe mode will be turned off automatically in 6 seconds. NamenodeHostName:node-0-link-0
	at org.apache.hadoop.hdfs.server.namenode.FSNamesystem.checkNameNodeSafeMode(FSNamesystem.java:1441)
	at org.apache.hadoop.hdfs.server.namenode.FSNamesystem.renewLease(FSNamesystem.java:3744)
	at org.apache.hadoop.hdfs.server.namenode.NameNodeRpcServer.renewLease(NameNodeRpcServer.java:1134)
	at org.apache.hadoop.hdfs.protocolPB.ClientNamenodeProtocolServerSideTranslatorPB.renewLease(ClientNamenodeProtocolServerSideTranslatorPB.java:737)
	at org.apache.hadoop.hdfs.protocol.proto.ClientNamenodeProtocolProtos$ClientNamenodeProtocol$2.callBlockingMethod(ClientNamenodeProtocolProtos.java)
	at org.apache.hadoop.ipc.ProtobufRpcEngine$Server$ProtoBufRpcInvoker.call(ProtobufRpcEngine.java:523)
	at org.apache.hadoop.ipc.RPC$Server.call(RPC.java:991)
	at org.apache.hadoop.ipc.Server$RpcCall.run(Server.java:872)
	at org.apache.hadoop.ipc.Server$RpcCall.run(Server.java:818)
	at java.security.AccessController.doPrivileged(Native Method)
	at javax.security.auth.Subject.doAs(Subject.java:422)
	at org.apache.hadoop.security.UserGroupInformation.doAs(UserGroupInformation.java:1729)
	at org.apache.hadoop.ipc.Server$Handler.run(Server.java:2678)
Caused by: org.apache.hadoop.hdfs.server.namenode.SafeModeException: Cannot renew lease for DFSClient_NONMAPREDUCE_-648519192_1. Name node is in safe mode.
The reported blocks 124 has reached the threshold 0.9990 of total blocks 124. The number of live datanodes 3 has reached the minimum number 0. In safe mode extension. Safe mode will be turned off automatically in 6 seconds. NamenodeHostName:node-0-link-0
	at org.apache.hadoop.hdfs.server.namenode.FSNamesystem.newSafemodeException(FSNamesystem.java:1450)
	at org.apache.hadoop.hdfs.server.namenode.FSNamesystem.checkNameNodeSafeMode(FSNamesystem.java:1437)
	... 12 more
, while invoking ClientNamenodeProtocolTranslatorPB.renewLease over node-0-link-0/10.10.1.1:8020. Retrying immediately.
2019-02-27 05:42:26,007 INFO retry.RetryInvocationHandler: org.apache.hadoop.ipc.RemoteException(org.apache.hadoop.ipc.RetriableException): org.apache.hadoop.hdfs.server.namenode.SafeModeException: Cannot renew lease for DFSClient_NONMAPREDUCE_-648519192_1. Name node is in safe mode.
The reported blocks 124 has reached the threshold 0.9990 of total blocks 124. The number of live datanodes 3 has reached the minimum number 0. In safe mode extension. Safe mode will be turned off automatically in 6 seconds. NamenodeHostName:node-0-link-0
	at org.apache.hadoop.hdfs.server.namenode.FSNamesystem.checkNameNodeSafeMode(FSNamesystem.java:1441)
	at org.apache.hadoop.hdfs.server.namenode.FSNamesystem.renewLease(FSNamesystem.java:3744)
	at org.apache.hadoop.hdfs.server.namenode.NameNodeRpcServer.renewLease(NameNodeRpcServer.java:1134)
	at org.apache.hadoop.hdfs.protocolPB.ClientNamenodeProtocolServerSideTranslatorPB.renewLease(ClientNamenodeProtocolServerSideTranslatorPB.java:737)
	at org.apache.hadoop.hdfs.protocol.proto.ClientNamenodeProtocolProtos$ClientNamenodeProtocol$2.callBlockingMethod(ClientNamenodeProtocolProtos.java)
	at org.apache.hadoop.ipc.ProtobufRpcEngine$Server$ProtoBufRpcInvoker.call(ProtobufRpcEngine.java:523)
	at org.apache.hadoop.ipc.RPC$Server.call(RPC.java:991)
	at org.apache.hadoop.ipc.Server$RpcCall.run(Server.java:872)
	at org.apache.hadoop.ipc.Server$RpcCall.run(Server.java:818)
	at java.security.AccessController.doPrivileged(Native Method)
	at javax.security.auth.Subject.doAs(Subject.java:422)
	at org.apache.hadoop.security.UserGroupInformation.doAs(UserGroupInformation.java:1729)
	at org.apache.hadoop.ipc.Server$Handler.run(Server.java:2678)
Caused by: org.apache.hadoop.hdfs.server.namenode.SafeModeException: Cannot renew lease for DFSClient_NONMAPREDUCE_-648519192_1. Name node is in safe mode.
The reported blocks 124 has reached the threshold 0.9990 of total blocks 124. The number of live datanodes 3 has reached the minimum number 0. In safe mode extension. Safe mode will be turned off automatically in 6 seconds. NamenodeHostName:node-0-link-0
	at org.apache.hadoop.hdfs.server.namenode.FSNamesystem.newSafemodeException(FSNamesystem.java:1450)
	at org.apache.hadoop.hdfs.server.namenode.FSNamesystem.checkNameNodeSafeMode(FSNamesystem.java:1437)
	... 12 more
, while invoking ClientNamenodeProtocolTranslatorPB.renewLease over node-0-link-0/10.10.1.1:8020. Retrying after sleeping for 533ms.
2019-02-27 05:42:26,542 INFO retry.RetryInvocationHandler: org.apache.hadoop.ipc.RemoteException(org.apache.hadoop.ipc.RetriableException): org.apache.hadoop.hdfs.server.namenode.SafeModeException: Cannot renew lease for DFSClient_NONMAPREDUCE_-648519192_1. Name node is in safe mode.
The reported blocks 124 has reached the threshold 0.9990 of total blocks 124. The number of live datanodes 3 has reached the minimum number 0. In safe mode extension. Safe mode will be turned off automatically in 6 seconds. NamenodeHostName:node-0-link-0
	at org.apache.hadoop.hdfs.server.namenode.FSNamesystem.checkNameNodeSafeMode(FSNamesystem.java:1441)
	at org.apache.hadoop.hdfs.server.namenode.FSNamesystem.renewLease(FSNamesystem.java:3744)
	at org.apache.hadoop.hdfs.server.namenode.NameNodeRpcServer.renewLease(NameNodeRpcServer.java:1134)
	at org.apache.hadoop.hdfs.protocolPB.ClientNamenodeProtocolServerSideTranslatorPB.renewLease(ClientNamenodeProtocolServerSideTranslatorPB.java:737)
	at org.apache.hadoop.hdfs.protocol.proto.ClientNamenodeProtocolProtos$ClientNamenodeProtocol$2.callBlockingMethod(ClientNamenodeProtocolProtos.java)
	at org.apache.hadoop.ipc.ProtobufRpcEngine$Server$ProtoBufRpcInvoker.call(ProtobufRpcEngine.java:523)
	at org.apache.hadoop.ipc.RPC$Server.call(RPC.java:991)
	at org.apache.hadoop.ipc.Server$RpcCall.run(Server.java:872)
	at org.apache.hadoop.ipc.Server$RpcCall.run(Server.java:818)
	at java.security.AccessController.doPrivileged(Native Method)
	at javax.security.auth.Subject.doAs(Subject.java:422)
	at org.apache.hadoop.security.UserGroupInformation.doAs(UserGroupInformation.java:1729)
	at org.apache.hadoop.ipc.Server$Handler.run(Server.java:2678)
Caused by: org.apache.hadoop.hdfs.server.namenode.SafeModeException: Cannot renew lease for DFSClient_NONMAPREDUCE_-648519192_1. Name node is in safe mode.
The reported blocks 124 has reached the threshold 0.9990 of total blocks 124. The number of live datanodes 3 has reached the minimum number 0. In safe mode extension. Safe mode will be turned off automatically in 6 seconds. NamenodeHostName:node-0-link-0
	at org.apache.hadoop.hdfs.server.namenode.FSNamesystem.newSafemodeException(FSNamesystem.java:1450)
	at org.apache.hadoop.hdfs.server.namenode.FSNamesystem.checkNameNodeSafeMode(FSNamesystem.java:1437)
	... 12 more
, while invoking ClientNamenodeProtocolTranslatorPB.renewLease over node-0-link-0/10.10.1.1:8020. Retrying after sleeping for 2167ms.
2019-02-27 05:42:28,712 INFO retry.RetryInvocationHandler: org.apache.hadoop.ipc.RemoteException(org.apache.hadoop.ipc.RetriableException): org.apache.hadoop.hdfs.server.namenode.SafeModeException: Cannot renew lease for DFSClient_NONMAPREDUCE_-648519192_1. Name node is in safe mode.
The reported blocks 124 has reached the threshold 0.9990 of total blocks 124. The number of live datanodes 3 has reached the minimum number 0. In safe mode extension. Safe mode will be turned off automatically in 4 seconds. NamenodeHostName:node-0-link-0
	at org.apache.hadoop.hdfs.server.namenode.FSNamesystem.checkNameNodeSafeMode(FSNamesystem.java:1441)
	at org.apache.hadoop.hdfs.server.namenode.FSNamesystem.renewLease(FSNamesystem.java:3744)
	at org.apache.hadoop.hdfs.server.namenode.NameNodeRpcServer.renewLease(NameNodeRpcServer.java:1134)
	at org.apache.hadoop.hdfs.protocolPB.ClientNamenodeProtocolServerSideTranslatorPB.renewLease(ClientNamenodeProtocolServerSideTranslatorPB.java:737)
	at org.apache.hadoop.hdfs.protocol.proto.ClientNamenodeProtocolProtos$ClientNamenodeProtocol$2.callBlockingMethod(ClientNamenodeProtocolProtos.java)
	at org.apache.hadoop.ipc.ProtobufRpcEngine$Server$ProtoBufRpcInvoker.call(ProtobufRpcEngine.java:523)
	at org.apache.hadoop.ipc.RPC$Server.call(RPC.java:991)
	at org.apache.hadoop.ipc.Server$RpcCall.run(Server.java:872)
	at org.apache.hadoop.ipc.Server$RpcCall.run(Server.java:818)
	at java.security.AccessController.doPrivileged(Native Method)
	at javax.security.auth.Subject.doAs(Subject.java:422)
	at org.apache.hadoop.security.UserGroupInformation.doAs(UserGroupInformation.java:1729)
	at org.apache.hadoop.ipc.Server$Handler.run(Server.java:2678)
Caused by: org.apache.hadoop.hdfs.server.namenode.SafeModeException: Cannot renew lease for DFSClient_NONMAPREDUCE_-648519192_1. Name node is in safe mode.
The reported blocks 124 has reached the threshold 0.9990 of total blocks 124. The number of live datanodes 3 has reached the minimum number 0. In safe mode extension. Safe mode will be turned off automatically in 4 seconds. NamenodeHostName:node-0-link-0
	at org.apache.hadoop.hdfs.server.namenode.FSNamesystem.newSafemodeException(FSNamesystem.java:1450)
	at org.apache.hadoop.hdfs.server.namenode.FSNamesystem.checkNameNodeSafeMode(FSNamesystem.java:1437)
	... 12 more
, while invoking ClientNamenodeProtocolTranslatorPB.renewLease over node-0-link-0/10.10.1.1:8020. Retrying after sleeping for 5739ms.
2019-02-27 05:42:31,559 INFO retry.RetryInvocationHandler: org.apache.hadoop.ipc.RemoteException(org.apache.hadoop.ipc.RetriableException): org.apache.hadoop.hdfs.server.namenode.SafeModeException: Cannot add block to /myfile19._COPYING_. Name node is in safe mode.
The reported blocks 124 has reached the threshold 0.9990 of total blocks 124. The number of live datanodes 3 has reached the minimum number 0. In safe mode extension. Safe mode will be turned off automatically in 1 seconds. NamenodeHostName:node-0-link-0
	at org.apache.hadoop.hdfs.server.namenode.FSNamesystem.checkNameNodeSafeMode(FSNamesystem.java:1441)
	at org.apache.hadoop.hdfs.server.namenode.FSDirWriteFileOp.analyzeFileState(FSDirWriteFileOp.java:591)
	at org.apache.hadoop.hdfs.server.namenode.FSDirWriteFileOp.validateAddBlock(FSDirWriteFileOp.java:172)
	at org.apache.hadoop.hdfs.server.namenode.FSNamesystem.getAdditionalBlock(FSNamesystem.java:2679)
	at org.apache.hadoop.hdfs.server.namenode.NameNodeRpcServer.addBlock(NameNodeRpcServer.java:875)
	at org.apache.hadoop.hdfs.protocolPB.ClientNamenodeProtocolServerSideTranslatorPB.addBlock(ClientNamenodeProtocolServerSideTranslatorPB.java:561)
	at org.apache.hadoop.hdfs.protocol.proto.ClientNamenodeProtocolProtos$ClientNamenodeProtocol$2.callBlockingMethod(ClientNamenodeProtocolProtos.java)
	at org.apache.hadoop.ipc.ProtobufRpcEngine$Server$ProtoBufRpcInvoker.call(ProtobufRpcEngine.java:523)
	at org.apache.hadoop.ipc.RPC$Server.call(RPC.java:991)
	at org.apache.hadoop.ipc.Server$RpcCall.run(Server.java:872)
	at org.apache.hadoop.ipc.Server$RpcCall.run(Server.java:818)
	at java.security.AccessController.doPrivileged(Native Method)
	at javax.security.auth.Subject.doAs(Subject.java:422)
	at org.apache.hadoop.security.UserGroupInformation.doAs(UserGroupInformation.java:1729)
	at org.apache.hadoop.ipc.Server$Handler.run(Server.java:2678)
Caused by: org.apache.hadoop.hdfs.server.namenode.SafeModeException: Cannot add block to /myfile19._COPYING_. Name node is in safe mode.
The reported blocks 124 has reached the threshold 0.9990 of total blocks 124. The number of live datanodes 3 has reached the minimum number 0. In safe mode extension. Safe mode will be turned off automatically in 1 seconds. NamenodeHostName:node-0-link-0
	at org.apache.hadoop.hdfs.server.namenode.FSNamesystem.newSafemodeException(FSNamesystem.java:1450)
	at org.apache.hadoop.hdfs.server.namenode.FSNamesystem.checkNameNodeSafeMode(FSNamesystem.java:1437)
	... 14 more
, while invoking ClientNamenodeProtocolTranslatorPB.addBlock over node-0-link-0/10.10.1.1:8020 after 3 failover attempts. Retrying after sleeping for 8505ms.
Found 15 items
-rw-r--r--   3 root supergroup 1073741824 2019-02-27 05:42 /myfile1
-rw-r--r--   3 root supergroup 1073741824 2019-02-27 05:40 /myfile10
-rw-r--r--   3 root supergroup 1073741824 2019-02-27 05:41 /myfile11
-rw-r--r--   3 root supergroup  536870912 2019-02-27 05:42 /myfile12._COPYING_
-rw-r--r--   3 root supergroup 1073741824 2019-02-27 05:38 /myfile14
-rw-r--r--   3 root supergroup 1073741824 2019-02-27 05:40 /myfile16
-rw-r--r--   3 root supergroup 1073741824 2019-02-27 05:41 /myfile17
-rw-r--r--   3 root supergroup 1073741824 2019-02-27 05:42 /myfile19
-rw-r--r--   3 root supergroup 1073741824 2019-02-27 05:41 /myfile2
-rw-r--r--   3 root supergroup 1073741824 2019-02-27 05:41 /myfile3
-rw-r--r--   3 root supergroup 1073741824 2019-02-27 05:41 /myfile4
-rw-r--r--   3 root supergroup 1073741824 2019-02-27 05:38 /myfile5
-rw-r--r--   3 root supergroup 1073741824 2019-02-27 05:39 /myfile6
-rw-r--r--   3 root supergroup  536870912 2019-02-27 05:42 /myfile7._COPYING_
-rw-r--r--   3 root supergroup 1073741824 2019-02-27 05:41 /myfile9
file 19 has been put into HDFS
file 19 has been read from HDFS for 1 time
diff succeed!
file 19 has been read from HDFS for 2 time
diff succeed!
file 19 has been read from HDFS for 3 time
diff succeed!
file 19 has been read from HDFS for 4 time
diff succeed!
file 19 has been read from HDFS for 5 time
diff succeed!
file 19 has been read from HDFS for 6 time
diff succeed!
file 19 has been read from HDFS for 7 time
diff succeed!
file 19 has been read from HDFS for 8 time
diff succeed!
file 19 has been read from HDFS for 9 time
diff succeed!
file 19 has been read from HDFS for 10 time
diff succeed!
Deleted /myfile19
file 19 has been removed from HDFS
Found 16 items
-rw-r--r--   3 root supergroup 1073741824 2019-02-27 05:47 /myfile1
-rw-r--r--   3 root supergroup 1073741824 2019-02-27 05:44 /myfile10
-rw-r--r--   3 root supergroup 1073741824 2019-02-27 05:46 /myfile11
-rw-r--r--   3 root supergroup 1073741824 2019-02-27 05:47 /myfile12
-rw-r--r--   3 root supergroup 1073741824 2019-02-27 05:43 /myfile14
-rw-r--r--   3 root supergroup  268435456 2019-02-27 05:47 /myfile15._COPYING_
-rw-r--r--   3 root supergroup 1073741824 2019-02-27 05:44 /myfile16
-rw-r--r--   3 root supergroup 1073741824 2019-02-27 05:46 /myfile17
-rw-r--r--   3 root supergroup 1073741824 2019-02-27 05:47 /myfile19
-rw-r--r--   3 root supergroup 1073741824 2019-02-27 05:46 /myfile2
-rw-r--r--   3 root supergroup 1073741824 2019-02-27 05:46 /myfile3
-rw-r--r--   3 root supergroup 1073741824 2019-02-27 05:46 /myfile4
-rw-r--r--   3 root supergroup          0 2019-02-27 05:47 /myfile5._COPYING_
-rw-r--r--   3 root supergroup 1073741824 2019-02-27 05:44 /myfile6
-rw-r--r--   3 root supergroup  671088640 2019-02-27 05:46 /myfile7._COPYING_
-rw-r--r--   3 root supergroup 1073741824 2019-02-27 05:46 /myfile9
file 19 has been put into HDFS
file 19 has been read from HDFS for 1 time
diff succeed!
file 19 has been read from HDFS for 2 time
diff succeed!
file 19 has been read from HDFS for 3 time
diff succeed!
file 19 has been read from HDFS for 4 time
diff succeed!
file 19 has been read from HDFS for 5 time
diff succeed!
file 19 has been read from HDFS for 6 time
diff succeed!
file 19 has been read from HDFS for 7 time
diff succeed!
file 19 has been read from HDFS for 8 time
diff succeed!
file 19 has been read from HDFS for 9 time
diff succeed!
file 19 has been read from HDFS for 10 time
diff succeed!
Deleted /myfile19
file 19 has been removed from HDFS
2019-02-27 05:53:09,190 INFO retry.RetryInvocationHandler: org.apache.hadoop.ipc.RemoteException(org.apache.hadoop.ipc.RetriableException): org.apache.hadoop.hdfs.server.namenode.SafeModeException: Cannot create file/myfile19._COPYING_. Name node is in safe mode.
The reported blocks 144 has reached the threshold 0.9990 of total blocks 144. The number of live datanodes 3 has reached the minimum number 0. In safe mode extension. Safe mode will be turned off automatically in 10 seconds. NamenodeHostName:node-0-link-0
	at org.apache.hadoop.hdfs.server.namenode.FSNamesystem.checkNameNodeSafeMode(FSNamesystem.java:1441)
	at org.apache.hadoop.hdfs.server.namenode.FSNamesystem.startFileInt(FSNamesystem.java:2401)
	at org.apache.hadoop.hdfs.server.namenode.FSNamesystem.startFile(FSNamesystem.java:2347)
	at org.apache.hadoop.hdfs.server.namenode.NameNodeRpcServer.create(NameNodeRpcServer.java:774)
	at org.apache.hadoop.hdfs.protocolPB.ClientNamenodeProtocolServerSideTranslatorPB.create(ClientNamenodeProtocolServerSideTranslatorPB.java:462)
	at org.apache.hadoop.hdfs.protocol.proto.ClientNamenodeProtocolProtos$ClientNamenodeProtocol$2.callBlockingMethod(ClientNamenodeProtocolProtos.java)
	at org.apache.hadoop.ipc.ProtobufRpcEngine$Server$ProtoBufRpcInvoker.call(ProtobufRpcEngine.java:523)
	at org.apache.hadoop.ipc.RPC$Server.call(RPC.java:991)
	at org.apache.hadoop.ipc.Server$RpcCall.run(Server.java:872)
	at org.apache.hadoop.ipc.Server$RpcCall.run(Server.java:818)
	at java.security.AccessController.doPrivileged(Native Method)
	at javax.security.auth.Subject.doAs(Subject.java:422)
	at org.apache.hadoop.security.UserGroupInformation.doAs(UserGroupInformation.java:1729)
	at org.apache.hadoop.ipc.Server$Handler.run(Server.java:2678)
Caused by: org.apache.hadoop.hdfs.server.namenode.SafeModeException: Cannot create file/myfile19._COPYING_. Name node is in safe mode.
The reported blocks 144 has reached the threshold 0.9990 of total blocks 144. The number of live datanodes 3 has reached the minimum number 0. In safe mode extension. Safe mode will be turned off automatically in 10 seconds. NamenodeHostName:node-0-link-0
	at org.apache.hadoop.hdfs.server.namenode.FSNamesystem.newSafemodeException(FSNamesystem.java:1450)
	at org.apache.hadoop.hdfs.server.namenode.FSNamesystem.checkNameNodeSafeMode(FSNamesystem.java:1437)
	... 13 more
, while invoking ClientNamenodeProtocolTranslatorPB.create over node-0-link-0/10.10.1.1:8020. Retrying immediately.
2019-02-27 05:53:09,198 INFO retry.RetryInvocationHandler: org.apache.hadoop.ipc.RemoteException(org.apache.hadoop.ipc.RetriableException): org.apache.hadoop.hdfs.server.namenode.SafeModeException: Cannot create file/myfile19._COPYING_. Name node is in safe mode.
The reported blocks 144 has reached the threshold 0.9990 of total blocks 144. The number of live datanodes 3 has reached the minimum number 0. In safe mode extension. Safe mode will be turned off automatically in 10 seconds. NamenodeHostName:node-0-link-0
	at org.apache.hadoop.hdfs.server.namenode.FSNamesystem.checkNameNodeSafeMode(FSNamesystem.java:1441)
	at org.apache.hadoop.hdfs.server.namenode.FSNamesystem.startFileInt(FSNamesystem.java:2401)
	at org.apache.hadoop.hdfs.server.namenode.FSNamesystem.startFile(FSNamesystem.java:2347)
	at org.apache.hadoop.hdfs.server.namenode.NameNodeRpcServer.create(NameNodeRpcServer.java:774)
	at org.apache.hadoop.hdfs.protocolPB.ClientNamenodeProtocolServerSideTranslatorPB.create(ClientNamenodeProtocolServerSideTranslatorPB.java:462)
	at org.apache.hadoop.hdfs.protocol.proto.ClientNamenodeProtocolProtos$ClientNamenodeProtocol$2.callBlockingMethod(ClientNamenodeProtocolProtos.java)
	at org.apache.hadoop.ipc.ProtobufRpcEngine$Server$ProtoBufRpcInvoker.call(ProtobufRpcEngine.java:523)
	at org.apache.hadoop.ipc.RPC$Server.call(RPC.java:991)
	at org.apache.hadoop.ipc.Server$RpcCall.run(Server.java:872)
	at org.apache.hadoop.ipc.Server$RpcCall.run(Server.java:818)
	at java.security.AccessController.doPrivileged(Native Method)
	at javax.security.auth.Subject.doAs(Subject.java:422)
	at org.apache.hadoop.security.UserGroupInformation.doAs(UserGroupInformation.java:1729)
	at org.apache.hadoop.ipc.Server$Handler.run(Server.java:2678)
Caused by: org.apache.hadoop.hdfs.server.namenode.SafeModeException: Cannot create file/myfile19._COPYING_. Name node is in safe mode.
The reported blocks 144 has reached the threshold 0.9990 of total blocks 144. The number of live datanodes 3 has reached the minimum number 0. In safe mode extension. Safe mode will be turned off automatically in 10 seconds. NamenodeHostName:node-0-link-0
	at org.apache.hadoop.hdfs.server.namenode.FSNamesystem.newSafemodeException(FSNamesystem.java:1450)
	at org.apache.hadoop.hdfs.server.namenode.FSNamesystem.checkNameNodeSafeMode(FSNamesystem.java:1437)
	... 13 more
, while invoking ClientNamenodeProtocolTranslatorPB.create over node-0-link-0/10.10.1.1:8020. Retrying after sleeping for 1336ms.
2019-02-27 05:53:10,541 INFO retry.RetryInvocationHandler: org.apache.hadoop.ipc.RemoteException(org.apache.hadoop.ipc.RetriableException): org.apache.hadoop.hdfs.server.namenode.SafeModeException: Cannot create file/myfile19._COPYING_. Name node is in safe mode.
The reported blocks 144 has reached the threshold 0.9990 of total blocks 144. The number of live datanodes 3 has reached the minimum number 0. In safe mode extension. Safe mode will be turned off automatically in 8 seconds. NamenodeHostName:node-0-link-0
	at org.apache.hadoop.hdfs.server.namenode.FSNamesystem.checkNameNodeSafeMode(FSNamesystem.java:1441)
	at org.apache.hadoop.hdfs.server.namenode.FSNamesystem.startFileInt(FSNamesystem.java:2401)
	at org.apache.hadoop.hdfs.server.namenode.FSNamesystem.startFile(FSNamesystem.java:2347)
	at org.apache.hadoop.hdfs.server.namenode.NameNodeRpcServer.create(NameNodeRpcServer.java:774)
	at org.apache.hadoop.hdfs.protocolPB.ClientNamenodeProtocolServerSideTranslatorPB.create(ClientNamenodeProtocolServerSideTranslatorPB.java:462)
	at org.apache.hadoop.hdfs.protocol.proto.ClientNamenodeProtocolProtos$ClientNamenodeProtocol$2.callBlockingMethod(ClientNamenodeProtocolProtos.java)
	at org.apache.hadoop.ipc.ProtobufRpcEngine$Server$ProtoBufRpcInvoker.call(ProtobufRpcEngine.java:523)
	at org.apache.hadoop.ipc.RPC$Server.call(RPC.java:991)
	at org.apache.hadoop.ipc.Server$RpcCall.run(Server.java:872)
	at org.apache.hadoop.ipc.Server$RpcCall.run(Server.java:818)
	at java.security.AccessController.doPrivileged(Native Method)
	at javax.security.auth.Subject.doAs(Subject.java:422)
	at org.apache.hadoop.security.UserGroupInformation.doAs(UserGroupInformation.java:1729)
	at org.apache.hadoop.ipc.Server$Handler.run(Server.java:2678)
Caused by: org.apache.hadoop.hdfs.server.namenode.SafeModeException: Cannot create file/myfile19._COPYING_. Name node is in safe mode.
The reported blocks 144 has reached the threshold 0.9990 of total blocks 144. The number of live datanodes 3 has reached the minimum number 0. In safe mode extension. Safe mode will be turned off automatically in 8 seconds. NamenodeHostName:node-0-link-0
	at org.apache.hadoop.hdfs.server.namenode.FSNamesystem.newSafemodeException(FSNamesystem.java:1450)
	at org.apache.hadoop.hdfs.server.namenode.FSNamesystem.checkNameNodeSafeMode(FSNamesystem.java:1437)
	... 13 more
, while invoking ClientNamenodeProtocolTranslatorPB.create over node-0-link-0/10.10.1.1:8020. Retrying after sleeping for 2265ms.
2019-02-27 05:53:12,814 INFO retry.RetryInvocationHandler: org.apache.hadoop.ipc.RemoteException(org.apache.hadoop.ipc.RetriableException): org.apache.hadoop.hdfs.server.namenode.SafeModeException: Cannot create file/myfile19._COPYING_. Name node is in safe mode.
The reported blocks 144 has reached the threshold 0.9990 of total blocks 144. The number of live datanodes 3 has reached the minimum number 0. In safe mode extension. Safe mode will be turned off automatically in 6 seconds. NamenodeHostName:node-0-link-0
	at org.apache.hadoop.hdfs.server.namenode.FSNamesystem.checkNameNodeSafeMode(FSNamesystem.java:1441)
	at org.apache.hadoop.hdfs.server.namenode.FSNamesystem.startFileInt(FSNamesystem.java:2401)
	at org.apache.hadoop.hdfs.server.namenode.FSNamesystem.startFile(FSNamesystem.java:2347)
	at org.apache.hadoop.hdfs.server.namenode.NameNodeRpcServer.create(NameNodeRpcServer.java:774)
	at org.apache.hadoop.hdfs.protocolPB.ClientNamenodeProtocolServerSideTranslatorPB.create(ClientNamenodeProtocolServerSideTranslatorPB.java:462)
	at org.apache.hadoop.hdfs.protocol.proto.ClientNamenodeProtocolProtos$ClientNamenodeProtocol$2.callBlockingMethod(ClientNamenodeProtocolProtos.java)
	at org.apache.hadoop.ipc.ProtobufRpcEngine$Server$ProtoBufRpcInvoker.call(ProtobufRpcEngine.java:523)
	at org.apache.hadoop.ipc.RPC$Server.call(RPC.java:991)
	at org.apache.hadoop.ipc.Server$RpcCall.run(Server.java:872)
	at org.apache.hadoop.ipc.Server$RpcCall.run(Server.java:818)
	at java.security.AccessController.doPrivileged(Native Method)
	at javax.security.auth.Subject.doAs(Subject.java:422)
	at org.apache.hadoop.security.UserGroupInformation.doAs(UserGroupInformation.java:1729)
	at org.apache.hadoop.ipc.Server$Handler.run(Server.java:2678)
Caused by: org.apache.hadoop.hdfs.server.namenode.SafeModeException: Cannot create file/myfile19._COPYING_. Name node is in safe mode.
The reported blocks 144 has reached the threshold 0.9990 of total blocks 144. The number of live datanodes 3 has reached the minimum number 0. In safe mode extension. Safe mode will be turned off automatically in 6 seconds. NamenodeHostName:node-0-link-0
	at org.apache.hadoop.hdfs.server.namenode.FSNamesystem.newSafemodeException(FSNamesystem.java:1450)
	at org.apache.hadoop.hdfs.server.namenode.FSNamesystem.checkNameNodeSafeMode(FSNamesystem.java:1437)
	... 13 more
, while invoking ClientNamenodeProtocolTranslatorPB.create over node-0-link-0/10.10.1.1:8020. Retrying after sleeping for 3214ms.
2019-02-27 05:53:16,035 INFO retry.RetryInvocationHandler: org.apache.hadoop.ipc.RemoteException(org.apache.hadoop.ipc.RetriableException): org.apache.hadoop.hdfs.server.namenode.SafeModeException: Cannot create file/myfile19._COPYING_. Name node is in safe mode.
The reported blocks 144 has reached the threshold 0.9990 of total blocks 144. The number of live datanodes 3 has reached the minimum number 0. In safe mode extension. Safe mode will be turned off automatically in 3 seconds. NamenodeHostName:node-0-link-0
	at org.apache.hadoop.hdfs.server.namenode.FSNamesystem.checkNameNodeSafeMode(FSNamesystem.java:1441)
	at org.apache.hadoop.hdfs.server.namenode.FSNamesystem.startFileInt(FSNamesystem.java:2401)
	at org.apache.hadoop.hdfs.server.namenode.FSNamesystem.startFile(FSNamesystem.java:2347)
	at org.apache.hadoop.hdfs.server.namenode.NameNodeRpcServer.create(NameNodeRpcServer.java:774)
	at org.apache.hadoop.hdfs.protocolPB.ClientNamenodeProtocolServerSideTranslatorPB.create(ClientNamenodeProtocolServerSideTranslatorPB.java:462)
	at org.apache.hadoop.hdfs.protocol.proto.ClientNamenodeProtocolProtos$ClientNamenodeProtocol$2.callBlockingMethod(ClientNamenodeProtocolProtos.java)
	at org.apache.hadoop.ipc.ProtobufRpcEngine$Server$ProtoBufRpcInvoker.call(ProtobufRpcEngine.java:523)
	at org.apache.hadoop.ipc.RPC$Server.call(RPC.java:991)
	at org.apache.hadoop.ipc.Server$RpcCall.run(Server.java:872)
	at org.apache.hadoop.ipc.Server$RpcCall.run(Server.java:818)
	at java.security.AccessController.doPrivileged(Native Method)
	at javax.security.auth.Subject.doAs(Subject.java:422)
	at org.apache.hadoop.security.UserGroupInformation.doAs(UserGroupInformation.java:1729)
	at org.apache.hadoop.ipc.Server$Handler.run(Server.java:2678)
Caused by: org.apache.hadoop.hdfs.server.namenode.SafeModeException: Cannot create file/myfile19._COPYING_. Name node is in safe mode.
The reported blocks 144 has reached the threshold 0.9990 of total blocks 144. The number of live datanodes 3 has reached the minimum number 0. In safe mode extension. Safe mode will be turned off automatically in 3 seconds. NamenodeHostName:node-0-link-0
	at org.apache.hadoop.hdfs.server.namenode.FSNamesystem.newSafemodeException(FSNamesystem.java:1450)
	at org.apache.hadoop.hdfs.server.namenode.FSNamesystem.checkNameNodeSafeMode(FSNamesystem.java:1437)
	... 13 more
, while invoking ClientNamenodeProtocolTranslatorPB.create over node-0-link-0/10.10.1.1:8020. Retrying after sleeping for 7073ms.
Found 19 items
-rw-r--r--   3 root supergroup 1073741824 2019-02-27 05:51 /myfile1
-rw-r--r--   3 root supergroup  402653184 2019-02-27 05:53 /myfile10._COPYING_
-rw-r--r--   3 root supergroup 1073741824 2019-02-27 05:50 /myfile11
-rw-r--r--   3 root supergroup 1073741824 2019-02-27 05:52 /myfile12
-rw-r--r--   3 root supergroup  939524096 2019-02-27 05:53 /myfile13._COPYING_
-rw-r--r--   3 root supergroup 1073741824 2019-02-27 05:52 /myfile15
-rw-r--r--   3 root supergroup  402653184 2019-02-27 05:53 /myfile16._COPYING_
-rw-r--r--   3 root supergroup 1073741824 2019-02-27 05:50 /myfile17
-rw-r--r--   3 root supergroup 1073741824 2019-02-27 05:52 /myfile18
-rw-r--r--   3 root supergroup 1073741824 2019-02-27 05:53 /myfile19
-rw-r--r--   3 root supergroup 1073741824 2019-02-27 05:50 /myfile2
-rw-r--r--   3 root supergroup 1073741824 2019-02-27 05:52 /myfile20
-rw-r--r--   3 root supergroup 1073741824 2019-02-27 05:50 /myfile3
-rw-r--r--   3 root supergroup 1073741824 2019-02-27 05:50 /myfile4
-rw-r--r--   3 root supergroup 1073741824 2019-02-27 05:52 /myfile5
-rw-r--r--   3 root supergroup          0 2019-02-27 05:53 /myfile6._COPYING_
-rw-r--r--   3 root supergroup 1073741824 2019-02-27 05:52 /myfile7
-rw-r--r--   3 root supergroup 1073741824 2019-02-27 05:52 /myfile8
-rw-r--r--   3 root supergroup 1073741824 2019-02-27 05:50 /myfile9
file 19 has been put into HDFS
file 19 has been read from HDFS for 1 time
diff succeed!
file 19 has been read from HDFS for 2 time
diff succeed!
file 19 has been read from HDFS for 3 time
diff succeed!
file 19 has been read from HDFS for 4 time
diff succeed!
file 19 has been read from HDFS for 5 time
diff succeed!
file 19 has been read from HDFS for 6 time
diff succeed!
file 19 has been read from HDFS for 7 time
diff succeed!
file 19 has been read from HDFS for 8 time
diff succeed!
file 19 has been read from HDFS for 9 time
diff succeed!
file 19 has been read from HDFS for 10 time
diff succeed!
Deleted /myfile19
file 19 has been removed from HDFS
Found 18 items
-rw-r--r--   3 root supergroup 1073741824 2019-02-27 05:56 /myfile1
-rw-r--r--   3 root supergroup  268435456 2019-02-27 05:58 /myfile10._COPYING_
-rw-r--r--   3 root supergroup 1073741824 2019-02-27 05:55 /myfile11
-rw-r--r--   3 root supergroup 1073741824 2019-02-27 05:57 /myfile12
-rw-r--r--   3 root supergroup 1073741824 2019-02-27 05:54 /myfile14
-rw-r--r--   3 root supergroup 1073741824 2019-02-27 05:57 /myfile15
-rw-r--r--   3 root supergroup  268435456 2019-02-27 05:58 /myfile16._COPYING_
-rw-r--r--   3 root supergroup 1073741824 2019-02-27 05:55 /myfile17
-rw-r--r--   3 root supergroup 1073741824 2019-02-27 05:57 /myfile18
-rw-r--r--   3 root supergroup 1073741824 2019-02-27 05:58 /myfile19
-rw-r--r--   3 root supergroup 1073741824 2019-02-27 05:55 /myfile2
-rw-r--r--   3 root supergroup 1073741824 2019-02-27 05:56 /myfile20
-rw-r--r--   3 root supergroup 1073741824 2019-02-27 05:55 /myfile3
-rw-r--r--   3 root supergroup 1073741824 2019-02-27 05:55 /myfile4
-rw-r--r--   3 root supergroup 1073741824 2019-02-27 05:56 /myfile5
-rw-r--r--   3 root supergroup 1073741824 2019-02-27 05:56 /myfile7
-rw-r--r--   3 root supergroup  939524096 2019-02-27 05:57 /myfile8._COPYING_
-rw-r--r--   3 root supergroup 1073741824 2019-02-27 05:55 /myfile9
file 19 has been put into HDFS
file 19 has been read from HDFS for 1 time
diff succeed!
file 19 has been read from HDFS for 2 time
diff succeed!
file 19 has been read from HDFS for 3 time
diff succeed!
file 19 has been read from HDFS for 4 time
diff succeed!
file 19 has been read from HDFS for 5 time
diff succeed!
file 19 has been read from HDFS for 6 time
diff succeed!
file 19 has been read from HDFS for 7 time
diff succeed!
file 19 has been read from HDFS for 8 time
diff succeed!
file 19 has been read from HDFS for 9 time
diff succeed!
file 19 has been read from HDFS for 10 time
diff succeed!
Deleted /myfile19
file 19 has been removed from HDFS
Found 18 items
-rw-r--r--   3 root supergroup 1073741824 2019-02-27 06:00 /myfile1
-rw-r--r--   3 root supergroup 1073741824 2019-02-27 05:59 /myfile11
-rw-r--r--   3 root supergroup 1073741824 2019-02-27 06:01 /myfile12
-rw-r--r--   3 root supergroup 1073741824 2019-02-27 06:03 /myfile14
-rw-r--r--   3 root supergroup 1073741824 2019-02-27 06:02 /myfile15
-rw-r--r--   3 root supergroup 1073741824 2019-02-27 06:03 /myfile16
-rw-r--r--   3 root supergroup 1073741824 2019-02-27 06:00 /myfile17
-rw-r--r--   3 root supergroup 1073741824 2019-02-27 06:01 /myfile18
-rw-r--r--   3 root supergroup 1073741824 2019-02-27 06:03 /myfile19
-rw-r--r--   3 root supergroup 1073741824 2019-02-27 05:59 /myfile2
-rw-r--r--   3 root supergroup 1073741824 2019-02-27 06:00 /myfile20
-rw-r--r--   3 root supergroup 1073741824 2019-02-27 06:00 /myfile3
-rw-r--r--   3 root supergroup 1073741824 2019-02-27 05:59 /myfile4
-rw-r--r--   3 root supergroup 1073741824 2019-02-27 06:02 /myfile5
-rw-r--r--   3 root supergroup 1073741824 2019-02-27 06:02 /myfile6
-rw-r--r--   3 root supergroup 1073741824 2019-02-27 06:00 /myfile7
-rw-r--r--   3 root supergroup 1073741824 2019-02-27 06:02 /myfile8
-rw-r--r--   3 root supergroup 1073741824 2019-02-27 05:59 /myfile9
file 19 has been put into HDFS
file 19 has been read from HDFS for 1 time
diff succeed!
file 19 has been read from HDFS for 2 time
diff succeed!
file 19 has been read from HDFS for 3 time
diff succeed!
file 19 has been read from HDFS for 4 time
diff succeed!
file 19 has been read from HDFS for 5 time
diff succeed!
file 19 has been read from HDFS for 6 time
diff succeed!
file 19 has been read from HDFS for 7 time
diff succeed!
file 19 has been read from HDFS for 8 time
diff succeed!
file 19 has been read from HDFS for 9 time
diff succeed!
file 19 has been read from HDFS for 10 time
diff succeed!
Deleted /myfile19
file 19 has been removed from HDFS
Found 19 items
-rw-r--r--   3 root supergroup 1073741824 2019-02-27 06:05 /myfile1
-rw-r--r--   3 root supergroup 1073741824 2019-02-27 06:08 /myfile10
-rw-r--r--   3 root supergroup 1073741824 2019-02-27 06:07 /myfile11
-rw-r--r--   3 root supergroup 1073741824 2019-02-27 06:05 /myfile12
-rw-r--r--   3 root supergroup 1073741824 2019-02-27 06:07 /myfile13
-rw-r--r--   3 root supergroup 1073741824 2019-02-27 06:07 /myfile14
-rw-r--r--   3 root supergroup 1073741824 2019-02-27 06:06 /myfile15
-rw-r--r--   3 root supergroup 1073741824 2019-02-27 06:07 /myfile16
-rw-r--r--   3 root supergroup 1073741824 2019-02-27 06:05 /myfile17
-rw-r--r--   3 root supergroup 1073741824 2019-02-27 06:05 /myfile18
-rw-r--r--   3 root supergroup 1073741824 2019-02-27 06:08 /myfile19
-rw-r--r--   3 root supergroup 1073741824 2019-02-27 06:07 /myfile2
-rw-r--r--   3 root supergroup 1073741824 2019-02-27 06:05 /myfile20
-rw-r--r--   3 root supergroup 1073741824 2019-02-27 06:05 /myfile3
-rw-r--r--   3 root supergroup 1073741824 2019-02-27 06:08 /myfile5
-rw-r--r--   3 root supergroup 1073741824 2019-02-27 06:08 /myfile6
-rw-r--r--   3 root supergroup 1073741824 2019-02-27 06:06 /myfile7
-rw-r--r--   3 root supergroup 1073741824 2019-02-27 06:07 /myfile8
-rw-r--r--   3 root supergroup  671088640 2019-02-27 06:08 /myfile9._COPYING_
file 19 has been put into HDFS
file 19 has been read from HDFS for 1 time
diff succeed!
file 19 has been read from HDFS for 2 time
diff succeed!
file 19 has been read from HDFS for 3 time
diff succeed!
file 19 has been read from HDFS for 4 time
diff succeed!
file 19 has been read from HDFS for 5 time
diff succeed!
file 19 has been read from HDFS for 6 time
diff succeed!
file 19 has been read from HDFS for 7 time
diff succeed!
file 19 has been read from HDFS for 8 time
diff succeed!
file 19 has been read from HDFS for 9 time
diff succeed!
file 19 has been read from HDFS for 10 time
diff succeed!
Deleted /myfile19
file 19 has been removed from HDFS
Found 18 items
-rw-r--r--   3 root supergroup 1073741824 2019-02-27 06:10 /myfile1
-rw-r--r--   3 root supergroup  805306368 2019-02-27 06:12 /myfile10._COPYING_
-rw-r--r--   3 root supergroup 1073741824 2019-02-27 06:11 /myfile11
-rw-r--r--   3 root supergroup 1073741824 2019-02-27 06:10 /myfile12
-rw-r--r--   3 root supergroup 1073741824 2019-02-27 06:11 /myfile13
-rw-r--r--   3 root supergroup 1073741824 2019-02-27 06:11 /myfile14
-rw-r--r--   3 root supergroup 1073741824 2019-02-27 06:10 /myfile15
-rw-r--r--   3 root supergroup 1073741824 2019-02-27 06:07 /myfile16
-rw-r--r--   3 root supergroup 1073741824 2019-02-27 06:10 /myfile17
-rw-r--r--   3 root supergroup 1073741824 2019-02-27 06:10 /myfile18
-rw-r--r--   3 root supergroup 1073741824 2019-02-27 06:12 /myfile19
-rw-r--r--   3 root supergroup 1073741824 2019-02-27 06:12 /myfile2
-rw-r--r--   3 root supergroup 1073741824 2019-02-27 06:09 /myfile20
-rw-r--r--   3 root supergroup 1073741824 2019-02-27 06:10 /myfile3
-rw-r--r--   3 root supergroup 1073741824 2019-02-27 06:08 /myfile4
-rw-r--r--   3 root supergroup 1073741824 2019-02-27 06:08 /myfile5
-rw-r--r--   3 root supergroup 1073741824 2019-02-27 06:10 /myfile7
-rw-r--r--   3 root supergroup 1073741824 2019-02-27 06:11 /myfile8
file 19 has been put into HDFS
file 19 has been read from HDFS for 1 time
diff succeed!
file 19 has been read from HDFS for 2 time
diff succeed!
file 19 has been read from HDFS for 3 time
diff succeed!
file 19 has been read from HDFS for 4 time
diff succeed!
file 19 has been read from HDFS for 5 time
diff succeed!
file 19 has been read from HDFS for 6 time
diff succeed!
sub_benchmark 7 signal TERM catched and let quit gracefully
file 19 has been read from HDFS for 7 time
diff succeed!
Deleted /myfile19
file 19 has been removed from HDFS
