Found 20 items
-rw-r--r--   3 root supergroup 1073741824 2019-02-24 02:29 /myfile1
-rw-r--r--   3 root supergroup 1073741824 2019-02-24 02:29 /myfile10
-rw-r--r--   3 root supergroup 1073741824 2019-02-24 02:29 /myfile11
-rw-r--r--   3 root supergroup 1073741824 2019-02-24 02:29 /myfile12
-rw-r--r--   3 root supergroup 1073741824 2019-02-24 02:29 /myfile13
-rw-r--r--   3 root supergroup 1073741824 2019-02-24 02:29 /myfile14
-rw-r--r--   3 root supergroup 1073741824 2019-02-24 02:29 /myfile15
-rw-r--r--   3 root supergroup 1073741824 2019-02-24 02:29 /myfile16
-rw-r--r--   3 root supergroup 1073741824 2019-02-24 02:29 /myfile17
-rw-r--r--   3 root supergroup 1073741824 2019-02-24 02:29 /myfile18
-rw-r--r--   3 root supergroup 1073741824 2019-02-24 02:29 /myfile19
-rw-r--r--   3 root supergroup 1073741824 2019-02-24 02:29 /myfile2
-rw-r--r--   3 root supergroup 1073741824 2019-02-24 02:29 /myfile20
-rw-r--r--   3 root supergroup 1073741824 2019-02-24 02:29 /myfile3
-rw-r--r--   3 root supergroup 1073741824 2019-02-24 02:29 /myfile4
-rw-r--r--   3 root supergroup 1073741824 2019-02-24 02:29 /myfile5
-rw-r--r--   3 root supergroup 1073741824 2019-02-24 02:29 /myfile6
-rw-r--r--   3 root supergroup 1073741824 2019-02-24 02:29 /myfile7
-rw-r--r--   3 root supergroup 1073741824 2019-02-24 02:29 /myfile8
-rw-r--r--   3 root supergroup 1073741824 2019-02-24 02:29 /myfile9
file 2 has been put into HDFS
file 2 has been read from HDFS for 1 time
diff succeed!
file 2 has been read from HDFS for 2 time
diff succeed!
file 2 has been read from HDFS for 3 time
diff succeed!
file 2 has been read from HDFS for 4 time
diff succeed!
file 2 has been read from HDFS for 5 time
diff succeed!
file 2 has been read from HDFS for 6 time
diff succeed!
file 2 has been read from HDFS for 7 time
diff succeed!
file 2 has been read from HDFS for 8 time
diff succeed!
file 2 has been read from HDFS for 9 time
diff succeed!
file 2 has been read from HDFS for 10 time
diff succeed!
Deleted /myfile2
file 2 has been removed from HDFS
Found 20 items
-rw-r--r--   3 root supergroup 1073741824 2019-02-24 02:38 /myfile1
-rw-r--r--   3 root supergroup 1073741824 2019-02-24 02:38 /myfile10
-rw-r--r--   3 root supergroup 1073741824 2019-02-24 02:29 /myfile11
-rw-r--r--   3 root supergroup  671088640 2019-02-24 02:37 /myfile12._COPYING_
-rw-r--r--   3 root supergroup 1073741824 2019-02-24 02:33 /myfile13
-rw-r--r--   3 root supergroup  939524096 2019-02-24 02:37 /myfile14._COPYING_
-rw-r--r--   3 root supergroup 1073741824 2019-02-24 02:36 /myfile15
-rw-r--r--   3 root supergroup 1073741824 2019-02-24 02:36 /myfile16
-rw-r--r--   3 root supergroup  536870912 2019-02-24 02:37 /myfile17._COPYING_
-rw-r--r--   3 root supergroup  536870912 2019-02-24 02:37 /myfile18._COPYING_
-rw-r--r--   3 root supergroup 1073741824 2019-02-24 02:37 /myfile19
-rw-r--r--   3 root supergroup 1073741824 2019-02-24 02:38 /myfile2
-rw-r--r--   3 root supergroup 1073741824 2019-02-24 02:37 /myfile20
-rw-r--r--   3 root supergroup 1073741824 2019-02-24 02:36 /myfile3
-rw-r--r--   3 root supergroup 1073741824 2019-02-24 02:36 /myfile4
-rw-r--r--   3 root supergroup 1073741824 2019-02-24 02:37 /myfile5
-rw-r--r--   3 root supergroup 1073741824 2019-02-24 02:36 /myfile6
-rw-r--r--   3 root supergroup 1073741824 2019-02-24 02:38 /myfile7
-rw-r--r--   3 root supergroup 1073741824 2019-02-24 02:33 /myfile8
-rw-r--r--   3 root supergroup  939524096 2019-02-24 02:37 /myfile9._COPYING_
file 2 has been put into HDFS
file 2 has been read from HDFS for 1 time
diff succeed!
file 2 has been read from HDFS for 2 time
diff succeed!
file 2 has been read from HDFS for 3 time
diff succeed!
file 2 has been read from HDFS for 4 time
diff succeed!
file 2 has been read from HDFS for 5 time
diff succeed!
file 2 has been read from HDFS for 6 time
diff succeed!
file 2 has been read from HDFS for 7 time
diff succeed!
file 2 has been read from HDFS for 8 time
diff succeed!
file 2 has been read from HDFS for 9 time
diff succeed!
file 2 has been read from HDFS for 10 time
diff succeed!
Deleted /myfile2
file 2 has been removed from HDFS
2019-02-24 02:42:06,967 INFO retry.RetryInvocationHandler: java.io.EOFException: End of File Exception between local host is: "clnode049.clemson.cloudlab.us/130.127.133.58"; destination host is: "node-0-link-0":8020; : java.io.EOFException; For more details see:  http://wiki.apache.org/hadoop/EOFException, while invoking ClientNamenodeProtocolTranslatorPB.addBlock over node-0-link-0/10.10.1.1:8020. Trying to failover immediately.
2019-02-24 02:42:07,392 INFO retry.RetryInvocationHandler: org.apache.hadoop.ipc.RemoteException(org.apache.hadoop.ipc.RetriableException): org.apache.hadoop.hdfs.server.namenode.SafeModeException: Cannot add block to /myfile2._COPYING_. Name node is in safe mode.
The reported blocks 129 has reached the threshold 0.9990 of total blocks 129. The number of live datanodes 3 has reached the minimum number 0. In safe mode extension. Safe mode will be turned off automatically in 29 seconds. NamenodeHostName:node-1-link-0
	at org.apache.hadoop.hdfs.server.namenode.FSNamesystem.checkNameNodeSafeMode(FSNamesystem.java:1441)
	at org.apache.hadoop.hdfs.server.namenode.FSDirWriteFileOp.analyzeFileState(FSDirWriteFileOp.java:591)
	at org.apache.hadoop.hdfs.server.namenode.FSDirWriteFileOp.validateAddBlock(FSDirWriteFileOp.java:172)
	at org.apache.hadoop.hdfs.server.namenode.FSNamesystem.getAdditionalBlock(FSNamesystem.java:2679)
	at org.apache.hadoop.hdfs.server.namenode.NameNodeRpcServer.addBlock(NameNodeRpcServer.java:875)
	at org.apache.hadoop.hdfs.protocolPB.ClientNamenodeProtocolServerSideTranslatorPB.addBlock(ClientNamenodeProtocolServerSideTranslatorPB.java:561)
	at org.apache.hadoop.hdfs.protocol.proto.ClientNamenodeProtocolProtos$ClientNamenodeProtocol$2.callBlockingMethod(ClientNamenodeProtocolProtos.java)
	at org.apache.hadoop.ipc.ProtobufRpcEngine$Server$ProtoBufRpcInvoker.call(ProtobufRpcEngine.java:523)
	at org.apache.hadoop.ipc.RPC$Server.call(RPC.java:991)
	at org.apache.hadoop.ipc.Server$RpcCall.run(Server.java:872)
	at org.apache.hadoop.ipc.Server$RpcCall.run(Server.java:818)
	at java.security.AccessController.doPrivileged(Native Method)
	at javax.security.auth.Subject.doAs(Subject.java:422)
	at org.apache.hadoop.security.UserGroupInformation.doAs(UserGroupInformation.java:1729)
	at org.apache.hadoop.ipc.Server$Handler.run(Server.java:2678)
Caused by: org.apache.hadoop.hdfs.server.namenode.SafeModeException: Cannot add block to /myfile2._COPYING_. Name node is in safe mode.
The reported blocks 129 has reached the threshold 0.9990 of total blocks 129. The number of live datanodes 3 has reached the minimum number 0. In safe mode extension. Safe mode will be turned off automatically in 29 seconds. NamenodeHostName:node-1-link-0
	at org.apache.hadoop.hdfs.server.namenode.FSNamesystem.newSafemodeException(FSNamesystem.java:1450)
	at org.apache.hadoop.hdfs.server.namenode.FSNamesystem.checkNameNodeSafeMode(FSNamesystem.java:1437)
	... 14 more
, while invoking ClientNamenodeProtocolTranslatorPB.addBlock over node-1-link-0/10.10.1.4:8020 after 1 failover attempts. Retrying after sleeping for 919ms.
2019-02-24 02:42:08,315 INFO retry.RetryInvocationHandler: org.apache.hadoop.ipc.RemoteException(org.apache.hadoop.ipc.RetriableException): org.apache.hadoop.hdfs.server.namenode.SafeModeException: Cannot add block to /myfile2._COPYING_. Name node is in safe mode.
The reported blocks 129 has reached the threshold 0.9990 of total blocks 129. The number of live datanodes 3 has reached the minimum number 0. In safe mode extension. Safe mode will be turned off automatically in 29 seconds. NamenodeHostName:node-1-link-0
	at org.apache.hadoop.hdfs.server.namenode.FSNamesystem.checkNameNodeSafeMode(FSNamesystem.java:1441)
	at org.apache.hadoop.hdfs.server.namenode.FSDirWriteFileOp.analyzeFileState(FSDirWriteFileOp.java:591)
	at org.apache.hadoop.hdfs.server.namenode.FSDirWriteFileOp.validateAddBlock(FSDirWriteFileOp.java:172)
	at org.apache.hadoop.hdfs.server.namenode.FSNamesystem.getAdditionalBlock(FSNamesystem.java:2679)
	at org.apache.hadoop.hdfs.server.namenode.NameNodeRpcServer.addBlock(NameNodeRpcServer.java:875)
	at org.apache.hadoop.hdfs.protocolPB.ClientNamenodeProtocolServerSideTranslatorPB.addBlock(ClientNamenodeProtocolServerSideTranslatorPB.java:561)
	at org.apache.hadoop.hdfs.protocol.proto.ClientNamenodeProtocolProtos$ClientNamenodeProtocol$2.callBlockingMethod(ClientNamenodeProtocolProtos.java)
	at org.apache.hadoop.ipc.ProtobufRpcEngine$Server$ProtoBufRpcInvoker.call(ProtobufRpcEngine.java:523)
	at org.apache.hadoop.ipc.RPC$Server.call(RPC.java:991)
	at org.apache.hadoop.ipc.Server$RpcCall.run(Server.java:872)
	at org.apache.hadoop.ipc.Server$RpcCall.run(Server.java:818)
	at java.security.AccessController.doPrivileged(Native Method)
	at javax.security.auth.Subject.doAs(Subject.java:422)
	at org.apache.hadoop.security.UserGroupInformation.doAs(UserGroupInformation.java:1729)
	at org.apache.hadoop.ipc.Server$Handler.run(Server.java:2678)
Caused by: org.apache.hadoop.hdfs.server.namenode.SafeModeException: Cannot add block to /myfile2._COPYING_. Name node is in safe mode.
The reported blocks 129 has reached the threshold 0.9990 of total blocks 129. The number of live datanodes 3 has reached the minimum number 0. In safe mode extension. Safe mode will be turned off automatically in 29 seconds. NamenodeHostName:node-1-link-0
	at org.apache.hadoop.hdfs.server.namenode.FSNamesystem.newSafemodeException(FSNamesystem.java:1450)
	at org.apache.hadoop.hdfs.server.namenode.FSNamesystem.checkNameNodeSafeMode(FSNamesystem.java:1437)
	... 14 more
, while invoking ClientNamenodeProtocolTranslatorPB.addBlock over node-1-link-0/10.10.1.4:8020 after 1 failover attempts. Retrying after sleeping for 2864ms.
2019-02-24 02:42:11,182 INFO retry.RetryInvocationHandler: org.apache.hadoop.ipc.RemoteException(org.apache.hadoop.ipc.RetriableException): org.apache.hadoop.hdfs.server.namenode.SafeModeException: Cannot add block to /myfile2._COPYING_. Name node is in safe mode.
The reported blocks 129 has reached the threshold 0.9990 of total blocks 129. The number of live datanodes 3 has reached the minimum number 0. In safe mode extension. Safe mode will be turned off automatically in 26 seconds. NamenodeHostName:node-1-link-0
	at org.apache.hadoop.hdfs.server.namenode.FSNamesystem.checkNameNodeSafeMode(FSNamesystem.java:1441)
	at org.apache.hadoop.hdfs.server.namenode.FSDirWriteFileOp.analyzeFileState(FSDirWriteFileOp.java:591)
	at org.apache.hadoop.hdfs.server.namenode.FSDirWriteFileOp.validateAddBlock(FSDirWriteFileOp.java:172)
	at org.apache.hadoop.hdfs.server.namenode.FSNamesystem.getAdditionalBlock(FSNamesystem.java:2679)
	at org.apache.hadoop.hdfs.server.namenode.NameNodeRpcServer.addBlock(NameNodeRpcServer.java:875)
	at org.apache.hadoop.hdfs.protocolPB.ClientNamenodeProtocolServerSideTranslatorPB.addBlock(ClientNamenodeProtocolServerSideTranslatorPB.java:561)
	at org.apache.hadoop.hdfs.protocol.proto.ClientNamenodeProtocolProtos$ClientNamenodeProtocol$2.callBlockingMethod(ClientNamenodeProtocolProtos.java)
	at org.apache.hadoop.ipc.ProtobufRpcEngine$Server$ProtoBufRpcInvoker.call(ProtobufRpcEngine.java:523)
	at org.apache.hadoop.ipc.RPC$Server.call(RPC.java:991)
	at org.apache.hadoop.ipc.Server$RpcCall.run(Server.java:872)
	at org.apache.hadoop.ipc.Server$RpcCall.run(Server.java:818)
	at java.security.AccessController.doPrivileged(Native Method)
	at javax.security.auth.Subject.doAs(Subject.java:422)
	at org.apache.hadoop.security.UserGroupInformation.doAs(UserGroupInformation.java:1729)
	at org.apache.hadoop.ipc.Server$Handler.run(Server.java:2678)
Caused by: org.apache.hadoop.hdfs.server.namenode.SafeModeException: Cannot add block to /myfile2._COPYING_. Name node is in safe mode.
The reported blocks 129 has reached the threshold 0.9990 of total blocks 129. The number of live datanodes 3 has reached the minimum number 0. In safe mode extension. Safe mode will be turned off automatically in 26 seconds. NamenodeHostName:node-1-link-0
	at org.apache.hadoop.hdfs.server.namenode.FSNamesystem.newSafemodeException(FSNamesystem.java:1450)
	at org.apache.hadoop.hdfs.server.namenode.FSNamesystem.checkNameNodeSafeMode(FSNamesystem.java:1437)
	... 14 more
, while invoking ClientNamenodeProtocolTranslatorPB.addBlock over node-1-link-0/10.10.1.4:8020 after 1 failover attempts. Retrying after sleeping for 4959ms.
2019-02-24 02:42:16,146 INFO retry.RetryInvocationHandler: org.apache.hadoop.ipc.RemoteException(org.apache.hadoop.ipc.RetriableException): org.apache.hadoop.hdfs.server.namenode.SafeModeException: Cannot add block to /myfile2._COPYING_. Name node is in safe mode.
The reported blocks 129 has reached the threshold 0.9990 of total blocks 129. The number of live datanodes 3 has reached the minimum number 0. In safe mode extension. Safe mode will be turned off automatically in 21 seconds. NamenodeHostName:node-1-link-0
	at org.apache.hadoop.hdfs.server.namenode.FSNamesystem.checkNameNodeSafeMode(FSNamesystem.java:1441)
	at org.apache.hadoop.hdfs.server.namenode.FSDirWriteFileOp.analyzeFileState(FSDirWriteFileOp.java:591)
	at org.apache.hadoop.hdfs.server.namenode.FSDirWriteFileOp.validateAddBlock(FSDirWriteFileOp.java:172)
	at org.apache.hadoop.hdfs.server.namenode.FSNamesystem.getAdditionalBlock(FSNamesystem.java:2679)
	at org.apache.hadoop.hdfs.server.namenode.NameNodeRpcServer.addBlock(NameNodeRpcServer.java:875)
	at org.apache.hadoop.hdfs.protocolPB.ClientNamenodeProtocolServerSideTranslatorPB.addBlock(ClientNamenodeProtocolServerSideTranslatorPB.java:561)
	at org.apache.hadoop.hdfs.protocol.proto.ClientNamenodeProtocolProtos$ClientNamenodeProtocol$2.callBlockingMethod(ClientNamenodeProtocolProtos.java)
	at org.apache.hadoop.ipc.ProtobufRpcEngine$Server$ProtoBufRpcInvoker.call(ProtobufRpcEngine.java:523)
	at org.apache.hadoop.ipc.RPC$Server.call(RPC.java:991)
	at org.apache.hadoop.ipc.Server$RpcCall.run(Server.java:872)
	at org.apache.hadoop.ipc.Server$RpcCall.run(Server.java:818)
	at java.security.AccessController.doPrivileged(Native Method)
	at javax.security.auth.Subject.doAs(Subject.java:422)
	at org.apache.hadoop.security.UserGroupInformation.doAs(UserGroupInformation.java:1729)
	at org.apache.hadoop.ipc.Server$Handler.run(Server.java:2678)
Caused by: org.apache.hadoop.hdfs.server.namenode.SafeModeException: Cannot add block to /myfile2._COPYING_. Name node is in safe mode.
The reported blocks 129 has reached the threshold 0.9990 of total blocks 129. The number of live datanodes 3 has reached the minimum number 0. In safe mode extension. Safe mode will be turned off automatically in 21 seconds. NamenodeHostName:node-1-link-0
	at org.apache.hadoop.hdfs.server.namenode.FSNamesystem.newSafemodeException(FSNamesystem.java:1450)
	at org.apache.hadoop.hdfs.server.namenode.FSNamesystem.checkNameNodeSafeMode(FSNamesystem.java:1437)
	... 14 more
, while invoking ClientNamenodeProtocolTranslatorPB.addBlock over node-1-link-0/10.10.1.4:8020 after 1 failover attempts. Retrying after sleeping for 5107ms.
2019-02-24 02:42:21,256 INFO retry.RetryInvocationHandler: org.apache.hadoop.ipc.RemoteException(org.apache.hadoop.ipc.RetriableException): org.apache.hadoop.hdfs.server.namenode.SafeModeException: Cannot add block to /myfile2._COPYING_. Name node is in safe mode.
The reported blocks 129 has reached the threshold 0.9990 of total blocks 129. The number of live datanodes 3 has reached the minimum number 0. In safe mode extension. Safe mode will be turned off automatically in 16 seconds. NamenodeHostName:node-1-link-0
	at org.apache.hadoop.hdfs.server.namenode.FSNamesystem.checkNameNodeSafeMode(FSNamesystem.java:1441)
	at org.apache.hadoop.hdfs.server.namenode.FSDirWriteFileOp.analyzeFileState(FSDirWriteFileOp.java:591)
	at org.apache.hadoop.hdfs.server.namenode.FSDirWriteFileOp.validateAddBlock(FSDirWriteFileOp.java:172)
	at org.apache.hadoop.hdfs.server.namenode.FSNamesystem.getAdditionalBlock(FSNamesystem.java:2679)
	at org.apache.hadoop.hdfs.server.namenode.NameNodeRpcServer.addBlock(NameNodeRpcServer.java:875)
	at org.apache.hadoop.hdfs.protocolPB.ClientNamenodeProtocolServerSideTranslatorPB.addBlock(ClientNamenodeProtocolServerSideTranslatorPB.java:561)
	at org.apache.hadoop.hdfs.protocol.proto.ClientNamenodeProtocolProtos$ClientNamenodeProtocol$2.callBlockingMethod(ClientNamenodeProtocolProtos.java)
	at org.apache.hadoop.ipc.ProtobufRpcEngine$Server$ProtoBufRpcInvoker.call(ProtobufRpcEngine.java:523)
	at org.apache.hadoop.ipc.RPC$Server.call(RPC.java:991)
	at org.apache.hadoop.ipc.Server$RpcCall.run(Server.java:872)
	at org.apache.hadoop.ipc.Server$RpcCall.run(Server.java:818)
	at java.security.AccessController.doPrivileged(Native Method)
	at javax.security.auth.Subject.doAs(Subject.java:422)
	at org.apache.hadoop.security.UserGroupInformation.doAs(UserGroupInformation.java:1729)
	at org.apache.hadoop.ipc.Server$Handler.run(Server.java:2678)
Caused by: org.apache.hadoop.hdfs.server.namenode.SafeModeException: Cannot add block to /myfile2._COPYING_. Name node is in safe mode.
The reported blocks 129 has reached the threshold 0.9990 of total blocks 129. The number of live datanodes 3 has reached the minimum number 0. In safe mode extension. Safe mode will be turned off automatically in 16 seconds. NamenodeHostName:node-1-link-0
	at org.apache.hadoop.hdfs.server.namenode.FSNamesystem.newSafemodeException(FSNamesystem.java:1450)
	at org.apache.hadoop.hdfs.server.namenode.FSNamesystem.checkNameNodeSafeMode(FSNamesystem.java:1437)
	... 14 more
, while invoking ClientNamenodeProtocolTranslatorPB.addBlock over node-1-link-0/10.10.1.4:8020 after 1 failover attempts. Retrying after sleeping for 9786ms.
2019-02-24 02:42:31,045 INFO retry.RetryInvocationHandler: org.apache.hadoop.ipc.RemoteException(org.apache.hadoop.ipc.RetriableException): org.apache.hadoop.hdfs.server.namenode.SafeModeException: Cannot add block to /myfile2._COPYING_. Name node is in safe mode.
The reported blocks 129 has reached the threshold 0.9990 of total blocks 129. The number of live datanodes 3 has reached the minimum number 0. In safe mode extension. Safe mode will be turned off automatically in 6 seconds. NamenodeHostName:node-1-link-0
	at org.apache.hadoop.hdfs.server.namenode.FSNamesystem.checkNameNodeSafeMode(FSNamesystem.java:1441)
	at org.apache.hadoop.hdfs.server.namenode.FSDirWriteFileOp.analyzeFileState(FSDirWriteFileOp.java:591)
	at org.apache.hadoop.hdfs.server.namenode.FSDirWriteFileOp.validateAddBlock(FSDirWriteFileOp.java:172)
	at org.apache.hadoop.hdfs.server.namenode.FSNamesystem.getAdditionalBlock(FSNamesystem.java:2679)
	at org.apache.hadoop.hdfs.server.namenode.NameNodeRpcServer.addBlock(NameNodeRpcServer.java:875)
	at org.apache.hadoop.hdfs.protocolPB.ClientNamenodeProtocolServerSideTranslatorPB.addBlock(ClientNamenodeProtocolServerSideTranslatorPB.java:561)
	at org.apache.hadoop.hdfs.protocol.proto.ClientNamenodeProtocolProtos$ClientNamenodeProtocol$2.callBlockingMethod(ClientNamenodeProtocolProtos.java)
	at org.apache.hadoop.ipc.ProtobufRpcEngine$Server$ProtoBufRpcInvoker.call(ProtobufRpcEngine.java:523)
	at org.apache.hadoop.ipc.RPC$Server.call(RPC.java:991)
	at org.apache.hadoop.ipc.Server$RpcCall.run(Server.java:872)
	at org.apache.hadoop.ipc.Server$RpcCall.run(Server.java:818)
	at java.security.AccessController.doPrivileged(Native Method)
	at javax.security.auth.Subject.doAs(Subject.java:422)
	at org.apache.hadoop.security.UserGroupInformation.doAs(UserGroupInformation.java:1729)
	at org.apache.hadoop.ipc.Server$Handler.run(Server.java:2678)
Caused by: org.apache.hadoop.hdfs.server.namenode.SafeModeException: Cannot add block to /myfile2._COPYING_. Name node is in safe mode.
The reported blocks 129 has reached the threshold 0.9990 of total blocks 129. The number of live datanodes 3 has reached the minimum number 0. In safe mode extension. Safe mode will be turned off automatically in 6 seconds. NamenodeHostName:node-1-link-0
	at org.apache.hadoop.hdfs.server.namenode.FSNamesystem.newSafemodeException(FSNamesystem.java:1450)
	at org.apache.hadoop.hdfs.server.namenode.FSNamesystem.checkNameNodeSafeMode(FSNamesystem.java:1437)
	... 14 more
, while invoking ClientNamenodeProtocolTranslatorPB.addBlock over node-1-link-0/10.10.1.4:8020 after 1 failover attempts. Retrying after sleeping for 18764ms.
2019-02-24 02:42:34,105 INFO retry.RetryInvocationHandler: org.apache.hadoop.ipc.RemoteException(org.apache.hadoop.ipc.RetriableException): org.apache.hadoop.hdfs.server.namenode.SafeModeException: Cannot renew lease for DFSClient_NONMAPREDUCE_337914140_1. Name node is in safe mode.
The reported blocks 129 has reached the threshold 0.9990 of total blocks 129. The number of live datanodes 3 has reached the minimum number 0. In safe mode extension. Safe mode will be turned off automatically in 3 seconds. NamenodeHostName:node-1-link-0
	at org.apache.hadoop.hdfs.server.namenode.FSNamesystem.checkNameNodeSafeMode(FSNamesystem.java:1441)
	at org.apache.hadoop.hdfs.server.namenode.FSNamesystem.renewLease(FSNamesystem.java:3744)
	at org.apache.hadoop.hdfs.server.namenode.NameNodeRpcServer.renewLease(NameNodeRpcServer.java:1134)
	at org.apache.hadoop.hdfs.protocolPB.ClientNamenodeProtocolServerSideTranslatorPB.renewLease(ClientNamenodeProtocolServerSideTranslatorPB.java:737)
	at org.apache.hadoop.hdfs.protocol.proto.ClientNamenodeProtocolProtos$ClientNamenodeProtocol$2.callBlockingMethod(ClientNamenodeProtocolProtos.java)
	at org.apache.hadoop.ipc.ProtobufRpcEngine$Server$ProtoBufRpcInvoker.call(ProtobufRpcEngine.java:523)
	at org.apache.hadoop.ipc.RPC$Server.call(RPC.java:991)
	at org.apache.hadoop.ipc.Server$RpcCall.run(Server.java:872)
	at org.apache.hadoop.ipc.Server$RpcCall.run(Server.java:818)
	at java.security.AccessController.doPrivileged(Native Method)
	at javax.security.auth.Subject.doAs(Subject.java:422)
	at org.apache.hadoop.security.UserGroupInformation.doAs(UserGroupInformation.java:1729)
	at org.apache.hadoop.ipc.Server$Handler.run(Server.java:2678)
Caused by: org.apache.hadoop.hdfs.server.namenode.SafeModeException: Cannot renew lease for DFSClient_NONMAPREDUCE_337914140_1. Name node is in safe mode.
The reported blocks 129 has reached the threshold 0.9990 of total blocks 129. The number of live datanodes 3 has reached the minimum number 0. In safe mode extension. Safe mode will be turned off automatically in 3 seconds. NamenodeHostName:node-1-link-0
	at org.apache.hadoop.hdfs.server.namenode.FSNamesystem.newSafemodeException(FSNamesystem.java:1450)
	at org.apache.hadoop.hdfs.server.namenode.FSNamesystem.checkNameNodeSafeMode(FSNamesystem.java:1437)
	... 12 more
, while invoking ClientNamenodeProtocolTranslatorPB.renewLease over node-1-link-0/10.10.1.4:8020. Retrying immediately.
2019-02-24 02:42:34,109 INFO retry.RetryInvocationHandler: org.apache.hadoop.ipc.RemoteException(org.apache.hadoop.ipc.RetriableException): org.apache.hadoop.hdfs.server.namenode.SafeModeException: Cannot renew lease for DFSClient_NONMAPREDUCE_337914140_1. Name node is in safe mode.
The reported blocks 129 has reached the threshold 0.9990 of total blocks 129. The number of live datanodes 3 has reached the minimum number 0. In safe mode extension. Safe mode will be turned off automatically in 3 seconds. NamenodeHostName:node-1-link-0
	at org.apache.hadoop.hdfs.server.namenode.FSNamesystem.checkNameNodeSafeMode(FSNamesystem.java:1441)
	at org.apache.hadoop.hdfs.server.namenode.FSNamesystem.renewLease(FSNamesystem.java:3744)
	at org.apache.hadoop.hdfs.server.namenode.NameNodeRpcServer.renewLease(NameNodeRpcServer.java:1134)
	at org.apache.hadoop.hdfs.protocolPB.ClientNamenodeProtocolServerSideTranslatorPB.renewLease(ClientNamenodeProtocolServerSideTranslatorPB.java:737)
	at org.apache.hadoop.hdfs.protocol.proto.ClientNamenodeProtocolProtos$ClientNamenodeProtocol$2.callBlockingMethod(ClientNamenodeProtocolProtos.java)
	at org.apache.hadoop.ipc.ProtobufRpcEngine$Server$ProtoBufRpcInvoker.call(ProtobufRpcEngine.java:523)
	at org.apache.hadoop.ipc.RPC$Server.call(RPC.java:991)
	at org.apache.hadoop.ipc.Server$RpcCall.run(Server.java:872)
	at org.apache.hadoop.ipc.Server$RpcCall.run(Server.java:818)
	at java.security.AccessController.doPrivileged(Native Method)
	at javax.security.auth.Subject.doAs(Subject.java:422)
	at org.apache.hadoop.security.UserGroupInformation.doAs(UserGroupInformation.java:1729)
	at org.apache.hadoop.ipc.Server$Handler.run(Server.java:2678)
Caused by: org.apache.hadoop.hdfs.server.namenode.SafeModeException: Cannot renew lease for DFSClient_NONMAPREDUCE_337914140_1. Name node is in safe mode.
The reported blocks 129 has reached the threshold 0.9990 of total blocks 129. The number of live datanodes 3 has reached the minimum number 0. In safe mode extension. Safe mode will be turned off automatically in 3 seconds. NamenodeHostName:node-1-link-0
	at org.apache.hadoop.hdfs.server.namenode.FSNamesystem.newSafemodeException(FSNamesystem.java:1450)
	at org.apache.hadoop.hdfs.server.namenode.FSNamesystem.checkNameNodeSafeMode(FSNamesystem.java:1437)
	... 12 more
, while invoking ClientNamenodeProtocolTranslatorPB.renewLease over node-1-link-0/10.10.1.4:8020. Retrying after sleeping for 1047ms.
2019-02-24 02:42:35,160 INFO retry.RetryInvocationHandler: org.apache.hadoop.ipc.RemoteException(org.apache.hadoop.ipc.RetriableException): org.apache.hadoop.hdfs.server.namenode.SafeModeException: Cannot renew lease for DFSClient_NONMAPREDUCE_337914140_1. Name node is in safe mode.
The reported blocks 129 has reached the threshold 0.9990 of total blocks 129. The number of live datanodes 3 has reached the minimum number 0. In safe mode extension. Safe mode will be turned off automatically in 2 seconds. NamenodeHostName:node-1-link-0
	at org.apache.hadoop.hdfs.server.namenode.FSNamesystem.checkNameNodeSafeMode(FSNamesystem.java:1441)
	at org.apache.hadoop.hdfs.server.namenode.FSNamesystem.renewLease(FSNamesystem.java:3744)
	at org.apache.hadoop.hdfs.server.namenode.NameNodeRpcServer.renewLease(NameNodeRpcServer.java:1134)
	at org.apache.hadoop.hdfs.protocolPB.ClientNamenodeProtocolServerSideTranslatorPB.renewLease(ClientNamenodeProtocolServerSideTranslatorPB.java:737)
	at org.apache.hadoop.hdfs.protocol.proto.ClientNamenodeProtocolProtos$ClientNamenodeProtocol$2.callBlockingMethod(ClientNamenodeProtocolProtos.java)
	at org.apache.hadoop.ipc.ProtobufRpcEngine$Server$ProtoBufRpcInvoker.call(ProtobufRpcEngine.java:523)
	at org.apache.hadoop.ipc.RPC$Server.call(RPC.java:991)
	at org.apache.hadoop.ipc.Server$RpcCall.run(Server.java:872)
	at org.apache.hadoop.ipc.Server$RpcCall.run(Server.java:818)
	at java.security.AccessController.doPrivileged(Native Method)
	at javax.security.auth.Subject.doAs(Subject.java:422)
	at org.apache.hadoop.security.UserGroupInformation.doAs(UserGroupInformation.java:1729)
	at org.apache.hadoop.ipc.Server$Handler.run(Server.java:2678)
Caused by: org.apache.hadoop.hdfs.server.namenode.SafeModeException: Cannot renew lease for DFSClient_NONMAPREDUCE_337914140_1. Name node is in safe mode.
The reported blocks 129 has reached the threshold 0.9990 of total blocks 129. The number of live datanodes 3 has reached the minimum number 0. In safe mode extension. Safe mode will be turned off automatically in 2 seconds. NamenodeHostName:node-1-link-0
	at org.apache.hadoop.hdfs.server.namenode.FSNamesystem.newSafemodeException(FSNamesystem.java:1450)
	at org.apache.hadoop.hdfs.server.namenode.FSNamesystem.checkNameNodeSafeMode(FSNamesystem.java:1437)
	... 12 more
, while invoking ClientNamenodeProtocolTranslatorPB.renewLease over node-1-link-0/10.10.1.4:8020. Retrying after sleeping for 2271ms.
Found 18 items
-rw-r--r--   3 root supergroup 1073741824 2019-02-24 02:42 /myfile10
-rw-r--r--   3 root supergroup 1073741824 2019-02-24 02:40 /myfile11
-rw-r--r--   3 root supergroup 1073741824 2019-02-24 02:38 /myfile12
-rw-r--r--   3 root supergroup 1073741824 2019-02-24 02:39 /myfile13
-rw-r--r--   3 root supergroup  805306368 2019-02-24 02:42 /myfile14._COPYING_
-rw-r--r--   3 root supergroup 1073741824 2019-02-24 02:41 /myfile15
-rw-r--r--   3 root supergroup 1073741824 2019-02-24 02:41 /myfile16
-rw-r--r--   3 root supergroup 1073741824 2019-02-24 02:38 /myfile17
-rw-r--r--   3 root supergroup 1073741824 2019-02-24 02:42 /myfile19
-rw-r--r--   3 root supergroup 1073741824 2019-02-24 02:42 /myfile2
-rw-r--r--   3 root supergroup 1073741824 2019-02-24 02:42 /myfile20
-rw-r--r--   3 root supergroup 1073741824 2019-02-24 02:41 /myfile3
-rw-r--r--   3 root supergroup 1073741824 2019-02-24 02:41 /myfile4
-rw-r--r--   3 root supergroup 1073741824 2019-02-24 02:37 /myfile5
-rw-r--r--   3 root supergroup 1073741824 2019-02-24 02:41 /myfile6
-rw-r--r--   3 root supergroup 1073741824 2019-02-24 02:42 /myfile7
-rw-r--r--   3 root supergroup 1073741824 2019-02-24 02:39 /myfile8
-rw-r--r--   3 root supergroup 1073741824 2019-02-24 02:38 /myfile9
file 2 has been put into HDFS
file 2 has been read from HDFS for 1 time
diff succeed!
file 2 has been read from HDFS for 2 time
diff succeed!
file 2 has been read from HDFS for 3 time
diff succeed!
file 2 has been read from HDFS for 4 time
diff succeed!
file 2 has been read from HDFS for 5 time
diff succeed!
file 2 has been read from HDFS for 6 time
diff succeed!
file 2 has been read from HDFS for 7 time
diff succeed!
file 2 has been read from HDFS for 8 time
diff succeed!
file 2 has been read from HDFS for 9 time
diff succeed!
file 2 has been read from HDFS for 10 time
diff succeed!
Deleted /myfile2
file 2 has been removed from HDFS
Found 20 items
-rw-r--r--   3 root supergroup 1073741824 2019-02-24 02:43 /myfile1
-rw-r--r--   3 root supergroup  671088640 2019-02-24 02:46 /myfile10._COPYING_
-rw-r--r--   3 root supergroup 1073741824 2019-02-24 02:44 /myfile11
-rw-r--r--   3 root supergroup 1073741824 2019-02-24 02:43 /myfile12
-rw-r--r--   3 root supergroup 1073741824 2019-02-24 02:43 /myfile13
-rw-r--r--   3 root supergroup 1073741824 2019-02-24 02:46 /myfile14
-rw-r--r--   3 root supergroup 1073741824 2019-02-24 02:45 /myfile15
-rw-r--r--   3 root supergroup 1073741824 2019-02-24 02:45 /myfile16
-rw-r--r--   3 root supergroup 1073741824 2019-02-24 02:43 /myfile17
-rw-r--r--   3 root supergroup 1073741824 2019-02-24 02:43 /myfile18
-rw-r--r--   3 root supergroup  939524096 2019-02-24 02:46 /myfile19._COPYING_
-rw-r--r--   3 root supergroup 1073741824 2019-02-24 02:46 /myfile2
-rw-r--r--   3 root supergroup  805306368 2019-02-24 02:46 /myfile20._COPYING_
-rw-r--r--   3 root supergroup 1073741824 2019-02-24 02:45 /myfile3
-rw-r--r--   3 root supergroup 1073741824 2019-02-24 02:46 /myfile4
-rw-r--r--   3 root supergroup 1073741824 2019-02-24 02:43 /myfile5
-rw-r--r--   3 root supergroup 1073741824 2019-02-24 02:45 /myfile6
-rw-r--r--   3 root supergroup  805306368 2019-02-24 02:46 /myfile7._COPYING_
-rw-r--r--   3 root supergroup 1073741824 2019-02-24 02:45 /myfile8
-rw-r--r--   3 root supergroup 1073741824 2019-02-24 02:43 /myfile9
file 2 has been put into HDFS
file 2 has been read from HDFS for 1 time
diff succeed!
file 2 has been read from HDFS for 2 time
diff succeed!
file 2 has been read from HDFS for 3 time
diff succeed!
file 2 has been read from HDFS for 4 time
diff succeed!
file 2 has been read from HDFS for 5 time
diff succeed!
file 2 has been read from HDFS for 6 time
diff succeed!
file 2 has been read from HDFS for 7 time
diff succeed!
file 2 has been read from HDFS for 8 time
diff succeed!
file 2 has been read from HDFS for 9 time
diff succeed!
file 2 has been read from HDFS for 10 time
diff succeed!
Deleted /myfile2
file 2 has been removed from HDFS
Found 20 items
-rw-r--r--   3 root supergroup 1073741824 2019-02-24 02:48 /myfile1
-rw-r--r--   3 root supergroup 1073741824 2019-02-24 02:51 /myfile10
-rw-r--r--   3 root supergroup 1073741824 2019-02-24 02:49 /myfile11
-rw-r--r--   3 root supergroup 1073741824 2019-02-24 02:49 /myfile12
-rw-r--r--   3 root supergroup 1073741824 2019-02-24 02:48 /myfile13
-rw-r--r--   3 root supergroup 1073741824 2019-02-24 02:50 /myfile14
-rw-r--r--   3 root supergroup 1073741824 2019-02-24 02:49 /myfile15
-rw-r--r--   3 root supergroup 1073741824 2019-02-24 02:50 /myfile16
-rw-r--r--   3 root supergroup 1073741824 2019-02-24 02:49 /myfile17
-rw-r--r--   3 root supergroup  939524096 2019-02-24 02:51 /myfile18._COPYING_
-rw-r--r--   3 root supergroup 1073741824 2019-02-24 02:50 /myfile19
-rw-r--r--   3 root supergroup 1073741824 2019-02-24 02:51 /myfile2
-rw-r--r--   3 root supergroup 1073741824 2019-02-24 02:50 /myfile20
-rw-r--r--   3 root supergroup 1073741824 2019-02-24 02:49 /myfile3
-rw-r--r--   3 root supergroup 1073741824 2019-02-24 02:46 /myfile4
-rw-r--r--   3 root supergroup  805306368 2019-02-24 02:51 /myfile5._COPYING_
-rw-r--r--   3 root supergroup 1073741824 2019-02-24 02:50 /myfile6
-rw-r--r--   3 root supergroup 1073741824 2019-02-24 02:51 /myfile7
-rw-r--r--   3 root supergroup 1073741824 2019-02-24 02:50 /myfile8
-rw-r--r--   3 root supergroup 1073741824 2019-02-24 02:48 /myfile9
file 2 has been put into HDFS
file 2 has been read from HDFS for 1 time
diff succeed!
file 2 has been read from HDFS for 2 time
diff succeed!
file 2 has been read from HDFS for 3 time
diff succeed!
file 2 has been read from HDFS for 4 time
diff succeed!
file 2 has been read from HDFS for 5 time
diff succeed!
file 2 has been read from HDFS for 6 time
diff succeed!
file 2 has been read from HDFS for 7 time
diff succeed!
file 2 has been read from HDFS for 8 time
diff succeed!
file 2 has been read from HDFS for 9 time
diff succeed!
file 2 has been read from HDFS for 10 time
diff succeed!
Deleted /myfile2
file 2 has been removed from HDFS
Found 19 items
-rw-r--r--   3 root supergroup 1073741824 2019-02-24 02:53 /myfile1
-rw-r--r--   3 root supergroup 1073741824 2019-02-24 02:53 /myfile11
-rw-r--r--   3 root supergroup 1073741824 2019-02-24 02:53 /myfile12
-rw-r--r--   3 root supergroup 1073741824 2019-02-24 02:53 /myfile13
-rw-r--r--   3 root supergroup  805306368 2019-02-24 02:56 /myfile14._COPYING_
-rw-r--r--   3 root supergroup 1073741824 2019-02-24 02:54 /myfile15
-rw-r--r--   3 root supergroup 1073741824 2019-02-24 02:54 /myfile16
-rw-r--r--   3 root supergroup 1073741824 2019-02-24 02:53 /myfile17
-rw-r--r--   3 root supergroup 1073741824 2019-02-24 02:56 /myfile18
-rw-r--r--   3 root supergroup 1073741824 2019-02-24 02:55 /myfile19
-rw-r--r--   3 root supergroup 1073741824 2019-02-24 02:56 /myfile2
-rw-r--r--   3 root supergroup 1073741824 2019-02-24 02:55 /myfile20
-rw-r--r--   3 root supergroup 1073741824 2019-02-24 02:53 /myfile3
-rw-r--r--   3 root supergroup 1073741824 2019-02-24 02:52 /myfile4
-rw-r--r--   3 root supergroup 1073741824 2019-02-24 02:56 /myfile5
-rw-r--r--   3 root supergroup 1073741824 2019-02-24 02:55 /myfile6
-rw-r--r--   3 root supergroup 1073741824 2019-02-24 02:55 /myfile7
-rw-r--r--   3 root supergroup 1073741824 2019-02-24 02:55 /myfile8
-rw-r--r--   3 root supergroup 1073741824 2019-02-24 02:56 /myfile9
file 2 has been put into HDFS
file 2 has been read from HDFS for 1 time
diff succeed!
file 2 has been read from HDFS for 2 time
diff succeed!
file 2 has been read from HDFS for 3 time
diff succeed!
file 2 has been read from HDFS for 4 time
diff succeed!
file 2 has been read from HDFS for 5 time
diff succeed!
file 2 has been read from HDFS for 6 time
diff succeed!
file 2 has been read from HDFS for 7 time
diff succeed!
file 2 has been read from HDFS for 8 time
diff succeed!
file 2 has been read from HDFS for 9 time
diff succeed!
file 2 has been read from HDFS for 10 time
diff succeed!
Deleted /myfile2
file 2 has been removed from HDFS
Found 19 items
-rw-r--r--   3 root supergroup 1073741824 2019-02-24 02:58 /myfile1
-rw-r--r--   3 root supergroup 1073741824 2019-02-24 02:57 /myfile10
-rw-r--r--   3 root supergroup 1073741824 2019-02-24 02:59 /myfile11
-rw-r--r--   3 root supergroup 1073741824 2019-02-24 02:58 /myfile12
-rw-r--r--   3 root supergroup 1073741824 2019-02-24 02:57 /myfile13
-rw-r--r--   3 root supergroup 1073741824 2019-02-24 02:58 /myfile15
-rw-r--r--   3 root supergroup 1073741824 2019-02-24 02:57 /myfile16
-rw-r--r--   3 root supergroup 1073741824 2019-02-24 02:57 /myfile17
-rw-r--r--   3 root supergroup 1073741824 2019-02-24 03:00 /myfile18
-rw-r--r--   3 root supergroup 1073741824 2019-02-24 02:59 /myfile19
-rw-r--r--   3 root supergroup 1073741824 2019-02-24 03:00 /myfile2
-rw-r--r--   3 root supergroup 1073741824 2019-02-24 02:59 /myfile20
-rw-r--r--   3 root supergroup 1073741824 2019-02-24 02:58 /myfile3
-rw-r--r--   3 root supergroup 1073741824 2019-02-24 02:57 /myfile4
-rw-r--r--   3 root supergroup 1073741824 2019-02-24 03:00 /myfile5
-rw-r--r--   3 root supergroup 1073741824 2019-02-24 02:59 /myfile6
-rw-r--r--   3 root supergroup 1073741824 2019-02-24 03:00 /myfile7
-rw-r--r--   3 root supergroup 1073741824 2019-02-24 02:59 /myfile8
-rw-r--r--   3 root supergroup 1073741824 2019-02-24 03:00 /myfile9
file 2 has been put into HDFS
file 2 has been read from HDFS for 1 time
diff succeed!
file 2 has been read from HDFS for 2 time
diff succeed!
file 2 has been read from HDFS for 3 time
diff succeed!
file 2 has been read from HDFS for 4 time
diff succeed!
file 2 has been read from HDFS for 5 time
diff succeed!
file 2 has been read from HDFS for 6 time
diff succeed!
file 2 has been read from HDFS for 7 time
diff succeed!
file 2 has been read from HDFS for 8 time
diff succeed!
file 2 has been read from HDFS for 9 time
diff succeed!
2019-02-24 03:04:13,638 INFO retry.RetryInvocationHandler: java.io.EOFException: End of File Exception between local host is: "clnode049.clemson.cloudlab.us/130.127.133.58"; destination host is: "node-0-link-0":8020; : java.io.EOFException; For more details see:  http://wiki.apache.org/hadoop/EOFException, while invoking ClientNamenodeProtocolTranslatorPB.getDataEncryptionKey over node-0-link-0/10.10.1.1:8020. Trying to failover immediately.
file 2 has been read from HDFS for 10 time
diff succeed!
Deleted /myfile2
file 2 has been removed from HDFS
Found 20 items
-rw-r--r--   3 root supergroup 1073741824 2019-02-24 03:02 /myfile1
-rw-r--r--   3 root supergroup 1073741824 2019-02-24 03:01 /myfile10
-rw-r--r--   3 root supergroup 1073741824 2019-02-24 03:03 /myfile11
-rw-r--r--   3 root supergroup 1073741824 2019-02-24 03:03 /myfile12
-rw-r--r--   3 root supergroup 1073741824 2019-02-24 03:01 /myfile13
-rw-r--r--   3 root supergroup 1073741824 2019-02-24 03:04 /myfile14
-rw-r--r--   3 root supergroup 1073741824 2019-02-24 03:02 /myfile15
-rw-r--r--   3 root supergroup 1073741824 2019-02-24 03:02 /myfile16
-rw-r--r--   3 root supergroup 1073741824 2019-02-24 03:02 /myfile17
-rw-r--r--   3 root supergroup  671088640 2019-02-24 03:04 /myfile18._COPYING_
-rw-r--r--   3 root supergroup 1073741824 2019-02-24 03:03 /myfile19
-rw-r--r--   3 root supergroup 1073741824 2019-02-24 03:04 /myfile2
-rw-r--r--   3 root supergroup 1073741824 2019-02-24 03:03 /myfile20
-rw-r--r--   3 root supergroup 1073741824 2019-02-24 03:02 /myfile3
-rw-r--r--   3 root supergroup 1073741824 2019-02-24 03:01 /myfile4
-rw-r--r--   3 root supergroup 1073741824 2019-02-24 03:04 /myfile5
-rw-r--r--   3 root supergroup 1073741824 2019-02-24 03:03 /myfile6
-rw-r--r--   3 root supergroup 1073741824 2019-02-24 03:04 /myfile7
-rw-r--r--   3 root supergroup 1073741824 2019-02-24 03:03 /myfile8
-rw-r--r--   3 root supergroup 1073741824 2019-02-24 03:00 /myfile9
file 2 has been put into HDFS
file 2 has been read from HDFS for 1 time
diff succeed!
file 2 has been read from HDFS for 2 time
diff succeed!
file 2 has been read from HDFS for 3 time
diff succeed!
file 2 has been read from HDFS for 4 time
diff succeed!
file 2 has been read from HDFS for 5 time
diff succeed!
file 2 has been read from HDFS for 6 time
diff succeed!
file 2 has been read from HDFS for 7 time
diff succeed!
file 2 has been read from HDFS for 8 time
diff succeed!
file 2 has been read from HDFS for 9 time
diff succeed!
file 2 has been read from HDFS for 10 time
diff succeed!
Deleted /myfile2
file 2 has been removed from HDFS
Found 20 items
-rw-r--r--   3 root supergroup 1073741824 2019-02-24 03:06 /myfile1
-rw-r--r--   3 root supergroup 1073741824 2019-02-24 03:05 /myfile10
-rw-r--r--   3 root supergroup 1073741824 2019-02-24 03:08 /myfile11
-rw-r--r--   3 root supergroup 1073741824 2019-02-24 03:07 /myfile12
-rw-r--r--   3 root supergroup 1073741824 2019-02-24 03:06 /myfile13
-rw-r--r--   3 root supergroup 1073741824 2019-02-24 03:04 /myfile14
-rw-r--r--   3 root supergroup 1073741824 2019-02-24 03:06 /myfile15
-rw-r--r--   3 root supergroup 1073741824 2019-02-24 03:06 /myfile16
-rw-r--r--   3 root supergroup 1073741824 2019-02-24 03:06 /myfile17
-rw-r--r--   3 root supergroup 1073741824 2019-02-24 03:08 /myfile18
-rw-r--r--   3 root supergroup 1073741824 2019-02-24 03:07 /myfile19
-rw-r--r--   3 root supergroup 1073741824 2019-02-24 03:08 /myfile2
-rw-r--r--   3 root supergroup 1073741824 2019-02-24 03:07 /myfile20
-rw-r--r--   3 root supergroup 1073741824 2019-02-24 03:06 /myfile3
-rw-r--r--   3 root supergroup 1073741824 2019-02-24 03:06 /myfile4
-rw-r--r--   3 root supergroup 1073741824 2019-02-24 03:08 /myfile5
-rw-r--r--   3 root supergroup 1073741824 2019-02-24 03:08 /myfile6
-rw-r--r--   3 root supergroup 1073741824 2019-02-24 03:07 /myfile7
-rw-r--r--   3 root supergroup 1073741824 2019-02-24 03:08 /myfile8
-rw-r--r--   3 root supergroup 1073741824 2019-02-24 03:05 /myfile9
file 2 has been put into HDFS
file 2 has been read from HDFS for 1 time
diff succeed!
file 2 has been read from HDFS for 2 time
diff succeed!
file 2 has been read from HDFS for 3 time
diff succeed!
file 2 has been read from HDFS for 4 time
diff succeed!
file 2 has been read from HDFS for 5 time
diff succeed!
file 2 has been read from HDFS for 6 time
diff succeed!
file 2 has been read from HDFS for 7 time
diff succeed!
file 2 has been read from HDFS for 8 time
diff succeed!
file 2 has been read from HDFS for 9 time
diff succeed!
file 2 has been read from HDFS for 10 time
diff succeed!
Deleted /myfile2
file 2 has been removed from HDFS
Found 18 items
-rw-r--r--   3 root supergroup 1073741824 2019-02-24 03:09 /myfile1
-rw-r--r--   3 root supergroup 1073741824 2019-02-24 03:09 /myfile10
-rw-r--r--   3 root supergroup 1073741824 2019-02-24 03:12 /myfile12
-rw-r--r--   3 root supergroup 1073741824 2019-02-24 03:10 /myfile13
-rw-r--r--   3 root supergroup 1073741824 2019-02-24 03:09 /myfile14
-rw-r--r--   3 root supergroup 1073741824 2019-02-24 03:11 /myfile15
-rw-r--r--   3 root supergroup 1073741824 2019-02-24 03:10 /myfile16
-rw-r--r--   3 root supergroup 1073741824 2019-02-24 03:09 /myfile17
-rw-r--r--   3 root supergroup 1073741824 2019-02-24 03:11 /myfile19
-rw-r--r--   3 root supergroup 1073741824 2019-02-24 03:12 /myfile2
-rw-r--r--   3 root supergroup 1073741824 2019-02-24 03:11 /myfile20
-rw-r--r--   3 root supergroup 1073741824 2019-02-24 03:10 /myfile3
-rw-r--r--   3 root supergroup 1073741824 2019-02-24 03:11 /myfile4
-rw-r--r--   3 root supergroup 1073741824 2019-02-24 03:12 /myfile5
-rw-r--r--   3 root supergroup 1073741824 2019-02-24 03:12 /myfile6
-rw-r--r--   3 root supergroup 1073741824 2019-02-24 03:11 /myfile7
-rw-r--r--   3 root supergroup  939524096 2019-02-24 03:12 /myfile8._COPYING_
-rw-r--r--   3 root supergroup 1073741824 2019-02-24 03:09 /myfile9
file 2 has been put into HDFS
file 2 has been read from HDFS for 1 time
diff succeed!
file 2 has been read from HDFS for 2 time
diff succeed!
file 2 has been read from HDFS for 3 time
diff succeed!
file 2 has been read from HDFS for 4 time
diff succeed!
file 2 has been read from HDFS for 5 time
diff succeed!
sub_benchmark 6 signal TERM catched and let quit gracefully
file 2 has been read from HDFS for 6 time
diff succeed!
Deleted /myfile2
file 2 has been removed from HDFS
