Found 20 items
-rw-r--r--   3 root supergroup 1073741824 2019-02-20 11:00 /myfile1
-rw-r--r--   3 root supergroup 1073741824 2019-02-20 11:00 /myfile10
-rw-r--r--   3 root supergroup 1073741824 2019-02-20 11:00 /myfile11
-rw-r--r--   3 root supergroup 1073741824 2019-02-20 11:00 /myfile12
-rw-r--r--   3 root supergroup 1073741824 2019-02-20 11:00 /myfile13
-rw-r--r--   3 root supergroup 1073741824 2019-02-20 11:00 /myfile14
-rw-r--r--   3 root supergroup 1073741824 2019-02-20 11:00 /myfile15
-rw-r--r--   3 root supergroup 1073741824 2019-02-20 11:00 /myfile16
-rw-r--r--   3 root supergroup  939524096 2019-02-20 10:59 /myfile17._COPYING_
-rw-r--r--   3 root supergroup 1073741824 2019-02-20 11:00 /myfile18
-rw-r--r--   3 root supergroup 1073741824 2019-02-20 11:00 /myfile19
-rw-r--r--   3 root supergroup  939524096 2019-02-20 10:59 /myfile2._COPYING_
-rw-r--r--   3 root supergroup 1073741824 2019-02-20 11:00 /myfile20
-rw-r--r--   3 root supergroup 1073741824 2019-02-20 11:00 /myfile3
-rw-r--r--   3 root supergroup  939524096 2019-02-20 10:59 /myfile4._COPYING_
-rw-r--r--   3 root supergroup  939524096 2019-02-20 10:59 /myfile5._COPYING_
-rw-r--r--   3 root supergroup  805306368 2019-02-20 10:59 /myfile6._COPYING_
-rw-r--r--   3 root supergroup 1073741824 2019-02-20 11:00 /myfile7
-rw-r--r--   3 root supergroup 1073741824 2019-02-20 11:00 /myfile8
-rw-r--r--   3 root supergroup 1073741824 2019-02-20 11:00 /myfile9
file 15 has been put into HDFS
file 15 has been read from HDFS for 1 time
diff succeed!
file 15 has been read from HDFS for 2 time
diff succeed!
file 15 has been read from HDFS for 3 time
diff succeed!
file 15 has been read from HDFS for 4 time
diff succeed!
file 15 has been read from HDFS for 5 time
diff succeed!
file 15 has been read from HDFS for 6 time
diff succeed!
file 15 has been read from HDFS for 7 time
diff succeed!
file 15 has been read from HDFS for 8 time
diff succeed!
file 15 has been read from HDFS for 9 time
diff succeed!
file 15 has been read from HDFS for 10 time
diff succeed!
Deleted /myfile15
file 15 has been removed from HDFS
Found 20 items
-rw-r--r--   3 root supergroup 1073741824 2019-02-20 11:08 /myfile1
-rw-r--r--   3 root supergroup 1073741824 2019-02-20 11:03 /myfile10
-rw-r--r--   3 root supergroup 1073741824 2019-02-20 11:06 /myfile11
-rw-r--r--   3 root supergroup 1073741824 2019-02-20 11:03 /myfile12
-rw-r--r--   3 root supergroup 1073741824 2019-02-20 11:06 /myfile13
-rw-r--r--   3 root supergroup 1073741824 2019-02-20 11:07 /myfile14
-rw-r--r--   3 root supergroup 1073741824 2019-02-20 11:08 /myfile15
-rw-r--r--   3 root supergroup 1073741824 2019-02-20 11:06 /myfile16
-rw-r--r--   3 root supergroup 1073741824 2019-02-20 11:08 /myfile17
-rw-r--r--   3 root supergroup 1073741824 2019-02-20 11:06 /myfile18
-rw-r--r--   3 root supergroup 1073741824 2019-02-20 11:06 /myfile19
-rw-r--r--   3 root supergroup 1073741824 2019-02-20 11:07 /myfile2
-rw-r--r--   3 root supergroup 1073741824 2019-02-20 11:07 /myfile20
-rw-r--r--   3 root supergroup 1073741824 2019-02-20 11:07 /myfile3
-rw-r--r--   3 root supergroup 1073741824 2019-02-20 11:07 /myfile4
-rw-r--r--   3 root supergroup 1073741824 2019-02-20 11:06 /myfile5
-rw-r--r--   3 root supergroup 1073741824 2019-02-20 11:08 /myfile6
-rw-r--r--   3 root supergroup 1073741824 2019-02-20 11:08 /myfile7
-rw-r--r--   3 root supergroup 1073741824 2019-02-20 11:03 /myfile8
-rw-r--r--   3 root supergroup 1073741824 2019-02-20 11:03 /myfile9
file 15 has been put into HDFS
file 15 has been read from HDFS for 1 time
diff succeed!
file 15 has been read from HDFS for 2 time
diff succeed!
file 15 has been read from HDFS for 3 time
diff succeed!
file 15 has been read from HDFS for 4 time
diff succeed!
file 15 has been read from HDFS for 5 time
diff succeed!
file 15 has been read from HDFS for 6 time
diff succeed!
file 15 has been read from HDFS for 7 time
diff succeed!
file 15 has been read from HDFS for 8 time
diff succeed!
file 15 has been read from HDFS for 9 time
diff succeed!
file 15 has been read from HDFS for 10 time
diff succeed!
Deleted /myfile15
file 15 has been removed from HDFS
Found 20 items
-rw-r--r--   3 root supergroup 1073741824 2019-02-20 11:12 /myfile1
-rw-r--r--   3 root supergroup 1073741824 2019-02-20 11:09 /myfile10
-rw-r--r--   3 root supergroup 1073741824 2019-02-20 11:10 /myfile11
-rw-r--r--   3 root supergroup 1073741824 2019-02-20 11:09 /myfile12
-rw-r--r--   3 root supergroup 1073741824 2019-02-20 11:10 /myfile13
-rw-r--r--   3 root supergroup 1073741824 2019-02-20 11:07 /myfile14
-rw-r--r--   3 root supergroup 1073741824 2019-02-20 11:12 /myfile15
-rw-r--r--   3 root supergroup 1073741824 2019-02-20 11:10 /myfile16
-rw-r--r--   3 root supergroup 1073741824 2019-02-20 11:12 /myfile17
-rw-r--r--   3 root supergroup 1073741824 2019-02-20 11:10 /myfile18
-rw-r--r--   3 root supergroup 1073741824 2019-02-20 11:10 /myfile19
-rw-r--r--   3 root supergroup 1073741824 2019-02-20 11:07 /myfile2
-rw-r--r--   3 root supergroup 1073741824 2019-02-20 11:07 /myfile20
-rw-r--r--   3 root supergroup 1073741824 2019-02-20 11:12 /myfile3
-rw-r--r--   3 root supergroup 1073741824 2019-02-20 11:12 /myfile4
-rw-r--r--   3 root supergroup 1073741824 2019-02-20 11:10 /myfile5
-rw-r--r--   3 root supergroup 1073741824 2019-02-20 11:08 /myfile6
-rw-r--r--   3 root supergroup 1073741824 2019-02-20 11:08 /myfile7
-rw-r--r--   3 root supergroup 1073741824 2019-02-20 11:09 /myfile8
-rw-r--r--   3 root supergroup 1073741824 2019-02-20 11:09 /myfile9
file 15 has been put into HDFS
file 15 has been read from HDFS for 1 time
diff succeed!
file 15 has been read from HDFS for 2 time
diff succeed!
file 15 has been read from HDFS for 3 time
diff succeed!
file 15 has been read from HDFS for 4 time
diff succeed!
file 15 has been read from HDFS for 5 time
diff succeed!
file 15 has been read from HDFS for 6 time
diff succeed!
file 15 has been read from HDFS for 7 time
diff succeed!
file 15 has been read from HDFS for 8 time
diff succeed!
file 15 has been read from HDFS for 9 time
diff succeed!
file 15 has been read from HDFS for 10 time
diff succeed!
Deleted /myfile15
file 15 has been removed from HDFS
Found 20 items
-rw-r--r--   3 root supergroup 1073741824 2019-02-20 11:12 /myfile1
-rw-r--r--   3 root supergroup 1073741824 2019-02-20 11:13 /myfile10
-rw-r--r--   3 root supergroup 1073741824 2019-02-20 11:15 /myfile11
-rw-r--r--   3 root supergroup 1073741824 2019-02-20 11:13 /myfile12
-rw-r--r--   3 root supergroup 1073741824 2019-02-20 11:15 /myfile13
-rw-r--r--   3 root supergroup 1073741824 2019-02-20 11:13 /myfile14
-rw-r--r--   3 root supergroup 1073741824 2019-02-20 11:16 /myfile15
-rw-r--r--   3 root supergroup 1073741824 2019-02-20 11:15 /myfile16
-rw-r--r--   3 root supergroup  805306368 2019-02-20 11:15 /myfile17._COPYING_
-rw-r--r--   3 root supergroup 1073741824 2019-02-20 11:15 /myfile18
-rw-r--r--   3 root supergroup 1073741824 2019-02-20 11:15 /myfile19
-rw-r--r--   3 root supergroup 1073741824 2019-02-20 11:13 /myfile2
-rw-r--r--   3 root supergroup 1073741824 2019-02-20 11:13 /myfile20
-rw-r--r--   3 root supergroup 1073741824 2019-02-20 11:12 /myfile3
-rw-r--r--   3 root supergroup 1073741824 2019-02-20 11:12 /myfile4
-rw-r--r--   3 root supergroup 1073741824 2019-02-20 11:14 /myfile5
-rw-r--r--   3 root supergroup 1073741824 2019-02-20 11:13 /myfile6
-rw-r--r--   3 root supergroup 1073741824 2019-02-20 11:15 /myfile7
-rw-r--r--   3 root supergroup 1073741824 2019-02-20 11:13 /myfile8
-rw-r--r--   3 root supergroup 1073741824 2019-02-20 11:15 /myfile9
file 15 has been put into HDFS
file 15 has been read from HDFS for 1 time
diff succeed!
file 15 has been read from HDFS for 2 time
diff succeed!
file 15 has been read from HDFS for 3 time
diff succeed!
file 15 has been read from HDFS for 4 time
diff succeed!
file 15 has been read from HDFS for 5 time
diff succeed!
file 15 has been read from HDFS for 6 time
diff succeed!
file 15 has been read from HDFS for 7 time
diff succeed!
file 15 has been read from HDFS for 8 time
diff succeed!
file 15 has been read from HDFS for 9 time
diff succeed!
file 15 has been read from HDFS for 10 time
diff succeed!
Deleted /myfile15
file 15 has been removed from HDFS
Found 20 items
-rw-r--r--   3 root supergroup 1073741824 2019-02-20 11:17 /myfile1
-rw-r--r--   3 root supergroup 1073741824 2019-02-20 11:17 /myfile10
-rw-r--r--   3 root supergroup 1073741824 2019-02-20 11:19 /myfile11
-rw-r--r--   3 root supergroup 1073741824 2019-02-20 11:19 /myfile12
-rw-r--r--   3 root supergroup 1073741824 2019-02-20 11:19 /myfile13
-rw-r--r--   3 root supergroup 1073741824 2019-02-20 11:17 /myfile14
-rw-r--r--   3 root supergroup 1073741824 2019-02-20 11:20 /myfile15
-rw-r--r--   3 root supergroup 1073741824 2019-02-20 11:19 /myfile16
-rw-r--r--   3 root supergroup 1073741824 2019-02-20 11:16 /myfile17
-rw-r--r--   3 root supergroup 1073741824 2019-02-20 11:19 /myfile18
-rw-r--r--   3 root supergroup  805306368 2019-02-20 11:20 /myfile19._COPYING_
-rw-r--r--   3 root supergroup 1073741824 2019-02-20 11:17 /myfile2
-rw-r--r--   3 root supergroup 1073741824 2019-02-20 11:17 /myfile20
-rw-r--r--   3 root supergroup 1073741824 2019-02-20 11:17 /myfile3
-rw-r--r--   3 root supergroup 1073741824 2019-02-20 11:16 /myfile4
-rw-r--r--   3 root supergroup 1073741824 2019-02-20 11:18 /myfile5
-rw-r--r--   3 root supergroup 1073741824 2019-02-20 11:17 /myfile6
-rw-r--r--   3 root supergroup 1073741824 2019-02-20 11:19 /myfile7
-rw-r--r--   3 root supergroup 1073741824 2019-02-20 11:17 /myfile8
-rw-r--r--   3 root supergroup 1073741824 2019-02-20 11:19 /myfile9
file 15 has been put into HDFS
file 15 has been read from HDFS for 1 time
diff succeed!
file 15 has been read from HDFS for 2 time
diff succeed!
file 15 has been read from HDFS for 3 time
diff succeed!
file 15 has been read from HDFS for 4 time
diff succeed!
file 15 has been read from HDFS for 5 time
diff succeed!
file 15 has been read from HDFS for 6 time
diff succeed!
file 15 has been read from HDFS for 7 time
diff succeed!
file 15 has been read from HDFS for 8 time
diff succeed!
file 15 has been read from HDFS for 9 time
diff succeed!
file 15 has been read from HDFS for 10 time
diff succeed!
2019-02-20 11:23:47,989 INFO retry.RetryInvocationHandler: org.apache.hadoop.ipc.RemoteException(org.apache.hadoop.ipc.RetriableException): org.apache.hadoop.hdfs.server.namenode.SafeModeException: Cannot delete /myfile15. Name node is in safe mode.
The reported blocks 152 has reached the threshold 0.9990 of total blocks 152. The number of live datanodes 3 has reached the minimum number 0. In safe mode extension. Safe mode will be turned off automatically in 8 seconds. NamenodeHostName:node-1-link-0
	at org.apache.hadoop.hdfs.server.namenode.FSNamesystem.checkNameNodeSafeMode(FSNamesystem.java:1441)
	at org.apache.hadoop.hdfs.server.namenode.FSNamesystem.delete(FSNamesystem.java:2986)
	at org.apache.hadoop.hdfs.server.namenode.NameNodeRpcServer.delete(NameNodeRpcServer.java:1095)
	at org.apache.hadoop.hdfs.protocolPB.ClientNamenodeProtocolServerSideTranslatorPB.delete(ClientNamenodeProtocolServerSideTranslatorPB.java:692)
	at org.apache.hadoop.hdfs.protocol.proto.ClientNamenodeProtocolProtos$ClientNamenodeProtocol$2.callBlockingMethod(ClientNamenodeProtocolProtos.java)
	at org.apache.hadoop.ipc.ProtobufRpcEngine$Server$ProtoBufRpcInvoker.call(ProtobufRpcEngine.java:523)
	at org.apache.hadoop.ipc.RPC$Server.call(RPC.java:991)
	at org.apache.hadoop.ipc.Server$RpcCall.run(Server.java:872)
	at org.apache.hadoop.ipc.Server$RpcCall.run(Server.java:818)
	at java.security.AccessController.doPrivileged(Native Method)
	at javax.security.auth.Subject.doAs(Subject.java:422)
	at org.apache.hadoop.security.UserGroupInformation.doAs(UserGroupInformation.java:1729)
	at org.apache.hadoop.ipc.Server$Handler.run(Server.java:2678)
Caused by: org.apache.hadoop.hdfs.server.namenode.SafeModeException: Cannot delete /myfile15. Name node is in safe mode.
The reported blocks 152 has reached the threshold 0.9990 of total blocks 152. The number of live datanodes 3 has reached the minimum number 0. In safe mode extension. Safe mode will be turned off automatically in 8 seconds. NamenodeHostName:node-1-link-0
	at org.apache.hadoop.hdfs.server.namenode.FSNamesystem.newSafemodeException(FSNamesystem.java:1450)
	at org.apache.hadoop.hdfs.server.namenode.FSNamesystem.checkNameNodeSafeMode(FSNamesystem.java:1437)
	... 12 more
, while invoking ClientNamenodeProtocolTranslatorPB.delete over node-1-link-0/10.10.1.4:8020. Retrying immediately.
2019-02-20 11:23:47,997 INFO retry.RetryInvocationHandler: org.apache.hadoop.ipc.RemoteException(org.apache.hadoop.ipc.RetriableException): org.apache.hadoop.hdfs.server.namenode.SafeModeException: Cannot delete /myfile15. Name node is in safe mode.
The reported blocks 152 has reached the threshold 0.9990 of total blocks 152. The number of live datanodes 3 has reached the minimum number 0. In safe mode extension. Safe mode will be turned off automatically in 8 seconds. NamenodeHostName:node-1-link-0
	at org.apache.hadoop.hdfs.server.namenode.FSNamesystem.checkNameNodeSafeMode(FSNamesystem.java:1441)
	at org.apache.hadoop.hdfs.server.namenode.FSNamesystem.delete(FSNamesystem.java:2986)
	at org.apache.hadoop.hdfs.server.namenode.NameNodeRpcServer.delete(NameNodeRpcServer.java:1095)
	at org.apache.hadoop.hdfs.protocolPB.ClientNamenodeProtocolServerSideTranslatorPB.delete(ClientNamenodeProtocolServerSideTranslatorPB.java:692)
	at org.apache.hadoop.hdfs.protocol.proto.ClientNamenodeProtocolProtos$ClientNamenodeProtocol$2.callBlockingMethod(ClientNamenodeProtocolProtos.java)
	at org.apache.hadoop.ipc.ProtobufRpcEngine$Server$ProtoBufRpcInvoker.call(ProtobufRpcEngine.java:523)
	at org.apache.hadoop.ipc.RPC$Server.call(RPC.java:991)
	at org.apache.hadoop.ipc.Server$RpcCall.run(Server.java:872)
	at org.apache.hadoop.ipc.Server$RpcCall.run(Server.java:818)
	at java.security.AccessController.doPrivileged(Native Method)
	at javax.security.auth.Subject.doAs(Subject.java:422)
	at org.apache.hadoop.security.UserGroupInformation.doAs(UserGroupInformation.java:1729)
	at org.apache.hadoop.ipc.Server$Handler.run(Server.java:2678)
Caused by: org.apache.hadoop.hdfs.server.namenode.SafeModeException: Cannot delete /myfile15. Name node is in safe mode.
The reported blocks 152 has reached the threshold 0.9990 of total blocks 152. The number of live datanodes 3 has reached the minimum number 0. In safe mode extension. Safe mode will be turned off automatically in 8 seconds. NamenodeHostName:node-1-link-0
	at org.apache.hadoop.hdfs.server.namenode.FSNamesystem.newSafemodeException(FSNamesystem.java:1450)
	at org.apache.hadoop.hdfs.server.namenode.FSNamesystem.checkNameNodeSafeMode(FSNamesystem.java:1437)
	... 12 more
, while invoking ClientNamenodeProtocolTranslatorPB.delete over node-1-link-0/10.10.1.4:8020. Retrying after sleeping for 532ms.
2019-02-20 11:23:48,534 INFO retry.RetryInvocationHandler: org.apache.hadoop.ipc.RemoteException(org.apache.hadoop.ipc.RetriableException): org.apache.hadoop.hdfs.server.namenode.SafeModeException: Cannot delete /myfile15. Name node is in safe mode.
The reported blocks 152 has reached the threshold 0.9990 of total blocks 152. The number of live datanodes 3 has reached the minimum number 0. In safe mode extension. Safe mode will be turned off automatically in 8 seconds. NamenodeHostName:node-1-link-0
	at org.apache.hadoop.hdfs.server.namenode.FSNamesystem.checkNameNodeSafeMode(FSNamesystem.java:1441)
	at org.apache.hadoop.hdfs.server.namenode.FSNamesystem.delete(FSNamesystem.java:2986)
	at org.apache.hadoop.hdfs.server.namenode.NameNodeRpcServer.delete(NameNodeRpcServer.java:1095)
	at org.apache.hadoop.hdfs.protocolPB.ClientNamenodeProtocolServerSideTranslatorPB.delete(ClientNamenodeProtocolServerSideTranslatorPB.java:692)
	at org.apache.hadoop.hdfs.protocol.proto.ClientNamenodeProtocolProtos$ClientNamenodeProtocol$2.callBlockingMethod(ClientNamenodeProtocolProtos.java)
	at org.apache.hadoop.ipc.ProtobufRpcEngine$Server$ProtoBufRpcInvoker.call(ProtobufRpcEngine.java:523)
	at org.apache.hadoop.ipc.RPC$Server.call(RPC.java:991)
	at org.apache.hadoop.ipc.Server$RpcCall.run(Server.java:872)
	at org.apache.hadoop.ipc.Server$RpcCall.run(Server.java:818)
	at java.security.AccessController.doPrivileged(Native Method)
	at javax.security.auth.Subject.doAs(Subject.java:422)
	at org.apache.hadoop.security.UserGroupInformation.doAs(UserGroupInformation.java:1729)
	at org.apache.hadoop.ipc.Server$Handler.run(Server.java:2678)
Caused by: org.apache.hadoop.hdfs.server.namenode.SafeModeException: Cannot delete /myfile15. Name node is in safe mode.
The reported blocks 152 has reached the threshold 0.9990 of total blocks 152. The number of live datanodes 3 has reached the minimum number 0. In safe mode extension. Safe mode will be turned off automatically in 8 seconds. NamenodeHostName:node-1-link-0
	at org.apache.hadoop.hdfs.server.namenode.FSNamesystem.newSafemodeException(FSNamesystem.java:1450)
	at org.apache.hadoop.hdfs.server.namenode.FSNamesystem.checkNameNodeSafeMode(FSNamesystem.java:1437)
	... 12 more
, while invoking ClientNamenodeProtocolTranslatorPB.delete over node-1-link-0/10.10.1.4:8020. Retrying after sleeping for 1715ms.
2019-02-20 11:23:50,257 INFO retry.RetryInvocationHandler: org.apache.hadoop.ipc.RemoteException(org.apache.hadoop.ipc.RetriableException): org.apache.hadoop.hdfs.server.namenode.SafeModeException: Cannot delete /myfile15. Name node is in safe mode.
The reported blocks 152 has reached the threshold 0.9990 of total blocks 152. The number of live datanodes 3 has reached the minimum number 0. In safe mode extension. Safe mode will be turned off automatically in 6 seconds. NamenodeHostName:node-1-link-0
	at org.apache.hadoop.hdfs.server.namenode.FSNamesystem.checkNameNodeSafeMode(FSNamesystem.java:1441)
	at org.apache.hadoop.hdfs.server.namenode.FSNamesystem.delete(FSNamesystem.java:2986)
	at org.apache.hadoop.hdfs.server.namenode.NameNodeRpcServer.delete(NameNodeRpcServer.java:1095)
	at org.apache.hadoop.hdfs.protocolPB.ClientNamenodeProtocolServerSideTranslatorPB.delete(ClientNamenodeProtocolServerSideTranslatorPB.java:692)
	at org.apache.hadoop.hdfs.protocol.proto.ClientNamenodeProtocolProtos$ClientNamenodeProtocol$2.callBlockingMethod(ClientNamenodeProtocolProtos.java)
	at org.apache.hadoop.ipc.ProtobufRpcEngine$Server$ProtoBufRpcInvoker.call(ProtobufRpcEngine.java:523)
	at org.apache.hadoop.ipc.RPC$Server.call(RPC.java:991)
	at org.apache.hadoop.ipc.Server$RpcCall.run(Server.java:872)
	at org.apache.hadoop.ipc.Server$RpcCall.run(Server.java:818)
	at java.security.AccessController.doPrivileged(Native Method)
	at javax.security.auth.Subject.doAs(Subject.java:422)
	at org.apache.hadoop.security.UserGroupInformation.doAs(UserGroupInformation.java:1729)
	at org.apache.hadoop.ipc.Server$Handler.run(Server.java:2678)
Caused by: org.apache.hadoop.hdfs.server.namenode.SafeModeException: Cannot delete /myfile15. Name node is in safe mode.
The reported blocks 152 has reached the threshold 0.9990 of total blocks 152. The number of live datanodes 3 has reached the minimum number 0. In safe mode extension. Safe mode will be turned off automatically in 6 seconds. NamenodeHostName:node-1-link-0
	at org.apache.hadoop.hdfs.server.namenode.FSNamesystem.newSafemodeException(FSNamesystem.java:1450)
	at org.apache.hadoop.hdfs.server.namenode.FSNamesystem.checkNameNodeSafeMode(FSNamesystem.java:1437)
	... 12 more
, while invoking ClientNamenodeProtocolTranslatorPB.delete over node-1-link-0/10.10.1.4:8020. Retrying after sleeping for 4363ms.
2019-02-20 11:23:54,623 INFO retry.RetryInvocationHandler: org.apache.hadoop.ipc.RemoteException(org.apache.hadoop.ipc.RetriableException): org.apache.hadoop.hdfs.server.namenode.SafeModeException: Cannot delete /myfile15. Name node is in safe mode.
The reported blocks 152 has reached the threshold 0.9990 of total blocks 152. The number of live datanodes 3 has reached the minimum number 0. In safe mode extension. Safe mode will be turned off automatically in 2 seconds. NamenodeHostName:node-1-link-0
	at org.apache.hadoop.hdfs.server.namenode.FSNamesystem.checkNameNodeSafeMode(FSNamesystem.java:1441)
	at org.apache.hadoop.hdfs.server.namenode.FSNamesystem.delete(FSNamesystem.java:2986)
	at org.apache.hadoop.hdfs.server.namenode.NameNodeRpcServer.delete(NameNodeRpcServer.java:1095)
	at org.apache.hadoop.hdfs.protocolPB.ClientNamenodeProtocolServerSideTranslatorPB.delete(ClientNamenodeProtocolServerSideTranslatorPB.java:692)
	at org.apache.hadoop.hdfs.protocol.proto.ClientNamenodeProtocolProtos$ClientNamenodeProtocol$2.callBlockingMethod(ClientNamenodeProtocolProtos.java)
	at org.apache.hadoop.ipc.ProtobufRpcEngine$Server$ProtoBufRpcInvoker.call(ProtobufRpcEngine.java:523)
	at org.apache.hadoop.ipc.RPC$Server.call(RPC.java:991)
	at org.apache.hadoop.ipc.Server$RpcCall.run(Server.java:872)
	at org.apache.hadoop.ipc.Server$RpcCall.run(Server.java:818)
	at java.security.AccessController.doPrivileged(Native Method)
	at javax.security.auth.Subject.doAs(Subject.java:422)
	at org.apache.hadoop.security.UserGroupInformation.doAs(UserGroupInformation.java:1729)
	at org.apache.hadoop.ipc.Server$Handler.run(Server.java:2678)
Caused by: org.apache.hadoop.hdfs.server.namenode.SafeModeException: Cannot delete /myfile15. Name node is in safe mode.
The reported blocks 152 has reached the threshold 0.9990 of total blocks 152. The number of live datanodes 3 has reached the minimum number 0. In safe mode extension. Safe mode will be turned off automatically in 2 seconds. NamenodeHostName:node-1-link-0
	at org.apache.hadoop.hdfs.server.namenode.FSNamesystem.newSafemodeException(FSNamesystem.java:1450)
	at org.apache.hadoop.hdfs.server.namenode.FSNamesystem.checkNameNodeSafeMode(FSNamesystem.java:1437)
	... 12 more
, while invoking ClientNamenodeProtocolTranslatorPB.delete over node-1-link-0/10.10.1.4:8020. Retrying after sleeping for 5766ms.
Deleted /myfile15
file 15 has been removed from HDFS
Found 20 items
-rw-r--r--   3 root supergroup 1073741824 2019-02-20 11:21 /myfile1
-rw-r--r--   3 root supergroup 1073741824 2019-02-20 11:21 /myfile10
-rw-r--r--   3 root supergroup 1073741824 2019-02-20 11:23 /myfile11
-rw-r--r--   3 root supergroup 1073741824 2019-02-20 11:23 /myfile12
-rw-r--r--   3 root supergroup 1073741824 2019-02-20 11:24 /myfile13
-rw-r--r--   3 root supergroup 1073741824 2019-02-20 11:21 /myfile14
-rw-r--r--   3 root supergroup 1073741824 2019-02-20 11:24 /myfile15
-rw-r--r--   3 root supergroup 1073741824 2019-02-20 11:24 /myfile16
-rw-r--r--   3 root supergroup 1073741824 2019-02-20 11:22 /myfile17
-rw-r--r--   3 root supergroup 1073741824 2019-02-20 11:23 /myfile18
-rw-r--r--   3 root supergroup  402653184 2019-02-20 11:24 /myfile19._COPYING_
-rw-r--r--   3 root supergroup 1073741824 2019-02-20 11:21 /myfile2
-rw-r--r--   3 root supergroup 1073741824 2019-02-20 11:21 /myfile20
-rw-r--r--   3 root supergroup 1073741824 2019-02-20 11:21 /myfile3
-rw-r--r--   3 root supergroup 1073741824 2019-02-20 11:20 /myfile4
-rw-r--r--   3 root supergroup 1073741824 2019-02-20 11:22 /myfile5
-rw-r--r--   3 root supergroup 1073741824 2019-02-20 11:21 /myfile6
-rw-r--r--   3 root supergroup 1073741824 2019-02-20 11:23 /myfile7
-rw-r--r--   3 root supergroup 1073741824 2019-02-20 11:22 /myfile8
-rw-r--r--   3 root supergroup  536870912 2019-02-20 11:24 /myfile9._COPYING_
file 15 has been put into HDFS
file 15 has been read from HDFS for 1 time
diff succeed!
file 15 has been read from HDFS for 2 time
diff succeed!
file 15 has been read from HDFS for 3 time
diff succeed!
file 15 has been read from HDFS for 4 time
diff succeed!
file 15 has been read from HDFS for 5 time
diff succeed!
file 15 has been read from HDFS for 6 time
diff succeed!
file 15 has been read from HDFS for 7 time
diff succeed!
file 15 has been read from HDFS for 8 time
diff succeed!
file 15 has been read from HDFS for 9 time
diff succeed!
file 15 has been read from HDFS for 10 time
diff succeed!
Deleted /myfile15
file 15 has been removed from HDFS
Found 19 items
-rw-r--r--   3 root supergroup 1073741824 2019-02-20 11:25 /myfile1
-rw-r--r--   3 root supergroup 1073741824 2019-02-20 11:25 /myfile10
-rw-r--r--   3 root supergroup 1073741824 2019-02-20 11:27 /myfile11
-rw-r--r--   3 root supergroup 1073741824 2019-02-20 11:27 /myfile12
-rw-r--r--   3 root supergroup 1073741824 2019-02-20 11:28 /myfile13
-rw-r--r--   3 root supergroup 1073741824 2019-02-20 11:26 /myfile14
-rw-r--r--   3 root supergroup 1073741824 2019-02-20 11:28 /myfile15
-rw-r--r--   3 root supergroup 1073741824 2019-02-20 11:28 /myfile16
-rw-r--r--   3 root supergroup 1073741824 2019-02-20 11:26 /myfile17
-rw-r--r--   3 root supergroup 1073741824 2019-02-20 11:27 /myfile18
-rw-r--r--   3 root supergroup  671088640 2019-02-20 11:28 /myfile19._COPYING_
-rw-r--r--   3 root supergroup 1073741824 2019-02-20 11:25 /myfile2
-rw-r--r--   3 root supergroup 1073741824 2019-02-20 11:25 /myfile20
-rw-r--r--   3 root supergroup 1073741824 2019-02-20 11:26 /myfile3
-rw-r--r--   3 root supergroup 1073741824 2019-02-20 11:24 /myfile4
-rw-r--r--   3 root supergroup 1073741824 2019-02-20 11:27 /myfile5
-rw-r--r--   3 root supergroup 1073741824 2019-02-20 11:25 /myfile6
-rw-r--r--   3 root supergroup 1073741824 2019-02-20 11:27 /myfile7
-rw-r--r--   3 root supergroup 1073741824 2019-02-20 11:26 /myfile8
file 15 has been put into HDFS
file 15 has been read from HDFS for 1 time
diff succeed!
file 15 has been read from HDFS for 2 time
diff succeed!
file 15 has been read from HDFS for 3 time
diff succeed!
file 15 has been read from HDFS for 4 time
diff succeed!
file 15 has been read from HDFS for 5 time
diff succeed!
file 15 has been read from HDFS for 6 time
diff succeed!
file 15 has been read from HDFS for 7 time
diff succeed!
file 15 has been read from HDFS for 8 time
diff succeed!
file 15 has been read from HDFS for 9 time
diff succeed!
file 15 has been read from HDFS for 10 time
diff succeed!
Deleted /myfile15
file 15 has been removed from HDFS
Found 19 items
-rw-r--r--   3 root supergroup 1073741824 2019-02-20 11:29 /myfile1
-rw-r--r--   3 root supergroup 1073741824 2019-02-20 11:29 /myfile10
-rw-r--r--   3 root supergroup 1073741824 2019-02-20 11:32 /myfile11
-rw-r--r--   3 root supergroup 1073741824 2019-02-20 11:32 /myfile12
-rw-r--r--   3 root supergroup 1073741824 2019-02-20 11:32 /myfile13
-rw-r--r--   3 root supergroup 1073741824 2019-02-20 11:31 /myfile14
-rw-r--r--   3 root supergroup 1073741824 2019-02-20 11:32 /myfile15
-rw-r--r--   3 root supergroup 1073741824 2019-02-20 11:32 /myfile16
-rw-r--r--   3 root supergroup 1073741824 2019-02-20 11:31 /myfile17
-rw-r--r--   3 root supergroup 1073741824 2019-02-20 11:32 /myfile18
-rw-r--r--   3 root supergroup 1073741824 2019-02-20 11:28 /myfile19
-rw-r--r--   3 root supergroup 1073741824 2019-02-20 11:29 /myfile2
-rw-r--r--   3 root supergroup 1073741824 2019-02-20 11:29 /myfile20
-rw-r--r--   3 root supergroup 1073741824 2019-02-20 11:29 /myfile3
-rw-r--r--   3 root supergroup 1073741824 2019-02-20 11:32 /myfile5
-rw-r--r--   3 root supergroup 1073741824 2019-02-20 11:29 /myfile6
-rw-r--r--   3 root supergroup 1073741824 2019-02-20 11:31 /myfile7
-rw-r--r--   3 root supergroup 1073741824 2019-02-20 11:31 /myfile8
-rw-r--r--   3 root supergroup 1073741824 2019-02-20 11:28 /myfile9
file 15 has been put into HDFS
file 15 has been read from HDFS for 1 time
diff succeed!
file 15 has been read from HDFS for 2 time
diff succeed!
file 15 has been read from HDFS for 3 time
diff succeed!
file 15 has been read from HDFS for 4 time
diff succeed!
file 15 has been read from HDFS for 5 time
diff succeed!
file 15 has been read from HDFS for 6 time
diff succeed!
file 15 has been read from HDFS for 7 time
diff succeed!
file 15 has been read from HDFS for 8 time
diff succeed!
file 15 has been read from HDFS for 9 time
diff succeed!
file 15 has been read from HDFS for 10 time
diff succeed!
Deleted /myfile15
file 15 has been removed from HDFS
Found 19 items
-rw-r--r--   3 root supergroup 1073741824 2019-02-20 11:38 /myfile1
-rw-r--r--   3 root supergroup 1073741824 2019-02-20 11:38 /myfile10
-rw-r--r--   3 root supergroup 1073741824 2019-02-20 11:36 /myfile11
-rw-r--r--   3 root supergroup 1073741824 2019-02-20 11:36 /myfile12
-rw-r--r--   3 root supergroup 1073741824 2019-02-20 11:38 /myfile13
-rw-r--r--   3 root supergroup  805306368 2019-02-20 11:39 /myfile14._COPYING_
-rw-r--r--   3 root supergroup 1073741824 2019-02-20 11:39 /myfile15
-rw-r--r--   3 root supergroup 1073741824 2019-02-20 11:36 /myfile16
-rw-r--r--   3 root supergroup  805306368 2019-02-20 11:39 /myfile17._COPYING_
-rw-r--r--   3 root supergroup 1073741824 2019-02-20 11:38 /myfile18
-rw-r--r--   3 root supergroup 1073741824 2019-02-20 11:38 /myfile19
-rw-r--r--   3 root supergroup 1073741824 2019-02-20 11:34 /myfile2
-rw-r--r--   3 root supergroup 1073741824 2019-02-20 11:34 /myfile20
-rw-r--r--   3 root supergroup 1073741824 2019-02-20 11:34 /myfile3
-rw-r--r--   3 root supergroup 1073741824 2019-02-20 11:39 /myfile4
-rw-r--r--   3 root supergroup 1073741824 2019-02-20 11:36 /myfile5
-rw-r--r--   3 root supergroup 1073741824 2019-02-20 11:34 /myfile6
-rw-r--r--   3 root supergroup 1073741824 2019-02-20 11:36 /myfile7
-rw-r--r--   3 root supergroup  805306368 2019-02-20 11:39 /myfile8._COPYING_
file 15 has been put into HDFS
file 15 has been read from HDFS for 1 time
diff succeed!
file 15 has been read from HDFS for 2 time
diff succeed!
file 15 has been read from HDFS for 3 time
diff succeed!
file 15 has been read from HDFS for 4 time
diff succeed!
file 15 has been read from HDFS for 5 time
diff succeed!
file 15 has been read from HDFS for 6 time
diff succeed!
file 15 has been read from HDFS for 7 time
diff succeed!
file 15 has been read from HDFS for 8 time
diff succeed!
file 15 has been read from HDFS for 9 time
diff succeed!
file 15 has been read from HDFS for 10 time
diff succeed!
Deleted /myfile15
file 15 has been removed from HDFS
sub_benchmark 10 signal TERM catched and let quit gracefully
Found 14 items
-rw-r--r--   3 root supergroup 1073741824 2019-02-20 11:45 /myfile11
-rw-r--r--   3 root supergroup 1073741824 2019-02-20 11:44 /myfile12
-rw-r--r--   3 root supergroup 1073741824 2019-02-20 11:43 /myfile13
-rw-r--r--   3 root supergroup 1073741824 2019-02-20 11:45 /myfile15
-rw-r--r--   3 root supergroup 1073741824 2019-02-20 11:45 /myfile16
-rw-r--r--   3 root supergroup 1073741824 2019-02-20 11:43 /myfile17
-rw-r--r--   3 root supergroup 1073741824 2019-02-20 11:41 /myfile18
-rw-r--r--   3 root supergroup 1073741824 2019-02-20 11:45 /myfile2
-rw-r--r--   3 root supergroup 1073741824 2019-02-20 11:41 /myfile20
-rw-r--r--   3 root supergroup 1073741824 2019-02-20 11:41 /myfile3
-rw-r--r--   3 root supergroup 1073741824 2019-02-20 11:41 /myfile5
-rw-r--r--   3 root supergroup 1073741824 2019-02-20 11:41 /myfile7
-rw-r--r--   3 root supergroup 1073741824 2019-02-20 11:45 /myfile8
-rw-r--r--   3 root supergroup 1073741824 2019-02-20 11:45 /myfile9
file 15 has been put into HDFS
file 15 has been read from HDFS for 1 time
diff succeed!
Deleted /myfile15
file 15 has been removed from HDFS
