2019-02-27 07:15:26,012 INFO retry.RetryInvocationHandler: java.net.ConnectException: Call From clnode049.clemson.cloudlab.us/130.127.133.58 to node-1-link-0:8020 failed on connection exception: java.net.ConnectException: Connection refused; For more details see:  http://wiki.apache.org/hadoop/ConnectionRefused, while invoking ClientNamenodeProtocolTranslatorPB.getFileInfo over node-1-link-0/10.10.1.4:8020 after 1 failover attempts. Trying to failover after sleeping for 506ms.
2019-02-27 07:15:26,521 INFO retry.RetryInvocationHandler: org.apache.hadoop.ipc.RemoteException(org.apache.hadoop.ipc.StandbyException): Operation category READ is not supported in state standby. Visit https://s.apache.org/sbnn-error
	at org.apache.hadoop.hdfs.server.namenode.ha.StandbyState.checkOperation(StandbyState.java:88)
	at org.apache.hadoop.hdfs.server.namenode.NameNode$NameNodeHAContext.checkOperation(NameNode.java:1952)
	at org.apache.hadoop.hdfs.server.namenode.FSNamesystem.checkOperation(FSNamesystem.java:1423)
	at org.apache.hadoop.hdfs.server.namenode.FSNamesystem.getFileInfo(FSNamesystem.java:3085)
	at org.apache.hadoop.hdfs.server.namenode.NameNodeRpcServer.getFileInfo(NameNodeRpcServer.java:1154)
	at org.apache.hadoop.hdfs.protocolPB.ClientNamenodeProtocolServerSideTranslatorPB.getFileInfo(ClientNamenodeProtocolServerSideTranslatorPB.java:966)
	at org.apache.hadoop.hdfs.protocol.proto.ClientNamenodeProtocolProtos$ClientNamenodeProtocol$2.callBlockingMethod(ClientNamenodeProtocolProtos.java)
	at org.apache.hadoop.ipc.ProtobufRpcEngine$Server$ProtoBufRpcInvoker.call(ProtobufRpcEngine.java:523)
	at org.apache.hadoop.ipc.RPC$Server.call(RPC.java:991)
	at org.apache.hadoop.ipc.Server$RpcCall.run(Server.java:872)
	at org.apache.hadoop.ipc.Server$RpcCall.run(Server.java:818)
	at java.security.AccessController.doPrivileged(Native Method)
	at javax.security.auth.Subject.doAs(Subject.java:422)
	at org.apache.hadoop.security.UserGroupInformation.doAs(UserGroupInformation.java:1729)
	at org.apache.hadoop.ipc.Server$Handler.run(Server.java:2678)
, while invoking ClientNamenodeProtocolTranslatorPB.getFileInfo over node-0-link-0/10.10.1.1:8020 after 2 failover attempts. Trying to failover after sleeping for 2217ms.
2019-02-27 07:15:28,741 INFO retry.RetryInvocationHandler: java.net.ConnectException: Call From clnode049.clemson.cloudlab.us/130.127.133.58 to node-1-link-0:8020 failed on connection exception: java.net.ConnectException: Connection refused; For more details see:  http://wiki.apache.org/hadoop/ConnectionRefused, while invoking ClientNamenodeProtocolTranslatorPB.getFileInfo over node-1-link-0/10.10.1.4:8020 after 3 failover attempts. Trying to failover after sleeping for 2666ms.
Found 20 items
-rw-r--r--   3 root supergroup 1073741824 2019-02-27 07:15 /myfile1
-rw-r--r--   3 root supergroup 1073741824 2019-02-27 07:15 /myfile10
-rw-r--r--   3 root supergroup 1073741824 2019-02-27 07:15 /myfile11
-rw-r--r--   3 root supergroup 1073741824 2019-02-27 07:14 /myfile12
-rw-r--r--   3 root supergroup 1073741824 2019-02-27 07:15 /myfile13
-rw-r--r--   3 root supergroup 1073741824 2019-02-27 07:15 /myfile14
-rw-r--r--   3 root supergroup 1073741824 2019-02-27 07:14 /myfile15
-rw-r--r--   3 root supergroup 1073741824 2019-02-27 07:15 /myfile16
-rw-r--r--   3 root supergroup 1073741824 2019-02-27 07:15 /myfile17
-rw-r--r--   3 root supergroup 1073741824 2019-02-27 07:15 /myfile18
-rw-r--r--   3 root supergroup 1073741824 2019-02-27 07:15 /myfile19
-rw-r--r--   3 root supergroup 1073741824 2019-02-27 07:15 /myfile2
-rw-r--r--   3 root supergroup 1073741824 2019-02-27 07:14 /myfile20
-rw-r--r--   3 root supergroup 1073741824 2019-02-27 07:14 /myfile3
-rw-r--r--   3 root supergroup 1073741824 2019-02-27 07:14 /myfile4
-rw-r--r--   3 root supergroup 1073741824 2019-02-27 07:15 /myfile5
-rw-r--r--   3 root supergroup 1073741824 2019-02-27 07:15 /myfile6
-rw-r--r--   3 root supergroup 1073741824 2019-02-27 07:15 /myfile7
-rw-r--r--   3 root supergroup 1073741824 2019-02-27 07:15 /myfile8
-rw-r--r--   3 root supergroup 1073741824 2019-02-27 07:15 /myfile9
file 6 has been put into HDFS
file 6 has been read from HDFS for 1 time
diff succeed!
file 6 has been read from HDFS for 2 time
diff succeed!
file 6 has been read from HDFS for 3 time
diff succeed!
file 6 has been read from HDFS for 4 time
diff succeed!
file 6 has been read from HDFS for 5 time
diff succeed!
file 6 has been read from HDFS for 6 time
diff succeed!
file 6 has been read from HDFS for 7 time
diff succeed!
file 6 has been read from HDFS for 8 time
diff succeed!
file 6 has been read from HDFS for 9 time
diff succeed!
file 6 has been read from HDFS for 10 time
diff succeed!
Deleted /myfile6
file 6 has been removed from HDFS
Found 18 items
-rw-r--r--   3 root supergroup 1073741824 2019-02-27 07:19 /myfile1
-rw-r--r--   3 root supergroup  939524096 2019-02-27 07:19 /myfile10._COPYING_
-rw-r--r--   3 root supergroup 1073741824 2019-02-27 07:19 /myfile11
-rw-r--r--   3 root supergroup  671088640 2019-02-27 07:19 /myfile12._COPYING_
-rw-r--r--   3 root supergroup 1073741824 2019-02-27 07:19 /myfile13
-rw-r--r--   3 root supergroup 1073741824 2019-02-27 07:19 /myfile14
-rw-r--r--   3 root supergroup 1073741824 2019-02-27 07:19 /myfile16
-rw-r--r--   3 root supergroup 1073741824 2019-02-27 07:19 /myfile17
-rw-r--r--   3 root supergroup 1073741824 2019-02-27 07:19 /myfile18
-rw-r--r--   3 root supergroup 1073741824 2019-02-27 07:19 /myfile19
-rw-r--r--   3 root supergroup 1073741824 2019-02-27 07:19 /myfile2
-rw-r--r--   3 root supergroup 1073741824 2019-02-27 07:19 /myfile3
-rw-r--r--   3 root supergroup  805306368 2019-02-27 07:19 /myfile4._COPYING_
-rw-r--r--   3 root supergroup 1073741824 2019-02-27 07:19 /myfile5
-rw-r--r--   3 root supergroup 1073741824 2019-02-27 07:19 /myfile6
-rw-r--r--   3 root supergroup 1073741824 2019-02-27 07:19 /myfile7
-rw-r--r--   3 root supergroup 1073741824 2019-02-27 07:19 /myfile8
-rw-r--r--   3 root supergroup 1073741824 2019-02-27 07:19 /myfile9
file 6 has been put into HDFS
file 6 has been read from HDFS for 1 time
diff succeed!
file 6 has been read from HDFS for 2 time
diff succeed!
file 6 has been read from HDFS for 3 time
diff succeed!
file 6 has been read from HDFS for 4 time
diff succeed!
file 6 has been read from HDFS for 5 time
diff succeed!
file 6 has been read from HDFS for 6 time
diff succeed!
file 6 has been read from HDFS for 7 time
diff succeed!
file 6 has been read from HDFS for 8 time
diff succeed!
file 6 has been read from HDFS for 9 time
diff succeed!
file 6 has been read from HDFS for 10 time
diff succeed!
Deleted /myfile6
file 6 has been removed from HDFS
Found 20 items
-rw-r--r--   3 root supergroup  268435456 2019-02-27 07:24 /myfile1._COPYING_
-rw-r--r--   3 root supergroup 1073741824 2019-02-27 07:24 /myfile10
-rw-r--r--   3 root supergroup 1073741824 2019-02-27 07:24 /myfile11
-rw-r--r--   3 root supergroup  805306368 2019-02-27 07:24 /myfile12._COPYING_
-rw-r--r--   3 root supergroup 1073741824 2019-02-27 07:24 /myfile13
-rw-r--r--   3 root supergroup 1073741824 2019-02-27 07:24 /myfile14
-rw-r--r--   3 root supergroup 1073741824 2019-02-27 07:20 /myfile15
-rw-r--r--   3 root supergroup 1073741824 2019-02-27 07:24 /myfile16
-rw-r--r--   3 root supergroup  805306368 2019-02-27 07:23 /myfile17._COPYING_
-rw-r--r--   3 root supergroup 1073741824 2019-02-27 07:24 /myfile18
-rw-r--r--   3 root supergroup 1073741824 2019-02-27 07:24 /myfile19
-rw-r--r--   3 root supergroup 1073741824 2019-02-27 07:24 /myfile2
-rw-r--r--   3 root supergroup 1073741824 2019-02-27 07:20 /myfile20
-rw-r--r--   3 root supergroup 1073741824 2019-02-27 07:24 /myfile3
-rw-r--r--   3 root supergroup  805306368 2019-02-27 07:23 /myfile4._COPYING_
-rw-r--r--   3 root supergroup 1073741824 2019-02-27 07:24 /myfile5
-rw-r--r--   3 root supergroup 1073741824 2019-02-27 07:24 /myfile6
-rw-r--r--   3 root supergroup 1073741824 2019-02-27 07:24 /myfile7
-rw-r--r--   3 root supergroup 1073741824 2019-02-27 07:24 /myfile8
-rw-r--r--   3 root supergroup  402653184 2019-02-27 07:24 /myfile9._COPYING_
file 6 has been put into HDFS
file 6 has been read from HDFS for 1 time
diff succeed!
file 6 has been read from HDFS for 2 time
diff succeed!
file 6 has been read from HDFS for 3 time
diff succeed!
file 6 has been read from HDFS for 4 time
diff succeed!
file 6 has been read from HDFS for 5 time
diff succeed!
file 6 has been read from HDFS for 6 time
diff succeed!
file 6 has been read from HDFS for 7 time
diff succeed!
file 6 has been read from HDFS for 8 time
diff succeed!
file 6 has been read from HDFS for 9 time
diff succeed!
file 6 has been read from HDFS for 10 time
diff succeed!
Deleted /myfile6
file 6 has been removed from HDFS
Found 20 items
-rw-r--r--   3 root supergroup 1073741824 2019-02-27 07:29 /myfile1
-rw-r--r--   3 root supergroup 1073741824 2019-02-27 07:29 /myfile10
-rw-r--r--   3 root supergroup 1073741824 2019-02-27 07:28 /myfile11
-rw-r--r--   3 root supergroup 1073741824 2019-02-27 07:28 /myfile12
-rw-r--r--   3 root supergroup 1073741824 2019-02-27 07:28 /myfile13
-rw-r--r--   3 root supergroup 1073741824 2019-02-27 07:28 /myfile14
-rw-r--r--   3 root supergroup          0 2019-02-27 07:29 /myfile15._COPYING_
-rw-r--r--   3 root supergroup 1073741824 2019-02-27 07:28 /myfile16
-rw-r--r--   3 root supergroup 1073741824 2019-02-27 07:28 /myfile17
-rw-r--r--   3 root supergroup 1073741824 2019-02-27 07:28 /myfile18
-rw-r--r--   3 root supergroup 1073741824 2019-02-27 07:28 /myfile19
-rw-r--r--   3 root supergroup 1073741824 2019-02-27 07:28 /myfile2
-rw-r--r--   3 root supergroup 1073741824 2019-02-27 07:25 /myfile20
-rw-r--r--   3 root supergroup 1073741824 2019-02-27 07:28 /myfile3
-rw-r--r--   3 root supergroup 1073741824 2019-02-27 07:29 /myfile4
-rw-r--r--   3 root supergroup 1073741824 2019-02-27 07:28 /myfile5
-rw-r--r--   3 root supergroup 1073741824 2019-02-27 07:29 /myfile6
-rw-r--r--   3 root supergroup 1073741824 2019-02-27 07:29 /myfile7
-rw-r--r--   3 root supergroup 1073741824 2019-02-27 07:29 /myfile8
-rw-r--r--   3 root supergroup 1073741824 2019-02-27 07:28 /myfile9
file 6 has been put into HDFS
file 6 has been read from HDFS for 1 time
diff succeed!
file 6 has been read from HDFS for 2 time
diff succeed!
file 6 has been read from HDFS for 3 time
diff succeed!
file 6 has been read from HDFS for 4 time
diff succeed!
file 6 has been read from HDFS for 5 time
diff succeed!
file 6 has been read from HDFS for 6 time
diff succeed!
file 6 has been read from HDFS for 7 time
diff succeed!
file 6 has been read from HDFS for 8 time
diff succeed!
file 6 has been read from HDFS for 9 time
diff succeed!
file 6 has been read from HDFS for 10 time
diff succeed!
Deleted /myfile6
file 6 has been removed from HDFS
Found 18 items
-rw-r--r--   3 root supergroup 1073741824 2019-02-27 07:29 /myfile1
-rw-r--r--   3 root supergroup 1073741824 2019-02-27 07:33 /myfile10
-rw-r--r--   3 root supergroup 1073741824 2019-02-27 07:33 /myfile11
-rw-r--r--   3 root supergroup 1073741824 2019-02-27 07:33 /myfile12
-rw-r--r--   3 root supergroup 1073741824 2019-02-27 07:33 /myfile13
-rw-r--r--   3 root supergroup 1073741824 2019-02-27 07:33 /myfile14
-rw-r--r--   3 root supergroup  268435456 2019-02-27 07:33 /myfile15._COPYING_
-rw-r--r--   3 root supergroup 1073741824 2019-02-27 07:33 /myfile16
-rw-r--r--   3 root supergroup 1073741824 2019-02-27 07:33 /myfile17
-rw-r--r--   3 root supergroup 1073741824 2019-02-27 07:28 /myfile18
-rw-r--r--   3 root supergroup  939524096 2019-02-27 07:33 /myfile19._COPYING_
-rw-r--r--   3 root supergroup 1073741824 2019-02-27 07:28 /myfile2
-rw-r--r--   3 root supergroup 1073741824 2019-02-27 07:30 /myfile20
-rw-r--r--   3 root supergroup  536870912 2019-02-27 07:33 /myfile3._COPYING_
-rw-r--r--   3 root supergroup 1073741824 2019-02-27 07:28 /myfile5
-rw-r--r--   3 root supergroup 1073741824 2019-02-27 07:33 /myfile6
-rw-r--r--   3 root supergroup 1073741824 2019-02-27 07:33 /myfile7
-rw-r--r--   3 root supergroup 1073741824 2019-02-27 07:33 /myfile8
file 6 has been put into HDFS
file 6 has been read from HDFS for 1 time
diff succeed!
file 6 has been read from HDFS for 2 time
diff succeed!
file 6 has been read from HDFS for 3 time
diff succeed!
file 6 has been read from HDFS for 4 time
diff succeed!
file 6 has been read from HDFS for 5 time
diff succeed!
file 6 has been read from HDFS for 6 time
diff succeed!
file 6 has been read from HDFS for 7 time
diff succeed!
file 6 has been read from HDFS for 8 time
diff succeed!
file 6 has been read from HDFS for 9 time
diff succeed!
file 6 has been read from HDFS for 10 time
diff succeed!
Deleted /myfile6
file 6 has been removed from HDFS
Found 19 items
-rw-r--r--   3 root supergroup 1073741824 2019-02-27 07:34 /myfile1
-rw-r--r--   3 root supergroup  939524096 2019-02-27 07:37 /myfile10._COPYING_
-rw-r--r--   3 root supergroup 1073741824 2019-02-27 07:33 /myfile11
-rw-r--r--   3 root supergroup 1073741824 2019-02-27 07:37 /myfile12
-rw-r--r--   3 root supergroup 1073741824 2019-02-27 07:38 /myfile13
-rw-r--r--   3 root supergroup 1073741824 2019-02-27 07:37 /myfile14
-rw-r--r--   3 root supergroup 1073741824 2019-02-27 07:34 /myfile15
-rw-r--r--   3 root supergroup  268435456 2019-02-27 07:37 /myfile16._COPYING_
-rw-r--r--   3 root supergroup 1073741824 2019-02-27 07:37 /myfile17
-rw-r--r--   3 root supergroup  268435456 2019-02-27 07:38 /myfile18._COPYING_
-rw-r--r--   3 root supergroup 1073741824 2019-02-27 07:38 /myfile19
-rw-r--r--   3 root supergroup 1073741824 2019-02-27 07:34 /myfile2
-rw-r--r--   3 root supergroup 1073741824 2019-02-27 07:33 /myfile3
-rw-r--r--   3 root supergroup 1073741824 2019-02-27 07:34 /myfile4
-rw-r--r--   3 root supergroup  268435456 2019-02-27 07:38 /myfile5._COPYING_
-rw-r--r--   3 root supergroup 1073741824 2019-02-27 07:38 /myfile6
-rw-r--r--   3 root supergroup 1073741824 2019-02-27 07:37 /myfile7
-rw-r--r--   3 root supergroup 1073741824 2019-02-27 07:36 /myfile8
-rw-r--r--   3 root supergroup 1073741824 2019-02-27 07:34 /myfile9
file 6 has been put into HDFS
file 6 has been read from HDFS for 1 time
diff succeed!
file 6 has been read from HDFS for 2 time
diff succeed!
file 6 has been read from HDFS for 3 time
diff succeed!
file 6 has been read from HDFS for 4 time
diff succeed!
file 6 has been read from HDFS for 5 time
diff succeed!
file 6 has been read from HDFS for 6 time
diff succeed!
file 6 has been read from HDFS for 7 time
diff succeed!
file 6 has been read from HDFS for 8 time
diff succeed!
file 6 has been read from HDFS for 9 time
diff succeed!
file 6 has been read from HDFS for 10 time
diff succeed!
Deleted /myfile6
file 6 has been removed from HDFS
Found 20 items
-rw-r--r--   3 root supergroup 1073741824 2019-02-27 07:43 /myfile1
-rw-r--r--   3 root supergroup 1073741824 2019-02-27 07:38 /myfile10
-rw-r--r--   3 root supergroup 1073741824 2019-02-27 07:42 /myfile11
-rw-r--r--   3 root supergroup 1073741824 2019-02-27 07:43 /myfile12
-rw-r--r--   3 root supergroup 1073741824 2019-02-27 07:42 /myfile13
-rw-r--r--   3 root supergroup 1073741824 2019-02-27 07:40 /myfile14
-rw-r--r--   3 root supergroup 1073741824 2019-02-27 07:42 /myfile15
-rw-r--r--   3 root supergroup 1073741824 2019-02-27 07:42 /myfile16
-rw-r--r--   3 root supergroup 1073741824 2019-02-27 07:41 /myfile17
-rw-r--r--   3 root supergroup 1073741824 2019-02-27 07:42 /myfile18
-rw-r--r--   3 root supergroup  939524096 2019-02-27 07:43 /myfile19._COPYING_
-rw-r--r--   3 root supergroup 1073741824 2019-02-27 07:43 /myfile2
-rw-r--r--   3 root supergroup 1073741824 2019-02-27 07:38 /myfile20
-rw-r--r--   3 root supergroup  268435456 2019-02-27 07:43 /myfile3._COPYING_
-rw-r--r--   3 root supergroup 1073741824 2019-02-27 07:39 /myfile4
-rw-r--r--   3 root supergroup 1073741824 2019-02-27 07:43 /myfile5
-rw-r--r--   3 root supergroup 1073741824 2019-02-27 07:43 /myfile6
-rw-r--r--   3 root supergroup 1073741824 2019-02-27 07:43 /myfile7
-rw-r--r--   3 root supergroup 1073741824 2019-02-27 07:41 /myfile8
-rw-r--r--   3 root supergroup 1073741824 2019-02-27 07:43 /myfile9
file 6 has been put into HDFS
file 6 has been read from HDFS for 1 time
diff succeed!
file 6 has been read from HDFS for 2 time
diff succeed!
file 6 has been read from HDFS for 3 time
diff succeed!
file 6 has been read from HDFS for 4 time
diff succeed!
file 6 has been read from HDFS for 5 time
diff succeed!
file 6 has been read from HDFS for 6 time
diff succeed!
file 6 has been read from HDFS for 7 time
diff succeed!
file 6 has been read from HDFS for 8 time
diff succeed!
file 6 has been read from HDFS for 9 time
diff succeed!
file 6 has been read from HDFS for 10 time
diff succeed!
Deleted /myfile6
file 6 has been removed from HDFS
Found 20 items
-rw-r--r--   3 root supergroup          0 2019-02-27 07:47 /myfile1._COPYING_
-rw-r--r--   3 root supergroup 1073741824 2019-02-27 07:45 /myfile10
-rw-r--r--   3 root supergroup 1073741824 2019-02-27 07:46 /myfile11
-rw-r--r--   3 root supergroup 1073741824 2019-02-27 07:43 /myfile12
-rw-r--r--   3 root supergroup 1073741824 2019-02-27 07:46 /myfile13
-rw-r--r--   3 root supergroup 1073741824 2019-02-27 07:44 /myfile14
-rw-r--r--   3 root supergroup 1073741824 2019-02-27 07:46 /myfile15
-rw-r--r--   3 root supergroup 1073741824 2019-02-27 07:46 /myfile16
-rw-r--r--   3 root supergroup 1073741824 2019-02-27 07:44 /myfile17
-rw-r--r--   3 root supergroup 1073741824 2019-02-27 07:42 /myfile18
-rw-r--r--   3 root supergroup  402653184 2019-02-27 07:47 /myfile19._COPYING_
-rw-r--r--   3 root supergroup 1073741824 2019-02-27 07:47 /myfile2
-rw-r--r--   3 root supergroup 1073741824 2019-02-27 07:45 /myfile20
-rw-r--r--   3 root supergroup 1073741824 2019-02-27 07:47 /myfile3
-rw-r--r--   3 root supergroup 1073741824 2019-02-27 07:45 /myfile4
-rw-r--r--   3 root supergroup 1073741824 2019-02-27 07:47 /myfile5
-rw-r--r--   3 root supergroup 1073741824 2019-02-27 07:47 /myfile6
-rw-r--r--   3 root supergroup 1073741824 2019-02-27 07:47 /myfile7
-rw-r--r--   3 root supergroup 1073741824 2019-02-27 07:45 /myfile8
-rw-r--r--   3 root supergroup 1073741824 2019-02-27 07:47 /myfile9
file 6 has been put into HDFS
file 6 has been read from HDFS for 1 time
diff succeed!
file 6 has been read from HDFS for 2 time
diff succeed!
2019-02-27 07:48:36,991 INFO retry.RetryInvocationHandler: java.io.IOException: DestHost:destPort node-1-link-0:8020 , LocalHost:localPort clnode049.clemson.cloudlab.us/130.127.133.58:0. Failed on local exception: java.io.IOException: Connection reset by peer, while invoking ClientNamenodeProtocolTranslatorPB.getFileInfo over node-1-link-0/10.10.1.4:8020 after 1 failover attempts. Trying to failover after sleeping for 1107ms.
2019-02-27 07:48:38,101 INFO retry.RetryInvocationHandler: org.apache.hadoop.ipc.RemoteException(org.apache.hadoop.ipc.StandbyException): Operation category READ is not supported in state standby. Visit https://s.apache.org/sbnn-error
	at org.apache.hadoop.hdfs.server.namenode.ha.StandbyState.checkOperation(StandbyState.java:88)
	at org.apache.hadoop.hdfs.server.namenode.NameNode$NameNodeHAContext.checkOperation(NameNode.java:1952)
	at org.apache.hadoop.hdfs.server.namenode.FSNamesystem.checkOperation(FSNamesystem.java:1423)
	at org.apache.hadoop.hdfs.server.namenode.FSNamesystem.getFileInfo(FSNamesystem.java:3085)
	at org.apache.hadoop.hdfs.server.namenode.NameNodeRpcServer.getFileInfo(NameNodeRpcServer.java:1154)
	at org.apache.hadoop.hdfs.protocolPB.ClientNamenodeProtocolServerSideTranslatorPB.getFileInfo(ClientNamenodeProtocolServerSideTranslatorPB.java:966)
	at org.apache.hadoop.hdfs.protocol.proto.ClientNamenodeProtocolProtos$ClientNamenodeProtocol$2.callBlockingMethod(ClientNamenodeProtocolProtos.java)
	at org.apache.hadoop.ipc.ProtobufRpcEngine$Server$ProtoBufRpcInvoker.call(ProtobufRpcEngine.java:523)
	at org.apache.hadoop.ipc.RPC$Server.call(RPC.java:991)
	at org.apache.hadoop.ipc.Server$RpcCall.run(Server.java:872)
	at org.apache.hadoop.ipc.Server$RpcCall.run(Server.java:818)
	at java.security.AccessController.doPrivileged(Native Method)
	at javax.security.auth.Subject.doAs(Subject.java:422)
	at org.apache.hadoop.security.UserGroupInformation.doAs(UserGroupInformation.java:1729)
	at org.apache.hadoop.ipc.Server$Handler.run(Server.java:2678)
, while invoking ClientNamenodeProtocolTranslatorPB.getFileInfo over node-0-link-0/10.10.1.1:8020 after 2 failover attempts. Trying to failover after sleeping for 2244ms.
2019-02-27 07:48:40,348 INFO retry.RetryInvocationHandler: java.net.ConnectException: Call From clnode049.clemson.cloudlab.us/130.127.133.58 to node-1-link-0:8020 failed on connection exception: java.net.ConnectException: Connection refused; For more details see:  http://wiki.apache.org/hadoop/ConnectionRefused, while invoking ClientNamenodeProtocolTranslatorPB.getFileInfo over node-1-link-0/10.10.1.4:8020 after 3 failover attempts. Trying to failover after sleeping for 2855ms.
file 6 has been read from HDFS for 3 time
diff succeed!
file 6 has been read from HDFS for 4 time
diff succeed!
file 6 has been read from HDFS for 5 time
diff succeed!
file 6 has been read from HDFS for 6 time
diff succeed!
file 6 has been read from HDFS for 7 time
diff succeed!
file 6 has been read from HDFS for 8 time
diff succeed!
file 6 has been read from HDFS for 9 time
diff succeed!
file 6 has been read from HDFS for 10 time
diff succeed!
Deleted /myfile6
file 6 has been removed from HDFS
Found 18 items
-rw-r--r--   3 root supergroup 1073741824 2019-02-27 07:52 /myfile1
-rw-r--r--   3 root supergroup 1073741824 2019-02-27 07:49 /myfile10
-rw-r--r--   3 root supergroup 1073741824 2019-02-27 07:51 /myfile11
-rw-r--r--   3 root supergroup 1073741824 2019-02-27 07:50 /myfile13
-rw-r--r--   3 root supergroup 1073741824 2019-02-27 07:50 /myfile14
-rw-r--r--   3 root supergroup 1073741824 2019-02-27 07:51 /myfile15
-rw-r--r--   3 root supergroup 1073741824 2019-02-27 07:51 /myfile16
-rw-r--r--   3 root supergroup 1073741824 2019-02-27 07:50 /myfile17
-rw-r--r--   3 root supergroup 1073741824 2019-02-27 07:49 /myfile18
-rw-r--r--   3 root supergroup 1073741824 2019-02-27 07:51 /myfile2
-rw-r--r--   3 root supergroup 1073741824 2019-02-27 07:50 /myfile20
-rw-r--r--   3 root supergroup 1073741824 2019-02-27 07:51 /myfile3
-rw-r--r--   3 root supergroup 1073741824 2019-02-27 07:49 /myfile4
-rw-r--r--   3 root supergroup 1073741824 2019-02-27 07:51 /myfile5
-rw-r--r--   3 root supergroup 1073741824 2019-02-27 07:52 /myfile6
-rw-r--r--   3 root supergroup 1073741824 2019-02-27 07:52 /myfile7
-rw-r--r--   3 root supergroup 1073741824 2019-02-27 07:52 /myfile8
-rw-r--r--   3 root supergroup 1073741824 2019-02-27 07:51 /myfile9
file 6 has been put into HDFS
file 6 has been read from HDFS for 1 time
diff succeed!
file 6 has been read from HDFS for 2 time
diff succeed!
file 6 has been read from HDFS for 3 time
diff succeed!
file 6 has been read from HDFS for 4 time
diff succeed!
file 6 has been read from HDFS for 5 time
diff succeed!
file 6 has been read from HDFS for 6 time
diff succeed!
file 6 has been read from HDFS for 7 time
diff succeed!
file 6 has been read from HDFS for 8 time
diff succeed!
file 6 has been read from HDFS for 9 time
diff succeed!
file 6 has been read from HDFS for 10 time
diff succeed!
Deleted /myfile6
file 6 has been removed from HDFS
Found 18 items
-rw-r--r--   3 root supergroup 1073741824 2019-02-27 07:53 /myfile10
-rw-r--r--   3 root supergroup 1073741824 2019-02-27 07:56 /myfile11
-rw-r--r--   3 root supergroup 1073741824 2019-02-27 07:53 /myfile12
-rw-r--r--   3 root supergroup 1073741824 2019-02-27 07:54 /myfile13
-rw-r--r--   3 root supergroup 1073741824 2019-02-27 07:54 /myfile14
-rw-r--r--   3 root supergroup 1073741824 2019-02-27 07:55 /myfile15
-rw-r--r--   3 root supergroup 1073741824 2019-02-27 07:55 /myfile16
-rw-r--r--   3 root supergroup 1073741824 2019-02-27 07:54 /myfile17
-rw-r--r--   3 root supergroup 1073741824 2019-02-27 07:53 /myfile18
-rw-r--r--   3 root supergroup 1073741824 2019-02-27 07:52 /myfile19
-rw-r--r--   3 root supergroup 1073741824 2019-02-27 07:55 /myfile2
-rw-r--r--   3 root supergroup 1073741824 2019-02-27 07:54 /myfile20
-rw-r--r--   3 root supergroup 1073741824 2019-02-27 07:56 /myfile3
-rw-r--r--   3 root supergroup 1073741824 2019-02-27 07:54 /myfile4
-rw-r--r--   3 root supergroup 1073741824 2019-02-27 07:55 /myfile5
-rw-r--r--   3 root supergroup 1073741824 2019-02-27 07:56 /myfile6
-rw-r--r--   3 root supergroup 1073741824 2019-02-27 07:56 /myfile7
-rw-r--r--   3 root supergroup 1073741824 2019-02-27 07:55 /myfile9
file 6 has been put into HDFS
file 6 has been read from HDFS for 1 time
diff succeed!
file 6 has been read from HDFS for 2 time
diff succeed!
file 6 has been read from HDFS for 3 time
diff succeed!
file 6 has been read from HDFS for 4 time
diff succeed!
file 6 has been read from HDFS for 5 time
diff succeed!
sub_benchmark 6 signal TERM catched and let quit gracefully
file 6 has been read from HDFS for 6 time
diff succeed!
Deleted /myfile6
file 6 has been removed from HDFS
