Found 20 items
-rw-r--r--   3 root supergroup 1073741824 2019-02-24 12:11 /myfile1
-rw-r--r--   3 root supergroup 1073741824 2019-02-24 12:11 /myfile10
-rw-r--r--   3 root supergroup 1073741824 2019-02-24 12:11 /myfile11
-rw-r--r--   3 root supergroup 1073741824 2019-02-24 12:11 /myfile12
-rw-r--r--   3 root supergroup 1073741824 2019-02-24 12:11 /myfile13
-rw-r--r--   3 root supergroup  939524096 2019-02-24 12:10 /myfile14._COPYING_
-rw-r--r--   3 root supergroup 1073741824 2019-02-24 12:11 /myfile15
-rw-r--r--   3 root supergroup 1073741824 2019-02-24 12:11 /myfile16
-rw-r--r--   3 root supergroup 1073741824 2019-02-24 12:11 /myfile17
-rw-r--r--   3 root supergroup  939524096 2019-02-24 12:10 /myfile18._COPYING_
-rw-r--r--   3 root supergroup 1073741824 2019-02-24 12:10 /myfile19
-rw-r--r--   3 root supergroup 1073741824 2019-02-24 12:11 /myfile2
-rw-r--r--   3 root supergroup 1073741824 2019-02-24 12:11 /myfile20
-rw-r--r--   3 root supergroup 1073741824 2019-02-24 12:11 /myfile3
-rw-r--r--   3 root supergroup 1073741824 2019-02-24 12:11 /myfile4
-rw-r--r--   3 root supergroup  939524096 2019-02-24 12:10 /myfile5._COPYING_
-rw-r--r--   3 root supergroup  805306368 2019-02-24 12:10 /myfile6._COPYING_
-rw-r--r--   3 root supergroup 1073741824 2019-02-24 12:11 /myfile7
-rw-r--r--   3 root supergroup  939524096 2019-02-24 12:10 /myfile8._COPYING_
-rw-r--r--   3 root supergroup 1073741824 2019-02-24 12:11 /myfile9
file 16 has been put into HDFS
file 16 has been read from HDFS for 1 time
diff succeed!
file 16 has been read from HDFS for 2 time
diff succeed!
file 16 has been read from HDFS for 3 time
diff succeed!
file 16 has been read from HDFS for 4 time
diff succeed!
file 16 has been read from HDFS for 5 time
diff succeed!
file 16 has been read from HDFS for 6 time
diff succeed!
file 16 has been read from HDFS for 7 time
diff succeed!
file 16 has been read from HDFS for 8 time
diff succeed!
file 16 has been read from HDFS for 9 time
diff succeed!
file 16 has been read from HDFS for 10 time
diff succeed!
Deleted /myfile16
file 16 has been removed from HDFS
Found 17 items
-rw-r--r--   3 root supergroup 1073741824 2019-02-24 12:14 /myfile1
-rw-r--r--   3 root supergroup  536870912 2019-02-24 12:14 /myfile10._COPYING_
-rw-r--r--   3 root supergroup 1073741824 2019-02-24 12:11 /myfile11
-rw-r--r--   3 root supergroup 1073741824 2019-02-24 12:11 /myfile12
-rw-r--r--   3 root supergroup 1073741824 2019-02-24 12:14 /myfile13
-rw-r--r--   3 root supergroup 1073741824 2019-02-24 12:11 /myfile14
-rw-r--r--   3 root supergroup 1073741824 2019-02-24 12:11 /myfile15
-rw-r--r--   3 root supergroup 1073741824 2019-02-24 12:14 /myfile16
-rw-r--r--   3 root supergroup 1073741824 2019-02-24 12:14 /myfile17
-rw-r--r--   3 root supergroup 1073741824 2019-02-24 12:10 /myfile19
-rw-r--r--   3 root supergroup 1073741824 2019-02-24 12:11 /myfile2
-rw-r--r--   3 root supergroup  805306368 2019-02-24 12:14 /myfile20._COPYING_
-rw-r--r--   3 root supergroup 1073741824 2019-02-24 12:11 /myfile3
-rw-r--r--   3 root supergroup 1073741824 2019-02-24 12:11 /myfile4
-rw-r--r--   3 root supergroup          0 2019-02-24 12:14 /myfile5._COPYING_
-rw-r--r--   3 root supergroup  805306368 2019-02-24 12:14 /myfile7._COPYING_
-rw-r--r--   3 root supergroup 1073741824 2019-02-24 12:11 /myfile9
file 16 has been put into HDFS
file 16 has been read from HDFS for 1 time
diff succeed!
file 16 has been read from HDFS for 2 time
diff succeed!
file 16 has been read from HDFS for 3 time
diff succeed!
file 16 has been read from HDFS for 4 time
diff succeed!
file 16 has been read from HDFS for 5 time
diff succeed!
file 16 has been read from HDFS for 6 time
diff succeed!
file 16 has been read from HDFS for 7 time
diff succeed!
file 16 has been read from HDFS for 8 time
diff succeed!
file 16 has been read from HDFS for 9 time
diff succeed!
file 16 has been read from HDFS for 10 time
diff succeed!
Deleted /myfile16
file 16 has been removed from HDFS
Found 15 items
-rw-r--r--   3 root supergroup 1073741824 2019-02-24 12:19 /myfile1
-rw-r--r--   3 root supergroup 1073741824 2019-02-24 12:15 /myfile11
-rw-r--r--   3 root supergroup 1073741824 2019-02-24 12:16 /myfile12
-rw-r--r--   3 root supergroup 1073741824 2019-02-24 12:19 /myfile13
-rw-r--r--   3 root supergroup 1073741824 2019-02-24 12:16 /myfile14
-rw-r--r--   3 root supergroup 1073741824 2019-02-24 12:16 /myfile15
-rw-r--r--   3 root supergroup 1073741824 2019-02-24 12:19 /myfile16
-rw-r--r--   3 root supergroup  939524096 2019-02-24 12:18 /myfile17._COPYING_
-rw-r--r--   3 root supergroup          0 2019-02-24 12:19 /myfile18._COPYING_
-rw-r--r--   3 root supergroup 1073741824 2019-02-24 12:16 /myfile2
-rw-r--r--   3 root supergroup  268435456 2019-02-24 12:19 /myfile20._COPYING_
-rw-r--r--   3 root supergroup 1073741824 2019-02-24 12:16 /myfile3
-rw-r--r--   3 root supergroup 1073741824 2019-02-24 12:16 /myfile4
-rw-r--r--   3 root supergroup  939524096 2019-02-24 12:18 /myfile7._COPYING_
-rw-r--r--   3 root supergroup          0 2019-02-24 12:19 /myfile8._COPYING_
file 16 has been put into HDFS
file 16 has been read from HDFS for 1 time
diff succeed!
file 16 has been read from HDFS for 2 time
diff succeed!
file 16 has been read from HDFS for 3 time
diff succeed!
file 16 has been read from HDFS for 4 time
diff succeed!
file 16 has been read from HDFS for 5 time
diff succeed!
file 16 has been read from HDFS for 6 time
diff succeed!
file 16 has been read from HDFS for 7 time
diff succeed!
file 16 has been read from HDFS for 8 time
diff succeed!
file 16 has been read from HDFS for 9 time
diff succeed!
file 16 has been read from HDFS for 10 time
diff succeed!
Deleted /myfile16
file 16 has been removed from HDFS
2019-02-24 12:23:33,675 INFO retry.RetryInvocationHandler: java.net.ConnectException: Call From clnode049.clemson.cloudlab.us/130.127.133.58 to node-0-link-0:8020 failed on connection exception: java.net.ConnectException: Connection refused; For more details see:  http://wiki.apache.org/hadoop/ConnectionRefused, while invoking ClientNamenodeProtocolTranslatorPB.addBlock over node-0-link-0/10.10.1.1:8020. Trying to failover immediately.
2019-02-24 12:23:33,684 INFO retry.RetryInvocationHandler: org.apache.hadoop.ipc.RemoteException(org.apache.hadoop.ipc.RetriableException): org.apache.hadoop.hdfs.server.namenode.SafeModeException: Cannot add block to /myfile16._COPYING_. Name node is in safe mode.
The reported blocks 128 has reached the threshold 0.9990 of total blocks 128. The number of live datanodes 3 has reached the minimum number 0. In safe mode extension. Safe mode will be turned off automatically in 8 seconds. NamenodeHostName:node-1-link-0
	at org.apache.hadoop.hdfs.server.namenode.FSNamesystem.checkNameNodeSafeMode(FSNamesystem.java:1441)
	at org.apache.hadoop.hdfs.server.namenode.FSDirWriteFileOp.analyzeFileState(FSDirWriteFileOp.java:591)
	at org.apache.hadoop.hdfs.server.namenode.FSDirWriteFileOp.validateAddBlock(FSDirWriteFileOp.java:172)
	at org.apache.hadoop.hdfs.server.namenode.FSNamesystem.getAdditionalBlock(FSNamesystem.java:2679)
	at org.apache.hadoop.hdfs.server.namenode.NameNodeRpcServer.addBlock(NameNodeRpcServer.java:875)
	at org.apache.hadoop.hdfs.protocolPB.ClientNamenodeProtocolServerSideTranslatorPB.addBlock(ClientNamenodeProtocolServerSideTranslatorPB.java:561)
	at org.apache.hadoop.hdfs.protocol.proto.ClientNamenodeProtocolProtos$ClientNamenodeProtocol$2.callBlockingMethod(ClientNamenodeProtocolProtos.java)
	at org.apache.hadoop.ipc.ProtobufRpcEngine$Server$ProtoBufRpcInvoker.call(ProtobufRpcEngine.java:523)
	at org.apache.hadoop.ipc.RPC$Server.call(RPC.java:991)
	at org.apache.hadoop.ipc.Server$RpcCall.run(Server.java:872)
	at org.apache.hadoop.ipc.Server$RpcCall.run(Server.java:818)
	at java.security.AccessController.doPrivileged(Native Method)
	at javax.security.auth.Subject.doAs(Subject.java:422)
	at org.apache.hadoop.security.UserGroupInformation.doAs(UserGroupInformation.java:1729)
	at org.apache.hadoop.ipc.Server$Handler.run(Server.java:2678)
Caused by: org.apache.hadoop.hdfs.server.namenode.SafeModeException: Cannot add block to /myfile16._COPYING_. Name node is in safe mode.
The reported blocks 128 has reached the threshold 0.9990 of total blocks 128. The number of live datanodes 3 has reached the minimum number 0. In safe mode extension. Safe mode will be turned off automatically in 8 seconds. NamenodeHostName:node-1-link-0
	at org.apache.hadoop.hdfs.server.namenode.FSNamesystem.newSafemodeException(FSNamesystem.java:1450)
	at org.apache.hadoop.hdfs.server.namenode.FSNamesystem.checkNameNodeSafeMode(FSNamesystem.java:1437)
	... 14 more
, while invoking ClientNamenodeProtocolTranslatorPB.addBlock over node-1-link-0/10.10.1.4:8020 after 1 failover attempts. Retrying after sleeping for 590ms.
2019-02-24 12:23:34,280 INFO retry.RetryInvocationHandler: org.apache.hadoop.ipc.RemoteException(org.apache.hadoop.ipc.RetriableException): org.apache.hadoop.hdfs.server.namenode.SafeModeException: Cannot add block to /myfile16._COPYING_. Name node is in safe mode.
The reported blocks 128 has reached the threshold 0.9990 of total blocks 128. The number of live datanodes 3 has reached the minimum number 0. In safe mode extension. Safe mode will be turned off automatically in 7 seconds. NamenodeHostName:node-1-link-0
	at org.apache.hadoop.hdfs.server.namenode.FSNamesystem.checkNameNodeSafeMode(FSNamesystem.java:1441)
	at org.apache.hadoop.hdfs.server.namenode.FSDirWriteFileOp.analyzeFileState(FSDirWriteFileOp.java:591)
	at org.apache.hadoop.hdfs.server.namenode.FSDirWriteFileOp.validateAddBlock(FSDirWriteFileOp.java:172)
	at org.apache.hadoop.hdfs.server.namenode.FSNamesystem.getAdditionalBlock(FSNamesystem.java:2679)
	at org.apache.hadoop.hdfs.server.namenode.NameNodeRpcServer.addBlock(NameNodeRpcServer.java:875)
	at org.apache.hadoop.hdfs.protocolPB.ClientNamenodeProtocolServerSideTranslatorPB.addBlock(ClientNamenodeProtocolServerSideTranslatorPB.java:561)
	at org.apache.hadoop.hdfs.protocol.proto.ClientNamenodeProtocolProtos$ClientNamenodeProtocol$2.callBlockingMethod(ClientNamenodeProtocolProtos.java)
	at org.apache.hadoop.ipc.ProtobufRpcEngine$Server$ProtoBufRpcInvoker.call(ProtobufRpcEngine.java:523)
	at org.apache.hadoop.ipc.RPC$Server.call(RPC.java:991)
	at org.apache.hadoop.ipc.Server$RpcCall.run(Server.java:872)
	at org.apache.hadoop.ipc.Server$RpcCall.run(Server.java:818)
	at java.security.AccessController.doPrivileged(Native Method)
	at javax.security.auth.Subject.doAs(Subject.java:422)
	at org.apache.hadoop.security.UserGroupInformation.doAs(UserGroupInformation.java:1729)
	at org.apache.hadoop.ipc.Server$Handler.run(Server.java:2678)
Caused by: org.apache.hadoop.hdfs.server.namenode.SafeModeException: Cannot add block to /myfile16._COPYING_. Name node is in safe mode.
The reported blocks 128 has reached the threshold 0.9990 of total blocks 128. The number of live datanodes 3 has reached the minimum number 0. In safe mode extension. Safe mode will be turned off automatically in 7 seconds. NamenodeHostName:node-1-link-0
	at org.apache.hadoop.hdfs.server.namenode.FSNamesystem.newSafemodeException(FSNamesystem.java:1450)
	at org.apache.hadoop.hdfs.server.namenode.FSNamesystem.checkNameNodeSafeMode(FSNamesystem.java:1437)
	... 14 more
, while invoking ClientNamenodeProtocolTranslatorPB.addBlock over node-1-link-0/10.10.1.4:8020 after 1 failover attempts. Retrying after sleeping for 1553ms.
2019-02-24 12:23:35,837 INFO retry.RetryInvocationHandler: org.apache.hadoop.ipc.RemoteException(org.apache.hadoop.ipc.RetriableException): org.apache.hadoop.hdfs.server.namenode.SafeModeException: Cannot add block to /myfile16._COPYING_. Name node is in safe mode.
The reported blocks 128 has reached the threshold 0.9990 of total blocks 128. The number of live datanodes 3 has reached the minimum number 0. In safe mode extension. Safe mode will be turned off automatically in 6 seconds. NamenodeHostName:node-1-link-0
	at org.apache.hadoop.hdfs.server.namenode.FSNamesystem.checkNameNodeSafeMode(FSNamesystem.java:1441)
	at org.apache.hadoop.hdfs.server.namenode.FSDirWriteFileOp.analyzeFileState(FSDirWriteFileOp.java:591)
	at org.apache.hadoop.hdfs.server.namenode.FSDirWriteFileOp.validateAddBlock(FSDirWriteFileOp.java:172)
	at org.apache.hadoop.hdfs.server.namenode.FSNamesystem.getAdditionalBlock(FSNamesystem.java:2679)
	at org.apache.hadoop.hdfs.server.namenode.NameNodeRpcServer.addBlock(NameNodeRpcServer.java:875)
	at org.apache.hadoop.hdfs.protocolPB.ClientNamenodeProtocolServerSideTranslatorPB.addBlock(ClientNamenodeProtocolServerSideTranslatorPB.java:561)
	at org.apache.hadoop.hdfs.protocol.proto.ClientNamenodeProtocolProtos$ClientNamenodeProtocol$2.callBlockingMethod(ClientNamenodeProtocolProtos.java)
	at org.apache.hadoop.ipc.ProtobufRpcEngine$Server$ProtoBufRpcInvoker.call(ProtobufRpcEngine.java:523)
	at org.apache.hadoop.ipc.RPC$Server.call(RPC.java:991)
	at org.apache.hadoop.ipc.Server$RpcCall.run(Server.java:872)
	at org.apache.hadoop.ipc.Server$RpcCall.run(Server.java:818)
	at java.security.AccessController.doPrivileged(Native Method)
	at javax.security.auth.Subject.doAs(Subject.java:422)
	at org.apache.hadoop.security.UserGroupInformation.doAs(UserGroupInformation.java:1729)
	at org.apache.hadoop.ipc.Server$Handler.run(Server.java:2678)
Caused by: org.apache.hadoop.hdfs.server.namenode.SafeModeException: Cannot add block to /myfile16._COPYING_. Name node is in safe mode.
The reported blocks 128 has reached the threshold 0.9990 of total blocks 128. The number of live datanodes 3 has reached the minimum number 0. In safe mode extension. Safe mode will be turned off automatically in 6 seconds. NamenodeHostName:node-1-link-0
	at org.apache.hadoop.hdfs.server.namenode.FSNamesystem.newSafemodeException(FSNamesystem.java:1450)
	at org.apache.hadoop.hdfs.server.namenode.FSNamesystem.checkNameNodeSafeMode(FSNamesystem.java:1437)
	... 14 more
, while invoking ClientNamenodeProtocolTranslatorPB.addBlock over node-1-link-0/10.10.1.4:8020 after 1 failover attempts. Retrying after sleeping for 4990ms.
2019-02-24 12:23:40,833 INFO retry.RetryInvocationHandler: org.apache.hadoop.ipc.RemoteException(org.apache.hadoop.ipc.RetriableException): org.apache.hadoop.hdfs.server.namenode.SafeModeException: Cannot add block to /myfile16._COPYING_. Name node is in safe mode.
The reported blocks 128 has reached the threshold 0.9990 of total blocks 128. The number of live datanodes 3 has reached the minimum number 0. In safe mode extension. Safe mode will be turned off automatically in 1 seconds. NamenodeHostName:node-1-link-0
	at org.apache.hadoop.hdfs.server.namenode.FSNamesystem.checkNameNodeSafeMode(FSNamesystem.java:1441)
	at org.apache.hadoop.hdfs.server.namenode.FSDirWriteFileOp.analyzeFileState(FSDirWriteFileOp.java:591)
	at org.apache.hadoop.hdfs.server.namenode.FSDirWriteFileOp.validateAddBlock(FSDirWriteFileOp.java:172)
	at org.apache.hadoop.hdfs.server.namenode.FSNamesystem.getAdditionalBlock(FSNamesystem.java:2679)
	at org.apache.hadoop.hdfs.server.namenode.NameNodeRpcServer.addBlock(NameNodeRpcServer.java:875)
	at org.apache.hadoop.hdfs.protocolPB.ClientNamenodeProtocolServerSideTranslatorPB.addBlock(ClientNamenodeProtocolServerSideTranslatorPB.java:561)
	at org.apache.hadoop.hdfs.protocol.proto.ClientNamenodeProtocolProtos$ClientNamenodeProtocol$2.callBlockingMethod(ClientNamenodeProtocolProtos.java)
	at org.apache.hadoop.ipc.ProtobufRpcEngine$Server$ProtoBufRpcInvoker.call(ProtobufRpcEngine.java:523)
	at org.apache.hadoop.ipc.RPC$Server.call(RPC.java:991)
	at org.apache.hadoop.ipc.Server$RpcCall.run(Server.java:872)
	at org.apache.hadoop.ipc.Server$RpcCall.run(Server.java:818)
	at java.security.AccessController.doPrivileged(Native Method)
	at javax.security.auth.Subject.doAs(Subject.java:422)
	at org.apache.hadoop.security.UserGroupInformation.doAs(UserGroupInformation.java:1729)
	at org.apache.hadoop.ipc.Server$Handler.run(Server.java:2678)
Caused by: org.apache.hadoop.hdfs.server.namenode.SafeModeException: Cannot add block to /myfile16._COPYING_. Name node is in safe mode.
The reported blocks 128 has reached the threshold 0.9990 of total blocks 128. The number of live datanodes 3 has reached the minimum number 0. In safe mode extension. Safe mode will be turned off automatically in 1 seconds. NamenodeHostName:node-1-link-0
	at org.apache.hadoop.hdfs.server.namenode.FSNamesystem.newSafemodeException(FSNamesystem.java:1450)
	at org.apache.hadoop.hdfs.server.namenode.FSNamesystem.checkNameNodeSafeMode(FSNamesystem.java:1437)
	... 14 more
, while invoking ClientNamenodeProtocolTranslatorPB.addBlock over node-1-link-0/10.10.1.4:8020 after 1 failover attempts. Retrying after sleeping for 8986ms.
Found 17 items
-rw-r--r--   3 root supergroup 1073741824 2019-02-24 12:24 /myfile1
-rw-r--r--   3 root supergroup  671088640 2019-02-24 12:24 /myfile10._COPYING_
-rw-r--r--   3 root supergroup 1073741824 2019-02-24 12:20 /myfile11
-rw-r--r--   3 root supergroup 1073741824 2019-02-24 12:20 /myfile12
-rw-r--r--   3 root supergroup 1073741824 2019-02-24 12:24 /myfile13
-rw-r--r--   3 root supergroup 1073741824 2019-02-24 12:20 /myfile14
-rw-r--r--   3 root supergroup 1073741824 2019-02-24 12:20 /myfile15
-rw-r--r--   3 root supergroup 1073741824 2019-02-24 12:24 /myfile16
-rw-r--r--   3 root supergroup  939524096 2019-02-24 12:23 /myfile17._COPYING_
-rw-r--r--   3 root supergroup  671088640 2019-02-24 12:23 /myfile18._COPYING_
-rw-r--r--   3 root supergroup  536870912 2019-02-24 12:24 /myfile19._COPYING_
-rw-r--r--   3 root supergroup          0 2019-02-24 12:24 /myfile2._COPYING_
-rw-r--r--   3 root supergroup  402653184 2019-02-24 12:24 /myfile3._COPYING_
-rw-r--r--   3 root supergroup 1073741824 2019-02-24 12:20 /myfile4
-rw-r--r--   3 root supergroup 1073741824 2019-02-24 12:20 /myfile5
-rw-r--r--   3 root supergroup  805306368 2019-02-24 12:23 /myfile6._COPYING_
-rw-r--r--   3 root supergroup 1073741824 2019-02-24 12:24 /myfile7
file 16 has been put into HDFS
file 16 has been read from HDFS for 1 time
diff succeed!
file 16 has been read from HDFS for 2 time
diff succeed!
file 16 has been read from HDFS for 3 time
diff succeed!
file 16 has been read from HDFS for 4 time
diff succeed!
file 16 has been read from HDFS for 5 time
diff succeed!
file 16 has been read from HDFS for 6 time
diff succeed!
file 16 has been read from HDFS for 7 time
diff succeed!
file 16 has been read from HDFS for 8 time
diff succeed!
file 16 has been read from HDFS for 9 time
diff succeed!
file 16 has been read from HDFS for 10 time
diff succeed!
Deleted /myfile16
file 16 has been removed from HDFS
Found 19 items
-rw-r--r--   3 root supergroup  939524096 2019-02-24 12:28 /myfile1._COPYING_
-rw-r--r--   3 root supergroup 1073741824 2019-02-24 12:28 /myfile10
-rw-r--r--   3 root supergroup 1073741824 2019-02-24 12:25 /myfile11
-rw-r--r--   3 root supergroup          0 2019-02-24 12:29 /myfile12._COPYING_
-rw-r--r--   3 root supergroup 1073741824 2019-02-24 12:28 /myfile13
-rw-r--r--   3 root supergroup 1073741824 2019-02-24 12:28 /myfile14
-rw-r--r--   3 root supergroup 1073741824 2019-02-24 12:29 /myfile16
-rw-r--r--   3 root supergroup 1073741824 2019-02-24 12:28 /myfile17
-rw-r--r--   3 root supergroup 1073741824 2019-02-24 12:28 /myfile18
-rw-r--r--   3 root supergroup 1073741824 2019-02-24 12:28 /myfile19
-rw-r--r--   3 root supergroup 1073741824 2019-02-24 12:28 /myfile2
-rw-r--r--   3 root supergroup  939524096 2019-02-24 12:28 /myfile20._COPYING_
-rw-r--r--   3 root supergroup 1073741824 2019-02-24 12:28 /myfile3
-rw-r--r--   3 root supergroup 1073741824 2019-02-24 12:25 /myfile4
-rw-r--r--   3 root supergroup  536870912 2019-02-24 12:28 /myfile5._COPYING_
-rw-r--r--   3 root supergroup 1073741824 2019-02-24 12:28 /myfile6
-rw-r--r--   3 root supergroup 1073741824 2019-02-24 12:28 /myfile7
-rw-r--r--   3 root supergroup 1073741824 2019-02-24 12:24 /myfile8
-rw-r--r--   3 root supergroup  805306368 2019-02-24 12:28 /myfile9._COPYING_
file 16 has been put into HDFS
file 16 has been read from HDFS for 1 time
diff succeed!
file 16 has been read from HDFS for 2 time
diff succeed!
file 16 has been read from HDFS for 3 time
diff succeed!
file 16 has been read from HDFS for 4 time
diff succeed!
file 16 has been read from HDFS for 5 time
diff succeed!
file 16 has been read from HDFS for 6 time
diff succeed!
file 16 has been read from HDFS for 7 time
diff succeed!
file 16 has been read from HDFS for 8 time
diff succeed!
file 16 has been read from HDFS for 9 time
diff succeed!
file 16 has been read from HDFS for 10 time
diff succeed!
Deleted /myfile16
file 16 has been removed from HDFS
Found 16 items
-rw-r--r--   3 root supergroup  671088640 2019-02-24 12:33 /myfile1._COPYING_
-rw-r--r--   3 root supergroup 1073741824 2019-02-24 12:28 /myfile10
-rw-r--r--   3 root supergroup 1073741824 2019-02-24 12:30 /myfile11
-rw-r--r--   3 root supergroup 1073741824 2019-02-24 12:29 /myfile12
-rw-r--r--   3 root supergroup 1073741824 2019-02-24 12:33 /myfile13
-rw-r--r--   3 root supergroup 1073741824 2019-02-24 12:33 /myfile14
-rw-r--r--   3 root supergroup 1073741824 2019-02-24 12:33 /myfile16
-rw-r--r--   3 root supergroup 1073741824 2019-02-24 12:33 /myfile17
-rw-r--r--   3 root supergroup 1073741824 2019-02-24 12:28 /myfile18
-rw-r--r--   3 root supergroup 1073741824 2019-02-24 12:28 /myfile19
-rw-r--r--   3 root supergroup 1073741824 2019-02-24 12:28 /myfile2
-rw-r--r--   3 root supergroup 1073741824 2019-02-24 12:33 /myfile20
-rw-r--r--   3 root supergroup 1073741824 2019-02-24 12:33 /myfile3
-rw-r--r--   3 root supergroup 1073741824 2019-02-24 12:33 /myfile6
-rw-r--r--   3 root supergroup 1073741824 2019-02-24 12:33 /myfile7
-rw-r--r--   3 root supergroup 1073741824 2019-02-24 12:29 /myfile9
file 16 has been put into HDFS
file 16 has been read from HDFS for 1 time
diff succeed!
file 16 has been read from HDFS for 2 time
diff succeed!
file 16 has been read from HDFS for 3 time
diff succeed!
file 16 has been read from HDFS for 4 time
diff succeed!
file 16 has been read from HDFS for 5 time
diff succeed!
file 16 has been read from HDFS for 6 time
diff succeed!
file 16 has been read from HDFS for 7 time
diff succeed!
file 16 has been read from HDFS for 8 time
diff succeed!
file 16 has been read from HDFS for 9 time
diff succeed!
file 16 has been read from HDFS for 10 time
diff succeed!
Deleted /myfile16
file 16 has been removed from HDFS
Found 20 items
-rw-r--r--   3 root supergroup 1073741824 2019-02-24 12:38 /myfile1
-rw-r--r--   3 root supergroup 1073741824 2019-02-24 12:34 /myfile10
-rw-r--r--   3 root supergroup 1073741824 2019-02-24 12:35 /myfile11
-rw-r--r--   3 root supergroup 1073741824 2019-02-24 12:34 /myfile12
-rw-r--r--   3 root supergroup 1073741824 2019-02-24 12:37 /myfile13
-rw-r--r--   3 root supergroup 1073741824 2019-02-24 12:37 /myfile14
-rw-r--r--   3 root supergroup 1073741824 2019-02-24 12:34 /myfile15
-rw-r--r--   3 root supergroup 1073741824 2019-02-24 12:38 /myfile16
-rw-r--r--   3 root supergroup 1073741824 2019-02-24 12:38 /myfile17
-rw-r--r--   3 root supergroup 1073741824 2019-02-24 12:35 /myfile18
-rw-r--r--   3 root supergroup 1073741824 2019-02-24 12:35 /myfile19
-rw-r--r--   3 root supergroup 1073741824 2019-02-24 12:35 /myfile2
-rw-r--r--   3 root supergroup 1073741824 2019-02-24 12:38 /myfile20
-rw-r--r--   3 root supergroup 1073741824 2019-02-24 12:38 /myfile3
-rw-r--r--   3 root supergroup  268435456 2019-02-24 12:38 /myfile4._COPYING_
-rw-r--r--   3 root supergroup  268435456 2019-02-24 12:38 /myfile5._COPYING_
-rw-r--r--   3 root supergroup 1073741824 2019-02-24 12:38 /myfile6
-rw-r--r--   3 root supergroup 1073741824 2019-02-24 12:38 /myfile7
-rw-r--r--   3 root supergroup          0 2019-02-24 12:38 /myfile8._COPYING_
-rw-r--r--   3 root supergroup 1073741824 2019-02-24 12:35 /myfile9
file 16 has been put into HDFS
file 16 has been read from HDFS for 1 time
diff succeed!
file 16 has been read from HDFS for 2 time
diff succeed!
file 16 has been read from HDFS for 3 time
diff succeed!
file 16 has been read from HDFS for 4 time
diff succeed!
file 16 has been read from HDFS for 5 time
diff succeed!
file 16 has been read from HDFS for 6 time
diff succeed!
file 16 has been read from HDFS for 7 time
diff succeed!
file 16 has been read from HDFS for 8 time
diff succeed!
file 16 has been read from HDFS for 9 time
diff succeed!
file 16 has been read from HDFS for 10 time
diff succeed!
Deleted /myfile16
file 16 has been removed from HDFS
Found 17 items
-rw-r--r--   3 root supergroup 1073741824 2019-02-24 12:39 /myfile10
-rw-r--r--   3 root supergroup 1073741824 2019-02-24 12:40 /myfile11
-rw-r--r--   3 root supergroup 1073741824 2019-02-24 12:39 /myfile12
-rw-r--r--   3 root supergroup 1073741824 2019-02-24 12:42 /myfile13
-rw-r--r--   3 root supergroup 1073741824 2019-02-24 12:42 /myfile14
-rw-r--r--   3 root supergroup 1073741824 2019-02-24 12:39 /myfile15
-rw-r--r--   3 root supergroup 1073741824 2019-02-24 12:42 /myfile16
-rw-r--r--   3 root supergroup  134217728 2019-02-24 12:42 /myfile17._COPYING_
-rw-r--r--   3 root supergroup 1073741824 2019-02-24 12:40 /myfile18
-rw-r--r--   3 root supergroup 1073741824 2019-02-24 12:40 /myfile19
-rw-r--r--   3 root supergroup 1073741824 2019-02-24 12:40 /myfile2
-rw-r--r--   3 root supergroup  134217728 2019-02-24 12:42 /myfile20._COPYING_
-rw-r--r--   3 root supergroup 1073741824 2019-02-24 12:38 /myfile4
-rw-r--r--   3 root supergroup 1073741824 2019-02-24 12:38 /myfile5
-rw-r--r--   3 root supergroup  134217728 2019-02-24 12:42 /myfile6._COPYING_
-rw-r--r--   3 root supergroup 1073741824 2019-02-24 12:42 /myfile7
-rw-r--r--   3 root supergroup 1073741824 2019-02-24 12:41 /myfile9
file 16 has been put into HDFS
file 16 has been read from HDFS for 1 time
diff succeed!
file 16 has been read from HDFS for 2 time
diff succeed!
file 16 has been read from HDFS for 3 time
diff succeed!
file 16 has been read from HDFS for 4 time
diff succeed!
file 16 has been read from HDFS for 5 time
diff succeed!
file 16 has been read from HDFS for 6 time
diff succeed!
file 16 has been read from HDFS for 7 time
diff succeed!
file 16 has been read from HDFS for 8 time
diff succeed!
file 16 has been read from HDFS for 9 time
diff succeed!
file 16 has been read from HDFS for 10 time
diff succeed!
Deleted /myfile16
file 16 has been removed from HDFS
Found 20 items
-rw-r--r--   3 root supergroup 1073741824 2019-02-24 12:43 /myfile1
-rw-r--r--   3 root supergroup 1073741824 2019-02-24 12:45 /myfile10
-rw-r--r--   3 root supergroup 1073741824 2019-02-24 12:46 /myfile11
-rw-r--r--   3 root supergroup  134217728 2019-02-24 12:48 /myfile12._COPYING_
-rw-r--r--   3 root supergroup 1073741824 2019-02-24 12:47 /myfile13
-rw-r--r--   3 root supergroup 1073741824 2019-02-24 12:46 /myfile14
-rw-r--r--   3 root supergroup 1073741824 2019-02-24 12:44 /myfile15
-rw-r--r--   3 root supergroup 1073741824 2019-02-24 12:48 /myfile16
-rw-r--r--   3 root supergroup 1073741824 2019-02-24 12:43 /myfile17
-rw-r--r--   3 root supergroup 1073741824 2019-02-24 12:46 /myfile18
-rw-r--r--   3 root supergroup 1073741824 2019-02-24 12:46 /myfile19
-rw-r--r--   3 root supergroup 1073741824 2019-02-24 12:46 /myfile2
-rw-r--r--   3 root supergroup 1073741824 2019-02-24 12:43 /myfile20
-rw-r--r--   3 root supergroup  805306368 2019-02-24 12:47 /myfile3._COPYING_
-rw-r--r--   3 root supergroup  402653184 2019-02-24 12:47 /myfile4._COPYING_
-rw-r--r--   3 root supergroup  268435456 2019-02-24 12:48 /myfile5._COPYING_
-rw-r--r--   3 root supergroup 1073741824 2019-02-24 12:43 /myfile6
-rw-r--r--   3 root supergroup 1073741824 2019-02-24 12:46 /myfile7
-rw-r--r--   3 root supergroup  805306368 2019-02-24 12:47 /myfile8._COPYING_
-rw-r--r--   3 root supergroup 1073741824 2019-02-24 12:46 /myfile9
file 16 has been put into HDFS
file 16 has been read from HDFS for 1 time
diff succeed!
file 16 has been read from HDFS for 2 time
diff succeed!
file 16 has been read from HDFS for 3 time
diff succeed!
file 16 has been read from HDFS for 4 time
diff succeed!
file 16 has been read from HDFS for 5 time
diff succeed!
file 16 has been read from HDFS for 6 time
diff succeed!
file 16 has been read from HDFS for 7 time
diff succeed!
file 16 has been read from HDFS for 8 time
diff succeed!
file 16 has been read from HDFS for 9 time
diff succeed!
file 16 has been read from HDFS for 10 time
diff succeed!
Deleted /myfile16
file 16 has been removed from HDFS
Found 19 items
-rw-r--r--   3 root supergroup  402653184 2019-02-24 12:53 /myfile1._COPYING_
-rw-r--r--   3 root supergroup  268435456 2019-02-24 12:53 /myfile10._COPYING_
-rw-r--r--   3 root supergroup 1073741824 2019-02-24 12:51 /myfile11
-rw-r--r--   3 root supergroup  671088640 2019-02-24 12:52 /myfile12._COPYING_
-rw-r--r--   3 root supergroup 1073741824 2019-02-24 12:53 /myfile13
-rw-r--r--   3 root supergroup 1073741824 2019-02-24 12:51 /myfile14
-rw-r--r--   3 root supergroup 1073741824 2019-02-24 12:53 /myfile16
-rw-r--r--   3 root supergroup  671088640 2019-02-24 12:53 /myfile17._COPYING_
-rw-r--r--   3 root supergroup 1073741824 2019-02-24 12:51 /myfile18
-rw-r--r--   3 root supergroup 1073741824 2019-02-24 12:51 /myfile19
-rw-r--r--   3 root supergroup 1073741824 2019-02-24 12:51 /myfile2
-rw-r--r--   3 root supergroup 1073741824 2019-02-24 12:53 /myfile20
-rw-r--r--   3 root supergroup 1073741824 2019-02-24 12:53 /myfile3
-rw-r--r--   3 root supergroup 1073741824 2019-02-24 12:53 /myfile4
-rw-r--r--   3 root supergroup  805306368 2019-02-24 12:53 /myfile5._COPYING_
-rw-r--r--   3 root supergroup  268435456 2019-02-24 12:53 /myfile6._COPYING_
-rw-r--r--   3 root supergroup 1073741824 2019-02-24 12:51 /myfile7
-rw-r--r--   3 root supergroup 1073741824 2019-02-24 12:53 /myfile8
-rw-r--r--   3 root supergroup 1073741824 2019-02-24 12:51 /myfile9
file 16 has been put into HDFS
file 16 has been read from HDFS for 1 time
diff succeed!
file 16 has been read from HDFS for 2 time
diff succeed!
file 16 has been read from HDFS for 3 time
diff succeed!
file 16 has been read from HDFS for 4 time
diff succeed!
file 16 has been read from HDFS for 5 time
diff succeed!
file 16 has been read from HDFS for 6 time
diff succeed!
sub_benchmark 7 signal TERM catched and let quit gracefully
file 16 has been read from HDFS for 7 time
diff succeed!
Deleted /myfile16
file 16 has been removed from HDFS
