Found 20 items
-rw-r--r--   3 root supergroup 1073741824 2019-02-19 21:53 /myfile1
-rw-r--r--   3 root supergroup 1073741824 2019-02-19 21:53 /myfile10
-rw-r--r--   3 root supergroup 1073741824 2019-02-19 21:53 /myfile11
-rw-r--r--   3 root supergroup 1073741824 2019-02-19 21:53 /myfile12
-rw-r--r--   3 root supergroup 1073741824 2019-02-19 21:53 /myfile13
-rw-r--r--   3 root supergroup 1073741824 2019-02-19 21:53 /myfile14
-rw-r--r--   3 root supergroup 1073741824 2019-02-19 21:53 /myfile15
-rw-r--r--   3 root supergroup 1073741824 2019-02-19 21:53 /myfile16
-rw-r--r--   3 root supergroup 1073741824 2019-02-19 21:53 /myfile17
-rw-r--r--   3 root supergroup 1073741824 2019-02-19 21:53 /myfile18
-rw-r--r--   3 root supergroup 1073741824 2019-02-19 21:53 /myfile19
-rw-r--r--   3 root supergroup 1073741824 2019-02-19 21:53 /myfile2
-rw-r--r--   3 root supergroup 1073741824 2019-02-19 21:53 /myfile20
-rw-r--r--   3 root supergroup 1073741824 2019-02-19 21:53 /myfile3
-rw-r--r--   3 root supergroup 1073741824 2019-02-19 21:53 /myfile4
-rw-r--r--   3 root supergroup 1073741824 2019-02-19 21:53 /myfile5
-rw-r--r--   3 root supergroup 1073741824 2019-02-19 21:53 /myfile6
-rw-r--r--   3 root supergroup 1073741824 2019-02-19 21:53 /myfile7
-rw-r--r--   3 root supergroup 1073741824 2019-02-19 21:53 /myfile8
-rw-r--r--   3 root supergroup 1073741824 2019-02-19 21:53 /myfile9
file 3 has been put into HDFS
file 3 has been read from HDFS for 1 time
diff succeed!
file 3 has been read from HDFS for 2 time
diff succeed!
file 3 has been read from HDFS for 3 time
diff succeed!
file 3 has been read from HDFS for 4 time
diff succeed!
file 3 has been read from HDFS for 5 time
diff succeed!
file 3 has been read from HDFS for 6 time
diff succeed!
file 3 has been read from HDFS for 7 time
diff succeed!
file 3 has been read from HDFS for 8 time
diff succeed!
file 3 has been read from HDFS for 9 time
diff succeed!
file 3 has been read from HDFS for 10 time
diff succeed!
Deleted /myfile3
file 3 has been removed from HDFS
Found 16 items
-rw-r--r--   3 root supergroup 1073741824 2019-02-19 21:53 /myfile1
-rw-r--r--   3 root supergroup 1073741824 2019-02-19 21:57 /myfile10
-rw-r--r--   3 root supergroup 1073741824 2019-02-19 21:57 /myfile12
-rw-r--r--   3 root supergroup 1073741824 2019-02-19 21:53 /myfile13
-rw-r--r--   3 root supergroup 1073741824 2019-02-19 21:53 /myfile14
-rw-r--r--   3 root supergroup 1073741824 2019-02-19 21:53 /myfile15
-rw-r--r--   3 root supergroup 1073741824 2019-02-19 21:57 /myfile16
-rw-r--r--   3 root supergroup 1073741824 2019-02-19 21:57 /myfile17
-rw-r--r--   3 root supergroup  134217728 2019-02-19 21:57 /myfile18._COPYING_
-rw-r--r--   3 root supergroup 1073741824 2019-02-19 21:57 /myfile2
-rw-r--r--   3 root supergroup 1073741824 2019-02-19 21:57 /myfile3
-rw-r--r--   3 root supergroup 1073741824 2019-02-19 21:53 /myfile4
-rw-r--r--   3 root supergroup 1073741824 2019-02-19 21:53 /myfile5
-rw-r--r--   3 root supergroup 1073741824 2019-02-19 21:53 /myfile7
-rw-r--r--   3 root supergroup 1073741824 2019-02-19 21:53 /myfile8
-rw-r--r--   3 root supergroup 1073741824 2019-02-19 21:57 /myfile9
file 3 has been put into HDFS
file 3 has been read from HDFS for 1 time
diff succeed!
file 3 has been read from HDFS for 2 time
diff succeed!
file 3 has been read from HDFS for 3 time
diff succeed!
file 3 has been read from HDFS for 4 time
diff succeed!
file 3 has been read from HDFS for 5 time
diff succeed!
file 3 has been read from HDFS for 6 time
diff succeed!
file 3 has been read from HDFS for 7 time
diff succeed!
file 3 has been read from HDFS for 8 time
diff succeed!
file 3 has been read from HDFS for 9 time
diff succeed!
file 3 has been read from HDFS for 10 time
diff succeed!
Deleted /myfile3
file 3 has been removed from HDFS
Found 17 items
-rw-r--r--   3 root supergroup 1073741824 2019-02-19 22:01 /myfile10
-rw-r--r--   3 root supergroup 1073741824 2019-02-19 22:01 /myfile11
-rw-r--r--   3 root supergroup 1073741824 2019-02-19 22:01 /myfile12
-rw-r--r--   3 root supergroup 1073741824 2019-02-19 22:01 /myfile13
-rw-r--r--   3 root supergroup 1073741824 2019-02-19 21:58 /myfile14
-rw-r--r--   3 root supergroup 1073741824 2019-02-19 22:01 /myfile15
-rw-r--r--   3 root supergroup 1073741824 2019-02-19 22:01 /myfile16
-rw-r--r--   3 root supergroup 1073741824 2019-02-19 22:01 /myfile17
-rw-r--r--   3 root supergroup 1073741824 2019-02-19 22:01 /myfile18
-rw-r--r--   3 root supergroup 1073741824 2019-02-19 22:01 /myfile19
-rw-r--r--   3 root supergroup 1073741824 2019-02-19 22:01 /myfile2
-rw-r--r--   3 root supergroup 1073741824 2019-02-19 22:01 /myfile20
-rw-r--r--   3 root supergroup 1073741824 2019-02-19 22:01 /myfile3
-rw-r--r--   3 root supergroup 1073741824 2019-02-19 22:01 /myfile4
-rw-r--r--   3 root supergroup 1073741824 2019-02-19 22:01 /myfile6
-rw-r--r--   3 root supergroup 1073741824 2019-02-19 22:01 /myfile7
-rw-r--r--   3 root supergroup 1073741824 2019-02-19 22:01 /myfile9
file 3 has been put into HDFS
file 3 has been read from HDFS for 1 time
diff succeed!
file 3 has been read from HDFS for 2 time
diff succeed!
file 3 has been read from HDFS for 3 time
diff succeed!
file 3 has been read from HDFS for 4 time
diff succeed!
file 3 has been read from HDFS for 5 time
diff succeed!
file 3 has been read from HDFS for 6 time
diff succeed!
file 3 has been read from HDFS for 7 time
diff succeed!
file 3 has been read from HDFS for 8 time
diff succeed!
file 3 has been read from HDFS for 9 time
diff succeed!
file 3 has been read from HDFS for 10 time
diff succeed!
Deleted /myfile3
file 3 has been removed from HDFS
2019-02-19 22:05:35,306 INFO retry.RetryInvocationHandler: org.apache.hadoop.ipc.RemoteException(org.apache.hadoop.ipc.RetriableException): org.apache.hadoop.hdfs.server.namenode.SafeModeException: Cannot create file/myfile3._COPYING_. Name node is in safe mode.
The reported blocks 110 has reached the threshold 0.9990 of total blocks 110. The number of live datanodes 3 has reached the minimum number 0. In safe mode extension. Safe mode will be turned off automatically in 23 seconds. NamenodeHostName:node-0-link-0
	at org.apache.hadoop.hdfs.server.namenode.FSNamesystem.checkNameNodeSafeMode(FSNamesystem.java:1441)
	at org.apache.hadoop.hdfs.server.namenode.FSNamesystem.startFileInt(FSNamesystem.java:2401)
	at org.apache.hadoop.hdfs.server.namenode.FSNamesystem.startFile(FSNamesystem.java:2347)
	at org.apache.hadoop.hdfs.server.namenode.NameNodeRpcServer.create(NameNodeRpcServer.java:774)
	at org.apache.hadoop.hdfs.protocolPB.ClientNamenodeProtocolServerSideTranslatorPB.create(ClientNamenodeProtocolServerSideTranslatorPB.java:462)
	at org.apache.hadoop.hdfs.protocol.proto.ClientNamenodeProtocolProtos$ClientNamenodeProtocol$2.callBlockingMethod(ClientNamenodeProtocolProtos.java)
	at org.apache.hadoop.ipc.ProtobufRpcEngine$Server$ProtoBufRpcInvoker.call(ProtobufRpcEngine.java:523)
	at org.apache.hadoop.ipc.RPC$Server.call(RPC.java:991)
	at org.apache.hadoop.ipc.Server$RpcCall.run(Server.java:872)
	at org.apache.hadoop.ipc.Server$RpcCall.run(Server.java:818)
	at java.security.AccessController.doPrivileged(Native Method)
	at javax.security.auth.Subject.doAs(Subject.java:422)
	at org.apache.hadoop.security.UserGroupInformation.doAs(UserGroupInformation.java:1729)
	at org.apache.hadoop.ipc.Server$Handler.run(Server.java:2678)
Caused by: org.apache.hadoop.hdfs.server.namenode.SafeModeException: Cannot create file/myfile3._COPYING_. Name node is in safe mode.
The reported blocks 110 has reached the threshold 0.9990 of total blocks 110. The number of live datanodes 3 has reached the minimum number 0. In safe mode extension. Safe mode will be turned off automatically in 23 seconds. NamenodeHostName:node-0-link-0
	at org.apache.hadoop.hdfs.server.namenode.FSNamesystem.newSafemodeException(FSNamesystem.java:1450)
	at org.apache.hadoop.hdfs.server.namenode.FSNamesystem.checkNameNodeSafeMode(FSNamesystem.java:1437)
	... 13 more
, while invoking ClientNamenodeProtocolTranslatorPB.create over node-0-link-0/10.10.1.1:8020. Retrying immediately.
2019-02-19 22:05:35,311 INFO retry.RetryInvocationHandler: org.apache.hadoop.ipc.RemoteException(org.apache.hadoop.ipc.RetriableException): org.apache.hadoop.hdfs.server.namenode.SafeModeException: Cannot create file/myfile3._COPYING_. Name node is in safe mode.
The reported blocks 110 has reached the threshold 0.9990 of total blocks 110. The number of live datanodes 3 has reached the minimum number 0. In safe mode extension. Safe mode will be turned off automatically in 23 seconds. NamenodeHostName:node-0-link-0
	at org.apache.hadoop.hdfs.server.namenode.FSNamesystem.checkNameNodeSafeMode(FSNamesystem.java:1441)
	at org.apache.hadoop.hdfs.server.namenode.FSNamesystem.startFileInt(FSNamesystem.java:2401)
	at org.apache.hadoop.hdfs.server.namenode.FSNamesystem.startFile(FSNamesystem.java:2347)
	at org.apache.hadoop.hdfs.server.namenode.NameNodeRpcServer.create(NameNodeRpcServer.java:774)
	at org.apache.hadoop.hdfs.protocolPB.ClientNamenodeProtocolServerSideTranslatorPB.create(ClientNamenodeProtocolServerSideTranslatorPB.java:462)
	at org.apache.hadoop.hdfs.protocol.proto.ClientNamenodeProtocolProtos$ClientNamenodeProtocol$2.callBlockingMethod(ClientNamenodeProtocolProtos.java)
	at org.apache.hadoop.ipc.ProtobufRpcEngine$Server$ProtoBufRpcInvoker.call(ProtobufRpcEngine.java:523)
	at org.apache.hadoop.ipc.RPC$Server.call(RPC.java:991)
	at org.apache.hadoop.ipc.Server$RpcCall.run(Server.java:872)
	at org.apache.hadoop.ipc.Server$RpcCall.run(Server.java:818)
	at java.security.AccessController.doPrivileged(Native Method)
	at javax.security.auth.Subject.doAs(Subject.java:422)
	at org.apache.hadoop.security.UserGroupInformation.doAs(UserGroupInformation.java:1729)
	at org.apache.hadoop.ipc.Server$Handler.run(Server.java:2678)
Caused by: org.apache.hadoop.hdfs.server.namenode.SafeModeException: Cannot create file/myfile3._COPYING_. Name node is in safe mode.
The reported blocks 110 has reached the threshold 0.9990 of total blocks 110. The number of live datanodes 3 has reached the minimum number 0. In safe mode extension. Safe mode will be turned off automatically in 23 seconds. NamenodeHostName:node-0-link-0
	at org.apache.hadoop.hdfs.server.namenode.FSNamesystem.newSafemodeException(FSNamesystem.java:1450)
	at org.apache.hadoop.hdfs.server.namenode.FSNamesystem.checkNameNodeSafeMode(FSNamesystem.java:1437)
	... 13 more
, while invoking ClientNamenodeProtocolTranslatorPB.create over node-0-link-0/10.10.1.1:8020. Retrying after sleeping for 1394ms.
2019-02-19 22:05:36,715 INFO retry.RetryInvocationHandler: org.apache.hadoop.ipc.RemoteException(org.apache.hadoop.ipc.RetriableException): org.apache.hadoop.hdfs.server.namenode.SafeModeException: Cannot create file/myfile3._COPYING_. Name node is in safe mode.
The reported blocks 110 has reached the threshold 0.9990 of total blocks 110. The number of live datanodes 3 has reached the minimum number 0. In safe mode extension. Safe mode will be turned off automatically in 22 seconds. NamenodeHostName:node-0-link-0
	at org.apache.hadoop.hdfs.server.namenode.FSNamesystem.checkNameNodeSafeMode(FSNamesystem.java:1441)
	at org.apache.hadoop.hdfs.server.namenode.FSNamesystem.startFileInt(FSNamesystem.java:2401)
	at org.apache.hadoop.hdfs.server.namenode.FSNamesystem.startFile(FSNamesystem.java:2347)
	at org.apache.hadoop.hdfs.server.namenode.NameNodeRpcServer.create(NameNodeRpcServer.java:774)
	at org.apache.hadoop.hdfs.protocolPB.ClientNamenodeProtocolServerSideTranslatorPB.create(ClientNamenodeProtocolServerSideTranslatorPB.java:462)
	at org.apache.hadoop.hdfs.protocol.proto.ClientNamenodeProtocolProtos$ClientNamenodeProtocol$2.callBlockingMethod(ClientNamenodeProtocolProtos.java)
	at org.apache.hadoop.ipc.ProtobufRpcEngine$Server$ProtoBufRpcInvoker.call(ProtobufRpcEngine.java:523)
	at org.apache.hadoop.ipc.RPC$Server.call(RPC.java:991)
	at org.apache.hadoop.ipc.Server$RpcCall.run(Server.java:872)
	at org.apache.hadoop.ipc.Server$RpcCall.run(Server.java:818)
	at java.security.AccessController.doPrivileged(Native Method)
	at javax.security.auth.Subject.doAs(Subject.java:422)
	at org.apache.hadoop.security.UserGroupInformation.doAs(UserGroupInformation.java:1729)
	at org.apache.hadoop.ipc.Server$Handler.run(Server.java:2678)
Caused by: org.apache.hadoop.hdfs.server.namenode.SafeModeException: Cannot create file/myfile3._COPYING_. Name node is in safe mode.
The reported blocks 110 has reached the threshold 0.9990 of total blocks 110. The number of live datanodes 3 has reached the minimum number 0. In safe mode extension. Safe mode will be turned off automatically in 22 seconds. NamenodeHostName:node-0-link-0
	at org.apache.hadoop.hdfs.server.namenode.FSNamesystem.newSafemodeException(FSNamesystem.java:1450)
	at org.apache.hadoop.hdfs.server.namenode.FSNamesystem.checkNameNodeSafeMode(FSNamesystem.java:1437)
	... 13 more
, while invoking ClientNamenodeProtocolTranslatorPB.create over node-0-link-0/10.10.1.1:8020. Retrying after sleeping for 1866ms.
2019-02-19 22:05:38,586 INFO retry.RetryInvocationHandler: org.apache.hadoop.ipc.RemoteException(org.apache.hadoop.ipc.RetriableException): org.apache.hadoop.hdfs.server.namenode.SafeModeException: Cannot create file/myfile3._COPYING_. Name node is in safe mode.
The reported blocks 110 has reached the threshold 0.9990 of total blocks 110. The number of live datanodes 3 has reached the minimum number 0. In safe mode extension. Safe mode will be turned off automatically in 20 seconds. NamenodeHostName:node-0-link-0
	at org.apache.hadoop.hdfs.server.namenode.FSNamesystem.checkNameNodeSafeMode(FSNamesystem.java:1441)
	at org.apache.hadoop.hdfs.server.namenode.FSNamesystem.startFileInt(FSNamesystem.java:2401)
	at org.apache.hadoop.hdfs.server.namenode.FSNamesystem.startFile(FSNamesystem.java:2347)
	at org.apache.hadoop.hdfs.server.namenode.NameNodeRpcServer.create(NameNodeRpcServer.java:774)
	at org.apache.hadoop.hdfs.protocolPB.ClientNamenodeProtocolServerSideTranslatorPB.create(ClientNamenodeProtocolServerSideTranslatorPB.java:462)
	at org.apache.hadoop.hdfs.protocol.proto.ClientNamenodeProtocolProtos$ClientNamenodeProtocol$2.callBlockingMethod(ClientNamenodeProtocolProtos.java)
	at org.apache.hadoop.ipc.ProtobufRpcEngine$Server$ProtoBufRpcInvoker.call(ProtobufRpcEngine.java:523)
	at org.apache.hadoop.ipc.RPC$Server.call(RPC.java:991)
	at org.apache.hadoop.ipc.Server$RpcCall.run(Server.java:872)
	at org.apache.hadoop.ipc.Server$RpcCall.run(Server.java:818)
	at java.security.AccessController.doPrivileged(Native Method)
	at javax.security.auth.Subject.doAs(Subject.java:422)
	at org.apache.hadoop.security.UserGroupInformation.doAs(UserGroupInformation.java:1729)
	at org.apache.hadoop.ipc.Server$Handler.run(Server.java:2678)
Caused by: org.apache.hadoop.hdfs.server.namenode.SafeModeException: Cannot create file/myfile3._COPYING_. Name node is in safe mode.
The reported blocks 110 has reached the threshold 0.9990 of total blocks 110. The number of live datanodes 3 has reached the minimum number 0. In safe mode extension. Safe mode will be turned off automatically in 20 seconds. NamenodeHostName:node-0-link-0
	at org.apache.hadoop.hdfs.server.namenode.FSNamesystem.newSafemodeException(FSNamesystem.java:1450)
	at org.apache.hadoop.hdfs.server.namenode.FSNamesystem.checkNameNodeSafeMode(FSNamesystem.java:1437)
	... 13 more
, while invoking ClientNamenodeProtocolTranslatorPB.create over node-0-link-0/10.10.1.1:8020. Retrying after sleeping for 2948ms.
2019-02-19 22:05:41,537 INFO retry.RetryInvocationHandler: org.apache.hadoop.ipc.RemoteException(org.apache.hadoop.ipc.RetriableException): org.apache.hadoop.hdfs.server.namenode.SafeModeException: Cannot create file/myfile3._COPYING_. Name node is in safe mode.
The reported blocks 110 has reached the threshold 0.9990 of total blocks 110. The number of live datanodes 3 has reached the minimum number 0. In safe mode extension. Safe mode will be turned off automatically in 17 seconds. NamenodeHostName:node-0-link-0
	at org.apache.hadoop.hdfs.server.namenode.FSNamesystem.checkNameNodeSafeMode(FSNamesystem.java:1441)
	at org.apache.hadoop.hdfs.server.namenode.FSNamesystem.startFileInt(FSNamesystem.java:2401)
	at org.apache.hadoop.hdfs.server.namenode.FSNamesystem.startFile(FSNamesystem.java:2347)
	at org.apache.hadoop.hdfs.server.namenode.NameNodeRpcServer.create(NameNodeRpcServer.java:774)
	at org.apache.hadoop.hdfs.protocolPB.ClientNamenodeProtocolServerSideTranslatorPB.create(ClientNamenodeProtocolServerSideTranslatorPB.java:462)
	at org.apache.hadoop.hdfs.protocol.proto.ClientNamenodeProtocolProtos$ClientNamenodeProtocol$2.callBlockingMethod(ClientNamenodeProtocolProtos.java)
	at org.apache.hadoop.ipc.ProtobufRpcEngine$Server$ProtoBufRpcInvoker.call(ProtobufRpcEngine.java:523)
	at org.apache.hadoop.ipc.RPC$Server.call(RPC.java:991)
	at org.apache.hadoop.ipc.Server$RpcCall.run(Server.java:872)
	at org.apache.hadoop.ipc.Server$RpcCall.run(Server.java:818)
	at java.security.AccessController.doPrivileged(Native Method)
	at javax.security.auth.Subject.doAs(Subject.java:422)
	at org.apache.hadoop.security.UserGroupInformation.doAs(UserGroupInformation.java:1729)
	at org.apache.hadoop.ipc.Server$Handler.run(Server.java:2678)
Caused by: org.apache.hadoop.hdfs.server.namenode.SafeModeException: Cannot create file/myfile3._COPYING_. Name node is in safe mode.
The reported blocks 110 has reached the threshold 0.9990 of total blocks 110. The number of live datanodes 3 has reached the minimum number 0. In safe mode extension. Safe mode will be turned off automatically in 17 seconds. NamenodeHostName:node-0-link-0
	at org.apache.hadoop.hdfs.server.namenode.FSNamesystem.newSafemodeException(FSNamesystem.java:1450)
	at org.apache.hadoop.hdfs.server.namenode.FSNamesystem.checkNameNodeSafeMode(FSNamesystem.java:1437)
	... 13 more
, while invoking ClientNamenodeProtocolTranslatorPB.create over node-0-link-0/10.10.1.1:8020. Retrying after sleeping for 9594ms.
2019-02-19 22:05:51,134 INFO retry.RetryInvocationHandler: org.apache.hadoop.ipc.RemoteException(org.apache.hadoop.ipc.RetriableException): org.apache.hadoop.hdfs.server.namenode.SafeModeException: Cannot create file/myfile3._COPYING_. Name node is in safe mode.
The reported blocks 110 has reached the threshold 0.9990 of total blocks 110. The number of live datanodes 3 has reached the minimum number 0. In safe mode extension. Safe mode will be turned off automatically in 7 seconds. NamenodeHostName:node-0-link-0
	at org.apache.hadoop.hdfs.server.namenode.FSNamesystem.checkNameNodeSafeMode(FSNamesystem.java:1441)
	at org.apache.hadoop.hdfs.server.namenode.FSNamesystem.startFileInt(FSNamesystem.java:2401)
	at org.apache.hadoop.hdfs.server.namenode.FSNamesystem.startFile(FSNamesystem.java:2347)
	at org.apache.hadoop.hdfs.server.namenode.NameNodeRpcServer.create(NameNodeRpcServer.java:774)
	at org.apache.hadoop.hdfs.protocolPB.ClientNamenodeProtocolServerSideTranslatorPB.create(ClientNamenodeProtocolServerSideTranslatorPB.java:462)
	at org.apache.hadoop.hdfs.protocol.proto.ClientNamenodeProtocolProtos$ClientNamenodeProtocol$2.callBlockingMethod(ClientNamenodeProtocolProtos.java)
	at org.apache.hadoop.ipc.ProtobufRpcEngine$Server$ProtoBufRpcInvoker.call(ProtobufRpcEngine.java:523)
	at org.apache.hadoop.ipc.RPC$Server.call(RPC.java:991)
	at org.apache.hadoop.ipc.Server$RpcCall.run(Server.java:872)
	at org.apache.hadoop.ipc.Server$RpcCall.run(Server.java:818)
	at java.security.AccessController.doPrivileged(Native Method)
	at javax.security.auth.Subject.doAs(Subject.java:422)
	at org.apache.hadoop.security.UserGroupInformation.doAs(UserGroupInformation.java:1729)
	at org.apache.hadoop.ipc.Server$Handler.run(Server.java:2678)
Caused by: org.apache.hadoop.hdfs.server.namenode.SafeModeException: Cannot create file/myfile3._COPYING_. Name node is in safe mode.
The reported blocks 110 has reached the threshold 0.9990 of total blocks 110. The number of live datanodes 3 has reached the minimum number 0. In safe mode extension. Safe mode will be turned off automatically in 7 seconds. NamenodeHostName:node-0-link-0
	at org.apache.hadoop.hdfs.server.namenode.FSNamesystem.newSafemodeException(FSNamesystem.java:1450)
	at org.apache.hadoop.hdfs.server.namenode.FSNamesystem.checkNameNodeSafeMode(FSNamesystem.java:1437)
	... 13 more
, while invoking ClientNamenodeProtocolTranslatorPB.create over node-0-link-0/10.10.1.1:8020. Retrying after sleeping for 11889ms.
Found 19 items
-rw-r--r--   3 root supergroup  805306368 2019-02-19 22:06 /myfile10._COPYING_
-rw-r--r--   3 root supergroup 1073741824 2019-02-19 22:06 /myfile11
-rw-r--r--   3 root supergroup 1073741824 2019-02-19 22:06 /myfile12
-rw-r--r--   3 root supergroup  805306368 2019-02-19 22:06 /myfile13._COPYING_
-rw-r--r--   3 root supergroup 1073741824 2019-02-19 22:03 /myfile14
-rw-r--r--   3 root supergroup  805306368 2019-02-19 22:06 /myfile15._COPYING_
-rw-r--r--   3 root supergroup 1073741824 2019-02-19 22:06 /myfile16
-rw-r--r--   3 root supergroup 1073741824 2019-02-19 22:06 /myfile17
-rw-r--r--   3 root supergroup 1073741824 2019-02-19 22:06 /myfile18
-rw-r--r--   3 root supergroup 1073741824 2019-02-19 22:06 /myfile19
-rw-r--r--   3 root supergroup  805306368 2019-02-19 22:06 /myfile2._COPYING_
-rw-r--r--   3 root supergroup 1073741824 2019-02-19 22:06 /myfile20
-rw-r--r--   3 root supergroup 1073741824 2019-02-19 22:06 /myfile3
-rw-r--r--   3 root supergroup 1073741824 2019-02-19 22:06 /myfile4
-rw-r--r--   3 root supergroup 1073741824 2019-02-19 22:06 /myfile5
-rw-r--r--   3 root supergroup 1073741824 2019-02-19 22:06 /myfile6
-rw-r--r--   3 root supergroup 1073741824 2019-02-19 22:06 /myfile7
-rw-r--r--   3 root supergroup 1073741824 2019-02-19 22:06 /myfile8
-rw-r--r--   3 root supergroup 1073741824 2019-02-19 22:06 /myfile9
file 3 has been put into HDFS
file 3 has been read from HDFS for 1 time
diff succeed!
file 3 has been read from HDFS for 2 time
diff succeed!
file 3 has been read from HDFS for 3 time
diff succeed!
file 3 has been read from HDFS for 4 time
diff succeed!
file 3 has been read from HDFS for 5 time
diff succeed!
file 3 has been read from HDFS for 6 time
diff succeed!
file 3 has been read from HDFS for 7 time
diff succeed!
file 3 has been read from HDFS for 8 time
diff succeed!
file 3 has been read from HDFS for 9 time
diff succeed!
file 3 has been read from HDFS for 10 time
diff succeed!
Deleted /myfile3
file 3 has been removed from HDFS
Found 19 items
-rw-r--r--   3 root supergroup 1073741824 2019-02-19 22:07 /myfile1
-rw-r--r--   3 root supergroup 1073741824 2019-02-19 22:06 /myfile10
-rw-r--r--   3 root supergroup 1073741824 2019-02-19 22:06 /myfile11
-rw-r--r--   3 root supergroup 1073741824 2019-02-19 22:10 /myfile12
-rw-r--r--   3 root supergroup 1073741824 2019-02-19 22:10 /myfile14
-rw-r--r--   3 root supergroup  671088640 2019-02-19 22:10 /myfile15._COPYING_
-rw-r--r--   3 root supergroup 1073741824 2019-02-19 22:10 /myfile16
-rw-r--r--   3 root supergroup 1073741824 2019-02-19 22:06 /myfile17
-rw-r--r--   3 root supergroup 1073741824 2019-02-19 22:10 /myfile18
-rw-r--r--   3 root supergroup  268435456 2019-02-19 22:10 /myfile19._COPYING_
-rw-r--r--   3 root supergroup 1073741824 2019-02-19 22:06 /myfile2
-rw-r--r--   3 root supergroup 1073741824 2019-02-19 22:10 /myfile20
-rw-r--r--   3 root supergroup 1073741824 2019-02-19 22:10 /myfile3
-rw-r--r--   3 root supergroup 1073741824 2019-02-19 22:06 /myfile4
-rw-r--r--   3 root supergroup 1073741824 2019-02-19 22:06 /myfile5
-rw-r--r--   3 root supergroup 1073741824 2019-02-19 22:06 /myfile6
-rw-r--r--   3 root supergroup  939524096 2019-02-19 22:10 /myfile7._COPYING_
-rw-r--r--   3 root supergroup 1073741824 2019-02-19 22:10 /myfile8
-rw-r--r--   3 root supergroup 1073741824 2019-02-19 22:10 /myfile9
file 3 has been put into HDFS
file 3 has been read from HDFS for 1 time
diff succeed!
file 3 has been read from HDFS for 2 time
diff succeed!
file 3 has been read from HDFS for 3 time
diff succeed!
file 3 has been read from HDFS for 4 time
diff succeed!
file 3 has been read from HDFS for 5 time
diff succeed!
file 3 has been read from HDFS for 6 time
diff succeed!
file 3 has been read from HDFS for 7 time
diff succeed!
file 3 has been read from HDFS for 8 time
diff succeed!
file 3 has been read from HDFS for 9 time
diff succeed!
file 3 has been read from HDFS for 10 time
diff succeed!
Deleted /myfile3
file 3 has been removed from HDFS
Found 20 items
-rw-r--r--   3 root supergroup 1073741824 2019-02-19 22:12 /myfile1
-rw-r--r--   3 root supergroup 1073741824 2019-02-19 22:12 /myfile10
-rw-r--r--   3 root supergroup 1073741824 2019-02-19 22:11 /myfile11
-rw-r--r--   3 root supergroup 1073741824 2019-02-19 22:15 /myfile12
-rw-r--r--   3 root supergroup 1073741824 2019-02-19 22:10 /myfile13
-rw-r--r--   3 root supergroup 1073741824 2019-02-19 22:15 /myfile14
-rw-r--r--   3 root supergroup  805306368 2019-02-19 22:14 /myfile15._COPYING_
-rw-r--r--   3 root supergroup 1073741824 2019-02-19 22:15 /myfile16
-rw-r--r--   3 root supergroup 1073741824 2019-02-19 22:12 /myfile17
-rw-r--r--   3 root supergroup 1073741824 2019-02-19 22:15 /myfile18
-rw-r--r--   3 root supergroup 1073741824 2019-02-19 22:10 /myfile19
-rw-r--r--   3 root supergroup 1073741824 2019-02-19 22:11 /myfile2
-rw-r--r--   3 root supergroup  805306368 2019-02-19 22:14 /myfile20._COPYING_
-rw-r--r--   3 root supergroup 1073741824 2019-02-19 22:15 /myfile3
-rw-r--r--   3 root supergroup 1073741824 2019-02-19 22:11 /myfile4
-rw-r--r--   3 root supergroup 1073741824 2019-02-19 22:12 /myfile5
-rw-r--r--   3 root supergroup 1073741824 2019-02-19 22:12 /myfile6
-rw-r--r--   3 root supergroup 1073741824 2019-02-19 22:10 /myfile7
-rw-r--r--   3 root supergroup 1073741824 2019-02-19 22:10 /myfile8
-rw-r--r--   3 root supergroup 1073741824 2019-02-19 22:15 /myfile9
file 3 has been put into HDFS
file 3 has been read from HDFS for 1 time
diff succeed!
file 3 has been read from HDFS for 2 time
diff succeed!
file 3 has been read from HDFS for 3 time
diff succeed!
file 3 has been read from HDFS for 4 time
diff succeed!
file 3 has been read from HDFS for 5 time
diff succeed!
file 3 has been read from HDFS for 6 time
diff succeed!
file 3 has been read from HDFS for 7 time
diff succeed!
file 3 has been read from HDFS for 8 time
diff succeed!
file 3 has been read from HDFS for 9 time
diff succeed!
file 3 has been read from HDFS for 10 time
diff succeed!
Deleted /myfile3
file 3 has been removed from HDFS
Found 19 items
-rw-r--r--   3 root supergroup 1073741824 2019-02-19 22:17 /myfile1
-rw-r--r--   3 root supergroup 1073741824 2019-02-19 22:17 /myfile10
-rw-r--r--   3 root supergroup 1073741824 2019-02-19 22:18 /myfile11
-rw-r--r--   3 root supergroup 1073741824 2019-02-19 22:19 /myfile12
-rw-r--r--   3 root supergroup 1073741824 2019-02-19 22:17 /myfile13
-rw-r--r--   3 root supergroup 1073741824 2019-02-19 22:19 /myfile14
-rw-r--r--   3 root supergroup 1073741824 2019-02-19 22:19 /myfile15
-rw-r--r--   3 root supergroup 1073741824 2019-02-19 22:19 /myfile16
-rw-r--r--   3 root supergroup 1073741824 2019-02-19 22:17 /myfile17
-rw-r--r--   3 root supergroup 1073741824 2019-02-19 22:15 /myfile18
-rw-r--r--   3 root supergroup 1073741824 2019-02-19 22:17 /myfile19
-rw-r--r--   3 root supergroup 1073741824 2019-02-19 22:18 /myfile2
-rw-r--r--   3 root supergroup 1073741824 2019-02-19 22:19 /myfile20
-rw-r--r--   3 root supergroup 1073741824 2019-02-19 22:19 /myfile3
-rw-r--r--   3 root supergroup 1073741824 2019-02-19 22:17 /myfile4
-rw-r--r--   3 root supergroup 1073741824 2019-02-19 22:17 /myfile5
-rw-r--r--   3 root supergroup 1073741824 2019-02-19 22:17 /myfile6
-rw-r--r--   3 root supergroup 1073741824 2019-02-19 22:17 /myfile7
-rw-r--r--   3 root supergroup 1073741824 2019-02-19 22:15 /myfile9
file 3 has been put into HDFS
file 3 has been read from HDFS for 1 time
diff succeed!
file 3 has been read from HDFS for 2 time
diff succeed!
file 3 has been read from HDFS for 3 time
diff succeed!
file 3 has been read from HDFS for 4 time
diff succeed!
file 3 has been read from HDFS for 5 time
diff succeed!
file 3 has been read from HDFS for 6 time
diff succeed!
file 3 has been read from HDFS for 7 time
diff succeed!
file 3 has been read from HDFS for 8 time
diff succeed!
file 3 has been read from HDFS for 9 time
diff succeed!
file 3 has been read from HDFS for 10 time
diff succeed!
Deleted /myfile3
file 3 has been removed from HDFS
Found 19 items
-rw-r--r--   3 root supergroup 1073741824 2019-02-19 22:22 /myfile1
-rw-r--r--   3 root supergroup 1073741824 2019-02-19 22:21 /myfile10
-rw-r--r--   3 root supergroup  939524096 2019-02-19 22:23 /myfile11._COPYING_
-rw-r--r--   3 root supergroup  671088640 2019-02-19 22:23 /myfile12._COPYING_
-rw-r--r--   3 root supergroup 1073741824 2019-02-19 22:21 /myfile13
-rw-r--r--   3 root supergroup 1073741824 2019-02-19 22:19 /myfile14
-rw-r--r--   3 root supergroup 1073741824 2019-02-19 22:19 /myfile15
-rw-r--r--   3 root supergroup 1073741824 2019-02-19 22:21 /myfile17
-rw-r--r--   3 root supergroup 1073741824 2019-02-19 22:21 /myfile18
-rw-r--r--   3 root supergroup 1073741824 2019-02-19 22:21 /myfile19
-rw-r--r--   3 root supergroup 1073741824 2019-02-19 22:23 /myfile2
-rw-r--r--   3 root supergroup  939524096 2019-02-19 22:23 /myfile20._COPYING_
-rw-r--r--   3 root supergroup 1073741824 2019-02-19 22:24 /myfile3
-rw-r--r--   3 root supergroup 1073741824 2019-02-19 22:21 /myfile4
-rw-r--r--   3 root supergroup 1073741824 2019-02-19 22:21 /myfile5
-rw-r--r--   3 root supergroup 1073741824 2019-02-19 22:21 /myfile6
-rw-r--r--   3 root supergroup 1073741824 2019-02-19 22:21 /myfile7
-rw-r--r--   3 root supergroup 1073741824 2019-02-19 22:20 /myfile8
-rw-r--r--   3 root supergroup 1073741824 2019-02-19 22:21 /myfile9
file 3 has been put into HDFS
file 3 has been read from HDFS for 1 time
diff succeed!
file 3 has been read from HDFS for 2 time
diff succeed!
file 3 has been read from HDFS for 3 time
diff succeed!
file 3 has been read from HDFS for 4 time
diff succeed!
file 3 has been read from HDFS for 5 time
diff succeed!
2019-02-19 22:26:59,129 INFO retry.RetryInvocationHandler: org.apache.hadoop.ipc.RemoteException(org.apache.hadoop.ipc.StandbyException): Operation category READ is not supported in state standby. Visit https://s.apache.org/sbnn-error
	at org.apache.hadoop.hdfs.server.namenode.ha.StandbyState.checkOperation(StandbyState.java:88)
	at org.apache.hadoop.hdfs.server.namenode.NameNode$NameNodeHAContext.checkOperation(NameNode.java:1952)
	at org.apache.hadoop.hdfs.server.namenode.FSNamesystem.checkOperation(FSNamesystem.java:1423)
	at org.apache.hadoop.hdfs.server.namenode.FSNamesystem.getFileInfo(FSNamesystem.java:3085)
	at org.apache.hadoop.hdfs.server.namenode.NameNodeRpcServer.getFileInfo(NameNodeRpcServer.java:1154)
	at org.apache.hadoop.hdfs.protocolPB.ClientNamenodeProtocolServerSideTranslatorPB.getFileInfo(ClientNamenodeProtocolServerSideTranslatorPB.java:966)
	at org.apache.hadoop.hdfs.protocol.proto.ClientNamenodeProtocolProtos$ClientNamenodeProtocol$2.callBlockingMethod(ClientNamenodeProtocolProtos.java)
	at org.apache.hadoop.ipc.ProtobufRpcEngine$Server$ProtoBufRpcInvoker.call(ProtobufRpcEngine.java:523)
	at org.apache.hadoop.ipc.RPC$Server.call(RPC.java:991)
	at org.apache.hadoop.ipc.Server$RpcCall.run(Server.java:872)
	at org.apache.hadoop.ipc.Server$RpcCall.run(Server.java:818)
	at java.security.AccessController.doPrivileged(Native Method)
	at javax.security.auth.Subject.doAs(Subject.java:422)
	at org.apache.hadoop.security.UserGroupInformation.doAs(UserGroupInformation.java:1729)
	at org.apache.hadoop.ipc.Server$Handler.run(Server.java:2678)
, while invoking ClientNamenodeProtocolTranslatorPB.getFileInfo over node-1-link-0/10.10.1.4:8020 after 1 failover attempts. Trying to failover after sleeping for 1016ms.
2019-02-19 22:27:00,151 INFO retry.RetryInvocationHandler: java.net.ConnectException: Call From clnode059.clemson.cloudlab.us/130.127.133.68 to node-0-link-0:8020 failed on connection exception: java.net.ConnectException: Connection refused; For more details see:  http://wiki.apache.org/hadoop/ConnectionRefused, while invoking ClientNamenodeProtocolTranslatorPB.getFileInfo over node-0-link-0/10.10.1.1:8020 after 2 failover attempts. Trying to failover after sleeping for 2944ms.
file 3 has been read from HDFS for 6 time
diff succeed!
file 3 has been read from HDFS for 7 time
diff succeed!
file 3 has been read from HDFS for 8 time
diff succeed!
file 3 has been read from HDFS for 9 time
diff succeed!
file 3 has been read from HDFS for 10 time
diff succeed!
Deleted /myfile3
file 3 has been removed from HDFS
Found 18 items
-rw-r--r--   3 root supergroup 1073741824 2019-02-19 22:30 /myfile1
-rw-r--r--   3 root supergroup 1073741824 2019-02-19 22:30 /myfile10
-rw-r--r--   3 root supergroup 1073741824 2019-02-19 22:30 /myfile11
-rw-r--r--   3 root supergroup 1073741824 2019-02-19 22:28 /myfile12
-rw-r--r--   3 root supergroup  536870912 2019-02-19 22:30 /myfile13._COPYING_
-rw-r--r--   3 root supergroup  402653184 2019-02-19 22:30 /myfile14._COPYING_
-rw-r--r--   3 root supergroup 1073741824 2019-02-19 22:29 /myfile15
-rw-r--r--   3 root supergroup 1073741824 2019-02-19 22:28 /myfile16
-rw-r--r--   3 root supergroup 1073741824 2019-02-19 22:29 /myfile17
-rw-r--r--   3 root supergroup 1073741824 2019-02-19 22:29 /myfile18
-rw-r--r--   3 root supergroup 1073741824 2019-02-19 22:28 /myfile2
-rw-r--r--   3 root supergroup 1073741824 2019-02-19 22:28 /myfile20
-rw-r--r--   3 root supergroup 1073741824 2019-02-19 22:30 /myfile3
-rw-r--r--   3 root supergroup 1073741824 2019-02-19 22:30 /myfile4
-rw-r--r--   3 root supergroup  402653184 2019-02-19 22:30 /myfile5._COPYING_
-rw-r--r--   3 root supergroup 1073741824 2019-02-19 22:26 /myfile6
-rw-r--r--   3 root supergroup 1073741824 2019-02-19 22:29 /myfile7
-rw-r--r--   3 root supergroup 1073741824 2019-02-19 22:29 /myfile8
file 3 has been put into HDFS
file 3 has been read from HDFS for 1 time
diff succeed!
file 3 has been read from HDFS for 2 time
diff succeed!
file 3 has been read from HDFS for 3 time
diff succeed!
file 3 has been read from HDFS for 4 time
diff succeed!
file 3 has been read from HDFS for 5 time
diff succeed!
file 3 has been read from HDFS for 6 time
diff succeed!
file 3 has been read from HDFS for 7 time
diff succeed!
file 3 has been read from HDFS for 8 time
diff succeed!
file 3 has been read from HDFS for 9 time
diff succeed!
file 3 has been read from HDFS for 10 time
diff succeed!
Deleted /myfile3
file 3 has been removed from HDFS
Found 20 items
-rw-r--r--   3 root supergroup 1073741824 2019-02-19 22:35 /myfile1
-rw-r--r--   3 root supergroup 1073741824 2019-02-19 22:35 /myfile10
-rw-r--r--   3 root supergroup 1073741824 2019-02-19 22:34 /myfile11
-rw-r--r--   3 root supergroup 1073741824 2019-02-19 22:33 /myfile12
-rw-r--r--   3 root supergroup 1073741824 2019-02-19 22:35 /myfile13
-rw-r--r--   3 root supergroup 1073741824 2019-02-19 22:35 /myfile14
-rw-r--r--   3 root supergroup 1073741824 2019-02-19 22:33 /myfile15
-rw-r--r--   3 root supergroup 1073741824 2019-02-19 22:33 /myfile16
-rw-r--r--   3 root supergroup 1073741824 2019-02-19 22:33 /myfile17
-rw-r--r--   3 root supergroup 1073741824 2019-02-19 22:33 /myfile18
-rw-r--r--   3 root supergroup 1073741824 2019-02-19 22:35 /myfile19
-rw-r--r--   3 root supergroup 1073741824 2019-02-19 22:33 /myfile2
-rw-r--r--   3 root supergroup 1073741824 2019-02-19 22:33 /myfile20
-rw-r--r--   3 root supergroup 1073741824 2019-02-19 22:35 /myfile3
-rw-r--r--   3 root supergroup 1073741824 2019-02-19 22:35 /myfile4
-rw-r--r--   3 root supergroup 1073741824 2019-02-19 22:35 /myfile5
-rw-r--r--   3 root supergroup 1073741824 2019-02-19 22:33 /myfile6
-rw-r--r--   3 root supergroup 1073741824 2019-02-19 22:34 /myfile7
-rw-r--r--   3 root supergroup 1073741824 2019-02-19 22:33 /myfile8
-rw-r--r--   3 root supergroup 1073741824 2019-02-19 22:35 /myfile9
file 3 has been put into HDFS
file 3 has been read from HDFS for 1 time
diff succeed!
file 3 has been read from HDFS for 2 time
diff succeed!
file 3 has been read from HDFS for 3 time
diff succeed!
file 3 has been read from HDFS for 4 time
diff succeed!
file 3 has been read from HDFS for 5 time
diff succeed!
sub_benchmark 6 signal TERM catched and let quit gracefully
file 3 has been read from HDFS for 6 time
diff succeed!
Deleted /myfile3
file 3 has been removed from HDFS
