Found 20 items
-rw-r--r--   3 root supergroup 1073741824 2019-02-19 21:53 /myfile1
-rw-r--r--   3 root supergroup 1073741824 2019-02-19 21:53 /myfile10
-rw-r--r--   3 root supergroup 1073741824 2019-02-19 21:53 /myfile11
-rw-r--r--   3 root supergroup 1073741824 2019-02-19 21:53 /myfile12
-rw-r--r--   3 root supergroup 1073741824 2019-02-19 21:53 /myfile13
-rw-r--r--   3 root supergroup 1073741824 2019-02-19 21:53 /myfile14
-rw-r--r--   3 root supergroup 1073741824 2019-02-19 21:53 /myfile15
-rw-r--r--   3 root supergroup 1073741824 2019-02-19 21:53 /myfile16
-rw-r--r--   3 root supergroup 1073741824 2019-02-19 21:53 /myfile17
-rw-r--r--   3 root supergroup 1073741824 2019-02-19 21:53 /myfile18
-rw-r--r--   3 root supergroup 1073741824 2019-02-19 21:53 /myfile19
-rw-r--r--   3 root supergroup 1073741824 2019-02-19 21:53 /myfile2
-rw-r--r--   3 root supergroup 1073741824 2019-02-19 21:53 /myfile20
-rw-r--r--   3 root supergroup 1073741824 2019-02-19 21:53 /myfile3
-rw-r--r--   3 root supergroup 1073741824 2019-02-19 21:53 /myfile4
-rw-r--r--   3 root supergroup 1073741824 2019-02-19 21:53 /myfile5
-rw-r--r--   3 root supergroup 1073741824 2019-02-19 21:53 /myfile6
-rw-r--r--   3 root supergroup 1073741824 2019-02-19 21:53 /myfile7
-rw-r--r--   3 root supergroup 1073741824 2019-02-19 21:53 /myfile8
-rw-r--r--   3 root supergroup 1073741824 2019-02-19 21:53 /myfile9
file 14 has been put into HDFS
file 14 has been read from HDFS for 1 time
diff succeed!
file 14 has been read from HDFS for 2 time
diff succeed!
file 14 has been read from HDFS for 3 time
diff succeed!
file 14 has been read from HDFS for 4 time
diff succeed!
file 14 has been read from HDFS for 5 time
diff succeed!
file 14 has been read from HDFS for 6 time
diff succeed!
file 14 has been read from HDFS for 7 time
diff succeed!
file 14 has been read from HDFS for 8 time
diff succeed!
file 14 has been read from HDFS for 9 time
diff succeed!
file 14 has been read from HDFS for 10 time
diff succeed!
Deleted /myfile14
file 14 has been removed from HDFS
Found 20 items
-rw-r--r--   3 root supergroup 1073741824 2019-02-19 21:58 /myfile1
-rw-r--r--   3 root supergroup 1073741824 2019-02-19 21:57 /myfile10
-rw-r--r--   3 root supergroup 1073741824 2019-02-19 21:57 /myfile11
-rw-r--r--   3 root supergroup 1073741824 2019-02-19 21:57 /myfile12
-rw-r--r--   3 root supergroup 1073741824 2019-02-19 21:57 /myfile13
-rw-r--r--   3 root supergroup 1073741824 2019-02-19 21:58 /myfile14
-rw-r--r--   3 root supergroup 1073741824 2019-02-19 21:57 /myfile15
-rw-r--r--   3 root supergroup 1073741824 2019-02-19 21:57 /myfile16
-rw-r--r--   3 root supergroup 1073741824 2019-02-19 21:57 /myfile17
-rw-r--r--   3 root supergroup 1073741824 2019-02-19 21:57 /myfile18
-rw-r--r--   3 root supergroup 1073741824 2019-02-19 21:57 /myfile19
-rw-r--r--   3 root supergroup 1073741824 2019-02-19 21:57 /myfile2
-rw-r--r--   3 root supergroup 1073741824 2019-02-19 21:57 /myfile20
-rw-r--r--   3 root supergroup 1073741824 2019-02-19 21:57 /myfile3
-rw-r--r--   3 root supergroup 1073741824 2019-02-19 21:58 /myfile4
-rw-r--r--   3 root supergroup 1073741824 2019-02-19 21:58 /myfile5
-rw-r--r--   3 root supergroup 1073741824 2019-02-19 21:57 /myfile6
-rw-r--r--   3 root supergroup 1073741824 2019-02-19 21:57 /myfile7
-rw-r--r--   3 root supergroup 1073741824 2019-02-19 21:57 /myfile8
-rw-r--r--   3 root supergroup 1073741824 2019-02-19 21:57 /myfile9
file 14 has been put into HDFS
file 14 has been read from HDFS for 1 time
diff succeed!
file 14 has been read from HDFS for 2 time
diff succeed!
file 14 has been read from HDFS for 3 time
diff succeed!
file 14 has been read from HDFS for 4 time
diff succeed!
file 14 has been read from HDFS for 5 time
diff succeed!
file 14 has been read from HDFS for 6 time
diff succeed!
file 14 has been read from HDFS for 7 time
diff succeed!
file 14 has been read from HDFS for 8 time
diff succeed!
file 14 has been read from HDFS for 9 time
diff succeed!
file 14 has been read from HDFS for 10 time
diff succeed!
Deleted /myfile14
file 14 has been removed from HDFS
Found 20 items
-rw-r--r--   3 root supergroup 1073741824 2019-02-19 22:01 /myfile1
-rw-r--r--   3 root supergroup 1073741824 2019-02-19 22:01 /myfile10
-rw-r--r--   3 root supergroup 1073741824 2019-02-19 22:01 /myfile11
-rw-r--r--   3 root supergroup 1073741824 2019-02-19 22:01 /myfile12
-rw-r--r--   3 root supergroup 1073741824 2019-02-19 22:01 /myfile13
-rw-r--r--   3 root supergroup 1073741824 2019-02-19 22:03 /myfile14
-rw-r--r--   3 root supergroup 1073741824 2019-02-19 22:01 /myfile15
-rw-r--r--   3 root supergroup 1073741824 2019-02-19 22:01 /myfile16
-rw-r--r--   3 root supergroup 1073741824 2019-02-19 22:01 /myfile17
-rw-r--r--   3 root supergroup 1073741824 2019-02-19 22:01 /myfile18
-rw-r--r--   3 root supergroup 1073741824 2019-02-19 22:01 /myfile19
-rw-r--r--   3 root supergroup 1073741824 2019-02-19 22:01 /myfile2
-rw-r--r--   3 root supergroup 1073741824 2019-02-19 22:01 /myfile20
-rw-r--r--   3 root supergroup 1073741824 2019-02-19 22:01 /myfile3
-rw-r--r--   3 root supergroup 1073741824 2019-02-19 22:01 /myfile4
-rw-r--r--   3 root supergroup 1073741824 2019-02-19 22:02 /myfile5
-rw-r--r--   3 root supergroup 1073741824 2019-02-19 22:01 /myfile6
-rw-r--r--   3 root supergroup 1073741824 2019-02-19 22:01 /myfile7
-rw-r--r--   3 root supergroup 1073741824 2019-02-19 22:01 /myfile8
-rw-r--r--   3 root supergroup 1073741824 2019-02-19 22:01 /myfile9
file 14 has been put into HDFS
file 14 has been read from HDFS for 1 time
diff succeed!
file 14 has been read from HDFS for 2 time
diff succeed!
file 14 has been read from HDFS for 3 time
diff succeed!
file 14 has been read from HDFS for 4 time
diff succeed!
file 14 has been read from HDFS for 5 time
diff succeed!
file 14 has been read from HDFS for 6 time
diff succeed!
file 14 has been read from HDFS for 7 time
diff succeed!
file 14 has been read from HDFS for 8 time
diff succeed!
file 14 has been read from HDFS for 9 time
diff succeed!
file 14 has been read from HDFS for 10 time
diff succeed!
Deleted /myfile14
file 14 has been removed from HDFS
Found 18 items
-rw-r--r--   3 root supergroup 1073741824 2019-02-19 22:07 /myfile1
-rw-r--r--   3 root supergroup 1073741824 2019-02-19 22:06 /myfile10
-rw-r--r--   3 root supergroup 1073741824 2019-02-19 22:06 /myfile11
-rw-r--r--   3 root supergroup  536870912 2019-02-19 22:10 /myfile12._COPYING_
-rw-r--r--   3 root supergroup 1073741824 2019-02-19 22:06 /myfile13
-rw-r--r--   3 root supergroup 1073741824 2019-02-19 22:10 /myfile14
-rw-r--r--   3 root supergroup  939524096 2019-02-19 22:09 /myfile16._COPYING_
-rw-r--r--   3 root supergroup 1073741824 2019-02-19 22:06 /myfile17
-rw-r--r--   3 root supergroup  805306368 2019-02-19 22:10 /myfile18._COPYING_
-rw-r--r--   3 root supergroup 1073741824 2019-02-19 22:06 /myfile2
-rw-r--r--   3 root supergroup  402653184 2019-02-19 22:10 /myfile20._COPYING_
-rw-r--r--   3 root supergroup  536870912 2019-02-19 22:10 /myfile3._COPYING_
-rw-r--r--   3 root supergroup 1073741824 2019-02-19 22:06 /myfile4
-rw-r--r--   3 root supergroup 1073741824 2019-02-19 22:06 /myfile5
-rw-r--r--   3 root supergroup 1073741824 2019-02-19 22:06 /myfile6
-rw-r--r--   3 root supergroup          0 2019-02-19 22:10 /myfile7._COPYING_
-rw-r--r--   3 root supergroup  536870912 2019-02-19 22:10 /myfile8._COPYING_
-rw-r--r--   3 root supergroup  268435456 2019-02-19 22:10 /myfile9._COPYING_
file 14 has been put into HDFS
file 14 has been read from HDFS for 1 time
diff succeed!
file 14 has been read from HDFS for 2 time
diff succeed!
file 14 has been read from HDFS for 3 time
diff succeed!
file 14 has been read from HDFS for 4 time
diff succeed!
file 14 has been read from HDFS for 5 time
diff succeed!
file 14 has been read from HDFS for 6 time
diff succeed!
file 14 has been read from HDFS for 7 time
diff succeed!
file 14 has been read from HDFS for 8 time
diff succeed!
file 14 has been read from HDFS for 9 time
diff succeed!
file 14 has been read from HDFS for 10 time
diff succeed!
Deleted /myfile14
file 14 has been removed from HDFS
Found 20 items
-rw-r--r--   3 root supergroup 1073741824 2019-02-19 22:12 /myfile1
-rw-r--r--   3 root supergroup 1073741824 2019-02-19 22:12 /myfile10
-rw-r--r--   3 root supergroup 1073741824 2019-02-19 22:11 /myfile11
-rw-r--r--   3 root supergroup 1073741824 2019-02-19 22:15 /myfile12
-rw-r--r--   3 root supergroup 1073741824 2019-02-19 22:10 /myfile13
-rw-r--r--   3 root supergroup 1073741824 2019-02-19 22:15 /myfile14
-rw-r--r--   3 root supergroup  805306368 2019-02-19 22:14 /myfile15._COPYING_
-rw-r--r--   3 root supergroup 1073741824 2019-02-19 22:15 /myfile16
-rw-r--r--   3 root supergroup 1073741824 2019-02-19 22:12 /myfile17
-rw-r--r--   3 root supergroup 1073741824 2019-02-19 22:15 /myfile18
-rw-r--r--   3 root supergroup 1073741824 2019-02-19 22:10 /myfile19
-rw-r--r--   3 root supergroup 1073741824 2019-02-19 22:11 /myfile2
-rw-r--r--   3 root supergroup  805306368 2019-02-19 22:14 /myfile20._COPYING_
-rw-r--r--   3 root supergroup 1073741824 2019-02-19 22:15 /myfile3
-rw-r--r--   3 root supergroup 1073741824 2019-02-19 22:11 /myfile4
-rw-r--r--   3 root supergroup 1073741824 2019-02-19 22:12 /myfile5
-rw-r--r--   3 root supergroup 1073741824 2019-02-19 22:12 /myfile6
-rw-r--r--   3 root supergroup 1073741824 2019-02-19 22:10 /myfile7
-rw-r--r--   3 root supergroup 1073741824 2019-02-19 22:10 /myfile8
-rw-r--r--   3 root supergroup 1073741824 2019-02-19 22:15 /myfile9
file 14 has been put into HDFS
file 14 has been read from HDFS for 1 time
diff succeed!
file 14 has been read from HDFS for 2 time
diff succeed!
file 14 has been read from HDFS for 3 time
diff succeed!
file 14 has been read from HDFS for 4 time
diff succeed!
file 14 has been read from HDFS for 5 time
diff succeed!
file 14 has been read from HDFS for 6 time
diff succeed!
file 14 has been read from HDFS for 7 time
diff succeed!
file 14 has been read from HDFS for 8 time
diff succeed!
file 14 has been read from HDFS for 9 time
diff succeed!
file 14 has been read from HDFS for 10 time
diff succeed!
Deleted /myfile14
file 14 has been removed from HDFS
Found 19 items
-rw-r--r--   3 root supergroup 1073741824 2019-02-19 22:17 /myfile1
-rw-r--r--   3 root supergroup 1073741824 2019-02-19 22:17 /myfile10
-rw-r--r--   3 root supergroup 1073741824 2019-02-19 22:18 /myfile11
-rw-r--r--   3 root supergroup 1073741824 2019-02-19 22:19 /myfile12
-rw-r--r--   3 root supergroup 1073741824 2019-02-19 22:17 /myfile13
-rw-r--r--   3 root supergroup 1073741824 2019-02-19 22:19 /myfile14
-rw-r--r--   3 root supergroup 1073741824 2019-02-19 22:19 /myfile15
-rw-r--r--   3 root supergroup 1073741824 2019-02-19 22:19 /myfile16
-rw-r--r--   3 root supergroup 1073741824 2019-02-19 22:17 /myfile17
-rw-r--r--   3 root supergroup 1073741824 2019-02-19 22:15 /myfile18
-rw-r--r--   3 root supergroup 1073741824 2019-02-19 22:17 /myfile19
-rw-r--r--   3 root supergroup 1073741824 2019-02-19 22:18 /myfile2
-rw-r--r--   3 root supergroup 1073741824 2019-02-19 22:19 /myfile20
-rw-r--r--   3 root supergroup 1073741824 2019-02-19 22:19 /myfile3
-rw-r--r--   3 root supergroup 1073741824 2019-02-19 22:17 /myfile4
-rw-r--r--   3 root supergroup 1073741824 2019-02-19 22:17 /myfile5
-rw-r--r--   3 root supergroup 1073741824 2019-02-19 22:17 /myfile6
-rw-r--r--   3 root supergroup 1073741824 2019-02-19 22:17 /myfile7
-rw-r--r--   3 root supergroup 1073741824 2019-02-19 22:15 /myfile9
file 14 has been put into HDFS
file 14 has been read from HDFS for 1 time
diff succeed!
file 14 has been read from HDFS for 2 time
diff succeed!
file 14 has been read from HDFS for 3 time
diff succeed!
file 14 has been read from HDFS for 4 time
diff succeed!
file 14 has been read from HDFS for 5 time
diff succeed!
file 14 has been read from HDFS for 6 time
diff succeed!
file 14 has been read from HDFS for 7 time
diff succeed!
file 14 has been read from HDFS for 8 time
diff succeed!
file 14 has been read from HDFS for 9 time
diff succeed!
file 14 has been read from HDFS for 10 time
diff succeed!
Deleted /myfile14
file 14 has been removed from HDFS
Found 20 items
-rw-r--r--   3 root supergroup 1073741824 2019-02-19 22:22 /myfile1
-rw-r--r--   3 root supergroup 1073741824 2019-02-19 22:21 /myfile10
-rw-r--r--   3 root supergroup 1073741824 2019-02-19 22:24 /myfile11
-rw-r--r--   3 root supergroup 1073741824 2019-02-19 22:24 /myfile12
-rw-r--r--   3 root supergroup 1073741824 2019-02-19 22:21 /myfile13
-rw-r--r--   3 root supergroup 1073741824 2019-02-19 22:25 /myfile14
-rw-r--r--   3 root supergroup 1073741824 2019-02-19 22:25 /myfile15
-rw-r--r--   3 root supergroup 1073741824 2019-02-19 22:24 /myfile16
-rw-r--r--   3 root supergroup  805306368 2019-02-19 22:25 /myfile17._COPYING_
-rw-r--r--   3 root supergroup 1073741824 2019-02-19 22:25 /myfile18
-rw-r--r--   3 root supergroup 1073741824 2019-02-19 22:25 /myfile19
-rw-r--r--   3 root supergroup 1073741824 2019-02-19 22:23 /myfile2
-rw-r--r--   3 root supergroup 1073741824 2019-02-19 22:24 /myfile20
-rw-r--r--   3 root supergroup 1073741824 2019-02-19 22:24 /myfile3
-rw-r--r--   3 root supergroup 1073741824 2019-02-19 22:25 /myfile4._COPYING_
-rw-r--r--   3 root supergroup 1073741824 2019-02-19 22:21 /myfile5
-rw-r--r--   3 root supergroup 1073741824 2019-02-19 22:21 /myfile6
-rw-r--r--   3 root supergroup  671088640 2019-02-19 22:25 /myfile7._COPYING_
-rw-r--r--   3 root supergroup 1073741824 2019-02-19 22:24 /myfile8
-rw-r--r--   3 root supergroup  536870912 2019-02-19 22:25 /myfile9._COPYING_
file 14 has been put into HDFS
file 14 has been read from HDFS for 1 time
diff succeed!
file 14 has been read from HDFS for 2 time
diff succeed!
file 14 has been read from HDFS for 3 time
diff succeed!
file 14 has been read from HDFS for 4 time
diff succeed!
file 14 has been read from HDFS for 5 time
diff succeed!
file 14 has been read from HDFS for 6 time
diff succeed!
file 14 has been read from HDFS for 7 time
diff succeed!
file 14 has been read from HDFS for 8 time
diff succeed!
file 14 has been read from HDFS for 9 time
diff succeed!
file 14 has been read from HDFS for 10 time
diff succeed!
Deleted /myfile14
file 14 has been removed from HDFS
Found 20 items
-rw-r--r--   3 root supergroup 1073741824 2019-02-19 22:30 /myfile1
-rw-r--r--   3 root supergroup 1073741824 2019-02-19 22:30 /myfile10
-rw-r--r--   3 root supergroup 1073741824 2019-02-19 22:30 /myfile11
-rw-r--r--   3 root supergroup 1073741824 2019-02-19 22:28 /myfile12
-rw-r--r--   3 root supergroup 1073741824 2019-02-19 22:30 /myfile13
-rw-r--r--   3 root supergroup 1073741824 2019-02-19 22:30 /myfile14
-rw-r--r--   3 root supergroup 1073741824 2019-02-19 22:29 /myfile15
-rw-r--r--   3 root supergroup 1073741824 2019-02-19 22:28 /myfile16
-rw-r--r--   3 root supergroup 1073741824 2019-02-19 22:29 /myfile17
-rw-r--r--   3 root supergroup 1073741824 2019-02-19 22:29 /myfile18
-rw-r--r--   3 root supergroup 1073741824 2019-02-19 22:30 /myfile19
-rw-r--r--   3 root supergroup 1073741824 2019-02-19 22:28 /myfile2
-rw-r--r--   3 root supergroup 1073741824 2019-02-19 22:28 /myfile20
-rw-r--r--   3 root supergroup 1073741824 2019-02-19 22:30 /myfile3
-rw-r--r--   3 root supergroup 1073741824 2019-02-19 22:30 /myfile4
-rw-r--r--   3 root supergroup 1073741824 2019-02-19 22:30 /myfile5
-rw-r--r--   3 root supergroup 1073741824 2019-02-19 22:26 /myfile6
-rw-r--r--   3 root supergroup 1073741824 2019-02-19 22:29 /myfile7
-rw-r--r--   3 root supergroup 1073741824 2019-02-19 22:29 /myfile8
-rw-r--r--   3 root supergroup 1073741824 2019-02-19 22:30 /myfile9
file 14 has been put into HDFS
file 14 has been read from HDFS for 1 time
diff succeed!
file 14 has been read from HDFS for 2 time
diff succeed!
file 14 has been read from HDFS for 3 time
diff succeed!
file 14 has been read from HDFS for 4 time
diff succeed!
file 14 has been read from HDFS for 5 time
diff succeed!
file 14 has been read from HDFS for 6 time
diff succeed!
file 14 has been read from HDFS for 7 time
diff succeed!
file 14 has been read from HDFS for 8 time
diff succeed!
file 14 has been read from HDFS for 9 time
diff succeed!
file 14 has been read from HDFS for 10 time
diff succeed!
Deleted /myfile14
file 14 has been removed from HDFS
Found 20 items
-rw-r--r--   3 root supergroup 1073741824 2019-02-19 22:35 /myfile1
-rw-r--r--   3 root supergroup 1073741824 2019-02-19 22:35 /myfile10
-rw-r--r--   3 root supergroup 1073741824 2019-02-19 22:34 /myfile11
-rw-r--r--   3 root supergroup 1073741824 2019-02-19 22:33 /myfile12
-rw-r--r--   3 root supergroup 1073741824 2019-02-19 22:35 /myfile13
-rw-r--r--   3 root supergroup 1073741824 2019-02-19 22:35 /myfile14
-rw-r--r--   3 root supergroup 1073741824 2019-02-19 22:33 /myfile15
-rw-r--r--   3 root supergroup 1073741824 2019-02-19 22:33 /myfile16
-rw-r--r--   3 root supergroup 1073741824 2019-02-19 22:33 /myfile17
-rw-r--r--   3 root supergroup 1073741824 2019-02-19 22:33 /myfile18
-rw-r--r--   3 root supergroup 1073741824 2019-02-19 22:35 /myfile19
-rw-r--r--   3 root supergroup 1073741824 2019-02-19 22:33 /myfile2
-rw-r--r--   3 root supergroup 1073741824 2019-02-19 22:33 /myfile20
-rw-r--r--   3 root supergroup 1073741824 2019-02-19 22:35 /myfile3
-rw-r--r--   3 root supergroup 1073741824 2019-02-19 22:35 /myfile4
-rw-r--r--   3 root supergroup 1073741824 2019-02-19 22:35 /myfile5
-rw-r--r--   3 root supergroup 1073741824 2019-02-19 22:33 /myfile6
-rw-r--r--   3 root supergroup 1073741824 2019-02-19 22:34 /myfile7
-rw-r--r--   3 root supergroup 1073741824 2019-02-19 22:33 /myfile8
-rw-r--r--   3 root supergroup 1073741824 2019-02-19 22:35 /myfile9
file 14 has been put into HDFS
file 14 has been read from HDFS for 1 time
diff succeed!
file 14 has been read from HDFS for 2 time
diff succeed!
file 14 has been read from HDFS for 3 time
diff succeed!
file 14 has been read from HDFS for 4 time
diff succeed!
file 14 has been read from HDFS for 5 time
diff succeed!
file 14 has been read from HDFS for 6 time
diff succeed!
sub_benchmark 7 signal TERM catched and let quit gracefully
file 14 has been read from HDFS for 7 time
diff succeed!
Deleted /myfile14
file 14 has been removed from HDFS
