Found 20 items
-rw-r--r--   3 root supergroup  939524096 2019-03-01 04:30 /myfile1._COPYING_
-rw-r--r--   3 root supergroup  939524096 2019-03-01 04:30 /myfile10._COPYING_
-rw-r--r--   3 root supergroup 1073741824 2019-03-01 04:30 /myfile11
-rw-r--r--   3 root supergroup 1073741824 2019-03-01 04:30 /myfile12
-rw-r--r--   3 root supergroup  939524096 2019-03-01 04:30 /myfile13._COPYING_
-rw-r--r--   3 root supergroup 1073741824 2019-03-01 04:30 /myfile14
-rw-r--r--   3 root supergroup 1073741824 2019-03-01 04:30 /myfile15
-rw-r--r--   3 root supergroup 1073741824 2019-03-01 04:30 /myfile16
-rw-r--r--   3 root supergroup  805306368 2019-03-01 04:30 /myfile17._COPYING_
-rw-r--r--   3 root supergroup  939524096 2019-03-01 04:30 /myfile18._COPYING_
-rw-r--r--   3 root supergroup 1073741824 2019-03-01 04:30 /myfile19
-rw-r--r--   3 root supergroup 1073741824 2019-03-01 04:30 /myfile2
-rw-r--r--   3 root supergroup 1073741824 2019-03-01 04:30 /myfile20
-rw-r--r--   3 root supergroup 1073741824 2019-03-01 04:30 /myfile3
-rw-r--r--   3 root supergroup 1073741824 2019-03-01 04:30 /myfile4
-rw-r--r--   3 root supergroup 1073741824 2019-03-01 04:30 /myfile5
-rw-r--r--   3 root supergroup 1073741824 2019-03-01 04:30 /myfile6
-rw-r--r--   3 root supergroup  939524096 2019-03-01 04:30 /myfile7._COPYING_
-rw-r--r--   3 root supergroup 1073741824 2019-03-01 04:30 /myfile8
-rw-r--r--   3 root supergroup 1073741824 2019-03-01 04:30 /myfile9
file 19 has been put into HDFS
file 19 has been read from HDFS for 1 time
diff succeed!
file 19 has been read from HDFS for 2 time
diff succeed!
file 19 has been read from HDFS for 3 time
diff succeed!
file 19 has been read from HDFS for 4 time
diff succeed!
file 19 has been read from HDFS for 5 time
diff succeed!
file 19 has been read from HDFS for 6 time
diff succeed!
file 19 has been read from HDFS for 7 time
diff succeed!
file 19 has been read from HDFS for 8 time
diff succeed!
file 19 has been read from HDFS for 9 time
diff succeed!
file 19 has been read from HDFS for 10 time
diff succeed!
Deleted /myfile19
file 19 has been removed from HDFS
Found 19 items
-rw-r--r--   3 root supergroup 1073741824 2019-03-01 04:35 /myfile1
-rw-r--r--   3 root supergroup  939524096 2019-03-01 04:35 /myfile10._COPYING_
-rw-r--r--   3 root supergroup 1073741824 2019-03-01 04:34 /myfile11
-rw-r--r--   3 root supergroup 1073741824 2019-03-01 04:34 /myfile12
-rw-r--r--   3 root supergroup 1073741824 2019-03-01 04:34 /myfile13
-rw-r--r--   3 root supergroup 1073741824 2019-03-01 04:34 /myfile14
-rw-r--r--   3 root supergroup 1073741824 2019-03-01 04:34 /myfile15
-rw-r--r--   3 root supergroup 1073741824 2019-03-01 04:34 /myfile16
-rw-r--r--   3 root supergroup  268435456 2019-03-01 04:35 /myfile18._COPYING_
-rw-r--r--   3 root supergroup 1073741824 2019-03-01 04:35 /myfile19
-rw-r--r--   3 root supergroup 1073741824 2019-03-01 04:34 /myfile2
-rw-r--r--   3 root supergroup 1073741824 2019-03-01 04:34 /myfile20
-rw-r--r--   3 root supergroup 1073741824 2019-03-01 04:30 /myfile3
-rw-r--r--   3 root supergroup 1073741824 2019-03-01 04:34 /myfile4
-rw-r--r--   3 root supergroup 1073741824 2019-03-01 04:34 /myfile5
-rw-r--r--   3 root supergroup 1073741824 2019-03-01 04:34 /myfile6
-rw-r--r--   3 root supergroup 1073741824 2019-03-01 04:34 /myfile7
-rw-r--r--   3 root supergroup 1073741824 2019-03-01 04:34 /myfile8
-rw-r--r--   3 root supergroup 1073741824 2019-03-01 04:30 /myfile9
file 19 has been put into HDFS
file 19 has been read from HDFS for 1 time
diff succeed!
file 19 has been read from HDFS for 2 time
diff succeed!
file 19 has been read from HDFS for 3 time
diff succeed!
file 19 has been read from HDFS for 4 time
diff succeed!
file 19 has been read from HDFS for 5 time
diff succeed!
file 19 has been read from HDFS for 6 time
diff succeed!
file 19 has been read from HDFS for 7 time
diff succeed!
file 19 has been read from HDFS for 8 time
diff succeed!
file 19 has been read from HDFS for 9 time
diff succeed!
file 19 has been read from HDFS for 10 time
diff succeed!
Deleted /myfile19
file 19 has been removed from HDFS
Found 20 items
-rw-r--r--   3 root supergroup 1073741824 2019-03-01 04:39 /myfile1
-rw-r--r--   3 root supergroup  134217728 2019-03-01 04:39 /myfile10._COPYING_
-rw-r--r--   3 root supergroup 1073741824 2019-03-01 04:38 /myfile11
-rw-r--r--   3 root supergroup 1073741824 2019-03-01 04:39 /myfile12
-rw-r--r--   3 root supergroup 1073741824 2019-03-01 04:38 /myfile13
-rw-r--r--   3 root supergroup 1073741824 2019-03-01 04:38 /myfile14
-rw-r--r--   3 root supergroup 1073741824 2019-03-01 04:38 /myfile15
-rw-r--r--   3 root supergroup 1073741824 2019-03-01 04:34 /myfile16
-rw-r--r--   3 root supergroup  134217728 2019-03-01 04:39 /myfile17._COPYING_
-rw-r--r--   3 root supergroup 1073741824 2019-03-01 04:35 /myfile18
-rw-r--r--   3 root supergroup 1073741824 2019-03-01 04:39 /myfile19
-rw-r--r--   3 root supergroup 1073741824 2019-03-01 04:38 /myfile2
-rw-r--r--   3 root supergroup 1073741824 2019-03-01 04:38 /myfile20
-rw-r--r--   3 root supergroup 1073741824 2019-03-01 04:35 /myfile3
-rw-r--r--   3 root supergroup 1073741824 2019-03-01 04:38 /myfile4
-rw-r--r--   3 root supergroup 1073741824 2019-03-01 04:34 /myfile5
-rw-r--r--   3 root supergroup 1073741824 2019-03-01 04:34 /myfile6
-rw-r--r--   3 root supergroup 1073741824 2019-03-01 04:39 /myfile7
-rw-r--r--   3 root supergroup 1073741824 2019-03-01 04:38 /myfile8
-rw-r--r--   3 root supergroup 1073741824 2019-03-01 04:36 /myfile9
file 19 has been put into HDFS
file 19 has been read from HDFS for 1 time
diff succeed!
file 19 has been read from HDFS for 2 time
diff succeed!
file 19 has been read from HDFS for 3 time
diff succeed!
file 19 has been read from HDFS for 4 time
diff succeed!
file 19 has been read from HDFS for 5 time
diff succeed!
file 19 has been read from HDFS for 6 time
diff succeed!
file 19 has been read from HDFS for 7 time
diff succeed!
file 19 has been read from HDFS for 8 time
diff succeed!
file 19 has been read from HDFS for 9 time
diff succeed!
file 19 has been read from HDFS for 10 time
diff succeed!
Deleted /myfile19
file 19 has been removed from HDFS
Found 19 items
-rw-r--r--   3 root supergroup 1073741824 2019-03-01 04:43 /myfile1
-rw-r--r--   3 root supergroup 1073741824 2019-03-01 04:43 /myfile10
-rw-r--r--   3 root supergroup 1073741824 2019-03-01 04:42 /myfile11
-rw-r--r--   3 root supergroup 1073741824 2019-03-01 04:43 /myfile12
-rw-r--r--   3 root supergroup 1073741824 2019-03-01 04:43 /myfile13
-rw-r--r--   3 root supergroup 1073741824 2019-03-01 04:42 /myfile14
-rw-r--r--   3 root supergroup 1073741824 2019-03-01 04:43 /myfile15
-rw-r--r--   3 root supergroup 1073741824 2019-03-01 04:40 /myfile16
-rw-r--r--   3 root supergroup  939524096 2019-03-01 04:43 /myfile17._COPYING_
-rw-r--r--   3 root supergroup 1073741824 2019-03-01 04:40 /myfile18
-rw-r--r--   3 root supergroup 1073741824 2019-03-01 04:43 /myfile19
-rw-r--r--   3 root supergroup 1073741824 2019-03-01 04:42 /myfile2
-rw-r--r--   3 root supergroup 1073741824 2019-03-01 04:42 /myfile20
-rw-r--r--   3 root supergroup 1073741824 2019-03-01 04:42 /myfile4
-rw-r--r--   3 root supergroup 1073741824 2019-03-01 04:40 /myfile5
-rw-r--r--   3 root supergroup 1073741824 2019-03-01 04:40 /myfile6
-rw-r--r--   3 root supergroup  939524096 2019-03-01 04:43 /myfile7._COPYING_
-rw-r--r--   3 root supergroup 1073741824 2019-03-01 04:43 /myfile8
-rw-r--r--   3 root supergroup 1073741824 2019-03-01 04:40 /myfile9
file 19 has been put into HDFS
file 19 has been read from HDFS for 1 time
diff succeed!
file 19 has been read from HDFS for 2 time
diff succeed!
file 19 has been read from HDFS for 3 time
diff succeed!
sub_benchmark 4 signal TERM catched and let quit gracefully
file 19 has been read from HDFS for 4 time
diff succeed!
Deleted /myfile19
file 19 has been removed from HDFS
