Found 20 items
-rw-r--r--   3 root supergroup  939524096 2019-02-20 17:52 /myfile1._COPYING_
-rw-r--r--   3 root supergroup  939524096 2019-02-20 17:52 /myfile10._COPYING_
-rw-r--r--   3 root supergroup 1073741824 2019-02-20 17:52 /myfile11
-rw-r--r--   3 root supergroup  939524096 2019-02-20 17:52 /myfile12._COPYING_
-rw-r--r--   3 root supergroup 1073741824 2019-02-20 17:52 /myfile13
-rw-r--r--   3 root supergroup 1073741824 2019-02-20 17:52 /myfile14
-rw-r--r--   3 root supergroup 1073741824 2019-02-20 17:52 /myfile15
-rw-r--r--   3 root supergroup  939524096 2019-02-20 17:52 /myfile16._COPYING_
-rw-r--r--   3 root supergroup 1073741824 2019-02-20 17:52 /myfile17
-rw-r--r--   3 root supergroup  939524096 2019-02-20 17:52 /myfile18._COPYING_
-rw-r--r--   3 root supergroup  939524096 2019-02-20 17:52 /myfile19._COPYING_
-rw-r--r--   3 root supergroup  805306368 2019-02-20 17:52 /myfile2._COPYING_
-rw-r--r--   3 root supergroup  939524096 2019-02-20 17:52 /myfile20._COPYING_
-rw-r--r--   3 root supergroup 1073741824 2019-02-20 17:52 /myfile3
-rw-r--r--   3 root supergroup  805306368 2019-02-20 17:52 /myfile4._COPYING_
-rw-r--r--   3 root supergroup 1073741824 2019-02-20 17:52 /myfile5
-rw-r--r--   3 root supergroup  939524096 2019-02-20 17:52 /myfile6._COPYING_
-rw-r--r--   3 root supergroup  939524096 2019-02-20 17:52 /myfile7._COPYING_
-rw-r--r--   3 root supergroup  939524096 2019-02-20 17:52 /myfile8._COPYING_
-rw-r--r--   3 root supergroup 1073741824 2019-02-20 17:52 /myfile9
file 17 has been put into HDFS
file 17 has been read from HDFS for 1 time
diff succeed!
file 17 has been read from HDFS for 2 time
diff succeed!
file 17 has been read from HDFS for 3 time
diff succeed!
2019-02-20 17:53:44,771 INFO retry.RetryInvocationHandler: java.io.IOException: DestHost:destPort node-1-link-0:8020 , LocalHost:localPort clnode049.clemson.cloudlab.us/130.127.133.58:0. Failed on local exception: java.io.IOException: Connection reset by peer, while invoking ClientNamenodeProtocolTranslatorPB.getServerDefaults over node-1-link-0/10.10.1.4:8020. Trying to failover immediately.
2019-02-20 17:53:44,776 INFO retry.RetryInvocationHandler: org.apache.hadoop.ipc.RemoteException(org.apache.hadoop.ipc.StandbyException): Operation category READ is not supported in state standby. Visit https://s.apache.org/sbnn-error
	at org.apache.hadoop.hdfs.server.namenode.ha.StandbyState.checkOperation(StandbyState.java:88)
	at org.apache.hadoop.hdfs.server.namenode.NameNode$NameNodeHAContext.checkOperation(NameNode.java:1952)
	at org.apache.hadoop.hdfs.server.namenode.FSNamesystem.checkOperation(FSNamesystem.java:1423)
	at org.apache.hadoop.hdfs.server.namenode.FSNamesystem.getServerDefaults(FSNamesystem.java:1856)
	at org.apache.hadoop.hdfs.server.namenode.NameNodeRpcServer.getServerDefaults(NameNodeRpcServer.java:745)
	at org.apache.hadoop.hdfs.protocolPB.ClientNamenodeProtocolServerSideTranslatorPB.getServerDefaults(ClientNamenodeProtocolServerSideTranslatorPB.java:444)
	at org.apache.hadoop.hdfs.protocol.proto.ClientNamenodeProtocolProtos$ClientNamenodeProtocol$2.callBlockingMethod(ClientNamenodeProtocolProtos.java)
	at org.apache.hadoop.ipc.ProtobufRpcEngine$Server$ProtoBufRpcInvoker.call(ProtobufRpcEngine.java:523)
	at org.apache.hadoop.ipc.RPC$Server.call(RPC.java:991)
	at org.apache.hadoop.ipc.Server$RpcCall.run(Server.java:872)
	at org.apache.hadoop.ipc.Server$RpcCall.run(Server.java:818)
	at java.security.AccessController.doPrivileged(Native Method)
	at javax.security.auth.Subject.doAs(Subject.java:422)
	at org.apache.hadoop.security.UserGroupInformation.doAs(UserGroupInformation.java:1729)
	at org.apache.hadoop.ipc.Server$Handler.run(Server.java:2678)
, while invoking ClientNamenodeProtocolTranslatorPB.getServerDefaults over node-0-link-0/10.10.1.1:8020 after 1 failover attempts. Trying to failover after sleeping for 1305ms.
2019-02-20 17:53:46,084 INFO retry.RetryInvocationHandler: java.net.ConnectException: Call From clnode049.clemson.cloudlab.us/130.127.133.58 to node-1-link-0:8020 failed on connection exception: java.net.ConnectException: Connection refused; For more details see:  http://wiki.apache.org/hadoop/ConnectionRefused, while invoking ClientNamenodeProtocolTranslatorPB.getServerDefaults over node-1-link-0/10.10.1.4:8020 after 2 failover attempts. Trying to failover after sleeping for 1262ms.
file 17 has been read from HDFS for 4 time
diff succeed!
file 17 has been read from HDFS for 5 time
diff succeed!
file 17 has been read from HDFS for 6 time
diff succeed!
file 17 has been read from HDFS for 7 time
diff succeed!
file 17 has been read from HDFS for 8 time
diff succeed!
file 17 has been read from HDFS for 9 time
diff succeed!
file 17 has been read from HDFS for 10 time
diff succeed!
Deleted /myfile17
file 17 has been removed from HDFS
2019-02-20 17:58:14,862 WARN hdfs.DataStreamer: DataStreamer Exception
org.apache.hadoop.ipc.RemoteException(java.io.IOException): File /myfile17._COPYING_ could only be written to 2 of the 3 minReplication nodes. There are 3 datanode(s) running and no node(s) are excluded in this operation.
	at org.apache.hadoop.hdfs.server.blockmanagement.BlockManager.chooseTarget4NewBlock(BlockManager.java:2117)
	at org.apache.hadoop.hdfs.server.namenode.FSDirWriteFileOp.chooseTargetForNewBlock(FSDirWriteFileOp.java:287)
	at org.apache.hadoop.hdfs.server.namenode.FSNamesystem.getAdditionalBlock(FSNamesystem.java:2691)
	at org.apache.hadoop.hdfs.server.namenode.NameNodeRpcServer.addBlock(NameNodeRpcServer.java:875)
	at org.apache.hadoop.hdfs.protocolPB.ClientNamenodeProtocolServerSideTranslatorPB.addBlock(ClientNamenodeProtocolServerSideTranslatorPB.java:561)
	at org.apache.hadoop.hdfs.protocol.proto.ClientNamenodeProtocolProtos$ClientNamenodeProtocol$2.callBlockingMethod(ClientNamenodeProtocolProtos.java)
	at org.apache.hadoop.ipc.ProtobufRpcEngine$Server$ProtoBufRpcInvoker.call(ProtobufRpcEngine.java:523)
	at org.apache.hadoop.ipc.RPC$Server.call(RPC.java:991)
	at org.apache.hadoop.ipc.Server$RpcCall.run(Server.java:872)
	at org.apache.hadoop.ipc.Server$RpcCall.run(Server.java:818)
	at java.security.AccessController.doPrivileged(Native Method)
	at javax.security.auth.Subject.doAs(Subject.java:422)
	at org.apache.hadoop.security.UserGroupInformation.doAs(UserGroupInformation.java:1729)
	at org.apache.hadoop.ipc.Server$Handler.run(Server.java:2678)

	at org.apache.hadoop.ipc.Client.getRpcResponse(Client.java:1497)
	at org.apache.hadoop.ipc.Client.call(Client.java:1443)
	at org.apache.hadoop.ipc.Client.call(Client.java:1353)
	at org.apache.hadoop.ipc.ProtobufRpcEngine$Invoker.invoke(ProtobufRpcEngine.java:228)
	at org.apache.hadoop.ipc.ProtobufRpcEngine$Invoker.invoke(ProtobufRpcEngine.java:116)
	at com.sun.proxy.$Proxy11.addBlock(Unknown Source)
	at org.apache.hadoop.hdfs.protocolPB.ClientNamenodeProtocolTranslatorPB.addBlock(ClientNamenodeProtocolTranslatorPB.java:510)
	at sun.reflect.NativeMethodAccessorImpl.invoke0(Native Method)
	at sun.reflect.NativeMethodAccessorImpl.invoke(NativeMethodAccessorImpl.java:62)
	at sun.reflect.DelegatingMethodAccessorImpl.invoke(DelegatingMethodAccessorImpl.java:43)
	at java.lang.reflect.Method.invoke(Method.java:498)
	at org.apache.hadoop.io.retry.RetryInvocationHandler.invokeMethod(RetryInvocationHandler.java:422)
	at org.apache.hadoop.io.retry.RetryInvocationHandler$Call.invokeMethod(RetryInvocationHandler.java:165)
	at org.apache.hadoop.io.retry.RetryInvocationHandler$Call.invoke(RetryInvocationHandler.java:157)
	at org.apache.hadoop.io.retry.RetryInvocationHandler$Call.invokeOnce(RetryInvocationHandler.java:95)
	at org.apache.hadoop.io.retry.RetryInvocationHandler.invoke(RetryInvocationHandler.java:359)
	at com.sun.proxy.$Proxy12.addBlock(Unknown Source)
	at org.apache.hadoop.hdfs.DFSOutputStream.addBlock(DFSOutputStream.java:1078)
	at org.apache.hadoop.hdfs.DataStreamer.locateFollowingBlock(DataStreamer.java:1865)
	at org.apache.hadoop.hdfs.DataStreamer.nextBlockOutputStream(DataStreamer.java:1668)
	at org.apache.hadoop.hdfs.DataStreamer.run(DataStreamer.java:716)
put: File /myfile17._COPYING_ could only be written to 2 of the 3 minReplication nodes. There are 3 datanode(s) running and no node(s) are excluded in this operation.
Found 17 items
-rw-r--r--   3 root supergroup 1073741824 2019-02-20 17:56 /myfile1
-rw-r--r--   3 root supergroup 1073741824 2019-02-20 17:56 /myfile10
-rw-r--r--   3 root supergroup  268435456 2019-02-20 17:57 /myfile11._COPYING_
-rw-r--r--   3 root supergroup 1073741824 2019-02-20 17:56 /myfile12
-rw-r--r--   3 root supergroup 1073741824 2019-02-20 17:52 /myfile13
-rw-r--r--   3 root supergroup 1073741824 2019-02-20 17:56 /myfile15
-rw-r--r--   3 root supergroup 1073741824 2019-02-20 17:56 /myfile16
-rw-r--r--   3 root supergroup 1073741824 2019-02-20 17:56 /myfile18
-rw-r--r--   3 root supergroup 1073741824 2019-02-20 17:56 /myfile19
-rw-r--r--   3 root supergroup  134217728 2019-02-20 17:57 /myfile2._COPYING_
-rw-r--r--   3 root supergroup  536870912 2019-02-20 17:57 /myfile20._COPYING_
-rw-r--r--   3 root supergroup 1073741824 2019-02-20 17:52 /myfile3
-rw-r--r--   3 root supergroup 1073741824 2019-02-20 17:56 /myfile4
-rw-r--r--   3 root supergroup 1073741824 2019-02-20 17:56 /myfile6
-rw-r--r--   3 root supergroup 1073741824 2019-02-20 17:56 /myfile7
-rw-r--r--   3 root supergroup 1073741824 2019-02-20 17:56 /myfile8
-rw-r--r--   3 root supergroup 1073741824 2019-02-20 17:52 /myfile9
file 17 has been put into HDFS
get: `/myfile17': No such file or directory
file 17 has been read from HDFS for 1 time
diff: /root/my_large_file/tmp/myfile17: No such file or directory
diff succeed!
rm: cannot remove '/root/my_large_file/tmp/myfile17': No such file or directory
get: `/myfile17': No such file or directory
file 17 has been read from HDFS for 2 time
diff: /root/my_large_file/tmp/myfile17: No such file or directory
diff succeed!
rm: cannot remove '/root/my_large_file/tmp/myfile17': No such file or directory
get: `/myfile17': No such file or directory
file 17 has been read from HDFS for 3 time
diff: /root/my_large_file/tmp/myfile17: No such file or directory
diff succeed!
rm: cannot remove '/root/my_large_file/tmp/myfile17': No such file or directory
get: `/myfile17': No such file or directory
file 17 has been read from HDFS for 4 time
diff: /root/my_large_file/tmp/myfile17: No such file or directory
diff succeed!
rm: cannot remove '/root/my_large_file/tmp/myfile17': No such file or directory
get: `/myfile17': No such file or directory
file 17 has been read from HDFS for 5 time
diff: /root/my_large_file/tmp/myfile17: No such file or directory
diff succeed!
rm: cannot remove '/root/my_large_file/tmp/myfile17': No such file or directory
get: `/myfile17': No such file or directory
file 17 has been read from HDFS for 6 time
diff: /root/my_large_file/tmp/myfile17: No such file or directory
diff succeed!
rm: cannot remove '/root/my_large_file/tmp/myfile17': No such file or directory
get: `/myfile17': No such file or directory
file 17 has been read from HDFS for 7 time
diff: /root/my_large_file/tmp/myfile17: No such file or directory
diff succeed!
rm: cannot remove '/root/my_large_file/tmp/myfile17': No such file or directory
get: `/myfile17': No such file or directory
file 17 has been read from HDFS for 8 time
diff: /root/my_large_file/tmp/myfile17: No such file or directory
diff succeed!
rm: cannot remove '/root/my_large_file/tmp/myfile17': No such file or directory
get: `/myfile17': No such file or directory
file 17 has been read from HDFS for 9 time
diff: /root/my_large_file/tmp/myfile17: No such file or directory
diff succeed!
rm: cannot remove '/root/my_large_file/tmp/myfile17': No such file or directory
get: `/myfile17': No such file or directory
file 17 has been read from HDFS for 10 time
diff: /root/my_large_file/tmp/myfile17: No such file or directory
diff succeed!
rm: cannot remove '/root/my_large_file/tmp/myfile17': No such file or directory
rm: `/myfile17': No such file or directory
file 17 has been removed from HDFS
Found 20 items
-rw-r--r--   3 root supergroup 1073741824 2019-02-20 17:56 /myfile1
-rw-r--r--   3 root supergroup 1073741824 2019-02-20 18:00 /myfile10
-rw-r--r--   3 root supergroup 1073741824 2019-02-20 17:58 /myfile11
-rw-r--r--   3 root supergroup 1073741824 2019-02-20 18:00 /myfile12
-rw-r--r--   3 root supergroup 1073741824 2019-02-20 17:59 /myfile13
-rw-r--r--   3 root supergroup 1073741824 2019-02-20 18:00 /myfile14
-rw-r--r--   3 root supergroup 1073741824 2019-02-20 18:00 /myfile15
-rw-r--r--   3 root supergroup 1073741824 2019-02-20 18:00 /myfile16
-rw-r--r--   3 root supergroup 1073741824 2019-02-20 18:00 /myfile17
-rw-r--r--   3 root supergroup 1073741824 2019-02-20 18:00 /myfile18
-rw-r--r--   3 root supergroup 1073741824 2019-02-20 18:00 /myfile19
-rw-r--r--   3 root supergroup 1073741824 2019-02-20 17:58 /myfile2
-rw-r--r--   3 root supergroup 1073741824 2019-02-20 17:58 /myfile20
-rw-r--r--   3 root supergroup 1073741824 2019-02-20 17:59 /myfile3
-rw-r--r--   3 root supergroup 1073741824 2019-02-20 17:56 /myfile4
-rw-r--r--   3 root supergroup 1073741824 2019-02-20 18:00 /myfile5
-rw-r--r--   3 root supergroup 1073741824 2019-02-20 18:00 /myfile6
-rw-r--r--   3 root supergroup 1073741824 2019-02-20 18:00 /myfile7
-rw-r--r--   3 root supergroup 1073741824 2019-02-20 17:56 /myfile8
-rw-r--r--   3 root supergroup 1073741824 2019-02-20 17:59 /myfile9
file 17 has been put into HDFS
file 17 has been read from HDFS for 1 time
diff succeed!
file 17 has been read from HDFS for 2 time
diff succeed!
file 17 has been read from HDFS for 3 time
diff succeed!
file 17 has been read from HDFS for 4 time
diff succeed!
file 17 has been read from HDFS for 5 time
diff succeed!
file 17 has been read from HDFS for 6 time
diff succeed!
file 17 has been read from HDFS for 7 time
diff succeed!
file 17 has been read from HDFS for 8 time
diff succeed!
file 17 has been read from HDFS for 9 time
diff succeed!
2019-02-20 18:04:11,788 INFO retry.RetryInvocationHandler: org.apache.hadoop.ipc.RemoteException(org.apache.hadoop.ipc.StandbyException): Operation category READ is not supported in state standby. Visit https://s.apache.org/sbnn-error
	at org.apache.hadoop.hdfs.server.namenode.ha.StandbyState.checkOperation(StandbyState.java:88)
	at org.apache.hadoop.hdfs.server.namenode.NameNode$NameNodeHAContext.checkOperation(NameNode.java:1952)
	at org.apache.hadoop.hdfs.server.namenode.FSNamesystem.checkOperation(FSNamesystem.java:1423)
	at org.apache.hadoop.hdfs.server.namenode.FSNamesystem.getFileInfo(FSNamesystem.java:3085)
	at org.apache.hadoop.hdfs.server.namenode.NameNodeRpcServer.getFileInfo(NameNodeRpcServer.java:1154)
	at org.apache.hadoop.hdfs.protocolPB.ClientNamenodeProtocolServerSideTranslatorPB.getFileInfo(ClientNamenodeProtocolServerSideTranslatorPB.java:966)
	at org.apache.hadoop.hdfs.protocol.proto.ClientNamenodeProtocolProtos$ClientNamenodeProtocol$2.callBlockingMethod(ClientNamenodeProtocolProtos.java)
	at org.apache.hadoop.ipc.ProtobufRpcEngine$Server$ProtoBufRpcInvoker.call(ProtobufRpcEngine.java:523)
	at org.apache.hadoop.ipc.RPC$Server.call(RPC.java:991)
	at org.apache.hadoop.ipc.Server$RpcCall.run(Server.java:872)
	at org.apache.hadoop.ipc.Server$RpcCall.run(Server.java:818)
	at java.security.AccessController.doPrivileged(Native Method)
	at javax.security.auth.Subject.doAs(Subject.java:422)
	at org.apache.hadoop.security.UserGroupInformation.doAs(UserGroupInformation.java:1729)
	at org.apache.hadoop.ipc.Server$Handler.run(Server.java:2678)
, while invoking ClientNamenodeProtocolTranslatorPB.getFileInfo over node-1-link-0/10.10.1.4:8020 after 1 failover attempts. Trying to failover after sleeping for 760ms.
2019-02-20 18:04:12,552 INFO retry.RetryInvocationHandler: java.net.ConnectException: Call From clnode049.clemson.cloudlab.us/130.127.133.58 to node-0-link-0:8020 failed on connection exception: java.net.ConnectException: Connection refused; For more details see:  http://wiki.apache.org/hadoop/ConnectionRefused, while invoking ClientNamenodeProtocolTranslatorPB.getFileInfo over node-0-link-0/10.10.1.1:8020 after 2 failover attempts. Trying to failover after sleeping for 2333ms.
file 17 has been read from HDFS for 10 time
diff succeed!
Deleted /myfile17
file 17 has been removed from HDFS
2019-02-20 18:04:49,755 INFO retry.RetryInvocationHandler: java.io.EOFException: End of File Exception between local host is: "clnode049.clemson.cloudlab.us/130.127.133.58"; destination host is: "node-1-link-0":8020; : java.io.EOFException; For more details see:  http://wiki.apache.org/hadoop/EOFException, while invoking ClientNamenodeProtocolTranslatorPB.addBlock over node-1-link-0/10.10.1.4:8020. Trying to failover immediately.
2019-02-20 18:04:49,766 INFO retry.RetryInvocationHandler: org.apache.hadoop.ipc.RemoteException(org.apache.hadoop.ipc.StandbyException): Operation category READ is not supported in state standby. Visit https://s.apache.org/sbnn-error
	at org.apache.hadoop.hdfs.server.namenode.ha.StandbyState.checkOperation(StandbyState.java:88)
	at org.apache.hadoop.hdfs.server.namenode.NameNode$NameNodeHAContext.checkOperation(NameNode.java:1952)
	at org.apache.hadoop.hdfs.server.namenode.FSNamesystem.checkOperation(FSNamesystem.java:1423)
	at org.apache.hadoop.hdfs.server.namenode.FSNamesystem.getAdditionalBlock(FSNamesystem.java:2674)
	at org.apache.hadoop.hdfs.server.namenode.NameNodeRpcServer.addBlock(NameNodeRpcServer.java:875)
	at org.apache.hadoop.hdfs.protocolPB.ClientNamenodeProtocolServerSideTranslatorPB.addBlock(ClientNamenodeProtocolServerSideTranslatorPB.java:561)
	at org.apache.hadoop.hdfs.protocol.proto.ClientNamenodeProtocolProtos$ClientNamenodeProtocol$2.callBlockingMethod(ClientNamenodeProtocolProtos.java)
	at org.apache.hadoop.ipc.ProtobufRpcEngine$Server$ProtoBufRpcInvoker.call(ProtobufRpcEngine.java:523)
	at org.apache.hadoop.ipc.RPC$Server.call(RPC.java:991)
	at org.apache.hadoop.ipc.Server$RpcCall.run(Server.java:872)
	at org.apache.hadoop.ipc.Server$RpcCall.run(Server.java:818)
	at java.security.AccessController.doPrivileged(Native Method)
	at javax.security.auth.Subject.doAs(Subject.java:422)
	at org.apache.hadoop.security.UserGroupInformation.doAs(UserGroupInformation.java:1729)
	at org.apache.hadoop.ipc.Server$Handler.run(Server.java:2678)
, while invoking ClientNamenodeProtocolTranslatorPB.addBlock over node-0-link-0/10.10.1.1:8020 after 1 failover attempts. Trying to failover after sleeping for 1248ms.
2019-02-20 18:04:51,017 INFO retry.RetryInvocationHandler: java.net.ConnectException: Call From clnode049.clemson.cloudlab.us/130.127.133.58 to node-1-link-0:8020 failed on connection exception: java.net.ConnectException: Connection refused; For more details see:  http://wiki.apache.org/hadoop/ConnectionRefused, while invoking ClientNamenodeProtocolTranslatorPB.addBlock over node-1-link-0/10.10.1.4:8020 after 2 failover attempts. Trying to failover after sleeping for 2918ms.
2019-02-20 18:04:53,940 INFO retry.RetryInvocationHandler: org.apache.hadoop.ipc.RemoteException(org.apache.hadoop.ipc.RetriableException): org.apache.hadoop.hdfs.server.namenode.SafeModeException: Cannot add block to /myfile17._COPYING_. Name node is in safe mode.
The reported blocks 112 has reached the threshold 0.9990 of total blocks 112. The number of live datanodes 3 has reached the minimum number 0. In safe mode extension. Safe mode will be turned off automatically in 8 seconds. NamenodeHostName:node-0-link-0
	at org.apache.hadoop.hdfs.server.namenode.FSNamesystem.checkNameNodeSafeMode(FSNamesystem.java:1441)
	at org.apache.hadoop.hdfs.server.namenode.FSDirWriteFileOp.analyzeFileState(FSDirWriteFileOp.java:591)
	at org.apache.hadoop.hdfs.server.namenode.FSDirWriteFileOp.validateAddBlock(FSDirWriteFileOp.java:172)
	at org.apache.hadoop.hdfs.server.namenode.FSNamesystem.getAdditionalBlock(FSNamesystem.java:2679)
	at org.apache.hadoop.hdfs.server.namenode.NameNodeRpcServer.addBlock(NameNodeRpcServer.java:875)
	at org.apache.hadoop.hdfs.protocolPB.ClientNamenodeProtocolServerSideTranslatorPB.addBlock(ClientNamenodeProtocolServerSideTranslatorPB.java:561)
	at org.apache.hadoop.hdfs.protocol.proto.ClientNamenodeProtocolProtos$ClientNamenodeProtocol$2.callBlockingMethod(ClientNamenodeProtocolProtos.java)
	at org.apache.hadoop.ipc.ProtobufRpcEngine$Server$ProtoBufRpcInvoker.call(ProtobufRpcEngine.java:523)
	at org.apache.hadoop.ipc.RPC$Server.call(RPC.java:991)
	at org.apache.hadoop.ipc.Server$RpcCall.run(Server.java:872)
	at org.apache.hadoop.ipc.Server$RpcCall.run(Server.java:818)
	at java.security.AccessController.doPrivileged(Native Method)
	at javax.security.auth.Subject.doAs(Subject.java:422)
	at org.apache.hadoop.security.UserGroupInformation.doAs(UserGroupInformation.java:1729)
	at org.apache.hadoop.ipc.Server$Handler.run(Server.java:2678)
Caused by: org.apache.hadoop.hdfs.server.namenode.SafeModeException: Cannot add block to /myfile17._COPYING_. Name node is in safe mode.
The reported blocks 112 has reached the threshold 0.9990 of total blocks 112. The number of live datanodes 3 has reached the minimum number 0. In safe mode extension. Safe mode will be turned off automatically in 8 seconds. NamenodeHostName:node-0-link-0
	at org.apache.hadoop.hdfs.server.namenode.FSNamesystem.newSafemodeException(FSNamesystem.java:1450)
	at org.apache.hadoop.hdfs.server.namenode.FSNamesystem.checkNameNodeSafeMode(FSNamesystem.java:1437)
	... 14 more
, while invoking ClientNamenodeProtocolTranslatorPB.addBlock over node-0-link-0/10.10.1.1:8020 after 3 failover attempts. Retrying after sleeping for 3246ms.
2019-02-20 18:04:57,193 INFO retry.RetryInvocationHandler: org.apache.hadoop.ipc.RemoteException(org.apache.hadoop.ipc.RetriableException): org.apache.hadoop.hdfs.server.namenode.SafeModeException: Cannot add block to /myfile17._COPYING_. Name node is in safe mode.
The reported blocks 112 has reached the threshold 0.9990 of total blocks 112. The number of live datanodes 3 has reached the minimum number 0. In safe mode extension. Safe mode will be turned off automatically in 5 seconds. NamenodeHostName:node-0-link-0
	at org.apache.hadoop.hdfs.server.namenode.FSNamesystem.checkNameNodeSafeMode(FSNamesystem.java:1441)
	at org.apache.hadoop.hdfs.server.namenode.FSDirWriteFileOp.analyzeFileState(FSDirWriteFileOp.java:591)
	at org.apache.hadoop.hdfs.server.namenode.FSDirWriteFileOp.validateAddBlock(FSDirWriteFileOp.java:172)
	at org.apache.hadoop.hdfs.server.namenode.FSNamesystem.getAdditionalBlock(FSNamesystem.java:2679)
	at org.apache.hadoop.hdfs.server.namenode.NameNodeRpcServer.addBlock(NameNodeRpcServer.java:875)
	at org.apache.hadoop.hdfs.protocolPB.ClientNamenodeProtocolServerSideTranslatorPB.addBlock(ClientNamenodeProtocolServerSideTranslatorPB.java:561)
	at org.apache.hadoop.hdfs.protocol.proto.ClientNamenodeProtocolProtos$ClientNamenodeProtocol$2.callBlockingMethod(ClientNamenodeProtocolProtos.java)
	at org.apache.hadoop.ipc.ProtobufRpcEngine$Server$ProtoBufRpcInvoker.call(ProtobufRpcEngine.java:523)
	at org.apache.hadoop.ipc.RPC$Server.call(RPC.java:991)
	at org.apache.hadoop.ipc.Server$RpcCall.run(Server.java:872)
	at org.apache.hadoop.ipc.Server$RpcCall.run(Server.java:818)
	at java.security.AccessController.doPrivileged(Native Method)
	at javax.security.auth.Subject.doAs(Subject.java:422)
	at org.apache.hadoop.security.UserGroupInformation.doAs(UserGroupInformation.java:1729)
	at org.apache.hadoop.ipc.Server$Handler.run(Server.java:2678)
Caused by: org.apache.hadoop.hdfs.server.namenode.SafeModeException: Cannot add block to /myfile17._COPYING_. Name node is in safe mode.
The reported blocks 112 has reached the threshold 0.9990 of total blocks 112. The number of live datanodes 3 has reached the minimum number 0. In safe mode extension. Safe mode will be turned off automatically in 5 seconds. NamenodeHostName:node-0-link-0
	at org.apache.hadoop.hdfs.server.namenode.FSNamesystem.newSafemodeException(FSNamesystem.java:1450)
	at org.apache.hadoop.hdfs.server.namenode.FSNamesystem.checkNameNodeSafeMode(FSNamesystem.java:1437)
	... 14 more
, while invoking ClientNamenodeProtocolTranslatorPB.addBlock over node-0-link-0/10.10.1.1:8020 after 3 failover attempts. Retrying after sleeping for 4964ms.
2019-02-20 18:05:02,160 INFO retry.RetryInvocationHandler: org.apache.hadoop.ipc.RemoteException(org.apache.hadoop.ipc.RetriableException): org.apache.hadoop.hdfs.server.namenode.SafeModeException: Cannot add block to /myfile17._COPYING_. Name node is in safe mode.
The reported blocks 112 has reached the threshold 0.9990 of total blocks 112. The number of live datanodes 3 has reached the minimum number 0. In safe mode extension. Safe mode will be turned off automatically in 0 seconds. NamenodeHostName:node-0-link-0
	at org.apache.hadoop.hdfs.server.namenode.FSNamesystem.checkNameNodeSafeMode(FSNamesystem.java:1441)
	at org.apache.hadoop.hdfs.server.namenode.FSDirWriteFileOp.analyzeFileState(FSDirWriteFileOp.java:591)
	at org.apache.hadoop.hdfs.server.namenode.FSDirWriteFileOp.validateAddBlock(FSDirWriteFileOp.java:172)
	at org.apache.hadoop.hdfs.server.namenode.FSNamesystem.getAdditionalBlock(FSNamesystem.java:2679)
	at org.apache.hadoop.hdfs.server.namenode.NameNodeRpcServer.addBlock(NameNodeRpcServer.java:875)
	at org.apache.hadoop.hdfs.protocolPB.ClientNamenodeProtocolServerSideTranslatorPB.addBlock(ClientNamenodeProtocolServerSideTranslatorPB.java:561)
	at org.apache.hadoop.hdfs.protocol.proto.ClientNamenodeProtocolProtos$ClientNamenodeProtocol$2.callBlockingMethod(ClientNamenodeProtocolProtos.java)
	at org.apache.hadoop.ipc.ProtobufRpcEngine$Server$ProtoBufRpcInvoker.call(ProtobufRpcEngine.java:523)
	at org.apache.hadoop.ipc.RPC$Server.call(RPC.java:991)
	at org.apache.hadoop.ipc.Server$RpcCall.run(Server.java:872)
	at org.apache.hadoop.ipc.Server$RpcCall.run(Server.java:818)
	at java.security.AccessController.doPrivileged(Native Method)
	at javax.security.auth.Subject.doAs(Subject.java:422)
	at org.apache.hadoop.security.UserGroupInformation.doAs(UserGroupInformation.java:1729)
	at org.apache.hadoop.ipc.Server$Handler.run(Server.java:2678)
Caused by: org.apache.hadoop.hdfs.server.namenode.SafeModeException: Cannot add block to /myfile17._COPYING_. Name node is in safe mode.
The reported blocks 112 has reached the threshold 0.9990 of total blocks 112. The number of live datanodes 3 has reached the minimum number 0. In safe mode extension. Safe mode will be turned off automatically in 0 seconds. NamenodeHostName:node-0-link-0
	at org.apache.hadoop.hdfs.server.namenode.FSNamesystem.newSafemodeException(FSNamesystem.java:1450)
	at org.apache.hadoop.hdfs.server.namenode.FSNamesystem.checkNameNodeSafeMode(FSNamesystem.java:1437)
	... 14 more
, while invoking ClientNamenodeProtocolTranslatorPB.addBlock over node-0-link-0/10.10.1.1:8020 after 3 failover attempts. Retrying after sleeping for 18167ms.
Found 20 items
-rw-r--r--   3 root supergroup 1073741824 2019-02-20 18:02 /myfile1
-rw-r--r--   3 root supergroup 1073741824 2019-02-20 18:04 /myfile10
-rw-r--r--   3 root supergroup 1073741824 2019-02-20 18:02 /myfile11
-rw-r--r--   3 root supergroup 1073741824 2019-02-20 18:05 /myfile12
-rw-r--r--   3 root supergroup 1073741824 2019-02-20 18:03 /myfile13
-rw-r--r--   3 root supergroup 1073741824 2019-02-20 18:05 /myfile14
-rw-r--r--   3 root supergroup 1073741824 2019-02-20 18:04 /myfile15
-rw-r--r--   3 root supergroup 1073741824 2019-02-20 18:04 /myfile16
-rw-r--r--   3 root supergroup 1073741824 2019-02-20 18:05 /myfile17
-rw-r--r--   3 root supergroup 1073741824 2019-02-20 18:05 /myfile18
-rw-r--r--   3 root supergroup 1073741824 2019-02-20 18:05 /myfile19
-rw-r--r--   3 root supergroup 1073741824 2019-02-20 18:02 /myfile2
-rw-r--r--   3 root supergroup 1073741824 2019-02-20 18:02 /myfile20
-rw-r--r--   3 root supergroup 1073741824 2019-02-20 18:03 /myfile3
-rw-r--r--   3 root supergroup 1073741824 2019-02-20 18:02 /myfile4
-rw-r--r--   3 root supergroup 1073741824 2019-02-20 18:04 /myfile5
-rw-r--r--   3 root supergroup 1073741824 2019-02-20 18:04 /myfile6
-rw-r--r--   3 root supergroup 1073741824 2019-02-20 18:05 /myfile7
-rw-r--r--   3 root supergroup 1073741824 2019-02-20 18:05 /myfile8
-rw-r--r--   3 root supergroup 1073741824 2019-02-20 18:03 /myfile9
file 17 has been put into HDFS
file 17 has been read from HDFS for 1 time
diff succeed!
file 17 has been read from HDFS for 2 time
diff succeed!
file 17 has been read from HDFS for 3 time
diff succeed!
file 17 has been read from HDFS for 4 time
diff succeed!
file 17 has been read from HDFS for 5 time
diff succeed!
file 17 has been read from HDFS for 6 time
diff succeed!
file 17 has been read from HDFS for 7 time
diff succeed!
file 17 has been read from HDFS for 8 time
diff succeed!
file 17 has been read from HDFS for 9 time
diff succeed!
file 17 has been read from HDFS for 10 time
diff succeed!
Deleted /myfile17
file 17 has been removed from HDFS
Found 19 items
-rw-r--r--   3 root supergroup 1073741824 2019-02-20 18:06 /myfile1
-rw-r--r--   3 root supergroup 1073741824 2019-02-20 18:08 /myfile10
-rw-r--r--   3 root supergroup 1073741824 2019-02-20 18:06 /myfile11
-rw-r--r--   3 root supergroup 1073741824 2019-02-20 18:09 /myfile12
-rw-r--r--   3 root supergroup 1073741824 2019-02-20 18:07 /myfile13
-rw-r--r--   3 root supergroup 1073741824 2019-02-20 18:08 /myfile15
-rw-r--r--   3 root supergroup 1073741824 2019-02-20 18:09 /myfile16
-rw-r--r--   3 root supergroup 1073741824 2019-02-20 18:09 /myfile17
-rw-r--r--   3 root supergroup 1073741824 2019-02-20 18:09 /myfile18
-rw-r--r--   3 root supergroup 1073741824 2019-02-20 18:05 /myfile19
-rw-r--r--   3 root supergroup 1073741824 2019-02-20 18:06 /myfile2
-rw-r--r--   3 root supergroup 1073741824 2019-02-20 18:06 /myfile20
-rw-r--r--   3 root supergroup 1073741824 2019-02-20 18:07 /myfile3
-rw-r--r--   3 root supergroup 1073741824 2019-02-20 18:06 /myfile4
-rw-r--r--   3 root supergroup 1073741824 2019-02-20 18:08 /myfile5
-rw-r--r--   3 root supergroup 1073741824 2019-02-20 18:08 /myfile6
-rw-r--r--   3 root supergroup 1073741824 2019-02-20 18:09 /myfile7
-rw-r--r--   3 root supergroup 1073741824 2019-02-20 18:09 /myfile8
-rw-r--r--   3 root supergroup 1073741824 2019-02-20 18:07 /myfile9
file 17 has been put into HDFS
file 17 has been read from HDFS for 1 time
diff succeed!
file 17 has been read from HDFS for 2 time
diff succeed!
file 17 has been read from HDFS for 3 time
diff succeed!
file 17 has been read from HDFS for 4 time
diff succeed!
file 17 has been read from HDFS for 5 time
diff succeed!
file 17 has been read from HDFS for 6 time
diff succeed!
file 17 has been read from HDFS for 7 time
diff succeed!
file 17 has been read from HDFS for 8 time
diff succeed!
file 17 has been read from HDFS for 9 time
diff succeed!
file 17 has been read from HDFS for 10 time
diff succeed!
2019-02-20 18:15:16,094 INFO retry.RetryInvocationHandler: org.apache.hadoop.ipc.RemoteException(org.apache.hadoop.ipc.StandbyException): Operation category READ is not supported in state standby. Visit https://s.apache.org/sbnn-error
	at org.apache.hadoop.hdfs.server.namenode.ha.StandbyState.checkOperation(StandbyState.java:88)
	at org.apache.hadoop.hdfs.server.namenode.NameNode$NameNodeHAContext.checkOperation(NameNode.java:1952)
	at org.apache.hadoop.hdfs.server.namenode.FSNamesystem.checkOperation(FSNamesystem.java:1423)
	at org.apache.hadoop.hdfs.server.namenode.FSNamesystem.getFileInfo(FSNamesystem.java:3085)
	at org.apache.hadoop.hdfs.server.namenode.NameNodeRpcServer.getFileInfo(NameNodeRpcServer.java:1154)
	at org.apache.hadoop.hdfs.protocolPB.ClientNamenodeProtocolServerSideTranslatorPB.getFileInfo(ClientNamenodeProtocolServerSideTranslatorPB.java:966)
	at org.apache.hadoop.hdfs.protocol.proto.ClientNamenodeProtocolProtos$ClientNamenodeProtocol$2.callBlockingMethod(ClientNamenodeProtocolProtos.java)
	at org.apache.hadoop.ipc.ProtobufRpcEngine$Server$ProtoBufRpcInvoker.call(ProtobufRpcEngine.java:523)
	at org.apache.hadoop.ipc.RPC$Server.call(RPC.java:991)
	at org.apache.hadoop.ipc.Server$RpcCall.run(Server.java:872)
	at org.apache.hadoop.ipc.Server$RpcCall.run(Server.java:818)
	at java.security.AccessController.doPrivileged(Native Method)
	at javax.security.auth.Subject.doAs(Subject.java:422)
	at org.apache.hadoop.security.UserGroupInformation.doAs(UserGroupInformation.java:1729)
	at org.apache.hadoop.ipc.Server$Handler.run(Server.java:2678)
, while invoking ClientNamenodeProtocolTranslatorPB.getFileInfo over node-1-link-0/10.10.1.4:8020 after 1 failover attempts. Trying to failover after sleeping for 1108ms.
2019-02-20 18:15:17,207 INFO retry.RetryInvocationHandler: java.net.ConnectException: Call From clnode049.clemson.cloudlab.us/130.127.133.58 to node-0-link-0:8020 failed on connection exception: java.net.ConnectException: Connection refused; For more details see:  http://wiki.apache.org/hadoop/ConnectionRefused, while invoking ClientNamenodeProtocolTranslatorPB.getFileInfo over node-0-link-0/10.10.1.1:8020 after 2 failover attempts. Trying to failover after sleeping for 1935ms.
Deleted /myfile17
file 17 has been removed from HDFS
Found 19 items
-rw-r--r--   3 root supergroup 1073741824 2019-02-20 18:13 /myfile10
-rw-r--r--   3 root supergroup 1073741824 2019-02-20 18:14 /myfile11
-rw-r--r--   3 root supergroup 1073741824 2019-02-20 18:13 /myfile12
-rw-r--r--   3 root supergroup 1073741824 2019-02-20 18:15 /myfile13
-rw-r--r--   3 root supergroup 1073741824 2019-02-20 18:13 /myfile14
-rw-r--r--   3 root supergroup 1073741824 2019-02-20 18:11 /myfile15
-rw-r--r--   3 root supergroup 1073741824 2019-02-20 18:13 /myfile16
-rw-r--r--   3 root supergroup 1073741824 2019-02-20 18:15 /myfile17
-rw-r--r--   3 root supergroup 1073741824 2019-02-20 18:15 /myfile18
-rw-r--r--   3 root supergroup 1073741824 2019-02-20 18:15 /myfile19
-rw-r--r--   3 root supergroup 1073741824 2019-02-20 18:14 /myfile2
-rw-r--r--   3 root supergroup 1073741824 2019-02-20 18:11 /myfile20
-rw-r--r--   3 root supergroup 1073741824 2019-02-20 18:11 /myfile3
-rw-r--r--   3 root supergroup 1073741824 2019-02-20 18:11 /myfile4
-rw-r--r--   3 root supergroup 1073741824 2019-02-20 18:12 /myfile5
-rw-r--r--   3 root supergroup 1073741824 2019-02-20 18:12 /myfile6
-rw-r--r--   3 root supergroup 1073741824 2019-02-20 18:13 /myfile7
-rw-r--r--   3 root supergroup 1073741824 2019-02-20 18:13 /myfile8
-rw-r--r--   3 root supergroup 1073741824 2019-02-20 18:11 /myfile9
file 17 has been put into HDFS
file 17 has been read from HDFS for 1 time
diff succeed!
file 17 has been read from HDFS for 2 time
diff succeed!
file 17 has been read from HDFS for 3 time
diff succeed!
file 17 has been read from HDFS for 4 time
diff succeed!
file 17 has been read from HDFS for 5 time
diff succeed!
file 17 has been read from HDFS for 6 time
diff succeed!
file 17 has been read from HDFS for 7 time
diff succeed!
file 17 has been read from HDFS for 8 time
diff succeed!
file 17 has been read from HDFS for 9 time
diff succeed!
file 17 has been read from HDFS for 10 time
diff succeed!
Deleted /myfile17
file 17 has been removed from HDFS
Found 17 items
-rw-r--r--   3 root supergroup 1073741824 2019-02-20 18:16 /myfile1
-rw-r--r--   3 root supergroup 1073741824 2019-02-20 18:16 /myfile10
-rw-r--r--   3 root supergroup 1073741824 2019-02-20 18:17 /myfile12
-rw-r--r--   3 root supergroup 1073741824 2019-02-20 18:19 /myfile13
-rw-r--r--   3 root supergroup 1073741824 2019-02-20 18:17 /myfile14
-rw-r--r--   3 root supergroup 1073741824 2019-02-20 18:17 /myfile15
-rw-r--r--   3 root supergroup 1073741824 2019-02-20 18:16 /myfile16
-rw-r--r--   3 root supergroup 1073741824 2019-02-20 18:19 /myfile17
-rw-r--r--   3 root supergroup 1073741824 2019-02-20 18:19 /myfile18
-rw-r--r--   3 root supergroup 1073741824 2019-02-20 18:19 /myfile19
-rw-r--r--   3 root supergroup 1073741824 2019-02-20 18:17 /myfile20
-rw-r--r--   3 root supergroup 1073741824 2019-02-20 18:17 /myfile3
-rw-r--r--   3 root supergroup 1073741824 2019-02-20 18:17 /myfile4
-rw-r--r--   3 root supergroup 1073741824 2019-02-20 18:18 /myfile6
-rw-r--r--   3 root supergroup 1073741824 2019-02-20 18:16 /myfile7
-rw-r--r--   3 root supergroup 1073741824 2019-02-20 18:17 /myfile8
-rw-r--r--   3 root supergroup 1073741824 2019-02-20 18:17 /myfile9
file 17 has been put into HDFS
file 17 has been read from HDFS for 1 time
diff succeed!
file 17 has been read from HDFS for 2 time
diff succeed!
file 17 has been read from HDFS for 3 time
diff succeed!
file 17 has been read from HDFS for 4 time
diff succeed!
file 17 has been read from HDFS for 5 time
diff succeed!
file 17 has been read from HDFS for 6 time
diff succeed!
file 17 has been read from HDFS for 7 time
diff succeed!
file 17 has been read from HDFS for 8 time
diff succeed!
file 17 has been read from HDFS for 9 time
diff succeed!
file 17 has been read from HDFS for 10 time
diff succeed!
Deleted /myfile17
file 17 has been removed from HDFS
Found 20 items
-rw-r--r--   3 root supergroup 1073741824 2019-02-20 18:20 /myfile1
-rw-r--r--   3 root supergroup 1073741824 2019-02-20 18:20 /myfile10
-rw-r--r--   3 root supergroup 1073741824 2019-02-20 18:21 /myfile11
-rw-r--r--   3 root supergroup 1073741824 2019-02-20 18:21 /myfile12
-rw-r--r--   3 root supergroup 1073741824 2019-02-20 18:23 /myfile13
-rw-r--r--   3 root supergroup 1073741824 2019-02-20 18:21 /myfile14
-rw-r--r--   3 root supergroup 1073741824 2019-02-20 18:21 /myfile15
-rw-r--r--   3 root supergroup 1073741824 2019-02-20 18:20 /myfile16
-rw-r--r--   3 root supergroup 1073741824 2019-02-20 18:23 /myfile17
-rw-r--r--   3 root supergroup 1073741824 2019-02-20 18:23 /myfile18
-rw-r--r--   3 root supergroup 1073741824 2019-02-20 18:23 /myfile19
-rw-r--r--   3 root supergroup 1073741824 2019-02-20 18:21 /myfile2
-rw-r--r--   3 root supergroup 1073741824 2019-02-20 18:20 /myfile20
-rw-r--r--   3 root supergroup 1073741824 2019-02-20 18:21 /myfile3
-rw-r--r--   3 root supergroup 1073741824 2019-02-20 18:21 /myfile4
-rw-r--r--   3 root supergroup 1073741824 2019-02-20 18:21 /myfile5
-rw-r--r--   3 root supergroup 1073741824 2019-02-20 18:22 /myfile6
-rw-r--r--   3 root supergroup 1073741824 2019-02-20 18:20 /myfile7
-rw-r--r--   3 root supergroup 1073741824 2019-02-20 18:21 /myfile8
-rw-r--r--   3 root supergroup 1073741824 2019-02-20 18:21 /myfile9
file 17 has been put into HDFS
file 17 has been read from HDFS for 1 time
diff succeed!
file 17 has been read from HDFS for 2 time
diff succeed!
file 17 has been read from HDFS for 3 time
diff succeed!
file 17 has been read from HDFS for 4 time
diff succeed!
file 17 has been read from HDFS for 5 time
diff succeed!
file 17 has been read from HDFS for 6 time
diff succeed!
file 17 has been read from HDFS for 7 time
diff succeed!
file 17 has been read from HDFS for 8 time
diff succeed!
file 17 has been read from HDFS for 9 time
diff succeed!
file 17 has been read from HDFS for 10 time
diff succeed!
2019-02-20 18:27:02,976 INFO retry.RetryInvocationHandler: org.apache.hadoop.ipc.RemoteException(org.apache.hadoop.ipc.RetriableException): org.apache.hadoop.hdfs.server.namenode.SafeModeException: Cannot delete /myfile17. Name node is in safe mode.
The reported blocks 152 has reached the threshold 0.9990 of total blocks 152. The number of live datanodes 3 has reached the minimum number 0. In safe mode extension. Safe mode will be turned off automatically in 8 seconds. NamenodeHostName:node-0-link-0
	at org.apache.hadoop.hdfs.server.namenode.FSNamesystem.checkNameNodeSafeMode(FSNamesystem.java:1441)
	at org.apache.hadoop.hdfs.server.namenode.FSNamesystem.delete(FSNamesystem.java:2986)
	at org.apache.hadoop.hdfs.server.namenode.NameNodeRpcServer.delete(NameNodeRpcServer.java:1095)
	at org.apache.hadoop.hdfs.protocolPB.ClientNamenodeProtocolServerSideTranslatorPB.delete(ClientNamenodeProtocolServerSideTranslatorPB.java:692)
	at org.apache.hadoop.hdfs.protocol.proto.ClientNamenodeProtocolProtos$ClientNamenodeProtocol$2.callBlockingMethod(ClientNamenodeProtocolProtos.java)
	at org.apache.hadoop.ipc.ProtobufRpcEngine$Server$ProtoBufRpcInvoker.call(ProtobufRpcEngine.java:523)
	at org.apache.hadoop.ipc.RPC$Server.call(RPC.java:991)
	at org.apache.hadoop.ipc.Server$RpcCall.run(Server.java:872)
	at org.apache.hadoop.ipc.Server$RpcCall.run(Server.java:818)
	at java.security.AccessController.doPrivileged(Native Method)
	at javax.security.auth.Subject.doAs(Subject.java:422)
	at org.apache.hadoop.security.UserGroupInformation.doAs(UserGroupInformation.java:1729)
	at org.apache.hadoop.ipc.Server$Handler.run(Server.java:2678)
Caused by: org.apache.hadoop.hdfs.server.namenode.SafeModeException: Cannot delete /myfile17. Name node is in safe mode.
The reported blocks 152 has reached the threshold 0.9990 of total blocks 152. The number of live datanodes 3 has reached the minimum number 0. In safe mode extension. Safe mode will be turned off automatically in 8 seconds. NamenodeHostName:node-0-link-0
	at org.apache.hadoop.hdfs.server.namenode.FSNamesystem.newSafemodeException(FSNamesystem.java:1450)
	at org.apache.hadoop.hdfs.server.namenode.FSNamesystem.checkNameNodeSafeMode(FSNamesystem.java:1437)
	... 12 more
, while invoking ClientNamenodeProtocolTranslatorPB.delete over node-0-link-0/10.10.1.1:8020. Retrying immediately.
2019-02-20 18:27:02,983 INFO retry.RetryInvocationHandler: org.apache.hadoop.ipc.RemoteException(org.apache.hadoop.ipc.RetriableException): org.apache.hadoop.hdfs.server.namenode.SafeModeException: Cannot delete /myfile17. Name node is in safe mode.
The reported blocks 152 has reached the threshold 0.9990 of total blocks 152. The number of live datanodes 3 has reached the minimum number 0. In safe mode extension. Safe mode will be turned off automatically in 8 seconds. NamenodeHostName:node-0-link-0
	at org.apache.hadoop.hdfs.server.namenode.FSNamesystem.checkNameNodeSafeMode(FSNamesystem.java:1441)
	at org.apache.hadoop.hdfs.server.namenode.FSNamesystem.delete(FSNamesystem.java:2986)
	at org.apache.hadoop.hdfs.server.namenode.NameNodeRpcServer.delete(NameNodeRpcServer.java:1095)
	at org.apache.hadoop.hdfs.protocolPB.ClientNamenodeProtocolServerSideTranslatorPB.delete(ClientNamenodeProtocolServerSideTranslatorPB.java:692)
	at org.apache.hadoop.hdfs.protocol.proto.ClientNamenodeProtocolProtos$ClientNamenodeProtocol$2.callBlockingMethod(ClientNamenodeProtocolProtos.java)
	at org.apache.hadoop.ipc.ProtobufRpcEngine$Server$ProtoBufRpcInvoker.call(ProtobufRpcEngine.java:523)
	at org.apache.hadoop.ipc.RPC$Server.call(RPC.java:991)
	at org.apache.hadoop.ipc.Server$RpcCall.run(Server.java:872)
	at org.apache.hadoop.ipc.Server$RpcCall.run(Server.java:818)
	at java.security.AccessController.doPrivileged(Native Method)
	at javax.security.auth.Subject.doAs(Subject.java:422)
	at org.apache.hadoop.security.UserGroupInformation.doAs(UserGroupInformation.java:1729)
	at org.apache.hadoop.ipc.Server$Handler.run(Server.java:2678)
Caused by: org.apache.hadoop.hdfs.server.namenode.SafeModeException: Cannot delete /myfile17. Name node is in safe mode.
The reported blocks 152 has reached the threshold 0.9990 of total blocks 152. The number of live datanodes 3 has reached the minimum number 0. In safe mode extension. Safe mode will be turned off automatically in 8 seconds. NamenodeHostName:node-0-link-0
	at org.apache.hadoop.hdfs.server.namenode.FSNamesystem.newSafemodeException(FSNamesystem.java:1450)
	at org.apache.hadoop.hdfs.server.namenode.FSNamesystem.checkNameNodeSafeMode(FSNamesystem.java:1437)
	... 12 more
, while invoking ClientNamenodeProtocolTranslatorPB.delete over node-0-link-0/10.10.1.1:8020. Retrying after sleeping for 521ms.
2019-02-20 18:27:03,509 INFO retry.RetryInvocationHandler: org.apache.hadoop.ipc.RemoteException(org.apache.hadoop.ipc.RetriableException): org.apache.hadoop.hdfs.server.namenode.SafeModeException: Cannot delete /myfile17. Name node is in safe mode.
The reported blocks 152 has reached the threshold 0.9990 of total blocks 152. The number of live datanodes 3 has reached the minimum number 0. In safe mode extension. Safe mode will be turned off automatically in 7 seconds. NamenodeHostName:node-0-link-0
	at org.apache.hadoop.hdfs.server.namenode.FSNamesystem.checkNameNodeSafeMode(FSNamesystem.java:1441)
	at org.apache.hadoop.hdfs.server.namenode.FSNamesystem.delete(FSNamesystem.java:2986)
	at org.apache.hadoop.hdfs.server.namenode.NameNodeRpcServer.delete(NameNodeRpcServer.java:1095)
	at org.apache.hadoop.hdfs.protocolPB.ClientNamenodeProtocolServerSideTranslatorPB.delete(ClientNamenodeProtocolServerSideTranslatorPB.java:692)
	at org.apache.hadoop.hdfs.protocol.proto.ClientNamenodeProtocolProtos$ClientNamenodeProtocol$2.callBlockingMethod(ClientNamenodeProtocolProtos.java)
	at org.apache.hadoop.ipc.ProtobufRpcEngine$Server$ProtoBufRpcInvoker.call(ProtobufRpcEngine.java:523)
	at org.apache.hadoop.ipc.RPC$Server.call(RPC.java:991)
	at org.apache.hadoop.ipc.Server$RpcCall.run(Server.java:872)
	at org.apache.hadoop.ipc.Server$RpcCall.run(Server.java:818)
	at java.security.AccessController.doPrivileged(Native Method)
	at javax.security.auth.Subject.doAs(Subject.java:422)
	at org.apache.hadoop.security.UserGroupInformation.doAs(UserGroupInformation.java:1729)
	at org.apache.hadoop.ipc.Server$Handler.run(Server.java:2678)
Caused by: org.apache.hadoop.hdfs.server.namenode.SafeModeException: Cannot delete /myfile17. Name node is in safe mode.
The reported blocks 152 has reached the threshold 0.9990 of total blocks 152. The number of live datanodes 3 has reached the minimum number 0. In safe mode extension. Safe mode will be turned off automatically in 7 seconds. NamenodeHostName:node-0-link-0
	at org.apache.hadoop.hdfs.server.namenode.FSNamesystem.newSafemodeException(FSNamesystem.java:1450)
	at org.apache.hadoop.hdfs.server.namenode.FSNamesystem.checkNameNodeSafeMode(FSNamesystem.java:1437)
	... 12 more
, while invoking ClientNamenodeProtocolTranslatorPB.delete over node-0-link-0/10.10.1.1:8020. Retrying after sleeping for 2825ms.
2019-02-20 18:27:06,340 INFO retry.RetryInvocationHandler: org.apache.hadoop.ipc.RemoteException(org.apache.hadoop.ipc.RetriableException): org.apache.hadoop.hdfs.server.namenode.SafeModeException: Cannot delete /myfile17. Name node is in safe mode.
The reported blocks 152 has reached the threshold 0.9990 of total blocks 152. The number of live datanodes 3 has reached the minimum number 0. In safe mode extension. Safe mode will be turned off automatically in 4 seconds. NamenodeHostName:node-0-link-0
	at org.apache.hadoop.hdfs.server.namenode.FSNamesystem.checkNameNodeSafeMode(FSNamesystem.java:1441)
	at org.apache.hadoop.hdfs.server.namenode.FSNamesystem.delete(FSNamesystem.java:2986)
	at org.apache.hadoop.hdfs.server.namenode.NameNodeRpcServer.delete(NameNodeRpcServer.java:1095)
	at org.apache.hadoop.hdfs.protocolPB.ClientNamenodeProtocolServerSideTranslatorPB.delete(ClientNamenodeProtocolServerSideTranslatorPB.java:692)
	at org.apache.hadoop.hdfs.protocol.proto.ClientNamenodeProtocolProtos$ClientNamenodeProtocol$2.callBlockingMethod(ClientNamenodeProtocolProtos.java)
	at org.apache.hadoop.ipc.ProtobufRpcEngine$Server$ProtoBufRpcInvoker.call(ProtobufRpcEngine.java:523)
	at org.apache.hadoop.ipc.RPC$Server.call(RPC.java:991)
	at org.apache.hadoop.ipc.Server$RpcCall.run(Server.java:872)
	at org.apache.hadoop.ipc.Server$RpcCall.run(Server.java:818)
	at java.security.AccessController.doPrivileged(Native Method)
	at javax.security.auth.Subject.doAs(Subject.java:422)
	at org.apache.hadoop.security.UserGroupInformation.doAs(UserGroupInformation.java:1729)
	at org.apache.hadoop.ipc.Server$Handler.run(Server.java:2678)
Caused by: org.apache.hadoop.hdfs.server.namenode.SafeModeException: Cannot delete /myfile17. Name node is in safe mode.
The reported blocks 152 has reached the threshold 0.9990 of total blocks 152. The number of live datanodes 3 has reached the minimum number 0. In safe mode extension. Safe mode will be turned off automatically in 4 seconds. NamenodeHostName:node-0-link-0
	at org.apache.hadoop.hdfs.server.namenode.FSNamesystem.newSafemodeException(FSNamesystem.java:1450)
	at org.apache.hadoop.hdfs.server.namenode.FSNamesystem.checkNameNodeSafeMode(FSNamesystem.java:1437)
	... 12 more
, while invoking ClientNamenodeProtocolTranslatorPB.delete over node-0-link-0/10.10.1.1:8020. Retrying after sleeping for 4415ms.
2019-02-20 18:27:10,760 INFO retry.RetryInvocationHandler: org.apache.hadoop.ipc.RemoteException(org.apache.hadoop.ipc.RetriableException): org.apache.hadoop.hdfs.server.namenode.SafeModeException: Cannot delete /myfile17. Name node is in safe mode.
The reported blocks 152 has reached the threshold 0.9990 of total blocks 152. The number of live datanodes 3 has reached the minimum number 0. In safe mode extension. Safe mode will be turned off automatically in 0 seconds. NamenodeHostName:node-0-link-0
	at org.apache.hadoop.hdfs.server.namenode.FSNamesystem.checkNameNodeSafeMode(FSNamesystem.java:1441)
	at org.apache.hadoop.hdfs.server.namenode.FSNamesystem.delete(FSNamesystem.java:2986)
	at org.apache.hadoop.hdfs.server.namenode.NameNodeRpcServer.delete(NameNodeRpcServer.java:1095)
	at org.apache.hadoop.hdfs.protocolPB.ClientNamenodeProtocolServerSideTranslatorPB.delete(ClientNamenodeProtocolServerSideTranslatorPB.java:692)
	at org.apache.hadoop.hdfs.protocol.proto.ClientNamenodeProtocolProtos$ClientNamenodeProtocol$2.callBlockingMethod(ClientNamenodeProtocolProtos.java)
	at org.apache.hadoop.ipc.ProtobufRpcEngine$Server$ProtoBufRpcInvoker.call(ProtobufRpcEngine.java:523)
	at org.apache.hadoop.ipc.RPC$Server.call(RPC.java:991)
	at org.apache.hadoop.ipc.Server$RpcCall.run(Server.java:872)
	at org.apache.hadoop.ipc.Server$RpcCall.run(Server.java:818)
	at java.security.AccessController.doPrivileged(Native Method)
	at javax.security.auth.Subject.doAs(Subject.java:422)
	at org.apache.hadoop.security.UserGroupInformation.doAs(UserGroupInformation.java:1729)
	at org.apache.hadoop.ipc.Server$Handler.run(Server.java:2678)
Caused by: org.apache.hadoop.hdfs.server.namenode.SafeModeException: Cannot delete /myfile17. Name node is in safe mode.
The reported blocks 152 has reached the threshold 0.9990 of total blocks 152. The number of live datanodes 3 has reached the minimum number 0. In safe mode extension. Safe mode will be turned off automatically in 0 seconds. NamenodeHostName:node-0-link-0
	at org.apache.hadoop.hdfs.server.namenode.FSNamesystem.newSafemodeException(FSNamesystem.java:1450)
	at org.apache.hadoop.hdfs.server.namenode.FSNamesystem.checkNameNodeSafeMode(FSNamesystem.java:1437)
	... 12 more
, while invoking ClientNamenodeProtocolTranslatorPB.delete over node-0-link-0/10.10.1.1:8020. Retrying after sleeping for 7714ms.
Deleted /myfile17
file 17 has been removed from HDFS
Found 20 items
-rw-r--r--   3 root supergroup 1073741824 2019-02-20 18:24 /myfile1
-rw-r--r--   3 root supergroup 1073741824 2019-02-20 18:24 /myfile10
-rw-r--r--   3 root supergroup 1073741824 2019-02-20 18:26 /myfile11
-rw-r--r--   3 root supergroup 1073741824 2019-02-20 18:25 /myfile12
-rw-r--r--   3 root supergroup 1073741824 2019-02-20 18:23 /myfile13
-rw-r--r--   3 root supergroup 1073741824 2019-02-20 18:25 /myfile14
-rw-r--r--   3 root supergroup 1073741824 2019-02-20 18:25 /myfile15
-rw-r--r--   3 root supergroup 1073741824 2019-02-20 18:25 /myfile16
-rw-r--r--   3 root supergroup 1073741824 2019-02-20 18:27 /myfile17
-rw-r--r--   3 root supergroup 1073741824 2019-02-20 18:27 /myfile18
-rw-r--r--   3 root supergroup 1073741824 2019-02-20 18:23 /myfile19
-rw-r--r--   3 root supergroup 1073741824 2019-02-20 18:25 /myfile2
-rw-r--r--   3 root supergroup 1073741824 2019-02-20 18:24 /myfile20
-rw-r--r--   3 root supergroup 1073741824 2019-02-20 18:25 /myfile3
-rw-r--r--   3 root supergroup 1073741824 2019-02-20 18:25 /myfile4
-rw-r--r--   3 root supergroup 1073741824 2019-02-20 18:26 /myfile5
-rw-r--r--   3 root supergroup  939524096 2019-02-20 18:27 /myfile6._COPYING_
-rw-r--r--   3 root supergroup 1073741824 2019-02-20 18:25 /myfile7
-rw-r--r--   3 root supergroup 1073741824 2019-02-20 18:25 /myfile8
-rw-r--r--   3 root supergroup 1073741824 2019-02-20 18:25 /myfile9
file 17 has been put into HDFS
file 17 has been read from HDFS for 1 time
diff succeed!
file 17 has been read from HDFS for 2 time
diff succeed!
file 17 has been read from HDFS for 3 time
diff succeed!
file 17 has been read from HDFS for 4 time
diff succeed!
file 17 has been read from HDFS for 5 time
diff succeed!
file 17 has been read from HDFS for 6 time
diff succeed!
file 17 has been read from HDFS for 7 time
diff succeed!
file 17 has been read from HDFS for 8 time
diff succeed!
file 17 has been read from HDFS for 9 time
diff succeed!
file 17 has been read from HDFS for 10 time
diff succeed!
Deleted /myfile17
file 17 has been removed from HDFS
Found 19 items
-rw-r--r--   3 root supergroup 1073741824 2019-02-20 18:29 /myfile1
-rw-r--r--   3 root supergroup 1073741824 2019-02-20 18:28 /myfile10
-rw-r--r--   3 root supergroup 1073741824 2019-02-20 18:31 /myfile11
-rw-r--r--   3 root supergroup 1073741824 2019-02-20 18:29 /myfile12
-rw-r--r--   3 root supergroup 1073741824 2019-02-20 18:28 /myfile13
-rw-r--r--   3 root supergroup 1073741824 2019-02-20 18:30 /myfile14
-rw-r--r--   3 root supergroup 1073741824 2019-02-20 18:29 /myfile15
-rw-r--r--   3 root supergroup 1073741824 2019-02-20 18:29 /myfile16
-rw-r--r--   3 root supergroup 1073741824 2019-02-20 18:31 /myfile17
-rw-r--r--   3 root supergroup 1073741824 2019-02-20 18:27 /myfile18
-rw-r--r--   3 root supergroup 1073741824 2019-02-20 18:28 /myfile19
-rw-r--r--   3 root supergroup 1073741824 2019-02-20 18:29 /myfile2
-rw-r--r--   3 root supergroup 1073741824 2019-02-20 18:28 /myfile20
-rw-r--r--   3 root supergroup 1073741824 2019-02-20 18:29 /myfile3
-rw-r--r--   3 root supergroup 1073741824 2019-02-20 18:29 /myfile4
-rw-r--r--   3 root supergroup 1073741824 2019-02-20 18:31 /myfile5
-rw-r--r--   3 root supergroup 1073741824 2019-02-20 18:29 /myfile7
-rw-r--r--   3 root supergroup 1073741824 2019-02-20 18:31 /myfile8
-rw-r--r--   3 root supergroup 1073741824 2019-02-20 18:29 /myfile9
file 17 has been put into HDFS
file 17 has been read from HDFS for 1 time
diff succeed!
file 17 has been read from HDFS for 2 time
diff succeed!
file 17 has been read from HDFS for 3 time
diff succeed!
file 17 has been read from HDFS for 4 time
diff succeed!
file 17 has been read from HDFS for 5 time
diff succeed!
file 17 has been read from HDFS for 6 time
diff succeed!
file 17 has been read from HDFS for 7 time
diff succeed!
file 17 has been read from HDFS for 8 time
diff succeed!
file 17 has been read from HDFS for 9 time
diff succeed!
file 17 has been read from HDFS for 10 time
diff succeed!
Deleted /myfile17
file 17 has been removed from HDFS
Found 20 items
-rw-r--r--   3 root supergroup 1073741824 2019-02-20 18:33 /myfile1
-rw-r--r--   3 root supergroup 1073741824 2019-02-20 18:32 /myfile10
-rw-r--r--   3 root supergroup  671088640 2019-02-20 18:35 /myfile11._COPYING_
-rw-r--r--   3 root supergroup 1073741824 2019-02-20 18:33 /myfile12
-rw-r--r--   3 root supergroup 1073741824 2019-02-20 18:33 /myfile13
-rw-r--r--   3 root supergroup 1073741824 2019-02-20 18:34 /myfile14
-rw-r--r--   3 root supergroup 1073741824 2019-02-20 18:33 /myfile15
-rw-r--r--   3 root supergroup 1073741824 2019-02-20 18:33 /myfile16
-rw-r--r--   3 root supergroup 1073741824 2019-02-20 18:35 /myfile17
-rw-r--r--   3 root supergroup  268435456 2019-02-20 18:35 /myfile18._COPYING_
-rw-r--r--   3 root supergroup 1073741824 2019-02-20 18:33 /myfile19
-rw-r--r--   3 root supergroup 1073741824 2019-02-20 18:33 /myfile2
-rw-r--r--   3 root supergroup 1073741824 2019-02-20 18:32 /myfile20
-rw-r--r--   3 root supergroup 1073741824 2019-02-20 18:33 /myfile3
-rw-r--r--   3 root supergroup 1073741824 2019-02-20 18:33 /myfile4
-rw-r--r--   3 root supergroup 1073741824 2019-02-20 18:35 /myfile5
-rw-r--r--   3 root supergroup          0 2019-02-20 18:36 /myfile6._COPYING_
-rw-r--r--   3 root supergroup 1073741824 2019-02-20 18:33 /myfile7
-rw-r--r--   3 root supergroup 1073741824 2019-02-20 18:35 /myfile8
-rw-r--r--   3 root supergroup 1073741824 2019-02-20 18:33 /myfile9
file 17 has been put into HDFS
file 17 has been read from HDFS for 1 time
diff succeed!
file 17 has been read from HDFS for 2 time
diff succeed!
file 17 has been read from HDFS for 3 time
diff succeed!
file 17 has been read from HDFS for 4 time
diff succeed!
sub_benchmark 4 signal TERM catched and let quit gracefully
Deleted /myfile17
file 17 has been removed from HDFS
