Found 20 items
-rw-r--r--   3 root supergroup 1073741824 2019-02-19 17:50 /myfile1
-rw-r--r--   3 root supergroup 1073741824 2019-02-19 17:50 /myfile10
-rw-r--r--   3 root supergroup 1073741824 2019-02-19 17:50 /myfile11
-rw-r--r--   3 root supergroup 1073741824 2019-02-19 17:50 /myfile12
-rw-r--r--   3 root supergroup 1073741824 2019-02-19 17:50 /myfile13
-rw-r--r--   3 root supergroup 1073741824 2019-02-19 17:50 /myfile14
-rw-r--r--   3 root supergroup 1073741824 2019-02-19 17:50 /myfile15
-rw-r--r--   3 root supergroup 1073741824 2019-02-19 17:50 /myfile16
-rw-r--r--   3 root supergroup 1073741824 2019-02-19 17:50 /myfile17
-rw-r--r--   3 root supergroup 1073741824 2019-02-19 17:50 /myfile18
-rw-r--r--   3 root supergroup 1073741824 2019-02-19 17:50 /myfile19
-rw-r--r--   3 root supergroup 1073741824 2019-02-19 17:50 /myfile2
-rw-r--r--   3 root supergroup 1073741824 2019-02-19 17:50 /myfile20
-rw-r--r--   3 root supergroup 1073741824 2019-02-19 17:50 /myfile3
-rw-r--r--   3 root supergroup 1073741824 2019-02-19 17:50 /myfile4
-rw-r--r--   3 root supergroup 1073741824 2019-02-19 17:50 /myfile5
-rw-r--r--   3 root supergroup 1073741824 2019-02-19 17:50 /myfile6
-rw-r--r--   3 root supergroup 1073741824 2019-02-19 17:50 /myfile7
-rw-r--r--   3 root supergroup 1073741824 2019-02-19 17:50 /myfile8
-rw-r--r--   3 root supergroup 1073741824 2019-02-19 17:50 /myfile9
file 12 has been put into HDFS
file 12 has been read from HDFS for 1 time
diff succeed!
file 12 has been read from HDFS for 2 time
diff succeed!
file 12 has been read from HDFS for 3 time
diff succeed!
file 12 has been read from HDFS for 4 time
diff succeed!
file 12 has been read from HDFS for 5 time
diff succeed!
file 12 has been read from HDFS for 6 time
diff succeed!
file 12 has been read from HDFS for 7 time
diff succeed!
file 12 has been read from HDFS for 8 time
diff succeed!
file 12 has been read from HDFS for 9 time
diff succeed!
file 12 has been read from HDFS for 10 time
diff succeed!
Deleted /myfile12
file 12 has been removed from HDFS
Found 16 items
-rw-r--r--   3 root supergroup 1073741824 2019-02-19 17:53 /myfile1
-rw-r--r--   3 root supergroup          0 2019-02-19 17:54 /myfile10._COPYING_
-rw-r--r--   3 root supergroup 1073741824 2019-02-19 17:54 /myfile11
-rw-r--r--   3 root supergroup 1073741824 2019-02-19 17:54 /myfile12
-rw-r--r--   3 root supergroup 1073741824 2019-02-19 17:54 /myfile13
-rw-r--r--   3 root supergroup  268435456 2019-02-19 17:54 /myfile14._COPYING_
-rw-r--r--   3 root supergroup  805306368 2019-02-19 17:54 /myfile16._COPYING_
-rw-r--r--   3 root supergroup  402653184 2019-02-19 17:54 /myfile18._COPYING_
-rw-r--r--   3 root supergroup  134217728 2019-02-19 17:54 /myfile19._COPYING_
-rw-r--r--   3 root supergroup 1073741824 2019-02-19 17:54 /myfile2
-rw-r--r--   3 root supergroup  134217728 2019-02-19 17:54 /myfile20._COPYING_
-rw-r--r--   3 root supergroup  134217728 2019-02-19 17:54 /myfile3._COPYING_
-rw-r--r--   3 root supergroup  134217728 2019-02-19 17:54 /myfile4._COPYING_
-rw-r--r--   3 root supergroup 1073741824 2019-02-19 17:54 /myfile5
-rw-r--r--   3 root supergroup 1073741824 2019-02-19 17:54 /myfile7
-rw-r--r--   3 root supergroup          0 2019-02-19 17:54 /myfile9._COPYING_
file 12 has been put into HDFS
file 12 has been read from HDFS for 1 time
diff succeed!
file 12 has been read from HDFS for 2 time
diff succeed!
file 12 has been read from HDFS for 3 time
diff succeed!
file 12 has been read from HDFS for 4 time
diff succeed!
file 12 has been read from HDFS for 5 time
diff succeed!
file 12 has been read from HDFS for 6 time
diff succeed!
file 12 has been read from HDFS for 7 time
diff succeed!
file 12 has been read from HDFS for 8 time
diff succeed!
file 12 has been read from HDFS for 9 time
diff succeed!
file 12 has been read from HDFS for 10 time
diff succeed!
Deleted /myfile12
file 12 has been removed from HDFS
Found 19 items
-rw-r--r--   3 root supergroup 1073741824 2019-02-19 17:58 /myfile1
-rw-r--r--   3 root supergroup 1073741824 2019-02-19 17:54 /myfile10
-rw-r--r--   3 root supergroup  939524096 2019-02-19 17:58 /myfile11._COPYING_
-rw-r--r--   3 root supergroup 1073741824 2019-02-19 17:58 /myfile12
-rw-r--r--   3 root supergroup 1073741824 2019-02-19 17:58 /myfile13
-rw-r--r--   3 root supergroup 1073741824 2019-02-19 17:54 /myfile14
-rw-r--r--   3 root supergroup 1073741824 2019-02-19 17:55 /myfile15
-rw-r--r--   3 root supergroup 1073741824 2019-02-19 17:58 /myfile16
-rw-r--r--   3 root supergroup 1073741824 2019-02-19 17:55 /myfile17
-rw-r--r--   3 root supergroup 1073741824 2019-02-19 17:58 /myfile19
-rw-r--r--   3 root supergroup  939524096 2019-02-19 17:58 /myfile2._COPYING_
-rw-r--r--   3 root supergroup 1073741824 2019-02-19 17:54 /myfile20
-rw-r--r--   3 root supergroup 1073741824 2019-02-19 17:54 /myfile3
-rw-r--r--   3 root supergroup 1073741824 2019-02-19 17:54 /myfile4
-rw-r--r--   3 root supergroup 1073741824 2019-02-19 17:58 /myfile5
-rw-r--r--   3 root supergroup 1073741824 2019-02-19 17:55 /myfile6
-rw-r--r--   3 root supergroup 1073741824 2019-02-19 17:58 /myfile7
-rw-r--r--   3 root supergroup 1073741824 2019-02-19 17:55 /myfile8
-rw-r--r--   3 root supergroup 1073741824 2019-02-19 17:54 /myfile9
file 12 has been put into HDFS
file 12 has been read from HDFS for 1 time
diff succeed!
file 12 has been read from HDFS for 2 time
diff succeed!
file 12 has been read from HDFS for 3 time
diff succeed!
file 12 has been read from HDFS for 4 time
diff succeed!
file 12 has been read from HDFS for 5 time
diff succeed!
file 12 has been read from HDFS for 6 time
diff succeed!
file 12 has been read from HDFS for 7 time
diff succeed!
file 12 has been read from HDFS for 8 time
diff succeed!
file 12 has been read from HDFS for 9 time
diff succeed!
file 12 has been read from HDFS for 10 time
diff succeed!
Deleted /myfile12
file 12 has been removed from HDFS
Found 18 items
-rw-r--r--   3 root supergroup 1073741824 2019-02-19 18:02 /myfile1
-rw-r--r--   3 root supergroup 1073741824 2019-02-19 18:00 /myfile10
-rw-r--r--   3 root supergroup 1073741824 2019-02-19 18:02 /myfile11
-rw-r--r--   3 root supergroup 1073741824 2019-02-19 18:02 /myfile12
-rw-r--r--   3 root supergroup 1073741824 2019-02-19 18:02 /myfile13
-rw-r--r--   3 root supergroup 1073741824 2019-02-19 17:59 /myfile14
-rw-r--r--   3 root supergroup 1073741824 2019-02-19 18:00 /myfile15
-rw-r--r--   3 root supergroup 1073741824 2019-02-19 18:02 /myfile16
-rw-r--r--   3 root supergroup 1073741824 2019-02-19 18:00 /myfile17
-rw-r--r--   3 root supergroup 1073741824 2019-02-19 18:02 /myfile2
-rw-r--r--   3 root supergroup 1073741824 2019-02-19 17:59 /myfile20
-rw-r--r--   3 root supergroup 1073741824 2019-02-19 17:58 /myfile3
-rw-r--r--   3 root supergroup 1073741824 2019-02-19 18:00 /myfile4
-rw-r--r--   3 root supergroup 1073741824 2019-02-19 18:02 /myfile5
-rw-r--r--   3 root supergroup 1073741824 2019-02-19 18:00 /myfile6
-rw-r--r--   3 root supergroup 1073741824 2019-02-19 18:02 /myfile7
-rw-r--r--   3 root supergroup 1073741824 2019-02-19 18:00 /myfile8
-rw-r--r--   3 root supergroup 1073741824 2019-02-19 17:59 /myfile9
file 12 has been put into HDFS
file 12 has been read from HDFS for 1 time
diff succeed!
file 12 has been read from HDFS for 2 time
diff succeed!
file 12 has been read from HDFS for 3 time
diff succeed!
file 12 has been read from HDFS for 4 time
diff succeed!
file 12 has been read from HDFS for 5 time
diff succeed!
file 12 has been read from HDFS for 6 time
diff succeed!
file 12 has been read from HDFS for 7 time
diff succeed!
file 12 has been read from HDFS for 8 time
diff succeed!
file 12 has been read from HDFS for 9 time
diff succeed!
file 12 has been read from HDFS for 10 time
diff succeed!
Deleted /myfile12
file 12 has been removed from HDFS
Found 20 items
-rw-r--r--   3 root supergroup 1073741824 2019-02-19 18:06 /myfile1
-rw-r--r--   3 root supergroup 1073741824 2019-02-19 18:04 /myfile10
-rw-r--r--   3 root supergroup 1073741824 2019-02-19 18:06 /myfile11
-rw-r--r--   3 root supergroup 1073741824 2019-02-19 18:06 /myfile12
-rw-r--r--   3 root supergroup 1073741824 2019-02-19 18:06 /myfile13
-rw-r--r--   3 root supergroup 1073741824 2019-02-19 18:03 /myfile14
-rw-r--r--   3 root supergroup 1073741824 2019-02-19 18:04 /myfile15
-rw-r--r--   3 root supergroup 1073741824 2019-02-19 18:06 /myfile16
-rw-r--r--   3 root supergroup 1073741824 2019-02-19 18:04 /myfile17
-rw-r--r--   3 root supergroup 1073741824 2019-02-19 18:03 /myfile18
-rw-r--r--   3 root supergroup 1073741824 2019-02-19 18:03 /myfile19
-rw-r--r--   3 root supergroup 1073741824 2019-02-19 18:06 /myfile2
-rw-r--r--   3 root supergroup 1073741824 2019-02-19 18:04 /myfile20
-rw-r--r--   3 root supergroup 1073741824 2019-02-19 18:03 /myfile3
-rw-r--r--   3 root supergroup 1073741824 2019-02-19 18:05 /myfile4
-rw-r--r--   3 root supergroup 1073741824 2019-02-19 18:06 /myfile5
-rw-r--r--   3 root supergroup 1073741824 2019-02-19 18:05 /myfile6
-rw-r--r--   3 root supergroup 1073741824 2019-02-19 18:06 /myfile7
-rw-r--r--   3 root supergroup 1073741824 2019-02-19 18:04 /myfile8
-rw-r--r--   3 root supergroup 1073741824 2019-02-19 18:03 /myfile9
file 12 has been put into HDFS
file 12 has been read from HDFS for 1 time
diff succeed!
file 12 has been read from HDFS for 2 time
diff succeed!
file 12 has been read from HDFS for 3 time
diff succeed!
file 12 has been read from HDFS for 4 time
diff succeed!
file 12 has been read from HDFS for 5 time
diff succeed!
file 12 has been read from HDFS for 6 time
diff succeed!
file 12 has been read from HDFS for 7 time
diff succeed!
file 12 has been read from HDFS for 8 time
diff succeed!
file 12 has been read from HDFS for 9 time
diff succeed!
file 12 has been read from HDFS for 10 time
diff succeed!
Deleted /myfile12
file 12 has been removed from HDFS
Found 17 items
-rw-r--r--   3 root supergroup 1073741824 2019-02-19 18:10 /myfile1
-rw-r--r--   3 root supergroup 1073741824 2019-02-19 18:09 /myfile10
-rw-r--r--   3 root supergroup 1073741824 2019-02-19 18:10 /myfile11
-rw-r--r--   3 root supergroup 1073741824 2019-02-19 18:10 /myfile12
-rw-r--r--   3 root supergroup 1073741824 2019-02-19 18:08 /myfile14
-rw-r--r--   3 root supergroup 1073741824 2019-02-19 18:09 /myfile15
-rw-r--r--   3 root supergroup 1073741824 2019-02-19 18:09 /myfile17
-rw-r--r--   3 root supergroup 1073741824 2019-02-19 18:08 /myfile18
-rw-r--r--   3 root supergroup 1073741824 2019-02-19 18:07 /myfile19
-rw-r--r--   3 root supergroup          0 2019-02-19 18:10 /myfile2._COPYING_
-rw-r--r--   3 root supergroup 1073741824 2019-02-19 18:09 /myfile20
-rw-r--r--   3 root supergroup 1073741824 2019-02-19 18:08 /myfile3
-rw-r--r--   3 root supergroup 1073741824 2019-02-19 18:09 /myfile4
-rw-r--r--   3 root supergroup 1073741824 2019-02-19 18:10 /myfile5
-rw-r--r--   3 root supergroup 1073741824 2019-02-19 18:09 /myfile6
-rw-r--r--   3 root supergroup 1073741824 2019-02-19 18:09 /myfile8
-rw-r--r--   3 root supergroup 1073741824 2019-02-19 18:08 /myfile9
file 12 has been put into HDFS
file 12 has been read from HDFS for 1 time
diff succeed!
file 12 has been read from HDFS for 2 time
diff succeed!
file 12 has been read from HDFS for 3 time
diff succeed!
file 12 has been read from HDFS for 4 time
diff succeed!
file 12 has been read from HDFS for 5 time
diff succeed!
file 12 has been read from HDFS for 6 time
diff succeed!
file 12 has been read from HDFS for 7 time
diff succeed!
file 12 has been read from HDFS for 8 time
diff succeed!
file 12 has been read from HDFS for 9 time
diff succeed!
file 12 has been read from HDFS for 10 time
diff succeed!
2019-02-19 18:14:01,883 INFO retry.RetryInvocationHandler: org.apache.hadoop.ipc.RemoteException(org.apache.hadoop.ipc.RetriableException): org.apache.hadoop.hdfs.server.namenode.SafeModeException: Cannot delete /myfile12. Name node is in safe mode.
The reported blocks 152 has reached the threshold 0.9990 of total blocks 152. The number of live datanodes 3 has reached the minimum number 0. In safe mode extension. Safe mode will be turned off automatically in 16 seconds. NamenodeHostName:node-1-link-0
	at org.apache.hadoop.hdfs.server.namenode.FSNamesystem.checkNameNodeSafeMode(FSNamesystem.java:1441)
	at org.apache.hadoop.hdfs.server.namenode.FSNamesystem.delete(FSNamesystem.java:2986)
	at org.apache.hadoop.hdfs.server.namenode.NameNodeRpcServer.delete(NameNodeRpcServer.java:1095)
	at org.apache.hadoop.hdfs.protocolPB.ClientNamenodeProtocolServerSideTranslatorPB.delete(ClientNamenodeProtocolServerSideTranslatorPB.java:692)
	at org.apache.hadoop.hdfs.protocol.proto.ClientNamenodeProtocolProtos$ClientNamenodeProtocol$2.callBlockingMethod(ClientNamenodeProtocolProtos.java)
	at org.apache.hadoop.ipc.ProtobufRpcEngine$Server$ProtoBufRpcInvoker.call(ProtobufRpcEngine.java:523)
	at org.apache.hadoop.ipc.RPC$Server.call(RPC.java:991)
	at org.apache.hadoop.ipc.Server$RpcCall.run(Server.java:872)
	at org.apache.hadoop.ipc.Server$RpcCall.run(Server.java:818)
	at java.security.AccessController.doPrivileged(Native Method)
	at javax.security.auth.Subject.doAs(Subject.java:422)
	at org.apache.hadoop.security.UserGroupInformation.doAs(UserGroupInformation.java:1729)
	at org.apache.hadoop.ipc.Server$Handler.run(Server.java:2678)
Caused by: org.apache.hadoop.hdfs.server.namenode.SafeModeException: Cannot delete /myfile12. Name node is in safe mode.
The reported blocks 152 has reached the threshold 0.9990 of total blocks 152. The number of live datanodes 3 has reached the minimum number 0. In safe mode extension. Safe mode will be turned off automatically in 16 seconds. NamenodeHostName:node-1-link-0
	at org.apache.hadoop.hdfs.server.namenode.FSNamesystem.newSafemodeException(FSNamesystem.java:1450)
	at org.apache.hadoop.hdfs.server.namenode.FSNamesystem.checkNameNodeSafeMode(FSNamesystem.java:1437)
	... 12 more
, while invoking ClientNamenodeProtocolTranslatorPB.delete over node-1-link-0/10.10.1.4:8020. Retrying immediately.
2019-02-19 18:14:01,888 INFO retry.RetryInvocationHandler: org.apache.hadoop.ipc.RemoteException(org.apache.hadoop.ipc.RetriableException): org.apache.hadoop.hdfs.server.namenode.SafeModeException: Cannot delete /myfile12. Name node is in safe mode.
The reported blocks 152 has reached the threshold 0.9990 of total blocks 152. The number of live datanodes 3 has reached the minimum number 0. In safe mode extension. Safe mode will be turned off automatically in 16 seconds. NamenodeHostName:node-1-link-0
	at org.apache.hadoop.hdfs.server.namenode.FSNamesystem.checkNameNodeSafeMode(FSNamesystem.java:1441)
	at org.apache.hadoop.hdfs.server.namenode.FSNamesystem.delete(FSNamesystem.java:2986)
	at org.apache.hadoop.hdfs.server.namenode.NameNodeRpcServer.delete(NameNodeRpcServer.java:1095)
	at org.apache.hadoop.hdfs.protocolPB.ClientNamenodeProtocolServerSideTranslatorPB.delete(ClientNamenodeProtocolServerSideTranslatorPB.java:692)
	at org.apache.hadoop.hdfs.protocol.proto.ClientNamenodeProtocolProtos$ClientNamenodeProtocol$2.callBlockingMethod(ClientNamenodeProtocolProtos.java)
	at org.apache.hadoop.ipc.ProtobufRpcEngine$Server$ProtoBufRpcInvoker.call(ProtobufRpcEngine.java:523)
	at org.apache.hadoop.ipc.RPC$Server.call(RPC.java:991)
	at org.apache.hadoop.ipc.Server$RpcCall.run(Server.java:872)
	at org.apache.hadoop.ipc.Server$RpcCall.run(Server.java:818)
	at java.security.AccessController.doPrivileged(Native Method)
	at javax.security.auth.Subject.doAs(Subject.java:422)
	at org.apache.hadoop.security.UserGroupInformation.doAs(UserGroupInformation.java:1729)
	at org.apache.hadoop.ipc.Server$Handler.run(Server.java:2678)
Caused by: org.apache.hadoop.hdfs.server.namenode.SafeModeException: Cannot delete /myfile12. Name node is in safe mode.
The reported blocks 152 has reached the threshold 0.9990 of total blocks 152. The number of live datanodes 3 has reached the minimum number 0. In safe mode extension. Safe mode will be turned off automatically in 16 seconds. NamenodeHostName:node-1-link-0
	at org.apache.hadoop.hdfs.server.namenode.FSNamesystem.newSafemodeException(FSNamesystem.java:1450)
	at org.apache.hadoop.hdfs.server.namenode.FSNamesystem.checkNameNodeSafeMode(FSNamesystem.java:1437)
	... 12 more
, while invoking ClientNamenodeProtocolTranslatorPB.delete over node-1-link-0/10.10.1.4:8020. Retrying after sleeping for 826ms.
2019-02-19 18:14:02,718 INFO retry.RetryInvocationHandler: org.apache.hadoop.ipc.RemoteException(org.apache.hadoop.ipc.RetriableException): org.apache.hadoop.hdfs.server.namenode.SafeModeException: Cannot delete /myfile12. Name node is in safe mode.
The reported blocks 152 has reached the threshold 0.9990 of total blocks 152. The number of live datanodes 3 has reached the minimum number 0. In safe mode extension. Safe mode will be turned off automatically in 15 seconds. NamenodeHostName:node-1-link-0
	at org.apache.hadoop.hdfs.server.namenode.FSNamesystem.checkNameNodeSafeMode(FSNamesystem.java:1441)
	at org.apache.hadoop.hdfs.server.namenode.FSNamesystem.delete(FSNamesystem.java:2986)
	at org.apache.hadoop.hdfs.server.namenode.NameNodeRpcServer.delete(NameNodeRpcServer.java:1095)
	at org.apache.hadoop.hdfs.protocolPB.ClientNamenodeProtocolServerSideTranslatorPB.delete(ClientNamenodeProtocolServerSideTranslatorPB.java:692)
	at org.apache.hadoop.hdfs.protocol.proto.ClientNamenodeProtocolProtos$ClientNamenodeProtocol$2.callBlockingMethod(ClientNamenodeProtocolProtos.java)
	at org.apache.hadoop.ipc.ProtobufRpcEngine$Server$ProtoBufRpcInvoker.call(ProtobufRpcEngine.java:523)
	at org.apache.hadoop.ipc.RPC$Server.call(RPC.java:991)
	at org.apache.hadoop.ipc.Server$RpcCall.run(Server.java:872)
	at org.apache.hadoop.ipc.Server$RpcCall.run(Server.java:818)
	at java.security.AccessController.doPrivileged(Native Method)
	at javax.security.auth.Subject.doAs(Subject.java:422)
	at org.apache.hadoop.security.UserGroupInformation.doAs(UserGroupInformation.java:1729)
	at org.apache.hadoop.ipc.Server$Handler.run(Server.java:2678)
Caused by: org.apache.hadoop.hdfs.server.namenode.SafeModeException: Cannot delete /myfile12. Name node is in safe mode.
The reported blocks 152 has reached the threshold 0.9990 of total blocks 152. The number of live datanodes 3 has reached the minimum number 0. In safe mode extension. Safe mode will be turned off automatically in 15 seconds. NamenodeHostName:node-1-link-0
	at org.apache.hadoop.hdfs.server.namenode.FSNamesystem.newSafemodeException(FSNamesystem.java:1450)
	at org.apache.hadoop.hdfs.server.namenode.FSNamesystem.checkNameNodeSafeMode(FSNamesystem.java:1437)
	... 12 more
, while invoking ClientNamenodeProtocolTranslatorPB.delete over node-1-link-0/10.10.1.4:8020. Retrying after sleeping for 2113ms.
2019-02-19 18:14:04,837 INFO retry.RetryInvocationHandler: org.apache.hadoop.ipc.RemoteException(org.apache.hadoop.ipc.RetriableException): org.apache.hadoop.hdfs.server.namenode.SafeModeException: Cannot delete /myfile12. Name node is in safe mode.
The reported blocks 152 has reached the threshold 0.9990 of total blocks 152. The number of live datanodes 3 has reached the minimum number 0. In safe mode extension. Safe mode will be turned off automatically in 13 seconds. NamenodeHostName:node-1-link-0
	at org.apache.hadoop.hdfs.server.namenode.FSNamesystem.checkNameNodeSafeMode(FSNamesystem.java:1441)
	at org.apache.hadoop.hdfs.server.namenode.FSNamesystem.delete(FSNamesystem.java:2986)
	at org.apache.hadoop.hdfs.server.namenode.NameNodeRpcServer.delete(NameNodeRpcServer.java:1095)
	at org.apache.hadoop.hdfs.protocolPB.ClientNamenodeProtocolServerSideTranslatorPB.delete(ClientNamenodeProtocolServerSideTranslatorPB.java:692)
	at org.apache.hadoop.hdfs.protocol.proto.ClientNamenodeProtocolProtos$ClientNamenodeProtocol$2.callBlockingMethod(ClientNamenodeProtocolProtos.java)
	at org.apache.hadoop.ipc.ProtobufRpcEngine$Server$ProtoBufRpcInvoker.call(ProtobufRpcEngine.java:523)
	at org.apache.hadoop.ipc.RPC$Server.call(RPC.java:991)
	at org.apache.hadoop.ipc.Server$RpcCall.run(Server.java:872)
	at org.apache.hadoop.ipc.Server$RpcCall.run(Server.java:818)
	at java.security.AccessController.doPrivileged(Native Method)
	at javax.security.auth.Subject.doAs(Subject.java:422)
	at org.apache.hadoop.security.UserGroupInformation.doAs(UserGroupInformation.java:1729)
	at org.apache.hadoop.ipc.Server$Handler.run(Server.java:2678)
Caused by: org.apache.hadoop.hdfs.server.namenode.SafeModeException: Cannot delete /myfile12. Name node is in safe mode.
The reported blocks 152 has reached the threshold 0.9990 of total blocks 152. The number of live datanodes 3 has reached the minimum number 0. In safe mode extension. Safe mode will be turned off automatically in 13 seconds. NamenodeHostName:node-1-link-0
	at org.apache.hadoop.hdfs.server.namenode.FSNamesystem.newSafemodeException(FSNamesystem.java:1450)
	at org.apache.hadoop.hdfs.server.namenode.FSNamesystem.checkNameNodeSafeMode(FSNamesystem.java:1437)
	... 12 more
, while invoking ClientNamenodeProtocolTranslatorPB.delete over node-1-link-0/10.10.1.4:8020. Retrying after sleeping for 3037ms.
2019-02-19 18:14:07,877 INFO retry.RetryInvocationHandler: org.apache.hadoop.ipc.RemoteException(org.apache.hadoop.ipc.RetriableException): org.apache.hadoop.hdfs.server.namenode.SafeModeException: Cannot delete /myfile12. Name node is in safe mode.
The reported blocks 152 has reached the threshold 0.9990 of total blocks 152. The number of live datanodes 3 has reached the minimum number 0. In safe mode extension. Safe mode will be turned off automatically in 10 seconds. NamenodeHostName:node-1-link-0
	at org.apache.hadoop.hdfs.server.namenode.FSNamesystem.checkNameNodeSafeMode(FSNamesystem.java:1441)
	at org.apache.hadoop.hdfs.server.namenode.FSNamesystem.delete(FSNamesystem.java:2986)
	at org.apache.hadoop.hdfs.server.namenode.NameNodeRpcServer.delete(NameNodeRpcServer.java:1095)
	at org.apache.hadoop.hdfs.protocolPB.ClientNamenodeProtocolServerSideTranslatorPB.delete(ClientNamenodeProtocolServerSideTranslatorPB.java:692)
	at org.apache.hadoop.hdfs.protocol.proto.ClientNamenodeProtocolProtos$ClientNamenodeProtocol$2.callBlockingMethod(ClientNamenodeProtocolProtos.java)
	at org.apache.hadoop.ipc.ProtobufRpcEngine$Server$ProtoBufRpcInvoker.call(ProtobufRpcEngine.java:523)
	at org.apache.hadoop.ipc.RPC$Server.call(RPC.java:991)
	at org.apache.hadoop.ipc.Server$RpcCall.run(Server.java:872)
	at org.apache.hadoop.ipc.Server$RpcCall.run(Server.java:818)
	at java.security.AccessController.doPrivileged(Native Method)
	at javax.security.auth.Subject.doAs(Subject.java:422)
	at org.apache.hadoop.security.UserGroupInformation.doAs(UserGroupInformation.java:1729)
	at org.apache.hadoop.ipc.Server$Handler.run(Server.java:2678)
Caused by: org.apache.hadoop.hdfs.server.namenode.SafeModeException: Cannot delete /myfile12. Name node is in safe mode.
The reported blocks 152 has reached the threshold 0.9990 of total blocks 152. The number of live datanodes 3 has reached the minimum number 0. In safe mode extension. Safe mode will be turned off automatically in 10 seconds. NamenodeHostName:node-1-link-0
	at org.apache.hadoop.hdfs.server.namenode.FSNamesystem.newSafemodeException(FSNamesystem.java:1450)
	at org.apache.hadoop.hdfs.server.namenode.FSNamesystem.checkNameNodeSafeMode(FSNamesystem.java:1437)
	... 12 more
, while invoking ClientNamenodeProtocolTranslatorPB.delete over node-1-link-0/10.10.1.4:8020. Retrying after sleeping for 7128ms.
2019-02-19 18:14:15,008 INFO retry.RetryInvocationHandler: org.apache.hadoop.ipc.RemoteException(org.apache.hadoop.ipc.RetriableException): org.apache.hadoop.hdfs.server.namenode.SafeModeException: Cannot delete /myfile12. Name node is in safe mode.
The reported blocks 152 has reached the threshold 0.9990 of total blocks 152. The number of live datanodes 3 has reached the minimum number 0. In safe mode extension. Safe mode will be turned off automatically in 3 seconds. NamenodeHostName:node-1-link-0
	at org.apache.hadoop.hdfs.server.namenode.FSNamesystem.checkNameNodeSafeMode(FSNamesystem.java:1441)
	at org.apache.hadoop.hdfs.server.namenode.FSNamesystem.delete(FSNamesystem.java:2986)
	at org.apache.hadoop.hdfs.server.namenode.NameNodeRpcServer.delete(NameNodeRpcServer.java:1095)
	at org.apache.hadoop.hdfs.protocolPB.ClientNamenodeProtocolServerSideTranslatorPB.delete(ClientNamenodeProtocolServerSideTranslatorPB.java:692)
	at org.apache.hadoop.hdfs.protocol.proto.ClientNamenodeProtocolProtos$ClientNamenodeProtocol$2.callBlockingMethod(ClientNamenodeProtocolProtos.java)
	at org.apache.hadoop.ipc.ProtobufRpcEngine$Server$ProtoBufRpcInvoker.call(ProtobufRpcEngine.java:523)
	at org.apache.hadoop.ipc.RPC$Server.call(RPC.java:991)
	at org.apache.hadoop.ipc.Server$RpcCall.run(Server.java:872)
	at org.apache.hadoop.ipc.Server$RpcCall.run(Server.java:818)
	at java.security.AccessController.doPrivileged(Native Method)
	at javax.security.auth.Subject.doAs(Subject.java:422)
	at org.apache.hadoop.security.UserGroupInformation.doAs(UserGroupInformation.java:1729)
	at org.apache.hadoop.ipc.Server$Handler.run(Server.java:2678)
Caused by: org.apache.hadoop.hdfs.server.namenode.SafeModeException: Cannot delete /myfile12. Name node is in safe mode.
The reported blocks 152 has reached the threshold 0.9990 of total blocks 152. The number of live datanodes 3 has reached the minimum number 0. In safe mode extension. Safe mode will be turned off automatically in 3 seconds. NamenodeHostName:node-1-link-0
	at org.apache.hadoop.hdfs.server.namenode.FSNamesystem.newSafemodeException(FSNamesystem.java:1450)
	at org.apache.hadoop.hdfs.server.namenode.FSNamesystem.checkNameNodeSafeMode(FSNamesystem.java:1437)
	... 12 more
, while invoking ClientNamenodeProtocolTranslatorPB.delete over node-1-link-0/10.10.1.4:8020. Retrying after sleeping for 11038ms.
Deleted /myfile12
file 12 has been removed from HDFS
Found 20 items
-rw-r--r--   3 root supergroup 1073741824 2019-02-19 18:14 /myfile1
-rw-r--r--   3 root supergroup 1073741824 2019-02-19 18:13 /myfile10
-rw-r--r--   3 root supergroup 1073741824 2019-02-19 18:14 /myfile11
-rw-r--r--   3 root supergroup 1073741824 2019-02-19 18:14 /myfile12
-rw-r--r--   3 root supergroup 1073741824 2019-02-19 18:14 /myfile13
-rw-r--r--   3 root supergroup 1073741824 2019-02-19 18:12 /myfile14
-rw-r--r--   3 root supergroup 1073741824 2019-02-19 18:12 /myfile15
-rw-r--r--   3 root supergroup 1073741824 2019-02-19 18:14 /myfile16
-rw-r--r--   3 root supergroup 1073741824 2019-02-19 18:13 /myfile17
-rw-r--r--   3 root supergroup 1073741824 2019-02-19 18:12 /myfile18
-rw-r--r--   3 root supergroup 1073741824 2019-02-19 18:12 /myfile19
-rw-r--r--   3 root supergroup 1073741824 2019-02-19 18:14 /myfile2
-rw-r--r--   3 root supergroup 1073741824 2019-02-19 18:13 /myfile20
-rw-r--r--   3 root supergroup 1073741824 2019-02-19 18:12 /myfile3
-rw-r--r--   3 root supergroup 1073741824 2019-02-19 18:13 /myfile4
-rw-r--r--   3 root supergroup 1073741824 2019-02-19 18:14 /myfile5
-rw-r--r--   3 root supergroup 1073741824 2019-02-19 18:14 /myfile6
-rw-r--r--   3 root supergroup 1073741824 2019-02-19 18:14 /myfile7
-rw-r--r--   3 root supergroup 1073741824 2019-02-19 18:13 /myfile8
-rw-r--r--   3 root supergroup 1073741824 2019-02-19 18:12 /myfile9
file 12 has been put into HDFS
file 12 has been read from HDFS for 1 time
diff succeed!
file 12 has been read from HDFS for 2 time
diff succeed!
file 12 has been read from HDFS for 3 time
diff succeed!
file 12 has been read from HDFS for 4 time
diff succeed!
file 12 has been read from HDFS for 5 time
diff succeed!
file 12 has been read from HDFS for 6 time
diff succeed!
file 12 has been read from HDFS for 7 time
diff succeed!
file 12 has been read from HDFS for 8 time
diff succeed!
file 12 has been read from HDFS for 9 time
diff succeed!
file 12 has been read from HDFS for 10 time
diff succeed!
Deleted /myfile12
file 12 has been removed from HDFS
Found 20 items
-rw-r--r--   3 root supergroup  671088640 2019-02-19 18:18 /myfile1._COPYING_
-rw-r--r--   3 root supergroup 1073741824 2019-02-19 18:18 /myfile10
-rw-r--r--   3 root supergroup  939524096 2019-02-19 18:18 /myfile11._COPYING_
-rw-r--r--   3 root supergroup 1073741824 2019-02-19 18:19 /myfile12
-rw-r--r--   3 root supergroup 1073741824 2019-02-19 18:19 /myfile13
-rw-r--r--   3 root supergroup 1073741824 2019-02-19 18:16 /myfile14
-rw-r--r--   3 root supergroup 1073741824 2019-02-19 18:16 /myfile15
-rw-r--r--   3 root supergroup 1073741824 2019-02-19 18:19 /myfile16
-rw-r--r--   3 root supergroup 1073741824 2019-02-19 18:17 /myfile17
-rw-r--r--   3 root supergroup 1073741824 2019-02-19 18:16 /myfile18
-rw-r--r--   3 root supergroup 1073741824 2019-02-19 18:16 /myfile19
-rw-r--r--   3 root supergroup 1073741824 2019-02-19 18:19 /myfile2
-rw-r--r--   3 root supergroup 1073741824 2019-02-19 18:17 /myfile20
-rw-r--r--   3 root supergroup 1073741824 2019-02-19 18:16 /myfile3
-rw-r--r--   3 root supergroup 1073741824 2019-02-19 18:18 /myfile4
-rw-r--r--   3 root supergroup 1073741824 2019-02-19 18:19 /myfile5
-rw-r--r--   3 root supergroup 1073741824 2019-02-19 18:19 /myfile6
-rw-r--r--   3 root supergroup  939524096 2019-02-19 18:18 /myfile7._COPYING_
-rw-r--r--   3 root supergroup 1073741824 2019-02-19 18:17 /myfile8
-rw-r--r--   3 root supergroup 1073741824 2019-02-19 18:16 /myfile9
file 12 has been put into HDFS
file 12 has been read from HDFS for 1 time
diff succeed!
file 12 has been read from HDFS for 2 time
diff succeed!
file 12 has been read from HDFS for 3 time
diff succeed!
file 12 has been read from HDFS for 4 time
diff succeed!
file 12 has been read from HDFS for 5 time
diff succeed!
file 12 has been read from HDFS for 6 time
diff succeed!
file 12 has been read from HDFS for 7 time
diff succeed!
file 12 has been read from HDFS for 8 time
diff succeed!
file 12 has been read from HDFS for 9 time
diff succeed!
file 12 has been read from HDFS for 10 time
diff succeed!
Deleted /myfile12
file 12 has been removed from HDFS
Found 20 items
-rw-r--r--   3 root supergroup  536870912 2019-02-19 18:23 /myfile1._COPYING_
-rw-r--r--   3 root supergroup 1073741824 2019-02-19 18:22 /myfile10
-rw-r--r--   3 root supergroup  939524096 2019-02-19 18:23 /myfile11._COPYING_
-rw-r--r--   3 root supergroup 1073741824 2019-02-19 18:23 /myfile12
-rw-r--r--   3 root supergroup  268435456 2019-02-19 18:23 /myfile13._COPYING_
-rw-r--r--   3 root supergroup 1073741824 2019-02-19 18:21 /myfile14
-rw-r--r--   3 root supergroup 1073741824 2019-02-19 18:21 /myfile15
-rw-r--r--   3 root supergroup  268435456 2019-02-19 18:23 /myfile16._COPYING_
-rw-r--r--   3 root supergroup 1073741824 2019-02-19 18:22 /myfile17
-rw-r--r--   3 root supergroup 1073741824 2019-02-19 18:21 /myfile18
-rw-r--r--   3 root supergroup 1073741824 2019-02-19 18:21 /myfile19
-rw-r--r--   3 root supergroup  402653184 2019-02-19 18:23 /myfile2._COPYING_
-rw-r--r--   3 root supergroup 1073741824 2019-02-19 18:22 /myfile20
-rw-r--r--   3 root supergroup 1073741824 2019-02-19 18:21 /myfile3
-rw-r--r--   3 root supergroup 1073741824 2019-02-19 18:22 /myfile4
-rw-r--r--   3 root supergroup  805306368 2019-02-19 18:23 /myfile5._COPYING_
-rw-r--r--   3 root supergroup  805306368 2019-02-19 18:22 /myfile6._COPYING_
-rw-r--r--   3 root supergroup  536870912 2019-02-19 18:23 /myfile7._COPYING_
-rw-r--r--   3 root supergroup 1073741824 2019-02-19 18:22 /myfile8
-rw-r--r--   3 root supergroup 1073741824 2019-02-19 18:21 /myfile9
file 12 has been put into HDFS
file 12 has been read from HDFS for 1 time
diff succeed!
file 12 has been read from HDFS for 2 time
diff succeed!
file 12 has been read from HDFS for 3 time
diff succeed!
file 12 has been read from HDFS for 4 time
diff succeed!
file 12 has been read from HDFS for 5 time
diff succeed!
file 12 has been read from HDFS for 6 time
diff succeed!
file 12 has been read from HDFS for 7 time
diff succeed!
file 12 has been read from HDFS for 8 time
diff succeed!
file 12 has been read from HDFS for 9 time
diff succeed!
file 12 has been read from HDFS for 10 time
diff succeed!
Deleted /myfile12
file 12 has been removed from HDFS
Found 15 items
-rw-r--r--   3 root supergroup 1073741824 2019-02-19 18:26 /myfile10
-rw-r--r--   3 root supergroup  805306368 2019-02-19 18:27 /myfile11._COPYING_
-rw-r--r--   3 root supergroup 1073741824 2019-02-19 18:27 /myfile12
-rw-r--r--   3 root supergroup 1073741824 2019-02-19 18:23 /myfile13
-rw-r--r--   3 root supergroup 1073741824 2019-02-19 18:25 /myfile14
-rw-r--r--   3 root supergroup 1073741824 2019-02-19 18:25 /myfile15
-rw-r--r--   3 root supergroup          0 2019-02-19 18:27 /myfile16._COPYING_
-rw-r--r--   3 root supergroup 1073741824 2019-02-19 18:26 /myfile17
-rw-r--r--   3 root supergroup 1073741824 2019-02-19 18:25 /myfile18
-rw-r--r--   3 root supergroup 1073741824 2019-02-19 18:25 /myfile19
-rw-r--r--   3 root supergroup 1073741824 2019-02-19 18:26 /myfile20
-rw-r--r--   3 root supergroup 1073741824 2019-02-19 18:25 /myfile3
-rw-r--r--   3 root supergroup 1073741824 2019-02-19 18:26 /myfile4
-rw-r--r--   3 root supergroup 1073741824 2019-02-19 18:26 /myfile8
-rw-r--r--   3 root supergroup 1073741824 2019-02-19 18:25 /myfile9
file 12 has been put into HDFS
file 12 has been read from HDFS for 1 time
diff succeed!
file 12 has been read from HDFS for 2 time
diff succeed!
file 12 has been read from HDFS for 3 time
diff succeed!
file 12 has been read from HDFS for 4 time
diff succeed!
file 12 has been read from HDFS for 5 time
diff succeed!
file 12 has been read from HDFS for 6 time
diff succeed!
file 12 has been read from HDFS for 7 time
diff succeed!
file 12 has been read from HDFS for 8 time
diff succeed!
file 12 has been read from HDFS for 9 time
diff succeed!
file 12 has been read from HDFS for 10 time
diff succeed!
Deleted /myfile12
file 12 has been removed from HDFS
Found 20 items
-rw-r--r--   3 root supergroup 1073741824 2019-02-19 18:28 /myfile1
-rw-r--r--   3 root supergroup 1073741824 2019-02-19 18:31 /myfile10
-rw-r--r--   3 root supergroup 1073741824 2019-02-19 18:31 /myfile11
-rw-r--r--   3 root supergroup 1073741824 2019-02-19 18:31 /myfile12
-rw-r--r--   3 root supergroup 1073741824 2019-02-19 18:28 /myfile13
-rw-r--r--   3 root supergroup 1073741824 2019-02-19 18:29 /myfile14
-rw-r--r--   3 root supergroup 1073741824 2019-02-19 18:29 /myfile15
-rw-r--r--   3 root supergroup 1073741824 2019-02-19 18:28 /myfile16
-rw-r--r--   3 root supergroup 1073741824 2019-02-19 18:31 /myfile17
-rw-r--r--   3 root supergroup 1073741824 2019-02-19 18:29 /myfile18
-rw-r--r--   3 root supergroup 1073741824 2019-02-19 18:29 /myfile19
-rw-r--r--   3 root supergroup 1073741824 2019-02-19 18:28 /myfile2
-rw-r--r--   3 root supergroup 1073741824 2019-02-19 18:31 /myfile20
-rw-r--r--   3 root supergroup 1073741824 2019-02-19 18:29 /myfile3
-rw-r--r--   3 root supergroup 1073741824 2019-02-19 18:31 /myfile4
-rw-r--r--   3 root supergroup 1073741824 2019-02-19 18:28 /myfile5
-rw-r--r--   3 root supergroup 1073741824 2019-02-19 18:28 /myfile6
-rw-r--r--   3 root supergroup 1073741824 2019-02-19 18:28 /myfile7
-rw-r--r--   3 root supergroup 1073741824 2019-02-19 18:31 /myfile8
-rw-r--r--   3 root supergroup 1073741824 2019-02-19 18:29 /myfile9
file 12 has been put into HDFS
file 12 has been read from HDFS for 1 time
diff succeed!
file 12 has been read from HDFS for 2 time
diff succeed!
file 12 has been read from HDFS for 3 time
diff succeed!
file 12 has been read from HDFS for 4 time
diff succeed!
file 12 has been read from HDFS for 5 time
diff succeed!
file 12 has been read from HDFS for 6 time
diff succeed!
file 12 has been read from HDFS for 7 time
diff succeed!
file 12 has been read from HDFS for 8 time
diff succeed!
file 12 has been read from HDFS for 9 time
diff succeed!
file 12 has been read from HDFS for 10 time
diff succeed!
Deleted /myfile12
file 12 has been removed from HDFS
sub_benchmark 10 signal TERM catched and let quit gracefully
