2019-02-27 14:34:56,093 INFO retry.RetryInvocationHandler: java.net.ConnectException: Call From clnode049.clemson.cloudlab.us/130.127.133.58 to node-1-link-0:8020 failed on connection exception: java.net.ConnectException: Connection refused; For more details see:  http://wiki.apache.org/hadoop/ConnectionRefused, while invoking ClientNamenodeProtocolTranslatorPB.renewLease over node-1-link-0/10.10.1.4:8020. Trying to failover immediately.
2019-02-27 14:34:56,097 INFO retry.RetryInvocationHandler: org.apache.hadoop.ipc.RemoteException(org.apache.hadoop.ipc.StandbyException): Operation category WRITE is not supported in state standby. Visit https://s.apache.org/sbnn-error
	at org.apache.hadoop.hdfs.server.namenode.ha.StandbyState.checkOperation(StandbyState.java:88)
	at org.apache.hadoop.hdfs.server.namenode.NameNode$NameNodeHAContext.checkOperation(NameNode.java:1952)
	at org.apache.hadoop.hdfs.server.namenode.FSNamesystem.checkOperation(FSNamesystem.java:1423)
	at org.apache.hadoop.hdfs.server.namenode.FSNamesystem.renewLease(FSNamesystem.java:3740)
	at org.apache.hadoop.hdfs.server.namenode.NameNodeRpcServer.renewLease(NameNodeRpcServer.java:1134)
	at org.apache.hadoop.hdfs.protocolPB.ClientNamenodeProtocolServerSideTranslatorPB.renewLease(ClientNamenodeProtocolServerSideTranslatorPB.java:737)
	at org.apache.hadoop.hdfs.protocol.proto.ClientNamenodeProtocolProtos$ClientNamenodeProtocol$2.callBlockingMethod(ClientNamenodeProtocolProtos.java)
	at org.apache.hadoop.ipc.ProtobufRpcEngine$Server$ProtoBufRpcInvoker.call(ProtobufRpcEngine.java:523)
	at org.apache.hadoop.ipc.RPC$Server.call(RPC.java:991)
	at org.apache.hadoop.ipc.Server$RpcCall.run(Server.java:872)
	at org.apache.hadoop.ipc.Server$RpcCall.run(Server.java:818)
	at java.security.AccessController.doPrivileged(Native Method)
	at javax.security.auth.Subject.doAs(Subject.java:422)
	at org.apache.hadoop.security.UserGroupInformation.doAs(UserGroupInformation.java:1729)
	at org.apache.hadoop.ipc.Server$Handler.run(Server.java:2678)
, while invoking ClientNamenodeProtocolTranslatorPB.renewLease over node-0-link-0/10.10.1.1:8020 after 1 failover attempts. Trying to failover after sleeping for 1057ms.
2019-02-27 14:34:57,157 INFO retry.RetryInvocationHandler: java.net.ConnectException: Call From clnode049.clemson.cloudlab.us/130.127.133.58 to node-1-link-0:8020 failed on connection exception: java.net.ConnectException: Connection refused; For more details see:  http://wiki.apache.org/hadoop/ConnectionRefused, while invoking ClientNamenodeProtocolTranslatorPB.renewLease over node-1-link-0/10.10.1.4:8020 after 2 failover attempts. Trying to failover after sleeping for 1957ms.
Found 20 items
-rw-r--r--   3 root supergroup 1073741824 2019-02-27 14:35 /myfile1
-rw-r--r--   3 root supergroup 1073741824 2019-02-27 14:35 /myfile10
-rw-r--r--   3 root supergroup 1073741824 2019-02-27 14:35 /myfile11
-rw-r--r--   3 root supergroup 1073741824 2019-02-27 14:35 /myfile12
-rw-r--r--   3 root supergroup 1073741824 2019-02-27 14:35 /myfile13
-rw-r--r--   3 root supergroup 1073741824 2019-02-27 14:35 /myfile14
-rw-r--r--   3 root supergroup 1073741824 2019-02-27 14:35 /myfile15
-rw-r--r--   3 root supergroup 1073741824 2019-02-27 14:35 /myfile16
-rw-r--r--   3 root supergroup 1073741824 2019-02-27 14:35 /myfile17
-rw-r--r--   3 root supergroup 1073741824 2019-02-27 14:35 /myfile18
-rw-r--r--   3 root supergroup 1073741824 2019-02-27 14:35 /myfile19
-rw-r--r--   3 root supergroup 1073741824 2019-02-27 14:35 /myfile2
-rw-r--r--   3 root supergroup 1073741824 2019-02-27 14:35 /myfile20
-rw-r--r--   3 root supergroup 1073741824 2019-02-27 14:35 /myfile3
-rw-r--r--   3 root supergroup 1073741824 2019-02-27 14:35 /myfile4
-rw-r--r--   3 root supergroup 1073741824 2019-02-27 14:35 /myfile5
-rw-r--r--   3 root supergroup 1073741824 2019-02-27 14:35 /myfile6
-rw-r--r--   3 root supergroup 1073741824 2019-02-27 14:35 /myfile7
-rw-r--r--   3 root supergroup 1073741824 2019-02-27 14:35 /myfile8
-rw-r--r--   3 root supergroup 1073741824 2019-02-27 14:35 /myfile9
file 5 has been put into HDFS
file 5 has been read from HDFS for 1 time
diff succeed!
2019-02-27 14:35:32,074 INFO retry.RetryInvocationHandler: org.apache.hadoop.ipc.RemoteException(org.apache.hadoop.ipc.StandbyException): Operation category READ is not supported in state standby. Visit https://s.apache.org/sbnn-error
	at org.apache.hadoop.hdfs.server.namenode.ha.StandbyState.checkOperation(StandbyState.java:88)
	at org.apache.hadoop.hdfs.server.namenode.NameNode$NameNodeHAContext.checkOperation(NameNode.java:1952)
	at org.apache.hadoop.hdfs.server.namenode.FSNamesystem.checkOperation(FSNamesystem.java:1423)
	at org.apache.hadoop.hdfs.server.namenode.FSNamesystem.getFileInfo(FSNamesystem.java:3085)
	at org.apache.hadoop.hdfs.server.namenode.NameNodeRpcServer.getFileInfo(NameNodeRpcServer.java:1154)
	at org.apache.hadoop.hdfs.protocolPB.ClientNamenodeProtocolServerSideTranslatorPB.getFileInfo(ClientNamenodeProtocolServerSideTranslatorPB.java:966)
	at org.apache.hadoop.hdfs.protocol.proto.ClientNamenodeProtocolProtos$ClientNamenodeProtocol$2.callBlockingMethod(ClientNamenodeProtocolProtos.java)
	at org.apache.hadoop.ipc.ProtobufRpcEngine$Server$ProtoBufRpcInvoker.call(ProtobufRpcEngine.java:523)
	at org.apache.hadoop.ipc.RPC$Server.call(RPC.java:991)
	at org.apache.hadoop.ipc.Server$RpcCall.run(Server.java:872)
	at org.apache.hadoop.ipc.Server$RpcCall.run(Server.java:818)
	at java.security.AccessController.doPrivileged(Native Method)
	at javax.security.auth.Subject.doAs(Subject.java:422)
	at org.apache.hadoop.security.UserGroupInformation.doAs(UserGroupInformation.java:1729)
	at org.apache.hadoop.ipc.Server$Handler.run(Server.java:2678)
, while invoking ClientNamenodeProtocolTranslatorPB.getFileInfo over node-1-link-0/10.10.1.4:8020 after 1 failover attempts. Trying to failover after sleeping for 1018ms.
2019-02-27 14:35:33,095 INFO retry.RetryInvocationHandler: java.net.ConnectException: Call From clnode049.clemson.cloudlab.us/130.127.133.58 to node-0-link-0:8020 failed on connection exception: java.net.ConnectException: Connection refused; For more details see:  http://wiki.apache.org/hadoop/ConnectionRefused, while invoking ClientNamenodeProtocolTranslatorPB.getFileInfo over node-0-link-0/10.10.1.1:8020 after 2 failover attempts. Trying to failover after sleeping for 1114ms.
file 5 has been read from HDFS for 2 time
diff succeed!
file 5 has been read from HDFS for 3 time
diff succeed!
file 5 has been read from HDFS for 4 time
diff succeed!
file 5 has been read from HDFS for 5 time
diff succeed!
file 5 has been read from HDFS for 6 time
diff succeed!
file 5 has been read from HDFS for 7 time
diff succeed!
file 5 has been read from HDFS for 8 time
diff succeed!
file 5 has been read from HDFS for 9 time
diff succeed!
file 5 has been read from HDFS for 10 time
diff succeed!
Deleted /myfile5
file 5 has been removed from HDFS
Found 20 items
-rw-r--r--   3 root supergroup 1073741824 2019-02-27 14:38 /myfile1
-rw-r--r--   3 root supergroup  805306368 2019-02-27 14:38 /myfile10._COPYING_
-rw-r--r--   3 root supergroup  805306368 2019-02-27 14:38 /myfile11._COPYING_
-rw-r--r--   3 root supergroup 1073741824 2019-02-27 14:35 /myfile12
-rw-r--r--   3 root supergroup 1073741824 2019-02-27 14:35 /myfile13
-rw-r--r--   3 root supergroup 1073741824 2019-02-27 14:35 /myfile14
-rw-r--r--   3 root supergroup 1073741824 2019-02-27 14:35 /myfile15
-rw-r--r--   3 root supergroup 1073741824 2019-02-27 14:38 /myfile16
-rw-r--r--   3 root supergroup 1073741824 2019-02-27 14:35 /myfile17
-rw-r--r--   3 root supergroup 1073741824 2019-02-27 14:35 /myfile18
-rw-r--r--   3 root supergroup 1073741824 2019-02-27 14:35 /myfile19
-rw-r--r--   3 root supergroup 1073741824 2019-02-27 14:38 /myfile2
-rw-r--r--   3 root supergroup 1073741824 2019-02-27 14:35 /myfile20
-rw-r--r--   3 root supergroup 1073741824 2019-02-27 14:35 /myfile3
-rw-r--r--   3 root supergroup 1073741824 2019-02-27 14:35 /myfile4
-rw-r--r--   3 root supergroup 1073741824 2019-02-27 14:38 /myfile5
-rw-r--r--   3 root supergroup 1073741824 2019-02-27 14:35 /myfile6
-rw-r--r--   3 root supergroup 1073741824 2019-02-27 14:35 /myfile7
-rw-r--r--   3 root supergroup 1073741824 2019-02-27 14:35 /myfile8
-rw-r--r--   3 root supergroup 1073741824 2019-02-27 14:35 /myfile9
file 5 has been put into HDFS
file 5 has been read from HDFS for 1 time
diff succeed!
file 5 has been read from HDFS for 2 time
diff succeed!
file 5 has been read from HDFS for 3 time
diff succeed!
file 5 has been read from HDFS for 4 time
diff succeed!
file 5 has been read from HDFS for 5 time
diff succeed!
file 5 has been read from HDFS for 6 time
diff succeed!
file 5 has been read from HDFS for 7 time
diff succeed!
file 5 has been read from HDFS for 8 time
diff succeed!
file 5 has been read from HDFS for 9 time
diff succeed!
file 5 has been read from HDFS for 10 time
diff succeed!
Deleted /myfile5
file 5 has been removed from HDFS
Found 19 items
-rw-r--r--   3 root supergroup 1073741824 2019-02-27 14:42 /myfile1
-rw-r--r--   3 root supergroup  134217728 2019-02-27 14:42 /myfile10._COPYING_
-rw-r--r--   3 root supergroup  671088640 2019-02-27 14:42 /myfile12._COPYING_
-rw-r--r--   3 root supergroup 1073741824 2019-02-27 14:42 /myfile13
-rw-r--r--   3 root supergroup 1073741824 2019-02-27 14:41 /myfile14
-rw-r--r--   3 root supergroup 1073741824 2019-02-27 14:42 /myfile15
-rw-r--r--   3 root supergroup 1073741824 2019-02-27 14:42 /myfile16
-rw-r--r--   3 root supergroup 1073741824 2019-02-27 14:42 /myfile17
-rw-r--r--   3 root supergroup 1073741824 2019-02-27 14:42 /myfile18
-rw-r--r--   3 root supergroup 1073741824 2019-02-27 14:42 /myfile19
-rw-r--r--   3 root supergroup  671088640 2019-02-27 14:42 /myfile2._COPYING_
-rw-r--r--   3 root supergroup 1073741824 2019-02-27 14:41 /myfile20
-rw-r--r--   3 root supergroup 1073741824 2019-02-27 14:42 /myfile3
-rw-r--r--   3 root supergroup 1073741824 2019-02-27 14:42 /myfile4
-rw-r--r--   3 root supergroup 1073741824 2019-02-27 14:42 /myfile5
-rw-r--r--   3 root supergroup 1073741824 2019-02-27 14:41 /myfile6
-rw-r--r--   3 root supergroup 1073741824 2019-02-27 14:42 /myfile7
-rw-r--r--   3 root supergroup  939524096 2019-02-27 14:42 /myfile8._COPYING_
-rw-r--r--   3 root supergroup 1073741824 2019-02-27 14:42 /myfile9
file 5 has been put into HDFS
file 5 has been read from HDFS for 1 time
diff succeed!
file 5 has been read from HDFS for 2 time
diff succeed!
file 5 has been read from HDFS for 3 time
diff succeed!
file 5 has been read from HDFS for 4 time
diff succeed!
file 5 has been read from HDFS for 5 time
diff succeed!
file 5 has been read from HDFS for 6 time
diff succeed!
file 5 has been read from HDFS for 7 time
diff succeed!
file 5 has been read from HDFS for 8 time
diff succeed!
file 5 has been read from HDFS for 9 time
diff succeed!
file 5 has been read from HDFS for 10 time
diff succeed!
Deleted /myfile5
file 5 has been removed from HDFS
Found 20 items
-rw-r--r--   3 root supergroup 1073741824 2019-02-27 14:47 /myfile1
-rw-r--r--   3 root supergroup 1073741824 2019-02-27 14:48 /myfile10
-rw-r--r--   3 root supergroup 1073741824 2019-02-27 14:43 /myfile11
-rw-r--r--   3 root supergroup 1073741824 2019-02-27 14:46 /myfile12
-rw-r--r--   3 root supergroup 1073741824 2019-02-27 14:46 /myfile13
-rw-r--r--   3 root supergroup 1073741824 2019-02-27 14:46 /myfile14
-rw-r--r--   3 root supergroup 1073741824 2019-02-27 14:46 /myfile15
-rw-r--r--   3 root supergroup 1073741824 2019-02-27 14:46 /myfile16
-rw-r--r--   3 root supergroup 1073741824 2019-02-27 14:46 /myfile17
-rw-r--r--   3 root supergroup 1073741824 2019-02-27 14:46 /myfile18
-rw-r--r--   3 root supergroup 1073741824 2019-02-27 14:46 /myfile19
-rw-r--r--   3 root supergroup 1073741824 2019-02-27 14:48 /myfile2
-rw-r--r--   3 root supergroup 1073741824 2019-02-27 14:45 /myfile20
-rw-r--r--   3 root supergroup 1073741824 2019-02-27 14:48 /myfile3
-rw-r--r--   3 root supergroup 1073741824 2019-02-27 14:46 /myfile4
-rw-r--r--   3 root supergroup 1073741824 2019-02-27 14:48 /myfile5
-rw-r--r--   3 root supergroup 1073741824 2019-02-27 14:46 /myfile6
-rw-r--r--   3 root supergroup 1073741824 2019-02-27 14:48 /myfile7
-rw-r--r--   3 root supergroup 1073741824 2019-02-27 14:42 /myfile8
-rw-r--r--   3 root supergroup 1073741824 2019-02-27 14:46 /myfile9
file 5 has been put into HDFS
file 5 has been read from HDFS for 1 time
diff succeed!
file 5 has been read from HDFS for 2 time
diff succeed!
file 5 has been read from HDFS for 3 time
diff succeed!
file 5 has been read from HDFS for 4 time
diff succeed!
file 5 has been read from HDFS for 5 time
diff succeed!
file 5 has been read from HDFS for 6 time
diff succeed!
file 5 has been read from HDFS for 7 time
diff succeed!
file 5 has been read from HDFS for 8 time
diff succeed!
file 5 has been read from HDFS for 9 time
diff succeed!
file 5 has been read from HDFS for 10 time
diff succeed!
Deleted /myfile5
file 5 has been removed from HDFS
Found 20 items
-rw-r--r--   3 root supergroup  805306368 2019-02-27 14:53 /myfile1._COPYING_
-rw-r--r--   3 root supergroup 1073741824 2019-02-27 14:52 /myfile10
-rw-r--r--   3 root supergroup  536870912 2019-02-27 14:53 /myfile11._COPYING_
-rw-r--r--   3 root supergroup 1073741824 2019-02-27 14:51 /myfile12
-rw-r--r--   3 root supergroup 1073741824 2019-02-27 14:51 /myfile13
-rw-r--r--   3 root supergroup 1073741824 2019-02-27 14:51 /myfile14
-rw-r--r--   3 root supergroup 1073741824 2019-02-27 14:51 /myfile15
-rw-r--r--   3 root supergroup 1073741824 2019-02-27 14:51 /myfile16
-rw-r--r--   3 root supergroup 1073741824 2019-02-27 14:51 /myfile17
-rw-r--r--   3 root supergroup 1073741824 2019-02-27 14:51 /myfile18
-rw-r--r--   3 root supergroup 1073741824 2019-02-27 14:51 /myfile19
-rw-r--r--   3 root supergroup 1073741824 2019-02-27 14:48 /myfile2
-rw-r--r--   3 root supergroup 1073741824 2019-02-27 14:50 /myfile20
-rw-r--r--   3 root supergroup 1073741824 2019-02-27 14:52 /myfile3
-rw-r--r--   3 root supergroup 1073741824 2019-02-27 14:50 /myfile4
-rw-r--r--   3 root supergroup 1073741824 2019-02-27 14:53 /myfile5
-rw-r--r--   3 root supergroup 1073741824 2019-02-27 14:51 /myfile6
-rw-r--r--   3 root supergroup 1073741824 2019-02-27 14:53 /myfile7
-rw-r--r--   3 root supergroup  134217728 2019-02-27 14:53 /myfile8._COPYING_
-rw-r--r--   3 root supergroup 1073741824 2019-02-27 14:51 /myfile9
file 5 has been put into HDFS
file 5 has been read from HDFS for 1 time
diff succeed!
file 5 has been read from HDFS for 2 time
diff succeed!
file 5 has been read from HDFS for 3 time
diff succeed!
file 5 has been read from HDFS for 4 time
diff succeed!
file 5 has been read from HDFS for 5 time
diff succeed!
file 5 has been read from HDFS for 6 time
diff succeed!
file 5 has been read from HDFS for 7 time
diff succeed!
file 5 has been read from HDFS for 8 time
diff succeed!
file 5 has been read from HDFS for 9 time
diff succeed!
file 5 has been read from HDFS for 10 time
diff succeed!
Deleted /myfile5
file 5 has been removed from HDFS
2019-02-27 14:57:43,540 INFO retry.RetryInvocationHandler: java.io.EOFException: End of File Exception between local host is: "clnode049.clemson.cloudlab.us/130.127.133.58"; destination host is: "node-0-link-0":8020; : java.io.EOFException; For more details see:  http://wiki.apache.org/hadoop/EOFException, while invoking ClientNamenodeProtocolTranslatorPB.addBlock over node-0-link-0/10.10.1.1:8020. Trying to failover immediately.
2019-02-27 14:57:43,558 INFO retry.RetryInvocationHandler: org.apache.hadoop.ipc.RemoteException(org.apache.hadoop.ipc.RetriableException): org.apache.hadoop.hdfs.server.namenode.SafeModeException: Cannot add block to /myfile5._COPYING_. Name node is in safe mode.
The reported blocks 128 has reached the threshold 0.9990 of total blocks 128. The number of live datanodes 3 has reached the minimum number 0. In safe mode extension. Safe mode will be turned off automatically in 10 seconds. NamenodeHostName:node-1-link-0
	at org.apache.hadoop.hdfs.server.namenode.FSNamesystem.checkNameNodeSafeMode(FSNamesystem.java:1441)
	at org.apache.hadoop.hdfs.server.namenode.FSDirWriteFileOp.analyzeFileState(FSDirWriteFileOp.java:591)
	at org.apache.hadoop.hdfs.server.namenode.FSDirWriteFileOp.validateAddBlock(FSDirWriteFileOp.java:172)
	at org.apache.hadoop.hdfs.server.namenode.FSNamesystem.getAdditionalBlock(FSNamesystem.java:2679)
	at org.apache.hadoop.hdfs.server.namenode.NameNodeRpcServer.addBlock(NameNodeRpcServer.java:875)
	at org.apache.hadoop.hdfs.protocolPB.ClientNamenodeProtocolServerSideTranslatorPB.addBlock(ClientNamenodeProtocolServerSideTranslatorPB.java:561)
	at org.apache.hadoop.hdfs.protocol.proto.ClientNamenodeProtocolProtos$ClientNamenodeProtocol$2.callBlockingMethod(ClientNamenodeProtocolProtos.java)
	at org.apache.hadoop.ipc.ProtobufRpcEngine$Server$ProtoBufRpcInvoker.call(ProtobufRpcEngine.java:523)
	at org.apache.hadoop.ipc.RPC$Server.call(RPC.java:991)
	at org.apache.hadoop.ipc.Server$RpcCall.run(Server.java:872)
	at org.apache.hadoop.ipc.Server$RpcCall.run(Server.java:818)
	at java.security.AccessController.doPrivileged(Native Method)
	at javax.security.auth.Subject.doAs(Subject.java:422)
	at org.apache.hadoop.security.UserGroupInformation.doAs(UserGroupInformation.java:1729)
	at org.apache.hadoop.ipc.Server$Handler.run(Server.java:2678)
Caused by: org.apache.hadoop.hdfs.server.namenode.SafeModeException: Cannot add block to /myfile5._COPYING_. Name node is in safe mode.
The reported blocks 128 has reached the threshold 0.9990 of total blocks 128. The number of live datanodes 3 has reached the minimum number 0. In safe mode extension. Safe mode will be turned off automatically in 10 seconds. NamenodeHostName:node-1-link-0
	at org.apache.hadoop.hdfs.server.namenode.FSNamesystem.newSafemodeException(FSNamesystem.java:1450)
	at org.apache.hadoop.hdfs.server.namenode.FSNamesystem.checkNameNodeSafeMode(FSNamesystem.java:1437)
	... 14 more
, while invoking ClientNamenodeProtocolTranslatorPB.addBlock over node-1-link-0/10.10.1.4:8020 after 1 failover attempts. Retrying after sleeping for 1267ms.
2019-02-27 14:57:44,831 INFO retry.RetryInvocationHandler: org.apache.hadoop.ipc.RemoteException(org.apache.hadoop.ipc.RetriableException): org.apache.hadoop.hdfs.server.namenode.SafeModeException: Cannot add block to /myfile5._COPYING_. Name node is in safe mode.
The reported blocks 128 has reached the threshold 0.9990 of total blocks 128. The number of live datanodes 3 has reached the minimum number 0. In safe mode extension. Safe mode will be turned off automatically in 9 seconds. NamenodeHostName:node-1-link-0
	at org.apache.hadoop.hdfs.server.namenode.FSNamesystem.checkNameNodeSafeMode(FSNamesystem.java:1441)
	at org.apache.hadoop.hdfs.server.namenode.FSDirWriteFileOp.analyzeFileState(FSDirWriteFileOp.java:591)
	at org.apache.hadoop.hdfs.server.namenode.FSDirWriteFileOp.validateAddBlock(FSDirWriteFileOp.java:172)
	at org.apache.hadoop.hdfs.server.namenode.FSNamesystem.getAdditionalBlock(FSNamesystem.java:2679)
	at org.apache.hadoop.hdfs.server.namenode.NameNodeRpcServer.addBlock(NameNodeRpcServer.java:875)
	at org.apache.hadoop.hdfs.protocolPB.ClientNamenodeProtocolServerSideTranslatorPB.addBlock(ClientNamenodeProtocolServerSideTranslatorPB.java:561)
	at org.apache.hadoop.hdfs.protocol.proto.ClientNamenodeProtocolProtos$ClientNamenodeProtocol$2.callBlockingMethod(ClientNamenodeProtocolProtos.java)
	at org.apache.hadoop.ipc.ProtobufRpcEngine$Server$ProtoBufRpcInvoker.call(ProtobufRpcEngine.java:523)
	at org.apache.hadoop.ipc.RPC$Server.call(RPC.java:991)
	at org.apache.hadoop.ipc.Server$RpcCall.run(Server.java:872)
	at org.apache.hadoop.ipc.Server$RpcCall.run(Server.java:818)
	at java.security.AccessController.doPrivileged(Native Method)
	at javax.security.auth.Subject.doAs(Subject.java:422)
	at org.apache.hadoop.security.UserGroupInformation.doAs(UserGroupInformation.java:1729)
	at org.apache.hadoop.ipc.Server$Handler.run(Server.java:2678)
Caused by: org.apache.hadoop.hdfs.server.namenode.SafeModeException: Cannot add block to /myfile5._COPYING_. Name node is in safe mode.
The reported blocks 128 has reached the threshold 0.9990 of total blocks 128. The number of live datanodes 3 has reached the minimum number 0. In safe mode extension. Safe mode will be turned off automatically in 9 seconds. NamenodeHostName:node-1-link-0
	at org.apache.hadoop.hdfs.server.namenode.FSNamesystem.newSafemodeException(FSNamesystem.java:1450)
	at org.apache.hadoop.hdfs.server.namenode.FSNamesystem.checkNameNodeSafeMode(FSNamesystem.java:1437)
	... 14 more
, while invoking ClientNamenodeProtocolTranslatorPB.addBlock over node-1-link-0/10.10.1.4:8020 after 1 failover attempts. Retrying after sleeping for 2829ms.
2019-02-27 14:57:47,665 INFO retry.RetryInvocationHandler: org.apache.hadoop.ipc.RemoteException(org.apache.hadoop.ipc.RetriableException): org.apache.hadoop.hdfs.server.namenode.SafeModeException: Cannot add block to /myfile5._COPYING_. Name node is in safe mode.
The reported blocks 128 has reached the threshold 0.9990 of total blocks 128. The number of live datanodes 3 has reached the minimum number 0. In safe mode extension. Safe mode will be turned off automatically in 6 seconds. NamenodeHostName:node-1-link-0
	at org.apache.hadoop.hdfs.server.namenode.FSNamesystem.checkNameNodeSafeMode(FSNamesystem.java:1441)
	at org.apache.hadoop.hdfs.server.namenode.FSDirWriteFileOp.analyzeFileState(FSDirWriteFileOp.java:591)
	at org.apache.hadoop.hdfs.server.namenode.FSDirWriteFileOp.validateAddBlock(FSDirWriteFileOp.java:172)
	at org.apache.hadoop.hdfs.server.namenode.FSNamesystem.getAdditionalBlock(FSNamesystem.java:2679)
	at org.apache.hadoop.hdfs.server.namenode.NameNodeRpcServer.addBlock(NameNodeRpcServer.java:875)
	at org.apache.hadoop.hdfs.protocolPB.ClientNamenodeProtocolServerSideTranslatorPB.addBlock(ClientNamenodeProtocolServerSideTranslatorPB.java:561)
	at org.apache.hadoop.hdfs.protocol.proto.ClientNamenodeProtocolProtos$ClientNamenodeProtocol$2.callBlockingMethod(ClientNamenodeProtocolProtos.java)
	at org.apache.hadoop.ipc.ProtobufRpcEngine$Server$ProtoBufRpcInvoker.call(ProtobufRpcEngine.java:523)
	at org.apache.hadoop.ipc.RPC$Server.call(RPC.java:991)
	at org.apache.hadoop.ipc.Server$RpcCall.run(Server.java:872)
	at org.apache.hadoop.ipc.Server$RpcCall.run(Server.java:818)
	at java.security.AccessController.doPrivileged(Native Method)
	at javax.security.auth.Subject.doAs(Subject.java:422)
	at org.apache.hadoop.security.UserGroupInformation.doAs(UserGroupInformation.java:1729)
	at org.apache.hadoop.ipc.Server$Handler.run(Server.java:2678)
Caused by: org.apache.hadoop.hdfs.server.namenode.SafeModeException: Cannot add block to /myfile5._COPYING_. Name node is in safe mode.
The reported blocks 128 has reached the threshold 0.9990 of total blocks 128. The number of live datanodes 3 has reached the minimum number 0. In safe mode extension. Safe mode will be turned off automatically in 6 seconds. NamenodeHostName:node-1-link-0
	at org.apache.hadoop.hdfs.server.namenode.FSNamesystem.newSafemodeException(FSNamesystem.java:1450)
	at org.apache.hadoop.hdfs.server.namenode.FSNamesystem.checkNameNodeSafeMode(FSNamesystem.java:1437)
	... 14 more
, while invoking ClientNamenodeProtocolTranslatorPB.addBlock over node-1-link-0/10.10.1.4:8020 after 1 failover attempts. Retrying after sleeping for 3073ms.
2019-02-27 14:57:50,743 INFO retry.RetryInvocationHandler: org.apache.hadoop.ipc.RemoteException(org.apache.hadoop.ipc.RetriableException): org.apache.hadoop.hdfs.server.namenode.SafeModeException: Cannot add block to /myfile5._COPYING_. Name node is in safe mode.
The reported blocks 128 has reached the threshold 0.9990 of total blocks 128. The number of live datanodes 3 has reached the minimum number 0. In safe mode extension. Safe mode will be turned off automatically in 3 seconds. NamenodeHostName:node-1-link-0
	at org.apache.hadoop.hdfs.server.namenode.FSNamesystem.checkNameNodeSafeMode(FSNamesystem.java:1441)
	at org.apache.hadoop.hdfs.server.namenode.FSDirWriteFileOp.analyzeFileState(FSDirWriteFileOp.java:591)
	at org.apache.hadoop.hdfs.server.namenode.FSDirWriteFileOp.validateAddBlock(FSDirWriteFileOp.java:172)
	at org.apache.hadoop.hdfs.server.namenode.FSNamesystem.getAdditionalBlock(FSNamesystem.java:2679)
	at org.apache.hadoop.hdfs.server.namenode.NameNodeRpcServer.addBlock(NameNodeRpcServer.java:875)
	at org.apache.hadoop.hdfs.protocolPB.ClientNamenodeProtocolServerSideTranslatorPB.addBlock(ClientNamenodeProtocolServerSideTranslatorPB.java:561)
	at org.apache.hadoop.hdfs.protocol.proto.ClientNamenodeProtocolProtos$ClientNamenodeProtocol$2.callBlockingMethod(ClientNamenodeProtocolProtos.java)
	at org.apache.hadoop.ipc.ProtobufRpcEngine$Server$ProtoBufRpcInvoker.call(ProtobufRpcEngine.java:523)
	at org.apache.hadoop.ipc.RPC$Server.call(RPC.java:991)
	at org.apache.hadoop.ipc.Server$RpcCall.run(Server.java:872)
	at org.apache.hadoop.ipc.Server$RpcCall.run(Server.java:818)
	at java.security.AccessController.doPrivileged(Native Method)
	at javax.security.auth.Subject.doAs(Subject.java:422)
	at org.apache.hadoop.security.UserGroupInformation.doAs(UserGroupInformation.java:1729)
	at org.apache.hadoop.ipc.Server$Handler.run(Server.java:2678)
Caused by: org.apache.hadoop.hdfs.server.namenode.SafeModeException: Cannot add block to /myfile5._COPYING_. Name node is in safe mode.
The reported blocks 128 has reached the threshold 0.9990 of total blocks 128. The number of live datanodes 3 has reached the minimum number 0. In safe mode extension. Safe mode will be turned off automatically in 3 seconds. NamenodeHostName:node-1-link-0
	at org.apache.hadoop.hdfs.server.namenode.FSNamesystem.newSafemodeException(FSNamesystem.java:1450)
	at org.apache.hadoop.hdfs.server.namenode.FSNamesystem.checkNameNodeSafeMode(FSNamesystem.java:1437)
	... 14 more
, while invoking ClientNamenodeProtocolTranslatorPB.addBlock over node-1-link-0/10.10.1.4:8020 after 1 failover attempts. Retrying after sleeping for 7154ms.
Found 20 items
-rw-r--r--   3 root supergroup 1073741824 2019-02-27 14:58 /myfile1
-rw-r--r--   3 root supergroup  805306368 2019-02-27 14:57 /myfile10._COPYING_
-rw-r--r--   3 root supergroup 1073741824 2019-02-27 14:58 /myfile11
-rw-r--r--   3 root supergroup 1073741824 2019-02-27 14:55 /myfile12
-rw-r--r--   3 root supergroup 1073741824 2019-02-27 14:56 /myfile13
-rw-r--r--   3 root supergroup 1073741824 2019-02-27 14:56 /myfile14
-rw-r--r--   3 root supergroup 1073741824 2019-02-27 14:56 /myfile15
-rw-r--r--   3 root supergroup 1073741824 2019-02-27 14:56 /myfile16
-rw-r--r--   3 root supergroup 1073741824 2019-02-27 14:55 /myfile17
-rw-r--r--   3 root supergroup 1073741824 2019-02-27 14:56 /myfile18
-rw-r--r--   3 root supergroup 1073741824 2019-02-27 14:55 /myfile19
-rw-r--r--   3 root supergroup 1073741824 2019-02-27 14:54 /myfile2
-rw-r--r--   3 root supergroup 1073741824 2019-02-27 14:54 /myfile20
-rw-r--r--   3 root supergroup  805306368 2019-02-27 14:58 /myfile3._COPYING_
-rw-r--r--   3 root supergroup 1073741824 2019-02-27 14:55 /myfile4
-rw-r--r--   3 root supergroup 1073741824 2019-02-27 14:58 /myfile5
-rw-r--r--   3 root supergroup 1073741824 2019-02-27 14:56 /myfile6
-rw-r--r--   3 root supergroup 1073741824 2019-02-27 14:53 /myfile7
-rw-r--r--   3 root supergroup 1073741824 2019-02-27 14:58 /myfile8
-rw-r--r--   3 root supergroup 1073741824 2019-02-27 14:55 /myfile9
file 5 has been put into HDFS
file 5 has been read from HDFS for 1 time
diff succeed!
file 5 has been read from HDFS for 2 time
diff succeed!
file 5 has been read from HDFS for 3 time
diff succeed!
file 5 has been read from HDFS for 4 time
diff succeed!
file 5 has been read from HDFS for 5 time
diff succeed!
file 5 has been read from HDFS for 6 time
diff succeed!
file 5 has been read from HDFS for 7 time
diff succeed!
file 5 has been read from HDFS for 8 time
diff succeed!
file 5 has been read from HDFS for 9 time
diff succeed!
file 5 has been read from HDFS for 10 time
diff succeed!
Deleted /myfile5
file 5 has been removed from HDFS
Found 20 items
-rw-r--r--   3 root supergroup 1073741824 2019-02-27 15:02 /myfile1
-rw-r--r--   3 root supergroup 1073741824 2019-02-27 15:01 /myfile10
-rw-r--r--   3 root supergroup 1073741824 2019-02-27 15:01 /myfile11
-rw-r--r--   3 root supergroup 1073741824 2019-02-27 15:04 /myfile12
-rw-r--r--   3 root supergroup 1073741824 2019-02-27 15:03 /myfile13
-rw-r--r--   3 root supergroup 1073741824 2019-02-27 15:04 /myfile14
-rw-r--r--   3 root supergroup 1073741824 2019-02-27 15:04 /myfile15
-rw-r--r--   3 root supergroup 1073741824 2019-02-27 15:03 /myfile16
-rw-r--r--   3 root supergroup 1073741824 2019-02-27 15:04 /myfile17
-rw-r--r--   3 root supergroup 1073741824 2019-02-27 15:03 /myfile18
-rw-r--r--   3 root supergroup 1073741824 2019-02-27 15:01 /myfile19
-rw-r--r--   3 root supergroup 1073741824 2019-02-27 15:03 /myfile2
-rw-r--r--   3 root supergroup 1073741824 2019-02-27 15:03 /myfile20
-rw-r--r--   3 root supergroup 1073741824 2019-02-27 15:04 /myfile3
-rw-r--r--   3 root supergroup 1073741824 2019-02-27 15:03 /myfile4
-rw-r--r--   3 root supergroup 1073741824 2019-02-27 15:04 /myfile5
-rw-r--r--   3 root supergroup  805306368 2019-02-27 15:04 /myfile6._COPYING_
-rw-r--r--   3 root supergroup 1073741824 2019-02-27 15:03 /myfile7
-rw-r--r--   3 root supergroup 1073741824 2019-02-27 15:04 /myfile8
-rw-r--r--   3 root supergroup  805306368 2019-02-27 15:04 /myfile9._COPYING_
file 5 has been put into HDFS
file 5 has been read from HDFS for 1 time
diff succeed!
file 5 has been read from HDFS for 2 time
diff succeed!
file 5 has been read from HDFS for 3 time
diff succeed!
file 5 has been read from HDFS for 4 time
diff succeed!
file 5 has been read from HDFS for 5 time
diff succeed!
file 5 has been read from HDFS for 6 time
diff succeed!
file 5 has been read from HDFS for 7 time
diff succeed!
file 5 has been read from HDFS for 8 time
diff succeed!
file 5 has been read from HDFS for 9 time
diff succeed!
file 5 has been read from HDFS for 10 time
diff succeed!
Deleted /myfile5
file 5 has been removed from HDFS
Found 20 items
-rw-r--r--   3 root supergroup 1073741824 2019-02-27 15:06 /myfile1
-rw-r--r--   3 root supergroup 1073741824 2019-02-27 15:06 /myfile10
-rw-r--r--   3 root supergroup 1073741824 2019-02-27 15:06 /myfile11
-rw-r--r--   3 root supergroup 1073741824 2019-02-27 15:09 /myfile12
-rw-r--r--   3 root supergroup 1073741824 2019-02-27 15:07 /myfile13
-rw-r--r--   3 root supergroup  671088640 2019-02-27 15:09 /myfile14._COPYING_
-rw-r--r--   3 root supergroup  805306368 2019-02-27 15:09 /myfile15._COPYING_
-rw-r--r--   3 root supergroup 1073741824 2019-02-27 15:08 /myfile16
-rw-r--r--   3 root supergroup  939524096 2019-02-27 15:09 /myfile17._COPYING_
-rw-r--r--   3 root supergroup 1073741824 2019-02-27 15:07 /myfile18
-rw-r--r--   3 root supergroup 1073741824 2019-02-27 15:06 /myfile19
-rw-r--r--   3 root supergroup 1073741824 2019-02-27 15:07 /myfile2
-rw-r--r--   3 root supergroup 1073741824 2019-02-27 15:07 /myfile20
-rw-r--r--   3 root supergroup 1073741824 2019-02-27 15:09 /myfile3
-rw-r--r--   3 root supergroup 1073741824 2019-02-27 15:09 /myfile4
-rw-r--r--   3 root supergroup 1073741824 2019-02-27 15:09 /myfile5
-rw-r--r--   3 root supergroup  805306368 2019-02-27 15:09 /myfile6._COPYING_
-rw-r--r--   3 root supergroup 1073741824 2019-02-27 15:07 /myfile7
-rw-r--r--   3 root supergroup  939524096 2019-02-27 15:09 /myfile8._COPYING_
-rw-r--r--   3 root supergroup 1073741824 2019-02-27 15:09 /myfile9
file 5 has been put into HDFS
file 5 has been read from HDFS for 1 time
diff succeed!
file 5 has been read from HDFS for 2 time
diff succeed!
file 5 has been read from HDFS for 3 time
diff succeed!
file 5 has been read from HDFS for 4 time
diff succeed!
file 5 has been read from HDFS for 5 time
diff succeed!
file 5 has been read from HDFS for 6 time
diff succeed!
file 5 has been read from HDFS for 7 time
diff succeed!
file 5 has been read from HDFS for 8 time
diff succeed!
file 5 has been read from HDFS for 9 time
diff succeed!
file 5 has been read from HDFS for 10 time
diff succeed!
Deleted /myfile5
file 5 has been removed from HDFS
Found 19 items
-rw-r--r--   3 root supergroup 1073741824 2019-02-27 15:12 /myfile1
-rw-r--r--   3 root supergroup 1073741824 2019-02-27 15:13 /myfile10
-rw-r--r--   3 root supergroup 1073741824 2019-02-27 15:11 /myfile11
-rw-r--r--   3 root supergroup 1073741824 2019-02-27 15:09 /myfile12
-rw-r--r--   3 root supergroup 1073741824 2019-02-27 15:12 /myfile13
-rw-r--r--   3 root supergroup  671088640 2019-02-27 15:13 /myfile14._COPYING_
-rw-r--r--   3 root supergroup          0 2019-02-27 15:14 /myfile15._COPYING_
-rw-r--r--   3 root supergroup 1073741824 2019-02-27 15:12 /myfile16
-rw-r--r--   3 root supergroup 1073741824 2019-02-27 15:10 /myfile17
-rw-r--r--   3 root supergroup 1073741824 2019-02-27 15:13 /myfile18
-rw-r--r--   3 root supergroup 1073741824 2019-02-27 15:11 /myfile19
-rw-r--r--   3 root supergroup 1073741824 2019-02-27 15:13 /myfile2
-rw-r--r--   3 root supergroup 1073741824 2019-02-27 15:13 /myfile20
-rw-r--r--   3 root supergroup  536870912 2019-02-27 15:13 /myfile3._COPYING_
-rw-r--r--   3 root supergroup 1073741824 2019-02-27 15:14 /myfile4
-rw-r--r--   3 root supergroup 1073741824 2019-02-27 15:14 /myfile5
-rw-r--r--   3 root supergroup 1073741824 2019-02-27 15:11 /myfile7
-rw-r--r--   3 root supergroup 1073741824 2019-02-27 15:10 /myfile8
-rw-r--r--   3 root supergroup 1073741824 2019-02-27 15:14 /myfile9
file 5 has been put into HDFS
file 5 has been read from HDFS for 1 time
diff succeed!
file 5 has been read from HDFS for 2 time
diff succeed!
file 5 has been read from HDFS for 3 time
diff succeed!
file 5 has been read from HDFS for 4 time
diff succeed!
file 5 has been read from HDFS for 5 time
diff succeed!
file 5 has been read from HDFS for 6 time
diff succeed!
file 5 has been read from HDFS for 7 time
diff succeed!
file 5 has been read from HDFS for 8 time
diff succeed!
file 5 has been read from HDFS for 9 time
diff succeed!
file 5 has been read from HDFS for 10 time
diff succeed!
Deleted /myfile5
sub_benchmark 10 signal TERM catched and let quit gracefully
file 5 has been removed from HDFS
