Found 20 items
-rw-r--r--   3 root supergroup 1073741824 2019-02-19 23:16 /myfile1
-rw-r--r--   3 root supergroup 1073741824 2019-02-19 23:16 /myfile10
-rw-r--r--   3 root supergroup 1073741824 2019-02-19 23:16 /myfile11
-rw-r--r--   3 root supergroup 1073741824 2019-02-19 23:16 /myfile12
-rw-r--r--   3 root supergroup 1073741824 2019-02-19 23:16 /myfile13
-rw-r--r--   3 root supergroup 1073741824 2019-02-19 23:16 /myfile14
-rw-r--r--   3 root supergroup 1073741824 2019-02-19 23:16 /myfile15
-rw-r--r--   3 root supergroup 1073741824 2019-02-19 23:16 /myfile16
-rw-r--r--   3 root supergroup 1073741824 2019-02-19 23:16 /myfile17
-rw-r--r--   3 root supergroup 1073741824 2019-02-19 23:16 /myfile18
-rw-r--r--   3 root supergroup 1073741824 2019-02-19 23:16 /myfile19
-rw-r--r--   3 root supergroup 1073741824 2019-02-19 23:16 /myfile2
-rw-r--r--   3 root supergroup 1073741824 2019-02-19 23:16 /myfile20
-rw-r--r--   3 root supergroup 1073741824 2019-02-19 23:16 /myfile3
-rw-r--r--   3 root supergroup 1073741824 2019-02-19 23:16 /myfile4
-rw-r--r--   3 root supergroup 1073741824 2019-02-19 23:16 /myfile5
-rw-r--r--   3 root supergroup 1073741824 2019-02-19 23:16 /myfile6
-rw-r--r--   3 root supergroup 1073741824 2019-02-19 23:16 /myfile7
-rw-r--r--   3 root supergroup 1073741824 2019-02-19 23:16 /myfile8
-rw-r--r--   3 root supergroup 1073741824 2019-02-19 23:16 /myfile9
file 9 has been put into HDFS
file 9 has been read from HDFS for 1 time
diff succeed!
file 9 has been read from HDFS for 2 time
diff succeed!
file 9 has been read from HDFS for 3 time
diff succeed!
2019-02-19 23:17:52,365 INFO retry.RetryInvocationHandler: org.apache.hadoop.ipc.RemoteException(org.apache.hadoop.ipc.StandbyException): Operation category READ is not supported in state standby. Visit https://s.apache.org/sbnn-error
	at org.apache.hadoop.hdfs.server.namenode.ha.StandbyState.checkOperation(StandbyState.java:88)
	at org.apache.hadoop.hdfs.server.namenode.NameNode$NameNodeHAContext.checkOperation(NameNode.java:1952)
	at org.apache.hadoop.hdfs.server.namenode.FSNamesystem.checkOperation(FSNamesystem.java:1423)
	at org.apache.hadoop.hdfs.server.namenode.FSNamesystem.getFileInfo(FSNamesystem.java:3085)
	at org.apache.hadoop.hdfs.server.namenode.NameNodeRpcServer.getFileInfo(NameNodeRpcServer.java:1154)
	at org.apache.hadoop.hdfs.protocolPB.ClientNamenodeProtocolServerSideTranslatorPB.getFileInfo(ClientNamenodeProtocolServerSideTranslatorPB.java:966)
	at org.apache.hadoop.hdfs.protocol.proto.ClientNamenodeProtocolProtos$ClientNamenodeProtocol$2.callBlockingMethod(ClientNamenodeProtocolProtos.java)
	at org.apache.hadoop.ipc.ProtobufRpcEngine$Server$ProtoBufRpcInvoker.call(ProtobufRpcEngine.java:523)
	at org.apache.hadoop.ipc.RPC$Server.call(RPC.java:991)
	at org.apache.hadoop.ipc.Server$RpcCall.run(Server.java:872)
	at org.apache.hadoop.ipc.Server$RpcCall.run(Server.java:818)
	at java.security.AccessController.doPrivileged(Native Method)
	at javax.security.auth.Subject.doAs(Subject.java:422)
	at org.apache.hadoop.security.UserGroupInformation.doAs(UserGroupInformation.java:1729)
	at org.apache.hadoop.ipc.Server$Handler.run(Server.java:2678)
, while invoking ClientNamenodeProtocolTranslatorPB.getFileInfo over node-1-link-0/10.10.1.4:8020 after 1 failover attempts. Trying to failover after sleeping for 1378ms.
2019-02-19 23:17:53,746 INFO retry.RetryInvocationHandler: java.net.ConnectException: Call From clnode076.clemson.cloudlab.us/130.127.133.85 to node-0-link-0:8020 failed on connection exception: java.net.ConnectException: Connection refused; For more details see:  http://wiki.apache.org/hadoop/ConnectionRefused, while invoking ClientNamenodeProtocolTranslatorPB.getFileInfo over node-0-link-0/10.10.1.1:8020 after 2 failover attempts. Trying to failover after sleeping for 1761ms.
file 9 has been read from HDFS for 4 time
diff succeed!
file 9 has been read from HDFS for 5 time
diff succeed!
file 9 has been read from HDFS for 6 time
diff succeed!
file 9 has been read from HDFS for 7 time
diff succeed!
file 9 has been read from HDFS for 8 time
diff succeed!
file 9 has been read from HDFS for 9 time
diff succeed!
file 9 has been read from HDFS for 10 time
diff succeed!
Deleted /myfile9
file 9 has been removed from HDFS
Found 19 items
-rw-r--r--   3 root supergroup 1073741824 2019-02-19 23:20 /myfile1
-rw-r--r--   3 root supergroup 1073741824 2019-02-19 23:20 /myfile10
-rw-r--r--   3 root supergroup 1073741824 2019-02-19 23:16 /myfile11
-rw-r--r--   3 root supergroup 1073741824 2019-02-19 23:16 /myfile12
-rw-r--r--   3 root supergroup 1073741824 2019-02-19 23:16 /myfile13
-rw-r--r--   3 root supergroup 1073741824 2019-02-19 23:20 /myfile14
-rw-r--r--   3 root supergroup  536870912 2019-02-19 23:20 /myfile15._COPYING_
-rw-r--r--   3 root supergroup 1073741824 2019-02-19 23:16 /myfile16
-rw-r--r--   3 root supergroup 1073741824 2019-02-19 23:16 /myfile17
-rw-r--r--   3 root supergroup 1073741824 2019-02-19 23:20 /myfile18
-rw-r--r--   3 root supergroup 1073741824 2019-02-19 23:20 /myfile19
-rw-r--r--   3 root supergroup 1073741824 2019-02-19 23:20 /myfile2
-rw-r--r--   3 root supergroup 1073741824 2019-02-19 23:20 /myfile3
-rw-r--r--   3 root supergroup 1073741824 2019-02-19 23:20 /myfile4
-rw-r--r--   3 root supergroup 1073741824 2019-02-19 23:20 /myfile5
-rw-r--r--   3 root supergroup 1073741824 2019-02-19 23:16 /myfile6
-rw-r--r--   3 root supergroup 1073741824 2019-02-19 23:20 /myfile7
-rw-r--r--   3 root supergroup 1073741824 2019-02-19 23:16 /myfile8
-rw-r--r--   3 root supergroup 1073741824 2019-02-19 23:20 /myfile9
file 9 has been put into HDFS
file 9 has been read from HDFS for 1 time
diff succeed!
file 9 has been read from HDFS for 2 time
diff succeed!
file 9 has been read from HDFS for 3 time
diff succeed!
file 9 has been read from HDFS for 4 time
diff succeed!
file 9 has been read from HDFS for 5 time
diff succeed!
file 9 has been read from HDFS for 6 time
diff succeed!
file 9 has been read from HDFS for 7 time
diff succeed!
file 9 has been read from HDFS for 8 time
diff succeed!
file 9 has been read from HDFS for 9 time
diff succeed!
file 9 has been read from HDFS for 10 time
diff succeed!
Deleted /myfile9
file 9 has been removed from HDFS
Found 19 items
-rw-r--r--   3 root supergroup 1073741824 2019-02-19 23:24 /myfile1
-rw-r--r--   3 root supergroup 1073741824 2019-02-19 23:25 /myfile10
-rw-r--r--   3 root supergroup 1073741824 2019-02-19 23:22 /myfile11
-rw-r--r--   3 root supergroup          0 2019-02-19 23:25 /myfile12._COPYING_
-rw-r--r--   3 root supergroup 1073741824 2019-02-19 23:21 /myfile13
-rw-r--r--   3 root supergroup 1073741824 2019-02-19 23:25 /myfile14
-rw-r--r--   3 root supergroup 1073741824 2019-02-19 23:25 /myfile15
-rw-r--r--   3 root supergroup 1073741824 2019-02-19 23:21 /myfile16
-rw-r--r--   3 root supergroup  805306368 2019-02-19 23:24 /myfile17._COPYING_
-rw-r--r--   3 root supergroup 1073741824 2019-02-19 23:24 /myfile18
-rw-r--r--   3 root supergroup 1073741824 2019-02-19 23:24 /myfile19
-rw-r--r--   3 root supergroup 1073741824 2019-02-19 23:25 /myfile2
-rw-r--r--   3 root supergroup  805306368 2019-02-19 23:24 /myfile3._COPYING_
-rw-r--r--   3 root supergroup 1073741824 2019-02-19 23:25 /myfile4
-rw-r--r--   3 root supergroup  939524096 2019-02-19 23:24 /myfile5._COPYING_
-rw-r--r--   3 root supergroup 1073741824 2019-02-19 23:21 /myfile6
-rw-r--r--   3 root supergroup  536870912 2019-02-19 23:24 /myfile7._COPYING_
-rw-r--r--   3 root supergroup 1073741824 2019-02-19 23:22 /myfile8
-rw-r--r--   3 root supergroup 1073741824 2019-02-19 23:25 /myfile9
file 9 has been put into HDFS
file 9 has been read from HDFS for 1 time
diff succeed!
file 9 has been read from HDFS for 2 time
diff succeed!
file 9 has been read from HDFS for 3 time
diff succeed!
file 9 has been read from HDFS for 4 time
diff succeed!
file 9 has been read from HDFS for 5 time
diff succeed!
file 9 has been read from HDFS for 6 time
diff succeed!
file 9 has been read from HDFS for 7 time
diff succeed!
file 9 has been read from HDFS for 8 time
diff succeed!
file 9 has been read from HDFS for 9 time
diff succeed!
file 9 has been read from HDFS for 10 time
diff succeed!
Deleted /myfile9
file 9 has been removed from HDFS
Found 20 items
-rw-r--r--   3 root supergroup 1073741824 2019-02-19 23:29 /myfile1
-rw-r--r--   3 root supergroup 1073741824 2019-02-19 23:29 /myfile10
-rw-r--r--   3 root supergroup 1073741824 2019-02-19 23:31 /myfile11
-rw-r--r--   3 root supergroup 1073741824 2019-02-19 23:30 /myfile12
-rw-r--r--   3 root supergroup          0 2019-02-19 23:31 /myfile13._COPYING_
-rw-r--r--   3 root supergroup 1073741824 2019-02-19 23:30 /myfile14
-rw-r--r--   3 root supergroup 1073741824 2019-02-19 23:29 /myfile15
-rw-r--r--   3 root supergroup 1073741824 2019-02-19 23:31 /myfile16
-rw-r--r--   3 root supergroup 1073741824 2019-02-19 23:29 /myfile17
-rw-r--r--   3 root supergroup 1073741824 2019-02-19 23:29 /myfile18
-rw-r--r--   3 root supergroup 1073741824 2019-02-19 23:29 /myfile19
-rw-r--r--   3 root supergroup 1073741824 2019-02-19 23:30 /myfile2
-rw-r--r--   3 root supergroup 1073741824 2019-02-19 23:30 /myfile20
-rw-r--r--   3 root supergroup 1073741824 2019-02-19 23:30 /myfile3
-rw-r--r--   3 root supergroup 1073741824 2019-02-19 23:30 /myfile4
-rw-r--r--   3 root supergroup 1073741824 2019-02-19 23:30 /myfile5
-rw-r--r--   3 root supergroup 1073741824 2019-02-19 23:30 /myfile6
-rw-r--r--   3 root supergroup 1073741824 2019-02-19 23:30 /myfile7
-rw-r--r--   3 root supergroup 1073741824 2019-02-19 23:30 /myfile8
-rw-r--r--   3 root supergroup 1073741824 2019-02-19 23:31 /myfile9
file 9 has been put into HDFS
file 9 has been read from HDFS for 1 time
diff succeed!
file 9 has been read from HDFS for 2 time
diff succeed!
file 9 has been read from HDFS for 3 time
diff succeed!
file 9 has been read from HDFS for 4 time
diff succeed!
file 9 has been read from HDFS for 5 time
diff succeed!
file 9 has been read from HDFS for 6 time
diff succeed!
file 9 has been read from HDFS for 7 time
diff succeed!
file 9 has been read from HDFS for 8 time
diff succeed!
file 9 has been read from HDFS for 9 time
diff succeed!
file 9 has been read from HDFS for 10 time
diff succeed!
Deleted /myfile9
file 9 has been removed from HDFS
Found 20 items
-rw-r--r--   3 root supergroup 1073741824 2019-02-19 23:34 /myfile1
-rw-r--r--   3 root supergroup 1073741824 2019-02-19 23:34 /myfile10
-rw-r--r--   3 root supergroup 1073741824 2019-02-19 23:36 /myfile11
-rw-r--r--   3 root supergroup 1073741824 2019-02-19 23:35 /myfile12
-rw-r--r--   3 root supergroup 1073741824 2019-02-19 23:32 /myfile13
-rw-r--r--   3 root supergroup 1073741824 2019-02-19 23:34 /myfile14
-rw-r--r--   3 root supergroup 1073741824 2019-02-19 23:34 /myfile15
-rw-r--r--   3 root supergroup 1073741824 2019-02-19 23:36 /myfile16
-rw-r--r--   3 root supergroup 1073741824 2019-02-19 23:34 /myfile17
-rw-r--r--   3 root supergroup 1073741824 2019-02-19 23:34 /myfile18
-rw-r--r--   3 root supergroup 1073741824 2019-02-19 23:34 /myfile19
-rw-r--r--   3 root supergroup 1073741824 2019-02-19 23:34 /myfile2
-rw-r--r--   3 root supergroup 1073741824 2019-02-19 23:34 /myfile20
-rw-r--r--   3 root supergroup 1073741824 2019-02-19 23:34 /myfile3
-rw-r--r--   3 root supergroup 1073741824 2019-02-19 23:34 /myfile4
-rw-r--r--   3 root supergroup 1073741824 2019-02-19 23:34 /myfile5
-rw-r--r--   3 root supergroup 1073741824 2019-02-19 23:34 /myfile6
-rw-r--r--   3 root supergroup 1073741824 2019-02-19 23:35 /myfile7
-rw-r--r--   3 root supergroup 1073741824 2019-02-19 23:34 /myfile8
-rw-r--r--   3 root supergroup 1073741824 2019-02-19 23:36 /myfile9
file 9 has been put into HDFS
file 9 has been read from HDFS for 1 time
diff succeed!
file 9 has been read from HDFS for 2 time
diff succeed!
file 9 has been read from HDFS for 3 time
diff succeed!
file 9 has been read from HDFS for 4 time
diff succeed!
file 9 has been read from HDFS for 5 time
diff succeed!
file 9 has been read from HDFS for 6 time
diff succeed!
file 9 has been read from HDFS for 7 time
diff succeed!
file 9 has been read from HDFS for 8 time
diff succeed!
file 9 has been read from HDFS for 9 time
diff succeed!
file 9 has been read from HDFS for 10 time
diff succeed!
Deleted /myfile9
file 9 has been removed from HDFS
Found 20 items
-rw-r--r--   3 root supergroup 1073741824 2019-02-19 23:38 /myfile1
-rw-r--r--   3 root supergroup 1073741824 2019-02-19 23:39 /myfile10
-rw-r--r--   3 root supergroup 1073741824 2019-02-19 23:41 /myfile11
-rw-r--r--   3 root supergroup 1073741824 2019-02-19 23:40 /myfile12
-rw-r--r--   3 root supergroup  939524096 2019-02-19 23:41 /myfile13._COPYING_
-rw-r--r--   3 root supergroup 1073741824 2019-02-19 23:39 /myfile14
-rw-r--r--   3 root supergroup 1073741824 2019-02-19 23:39 /myfile15
-rw-r--r--   3 root supergroup 1073741824 2019-02-19 23:41 /myfile16
-rw-r--r--   3 root supergroup 1073741824 2019-02-19 23:39 /myfile17
-rw-r--r--   3 root supergroup 1073741824 2019-02-19 23:39 /myfile18
-rw-r--r--   3 root supergroup 1073741824 2019-02-19 23:39 /myfile19
-rw-r--r--   3 root supergroup 1073741824 2019-02-19 23:39 /myfile2
-rw-r--r--   3 root supergroup 1073741824 2019-02-19 23:39 /myfile20
-rw-r--r--   3 root supergroup 1073741824 2019-02-19 23:39 /myfile3
-rw-r--r--   3 root supergroup 1073741824 2019-02-19 23:38 /myfile4
-rw-r--r--   3 root supergroup 1073741824 2019-02-19 23:38 /myfile5
-rw-r--r--   3 root supergroup 1073741824 2019-02-19 23:38 /myfile6
-rw-r--r--   3 root supergroup 1073741824 2019-02-19 23:40 /myfile7
-rw-r--r--   3 root supergroup 1073741824 2019-02-19 23:39 /myfile8
-rw-r--r--   3 root supergroup 1073741824 2019-02-19 23:41 /myfile9
file 9 has been put into HDFS
file 9 has been read from HDFS for 1 time
diff succeed!
file 9 has been read from HDFS for 2 time
diff succeed!
file 9 has been read from HDFS for 3 time
diff succeed!
file 9 has been read from HDFS for 4 time
diff succeed!
file 9 has been read from HDFS for 5 time
diff succeed!
file 9 has been read from HDFS for 6 time
diff succeed!
file 9 has been read from HDFS for 7 time
diff succeed!
file 9 has been read from HDFS for 8 time
diff succeed!
file 9 has been read from HDFS for 9 time
diff succeed!
file 9 has been read from HDFS for 10 time
diff succeed!
Deleted /myfile9
file 9 has been removed from HDFS
Found 20 items
-rw-r--r--   3 root supergroup 1073741824 2019-02-19 23:43 /myfile1
-rw-r--r--   3 root supergroup 1073741824 2019-02-19 23:44 /myfile10
-rw-r--r--   3 root supergroup  939524096 2019-02-19 23:46 /myfile11._COPYING_
-rw-r--r--   3 root supergroup 1073741824 2019-02-19 23:44 /myfile12
-rw-r--r--   3 root supergroup 1073741824 2019-02-19 23:46 /myfile13
-rw-r--r--   3 root supergroup 1073741824 2019-02-19 23:43 /myfile14
-rw-r--r--   3 root supergroup 1073741824 2019-02-19 23:43 /myfile15
-rw-r--r--   3 root supergroup 1073741824 2019-02-19 23:46 /myfile16
-rw-r--r--   3 root supergroup 1073741824 2019-02-19 23:43 /myfile17
-rw-r--r--   3 root supergroup 1073741824 2019-02-19 23:43 /myfile18
-rw-r--r--   3 root supergroup 1073741824 2019-02-19 23:44 /myfile19
-rw-r--r--   3 root supergroup 1073741824 2019-02-19 23:44 /myfile2
-rw-r--r--   3 root supergroup 1073741824 2019-02-19 23:43 /myfile20
-rw-r--r--   3 root supergroup 1073741824 2019-02-19 23:43 /myfile3
-rw-r--r--   3 root supergroup 1073741824 2019-02-19 23:44 /myfile4
-rw-r--r--   3 root supergroup 1073741824 2019-02-19 23:43 /myfile5
-rw-r--r--   3 root supergroup 1073741824 2019-02-19 23:44 /myfile6
-rw-r--r--   3 root supergroup 1073741824 2019-02-19 23:44 /myfile7
-rw-r--r--   3 root supergroup 1073741824 2019-02-19 23:44 /myfile8
-rw-r--r--   3 root supergroup 1073741824 2019-02-19 23:46 /myfile9
file 9 has been put into HDFS
file 9 has been read from HDFS for 1 time
diff succeed!
file 9 has been read from HDFS for 2 time
diff succeed!
file 9 has been read from HDFS for 3 time
diff succeed!
file 9 has been read from HDFS for 4 time
diff succeed!
file 9 has been read from HDFS for 5 time
diff succeed!
file 9 has been read from HDFS for 6 time
diff succeed!
file 9 has been read from HDFS for 7 time
diff succeed!
file 9 has been read from HDFS for 8 time
diff succeed!
file 9 has been read from HDFS for 9 time
diff succeed!
file 9 has been read from HDFS for 10 time
diff succeed!
Deleted /myfile9
file 9 has been removed from HDFS
2019-02-19 23:51:08,974 INFO retry.RetryInvocationHandler: java.io.EOFException: End of File Exception between local host is: "clnode076.clemson.cloudlab.us/130.127.133.85"; destination host is: "node-0-link-0":8020; : java.io.EOFException; For more details see:  http://wiki.apache.org/hadoop/EOFException, while invoking ClientNamenodeProtocolTranslatorPB.addBlock over node-0-link-0/10.10.1.1:8020. Trying to failover immediately.
2019-02-19 23:51:08,985 INFO retry.RetryInvocationHandler: org.apache.hadoop.ipc.RemoteException(org.apache.hadoop.ipc.RetriableException): org.apache.hadoop.hdfs.server.namenode.SafeModeException: Cannot add block to /myfile9._COPYING_. Name node is in safe mode.
The reported blocks 144 has reached the threshold 0.9990 of total blocks 144. The number of live datanodes 3 has reached the minimum number 0. In safe mode extension. Safe mode will be turned off automatically in 26 seconds. NamenodeHostName:node-1-link-0
	at org.apache.hadoop.hdfs.server.namenode.FSNamesystem.checkNameNodeSafeMode(FSNamesystem.java:1441)
	at org.apache.hadoop.hdfs.server.namenode.FSDirWriteFileOp.analyzeFileState(FSDirWriteFileOp.java:591)
	at org.apache.hadoop.hdfs.server.namenode.FSDirWriteFileOp.validateAddBlock(FSDirWriteFileOp.java:172)
	at org.apache.hadoop.hdfs.server.namenode.FSNamesystem.getAdditionalBlock(FSNamesystem.java:2679)
	at org.apache.hadoop.hdfs.server.namenode.NameNodeRpcServer.addBlock(NameNodeRpcServer.java:875)
	at org.apache.hadoop.hdfs.protocolPB.ClientNamenodeProtocolServerSideTranslatorPB.addBlock(ClientNamenodeProtocolServerSideTranslatorPB.java:561)
	at org.apache.hadoop.hdfs.protocol.proto.ClientNamenodeProtocolProtos$ClientNamenodeProtocol$2.callBlockingMethod(ClientNamenodeProtocolProtos.java)
	at org.apache.hadoop.ipc.ProtobufRpcEngine$Server$ProtoBufRpcInvoker.call(ProtobufRpcEngine.java:523)
	at org.apache.hadoop.ipc.RPC$Server.call(RPC.java:991)
	at org.apache.hadoop.ipc.Server$RpcCall.run(Server.java:872)
	at org.apache.hadoop.ipc.Server$RpcCall.run(Server.java:818)
	at java.security.AccessController.doPrivileged(Native Method)
	at javax.security.auth.Subject.doAs(Subject.java:422)
	at org.apache.hadoop.security.UserGroupInformation.doAs(UserGroupInformation.java:1729)
	at org.apache.hadoop.ipc.Server$Handler.run(Server.java:2678)
Caused by: org.apache.hadoop.hdfs.server.namenode.SafeModeException: Cannot add block to /myfile9._COPYING_. Name node is in safe mode.
The reported blocks 144 has reached the threshold 0.9990 of total blocks 144. The number of live datanodes 3 has reached the minimum number 0. In safe mode extension. Safe mode will be turned off automatically in 26 seconds. NamenodeHostName:node-1-link-0
	at org.apache.hadoop.hdfs.server.namenode.FSNamesystem.newSafemodeException(FSNamesystem.java:1450)
	at org.apache.hadoop.hdfs.server.namenode.FSNamesystem.checkNameNodeSafeMode(FSNamesystem.java:1437)
	... 14 more
, while invoking ClientNamenodeProtocolTranslatorPB.addBlock over node-1-link-0/10.10.1.4:8020 after 1 failover attempts. Retrying after sleeping for 1090ms.
2019-02-19 23:51:10,079 INFO retry.RetryInvocationHandler: org.apache.hadoop.ipc.RemoteException(org.apache.hadoop.ipc.RetriableException): org.apache.hadoop.hdfs.server.namenode.SafeModeException: Cannot add block to /myfile9._COPYING_. Name node is in safe mode.
The reported blocks 144 has reached the threshold 0.9990 of total blocks 144. The number of live datanodes 3 has reached the minimum number 0. In safe mode extension. Safe mode will be turned off automatically in 25 seconds. NamenodeHostName:node-1-link-0
	at org.apache.hadoop.hdfs.server.namenode.FSNamesystem.checkNameNodeSafeMode(FSNamesystem.java:1441)
	at org.apache.hadoop.hdfs.server.namenode.FSDirWriteFileOp.analyzeFileState(FSDirWriteFileOp.java:591)
	at org.apache.hadoop.hdfs.server.namenode.FSDirWriteFileOp.validateAddBlock(FSDirWriteFileOp.java:172)
	at org.apache.hadoop.hdfs.server.namenode.FSNamesystem.getAdditionalBlock(FSNamesystem.java:2679)
	at org.apache.hadoop.hdfs.server.namenode.NameNodeRpcServer.addBlock(NameNodeRpcServer.java:875)
	at org.apache.hadoop.hdfs.protocolPB.ClientNamenodeProtocolServerSideTranslatorPB.addBlock(ClientNamenodeProtocolServerSideTranslatorPB.java:561)
	at org.apache.hadoop.hdfs.protocol.proto.ClientNamenodeProtocolProtos$ClientNamenodeProtocol$2.callBlockingMethod(ClientNamenodeProtocolProtos.java)
	at org.apache.hadoop.ipc.ProtobufRpcEngine$Server$ProtoBufRpcInvoker.call(ProtobufRpcEngine.java:523)
	at org.apache.hadoop.ipc.RPC$Server.call(RPC.java:991)
	at org.apache.hadoop.ipc.Server$RpcCall.run(Server.java:872)
	at org.apache.hadoop.ipc.Server$RpcCall.run(Server.java:818)
	at java.security.AccessController.doPrivileged(Native Method)
	at javax.security.auth.Subject.doAs(Subject.java:422)
	at org.apache.hadoop.security.UserGroupInformation.doAs(UserGroupInformation.java:1729)
	at org.apache.hadoop.ipc.Server$Handler.run(Server.java:2678)
Caused by: org.apache.hadoop.hdfs.server.namenode.SafeModeException: Cannot add block to /myfile9._COPYING_. Name node is in safe mode.
The reported blocks 144 has reached the threshold 0.9990 of total blocks 144. The number of live datanodes 3 has reached the minimum number 0. In safe mode extension. Safe mode will be turned off automatically in 25 seconds. NamenodeHostName:node-1-link-0
	at org.apache.hadoop.hdfs.server.namenode.FSNamesystem.newSafemodeException(FSNamesystem.java:1450)
	at org.apache.hadoop.hdfs.server.namenode.FSNamesystem.checkNameNodeSafeMode(FSNamesystem.java:1437)
	... 14 more
, while invoking ClientNamenodeProtocolTranslatorPB.addBlock over node-1-link-0/10.10.1.4:8020 after 1 failover attempts. Retrying after sleeping for 2041ms.
2019-02-19 23:51:12,125 INFO retry.RetryInvocationHandler: org.apache.hadoop.ipc.RemoteException(org.apache.hadoop.ipc.RetriableException): org.apache.hadoop.hdfs.server.namenode.SafeModeException: Cannot add block to /myfile9._COPYING_. Name node is in safe mode.
The reported blocks 144 has reached the threshold 0.9990 of total blocks 144. The number of live datanodes 3 has reached the minimum number 0. In safe mode extension. Safe mode will be turned off automatically in 23 seconds. NamenodeHostName:node-1-link-0
	at org.apache.hadoop.hdfs.server.namenode.FSNamesystem.checkNameNodeSafeMode(FSNamesystem.java:1441)
	at org.apache.hadoop.hdfs.server.namenode.FSDirWriteFileOp.analyzeFileState(FSDirWriteFileOp.java:591)
	at org.apache.hadoop.hdfs.server.namenode.FSDirWriteFileOp.validateAddBlock(FSDirWriteFileOp.java:172)
	at org.apache.hadoop.hdfs.server.namenode.FSNamesystem.getAdditionalBlock(FSNamesystem.java:2679)
	at org.apache.hadoop.hdfs.server.namenode.NameNodeRpcServer.addBlock(NameNodeRpcServer.java:875)
	at org.apache.hadoop.hdfs.protocolPB.ClientNamenodeProtocolServerSideTranslatorPB.addBlock(ClientNamenodeProtocolServerSideTranslatorPB.java:561)
	at org.apache.hadoop.hdfs.protocol.proto.ClientNamenodeProtocolProtos$ClientNamenodeProtocol$2.callBlockingMethod(ClientNamenodeProtocolProtos.java)
	at org.apache.hadoop.ipc.ProtobufRpcEngine$Server$ProtoBufRpcInvoker.call(ProtobufRpcEngine.java:523)
	at org.apache.hadoop.ipc.RPC$Server.call(RPC.java:991)
	at org.apache.hadoop.ipc.Server$RpcCall.run(Server.java:872)
	at org.apache.hadoop.ipc.Server$RpcCall.run(Server.java:818)
	at java.security.AccessController.doPrivileged(Native Method)
	at javax.security.auth.Subject.doAs(Subject.java:422)
	at org.apache.hadoop.security.UserGroupInformation.doAs(UserGroupInformation.java:1729)
	at org.apache.hadoop.ipc.Server$Handler.run(Server.java:2678)
Caused by: org.apache.hadoop.hdfs.server.namenode.SafeModeException: Cannot add block to /myfile9._COPYING_. Name node is in safe mode.
The reported blocks 144 has reached the threshold 0.9990 of total blocks 144. The number of live datanodes 3 has reached the minimum number 0. In safe mode extension. Safe mode will be turned off automatically in 23 seconds. NamenodeHostName:node-1-link-0
	at org.apache.hadoop.hdfs.server.namenode.FSNamesystem.newSafemodeException(FSNamesystem.java:1450)
	at org.apache.hadoop.hdfs.server.namenode.FSNamesystem.checkNameNodeSafeMode(FSNamesystem.java:1437)
	... 14 more
, while invoking ClientNamenodeProtocolTranslatorPB.addBlock over node-1-link-0/10.10.1.4:8020 after 1 failover attempts. Retrying after sleeping for 2881ms.
2019-02-19 23:51:15,009 INFO retry.RetryInvocationHandler: org.apache.hadoop.ipc.RemoteException(org.apache.hadoop.ipc.RetriableException): org.apache.hadoop.hdfs.server.namenode.SafeModeException: Cannot add block to /myfile9._COPYING_. Name node is in safe mode.
The reported blocks 144 has reached the threshold 0.9990 of total blocks 144. The number of live datanodes 3 has reached the minimum number 0. In safe mode extension. Safe mode will be turned off automatically in 20 seconds. NamenodeHostName:node-1-link-0
	at org.apache.hadoop.hdfs.server.namenode.FSNamesystem.checkNameNodeSafeMode(FSNamesystem.java:1441)
	at org.apache.hadoop.hdfs.server.namenode.FSDirWriteFileOp.analyzeFileState(FSDirWriteFileOp.java:591)
	at org.apache.hadoop.hdfs.server.namenode.FSDirWriteFileOp.validateAddBlock(FSDirWriteFileOp.java:172)
	at org.apache.hadoop.hdfs.server.namenode.FSNamesystem.getAdditionalBlock(FSNamesystem.java:2679)
	at org.apache.hadoop.hdfs.server.namenode.NameNodeRpcServer.addBlock(NameNodeRpcServer.java:875)
	at org.apache.hadoop.hdfs.protocolPB.ClientNamenodeProtocolServerSideTranslatorPB.addBlock(ClientNamenodeProtocolServerSideTranslatorPB.java:561)
	at org.apache.hadoop.hdfs.protocol.proto.ClientNamenodeProtocolProtos$ClientNamenodeProtocol$2.callBlockingMethod(ClientNamenodeProtocolProtos.java)
	at org.apache.hadoop.ipc.ProtobufRpcEngine$Server$ProtoBufRpcInvoker.call(ProtobufRpcEngine.java:523)
	at org.apache.hadoop.ipc.RPC$Server.call(RPC.java:991)
	at org.apache.hadoop.ipc.Server$RpcCall.run(Server.java:872)
	at org.apache.hadoop.ipc.Server$RpcCall.run(Server.java:818)
	at java.security.AccessController.doPrivileged(Native Method)
	at javax.security.auth.Subject.doAs(Subject.java:422)
	at org.apache.hadoop.security.UserGroupInformation.doAs(UserGroupInformation.java:1729)
	at org.apache.hadoop.ipc.Server$Handler.run(Server.java:2678)
Caused by: org.apache.hadoop.hdfs.server.namenode.SafeModeException: Cannot add block to /myfile9._COPYING_. Name node is in safe mode.
The reported blocks 144 has reached the threshold 0.9990 of total blocks 144. The number of live datanodes 3 has reached the minimum number 0. In safe mode extension. Safe mode will be turned off automatically in 20 seconds. NamenodeHostName:node-1-link-0
	at org.apache.hadoop.hdfs.server.namenode.FSNamesystem.newSafemodeException(FSNamesystem.java:1450)
	at org.apache.hadoop.hdfs.server.namenode.FSNamesystem.checkNameNodeSafeMode(FSNamesystem.java:1437)
	... 14 more
, while invoking ClientNamenodeProtocolTranslatorPB.addBlock over node-1-link-0/10.10.1.4:8020 after 1 failover attempts. Retrying after sleeping for 7010ms.
2019-02-19 23:51:22,025 INFO retry.RetryInvocationHandler: org.apache.hadoop.ipc.RemoteException(org.apache.hadoop.ipc.RetriableException): org.apache.hadoop.hdfs.server.namenode.SafeModeException: Cannot add block to /myfile9._COPYING_. Name node is in safe mode.
The reported blocks 144 has reached the threshold 0.9990 of total blocks 144. The number of live datanodes 3 has reached the minimum number 0. In safe mode extension. Safe mode will be turned off automatically in 13 seconds. NamenodeHostName:node-1-link-0
	at org.apache.hadoop.hdfs.server.namenode.FSNamesystem.checkNameNodeSafeMode(FSNamesystem.java:1441)
	at org.apache.hadoop.hdfs.server.namenode.FSDirWriteFileOp.analyzeFileState(FSDirWriteFileOp.java:591)
	at org.apache.hadoop.hdfs.server.namenode.FSDirWriteFileOp.validateAddBlock(FSDirWriteFileOp.java:172)
	at org.apache.hadoop.hdfs.server.namenode.FSNamesystem.getAdditionalBlock(FSNamesystem.java:2679)
	at org.apache.hadoop.hdfs.server.namenode.NameNodeRpcServer.addBlock(NameNodeRpcServer.java:875)
	at org.apache.hadoop.hdfs.protocolPB.ClientNamenodeProtocolServerSideTranslatorPB.addBlock(ClientNamenodeProtocolServerSideTranslatorPB.java:561)
	at org.apache.hadoop.hdfs.protocol.proto.ClientNamenodeProtocolProtos$ClientNamenodeProtocol$2.callBlockingMethod(ClientNamenodeProtocolProtos.java)
	at org.apache.hadoop.ipc.ProtobufRpcEngine$Server$ProtoBufRpcInvoker.call(ProtobufRpcEngine.java:523)
	at org.apache.hadoop.ipc.RPC$Server.call(RPC.java:991)
	at org.apache.hadoop.ipc.Server$RpcCall.run(Server.java:872)
	at org.apache.hadoop.ipc.Server$RpcCall.run(Server.java:818)
	at java.security.AccessController.doPrivileged(Native Method)
	at javax.security.auth.Subject.doAs(Subject.java:422)
	at org.apache.hadoop.security.UserGroupInformation.doAs(UserGroupInformation.java:1729)
	at org.apache.hadoop.ipc.Server$Handler.run(Server.java:2678)
Caused by: org.apache.hadoop.hdfs.server.namenode.SafeModeException: Cannot add block to /myfile9._COPYING_. Name node is in safe mode.
The reported blocks 144 has reached the threshold 0.9990 of total blocks 144. The number of live datanodes 3 has reached the minimum number 0. In safe mode extension. Safe mode will be turned off automatically in 13 seconds. NamenodeHostName:node-1-link-0
	at org.apache.hadoop.hdfs.server.namenode.FSNamesystem.newSafemodeException(FSNamesystem.java:1450)
	at org.apache.hadoop.hdfs.server.namenode.FSNamesystem.checkNameNodeSafeMode(FSNamesystem.java:1437)
	... 14 more
, while invoking ClientNamenodeProtocolTranslatorPB.addBlock over node-1-link-0/10.10.1.4:8020 after 1 failover attempts. Retrying after sleeping for 18238ms.
2019-02-19 23:51:27,299 INFO retry.RetryInvocationHandler: org.apache.hadoop.ipc.RemoteException(org.apache.hadoop.ipc.RetriableException): org.apache.hadoop.hdfs.server.namenode.SafeModeException: Cannot renew lease for DFSClient_NONMAPREDUCE_-743034832_1. Name node is in safe mode.
The reported blocks 144 has reached the threshold 0.9990 of total blocks 144. The number of live datanodes 3 has reached the minimum number 0. In safe mode extension. Safe mode will be turned off automatically in 8 seconds. NamenodeHostName:node-1-link-0
	at org.apache.hadoop.hdfs.server.namenode.FSNamesystem.checkNameNodeSafeMode(FSNamesystem.java:1441)
	at org.apache.hadoop.hdfs.server.namenode.FSNamesystem.renewLease(FSNamesystem.java:3744)
	at org.apache.hadoop.hdfs.server.namenode.NameNodeRpcServer.renewLease(NameNodeRpcServer.java:1134)
	at org.apache.hadoop.hdfs.protocolPB.ClientNamenodeProtocolServerSideTranslatorPB.renewLease(ClientNamenodeProtocolServerSideTranslatorPB.java:737)
	at org.apache.hadoop.hdfs.protocol.proto.ClientNamenodeProtocolProtos$ClientNamenodeProtocol$2.callBlockingMethod(ClientNamenodeProtocolProtos.java)
	at org.apache.hadoop.ipc.ProtobufRpcEngine$Server$ProtoBufRpcInvoker.call(ProtobufRpcEngine.java:523)
	at org.apache.hadoop.ipc.RPC$Server.call(RPC.java:991)
	at org.apache.hadoop.ipc.Server$RpcCall.run(Server.java:872)
	at org.apache.hadoop.ipc.Server$RpcCall.run(Server.java:818)
	at java.security.AccessController.doPrivileged(Native Method)
	at javax.security.auth.Subject.doAs(Subject.java:422)
	at org.apache.hadoop.security.UserGroupInformation.doAs(UserGroupInformation.java:1729)
	at org.apache.hadoop.ipc.Server$Handler.run(Server.java:2678)
Caused by: org.apache.hadoop.hdfs.server.namenode.SafeModeException: Cannot renew lease for DFSClient_NONMAPREDUCE_-743034832_1. Name node is in safe mode.
The reported blocks 144 has reached the threshold 0.9990 of total blocks 144. The number of live datanodes 3 has reached the minimum number 0. In safe mode extension. Safe mode will be turned off automatically in 8 seconds. NamenodeHostName:node-1-link-0
	at org.apache.hadoop.hdfs.server.namenode.FSNamesystem.newSafemodeException(FSNamesystem.java:1450)
	at org.apache.hadoop.hdfs.server.namenode.FSNamesystem.checkNameNodeSafeMode(FSNamesystem.java:1437)
	... 12 more
, while invoking ClientNamenodeProtocolTranslatorPB.renewLease over node-1-link-0/10.10.1.4:8020. Retrying immediately.
2019-02-19 23:51:27,301 INFO retry.RetryInvocationHandler: org.apache.hadoop.ipc.RemoteException(org.apache.hadoop.ipc.RetriableException): org.apache.hadoop.hdfs.server.namenode.SafeModeException: Cannot renew lease for DFSClient_NONMAPREDUCE_-743034832_1. Name node is in safe mode.
The reported blocks 144 has reached the threshold 0.9990 of total blocks 144. The number of live datanodes 3 has reached the minimum number 0. In safe mode extension. Safe mode will be turned off automatically in 8 seconds. NamenodeHostName:node-1-link-0
	at org.apache.hadoop.hdfs.server.namenode.FSNamesystem.checkNameNodeSafeMode(FSNamesystem.java:1441)
	at org.apache.hadoop.hdfs.server.namenode.FSNamesystem.renewLease(FSNamesystem.java:3744)
	at org.apache.hadoop.hdfs.server.namenode.NameNodeRpcServer.renewLease(NameNodeRpcServer.java:1134)
	at org.apache.hadoop.hdfs.protocolPB.ClientNamenodeProtocolServerSideTranslatorPB.renewLease(ClientNamenodeProtocolServerSideTranslatorPB.java:737)
	at org.apache.hadoop.hdfs.protocol.proto.ClientNamenodeProtocolProtos$ClientNamenodeProtocol$2.callBlockingMethod(ClientNamenodeProtocolProtos.java)
	at org.apache.hadoop.ipc.ProtobufRpcEngine$Server$ProtoBufRpcInvoker.call(ProtobufRpcEngine.java:523)
	at org.apache.hadoop.ipc.RPC$Server.call(RPC.java:991)
	at org.apache.hadoop.ipc.Server$RpcCall.run(Server.java:872)
	at org.apache.hadoop.ipc.Server$RpcCall.run(Server.java:818)
	at java.security.AccessController.doPrivileged(Native Method)
	at javax.security.auth.Subject.doAs(Subject.java:422)
	at org.apache.hadoop.security.UserGroupInformation.doAs(UserGroupInformation.java:1729)
	at org.apache.hadoop.ipc.Server$Handler.run(Server.java:2678)
Caused by: org.apache.hadoop.hdfs.server.namenode.SafeModeException: Cannot renew lease for DFSClient_NONMAPREDUCE_-743034832_1. Name node is in safe mode.
The reported blocks 144 has reached the threshold 0.9990 of total blocks 144. The number of live datanodes 3 has reached the minimum number 0. In safe mode extension. Safe mode will be turned off automatically in 8 seconds. NamenodeHostName:node-1-link-0
	at org.apache.hadoop.hdfs.server.namenode.FSNamesystem.newSafemodeException(FSNamesystem.java:1450)
	at org.apache.hadoop.hdfs.server.namenode.FSNamesystem.checkNameNodeSafeMode(FSNamesystem.java:1437)
	... 12 more
, while invoking ClientNamenodeProtocolTranslatorPB.renewLease over node-1-link-0/10.10.1.4:8020. Retrying after sleeping for 1236ms.
2019-02-19 23:51:28,540 INFO retry.RetryInvocationHandler: org.apache.hadoop.ipc.RemoteException(org.apache.hadoop.ipc.RetriableException): org.apache.hadoop.hdfs.server.namenode.SafeModeException: Cannot renew lease for DFSClient_NONMAPREDUCE_-743034832_1. Name node is in safe mode.
The reported blocks 144 has reached the threshold 0.9990 of total blocks 144. The number of live datanodes 3 has reached the minimum number 0. In safe mode extension. Safe mode will be turned off automatically in 7 seconds. NamenodeHostName:node-1-link-0
	at org.apache.hadoop.hdfs.server.namenode.FSNamesystem.checkNameNodeSafeMode(FSNamesystem.java:1441)
	at org.apache.hadoop.hdfs.server.namenode.FSNamesystem.renewLease(FSNamesystem.java:3744)
	at org.apache.hadoop.hdfs.server.namenode.NameNodeRpcServer.renewLease(NameNodeRpcServer.java:1134)
	at org.apache.hadoop.hdfs.protocolPB.ClientNamenodeProtocolServerSideTranslatorPB.renewLease(ClientNamenodeProtocolServerSideTranslatorPB.java:737)
	at org.apache.hadoop.hdfs.protocol.proto.ClientNamenodeProtocolProtos$ClientNamenodeProtocol$2.callBlockingMethod(ClientNamenodeProtocolProtos.java)
	at org.apache.hadoop.ipc.ProtobufRpcEngine$Server$ProtoBufRpcInvoker.call(ProtobufRpcEngine.java:523)
	at org.apache.hadoop.ipc.RPC$Server.call(RPC.java:991)
	at org.apache.hadoop.ipc.Server$RpcCall.run(Server.java:872)
	at org.apache.hadoop.ipc.Server$RpcCall.run(Server.java:818)
	at java.security.AccessController.doPrivileged(Native Method)
	at javax.security.auth.Subject.doAs(Subject.java:422)
	at org.apache.hadoop.security.UserGroupInformation.doAs(UserGroupInformation.java:1729)
	at org.apache.hadoop.ipc.Server$Handler.run(Server.java:2678)
Caused by: org.apache.hadoop.hdfs.server.namenode.SafeModeException: Cannot renew lease for DFSClient_NONMAPREDUCE_-743034832_1. Name node is in safe mode.
The reported blocks 144 has reached the threshold 0.9990 of total blocks 144. The number of live datanodes 3 has reached the minimum number 0. In safe mode extension. Safe mode will be turned off automatically in 7 seconds. NamenodeHostName:node-1-link-0
	at org.apache.hadoop.hdfs.server.namenode.FSNamesystem.newSafemodeException(FSNamesystem.java:1450)
	at org.apache.hadoop.hdfs.server.namenode.FSNamesystem.checkNameNodeSafeMode(FSNamesystem.java:1437)
	... 12 more
, while invoking ClientNamenodeProtocolTranslatorPB.renewLease over node-1-link-0/10.10.1.4:8020. Retrying after sleeping for 1124ms.
2019-02-19 23:51:29,667 INFO retry.RetryInvocationHandler: org.apache.hadoop.ipc.RemoteException(org.apache.hadoop.ipc.RetriableException): org.apache.hadoop.hdfs.server.namenode.SafeModeException: Cannot renew lease for DFSClient_NONMAPREDUCE_-743034832_1. Name node is in safe mode.
The reported blocks 144 has reached the threshold 0.9990 of total blocks 144. The number of live datanodes 3 has reached the minimum number 0. In safe mode extension. Safe mode will be turned off automatically in 6 seconds. NamenodeHostName:node-1-link-0
	at org.apache.hadoop.hdfs.server.namenode.FSNamesystem.checkNameNodeSafeMode(FSNamesystem.java:1441)
	at org.apache.hadoop.hdfs.server.namenode.FSNamesystem.renewLease(FSNamesystem.java:3744)
	at org.apache.hadoop.hdfs.server.namenode.NameNodeRpcServer.renewLease(NameNodeRpcServer.java:1134)
	at org.apache.hadoop.hdfs.protocolPB.ClientNamenodeProtocolServerSideTranslatorPB.renewLease(ClientNamenodeProtocolServerSideTranslatorPB.java:737)
	at org.apache.hadoop.hdfs.protocol.proto.ClientNamenodeProtocolProtos$ClientNamenodeProtocol$2.callBlockingMethod(ClientNamenodeProtocolProtos.java)
	at org.apache.hadoop.ipc.ProtobufRpcEngine$Server$ProtoBufRpcInvoker.call(ProtobufRpcEngine.java:523)
	at org.apache.hadoop.ipc.RPC$Server.call(RPC.java:991)
	at org.apache.hadoop.ipc.Server$RpcCall.run(Server.java:872)
	at org.apache.hadoop.ipc.Server$RpcCall.run(Server.java:818)
	at java.security.AccessController.doPrivileged(Native Method)
	at javax.security.auth.Subject.doAs(Subject.java:422)
	at org.apache.hadoop.security.UserGroupInformation.doAs(UserGroupInformation.java:1729)
	at org.apache.hadoop.ipc.Server$Handler.run(Server.java:2678)
Caused by: org.apache.hadoop.hdfs.server.namenode.SafeModeException: Cannot renew lease for DFSClient_NONMAPREDUCE_-743034832_1. Name node is in safe mode.
The reported blocks 144 has reached the threshold 0.9990 of total blocks 144. The number of live datanodes 3 has reached the minimum number 0. In safe mode extension. Safe mode will be turned off automatically in 6 seconds. NamenodeHostName:node-1-link-0
	at org.apache.hadoop.hdfs.server.namenode.FSNamesystem.newSafemodeException(FSNamesystem.java:1450)
	at org.apache.hadoop.hdfs.server.namenode.FSNamesystem.checkNameNodeSafeMode(FSNamesystem.java:1437)
	... 12 more
, while invoking ClientNamenodeProtocolTranslatorPB.renewLease over node-1-link-0/10.10.1.4:8020. Retrying after sleeping for 5701ms.
2019-02-19 23:51:35,370 INFO retry.RetryInvocationHandler: org.apache.hadoop.ipc.RemoteException(org.apache.hadoop.ipc.RetriableException): org.apache.hadoop.hdfs.server.namenode.SafeModeException: Cannot renew lease for DFSClient_NONMAPREDUCE_-743034832_1. Name node is in safe mode.
The reported blocks 144 has reached the threshold 0.9990 of total blocks 144. The number of live datanodes 3 has reached the minimum number 0. In safe mode extension. Safe mode will be turned off automatically in 0 seconds. NamenodeHostName:node-1-link-0
	at org.apache.hadoop.hdfs.server.namenode.FSNamesystem.checkNameNodeSafeMode(FSNamesystem.java:1441)
	at org.apache.hadoop.hdfs.server.namenode.FSNamesystem.renewLease(FSNamesystem.java:3744)
	at org.apache.hadoop.hdfs.server.namenode.NameNodeRpcServer.renewLease(NameNodeRpcServer.java:1134)
	at org.apache.hadoop.hdfs.protocolPB.ClientNamenodeProtocolServerSideTranslatorPB.renewLease(ClientNamenodeProtocolServerSideTranslatorPB.java:737)
	at org.apache.hadoop.hdfs.protocol.proto.ClientNamenodeProtocolProtos$ClientNamenodeProtocol$2.callBlockingMethod(ClientNamenodeProtocolProtos.java)
	at org.apache.hadoop.ipc.ProtobufRpcEngine$Server$ProtoBufRpcInvoker.call(ProtobufRpcEngine.java:523)
	at org.apache.hadoop.ipc.RPC$Server.call(RPC.java:991)
	at org.apache.hadoop.ipc.Server$RpcCall.run(Server.java:872)
	at org.apache.hadoop.ipc.Server$RpcCall.run(Server.java:818)
	at java.security.AccessController.doPrivileged(Native Method)
	at javax.security.auth.Subject.doAs(Subject.java:422)
	at org.apache.hadoop.security.UserGroupInformation.doAs(UserGroupInformation.java:1729)
	at org.apache.hadoop.ipc.Server$Handler.run(Server.java:2678)
Caused by: org.apache.hadoop.hdfs.server.namenode.SafeModeException: Cannot renew lease for DFSClient_NONMAPREDUCE_-743034832_1. Name node is in safe mode.
The reported blocks 144 has reached the threshold 0.9990 of total blocks 144. The number of live datanodes 3 has reached the minimum number 0. In safe mode extension. Safe mode will be turned off automatically in 0 seconds. NamenodeHostName:node-1-link-0
	at org.apache.hadoop.hdfs.server.namenode.FSNamesystem.newSafemodeException(FSNamesystem.java:1450)
	at org.apache.hadoop.hdfs.server.namenode.FSNamesystem.checkNameNodeSafeMode(FSNamesystem.java:1437)
	... 12 more
, while invoking ClientNamenodeProtocolTranslatorPB.renewLease over node-1-link-0/10.10.1.4:8020. Retrying after sleeping for 5914ms.
Found 20 items
-rw-r--r--   3 root supergroup 1073741824 2019-02-19 23:48 /myfile1
-rw-r--r--   3 root supergroup 1073741824 2019-02-19 23:48 /myfile10
-rw-r--r--   3 root supergroup  671088640 2019-02-19 23:51 /myfile11._COPYING_
-rw-r--r--   3 root supergroup 1073741824 2019-02-19 23:49 /myfile12
-rw-r--r--   3 root supergroup 1073741824 2019-02-19 23:52 /myfile13
-rw-r--r--   3 root supergroup 1073741824 2019-02-19 23:48 /myfile14
-rw-r--r--   3 root supergroup 1073741824 2019-02-19 23:48 /myfile15
-rw-r--r--   3 root supergroup 1073741824 2019-02-19 23:50 /myfile16
-rw-r--r--   3 root supergroup 1073741824 2019-02-19 23:48 /myfile17
-rw-r--r--   3 root supergroup  805306368 2019-02-19 23:51 /myfile18._COPYING_
-rw-r--r--   3 root supergroup 1073741824 2019-02-19 23:48 /myfile19
-rw-r--r--   3 root supergroup          0 2019-02-19 23:52 /myfile2._COPYING_
-rw-r--r--   3 root supergroup  402653184 2019-02-19 23:52 /myfile20._COPYING_
-rw-r--r--   3 root supergroup 1073741824 2019-02-19 23:48 /myfile3
-rw-r--r--   3 root supergroup 1073741824 2019-02-19 23:48 /myfile4
-rw-r--r--   3 root supergroup 1073741824 2019-02-19 23:48 /myfile5
-rw-r--r--   3 root supergroup 1073741824 2019-02-19 23:48 /myfile6
-rw-r--r--   3 root supergroup 1073741824 2019-02-19 23:49 /myfile7
-rw-r--r--   3 root supergroup 1073741824 2019-02-19 23:49 /myfile8
-rw-r--r--   3 root supergroup 1073741824 2019-02-19 23:52 /myfile9
file 9 has been put into HDFS
file 9 has been read from HDFS for 1 time
diff succeed!
file 9 has been read from HDFS for 2 time
diff succeed!
file 9 has been read from HDFS for 3 time
diff succeed!
file 9 has been read from HDFS for 4 time
diff succeed!
file 9 has been read from HDFS for 5 time
diff succeed!
file 9 has been read from HDFS for 6 time
diff succeed!
file 9 has been read from HDFS for 7 time
diff succeed!
file 9 has been read from HDFS for 8 time
diff succeed!
file 9 has been read from HDFS for 9 time
diff succeed!
file 9 has been read from HDFS for 10 time
diff succeed!
Deleted /myfile9
file 9 has been removed from HDFS
Found 20 items
-rw-r--r--   3 root supergroup 1073741824 2019-02-19 23:55 /myfile1
-rw-r--r--   3 root supergroup 1073741824 2019-02-19 23:53 /myfile10
-rw-r--r--   3 root supergroup          0 2019-02-19 23:57 /myfile11._COPYING_
-rw-r--r--   3 root supergroup 1073741824 2019-02-19 23:53 /myfile12
-rw-r--r--   3 root supergroup 1073741824 2019-02-19 23:56 /myfile13
-rw-r--r--   3 root supergroup 1073741824 2019-02-19 23:55 /myfile14
-rw-r--r--   3 root supergroup 1073741824 2019-02-19 23:53 /myfile15
-rw-r--r--   3 root supergroup  939524096 2019-02-19 23:56 /myfile16._COPYING_
-rw-r--r--   3 root supergroup 1073741824 2019-02-19 23:55 /myfile17
-rw-r--r--   3 root supergroup  939524096 2019-02-19 23:56 /myfile18._COPYING_
-rw-r--r--   3 root supergroup 1073741824 2019-02-19 23:53 /myfile19
-rw-r--r--   3 root supergroup 1073741824 2019-02-19 23:53 /myfile2
-rw-r--r--   3 root supergroup  402653184 2019-02-19 23:56 /myfile20._COPYING_
-rw-r--r--   3 root supergroup 1073741824 2019-02-19 23:53 /myfile3
-rw-r--r--   3 root supergroup 1073741824 2019-02-19 23:56 /myfile4
-rw-r--r--   3 root supergroup 1073741824 2019-02-19 23:55 /myfile5
-rw-r--r--   3 root supergroup 1073741824 2019-02-19 23:55 /myfile6
-rw-r--r--   3 root supergroup 1073741824 2019-02-19 23:55 /myfile7
-rw-r--r--   3 root supergroup 1073741824 2019-02-19 23:54 /myfile8
-rw-r--r--   3 root supergroup 1073741824 2019-02-19 23:57 /myfile9
file 9 has been put into HDFS
file 9 has been read from HDFS for 1 time
diff succeed!
file 9 has been read from HDFS for 2 time
diff succeed!
file 9 has been read from HDFS for 3 time
diff succeed!
file 9 has been read from HDFS for 4 time
diff succeed!
file 9 has been read from HDFS for 5 time
diff succeed!
file 9 has been read from HDFS for 6 time
diff succeed!
file 9 has been read from HDFS for 7 time
diff succeed!
file 9 has been read from HDFS for 8 time
diff succeed!
file 9 has been read from HDFS for 9 time
diff succeed!
file 9 has been read from HDFS for 10 time
diff succeed!
Deleted /myfile9
file 9 has been removed from HDFS
Found 20 items
-rw-r--r--   3 root supergroup 1073741824 2019-02-19 23:59 /myfile1
-rw-r--r--   3 root supergroup 1073741824 2019-02-19 23:58 /myfile10
-rw-r--r--   3 root supergroup          0 2019-02-20 00:01 /myfile11._COPYING_
-rw-r--r--   3 root supergroup 1073741824 2019-02-19 23:58 /myfile12
-rw-r--r--   3 root supergroup 1073741824 2019-02-20 00:00 /myfile13
-rw-r--r--   3 root supergroup 1073741824 2019-02-19 23:59 /myfile14
-rw-r--r--   3 root supergroup 1073741824 2019-02-19 23:58 /myfile15
-rw-r--r--   3 root supergroup 1073741824 2019-02-19 23:57 /myfile16
-rw-r--r--   3 root supergroup 1073741824 2019-02-19 23:59 /myfile17
-rw-r--r--   3 root supergroup          0 2019-02-20 00:01 /myfile18._COPYING_
-rw-r--r--   3 root supergroup 1073741824 2019-02-19 23:58 /myfile19
-rw-r--r--   3 root supergroup 1073741824 2019-02-19 23:57 /myfile2
-rw-r--r--   3 root supergroup          0 2019-02-20 00:01 /myfile20._COPYING_
-rw-r--r--   3 root supergroup 1073741824 2019-02-19 23:57 /myfile3
-rw-r--r--   3 root supergroup 1073741824 2019-02-20 00:00 /myfile4
-rw-r--r--   3 root supergroup 1073741824 2019-02-19 23:59 /myfile5
-rw-r--r--   3 root supergroup 1073741824 2019-02-19 23:59 /myfile6
-rw-r--r--   3 root supergroup 1073741824 2019-02-19 23:59 /myfile7
-rw-r--r--   3 root supergroup 1073741824 2019-02-19 23:58 /myfile8
-rw-r--r--   3 root supergroup 1073741824 2019-02-20 00:01 /myfile9
file 9 has been put into HDFS
file 9 has been read from HDFS for 1 time
diff succeed!
sub_benchmark 1 signal TERM catched and let quit gracefully
Deleted /myfile9
file 9 has been removed from HDFS
