Found 20 items
-rw-r--r--   3 root supergroup 1073741824 2019-02-27 13:53 /myfile1
-rw-r--r--   3 root supergroup 1073741824 2019-02-27 13:53 /myfile10
-rw-r--r--   3 root supergroup 1073741824 2019-02-27 13:53 /myfile11
-rw-r--r--   3 root supergroup 1073741824 2019-02-27 13:53 /myfile12
-rw-r--r--   3 root supergroup 1073741824 2019-02-27 13:53 /myfile13
-rw-r--r--   3 root supergroup 1073741824 2019-02-27 13:53 /myfile14
-rw-r--r--   3 root supergroup 1073741824 2019-02-27 13:53 /myfile15
-rw-r--r--   3 root supergroup 1073741824 2019-02-27 13:53 /myfile16
-rw-r--r--   3 root supergroup 1073741824 2019-02-27 13:53 /myfile17
-rw-r--r--   3 root supergroup 1073741824 2019-02-27 13:53 /myfile18
-rw-r--r--   3 root supergroup 1073741824 2019-02-27 13:53 /myfile19
-rw-r--r--   3 root supergroup 1073741824 2019-02-27 13:53 /myfile2
-rw-r--r--   3 root supergroup 1073741824 2019-02-27 13:53 /myfile20
-rw-r--r--   3 root supergroup 1073741824 2019-02-27 13:53 /myfile3
-rw-r--r--   3 root supergroup 1073741824 2019-02-27 13:53 /myfile4
-rw-r--r--   3 root supergroup 1073741824 2019-02-27 13:53 /myfile5
-rw-r--r--   3 root supergroup 1073741824 2019-02-27 13:53 /myfile6
-rw-r--r--   3 root supergroup 1073741824 2019-02-27 13:53 /myfile7
-rw-r--r--   3 root supergroup 1073741824 2019-02-27 13:53 /myfile8
-rw-r--r--   3 root supergroup 1073741824 2019-02-27 13:53 /myfile9
file 12 has been put into HDFS
file 12 has been read from HDFS for 1 time
diff succeed!
file 12 has been read from HDFS for 2 time
diff succeed!
file 12 has been read from HDFS for 3 time
diff succeed!
2019-02-27 13:54:46,847 INFO retry.RetryInvocationHandler: org.apache.hadoop.ipc.RemoteException(org.apache.hadoop.ipc.StandbyException): Operation category READ is not supported in state standby. Visit https://s.apache.org/sbnn-error
	at org.apache.hadoop.hdfs.server.namenode.ha.StandbyState.checkOperation(StandbyState.java:88)
	at org.apache.hadoop.hdfs.server.namenode.NameNode$NameNodeHAContext.checkOperation(NameNode.java:1952)
	at org.apache.hadoop.hdfs.server.namenode.FSNamesystem.checkOperation(FSNamesystem.java:1423)
	at org.apache.hadoop.hdfs.server.namenode.FSNamesystem.getFileInfo(FSNamesystem.java:3085)
	at org.apache.hadoop.hdfs.server.namenode.NameNodeRpcServer.getFileInfo(NameNodeRpcServer.java:1154)
	at org.apache.hadoop.hdfs.protocolPB.ClientNamenodeProtocolServerSideTranslatorPB.getFileInfo(ClientNamenodeProtocolServerSideTranslatorPB.java:966)
	at org.apache.hadoop.hdfs.protocol.proto.ClientNamenodeProtocolProtos$ClientNamenodeProtocol$2.callBlockingMethod(ClientNamenodeProtocolProtos.java)
	at org.apache.hadoop.ipc.ProtobufRpcEngine$Server$ProtoBufRpcInvoker.call(ProtobufRpcEngine.java:523)
	at org.apache.hadoop.ipc.RPC$Server.call(RPC.java:991)
	at org.apache.hadoop.ipc.Server$RpcCall.run(Server.java:872)
	at org.apache.hadoop.ipc.Server$RpcCall.run(Server.java:818)
	at java.security.AccessController.doPrivileged(Native Method)
	at javax.security.auth.Subject.doAs(Subject.java:422)
	at org.apache.hadoop.security.UserGroupInformation.doAs(UserGroupInformation.java:1729)
	at org.apache.hadoop.ipc.Server$Handler.run(Server.java:2678)
, while invoking ClientNamenodeProtocolTranslatorPB.getFileInfo over node-1-link-0/10.10.1.4:8020 after 1 failover attempts. Trying to failover after sleeping for 1270ms.
2019-02-27 13:54:48,122 INFO retry.RetryInvocationHandler: java.net.ConnectException: Call From clnode076.clemson.cloudlab.us/130.127.133.85 to node-0-link-0:8020 failed on connection exception: java.net.ConnectException: Connection refused; For more details see:  http://wiki.apache.org/hadoop/ConnectionRefused, while invoking ClientNamenodeProtocolTranslatorPB.getFileInfo over node-0-link-0/10.10.1.1:8020 after 2 failover attempts. Trying to failover after sleeping for 1493ms.
file 12 has been read from HDFS for 4 time
diff succeed!
file 12 has been read from HDFS for 5 time
diff succeed!
file 12 has been read from HDFS for 6 time
diff succeed!
file 12 has been read from HDFS for 7 time
diff succeed!
file 12 has been read from HDFS for 8 time
diff succeed!
file 12 has been read from HDFS for 9 time
diff succeed!
file 12 has been read from HDFS for 10 time
diff succeed!
Deleted /myfile12
file 12 has been removed from HDFS
Found 20 items
-rw-r--r--   3 root supergroup  402653184 2019-02-27 13:57 /myfile1._COPYING_
-rw-r--r--   3 root supergroup 1073741824 2019-02-27 13:58 /myfile10
-rw-r--r--   3 root supergroup  134217728 2019-02-27 13:58 /myfile11._COPYING_
-rw-r--r--   3 root supergroup 1073741824 2019-02-27 13:58 /myfile12
-rw-r--r--   3 root supergroup 1073741824 2019-02-27 13:58 /myfile13
-rw-r--r--   3 root supergroup 1073741824 2019-02-27 13:58 /myfile14
-rw-r--r--   3 root supergroup 1073741824 2019-02-27 13:58 /myfile15
-rw-r--r--   3 root supergroup 1073741824 2019-02-27 13:58 /myfile16
-rw-r--r--   3 root supergroup  805306368 2019-02-27 13:57 /myfile17._COPYING_
-rw-r--r--   3 root supergroup  939524096 2019-02-27 13:57 /myfile18._COPYING_
-rw-r--r--   3 root supergroup 1073741824 2019-02-27 13:58 /myfile19
-rw-r--r--   3 root supergroup 1073741824 2019-02-27 13:58 /myfile2
-rw-r--r--   3 root supergroup 1073741824 2019-02-27 13:58 /myfile20
-rw-r--r--   3 root supergroup  402653184 2019-02-27 13:57 /myfile3._COPYING_
-rw-r--r--   3 root supergroup  536870912 2019-02-27 13:57 /myfile4._COPYING_
-rw-r--r--   3 root supergroup  134217728 2019-02-27 13:58 /myfile5._COPYING_
-rw-r--r--   3 root supergroup 1073741824 2019-02-27 13:58 /myfile6
-rw-r--r--   3 root supergroup 1073741824 2019-02-27 13:58 /myfile7
-rw-r--r--   3 root supergroup 1073741824 2019-02-27 13:58 /myfile8
-rw-r--r--   3 root supergroup  402653184 2019-02-27 13:58 /myfile9._COPYING_
file 12 has been put into HDFS
file 12 has been read from HDFS for 1 time
diff succeed!
file 12 has been read from HDFS for 2 time
diff succeed!
file 12 has been read from HDFS for 3 time
diff succeed!
file 12 has been read from HDFS for 4 time
diff succeed!
file 12 has been read from HDFS for 5 time
diff succeed!
file 12 has been read from HDFS for 6 time
diff succeed!
file 12 has been read from HDFS for 7 time
diff succeed!
file 12 has been read from HDFS for 8 time
diff succeed!
file 12 has been read from HDFS for 9 time
diff succeed!
file 12 has been read from HDFS for 10 time
diff succeed!
Deleted /myfile12
file 12 has been removed from HDFS
Found 19 items
-rw-r--r--   3 root supergroup 1073741824 2019-02-27 13:58 /myfile1
-rw-r--r--   3 root supergroup 1073741824 2019-02-27 14:03 /myfile10
-rw-r--r--   3 root supergroup  939524096 2019-02-27 14:02 /myfile11._COPYING_
-rw-r--r--   3 root supergroup 1073741824 2019-02-27 14:03 /myfile12
-rw-r--r--   3 root supergroup 1073741824 2019-02-27 14:03 /myfile13
-rw-r--r--   3 root supergroup 1073741824 2019-02-27 14:03 /myfile14
-rw-r--r--   3 root supergroup  939524096 2019-02-27 14:02 /myfile15._COPYING_
-rw-r--r--   3 root supergroup 1073741824 2019-02-27 14:03 /myfile16
-rw-r--r--   3 root supergroup  939524096 2019-02-27 14:02 /myfile17._COPYING_
-rw-r--r--   3 root supergroup 1073741824 2019-02-27 14:02 /myfile18
-rw-r--r--   3 root supergroup 1073741824 2019-02-27 14:03 /myfile19
-rw-r--r--   3 root supergroup 1073741824 2019-02-27 14:02 /myfile2
-rw-r--r--   3 root supergroup  805306368 2019-02-27 14:02 /myfile20._COPYING_
-rw-r--r--   3 root supergroup  939524096 2019-02-27 14:02 /myfile3._COPYING_
-rw-r--r--   3 root supergroup 1073741824 2019-02-27 14:03 /myfile4
-rw-r--r--   3 root supergroup 1073741824 2019-02-27 14:03 /myfile6
-rw-r--r--   3 root supergroup 1073741824 2019-02-27 14:03 /myfile7
-rw-r--r--   3 root supergroup 1073741824 2019-02-27 14:02 /myfile8
-rw-r--r--   3 root supergroup  268435456 2019-02-27 14:02 /myfile9._COPYING_
file 12 has been put into HDFS
file 12 has been read from HDFS for 1 time
diff succeed!
file 12 has been read from HDFS for 2 time
diff succeed!
file 12 has been read from HDFS for 3 time
diff succeed!
file 12 has been read from HDFS for 4 time
diff succeed!
file 12 has been read from HDFS for 5 time
diff succeed!
file 12 has been read from HDFS for 6 time
diff succeed!
file 12 has been read from HDFS for 7 time
diff succeed!
file 12 has been read from HDFS for 8 time
diff succeed!
file 12 has been read from HDFS for 9 time
diff succeed!
file 12 has been read from HDFS for 10 time
diff succeed!
Deleted /myfile12
file 12 has been removed from HDFS
Found 20 items
-rw-r--r--   3 root supergroup  134217728 2019-02-27 14:08 /myfile1._COPYING_
-rw-r--r--   3 root supergroup 1073741824 2019-02-27 14:08 /myfile10
-rw-r--r--   3 root supergroup  939524096 2019-02-27 14:07 /myfile11._COPYING_
-rw-r--r--   3 root supergroup 1073741824 2019-02-27 14:08 /myfile12
-rw-r--r--   3 root supergroup  402653184 2019-02-27 14:08 /myfile13._COPYING_
-rw-r--r--   3 root supergroup 1073741824 2019-02-27 14:08 /myfile14
-rw-r--r--   3 root supergroup 1073741824 2019-02-27 14:08 /myfile15
-rw-r--r--   3 root supergroup 1073741824 2019-02-27 14:03 /myfile16
-rw-r--r--   3 root supergroup 1073741824 2019-02-27 14:03 /myfile17
-rw-r--r--   3 root supergroup 1073741824 2019-02-27 14:08 /myfile18
-rw-r--r--   3 root supergroup 1073741824 2019-02-27 14:08 /myfile19
-rw-r--r--   3 root supergroup 1073741824 2019-02-27 14:08 /myfile2
-rw-r--r--   3 root supergroup 1073741824 2019-02-27 14:08 /myfile20
-rw-r--r--   3 root supergroup 1073741824 2019-02-27 14:03 /myfile3
-rw-r--r--   3 root supergroup 1073741824 2019-02-27 14:08 /myfile4
-rw-r--r--   3 root supergroup  805306368 2019-02-27 14:08 /myfile5._COPYING_
-rw-r--r--   3 root supergroup 1073741824 2019-02-27 14:08 /myfile6
-rw-r--r--   3 root supergroup  536870912 2019-02-27 14:08 /myfile7._COPYING_
-rw-r--r--   3 root supergroup  939524096 2019-02-27 14:07 /myfile8._COPYING_
-rw-r--r--   3 root supergroup  939524096 2019-02-27 14:07 /myfile9._COPYING_
file 12 has been put into HDFS
file 12 has been read from HDFS for 1 time
diff succeed!
file 12 has been read from HDFS for 2 time
diff succeed!
file 12 has been read from HDFS for 3 time
diff succeed!
file 12 has been read from HDFS for 4 time
diff succeed!
file 12 has been read from HDFS for 5 time
diff succeed!
file 12 has been read from HDFS for 6 time
diff succeed!
file 12 has been read from HDFS for 7 time
diff succeed!
file 12 has been read from HDFS for 8 time
diff succeed!
file 12 has been read from HDFS for 9 time
diff succeed!
file 12 has been read from HDFS for 10 time
diff succeed!
Deleted /myfile12
file 12 has been removed from HDFS
Found 19 items
-rw-r--r--   3 root supergroup  268435456 2019-02-27 14:12 /myfile10._COPYING_
-rw-r--r--   3 root supergroup  805306368 2019-02-27 14:12 /myfile11._COPYING_
-rw-r--r--   3 root supergroup 1073741824 2019-02-27 14:12 /myfile12
-rw-r--r--   3 root supergroup  402653184 2019-02-27 14:12 /myfile13._COPYING_
-rw-r--r--   3 root supergroup  402653184 2019-02-27 14:12 /myfile14._COPYING_
-rw-r--r--   3 root supergroup  671088640 2019-02-27 14:12 /myfile15._COPYING_
-rw-r--r--   3 root supergroup 1073741824 2019-02-27 14:09 /myfile16
-rw-r--r--   3 root supergroup 1073741824 2019-02-27 14:10 /myfile17
-rw-r--r--   3 root supergroup  671088640 2019-02-27 14:12 /myfile18._COPYING_
-rw-r--r--   3 root supergroup  402653184 2019-02-27 14:12 /myfile19._COPYING_
-rw-r--r--   3 root supergroup 1073741824 2019-02-27 14:12 /myfile2
-rw-r--r--   3 root supergroup 1073741824 2019-02-27 14:12 /myfile20
-rw-r--r--   3 root supergroup 1073741824 2019-02-27 14:09 /myfile3
-rw-r--r--   3 root supergroup  402653184 2019-02-27 14:12 /myfile4._COPYING_
-rw-r--r--   3 root supergroup 1073741824 2019-02-27 14:12 /myfile5
-rw-r--r--   3 root supergroup  402653184 2019-02-27 14:12 /myfile6._COPYING_
-rw-r--r--   3 root supergroup  402653184 2019-02-27 14:12 /myfile7._COPYING_
-rw-r--r--   3 root supergroup 1073741824 2019-02-27 14:12 /myfile8
-rw-r--r--   3 root supergroup 1073741824 2019-02-27 14:12 /myfile9
file 12 has been put into HDFS
file 12 has been read from HDFS for 1 time
diff succeed!
file 12 has been read from HDFS for 2 time
diff succeed!
file 12 has been read from HDFS for 3 time
diff succeed!
file 12 has been read from HDFS for 4 time
diff succeed!
file 12 has been read from HDFS for 5 time
diff succeed!
file 12 has been read from HDFS for 6 time
diff succeed!
file 12 has been read from HDFS for 7 time
diff succeed!
file 12 has been read from HDFS for 8 time
diff succeed!
file 12 has been read from HDFS for 9 time
diff succeed!
file 12 has been read from HDFS for 10 time
diff succeed!
2019-02-27 14:16:54,894 INFO retry.RetryInvocationHandler: org.apache.hadoop.ipc.RemoteException(org.apache.hadoop.ipc.StandbyException): Operation category READ is not supported in state standby. Visit https://s.apache.org/sbnn-error
	at org.apache.hadoop.hdfs.server.namenode.ha.StandbyState.checkOperation(StandbyState.java:88)
	at org.apache.hadoop.hdfs.server.namenode.NameNode$NameNodeHAContext.checkOperation(NameNode.java:1952)
	at org.apache.hadoop.hdfs.server.namenode.FSNamesystem.checkOperation(FSNamesystem.java:1423)
	at org.apache.hadoop.hdfs.server.namenode.FSNamesystem.getFileInfo(FSNamesystem.java:3085)
	at org.apache.hadoop.hdfs.server.namenode.NameNodeRpcServer.getFileInfo(NameNodeRpcServer.java:1154)
	at org.apache.hadoop.hdfs.protocolPB.ClientNamenodeProtocolServerSideTranslatorPB.getFileInfo(ClientNamenodeProtocolServerSideTranslatorPB.java:966)
	at org.apache.hadoop.hdfs.protocol.proto.ClientNamenodeProtocolProtos$ClientNamenodeProtocol$2.callBlockingMethod(ClientNamenodeProtocolProtos.java)
	at org.apache.hadoop.ipc.ProtobufRpcEngine$Server$ProtoBufRpcInvoker.call(ProtobufRpcEngine.java:523)
	at org.apache.hadoop.ipc.RPC$Server.call(RPC.java:991)
	at org.apache.hadoop.ipc.Server$RpcCall.run(Server.java:872)
	at org.apache.hadoop.ipc.Server$RpcCall.run(Server.java:818)
	at java.security.AccessController.doPrivileged(Native Method)
	at javax.security.auth.Subject.doAs(Subject.java:422)
	at org.apache.hadoop.security.UserGroupInformation.doAs(UserGroupInformation.java:1729)
	at org.apache.hadoop.ipc.Server$Handler.run(Server.java:2678)
, while invoking ClientNamenodeProtocolTranslatorPB.getFileInfo over node-1-link-0/10.10.1.4:8020 after 1 failover attempts. Trying to failover after sleeping for 1410ms.
2019-02-27 14:16:56,307 INFO retry.RetryInvocationHandler: java.net.ConnectException: Call From clnode076.clemson.cloudlab.us/130.127.133.85 to node-0-link-0:8020 failed on connection exception: java.net.ConnectException: Connection refused; For more details see:  http://wiki.apache.org/hadoop/ConnectionRefused, while invoking ClientNamenodeProtocolTranslatorPB.getFileInfo over node-0-link-0/10.10.1.1:8020 after 2 failover attempts. Trying to failover after sleeping for 2192ms.
2019-02-27 14:16:58,588 INFO retry.RetryInvocationHandler: org.apache.hadoop.ipc.RemoteException(org.apache.hadoop.ipc.RetriableException): org.apache.hadoop.hdfs.server.namenode.SafeModeException: Cannot delete /myfile12. Name node is in safe mode.
The reported blocks 144 has reached the threshold 0.9990 of total blocks 144. The number of live datanodes 3 has reached the minimum number 0. In safe mode extension. Safe mode will be turned off automatically in 9 seconds. NamenodeHostName:node-1-link-0
	at org.apache.hadoop.hdfs.server.namenode.FSNamesystem.checkNameNodeSafeMode(FSNamesystem.java:1441)
	at org.apache.hadoop.hdfs.server.namenode.FSNamesystem.delete(FSNamesystem.java:2986)
	at org.apache.hadoop.hdfs.server.namenode.NameNodeRpcServer.delete(NameNodeRpcServer.java:1095)
	at org.apache.hadoop.hdfs.protocolPB.ClientNamenodeProtocolServerSideTranslatorPB.delete(ClientNamenodeProtocolServerSideTranslatorPB.java:692)
	at org.apache.hadoop.hdfs.protocol.proto.ClientNamenodeProtocolProtos$ClientNamenodeProtocol$2.callBlockingMethod(ClientNamenodeProtocolProtos.java)
	at org.apache.hadoop.ipc.ProtobufRpcEngine$Server$ProtoBufRpcInvoker.call(ProtobufRpcEngine.java:523)
	at org.apache.hadoop.ipc.RPC$Server.call(RPC.java:991)
	at org.apache.hadoop.ipc.Server$RpcCall.run(Server.java:872)
	at org.apache.hadoop.ipc.Server$RpcCall.run(Server.java:818)
	at java.security.AccessController.doPrivileged(Native Method)
	at javax.security.auth.Subject.doAs(Subject.java:422)
	at org.apache.hadoop.security.UserGroupInformation.doAs(UserGroupInformation.java:1729)
	at org.apache.hadoop.ipc.Server$Handler.run(Server.java:2678)
Caused by: org.apache.hadoop.hdfs.server.namenode.SafeModeException: Cannot delete /myfile12. Name node is in safe mode.
The reported blocks 144 has reached the threshold 0.9990 of total blocks 144. The number of live datanodes 3 has reached the minimum number 0. In safe mode extension. Safe mode will be turned off automatically in 9 seconds. NamenodeHostName:node-1-link-0
	at org.apache.hadoop.hdfs.server.namenode.FSNamesystem.newSafemodeException(FSNamesystem.java:1450)
	at org.apache.hadoop.hdfs.server.namenode.FSNamesystem.checkNameNodeSafeMode(FSNamesystem.java:1437)
	... 12 more
, while invoking ClientNamenodeProtocolTranslatorPB.delete over node-1-link-0/10.10.1.4:8020. Retrying immediately.
2019-02-27 14:16:58,593 INFO retry.RetryInvocationHandler: org.apache.hadoop.ipc.RemoteException(org.apache.hadoop.ipc.RetriableException): org.apache.hadoop.hdfs.server.namenode.SafeModeException: Cannot delete /myfile12. Name node is in safe mode.
The reported blocks 144 has reached the threshold 0.9990 of total blocks 144. The number of live datanodes 3 has reached the minimum number 0. In safe mode extension. Safe mode will be turned off automatically in 9 seconds. NamenodeHostName:node-1-link-0
	at org.apache.hadoop.hdfs.server.namenode.FSNamesystem.checkNameNodeSafeMode(FSNamesystem.java:1441)
	at org.apache.hadoop.hdfs.server.namenode.FSNamesystem.delete(FSNamesystem.java:2986)
	at org.apache.hadoop.hdfs.server.namenode.NameNodeRpcServer.delete(NameNodeRpcServer.java:1095)
	at org.apache.hadoop.hdfs.protocolPB.ClientNamenodeProtocolServerSideTranslatorPB.delete(ClientNamenodeProtocolServerSideTranslatorPB.java:692)
	at org.apache.hadoop.hdfs.protocol.proto.ClientNamenodeProtocolProtos$ClientNamenodeProtocol$2.callBlockingMethod(ClientNamenodeProtocolProtos.java)
	at org.apache.hadoop.ipc.ProtobufRpcEngine$Server$ProtoBufRpcInvoker.call(ProtobufRpcEngine.java:523)
	at org.apache.hadoop.ipc.RPC$Server.call(RPC.java:991)
	at org.apache.hadoop.ipc.Server$RpcCall.run(Server.java:872)
	at org.apache.hadoop.ipc.Server$RpcCall.run(Server.java:818)
	at java.security.AccessController.doPrivileged(Native Method)
	at javax.security.auth.Subject.doAs(Subject.java:422)
	at org.apache.hadoop.security.UserGroupInformation.doAs(UserGroupInformation.java:1729)
	at org.apache.hadoop.ipc.Server$Handler.run(Server.java:2678)
Caused by: org.apache.hadoop.hdfs.server.namenode.SafeModeException: Cannot delete /myfile12. Name node is in safe mode.
The reported blocks 144 has reached the threshold 0.9990 of total blocks 144. The number of live datanodes 3 has reached the minimum number 0. In safe mode extension. Safe mode will be turned off automatically in 9 seconds. NamenodeHostName:node-1-link-0
	at org.apache.hadoop.hdfs.server.namenode.FSNamesystem.newSafemodeException(FSNamesystem.java:1450)
	at org.apache.hadoop.hdfs.server.namenode.FSNamesystem.checkNameNodeSafeMode(FSNamesystem.java:1437)
	... 12 more
, while invoking ClientNamenodeProtocolTranslatorPB.delete over node-1-link-0/10.10.1.4:8020. Retrying after sleeping for 1327ms.
2019-02-27 14:16:59,923 INFO retry.RetryInvocationHandler: org.apache.hadoop.ipc.RemoteException(org.apache.hadoop.ipc.RetriableException): org.apache.hadoop.hdfs.server.namenode.SafeModeException: Cannot delete /myfile12. Name node is in safe mode.
The reported blocks 144 has reached the threshold 0.9990 of total blocks 144. The number of live datanodes 3 has reached the minimum number 0. In safe mode extension. Safe mode will be turned off automatically in 8 seconds. NamenodeHostName:node-1-link-0
	at org.apache.hadoop.hdfs.server.namenode.FSNamesystem.checkNameNodeSafeMode(FSNamesystem.java:1441)
	at org.apache.hadoop.hdfs.server.namenode.FSNamesystem.delete(FSNamesystem.java:2986)
	at org.apache.hadoop.hdfs.server.namenode.NameNodeRpcServer.delete(NameNodeRpcServer.java:1095)
	at org.apache.hadoop.hdfs.protocolPB.ClientNamenodeProtocolServerSideTranslatorPB.delete(ClientNamenodeProtocolServerSideTranslatorPB.java:692)
	at org.apache.hadoop.hdfs.protocol.proto.ClientNamenodeProtocolProtos$ClientNamenodeProtocol$2.callBlockingMethod(ClientNamenodeProtocolProtos.java)
	at org.apache.hadoop.ipc.ProtobufRpcEngine$Server$ProtoBufRpcInvoker.call(ProtobufRpcEngine.java:523)
	at org.apache.hadoop.ipc.RPC$Server.call(RPC.java:991)
	at org.apache.hadoop.ipc.Server$RpcCall.run(Server.java:872)
	at org.apache.hadoop.ipc.Server$RpcCall.run(Server.java:818)
	at java.security.AccessController.doPrivileged(Native Method)
	at javax.security.auth.Subject.doAs(Subject.java:422)
	at org.apache.hadoop.security.UserGroupInformation.doAs(UserGroupInformation.java:1729)
	at org.apache.hadoop.ipc.Server$Handler.run(Server.java:2678)
Caused by: org.apache.hadoop.hdfs.server.namenode.SafeModeException: Cannot delete /myfile12. Name node is in safe mode.
The reported blocks 144 has reached the threshold 0.9990 of total blocks 144. The number of live datanodes 3 has reached the minimum number 0. In safe mode extension. Safe mode will be turned off automatically in 8 seconds. NamenodeHostName:node-1-link-0
	at org.apache.hadoop.hdfs.server.namenode.FSNamesystem.newSafemodeException(FSNamesystem.java:1450)
	at org.apache.hadoop.hdfs.server.namenode.FSNamesystem.checkNameNodeSafeMode(FSNamesystem.java:1437)
	... 12 more
, while invoking ClientNamenodeProtocolTranslatorPB.delete over node-1-link-0/10.10.1.4:8020. Retrying after sleeping for 1618ms.
2019-02-27 14:17:01,545 INFO retry.RetryInvocationHandler: org.apache.hadoop.ipc.RemoteException(org.apache.hadoop.ipc.RetriableException): org.apache.hadoop.hdfs.server.namenode.SafeModeException: Cannot delete /myfile12. Name node is in safe mode.
The reported blocks 144 has reached the threshold 0.9990 of total blocks 144. The number of live datanodes 3 has reached the minimum number 0. In safe mode extension. Safe mode will be turned off automatically in 6 seconds. NamenodeHostName:node-1-link-0
	at org.apache.hadoop.hdfs.server.namenode.FSNamesystem.checkNameNodeSafeMode(FSNamesystem.java:1441)
	at org.apache.hadoop.hdfs.server.namenode.FSNamesystem.delete(FSNamesystem.java:2986)
	at org.apache.hadoop.hdfs.server.namenode.NameNodeRpcServer.delete(NameNodeRpcServer.java:1095)
	at org.apache.hadoop.hdfs.protocolPB.ClientNamenodeProtocolServerSideTranslatorPB.delete(ClientNamenodeProtocolServerSideTranslatorPB.java:692)
	at org.apache.hadoop.hdfs.protocol.proto.ClientNamenodeProtocolProtos$ClientNamenodeProtocol$2.callBlockingMethod(ClientNamenodeProtocolProtos.java)
	at org.apache.hadoop.ipc.ProtobufRpcEngine$Server$ProtoBufRpcInvoker.call(ProtobufRpcEngine.java:523)
	at org.apache.hadoop.ipc.RPC$Server.call(RPC.java:991)
	at org.apache.hadoop.ipc.Server$RpcCall.run(Server.java:872)
	at org.apache.hadoop.ipc.Server$RpcCall.run(Server.java:818)
	at java.security.AccessController.doPrivileged(Native Method)
	at javax.security.auth.Subject.doAs(Subject.java:422)
	at org.apache.hadoop.security.UserGroupInformation.doAs(UserGroupInformation.java:1729)
	at org.apache.hadoop.ipc.Server$Handler.run(Server.java:2678)
Caused by: org.apache.hadoop.hdfs.server.namenode.SafeModeException: Cannot delete /myfile12. Name node is in safe mode.
The reported blocks 144 has reached the threshold 0.9990 of total blocks 144. The number of live datanodes 3 has reached the minimum number 0. In safe mode extension. Safe mode will be turned off automatically in 6 seconds. NamenodeHostName:node-1-link-0
	at org.apache.hadoop.hdfs.server.namenode.FSNamesystem.newSafemodeException(FSNamesystem.java:1450)
	at org.apache.hadoop.hdfs.server.namenode.FSNamesystem.checkNameNodeSafeMode(FSNamesystem.java:1437)
	... 12 more
, while invoking ClientNamenodeProtocolTranslatorPB.delete over node-1-link-0/10.10.1.4:8020. Retrying after sleeping for 3472ms.
2019-02-27 14:17:05,022 INFO retry.RetryInvocationHandler: org.apache.hadoop.ipc.RemoteException(org.apache.hadoop.ipc.RetriableException): org.apache.hadoop.hdfs.server.namenode.SafeModeException: Cannot delete /myfile12. Name node is in safe mode.
The reported blocks 144 has reached the threshold 0.9990 of total blocks 144. The number of live datanodes 3 has reached the minimum number 0. In safe mode extension. Safe mode will be turned off automatically in 3 seconds. NamenodeHostName:node-1-link-0
	at org.apache.hadoop.hdfs.server.namenode.FSNamesystem.checkNameNodeSafeMode(FSNamesystem.java:1441)
	at org.apache.hadoop.hdfs.server.namenode.FSNamesystem.delete(FSNamesystem.java:2986)
	at org.apache.hadoop.hdfs.server.namenode.NameNodeRpcServer.delete(NameNodeRpcServer.java:1095)
	at org.apache.hadoop.hdfs.protocolPB.ClientNamenodeProtocolServerSideTranslatorPB.delete(ClientNamenodeProtocolServerSideTranslatorPB.java:692)
	at org.apache.hadoop.hdfs.protocol.proto.ClientNamenodeProtocolProtos$ClientNamenodeProtocol$2.callBlockingMethod(ClientNamenodeProtocolProtos.java)
	at org.apache.hadoop.ipc.ProtobufRpcEngine$Server$ProtoBufRpcInvoker.call(ProtobufRpcEngine.java:523)
	at org.apache.hadoop.ipc.RPC$Server.call(RPC.java:991)
	at org.apache.hadoop.ipc.Server$RpcCall.run(Server.java:872)
	at org.apache.hadoop.ipc.Server$RpcCall.run(Server.java:818)
	at java.security.AccessController.doPrivileged(Native Method)
	at javax.security.auth.Subject.doAs(Subject.java:422)
	at org.apache.hadoop.security.UserGroupInformation.doAs(UserGroupInformation.java:1729)
	at org.apache.hadoop.ipc.Server$Handler.run(Server.java:2678)
Caused by: org.apache.hadoop.hdfs.server.namenode.SafeModeException: Cannot delete /myfile12. Name node is in safe mode.
The reported blocks 144 has reached the threshold 0.9990 of total blocks 144. The number of live datanodes 3 has reached the minimum number 0. In safe mode extension. Safe mode will be turned off automatically in 3 seconds. NamenodeHostName:node-1-link-0
	at org.apache.hadoop.hdfs.server.namenode.FSNamesystem.newSafemodeException(FSNamesystem.java:1450)
	at org.apache.hadoop.hdfs.server.namenode.FSNamesystem.checkNameNodeSafeMode(FSNamesystem.java:1437)
	... 12 more
, while invoking ClientNamenodeProtocolTranslatorPB.delete over node-1-link-0/10.10.1.4:8020. Retrying after sleeping for 8745ms.
Deleted /myfile12
file 12 has been removed from HDFS
Found 20 items
-rw-r--r--   3 root supergroup 1073741824 2019-02-27 14:17 /myfile1
-rw-r--r--   3 root supergroup  805306368 2019-02-27 14:17 /myfile10._COPYING_
-rw-r--r--   3 root supergroup  536870912 2019-02-27 14:17 /myfile11._COPYING_
-rw-r--r--   3 root supergroup 1073741824 2019-02-27 14:17 /myfile12
-rw-r--r--   3 root supergroup  805306368 2019-02-27 14:17 /myfile13._COPYING_
-rw-r--r--   3 root supergroup          0 2019-02-27 14:17 /myfile14._COPYING_
-rw-r--r--   3 root supergroup 1073741824 2019-02-27 14:17 /myfile15
-rw-r--r--   3 root supergroup 1073741824 2019-02-27 14:14 /myfile16
-rw-r--r--   3 root supergroup 1073741824 2019-02-27 14:15 /myfile17
-rw-r--r--   3 root supergroup 1073741824 2019-02-27 14:17 /myfile18
-rw-r--r--   3 root supergroup 1073741824 2019-02-27 14:17 /myfile19
-rw-r--r--   3 root supergroup 1073741824 2019-02-27 14:17 /myfile2
-rw-r--r--   3 root supergroup  671088640 2019-02-27 14:17 /myfile20._COPYING_
-rw-r--r--   3 root supergroup 1073741824 2019-02-27 14:14 /myfile3
-rw-r--r--   3 root supergroup 1073741824 2019-02-27 14:17 /myfile4
-rw-r--r--   3 root supergroup  671088640 2019-02-27 14:17 /myfile5._COPYING_
-rw-r--r--   3 root supergroup 1073741824 2019-02-27 14:17 /myfile6
-rw-r--r--   3 root supergroup 1073741824 2019-02-27 14:17 /myfile7
-rw-r--r--   3 root supergroup 1073741824 2019-02-27 14:17 /myfile8
-rw-r--r--   3 root supergroup 1073741824 2019-02-27 14:17 /myfile9
file 12 has been put into HDFS
file 12 has been read from HDFS for 1 time
diff succeed!
file 12 has been read from HDFS for 2 time
diff succeed!
file 12 has been read from HDFS for 3 time
diff succeed!
file 12 has been read from HDFS for 4 time
diff succeed!
file 12 has been read from HDFS for 5 time
diff succeed!
file 12 has been read from HDFS for 6 time
diff succeed!
file 12 has been read from HDFS for 7 time
diff succeed!
file 12 has been read from HDFS for 8 time
diff succeed!
file 12 has been read from HDFS for 9 time
diff succeed!
file 12 has been read from HDFS for 10 time
diff succeed!
Deleted /myfile12
file 12 has been removed from HDFS
Found 17 items
-rw-r--r--   3 root supergroup  402653184 2019-02-27 14:22 /myfile1._COPYING_
-rw-r--r--   3 root supergroup 1073741824 2019-02-27 14:18 /myfile10
-rw-r--r--   3 root supergroup 1073741824 2019-02-27 14:22 /myfile12
-rw-r--r--   3 root supergroup  402653184 2019-02-27 14:22 /myfile13._COPYING_
-rw-r--r--   3 root supergroup 1073741824 2019-02-27 14:18 /myfile14
-rw-r--r--   3 root supergroup 1073741824 2019-02-27 14:22 /myfile15
-rw-r--r--   3 root supergroup 1073741824 2019-02-27 14:18 /myfile16
-rw-r--r--   3 root supergroup 1073741824 2019-02-27 14:20 /myfile17
-rw-r--r--   3 root supergroup 1073741824 2019-02-27 14:22 /myfile18
-rw-r--r--   3 root supergroup 1073741824 2019-02-27 14:17 /myfile19
-rw-r--r--   3 root supergroup 1073741824 2019-02-27 14:18 /myfile20
-rw-r--r--   3 root supergroup 1073741824 2019-02-27 14:19 /myfile3
-rw-r--r--   3 root supergroup 1073741824 2019-02-27 14:22 /myfile4
-rw-r--r--   3 root supergroup 1073741824 2019-02-27 14:18 /myfile5
-rw-r--r--   3 root supergroup 1073741824 2019-02-27 14:21 /myfile6
-rw-r--r--   3 root supergroup 1073741824 2019-02-27 14:17 /myfile8
-rw-r--r--   3 root supergroup  536870912 2019-02-27 14:22 /myfile9._COPYING_
file 12 has been put into HDFS
file 12 has been read from HDFS for 1 time
diff succeed!
file 12 has been read from HDFS for 2 time
diff succeed!
file 12 has been read from HDFS for 3 time
diff succeed!
file 12 has been read from HDFS for 4 time
diff succeed!
file 12 has been read from HDFS for 5 time
diff succeed!
file 12 has been read from HDFS for 6 time
diff succeed!
file 12 has been read from HDFS for 7 time
diff succeed!
file 12 has been read from HDFS for 8 time
diff succeed!
file 12 has been read from HDFS for 9 time
diff succeed!
file 12 has been read from HDFS for 10 time
diff succeed!
Deleted /myfile12
file 12 has been removed from HDFS
Found 18 items
-rw-r--r--   3 root supergroup 1073741824 2019-02-27 14:26 /myfile1
-rw-r--r--   3 root supergroup 1073741824 2019-02-27 14:23 /myfile10
-rw-r--r--   3 root supergroup 1073741824 2019-02-27 14:22 /myfile11
-rw-r--r--   3 root supergroup 1073741824 2019-02-27 14:26 /myfile12
-rw-r--r--   3 root supergroup 1073741824 2019-02-27 14:26 /myfile13
-rw-r--r--   3 root supergroup 1073741824 2019-02-27 14:23 /myfile14
-rw-r--r--   3 root supergroup 1073741824 2019-02-27 14:25 /myfile15
-rw-r--r--   3 root supergroup 1073741824 2019-02-27 14:23 /myfile16
-rw-r--r--   3 root supergroup 1073741824 2019-02-27 14:24 /myfile17
-rw-r--r--   3 root supergroup 1073741824 2019-02-27 14:23 /myfile19
-rw-r--r--   3 root supergroup 1073741824 2019-02-27 14:22 /myfile2
-rw-r--r--   3 root supergroup 1073741824 2019-02-27 14:22 /myfile20
-rw-r--r--   3 root supergroup 1073741824 2019-02-27 14:23 /myfile3
-rw-r--r--   3 root supergroup 1073741824 2019-02-27 14:25 /myfile4
-rw-r--r--   3 root supergroup 1073741824 2019-02-27 14:23 /myfile5
-rw-r--r--   3 root supergroup 1073741824 2019-02-27 14:25 /myfile6
-rw-r--r--   3 root supergroup 1073741824 2019-02-27 14:23 /myfile8
-rw-r--r--   3 root supergroup 1073741824 2019-02-27 14:26 /myfile9
file 12 has been put into HDFS
file 12 has been read from HDFS for 1 time
diff succeed!
file 12 has been read from HDFS for 2 time
diff succeed!
file 12 has been read from HDFS for 3 time
diff succeed!
file 12 has been read from HDFS for 4 time
diff succeed!
file 12 has been read from HDFS for 5 time
diff succeed!
file 12 has been read from HDFS for 6 time
diff succeed!
file 12 has been read from HDFS for 7 time
diff succeed!
file 12 has been read from HDFS for 8 time
diff succeed!
file 12 has been read from HDFS for 9 time
diff succeed!
file 12 has been read from HDFS for 10 time
diff succeed!
Deleted /myfile12
file 12 has been removed from HDFS
Found 17 items
-rw-r--r--   3 root supergroup 1073741824 2019-02-27 14:29 /myfile1
-rw-r--r--   3 root supergroup 1073741824 2019-02-27 14:27 /myfile11
-rw-r--r--   3 root supergroup 1073741824 2019-02-27 14:30 /myfile12
-rw-r--r--   3 root supergroup 1073741824 2019-02-27 14:29 /myfile13
-rw-r--r--   3 root supergroup 1073741824 2019-02-27 14:27 /myfile14
-rw-r--r--   3 root supergroup 1073741824 2019-02-27 14:29 /myfile15
-rw-r--r--   3 root supergroup 1073741824 2019-02-27 14:27 /myfile16
-rw-r--r--   3 root supergroup 1073741824 2019-02-27 14:29 /myfile17
-rw-r--r--   3 root supergroup 1073741824 2019-02-27 14:26 /myfile18
-rw-r--r--   3 root supergroup 1073741824 2019-02-27 14:26 /myfile20
-rw-r--r--   3 root supergroup 1073741824 2019-02-27 14:27 /myfile3
-rw-r--r--   3 root supergroup 1073741824 2019-02-27 14:29 /myfile4
-rw-r--r--   3 root supergroup 1073741824 2019-02-27 14:27 /myfile5
-rw-r--r--   3 root supergroup 1073741824 2019-02-27 14:30 /myfile6
-rw-r--r--   3 root supergroup 1073741824 2019-02-27 14:31 /myfile7
-rw-r--r--   3 root supergroup 1073741824 2019-02-27 14:31 /myfile8
-rw-r--r--   3 root supergroup 1073741824 2019-02-27 14:29 /myfile9
file 12 has been put into HDFS
file 12 has been read from HDFS for 1 time
diff succeed!
file 12 has been read from HDFS for 2 time
diff succeed!
file 12 has been read from HDFS for 3 time
diff succeed!
file 12 has been read from HDFS for 4 time
diff succeed!
file 12 has been read from HDFS for 5 time
diff succeed!
file 12 has been read from HDFS for 6 time
diff succeed!
file 12 has been read from HDFS for 7 time
diff succeed!
file 12 has been read from HDFS for 8 time
diff succeed!
file 12 has been read from HDFS for 9 time
diff succeed!
file 12 has been read from HDFS for 10 time
diff succeed!
Deleted /myfile12
file 12 has been removed from HDFS
Found 18 items
-rw-r--r--   3 root supergroup 1073741824 2019-02-27 14:34 /myfile1
-rw-r--r--   3 root supergroup 1073741824 2019-02-27 14:35 /myfile10
-rw-r--r--   3 root supergroup 1073741824 2019-02-27 14:33 /myfile11
-rw-r--r--   3 root supergroup 1073741824 2019-02-27 14:35 /myfile12
-rw-r--r--   3 root supergroup 1073741824 2019-02-27 14:34 /myfile13
-rw-r--r--   3 root supergroup 1073741824 2019-02-27 14:31 /myfile14
-rw-r--r--   3 root supergroup 1073741824 2019-02-27 14:34 /myfile15
-rw-r--r--   3 root supergroup 1073741824 2019-02-27 14:33 /myfile16
-rw-r--r--   3 root supergroup 1073741824 2019-02-27 14:33 /myfile17
-rw-r--r--   3 root supergroup 1073741824 2019-02-27 14:31 /myfile18
-rw-r--r--   3 root supergroup 1073741824 2019-02-27 14:31 /myfile19
-rw-r--r--   3 root supergroup 1073741824 2019-02-27 14:33 /myfile20
-rw-r--r--   3 root supergroup 1073741824 2019-02-27 14:34 /myfile4
-rw-r--r--   3 root supergroup 1073741824 2019-02-27 14:32 /myfile5
-rw-r--r--   3 root supergroup  671088640 2019-02-27 14:35 /myfile6._COPYING_
-rw-r--r--   3 root supergroup  939524096 2019-02-27 14:34 /myfile7._COPYING_
-rw-r--r--   3 root supergroup 1073741824 2019-02-27 14:35 /myfile8
-rw-r--r--   3 root supergroup 1073741824 2019-02-27 14:34 /myfile9
file 12 has been put into HDFS
file 12 has been read from HDFS for 1 time
diff succeed!
file 12 has been read from HDFS for 2 time
diff succeed!
file 12 has been read from HDFS for 3 time
diff succeed!
file 12 has been read from HDFS for 4 time
diff succeed!
file 12 has been read from HDFS for 5 time
diff succeed!
file 12 has been read from HDFS for 6 time
diff succeed!
file 12 has been read from HDFS for 7 time
diff succeed!
file 12 has been read from HDFS for 8 time
diff succeed!
file 12 has been read from HDFS for 9 time
diff succeed!
sub_benchmark 9 signal TERM catched and let quit gracefully
Deleted /myfile12
file 12 has been removed from HDFS
