Found 20 items
-rw-r--r--   3 root supergroup 1073741824 2019-02-21 20:41 /myfile1
-rw-r--r--   3 root supergroup 1073741824 2019-02-21 20:41 /myfile10
-rw-r--r--   3 root supergroup 1073741824 2019-02-21 20:41 /myfile11
-rw-r--r--   3 root supergroup 1073741824 2019-02-21 20:41 /myfile12
-rw-r--r--   3 root supergroup 1073741824 2019-02-21 20:41 /myfile13
-rw-r--r--   3 root supergroup 1073741824 2019-02-21 20:41 /myfile14
-rw-r--r--   3 root supergroup 1073741824 2019-02-21 20:41 /myfile15
-rw-r--r--   3 root supergroup 1073741824 2019-02-21 20:41 /myfile16
-rw-r--r--   3 root supergroup 1073741824 2019-02-21 20:41 /myfile17
-rw-r--r--   3 root supergroup 1073741824 2019-02-21 20:41 /myfile18
-rw-r--r--   3 root supergroup 1073741824 2019-02-21 20:41 /myfile19
-rw-r--r--   3 root supergroup 1073741824 2019-02-21 20:41 /myfile2
-rw-r--r--   3 root supergroup 1073741824 2019-02-21 20:41 /myfile20
-rw-r--r--   3 root supergroup 1073741824 2019-02-21 20:41 /myfile3
-rw-r--r--   3 root supergroup 1073741824 2019-02-21 20:41 /myfile4
-rw-r--r--   3 root supergroup 1073741824 2019-02-21 20:41 /myfile5
-rw-r--r--   3 root supergroup 1073741824 2019-02-21 20:41 /myfile6
-rw-r--r--   3 root supergroup 1073741824 2019-02-21 20:41 /myfile7
-rw-r--r--   3 root supergroup 1073741824 2019-02-21 20:41 /myfile8
-rw-r--r--   3 root supergroup 1073741824 2019-02-21 20:41 /myfile9
file 5 has been put into HDFS
file 5 has been read from HDFS for 1 time
diff succeed!
2019-02-21 20:42:30,491 INFO retry.RetryInvocationHandler: org.apache.hadoop.ipc.RemoteException(org.apache.hadoop.ipc.StandbyException): Operation category READ is not supported in state standby. Visit https://s.apache.org/sbnn-error
	at org.apache.hadoop.hdfs.server.namenode.ha.StandbyState.checkOperation(StandbyState.java:88)
	at org.apache.hadoop.hdfs.server.namenode.NameNode$NameNodeHAContext.checkOperation(NameNode.java:1952)
	at org.apache.hadoop.hdfs.server.namenode.FSNamesystem.checkOperation(FSNamesystem.java:1423)
	at org.apache.hadoop.hdfs.server.namenode.FSNamesystem.getFileInfo(FSNamesystem.java:3085)
	at org.apache.hadoop.hdfs.server.namenode.NameNodeRpcServer.getFileInfo(NameNodeRpcServer.java:1154)
	at org.apache.hadoop.hdfs.protocolPB.ClientNamenodeProtocolServerSideTranslatorPB.getFileInfo(ClientNamenodeProtocolServerSideTranslatorPB.java:966)
	at org.apache.hadoop.hdfs.protocol.proto.ClientNamenodeProtocolProtos$ClientNamenodeProtocol$2.callBlockingMethod(ClientNamenodeProtocolProtos.java)
	at org.apache.hadoop.ipc.ProtobufRpcEngine$Server$ProtoBufRpcInvoker.call(ProtobufRpcEngine.java:523)
	at org.apache.hadoop.ipc.RPC$Server.call(RPC.java:991)
	at org.apache.hadoop.ipc.Server$RpcCall.run(Server.java:872)
	at org.apache.hadoop.ipc.Server$RpcCall.run(Server.java:818)
	at java.security.AccessController.doPrivileged(Native Method)
	at javax.security.auth.Subject.doAs(Subject.java:422)
	at org.apache.hadoop.security.UserGroupInformation.doAs(UserGroupInformation.java:1729)
	at org.apache.hadoop.ipc.Server$Handler.run(Server.java:2678)
, while invoking ClientNamenodeProtocolTranslatorPB.getFileInfo over node-1-link-0/10.10.1.4:8020 after 1 failover attempts. Trying to failover after sleeping for 1146ms.
2019-02-21 20:42:31,640 INFO retry.RetryInvocationHandler: java.net.ConnectException: Call From clnode059.clemson.cloudlab.us/130.127.133.68 to node-0-link-0:8020 failed on connection exception: java.net.ConnectException: Connection refused; For more details see:  http://wiki.apache.org/hadoop/ConnectionRefused, while invoking ClientNamenodeProtocolTranslatorPB.getFileInfo over node-0-link-0/10.10.1.1:8020 after 2 failover attempts. Trying to failover after sleeping for 1271ms.
file 5 has been read from HDFS for 2 time
diff succeed!
file 5 has been read from HDFS for 3 time
diff succeed!
file 5 has been read from HDFS for 4 time
diff succeed!
file 5 has been read from HDFS for 5 time
diff succeed!
file 5 has been read from HDFS for 6 time
diff succeed!
file 5 has been read from HDFS for 7 time
diff succeed!
file 5 has been read from HDFS for 8 time
diff succeed!
file 5 has been read from HDFS for 9 time
diff succeed!
file 5 has been read from HDFS for 10 time
diff succeed!
Deleted /myfile5
file 5 has been removed from HDFS
Found 18 items
-rw-r--r--   3 root supergroup 1073741824 2019-02-21 20:45 /myfile1
-rw-r--r--   3 root supergroup 1073741824 2019-02-21 20:45 /myfile10
-rw-r--r--   3 root supergroup 1073741824 2019-02-21 20:45 /myfile11
-rw-r--r--   3 root supergroup  536870912 2019-02-21 20:45 /myfile12._COPYING_
-rw-r--r--   3 root supergroup 1073741824 2019-02-21 20:45 /myfile13
-rw-r--r--   3 root supergroup 1073741824 2019-02-21 20:45 /myfile14
-rw-r--r--   3 root supergroup 1073741824 2019-02-21 20:45 /myfile15
-rw-r--r--   3 root supergroup  536870912 2019-02-21 20:45 /myfile16._COPYING_
-rw-r--r--   3 root supergroup  805306368 2019-02-21 20:45 /myfile17._COPYING_
-rw-r--r--   3 root supergroup 1073741824 2019-02-21 20:45 /myfile2
-rw-r--r--   3 root supergroup 1073741824 2019-02-21 20:45 /myfile20
-rw-r--r--   3 root supergroup 1073741824 2019-02-21 20:45 /myfile3
-rw-r--r--   3 root supergroup 1073741824 2019-02-21 20:41 /myfile4
-rw-r--r--   3 root supergroup 1073741824 2019-02-21 20:45 /myfile5
-rw-r--r--   3 root supergroup 1073741824 2019-02-21 20:45 /myfile6
-rw-r--r--   3 root supergroup 1073741824 2019-02-21 20:45 /myfile7
-rw-r--r--   3 root supergroup 1073741824 2019-02-21 20:41 /myfile8
-rw-r--r--   3 root supergroup 1073741824 2019-02-21 20:41 /myfile9
file 5 has been put into HDFS
file 5 has been read from HDFS for 1 time
diff succeed!
file 5 has been read from HDFS for 2 time
diff succeed!
file 5 has been read from HDFS for 3 time
diff succeed!
file 5 has been read from HDFS for 4 time
diff succeed!
file 5 has been read from HDFS for 5 time
diff succeed!
file 5 has been read from HDFS for 6 time
diff succeed!
file 5 has been read from HDFS for 7 time
diff succeed!
file 5 has been read from HDFS for 8 time
diff succeed!
file 5 has been read from HDFS for 9 time
diff succeed!
file 5 has been read from HDFS for 10 time
diff succeed!
Deleted /myfile5
file 5 has been removed from HDFS
Found 19 items
-rw-r--r--   3 root supergroup 1073741824 2019-02-21 20:49 /myfile1
-rw-r--r--   3 root supergroup 1073741824 2019-02-21 20:49 /myfile10
-rw-r--r--   3 root supergroup 1073741824 2019-02-21 20:49 /myfile11
-rw-r--r--   3 root supergroup 1073741824 2019-02-21 20:49 /myfile12
-rw-r--r--   3 root supergroup 1073741824 2019-02-21 20:45 /myfile13
-rw-r--r--   3 root supergroup 1073741824 2019-02-21 20:49 /myfile14
-rw-r--r--   3 root supergroup 1073741824 2019-02-21 20:49 /myfile15
-rw-r--r--   3 root supergroup 1073741824 2019-02-21 20:49 /myfile16
-rw-r--r--   3 root supergroup 1073741824 2019-02-21 20:49 /myfile17
-rw-r--r--   3 root supergroup 1073741824 2019-02-21 20:49 /myfile18
-rw-r--r--   3 root supergroup 1073741824 2019-02-21 20:49 /myfile19
-rw-r--r--   3 root supergroup 1073741824 2019-02-21 20:49 /myfile2
-rw-r--r--   3 root supergroup 1073741824 2019-02-21 20:49 /myfile3
-rw-r--r--   3 root supergroup 1073741824 2019-02-21 20:49 /myfile4
-rw-r--r--   3 root supergroup 1073741824 2019-02-21 20:49 /myfile5
-rw-r--r--   3 root supergroup 1073741824 2019-02-21 20:49 /myfile6
-rw-r--r--   3 root supergroup 1073741824 2019-02-21 20:49 /myfile7
-rw-r--r--   3 root supergroup 1073741824 2019-02-21 20:46 /myfile8
-rw-r--r--   3 root supergroup 1073741824 2019-02-21 20:46 /myfile9
file 5 has been put into HDFS
file 5 has been read from HDFS for 1 time
diff succeed!
file 5 has been read from HDFS for 2 time
diff succeed!
file 5 has been read from HDFS for 3 time
diff succeed!
file 5 has been read from HDFS for 4 time
diff succeed!
file 5 has been read from HDFS for 5 time
diff succeed!
file 5 has been read from HDFS for 6 time
diff succeed!
file 5 has been read from HDFS for 7 time
diff succeed!
file 5 has been read from HDFS for 8 time
diff succeed!
file 5 has been read from HDFS for 9 time
diff succeed!
file 5 has been read from HDFS for 10 time
diff succeed!
Deleted /myfile5
file 5 has been removed from HDFS
2019-02-21 20:54:09,954 INFO retry.RetryInvocationHandler: java.io.EOFException: End of File Exception between local host is: "clnode059.clemson.cloudlab.us/130.127.133.68"; destination host is: "node-1-link-0":8020; : java.io.EOFException; For more details see:  http://wiki.apache.org/hadoop/EOFException, while invoking ClientNamenodeProtocolTranslatorPB.addBlock over node-1-link-0/10.10.1.4:8020. Trying to failover immediately.
2019-02-21 20:54:09,959 INFO retry.RetryInvocationHandler: org.apache.hadoop.ipc.RemoteException(org.apache.hadoop.ipc.StandbyException): Operation category READ is not supported in state standby. Visit https://s.apache.org/sbnn-error
	at org.apache.hadoop.hdfs.server.namenode.ha.StandbyState.checkOperation(StandbyState.java:88)
	at org.apache.hadoop.hdfs.server.namenode.NameNode$NameNodeHAContext.checkOperation(NameNode.java:1952)
	at org.apache.hadoop.hdfs.server.namenode.FSNamesystem.checkOperation(FSNamesystem.java:1423)
	at org.apache.hadoop.hdfs.server.namenode.FSNamesystem.getAdditionalBlock(FSNamesystem.java:2674)
	at org.apache.hadoop.hdfs.server.namenode.NameNodeRpcServer.addBlock(NameNodeRpcServer.java:875)
	at org.apache.hadoop.hdfs.protocolPB.ClientNamenodeProtocolServerSideTranslatorPB.addBlock(ClientNamenodeProtocolServerSideTranslatorPB.java:561)
	at org.apache.hadoop.hdfs.protocol.proto.ClientNamenodeProtocolProtos$ClientNamenodeProtocol$2.callBlockingMethod(ClientNamenodeProtocolProtos.java)
	at org.apache.hadoop.ipc.ProtobufRpcEngine$Server$ProtoBufRpcInvoker.call(ProtobufRpcEngine.java:523)
	at org.apache.hadoop.ipc.RPC$Server.call(RPC.java:991)
	at org.apache.hadoop.ipc.Server$RpcCall.run(Server.java:872)
	at org.apache.hadoop.ipc.Server$RpcCall.run(Server.java:818)
	at java.security.AccessController.doPrivileged(Native Method)
	at javax.security.auth.Subject.doAs(Subject.java:422)
	at org.apache.hadoop.security.UserGroupInformation.doAs(UserGroupInformation.java:1729)
	at org.apache.hadoop.ipc.Server$Handler.run(Server.java:2678)
, while invoking ClientNamenodeProtocolTranslatorPB.addBlock over node-0-link-0/10.10.1.1:8020 after 1 failover attempts. Trying to failover after sleeping for 1224ms.
2019-02-21 20:54:11,186 INFO retry.RetryInvocationHandler: java.net.ConnectException: Call From clnode059.clemson.cloudlab.us/130.127.133.68 to node-1-link-0:8020 failed on connection exception: java.net.ConnectException: Connection refused; For more details see:  http://wiki.apache.org/hadoop/ConnectionRefused, while invoking ClientNamenodeProtocolTranslatorPB.addBlock over node-1-link-0/10.10.1.4:8020 after 2 failover attempts. Trying to failover after sleeping for 1537ms.
2019-02-21 20:54:12,726 INFO retry.RetryInvocationHandler: org.apache.hadoop.ipc.RemoteException(org.apache.hadoop.ipc.RetriableException): org.apache.hadoop.hdfs.server.namenode.SafeModeException: Cannot add block to /myfile5._COPYING_. Name node is in safe mode.
The reported blocks 82 has reached the threshold 0.9990 of total blocks 82. The number of live datanodes 3 has reached the minimum number 0. In safe mode extension. Safe mode will be turned off automatically in 28 seconds. NamenodeHostName:node-0-link-0
	at org.apache.hadoop.hdfs.server.namenode.FSNamesystem.checkNameNodeSafeMode(FSNamesystem.java:1441)
	at org.apache.hadoop.hdfs.server.namenode.FSDirWriteFileOp.analyzeFileState(FSDirWriteFileOp.java:591)
	at org.apache.hadoop.hdfs.server.namenode.FSDirWriteFileOp.validateAddBlock(FSDirWriteFileOp.java:172)
	at org.apache.hadoop.hdfs.server.namenode.FSNamesystem.getAdditionalBlock(FSNamesystem.java:2679)
	at org.apache.hadoop.hdfs.server.namenode.NameNodeRpcServer.addBlock(NameNodeRpcServer.java:875)
	at org.apache.hadoop.hdfs.protocolPB.ClientNamenodeProtocolServerSideTranslatorPB.addBlock(ClientNamenodeProtocolServerSideTranslatorPB.java:561)
	at org.apache.hadoop.hdfs.protocol.proto.ClientNamenodeProtocolProtos$ClientNamenodeProtocol$2.callBlockingMethod(ClientNamenodeProtocolProtos.java)
	at org.apache.hadoop.ipc.ProtobufRpcEngine$Server$ProtoBufRpcInvoker.call(ProtobufRpcEngine.java:523)
	at org.apache.hadoop.ipc.RPC$Server.call(RPC.java:991)
	at org.apache.hadoop.ipc.Server$RpcCall.run(Server.java:872)
	at org.apache.hadoop.ipc.Server$RpcCall.run(Server.java:818)
	at java.security.AccessController.doPrivileged(Native Method)
	at javax.security.auth.Subject.doAs(Subject.java:422)
	at org.apache.hadoop.security.UserGroupInformation.doAs(UserGroupInformation.java:1729)
	at org.apache.hadoop.ipc.Server$Handler.run(Server.java:2678)
Caused by: org.apache.hadoop.hdfs.server.namenode.SafeModeException: Cannot add block to /myfile5._COPYING_. Name node is in safe mode.
The reported blocks 82 has reached the threshold 0.9990 of total blocks 82. The number of live datanodes 3 has reached the minimum number 0. In safe mode extension. Safe mode will be turned off automatically in 28 seconds. NamenodeHostName:node-0-link-0
	at org.apache.hadoop.hdfs.server.namenode.FSNamesystem.newSafemodeException(FSNamesystem.java:1450)
	at org.apache.hadoop.hdfs.server.namenode.FSNamesystem.checkNameNodeSafeMode(FSNamesystem.java:1437)
	... 14 more
, while invoking ClientNamenodeProtocolTranslatorPB.addBlock over node-0-link-0/10.10.1.1:8020 after 3 failover attempts. Retrying after sleeping for 5776ms.
2019-02-21 20:54:18,505 INFO retry.RetryInvocationHandler: org.apache.hadoop.ipc.RemoteException(org.apache.hadoop.ipc.RetriableException): org.apache.hadoop.hdfs.server.namenode.SafeModeException: Cannot add block to /myfile5._COPYING_. Name node is in safe mode.
The reported blocks 82 has reached the threshold 0.9990 of total blocks 82. The number of live datanodes 3 has reached the minimum number 0. In safe mode extension. Safe mode will be turned off automatically in 23 seconds. NamenodeHostName:node-0-link-0
	at org.apache.hadoop.hdfs.server.namenode.FSNamesystem.checkNameNodeSafeMode(FSNamesystem.java:1441)
	at org.apache.hadoop.hdfs.server.namenode.FSDirWriteFileOp.analyzeFileState(FSDirWriteFileOp.java:591)
	at org.apache.hadoop.hdfs.server.namenode.FSDirWriteFileOp.validateAddBlock(FSDirWriteFileOp.java:172)
	at org.apache.hadoop.hdfs.server.namenode.FSNamesystem.getAdditionalBlock(FSNamesystem.java:2679)
	at org.apache.hadoop.hdfs.server.namenode.NameNodeRpcServer.addBlock(NameNodeRpcServer.java:875)
	at org.apache.hadoop.hdfs.protocolPB.ClientNamenodeProtocolServerSideTranslatorPB.addBlock(ClientNamenodeProtocolServerSideTranslatorPB.java:561)
	at org.apache.hadoop.hdfs.protocol.proto.ClientNamenodeProtocolProtos$ClientNamenodeProtocol$2.callBlockingMethod(ClientNamenodeProtocolProtos.java)
	at org.apache.hadoop.ipc.ProtobufRpcEngine$Server$ProtoBufRpcInvoker.call(ProtobufRpcEngine.java:523)
	at org.apache.hadoop.ipc.RPC$Server.call(RPC.java:991)
	at org.apache.hadoop.ipc.Server$RpcCall.run(Server.java:872)
	at org.apache.hadoop.ipc.Server$RpcCall.run(Server.java:818)
	at java.security.AccessController.doPrivileged(Native Method)
	at javax.security.auth.Subject.doAs(Subject.java:422)
	at org.apache.hadoop.security.UserGroupInformation.doAs(UserGroupInformation.java:1729)
	at org.apache.hadoop.ipc.Server$Handler.run(Server.java:2678)
Caused by: org.apache.hadoop.hdfs.server.namenode.SafeModeException: Cannot add block to /myfile5._COPYING_. Name node is in safe mode.
The reported blocks 82 has reached the threshold 0.9990 of total blocks 82. The number of live datanodes 3 has reached the minimum number 0. In safe mode extension. Safe mode will be turned off automatically in 23 seconds. NamenodeHostName:node-0-link-0
	at org.apache.hadoop.hdfs.server.namenode.FSNamesystem.newSafemodeException(FSNamesystem.java:1450)
	at org.apache.hadoop.hdfs.server.namenode.FSNamesystem.checkNameNodeSafeMode(FSNamesystem.java:1437)
	... 14 more
, while invoking ClientNamenodeProtocolTranslatorPB.addBlock over node-0-link-0/10.10.1.1:8020 after 3 failover attempts. Retrying after sleeping for 5668ms.
2019-02-21 20:54:20,959 INFO retry.RetryInvocationHandler: org.apache.hadoop.ipc.RemoteException(org.apache.hadoop.ipc.RetriableException): org.apache.hadoop.hdfs.server.namenode.SafeModeException: Cannot renew lease for DFSClient_NONMAPREDUCE_582502895_1. Name node is in safe mode.
The reported blocks 82 has reached the threshold 0.9990 of total blocks 82. The number of live datanodes 3 has reached the minimum number 0. In safe mode extension. Safe mode will be turned off automatically in 20 seconds. NamenodeHostName:node-0-link-0
	at org.apache.hadoop.hdfs.server.namenode.FSNamesystem.checkNameNodeSafeMode(FSNamesystem.java:1441)
	at org.apache.hadoop.hdfs.server.namenode.FSNamesystem.renewLease(FSNamesystem.java:3744)
	at org.apache.hadoop.hdfs.server.namenode.NameNodeRpcServer.renewLease(NameNodeRpcServer.java:1134)
	at org.apache.hadoop.hdfs.protocolPB.ClientNamenodeProtocolServerSideTranslatorPB.renewLease(ClientNamenodeProtocolServerSideTranslatorPB.java:737)
	at org.apache.hadoop.hdfs.protocol.proto.ClientNamenodeProtocolProtos$ClientNamenodeProtocol$2.callBlockingMethod(ClientNamenodeProtocolProtos.java)
	at org.apache.hadoop.ipc.ProtobufRpcEngine$Server$ProtoBufRpcInvoker.call(ProtobufRpcEngine.java:523)
	at org.apache.hadoop.ipc.RPC$Server.call(RPC.java:991)
	at org.apache.hadoop.ipc.Server$RpcCall.run(Server.java:872)
	at org.apache.hadoop.ipc.Server$RpcCall.run(Server.java:818)
	at java.security.AccessController.doPrivileged(Native Method)
	at javax.security.auth.Subject.doAs(Subject.java:422)
	at org.apache.hadoop.security.UserGroupInformation.doAs(UserGroupInformation.java:1729)
	at org.apache.hadoop.ipc.Server$Handler.run(Server.java:2678)
Caused by: org.apache.hadoop.hdfs.server.namenode.SafeModeException: Cannot renew lease for DFSClient_NONMAPREDUCE_582502895_1. Name node is in safe mode.
The reported blocks 82 has reached the threshold 0.9990 of total blocks 82. The number of live datanodes 3 has reached the minimum number 0. In safe mode extension. Safe mode will be turned off automatically in 20 seconds. NamenodeHostName:node-0-link-0
	at org.apache.hadoop.hdfs.server.namenode.FSNamesystem.newSafemodeException(FSNamesystem.java:1450)
	at org.apache.hadoop.hdfs.server.namenode.FSNamesystem.checkNameNodeSafeMode(FSNamesystem.java:1437)
	... 12 more
, while invoking ClientNamenodeProtocolTranslatorPB.renewLease over node-0-link-0/10.10.1.1:8020. Retrying immediately.
2019-02-21 20:54:20,961 INFO retry.RetryInvocationHandler: org.apache.hadoop.ipc.RemoteException(org.apache.hadoop.ipc.RetriableException): org.apache.hadoop.hdfs.server.namenode.SafeModeException: Cannot renew lease for DFSClient_NONMAPREDUCE_582502895_1. Name node is in safe mode.
The reported blocks 82 has reached the threshold 0.9990 of total blocks 82. The number of live datanodes 3 has reached the minimum number 0. In safe mode extension. Safe mode will be turned off automatically in 20 seconds. NamenodeHostName:node-0-link-0
	at org.apache.hadoop.hdfs.server.namenode.FSNamesystem.checkNameNodeSafeMode(FSNamesystem.java:1441)
	at org.apache.hadoop.hdfs.server.namenode.FSNamesystem.renewLease(FSNamesystem.java:3744)
	at org.apache.hadoop.hdfs.server.namenode.NameNodeRpcServer.renewLease(NameNodeRpcServer.java:1134)
	at org.apache.hadoop.hdfs.protocolPB.ClientNamenodeProtocolServerSideTranslatorPB.renewLease(ClientNamenodeProtocolServerSideTranslatorPB.java:737)
	at org.apache.hadoop.hdfs.protocol.proto.ClientNamenodeProtocolProtos$ClientNamenodeProtocol$2.callBlockingMethod(ClientNamenodeProtocolProtos.java)
	at org.apache.hadoop.ipc.ProtobufRpcEngine$Server$ProtoBufRpcInvoker.call(ProtobufRpcEngine.java:523)
	at org.apache.hadoop.ipc.RPC$Server.call(RPC.java:991)
	at org.apache.hadoop.ipc.Server$RpcCall.run(Server.java:872)
	at org.apache.hadoop.ipc.Server$RpcCall.run(Server.java:818)
	at java.security.AccessController.doPrivileged(Native Method)
	at javax.security.auth.Subject.doAs(Subject.java:422)
	at org.apache.hadoop.security.UserGroupInformation.doAs(UserGroupInformation.java:1729)
	at org.apache.hadoop.ipc.Server$Handler.run(Server.java:2678)
Caused by: org.apache.hadoop.hdfs.server.namenode.SafeModeException: Cannot renew lease for DFSClient_NONMAPREDUCE_582502895_1. Name node is in safe mode.
The reported blocks 82 has reached the threshold 0.9990 of total blocks 82. The number of live datanodes 3 has reached the minimum number 0. In safe mode extension. Safe mode will be turned off automatically in 20 seconds. NamenodeHostName:node-0-link-0
	at org.apache.hadoop.hdfs.server.namenode.FSNamesystem.newSafemodeException(FSNamesystem.java:1450)
	at org.apache.hadoop.hdfs.server.namenode.FSNamesystem.checkNameNodeSafeMode(FSNamesystem.java:1437)
	... 12 more
, while invoking ClientNamenodeProtocolTranslatorPB.renewLease over node-0-link-0/10.10.1.1:8020. Retrying after sleeping for 648ms.
2019-02-21 20:54:21,612 INFO retry.RetryInvocationHandler: org.apache.hadoop.ipc.RemoteException(org.apache.hadoop.ipc.RetriableException): org.apache.hadoop.hdfs.server.namenode.SafeModeException: Cannot renew lease for DFSClient_NONMAPREDUCE_582502895_1. Name node is in safe mode.
The reported blocks 82 has reached the threshold 0.9990 of total blocks 82. The number of live datanodes 3 has reached the minimum number 0. In safe mode extension. Safe mode will be turned off automatically in 19 seconds. NamenodeHostName:node-0-link-0
	at org.apache.hadoop.hdfs.server.namenode.FSNamesystem.checkNameNodeSafeMode(FSNamesystem.java:1441)
	at org.apache.hadoop.hdfs.server.namenode.FSNamesystem.renewLease(FSNamesystem.java:3744)
	at org.apache.hadoop.hdfs.server.namenode.NameNodeRpcServer.renewLease(NameNodeRpcServer.java:1134)
	at org.apache.hadoop.hdfs.protocolPB.ClientNamenodeProtocolServerSideTranslatorPB.renewLease(ClientNamenodeProtocolServerSideTranslatorPB.java:737)
	at org.apache.hadoop.hdfs.protocol.proto.ClientNamenodeProtocolProtos$ClientNamenodeProtocol$2.callBlockingMethod(ClientNamenodeProtocolProtos.java)
	at org.apache.hadoop.ipc.ProtobufRpcEngine$Server$ProtoBufRpcInvoker.call(ProtobufRpcEngine.java:523)
	at org.apache.hadoop.ipc.RPC$Server.call(RPC.java:991)
	at org.apache.hadoop.ipc.Server$RpcCall.run(Server.java:872)
	at org.apache.hadoop.ipc.Server$RpcCall.run(Server.java:818)
	at java.security.AccessController.doPrivileged(Native Method)
	at javax.security.auth.Subject.doAs(Subject.java:422)
	at org.apache.hadoop.security.UserGroupInformation.doAs(UserGroupInformation.java:1729)
	at org.apache.hadoop.ipc.Server$Handler.run(Server.java:2678)
Caused by: org.apache.hadoop.hdfs.server.namenode.SafeModeException: Cannot renew lease for DFSClient_NONMAPREDUCE_582502895_1. Name node is in safe mode.
The reported blocks 82 has reached the threshold 0.9990 of total blocks 82. The number of live datanodes 3 has reached the minimum number 0. In safe mode extension. Safe mode will be turned off automatically in 19 seconds. NamenodeHostName:node-0-link-0
	at org.apache.hadoop.hdfs.server.namenode.FSNamesystem.newSafemodeException(FSNamesystem.java:1450)
	at org.apache.hadoop.hdfs.server.namenode.FSNamesystem.checkNameNodeSafeMode(FSNamesystem.java:1437)
	... 12 more
, while invoking ClientNamenodeProtocolTranslatorPB.renewLease over node-0-link-0/10.10.1.1:8020. Retrying after sleeping for 2299ms.
2019-02-21 20:54:23,914 INFO retry.RetryInvocationHandler: org.apache.hadoop.ipc.RemoteException(org.apache.hadoop.ipc.RetriableException): org.apache.hadoop.hdfs.server.namenode.SafeModeException: Cannot renew lease for DFSClient_NONMAPREDUCE_582502895_1. Name node is in safe mode.
The reported blocks 82 has reached the threshold 0.9990 of total blocks 82. The number of live datanodes 3 has reached the minimum number 0. In safe mode extension. Safe mode will be turned off automatically in 17 seconds. NamenodeHostName:node-0-link-0
	at org.apache.hadoop.hdfs.server.namenode.FSNamesystem.checkNameNodeSafeMode(FSNamesystem.java:1441)
	at org.apache.hadoop.hdfs.server.namenode.FSNamesystem.renewLease(FSNamesystem.java:3744)
	at org.apache.hadoop.hdfs.server.namenode.NameNodeRpcServer.renewLease(NameNodeRpcServer.java:1134)
	at org.apache.hadoop.hdfs.protocolPB.ClientNamenodeProtocolServerSideTranslatorPB.renewLease(ClientNamenodeProtocolServerSideTranslatorPB.java:737)
	at org.apache.hadoop.hdfs.protocol.proto.ClientNamenodeProtocolProtos$ClientNamenodeProtocol$2.callBlockingMethod(ClientNamenodeProtocolProtos.java)
	at org.apache.hadoop.ipc.ProtobufRpcEngine$Server$ProtoBufRpcInvoker.call(ProtobufRpcEngine.java:523)
	at org.apache.hadoop.ipc.RPC$Server.call(RPC.java:991)
	at org.apache.hadoop.ipc.Server$RpcCall.run(Server.java:872)
	at org.apache.hadoop.ipc.Server$RpcCall.run(Server.java:818)
	at java.security.AccessController.doPrivileged(Native Method)
	at javax.security.auth.Subject.doAs(Subject.java:422)
	at org.apache.hadoop.security.UserGroupInformation.doAs(UserGroupInformation.java:1729)
	at org.apache.hadoop.ipc.Server$Handler.run(Server.java:2678)
Caused by: org.apache.hadoop.hdfs.server.namenode.SafeModeException: Cannot renew lease for DFSClient_NONMAPREDUCE_582502895_1. Name node is in safe mode.
The reported blocks 82 has reached the threshold 0.9990 of total blocks 82. The number of live datanodes 3 has reached the minimum number 0. In safe mode extension. Safe mode will be turned off automatically in 17 seconds. NamenodeHostName:node-0-link-0
	at org.apache.hadoop.hdfs.server.namenode.FSNamesystem.newSafemodeException(FSNamesystem.java:1450)
	at org.apache.hadoop.hdfs.server.namenode.FSNamesystem.checkNameNodeSafeMode(FSNamesystem.java:1437)
	... 12 more
, while invoking ClientNamenodeProtocolTranslatorPB.renewLease over node-0-link-0/10.10.1.1:8020. Retrying after sleeping for 4903ms.
2019-02-21 20:54:24,176 INFO retry.RetryInvocationHandler: org.apache.hadoop.ipc.RemoteException(org.apache.hadoop.ipc.RetriableException): org.apache.hadoop.hdfs.server.namenode.SafeModeException: Cannot add block to /myfile5._COPYING_. Name node is in safe mode.
The reported blocks 82 has reached the threshold 0.9990 of total blocks 82. The number of live datanodes 3 has reached the minimum number 0. In safe mode extension. Safe mode will be turned off automatically in 17 seconds. NamenodeHostName:node-0-link-0
	at org.apache.hadoop.hdfs.server.namenode.FSNamesystem.checkNameNodeSafeMode(FSNamesystem.java:1441)
	at org.apache.hadoop.hdfs.server.namenode.FSDirWriteFileOp.analyzeFileState(FSDirWriteFileOp.java:591)
	at org.apache.hadoop.hdfs.server.namenode.FSDirWriteFileOp.validateAddBlock(FSDirWriteFileOp.java:172)
	at org.apache.hadoop.hdfs.server.namenode.FSNamesystem.getAdditionalBlock(FSNamesystem.java:2679)
	at org.apache.hadoop.hdfs.server.namenode.NameNodeRpcServer.addBlock(NameNodeRpcServer.java:875)
	at org.apache.hadoop.hdfs.protocolPB.ClientNamenodeProtocolServerSideTranslatorPB.addBlock(ClientNamenodeProtocolServerSideTranslatorPB.java:561)
	at org.apache.hadoop.hdfs.protocol.proto.ClientNamenodeProtocolProtos$ClientNamenodeProtocol$2.callBlockingMethod(ClientNamenodeProtocolProtos.java)
	at org.apache.hadoop.ipc.ProtobufRpcEngine$Server$ProtoBufRpcInvoker.call(ProtobufRpcEngine.java:523)
	at org.apache.hadoop.ipc.RPC$Server.call(RPC.java:991)
	at org.apache.hadoop.ipc.Server$RpcCall.run(Server.java:872)
	at org.apache.hadoop.ipc.Server$RpcCall.run(Server.java:818)
	at java.security.AccessController.doPrivileged(Native Method)
	at javax.security.auth.Subject.doAs(Subject.java:422)
	at org.apache.hadoop.security.UserGroupInformation.doAs(UserGroupInformation.java:1729)
	at org.apache.hadoop.ipc.Server$Handler.run(Server.java:2678)
Caused by: org.apache.hadoop.hdfs.server.namenode.SafeModeException: Cannot add block to /myfile5._COPYING_. Name node is in safe mode.
The reported blocks 82 has reached the threshold 0.9990 of total blocks 82. The number of live datanodes 3 has reached the minimum number 0. In safe mode extension. Safe mode will be turned off automatically in 17 seconds. NamenodeHostName:node-0-link-0
	at org.apache.hadoop.hdfs.server.namenode.FSNamesystem.newSafemodeException(FSNamesystem.java:1450)
	at org.apache.hadoop.hdfs.server.namenode.FSNamesystem.checkNameNodeSafeMode(FSNamesystem.java:1437)
	... 14 more
, while invoking ClientNamenodeProtocolTranslatorPB.addBlock over node-0-link-0/10.10.1.1:8020 after 3 failover attempts. Retrying after sleeping for 16156ms.
2019-02-21 20:54:28,819 INFO retry.RetryInvocationHandler: org.apache.hadoop.ipc.RemoteException(org.apache.hadoop.ipc.RetriableException): org.apache.hadoop.hdfs.server.namenode.SafeModeException: Cannot renew lease for DFSClient_NONMAPREDUCE_582502895_1. Name node is in safe mode.
The reported blocks 82 has reached the threshold 0.9990 of total blocks 82. The number of live datanodes 3 has reached the minimum number 0. In safe mode extension. Safe mode will be turned off automatically in 12 seconds. NamenodeHostName:node-0-link-0
	at org.apache.hadoop.hdfs.server.namenode.FSNamesystem.checkNameNodeSafeMode(FSNamesystem.java:1441)
	at org.apache.hadoop.hdfs.server.namenode.FSNamesystem.renewLease(FSNamesystem.java:3744)
	at org.apache.hadoop.hdfs.server.namenode.NameNodeRpcServer.renewLease(NameNodeRpcServer.java:1134)
	at org.apache.hadoop.hdfs.protocolPB.ClientNamenodeProtocolServerSideTranslatorPB.renewLease(ClientNamenodeProtocolServerSideTranslatorPB.java:737)
	at org.apache.hadoop.hdfs.protocol.proto.ClientNamenodeProtocolProtos$ClientNamenodeProtocol$2.callBlockingMethod(ClientNamenodeProtocolProtos.java)
	at org.apache.hadoop.ipc.ProtobufRpcEngine$Server$ProtoBufRpcInvoker.call(ProtobufRpcEngine.java:523)
	at org.apache.hadoop.ipc.RPC$Server.call(RPC.java:991)
	at org.apache.hadoop.ipc.Server$RpcCall.run(Server.java:872)
	at org.apache.hadoop.ipc.Server$RpcCall.run(Server.java:818)
	at java.security.AccessController.doPrivileged(Native Method)
	at javax.security.auth.Subject.doAs(Subject.java:422)
	at org.apache.hadoop.security.UserGroupInformation.doAs(UserGroupInformation.java:1729)
	at org.apache.hadoop.ipc.Server$Handler.run(Server.java:2678)
Caused by: org.apache.hadoop.hdfs.server.namenode.SafeModeException: Cannot renew lease for DFSClient_NONMAPREDUCE_582502895_1. Name node is in safe mode.
The reported blocks 82 has reached the threshold 0.9990 of total blocks 82. The number of live datanodes 3 has reached the minimum number 0. In safe mode extension. Safe mode will be turned off automatically in 12 seconds. NamenodeHostName:node-0-link-0
	at org.apache.hadoop.hdfs.server.namenode.FSNamesystem.newSafemodeException(FSNamesystem.java:1450)
	at org.apache.hadoop.hdfs.server.namenode.FSNamesystem.checkNameNodeSafeMode(FSNamesystem.java:1437)
	... 12 more
, while invoking ClientNamenodeProtocolTranslatorPB.renewLease over node-0-link-0/10.10.1.1:8020. Retrying after sleeping for 6474ms.
2019-02-21 20:54:35,296 INFO retry.RetryInvocationHandler: org.apache.hadoop.ipc.RemoteException(org.apache.hadoop.ipc.RetriableException): org.apache.hadoop.hdfs.server.namenode.SafeModeException: Cannot renew lease for DFSClient_NONMAPREDUCE_582502895_1. Name node is in safe mode.
The reported blocks 82 has reached the threshold 0.9990 of total blocks 82. The number of live datanodes 3 has reached the minimum number 0. In safe mode extension. Safe mode will be turned off automatically in 6 seconds. NamenodeHostName:node-0-link-0
	at org.apache.hadoop.hdfs.server.namenode.FSNamesystem.checkNameNodeSafeMode(FSNamesystem.java:1441)
	at org.apache.hadoop.hdfs.server.namenode.FSNamesystem.renewLease(FSNamesystem.java:3744)
	at org.apache.hadoop.hdfs.server.namenode.NameNodeRpcServer.renewLease(NameNodeRpcServer.java:1134)
	at org.apache.hadoop.hdfs.protocolPB.ClientNamenodeProtocolServerSideTranslatorPB.renewLease(ClientNamenodeProtocolServerSideTranslatorPB.java:737)
	at org.apache.hadoop.hdfs.protocol.proto.ClientNamenodeProtocolProtos$ClientNamenodeProtocol$2.callBlockingMethod(ClientNamenodeProtocolProtos.java)
	at org.apache.hadoop.ipc.ProtobufRpcEngine$Server$ProtoBufRpcInvoker.call(ProtobufRpcEngine.java:523)
	at org.apache.hadoop.ipc.RPC$Server.call(RPC.java:991)
	at org.apache.hadoop.ipc.Server$RpcCall.run(Server.java:872)
	at org.apache.hadoop.ipc.Server$RpcCall.run(Server.java:818)
	at java.security.AccessController.doPrivileged(Native Method)
	at javax.security.auth.Subject.doAs(Subject.java:422)
	at org.apache.hadoop.security.UserGroupInformation.doAs(UserGroupInformation.java:1729)
	at org.apache.hadoop.ipc.Server$Handler.run(Server.java:2678)
Caused by: org.apache.hadoop.hdfs.server.namenode.SafeModeException: Cannot renew lease for DFSClient_NONMAPREDUCE_582502895_1. Name node is in safe mode.
The reported blocks 82 has reached the threshold 0.9990 of total blocks 82. The number of live datanodes 3 has reached the minimum number 0. In safe mode extension. Safe mode will be turned off automatically in 6 seconds. NamenodeHostName:node-0-link-0
	at org.apache.hadoop.hdfs.server.namenode.FSNamesystem.newSafemodeException(FSNamesystem.java:1450)
	at org.apache.hadoop.hdfs.server.namenode.FSNamesystem.checkNameNodeSafeMode(FSNamesystem.java:1437)
	... 12 more
, while invoking ClientNamenodeProtocolTranslatorPB.renewLease over node-0-link-0/10.10.1.1:8020. Retrying after sleeping for 18452ms.
2019-02-21 20:54:40,335 INFO retry.RetryInvocationHandler: org.apache.hadoop.ipc.RemoteException(org.apache.hadoop.ipc.RetriableException): org.apache.hadoop.hdfs.server.namenode.SafeModeException: Cannot add block to /myfile5._COPYING_. Name node is in safe mode.
The reported blocks 82 has reached the threshold 0.9990 of total blocks 82. The number of live datanodes 3 has reached the minimum number 0. In safe mode extension. Safe mode will be turned off automatically in 1 seconds. NamenodeHostName:node-0-link-0
	at org.apache.hadoop.hdfs.server.namenode.FSNamesystem.checkNameNodeSafeMode(FSNamesystem.java:1441)
	at org.apache.hadoop.hdfs.server.namenode.FSDirWriteFileOp.analyzeFileState(FSDirWriteFileOp.java:591)
	at org.apache.hadoop.hdfs.server.namenode.FSDirWriteFileOp.validateAddBlock(FSDirWriteFileOp.java:172)
	at org.apache.hadoop.hdfs.server.namenode.FSNamesystem.getAdditionalBlock(FSNamesystem.java:2679)
	at org.apache.hadoop.hdfs.server.namenode.NameNodeRpcServer.addBlock(NameNodeRpcServer.java:875)
	at org.apache.hadoop.hdfs.protocolPB.ClientNamenodeProtocolServerSideTranslatorPB.addBlock(ClientNamenodeProtocolServerSideTranslatorPB.java:561)
	at org.apache.hadoop.hdfs.protocol.proto.ClientNamenodeProtocolProtos$ClientNamenodeProtocol$2.callBlockingMethod(ClientNamenodeProtocolProtos.java)
	at org.apache.hadoop.ipc.ProtobufRpcEngine$Server$ProtoBufRpcInvoker.call(ProtobufRpcEngine.java:523)
	at org.apache.hadoop.ipc.RPC$Server.call(RPC.java:991)
	at org.apache.hadoop.ipc.Server$RpcCall.run(Server.java:872)
	at org.apache.hadoop.ipc.Server$RpcCall.run(Server.java:818)
	at java.security.AccessController.doPrivileged(Native Method)
	at javax.security.auth.Subject.doAs(Subject.java:422)
	at org.apache.hadoop.security.UserGroupInformation.doAs(UserGroupInformation.java:1729)
	at org.apache.hadoop.ipc.Server$Handler.run(Server.java:2678)
Caused by: org.apache.hadoop.hdfs.server.namenode.SafeModeException: Cannot add block to /myfile5._COPYING_. Name node is in safe mode.
The reported blocks 82 has reached the threshold 0.9990 of total blocks 82. The number of live datanodes 3 has reached the minimum number 0. In safe mode extension. Safe mode will be turned off automatically in 1 seconds. NamenodeHostName:node-0-link-0
	at org.apache.hadoop.hdfs.server.namenode.FSNamesystem.newSafemodeException(FSNamesystem.java:1450)
	at org.apache.hadoop.hdfs.server.namenode.FSNamesystem.checkNameNodeSafeMode(FSNamesystem.java:1437)
	... 14 more
, while invoking ClientNamenodeProtocolTranslatorPB.addBlock over node-0-link-0/10.10.1.1:8020 after 3 failover attempts. Retrying after sleeping for 17043ms.
Found 20 items
-rw-r--r--   3 root supergroup 1073741824 2019-02-21 20:55 /myfile1
-rw-r--r--   3 root supergroup 1073741824 2019-02-21 20:55 /myfile10
-rw-r--r--   3 root supergroup 1073741824 2019-02-21 20:55 /myfile11
-rw-r--r--   3 root supergroup 1073741824 2019-02-21 20:53 /myfile12
-rw-r--r--   3 root supergroup 1073741824 2019-02-21 20:55 /myfile13
-rw-r--r--   3 root supergroup 1073741824 2019-02-21 20:53 /myfile14
-rw-r--r--   3 root supergroup 1073741824 2019-02-21 20:54 /myfile15
-rw-r--r--   3 root supergroup  268435456 2019-02-21 20:55 /myfile16._COPYING_
-rw-r--r--   3 root supergroup  402653184 2019-02-21 20:54 /myfile17._COPYING_
-rw-r--r--   3 root supergroup 1073741824 2019-02-21 20:55 /myfile18
-rw-r--r--   3 root supergroup 1073741824 2019-02-21 20:55 /myfile19
-rw-r--r--   3 root supergroup  671088640 2019-02-21 20:54 /myfile2._COPYING_
-rw-r--r--   3 root supergroup 1073741824 2019-02-21 20:55 /myfile20
-rw-r--r--   3 root supergroup 1073741824 2019-02-21 20:53 /myfile3
-rw-r--r--   3 root supergroup 1073741824 2019-02-21 20:55 /myfile4
-rw-r--r--   3 root supergroup 1073741824 2019-02-21 20:55 /myfile5
-rw-r--r--   3 root supergroup  536870912 2019-02-21 20:54 /myfile6._COPYING_
-rw-r--r--   3 root supergroup 1073741824 2019-02-21 20:54 /myfile7
-rw-r--r--   3 root supergroup 1073741824 2019-02-21 20:55 /myfile8
-rw-r--r--   3 root supergroup 1073741824 2019-02-21 20:55 /myfile9
file 5 has been put into HDFS
file 5 has been read from HDFS for 1 time
diff succeed!
file 5 has been read from HDFS for 2 time
diff succeed!
file 5 has been read from HDFS for 3 time
diff succeed!
file 5 has been read from HDFS for 4 time
diff succeed!
file 5 has been read from HDFS for 5 time
diff succeed!
file 5 has been read from HDFS for 6 time
diff succeed!
file 5 has been read from HDFS for 7 time
diff succeed!
file 5 has been read from HDFS for 8 time
diff succeed!
file 5 has been read from HDFS for 9 time
diff succeed!
file 5 has been read from HDFS for 10 time
diff succeed!
Deleted /myfile5
file 5 has been removed from HDFS
Found 19 items
-rw-r--r--   3 root supergroup 1073741824 2019-02-21 20:59 /myfile10
-rw-r--r--   3 root supergroup 1073741824 2019-02-21 20:59 /myfile11
-rw-r--r--   3 root supergroup 1073741824 2019-02-21 20:58 /myfile12
-rw-r--r--   3 root supergroup 1073741824 2019-02-21 20:59 /myfile13
-rw-r--r--   3 root supergroup 1073741824 2019-02-21 20:57 /myfile14
-rw-r--r--   3 root supergroup 1073741824 2019-02-21 20:59 /myfile15
-rw-r--r--   3 root supergroup 1073741824 2019-02-21 20:59 /myfile16
-rw-r--r--   3 root supergroup 1073741824 2019-02-21 21:00 /myfile17
-rw-r--r--   3 root supergroup 1073741824 2019-02-21 20:59 /myfile18
-rw-r--r--   3 root supergroup 1073741824 2019-02-21 20:59 /myfile19
-rw-r--r--   3 root supergroup 1073741824 2019-02-21 20:55 /myfile2
-rw-r--r--   3 root supergroup 1073741824 2019-02-21 20:55 /myfile20
-rw-r--r--   3 root supergroup 1073741824 2019-02-21 20:57 /myfile3
-rw-r--r--   3 root supergroup 1073741824 2019-02-21 20:59 /myfile4
-rw-r--r--   3 root supergroup 1073741824 2019-02-21 20:59 /myfile5
-rw-r--r--   3 root supergroup 1073741824 2019-02-21 20:59 /myfile6
-rw-r--r--   3 root supergroup 1073741824 2019-02-21 20:59 /myfile7
-rw-r--r--   3 root supergroup  536870912 2019-02-21 20:59 /myfile8._COPYING_
-rw-r--r--   3 root supergroup 1073741824 2019-02-21 20:59 /myfile9
file 5 has been put into HDFS
file 5 has been read from HDFS for 1 time
diff succeed!
file 5 has been read from HDFS for 2 time
diff succeed!
file 5 has been read from HDFS for 3 time
diff succeed!
file 5 has been read from HDFS for 4 time
diff succeed!
file 5 has been read from HDFS for 5 time
diff succeed!
file 5 has been read from HDFS for 6 time
diff succeed!
file 5 has been read from HDFS for 7 time
diff succeed!
file 5 has been read from HDFS for 8 time
diff succeed!
file 5 has been read from HDFS for 9 time
diff succeed!
file 5 has been read from HDFS for 10 time
diff succeed!
Deleted /myfile5
file 5 has been removed from HDFS
2019-02-21 21:04:39,659 INFO retry.RetryInvocationHandler: java.io.EOFException: End of File Exception between local host is: "clnode059.clemson.cloudlab.us/130.127.133.68"; destination host is: "node-0-link-0":8020; : java.io.EOFException; For more details see:  http://wiki.apache.org/hadoop/EOFException, while invoking ClientNamenodeProtocolTranslatorPB.addBlock over node-0-link-0/10.10.1.1:8020. Trying to failover immediately.
Found 19 items
-rw-r--r--   3 root supergroup 1073741824 2019-02-21 21:00 /myfile1
-rw-r--r--   3 root supergroup 1073741824 2019-02-21 21:04 /myfile10
-rw-r--r--   3 root supergroup 1073741824 2019-02-21 21:03 /myfile11
-rw-r--r--   3 root supergroup 1073741824 2019-02-21 21:03 /myfile12
-rw-r--r--   3 root supergroup 1073741824 2019-02-21 21:04 /myfile13
-rw-r--r--   3 root supergroup 1073741824 2019-02-21 21:03 /myfile14
-rw-r--r--   3 root supergroup 1073741824 2019-02-21 21:03 /myfile15
-rw-r--r--   3 root supergroup 1073741824 2019-02-21 21:04 /myfile16
-rw-r--r--   3 root supergroup 1073741824 2019-02-21 21:04 /myfile17
-rw-r--r--   3 root supergroup 1073741824 2019-02-21 21:03 /myfile18
-rw-r--r--   3 root supergroup 1073741824 2019-02-21 21:03 /myfile19
-rw-r--r--   3 root supergroup 1073741824 2019-02-21 21:01 /myfile2
-rw-r--r--   3 root supergroup 1073741824 2019-02-21 21:02 /myfile3
-rw-r--r--   3 root supergroup 1073741824 2019-02-21 21:04 /myfile4
-rw-r--r--   3 root supergroup 1073741824 2019-02-21 21:04 /myfile5
-rw-r--r--   3 root supergroup 1073741824 2019-02-21 21:04 /myfile6
-rw-r--r--   3 root supergroup 1073741824 2019-02-21 21:03 /myfile7
-rw-r--r--   3 root supergroup 1073741824 2019-02-21 21:00 /myfile8
-rw-r--r--   3 root supergroup 1073741824 2019-02-21 21:03 /myfile9
file 5 has been put into HDFS
file 5 has been read from HDFS for 1 time
diff succeed!
file 5 has been read from HDFS for 2 time
diff succeed!
file 5 has been read from HDFS for 3 time
diff succeed!
file 5 has been read from HDFS for 4 time
diff succeed!
file 5 has been read from HDFS for 5 time
diff succeed!
file 5 has been read from HDFS for 6 time
diff succeed!
file 5 has been read from HDFS for 7 time
diff succeed!
file 5 has been read from HDFS for 8 time
diff succeed!
file 5 has been read from HDFS for 9 time
diff succeed!
file 5 has been read from HDFS for 10 time
diff succeed!
Deleted /myfile5
file 5 has been removed from HDFS
Found 20 items
-rw-r--r--   3 root supergroup 1073741824 2019-02-21 21:06 /myfile1
-rw-r--r--   3 root supergroup 1073741824 2019-02-21 21:04 /myfile10
-rw-r--r--   3 root supergroup 1073741824 2019-02-21 21:08 /myfile11
-rw-r--r--   3 root supergroup 1073741824 2019-02-21 21:07 /myfile12
-rw-r--r--   3 root supergroup 1073741824 2019-02-21 21:04 /myfile13
-rw-r--r--   3 root supergroup 1073741824 2019-02-21 21:08 /myfile14
-rw-r--r--   3 root supergroup 1073741824 2019-02-21 21:08 /myfile15
-rw-r--r--   3 root supergroup 1073741824 2019-02-21 21:08 /myfile16
-rw-r--r--   3 root supergroup 1073741824 2019-02-21 21:08 /myfile17
-rw-r--r--   3 root supergroup 1073741824 2019-02-21 21:08 /myfile18
-rw-r--r--   3 root supergroup 1073741824 2019-02-21 21:08 /myfile19
-rw-r--r--   3 root supergroup 1073741824 2019-02-21 21:06 /myfile2
-rw-r--r--   3 root supergroup 1073741824 2019-02-21 21:06 /myfile20
-rw-r--r--   3 root supergroup 1073741824 2019-02-21 21:06 /myfile3
-rw-r--r--   3 root supergroup 1073741824 2019-02-21 21:08 /myfile4
-rw-r--r--   3 root supergroup 1073741824 2019-02-21 21:08 /myfile5
-rw-r--r--   3 root supergroup 1073741824 2019-02-21 21:04 /myfile6
-rw-r--r--   3 root supergroup 1073741824 2019-02-21 21:08 /myfile7
-rw-r--r--   3 root supergroup 1073741824 2019-02-21 21:06 /myfile8
-rw-r--r--   3 root supergroup 1073741824 2019-02-21 21:08 /myfile9
file 5 has been put into HDFS
file 5 has been read from HDFS for 1 time
diff succeed!
file 5 has been read from HDFS for 2 time
diff succeed!
file 5 has been read from HDFS for 3 time
diff succeed!
file 5 has been read from HDFS for 4 time
diff succeed!
file 5 has been read from HDFS for 5 time
diff succeed!
file 5 has been read from HDFS for 6 time
diff succeed!
file 5 has been read from HDFS for 7 time
diff succeed!
file 5 has been read from HDFS for 8 time
diff succeed!
file 5 has been read from HDFS for 9 time
diff succeed!
file 5 has been read from HDFS for 10 time
diff succeed!
Deleted /myfile5
file 5 has been removed from HDFS
Found 20 items
-rw-r--r--   3 root supergroup 1073741824 2019-02-21 21:11 /myfile1
-rw-r--r--   3 root supergroup 1073741824 2019-02-21 21:09 /myfile10
-rw-r--r--   3 root supergroup 1073741824 2019-02-21 21:13 /myfile11
-rw-r--r--   3 root supergroup 1073741824 2019-02-21 21:11 /myfile12
-rw-r--r--   3 root supergroup 1073741824 2019-02-21 21:09 /myfile13
-rw-r--r--   3 root supergroup 1073741824 2019-02-21 21:12 /myfile14
-rw-r--r--   3 root supergroup 1073741824 2019-02-21 21:12 /myfile15
-rw-r--r--   3 root supergroup 1073741824 2019-02-21 21:13 /myfile16
-rw-r--r--   3 root supergroup 1073741824 2019-02-21 21:13 /myfile17
-rw-r--r--   3 root supergroup 1073741824 2019-02-21 21:13 /myfile18
-rw-r--r--   3 root supergroup 1073741824 2019-02-21 21:12 /myfile19
-rw-r--r--   3 root supergroup 1073741824 2019-02-21 21:11 /myfile2
-rw-r--r--   3 root supergroup 1073741824 2019-02-21 21:11 /myfile20
-rw-r--r--   3 root supergroup 1073741824 2019-02-21 21:11 /myfile3
-rw-r--r--   3 root supergroup          0 2019-02-21 21:13 /myfile4._COPYING_
-rw-r--r--   3 root supergroup 1073741824 2019-02-21 21:13 /myfile5
-rw-r--r--   3 root supergroup 1073741824 2019-02-21 21:09 /myfile6
-rw-r--r--   3 root supergroup 1073741824 2019-02-21 21:13 /myfile7
-rw-r--r--   3 root supergroup 1073741824 2019-02-21 21:12 /myfile8
-rw-r--r--   3 root supergroup 1073741824 2019-02-21 21:12 /myfile9
file 5 has been put into HDFS
file 5 has been read from HDFS for 1 time
diff succeed!
file 5 has been read from HDFS for 2 time
diff succeed!
file 5 has been read from HDFS for 3 time
diff succeed!
file 5 has been read from HDFS for 4 time
diff succeed!
file 5 has been read from HDFS for 5 time
diff succeed!
file 5 has been read from HDFS for 6 time
diff succeed!
file 5 has been read from HDFS for 7 time
diff succeed!
file 5 has been read from HDFS for 8 time
diff succeed!
file 5 has been read from HDFS for 9 time
diff succeed!
file 5 has been read from HDFS for 10 time
diff succeed!
Deleted /myfile5
file 5 has been removed from HDFS
Found 18 items
-rw-r--r--   3 root supergroup 1073741824 2019-02-21 21:15 /myfile1
-rw-r--r--   3 root supergroup 1073741824 2019-02-21 21:14 /myfile10
-rw-r--r--   3 root supergroup 1073741824 2019-02-21 21:17 /myfile12
-rw-r--r--   3 root supergroup 1073741824 2019-02-21 21:15 /myfile13
-rw-r--r--   3 root supergroup 1073741824 2019-02-21 21:17 /myfile14
-rw-r--r--   3 root supergroup 1073741824 2019-02-21 21:17 /myfile15
-rw-r--r--   3 root supergroup 1073741824 2019-02-21 21:17 /myfile16
-rw-r--r--   3 root supergroup          0 2019-02-21 21:17 /myfile18._COPYING_
-rw-r--r--   3 root supergroup  134217728 2019-02-21 21:17 /myfile19._COPYING_
-rw-r--r--   3 root supergroup 1073741824 2019-02-21 21:16 /myfile2
-rw-r--r--   3 root supergroup 1073741824 2019-02-21 21:17 /myfile20
-rw-r--r--   3 root supergroup 1073741824 2019-02-21 21:15 /myfile3
-rw-r--r--   3 root supergroup 1073741824 2019-02-21 21:13 /myfile4
-rw-r--r--   3 root supergroup 1073741824 2019-02-21 21:17 /myfile5
-rw-r--r--   3 root supergroup 1073741824 2019-02-21 21:14 /myfile6
-rw-r--r--   3 root supergroup 1073741824 2019-02-21 21:17 /myfile7
-rw-r--r--   3 root supergroup 1073741824 2019-02-21 21:17 /myfile8
-rw-r--r--   3 root supergroup 1073741824 2019-02-21 21:17 /myfile9
file 5 has been put into HDFS
file 5 has been read from HDFS for 1 time
diff succeed!
file 5 has been read from HDFS for 2 time
diff succeed!
file 5 has been read from HDFS for 3 time
diff succeed!
file 5 has been read from HDFS for 4 time
diff succeed!
file 5 has been read from HDFS for 5 time
diff succeed!
file 5 has been read from HDFS for 6 time
diff succeed!
file 5 has been read from HDFS for 7 time
diff succeed!
file 5 has been read from HDFS for 8 time
diff succeed!
file 5 has been read from HDFS for 9 time
diff succeed!
file 5 has been read from HDFS for 10 time
diff succeed!
Deleted /myfile5
file 5 has been removed from HDFS
Found 19 items
-rw-r--r--   3 root supergroup 1073741824 2019-02-21 21:20 /myfile1
-rw-r--r--   3 root supergroup 1073741824 2019-02-21 21:19 /myfile10
-rw-r--r--   3 root supergroup  671088640 2019-02-21 21:22 /myfile11._COPYING_
-rw-r--r--   3 root supergroup 1073741824 2019-02-21 21:21 /myfile12
-rw-r--r--   3 root supergroup 1073741824 2019-02-21 21:20 /myfile13
-rw-r--r--   3 root supergroup 1073741824 2019-02-21 21:21 /myfile14
-rw-r--r--   3 root supergroup 1073741824 2019-02-21 21:21 /myfile15
-rw-r--r--   3 root supergroup 1073741824 2019-02-21 21:21 /myfile16
-rw-r--r--   3 root supergroup 1073741824 2019-02-21 21:22 /myfile17
-rw-r--r--   3 root supergroup  671088640 2019-02-21 21:22 /myfile19._COPYING_
-rw-r--r--   3 root supergroup 1073741824 2019-02-21 21:21 /myfile2
-rw-r--r--   3 root supergroup 1073741824 2019-02-21 21:21 /myfile20
-rw-r--r--   3 root supergroup 1073741824 2019-02-21 21:20 /myfile3
-rw-r--r--   3 root supergroup 1073741824 2019-02-21 21:22 /myfile4
-rw-r--r--   3 root supergroup 1073741824 2019-02-21 21:22 /myfile5
-rw-r--r--   3 root supergroup 1073741824 2019-02-21 21:18 /myfile6
-rw-r--r--   3 root supergroup 1073741824 2019-02-21 21:21 /myfile7
-rw-r--r--   3 root supergroup 1073741824 2019-02-21 21:21 /myfile8
-rw-r--r--   3 root supergroup 1073741824 2019-02-21 21:22 /myfile9
file 5 has been put into HDFS
file 5 has been read from HDFS for 1 time
diff succeed!
file 5 has been read from HDFS for 2 time
diff succeed!
file 5 has been read from HDFS for 3 time
diff succeed!
file 5 has been read from HDFS for 4 time
diff succeed!
file 5 has been read from HDFS for 5 time
diff succeed!
file 5 has been read from HDFS for 6 time
diff succeed!
file 5 has been read from HDFS for 7 time
diff succeed!
file 5 has been read from HDFS for 8 time
diff succeed!
file 5 has been read from HDFS for 9 time
diff succeed!
file 5 has been read from HDFS for 10 time
diff succeed!
Deleted /myfile5
file 5 has been removed from HDFS
sub_benchmark 10 signal TERM catched and let quit gracefully
