Found 20 items
-rw-r--r--   3 root supergroup  805306368 2019-02-20 01:32 /myfile1._COPYING_
-rw-r--r--   3 root supergroup  939524096 2019-02-20 01:32 /myfile10._COPYING_
-rw-r--r--   3 root supergroup  805306368 2019-02-20 01:32 /myfile11._COPYING_
-rw-r--r--   3 root supergroup  939524096 2019-02-20 01:32 /myfile12._COPYING_
-rw-r--r--   3 root supergroup  939524096 2019-02-20 01:32 /myfile13._COPYING_
-rw-r--r--   3 root supergroup  939524096 2019-02-20 01:32 /myfile14._COPYING_
-rw-r--r--   3 root supergroup 1073741824 2019-02-20 01:32 /myfile15._COPYING_
-rw-r--r--   3 root supergroup  939524096 2019-02-20 01:32 /myfile16._COPYING_
-rw-r--r--   3 root supergroup 1073741824 2019-02-20 01:32 /myfile17
-rw-r--r--   3 root supergroup  939524096 2019-02-20 01:32 /myfile18._COPYING_
-rw-r--r--   3 root supergroup  939524096 2019-02-20 01:32 /myfile19._COPYING_
-rw-r--r--   3 root supergroup 1073741824 2019-02-20 01:32 /myfile2
-rw-r--r--   3 root supergroup 1073741824 2019-02-20 01:32 /myfile20
-rw-r--r--   3 root supergroup 1073741824 2019-02-20 01:32 /myfile3
-rw-r--r--   3 root supergroup 1073741824 2019-02-20 01:32 /myfile4
-rw-r--r--   3 root supergroup  939524096 2019-02-20 01:32 /myfile5._COPYING_
-rw-r--r--   3 root supergroup  805306368 2019-02-20 01:32 /myfile6._COPYING_
-rw-r--r--   3 root supergroup 1073741824 2019-02-20 01:32 /myfile7
-rw-r--r--   3 root supergroup  939524096 2019-02-20 01:32 /myfile8._COPYING_
-rw-r--r--   3 root supergroup 1073741824 2019-02-20 01:32 /myfile9
file 17 has been put into HDFS
file 17 has been read from HDFS for 1 time
diff succeed!
file 17 has been read from HDFS for 2 time
diff succeed!
file 17 has been read from HDFS for 3 time
diff succeed!
file 17 has been read from HDFS for 4 time
diff succeed!
file 17 has been read from HDFS for 5 time
diff succeed!
file 17 has been read from HDFS for 6 time
diff succeed!
file 17 has been read from HDFS for 7 time
diff succeed!
file 17 has been read from HDFS for 8 time
diff succeed!
file 17 has been read from HDFS for 9 time
diff succeed!
file 17 has been read from HDFS for 10 time
diff succeed!
Deleted /myfile17
file 17 has been removed from HDFS
put: Exceeded the configured number of objects 10 in the filesystem.
Found 17 items
-rw-r--r--   3 root supergroup 1073741824 2019-02-20 01:32 /myfile1
-rw-r--r--   3 root supergroup 1073741824 2019-02-20 01:32 /myfile10
-rw-r--r--   3 root supergroup 1073741824 2019-02-20 01:32 /myfile11
-rw-r--r--   3 root supergroup 1073741824 2019-02-20 01:32 /myfile12
-rw-r--r--   3 root supergroup 1073741824 2019-02-20 01:32 /myfile14
-rw-r--r--   3 root supergroup 1073741824 2019-02-20 01:32 /myfile15
-rw-r--r--   3 root supergroup 1073741824 2019-02-20 01:32 /myfile16
-rw-r--r--   3 root supergroup 1073741824 2019-02-20 01:32 /myfile18
-rw-r--r--   3 root supergroup 1073741824 2019-02-20 01:32 /myfile19
-rw-r--r--   3 root supergroup 1073741824 2019-02-20 01:32 /myfile2
-rw-r--r--   3 root supergroup 1073741824 2019-02-20 01:32 /myfile20
-rw-r--r--   3 root supergroup 1073741824 2019-02-20 01:32 /myfile3
-rw-r--r--   3 root supergroup 1073741824 2019-02-20 01:32 /myfile4
-rw-r--r--   3 root supergroup 1073741824 2019-02-20 01:32 /myfile5
-rw-r--r--   3 root supergroup 1073741824 2019-02-20 01:32 /myfile6
-rw-r--r--   3 root supergroup 1073741824 2019-02-20 01:32 /myfile7
-rw-r--r--   3 root supergroup 1073741824 2019-02-20 01:32 /myfile8
file 17 has been put into HDFS
get: `/myfile17': No such file or directory
file 17 has been read from HDFS for 1 time
diff: /root/my_large_file/tmp/myfile17: No such file or directory
diff succeed!
rm: cannot remove '/root/my_large_file/tmp/myfile17': No such file or directory
get: `/myfile17': No such file or directory
file 17 has been read from HDFS for 2 time
diff: /root/my_large_file/tmp/myfile17: No such file or directory
diff succeed!
rm: cannot remove '/root/my_large_file/tmp/myfile17': No such file or directory
get: `/myfile17': No such file or directory
file 17 has been read from HDFS for 3 time
diff: /root/my_large_file/tmp/myfile17: No such file or directory
diff succeed!
rm: cannot remove '/root/my_large_file/tmp/myfile17': No such file or directory
get: `/myfile17': No such file or directory
file 17 has been read from HDFS for 4 time
diff: /root/my_large_file/tmp/myfile17: No such file or directory
diff succeed!
rm: cannot remove '/root/my_large_file/tmp/myfile17': No such file or directory
get: `/myfile17': No such file or directory
file 17 has been read from HDFS for 5 time
diff: /root/my_large_file/tmp/myfile17: No such file or directory
diff succeed!
rm: cannot remove '/root/my_large_file/tmp/myfile17': No such file or directory
get: `/myfile17': No such file or directory
file 17 has been read from HDFS for 6 time
diff: /root/my_large_file/tmp/myfile17: No such file or directory
diff succeed!
rm: cannot remove '/root/my_large_file/tmp/myfile17': No such file or directory
get: `/myfile17': No such file or directory
file 17 has been read from HDFS for 7 time
diff: /root/my_large_file/tmp/myfile17: No such file or directory
diff succeed!
rm: cannot remove '/root/my_large_file/tmp/myfile17': No such file or directory
get: `/myfile17': No such file or directory
file 17 has been read from HDFS for 8 time
diff: /root/my_large_file/tmp/myfile17: No such file or directory
diff succeed!
rm: cannot remove '/root/my_large_file/tmp/myfile17': No such file or directory
get: `/myfile17': No such file or directory
file 17 has been read from HDFS for 9 time
diff: /root/my_large_file/tmp/myfile17: No such file or directory
diff succeed!
rm: cannot remove '/root/my_large_file/tmp/myfile17': No such file or directory
get: `/myfile17': No such file or directory
file 17 has been read from HDFS for 10 time
diff: /root/my_large_file/tmp/myfile17: No such file or directory
diff succeed!
rm: cannot remove '/root/my_large_file/tmp/myfile17': No such file or directory
rm: `/myfile17': No such file or directory
file 17 has been removed from HDFS
put: Exceeded the configured number of objects 10 in the filesystem.
Found 1 items
-rw-r--r--   3 root supergroup 1073741824 2019-02-20 01:36 /myfile10
file 17 has been put into HDFS
get: `/myfile17': No such file or directory
file 17 has been read from HDFS for 1 time
diff: /root/my_large_file/tmp/myfile17: No such file or directory
diff succeed!
rm: cannot remove '/root/my_large_file/tmp/myfile17': No such file or directory
get: `/myfile17': No such file or directory
file 17 has been read from HDFS for 2 time
diff: /root/my_large_file/tmp/myfile17: No such file or directory
diff succeed!
rm: cannot remove '/root/my_large_file/tmp/myfile17': No such file or directory
get: `/myfile17': No such file or directory
file 17 has been read from HDFS for 3 time
diff: /root/my_large_file/tmp/myfile17: No such file or directory
diff succeed!
rm: cannot remove '/root/my_large_file/tmp/myfile17': No such file or directory
get: `/myfile17': No such file or directory
file 17 has been read from HDFS for 4 time
diff: /root/my_large_file/tmp/myfile17: No such file or directory
diff succeed!
rm: cannot remove '/root/my_large_file/tmp/myfile17': No such file or directory
get: `/myfile17': No such file or directory
file 17 has been read from HDFS for 5 time
diff: /root/my_large_file/tmp/myfile17: No such file or directory
diff succeed!
rm: cannot remove '/root/my_large_file/tmp/myfile17': No such file or directory
get: `/myfile17': No such file or directory
file 17 has been read from HDFS for 6 time
diff: /root/my_large_file/tmp/myfile17: No such file or directory
diff succeed!
rm: cannot remove '/root/my_large_file/tmp/myfile17': No such file or directory
get: `/myfile17': No such file or directory
file 17 has been read from HDFS for 7 time
diff: /root/my_large_file/tmp/myfile17: No such file or directory
diff succeed!
rm: cannot remove '/root/my_large_file/tmp/myfile17': No such file or directory
get: `/myfile17': No such file or directory
file 17 has been read from HDFS for 8 time
diff: /root/my_large_file/tmp/myfile17: No such file or directory
diff succeed!
rm: cannot remove '/root/my_large_file/tmp/myfile17': No such file or directory
get: `/myfile17': No such file or directory
file 17 has been read from HDFS for 9 time
diff: /root/my_large_file/tmp/myfile17: No such file or directory
diff succeed!
rm: cannot remove '/root/my_large_file/tmp/myfile17': No such file or directory
get: `/myfile17': No such file or directory
file 17 has been read from HDFS for 10 time
diff: /root/my_large_file/tmp/myfile17: No such file or directory
diff succeed!
rm: cannot remove '/root/my_large_file/tmp/myfile17': No such file or directory
rm: `/myfile17': No such file or directory
file 17 has been removed from HDFS
put: Exceeded the configured number of objects 10 in the filesystem.
Found 1 items
-rw-r--r--   3 root supergroup 1073741824 2019-02-20 01:40 /myfile10
file 17 has been put into HDFS
get: `/myfile17': No such file or directory
file 17 has been read from HDFS for 1 time
diff: /root/my_large_file/tmp/myfile17: No such file or directory
diff succeed!
rm: cannot remove '/root/my_large_file/tmp/myfile17': No such file or directory
get: `/myfile17': No such file or directory
file 17 has been read from HDFS for 2 time
diff: /root/my_large_file/tmp/myfile17: No such file or directory
diff succeed!
rm: cannot remove '/root/my_large_file/tmp/myfile17': No such file or directory
get: `/myfile17': No such file or directory
file 17 has been read from HDFS for 3 time
diff: /root/my_large_file/tmp/myfile17: No such file or directory
diff succeed!
rm: cannot remove '/root/my_large_file/tmp/myfile17': No such file or directory
get: `/myfile17': No such file or directory
file 17 has been read from HDFS for 4 time
diff: /root/my_large_file/tmp/myfile17: No such file or directory
diff succeed!
rm: cannot remove '/root/my_large_file/tmp/myfile17': No such file or directory
get: `/myfile17': No such file or directory
file 17 has been read from HDFS for 5 time
diff: /root/my_large_file/tmp/myfile17: No such file or directory
diff succeed!
rm: cannot remove '/root/my_large_file/tmp/myfile17': No such file or directory
get: `/myfile17': No such file or directory
file 17 has been read from HDFS for 6 time
diff: /root/my_large_file/tmp/myfile17: No such file or directory
diff succeed!
rm: cannot remove '/root/my_large_file/tmp/myfile17': No such file or directory
get: `/myfile17': No such file or directory
file 17 has been read from HDFS for 7 time
diff: /root/my_large_file/tmp/myfile17: No such file or directory
diff succeed!
rm: cannot remove '/root/my_large_file/tmp/myfile17': No such file or directory
get: `/myfile17': No such file or directory
file 17 has been read from HDFS for 8 time
diff: /root/my_large_file/tmp/myfile17: No such file or directory
diff succeed!
rm: cannot remove '/root/my_large_file/tmp/myfile17': No such file or directory
get: `/myfile17': No such file or directory
file 17 has been read from HDFS for 9 time
diff: /root/my_large_file/tmp/myfile17: No such file or directory
diff succeed!
rm: cannot remove '/root/my_large_file/tmp/myfile17': No such file or directory
get: `/myfile17': No such file or directory
file 17 has been read from HDFS for 10 time
diff: /root/my_large_file/tmp/myfile17: No such file or directory
diff succeed!
rm: cannot remove '/root/my_large_file/tmp/myfile17': No such file or directory
rm: `/myfile17': No such file or directory
file 17 has been removed from HDFS
put: Exceeded the configured number of objects 10 in the filesystem.
Found 1 items
-rw-r--r--   3 root supergroup 1073741824 2019-02-20 01:43 /myfile10
file 17 has been put into HDFS
get: `/myfile17': No such file or directory
file 17 has been read from HDFS for 1 time
diff: /root/my_large_file/tmp/myfile17: No such file or directory
diff succeed!
rm: cannot remove '/root/my_large_file/tmp/myfile17': No such file or directory
get: `/myfile17': No such file or directory
file 17 has been read from HDFS for 2 time
diff: /root/my_large_file/tmp/myfile17: No such file or directory
diff succeed!
rm: cannot remove '/root/my_large_file/tmp/myfile17': No such file or directory
get: `/myfile17': No such file or directory
file 17 has been read from HDFS for 3 time
diff: /root/my_large_file/tmp/myfile17: No such file or directory
diff succeed!
rm: cannot remove '/root/my_large_file/tmp/myfile17': No such file or directory
get: `/myfile17': No such file or directory
file 17 has been read from HDFS for 4 time
diff: /root/my_large_file/tmp/myfile17: No such file or directory
diff succeed!
rm: cannot remove '/root/my_large_file/tmp/myfile17': No such file or directory
get: `/myfile17': No such file or directory
file 17 has been read from HDFS for 5 time
diff: /root/my_large_file/tmp/myfile17: No such file or directory
diff succeed!
rm: cannot remove '/root/my_large_file/tmp/myfile17': No such file or directory
get: `/myfile17': No such file or directory
file 17 has been read from HDFS for 6 time
diff: /root/my_large_file/tmp/myfile17: No such file or directory
diff succeed!
rm: cannot remove '/root/my_large_file/tmp/myfile17': No such file or directory
get: `/myfile17': No such file or directory
file 17 has been read from HDFS for 7 time
diff: /root/my_large_file/tmp/myfile17: No such file or directory
diff succeed!
rm: cannot remove '/root/my_large_file/tmp/myfile17': No such file or directory
get: `/myfile17': No such file or directory
file 17 has been read from HDFS for 8 time
diff: /root/my_large_file/tmp/myfile17: No such file or directory
diff succeed!
rm: cannot remove '/root/my_large_file/tmp/myfile17': No such file or directory
get: `/myfile17': No such file or directory
file 17 has been read from HDFS for 9 time
diff: /root/my_large_file/tmp/myfile17: No such file or directory
diff succeed!
rm: cannot remove '/root/my_large_file/tmp/myfile17': No such file or directory
get: `/myfile17': No such file or directory
file 17 has been read from HDFS for 10 time
diff: /root/my_large_file/tmp/myfile17: No such file or directory
diff succeed!
rm: cannot remove '/root/my_large_file/tmp/myfile17': No such file or directory
rm: `/myfile17': No such file or directory
file 17 has been removed from HDFS
Found 1 items
-rw-r--r--   3 root supergroup 1073741824 2019-02-20 01:45 /myfile17
file 17 has been put into HDFS
file 17 has been read from HDFS for 1 time
diff succeed!
file 17 has been read from HDFS for 2 time
diff succeed!
file 17 has been read from HDFS for 3 time
diff succeed!
file 17 has been read from HDFS for 4 time
diff succeed!
file 17 has been read from HDFS for 5 time
diff succeed!
file 17 has been read from HDFS for 6 time
diff succeed!
file 17 has been read from HDFS for 7 time
diff succeed!
file 17 has been read from HDFS for 8 time
diff succeed!
file 17 has been read from HDFS for 9 time
diff succeed!
file 17 has been read from HDFS for 10 time
diff succeed!
Deleted /myfile17
file 17 has been removed from HDFS
Found 16 items
-rw-r--r--   3 root supergroup 1073741824 2019-02-20 01:46 /myfile1
-rw-r--r--   3 root supergroup          0 2019-02-20 01:49 /myfile10._COPYING_
-rw-r--r--   3 root supergroup 1073741824 2019-02-20 01:46 /myfile14
-rw-r--r--   3 root supergroup 1073741824 2019-02-20 01:46 /myfile15
-rw-r--r--   3 root supergroup 1073741824 2019-02-20 01:46 /myfile16
-rw-r--r--   3 root supergroup 1073741824 2019-02-20 01:49 /myfile17
-rw-r--r--   3 root supergroup 1073741824 2019-02-20 01:46 /myfile18
-rw-r--r--   3 root supergroup 1073741824 2019-02-20 01:46 /myfile19
-rw-r--r--   3 root supergroup 1073741824 2019-02-20 01:46 /myfile2
-rw-r--r--   3 root supergroup 1073741824 2019-02-20 01:46 /myfile20
-rw-r--r--   3 root supergroup 1073741824 2019-02-20 01:46 /myfile3
-rw-r--r--   3 root supergroup 1073741824 2019-02-20 01:46 /myfile4
-rw-r--r--   3 root supergroup 1073741824 2019-02-20 01:46 /myfile5
-rw-r--r--   3 root supergroup 1073741824 2019-02-20 01:46 /myfile6
-rw-r--r--   3 root supergroup 1073741824 2019-02-20 01:46 /myfile7
-rw-r--r--   3 root supergroup 1073741824 2019-02-20 01:49 /myfile9
file 17 has been put into HDFS
file 17 has been read from HDFS for 1 time
diff succeed!
file 17 has been read from HDFS for 2 time
diff succeed!
file 17 has been read from HDFS for 3 time
diff succeed!
file 17 has been read from HDFS for 4 time
diff succeed!
file 17 has been read from HDFS for 5 time
diff succeed!
file 17 has been read from HDFS for 6 time
diff succeed!
file 17 has been read from HDFS for 7 time
diff succeed!
file 17 has been read from HDFS for 8 time
diff succeed!
file 17 has been read from HDFS for 9 time
diff succeed!
file 17 has been read from HDFS for 10 time
diff succeed!
Deleted /myfile17
file 17 has been removed from HDFS
Found 20 items
-rw-r--r--   3 root supergroup 1073741824 2019-02-20 01:50 /myfile1
-rw-r--r--   3 root supergroup 1073741824 2019-02-20 01:53 /myfile10
-rw-r--r--   3 root supergroup 1073741824 2019-02-20 01:53 /myfile11
-rw-r--r--   3 root supergroup 1073741824 2019-02-20 01:53 /myfile12
-rw-r--r--   3 root supergroup 1073741824 2019-02-20 01:53 /myfile13
-rw-r--r--   3 root supergroup 1073741824 2019-02-20 01:50 /myfile14
-rw-r--r--   3 root supergroup 1073741824 2019-02-20 01:50 /myfile15
-rw-r--r--   3 root supergroup 1073741824 2019-02-20 01:50 /myfile16
-rw-r--r--   3 root supergroup 1073741824 2019-02-20 01:53 /myfile17
-rw-r--r--   3 root supergroup 1073741824 2019-02-20 01:50 /myfile18
-rw-r--r--   3 root supergroup 1073741824 2019-02-20 01:50 /myfile19
-rw-r--r--   3 root supergroup  805306368 2019-02-20 01:53 /myfile2._COPYING_
-rw-r--r--   3 root supergroup 1073741824 2019-02-20 01:50 /myfile20
-rw-r--r--   3 root supergroup 1073741824 2019-02-20 01:50 /myfile3
-rw-r--r--   3 root supergroup 1073741824 2019-02-20 01:50 /myfile4
-rw-r--r--   3 root supergroup 1073741824 2019-02-20 01:50 /myfile5
-rw-r--r--   3 root supergroup 1073741824 2019-02-20 01:50 /myfile6
-rw-r--r--   3 root supergroup 1073741824 2019-02-20 01:50 /myfile7
-rw-r--r--   3 root supergroup 1073741824 2019-02-20 01:53 /myfile8
-rw-r--r--   3 root supergroup 1073741824 2019-02-20 01:53 /myfile9
file 17 has been put into HDFS
file 17 has been read from HDFS for 1 time
diff succeed!
file 17 has been read from HDFS for 2 time
diff succeed!
file 17 has been read from HDFS for 3 time
diff succeed!
file 17 has been read from HDFS for 4 time
diff succeed!
file 17 has been read from HDFS for 5 time
diff succeed!
2019-02-20 01:55:46,528 INFO retry.RetryInvocationHandler: org.apache.hadoop.ipc.RemoteException(org.apache.hadoop.ipc.StandbyException): Operation category READ is not supported in state standby. Visit https://s.apache.org/sbnn-error
	at org.apache.hadoop.hdfs.server.namenode.ha.StandbyState.checkOperation(StandbyState.java:88)
	at org.apache.hadoop.hdfs.server.namenode.NameNode$NameNodeHAContext.checkOperation(NameNode.java:1952)
	at org.apache.hadoop.hdfs.server.namenode.FSNamesystem.checkOperation(FSNamesystem.java:1423)
	at org.apache.hadoop.hdfs.server.namenode.FSNamesystem.getFileInfo(FSNamesystem.java:3085)
	at org.apache.hadoop.hdfs.server.namenode.NameNodeRpcServer.getFileInfo(NameNodeRpcServer.java:1154)
	at org.apache.hadoop.hdfs.protocolPB.ClientNamenodeProtocolServerSideTranslatorPB.getFileInfo(ClientNamenodeProtocolServerSideTranslatorPB.java:966)
	at org.apache.hadoop.hdfs.protocol.proto.ClientNamenodeProtocolProtos$ClientNamenodeProtocol$2.callBlockingMethod(ClientNamenodeProtocolProtos.java)
	at org.apache.hadoop.ipc.ProtobufRpcEngine$Server$ProtoBufRpcInvoker.call(ProtobufRpcEngine.java:523)
	at org.apache.hadoop.ipc.RPC$Server.call(RPC.java:991)
	at org.apache.hadoop.ipc.Server$RpcCall.run(Server.java:872)
	at org.apache.hadoop.ipc.Server$RpcCall.run(Server.java:818)
	at java.security.AccessController.doPrivileged(Native Method)
	at javax.security.auth.Subject.doAs(Subject.java:422)
	at org.apache.hadoop.security.UserGroupInformation.doAs(UserGroupInformation.java:1729)
	at org.apache.hadoop.ipc.Server$Handler.run(Server.java:2678)
, while invoking ClientNamenodeProtocolTranslatorPB.getFileInfo over node-1-link-0/10.10.1.4:8020 after 1 failover attempts. Trying to failover after sleeping for 1362ms.
2019-02-20 01:55:47,897 INFO retry.RetryInvocationHandler: java.net.ConnectException: Call From clnode090.clemson.cloudlab.us/130.127.133.99 to node-0-link-0:8020 failed on connection exception: java.net.ConnectException: Connection refused; For more details see:  http://wiki.apache.org/hadoop/ConnectionRefused, while invoking ClientNamenodeProtocolTranslatorPB.getFileInfo over node-0-link-0/10.10.1.1:8020 after 2 failover attempts. Trying to failover after sleeping for 1729ms.
file 17 has been read from HDFS for 6 time
diff succeed!
file 17 has been read from HDFS for 7 time
diff succeed!
file 17 has been read from HDFS for 8 time
diff succeed!
file 17 has been read from HDFS for 9 time
diff succeed!
file 17 has been read from HDFS for 10 time
diff succeed!
Deleted /myfile17
file 17 has been removed from HDFS
put: Exceeded the configured number of objects 10 in the filesystem.
Found 15 items
-rw-r--r--   3 root supergroup 1073741824 2019-02-20 01:54 /myfile1
-rw-r--r--   3 root supergroup 1073741824 2019-02-20 01:53 /myfile10
-rw-r--r--   3 root supergroup 1073741824 2019-02-20 01:53 /myfile13
-rw-r--r--   3 root supergroup 1073741824 2019-02-20 01:54 /myfile14
-rw-r--r--   3 root supergroup 1073741824 2019-02-20 01:54 /myfile15
-rw-r--r--   3 root supergroup 1073741824 2019-02-20 01:54 /myfile16
-rw-r--r--   3 root supergroup 1073741824 2019-02-20 01:54 /myfile18
-rw-r--r--   3 root supergroup 1073741824 2019-02-20 01:54 /myfile19
-rw-r--r--   3 root supergroup 1073741824 2019-02-20 01:53 /myfile2
-rw-r--r--   3 root supergroup 1073741824 2019-02-20 01:54 /myfile20
-rw-r--r--   3 root supergroup 1073741824 2019-02-20 01:54 /myfile3
-rw-r--r--   3 root supergroup 1073741824 2019-02-20 01:55 /myfile4
-rw-r--r--   3 root supergroup 1073741824 2019-02-20 01:54 /myfile5
-rw-r--r--   3 root supergroup 1073741824 2019-02-20 01:54 /myfile6
-rw-r--r--   3 root supergroup 1073741824 2019-02-20 01:54 /myfile7
file 17 has been put into HDFS
get: `/myfile17': No such file or directory
file 17 has been read from HDFS for 1 time
diff: /root/my_large_file/tmp/myfile17: No such file or directory
diff succeed!
rm: cannot remove '/root/my_large_file/tmp/myfile17': No such file or directory
get: `/myfile17': No such file or directory
file 17 has been read from HDFS for 2 time
diff: /root/my_large_file/tmp/myfile17: No such file or directory
diff succeed!
rm: cannot remove '/root/my_large_file/tmp/myfile17': No such file or directory
get: `/myfile17': No such file or directory
file 17 has been read from HDFS for 3 time
diff: /root/my_large_file/tmp/myfile17: No such file or directory
diff succeed!
rm: cannot remove '/root/my_large_file/tmp/myfile17': No such file or directory
get: `/myfile17': No such file or directory
file 17 has been read from HDFS for 4 time
diff: /root/my_large_file/tmp/myfile17: No such file or directory
diff succeed!
rm: cannot remove '/root/my_large_file/tmp/myfile17': No such file or directory
get: `/myfile17': No such file or directory
file 17 has been read from HDFS for 5 time
diff: /root/my_large_file/tmp/myfile17: No such file or directory
diff succeed!
rm: cannot remove '/root/my_large_file/tmp/myfile17': No such file or directory
get: `/myfile17': No such file or directory
file 17 has been read from HDFS for 6 time
diff: /root/my_large_file/tmp/myfile17: No such file or directory
diff succeed!
rm: cannot remove '/root/my_large_file/tmp/myfile17': No such file or directory
get: `/myfile17': No such file or directory
file 17 has been read from HDFS for 7 time
diff: /root/my_large_file/tmp/myfile17: No such file or directory
diff succeed!
rm: cannot remove '/root/my_large_file/tmp/myfile17': No such file or directory
get: `/myfile17': No such file or directory
file 17 has been read from HDFS for 8 time
diff: /root/my_large_file/tmp/myfile17: No such file or directory
diff succeed!
rm: cannot remove '/root/my_large_file/tmp/myfile17': No such file or directory
get: `/myfile17': No such file or directory
file 17 has been read from HDFS for 9 time
diff: /root/my_large_file/tmp/myfile17: No such file or directory
diff succeed!
rm: cannot remove '/root/my_large_file/tmp/myfile17': No such file or directory
get: `/myfile17': No such file or directory
file 17 has been read from HDFS for 10 time
diff: /root/my_large_file/tmp/myfile17: No such file or directory
diff succeed!
rm: cannot remove '/root/my_large_file/tmp/myfile17': No such file or directory
rm: `/myfile17': No such file or directory
file 17 has been removed from HDFS
put: Exceeded the configured number of objects 10 in the filesystem.
Found 1 items
-rw-r--r--   3 root supergroup 1073741824 2019-02-20 01:58 /myfile6
file 17 has been put into HDFS
get: `/myfile17': No such file or directory
file 17 has been read from HDFS for 1 time
diff: /root/my_large_file/tmp/myfile17: No such file or directory
diff succeed!
rm: cannot remove '/root/my_large_file/tmp/myfile17': No such file or directory
get: `/myfile17': No such file or directory
file 17 has been read from HDFS for 2 time
diff: /root/my_large_file/tmp/myfile17: No such file or directory
diff succeed!
rm: cannot remove '/root/my_large_file/tmp/myfile17': No such file or directory
get: `/myfile17': No such file or directory
file 17 has been read from HDFS for 3 time
diff: /root/my_large_file/tmp/myfile17: No such file or directory
diff succeed!
rm: cannot remove '/root/my_large_file/tmp/myfile17': No such file or directory
get: `/myfile17': No such file or directory
file 17 has been read from HDFS for 4 time
diff: /root/my_large_file/tmp/myfile17: No such file or directory
diff succeed!
rm: cannot remove '/root/my_large_file/tmp/myfile17': No such file or directory
get: `/myfile17': No such file or directory
file 17 has been read from HDFS for 5 time
diff: /root/my_large_file/tmp/myfile17: No such file or directory
diff succeed!
rm: cannot remove '/root/my_large_file/tmp/myfile17': No such file or directory
get: `/myfile17': No such file or directory
file 17 has been read from HDFS for 6 time
diff: /root/my_large_file/tmp/myfile17: No such file or directory
diff succeed!
rm: cannot remove '/root/my_large_file/tmp/myfile17': No such file or directory
get: `/myfile17': No such file or directory
file 17 has been read from HDFS for 7 time
diff: /root/my_large_file/tmp/myfile17: No such file or directory
diff succeed!
rm: cannot remove '/root/my_large_file/tmp/myfile17': No such file or directory
get: `/myfile17': No such file or directory
file 17 has been read from HDFS for 8 time
diff: /root/my_large_file/tmp/myfile17: No such file or directory
diff succeed!
rm: cannot remove '/root/my_large_file/tmp/myfile17': No such file or directory
get: `/myfile17': No such file or directory
file 17 has been read from HDFS for 9 time
diff: /root/my_large_file/tmp/myfile17: No such file or directory
diff succeed!
rm: cannot remove '/root/my_large_file/tmp/myfile17': No such file or directory
get: `/myfile17': No such file or directory
file 17 has been read from HDFS for 10 time
diff: /root/my_large_file/tmp/myfile17: No such file or directory
diff succeed!
rm: cannot remove '/root/my_large_file/tmp/myfile17': No such file or directory
rm: `/myfile17': No such file or directory
file 17 has been removed from HDFS
put: Exceeded the configured number of objects 10 in the filesystem.
Found 1 items
-rw-r--r--   3 root supergroup 1073741824 2019-02-20 02:01 /myfile6
file 17 has been put into HDFS
get: `/myfile17': No such file or directory
file 17 has been read from HDFS for 1 time
diff: /root/my_large_file/tmp/myfile17: No such file or directory
diff succeed!
rm: cannot remove '/root/my_large_file/tmp/myfile17': No such file or directory
get: `/myfile17': No such file or directory
file 17 has been read from HDFS for 2 time
diff: /root/my_large_file/tmp/myfile17: No such file or directory
diff succeed!
rm: cannot remove '/root/my_large_file/tmp/myfile17': No such file or directory
get: `/myfile17': No such file or directory
file 17 has been read from HDFS for 3 time
diff: /root/my_large_file/tmp/myfile17: No such file or directory
diff succeed!
rm: cannot remove '/root/my_large_file/tmp/myfile17': No such file or directory
get: `/myfile17': No such file or directory
file 17 has been read from HDFS for 4 time
diff: /root/my_large_file/tmp/myfile17: No such file or directory
diff succeed!
rm: cannot remove '/root/my_large_file/tmp/myfile17': No such file or directory
get: `/myfile17': No such file or directory
file 17 has been read from HDFS for 5 time
diff: /root/my_large_file/tmp/myfile17: No such file or directory
diff succeed!
rm: cannot remove '/root/my_large_file/tmp/myfile17': No such file or directory
get: `/myfile17': No such file or directory
file 17 has been read from HDFS for 6 time
diff: /root/my_large_file/tmp/myfile17: No such file or directory
diff succeed!
rm: cannot remove '/root/my_large_file/tmp/myfile17': No such file or directory
get: `/myfile17': No such file or directory
file 17 has been read from HDFS for 7 time
diff: /root/my_large_file/tmp/myfile17: No such file or directory
diff succeed!
rm: cannot remove '/root/my_large_file/tmp/myfile17': No such file or directory
get: `/myfile17': No such file or directory
file 17 has been read from HDFS for 8 time
diff: /root/my_large_file/tmp/myfile17: No such file or directory
diff succeed!
rm: cannot remove '/root/my_large_file/tmp/myfile17': No such file or directory
get: `/myfile17': No such file or directory
file 17 has been read from HDFS for 9 time
diff: /root/my_large_file/tmp/myfile17: No such file or directory
diff succeed!
rm: cannot remove '/root/my_large_file/tmp/myfile17': No such file or directory
get: `/myfile17': No such file or directory
file 17 has been read from HDFS for 10 time
diff: /root/my_large_file/tmp/myfile17: No such file or directory
diff succeed!
rm: cannot remove '/root/my_large_file/tmp/myfile17': No such file or directory
rm: `/myfile17': No such file or directory
file 17 has been removed from HDFS
put: Exceeded the configured number of objects 10 in the filesystem.
Found 1 items
-rw-r--r--   3 root supergroup 1073741824 2019-02-20 02:04 /myfile9
file 17 has been put into HDFS
get: `/myfile17': No such file or directory
file 17 has been read from HDFS for 1 time
diff: /root/my_large_file/tmp/myfile17: No such file or directory
diff succeed!
rm: cannot remove '/root/my_large_file/tmp/myfile17': No such file or directory
get: `/myfile17': No such file or directory
file 17 has been read from HDFS for 2 time
diff: /root/my_large_file/tmp/myfile17: No such file or directory
diff succeed!
rm: cannot remove '/root/my_large_file/tmp/myfile17': No such file or directory
get: `/myfile17': No such file or directory
file 17 has been read from HDFS for 3 time
diff: /root/my_large_file/tmp/myfile17: No such file or directory
diff succeed!
rm: cannot remove '/root/my_large_file/tmp/myfile17': No such file or directory
get: `/myfile17': No such file or directory
file 17 has been read from HDFS for 4 time
diff: /root/my_large_file/tmp/myfile17: No such file or directory
diff succeed!
rm: cannot remove '/root/my_large_file/tmp/myfile17': No such file or directory
get: `/myfile17': No such file or directory
file 17 has been read from HDFS for 5 time
diff: /root/my_large_file/tmp/myfile17: No such file or directory
diff succeed!
rm: cannot remove '/root/my_large_file/tmp/myfile17': No such file or directory
get: `/myfile17': No such file or directory
file 17 has been read from HDFS for 6 time
diff: /root/my_large_file/tmp/myfile17: No such file or directory
diff succeed!
rm: cannot remove '/root/my_large_file/tmp/myfile17': No such file or directory
get: `/myfile17': No such file or directory
file 17 has been read from HDFS for 7 time
diff: /root/my_large_file/tmp/myfile17: No such file or directory
diff succeed!
rm: cannot remove '/root/my_large_file/tmp/myfile17': No such file or directory
get: `/myfile17': No such file or directory
file 17 has been read from HDFS for 8 time
diff: /root/my_large_file/tmp/myfile17: No such file or directory
diff succeed!
rm: cannot remove '/root/my_large_file/tmp/myfile17': No such file or directory
get: `/myfile17': No such file or directory
file 17 has been read from HDFS for 9 time
diff: /root/my_large_file/tmp/myfile17: No such file or directory
diff succeed!
rm: cannot remove '/root/my_large_file/tmp/myfile17': No such file or directory
get: `/myfile17': No such file or directory
file 17 has been read from HDFS for 10 time
diff: /root/my_large_file/tmp/myfile17: No such file or directory
diff succeed!
rm: cannot remove '/root/my_large_file/tmp/myfile17': No such file or directory
rm: `/myfile17': No such file or directory
file 17 has been removed from HDFS
put: Exceeded the configured number of objects 10 in the filesystem.
Found 1 items
-rw-r--r--   3 root supergroup 1073741824 2019-02-20 02:04 /myfile9
file 17 has been put into HDFS
get: `/myfile17': No such file or directory
file 17 has been read from HDFS for 1 time
diff: /root/my_large_file/tmp/myfile17: No such file or directory
diff succeed!
rm: cannot remove '/root/my_large_file/tmp/myfile17': No such file or directory
get: `/myfile17': No such file or directory
file 17 has been read from HDFS for 2 time
diff: /root/my_large_file/tmp/myfile17: No such file or directory
diff succeed!
rm: cannot remove '/root/my_large_file/tmp/myfile17': No such file or directory
get: `/myfile17': No such file or directory
file 17 has been read from HDFS for 3 time
diff: /root/my_large_file/tmp/myfile17: No such file or directory
diff succeed!
rm: cannot remove '/root/my_large_file/tmp/myfile17': No such file or directory
get: `/myfile17': No such file or directory
file 17 has been read from HDFS for 4 time
diff: /root/my_large_file/tmp/myfile17: No such file or directory
diff succeed!
rm: cannot remove '/root/my_large_file/tmp/myfile17': No such file or directory
get: `/myfile17': No such file or directory
file 17 has been read from HDFS for 5 time
diff: /root/my_large_file/tmp/myfile17: No such file or directory
diff succeed!
rm: cannot remove '/root/my_large_file/tmp/myfile17': No such file or directory
get: `/myfile17': No such file or directory
file 17 has been read from HDFS for 6 time
diff: /root/my_large_file/tmp/myfile17: No such file or directory
diff succeed!
rm: cannot remove '/root/my_large_file/tmp/myfile17': No such file or directory
get: `/myfile17': No such file or directory
file 17 has been read from HDFS for 7 time
diff: /root/my_large_file/tmp/myfile17: No such file or directory
diff succeed!
rm: cannot remove '/root/my_large_file/tmp/myfile17': No such file or directory
get: `/myfile17': No such file or directory
file 17 has been read from HDFS for 8 time
diff: /root/my_large_file/tmp/myfile17: No such file or directory
diff succeed!
rm: cannot remove '/root/my_large_file/tmp/myfile17': No such file or directory
get: `/myfile17': No such file or directory
file 17 has been read from HDFS for 9 time
diff: /root/my_large_file/tmp/myfile17: No such file or directory
diff succeed!
rm: cannot remove '/root/my_large_file/tmp/myfile17': No such file or directory
get: `/myfile17': No such file or directory
file 17 has been read from HDFS for 10 time
diff: /root/my_large_file/tmp/myfile17: No such file or directory
diff succeed!
rm: cannot remove '/root/my_large_file/tmp/myfile17': No such file or directory
rm: `/myfile17': No such file or directory
file 17 has been removed from HDFS
Found 20 items
-rw-r--r--   3 root supergroup 1073741824 2019-02-20 02:07 /myfile1
-rw-r--r--   3 root supergroup 1073741824 2019-02-20 02:07 /myfile10
-rw-r--r--   3 root supergroup 1073741824 2019-02-20 02:09 /myfile11
-rw-r--r--   3 root supergroup 1073741824 2019-02-20 02:09 /myfile12
-rw-r--r--   3 root supergroup 1073741824 2019-02-20 02:07 /myfile13
-rw-r--r--   3 root supergroup 1073741824 2019-02-20 02:08 /myfile14
-rw-r--r--   3 root supergroup 1073741824 2019-02-20 02:07 /myfile15
-rw-r--r--   3 root supergroup 1073741824 2019-02-20 02:08 /myfile16
-rw-r--r--   3 root supergroup 1073741824 2019-02-20 02:09 /myfile17
-rw-r--r--   3 root supergroup 1073741824 2019-02-20 02:07 /myfile18
-rw-r--r--   3 root supergroup 1073741824 2019-02-20 02:08 /myfile19
-rw-r--r--   3 root supergroup 1073741824 2019-02-20 02:07 /myfile2
-rw-r--r--   3 root supergroup 1073741824 2019-02-20 02:08 /myfile20
-rw-r--r--   3 root supergroup 1073741824 2019-02-20 02:08 /myfile3
-rw-r--r--   3 root supergroup 1073741824 2019-02-20 02:08 /myfile4
-rw-r--r--   3 root supergroup 1073741824 2019-02-20 02:07 /myfile5
-rw-r--r--   3 root supergroup 1073741824 2019-02-20 02:09 /myfile6
-rw-r--r--   3 root supergroup 1073741824 2019-02-20 02:08 /myfile7
-rw-r--r--   3 root supergroup  536870912 2019-02-20 02:09 /myfile8._COPYING_
-rw-r--r--   3 root supergroup 1073741824 2019-02-20 02:07 /myfile9
file 17 has been put into HDFS
file 17 has been read from HDFS for 1 time
diff succeed!
file 17 has been read from HDFS for 2 time
diff succeed!
file 17 has been read from HDFS for 3 time
diff succeed!
file 17 has been read from HDFS for 4 time
diff succeed!
file 17 has been read from HDFS for 5 time
diff succeed!
file 17 has been read from HDFS for 6 time
diff succeed!
file 17 has been read from HDFS for 7 time
diff succeed!
file 17 has been read from HDFS for 8 time
diff succeed!
file 17 has been read from HDFS for 9 time
diff succeed!
file 17 has been read from HDFS for 10 time
diff succeed!
Deleted /myfile17
file 17 has been removed from HDFS
Found 18 items
-rw-r--r--   3 root supergroup 1073741824 2019-02-20 02:11 /myfile1
-rw-r--r--   3 root supergroup 1073741824 2019-02-20 02:11 /myfile10
-rw-r--r--   3 root supergroup  402653184 2019-02-20 02:14 /myfile12._COPYING_
-rw-r--r--   3 root supergroup 1073741824 2019-02-20 02:11 /myfile13
-rw-r--r--   3 root supergroup 1073741824 2019-02-20 02:13 /myfile14
-rw-r--r--   3 root supergroup 1073741824 2019-02-20 02:11 /myfile15
-rw-r--r--   3 root supergroup 1073741824 2019-02-20 02:11 /myfile16
-rw-r--r--   3 root supergroup 1073741824 2019-02-20 02:14 /myfile17
-rw-r--r--   3 root supergroup 1073741824 2019-02-20 02:11 /myfile18
-rw-r--r--   3 root supergroup 1073741824 2019-02-20 02:11 /myfile19
-rw-r--r--   3 root supergroup 1073741824 2019-02-20 02:11 /myfile2
-rw-r--r--   3 root supergroup 1073741824 2019-02-20 02:13 /myfile20
-rw-r--r--   3 root supergroup 1073741824 2019-02-20 02:11 /myfile3
-rw-r--r--   3 root supergroup 1073741824 2019-02-20 02:13 /myfile4
-rw-r--r--   3 root supergroup 1073741824 2019-02-20 02:11 /myfile5
-rw-r--r--   3 root supergroup 1073741824 2019-02-20 02:13 /myfile7
-rw-r--r--   3 root supergroup 1073741824 2019-02-20 02:14 /myfile8
-rw-r--r--   3 root supergroup 1073741824 2019-02-20 02:13 /myfile9
file 17 has been put into HDFS
file 17 has been read from HDFS for 1 time
diff succeed!
file 17 has been read from HDFS for 2 time
diff succeed!
file 17 has been read from HDFS for 3 time
diff succeed!
file 17 has been read from HDFS for 4 time
diff succeed!
file 17 has been read from HDFS for 5 time
diff succeed!
file 17 has been read from HDFS for 6 time
diff succeed!
file 17 has been read from HDFS for 7 time
diff succeed!
file 17 has been read from HDFS for 8 time
diff succeed!
file 17 has been read from HDFS for 9 time
diff succeed!
file 17 has been read from HDFS for 10 time
diff succeed!
Deleted /myfile17
file 17 has been removed from HDFS
sub_benchmark 10 signal TERM catched and let quit gracefully
