Found 20 items
-rw-r--r--   3 root supergroup 1073741824 2019-03-01 06:24 /myfile1
-rw-r--r--   3 root supergroup 1073741824 2019-03-01 06:24 /myfile10
-rw-r--r--   3 root supergroup 1073741824 2019-03-01 06:24 /myfile11
-rw-r--r--   3 root supergroup 1073741824 2019-03-01 06:24 /myfile12
-rw-r--r--   3 root supergroup  805306368 2019-03-01 06:24 /myfile13._COPYING_
-rw-r--r--   3 root supergroup  939524096 2019-03-01 06:24 /myfile14._COPYING_
-rw-r--r--   3 root supergroup 1073741824 2019-03-01 06:24 /myfile15
-rw-r--r--   3 root supergroup  939524096 2019-03-01 06:24 /myfile16._COPYING_
-rw-r--r--   3 root supergroup 1073741824 2019-03-01 06:24 /myfile17
-rw-r--r--   3 root supergroup 1073741824 2019-03-01 06:24 /myfile18
-rw-r--r--   3 root supergroup 1073741824 2019-03-01 06:24 /myfile19
-rw-r--r--   3 root supergroup 1073741824 2019-03-01 06:24 /myfile2
-rw-r--r--   3 root supergroup 1073741824 2019-03-01 06:24 /myfile20
-rw-r--r--   3 root supergroup 1073741824 2019-03-01 06:24 /myfile3
-rw-r--r--   3 root supergroup 1073741824 2019-03-01 06:24 /myfile4
-rw-r--r--   3 root supergroup 1073741824 2019-03-01 06:24 /myfile5
-rw-r--r--   3 root supergroup 1073741824 2019-03-01 06:24 /myfile6
-rw-r--r--   3 root supergroup 1073741824 2019-03-01 06:24 /myfile7
-rw-r--r--   3 root supergroup  939524096 2019-03-01 06:24 /myfile8._COPYING_
-rw-r--r--   3 root supergroup 1073741824 2019-03-01 06:24 /myfile9
file 19 has been put into HDFS
file 19 has been read from HDFS for 1 time
diff succeed!
2019-03-01 06:25:32,368 WARN impl.BlockReaderFactory: I/O error constructing remote block reader.
java.net.ConnectException: Connection refused
	at sun.nio.ch.SocketChannelImpl.checkConnect(Native Method)
	at sun.nio.ch.SocketChannelImpl.finishConnect(SocketChannelImpl.java:717)
	at org.apache.hadoop.net.SocketIOWithTimeout.connect(SocketIOWithTimeout.java:206)
	at org.apache.hadoop.net.NetUtils.connect(NetUtils.java:531)
	at org.apache.hadoop.hdfs.DFSClient.newConnectedPeer(DFSClient.java:2924)
	at org.apache.hadoop.hdfs.client.impl.BlockReaderFactory.nextTcpPeer(BlockReaderFactory.java:821)
	at org.apache.hadoop.hdfs.client.impl.BlockReaderFactory.getRemoteBlockReaderFromTcp(BlockReaderFactory.java:746)
	at org.apache.hadoop.hdfs.client.impl.BlockReaderFactory.build(BlockReaderFactory.java:379)
	at org.apache.hadoop.hdfs.DFSInputStream.getBlockReader(DFSInputStream.java:641)
	at org.apache.hadoop.hdfs.DFSInputStream.blockSeekTo(DFSInputStream.java:572)
	at org.apache.hadoop.hdfs.DFSInputStream.seekToBlockSource(DFSInputStream.java:1484)
	at org.apache.hadoop.hdfs.DFSInputStream.readBuffer(DFSInputStream.java:725)
	at org.apache.hadoop.hdfs.DFSInputStream.readWithStrategy(DFSInputStream.java:763)
	at org.apache.hadoop.hdfs.DFSInputStream.read(DFSInputStream.java:820)
	at java.io.DataInputStream.read(DataInputStream.java:100)
	at org.apache.hadoop.io.IOUtils.copyBytes(IOUtils.java:100)
	at org.apache.hadoop.io.IOUtils.copyBytes(IOUtils.java:68)
	at org.apache.hadoop.io.IOUtils.copyBytes(IOUtils.java:129)
	at org.apache.hadoop.fs.shell.CommandWithDestination$TargetFileSystem.writeStreamToFile(CommandWithDestination.java:485)
	at org.apache.hadoop.fs.shell.CommandWithDestination.copyStreamToTarget(CommandWithDestination.java:407)
	at org.apache.hadoop.fs.shell.CommandWithDestination.copyFileToTarget(CommandWithDestination.java:342)
	at org.apache.hadoop.fs.shell.CommandWithDestination.processPath(CommandWithDestination.java:277)
	at org.apache.hadoop.fs.shell.CommandWithDestination.processPath(CommandWithDestination.java:262)
	at org.apache.hadoop.fs.shell.Command.processPaths(Command.java:331)
	at org.apache.hadoop.fs.shell.Command.processPathArgument(Command.java:303)
	at org.apache.hadoop.fs.shell.CommandWithDestination.processPathArgument(CommandWithDestination.java:257)
	at org.apache.hadoop.fs.shell.Command.processArgument(Command.java:285)
	at org.apache.hadoop.fs.shell.Command.processArguments(Command.java:269)
	at org.apache.hadoop.fs.shell.CommandWithDestination.processArguments(CommandWithDestination.java:228)
	at org.apache.hadoop.fs.shell.FsCommand.processRawArguments(FsCommand.java:120)
	at org.apache.hadoop.fs.shell.Command.run(Command.java:176)
	at org.apache.hadoop.fs.FsShell.run(FsShell.java:328)
	at org.apache.hadoop.util.ToolRunner.run(ToolRunner.java:76)
	at org.apache.hadoop.util.ToolRunner.run(ToolRunner.java:90)
	at org.apache.hadoop.fs.FsShell.main(FsShell.java:391)
2019-03-01 06:25:32,374 WARN hdfs.DFSClient: Failed to connect to /10.10.1.2:9866 for block BP-1594869330-130.127.133.101-1551446637469:blk_1073741841_1017, add to deadNodes and continue. 
java.net.ConnectException: Connection refused
	at sun.nio.ch.SocketChannelImpl.checkConnect(Native Method)
	at sun.nio.ch.SocketChannelImpl.finishConnect(SocketChannelImpl.java:717)
	at org.apache.hadoop.net.SocketIOWithTimeout.connect(SocketIOWithTimeout.java:206)
	at org.apache.hadoop.net.NetUtils.connect(NetUtils.java:531)
	at org.apache.hadoop.hdfs.DFSClient.newConnectedPeer(DFSClient.java:2924)
	at org.apache.hadoop.hdfs.client.impl.BlockReaderFactory.nextTcpPeer(BlockReaderFactory.java:821)
	at org.apache.hadoop.hdfs.client.impl.BlockReaderFactory.getRemoteBlockReaderFromTcp(BlockReaderFactory.java:746)
	at org.apache.hadoop.hdfs.client.impl.BlockReaderFactory.build(BlockReaderFactory.java:379)
	at org.apache.hadoop.hdfs.DFSInputStream.getBlockReader(DFSInputStream.java:641)
	at org.apache.hadoop.hdfs.DFSInputStream.blockSeekTo(DFSInputStream.java:572)
	at org.apache.hadoop.hdfs.DFSInputStream.seekToBlockSource(DFSInputStream.java:1484)
	at org.apache.hadoop.hdfs.DFSInputStream.readBuffer(DFSInputStream.java:725)
	at org.apache.hadoop.hdfs.DFSInputStream.readWithStrategy(DFSInputStream.java:763)
	at org.apache.hadoop.hdfs.DFSInputStream.read(DFSInputStream.java:820)
	at java.io.DataInputStream.read(DataInputStream.java:100)
	at org.apache.hadoop.io.IOUtils.copyBytes(IOUtils.java:100)
	at org.apache.hadoop.io.IOUtils.copyBytes(IOUtils.java:68)
	at org.apache.hadoop.io.IOUtils.copyBytes(IOUtils.java:129)
	at org.apache.hadoop.fs.shell.CommandWithDestination$TargetFileSystem.writeStreamToFile(CommandWithDestination.java:485)
	at org.apache.hadoop.fs.shell.CommandWithDestination.copyStreamToTarget(CommandWithDestination.java:407)
	at org.apache.hadoop.fs.shell.CommandWithDestination.copyFileToTarget(CommandWithDestination.java:342)
	at org.apache.hadoop.fs.shell.CommandWithDestination.processPath(CommandWithDestination.java:277)
	at org.apache.hadoop.fs.shell.CommandWithDestination.processPath(CommandWithDestination.java:262)
	at org.apache.hadoop.fs.shell.Command.processPaths(Command.java:331)
	at org.apache.hadoop.fs.shell.Command.processPathArgument(Command.java:303)
	at org.apache.hadoop.fs.shell.CommandWithDestination.processPathArgument(CommandWithDestination.java:257)
	at org.apache.hadoop.fs.shell.Command.processArgument(Command.java:285)
	at org.apache.hadoop.fs.shell.Command.processArguments(Command.java:269)
	at org.apache.hadoop.fs.shell.CommandWithDestination.processArguments(CommandWithDestination.java:228)
	at org.apache.hadoop.fs.shell.FsCommand.processRawArguments(FsCommand.java:120)
	at org.apache.hadoop.fs.shell.Command.run(Command.java:176)
	at org.apache.hadoop.fs.FsShell.run(FsShell.java:328)
	at org.apache.hadoop.util.ToolRunner.run(ToolRunner.java:76)
	at org.apache.hadoop.util.ToolRunner.run(ToolRunner.java:90)
	at org.apache.hadoop.fs.FsShell.main(FsShell.java:391)
2019-03-01 06:25:34,062 INFO hdfs.DFSClient: Successfully connected to /10.10.1.5:9866 for BP-1594869330-130.127.133.101-1551446637469:blk_1073741841_1017
file 19 has been read from HDFS for 2 time
diff succeed!
file 19 has been read from HDFS for 3 time
diff succeed!
file 19 has been read from HDFS for 4 time
diff succeed!
file 19 has been read from HDFS for 5 time
diff succeed!
file 19 has been read from HDFS for 6 time
diff succeed!
file 19 has been read from HDFS for 7 time
diff succeed!
file 19 has been read from HDFS for 8 time
diff succeed!
file 19 has been read from HDFS for 9 time
diff succeed!
file 19 has been read from HDFS for 10 time
diff succeed!
Deleted /myfile19
file 19 has been removed from HDFS
2019-03-01 06:28:55,905 WARN hdfs.DataStreamer: Exception for BP-1594869330-130.127.133.101-1551446637469:blk_1073742000_1176
java.io.IOException: Connection reset by peer
	at sun.nio.ch.FileDispatcherImpl.read0(Native Method)
	at sun.nio.ch.SocketDispatcher.read(SocketDispatcher.java:39)
	at sun.nio.ch.IOUtil.readIntoNativeBuffer(IOUtil.java:223)
	at sun.nio.ch.IOUtil.read(IOUtil.java:197)
	at sun.nio.ch.SocketChannelImpl.read(SocketChannelImpl.java:380)
	at org.apache.hadoop.net.SocketInputStream$Reader.performIO(SocketInputStream.java:57)
	at org.apache.hadoop.net.SocketIOWithTimeout.doIO(SocketIOWithTimeout.java:142)
	at org.apache.hadoop.net.SocketInputStream.read(SocketInputStream.java:161)
	at org.apache.hadoop.net.SocketInputStream.read(SocketInputStream.java:131)
	at org.apache.hadoop.net.SocketInputStream.read(SocketInputStream.java:118)
	at java.io.FilterInputStream.read(FilterInputStream.java:83)
	at java.io.FilterInputStream.read(FilterInputStream.java:83)
	at org.apache.hadoop.hdfs.protocolPB.PBHelperClient.vintPrefixed(PBHelperClient.java:547)
	at org.apache.hadoop.hdfs.protocol.datatransfer.PipelineAck.readFields(PipelineAck.java:213)
	at org.apache.hadoop.hdfs.DataStreamer$ResponseProcessor.run(DataStreamer.java:1086)
2019-03-01 06:28:55,909 WARN hdfs.DataStreamer: Error Recovery for BP-1594869330-130.127.133.101-1551446637469:blk_1073742000_1176 in pipeline [DatanodeInfoWithStorage[10.10.1.2:9866,DS-a773bed1-c864-42bf-90fc-680bd2e72cb7,DISK], DatanodeInfoWithStorage[10.10.1.5:9866,DS-ced53cfa-db49-4959-9db0-df97e0291c09,DISK], DatanodeInfoWithStorage[10.10.1.3:9866,DS-53c0fa4e-1559-4cfa-9d7e-2c3a00703f9b,DISK]]: datanode 0(DatanodeInfoWithStorage[10.10.1.2:9866,DS-a773bed1-c864-42bf-90fc-680bd2e72cb7,DISK]) is bad.
2019-03-01 06:28:56,405 INFO hdfs.DataStreamer: Exception in createBlockOutputStream blk_1073742007_1186
java.net.ConnectException: Connection refused
	at sun.nio.ch.SocketChannelImpl.checkConnect(Native Method)
	at sun.nio.ch.SocketChannelImpl.finishConnect(SocketChannelImpl.java:717)
	at org.apache.hadoop.net.SocketIOWithTimeout.connect(SocketIOWithTimeout.java:206)
	at org.apache.hadoop.net.NetUtils.connect(NetUtils.java:531)
	at org.apache.hadoop.hdfs.DataStreamer.createSocketForPipeline(DataStreamer.java:253)
	at org.apache.hadoop.hdfs.DataStreamer.createBlockOutputStream(DataStreamer.java:1725)
	at org.apache.hadoop.hdfs.DataStreamer.nextBlockOutputStream(DataStreamer.java:1679)
	at org.apache.hadoop.hdfs.DataStreamer.run(DataStreamer.java:716)
2019-03-01 06:28:56,405 WARN hdfs.DataStreamer: Abandoning BP-1594869330-130.127.133.101-1551446637469:blk_1073742007_1186
2019-03-01 06:28:56,443 WARN hdfs.DataStreamer: Excluding datanode DatanodeInfoWithStorage[10.10.1.2:9866,DS-a773bed1-c864-42bf-90fc-680bd2e72cb7,DISK]
Found 17 items
-rw-r--r--   3 root supergroup 1073741824 2019-03-01 06:24 /myfile1
-rw-r--r--   3 root supergroup          0 2019-03-01 06:28 /myfile10._COPYING_
-rw-r--r--   3 root supergroup 1073741824 2019-03-01 06:24 /myfile11
-rw-r--r--   3 root supergroup 1073741824 2019-03-01 06:24 /myfile12
-rw-r--r--   3 root supergroup 1073741824 2019-03-01 06:25 /myfile14
-rw-r--r--   3 root supergroup          0 2019-03-01 06:28 /myfile15._COPYING_
-rw-r--r--   3 root supergroup 1073741824 2019-03-01 06:24 /myfile16
-rw-r--r--   3 root supergroup 1073741824 2019-03-01 06:24 /myfile17
-rw-r--r--   3 root supergroup 1073741824 2019-03-01 06:24 /myfile18
-rw-r--r--   3 root supergroup 1073741824 2019-03-01 06:28 /myfile19
-rw-r--r--   3 root supergroup  402653184 2019-03-01 06:28 /myfile2._COPYING_
-rw-r--r--   3 root supergroup 1073741824 2019-03-01 06:28 /myfile20
-rw-r--r--   3 root supergroup  268435456 2019-03-01 06:28 /myfile3._COPYING_
-rw-r--r--   3 root supergroup 1073741824 2019-03-01 06:24 /myfile4
-rw-r--r--   3 root supergroup 1073741824 2019-03-01 06:24 /myfile5
-rw-r--r--   3 root supergroup  402653184 2019-03-01 06:28 /myfile7._COPYING_
-rw-r--r--   3 root supergroup  805306368 2019-03-01 06:28 /myfile9._COPYING_
file 19 has been put into HDFS
file 19 has been read from HDFS for 1 time
diff succeed!
file 19 has been read from HDFS for 2 time
diff succeed!
file 19 has been read from HDFS for 3 time
diff succeed!
file 19 has been read from HDFS for 4 time
diff succeed!
file 19 has been read from HDFS for 5 time
diff succeed!
file 19 has been read from HDFS for 6 time
diff succeed!
file 19 has been read from HDFS for 7 time
diff succeed!
file 19 has been read from HDFS for 8 time
diff succeed!
file 19 has been read from HDFS for 9 time
diff succeed!
file 19 has been read from HDFS for 10 time
diff succeed!
Deleted /myfile19
file 19 has been removed from HDFS
Found 19 items
-rw-r--r--   3 root supergroup 1073741824 2019-03-01 06:29 /myfile1
-rw-r--r--   3 root supergroup 1073741824 2019-03-01 06:32 /myfile10
-rw-r--r--   3 root supergroup 1073741824 2019-03-01 06:30 /myfile11
-rw-r--r--   3 root supergroup 1073741824 2019-03-01 06:31 /myfile12
-rw-r--r--   3 root supergroup 1073741824 2019-03-01 06:29 /myfile13
-rw-r--r--   3 root supergroup  805306368 2019-03-01 06:32 /myfile14._COPYING_
-rw-r--r--   3 root supergroup 1073741824 2019-03-01 06:32 /myfile15
-rw-r--r--   3 root supergroup 1073741824 2019-03-01 06:33 /myfile16
-rw-r--r--   3 root supergroup  671088640 2019-03-01 06:32 /myfile17._COPYING_
-rw-r--r--   3 root supergroup 1073741824 2019-03-01 06:31 /myfile18
-rw-r--r--   3 root supergroup 1073741824 2019-03-01 06:33 /myfile19
-rw-r--r--   3 root supergroup  134217728 2019-03-01 06:33 /myfile2._COPYING_
-rw-r--r--   3 root supergroup 1073741824 2019-03-01 06:32 /myfile20
-rw-r--r--   3 root supergroup  671088640 2019-03-01 06:33 /myfile4._COPYING_
-rw-r--r--   3 root supergroup 1073741824 2019-03-01 06:30 /myfile5
-rw-r--r--   3 root supergroup 1073741824 2019-03-01 06:32 /myfile6
-rw-r--r--   3 root supergroup 1073741824 2019-03-01 06:28 /myfile7
-rw-r--r--   3 root supergroup 1073741824 2019-03-01 06:33 /myfile8
-rw-r--r--   3 root supergroup 1073741824 2019-03-01 06:28 /myfile9
file 19 has been put into HDFS
file 19 has been read from HDFS for 1 time
diff succeed!
file 19 has been read from HDFS for 2 time
diff succeed!
file 19 has been read from HDFS for 3 time
diff succeed!
file 19 has been read from HDFS for 4 time
diff succeed!
file 19 has been read from HDFS for 5 time
diff succeed!
file 19 has been read from HDFS for 6 time
diff succeed!
2019-03-01 06:35:46,702 WARN impl.BlockReaderFactory: I/O error constructing remote block reader.
java.net.ConnectException: Connection refused
	at sun.nio.ch.SocketChannelImpl.checkConnect(Native Method)
	at sun.nio.ch.SocketChannelImpl.finishConnect(SocketChannelImpl.java:717)
	at org.apache.hadoop.net.SocketIOWithTimeout.connect(SocketIOWithTimeout.java:206)
	at org.apache.hadoop.net.NetUtils.connect(NetUtils.java:531)
	at org.apache.hadoop.hdfs.DFSClient.newConnectedPeer(DFSClient.java:2924)
	at org.apache.hadoop.hdfs.client.impl.BlockReaderFactory.nextTcpPeer(BlockReaderFactory.java:821)
	at org.apache.hadoop.hdfs.client.impl.BlockReaderFactory.getRemoteBlockReaderFromTcp(BlockReaderFactory.java:746)
	at org.apache.hadoop.hdfs.client.impl.BlockReaderFactory.build(BlockReaderFactory.java:379)
	at org.apache.hadoop.hdfs.DFSInputStream.getBlockReader(DFSInputStream.java:641)
	at org.apache.hadoop.hdfs.DFSInputStream.blockSeekTo(DFSInputStream.java:572)
	at org.apache.hadoop.hdfs.DFSInputStream.readWithStrategy(DFSInputStream.java:754)
	at org.apache.hadoop.hdfs.DFSInputStream.read(DFSInputStream.java:820)
	at java.io.DataInputStream.read(DataInputStream.java:100)
	at org.apache.hadoop.io.IOUtils.copyBytes(IOUtils.java:100)
	at org.apache.hadoop.io.IOUtils.copyBytes(IOUtils.java:68)
	at org.apache.hadoop.io.IOUtils.copyBytes(IOUtils.java:129)
	at org.apache.hadoop.fs.shell.CommandWithDestination$TargetFileSystem.writeStreamToFile(CommandWithDestination.java:485)
	at org.apache.hadoop.fs.shell.CommandWithDestination.copyStreamToTarget(CommandWithDestination.java:407)
	at org.apache.hadoop.fs.shell.CommandWithDestination.copyFileToTarget(CommandWithDestination.java:342)
	at org.apache.hadoop.fs.shell.CommandWithDestination.processPath(CommandWithDestination.java:277)
	at org.apache.hadoop.fs.shell.CommandWithDestination.processPath(CommandWithDestination.java:262)
	at org.apache.hadoop.fs.shell.Command.processPaths(Command.java:331)
	at org.apache.hadoop.fs.shell.Command.processPathArgument(Command.java:303)
	at org.apache.hadoop.fs.shell.CommandWithDestination.processPathArgument(CommandWithDestination.java:257)
	at org.apache.hadoop.fs.shell.Command.processArgument(Command.java:285)
	at org.apache.hadoop.fs.shell.Command.processArguments(Command.java:269)
	at org.apache.hadoop.fs.shell.CommandWithDestination.processArguments(CommandWithDestination.java:228)
	at org.apache.hadoop.fs.shell.FsCommand.processRawArguments(FsCommand.java:120)
	at org.apache.hadoop.fs.shell.Command.run(Command.java:176)
	at org.apache.hadoop.fs.FsShell.run(FsShell.java:328)
	at org.apache.hadoop.util.ToolRunner.run(ToolRunner.java:76)
	at org.apache.hadoop.util.ToolRunner.run(ToolRunner.java:90)
	at org.apache.hadoop.fs.FsShell.main(FsShell.java:391)
2019-03-01 06:35:46,709 WARN hdfs.DFSClient: Failed to connect to /10.10.1.2:9866 for block BP-1594869330-130.127.133.101-1551446637469:blk_1073742203_1382, add to deadNodes and continue. 
java.net.ConnectException: Connection refused
	at sun.nio.ch.SocketChannelImpl.checkConnect(Native Method)
	at sun.nio.ch.SocketChannelImpl.finishConnect(SocketChannelImpl.java:717)
	at org.apache.hadoop.net.SocketIOWithTimeout.connect(SocketIOWithTimeout.java:206)
	at org.apache.hadoop.net.NetUtils.connect(NetUtils.java:531)
	at org.apache.hadoop.hdfs.DFSClient.newConnectedPeer(DFSClient.java:2924)
	at org.apache.hadoop.hdfs.client.impl.BlockReaderFactory.nextTcpPeer(BlockReaderFactory.java:821)
	at org.apache.hadoop.hdfs.client.impl.BlockReaderFactory.getRemoteBlockReaderFromTcp(BlockReaderFactory.java:746)
	at org.apache.hadoop.hdfs.client.impl.BlockReaderFactory.build(BlockReaderFactory.java:379)
	at org.apache.hadoop.hdfs.DFSInputStream.getBlockReader(DFSInputStream.java:641)
	at org.apache.hadoop.hdfs.DFSInputStream.blockSeekTo(DFSInputStream.java:572)
	at org.apache.hadoop.hdfs.DFSInputStream.readWithStrategy(DFSInputStream.java:754)
	at org.apache.hadoop.hdfs.DFSInputStream.read(DFSInputStream.java:820)
	at java.io.DataInputStream.read(DataInputStream.java:100)
	at org.apache.hadoop.io.IOUtils.copyBytes(IOUtils.java:100)
	at org.apache.hadoop.io.IOUtils.copyBytes(IOUtils.java:68)
	at org.apache.hadoop.io.IOUtils.copyBytes(IOUtils.java:129)
	at org.apache.hadoop.fs.shell.CommandWithDestination$TargetFileSystem.writeStreamToFile(CommandWithDestination.java:485)
	at org.apache.hadoop.fs.shell.CommandWithDestination.copyStreamToTarget(CommandWithDestination.java:407)
	at org.apache.hadoop.fs.shell.CommandWithDestination.copyFileToTarget(CommandWithDestination.java:342)
	at org.apache.hadoop.fs.shell.CommandWithDestination.processPath(CommandWithDestination.java:277)
	at org.apache.hadoop.fs.shell.CommandWithDestination.processPath(CommandWithDestination.java:262)
	at org.apache.hadoop.fs.shell.Command.processPaths(Command.java:331)
	at org.apache.hadoop.fs.shell.Command.processPathArgument(Command.java:303)
	at org.apache.hadoop.fs.shell.CommandWithDestination.processPathArgument(CommandWithDestination.java:257)
	at org.apache.hadoop.fs.shell.Command.processArgument(Command.java:285)
	at org.apache.hadoop.fs.shell.Command.processArguments(Command.java:269)
	at org.apache.hadoop.fs.shell.CommandWithDestination.processArguments(CommandWithDestination.java:228)
	at org.apache.hadoop.fs.shell.FsCommand.processRawArguments(FsCommand.java:120)
	at org.apache.hadoop.fs.shell.Command.run(Command.java:176)
	at org.apache.hadoop.fs.FsShell.run(FsShell.java:328)
	at org.apache.hadoop.util.ToolRunner.run(ToolRunner.java:76)
	at org.apache.hadoop.util.ToolRunner.run(ToolRunner.java:90)
	at org.apache.hadoop.fs.FsShell.main(FsShell.java:391)
2019-03-01 06:35:46,720 INFO hdfs.DFSClient: Successfully connected to /10.10.1.5:9866 for BP-1594869330-130.127.133.101-1551446637469:blk_1073742203_1382
file 19 has been read from HDFS for 7 time
diff succeed!
file 19 has been read from HDFS for 8 time
diff succeed!
file 19 has been read from HDFS for 9 time
diff succeed!
file 19 has been read from HDFS for 10 time
diff succeed!
Deleted /myfile19
file 19 has been removed from HDFS
Found 16 items
-rw-r--r--   3 root supergroup 1073741824 2019-03-01 06:34 /myfile1
-rw-r--r--   3 root supergroup 1073741824 2019-03-01 06:36 /myfile10
-rw-r--r--   3 root supergroup 1073741824 2019-03-01 06:33 /myfile11
-rw-r--r--   3 root supergroup 1073741824 2019-03-01 06:35 /myfile12
-rw-r--r--   3 root supergroup 1073741824 2019-03-01 06:34 /myfile13
-rw-r--r--   3 root supergroup  805306368 2019-03-01 06:37 /myfile14._COPYING_
-rw-r--r--   3 root supergroup 1073741824 2019-03-01 06:36 /myfile15
-rw-r--r--   3 root supergroup 1073741824 2019-03-01 06:36 /myfile16
-rw-r--r--   3 root supergroup  805306368 2019-03-01 06:37 /myfile17._COPYING_
-rw-r--r--   3 root supergroup 1073741824 2019-03-01 06:35 /myfile18
-rw-r--r--   3 root supergroup 1073741824 2019-03-01 06:37 /myfile19
-rw-r--r--   3 root supergroup 1073741824 2019-03-01 06:36 /myfile20
-rw-r--r--   3 root supergroup 1073741824 2019-03-01 06:35 /myfile5
-rw-r--r--   3 root supergroup  268435456 2019-03-01 06:37 /myfile6._COPYING_
-rw-r--r--   3 root supergroup 1073741824 2019-03-01 06:34 /myfile7
-rw-r--r--   3 root supergroup 1073741824 2019-03-01 06:35 /myfile9
file 19 has been put into HDFS
file 19 has been read from HDFS for 1 time
diff succeed!
file 19 has been read from HDFS for 2 time
diff succeed!
file 19 has been read from HDFS for 3 time
diff succeed!
file 19 has been read from HDFS for 4 time
diff succeed!
file 19 has been read from HDFS for 5 time
diff succeed!
sub_benchmark 5 signal TERM catched and let quit gracefully
Deleted /myfile19
file 19 has been removed from HDFS
