Found 20 items
-rw-r--r--   3 root supergroup 1073741824 2019-02-24 15:47 /myfile1
-rw-r--r--   3 root supergroup 1073741824 2019-02-24 15:47 /myfile10
-rw-r--r--   3 root supergroup 1073741824 2019-02-24 15:47 /myfile11
-rw-r--r--   3 root supergroup 1073741824 2019-02-24 15:47 /myfile12
-rw-r--r--   3 root supergroup 1073741824 2019-02-24 15:46 /myfile13
-rw-r--r--   3 root supergroup 1073741824 2019-02-24 15:47 /myfile14
-rw-r--r--   3 root supergroup 1073741824 2019-02-24 15:47 /myfile15
-rw-r--r--   3 root supergroup 1073741824 2019-02-24 15:47 /myfile16
-rw-r--r--   3 root supergroup 1073741824 2019-02-24 15:47 /myfile17
-rw-r--r--   3 root supergroup 1073741824 2019-02-24 15:47 /myfile18
-rw-r--r--   3 root supergroup 1073741824 2019-02-24 15:47 /myfile19
-rw-r--r--   3 root supergroup 1073741824 2019-02-24 15:47 /myfile2
-rw-r--r--   3 root supergroup 1073741824 2019-02-24 15:47 /myfile20
-rw-r--r--   3 root supergroup 1073741824 2019-02-24 15:47 /myfile3
-rw-r--r--   3 root supergroup 1073741824 2019-02-24 15:47 /myfile4
-rw-r--r--   3 root supergroup 1073741824 2019-02-24 15:47 /myfile5
-rw-r--r--   3 root supergroup 1073741824 2019-02-24 15:47 /myfile6
-rw-r--r--   3 root supergroup 1073741824 2019-02-24 15:47 /myfile7
-rw-r--r--   3 root supergroup 1073741824 2019-02-24 15:47 /myfile8
-rw-r--r--   3 root supergroup 1073741824 2019-02-24 15:47 /myfile9
file 14 has been put into HDFS
file 14 has been read from HDFS for 1 time
diff succeed!
file 14 has been read from HDFS for 2 time
diff succeed!
file 14 has been read from HDFS for 3 time
diff succeed!
file 14 has been read from HDFS for 4 time
diff succeed!
file 14 has been read from HDFS for 5 time
diff succeed!
file 14 has been read from HDFS for 6 time
diff succeed!
file 14 has been read from HDFS for 7 time
diff succeed!
file 14 has been read from HDFS for 8 time
diff succeed!
file 14 has been read from HDFS for 9 time
diff succeed!
file 14 has been read from HDFS for 10 time
diff succeed!
Deleted /myfile14
file 14 has been removed from HDFS
Found 19 items
-rw-r--r--   3 root supergroup 1073741824 2019-02-24 15:51 /myfile1
-rw-r--r--   3 root supergroup 1073741824 2019-02-24 15:51 /myfile10
-rw-r--r--   3 root supergroup 1073741824 2019-02-24 15:51 /myfile11
-rw-r--r--   3 root supergroup 1073741824 2019-02-24 15:51 /myfile12
-rw-r--r--   3 root supergroup 1073741824 2019-02-24 15:46 /myfile13
-rw-r--r--   3 root supergroup 1073741824 2019-02-24 15:51 /myfile14
-rw-r--r--   3 root supergroup 1073741824 2019-02-24 15:51 /myfile15
-rw-r--r--   3 root supergroup 1073741824 2019-02-24 15:47 /myfile16
-rw-r--r--   3 root supergroup 1073741824 2019-02-24 15:51 /myfile18
-rw-r--r--   3 root supergroup 1073741824 2019-02-24 15:47 /myfile19
-rw-r--r--   3 root supergroup 1073741824 2019-02-24 15:51 /myfile2
-rw-r--r--   3 root supergroup 1073741824 2019-02-24 15:51 /myfile20
-rw-r--r--   3 root supergroup 1073741824 2019-02-24 15:47 /myfile3
-rw-r--r--   3 root supergroup 1073741824 2019-02-24 15:51 /myfile4
-rw-r--r--   3 root supergroup 1073741824 2019-02-24 15:51 /myfile5
-rw-r--r--   3 root supergroup 1073741824 2019-02-24 15:51 /myfile6
-rw-r--r--   3 root supergroup 1073741824 2019-02-24 15:51 /myfile7
-rw-r--r--   3 root supergroup 1073741824 2019-02-24 15:51 /myfile8
-rw-r--r--   3 root supergroup 1073741824 2019-02-24 15:51 /myfile9
file 14 has been put into HDFS
file 14 has been read from HDFS for 1 time
diff succeed!
file 14 has been read from HDFS for 2 time
diff succeed!
file 14 has been read from HDFS for 3 time
diff succeed!
file 14 has been read from HDFS for 4 time
diff succeed!
file 14 has been read from HDFS for 5 time
diff succeed!
file 14 has been read from HDFS for 6 time
diff succeed!
file 14 has been read from HDFS for 7 time
diff succeed!
file 14 has been read from HDFS for 8 time
diff succeed!
file 14 has been read from HDFS for 9 time
diff succeed!
file 14 has been read from HDFS for 10 time
diff succeed!
Deleted /myfile14
file 14 has been removed from HDFS
Found 20 items
-rw-r--r--   3 root supergroup 1073741824 2019-02-24 15:55 /myfile1
-rw-r--r--   3 root supergroup 1073741824 2019-02-24 15:55 /myfile10
-rw-r--r--   3 root supergroup  402653184 2019-02-24 15:57 /myfile11._COPYING_
-rw-r--r--   3 root supergroup 1073741824 2019-02-24 15:57 /myfile12
-rw-r--r--   3 root supergroup 1073741824 2019-02-24 15:57 /myfile13
-rw-r--r--   3 root supergroup 1073741824 2019-02-24 15:57 /myfile14
-rw-r--r--   3 root supergroup 1073741824 2019-02-24 15:55 /myfile15
-rw-r--r--   3 root supergroup 1073741824 2019-02-24 15:57 /myfile16
-rw-r--r--   3 root supergroup 1073741824 2019-02-24 15:55 /myfile17
-rw-r--r--   3 root supergroup 1073741824 2019-02-24 15:57 /myfile18
-rw-r--r--   3 root supergroup 1073741824 2019-02-24 15:57 /myfile19
-rw-r--r--   3 root supergroup  805306368 2019-02-24 15:57 /myfile2._COPYING_
-rw-r--r--   3 root supergroup 1073741824 2019-02-24 15:55 /myfile20
-rw-r--r--   3 root supergroup 1073741824 2019-02-24 15:56 /myfile3
-rw-r--r--   3 root supergroup 1073741824 2019-02-24 15:55 /myfile4
-rw-r--r--   3 root supergroup  939524096 2019-02-24 15:57 /myfile5._COPYING_
-rw-r--r--   3 root supergroup 1073741824 2019-02-24 15:57 /myfile6
-rw-r--r--   3 root supergroup 1073741824 2019-02-24 15:57 /myfile7
-rw-r--r--   3 root supergroup 1073741824 2019-02-24 15:55 /myfile8
-rw-r--r--   3 root supergroup 1073741824 2019-02-24 15:55 /myfile9
file 14 has been put into HDFS
file 14 has been read from HDFS for 1 time
diff succeed!
file 14 has been read from HDFS for 2 time
diff succeed!
file 14 has been read from HDFS for 3 time
diff succeed!
file 14 has been read from HDFS for 4 time
diff succeed!
2019-02-24 15:59:13,929 INFO retry.RetryInvocationHandler: org.apache.hadoop.ipc.RemoteException(org.apache.hadoop.ipc.StandbyException): Operation category READ is not supported in state standby. Visit https://s.apache.org/sbnn-error
	at org.apache.hadoop.hdfs.server.namenode.ha.StandbyState.checkOperation(StandbyState.java:88)
	at org.apache.hadoop.hdfs.server.namenode.NameNode$NameNodeHAContext.checkOperation(NameNode.java:1952)
	at org.apache.hadoop.hdfs.server.namenode.FSNamesystem.checkOperation(FSNamesystem.java:1423)
	at org.apache.hadoop.hdfs.server.namenode.FSNamesystem.getFileInfo(FSNamesystem.java:3085)
	at org.apache.hadoop.hdfs.server.namenode.NameNodeRpcServer.getFileInfo(NameNodeRpcServer.java:1154)
	at org.apache.hadoop.hdfs.protocolPB.ClientNamenodeProtocolServerSideTranslatorPB.getFileInfo(ClientNamenodeProtocolServerSideTranslatorPB.java:966)
	at org.apache.hadoop.hdfs.protocol.proto.ClientNamenodeProtocolProtos$ClientNamenodeProtocol$2.callBlockingMethod(ClientNamenodeProtocolProtos.java)
	at org.apache.hadoop.ipc.ProtobufRpcEngine$Server$ProtoBufRpcInvoker.call(ProtobufRpcEngine.java:523)
	at org.apache.hadoop.ipc.RPC$Server.call(RPC.java:991)
	at org.apache.hadoop.ipc.Server$RpcCall.run(Server.java:872)
	at org.apache.hadoop.ipc.Server$RpcCall.run(Server.java:818)
	at java.security.AccessController.doPrivileged(Native Method)
	at javax.security.auth.Subject.doAs(Subject.java:422)
	at org.apache.hadoop.security.UserGroupInformation.doAs(UserGroupInformation.java:1729)
	at org.apache.hadoop.ipc.Server$Handler.run(Server.java:2678)
, while invoking ClientNamenodeProtocolTranslatorPB.getFileInfo over node-1-link-0/10.10.1.4:8020 after 1 failover attempts. Trying to failover after sleeping for 1035ms.
2019-02-24 15:59:14,967 INFO retry.RetryInvocationHandler: java.net.ConnectException: Call From clnode090.clemson.cloudlab.us/130.127.133.99 to node-0-link-0:8020 failed on connection exception: java.net.ConnectException: Connection refused; For more details see:  http://wiki.apache.org/hadoop/ConnectionRefused, while invoking ClientNamenodeProtocolTranslatorPB.getFileInfo over node-0-link-0/10.10.1.1:8020 after 2 failover attempts. Trying to failover after sleeping for 2107ms.
file 14 has been read from HDFS for 5 time
diff succeed!
file 14 has been read from HDFS for 6 time
diff succeed!
file 14 has been read from HDFS for 7 time
diff succeed!
file 14 has been read from HDFS for 8 time
diff succeed!
file 14 has been read from HDFS for 9 time
diff succeed!
file 14 has been read from HDFS for 10 time
diff succeed!
Deleted /myfile14
file 14 has been removed from HDFS
Found 20 items
-rw-r--r--   3 root supergroup 1073741824 2019-02-24 16:00 /myfile1
-rw-r--r--   3 root supergroup 1073741824 2019-02-24 16:00 /myfile10
-rw-r--r--   3 root supergroup 1073741824 2019-02-24 15:57 /myfile11
-rw-r--r--   3 root supergroup 1073741824 2019-02-24 15:57 /myfile12
-rw-r--r--   3 root supergroup 1073741824 2019-02-24 15:57 /myfile13
-rw-r--r--   3 root supergroup 1073741824 2019-02-24 16:02 /myfile14
-rw-r--r--   3 root supergroup 1073741824 2019-02-24 16:00 /myfile15
-rw-r--r--   3 root supergroup  268435456 2019-02-24 16:02 /myfile16._COPYING_
-rw-r--r--   3 root supergroup 1073741824 2019-02-24 16:02 /myfile17
-rw-r--r--   3 root supergroup 1073741824 2019-02-24 15:57 /myfile18
-rw-r--r--   3 root supergroup 1073741824 2019-02-24 15:57 /myfile19
-rw-r--r--   3 root supergroup 1073741824 2019-02-24 15:57 /myfile2
-rw-r--r--   3 root supergroup 1073741824 2019-02-24 16:00 /myfile20
-rw-r--r--   3 root supergroup 1073741824 2019-02-24 16:00 /myfile3
-rw-r--r--   3 root supergroup 1073741824 2019-02-24 16:00 /myfile4
-rw-r--r--   3 root supergroup 1073741824 2019-02-24 16:02 /myfile5
-rw-r--r--   3 root supergroup 1073741824 2019-02-24 15:57 /myfile6
-rw-r--r--   3 root supergroup 1073741824 2019-02-24 16:02 /myfile7
-rw-r--r--   3 root supergroup 1073741824 2019-02-24 16:00 /myfile8
-rw-r--r--   3 root supergroup 1073741824 2019-02-24 15:55 /myfile9
file 14 has been put into HDFS
file 14 has been read from HDFS for 1 time
diff succeed!
file 14 has been read from HDFS for 2 time
diff succeed!
file 14 has been read from HDFS for 3 time
diff succeed!
file 14 has been read from HDFS for 4 time
diff succeed!
file 14 has been read from HDFS for 5 time
diff succeed!
file 14 has been read from HDFS for 6 time
diff succeed!
file 14 has been read from HDFS for 7 time
diff succeed!
file 14 has been read from HDFS for 8 time
diff succeed!
file 14 has been read from HDFS for 9 time
diff succeed!
file 14 has been read from HDFS for 10 time
diff succeed!
Deleted /myfile14
file 14 has been removed from HDFS
Found 19 items
-rw-r--r--   3 root supergroup 1073741824 2019-02-24 16:05 /myfile1
-rw-r--r--   3 root supergroup 1073741824 2019-02-24 16:04 /myfile10
-rw-r--r--   3 root supergroup 1073741824 2019-02-24 16:03 /myfile11
-rw-r--r--   3 root supergroup 1073741824 2019-02-24 16:03 /myfile12
-rw-r--r--   3 root supergroup 1073741824 2019-02-24 16:04 /myfile13
-rw-r--r--   3 root supergroup 1073741824 2019-02-24 16:06 /myfile14
-rw-r--r--   3 root supergroup 1073741824 2019-02-24 16:05 /myfile15
-rw-r--r--   3 root supergroup 1073741824 2019-02-24 16:06 /myfile17
-rw-r--r--   3 root supergroup 1073741824 2019-02-24 16:03 /myfile18
-rw-r--r--   3 root supergroup 1073741824 2019-02-24 16:05 /myfile19
-rw-r--r--   3 root supergroup 1073741824 2019-02-24 16:04 /myfile2
-rw-r--r--   3 root supergroup 1073741824 2019-02-24 16:04 /myfile20
-rw-r--r--   3 root supergroup 1073741824 2019-02-24 16:05 /myfile3
-rw-r--r--   3 root supergroup 1073741824 2019-02-24 16:05 /myfile4
-rw-r--r--   3 root supergroup 1073741824 2019-02-24 16:06 /myfile5
-rw-r--r--   3 root supergroup 1073741824 2019-02-24 16:03 /myfile6
-rw-r--r--   3 root supergroup 1073741824 2019-02-24 16:02 /myfile7
-rw-r--r--   3 root supergroup 1073741824 2019-02-24 16:05 /myfile8
-rw-r--r--   3 root supergroup 1073741824 2019-02-24 16:03 /myfile9
file 14 has been put into HDFS
file 14 has been read from HDFS for 1 time
diff succeed!
file 14 has been read from HDFS for 2 time
diff succeed!
file 14 has been read from HDFS for 3 time
diff succeed!
file 14 has been read from HDFS for 4 time
diff succeed!
file 14 has been read from HDFS for 5 time
diff succeed!
file 14 has been read from HDFS for 6 time
diff succeed!
file 14 has been read from HDFS for 7 time
diff succeed!
file 14 has been read from HDFS for 8 time
diff succeed!
file 14 has been read from HDFS for 9 time
diff succeed!
file 14 has been read from HDFS for 10 time
diff succeed!
Deleted /myfile14
file 14 has been removed from HDFS
Found 19 items
-rw-r--r--   3 root supergroup 1073741824 2019-02-24 16:09 /myfile1
-rw-r--r--   3 root supergroup 1073741824 2019-02-24 16:09 /myfile10
-rw-r--r--   3 root supergroup 1073741824 2019-02-24 16:08 /myfile11
-rw-r--r--   3 root supergroup 1073741824 2019-02-24 16:08 /myfile12
-rw-r--r--   3 root supergroup 1073741824 2019-02-24 16:08 /myfile13
-rw-r--r--   3 root supergroup 1073741824 2019-02-24 16:11 /myfile14
-rw-r--r--   3 root supergroup 1073741824 2019-02-24 16:09 /myfile15
-rw-r--r--   3 root supergroup 1073741824 2019-02-24 16:11 /myfile17
-rw-r--r--   3 root supergroup 1073741824 2019-02-24 16:08 /myfile18
-rw-r--r--   3 root supergroup 1073741824 2019-02-24 16:09 /myfile19
-rw-r--r--   3 root supergroup 1073741824 2019-02-24 16:08 /myfile2
-rw-r--r--   3 root supergroup 1073741824 2019-02-24 16:09 /myfile20
-rw-r--r--   3 root supergroup 1073741824 2019-02-24 16:09 /myfile3
-rw-r--r--   3 root supergroup 1073741824 2019-02-24 16:09 /myfile4
-rw-r--r--   3 root supergroup 1073741824 2019-02-24 16:11 /myfile5
-rw-r--r--   3 root supergroup 1073741824 2019-02-24 16:08 /myfile6
-rw-r--r--   3 root supergroup 1073741824 2019-02-24 16:07 /myfile7
-rw-r--r--   3 root supergroup 1073741824 2019-02-24 16:09 /myfile8
-rw-r--r--   3 root supergroup 1073741824 2019-02-24 16:08 /myfile9
file 14 has been put into HDFS
file 14 has been read from HDFS for 1 time
diff succeed!
file 14 has been read from HDFS for 2 time
diff succeed!
file 14 has been read from HDFS for 3 time
diff succeed!
file 14 has been read from HDFS for 4 time
diff succeed!
file 14 has been read from HDFS for 5 time
diff succeed!
file 14 has been read from HDFS for 6 time
diff succeed!
file 14 has been read from HDFS for 7 time
diff succeed!
file 14 has been read from HDFS for 8 time
diff succeed!
file 14 has been read from HDFS for 9 time
diff succeed!
file 14 has been read from HDFS for 10 time
diff succeed!
Deleted /myfile14
file 14 has been removed from HDFS
Found 19 items
-rw-r--r--   3 root supergroup 1073741824 2019-02-24 16:15 /myfile1
-rw-r--r--   3 root supergroup 1073741824 2019-02-24 16:15 /myfile10
-rw-r--r--   3 root supergroup  805306368 2019-02-24 16:17 /myfile11._COPYING_
-rw-r--r--   3 root supergroup  805306368 2019-02-24 16:17 /myfile12._COPYING_
-rw-r--r--   3 root supergroup  268435456 2019-02-24 16:17 /myfile13._COPYING_
-rw-r--r--   3 root supergroup 1073741824 2019-02-24 16:18 /myfile14
-rw-r--r--   3 root supergroup 1073741824 2019-02-24 16:15 /myfile15
-rw-r--r--   3 root supergroup  805306368 2019-02-24 16:17 /myfile16._COPYING_
-rw-r--r--   3 root supergroup 1073741824 2019-02-24 16:17 /myfile17
-rw-r--r--   3 root supergroup  671088640 2019-02-24 16:17 /myfile18._COPYING_
-rw-r--r--   3 root supergroup 1073741824 2019-02-24 16:15 /myfile19
-rw-r--r--   3 root supergroup  671088640 2019-02-24 16:17 /myfile2._COPYING_
-rw-r--r--   3 root supergroup 1073741824 2019-02-24 16:15 /myfile20
-rw-r--r--   3 root supergroup          0 2019-02-24 16:18 /myfile3._COPYING_
-rw-r--r--   3 root supergroup 1073741824 2019-02-24 16:15 /myfile4
-rw-r--r--   3 root supergroup 1073741824 2019-02-24 16:15 /myfile5
-rw-r--r--   3 root supergroup  268435456 2019-02-24 16:17 /myfile6._COPYING_
-rw-r--r--   3 root supergroup          0 2019-02-24 16:18 /myfile7._COPYING_
-rw-r--r--   3 root supergroup          0 2019-02-24 16:18 /myfile8._COPYING_
file 14 has been put into HDFS
file 14 has been read from HDFS for 1 time
diff succeed!
file 14 has been read from HDFS for 2 time
diff succeed!
file 14 has been read from HDFS for 3 time
diff succeed!
file 14 has been read from HDFS for 4 time
diff succeed!
file 14 has been read from HDFS for 5 time
diff succeed!
file 14 has been read from HDFS for 6 time
diff succeed!
file 14 has been read from HDFS for 7 time
diff succeed!
file 14 has been read from HDFS for 8 time
diff succeed!
2019-02-24 16:21:22,093 INFO retry.RetryInvocationHandler: org.apache.hadoop.ipc.RemoteException(org.apache.hadoop.ipc.StandbyException): Operation category READ is not supported in state standby. Visit https://s.apache.org/sbnn-error
	at org.apache.hadoop.hdfs.server.namenode.ha.StandbyState.checkOperation(StandbyState.java:88)
	at org.apache.hadoop.hdfs.server.namenode.NameNode$NameNodeHAContext.checkOperation(NameNode.java:1952)
	at org.apache.hadoop.hdfs.server.namenode.FSNamesystem.checkOperation(FSNamesystem.java:1423)
	at org.apache.hadoop.hdfs.server.namenode.FSNamesystem.getFileInfo(FSNamesystem.java:3085)
	at org.apache.hadoop.hdfs.server.namenode.NameNodeRpcServer.getFileInfo(NameNodeRpcServer.java:1154)
	at org.apache.hadoop.hdfs.protocolPB.ClientNamenodeProtocolServerSideTranslatorPB.getFileInfo(ClientNamenodeProtocolServerSideTranslatorPB.java:966)
	at org.apache.hadoop.hdfs.protocol.proto.ClientNamenodeProtocolProtos$ClientNamenodeProtocol$2.callBlockingMethod(ClientNamenodeProtocolProtos.java)
	at org.apache.hadoop.ipc.ProtobufRpcEngine$Server$ProtoBufRpcInvoker.call(ProtobufRpcEngine.java:523)
	at org.apache.hadoop.ipc.RPC$Server.call(RPC.java:991)
	at org.apache.hadoop.ipc.Server$RpcCall.run(Server.java:872)
	at org.apache.hadoop.ipc.Server$RpcCall.run(Server.java:818)
	at java.security.AccessController.doPrivileged(Native Method)
	at javax.security.auth.Subject.doAs(Subject.java:422)
	at org.apache.hadoop.security.UserGroupInformation.doAs(UserGroupInformation.java:1729)
	at org.apache.hadoop.ipc.Server$Handler.run(Server.java:2678)
, while invoking ClientNamenodeProtocolTranslatorPB.getFileInfo over node-1-link-0/10.10.1.4:8020 after 1 failover attempts. Trying to failover after sleeping for 1402ms.
2019-02-24 16:21:23,498 INFO retry.RetryInvocationHandler: java.net.ConnectException: Call From clnode090.clemson.cloudlab.us/130.127.133.99 to node-0-link-0:8020 failed on connection exception: java.net.ConnectException: Connection refused; For more details see:  http://wiki.apache.org/hadoop/ConnectionRefused, while invoking ClientNamenodeProtocolTranslatorPB.getFileInfo over node-0-link-0/10.10.1.1:8020 after 2 failover attempts. Trying to failover after sleeping for 1987ms.
file 14 has been read from HDFS for 9 time
diff succeed!
file 14 has been read from HDFS for 10 time
diff succeed!
Deleted /myfile14
file 14 has been removed from HDFS
Found 20 items
-rw-r--r--   3 root supergroup 1073741824 2019-02-24 16:19 /myfile1
-rw-r--r--   3 root supergroup 1073741824 2019-02-24 16:20 /myfile10
-rw-r--r--   3 root supergroup 1073741824 2019-02-24 16:18 /myfile11
-rw-r--r--   3 root supergroup 1073741824 2019-02-24 16:22 /myfile12
-rw-r--r--   3 root supergroup 1073741824 2019-02-24 16:19 /myfile13
-rw-r--r--   3 root supergroup 1073741824 2019-02-24 16:22 /myfile14
-rw-r--r--   3 root supergroup 1073741824 2019-02-24 16:19 /myfile15
-rw-r--r--   3 root supergroup 1073741824 2019-02-24 16:18 /myfile16
-rw-r--r--   3 root supergroup 1073741824 2019-02-24 16:22 /myfile17
-rw-r--r--   3 root supergroup          0 2019-02-24 16:22 /myfile18._COPYING_
-rw-r--r--   3 root supergroup 1073741824 2019-02-24 16:20 /myfile19
-rw-r--r--   3 root supergroup 1073741824 2019-02-24 16:18 /myfile2
-rw-r--r--   3 root supergroup 1073741824 2019-02-24 16:20 /myfile20
-rw-r--r--   3 root supergroup 1073741824 2019-02-24 16:19 /myfile3
-rw-r--r--   3 root supergroup 1073741824 2019-02-24 16:20 /myfile4
-rw-r--r--   3 root supergroup 1073741824 2019-02-24 16:20 /myfile5
-rw-r--r--   3 root supergroup 1073741824 2019-02-24 16:19 /myfile6
-rw-r--r--   3 root supergroup 1073741824 2019-02-24 16:19 /myfile7
-rw-r--r--   3 root supergroup 1073741824 2019-02-24 16:19 /myfile8
-rw-r--r--   3 root supergroup 1073741824 2019-02-24 16:19 /myfile9
file 14 has been put into HDFS
file 14 has been read from HDFS for 1 time
diff succeed!
file 14 has been read from HDFS for 2 time
diff succeed!
file 14 has been read from HDFS for 3 time
diff succeed!
file 14 has been read from HDFS for 4 time
diff succeed!
file 14 has been read from HDFS for 5 time
diff succeed!
file 14 has been read from HDFS for 6 time
diff succeed!
file 14 has been read from HDFS for 7 time
diff succeed!
file 14 has been read from HDFS for 8 time
diff succeed!
file 14 has been read from HDFS for 9 time
diff succeed!
file 14 has been read from HDFS for 10 time
diff succeed!
Deleted /myfile14
file 14 has been removed from HDFS
Found 20 items
-rw-r--r--   3 root supergroup 1073741824 2019-02-24 16:28 /myfile1
-rw-r--r--   3 root supergroup 1073741824 2019-02-24 16:25 /myfile10
-rw-r--r--   3 root supergroup  268435456 2019-02-24 16:28 /myfile11._COPYING_
-rw-r--r--   3 root supergroup 1073741824 2019-02-24 16:27 /myfile12
-rw-r--r--   3 root supergroup          0 2019-02-24 16:28 /myfile13._COPYING_
-rw-r--r--   3 root supergroup 1073741824 2019-02-24 16:28 /myfile14
-rw-r--r--   3 root supergroup          0 2019-02-24 16:28 /myfile15._COPYING_
-rw-r--r--   3 root supergroup          0 2019-02-24 16:28 /myfile16._COPYING_
-rw-r--r--   3 root supergroup  268435456 2019-02-24 16:28 /myfile17._COPYING_
-rw-r--r--   3 root supergroup 1073741824 2019-02-24 16:27 /myfile18
-rw-r--r--   3 root supergroup 1073741824 2019-02-24 16:27 /myfile19
-rw-r--r--   3 root supergroup 1073741824 2019-02-24 16:24 /myfile2
-rw-r--r--   3 root supergroup 1073741824 2019-02-24 16:24 /myfile20
-rw-r--r--   3 root supergroup 1073741824 2019-02-24 16:24 /myfile3
-rw-r--r--   3 root supergroup 1073741824 2019-02-24 16:24 /myfile4
-rw-r--r--   3 root supergroup 1073741824 2019-02-24 16:25 /myfile5
-rw-r--r--   3 root supergroup 1073741824 2019-02-24 16:24 /myfile6
-rw-r--r--   3 root supergroup 1073741824 2019-02-24 16:25 /myfile7
-rw-r--r--   3 root supergroup 1073741824 2019-02-24 16:28 /myfile8
-rw-r--r--   3 root supergroup 1073741824 2019-02-24 16:24 /myfile9
file 14 has been put into HDFS
file 14 has been read from HDFS for 1 time
diff succeed!
file 14 has been read from HDFS for 2 time
diff succeed!
file 14 has been read from HDFS for 3 time
diff succeed!
file 14 has been read from HDFS for 4 time
diff succeed!
file 14 has been read from HDFS for 5 time
diff succeed!
file 14 has been read from HDFS for 6 time
diff succeed!
file 14 has been read from HDFS for 7 time
diff succeed!
file 14 has been read from HDFS for 8 time
diff succeed!
file 14 has been read from HDFS for 9 time
diff succeed!
sub_benchmark 9 signal TERM catched and let quit gracefully
Deleted /myfile14
file 14 has been removed from HDFS
