Found 20 items
-rw-r--r--   3 root supergroup 1073741824 2019-02-21 17:42 /myfile1
-rw-r--r--   3 root supergroup 1073741824 2019-02-21 17:42 /myfile10
-rw-r--r--   3 root supergroup 1073741824 2019-02-21 17:42 /myfile11
-rw-r--r--   3 root supergroup 1073741824 2019-02-21 17:42 /myfile12
-rw-r--r--   3 root supergroup 1073741824 2019-02-21 17:42 /myfile13
-rw-r--r--   3 root supergroup 1073741824 2019-02-21 17:42 /myfile14
-rw-r--r--   3 root supergroup 1073741824 2019-02-21 17:42 /myfile15
-rw-r--r--   3 root supergroup 1073741824 2019-02-21 17:42 /myfile16
-rw-r--r--   3 root supergroup 1073741824 2019-02-21 17:42 /myfile17
-rw-r--r--   3 root supergroup 1073741824 2019-02-21 17:42 /myfile18
-rw-r--r--   3 root supergroup 1073741824 2019-02-21 17:42 /myfile19
-rw-r--r--   3 root supergroup 1073741824 2019-02-21 17:42 /myfile2
-rw-r--r--   3 root supergroup 1073741824 2019-02-21 17:42 /myfile20
-rw-r--r--   3 root supergroup 1073741824 2019-02-21 17:42 /myfile3
-rw-r--r--   3 root supergroup 1073741824 2019-02-21 17:42 /myfile4
-rw-r--r--   3 root supergroup  939524096 2019-02-21 17:41 /myfile5._COPYING_
-rw-r--r--   3 root supergroup 1073741824 2019-02-21 17:42 /myfile6
-rw-r--r--   3 root supergroup 1073741824 2019-02-21 17:42 /myfile7
-rw-r--r--   3 root supergroup 1073741824 2019-02-21 17:42 /myfile8
-rw-r--r--   3 root supergroup 1073741824 2019-02-21 17:42 /myfile9
file 4 has been put into HDFS
file 4 has been read from HDFS for 1 time
diff succeed!
file 4 has been read from HDFS for 2 time
diff succeed!
file 4 has been read from HDFS for 3 time
diff succeed!
file 4 has been read from HDFS for 4 time
diff succeed!
file 4 has been read from HDFS for 5 time
diff succeed!
file 4 has been read from HDFS for 6 time
diff succeed!
file 4 has been read from HDFS for 7 time
diff succeed!
file 4 has been read from HDFS for 8 time
diff succeed!
file 4 has been read from HDFS for 9 time
diff succeed!
file 4 has been read from HDFS for 10 time
diff succeed!
Deleted /myfile4
file 4 has been removed from HDFS
Found 19 items
-rw-r--r--   3 root supergroup 1073741824 2019-02-21 17:46 /myfile1
-rw-r--r--   3 root supergroup 1073741824 2019-02-21 17:46 /myfile10
-rw-r--r--   3 root supergroup 1073741824 2019-02-21 17:46 /myfile11
-rw-r--r--   3 root supergroup 1073741824 2019-02-21 17:46 /myfile13
-rw-r--r--   3 root supergroup 1073741824 2019-02-21 17:46 /myfile14
-rw-r--r--   3 root supergroup 1073741824 2019-02-21 17:46 /myfile15
-rw-r--r--   3 root supergroup 1073741824 2019-02-21 17:46 /myfile16
-rw-r--r--   3 root supergroup 1073741824 2019-02-21 17:46 /myfile17
-rw-r--r--   3 root supergroup 1073741824 2019-02-21 17:46 /myfile18
-rw-r--r--   3 root supergroup 1073741824 2019-02-21 17:46 /myfile19
-rw-r--r--   3 root supergroup 1073741824 2019-02-21 17:46 /myfile2
-rw-r--r--   3 root supergroup 1073741824 2019-02-21 17:46 /myfile20
-rw-r--r--   3 root supergroup 1073741824 2019-02-21 17:46 /myfile3
-rw-r--r--   3 root supergroup 1073741824 2019-02-21 17:46 /myfile4
-rw-r--r--   3 root supergroup 1073741824 2019-02-21 17:46 /myfile5
-rw-r--r--   3 root supergroup 1073741824 2019-02-21 17:46 /myfile6
-rw-r--r--   3 root supergroup 1073741824 2019-02-21 17:46 /myfile7
-rw-r--r--   3 root supergroup 1073741824 2019-02-21 17:46 /myfile8
-rw-r--r--   3 root supergroup 1073741824 2019-02-21 17:46 /myfile9
file 4 has been put into HDFS
file 4 has been read from HDFS for 1 time
diff succeed!
file 4 has been read from HDFS for 2 time
diff succeed!
file 4 has been read from HDFS for 3 time
diff succeed!
file 4 has been read from HDFS for 4 time
diff succeed!
file 4 has been read from HDFS for 5 time
diff succeed!
file 4 has been read from HDFS for 6 time
diff succeed!
file 4 has been read from HDFS for 7 time
diff succeed!
file 4 has been read from HDFS for 8 time
diff succeed!
file 4 has been read from HDFS for 9 time
diff succeed!
file 4 has been read from HDFS for 10 time
diff succeed!
Deleted /myfile4
file 4 has been removed from HDFS
2019-02-21 17:54:49,932 INFO retry.RetryInvocationHandler: org.apache.hadoop.ipc.RemoteException(org.apache.hadoop.ipc.RetriableException): org.apache.hadoop.hdfs.server.namenode.SafeModeException: Cannot create file/myfile4._COPYING_. Name node is in safe mode.
The reported blocks 112 has reached the threshold 0.9990 of total blocks 112. The number of live datanodes 3 has reached the minimum number 0. In safe mode extension. Safe mode will be turned off automatically in 23 seconds. NamenodeHostName:node-0-link-0
	at org.apache.hadoop.hdfs.server.namenode.FSNamesystem.checkNameNodeSafeMode(FSNamesystem.java:1441)
	at org.apache.hadoop.hdfs.server.namenode.FSNamesystem.startFileInt(FSNamesystem.java:2401)
	at org.apache.hadoop.hdfs.server.namenode.FSNamesystem.startFile(FSNamesystem.java:2347)
	at org.apache.hadoop.hdfs.server.namenode.NameNodeRpcServer.create(NameNodeRpcServer.java:774)
	at org.apache.hadoop.hdfs.protocolPB.ClientNamenodeProtocolServerSideTranslatorPB.create(ClientNamenodeProtocolServerSideTranslatorPB.java:462)
	at org.apache.hadoop.hdfs.protocol.proto.ClientNamenodeProtocolProtos$ClientNamenodeProtocol$2.callBlockingMethod(ClientNamenodeProtocolProtos.java)
	at org.apache.hadoop.ipc.ProtobufRpcEngine$Server$ProtoBufRpcInvoker.call(ProtobufRpcEngine.java:523)
	at org.apache.hadoop.ipc.RPC$Server.call(RPC.java:991)
	at org.apache.hadoop.ipc.Server$RpcCall.run(Server.java:872)
	at org.apache.hadoop.ipc.Server$RpcCall.run(Server.java:818)
	at java.security.AccessController.doPrivileged(Native Method)
	at javax.security.auth.Subject.doAs(Subject.java:422)
	at org.apache.hadoop.security.UserGroupInformation.doAs(UserGroupInformation.java:1729)
	at org.apache.hadoop.ipc.Server$Handler.run(Server.java:2678)
Caused by: org.apache.hadoop.hdfs.server.namenode.SafeModeException: Cannot create file/myfile4._COPYING_. Name node is in safe mode.
The reported blocks 112 has reached the threshold 0.9990 of total blocks 112. The number of live datanodes 3 has reached the minimum number 0. In safe mode extension. Safe mode will be turned off automatically in 23 seconds. NamenodeHostName:node-0-link-0
	at org.apache.hadoop.hdfs.server.namenode.FSNamesystem.newSafemodeException(FSNamesystem.java:1450)
	at org.apache.hadoop.hdfs.server.namenode.FSNamesystem.checkNameNodeSafeMode(FSNamesystem.java:1437)
	... 13 more
, while invoking ClientNamenodeProtocolTranslatorPB.create over node-0-link-0/10.10.1.1:8020. Retrying immediately.
2019-02-21 17:54:49,935 INFO retry.RetryInvocationHandler: org.apache.hadoop.ipc.RemoteException(org.apache.hadoop.ipc.RetriableException): org.apache.hadoop.hdfs.server.namenode.SafeModeException: Cannot create file/myfile4._COPYING_. Name node is in safe mode.
The reported blocks 112 has reached the threshold 0.9990 of total blocks 112. The number of live datanodes 3 has reached the minimum number 0. In safe mode extension. Safe mode will be turned off automatically in 23 seconds. NamenodeHostName:node-0-link-0
	at org.apache.hadoop.hdfs.server.namenode.FSNamesystem.checkNameNodeSafeMode(FSNamesystem.java:1441)
	at org.apache.hadoop.hdfs.server.namenode.FSNamesystem.startFileInt(FSNamesystem.java:2401)
	at org.apache.hadoop.hdfs.server.namenode.FSNamesystem.startFile(FSNamesystem.java:2347)
	at org.apache.hadoop.hdfs.server.namenode.NameNodeRpcServer.create(NameNodeRpcServer.java:774)
	at org.apache.hadoop.hdfs.protocolPB.ClientNamenodeProtocolServerSideTranslatorPB.create(ClientNamenodeProtocolServerSideTranslatorPB.java:462)
	at org.apache.hadoop.hdfs.protocol.proto.ClientNamenodeProtocolProtos$ClientNamenodeProtocol$2.callBlockingMethod(ClientNamenodeProtocolProtos.java)
	at org.apache.hadoop.ipc.ProtobufRpcEngine$Server$ProtoBufRpcInvoker.call(ProtobufRpcEngine.java:523)
	at org.apache.hadoop.ipc.RPC$Server.call(RPC.java:991)
	at org.apache.hadoop.ipc.Server$RpcCall.run(Server.java:872)
	at org.apache.hadoop.ipc.Server$RpcCall.run(Server.java:818)
	at java.security.AccessController.doPrivileged(Native Method)
	at javax.security.auth.Subject.doAs(Subject.java:422)
	at org.apache.hadoop.security.UserGroupInformation.doAs(UserGroupInformation.java:1729)
	at org.apache.hadoop.ipc.Server$Handler.run(Server.java:2678)
Caused by: org.apache.hadoop.hdfs.server.namenode.SafeModeException: Cannot create file/myfile4._COPYING_. Name node is in safe mode.
The reported blocks 112 has reached the threshold 0.9990 of total blocks 112. The number of live datanodes 3 has reached the minimum number 0. In safe mode extension. Safe mode will be turned off automatically in 23 seconds. NamenodeHostName:node-0-link-0
	at org.apache.hadoop.hdfs.server.namenode.FSNamesystem.newSafemodeException(FSNamesystem.java:1450)
	at org.apache.hadoop.hdfs.server.namenode.FSNamesystem.checkNameNodeSafeMode(FSNamesystem.java:1437)
	... 13 more
, while invoking ClientNamenodeProtocolTranslatorPB.create over node-0-link-0/10.10.1.1:8020. Retrying after sleeping for 1046ms.
2019-02-21 17:54:50,987 INFO retry.RetryInvocationHandler: org.apache.hadoop.ipc.RemoteException(org.apache.hadoop.ipc.RetriableException): org.apache.hadoop.hdfs.server.namenode.SafeModeException: Cannot create file/myfile4._COPYING_. Name node is in safe mode.
The reported blocks 112 has reached the threshold 0.9990 of total blocks 112. The number of live datanodes 3 has reached the minimum number 0. In safe mode extension. Safe mode will be turned off automatically in 22 seconds. NamenodeHostName:node-0-link-0
	at org.apache.hadoop.hdfs.server.namenode.FSNamesystem.checkNameNodeSafeMode(FSNamesystem.java:1441)
	at org.apache.hadoop.hdfs.server.namenode.FSNamesystem.startFileInt(FSNamesystem.java:2401)
	at org.apache.hadoop.hdfs.server.namenode.FSNamesystem.startFile(FSNamesystem.java:2347)
	at org.apache.hadoop.hdfs.server.namenode.NameNodeRpcServer.create(NameNodeRpcServer.java:774)
	at org.apache.hadoop.hdfs.protocolPB.ClientNamenodeProtocolServerSideTranslatorPB.create(ClientNamenodeProtocolServerSideTranslatorPB.java:462)
	at org.apache.hadoop.hdfs.protocol.proto.ClientNamenodeProtocolProtos$ClientNamenodeProtocol$2.callBlockingMethod(ClientNamenodeProtocolProtos.java)
	at org.apache.hadoop.ipc.ProtobufRpcEngine$Server$ProtoBufRpcInvoker.call(ProtobufRpcEngine.java:523)
	at org.apache.hadoop.ipc.RPC$Server.call(RPC.java:991)
	at org.apache.hadoop.ipc.Server$RpcCall.run(Server.java:872)
	at org.apache.hadoop.ipc.Server$RpcCall.run(Server.java:818)
	at java.security.AccessController.doPrivileged(Native Method)
	at javax.security.auth.Subject.doAs(Subject.java:422)
	at org.apache.hadoop.security.UserGroupInformation.doAs(UserGroupInformation.java:1729)
	at org.apache.hadoop.ipc.Server$Handler.run(Server.java:2678)
Caused by: org.apache.hadoop.hdfs.server.namenode.SafeModeException: Cannot create file/myfile4._COPYING_. Name node is in safe mode.
The reported blocks 112 has reached the threshold 0.9990 of total blocks 112. The number of live datanodes 3 has reached the minimum number 0. In safe mode extension. Safe mode will be turned off automatically in 22 seconds. NamenodeHostName:node-0-link-0
	at org.apache.hadoop.hdfs.server.namenode.FSNamesystem.newSafemodeException(FSNamesystem.java:1450)
	at org.apache.hadoop.hdfs.server.namenode.FSNamesystem.checkNameNodeSafeMode(FSNamesystem.java:1437)
	... 13 more
, while invoking ClientNamenodeProtocolTranslatorPB.create over node-0-link-0/10.10.1.1:8020. Retrying after sleeping for 2126ms.
2019-02-21 17:54:53,117 INFO retry.RetryInvocationHandler: org.apache.hadoop.ipc.RemoteException(org.apache.hadoop.ipc.RetriableException): org.apache.hadoop.hdfs.server.namenode.SafeModeException: Cannot create file/myfile4._COPYING_. Name node is in safe mode.
The reported blocks 112 has reached the threshold 0.9990 of total blocks 112. The number of live datanodes 3 has reached the minimum number 0. In safe mode extension. Safe mode will be turned off automatically in 20 seconds. NamenodeHostName:node-0-link-0
	at org.apache.hadoop.hdfs.server.namenode.FSNamesystem.checkNameNodeSafeMode(FSNamesystem.java:1441)
	at org.apache.hadoop.hdfs.server.namenode.FSNamesystem.startFileInt(FSNamesystem.java:2401)
	at org.apache.hadoop.hdfs.server.namenode.FSNamesystem.startFile(FSNamesystem.java:2347)
	at org.apache.hadoop.hdfs.server.namenode.NameNodeRpcServer.create(NameNodeRpcServer.java:774)
	at org.apache.hadoop.hdfs.protocolPB.ClientNamenodeProtocolServerSideTranslatorPB.create(ClientNamenodeProtocolServerSideTranslatorPB.java:462)
	at org.apache.hadoop.hdfs.protocol.proto.ClientNamenodeProtocolProtos$ClientNamenodeProtocol$2.callBlockingMethod(ClientNamenodeProtocolProtos.java)
	at org.apache.hadoop.ipc.ProtobufRpcEngine$Server$ProtoBufRpcInvoker.call(ProtobufRpcEngine.java:523)
	at org.apache.hadoop.ipc.RPC$Server.call(RPC.java:991)
	at org.apache.hadoop.ipc.Server$RpcCall.run(Server.java:872)
	at org.apache.hadoop.ipc.Server$RpcCall.run(Server.java:818)
	at java.security.AccessController.doPrivileged(Native Method)
	at javax.security.auth.Subject.doAs(Subject.java:422)
	at org.apache.hadoop.security.UserGroupInformation.doAs(UserGroupInformation.java:1729)
	at org.apache.hadoop.ipc.Server$Handler.run(Server.java:2678)
Caused by: org.apache.hadoop.hdfs.server.namenode.SafeModeException: Cannot create file/myfile4._COPYING_. Name node is in safe mode.
The reported blocks 112 has reached the threshold 0.9990 of total blocks 112. The number of live datanodes 3 has reached the minimum number 0. In safe mode extension. Safe mode will be turned off automatically in 20 seconds. NamenodeHostName:node-0-link-0
	at org.apache.hadoop.hdfs.server.namenode.FSNamesystem.newSafemodeException(FSNamesystem.java:1450)
	at org.apache.hadoop.hdfs.server.namenode.FSNamesystem.checkNameNodeSafeMode(FSNamesystem.java:1437)
	... 13 more
, while invoking ClientNamenodeProtocolTranslatorPB.create over node-0-link-0/10.10.1.1:8020. Retrying after sleeping for 5000ms.
2019-02-21 17:54:58,120 INFO retry.RetryInvocationHandler: org.apache.hadoop.ipc.RemoteException(org.apache.hadoop.ipc.RetriableException): org.apache.hadoop.hdfs.server.namenode.SafeModeException: Cannot create file/myfile4._COPYING_. Name node is in safe mode.
The reported blocks 112 has reached the threshold 0.9990 of total blocks 112. The number of live datanodes 3 has reached the minimum number 0. In safe mode extension. Safe mode will be turned off automatically in 15 seconds. NamenodeHostName:node-0-link-0
	at org.apache.hadoop.hdfs.server.namenode.FSNamesystem.checkNameNodeSafeMode(FSNamesystem.java:1441)
	at org.apache.hadoop.hdfs.server.namenode.FSNamesystem.startFileInt(FSNamesystem.java:2401)
	at org.apache.hadoop.hdfs.server.namenode.FSNamesystem.startFile(FSNamesystem.java:2347)
	at org.apache.hadoop.hdfs.server.namenode.NameNodeRpcServer.create(NameNodeRpcServer.java:774)
	at org.apache.hadoop.hdfs.protocolPB.ClientNamenodeProtocolServerSideTranslatorPB.create(ClientNamenodeProtocolServerSideTranslatorPB.java:462)
	at org.apache.hadoop.hdfs.protocol.proto.ClientNamenodeProtocolProtos$ClientNamenodeProtocol$2.callBlockingMethod(ClientNamenodeProtocolProtos.java)
	at org.apache.hadoop.ipc.ProtobufRpcEngine$Server$ProtoBufRpcInvoker.call(ProtobufRpcEngine.java:523)
	at org.apache.hadoop.ipc.RPC$Server.call(RPC.java:991)
	at org.apache.hadoop.ipc.Server$RpcCall.run(Server.java:872)
	at org.apache.hadoop.ipc.Server$RpcCall.run(Server.java:818)
	at java.security.AccessController.doPrivileged(Native Method)
	at javax.security.auth.Subject.doAs(Subject.java:422)
	at org.apache.hadoop.security.UserGroupInformation.doAs(UserGroupInformation.java:1729)
	at org.apache.hadoop.ipc.Server$Handler.run(Server.java:2678)
Caused by: org.apache.hadoop.hdfs.server.namenode.SafeModeException: Cannot create file/myfile4._COPYING_. Name node is in safe mode.
The reported blocks 112 has reached the threshold 0.9990 of total blocks 112. The number of live datanodes 3 has reached the minimum number 0. In safe mode extension. Safe mode will be turned off automatically in 15 seconds. NamenodeHostName:node-0-link-0
	at org.apache.hadoop.hdfs.server.namenode.FSNamesystem.newSafemodeException(FSNamesystem.java:1450)
	at org.apache.hadoop.hdfs.server.namenode.FSNamesystem.checkNameNodeSafeMode(FSNamesystem.java:1437)
	... 13 more
, while invoking ClientNamenodeProtocolTranslatorPB.create over node-0-link-0/10.10.1.1:8020. Retrying after sleeping for 10023ms.
2019-02-21 17:55:08,149 INFO retry.RetryInvocationHandler: org.apache.hadoop.ipc.RemoteException(org.apache.hadoop.ipc.RetriableException): org.apache.hadoop.hdfs.server.namenode.SafeModeException: Cannot create file/myfile4._COPYING_. Name node is in safe mode.
The reported blocks 112 has reached the threshold 0.9990 of total blocks 112. The number of live datanodes 3 has reached the minimum number 0. In safe mode extension. Safe mode will be turned off automatically in 5 seconds. NamenodeHostName:node-0-link-0
	at org.apache.hadoop.hdfs.server.namenode.FSNamesystem.checkNameNodeSafeMode(FSNamesystem.java:1441)
	at org.apache.hadoop.hdfs.server.namenode.FSNamesystem.startFileInt(FSNamesystem.java:2401)
	at org.apache.hadoop.hdfs.server.namenode.FSNamesystem.startFile(FSNamesystem.java:2347)
	at org.apache.hadoop.hdfs.server.namenode.NameNodeRpcServer.create(NameNodeRpcServer.java:774)
	at org.apache.hadoop.hdfs.protocolPB.ClientNamenodeProtocolServerSideTranslatorPB.create(ClientNamenodeProtocolServerSideTranslatorPB.java:462)
	at org.apache.hadoop.hdfs.protocol.proto.ClientNamenodeProtocolProtos$ClientNamenodeProtocol$2.callBlockingMethod(ClientNamenodeProtocolProtos.java)
	at org.apache.hadoop.ipc.ProtobufRpcEngine$Server$ProtoBufRpcInvoker.call(ProtobufRpcEngine.java:523)
	at org.apache.hadoop.ipc.RPC$Server.call(RPC.java:991)
	at org.apache.hadoop.ipc.Server$RpcCall.run(Server.java:872)
	at org.apache.hadoop.ipc.Server$RpcCall.run(Server.java:818)
	at java.security.AccessController.doPrivileged(Native Method)
	at javax.security.auth.Subject.doAs(Subject.java:422)
	at org.apache.hadoop.security.UserGroupInformation.doAs(UserGroupInformation.java:1729)
	at org.apache.hadoop.ipc.Server$Handler.run(Server.java:2678)
Caused by: org.apache.hadoop.hdfs.server.namenode.SafeModeException: Cannot create file/myfile4._COPYING_. Name node is in safe mode.
The reported blocks 112 has reached the threshold 0.9990 of total blocks 112. The number of live datanodes 3 has reached the minimum number 0. In safe mode extension. Safe mode will be turned off automatically in 5 seconds. NamenodeHostName:node-0-link-0
	at org.apache.hadoop.hdfs.server.namenode.FSNamesystem.newSafemodeException(FSNamesystem.java:1450)
	at org.apache.hadoop.hdfs.server.namenode.FSNamesystem.checkNameNodeSafeMode(FSNamesystem.java:1437)
	... 13 more
, while invoking ClientNamenodeProtocolTranslatorPB.create over node-0-link-0/10.10.1.1:8020. Retrying after sleeping for 19550ms.
Found 20 items
-rw-r--r--   3 root supergroup 1073741824 2019-02-21 17:55 /myfile1
-rw-r--r--   3 root supergroup 1073741824 2019-02-21 17:54 /myfile10
-rw-r--r--   3 root supergroup 1073741824 2019-02-21 17:56 /myfile11
-rw-r--r--   3 root supergroup 1073741824 2019-02-21 17:54 /myfile12
-rw-r--r--   3 root supergroup 1073741824 2019-02-21 17:53 /myfile13
-rw-r--r--   3 root supergroup 1073741824 2019-02-21 17:54 /myfile14
-rw-r--r--   3 root supergroup 1073741824 2019-02-21 17:55 /myfile15
-rw-r--r--   3 root supergroup 1073741824 2019-02-21 17:55 /myfile16
-rw-r--r--   3 root supergroup 1073741824 2019-02-21 17:53 /myfile17
-rw-r--r--   3 root supergroup 1073741824 2019-02-21 17:56 /myfile18
-rw-r--r--   3 root supergroup 1073741824 2019-02-21 17:55 /myfile19
-rw-r--r--   3 root supergroup 1073741824 2019-02-21 17:54 /myfile2
-rw-r--r--   3 root supergroup 1073741824 2019-02-21 17:54 /myfile20
-rw-r--r--   3 root supergroup 1073741824 2019-02-21 17:54 /myfile3
-rw-r--r--   3 root supergroup 1073741824 2019-02-21 17:56 /myfile4
-rw-r--r--   3 root supergroup 1073741824 2019-02-21 17:54 /myfile5
-rw-r--r--   3 root supergroup 1073741824 2019-02-21 17:54 /myfile6
-rw-r--r--   3 root supergroup 1073741824 2019-02-21 17:55 /myfile7
-rw-r--r--   3 root supergroup 1073741824 2019-02-21 17:55 /myfile8
-rw-r--r--   3 root supergroup 1073741824 2019-02-21 17:54 /myfile9
file 4 has been put into HDFS
file 4 has been read from HDFS for 1 time
diff succeed!
file 4 has been read from HDFS for 2 time
diff succeed!
file 4 has been read from HDFS for 3 time
diff succeed!
file 4 has been read from HDFS for 4 time
diff succeed!
file 4 has been read from HDFS for 5 time
diff succeed!
file 4 has been read from HDFS for 6 time
diff succeed!
file 4 has been read from HDFS for 7 time
diff succeed!
file 4 has been read from HDFS for 8 time
diff succeed!
file 4 has been read from HDFS for 9 time
diff succeed!
file 4 has been read from HDFS for 10 time
diff succeed!
Deleted /myfile4
file 4 has been removed from HDFS
Found 19 items
-rw-r--r--   3 root supergroup 1073741824 2019-02-21 18:00 /myfile1
-rw-r--r--   3 root supergroup  671088640 2019-02-21 17:59 /myfile10._COPYING_
-rw-r--r--   3 root supergroup  536870912 2019-02-21 17:59 /myfile11._COPYING_
-rw-r--r--   3 root supergroup 1073741824 2019-02-21 17:59 /myfile12
-rw-r--r--   3 root supergroup 1073741824 2019-02-21 17:57 /myfile13
-rw-r--r--   3 root supergroup 1073741824 2019-02-21 17:59 /myfile14
-rw-r--r--   3 root supergroup 1073741824 2019-02-21 17:55 /myfile15
-rw-r--r--   3 root supergroup 1073741824 2019-02-21 17:55 /myfile16
-rw-r--r--   3 root supergroup 1073741824 2019-02-21 17:59 /myfile17
-rw-r--r--   3 root supergroup 1073741824 2019-02-21 17:56 /myfile18
-rw-r--r--   3 root supergroup 1073741824 2019-02-21 17:55 /myfile19
-rw-r--r--   3 root supergroup 1073741824 2019-02-21 17:59 /myfile2
-rw-r--r--   3 root supergroup 1073741824 2019-02-21 17:59 /myfile20
-rw-r--r--   3 root supergroup 1073741824 2019-02-21 17:59 /myfile3
-rw-r--r--   3 root supergroup 1073741824 2019-02-21 18:00 /myfile4
-rw-r--r--   3 root supergroup 1073741824 2019-02-21 17:59 /myfile6
-rw-r--r--   3 root supergroup 1073741824 2019-02-21 17:55 /myfile7
-rw-r--r--   3 root supergroup 1073741824 2019-02-21 17:55 /myfile8
-rw-r--r--   3 root supergroup 1073741824 2019-02-21 17:59 /myfile9
file 4 has been put into HDFS
file 4 has been read from HDFS for 1 time
diff succeed!
file 4 has been read from HDFS for 2 time
diff succeed!
file 4 has been read from HDFS for 3 time
diff succeed!
file 4 has been read from HDFS for 4 time
diff succeed!
file 4 has been read from HDFS for 5 time
diff succeed!
file 4 has been read from HDFS for 6 time
diff succeed!
file 4 has been read from HDFS for 7 time
diff succeed!
file 4 has been read from HDFS for 8 time
diff succeed!
file 4 has been read from HDFS for 9 time
diff succeed!
file 4 has been read from HDFS for 10 time
diff succeed!
2019-02-21 18:05:09,378 INFO retry.RetryInvocationHandler: org.apache.hadoop.ipc.RemoteException(org.apache.hadoop.ipc.StandbyException): Operation category READ is not supported in state standby. Visit https://s.apache.org/sbnn-error
	at org.apache.hadoop.hdfs.server.namenode.ha.StandbyState.checkOperation(StandbyState.java:88)
	at org.apache.hadoop.hdfs.server.namenode.NameNode$NameNodeHAContext.checkOperation(NameNode.java:1952)
	at org.apache.hadoop.hdfs.server.namenode.FSNamesystem.checkOperation(FSNamesystem.java:1423)
	at org.apache.hadoop.hdfs.server.namenode.FSNamesystem.getFileInfo(FSNamesystem.java:3085)
	at org.apache.hadoop.hdfs.server.namenode.NameNodeRpcServer.getFileInfo(NameNodeRpcServer.java:1154)
	at org.apache.hadoop.hdfs.protocolPB.ClientNamenodeProtocolServerSideTranslatorPB.getFileInfo(ClientNamenodeProtocolServerSideTranslatorPB.java:966)
	at org.apache.hadoop.hdfs.protocol.proto.ClientNamenodeProtocolProtos$ClientNamenodeProtocol$2.callBlockingMethod(ClientNamenodeProtocolProtos.java)
	at org.apache.hadoop.ipc.ProtobufRpcEngine$Server$ProtoBufRpcInvoker.call(ProtobufRpcEngine.java:523)
	at org.apache.hadoop.ipc.RPC$Server.call(RPC.java:991)
	at org.apache.hadoop.ipc.Server$RpcCall.run(Server.java:872)
	at org.apache.hadoop.ipc.Server$RpcCall.run(Server.java:818)
	at java.security.AccessController.doPrivileged(Native Method)
	at javax.security.auth.Subject.doAs(Subject.java:422)
	at org.apache.hadoop.security.UserGroupInformation.doAs(UserGroupInformation.java:1729)
	at org.apache.hadoop.ipc.Server$Handler.run(Server.java:2678)
, while invoking ClientNamenodeProtocolTranslatorPB.getFileInfo over node-1-link-0/10.10.1.4:8020 after 1 failover attempts. Trying to failover after sleeping for 616ms.
2019-02-21 18:05:09,998 INFO retry.RetryInvocationHandler: java.net.ConnectException: Call From clnode090.clemson.cloudlab.us/130.127.133.99 to node-0-link-0:8020 failed on connection exception: java.net.ConnectException: Connection refused; For more details see:  http://wiki.apache.org/hadoop/ConnectionRefused, while invoking ClientNamenodeProtocolTranslatorPB.getFileInfo over node-0-link-0/10.10.1.1:8020 after 2 failover attempts. Trying to failover after sleeping for 1346ms.
Deleted /myfile4
file 4 has been removed from HDFS
Found 20 items
-rw-r--r--   3 root supergroup 1073741824 2019-02-21 18:05 /myfile1
-rw-r--r--   3 root supergroup 1073741824 2019-02-21 18:04 /myfile10
-rw-r--r--   3 root supergroup 1073741824 2019-02-21 18:04 /myfile11
-rw-r--r--   3 root supergroup 1073741824 2019-02-21 18:04 /myfile12
-rw-r--r--   3 root supergroup 1073741824 2019-02-21 18:02 /myfile13
-rw-r--r--   3 root supergroup 1073741824 2019-02-21 18:03 /myfile14
-rw-r--r--   3 root supergroup 1073741824 2019-02-21 18:01 /myfile15
-rw-r--r--   3 root supergroup 1073741824 2019-02-21 18:01 /myfile16
-rw-r--r--   3 root supergroup 1073741824 2019-02-21 18:04 /myfile17
-rw-r--r--   3 root supergroup 1073741824 2019-02-21 18:02 /myfile18
-rw-r--r--   3 root supergroup 1073741824 2019-02-21 18:02 /myfile19
-rw-r--r--   3 root supergroup 1073741824 2019-02-21 18:04 /myfile2
-rw-r--r--   3 root supergroup 1073741824 2019-02-21 18:03 /myfile20
-rw-r--r--   3 root supergroup 1073741824 2019-02-21 18:04 /myfile3
-rw-r--r--   3 root supergroup 1073741824 2019-02-21 18:05 /myfile4
-rw-r--r--   3 root supergroup  671088640 2019-02-21 18:05 /myfile5._COPYING_
-rw-r--r--   3 root supergroup 1073741824 2019-02-21 18:03 /myfile6
-rw-r--r--   3 root supergroup 1073741824 2019-02-21 18:03 /myfile7
-rw-r--r--   3 root supergroup 1073741824 2019-02-21 18:02 /myfile8
-rw-r--r--   3 root supergroup 1073741824 2019-02-21 18:04 /myfile9
file 4 has been put into HDFS
file 4 has been read from HDFS for 1 time
diff succeed!
file 4 has been read from HDFS for 2 time
diff succeed!
file 4 has been read from HDFS for 3 time
diff succeed!
file 4 has been read from HDFS for 4 time
diff succeed!
file 4 has been read from HDFS for 5 time
diff succeed!
file 4 has been read from HDFS for 6 time
diff succeed!
file 4 has been read from HDFS for 7 time
diff succeed!
file 4 has been read from HDFS for 8 time
diff succeed!
file 4 has been read from HDFS for 9 time
diff succeed!
file 4 has been read from HDFS for 10 time
diff succeed!
Deleted /myfile4
file 4 has been removed from HDFS
Found 19 items
-rw-r--r--   3 root supergroup 1073741824 2019-02-21 18:10 /myfile1
-rw-r--r--   3 root supergroup 1073741824 2019-02-21 18:09 /myfile10
-rw-r--r--   3 root supergroup 1073741824 2019-02-21 18:09 /myfile11
-rw-r--r--   3 root supergroup 1073741824 2019-02-21 18:09 /myfile12
-rw-r--r--   3 root supergroup 1073741824 2019-02-21 18:07 /myfile13
-rw-r--r--   3 root supergroup 1073741824 2019-02-21 18:09 /myfile14
-rw-r--r--   3 root supergroup 1073741824 2019-02-21 18:07 /myfile15
-rw-r--r--   3 root supergroup 1073741824 2019-02-21 18:07 /myfile16
-rw-r--r--   3 root supergroup 1073741824 2019-02-21 18:09 /myfile17
-rw-r--r--   3 root supergroup 1073741824 2019-02-21 18:07 /myfile18
-rw-r--r--   3 root supergroup 1073741824 2019-02-21 18:07 /myfile19
-rw-r--r--   3 root supergroup 1073741824 2019-02-21 18:09 /myfile2
-rw-r--r--   3 root supergroup 1073741824 2019-02-21 18:09 /myfile20
-rw-r--r--   3 root supergroup 1073741824 2019-02-21 18:09 /myfile3
-rw-r--r--   3 root supergroup 1073741824 2019-02-21 18:10 /myfile4
-rw-r--r--   3 root supergroup 1073741824 2019-02-21 18:09 /myfile6
-rw-r--r--   3 root supergroup 1073741824 2019-02-21 18:09 /myfile7
-rw-r--r--   3 root supergroup 1073741824 2019-02-21 18:07 /myfile8
-rw-r--r--   3 root supergroup 1073741824 2019-02-21 18:09 /myfile9
file 4 has been put into HDFS
file 4 has been read from HDFS for 1 time
diff succeed!
file 4 has been read from HDFS for 2 time
diff succeed!
file 4 has been read from HDFS for 3 time
diff succeed!
file 4 has been read from HDFS for 4 time
diff succeed!
file 4 has been read from HDFS for 5 time
diff succeed!
file 4 has been read from HDFS for 6 time
diff succeed!
file 4 has been read from HDFS for 7 time
diff succeed!
file 4 has been read from HDFS for 8 time
diff succeed!
file 4 has been read from HDFS for 9 time
diff succeed!
file 4 has been read from HDFS for 10 time
diff succeed!
Deleted /myfile4
file 4 has been removed from HDFS
Found 20 items
-rw-r--r--   3 root supergroup 1073741824 2019-02-21 18:14 /myfile1
-rw-r--r--   3 root supergroup 1073741824 2019-02-21 18:14 /myfile10
-rw-r--r--   3 root supergroup 1073741824 2019-02-21 18:14 /myfile11
-rw-r--r--   3 root supergroup 1073741824 2019-02-21 18:14 /myfile12
-rw-r--r--   3 root supergroup 1073741824 2019-02-21 18:13 /myfile13
-rw-r--r--   3 root supergroup 1073741824 2019-02-21 18:14 /myfile14
-rw-r--r--   3 root supergroup 1073741824 2019-02-21 18:12 /myfile15
-rw-r--r--   3 root supergroup 1073741824 2019-02-21 18:12 /myfile16
-rw-r--r--   3 root supergroup 1073741824 2019-02-21 18:15 /myfile17
-rw-r--r--   3 root supergroup 1073741824 2019-02-21 18:12 /myfile18
-rw-r--r--   3 root supergroup 1073741824 2019-02-21 18:13 /myfile19
-rw-r--r--   3 root supergroup 1073741824 2019-02-21 18:13 /myfile2
-rw-r--r--   3 root supergroup 1073741824 2019-02-21 18:14 /myfile20
-rw-r--r--   3 root supergroup 1073741824 2019-02-21 18:14 /myfile3
-rw-r--r--   3 root supergroup 1073741824 2019-02-21 18:15 /myfile4
-rw-r--r--   3 root supergroup 1073741824 2019-02-21 18:10 /myfile5
-rw-r--r--   3 root supergroup 1073741824 2019-02-21 18:14 /myfile6
-rw-r--r--   3 root supergroup 1073741824 2019-02-21 18:09 /myfile7
-rw-r--r--   3 root supergroup 1073741824 2019-02-21 18:12 /myfile8
-rw-r--r--   3 root supergroup 1073741824 2019-02-21 18:14 /myfile9
file 4 has been put into HDFS
file 4 has been read from HDFS for 1 time
diff succeed!
file 4 has been read from HDFS for 2 time
diff succeed!
file 4 has been read from HDFS for 3 time
diff succeed!
file 4 has been read from HDFS for 4 time
diff succeed!
file 4 has been read from HDFS for 5 time
diff succeed!
file 4 has been read from HDFS for 6 time
diff succeed!
file 4 has been read from HDFS for 7 time
diff succeed!
file 4 has been read from HDFS for 8 time
diff succeed!
file 4 has been read from HDFS for 9 time
diff succeed!
file 4 has been read from HDFS for 10 time
diff succeed!
Deleted /myfile4
file 4 has been removed from HDFS
Found 20 items
-rw-r--r--   3 root supergroup 1073741824 2019-02-21 18:19 /myfile1
-rw-r--r--   3 root supergroup 1073741824 2019-02-21 18:19 /myfile10
-rw-r--r--   3 root supergroup 1073741824 2019-02-21 18:19 /myfile11
-rw-r--r--   3 root supergroup 1073741824 2019-02-21 18:19 /myfile12
-rw-r--r--   3 root supergroup 1073741824 2019-02-21 18:18 /myfile13
-rw-r--r--   3 root supergroup 1073741824 2019-02-21 18:19 /myfile14
-rw-r--r--   3 root supergroup 1073741824 2019-02-21 18:16 /myfile15
-rw-r--r--   3 root supergroup 1073741824 2019-02-21 18:18 /myfile16
-rw-r--r--   3 root supergroup  671088640 2019-02-21 18:19 /myfile17._COPYING_
-rw-r--r--   3 root supergroup 1073741824 2019-02-21 18:18 /myfile18
-rw-r--r--   3 root supergroup 1073741824 2019-02-21 18:18 /myfile19
-rw-r--r--   3 root supergroup 1073741824 2019-02-21 18:18 /myfile2
-rw-r--r--   3 root supergroup 1073741824 2019-02-21 18:19 /myfile20
-rw-r--r--   3 root supergroup 1073741824 2019-02-21 18:19 /myfile3
-rw-r--r--   3 root supergroup 1073741824 2019-02-21 18:19 /myfile4
-rw-r--r--   3 root supergroup 1073741824 2019-02-21 18:16 /myfile5
-rw-r--r--   3 root supergroup 1073741824 2019-02-21 18:19 /myfile6
-rw-r--r--   3 root supergroup 1073741824 2019-02-21 18:16 /myfile7
-rw-r--r--   3 root supergroup 1073741824 2019-02-21 18:16 /myfile8
-rw-r--r--   3 root supergroup 1073741824 2019-02-21 18:19 /myfile9
file 4 has been put into HDFS
file 4 has been read from HDFS for 1 time
diff succeed!
file 4 has been read from HDFS for 2 time
diff succeed!
file 4 has been read from HDFS for 3 time
diff succeed!
file 4 has been read from HDFS for 4 time
diff succeed!
file 4 has been read from HDFS for 5 time
diff succeed!
file 4 has been read from HDFS for 6 time
diff succeed!
file 4 has been read from HDFS for 7 time
diff succeed!
file 4 has been read from HDFS for 8 time
diff succeed!
file 4 has been read from HDFS for 9 time
diff succeed!
file 4 has been read from HDFS for 10 time
diff succeed!
Deleted /myfile4
file 4 has been removed from HDFS
Found 20 items
-rw-r--r--   3 root supergroup 1073741824 2019-02-21 18:24 /myfile1
-rw-r--r--   3 root supergroup 1073741824 2019-02-21 18:24 /myfile10
-rw-r--r--   3 root supergroup 1073741824 2019-02-21 18:24 /myfile11
-rw-r--r--   3 root supergroup 1073741824 2019-02-21 18:24 /myfile12
-rw-r--r--   3 root supergroup 1073741824 2019-02-21 18:24 /myfile13
-rw-r--r--   3 root supergroup 1073741824 2019-02-21 18:24 /myfile14
-rw-r--r--   3 root supergroup 1073741824 2019-02-21 18:20 /myfile15
-rw-r--r--   3 root supergroup 1073741824 2019-02-21 18:24 /myfile16
-rw-r--r--   3 root supergroup 1073741824 2019-02-21 18:24 /myfile17
-rw-r--r--   3 root supergroup 1073741824 2019-02-21 18:23 /myfile18
-rw-r--r--   3 root supergroup 1073741824 2019-02-21 18:24 /myfile19
-rw-r--r--   3 root supergroup 1073741824 2019-02-21 18:24 /myfile2
-rw-r--r--   3 root supergroup 1073741824 2019-02-21 18:19 /myfile20
-rw-r--r--   3 root supergroup 1073741824 2019-02-21 18:24 /myfile3
-rw-r--r--   3 root supergroup 1073741824 2019-02-21 18:24 /myfile4
-rw-r--r--   3 root supergroup 1073741824 2019-02-21 18:20 /myfile5
-rw-r--r--   3 root supergroup 1073741824 2019-02-21 18:19 /myfile6
-rw-r--r--   3 root supergroup 1073741824 2019-02-21 18:20 /myfile7
-rw-r--r--   3 root supergroup 1073741824 2019-02-21 18:22 /myfile8
-rw-r--r--   3 root supergroup 1073741824 2019-02-21 18:24 /myfile9
file 4 has been put into HDFS
file 4 has been read from HDFS for 1 time
diff succeed!
file 4 has been read from HDFS for 2 time
diff succeed!
file 4 has been read from HDFS for 3 time
diff succeed!
file 4 has been read from HDFS for 4 time
diff succeed!
file 4 has been read from HDFS for 5 time
diff succeed!
file 4 has been read from HDFS for 6 time
diff succeed!
sub_benchmark 7 signal TERM catched and let quit gracefully
file 4 has been read from HDFS for 7 time
diff succeed!
Deleted /myfile4
file 4 has been removed from HDFS
