Found 20 items
-rw-r--r--   3 root supergroup 1073741824 2019-03-01 06:57 /myfile1
-rw-r--r--   3 root supergroup 1073741824 2019-03-01 06:57 /myfile10
-rw-r--r--   3 root supergroup 1073741824 2019-03-01 06:57 /myfile11
-rw-r--r--   3 root supergroup 1073741824 2019-03-01 06:57 /myfile12
-rw-r--r--   3 root supergroup 1073741824 2019-03-01 06:57 /myfile13
-rw-r--r--   3 root supergroup 1073741824 2019-03-01 06:57 /myfile14
-rw-r--r--   3 root supergroup 1073741824 2019-03-01 06:57 /myfile15
-rw-r--r--   3 root supergroup 1073741824 2019-03-01 06:57 /myfile16
-rw-r--r--   3 root supergroup 1073741824 2019-03-01 06:57 /myfile17
-rw-r--r--   3 root supergroup 1073741824 2019-03-01 06:57 /myfile18
-rw-r--r--   3 root supergroup 1073741824 2019-03-01 06:57 /myfile19
-rw-r--r--   3 root supergroup 1073741824 2019-03-01 06:57 /myfile2
-rw-r--r--   3 root supergroup 1073741824 2019-03-01 06:58 /myfile20
-rw-r--r--   3 root supergroup 1073741824 2019-03-01 06:57 /myfile3
-rw-r--r--   3 root supergroup 1073741824 2019-03-01 06:57 /myfile4
-rw-r--r--   3 root supergroup 1073741824 2019-03-01 06:57 /myfile5
-rw-r--r--   3 root supergroup 1073741824 2019-03-01 06:58 /myfile6
-rw-r--r--   3 root supergroup 1073741824 2019-03-01 06:57 /myfile7
-rw-r--r--   3 root supergroup 1073741824 2019-03-01 06:57 /myfile8
-rw-r--r--   3 root supergroup 1073741824 2019-03-01 06:57 /myfile9
file 18 has been put into HDFS
file 18 has been read from HDFS for 1 time
diff succeed!
2019-03-01 06:58:42,409 INFO retry.RetryInvocationHandler: java.net.ConnectException: Call From clnode087.clemson.cloudlab.us/130.127.133.96 to node-1-link-0:8020 failed on connection exception: java.net.ConnectException: Connection refused; For more details see:  http://wiki.apache.org/hadoop/ConnectionRefused, while invoking ClientNamenodeProtocolTranslatorPB.getFileInfo over node-1-link-0/10.10.1.4:8020 after 1 failover attempts. Trying to failover after sleeping for 750ms.
file 18 has been read from HDFS for 2 time
diff succeed!
file 18 has been read from HDFS for 3 time
diff succeed!
file 18 has been read from HDFS for 4 time
diff succeed!
file 18 has been read from HDFS for 5 time
diff succeed!
file 18 has been read from HDFS for 6 time
diff succeed!
file 18 has been read from HDFS for 7 time
diff succeed!
2019-03-01 07:00:45,310 INFO retry.RetryInvocationHandler: java.net.ConnectException: Call From clnode087.clemson.cloudlab.us/130.127.133.96 to node-1-link-0:8020 failed on connection exception: java.net.ConnectException: Connection refused; For more details see:  http://wiki.apache.org/hadoop/ConnectionRefused, while invoking ClientNamenodeProtocolTranslatorPB.getFileInfo over node-1-link-0/10.10.1.4:8020 after 1 failover attempts. Trying to failover after sleeping for 1105ms.
2019-03-01 07:00:46,418 INFO retry.RetryInvocationHandler: org.apache.hadoop.ipc.RemoteException(org.apache.hadoop.ipc.StandbyException): Operation category READ is not supported in state standby. Visit https://s.apache.org/sbnn-error
	at org.apache.hadoop.hdfs.server.namenode.ha.StandbyState.checkOperation(StandbyState.java:88)
	at org.apache.hadoop.hdfs.server.namenode.NameNode$NameNodeHAContext.checkOperation(NameNode.java:1952)
	at org.apache.hadoop.hdfs.server.namenode.FSNamesystem.checkOperation(FSNamesystem.java:1423)
	at org.apache.hadoop.hdfs.server.namenode.FSNamesystem.getFileInfo(FSNamesystem.java:3085)
	at org.apache.hadoop.hdfs.server.namenode.NameNodeRpcServer.getFileInfo(NameNodeRpcServer.java:1154)
	at org.apache.hadoop.hdfs.protocolPB.ClientNamenodeProtocolServerSideTranslatorPB.getFileInfo(ClientNamenodeProtocolServerSideTranslatorPB.java:966)
	at org.apache.hadoop.hdfs.protocol.proto.ClientNamenodeProtocolProtos$ClientNamenodeProtocol$2.callBlockingMethod(ClientNamenodeProtocolProtos.java)
	at org.apache.hadoop.ipc.ProtobufRpcEngine$Server$ProtoBufRpcInvoker.call(ProtobufRpcEngine.java:523)
	at org.apache.hadoop.ipc.RPC$Server.call(RPC.java:991)
	at org.apache.hadoop.ipc.Server$RpcCall.run(Server.java:872)
	at org.apache.hadoop.ipc.Server$RpcCall.run(Server.java:818)
	at java.security.AccessController.doPrivileged(Native Method)
	at javax.security.auth.Subject.doAs(Subject.java:422)
	at org.apache.hadoop.security.UserGroupInformation.doAs(UserGroupInformation.java:1729)
	at org.apache.hadoop.ipc.Server$Handler.run(Server.java:2678)
, while invoking ClientNamenodeProtocolTranslatorPB.getFileInfo over node-0-link-0/10.10.1.1:8020 after 2 failover attempts. Trying to failover after sleeping for 2675ms.
2019-03-01 07:00:49,097 INFO retry.RetryInvocationHandler: java.net.ConnectException: Call From clnode087.clemson.cloudlab.us/130.127.133.96 to node-1-link-0:8020 failed on connection exception: java.net.ConnectException: Connection refused; For more details see:  http://wiki.apache.org/hadoop/ConnectionRefused, while invoking ClientNamenodeProtocolTranslatorPB.getFileInfo over node-1-link-0/10.10.1.4:8020 after 3 failover attempts. Trying to failover after sleeping for 5314ms.
file 18 has been read from HDFS for 8 time
diff succeed!
file 18 has been read from HDFS for 9 time
diff succeed!
file 18 has been read from HDFS for 10 time
diff succeed!
Deleted /myfile18
file 18 has been removed from HDFS
Found 18 items
-rw-r--r--   3 root supergroup 1073741824 2019-03-01 06:57 /myfile1
-rw-r--r--   3 root supergroup 1073741824 2019-03-01 07:01 /myfile10
-rw-r--r--   3 root supergroup 1073741824 2019-03-01 06:57 /myfile11
-rw-r--r--   3 root supergroup 1073741824 2019-03-01 07:01 /myfile13
-rw-r--r--   3 root supergroup 1073741824 2019-03-01 06:57 /myfile15
-rw-r--r--   3 root supergroup 1073741824 2019-03-01 06:57 /myfile16
-rw-r--r--   3 root supergroup 1073741824 2019-03-01 07:01 /myfile17
-rw-r--r--   3 root supergroup 1073741824 2019-03-01 07:02 /myfile18
-rw-r--r--   3 root supergroup 1073741824 2019-03-01 06:57 /myfile19
-rw-r--r--   3 root supergroup 1073741824 2019-03-01 07:01 /myfile2
-rw-r--r--   3 root supergroup 1073741824 2019-03-01 07:01 /myfile20
-rw-r--r--   3 root supergroup 1073741824 2019-03-01 07:01 /myfile3
-rw-r--r--   3 root supergroup 1073741824 2019-03-01 07:01 /myfile4
-rw-r--r--   3 root supergroup 1073741824 2019-03-01 07:01 /myfile5
-rw-r--r--   3 root supergroup 1073741824 2019-03-01 07:02 /myfile6
-rw-r--r--   3 root supergroup 1073741824 2019-03-01 07:01 /myfile7
-rw-r--r--   3 root supergroup 1073741824 2019-03-01 07:01 /myfile8
-rw-r--r--   3 root supergroup 1073741824 2019-03-01 07:01 /myfile9
file 18 has been put into HDFS
file 18 has been read from HDFS for 1 time
diff succeed!
file 18 has been read from HDFS for 2 time
diff succeed!
file 18 has been read from HDFS for 3 time
diff succeed!
file 18 has been read from HDFS for 4 time
diff succeed!
file 18 has been read from HDFS for 5 time
diff succeed!
file 18 has been read from HDFS for 6 time
diff succeed!
file 18 has been read from HDFS for 7 time
diff succeed!
2019-03-01 07:05:31,077 INFO retry.RetryInvocationHandler: org.apache.hadoop.ipc.RemoteException(org.apache.hadoop.ipc.StandbyException): Operation category READ is not supported in state standby. Visit https://s.apache.org/sbnn-error
	at org.apache.hadoop.hdfs.server.namenode.ha.StandbyState.checkOperation(StandbyState.java:88)
	at org.apache.hadoop.hdfs.server.namenode.NameNode$NameNodeHAContext.checkOperation(NameNode.java:1952)
	at org.apache.hadoop.hdfs.server.namenode.FSNamesystem.checkOperation(FSNamesystem.java:1423)
	at org.apache.hadoop.hdfs.server.namenode.FSNamesystem.getFileInfo(FSNamesystem.java:3085)
	at org.apache.hadoop.hdfs.server.namenode.NameNodeRpcServer.getFileInfo(NameNodeRpcServer.java:1154)
	at org.apache.hadoop.hdfs.protocolPB.ClientNamenodeProtocolServerSideTranslatorPB.getFileInfo(ClientNamenodeProtocolServerSideTranslatorPB.java:966)
	at org.apache.hadoop.hdfs.protocol.proto.ClientNamenodeProtocolProtos$ClientNamenodeProtocol$2.callBlockingMethod(ClientNamenodeProtocolProtos.java)
	at org.apache.hadoop.ipc.ProtobufRpcEngine$Server$ProtoBufRpcInvoker.call(ProtobufRpcEngine.java:523)
	at org.apache.hadoop.ipc.RPC$Server.call(RPC.java:991)
	at org.apache.hadoop.ipc.Server$RpcCall.run(Server.java:872)
	at org.apache.hadoop.ipc.Server$RpcCall.run(Server.java:818)
	at java.security.AccessController.doPrivileged(Native Method)
	at javax.security.auth.Subject.doAs(Subject.java:422)
	at org.apache.hadoop.security.UserGroupInformation.doAs(UserGroupInformation.java:1729)
	at org.apache.hadoop.ipc.Server$Handler.run(Server.java:2678)
, while invoking ClientNamenodeProtocolTranslatorPB.getFileInfo over node-1-link-0/10.10.1.4:8020 after 1 failover attempts. Trying to failover after sleeping for 1380ms.
2019-03-01 07:05:32,462 INFO retry.RetryInvocationHandler: java.net.ConnectException: Call From clnode087.clemson.cloudlab.us/130.127.133.96 to node-0-link-0:8020 failed on connection exception: java.net.ConnectException: Connection refused; For more details see:  http://wiki.apache.org/hadoop/ConnectionRefused, while invoking ClientNamenodeProtocolTranslatorPB.getFileInfo over node-0-link-0/10.10.1.1:8020 after 2 failover attempts. Trying to failover after sleeping for 2875ms.
file 18 has been read from HDFS for 8 time
diff succeed!
file 18 has been read from HDFS for 9 time
diff succeed!
file 18 has been read from HDFS for 10 time
diff succeed!
Deleted /myfile18
file 18 has been removed from HDFS
sub_benchmark 10 signal TERM catched and let quit gracefully
Found 7 items
-rw-r--r--   3 root supergroup 1073741824 2019-03-01 07:04 /myfile1
-rw-r--r--   3 root supergroup 1073741824 2019-03-01 07:06 /myfile10
-rw-r--r--   3 root supergroup 1073741824 2019-03-01 07:06 /myfile13
-rw-r--r--   3 root supergroup 1073741824 2019-03-01 07:07 /myfile18
-rw-r--r--   3 root supergroup 1073741824 2019-03-01 07:04 /myfile19
-rw-r--r--   3 root supergroup 1073741824 2019-03-01 07:06 /myfile20
-rw-r--r--   3 root supergroup 1073741824 2019-03-01 07:06 /myfile8
file 18 has been put into HDFS
file 18 has been read from HDFS for 1 time
diff succeed!
Deleted /myfile18
file 18 has been removed from HDFS
