Found 20 items
-rw-r--r--   3 root supergroup 1073741824 2019-02-19 05:33 /myfile1
-rw-r--r--   3 root supergroup 1073741824 2019-02-19 05:33 /myfile10
-rw-r--r--   3 root supergroup 1073741824 2019-02-19 05:33 /myfile11
-rw-r--r--   3 root supergroup 1073741824 2019-02-19 05:33 /myfile12
-rw-r--r--   3 root supergroup 1073741824 2019-02-19 05:33 /myfile13
-rw-r--r--   3 root supergroup 1073741824 2019-02-19 05:33 /myfile14
-rw-r--r--   3 root supergroup 1073741824 2019-02-19 05:33 /myfile15
-rw-r--r--   3 root supergroup 1073741824 2019-02-19 05:33 /myfile16
-rw-r--r--   3 root supergroup 1073741824 2019-02-19 05:33 /myfile17
-rw-r--r--   3 root supergroup 1073741824 2019-02-19 05:33 /myfile18
-rw-r--r--   3 root supergroup 1073741824 2019-02-19 05:33 /myfile19
-rw-r--r--   3 root supergroup 1073741824 2019-02-19 05:33 /myfile2
-rw-r--r--   3 root supergroup 1073741824 2019-02-19 05:33 /myfile20
-rw-r--r--   3 root supergroup 1073741824 2019-02-19 05:33 /myfile3
-rw-r--r--   3 root supergroup 1073741824 2019-02-19 05:33 /myfile4
-rw-r--r--   3 root supergroup 1073741824 2019-02-19 05:33 /myfile5
-rw-r--r--   3 root supergroup 1073741824 2019-02-19 05:33 /myfile6
-rw-r--r--   3 root supergroup 1073741824 2019-02-19 05:33 /myfile7
-rw-r--r--   3 root supergroup 1073741824 2019-02-19 05:33 /myfile8
-rw-r--r--   3 root supergroup 1073741824 2019-02-19 05:33 /myfile9
file 17 has been put into HDFS
file 17 has been read from HDFS for 1 time
diff succeed!
file 17 has been read from HDFS for 2 time
diff succeed!
file 17 has been read from HDFS for 3 time
diff succeed!
file 17 has been read from HDFS for 4 time
diff succeed!
file 17 has been read from HDFS for 5 time
diff succeed!
file 17 has been read from HDFS for 6 time
diff succeed!
file 17 has been read from HDFS for 7 time
diff succeed!
file 17 has been read from HDFS for 8 time
diff succeed!
file 17 has been read from HDFS for 9 time
diff succeed!
file 17 has been read from HDFS for 10 time
diff succeed!
Deleted /myfile17
file 17 has been removed from HDFS
Found 20 items
-rw-r--r--   3 root supergroup 1073741824 2019-02-19 05:38 /myfile1
-rw-r--r--   3 root supergroup 1073741824 2019-02-19 05:38 /myfile10
-rw-r--r--   3 root supergroup 1073741824 2019-02-19 05:38 /myfile11
-rw-r--r--   3 root supergroup 1073741824 2019-02-19 05:38 /myfile12
-rw-r--r--   3 root supergroup 1073741824 2019-02-19 05:38 /myfile13
-rw-r--r--   3 root supergroup 1073741824 2019-02-19 05:38 /myfile14
-rw-r--r--   3 root supergroup 1073741824 2019-02-19 05:38 /myfile15
-rw-r--r--   3 root supergroup 1073741824 2019-02-19 05:38 /myfile16
-rw-r--r--   3 root supergroup 1073741824 2019-02-19 05:38 /myfile17
-rw-r--r--   3 root supergroup 1073741824 2019-02-19 05:38 /myfile18
-rw-r--r--   3 root supergroup 1073741824 2019-02-19 05:38 /myfile19
-rw-r--r--   3 root supergroup 1073741824 2019-02-19 05:38 /myfile2
-rw-r--r--   3 root supergroup 1073741824 2019-02-19 05:38 /myfile20
-rw-r--r--   3 root supergroup 1073741824 2019-02-19 05:38 /myfile3
-rw-r--r--   3 root supergroup 1073741824 2019-02-19 05:38 /myfile4
-rw-r--r--   3 root supergroup 1073741824 2019-02-19 05:38 /myfile5
-rw-r--r--   3 root supergroup 1073741824 2019-02-19 05:38 /myfile6
-rw-r--r--   3 root supergroup 1073741824 2019-02-19 05:38 /myfile7
-rw-r--r--   3 root supergroup 1073741824 2019-02-19 05:38 /myfile8
-rw-r--r--   3 root supergroup 1073741824 2019-02-19 05:38 /myfile9
file 17 has been put into HDFS
file 17 has been read from HDFS for 1 time
diff succeed!
file 17 has been read from HDFS for 2 time
diff succeed!
file 17 has been read from HDFS for 3 time
diff succeed!
file 17 has been read from HDFS for 4 time
diff succeed!
file 17 has been read from HDFS for 5 time
diff succeed!
file 17 has been read from HDFS for 6 time
diff succeed!
file 17 has been read from HDFS for 7 time
diff succeed!
file 17 has been read from HDFS for 8 time
diff succeed!
file 17 has been read from HDFS for 9 time
diff succeed!
file 17 has been read from HDFS for 10 time
diff succeed!
Deleted /myfile17
file 17 has been removed from HDFS
Found 17 items
-rw-r--r--   3 root supergroup 1073741824 2019-02-19 05:42 /myfile1
-rw-r--r--   3 root supergroup 1073741824 2019-02-19 05:42 /myfile10
-rw-r--r--   3 root supergroup 1073741824 2019-02-19 05:42 /myfile11
-rw-r--r--   3 root supergroup 1073741824 2019-02-19 05:42 /myfile12
-rw-r--r--   3 root supergroup 1073741824 2019-02-19 05:42 /myfile13
-rw-r--r--   3 root supergroup 1073741824 2019-02-19 05:42 /myfile14
-rw-r--r--   3 root supergroup 1073741824 2019-02-19 05:42 /myfile16
-rw-r--r--   3 root supergroup 1073741824 2019-02-19 05:42 /myfile17
-rw-r--r--   3 root supergroup 1073741824 2019-02-19 05:42 /myfile18
-rw-r--r--   3 root supergroup 1073741824 2019-02-19 05:42 /myfile19
-rw-r--r--   3 root supergroup 1073741824 2019-02-19 05:42 /myfile2
-rw-r--r--   3 root supergroup 1073741824 2019-02-19 05:42 /myfile20
-rw-r--r--   3 root supergroup 1073741824 2019-02-19 05:42 /myfile3
-rw-r--r--   3 root supergroup 1073741824 2019-02-19 05:42 /myfile4
-rw-r--r--   3 root supergroup 1073741824 2019-02-19 05:42 /myfile5
-rw-r--r--   3 root supergroup 1073741824 2019-02-19 05:42 /myfile7
-rw-r--r--   3 root supergroup          0 2019-02-19 05:42 /myfile9._COPYING_
file 17 has been put into HDFS
file 17 has been read from HDFS for 1 time
diff succeed!
file 17 has been read from HDFS for 2 time
diff succeed!
file 17 has been read from HDFS for 3 time
diff succeed!
file 17 has been read from HDFS for 4 time
diff succeed!
file 17 has been read from HDFS for 5 time
diff succeed!
file 17 has been read from HDFS for 6 time
diff succeed!
file 17 has been read from HDFS for 7 time
diff succeed!
file 17 has been read from HDFS for 8 time
diff succeed!
file 17 has been read from HDFS for 9 time
diff succeed!
file 17 has been read from HDFS for 10 time
diff succeed!
Deleted /myfile17
file 17 has been removed from HDFS
Found 16 items
-rw-r--r--   3 root supergroup 1073741824 2019-02-19 05:46 /myfile1
-rw-r--r--   3 root supergroup 1073741824 2019-02-19 05:46 /myfile10
-rw-r--r--   3 root supergroup 1073741824 2019-02-19 05:46 /myfile12
-rw-r--r--   3 root supergroup 1073741824 2019-02-19 05:46 /myfile13
-rw-r--r--   3 root supergroup 1073741824 2019-02-19 05:46 /myfile14
-rw-r--r--   3 root supergroup 1073741824 2019-02-19 05:46 /myfile16
-rw-r--r--   3 root supergroup 1073741824 2019-02-19 05:46 /myfile17
-rw-r--r--   3 root supergroup 1073741824 2019-02-19 05:46 /myfile18
-rw-r--r--   3 root supergroup 1073741824 2019-02-19 05:46 /myfile19
-rw-r--r--   3 root supergroup  939524096 2019-02-19 05:46 /myfile2._COPYING_
-rw-r--r--   3 root supergroup 1073741824 2019-02-19 05:46 /myfile20
-rw-r--r--   3 root supergroup 1073741824 2019-02-19 05:46 /myfile3
-rw-r--r--   3 root supergroup 1073741824 2019-02-19 05:46 /myfile4
-rw-r--r--   3 root supergroup 1073741824 2019-02-19 05:46 /myfile5
-rw-r--r--   3 root supergroup  805306368 2019-02-19 05:46 /myfile6._COPYING_
-rw-r--r--   3 root supergroup  134217728 2019-02-19 05:46 /myfile7._COPYING_
file 17 has been put into HDFS
file 17 has been read from HDFS for 1 time
diff succeed!
file 17 has been read from HDFS for 2 time
diff succeed!
file 17 has been read from HDFS for 3 time
diff succeed!
file 17 has been read from HDFS for 4 time
diff succeed!
file 17 has been read from HDFS for 5 time
diff succeed!
file 17 has been read from HDFS for 6 time
diff succeed!
file 17 has been read from HDFS for 7 time
diff succeed!
file 17 has been read from HDFS for 8 time
diff succeed!
file 17 has been read from HDFS for 9 time
diff succeed!
file 17 has been read from HDFS for 10 time
diff succeed!
Deleted /myfile17
file 17 has been removed from HDFS
Found 18 items
-rw-r--r--   3 root supergroup 1073741824 2019-02-19 05:51 /myfile1
-rw-r--r--   3 root supergroup 1073741824 2019-02-19 05:51 /myfile10
-rw-r--r--   3 root supergroup  671088640 2019-02-19 05:50 /myfile11._COPYING_
-rw-r--r--   3 root supergroup 1073741824 2019-02-19 05:50 /myfile12
-rw-r--r--   3 root supergroup 1073741824 2019-02-19 05:51 /myfile13
-rw-r--r--   3 root supergroup  939524096 2019-02-19 05:50 /myfile14._COPYING_
-rw-r--r--   3 root supergroup 1073741824 2019-02-19 05:51 /myfile16
-rw-r--r--   3 root supergroup 1073741824 2019-02-19 05:51 /myfile17
-rw-r--r--   3 root supergroup 1073741824 2019-02-19 05:50 /myfile18
-rw-r--r--   3 root supergroup 1073741824 2019-02-19 05:51 /myfile19
-rw-r--r--   3 root supergroup  939524096 2019-02-19 05:50 /myfile2._COPYING_
-rw-r--r--   3 root supergroup  939524096 2019-02-19 05:50 /myfile20._COPYING_
-rw-r--r--   3 root supergroup 1073741824 2019-02-19 05:50 /myfile3
-rw-r--r--   3 root supergroup  939524096 2019-02-19 05:50 /myfile4._COPYING_
-rw-r--r--   3 root supergroup 1073741824 2019-02-19 05:50 /myfile5
-rw-r--r--   3 root supergroup  939524096 2019-02-19 05:50 /myfile6._COPYING_
-rw-r--r--   3 root supergroup  805306368 2019-02-19 05:50 /myfile7._COPYING_
-rw-r--r--   3 root supergroup  402653184 2019-02-19 05:51 /myfile9._COPYING_
file 17 has been put into HDFS
file 17 has been read from HDFS for 1 time
diff succeed!
file 17 has been read from HDFS for 2 time
diff succeed!
file 17 has been read from HDFS for 3 time
diff succeed!
file 17 has been read from HDFS for 4 time
diff succeed!
file 17 has been read from HDFS for 5 time
diff succeed!
file 17 has been read from HDFS for 6 time
diff succeed!
file 17 has been read from HDFS for 7 time
diff succeed!
file 17 has been read from HDFS for 8 time
diff succeed!
file 17 has been read from HDFS for 9 time
diff succeed!
file 17 has been read from HDFS for 10 time
diff succeed!
Deleted /myfile17
file 17 has been removed from HDFS
2019-02-19 05:55:32,772 INFO retry.RetryInvocationHandler: java.io.IOException: DestHost:destPort node-0-link-0:8020 , LocalHost:localPort clnode090.clemson.cloudlab.us/130.127.133.99:0. Failed on local exception: java.io.IOException: Connection reset by peer, while invoking ClientNamenodeProtocolTranslatorPB.addBlock over node-0-link-0/10.10.1.1:8020. Trying to failover immediately.
2019-02-19 05:55:32,805 INFO retry.RetryInvocationHandler: org.apache.hadoop.ipc.RemoteException(org.apache.hadoop.ipc.StandbyException): Operation category READ is not supported in state standby. Visit https://s.apache.org/sbnn-error
	at org.apache.hadoop.hdfs.server.namenode.ha.StandbyState.checkOperation(StandbyState.java:88)
	at org.apache.hadoop.hdfs.server.namenode.NameNode$NameNodeHAContext.checkOperation(NameNode.java:1952)
	at org.apache.hadoop.hdfs.server.namenode.FSNamesystem.checkOperation(FSNamesystem.java:1423)
	at org.apache.hadoop.hdfs.server.namenode.FSNamesystem.getAdditionalBlock(FSNamesystem.java:2674)
	at org.apache.hadoop.hdfs.server.namenode.NameNodeRpcServer.addBlock(NameNodeRpcServer.java:875)
	at org.apache.hadoop.hdfs.protocolPB.ClientNamenodeProtocolServerSideTranslatorPB.addBlock(ClientNamenodeProtocolServerSideTranslatorPB.java:561)
	at org.apache.hadoop.hdfs.protocol.proto.ClientNamenodeProtocolProtos$ClientNamenodeProtocol$2.callBlockingMethod(ClientNamenodeProtocolProtos.java)
	at org.apache.hadoop.ipc.ProtobufRpcEngine$Server$ProtoBufRpcInvoker.call(ProtobufRpcEngine.java:523)
	at org.apache.hadoop.ipc.RPC$Server.call(RPC.java:991)
	at org.apache.hadoop.ipc.Server$RpcCall.run(Server.java:872)
	at org.apache.hadoop.ipc.Server$RpcCall.run(Server.java:818)
	at java.security.AccessController.doPrivileged(Native Method)
	at javax.security.auth.Subject.doAs(Subject.java:422)
	at org.apache.hadoop.security.UserGroupInformation.doAs(UserGroupInformation.java:1729)
	at org.apache.hadoop.ipc.Server$Handler.run(Server.java:2678)
, while invoking ClientNamenodeProtocolTranslatorPB.addBlock over node-1-link-0/10.10.1.4:8020 after 1 failover attempts. Trying to failover after sleeping for 1381ms.
2019-02-19 05:55:34,189 INFO retry.RetryInvocationHandler: java.net.ConnectException: Call From clnode090.clemson.cloudlab.us/130.127.133.99 to node-0-link-0:8020 failed on connection exception: java.net.ConnectException: Connection refused; For more details see:  http://wiki.apache.org/hadoop/ConnectionRefused, while invoking ClientNamenodeProtocolTranslatorPB.addBlock over node-0-link-0/10.10.1.1:8020 after 2 failover attempts. Trying to failover after sleeping for 1239ms.
Found 20 items
-rw-r--r--   3 root supergroup 1073741824 2019-02-19 05:55 /myfile1
-rw-r--r--   3 root supergroup 1073741824 2019-02-19 05:55 /myfile10
-rw-r--r--   3 root supergroup 1073741824 2019-02-19 05:55 /myfile11
-rw-r--r--   3 root supergroup 1073741824 2019-02-19 05:54 /myfile12
-rw-r--r--   3 root supergroup 1073741824 2019-02-19 05:54 /myfile13
-rw-r--r--   3 root supergroup 1073741824 2019-02-19 05:55 /myfile14
-rw-r--r--   3 root supergroup 1073741824 2019-02-19 05:55 /myfile15
-rw-r--r--   3 root supergroup 1073741824 2019-02-19 05:55 /myfile16
-rw-r--r--   3 root supergroup 1073741824 2019-02-19 05:55 /myfile17
-rw-r--r--   3 root supergroup 1073741824 2019-02-19 05:54 /myfile18
-rw-r--r--   3 root supergroup 1073741824 2019-02-19 05:55 /myfile19
-rw-r--r--   3 root supergroup 1073741824 2019-02-19 05:55 /myfile2
-rw-r--r--   3 root supergroup 1073741824 2019-02-19 05:55 /myfile20
-rw-r--r--   3 root supergroup 1073741824 2019-02-19 05:53 /myfile3
-rw-r--r--   3 root supergroup 1073741824 2019-02-19 05:55 /myfile4
-rw-r--r--   3 root supergroup 1073741824 2019-02-19 05:54 /myfile5
-rw-r--r--   3 root supergroup 1073741824 2019-02-19 05:55 /myfile6
-rw-r--r--   3 root supergroup 1073741824 2019-02-19 05:55 /myfile7
-rw-r--r--   3 root supergroup  671088640 2019-02-19 05:55 /myfile8._COPYING_
-rw-r--r--   3 root supergroup  939524096 2019-02-19 05:55 /myfile9._COPYING_
file 17 has been put into HDFS
file 17 has been read from HDFS for 1 time
diff succeed!
file 17 has been read from HDFS for 2 time
diff succeed!
file 17 has been read from HDFS for 3 time
diff succeed!
file 17 has been read from HDFS for 4 time
diff succeed!
file 17 has been read from HDFS for 5 time
diff succeed!
file 17 has been read from HDFS for 6 time
diff succeed!
file 17 has been read from HDFS for 7 time
diff succeed!
file 17 has been read from HDFS for 8 time
diff succeed!
file 17 has been read from HDFS for 9 time
diff succeed!
file 17 has been read from HDFS for 10 time
diff succeed!
Deleted /myfile17
file 17 has been removed from HDFS
Found 20 items
-rw-r--r--   3 root supergroup 1073741824 2019-02-19 05:59 /myfile1
-rw-r--r--   3 root supergroup 1073741824 2019-02-19 05:59 /myfile10
-rw-r--r--   3 root supergroup 1073741824 2019-02-19 05:59 /myfile11
-rw-r--r--   3 root supergroup 1073741824 2019-02-19 05:58 /myfile12
-rw-r--r--   3 root supergroup 1073741824 2019-02-19 05:59 /myfile13
-rw-r--r--   3 root supergroup 1073741824 2019-02-19 05:59 /myfile14
-rw-r--r--   3 root supergroup 1073741824 2019-02-19 05:59 /myfile15
-rw-r--r--   3 root supergroup 1073741824 2019-02-19 05:59 /myfile16
-rw-r--r--   3 root supergroup 1073741824 2019-02-19 05:59 /myfile17
-rw-r--r--   3 root supergroup 1073741824 2019-02-19 05:58 /myfile18
-rw-r--r--   3 root supergroup 1073741824 2019-02-19 05:59 /myfile19
-rw-r--r--   3 root supergroup 1073741824 2019-02-19 05:59 /myfile2
-rw-r--r--   3 root supergroup 1073741824 2019-02-19 05:59 /myfile20
-rw-r--r--   3 root supergroup 1073741824 2019-02-19 05:58 /myfile3
-rw-r--r--   3 root supergroup 1073741824 2019-02-19 05:59 /myfile4
-rw-r--r--   3 root supergroup 1073741824 2019-02-19 05:58 /myfile5
-rw-r--r--   3 root supergroup 1073741824 2019-02-19 05:59 /myfile6
-rw-r--r--   3 root supergroup 1073741824 2019-02-19 05:59 /myfile7
-rw-r--r--   3 root supergroup  805306368 2019-02-19 05:59 /myfile8._COPYING_
-rw-r--r--   3 root supergroup  536870912 2019-02-19 05:59 /myfile9._COPYING_
file 17 has been put into HDFS
file 17 has been read from HDFS for 1 time
diff succeed!
file 17 has been read from HDFS for 2 time
diff succeed!
file 17 has been read from HDFS for 3 time
diff succeed!
file 17 has been read from HDFS for 4 time
diff succeed!
file 17 has been read from HDFS for 5 time
diff succeed!
file 17 has been read from HDFS for 6 time
diff succeed!
file 17 has been read from HDFS for 7 time
diff succeed!
file 17 has been read from HDFS for 8 time
diff succeed!
file 17 has been read from HDFS for 9 time
diff succeed!
file 17 has been read from HDFS for 10 time
diff succeed!
Deleted /myfile17
file 17 has been removed from HDFS
Found 19 items
-rw-r--r--   3 root supergroup 1073741824 2019-02-19 06:03 /myfile1
-rw-r--r--   3 root supergroup 1073741824 2019-02-19 06:03 /myfile10
-rw-r--r--   3 root supergroup 1073741824 2019-02-19 06:03 /myfile11
-rw-r--r--   3 root supergroup 1073741824 2019-02-19 06:02 /myfile12
-rw-r--r--   3 root supergroup 1073741824 2019-02-19 06:03 /myfile13
-rw-r--r--   3 root supergroup 1073741824 2019-02-19 06:03 /myfile14
-rw-r--r--   3 root supergroup 1073741824 2019-02-19 06:03 /myfile15
-rw-r--r--   3 root supergroup 1073741824 2019-02-19 06:03 /myfile16
-rw-r--r--   3 root supergroup 1073741824 2019-02-19 06:03 /myfile17
-rw-r--r--   3 root supergroup 1073741824 2019-02-19 06:02 /myfile18
-rw-r--r--   3 root supergroup 1073741824 2019-02-19 06:03 /myfile19
-rw-r--r--   3 root supergroup  402653184 2019-02-19 06:03 /myfile2._COPYING_
-rw-r--r--   3 root supergroup 1073741824 2019-02-19 06:03 /myfile20
-rw-r--r--   3 root supergroup 1073741824 2019-02-19 06:02 /myfile3
-rw-r--r--   3 root supergroup  402653184 2019-02-19 06:03 /myfile4._COPYING_
-rw-r--r--   3 root supergroup 1073741824 2019-02-19 06:02 /myfile5
-rw-r--r--   3 root supergroup  939524096 2019-02-19 06:03 /myfile6._COPYING_
-rw-r--r--   3 root supergroup 1073741824 2019-02-19 06:03 /myfile7
-rw-r--r--   3 root supergroup          0 2019-02-19 06:03 /myfile8._COPYING_
file 17 has been put into HDFS
file 17 has been read from HDFS for 1 time
diff succeed!
file 17 has been read from HDFS for 2 time
diff succeed!
file 17 has been read from HDFS for 3 time
diff succeed!
file 17 has been read from HDFS for 4 time
diff succeed!
file 17 has been read from HDFS for 5 time
diff succeed!
file 17 has been read from HDFS for 6 time
diff succeed!
file 17 has been read from HDFS for 7 time
diff succeed!
file 17 has been read from HDFS for 8 time
diff succeed!
file 17 has been read from HDFS for 9 time
diff succeed!
file 17 has been read from HDFS for 10 time
diff succeed!
Deleted /myfile17
file 17 has been removed from HDFS
Found 19 items
-rw-r--r--   3 root supergroup 1073741824 2019-02-19 06:07 /myfile1
-rw-r--r--   3 root supergroup 1073741824 2019-02-19 06:07 /myfile10
-rw-r--r--   3 root supergroup 1073741824 2019-02-19 06:07 /myfile11
-rw-r--r--   3 root supergroup 1073741824 2019-02-19 06:06 /myfile12
-rw-r--r--   3 root supergroup 1073741824 2019-02-19 06:07 /myfile13
-rw-r--r--   3 root supergroup 1073741824 2019-02-19 06:07 /myfile14
-rw-r--r--   3 root supergroup 1073741824 2019-02-19 06:07 /myfile15
-rw-r--r--   3 root supergroup 1073741824 2019-02-19 06:07 /myfile16
-rw-r--r--   3 root supergroup 1073741824 2019-02-19 06:08 /myfile17
-rw-r--r--   3 root supergroup 1073741824 2019-02-19 06:06 /myfile18
-rw-r--r--   3 root supergroup 1073741824 2019-02-19 06:07 /myfile19
-rw-r--r--   3 root supergroup  536870912 2019-02-19 06:07 /myfile2._COPYING_
-rw-r--r--   3 root supergroup 1073741824 2019-02-19 06:07 /myfile20
-rw-r--r--   3 root supergroup 1073741824 2019-02-19 06:06 /myfile3
-rw-r--r--   3 root supergroup 1073741824 2019-02-19 06:06 /myfile5
-rw-r--r--   3 root supergroup 1073741824 2019-02-19 06:07 /myfile6
-rw-r--r--   3 root supergroup 1073741824 2019-02-19 06:07 /myfile7
-rw-r--r--   3 root supergroup 1073741824 2019-02-19 06:04 /myfile8
-rw-r--r--   3 root supergroup 1073741824 2019-02-19 06:05 /myfile9
file 17 has been put into HDFS
file 17 has been read from HDFS for 1 time
diff succeed!
file 17 has been read from HDFS for 2 time
diff succeed!
file 17 has been read from HDFS for 3 time
diff succeed!
file 17 has been read from HDFS for 4 time
diff succeed!
file 17 has been read from HDFS for 5 time
diff succeed!
file 17 has been read from HDFS for 6 time
diff succeed!
file 17 has been read from HDFS for 7 time
diff succeed!
file 17 has been read from HDFS for 8 time
diff succeed!
file 17 has been read from HDFS for 9 time
diff succeed!
file 17 has been read from HDFS for 10 time
diff succeed!
Deleted /myfile17
file 17 has been removed from HDFS
Found 20 items
-rw-r--r--   3 root supergroup 1073741824 2019-02-19 06:11 /myfile1
-rw-r--r--   3 root supergroup 1073741824 2019-02-19 06:11 /myfile10
-rw-r--r--   3 root supergroup 1073741824 2019-02-19 06:11 /myfile11
-rw-r--r--   3 root supergroup 1073741824 2019-02-19 06:10 /myfile12
-rw-r--r--   3 root supergroup 1073741824 2019-02-19 06:11 /myfile13
-rw-r--r--   3 root supergroup 1073741824 2019-02-19 06:11 /myfile14
-rw-r--r--   3 root supergroup 1073741824 2019-02-19 06:11 /myfile15
-rw-r--r--   3 root supergroup 1073741824 2019-02-19 06:11 /myfile16
-rw-r--r--   3 root supergroup 1073741824 2019-02-19 06:13 /myfile17
-rw-r--r--   3 root supergroup 1073741824 2019-02-19 06:10 /myfile18
-rw-r--r--   3 root supergroup 1073741824 2019-02-19 06:11 /myfile19
-rw-r--r--   3 root supergroup 1073741824 2019-02-19 06:13 /myfile2
-rw-r--r--   3 root supergroup 1073741824 2019-02-19 06:11 /myfile20
-rw-r--r--   3 root supergroup 1073741824 2019-02-19 06:10 /myfile3
-rw-r--r--   3 root supergroup 1073741824 2019-02-19 06:13 /myfile4
-rw-r--r--   3 root supergroup 1073741824 2019-02-19 06:10 /myfile5
-rw-r--r--   3 root supergroup 1073741824 2019-02-19 06:12 /myfile6
-rw-r--r--   3 root supergroup 1073741824 2019-02-19 06:11 /myfile7
-rw-r--r--   3 root supergroup  805306368 2019-02-19 06:12 /myfile8._COPYING_
-rw-r--r--   3 root supergroup 1073741824 2019-02-19 06:09 /myfile9
file 17 has been put into HDFS
file 17 has been read from HDFS for 1 time
diff succeed!
file 17 has been read from HDFS for 2 time
diff succeed!
file 17 has been read from HDFS for 3 time
diff succeed!
file 17 has been read from HDFS for 4 time
diff succeed!
file 17 has been read from HDFS for 5 time
diff succeed!
file 17 has been read from HDFS for 6 time
diff succeed!
file 17 has been read from HDFS for 7 time
diff succeed!
file 17 has been read from HDFS for 8 time
diff succeed!
file 17 has been read from HDFS for 9 time
diff succeed!
file 17 has been read from HDFS for 10 time
diff succeed!
Deleted /myfile17
file 17 has been removed from HDFS
2019-02-19 06:17:13,861 INFO retry.RetryInvocationHandler: java.io.IOException: DestHost:destPort node-1-link-0:8020 , LocalHost:localPort clnode090.clemson.cloudlab.us/130.127.133.99:0. Failed on local exception: java.io.IOException: Connection reset by peer, while invoking ClientNamenodeProtocolTranslatorPB.addBlock over node-1-link-0/10.10.1.4:8020. Trying to failover immediately.
2019-02-19 06:17:13,871 INFO retry.RetryInvocationHandler: org.apache.hadoop.ipc.RemoteException(org.apache.hadoop.ipc.StandbyException): Operation category READ is not supported in state standby. Visit https://s.apache.org/sbnn-error
	at org.apache.hadoop.hdfs.server.namenode.ha.StandbyState.checkOperation(StandbyState.java:88)
	at org.apache.hadoop.hdfs.server.namenode.NameNode$NameNodeHAContext.checkOperation(NameNode.java:1952)
	at org.apache.hadoop.hdfs.server.namenode.FSNamesystem.checkOperation(FSNamesystem.java:1423)
	at org.apache.hadoop.hdfs.server.namenode.FSNamesystem.getAdditionalBlock(FSNamesystem.java:2674)
	at org.apache.hadoop.hdfs.server.namenode.NameNodeRpcServer.addBlock(NameNodeRpcServer.java:875)
	at org.apache.hadoop.hdfs.protocolPB.ClientNamenodeProtocolServerSideTranslatorPB.addBlock(ClientNamenodeProtocolServerSideTranslatorPB.java:561)
	at org.apache.hadoop.hdfs.protocol.proto.ClientNamenodeProtocolProtos$ClientNamenodeProtocol$2.callBlockingMethod(ClientNamenodeProtocolProtos.java)
	at org.apache.hadoop.ipc.ProtobufRpcEngine$Server$ProtoBufRpcInvoker.call(ProtobufRpcEngine.java:523)
	at org.apache.hadoop.ipc.RPC$Server.call(RPC.java:991)
	at org.apache.hadoop.ipc.Server$RpcCall.run(Server.java:872)
	at org.apache.hadoop.ipc.Server$RpcCall.run(Server.java:818)
	at java.security.AccessController.doPrivileged(Native Method)
	at javax.security.auth.Subject.doAs(Subject.java:422)
	at org.apache.hadoop.security.UserGroupInformation.doAs(UserGroupInformation.java:1729)
	at org.apache.hadoop.ipc.Server$Handler.run(Server.java:2678)
, while invoking ClientNamenodeProtocolTranslatorPB.addBlock over node-0-link-0/10.10.1.1:8020 after 1 failover attempts. Trying to failover after sleeping for 914ms.
2019-02-19 06:17:13,941 INFO retry.RetryInvocationHandler: org.apache.hadoop.ipc.RemoteException(org.apache.hadoop.ipc.StandbyException): Operation category WRITE is not supported in state standby. Visit https://s.apache.org/sbnn-error
	at org.apache.hadoop.hdfs.server.namenode.ha.StandbyState.checkOperation(StandbyState.java:88)
	at org.apache.hadoop.hdfs.server.namenode.NameNode$NameNodeHAContext.checkOperation(NameNode.java:1952)
	at org.apache.hadoop.hdfs.server.namenode.FSNamesystem.checkOperation(FSNamesystem.java:1423)
	at org.apache.hadoop.hdfs.server.namenode.FSNamesystem.renewLease(FSNamesystem.java:3740)
	at org.apache.hadoop.hdfs.server.namenode.NameNodeRpcServer.renewLease(NameNodeRpcServer.java:1134)
	at org.apache.hadoop.hdfs.protocolPB.ClientNamenodeProtocolServerSideTranslatorPB.renewLease(ClientNamenodeProtocolServerSideTranslatorPB.java:737)
	at org.apache.hadoop.hdfs.protocol.proto.ClientNamenodeProtocolProtos$ClientNamenodeProtocol$2.callBlockingMethod(ClientNamenodeProtocolProtos.java)
	at org.apache.hadoop.ipc.ProtobufRpcEngine$Server$ProtoBufRpcInvoker.call(ProtobufRpcEngine.java:523)
	at org.apache.hadoop.ipc.RPC$Server.call(RPC.java:991)
	at org.apache.hadoop.ipc.Server$RpcCall.run(Server.java:872)
	at org.apache.hadoop.ipc.Server$RpcCall.run(Server.java:818)
	at java.security.AccessController.doPrivileged(Native Method)
	at javax.security.auth.Subject.doAs(Subject.java:422)
	at org.apache.hadoop.security.UserGroupInformation.doAs(UserGroupInformation.java:1729)
	at org.apache.hadoop.ipc.Server$Handler.run(Server.java:2678)
, while invoking ClientNamenodeProtocolTranslatorPB.renewLease over node-0-link-0/10.10.1.1:8020. Trying to failover immediately.
2019-02-19 06:17:13,946 INFO retry.RetryInvocationHandler: java.net.ConnectException: Call From clnode090.clemson.cloudlab.us/130.127.133.99 to node-1-link-0:8020 failed on connection exception: java.net.ConnectException: Connection refused; For more details see:  http://wiki.apache.org/hadoop/ConnectionRefused, while invoking ClientNamenodeProtocolTranslatorPB.renewLease over node-1-link-0/10.10.1.4:8020 after 1 failover attempts. Trying to failover after sleeping for 651ms.
2019-02-19 06:17:14,601 INFO retry.RetryInvocationHandler: org.apache.hadoop.ipc.RemoteException(org.apache.hadoop.ipc.StandbyException): Operation category WRITE is not supported in state standby. Visit https://s.apache.org/sbnn-error
	at org.apache.hadoop.hdfs.server.namenode.ha.StandbyState.checkOperation(StandbyState.java:88)
	at org.apache.hadoop.hdfs.server.namenode.NameNode$NameNodeHAContext.checkOperation(NameNode.java:1952)
	at org.apache.hadoop.hdfs.server.namenode.FSNamesystem.checkOperation(FSNamesystem.java:1423)
	at org.apache.hadoop.hdfs.server.namenode.FSNamesystem.renewLease(FSNamesystem.java:3740)
	at org.apache.hadoop.hdfs.server.namenode.NameNodeRpcServer.renewLease(NameNodeRpcServer.java:1134)
	at org.apache.hadoop.hdfs.protocolPB.ClientNamenodeProtocolServerSideTranslatorPB.renewLease(ClientNamenodeProtocolServerSideTranslatorPB.java:737)
	at org.apache.hadoop.hdfs.protocol.proto.ClientNamenodeProtocolProtos$ClientNamenodeProtocol$2.callBlockingMethod(ClientNamenodeProtocolProtos.java)
	at org.apache.hadoop.ipc.ProtobufRpcEngine$Server$ProtoBufRpcInvoker.call(ProtobufRpcEngine.java:523)
	at org.apache.hadoop.ipc.RPC$Server.call(RPC.java:991)
	at org.apache.hadoop.ipc.Server$RpcCall.run(Server.java:872)
	at org.apache.hadoop.ipc.Server$RpcCall.run(Server.java:818)
	at java.security.AccessController.doPrivileged(Native Method)
	at javax.security.auth.Subject.doAs(Subject.java:422)
	at org.apache.hadoop.security.UserGroupInformation.doAs(UserGroupInformation.java:1729)
	at org.apache.hadoop.ipc.Server$Handler.run(Server.java:2678)
, while invoking ClientNamenodeProtocolTranslatorPB.renewLease over node-0-link-0/10.10.1.1:8020 after 2 failover attempts. Trying to failover after sleeping for 1827ms.
2019-02-19 06:17:14,786 WARN retry.RetryInvocationHandler: A failover has occurred since the start of call #10 ClientNamenodeProtocolTranslatorPB.addBlock over node-0-link-0/10.10.1.1:8020
2019-02-19 06:17:14,791 INFO retry.RetryInvocationHandler: org.apache.hadoop.ipc.RemoteException(org.apache.hadoop.ipc.StandbyException): Operation category READ is not supported in state standby. Visit https://s.apache.org/sbnn-error
	at org.apache.hadoop.hdfs.server.namenode.ha.StandbyState.checkOperation(StandbyState.java:88)
	at org.apache.hadoop.hdfs.server.namenode.NameNode$NameNodeHAContext.checkOperation(NameNode.java:1952)
	at org.apache.hadoop.hdfs.server.namenode.FSNamesystem.checkOperation(FSNamesystem.java:1423)
	at org.apache.hadoop.hdfs.server.namenode.FSNamesystem.getAdditionalBlock(FSNamesystem.java:2674)
	at org.apache.hadoop.hdfs.server.namenode.NameNodeRpcServer.addBlock(NameNodeRpcServer.java:875)
	at org.apache.hadoop.hdfs.protocolPB.ClientNamenodeProtocolServerSideTranslatorPB.addBlock(ClientNamenodeProtocolServerSideTranslatorPB.java:561)
	at org.apache.hadoop.hdfs.protocol.proto.ClientNamenodeProtocolProtos$ClientNamenodeProtocol$2.callBlockingMethod(ClientNamenodeProtocolProtos.java)
	at org.apache.hadoop.ipc.ProtobufRpcEngine$Server$ProtoBufRpcInvoker.call(ProtobufRpcEngine.java:523)
	at org.apache.hadoop.ipc.RPC$Server.call(RPC.java:991)
	at org.apache.hadoop.ipc.Server$RpcCall.run(Server.java:872)
	at org.apache.hadoop.ipc.Server$RpcCall.run(Server.java:818)
	at java.security.AccessController.doPrivileged(Native Method)
	at javax.security.auth.Subject.doAs(Subject.java:422)
	at org.apache.hadoop.security.UserGroupInformation.doAs(UserGroupInformation.java:1729)
	at org.apache.hadoop.ipc.Server$Handler.run(Server.java:2678)
, while invoking ClientNamenodeProtocolTranslatorPB.addBlock over node-0-link-0/10.10.1.1:8020 after 2 failover attempts. Trying to failover after sleeping for 1256ms.
2019-02-19 06:17:16,049 INFO retry.RetryInvocationHandler: java.net.ConnectException: Call From clnode090.clemson.cloudlab.us/130.127.133.99 to node-1-link-0:8020 failed on connection exception: java.net.ConnectException: Connection refused; For more details see:  http://wiki.apache.org/hadoop/ConnectionRefused, while invoking ClientNamenodeProtocolTranslatorPB.addBlock over node-1-link-0/10.10.1.4:8020 after 3 failover attempts. Trying to failover after sleeping for 2622ms.
2019-02-19 06:17:16,428 WARN retry.RetryInvocationHandler: A failover has occurred since the start of call #11 ClientNamenodeProtocolTranslatorPB.renewLease over node-1-link-0/10.10.1.4:8020
2019-02-19 06:17:16,431 INFO retry.RetryInvocationHandler: java.net.ConnectException: Call From clnode090.clemson.cloudlab.us/130.127.133.99 to node-1-link-0:8020 failed on connection exception: java.net.ConnectException: Connection refused; For more details see:  http://wiki.apache.org/hadoop/ConnectionRefused, while invoking ClientNamenodeProtocolTranslatorPB.renewLease over node-1-link-0/10.10.1.4:8020 after 3 failover attempts. Trying to failover after sleeping for 3421ms.
2019-02-19 06:17:18,676 INFO retry.RetryInvocationHandler: org.apache.hadoop.ipc.RemoteException(org.apache.hadoop.ipc.RetriableException): org.apache.hadoop.hdfs.server.namenode.SafeModeException: Cannot add block to /myfile17._COPYING_. Name node is in safe mode.
The reported blocks 124 has reached the threshold 0.9990 of total blocks 124. The number of live datanodes 3 has reached the minimum number 0. In safe mode extension. Safe mode will be turned off automatically in 9 seconds. NamenodeHostName:node-0-link-0
	at org.apache.hadoop.hdfs.server.namenode.FSNamesystem.checkNameNodeSafeMode(FSNamesystem.java:1441)
	at org.apache.hadoop.hdfs.server.namenode.FSDirWriteFileOp.analyzeFileState(FSDirWriteFileOp.java:591)
	at org.apache.hadoop.hdfs.server.namenode.FSDirWriteFileOp.validateAddBlock(FSDirWriteFileOp.java:172)
	at org.apache.hadoop.hdfs.server.namenode.FSNamesystem.getAdditionalBlock(FSNamesystem.java:2679)
	at org.apache.hadoop.hdfs.server.namenode.NameNodeRpcServer.addBlock(NameNodeRpcServer.java:875)
	at org.apache.hadoop.hdfs.protocolPB.ClientNamenodeProtocolServerSideTranslatorPB.addBlock(ClientNamenodeProtocolServerSideTranslatorPB.java:561)
	at org.apache.hadoop.hdfs.protocol.proto.ClientNamenodeProtocolProtos$ClientNamenodeProtocol$2.callBlockingMethod(ClientNamenodeProtocolProtos.java)
	at org.apache.hadoop.ipc.ProtobufRpcEngine$Server$ProtoBufRpcInvoker.call(ProtobufRpcEngine.java:523)
	at org.apache.hadoop.ipc.RPC$Server.call(RPC.java:991)
	at org.apache.hadoop.ipc.Server$RpcCall.run(Server.java:872)
	at org.apache.hadoop.ipc.Server$RpcCall.run(Server.java:818)
	at java.security.AccessController.doPrivileged(Native Method)
	at javax.security.auth.Subject.doAs(Subject.java:422)
	at org.apache.hadoop.security.UserGroupInformation.doAs(UserGroupInformation.java:1729)
	at org.apache.hadoop.ipc.Server$Handler.run(Server.java:2678)
Caused by: org.apache.hadoop.hdfs.server.namenode.SafeModeException: Cannot add block to /myfile17._COPYING_. Name node is in safe mode.
The reported blocks 124 has reached the threshold 0.9990 of total blocks 124. The number of live datanodes 3 has reached the minimum number 0. In safe mode extension. Safe mode will be turned off automatically in 9 seconds. NamenodeHostName:node-0-link-0
	at org.apache.hadoop.hdfs.server.namenode.FSNamesystem.newSafemodeException(FSNamesystem.java:1450)
	at org.apache.hadoop.hdfs.server.namenode.FSNamesystem.checkNameNodeSafeMode(FSNamesystem.java:1437)
	... 14 more
, while invoking ClientNamenodeProtocolTranslatorPB.addBlock over node-0-link-0/10.10.1.1:8020 after 4 failover attempts. Retrying after sleeping for 4618ms.
2019-02-19 06:17:19,852 WARN retry.RetryInvocationHandler: A failover has occurred since the start of call #11 ClientNamenodeProtocolTranslatorPB.renewLease over node-0-link-0/10.10.1.1:8020
2019-02-19 06:17:19,855 INFO retry.RetryInvocationHandler: org.apache.hadoop.ipc.RemoteException(org.apache.hadoop.ipc.RetriableException): org.apache.hadoop.hdfs.server.namenode.SafeModeException: Cannot renew lease for DFSClient_NONMAPREDUCE_-2124710182_1. Name node is in safe mode.
The reported blocks 124 has reached the threshold 0.9990 of total blocks 124. The number of live datanodes 3 has reached the minimum number 0. In safe mode extension. Safe mode will be turned off automatically in 8 seconds. NamenodeHostName:node-0-link-0
	at org.apache.hadoop.hdfs.server.namenode.FSNamesystem.checkNameNodeSafeMode(FSNamesystem.java:1441)
	at org.apache.hadoop.hdfs.server.namenode.FSNamesystem.renewLease(FSNamesystem.java:3744)
	at org.apache.hadoop.hdfs.server.namenode.NameNodeRpcServer.renewLease(NameNodeRpcServer.java:1134)
	at org.apache.hadoop.hdfs.protocolPB.ClientNamenodeProtocolServerSideTranslatorPB.renewLease(ClientNamenodeProtocolServerSideTranslatorPB.java:737)
	at org.apache.hadoop.hdfs.protocol.proto.ClientNamenodeProtocolProtos$ClientNamenodeProtocol$2.callBlockingMethod(ClientNamenodeProtocolProtos.java)
	at org.apache.hadoop.ipc.ProtobufRpcEngine$Server$ProtoBufRpcInvoker.call(ProtobufRpcEngine.java:523)
	at org.apache.hadoop.ipc.RPC$Server.call(RPC.java:991)
	at org.apache.hadoop.ipc.Server$RpcCall.run(Server.java:872)
	at org.apache.hadoop.ipc.Server$RpcCall.run(Server.java:818)
	at java.security.AccessController.doPrivileged(Native Method)
	at javax.security.auth.Subject.doAs(Subject.java:422)
	at org.apache.hadoop.security.UserGroupInformation.doAs(UserGroupInformation.java:1729)
	at org.apache.hadoop.ipc.Server$Handler.run(Server.java:2678)
Caused by: org.apache.hadoop.hdfs.server.namenode.SafeModeException: Cannot renew lease for DFSClient_NONMAPREDUCE_-2124710182_1. Name node is in safe mode.
The reported blocks 124 has reached the threshold 0.9990 of total blocks 124. The number of live datanodes 3 has reached the minimum number 0. In safe mode extension. Safe mode will be turned off automatically in 8 seconds. NamenodeHostName:node-0-link-0
	at org.apache.hadoop.hdfs.server.namenode.FSNamesystem.newSafemodeException(FSNamesystem.java:1450)
	at org.apache.hadoop.hdfs.server.namenode.FSNamesystem.checkNameNodeSafeMode(FSNamesystem.java:1437)
	... 12 more
, while invoking ClientNamenodeProtocolTranslatorPB.renewLease over node-0-link-0/10.10.1.1:8020 after 4 failover attempts. Retrying after sleeping for 8469ms.
2019-02-19 06:17:23,299 INFO retry.RetryInvocationHandler: org.apache.hadoop.ipc.RemoteException(org.apache.hadoop.ipc.RetriableException): org.apache.hadoop.hdfs.server.namenode.SafeModeException: Cannot add block to /myfile17._COPYING_. Name node is in safe mode.
The reported blocks 124 has reached the threshold 0.9990 of total blocks 124. The number of live datanodes 3 has reached the minimum number 0. In safe mode extension. Safe mode will be turned off automatically in 5 seconds. NamenodeHostName:node-0-link-0
	at org.apache.hadoop.hdfs.server.namenode.FSNamesystem.checkNameNodeSafeMode(FSNamesystem.java:1441)
	at org.apache.hadoop.hdfs.server.namenode.FSDirWriteFileOp.analyzeFileState(FSDirWriteFileOp.java:591)
	at org.apache.hadoop.hdfs.server.namenode.FSDirWriteFileOp.validateAddBlock(FSDirWriteFileOp.java:172)
	at org.apache.hadoop.hdfs.server.namenode.FSNamesystem.getAdditionalBlock(FSNamesystem.java:2679)
	at org.apache.hadoop.hdfs.server.namenode.NameNodeRpcServer.addBlock(NameNodeRpcServer.java:875)
	at org.apache.hadoop.hdfs.protocolPB.ClientNamenodeProtocolServerSideTranslatorPB.addBlock(ClientNamenodeProtocolServerSideTranslatorPB.java:561)
	at org.apache.hadoop.hdfs.protocol.proto.ClientNamenodeProtocolProtos$ClientNamenodeProtocol$2.callBlockingMethod(ClientNamenodeProtocolProtos.java)
	at org.apache.hadoop.ipc.ProtobufRpcEngine$Server$ProtoBufRpcInvoker.call(ProtobufRpcEngine.java:523)
	at org.apache.hadoop.ipc.RPC$Server.call(RPC.java:991)
	at org.apache.hadoop.ipc.Server$RpcCall.run(Server.java:872)
	at org.apache.hadoop.ipc.Server$RpcCall.run(Server.java:818)
	at java.security.AccessController.doPrivileged(Native Method)
	at javax.security.auth.Subject.doAs(Subject.java:422)
	at org.apache.hadoop.security.UserGroupInformation.doAs(UserGroupInformation.java:1729)
	at org.apache.hadoop.ipc.Server$Handler.run(Server.java:2678)
Caused by: org.apache.hadoop.hdfs.server.namenode.SafeModeException: Cannot add block to /myfile17._COPYING_. Name node is in safe mode.
The reported blocks 124 has reached the threshold 0.9990 of total blocks 124. The number of live datanodes 3 has reached the minimum number 0. In safe mode extension. Safe mode will be turned off automatically in 5 seconds. NamenodeHostName:node-0-link-0
	at org.apache.hadoop.hdfs.server.namenode.FSNamesystem.newSafemodeException(FSNamesystem.java:1450)
	at org.apache.hadoop.hdfs.server.namenode.FSNamesystem.checkNameNodeSafeMode(FSNamesystem.java:1437)
	... 14 more
, while invoking ClientNamenodeProtocolTranslatorPB.addBlock over node-0-link-0/10.10.1.1:8020 after 4 failover attempts. Retrying after sleeping for 8388ms.
2019-02-19 06:17:28,327 INFO retry.RetryInvocationHandler: org.apache.hadoop.ipc.RemoteException(org.apache.hadoop.ipc.RetriableException): org.apache.hadoop.hdfs.server.namenode.SafeModeException: Cannot renew lease for DFSClient_NONMAPREDUCE_-2124710182_1. Name node is in safe mode.
The reported blocks 124 has reached the threshold 0.9990 of total blocks 124. The number of live datanodes 3 has reached the minimum number 0. In safe mode extension. Safe mode will be turned off automatically in 0 seconds. NamenodeHostName:node-0-link-0
	at org.apache.hadoop.hdfs.server.namenode.FSNamesystem.checkNameNodeSafeMode(FSNamesystem.java:1441)
	at org.apache.hadoop.hdfs.server.namenode.FSNamesystem.renewLease(FSNamesystem.java:3744)
	at org.apache.hadoop.hdfs.server.namenode.NameNodeRpcServer.renewLease(NameNodeRpcServer.java:1134)
	at org.apache.hadoop.hdfs.protocolPB.ClientNamenodeProtocolServerSideTranslatorPB.renewLease(ClientNamenodeProtocolServerSideTranslatorPB.java:737)
	at org.apache.hadoop.hdfs.protocol.proto.ClientNamenodeProtocolProtos$ClientNamenodeProtocol$2.callBlockingMethod(ClientNamenodeProtocolProtos.java)
	at org.apache.hadoop.ipc.ProtobufRpcEngine$Server$ProtoBufRpcInvoker.call(ProtobufRpcEngine.java:523)
	at org.apache.hadoop.ipc.RPC$Server.call(RPC.java:991)
	at org.apache.hadoop.ipc.Server$RpcCall.run(Server.java:872)
	at org.apache.hadoop.ipc.Server$RpcCall.run(Server.java:818)
	at java.security.AccessController.doPrivileged(Native Method)
	at javax.security.auth.Subject.doAs(Subject.java:422)
	at org.apache.hadoop.security.UserGroupInformation.doAs(UserGroupInformation.java:1729)
	at org.apache.hadoop.ipc.Server$Handler.run(Server.java:2678)
Caused by: org.apache.hadoop.hdfs.server.namenode.SafeModeException: Cannot renew lease for DFSClient_NONMAPREDUCE_-2124710182_1. Name node is in safe mode.
The reported blocks 124 has reached the threshold 0.9990 of total blocks 124. The number of live datanodes 3 has reached the minimum number 0. In safe mode extension. Safe mode will be turned off automatically in 0 seconds. NamenodeHostName:node-0-link-0
	at org.apache.hadoop.hdfs.server.namenode.FSNamesystem.newSafemodeException(FSNamesystem.java:1450)
	at org.apache.hadoop.hdfs.server.namenode.FSNamesystem.checkNameNodeSafeMode(FSNamesystem.java:1437)
	... 12 more
, while invoking ClientNamenodeProtocolTranslatorPB.renewLease over node-0-link-0/10.10.1.1:8020 after 4 failover attempts. Retrying after sleeping for 18293ms.
Found 19 items
-rw-r--r--   3 root supergroup 1073741824 2019-02-19 06:15 /myfile1
-rw-r--r--   3 root supergroup 1073741824 2019-02-19 06:15 /myfile10
-rw-r--r--   3 root supergroup 1073741824 2019-02-19 06:15 /myfile11
-rw-r--r--   3 root supergroup 1073741824 2019-02-19 06:14 /myfile12
-rw-r--r--   3 root supergroup 1073741824 2019-02-19 06:15 /myfile13
-rw-r--r--   3 root supergroup 1073741824 2019-02-19 06:15 /myfile14
-rw-r--r--   3 root supergroup 1073741824 2019-02-19 06:15 /myfile15
-rw-r--r--   3 root supergroup 1073741824 2019-02-19 06:15 /myfile16
-rw-r--r--   3 root supergroup 1073741824 2019-02-19 06:17 /myfile17
-rw-r--r--   3 root supergroup 1073741824 2019-02-19 06:14 /myfile18
-rw-r--r--   3 root supergroup 1073741824 2019-02-19 06:15 /myfile19
-rw-r--r--   3 root supergroup  134217728 2019-02-19 06:16 /myfile2._COPYING_
-rw-r--r--   3 root supergroup 1073741824 2019-02-19 06:15 /myfile20
-rw-r--r--   3 root supergroup 1073741824 2019-02-19 06:14 /myfile3
-rw-r--r--   3 root supergroup 1073741824 2019-02-19 06:17 /myfile4
-rw-r--r--   3 root supergroup 1073741824 2019-02-19 06:14 /myfile5
-rw-r--r--   3 root supergroup 1073741824 2019-02-19 06:16 /myfile6
-rw-r--r--   3 root supergroup 1073741824 2019-02-19 06:15 /myfile7
-rw-r--r--   3 root supergroup  134217728 2019-02-19 06:17 /myfile9._COPYING_
file 17 has been put into HDFS
file 17 has been read from HDFS for 1 time
diff succeed!
file 17 has been read from HDFS for 2 time
diff succeed!
file 17 has been read from HDFS for 3 time
diff succeed!
file 17 has been read from HDFS for 4 time
diff succeed!
file 17 has been read from HDFS for 5 time
diff succeed!
file 17 has been read from HDFS for 6 time
diff succeed!
file 17 has been read from HDFS for 7 time
diff succeed!
file 17 has been read from HDFS for 8 time
diff succeed!
file 17 has been read from HDFS for 9 time
diff succeed!
file 17 has been read from HDFS for 10 time
diff succeed!
Deleted /myfile17
file 17 has been removed from HDFS
Found 20 items
-rw-r--r--   3 root supergroup 1073741824 2019-02-19 06:19 /myfile1
-rw-r--r--   3 root supergroup 1073741824 2019-02-19 06:19 /myfile10
-rw-r--r--   3 root supergroup 1073741824 2019-02-19 06:19 /myfile11
-rw-r--r--   3 root supergroup 1073741824 2019-02-19 06:18 /myfile12
-rw-r--r--   3 root supergroup 1073741824 2019-02-19 06:19 /myfile13
-rw-r--r--   3 root supergroup 1073741824 2019-02-19 06:19 /myfile14
-rw-r--r--   3 root supergroup 1073741824 2019-02-19 06:19 /myfile15
-rw-r--r--   3 root supergroup 1073741824 2019-02-19 06:19 /myfile16
-rw-r--r--   3 root supergroup 1073741824 2019-02-19 06:21 /myfile17
-rw-r--r--   3 root supergroup 1073741824 2019-02-19 06:18 /myfile18
-rw-r--r--   3 root supergroup 1073741824 2019-02-19 06:19 /myfile19
-rw-r--r--   3 root supergroup  536870912 2019-02-19 06:21 /myfile2._COPYING_
-rw-r--r--   3 root supergroup 1073741824 2019-02-19 06:19 /myfile20
-rw-r--r--   3 root supergroup 1073741824 2019-02-19 06:18 /myfile3
-rw-r--r--   3 root supergroup  536870912 2019-02-19 06:21 /myfile4._COPYING_
-rw-r--r--   3 root supergroup 1073741824 2019-02-19 06:18 /myfile5
-rw-r--r--   3 root supergroup 1073741824 2019-02-19 06:20 /myfile6
-rw-r--r--   3 root supergroup 1073741824 2019-02-19 06:19 /myfile7
-rw-r--r--   3 root supergroup  536870912 2019-02-19 06:21 /myfile8._COPYING_
-rw-r--r--   3 root supergroup          0 2019-02-19 06:21 /myfile9._COPYING_
file 17 has been put into HDFS
file 17 has been read from HDFS for 1 time
diff succeed!
file 17 has been read from HDFS for 2 time
diff succeed!
file 17 has been read from HDFS for 3 time
diff succeed!
file 17 has been read from HDFS for 4 time
diff succeed!
file 17 has been read from HDFS for 5 time
diff succeed!
file 17 has been read from HDFS for 6 time
diff succeed!
file 17 has been read from HDFS for 7 time
diff succeed!
file 17 has been read from HDFS for 8 time
diff succeed!
file 17 has been read from HDFS for 9 time
diff succeed!
file 17 has been read from HDFS for 10 time
diff succeed!
Deleted /myfile17
file 17 has been removed from HDFS
Found 17 items
-rw-r--r--   3 root supergroup 1073741824 2019-02-19 06:23 /myfile1
-rw-r--r--   3 root supergroup 1073741824 2019-02-19 06:22 /myfile10
-rw-r--r--   3 root supergroup 1073741824 2019-02-19 06:23 /myfile11
-rw-r--r--   3 root supergroup 1073741824 2019-02-19 06:21 /myfile12
-rw-r--r--   3 root supergroup 1073741824 2019-02-19 06:23 /myfile13
-rw-r--r--   3 root supergroup 1073741824 2019-02-19 06:23 /myfile14
-rw-r--r--   3 root supergroup 1073741824 2019-02-19 06:23 /myfile15
-rw-r--r--   3 root supergroup 1073741824 2019-02-19 06:23 /myfile16
-rw-r--r--   3 root supergroup 1073741824 2019-02-19 06:25 /myfile17
-rw-r--r--   3 root supergroup 1073741824 2019-02-19 06:22 /myfile18
-rw-r--r--   3 root supergroup 1073741824 2019-02-19 06:23 /myfile19
-rw-r--r--   3 root supergroup 1073741824 2019-02-19 06:23 /myfile20
-rw-r--r--   3 root supergroup 1073741824 2019-02-19 06:22 /myfile3
-rw-r--r--   3 root supergroup 1073741824 2019-02-19 06:22 /myfile5
-rw-r--r--   3 root supergroup 1073741824 2019-02-19 06:25 /myfile6
-rw-r--r--   3 root supergroup 1073741824 2019-02-19 06:23 /myfile7
-rw-r--r--   3 root supergroup 1073741824 2019-02-19 06:25 /myfile8
file 17 has been put into HDFS
file 17 has been read from HDFS for 1 time
diff succeed!
file 17 has been read from HDFS for 2 time
diff succeed!
file 17 has been read from HDFS for 3 time
diff succeed!
file 17 has been read from HDFS for 4 time
diff succeed!
file 17 has been read from HDFS for 5 time
diff succeed!
file 17 has been read from HDFS for 6 time
diff succeed!
file 17 has been read from HDFS for 7 time
diff succeed!
file 17 has been read from HDFS for 8 time
diff succeed!
file 17 has been read from HDFS for 9 time
diff succeed!
file 17 has been read from HDFS for 10 time
diff succeed!
Deleted /myfile17
file 17 has been removed from HDFS
Found 20 items
-rw-r--r--   3 root supergroup 1073741824 2019-02-19 06:27 /myfile1
-rw-r--r--   3 root supergroup 1073741824 2019-02-19 06:26 /myfile10
-rw-r--r--   3 root supergroup 1073741824 2019-02-19 06:27 /myfile11
-rw-r--r--   3 root supergroup 1073741824 2019-02-19 06:29 /myfile12
-rw-r--r--   3 root supergroup 1073741824 2019-02-19 06:27 /myfile13
-rw-r--r--   3 root supergroup 1073741824 2019-02-19 06:27 /myfile14
-rw-r--r--   3 root supergroup 1073741824 2019-02-19 06:27 /myfile15
-rw-r--r--   3 root supergroup 1073741824 2019-02-19 06:27 /myfile16
-rw-r--r--   3 root supergroup 1073741824 2019-02-19 06:29 /myfile17
-rw-r--r--   3 root supergroup 1073741824 2019-02-19 06:26 /myfile18
-rw-r--r--   3 root supergroup 1073741824 2019-02-19 06:27 /myfile19
-rw-r--r--   3 root supergroup 1073741824 2019-02-19 06:29 /myfile2
-rw-r--r--   3 root supergroup 1073741824 2019-02-19 06:27 /myfile20
-rw-r--r--   3 root supergroup 1073741824 2019-02-19 06:26 /myfile3
-rw-r--r--   3 root supergroup 1073741824 2019-02-19 06:29 /myfile4
-rw-r--r--   3 root supergroup 1073741824 2019-02-19 06:26 /myfile5
-rw-r--r--   3 root supergroup 1073741824 2019-02-19 06:29 /myfile6
-rw-r--r--   3 root supergroup 1073741824 2019-02-19 06:27 /myfile7
-rw-r--r--   3 root supergroup 1073741824 2019-02-19 06:29 /myfile8
-rw-r--r--   3 root supergroup 1073741824 2019-02-19 06:29 /myfile9
file 17 has been put into HDFS
file 17 has been read from HDFS for 1 time
diff succeed!
file 17 has been read from HDFS for 2 time
diff succeed!
file 17 has been read from HDFS for 3 time
diff succeed!
file 17 has been read from HDFS for 4 time
diff succeed!
file 17 has been read from HDFS for 5 time
diff succeed!
file 17 has been read from HDFS for 6 time
diff succeed!
file 17 has been read from HDFS for 7 time
diff succeed!
file 17 has been read from HDFS for 8 time
diff succeed!
file 17 has been read from HDFS for 9 time
diff succeed!
file 17 has been read from HDFS for 10 time
diff succeed!
Deleted /myfile17
file 17 has been removed from HDFS
Found 20 items
-rw-r--r--   3 root supergroup 1073741824 2019-02-19 06:31 /myfile1
-rw-r--r--   3 root supergroup 1073741824 2019-02-19 06:30 /myfile10
-rw-r--r--   3 root supergroup 1073741824 2019-02-19 06:32 /myfile11
-rw-r--r--   3 root supergroup 1073741824 2019-02-19 06:33 /myfile12
-rw-r--r--   3 root supergroup 1073741824 2019-02-19 06:31 /myfile13
-rw-r--r--   3 root supergroup 1073741824 2019-02-19 06:32 /myfile14
-rw-r--r--   3 root supergroup 1073741824 2019-02-19 06:32 /myfile15
-rw-r--r--   3 root supergroup 1073741824 2019-02-19 06:31 /myfile16
-rw-r--r--   3 root supergroup 1073741824 2019-02-19 06:33 /myfile17
-rw-r--r--   3 root supergroup 1073741824 2019-02-19 06:30 /myfile18
-rw-r--r--   3 root supergroup 1073741824 2019-02-19 06:31 /myfile19
-rw-r--r--   3 root supergroup 1073741824 2019-02-19 06:33 /myfile2
-rw-r--r--   3 root supergroup 1073741824 2019-02-19 06:30 /myfile20
-rw-r--r--   3 root supergroup 1073741824 2019-02-19 06:31 /myfile3
-rw-r--r--   3 root supergroup 1073741824 2019-02-19 06:33 /myfile4
-rw-r--r--   3 root supergroup 1073741824 2019-02-19 06:30 /myfile5
-rw-r--r--   3 root supergroup 1073741824 2019-02-19 06:33 /myfile6
-rw-r--r--   3 root supergroup 1073741824 2019-02-19 06:31 /myfile7
-rw-r--r--   3 root supergroup 1073741824 2019-02-19 06:33 /myfile8
-rw-r--r--   3 root supergroup 1073741824 2019-02-19 06:33 /myfile9
file 17 has been put into HDFS
file 17 has been read from HDFS for 1 time
diff succeed!
file 17 has been read from HDFS for 2 time
diff succeed!
file 17 has been read from HDFS for 3 time
diff succeed!
file 17 has been read from HDFS for 4 time
diff succeed!
file 17 has been read from HDFS for 5 time
diff succeed!
file 17 has been read from HDFS for 6 time
diff succeed!
file 17 has been read from HDFS for 7 time
diff succeed!
file 17 has been read from HDFS for 8 time
diff succeed!
file 17 has been read from HDFS for 9 time
diff succeed!
file 17 has been read from HDFS for 10 time
diff succeed!
Deleted /myfile17
file 17 has been removed from HDFS
2019-02-19 06:37:42,200 INFO retry.RetryInvocationHandler: java.io.EOFException: End of File Exception between local host is: "clnode090.clemson.cloudlab.us/130.127.133.99"; destination host is: "node-0-link-0":8020; : java.io.EOFException; For more details see:  http://wiki.apache.org/hadoop/EOFException, while invoking ClientNamenodeProtocolTranslatorPB.addBlock over node-0-link-0/10.10.1.1:8020. Trying to failover immediately.
2019-02-19 06:37:42,206 INFO retry.RetryInvocationHandler: org.apache.hadoop.ipc.RemoteException(org.apache.hadoop.ipc.StandbyException): Operation category READ is not supported in state standby. Visit https://s.apache.org/sbnn-error
	at org.apache.hadoop.hdfs.server.namenode.ha.StandbyState.checkOperation(StandbyState.java:88)
	at org.apache.hadoop.hdfs.server.namenode.NameNode$NameNodeHAContext.checkOperation(NameNode.java:1952)
	at org.apache.hadoop.hdfs.server.namenode.FSNamesystem.checkOperation(FSNamesystem.java:1423)
	at org.apache.hadoop.hdfs.server.namenode.FSNamesystem.getAdditionalBlock(FSNamesystem.java:2674)
	at org.apache.hadoop.hdfs.server.namenode.NameNodeRpcServer.addBlock(NameNodeRpcServer.java:875)
	at org.apache.hadoop.hdfs.protocolPB.ClientNamenodeProtocolServerSideTranslatorPB.addBlock(ClientNamenodeProtocolServerSideTranslatorPB.java:561)
	at org.apache.hadoop.hdfs.protocol.proto.ClientNamenodeProtocolProtos$ClientNamenodeProtocol$2.callBlockingMethod(ClientNamenodeProtocolProtos.java)
	at org.apache.hadoop.ipc.ProtobufRpcEngine$Server$ProtoBufRpcInvoker.call(ProtobufRpcEngine.java:523)
	at org.apache.hadoop.ipc.RPC$Server.call(RPC.java:991)
	at org.apache.hadoop.ipc.Server$RpcCall.run(Server.java:872)
	at org.apache.hadoop.ipc.Server$RpcCall.run(Server.java:818)
	at java.security.AccessController.doPrivileged(Native Method)
	at javax.security.auth.Subject.doAs(Subject.java:422)
	at org.apache.hadoop.security.UserGroupInformation.doAs(UserGroupInformation.java:1729)
	at org.apache.hadoop.ipc.Server$Handler.run(Server.java:2678)
, while invoking ClientNamenodeProtocolTranslatorPB.addBlock over node-1-link-0/10.10.1.4:8020 after 1 failover attempts. Trying to failover after sleeping for 669ms.
2019-02-19 06:37:42,878 INFO retry.RetryInvocationHandler: java.net.ConnectException: Call From clnode090.clemson.cloudlab.us/130.127.133.99 to node-0-link-0:8020 failed on connection exception: java.net.ConnectException: Connection refused; For more details see:  http://wiki.apache.org/hadoop/ConnectionRefused, while invoking ClientNamenodeProtocolTranslatorPB.addBlock over node-0-link-0/10.10.1.1:8020 after 2 failover attempts. Trying to failover after sleeping for 1911ms.
Found 20 items
-rw-r--r--   3 root supergroup 1073741824 2019-02-19 06:36 /myfile1
-rw-r--r--   3 root supergroup 1073741824 2019-02-19 06:34 /myfile10
-rw-r--r--   3 root supergroup 1073741824 2019-02-19 06:36 /myfile11
-rw-r--r--   3 root supergroup 1073741824 2019-02-19 06:37 /myfile12
-rw-r--r--   3 root supergroup 1073741824 2019-02-19 06:35 /myfile13
-rw-r--r--   3 root supergroup 1073741824 2019-02-19 06:36 /myfile14
-rw-r--r--   3 root supergroup 1073741824 2019-02-19 06:36 /myfile15
-rw-r--r--   3 root supergroup 1073741824 2019-02-19 06:36 /myfile16
-rw-r--r--   3 root supergroup 1073741824 2019-02-19 06:37 /myfile17
-rw-r--r--   3 root supergroup 1073741824 2019-02-19 06:34 /myfile18
-rw-r--r--   3 root supergroup 1073741824 2019-02-19 06:35 /myfile19
-rw-r--r--   3 root supergroup 1073741824 2019-02-19 06:37 /myfile2
-rw-r--r--   3 root supergroup 1073741824 2019-02-19 06:34 /myfile20
-rw-r--r--   3 root supergroup 1073741824 2019-02-19 06:34 /myfile3
-rw-r--r--   3 root supergroup  939524096 2019-02-19 06:37 /myfile4._COPYING_
-rw-r--r--   3 root supergroup 1073741824 2019-02-19 06:34 /myfile5
-rw-r--r--   3 root supergroup 1073741824 2019-02-19 06:37 /myfile6
-rw-r--r--   3 root supergroup 1073741824 2019-02-19 06:35 /myfile7
-rw-r--r--   3 root supergroup 1073741824 2019-02-19 06:37 /myfile8
-rw-r--r--   3 root supergroup  939524096 2019-02-19 06:37 /myfile9._COPYING_
file 17 has been put into HDFS
file 17 has been read from HDFS for 1 time
diff succeed!
2019-02-19 06:38:19,792 INFO retry.RetryInvocationHandler: java.net.ConnectException: Call From clnode090.clemson.cloudlab.us/130.127.133.99 to node-1-link-0:8020 failed on connection exception: java.net.ConnectException: Connection refused; For more details see:  http://wiki.apache.org/hadoop/ConnectionRefused, while invoking ClientNamenodeProtocolTranslatorPB.getFileInfo over node-1-link-0/10.10.1.4:8020 after 1 failover attempts. Trying to failover after sleeping for 1369ms.
file 17 has been read from HDFS for 2 time
diff succeed!
file 17 has been read from HDFS for 3 time
diff succeed!
file 17 has been read from HDFS for 4 time
diff succeed!
file 17 has been read from HDFS for 5 time
diff succeed!
file 17 has been read from HDFS for 6 time
diff succeed!
file 17 has been read from HDFS for 7 time
diff succeed!
file 17 has been read from HDFS for 8 time
diff succeed!
file 17 has been read from HDFS for 9 time
diff succeed!
file 17 has been read from HDFS for 10 time
diff succeed!
Deleted /myfile17
file 17 has been removed from HDFS
Found 20 items
-rw-r--r--   3 root supergroup 1073741824 2019-02-19 06:40 /myfile1
-rw-r--r--   3 root supergroup 1073741824 2019-02-19 06:39 /myfile10
-rw-r--r--   3 root supergroup 1073741824 2019-02-19 06:41 /myfile11
-rw-r--r--   3 root supergroup 1073741824 2019-02-19 06:42 /myfile12
-rw-r--r--   3 root supergroup 1073741824 2019-02-19 06:40 /myfile13
-rw-r--r--   3 root supergroup 1073741824 2019-02-19 06:40 /myfile14
-rw-r--r--   3 root supergroup 1073741824 2019-02-19 06:40 /myfile15
-rw-r--r--   3 root supergroup 1073741824 2019-02-19 06:40 /myfile16
-rw-r--r--   3 root supergroup 1073741824 2019-02-19 06:42 /myfile17
-rw-r--r--   3 root supergroup 1073741824 2019-02-19 06:39 /myfile18
-rw-r--r--   3 root supergroup 1073741824 2019-02-19 06:39 /myfile19
-rw-r--r--   3 root supergroup 1073741824 2019-02-19 06:42 /myfile2
-rw-r--r--   3 root supergroup 1073741824 2019-02-19 06:39 /myfile20
-rw-r--r--   3 root supergroup 1073741824 2019-02-19 06:39 /myfile3
-rw-r--r--   3 root supergroup 1073741824 2019-02-19 06:37 /myfile4
-rw-r--r--   3 root supergroup 1073741824 2019-02-19 06:39 /myfile5
-rw-r--r--   3 root supergroup 1073741824 2019-02-19 06:42 /myfile6
-rw-r--r--   3 root supergroup 1073741824 2019-02-19 06:40 /myfile7
-rw-r--r--   3 root supergroup 1073741824 2019-02-19 06:42 /myfile8
-rw-r--r--   3 root supergroup 1073741824 2019-02-19 06:42 /myfile9
file 17 has been put into HDFS
file 17 has been read from HDFS for 1 time
diff succeed!
file 17 has been read from HDFS for 2 time
diff succeed!
file 17 has been read from HDFS for 3 time
diff succeed!
file 17 has been read from HDFS for 4 time
diff succeed!
file 17 has been read from HDFS for 5 time
diff succeed!
file 17 has been read from HDFS for 6 time
diff succeed!
file 17 has been read from HDFS for 7 time
diff succeed!
file 17 has been read from HDFS for 8 time
diff succeed!
file 17 has been read from HDFS for 9 time
diff succeed!
file 17 has been read from HDFS for 10 time
diff succeed!
Deleted /myfile17
file 17 has been removed from HDFS
Found 20 items
-rw-r--r--   3 root supergroup 1073741824 2019-02-19 06:45 /myfile1
-rw-r--r--   3 root supergroup 1073741824 2019-02-19 06:43 /myfile10
-rw-r--r--   3 root supergroup 1073741824 2019-02-19 06:45 /myfile11
-rw-r--r--   3 root supergroup 1073741824 2019-02-19 06:46 /myfile12
-rw-r--r--   3 root supergroup 1073741824 2019-02-19 06:45 /myfile13
-rw-r--r--   3 root supergroup 1073741824 2019-02-19 06:45 /myfile14
-rw-r--r--   3 root supergroup 1073741824 2019-02-19 06:45 /myfile15
-rw-r--r--   3 root supergroup 1073741824 2019-02-19 06:45 /myfile16
-rw-r--r--   3 root supergroup 1073741824 2019-02-19 06:46 /myfile17
-rw-r--r--   3 root supergroup 1073741824 2019-02-19 06:43 /myfile18
-rw-r--r--   3 root supergroup 1073741824 2019-02-19 06:43 /myfile19
-rw-r--r--   3 root supergroup 1073741824 2019-02-19 06:46 /myfile2
-rw-r--r--   3 root supergroup 1073741824 2019-02-19 06:43 /myfile20
-rw-r--r--   3 root supergroup 1073741824 2019-02-19 06:43 /myfile3
-rw-r--r--   3 root supergroup 1073741824 2019-02-19 06:46 /myfile4
-rw-r--r--   3 root supergroup 1073741824 2019-02-19 06:43 /myfile5
-rw-r--r--   3 root supergroup 1073741824 2019-02-19 06:46 /myfile6
-rw-r--r--   3 root supergroup 1073741824 2019-02-19 06:43 /myfile7
-rw-r--r--   3 root supergroup 1073741824 2019-02-19 06:46 /myfile8
-rw-r--r--   3 root supergroup 1073741824 2019-02-19 06:46 /myfile9
file 17 has been put into HDFS
file 17 has been read from HDFS for 1 time
diff succeed!
file 17 has been read from HDFS for 2 time
diff succeed!
file 17 has been read from HDFS for 3 time
diff succeed!
file 17 has been read from HDFS for 4 time
diff succeed!
file 17 has been read from HDFS for 5 time
diff succeed!
file 17 has been read from HDFS for 6 time
diff succeed!
file 17 has been read from HDFS for 7 time
diff succeed!
file 17 has been read from HDFS for 8 time
diff succeed!
file 17 has been read from HDFS for 9 time
diff succeed!
file 17 has been read from HDFS for 10 time
diff succeed!
Deleted /myfile17
file 17 has been removed from HDFS
Found 20 items
-rw-r--r--   3 root supergroup 1073741824 2019-02-19 06:49 /myfile1
-rw-r--r--   3 root supergroup 1073741824 2019-02-19 06:47 /myfile10
-rw-r--r--   3 root supergroup 1073741824 2019-02-19 06:49 /myfile11
-rw-r--r--   3 root supergroup 1073741824 2019-02-19 06:50 /myfile12
-rw-r--r--   3 root supergroup 1073741824 2019-02-19 06:49 /myfile13
-rw-r--r--   3 root supergroup 1073741824 2019-02-19 06:49 /myfile14
-rw-r--r--   3 root supergroup 1073741824 2019-02-19 06:49 /myfile15
-rw-r--r--   3 root supergroup 1073741824 2019-02-19 06:49 /myfile16
-rw-r--r--   3 root supergroup 1073741824 2019-02-19 06:50 /myfile17
-rw-r--r--   3 root supergroup 1073741824 2019-02-19 06:47 /myfile18
-rw-r--r--   3 root supergroup 1073741824 2019-02-19 06:47 /myfile19
-rw-r--r--   3 root supergroup 1073741824 2019-02-19 06:50 /myfile2
-rw-r--r--   3 root supergroup 1073741824 2019-02-19 06:47 /myfile20
-rw-r--r--   3 root supergroup 1073741824 2019-02-19 06:47 /myfile3
-rw-r--r--   3 root supergroup 1073741824 2019-02-19 06:50 /myfile4
-rw-r--r--   3 root supergroup 1073741824 2019-02-19 06:47 /myfile5
-rw-r--r--   3 root supergroup 1073741824 2019-02-19 06:50 /myfile6
-rw-r--r--   3 root supergroup 1073741824 2019-02-19 06:47 /myfile7
-rw-r--r--   3 root supergroup 1073741824 2019-02-19 06:50 /myfile8
-rw-r--r--   3 root supergroup 1073741824 2019-02-19 06:50 /myfile9
file 17 has been put into HDFS
file 17 has been read from HDFS for 1 time
diff succeed!
file 17 has been read from HDFS for 2 time
diff succeed!
file 17 has been read from HDFS for 3 time
diff succeed!
file 17 has been read from HDFS for 4 time
diff succeed!
file 17 has been read from HDFS for 5 time
diff succeed!
file 17 has been read from HDFS for 6 time
diff succeed!
file 17 has been read from HDFS for 7 time
diff succeed!
file 17 has been read from HDFS for 8 time
diff succeed!
file 17 has been read from HDFS for 9 time
diff succeed!
file 17 has been read from HDFS for 10 time
diff succeed!
Deleted /myfile17
file 17 has been removed from HDFS
Found 20 items
-rw-r--r--   3 root supergroup 1073741824 2019-02-19 06:53 /myfile1
-rw-r--r--   3 root supergroup 1073741824 2019-02-19 06:52 /myfile10
-rw-r--r--   3 root supergroup 1073741824 2019-02-19 06:53 /myfile11
-rw-r--r--   3 root supergroup 1073741824 2019-02-19 06:55 /myfile12
-rw-r--r--   3 root supergroup 1073741824 2019-02-19 06:53 /myfile13
-rw-r--r--   3 root supergroup 1073741824 2019-02-19 06:53 /myfile14
-rw-r--r--   3 root supergroup 1073741824 2019-02-19 06:53 /myfile15
-rw-r--r--   3 root supergroup 1073741824 2019-02-19 06:53 /myfile16
-rw-r--r--   3 root supergroup 1073741824 2019-02-19 06:55 /myfile17
-rw-r--r--   3 root supergroup 1073741824 2019-02-19 06:52 /myfile18
-rw-r--r--   3 root supergroup 1073741824 2019-02-19 06:52 /myfile19
-rw-r--r--   3 root supergroup 1073741824 2019-02-19 06:55 /myfile2
-rw-r--r--   3 root supergroup 1073741824 2019-02-19 06:52 /myfile20
-rw-r--r--   3 root supergroup 1073741824 2019-02-19 06:52 /myfile3
-rw-r--r--   3 root supergroup 1073741824 2019-02-19 06:55 /myfile4
-rw-r--r--   3 root supergroup 1073741824 2019-02-19 06:52 /myfile5
-rw-r--r--   3 root supergroup 1073741824 2019-02-19 06:55 /myfile6
-rw-r--r--   3 root supergroup 1073741824 2019-02-19 06:52 /myfile7
-rw-r--r--   3 root supergroup 1073741824 2019-02-19 06:55 /myfile8
-rw-r--r--   3 root supergroup 1073741824 2019-02-19 06:55 /myfile9
file 17 has been put into HDFS
file 17 has been read from HDFS for 1 time
diff succeed!
file 17 has been read from HDFS for 2 time
diff succeed!
file 17 has been read from HDFS for 3 time
diff succeed!
file 17 has been read from HDFS for 4 time
diff succeed!
file 17 has been read from HDFS for 5 time
diff succeed!
file 17 has been read from HDFS for 6 time
diff succeed!
file 17 has been read from HDFS for 7 time
diff succeed!
file 17 has been read from HDFS for 8 time
diff succeed!
file 17 has been read from HDFS for 9 time
diff succeed!
file 17 has been read from HDFS for 10 time
diff succeed!
sub_benchmark 10 signal TERM catched and let quit gracefully
Deleted /myfile17
file 17 has been removed from HDFS
