Found 20 items
-rw-r--r--   3 root supergroup 1073741824 2019-02-28 19:44 /myfile1
-rw-r--r--   3 root supergroup 1073741824 2019-02-28 19:44 /myfile10
-rw-r--r--   3 root supergroup 1073741824 2019-02-28 19:44 /myfile11
-rw-r--r--   3 root supergroup 1073741824 2019-02-28 19:44 /myfile12
-rw-r--r--   3 root supergroup 1073741824 2019-02-28 19:44 /myfile13
-rw-r--r--   3 root supergroup 1073741824 2019-02-28 19:44 /myfile14
-rw-r--r--   3 root supergroup 1073741824 2019-02-28 19:44 /myfile15
-rw-r--r--   3 root supergroup 1073741824 2019-02-28 19:44 /myfile16
-rw-r--r--   3 root supergroup 1073741824 2019-02-28 19:44 /myfile17
-rw-r--r--   3 root supergroup 1073741824 2019-02-28 19:44 /myfile18
-rw-r--r--   3 root supergroup 1073741824 2019-02-28 19:44 /myfile19
-rw-r--r--   3 root supergroup 1073741824 2019-02-28 19:44 /myfile2
-rw-r--r--   3 root supergroup 1073741824 2019-02-28 19:44 /myfile20
-rw-r--r--   3 root supergroup 1073741824 2019-02-28 19:44 /myfile3
-rw-r--r--   3 root supergroup 1073741824 2019-02-28 19:44 /myfile4
-rw-r--r--   3 root supergroup 1073741824 2019-02-28 19:44 /myfile5
-rw-r--r--   3 root supergroup 1073741824 2019-02-28 19:44 /myfile6
-rw-r--r--   3 root supergroup 1073741824 2019-02-28 19:44 /myfile7
-rw-r--r--   3 root supergroup 1073741824 2019-02-28 19:44 /myfile8
-rw-r--r--   3 root supergroup 1073741824 2019-02-28 19:44 /myfile9
file 11 has been put into HDFS
file 11 has been read from HDFS for 1 time
diff succeed!
file 11 has been read from HDFS for 2 time
diff succeed!
file 11 has been read from HDFS for 3 time
diff succeed!
file 11 has been read from HDFS for 4 time
diff succeed!
file 11 has been read from HDFS for 5 time
diff succeed!
file 11 has been read from HDFS for 6 time
diff succeed!
file 11 has been read from HDFS for 7 time
diff succeed!
file 11 has been read from HDFS for 8 time
diff succeed!
file 11 has been read from HDFS for 9 time
diff succeed!
file 11 has been read from HDFS for 10 time
diff succeed!
Deleted /myfile11
file 11 has been removed from HDFS
Found 18 items
-rw-r--r--   3 root supergroup 1073741824 2019-02-28 19:48 /myfile1
-rw-r--r--   3 root supergroup 1073741824 2019-02-28 19:48 /myfile10
-rw-r--r--   3 root supergroup 1073741824 2019-02-28 19:50 /myfile11
-rw-r--r--   3 root supergroup 1073741824 2019-02-28 19:48 /myfile12
-rw-r--r--   3 root supergroup 1073741824 2019-02-28 19:49 /myfile13
-rw-r--r--   3 root supergroup 1073741824 2019-02-28 19:48 /myfile16
-rw-r--r--   3 root supergroup 1073741824 2019-02-28 19:49 /myfile17
-rw-r--r--   3 root supergroup  671088640 2019-02-28 19:50 /myfile18._COPYING_
-rw-r--r--   3 root supergroup  536870912 2019-02-28 19:50 /myfile19._COPYING_
-rw-r--r--   3 root supergroup 1073741824 2019-02-28 19:50 /myfile2
-rw-r--r--   3 root supergroup 1073741824 2019-02-28 19:48 /myfile20
-rw-r--r--   3 root supergroup 1073741824 2019-02-28 19:48 /myfile3
-rw-r--r--   3 root supergroup 1073741824 2019-02-28 19:49 /myfile4
-rw-r--r--   3 root supergroup  268435456 2019-02-28 19:50 /myfile5._COPYING_
-rw-r--r--   3 root supergroup 1073741824 2019-02-28 19:48 /myfile6
-rw-r--r--   3 root supergroup 1073741824 2019-02-28 19:48 /myfile7
-rw-r--r--   3 root supergroup 1073741824 2019-02-28 19:49 /myfile8
-rw-r--r--   3 root supergroup 1073741824 2019-02-28 19:48 /myfile9
file 11 has been put into HDFS
file 11 has been read from HDFS for 1 time
diff succeed!
file 11 has been read from HDFS for 2 time
diff succeed!
file 11 has been read from HDFS for 3 time
diff succeed!
file 11 has been read from HDFS for 4 time
diff succeed!
file 11 has been read from HDFS for 5 time
diff succeed!
file 11 has been read from HDFS for 6 time
diff succeed!
file 11 has been read from HDFS for 7 time
diff succeed!
file 11 has been read from HDFS for 8 time
diff succeed!
file 11 has been read from HDFS for 9 time
diff succeed!
file 11 has been read from HDFS for 10 time
diff succeed!
Deleted /myfile11
file 11 has been removed from HDFS
Found 19 items
-rw-r--r--   3 root supergroup 1073741824 2019-02-28 19:53 /myfile1
-rw-r--r--   3 root supergroup 1073741824 2019-02-28 19:53 /myfile10
-rw-r--r--   3 root supergroup 1073741824 2019-02-28 19:55 /myfile11
-rw-r--r--   3 root supergroup 1073741824 2019-02-28 19:52 /myfile12
-rw-r--r--   3 root supergroup 1073741824 2019-02-28 19:53 /myfile13
-rw-r--r--   3 root supergroup 1073741824 2019-02-28 19:51 /myfile14
-rw-r--r--   3 root supergroup 1073741824 2019-02-28 19:51 /myfile15
-rw-r--r--   3 root supergroup 1073741824 2019-02-28 19:52 /myfile16
-rw-r--r--   3 root supergroup 1073741824 2019-02-28 19:53 /myfile17
-rw-r--r--   3 root supergroup  536870912 2019-02-28 19:54 /myfile19._COPYING_
-rw-r--r--   3 root supergroup 1073741824 2019-02-28 19:54 /myfile2
-rw-r--r--   3 root supergroup 1073741824 2019-02-28 19:52 /myfile20
-rw-r--r--   3 root supergroup 1073741824 2019-02-28 19:52 /myfile3
-rw-r--r--   3 root supergroup 1073741824 2019-02-28 19:53 /myfile4
-rw-r--r--   3 root supergroup 1073741824 2019-02-28 19:51 /myfile5
-rw-r--r--   3 root supergroup 1073741824 2019-02-28 19:53 /myfile6
-rw-r--r--   3 root supergroup 1073741824 2019-02-28 19:52 /myfile7
-rw-r--r--   3 root supergroup 1073741824 2019-02-28 19:54 /myfile8
-rw-r--r--   3 root supergroup 1073741824 2019-02-28 19:52 /myfile9
file 11 has been put into HDFS
file 11 has been read from HDFS for 1 time
diff succeed!
file 11 has been read from HDFS for 2 time
diff succeed!
file 11 has been read from HDFS for 3 time
diff succeed!
file 11 has been read from HDFS for 4 time
diff succeed!
file 11 has been read from HDFS for 5 time
diff succeed!
file 11 has been read from HDFS for 6 time
diff succeed!
file 11 has been read from HDFS for 7 time
diff succeed!
file 11 has been read from HDFS for 8 time
diff succeed!
file 11 has been read from HDFS for 9 time
diff succeed!
file 11 has been read from HDFS for 10 time
diff succeed!
Deleted /myfile11
file 11 has been removed from HDFS
Found 19 items
-rw-r--r--   3 root supergroup 1073741824 2019-02-28 19:58 /myfile1
-rw-r--r--   3 root supergroup 1073741824 2019-02-28 19:58 /myfile10
-rw-r--r--   3 root supergroup 1073741824 2019-02-28 19:58 /myfile11
-rw-r--r--   3 root supergroup 1073741824 2019-02-28 19:56 /myfile12
-rw-r--r--   3 root supergroup 1073741824 2019-02-28 19:57 /myfile13
-rw-r--r--   3 root supergroup 1073741824 2019-02-28 19:56 /myfile14
-rw-r--r--   3 root supergroup 1073741824 2019-02-28 19:56 /myfile15
-rw-r--r--   3 root supergroup 1073741824 2019-02-28 19:56 /myfile16
-rw-r--r--   3 root supergroup 1073741824 2019-02-28 19:56 /myfile17
-rw-r--r--   3 root supergroup 1073741824 2019-02-28 19:55 /myfile19
-rw-r--r--   3 root supergroup 1073741824 2019-02-28 19:58 /myfile2
-rw-r--r--   3 root supergroup 1073741824 2019-02-28 19:57 /myfile20
-rw-r--r--   3 root supergroup 1073741824 2019-02-28 19:56 /myfile3
-rw-r--r--   3 root supergroup 1073741824 2019-02-28 19:58 /myfile4
-rw-r--r--   3 root supergroup 1073741824 2019-02-28 19:56 /myfile5
-rw-r--r--   3 root supergroup 1073741824 2019-02-28 19:56 /myfile6
-rw-r--r--   3 root supergroup 1073741824 2019-02-28 19:56 /myfile7
-rw-r--r--   3 root supergroup 1073741824 2019-02-28 19:58 /myfile8
-rw-r--r--   3 root supergroup 1073741824 2019-02-28 19:56 /myfile9
file 11 has been put into HDFS
file 11 has been read from HDFS for 1 time
diff succeed!
sub_benchmark 1 signal TERM catched and let quit gracefully
Deleted /myfile11
file 11 has been removed from HDFS
