2019-03-03 21:19:14,389 INFO hdfs.DataStreamer: Exception in createBlockOutputStream blk_1073741972_1148
java.io.EOFException: Unexpected EOF while trying to read response from server
	at org.apache.hadoop.hdfs.protocolPB.PBHelperClient.vintPrefixed(PBHelperClient.java:549)
	at org.apache.hadoop.hdfs.DataStreamer.createBlockOutputStream(DataStreamer.java:1762)
	at org.apache.hadoop.hdfs.DataStreamer.nextBlockOutputStream(DataStreamer.java:1679)
	at org.apache.hadoop.hdfs.DataStreamer.run(DataStreamer.java:716)
2019-03-03 21:19:14,394 WARN hdfs.DataStreamer: Abandoning BP-1159623940-130.127.133.53-1551673094503:blk_1073741972_1148
2019-03-03 21:19:14,449 WARN hdfs.DataStreamer: Excluding datanode DatanodeInfoWithStorage[10.10.1.2:9866,DS-d015a5b6-be6d-4d56-a99d-28f137b6afe6,DISK]
Found 20 items
-rw-r--r--   3 root supergroup 1073741824 2019-03-03 21:19 /myfile1
-rw-r--r--   3 root supergroup 1073741824 2019-03-03 21:19 /myfile10
-rw-r--r--   3 root supergroup 1073741824 2019-03-03 21:19 /myfile11
-rw-r--r--   3 root supergroup  939524096 2019-03-03 21:18 /myfile12._COPYING_
-rw-r--r--   3 root supergroup  805306368 2019-03-03 21:18 /myfile13._COPYING_
-rw-r--r--   3 root supergroup 1073741824 2019-03-03 21:19 /myfile14
-rw-r--r--   3 root supergroup  939524096 2019-03-03 21:18 /myfile15._COPYING_
-rw-r--r--   3 root supergroup 1073741824 2019-03-03 21:19 /myfile16
-rw-r--r--   3 root supergroup 1073741824 2019-03-03 21:19 /myfile17
-rw-r--r--   3 root supergroup 1073741824 2019-03-03 21:19 /myfile18
-rw-r--r--   3 root supergroup  939524096 2019-03-03 21:18 /myfile19._COPYING_
-rw-r--r--   3 root supergroup  939524096 2019-03-03 21:18 /myfile2._COPYING_
-rw-r--r--   3 root supergroup 1073741824 2019-03-03 21:19 /myfile20
-rw-r--r--   3 root supergroup 1073741824 2019-03-03 21:19 /myfile3
-rw-r--r--   3 root supergroup 1073741824 2019-03-03 21:19 /myfile4
-rw-r--r--   3 root supergroup  939524096 2019-03-03 21:18 /myfile5._COPYING_
-rw-r--r--   3 root supergroup  939524096 2019-03-03 21:18 /myfile6._COPYING_
-rw-r--r--   3 root supergroup 1073741824 2019-03-03 21:19 /myfile7
-rw-r--r--   3 root supergroup  939524096 2019-03-03 21:18 /myfile8._COPYING_
-rw-r--r--   3 root supergroup 1073741824 2019-03-03 21:19 /myfile9
file 1 has been put into HDFS
file 1 has been read from HDFS for 1 time
diff succeed!
file 1 has been read from HDFS for 2 time
diff succeed!
file 1 has been read from HDFS for 3 time
diff succeed!
file 1 has been read from HDFS for 4 time
diff succeed!
file 1 has been read from HDFS for 5 time
diff succeed!
file 1 has been read from HDFS for 6 time
diff succeed!
file 1 has been read from HDFS for 7 time
diff succeed!
file 1 has been read from HDFS for 8 time
diff succeed!
file 1 has been read from HDFS for 9 time
diff succeed!
file 1 has been read from HDFS for 10 time
diff succeed!
Deleted /myfile1
file 1 has been removed from HDFS
Found 20 items
-rw-r--r--   3 root supergroup 1073741824 2019-03-03 21:24 /myfile1
-rw-r--r--   3 root supergroup 1073741824 2019-03-03 21:22 /myfile10
-rw-r--r--   3 root supergroup 1073741824 2019-03-03 21:24 /myfile11
-rw-r--r--   3 root supergroup 1073741824 2019-03-03 21:23 /myfile12
-rw-r--r--   3 root supergroup 1073741824 2019-03-03 21:23 /myfile13
-rw-r--r--   3 root supergroup 1073741824 2019-03-03 21:22 /myfile14
-rw-r--r--   3 root supergroup 1073741824 2019-03-03 21:23 /myfile15
-rw-r--r--   3 root supergroup 1073741824 2019-03-03 21:23 /myfile16
-rw-r--r--   3 root supergroup 1073741824 2019-03-03 21:24 /myfile17
-rw-r--r--   3 root supergroup  939524096 2019-03-03 21:23 /myfile18._COPYING_
-rw-r--r--   3 root supergroup 1073741824 2019-03-03 21:23 /myfile19
-rw-r--r--   3 root supergroup 1073741824 2019-03-03 21:23 /myfile2
-rw-r--r--   3 root supergroup 1073741824 2019-03-03 21:23 /myfile20
-rw-r--r--   3 root supergroup 1073741824 2019-03-03 21:23 /myfile3
-rw-r--r--   3 root supergroup  939524096 2019-03-03 21:23 /myfile4._COPYING_
-rw-r--r--   3 root supergroup 1073741824 2019-03-03 21:23 /myfile5
-rw-r--r--   3 root supergroup 1073741824 2019-03-03 21:23 /myfile6
-rw-r--r--   3 root supergroup 1073741824 2019-03-03 21:22 /myfile7
-rw-r--r--   3 root supergroup 1073741824 2019-03-03 21:23 /myfile8
-rw-r--r--   3 root supergroup  939524096 2019-03-03 21:24 /myfile9._COPYING_
file 1 has been put into HDFS
file 1 has been read from HDFS for 1 time
diff succeed!
file 1 has been read from HDFS for 2 time
diff succeed!
file 1 has been read from HDFS for 3 time
diff succeed!
file 1 has been read from HDFS for 4 time
diff succeed!
file 1 has been read from HDFS for 5 time
diff succeed!
file 1 has been read from HDFS for 6 time
diff succeed!
file 1 has been read from HDFS for 7 time
diff succeed!
file 1 has been read from HDFS for 8 time
diff succeed!
file 1 has been read from HDFS for 9 time
diff succeed!
file 1 has been read from HDFS for 10 time
diff succeed!
Deleted /myfile1
file 1 has been removed from HDFS
Found 20 items
-rw-r--r--   3 root supergroup 1073741824 2019-03-03 21:28 /myfile1
-rw-r--r--   3 root supergroup 1073741824 2019-03-03 21:26 /myfile10
-rw-r--r--   3 root supergroup 1073741824 2019-03-03 21:28 /myfile11
-rw-r--r--   3 root supergroup 1073741824 2019-03-03 21:27 /myfile12
-rw-r--r--   3 root supergroup 1073741824 2019-03-03 21:27 /myfile13
-rw-r--r--   3 root supergroup 1073741824 2019-03-03 21:27 /myfile14
-rw-r--r--   3 root supergroup 1073741824 2019-03-03 21:28 /myfile15
-rw-r--r--   3 root supergroup 1073741824 2019-03-03 21:26 /myfile16
-rw-r--r--   3 root supergroup 1073741824 2019-03-03 21:28 /myfile17
-rw-r--r--   3 root supergroup 1073741824 2019-03-03 21:28 /myfile18
-rw-r--r--   3 root supergroup 1073741824 2019-03-03 21:27 /myfile19
-rw-r--r--   3 root supergroup 1073741824 2019-03-03 21:27 /myfile2
-rw-r--r--   3 root supergroup 1073741824 2019-03-03 21:28 /myfile20
-rw-r--r--   3 root supergroup 1073741824 2019-03-03 21:27 /myfile3
-rw-r--r--   3 root supergroup 1073741824 2019-03-03 21:28 /myfile4
-rw-r--r--   3 root supergroup 1073741824 2019-03-03 21:28 /myfile5
-rw-r--r--   3 root supergroup 1073741824 2019-03-03 21:27 /myfile6
-rw-r--r--   3 root supergroup 1073741824 2019-03-03 21:26 /myfile7
-rw-r--r--   3 root supergroup 1073741824 2019-03-03 21:27 /myfile8
-rw-r--r--   3 root supergroup 1073741824 2019-03-03 21:28 /myfile9
file 1 has been put into HDFS
file 1 has been read from HDFS for 1 time
diff succeed!
file 1 has been read from HDFS for 2 time
diff succeed!
file 1 has been read from HDFS for 3 time
diff succeed!
file 1 has been read from HDFS for 4 time
diff succeed!
file 1 has been read from HDFS for 5 time
diff succeed!
file 1 has been read from HDFS for 6 time
diff succeed!
file 1 has been read from HDFS for 7 time
diff succeed!
file 1 has been read from HDFS for 8 time
diff succeed!
file 1 has been read from HDFS for 9 time
diff succeed!
file 1 has been read from HDFS for 10 time
diff succeed!
Deleted /myfile1
file 1 has been removed from HDFS
sub_benchmark 10 signal TERM catched and let quit gracefully
Found 10 items
-rw-r--r--   3 root supergroup 1073741824 2019-03-03 21:33 /myfile1
-rw-r--r--   3 root supergroup 1073741824 2019-03-03 21:32 /myfile11
-rw-r--r--   3 root supergroup 1073741824 2019-03-03 21:32 /myfile12
-rw-r--r--   3 root supergroup 1073741824 2019-03-03 21:32 /myfile18
-rw-r--r--   3 root supergroup 1073741824 2019-03-03 21:31 /myfile2
-rw-r--r--   3 root supergroup 1073741824 2019-03-03 21:32 /myfile3
-rw-r--r--   3 root supergroup 1073741824 2019-03-03 21:31 /myfile6
-rw-r--r--   3 root supergroup 1073741824 2019-03-03 21:31 /myfile7
-rw-r--r--   3 root supergroup 1073741824 2019-03-03 21:32 /myfile8
-rw-r--r--   3 root supergroup 1073741824 2019-03-03 21:32 /myfile9
file 1 has been put into HDFS
file 1 has been read from HDFS for 1 time
diff succeed!
Deleted /myfile1
file 1 has been removed from HDFS
