Found 20 items
-rw-r--r--   3 root supergroup 1073741824 2019-02-20 14:13 /myfile1
-rw-r--r--   3 root supergroup  805306368 2019-02-20 14:13 /myfile10._COPYING_
-rw-r--r--   3 root supergroup 1073741824 2019-02-20 14:13 /myfile11
-rw-r--r--   3 root supergroup 1073741824 2019-02-20 14:13 /myfile12
-rw-r--r--   3 root supergroup 1073741824 2019-02-20 14:13 /myfile13
-rw-r--r--   3 root supergroup 1073741824 2019-02-20 14:13 /myfile14
-rw-r--r--   3 root supergroup 1073741824 2019-02-20 14:13 /myfile15
-rw-r--r--   3 root supergroup 1073741824 2019-02-20 14:13 /myfile16
-rw-r--r--   3 root supergroup 1073741824 2019-02-20 14:13 /myfile17
-rw-r--r--   3 root supergroup 1073741824 2019-02-20 14:13 /myfile18
-rw-r--r--   3 root supergroup  939524096 2019-02-20 14:13 /myfile19._COPYING_
-rw-r--r--   3 root supergroup 1073741824 2019-02-20 14:13 /myfile2
-rw-r--r--   3 root supergroup 1073741824 2019-02-20 14:13 /myfile20
-rw-r--r--   3 root supergroup  939524096 2019-02-20 14:13 /myfile3._COPYING_
-rw-r--r--   3 root supergroup 1073741824 2019-02-20 14:13 /myfile4
-rw-r--r--   3 root supergroup  939524096 2019-02-20 14:13 /myfile5._COPYING_
-rw-r--r--   3 root supergroup 1073741824 2019-02-20 14:13 /myfile6
-rw-r--r--   3 root supergroup  939524096 2019-02-20 14:13 /myfile7._COPYING_
-rw-r--r--   3 root supergroup 1073741824 2019-02-20 14:13 /myfile8
-rw-r--r--   3 root supergroup 1073741824 2019-02-20 14:13 /myfile9
file 1 has been put into HDFS
file 1 has been read from HDFS for 1 time
diff succeed!
file 1 has been read from HDFS for 2 time
diff succeed!
file 1 has been read from HDFS for 3 time
diff succeed!
file 1 has been read from HDFS for 4 time
diff succeed!
file 1 has been read from HDFS for 5 time
diff succeed!
file 1 has been read from HDFS for 6 time
diff succeed!
file 1 has been read from HDFS for 7 time
diff succeed!
file 1 has been read from HDFS for 8 time
diff succeed!
file 1 has been read from HDFS for 9 time
diff succeed!
file 1 has been read from HDFS for 10 time
diff succeed!
Deleted /myfile1
file 1 has been removed from HDFS
Found 20 items
-rw-r--r--   3 root supergroup 1073741824 2019-02-20 14:18 /myfile1
-rw-r--r--   3 root supergroup 1073741824 2019-02-20 14:17 /myfile10
-rw-r--r--   3 root supergroup 1073741824 2019-02-20 14:18 /myfile11
-rw-r--r--   3 root supergroup 1073741824 2019-02-20 14:17 /myfile12
-rw-r--r--   3 root supergroup  939524096 2019-02-20 14:18 /myfile13._COPYING_
-rw-r--r--   3 root supergroup 1073741824 2019-02-20 14:17 /myfile14
-rw-r--r--   3 root supergroup 1073741824 2019-02-20 14:17 /myfile15
-rw-r--r--   3 root supergroup 1073741824 2019-02-20 14:17 /myfile16
-rw-r--r--   3 root supergroup 1073741824 2019-02-20 14:17 /myfile17
-rw-r--r--   3 root supergroup 1073741824 2019-02-20 14:18 /myfile18
-rw-r--r--   3 root supergroup 1073741824 2019-02-20 14:17 /myfile19
-rw-r--r--   3 root supergroup 1073741824 2019-02-20 14:17 /myfile2
-rw-r--r--   3 root supergroup 1073741824 2019-02-20 14:17 /myfile20
-rw-r--r--   3 root supergroup 1073741824 2019-02-20 14:17 /myfile3
-rw-r--r--   3 root supergroup 1073741824 2019-02-20 14:18 /myfile4
-rw-r--r--   3 root supergroup 1073741824 2019-02-20 14:17 /myfile5
-rw-r--r--   3 root supergroup 1073741824 2019-02-20 14:17 /myfile6
-rw-r--r--   3 root supergroup 1073741824 2019-02-20 14:18 /myfile7
-rw-r--r--   3 root supergroup 1073741824 2019-02-20 14:18 /myfile8
-rw-r--r--   3 root supergroup 1073741824 2019-02-20 14:17 /myfile9
file 1 has been put into HDFS
file 1 has been read from HDFS for 1 time
diff succeed!
file 1 has been read from HDFS for 2 time
diff succeed!
file 1 has been read from HDFS for 3 time
diff succeed!
file 1 has been read from HDFS for 4 time
diff succeed!
file 1 has been read from HDFS for 5 time
diff succeed!
file 1 has been read from HDFS for 6 time
diff succeed!
file 1 has been read from HDFS for 7 time
diff succeed!
file 1 has been read from HDFS for 8 time
diff succeed!
file 1 has been read from HDFS for 9 time
diff succeed!
file 1 has been read from HDFS for 10 time
diff succeed!
Deleted /myfile1
file 1 has been removed from HDFS
Found 20 items
-rw-r--r--   3 root supergroup 1073741824 2019-02-20 14:23 /myfile1
-rw-r--r--   3 root supergroup 1073741824 2019-02-20 14:23 /myfile10
-rw-r--r--   3 root supergroup 1073741824 2019-02-20 14:21 /myfile11
-rw-r--r--   3 root supergroup 1073741824 2019-02-20 14:21 /myfile12
-rw-r--r--   3 root supergroup 1073741824 2019-02-20 14:22 /myfile13
-rw-r--r--   3 root supergroup 1073741824 2019-02-20 14:21 /myfile14
-rw-r--r--   3 root supergroup 1073741824 2019-02-20 14:23 /myfile15
-rw-r--r--   3 root supergroup 1073741824 2019-02-20 14:21 /myfile16
-rw-r--r--   3 root supergroup 1073741824 2019-02-20 14:21 /myfile17
-rw-r--r--   3 root supergroup 1073741824 2019-02-20 14:22 /myfile18
-rw-r--r--   3 root supergroup 1073741824 2019-02-20 14:23 /myfile19
-rw-r--r--   3 root supergroup 1073741824 2019-02-20 14:23 /myfile2
-rw-r--r--   3 root supergroup 1073741824 2019-02-20 14:21 /myfile20
-rw-r--r--   3 root supergroup 1073741824 2019-02-20 14:21 /myfile3
-rw-r--r--   3 root supergroup 1073741824 2019-02-20 14:23 /myfile4
-rw-r--r--   3 root supergroup 1073741824 2019-02-20 14:21 /myfile5
-rw-r--r--   3 root supergroup 1073741824 2019-02-20 14:21 /myfile6
-rw-r--r--   3 root supergroup 1073741824 2019-02-20 14:21 /myfile7
-rw-r--r--   3 root supergroup 1073741824 2019-02-20 14:21 /myfile8
-rw-r--r--   3 root supergroup 1073741824 2019-02-20 14:23 /myfile9
file 1 has been put into HDFS
file 1 has been read from HDFS for 1 time
diff succeed!
file 1 has been read from HDFS for 2 time
diff succeed!
file 1 has been read from HDFS for 3 time
diff succeed!
file 1 has been read from HDFS for 4 time
diff succeed!
file 1 has been read from HDFS for 5 time
diff succeed!
file 1 has been read from HDFS for 6 time
diff succeed!
file 1 has been read from HDFS for 7 time
diff succeed!
file 1 has been read from HDFS for 8 time
diff succeed!
file 1 has been read from HDFS for 9 time
diff succeed!
file 1 has been read from HDFS for 10 time
diff succeed!
Deleted /myfile1
file 1 has been removed from HDFS
Found 20 items
-rw-r--r--   3 root supergroup 1073741824 2019-02-20 14:28 /myfile1
-rw-r--r--   3 root supergroup 1073741824 2019-02-20 14:28 /myfile10
-rw-r--r--   3 root supergroup 1073741824 2019-02-20 14:25 /myfile11
-rw-r--r--   3 root supergroup 1073741824 2019-02-20 14:27 /myfile12
-rw-r--r--   3 root supergroup 1073741824 2019-02-20 14:27 /myfile13
-rw-r--r--   3 root supergroup 1073741824 2019-02-20 14:25 /myfile14
-rw-r--r--   3 root supergroup 1073741824 2019-02-20 14:28 /myfile15
-rw-r--r--   3 root supergroup 1073741824 2019-02-20 14:25 /myfile16
-rw-r--r--   3 root supergroup 1073741824 2019-02-20 14:25 /myfile17
-rw-r--r--   3 root supergroup 1073741824 2019-02-20 14:27 /myfile18
-rw-r--r--   3 root supergroup 1073741824 2019-02-20 14:28 /myfile19
-rw-r--r--   3 root supergroup 1073741824 2019-02-20 14:28 /myfile2
-rw-r--r--   3 root supergroup 1073741824 2019-02-20 14:25 /myfile20
-rw-r--r--   3 root supergroup 1073741824 2019-02-20 14:27 /myfile3
-rw-r--r--   3 root supergroup 1073741824 2019-02-20 14:28 /myfile4
-rw-r--r--   3 root supergroup 1073741824 2019-02-20 14:25 /myfile5
-rw-r--r--   3 root supergroup 1073741824 2019-02-20 14:27 /myfile6
-rw-r--r--   3 root supergroup 1073741824 2019-02-20 14:27 /myfile7
-rw-r--r--   3 root supergroup 1073741824 2019-02-20 14:25 /myfile8
-rw-r--r--   3 root supergroup 1073741824 2019-02-20 14:28 /myfile9
file 1 has been put into HDFS
file 1 has been read from HDFS for 1 time
diff succeed!
file 1 has been read from HDFS for 2 time
diff succeed!
file 1 has been read from HDFS for 3 time
diff succeed!
file 1 has been read from HDFS for 4 time
diff succeed!
file 1 has been read from HDFS for 5 time
diff succeed!
file 1 has been read from HDFS for 6 time
diff succeed!
file 1 has been read from HDFS for 7 time
diff succeed!
file 1 has been read from HDFS for 8 time
diff succeed!
file 1 has been read from HDFS for 9 time
diff succeed!
file 1 has been read from HDFS for 10 time
diff succeed!
Deleted /myfile1
file 1 has been removed from HDFS
Found 20 items
-rw-r--r--   3 root supergroup 1073741824 2019-02-20 14:32 /myfile1
-rw-r--r--   3 root supergroup 1073741824 2019-02-20 14:32 /myfile10
-rw-r--r--   3 root supergroup 1073741824 2019-02-20 14:29 /myfile11
-rw-r--r--   3 root supergroup 1073741824 2019-02-20 14:31 /myfile12
-rw-r--r--   3 root supergroup 1073741824 2019-02-20 14:31 /myfile13
-rw-r--r--   3 root supergroup 1073741824 2019-02-20 14:31 /myfile14
-rw-r--r--   3 root supergroup 1073741824 2019-02-20 14:32 /myfile15
-rw-r--r--   3 root supergroup 1073741824 2019-02-20 14:29 /myfile16
-rw-r--r--   3 root supergroup 1073741824 2019-02-20 14:29 /myfile17
-rw-r--r--   3 root supergroup 1073741824 2019-02-20 14:31 /myfile18
-rw-r--r--   3 root supergroup 1073741824 2019-02-20 14:32 /myfile19
-rw-r--r--   3 root supergroup 1073741824 2019-02-20 14:32 /myfile2
-rw-r--r--   3 root supergroup 1073741824 2019-02-20 14:29 /myfile20
-rw-r--r--   3 root supergroup 1073741824 2019-02-20 14:31 /myfile3
-rw-r--r--   3 root supergroup  134217728 2019-02-20 14:32 /myfile4._COPYING_
-rw-r--r--   3 root supergroup 1073741824 2019-02-20 14:29 /myfile5
-rw-r--r--   3 root supergroup 1073741824 2019-02-20 14:31 /myfile6
-rw-r--r--   3 root supergroup 1073741824 2019-02-20 14:32 /myfile7
-rw-r--r--   3 root supergroup 1073741824 2019-02-20 14:30 /myfile8
-rw-r--r--   3 root supergroup  536870912 2019-02-20 14:32 /myfile9._COPYING_
file 1 has been put into HDFS
file 1 has been read from HDFS for 1 time
diff succeed!
file 1 has been read from HDFS for 2 time
diff succeed!
file 1 has been read from HDFS for 3 time
diff succeed!
file 1 has been read from HDFS for 4 time
diff succeed!
file 1 has been read from HDFS for 5 time
diff succeed!
file 1 has been read from HDFS for 6 time
diff succeed!
file 1 has been read from HDFS for 7 time
diff succeed!
file 1 has been read from HDFS for 8 time
diff succeed!
file 1 has been read from HDFS for 9 time
diff succeed!
file 1 has been read from HDFS for 10 time
diff succeed!
Deleted /myfile1
file 1 has been removed from HDFS
2019-02-20 14:37:03,642 INFO retry.RetryInvocationHandler: java.io.IOException: DestHost:destPort node-0-link-0:8020 , LocalHost:localPort clnode059.clemson.cloudlab.us/130.127.133.68:0. Failed on local exception: java.io.IOException: Connection reset by peer, while invoking ClientNamenodeProtocolTranslatorPB.addBlock over node-0-link-0/10.10.1.1:8020. Trying to failover immediately.
2019-02-20 14:37:03,693 INFO retry.RetryInvocationHandler: org.apache.hadoop.ipc.RemoteException(org.apache.hadoop.ipc.StandbyException): Operation category READ is not supported in state standby. Visit https://s.apache.org/sbnn-error
	at org.apache.hadoop.hdfs.server.namenode.ha.StandbyState.checkOperation(StandbyState.java:88)
	at org.apache.hadoop.hdfs.server.namenode.NameNode$NameNodeHAContext.checkOperation(NameNode.java:1952)
	at org.apache.hadoop.hdfs.server.namenode.FSNamesystem.checkOperation(FSNamesystem.java:1423)
	at org.apache.hadoop.hdfs.server.namenode.FSNamesystem.getAdditionalBlock(FSNamesystem.java:2674)
	at org.apache.hadoop.hdfs.server.namenode.NameNodeRpcServer.addBlock(NameNodeRpcServer.java:875)
	at org.apache.hadoop.hdfs.protocolPB.ClientNamenodeProtocolServerSideTranslatorPB.addBlock(ClientNamenodeProtocolServerSideTranslatorPB.java:561)
	at org.apache.hadoop.hdfs.protocol.proto.ClientNamenodeProtocolProtos$ClientNamenodeProtocol$2.callBlockingMethod(ClientNamenodeProtocolProtos.java)
	at org.apache.hadoop.ipc.ProtobufRpcEngine$Server$ProtoBufRpcInvoker.call(ProtobufRpcEngine.java:523)
	at org.apache.hadoop.ipc.RPC$Server.call(RPC.java:991)
	at org.apache.hadoop.ipc.Server$RpcCall.run(Server.java:872)
	at org.apache.hadoop.ipc.Server$RpcCall.run(Server.java:818)
	at java.security.AccessController.doPrivileged(Native Method)
	at javax.security.auth.Subject.doAs(Subject.java:422)
	at org.apache.hadoop.security.UserGroupInformation.doAs(UserGroupInformation.java:1729)
	at org.apache.hadoop.ipc.Server$Handler.run(Server.java:2678)
, while invoking ClientNamenodeProtocolTranslatorPB.addBlock over node-1-link-0/10.10.1.4:8020 after 1 failover attempts. Trying to failover after sleeping for 1333ms.
2019-02-20 14:37:05,033 INFO retry.RetryInvocationHandler: java.net.ConnectException: Call From clnode059.clemson.cloudlab.us/130.127.133.68 to node-0-link-0:8020 failed on connection exception: java.net.ConnectException: Connection refused; For more details see:  http://wiki.apache.org/hadoop/ConnectionRefused, while invoking ClientNamenodeProtocolTranslatorPB.addBlock over node-0-link-0/10.10.1.1:8020 after 2 failover attempts. Trying to failover after sleeping for 1692ms.
2019-02-20 14:37:06,732 INFO retry.RetryInvocationHandler: org.apache.hadoop.ipc.RemoteException(org.apache.hadoop.ipc.RetriableException): org.apache.hadoop.hdfs.server.namenode.SafeModeException: Cannot add block to /myfile1._COPYING_. Name node is in safe mode.
The reported blocks 156 has reached the threshold 0.9990 of total blocks 156. The number of live datanodes 3 has reached the minimum number 0. In safe mode extension. Safe mode will be turned off automatically in 28 seconds. NamenodeHostName:node-1-link-0
	at org.apache.hadoop.hdfs.server.namenode.FSNamesystem.checkNameNodeSafeMode(FSNamesystem.java:1441)
	at org.apache.hadoop.hdfs.server.namenode.FSDirWriteFileOp.analyzeFileState(FSDirWriteFileOp.java:591)
	at org.apache.hadoop.hdfs.server.namenode.FSDirWriteFileOp.validateAddBlock(FSDirWriteFileOp.java:172)
	at org.apache.hadoop.hdfs.server.namenode.FSNamesystem.getAdditionalBlock(FSNamesystem.java:2679)
	at org.apache.hadoop.hdfs.server.namenode.NameNodeRpcServer.addBlock(NameNodeRpcServer.java:875)
	at org.apache.hadoop.hdfs.protocolPB.ClientNamenodeProtocolServerSideTranslatorPB.addBlock(ClientNamenodeProtocolServerSideTranslatorPB.java:561)
	at org.apache.hadoop.hdfs.protocol.proto.ClientNamenodeProtocolProtos$ClientNamenodeProtocol$2.callBlockingMethod(ClientNamenodeProtocolProtos.java)
	at org.apache.hadoop.ipc.ProtobufRpcEngine$Server$ProtoBufRpcInvoker.call(ProtobufRpcEngine.java:523)
	at org.apache.hadoop.ipc.RPC$Server.call(RPC.java:991)
	at org.apache.hadoop.ipc.Server$RpcCall.run(Server.java:872)
	at org.apache.hadoop.ipc.Server$RpcCall.run(Server.java:818)
	at java.security.AccessController.doPrivileged(Native Method)
	at javax.security.auth.Subject.doAs(Subject.java:422)
	at org.apache.hadoop.security.UserGroupInformation.doAs(UserGroupInformation.java:1729)
	at org.apache.hadoop.ipc.Server$Handler.run(Server.java:2678)
Caused by: org.apache.hadoop.hdfs.server.namenode.SafeModeException: Cannot add block to /myfile1._COPYING_. Name node is in safe mode.
The reported blocks 156 has reached the threshold 0.9990 of total blocks 156. The number of live datanodes 3 has reached the minimum number 0. In safe mode extension. Safe mode will be turned off automatically in 28 seconds. NamenodeHostName:node-1-link-0
	at org.apache.hadoop.hdfs.server.namenode.FSNamesystem.newSafemodeException(FSNamesystem.java:1450)
	at org.apache.hadoop.hdfs.server.namenode.FSNamesystem.checkNameNodeSafeMode(FSNamesystem.java:1437)
	... 14 more
, while invoking ClientNamenodeProtocolTranslatorPB.addBlock over node-1-link-0/10.10.1.4:8020 after 3 failover attempts. Retrying after sleeping for 3692ms.
2019-02-20 14:37:10,432 INFO retry.RetryInvocationHandler: org.apache.hadoop.ipc.RemoteException(org.apache.hadoop.ipc.RetriableException): org.apache.hadoop.hdfs.server.namenode.SafeModeException: Cannot add block to /myfile1._COPYING_. Name node is in safe mode.
The reported blocks 156 has reached the threshold 0.9990 of total blocks 156. The number of live datanodes 3 has reached the minimum number 0. In safe mode extension. Safe mode will be turned off automatically in 25 seconds. NamenodeHostName:node-1-link-0
	at org.apache.hadoop.hdfs.server.namenode.FSNamesystem.checkNameNodeSafeMode(FSNamesystem.java:1441)
	at org.apache.hadoop.hdfs.server.namenode.FSDirWriteFileOp.analyzeFileState(FSDirWriteFileOp.java:591)
	at org.apache.hadoop.hdfs.server.namenode.FSDirWriteFileOp.validateAddBlock(FSDirWriteFileOp.java:172)
	at org.apache.hadoop.hdfs.server.namenode.FSNamesystem.getAdditionalBlock(FSNamesystem.java:2679)
	at org.apache.hadoop.hdfs.server.namenode.NameNodeRpcServer.addBlock(NameNodeRpcServer.java:875)
	at org.apache.hadoop.hdfs.protocolPB.ClientNamenodeProtocolServerSideTranslatorPB.addBlock(ClientNamenodeProtocolServerSideTranslatorPB.java:561)
	at org.apache.hadoop.hdfs.protocol.proto.ClientNamenodeProtocolProtos$ClientNamenodeProtocol$2.callBlockingMethod(ClientNamenodeProtocolProtos.java)
	at org.apache.hadoop.ipc.ProtobufRpcEngine$Server$ProtoBufRpcInvoker.call(ProtobufRpcEngine.java:523)
	at org.apache.hadoop.ipc.RPC$Server.call(RPC.java:991)
	at org.apache.hadoop.ipc.Server$RpcCall.run(Server.java:872)
	at org.apache.hadoop.ipc.Server$RpcCall.run(Server.java:818)
	at java.security.AccessController.doPrivileged(Native Method)
	at javax.security.auth.Subject.doAs(Subject.java:422)
	at org.apache.hadoop.security.UserGroupInformation.doAs(UserGroupInformation.java:1729)
	at org.apache.hadoop.ipc.Server$Handler.run(Server.java:2678)
Caused by: org.apache.hadoop.hdfs.server.namenode.SafeModeException: Cannot add block to /myfile1._COPYING_. Name node is in safe mode.
The reported blocks 156 has reached the threshold 0.9990 of total blocks 156. The number of live datanodes 3 has reached the minimum number 0. In safe mode extension. Safe mode will be turned off automatically in 25 seconds. NamenodeHostName:node-1-link-0
	at org.apache.hadoop.hdfs.server.namenode.FSNamesystem.newSafemodeException(FSNamesystem.java:1450)
	at org.apache.hadoop.hdfs.server.namenode.FSNamesystem.checkNameNodeSafeMode(FSNamesystem.java:1437)
	... 14 more
, while invoking ClientNamenodeProtocolTranslatorPB.addBlock over node-1-link-0/10.10.1.4:8020 after 3 failover attempts. Retrying after sleeping for 11867ms.
2019-02-20 14:37:22,304 INFO retry.RetryInvocationHandler: org.apache.hadoop.ipc.RemoteException(org.apache.hadoop.ipc.RetriableException): org.apache.hadoop.hdfs.server.namenode.SafeModeException: Cannot add block to /myfile1._COPYING_. Name node is in safe mode.
The reported blocks 156 has reached the threshold 0.9990 of total blocks 156. The number of live datanodes 3 has reached the minimum number 0. In safe mode extension. Safe mode will be turned off automatically in 13 seconds. NamenodeHostName:node-1-link-0
	at org.apache.hadoop.hdfs.server.namenode.FSNamesystem.checkNameNodeSafeMode(FSNamesystem.java:1441)
	at org.apache.hadoop.hdfs.server.namenode.FSDirWriteFileOp.analyzeFileState(FSDirWriteFileOp.java:591)
	at org.apache.hadoop.hdfs.server.namenode.FSDirWriteFileOp.validateAddBlock(FSDirWriteFileOp.java:172)
	at org.apache.hadoop.hdfs.server.namenode.FSNamesystem.getAdditionalBlock(FSNamesystem.java:2679)
	at org.apache.hadoop.hdfs.server.namenode.NameNodeRpcServer.addBlock(NameNodeRpcServer.java:875)
	at org.apache.hadoop.hdfs.protocolPB.ClientNamenodeProtocolServerSideTranslatorPB.addBlock(ClientNamenodeProtocolServerSideTranslatorPB.java:561)
	at org.apache.hadoop.hdfs.protocol.proto.ClientNamenodeProtocolProtos$ClientNamenodeProtocol$2.callBlockingMethod(ClientNamenodeProtocolProtos.java)
	at org.apache.hadoop.ipc.ProtobufRpcEngine$Server$ProtoBufRpcInvoker.call(ProtobufRpcEngine.java:523)
	at org.apache.hadoop.ipc.RPC$Server.call(RPC.java:991)
	at org.apache.hadoop.ipc.Server$RpcCall.run(Server.java:872)
	at org.apache.hadoop.ipc.Server$RpcCall.run(Server.java:818)
	at java.security.AccessController.doPrivileged(Native Method)
	at javax.security.auth.Subject.doAs(Subject.java:422)
	at org.apache.hadoop.security.UserGroupInformation.doAs(UserGroupInformation.java:1729)
	at org.apache.hadoop.ipc.Server$Handler.run(Server.java:2678)
Caused by: org.apache.hadoop.hdfs.server.namenode.SafeModeException: Cannot add block to /myfile1._COPYING_. Name node is in safe mode.
The reported blocks 156 has reached the threshold 0.9990 of total blocks 156. The number of live datanodes 3 has reached the minimum number 0. In safe mode extension. Safe mode will be turned off automatically in 13 seconds. NamenodeHostName:node-1-link-0
	at org.apache.hadoop.hdfs.server.namenode.FSNamesystem.newSafemodeException(FSNamesystem.java:1450)
	at org.apache.hadoop.hdfs.server.namenode.FSNamesystem.checkNameNodeSafeMode(FSNamesystem.java:1437)
	... 14 more
, while invoking ClientNamenodeProtocolTranslatorPB.addBlock over node-1-link-0/10.10.1.4:8020 after 3 failover attempts. Retrying after sleeping for 17347ms.
2019-02-20 14:37:28,463 INFO retry.RetryInvocationHandler: org.apache.hadoop.ipc.RemoteException(org.apache.hadoop.ipc.RetriableException): org.apache.hadoop.hdfs.server.namenode.SafeModeException: Cannot renew lease for DFSClient_NONMAPREDUCE_1519257951_1. Name node is in safe mode.
The reported blocks 156 has reached the threshold 0.9990 of total blocks 156. The number of live datanodes 3 has reached the minimum number 0. In safe mode extension. Safe mode will be turned off automatically in 7 seconds. NamenodeHostName:node-1-link-0
	at org.apache.hadoop.hdfs.server.namenode.FSNamesystem.checkNameNodeSafeMode(FSNamesystem.java:1441)
	at org.apache.hadoop.hdfs.server.namenode.FSNamesystem.renewLease(FSNamesystem.java:3744)
	at org.apache.hadoop.hdfs.server.namenode.NameNodeRpcServer.renewLease(NameNodeRpcServer.java:1134)
	at org.apache.hadoop.hdfs.protocolPB.ClientNamenodeProtocolServerSideTranslatorPB.renewLease(ClientNamenodeProtocolServerSideTranslatorPB.java:737)
	at org.apache.hadoop.hdfs.protocol.proto.ClientNamenodeProtocolProtos$ClientNamenodeProtocol$2.callBlockingMethod(ClientNamenodeProtocolProtos.java)
	at org.apache.hadoop.ipc.ProtobufRpcEngine$Server$ProtoBufRpcInvoker.call(ProtobufRpcEngine.java:523)
	at org.apache.hadoop.ipc.RPC$Server.call(RPC.java:991)
	at org.apache.hadoop.ipc.Server$RpcCall.run(Server.java:872)
	at org.apache.hadoop.ipc.Server$RpcCall.run(Server.java:818)
	at java.security.AccessController.doPrivileged(Native Method)
	at javax.security.auth.Subject.doAs(Subject.java:422)
	at org.apache.hadoop.security.UserGroupInformation.doAs(UserGroupInformation.java:1729)
	at org.apache.hadoop.ipc.Server$Handler.run(Server.java:2678)
Caused by: org.apache.hadoop.hdfs.server.namenode.SafeModeException: Cannot renew lease for DFSClient_NONMAPREDUCE_1519257951_1. Name node is in safe mode.
The reported blocks 156 has reached the threshold 0.9990 of total blocks 156. The number of live datanodes 3 has reached the minimum number 0. In safe mode extension. Safe mode will be turned off automatically in 7 seconds. NamenodeHostName:node-1-link-0
	at org.apache.hadoop.hdfs.server.namenode.FSNamesystem.newSafemodeException(FSNamesystem.java:1450)
	at org.apache.hadoop.hdfs.server.namenode.FSNamesystem.checkNameNodeSafeMode(FSNamesystem.java:1437)
	... 12 more
, while invoking ClientNamenodeProtocolTranslatorPB.renewLease over node-1-link-0/10.10.1.4:8020. Retrying immediately.
2019-02-20 14:37:28,465 INFO retry.RetryInvocationHandler: org.apache.hadoop.ipc.RemoteException(org.apache.hadoop.ipc.RetriableException): org.apache.hadoop.hdfs.server.namenode.SafeModeException: Cannot renew lease for DFSClient_NONMAPREDUCE_1519257951_1. Name node is in safe mode.
The reported blocks 156 has reached the threshold 0.9990 of total blocks 156. The number of live datanodes 3 has reached the minimum number 0. In safe mode extension. Safe mode will be turned off automatically in 7 seconds. NamenodeHostName:node-1-link-0
	at org.apache.hadoop.hdfs.server.namenode.FSNamesystem.checkNameNodeSafeMode(FSNamesystem.java:1441)
	at org.apache.hadoop.hdfs.server.namenode.FSNamesystem.renewLease(FSNamesystem.java:3744)
	at org.apache.hadoop.hdfs.server.namenode.NameNodeRpcServer.renewLease(NameNodeRpcServer.java:1134)
	at org.apache.hadoop.hdfs.protocolPB.ClientNamenodeProtocolServerSideTranslatorPB.renewLease(ClientNamenodeProtocolServerSideTranslatorPB.java:737)
	at org.apache.hadoop.hdfs.protocol.proto.ClientNamenodeProtocolProtos$ClientNamenodeProtocol$2.callBlockingMethod(ClientNamenodeProtocolProtos.java)
	at org.apache.hadoop.ipc.ProtobufRpcEngine$Server$ProtoBufRpcInvoker.call(ProtobufRpcEngine.java:523)
	at org.apache.hadoop.ipc.RPC$Server.call(RPC.java:991)
	at org.apache.hadoop.ipc.Server$RpcCall.run(Server.java:872)
	at org.apache.hadoop.ipc.Server$RpcCall.run(Server.java:818)
	at java.security.AccessController.doPrivileged(Native Method)
	at javax.security.auth.Subject.doAs(Subject.java:422)
	at org.apache.hadoop.security.UserGroupInformation.doAs(UserGroupInformation.java:1729)
	at org.apache.hadoop.ipc.Server$Handler.run(Server.java:2678)
Caused by: org.apache.hadoop.hdfs.server.namenode.SafeModeException: Cannot renew lease for DFSClient_NONMAPREDUCE_1519257951_1. Name node is in safe mode.
The reported blocks 156 has reached the threshold 0.9990 of total blocks 156. The number of live datanodes 3 has reached the minimum number 0. In safe mode extension. Safe mode will be turned off automatically in 7 seconds. NamenodeHostName:node-1-link-0
	at org.apache.hadoop.hdfs.server.namenode.FSNamesystem.newSafemodeException(FSNamesystem.java:1450)
	at org.apache.hadoop.hdfs.server.namenode.FSNamesystem.checkNameNodeSafeMode(FSNamesystem.java:1437)
	... 12 more
, while invoking ClientNamenodeProtocolTranslatorPB.renewLease over node-1-link-0/10.10.1.4:8020. Retrying after sleeping for 1384ms.
2019-02-20 14:37:29,856 INFO retry.RetryInvocationHandler: org.apache.hadoop.ipc.RemoteException(org.apache.hadoop.ipc.RetriableException): org.apache.hadoop.hdfs.server.namenode.SafeModeException: Cannot renew lease for DFSClient_NONMAPREDUCE_1519257951_1. Name node is in safe mode.
The reported blocks 156 has reached the threshold 0.9990 of total blocks 156. The number of live datanodes 3 has reached the minimum number 0. In safe mode extension. Safe mode will be turned off automatically in 5 seconds. NamenodeHostName:node-1-link-0
	at org.apache.hadoop.hdfs.server.namenode.FSNamesystem.checkNameNodeSafeMode(FSNamesystem.java:1441)
	at org.apache.hadoop.hdfs.server.namenode.FSNamesystem.renewLease(FSNamesystem.java:3744)
	at org.apache.hadoop.hdfs.server.namenode.NameNodeRpcServer.renewLease(NameNodeRpcServer.java:1134)
	at org.apache.hadoop.hdfs.protocolPB.ClientNamenodeProtocolServerSideTranslatorPB.renewLease(ClientNamenodeProtocolServerSideTranslatorPB.java:737)
	at org.apache.hadoop.hdfs.protocol.proto.ClientNamenodeProtocolProtos$ClientNamenodeProtocol$2.callBlockingMethod(ClientNamenodeProtocolProtos.java)
	at org.apache.hadoop.ipc.ProtobufRpcEngine$Server$ProtoBufRpcInvoker.call(ProtobufRpcEngine.java:523)
	at org.apache.hadoop.ipc.RPC$Server.call(RPC.java:991)
	at org.apache.hadoop.ipc.Server$RpcCall.run(Server.java:872)
	at org.apache.hadoop.ipc.Server$RpcCall.run(Server.java:818)
	at java.security.AccessController.doPrivileged(Native Method)
	at javax.security.auth.Subject.doAs(Subject.java:422)
	at org.apache.hadoop.security.UserGroupInformation.doAs(UserGroupInformation.java:1729)
	at org.apache.hadoop.ipc.Server$Handler.run(Server.java:2678)
Caused by: org.apache.hadoop.hdfs.server.namenode.SafeModeException: Cannot renew lease for DFSClient_NONMAPREDUCE_1519257951_1. Name node is in safe mode.
The reported blocks 156 has reached the threshold 0.9990 of total blocks 156. The number of live datanodes 3 has reached the minimum number 0. In safe mode extension. Safe mode will be turned off automatically in 5 seconds. NamenodeHostName:node-1-link-0
	at org.apache.hadoop.hdfs.server.namenode.FSNamesystem.newSafemodeException(FSNamesystem.java:1450)
	at org.apache.hadoop.hdfs.server.namenode.FSNamesystem.checkNameNodeSafeMode(FSNamesystem.java:1437)
	... 12 more
, while invoking ClientNamenodeProtocolTranslatorPB.renewLease over node-1-link-0/10.10.1.4:8020. Retrying after sleeping for 1670ms.
2019-02-20 14:37:31,533 INFO retry.RetryInvocationHandler: org.apache.hadoop.ipc.RemoteException(org.apache.hadoop.ipc.RetriableException): org.apache.hadoop.hdfs.server.namenode.SafeModeException: Cannot renew lease for DFSClient_NONMAPREDUCE_1519257951_1. Name node is in safe mode.
The reported blocks 156 has reached the threshold 0.9990 of total blocks 156. The number of live datanodes 3 has reached the minimum number 0. In safe mode extension. Safe mode will be turned off automatically in 4 seconds. NamenodeHostName:node-1-link-0
	at org.apache.hadoop.hdfs.server.namenode.FSNamesystem.checkNameNodeSafeMode(FSNamesystem.java:1441)
	at org.apache.hadoop.hdfs.server.namenode.FSNamesystem.renewLease(FSNamesystem.java:3744)
	at org.apache.hadoop.hdfs.server.namenode.NameNodeRpcServer.renewLease(NameNodeRpcServer.java:1134)
	at org.apache.hadoop.hdfs.protocolPB.ClientNamenodeProtocolServerSideTranslatorPB.renewLease(ClientNamenodeProtocolServerSideTranslatorPB.java:737)
	at org.apache.hadoop.hdfs.protocol.proto.ClientNamenodeProtocolProtos$ClientNamenodeProtocol$2.callBlockingMethod(ClientNamenodeProtocolProtos.java)
	at org.apache.hadoop.ipc.ProtobufRpcEngine$Server$ProtoBufRpcInvoker.call(ProtobufRpcEngine.java:523)
	at org.apache.hadoop.ipc.RPC$Server.call(RPC.java:991)
	at org.apache.hadoop.ipc.Server$RpcCall.run(Server.java:872)
	at org.apache.hadoop.ipc.Server$RpcCall.run(Server.java:818)
	at java.security.AccessController.doPrivileged(Native Method)
	at javax.security.auth.Subject.doAs(Subject.java:422)
	at org.apache.hadoop.security.UserGroupInformation.doAs(UserGroupInformation.java:1729)
	at org.apache.hadoop.ipc.Server$Handler.run(Server.java:2678)
Caused by: org.apache.hadoop.hdfs.server.namenode.SafeModeException: Cannot renew lease for DFSClient_NONMAPREDUCE_1519257951_1. Name node is in safe mode.
The reported blocks 156 has reached the threshold 0.9990 of total blocks 156. The number of live datanodes 3 has reached the minimum number 0. In safe mode extension. Safe mode will be turned off automatically in 4 seconds. NamenodeHostName:node-1-link-0
	at org.apache.hadoop.hdfs.server.namenode.FSNamesystem.newSafemodeException(FSNamesystem.java:1450)
	at org.apache.hadoop.hdfs.server.namenode.FSNamesystem.checkNameNodeSafeMode(FSNamesystem.java:1437)
	... 12 more
, while invoking ClientNamenodeProtocolTranslatorPB.renewLease over node-1-link-0/10.10.1.4:8020. Retrying after sleeping for 3586ms.
2019-02-20 14:37:35,124 INFO retry.RetryInvocationHandler: org.apache.hadoop.ipc.RemoteException(org.apache.hadoop.ipc.RetriableException): org.apache.hadoop.hdfs.server.namenode.SafeModeException: Cannot renew lease for DFSClient_NONMAPREDUCE_1519257951_1. Name node is in safe mode.
The reported blocks 156 has reached the threshold 0.9990 of total blocks 156. The number of live datanodes 3 has reached the minimum number 0. In safe mode extension. Safe mode will be turned off automatically in 0 seconds. NamenodeHostName:node-1-link-0
	at org.apache.hadoop.hdfs.server.namenode.FSNamesystem.checkNameNodeSafeMode(FSNamesystem.java:1441)
	at org.apache.hadoop.hdfs.server.namenode.FSNamesystem.renewLease(FSNamesystem.java:3744)
	at org.apache.hadoop.hdfs.server.namenode.NameNodeRpcServer.renewLease(NameNodeRpcServer.java:1134)
	at org.apache.hadoop.hdfs.protocolPB.ClientNamenodeProtocolServerSideTranslatorPB.renewLease(ClientNamenodeProtocolServerSideTranslatorPB.java:737)
	at org.apache.hadoop.hdfs.protocol.proto.ClientNamenodeProtocolProtos$ClientNamenodeProtocol$2.callBlockingMethod(ClientNamenodeProtocolProtos.java)
	at org.apache.hadoop.ipc.ProtobufRpcEngine$Server$ProtoBufRpcInvoker.call(ProtobufRpcEngine.java:523)
	at org.apache.hadoop.ipc.RPC$Server.call(RPC.java:991)
	at org.apache.hadoop.ipc.Server$RpcCall.run(Server.java:872)
	at org.apache.hadoop.ipc.Server$RpcCall.run(Server.java:818)
	at java.security.AccessController.doPrivileged(Native Method)
	at javax.security.auth.Subject.doAs(Subject.java:422)
	at org.apache.hadoop.security.UserGroupInformation.doAs(UserGroupInformation.java:1729)
	at org.apache.hadoop.ipc.Server$Handler.run(Server.java:2678)
Caused by: org.apache.hadoop.hdfs.server.namenode.SafeModeException: Cannot renew lease for DFSClient_NONMAPREDUCE_1519257951_1. Name node is in safe mode.
The reported blocks 156 has reached the threshold 0.9990 of total blocks 156. The number of live datanodes 3 has reached the minimum number 0. In safe mode extension. Safe mode will be turned off automatically in 0 seconds. NamenodeHostName:node-1-link-0
	at org.apache.hadoop.hdfs.server.namenode.FSNamesystem.newSafemodeException(FSNamesystem.java:1450)
	at org.apache.hadoop.hdfs.server.namenode.FSNamesystem.checkNameNodeSafeMode(FSNamesystem.java:1437)
	... 12 more
, while invoking ClientNamenodeProtocolTranslatorPB.renewLease over node-1-link-0/10.10.1.4:8020. Retrying after sleeping for 7193ms.
Found 19 items
-rw-r--r--   3 root supergroup 1073741824 2019-02-20 14:37 /myfile1
-rw-r--r--   3 root supergroup 1073741824 2019-02-20 14:36 /myfile10
-rw-r--r--   3 root supergroup 1073741824 2019-02-20 14:34 /myfile11
-rw-r--r--   3 root supergroup 1073741824 2019-02-20 14:36 /myfile12
-rw-r--r--   3 root supergroup 1073741824 2019-02-20 14:35 /myfile13
-rw-r--r--   3 root supergroup 1073741824 2019-02-20 14:35 /myfile14
-rw-r--r--   3 root supergroup 1073741824 2019-02-20 14:36 /myfile15
-rw-r--r--   3 root supergroup 1073741824 2019-02-20 14:33 /myfile16
-rw-r--r--   3 root supergroup 1073741824 2019-02-20 14:33 /myfile17
-rw-r--r--   3 root supergroup 1073741824 2019-02-20 14:35 /myfile18
-rw-r--r--   3 root supergroup 1073741824 2019-02-20 14:36 /myfile19
-rw-r--r--   3 root supergroup 1073741824 2019-02-20 14:36 /myfile2
-rw-r--r--   3 root supergroup 1073741824 2019-02-20 14:33 /myfile20
-rw-r--r--   3 root supergroup 1073741824 2019-02-20 14:35 /myfile3
-rw-r--r--   3 root supergroup 1073741824 2019-02-20 14:33 /myfile4
-rw-r--r--   3 root supergroup 1073741824 2019-02-20 14:34 /myfile5
-rw-r--r--   3 root supergroup 1073741824 2019-02-20 14:35 /myfile6
-rw-r--r--   3 root supergroup 1073741824 2019-02-20 14:36 /myfile7
-rw-r--r--   3 root supergroup 1073741824 2019-02-20 14:34 /myfile8
file 1 has been put into HDFS
file 1 has been read from HDFS for 1 time
diff succeed!
file 1 has been read from HDFS for 2 time
diff succeed!
file 1 has been read from HDFS for 3 time
diff succeed!
file 1 has been read from HDFS for 4 time
diff succeed!
file 1 has been read from HDFS for 5 time
diff succeed!
file 1 has been read from HDFS for 6 time
diff succeed!
file 1 has been read from HDFS for 7 time
diff succeed!
file 1 has been read from HDFS for 8 time
diff succeed!
file 1 has been read from HDFS for 9 time
diff succeed!
file 1 has been read from HDFS for 10 time
diff succeed!
Deleted /myfile1
file 1 has been removed from HDFS
Found 20 items
-rw-r--r--   3 root supergroup 1073741824 2019-02-20 14:41 /myfile1
-rw-r--r--   3 root supergroup 1073741824 2019-02-20 14:39 /myfile10
-rw-r--r--   3 root supergroup 1073741824 2019-02-20 14:38 /myfile11
-rw-r--r--   3 root supergroup 1073741824 2019-02-20 14:40 /myfile12
-rw-r--r--   3 root supergroup 1073741824 2019-02-20 14:39 /myfile13
-rw-r--r--   3 root supergroup 1073741824 2019-02-20 14:39 /myfile14
-rw-r--r--   3 root supergroup 1073741824 2019-02-20 14:41 /myfile15
-rw-r--r--   3 root supergroup 1073741824 2019-02-20 14:38 /myfile16
-rw-r--r--   3 root supergroup 1073741824 2019-02-20 14:38 /myfile17
-rw-r--r--   3 root supergroup 1073741824 2019-02-20 14:39 /myfile18
-rw-r--r--   3 root supergroup 1073741824 2019-02-20 14:41 /myfile19
-rw-r--r--   3 root supergroup 1073741824 2019-02-20 14:41 /myfile2
-rw-r--r--   3 root supergroup 1073741824 2019-02-20 14:38 /myfile20
-rw-r--r--   3 root supergroup 1073741824 2019-02-20 14:39 /myfile3
-rw-r--r--   3 root supergroup 1073741824 2019-02-20 14:38 /myfile4
-rw-r--r--   3 root supergroup 1073741824 2019-02-20 14:38 /myfile5
-rw-r--r--   3 root supergroup 1073741824 2019-02-20 14:39 /myfile6
-rw-r--r--   3 root supergroup 1073741824 2019-02-20 14:41 /myfile7
-rw-r--r--   3 root supergroup 1073741824 2019-02-20 14:38 /myfile8
-rw-r--r--   3 root supergroup 1073741824 2019-02-20 14:37 /myfile9
file 1 has been put into HDFS
file 1 has been read from HDFS for 1 time
diff succeed!
file 1 has been read from HDFS for 2 time
diff succeed!
file 1 has been read from HDFS for 3 time
diff succeed!
file 1 has been read from HDFS for 4 time
diff succeed!
file 1 has been read from HDFS for 5 time
diff succeed!
file 1 has been read from HDFS for 6 time
diff succeed!
file 1 has been read from HDFS for 7 time
diff succeed!
file 1 has been read from HDFS for 8 time
diff succeed!
file 1 has been read from HDFS for 9 time
diff succeed!
file 1 has been read from HDFS for 10 time
diff succeed!
Deleted /myfile1
file 1 has been removed from HDFS
Found 20 items
-rw-r--r--   3 root supergroup 1073741824 2019-02-20 14:45 /myfile1
-rw-r--r--   3 root supergroup 1073741824 2019-02-20 14:43 /myfile10
-rw-r--r--   3 root supergroup 1073741824 2019-02-20 14:43 /myfile11
-rw-r--r--   3 root supergroup 1073741824 2019-02-20 14:44 /myfile12
-rw-r--r--   3 root supergroup 1073741824 2019-02-20 14:45 /myfile13
-rw-r--r--   3 root supergroup 1073741824 2019-02-20 14:45 /myfile14
-rw-r--r--   3 root supergroup 1073741824 2019-02-20 14:44 /myfile15
-rw-r--r--   3 root supergroup 1073741824 2019-02-20 14:43 /myfile16
-rw-r--r--   3 root supergroup 1073741824 2019-02-20 14:43 /myfile17
-rw-r--r--   3 root supergroup 1073741824 2019-02-20 14:44 /myfile18
-rw-r--r--   3 root supergroup 1073741824 2019-02-20 14:41 /myfile19
-rw-r--r--   3 root supergroup 1073741824 2019-02-20 14:41 /myfile2
-rw-r--r--   3 root supergroup 1073741824 2019-02-20 14:42 /myfile20
-rw-r--r--   3 root supergroup 1073741824 2019-02-20 14:44 /myfile3
-rw-r--r--   3 root supergroup 1073741824 2019-02-20 14:42 /myfile4
-rw-r--r--   3 root supergroup 1073741824 2019-02-20 14:42 /myfile5
-rw-r--r--   3 root supergroup 1073741824 2019-02-20 14:43 /myfile6
-rw-r--r--   3 root supergroup 1073741824 2019-02-20 14:45 /myfile7
-rw-r--r--   3 root supergroup 1073741824 2019-02-20 14:43 /myfile8
-rw-r--r--   3 root supergroup 1073741824 2019-02-20 14:42 /myfile9
file 1 has been put into HDFS
file 1 has been read from HDFS for 1 time
diff succeed!
file 1 has been read from HDFS for 2 time
diff succeed!
file 1 has been read from HDFS for 3 time
diff succeed!
file 1 has been read from HDFS for 4 time
diff succeed!
file 1 has been read from HDFS for 5 time
diff succeed!
file 1 has been read from HDFS for 6 time
diff succeed!
file 1 has been read from HDFS for 7 time
diff succeed!
2019-02-20 14:48:08,564 INFO retry.RetryInvocationHandler: org.apache.hadoop.ipc.RemoteException(org.apache.hadoop.ipc.StandbyException): Operation category READ is not supported in state standby. Visit https://s.apache.org/sbnn-error
	at org.apache.hadoop.hdfs.server.namenode.ha.StandbyState.checkOperation(StandbyState.java:88)
	at org.apache.hadoop.hdfs.server.namenode.NameNode$NameNodeHAContext.checkOperation(NameNode.java:1952)
	at org.apache.hadoop.hdfs.server.namenode.FSNamesystem.checkOperation(FSNamesystem.java:1423)
	at org.apache.hadoop.hdfs.server.namenode.FSNamesystem.getFileInfo(FSNamesystem.java:3085)
	at org.apache.hadoop.hdfs.server.namenode.NameNodeRpcServer.getFileInfo(NameNodeRpcServer.java:1154)
	at org.apache.hadoop.hdfs.protocolPB.ClientNamenodeProtocolServerSideTranslatorPB.getFileInfo(ClientNamenodeProtocolServerSideTranslatorPB.java:966)
	at org.apache.hadoop.hdfs.protocol.proto.ClientNamenodeProtocolProtos$ClientNamenodeProtocol$2.callBlockingMethod(ClientNamenodeProtocolProtos.java)
	at org.apache.hadoop.ipc.ProtobufRpcEngine$Server$ProtoBufRpcInvoker.call(ProtobufRpcEngine.java:523)
	at org.apache.hadoop.ipc.RPC$Server.call(RPC.java:991)
	at org.apache.hadoop.ipc.Server$RpcCall.run(Server.java:872)
	at org.apache.hadoop.ipc.Server$RpcCall.run(Server.java:818)
	at java.security.AccessController.doPrivileged(Native Method)
	at javax.security.auth.Subject.doAs(Subject.java:422)
	at org.apache.hadoop.security.UserGroupInformation.doAs(UserGroupInformation.java:1729)
	at org.apache.hadoop.ipc.Server$Handler.run(Server.java:2678)
, while invoking ClientNamenodeProtocolTranslatorPB.getFileInfo over node-1-link-0/10.10.1.4:8020 after 1 failover attempts. Trying to failover after sleeping for 1248ms.
2019-02-20 14:48:09,815 INFO retry.RetryInvocationHandler: java.net.ConnectException: Call From clnode059.clemson.cloudlab.us/130.127.133.68 to node-0-link-0:8020 failed on connection exception: java.net.ConnectException: Connection refused; For more details see:  http://wiki.apache.org/hadoop/ConnectionRefused, while invoking ClientNamenodeProtocolTranslatorPB.getFileInfo over node-0-link-0/10.10.1.1:8020 after 2 failover attempts. Trying to failover after sleeping for 1069ms.
file 1 has been read from HDFS for 8 time
diff succeed!
file 1 has been read from HDFS for 9 time
diff succeed!
file 1 has been read from HDFS for 10 time
diff succeed!
Deleted /myfile1
file 1 has been removed from HDFS
Found 20 items
-rw-r--r--   3 root supergroup 1073741824 2019-02-20 14:49 /myfile1
-rw-r--r--   3 root supergroup 1073741824 2019-02-20 14:47 /myfile10
-rw-r--r--   3 root supergroup 1073741824 2019-02-20 14:47 /myfile11
-rw-r--r--   3 root supergroup 1073741824 2019-02-20 14:48 /myfile12
-rw-r--r--   3 root supergroup 1073741824 2019-02-20 14:48 /myfile13
-rw-r--r--   3 root supergroup 1073741824 2019-02-20 14:48 /myfile14
-rw-r--r--   3 root supergroup 1073741824 2019-02-20 14:48 /myfile15
-rw-r--r--   3 root supergroup 1073741824 2019-02-20 14:47 /myfile16
-rw-r--r--   3 root supergroup 1073741824 2019-02-20 14:48 /myfile17
-rw-r--r--   3 root supergroup 1073741824 2019-02-20 14:48 /myfile18
-rw-r--r--   3 root supergroup 1073741824 2019-02-20 14:46 /myfile19
-rw-r--r--   3 root supergroup 1073741824 2019-02-20 14:46 /myfile2
-rw-r--r--   3 root supergroup 1073741824 2019-02-20 14:47 /myfile20
-rw-r--r--   3 root supergroup 1073741824 2019-02-20 14:48 /myfile3
-rw-r--r--   3 root supergroup 1073741824 2019-02-20 14:46 /myfile4
-rw-r--r--   3 root supergroup 1073741824 2019-02-20 14:46 /myfile5
-rw-r--r--   3 root supergroup 1073741824 2019-02-20 14:47 /myfile6
-rw-r--r--   3 root supergroup 1073741824 2019-02-20 14:45 /myfile7
-rw-r--r--   3 root supergroup 1073741824 2019-02-20 14:46 /myfile8
-rw-r--r--   3 root supergroup 1073741824 2019-02-20 14:46 /myfile9
file 1 has been put into HDFS
file 1 has been read from HDFS for 1 time
diff succeed!
file 1 has been read from HDFS for 2 time
diff succeed!
file 1 has been read from HDFS for 3 time
diff succeed!
file 1 has been read from HDFS for 4 time
diff succeed!
file 1 has been read from HDFS for 5 time
diff succeed!
file 1 has been read from HDFS for 6 time
diff succeed!
file 1 has been read from HDFS for 7 time
diff succeed!
file 1 has been read from HDFS for 8 time
diff succeed!
file 1 has been read from HDFS for 9 time
diff succeed!
file 1 has been read from HDFS for 10 time
diff succeed!
Deleted /myfile1
file 1 has been removed from HDFS
Found 20 items
-rw-r--r--   3 root supergroup 1073741824 2019-02-20 14:53 /myfile1
-rw-r--r--   3 root supergroup 1073741824 2019-02-20 14:51 /myfile10
-rw-r--r--   3 root supergroup 1073741824 2019-02-20 14:50 /myfile11
-rw-r--r--   3 root supergroup 1073741824 2019-02-20 14:53 /myfile12
-rw-r--r--   3 root supergroup 1073741824 2019-02-20 14:53 /myfile13
-rw-r--r--   3 root supergroup 1073741824 2019-02-20 14:53 /myfile14
-rw-r--r--   3 root supergroup 1073741824 2019-02-20 14:53 /myfile15
-rw-r--r--   3 root supergroup 1073741824 2019-02-20 14:51 /myfile16
-rw-r--r--   3 root supergroup 1073741824 2019-02-20 14:52 /myfile17
-rw-r--r--   3 root supergroup 1073741824 2019-02-20 14:52 /myfile18
-rw-r--r--   3 root supergroup 1073741824 2019-02-20 14:50 /myfile19
-rw-r--r--   3 root supergroup 1073741824 2019-02-20 14:50 /myfile2
-rw-r--r--   3 root supergroup 1073741824 2019-02-20 14:52 /myfile20
-rw-r--r--   3 root supergroup 1073741824 2019-02-20 14:53 /myfile3
-rw-r--r--   3 root supergroup 1073741824 2019-02-20 14:50 /myfile4
-rw-r--r--   3 root supergroup 1073741824 2019-02-20 14:50 /myfile5
-rw-r--r--   3 root supergroup 1073741824 2019-02-20 14:52 /myfile6
-rw-r--r--   3 root supergroup 1073741824 2019-02-20 14:50 /myfile7
-rw-r--r--   3 root supergroup 1073741824 2019-02-20 14:51 /myfile8
-rw-r--r--   3 root supergroup 1073741824 2019-02-20 14:50 /myfile9
file 1 has been put into HDFS
file 1 has been read from HDFS for 1 time
diff succeed!
file 1 has been read from HDFS for 2 time
diff succeed!
file 1 has been read from HDFS for 3 time
diff succeed!
file 1 has been read from HDFS for 4 time
diff succeed!
file 1 has been read from HDFS for 5 time
diff succeed!
file 1 has been read from HDFS for 6 time
diff succeed!
file 1 has been read from HDFS for 7 time
diff succeed!
file 1 has been read from HDFS for 8 time
diff succeed!
file 1 has been read from HDFS for 9 time
diff succeed!
file 1 has been read from HDFS for 10 time
diff succeed!
Deleted /myfile1
file 1 has been removed from HDFS
Found 19 items
-rw-r--r--   3 root supergroup 1073741824 2019-02-20 14:58 /myfile1
-rw-r--r--   3 root supergroup 1073741824 2019-02-20 14:56 /myfile10
-rw-r--r--   3 root supergroup 1073741824 2019-02-20 14:54 /myfile11
-rw-r--r--   3 root supergroup 1073741824 2019-02-20 14:57 /myfile12
-rw-r--r--   3 root supergroup 1073741824 2019-02-20 14:53 /myfile13
-rw-r--r--   3 root supergroup 1073741824 2019-02-20 14:57 /myfile14
-rw-r--r--   3 root supergroup  805306368 2019-02-20 14:57 /myfile15._COPYING_
-rw-r--r--   3 root supergroup 1073741824 2019-02-20 14:56 /myfile16
-rw-r--r--   3 root supergroup 1073741824 2019-02-20 14:56 /myfile17
-rw-r--r--   3 root supergroup 1073741824 2019-02-20 14:58 /myfile18
-rw-r--r--   3 root supergroup 1073741824 2019-02-20 14:54 /myfile2
-rw-r--r--   3 root supergroup 1073741824 2019-02-20 14:56 /myfile20
-rw-r--r--   3 root supergroup 1073741824 2019-02-20 14:56 /myfile3
-rw-r--r--   3 root supergroup 1073741824 2019-02-20 14:55 /myfile4
-rw-r--r--   3 root supergroup 1073741824 2019-02-20 14:54 /myfile5
-rw-r--r--   3 root supergroup 1073741824 2019-02-20 14:56 /myfile6
-rw-r--r--   3 root supergroup 1073741824 2019-02-20 14:55 /myfile7
-rw-r--r--   3 root supergroup 1073741824 2019-02-20 14:56 /myfile8
-rw-r--r--   3 root supergroup 1073741824 2019-02-20 14:55 /myfile9
file 1 has been put into HDFS
file 1 has been read from HDFS for 1 time
diff succeed!
sub_benchmark 2 signal TERM catched and let quit gracefully
file 1 has been read from HDFS for 2 time
diff succeed!
Deleted /myfile1
file 1 has been removed from HDFS
