Found 20 items
-rw-r--r--   3 root supergroup 1073741824 2019-02-24 16:56 /myfile1
-rw-r--r--   3 root supergroup 1073741824 2019-02-24 16:56 /myfile10
-rw-r--r--   3 root supergroup 1073741824 2019-02-24 16:56 /myfile11
-rw-r--r--   3 root supergroup 1073741824 2019-02-24 16:56 /myfile12
-rw-r--r--   3 root supergroup 1073741824 2019-02-24 16:56 /myfile13
-rw-r--r--   3 root supergroup 1073741824 2019-02-24 16:56 /myfile14
-rw-r--r--   3 root supergroup 1073741824 2019-02-24 16:56 /myfile15
-rw-r--r--   3 root supergroup 1073741824 2019-02-24 16:56 /myfile16
-rw-r--r--   3 root supergroup 1073741824 2019-02-24 16:56 /myfile17
-rw-r--r--   3 root supergroup 1073741824 2019-02-24 16:56 /myfile18
-rw-r--r--   3 root supergroup 1073741824 2019-02-24 16:56 /myfile19
-rw-r--r--   3 root supergroup 1073741824 2019-02-24 16:56 /myfile2
-rw-r--r--   3 root supergroup 1073741824 2019-02-24 16:56 /myfile20
-rw-r--r--   3 root supergroup 1073741824 2019-02-24 16:56 /myfile3
-rw-r--r--   3 root supergroup 1073741824 2019-02-24 16:56 /myfile4
-rw-r--r--   3 root supergroup 1073741824 2019-02-24 16:56 /myfile5
-rw-r--r--   3 root supergroup 1073741824 2019-02-24 16:56 /myfile6
-rw-r--r--   3 root supergroup 1073741824 2019-02-24 16:56 /myfile7
-rw-r--r--   3 root supergroup 1073741824 2019-02-24 16:56 /myfile8
-rw-r--r--   3 root supergroup 1073741824 2019-02-24 16:56 /myfile9
file 8 has been put into HDFS
file 8 has been read from HDFS for 1 time
diff succeed!
file 8 has been read from HDFS for 2 time
diff succeed!
file 8 has been read from HDFS for 3 time
diff succeed!
2019-02-24 16:57:35,015 INFO retry.RetryInvocationHandler: java.io.IOException: DestHost:destPort node-1-link-0:8020 , LocalHost:localPort clnode076.clemson.cloudlab.us/130.127.133.85:0. Failed on local exception: java.io.IOException: Connection reset by peer, while invoking ClientNamenodeProtocolTranslatorPB.getFileInfo over node-1-link-0/10.10.1.4:8020 after 1 failover attempts. Trying to failover after sleeping for 592ms.
2019-02-24 16:57:35,610 INFO retry.RetryInvocationHandler: org.apache.hadoop.ipc.RemoteException(org.apache.hadoop.ipc.StandbyException): Operation category READ is not supported in state standby. Visit https://s.apache.org/sbnn-error
	at org.apache.hadoop.hdfs.server.namenode.ha.StandbyState.checkOperation(StandbyState.java:88)
	at org.apache.hadoop.hdfs.server.namenode.NameNode$NameNodeHAContext.checkOperation(NameNode.java:1952)
	at org.apache.hadoop.hdfs.server.namenode.FSNamesystem.checkOperation(FSNamesystem.java:1423)
	at org.apache.hadoop.hdfs.server.namenode.FSNamesystem.getFileInfo(FSNamesystem.java:3085)
	at org.apache.hadoop.hdfs.server.namenode.NameNodeRpcServer.getFileInfo(NameNodeRpcServer.java:1154)
	at org.apache.hadoop.hdfs.protocolPB.ClientNamenodeProtocolServerSideTranslatorPB.getFileInfo(ClientNamenodeProtocolServerSideTranslatorPB.java:966)
	at org.apache.hadoop.hdfs.protocol.proto.ClientNamenodeProtocolProtos$ClientNamenodeProtocol$2.callBlockingMethod(ClientNamenodeProtocolProtos.java)
	at org.apache.hadoop.ipc.ProtobufRpcEngine$Server$ProtoBufRpcInvoker.call(ProtobufRpcEngine.java:523)
	at org.apache.hadoop.ipc.RPC$Server.call(RPC.java:991)
	at org.apache.hadoop.ipc.Server$RpcCall.run(Server.java:872)
	at org.apache.hadoop.ipc.Server$RpcCall.run(Server.java:818)
	at java.security.AccessController.doPrivileged(Native Method)
	at javax.security.auth.Subject.doAs(Subject.java:422)
	at org.apache.hadoop.security.UserGroupInformation.doAs(UserGroupInformation.java:1729)
	at org.apache.hadoop.ipc.Server$Handler.run(Server.java:2678)
, while invoking ClientNamenodeProtocolTranslatorPB.getFileInfo over node-0-link-0/10.10.1.1:8020 after 2 failover attempts. Trying to failover after sleeping for 1117ms.
2019-02-24 16:57:36,730 INFO retry.RetryInvocationHandler: java.net.ConnectException: Call From clnode076.clemson.cloudlab.us/130.127.133.85 to node-1-link-0:8020 failed on connection exception: java.net.ConnectException: Connection refused; For more details see:  http://wiki.apache.org/hadoop/ConnectionRefused, while invoking ClientNamenodeProtocolTranslatorPB.getFileInfo over node-1-link-0/10.10.1.4:8020 after 3 failover attempts. Trying to failover after sleeping for 2141ms.
file 8 has been read from HDFS for 4 time
diff succeed!
file 8 has been read from HDFS for 5 time
diff succeed!
file 8 has been read from HDFS for 6 time
diff succeed!
file 8 has been read from HDFS for 7 time
diff succeed!
file 8 has been read from HDFS for 8 time
diff succeed!
file 8 has been read from HDFS for 9 time
diff succeed!
file 8 has been read from HDFS for 10 time
diff succeed!
Deleted /myfile8
file 8 has been removed from HDFS
Found 19 items
-rw-r--r--   3 root supergroup 1073741824 2019-02-24 17:00 /myfile1
-rw-r--r--   3 root supergroup  805306368 2019-02-24 17:00 /myfile10._COPYING_
-rw-r--r--   3 root supergroup  671088640 2019-02-24 17:00 /myfile11._COPYING_
-rw-r--r--   3 root supergroup  805306368 2019-02-24 17:00 /myfile12._COPYING_
-rw-r--r--   3 root supergroup 1073741824 2019-02-24 17:00 /myfile13
-rw-r--r--   3 root supergroup 1073741824 2019-02-24 17:00 /myfile15
-rw-r--r--   3 root supergroup 1073741824 2019-02-24 17:00 /myfile16
-rw-r--r--   3 root supergroup  671088640 2019-02-24 17:00 /myfile17._COPYING_
-rw-r--r--   3 root supergroup 1073741824 2019-02-24 17:00 /myfile18
-rw-r--r--   3 root supergroup 1073741824 2019-02-24 17:00 /myfile19
-rw-r--r--   3 root supergroup 1073741824 2019-02-24 17:00 /myfile2
-rw-r--r--   3 root supergroup 1073741824 2019-02-24 17:00 /myfile20
-rw-r--r--   3 root supergroup  805306368 2019-02-24 17:00 /myfile3._COPYING_
-rw-r--r--   3 root supergroup  536870912 2019-02-24 17:00 /myfile4._COPYING_
-rw-r--r--   3 root supergroup 1073741824 2019-02-24 17:00 /myfile5
-rw-r--r--   3 root supergroup  805306368 2019-02-24 17:00 /myfile6._COPYING_
-rw-r--r--   3 root supergroup 1073741824 2019-02-24 17:00 /myfile7
-rw-r--r--   3 root supergroup 1073741824 2019-02-24 17:00 /myfile8
-rw-r--r--   3 root supergroup 1073741824 2019-02-24 17:00 /myfile9
file 8 has been put into HDFS
file 8 has been read from HDFS for 1 time
diff succeed!
file 8 has been read from HDFS for 2 time
diff succeed!
file 8 has been read from HDFS for 3 time
diff succeed!
file 8 has been read from HDFS for 4 time
diff succeed!
file 8 has been read from HDFS for 5 time
diff succeed!
file 8 has been read from HDFS for 6 time
diff succeed!
file 8 has been read from HDFS for 7 time
diff succeed!
file 8 has been read from HDFS for 8 time
diff succeed!
file 8 has been read from HDFS for 9 time
diff succeed!
file 8 has been read from HDFS for 10 time
diff succeed!
Deleted /myfile8
file 8 has been removed from HDFS
Found 18 items
-rw-r--r--   3 root supergroup 1073741824 2019-02-24 17:04 /myfile1
-rw-r--r--   3 root supergroup 1073741824 2019-02-24 17:04 /myfile10
-rw-r--r--   3 root supergroup 1073741824 2019-02-24 17:04 /myfile11
-rw-r--r--   3 root supergroup 1073741824 2019-02-24 17:04 /myfile12
-rw-r--r--   3 root supergroup 1073741824 2019-02-24 17:04 /myfile13
-rw-r--r--   3 root supergroup 1073741824 2019-02-24 17:04 /myfile14
-rw-r--r--   3 root supergroup 1073741824 2019-02-24 17:04 /myfile15
-rw-r--r--   3 root supergroup 1073741824 2019-02-24 17:05 /myfile16
-rw-r--r--   3 root supergroup 1073741824 2019-02-24 17:04 /myfile17
-rw-r--r--   3 root supergroup 1073741824 2019-02-24 17:04 /myfile18
-rw-r--r--   3 root supergroup 1073741824 2019-02-24 17:04 /myfile19
-rw-r--r--   3 root supergroup          0 2019-02-24 17:05 /myfile2._COPYING_
-rw-r--r--   3 root supergroup 1073741824 2019-02-24 17:04 /myfile20
-rw-r--r--   3 root supergroup 1073741824 2019-02-24 17:04 /myfile3
-rw-r--r--   3 root supergroup 1073741824 2019-02-24 17:04 /myfile4
-rw-r--r--   3 root supergroup 1073741824 2019-02-24 17:04 /myfile5
-rw-r--r--   3 root supergroup 1073741824 2019-02-24 17:04 /myfile6
-rw-r--r--   3 root supergroup 1073741824 2019-02-24 17:05 /myfile8
file 8 has been put into HDFS
file 8 has been read from HDFS for 1 time
diff succeed!
file 8 has been read from HDFS for 2 time
diff succeed!
file 8 has been read from HDFS for 3 time
diff succeed!
file 8 has been read from HDFS for 4 time
diff succeed!
file 8 has been read from HDFS for 5 time
diff succeed!
file 8 has been read from HDFS for 6 time
diff succeed!
file 8 has been read from HDFS for 7 time
diff succeed!
file 8 has been read from HDFS for 8 time
diff succeed!
file 8 has been read from HDFS for 9 time
diff succeed!
file 8 has been read from HDFS for 10 time
diff succeed!
Deleted /myfile8
file 8 has been removed from HDFS
2019-02-24 17:08:44,324 INFO retry.RetryInvocationHandler: org.apache.hadoop.ipc.RemoteException(org.apache.hadoop.ipc.RetriableException): org.apache.hadoop.hdfs.server.namenode.SafeModeException: Cannot create file/myfile8._COPYING_. Name node is in safe mode.
The reported blocks 101 has reached the threshold 0.9990 of total blocks 101. The number of live datanodes 3 has reached the minimum number 0. In safe mode extension. Safe mode will be turned off automatically in 26 seconds. NamenodeHostName:node-0-link-0
	at org.apache.hadoop.hdfs.server.namenode.FSNamesystem.checkNameNodeSafeMode(FSNamesystem.java:1441)
	at org.apache.hadoop.hdfs.server.namenode.FSNamesystem.startFileInt(FSNamesystem.java:2401)
	at org.apache.hadoop.hdfs.server.namenode.FSNamesystem.startFile(FSNamesystem.java:2347)
	at org.apache.hadoop.hdfs.server.namenode.NameNodeRpcServer.create(NameNodeRpcServer.java:774)
	at org.apache.hadoop.hdfs.protocolPB.ClientNamenodeProtocolServerSideTranslatorPB.create(ClientNamenodeProtocolServerSideTranslatorPB.java:462)
	at org.apache.hadoop.hdfs.protocol.proto.ClientNamenodeProtocolProtos$ClientNamenodeProtocol$2.callBlockingMethod(ClientNamenodeProtocolProtos.java)
	at org.apache.hadoop.ipc.ProtobufRpcEngine$Server$ProtoBufRpcInvoker.call(ProtobufRpcEngine.java:523)
	at org.apache.hadoop.ipc.RPC$Server.call(RPC.java:991)
	at org.apache.hadoop.ipc.Server$RpcCall.run(Server.java:872)
	at org.apache.hadoop.ipc.Server$RpcCall.run(Server.java:818)
	at java.security.AccessController.doPrivileged(Native Method)
	at javax.security.auth.Subject.doAs(Subject.java:422)
	at org.apache.hadoop.security.UserGroupInformation.doAs(UserGroupInformation.java:1729)
	at org.apache.hadoop.ipc.Server$Handler.run(Server.java:2678)
Caused by: org.apache.hadoop.hdfs.server.namenode.SafeModeException: Cannot create file/myfile8._COPYING_. Name node is in safe mode.
The reported blocks 101 has reached the threshold 0.9990 of total blocks 101. The number of live datanodes 3 has reached the minimum number 0. In safe mode extension. Safe mode will be turned off automatically in 26 seconds. NamenodeHostName:node-0-link-0
	at org.apache.hadoop.hdfs.server.namenode.FSNamesystem.newSafemodeException(FSNamesystem.java:1450)
	at org.apache.hadoop.hdfs.server.namenode.FSNamesystem.checkNameNodeSafeMode(FSNamesystem.java:1437)
	... 13 more
, while invoking ClientNamenodeProtocolTranslatorPB.create over node-0-link-0/10.10.1.1:8020. Retrying immediately.
2019-02-24 17:08:44,327 INFO retry.RetryInvocationHandler: org.apache.hadoop.ipc.RemoteException(org.apache.hadoop.ipc.RetriableException): org.apache.hadoop.hdfs.server.namenode.SafeModeException: Cannot create file/myfile8._COPYING_. Name node is in safe mode.
The reported blocks 101 has reached the threshold 0.9990 of total blocks 101. The number of live datanodes 3 has reached the minimum number 0. In safe mode extension. Safe mode will be turned off automatically in 26 seconds. NamenodeHostName:node-0-link-0
	at org.apache.hadoop.hdfs.server.namenode.FSNamesystem.checkNameNodeSafeMode(FSNamesystem.java:1441)
	at org.apache.hadoop.hdfs.server.namenode.FSNamesystem.startFileInt(FSNamesystem.java:2401)
	at org.apache.hadoop.hdfs.server.namenode.FSNamesystem.startFile(FSNamesystem.java:2347)
	at org.apache.hadoop.hdfs.server.namenode.NameNodeRpcServer.create(NameNodeRpcServer.java:774)
	at org.apache.hadoop.hdfs.protocolPB.ClientNamenodeProtocolServerSideTranslatorPB.create(ClientNamenodeProtocolServerSideTranslatorPB.java:462)
	at org.apache.hadoop.hdfs.protocol.proto.ClientNamenodeProtocolProtos$ClientNamenodeProtocol$2.callBlockingMethod(ClientNamenodeProtocolProtos.java)
	at org.apache.hadoop.ipc.ProtobufRpcEngine$Server$ProtoBufRpcInvoker.call(ProtobufRpcEngine.java:523)
	at org.apache.hadoop.ipc.RPC$Server.call(RPC.java:991)
	at org.apache.hadoop.ipc.Server$RpcCall.run(Server.java:872)
	at org.apache.hadoop.ipc.Server$RpcCall.run(Server.java:818)
	at java.security.AccessController.doPrivileged(Native Method)
	at javax.security.auth.Subject.doAs(Subject.java:422)
	at org.apache.hadoop.security.UserGroupInformation.doAs(UserGroupInformation.java:1729)
	at org.apache.hadoop.ipc.Server$Handler.run(Server.java:2678)
Caused by: org.apache.hadoop.hdfs.server.namenode.SafeModeException: Cannot create file/myfile8._COPYING_. Name node is in safe mode.
The reported blocks 101 has reached the threshold 0.9990 of total blocks 101. The number of live datanodes 3 has reached the minimum number 0. In safe mode extension. Safe mode will be turned off automatically in 26 seconds. NamenodeHostName:node-0-link-0
	at org.apache.hadoop.hdfs.server.namenode.FSNamesystem.newSafemodeException(FSNamesystem.java:1450)
	at org.apache.hadoop.hdfs.server.namenode.FSNamesystem.checkNameNodeSafeMode(FSNamesystem.java:1437)
	... 13 more
, while invoking ClientNamenodeProtocolTranslatorPB.create over node-0-link-0/10.10.1.1:8020. Retrying after sleeping for 633ms.
2019-02-24 17:08:44,963 INFO retry.RetryInvocationHandler: org.apache.hadoop.ipc.RemoteException(org.apache.hadoop.ipc.RetriableException): org.apache.hadoop.hdfs.server.namenode.SafeModeException: Cannot create file/myfile8._COPYING_. Name node is in safe mode.
The reported blocks 101 has reached the threshold 0.9990 of total blocks 101. The number of live datanodes 3 has reached the minimum number 0. In safe mode extension. Safe mode will be turned off automatically in 26 seconds. NamenodeHostName:node-0-link-0
	at org.apache.hadoop.hdfs.server.namenode.FSNamesystem.checkNameNodeSafeMode(FSNamesystem.java:1441)
	at org.apache.hadoop.hdfs.server.namenode.FSNamesystem.startFileInt(FSNamesystem.java:2401)
	at org.apache.hadoop.hdfs.server.namenode.FSNamesystem.startFile(FSNamesystem.java:2347)
	at org.apache.hadoop.hdfs.server.namenode.NameNodeRpcServer.create(NameNodeRpcServer.java:774)
	at org.apache.hadoop.hdfs.protocolPB.ClientNamenodeProtocolServerSideTranslatorPB.create(ClientNamenodeProtocolServerSideTranslatorPB.java:462)
	at org.apache.hadoop.hdfs.protocol.proto.ClientNamenodeProtocolProtos$ClientNamenodeProtocol$2.callBlockingMethod(ClientNamenodeProtocolProtos.java)
	at org.apache.hadoop.ipc.ProtobufRpcEngine$Server$ProtoBufRpcInvoker.call(ProtobufRpcEngine.java:523)
	at org.apache.hadoop.ipc.RPC$Server.call(RPC.java:991)
	at org.apache.hadoop.ipc.Server$RpcCall.run(Server.java:872)
	at org.apache.hadoop.ipc.Server$RpcCall.run(Server.java:818)
	at java.security.AccessController.doPrivileged(Native Method)
	at javax.security.auth.Subject.doAs(Subject.java:422)
	at org.apache.hadoop.security.UserGroupInformation.doAs(UserGroupInformation.java:1729)
	at org.apache.hadoop.ipc.Server$Handler.run(Server.java:2678)
Caused by: org.apache.hadoop.hdfs.server.namenode.SafeModeException: Cannot create file/myfile8._COPYING_. Name node is in safe mode.
The reported blocks 101 has reached the threshold 0.9990 of total blocks 101. The number of live datanodes 3 has reached the minimum number 0. In safe mode extension. Safe mode will be turned off automatically in 26 seconds. NamenodeHostName:node-0-link-0
	at org.apache.hadoop.hdfs.server.namenode.FSNamesystem.newSafemodeException(FSNamesystem.java:1450)
	at org.apache.hadoop.hdfs.server.namenode.FSNamesystem.checkNameNodeSafeMode(FSNamesystem.java:1437)
	... 13 more
, while invoking ClientNamenodeProtocolTranslatorPB.create over node-0-link-0/10.10.1.1:8020. Retrying after sleeping for 2531ms.
2019-02-24 17:08:47,497 INFO retry.RetryInvocationHandler: org.apache.hadoop.ipc.RemoteException(org.apache.hadoop.ipc.RetriableException): org.apache.hadoop.hdfs.server.namenode.SafeModeException: Cannot create file/myfile8._COPYING_. Name node is in safe mode.
The reported blocks 101 has reached the threshold 0.9990 of total blocks 101. The number of live datanodes 3 has reached the minimum number 0. In safe mode extension. Safe mode will be turned off automatically in 23 seconds. NamenodeHostName:node-0-link-0
	at org.apache.hadoop.hdfs.server.namenode.FSNamesystem.checkNameNodeSafeMode(FSNamesystem.java:1441)
	at org.apache.hadoop.hdfs.server.namenode.FSNamesystem.startFileInt(FSNamesystem.java:2401)
	at org.apache.hadoop.hdfs.server.namenode.FSNamesystem.startFile(FSNamesystem.java:2347)
	at org.apache.hadoop.hdfs.server.namenode.NameNodeRpcServer.create(NameNodeRpcServer.java:774)
	at org.apache.hadoop.hdfs.protocolPB.ClientNamenodeProtocolServerSideTranslatorPB.create(ClientNamenodeProtocolServerSideTranslatorPB.java:462)
	at org.apache.hadoop.hdfs.protocol.proto.ClientNamenodeProtocolProtos$ClientNamenodeProtocol$2.callBlockingMethod(ClientNamenodeProtocolProtos.java)
	at org.apache.hadoop.ipc.ProtobufRpcEngine$Server$ProtoBufRpcInvoker.call(ProtobufRpcEngine.java:523)
	at org.apache.hadoop.ipc.RPC$Server.call(RPC.java:991)
	at org.apache.hadoop.ipc.Server$RpcCall.run(Server.java:872)
	at org.apache.hadoop.ipc.Server$RpcCall.run(Server.java:818)
	at java.security.AccessController.doPrivileged(Native Method)
	at javax.security.auth.Subject.doAs(Subject.java:422)
	at org.apache.hadoop.security.UserGroupInformation.doAs(UserGroupInformation.java:1729)
	at org.apache.hadoop.ipc.Server$Handler.run(Server.java:2678)
Caused by: org.apache.hadoop.hdfs.server.namenode.SafeModeException: Cannot create file/myfile8._COPYING_. Name node is in safe mode.
The reported blocks 101 has reached the threshold 0.9990 of total blocks 101. The number of live datanodes 3 has reached the minimum number 0. In safe mode extension. Safe mode will be turned off automatically in 23 seconds. NamenodeHostName:node-0-link-0
	at org.apache.hadoop.hdfs.server.namenode.FSNamesystem.newSafemodeException(FSNamesystem.java:1450)
	at org.apache.hadoop.hdfs.server.namenode.FSNamesystem.checkNameNodeSafeMode(FSNamesystem.java:1437)
	... 13 more
, while invoking ClientNamenodeProtocolTranslatorPB.create over node-0-link-0/10.10.1.1:8020. Retrying after sleeping for 5089ms.
2019-02-24 17:08:52,589 INFO retry.RetryInvocationHandler: org.apache.hadoop.ipc.RemoteException(org.apache.hadoop.ipc.RetriableException): org.apache.hadoop.hdfs.server.namenode.SafeModeException: Cannot create file/myfile8._COPYING_. Name node is in safe mode.
The reported blocks 101 has reached the threshold 0.9990 of total blocks 101. The number of live datanodes 3 has reached the minimum number 0. In safe mode extension. Safe mode will be turned off automatically in 18 seconds. NamenodeHostName:node-0-link-0
	at org.apache.hadoop.hdfs.server.namenode.FSNamesystem.checkNameNodeSafeMode(FSNamesystem.java:1441)
	at org.apache.hadoop.hdfs.server.namenode.FSNamesystem.startFileInt(FSNamesystem.java:2401)
	at org.apache.hadoop.hdfs.server.namenode.FSNamesystem.startFile(FSNamesystem.java:2347)
	at org.apache.hadoop.hdfs.server.namenode.NameNodeRpcServer.create(NameNodeRpcServer.java:774)
	at org.apache.hadoop.hdfs.protocolPB.ClientNamenodeProtocolServerSideTranslatorPB.create(ClientNamenodeProtocolServerSideTranslatorPB.java:462)
	at org.apache.hadoop.hdfs.protocol.proto.ClientNamenodeProtocolProtos$ClientNamenodeProtocol$2.callBlockingMethod(ClientNamenodeProtocolProtos.java)
	at org.apache.hadoop.ipc.ProtobufRpcEngine$Server$ProtoBufRpcInvoker.call(ProtobufRpcEngine.java:523)
	at org.apache.hadoop.ipc.RPC$Server.call(RPC.java:991)
	at org.apache.hadoop.ipc.Server$RpcCall.run(Server.java:872)
	at org.apache.hadoop.ipc.Server$RpcCall.run(Server.java:818)
	at java.security.AccessController.doPrivileged(Native Method)
	at javax.security.auth.Subject.doAs(Subject.java:422)
	at org.apache.hadoop.security.UserGroupInformation.doAs(UserGroupInformation.java:1729)
	at org.apache.hadoop.ipc.Server$Handler.run(Server.java:2678)
Caused by: org.apache.hadoop.hdfs.server.namenode.SafeModeException: Cannot create file/myfile8._COPYING_. Name node is in safe mode.
The reported blocks 101 has reached the threshold 0.9990 of total blocks 101. The number of live datanodes 3 has reached the minimum number 0. In safe mode extension. Safe mode will be turned off automatically in 18 seconds. NamenodeHostName:node-0-link-0
	at org.apache.hadoop.hdfs.server.namenode.FSNamesystem.newSafemodeException(FSNamesystem.java:1450)
	at org.apache.hadoop.hdfs.server.namenode.FSNamesystem.checkNameNodeSafeMode(FSNamesystem.java:1437)
	... 13 more
, while invoking ClientNamenodeProtocolTranslatorPB.create over node-0-link-0/10.10.1.1:8020. Retrying after sleeping for 7186ms.
2019-02-24 17:08:59,778 INFO retry.RetryInvocationHandler: org.apache.hadoop.ipc.RemoteException(org.apache.hadoop.ipc.RetriableException): org.apache.hadoop.hdfs.server.namenode.SafeModeException: Cannot create file/myfile8._COPYING_. Name node is in safe mode.
The reported blocks 101 has reached the threshold 0.9990 of total blocks 101. The number of live datanodes 3 has reached the minimum number 0. In safe mode extension. Safe mode will be turned off automatically in 11 seconds. NamenodeHostName:node-0-link-0
	at org.apache.hadoop.hdfs.server.namenode.FSNamesystem.checkNameNodeSafeMode(FSNamesystem.java:1441)
	at org.apache.hadoop.hdfs.server.namenode.FSNamesystem.startFileInt(FSNamesystem.java:2401)
	at org.apache.hadoop.hdfs.server.namenode.FSNamesystem.startFile(FSNamesystem.java:2347)
	at org.apache.hadoop.hdfs.server.namenode.NameNodeRpcServer.create(NameNodeRpcServer.java:774)
	at org.apache.hadoop.hdfs.protocolPB.ClientNamenodeProtocolServerSideTranslatorPB.create(ClientNamenodeProtocolServerSideTranslatorPB.java:462)
	at org.apache.hadoop.hdfs.protocol.proto.ClientNamenodeProtocolProtos$ClientNamenodeProtocol$2.callBlockingMethod(ClientNamenodeProtocolProtos.java)
	at org.apache.hadoop.ipc.ProtobufRpcEngine$Server$ProtoBufRpcInvoker.call(ProtobufRpcEngine.java:523)
	at org.apache.hadoop.ipc.RPC$Server.call(RPC.java:991)
	at org.apache.hadoop.ipc.Server$RpcCall.run(Server.java:872)
	at org.apache.hadoop.ipc.Server$RpcCall.run(Server.java:818)
	at java.security.AccessController.doPrivileged(Native Method)
	at javax.security.auth.Subject.doAs(Subject.java:422)
	at org.apache.hadoop.security.UserGroupInformation.doAs(UserGroupInformation.java:1729)
	at org.apache.hadoop.ipc.Server$Handler.run(Server.java:2678)
Caused by: org.apache.hadoop.hdfs.server.namenode.SafeModeException: Cannot create file/myfile8._COPYING_. Name node is in safe mode.
The reported blocks 101 has reached the threshold 0.9990 of total blocks 101. The number of live datanodes 3 has reached the minimum number 0. In safe mode extension. Safe mode will be turned off automatically in 11 seconds. NamenodeHostName:node-0-link-0
	at org.apache.hadoop.hdfs.server.namenode.FSNamesystem.newSafemodeException(FSNamesystem.java:1450)
	at org.apache.hadoop.hdfs.server.namenode.FSNamesystem.checkNameNodeSafeMode(FSNamesystem.java:1437)
	... 13 more
, while invoking ClientNamenodeProtocolTranslatorPB.create over node-0-link-0/10.10.1.1:8020. Retrying after sleeping for 12012ms.
Found 20 items
-rw-r--r--   3 root supergroup 1073741824 2019-02-24 17:09 /myfile1
-rw-r--r--   3 root supergroup  402653184 2019-02-24 17:09 /myfile10._COPYING_
-rw-r--r--   3 root supergroup  939524096 2019-02-24 17:08 /myfile11._COPYING_
-rw-r--r--   3 root supergroup  536870912 2019-02-24 17:09 /myfile12._COPYING_
-rw-r--r--   3 root supergroup  939524096 2019-02-24 17:08 /myfile13._COPYING_
-rw-r--r--   3 root supergroup 1073741824 2019-02-24 17:09 /myfile14
-rw-r--r--   3 root supergroup  939524096 2019-02-24 17:08 /myfile15._COPYING_
-rw-r--r--   3 root supergroup  671088640 2019-02-24 17:09 /myfile16._COPYING_
-rw-r--r--   3 root supergroup  402653184 2019-02-24 17:09 /myfile17._COPYING_
-rw-r--r--   3 root supergroup 1073741824 2019-02-24 17:09 /myfile18
-rw-r--r--   3 root supergroup 1073741824 2019-02-24 17:09 /myfile19
-rw-r--r--   3 root supergroup  402653184 2019-02-24 17:09 /myfile2._COPYING_
-rw-r--r--   3 root supergroup 1073741824 2019-02-24 17:09 /myfile20
-rw-r--r--   3 root supergroup 1073741824 2019-02-24 17:09 /myfile3
-rw-r--r--   3 root supergroup  268435456 2019-02-24 17:09 /myfile4._COPYING_
-rw-r--r--   3 root supergroup  402653184 2019-02-24 17:09 /myfile5._COPYING_
-rw-r--r--   3 root supergroup  939524096 2019-02-24 17:09 /myfile6._COPYING_
-rw-r--r--   3 root supergroup  402653184 2019-02-24 17:09 /myfile7._COPYING_
-rw-r--r--   3 root supergroup 1073741824 2019-02-24 17:09 /myfile8
-rw-r--r--   3 root supergroup          0 2019-02-24 17:09 /myfile9._COPYING_
file 8 has been put into HDFS
file 8 has been read from HDFS for 1 time
diff succeed!
file 8 has been read from HDFS for 2 time
diff succeed!
file 8 has been read from HDFS for 3 time
diff succeed!
file 8 has been read from HDFS for 4 time
diff succeed!
file 8 has been read from HDFS for 5 time
diff succeed!
file 8 has been read from HDFS for 6 time
diff succeed!
file 8 has been read from HDFS for 7 time
diff succeed!
file 8 has been read from HDFS for 8 time
diff succeed!
file 8 has been read from HDFS for 9 time
diff succeed!
file 8 has been read from HDFS for 10 time
diff succeed!
Deleted /myfile8
file 8 has been removed from HDFS
Found 20 items
-rw-r--r--   3 root supergroup 1073741824 2019-02-24 17:13 /myfile1
-rw-r--r--   3 root supergroup 1073741824 2019-02-24 17:10 /myfile10
-rw-r--r--   3 root supergroup 1073741824 2019-02-24 17:13 /myfile11
-rw-r--r--   3 root supergroup 1073741824 2019-02-24 17:09 /myfile12
-rw-r--r--   3 root supergroup  805306368 2019-02-24 17:13 /myfile13._COPYING_
-rw-r--r--   3 root supergroup 1073741824 2019-02-24 17:09 /myfile14
-rw-r--r--   3 root supergroup 1073741824 2019-02-24 17:13 /myfile15
-rw-r--r--   3 root supergroup 1073741824 2019-02-24 17:09 /myfile16
-rw-r--r--   3 root supergroup 1073741824 2019-02-24 17:10 /myfile17
-rw-r--r--   3 root supergroup 1073741824 2019-02-24 17:13 /myfile18
-rw-r--r--   3 root supergroup 1073741824 2019-02-24 17:09 /myfile19
-rw-r--r--   3 root supergroup 1073741824 2019-02-24 17:10 /myfile2
-rw-r--r--   3 root supergroup 1073741824 2019-02-24 17:13 /myfile20
-rw-r--r--   3 root supergroup 1073741824 2019-02-24 17:13 /myfile3
-rw-r--r--   3 root supergroup 1073741824 2019-02-24 17:10 /myfile4
-rw-r--r--   3 root supergroup 1073741824 2019-02-24 17:10 /myfile5
-rw-r--r--   3 root supergroup 1073741824 2019-02-24 17:09 /myfile6
-rw-r--r--   3 root supergroup 1073741824 2019-02-24 17:10 /myfile7
-rw-r--r--   3 root supergroup 1073741824 2019-02-24 17:13 /myfile8
-rw-r--r--   3 root supergroup 1073741824 2019-02-24 17:10 /myfile9
file 8 has been put into HDFS
file 8 has been read from HDFS for 1 time
diff succeed!
file 8 has been read from HDFS for 2 time
diff succeed!
file 8 has been read from HDFS for 3 time
diff succeed!
file 8 has been read from HDFS for 4 time
diff succeed!
file 8 has been read from HDFS for 5 time
diff succeed!
file 8 has been read from HDFS for 6 time
diff succeed!
file 8 has been read from HDFS for 7 time
diff succeed!
file 8 has been read from HDFS for 8 time
diff succeed!
file 8 has been read from HDFS for 9 time
diff succeed!
file 8 has been read from HDFS for 10 time
diff succeed!
Deleted /myfile8
file 8 has been removed from HDFS
Found 20 items
-rw-r--r--   3 root supergroup 1073741824 2019-02-24 17:18 /myfile1
-rw-r--r--   3 root supergroup 1073741824 2019-02-24 17:18 /myfile10
-rw-r--r--   3 root supergroup 1073741824 2019-02-24 17:18 /myfile11
-rw-r--r--   3 root supergroup 1073741824 2019-02-24 17:14 /myfile12
-rw-r--r--   3 root supergroup 1073741824 2019-02-24 17:18 /myfile13
-rw-r--r--   3 root supergroup 1073741824 2019-02-24 17:15 /myfile14
-rw-r--r--   3 root supergroup 1073741824 2019-02-24 17:18 /myfile15
-rw-r--r--   3 root supergroup 1073741824 2019-02-24 17:18 /myfile16
-rw-r--r--   3 root supergroup 1073741824 2019-02-24 17:15 /myfile17
-rw-r--r--   3 root supergroup 1073741824 2019-02-24 17:18 /myfile18
-rw-r--r--   3 root supergroup 1073741824 2019-02-24 17:18 /myfile19
-rw-r--r--   3 root supergroup 1073741824 2019-02-24 17:15 /myfile2
-rw-r--r--   3 root supergroup 1073741824 2019-02-24 17:18 /myfile20
-rw-r--r--   3 root supergroup 1073741824 2019-02-24 17:18 /myfile3
-rw-r--r--   3 root supergroup 1073741824 2019-02-24 17:15 /myfile4
-rw-r--r--   3 root supergroup 1073741824 2019-02-24 17:14 /myfile5
-rw-r--r--   3 root supergroup 1073741824 2019-02-24 17:15 /myfile6
-rw-r--r--   3 root supergroup 1073741824 2019-02-24 17:18 /myfile7
-rw-r--r--   3 root supergroup 1073741824 2019-02-24 17:18 /myfile8
-rw-r--r--   3 root supergroup 1073741824 2019-02-24 17:15 /myfile9
file 8 has been put into HDFS
file 8 has been read from HDFS for 1 time
diff succeed!
file 8 has been read from HDFS for 2 time
diff succeed!
file 8 has been read from HDFS for 3 time
diff succeed!
file 8 has been read from HDFS for 4 time
diff succeed!
file 8 has been read from HDFS for 5 time
diff succeed!
file 8 has been read from HDFS for 6 time
diff succeed!
file 8 has been read from HDFS for 7 time
diff succeed!
file 8 has been read from HDFS for 8 time
diff succeed!
file 8 has been read from HDFS for 9 time
diff succeed!
file 8 has been read from HDFS for 10 time
diff succeed!
Deleted /myfile8
file 8 has been removed from HDFS
Found 20 items
-rw-r--r--   3 root supergroup 1073741824 2019-02-24 17:23 /myfile1
-rw-r--r--   3 root supergroup 1073741824 2019-02-24 17:23 /myfile10
-rw-r--r--   3 root supergroup 1073741824 2019-02-24 17:23 /myfile11
-rw-r--r--   3 root supergroup 1073741824 2019-02-24 17:20 /myfile12
-rw-r--r--   3 root supergroup 1073741824 2019-02-24 17:23 /myfile13
-rw-r--r--   3 root supergroup 1073741824 2019-02-24 17:21 /myfile14
-rw-r--r--   3 root supergroup 1073741824 2019-02-24 17:23 /myfile15
-rw-r--r--   3 root supergroup 1073741824 2019-02-24 17:23 /myfile16
-rw-r--r--   3 root supergroup 1073741824 2019-02-24 17:21 /myfile17
-rw-r--r--   3 root supergroup 1073741824 2019-02-24 17:23 /myfile18
-rw-r--r--   3 root supergroup 1073741824 2019-02-24 17:23 /myfile19
-rw-r--r--   3 root supergroup 1073741824 2019-02-24 17:20 /myfile2
-rw-r--r--   3 root supergroup 1073741824 2019-02-24 17:23 /myfile20
-rw-r--r--   3 root supergroup 1073741824 2019-02-24 17:23 /myfile3
-rw-r--r--   3 root supergroup 1073741824 2019-02-24 17:22 /myfile4
-rw-r--r--   3 root supergroup 1073741824 2019-02-24 17:20 /myfile5
-rw-r--r--   3 root supergroup          0 2019-02-24 17:23 /myfile6._COPYING_
-rw-r--r--   3 root supergroup 1073741824 2019-02-24 17:23 /myfile7
-rw-r--r--   3 root supergroup 1073741824 2019-02-24 17:23 /myfile8
-rw-r--r--   3 root supergroup 1073741824 2019-02-24 17:20 /myfile9
file 8 has been put into HDFS
file 8 has been read from HDFS for 1 time
diff succeed!
file 8 has been read from HDFS for 2 time
diff succeed!
file 8 has been read from HDFS for 3 time
diff succeed!
file 8 has been read from HDFS for 4 time
diff succeed!
file 8 has been read from HDFS for 5 time
diff succeed!
file 8 has been read from HDFS for 6 time
diff succeed!
file 8 has been read from HDFS for 7 time
diff succeed!
file 8 has been read from HDFS for 8 time
diff succeed!
file 8 has been read from HDFS for 9 time
diff succeed!
file 8 has been read from HDFS for 10 time
diff succeed!
Deleted /myfile8
file 8 has been removed from HDFS
Found 20 items
-rw-r--r--   3 root supergroup 1073741824 2019-02-24 17:27 /myfile1
-rw-r--r--   3 root supergroup 1073741824 2019-02-24 17:27 /myfile10
-rw-r--r--   3 root supergroup 1073741824 2019-02-24 17:28 /myfile11
-rw-r--r--   3 root supergroup 1073741824 2019-02-24 17:26 /myfile12
-rw-r--r--   3 root supergroup 1073741824 2019-02-24 17:27 /myfile13
-rw-r--r--   3 root supergroup 1073741824 2019-02-24 17:28 /myfile14
-rw-r--r--   3 root supergroup 1073741824 2019-02-24 17:28 /myfile15
-rw-r--r--   3 root supergroup 1073741824 2019-02-24 17:27 /myfile16
-rw-r--r--   3 root supergroup 1073741824 2019-02-24 17:26 /myfile17
-rw-r--r--   3 root supergroup 1073741824 2019-02-24 17:27 /myfile18
-rw-r--r--   3 root supergroup 1073741824 2019-02-24 17:28 /myfile19
-rw-r--r--   3 root supergroup 1073741824 2019-02-24 17:26 /myfile2
-rw-r--r--   3 root supergroup          0 2019-02-24 17:28 /myfile20._COPYING_
-rw-r--r--   3 root supergroup 1073741824 2019-02-24 17:27 /myfile3
-rw-r--r--   3 root supergroup 1073741824 2019-02-24 17:26 /myfile4
-rw-r--r--   3 root supergroup 1073741824 2019-02-24 17:26 /myfile5
-rw-r--r--   3 root supergroup 1073741824 2019-02-24 17:24 /myfile6
-rw-r--r--   3 root supergroup 1073741824 2019-02-24 17:27 /myfile7
-rw-r--r--   3 root supergroup 1073741824 2019-02-24 17:28 /myfile8
-rw-r--r--   3 root supergroup 1073741824 2019-02-24 17:26 /myfile9
file 8 has been put into HDFS
file 8 has been read from HDFS for 1 time
diff succeed!
file 8 has been read from HDFS for 2 time
diff succeed!
file 8 has been read from HDFS for 3 time
diff succeed!
file 8 has been read from HDFS for 4 time
diff succeed!
file 8 has been read from HDFS for 5 time
diff succeed!
file 8 has been read from HDFS for 6 time
diff succeed!
file 8 has been read from HDFS for 7 time
diff succeed!
file 8 has been read from HDFS for 8 time
diff succeed!
file 8 has been read from HDFS for 9 time
diff succeed!
file 8 has been read from HDFS for 10 time
diff succeed!
Deleted /myfile8
file 8 has been removed from HDFS
Found 20 items
-rw-r--r--   3 root supergroup 1073741824 2019-02-24 17:32 /myfile1
-rw-r--r--   3 root supergroup 1073741824 2019-02-24 17:33 /myfile10
-rw-r--r--   3 root supergroup 1073741824 2019-02-24 17:33 /myfile11
-rw-r--r--   3 root supergroup 1073741824 2019-02-24 17:30 /myfile12
-rw-r--r--   3 root supergroup 1073741824 2019-02-24 17:32 /myfile13
-rw-r--r--   3 root supergroup 1073741824 2019-02-24 17:32 /myfile14
-rw-r--r--   3 root supergroup 1073741824 2019-02-24 17:33 /myfile15
-rw-r--r--   3 root supergroup 1073741824 2019-02-24 17:32 /myfile16
-rw-r--r--   3 root supergroup 1073741824 2019-02-24 17:31 /myfile17
-rw-r--r--   3 root supergroup 1073741824 2019-02-24 17:32 /myfile18
-rw-r--r--   3 root supergroup 1073741824 2019-02-24 17:32 /myfile19
-rw-r--r--   3 root supergroup 1073741824 2019-02-24 17:31 /myfile2
-rw-r--r--   3 root supergroup  134217728 2019-02-24 17:33 /myfile20._COPYING_
-rw-r--r--   3 root supergroup 1073741824 2019-02-24 17:32 /myfile3
-rw-r--r--   3 root supergroup 1073741824 2019-02-24 17:31 /myfile4
-rw-r--r--   3 root supergroup 1073741824 2019-02-24 17:30 /myfile5
-rw-r--r--   3 root supergroup 1073741824 2019-02-24 17:29 /myfile6
-rw-r--r--   3 root supergroup 1073741824 2019-02-24 17:33 /myfile7
-rw-r--r--   3 root supergroup 1073741824 2019-02-24 17:33 /myfile8
-rw-r--r--   3 root supergroup 1073741824 2019-02-24 17:31 /myfile9
file 8 has been put into HDFS
file 8 has been read from HDFS for 1 time
diff succeed!
file 8 has been read from HDFS for 2 time
diff succeed!
file 8 has been read from HDFS for 3 time
diff succeed!
file 8 has been read from HDFS for 4 time
diff succeed!
file 8 has been read from HDFS for 5 time
diff succeed!
file 8 has been read from HDFS for 6 time
diff succeed!
file 8 has been read from HDFS for 7 time
diff succeed!
file 8 has been read from HDFS for 8 time
diff succeed!
file 8 has been read from HDFS for 9 time
diff succeed!
file 8 has been read from HDFS for 10 time
diff succeed!
Deleted /myfile8
file 8 has been removed from HDFS
Found 19 items
-rw-r--r--   3 root supergroup 1073741824 2019-02-24 17:37 /myfile1
-rw-r--r--   3 root supergroup 1073741824 2019-02-24 17:37 /myfile11
-rw-r--r--   3 root supergroup 1073741824 2019-02-24 17:35 /myfile12
-rw-r--r--   3 root supergroup 1073741824 2019-02-24 17:37 /myfile13
-rw-r--r--   3 root supergroup 1073741824 2019-02-24 17:37 /myfile14
-rw-r--r--   3 root supergroup 1073741824 2019-02-24 17:37 /myfile15
-rw-r--r--   3 root supergroup 1073741824 2019-02-24 17:37 /myfile16
-rw-r--r--   3 root supergroup 1073741824 2019-02-24 17:37 /myfile17
-rw-r--r--   3 root supergroup 1073741824 2019-02-24 17:37 /myfile18
-rw-r--r--   3 root supergroup 1073741824 2019-02-24 17:37 /myfile19
-rw-r--r--   3 root supergroup 1073741824 2019-02-24 17:36 /myfile2
-rw-r--r--   3 root supergroup 1073741824 2019-02-24 17:37 /myfile20
-rw-r--r--   3 root supergroup 1073741824 2019-02-24 17:32 /myfile3
-rw-r--r--   3 root supergroup 1073741824 2019-02-24 17:36 /myfile4
-rw-r--r--   3 root supergroup 1073741824 2019-02-24 17:34 /myfile5
-rw-r--r--   3 root supergroup 1073741824 2019-02-24 17:35 /myfile6
-rw-r--r--   3 root supergroup 1073741824 2019-02-24 17:37 /myfile7
-rw-r--r--   3 root supergroup 1073741824 2019-02-24 17:37 /myfile8
-rw-r--r--   3 root supergroup 1073741824 2019-02-24 17:36 /myfile9
file 8 has been put into HDFS
file 8 has been read from HDFS for 1 time
diff succeed!
file 8 has been read from HDFS for 2 time
diff succeed!
file 8 has been read from HDFS for 3 time
diff succeed!
file 8 has been read from HDFS for 4 time
diff succeed!
file 8 has been read from HDFS for 5 time
diff succeed!
file 8 has been read from HDFS for 6 time
diff succeed!
sub_benchmark 7 signal TERM catched and let quit gracefully
file 8 has been read from HDFS for 7 time
diff succeed!
Deleted /myfile8
file 8 has been removed from HDFS
