Found 20 items
-rw-r--r--   3 root supergroup  939524096 2019-02-20 18:09 /myfile1._COPYING_
-rw-r--r--   3 root supergroup 1073741824 2019-02-20 18:09 /myfile10
-rw-r--r--   3 root supergroup 1073741824 2019-02-20 18:09 /myfile11
-rw-r--r--   3 root supergroup 1073741824 2019-02-20 18:09 /myfile12
-rw-r--r--   3 root supergroup  939524096 2019-02-20 18:09 /myfile13._COPYING_
-rw-r--r--   3 root supergroup 1073741824 2019-02-20 18:09 /myfile14
-rw-r--r--   3 root supergroup 1073741824 2019-02-20 18:09 /myfile15
-rw-r--r--   3 root supergroup 1073741824 2019-02-20 18:09 /myfile16
-rw-r--r--   3 root supergroup 1073741824 2019-02-20 18:09 /myfile17
-rw-r--r--   3 root supergroup 1073741824 2019-02-20 18:09 /myfile18
-rw-r--r--   3 root supergroup 1073741824 2019-02-20 18:09 /myfile19
-rw-r--r--   3 root supergroup 1073741824 2019-02-20 18:09 /myfile2
-rw-r--r--   3 root supergroup 1073741824 2019-02-20 18:09 /myfile20
-rw-r--r--   3 root supergroup 1073741824 2019-02-20 18:09 /myfile3
-rw-r--r--   3 root supergroup 1073741824 2019-02-20 18:09 /myfile4
-rw-r--r--   3 root supergroup 1073741824 2019-02-20 18:09 /myfile5
-rw-r--r--   3 root supergroup 1073741824 2019-02-20 18:09 /myfile6
-rw-r--r--   3 root supergroup 1073741824 2019-02-20 18:09 /myfile7
-rw-r--r--   3 root supergroup 1073741824 2019-02-20 18:09 /myfile8
-rw-r--r--   3 root supergroup 1073741824 2019-02-20 18:09 /myfile9
file 8 has been put into HDFS
file 8 has been read from HDFS for 1 time
diff succeed!
file 8 has been read from HDFS for 2 time
diff succeed!
file 8 has been read from HDFS for 3 time
diff succeed!
file 8 has been read from HDFS for 4 time
diff succeed!
file 8 has been read from HDFS for 5 time
diff succeed!
file 8 has been read from HDFS for 6 time
diff succeed!
file 8 has been read from HDFS for 7 time
diff succeed!
file 8 has been read from HDFS for 8 time
diff succeed!
file 8 has been read from HDFS for 9 time
diff succeed!
file 8 has been read from HDFS for 10 time
diff succeed!
Deleted /myfile8
file 8 has been removed from HDFS
Found 20 items
-rw-r--r--   3 root supergroup 1073741824 2019-02-20 18:13 /myfile1
-rw-r--r--   3 root supergroup 1073741824 2019-02-20 18:13 /myfile10
-rw-r--r--   3 root supergroup 1073741824 2019-02-20 18:13 /myfile11
-rw-r--r--   3 root supergroup 1073741824 2019-02-20 18:14 /myfile12
-rw-r--r--   3 root supergroup 1073741824 2019-02-20 18:13 /myfile13
-rw-r--r--   3 root supergroup 1073741824 2019-02-20 18:13 /myfile14
-rw-r--r--   3 root supergroup 1073741824 2019-02-20 18:13 /myfile15
-rw-r--r--   3 root supergroup 1073741824 2019-02-20 18:14 /myfile16
-rw-r--r--   3 root supergroup 1073741824 2019-02-20 18:14 /myfile17
-rw-r--r--   3 root supergroup 1073741824 2019-02-20 18:13 /myfile18
-rw-r--r--   3 root supergroup 1073741824 2019-02-20 18:13 /myfile19
-rw-r--r--   3 root supergroup 1073741824 2019-02-20 18:14 /myfile2
-rw-r--r--   3 root supergroup 1073741824 2019-02-20 18:13 /myfile20
-rw-r--r--   3 root supergroup 1073741824 2019-02-20 18:14 /myfile3
-rw-r--r--   3 root supergroup 1073741824 2019-02-20 18:14 /myfile4
-rw-r--r--   3 root supergroup 1073741824 2019-02-20 18:13 /myfile5
-rw-r--r--   3 root supergroup 1073741824 2019-02-20 18:13 /myfile6
-rw-r--r--   3 root supergroup 1073741824 2019-02-20 18:13 /myfile7
-rw-r--r--   3 root supergroup 1073741824 2019-02-20 18:15 /myfile8
-rw-r--r--   3 root supergroup 1073741824 2019-02-20 18:13 /myfile9
file 8 has been put into HDFS
file 8 has been read from HDFS for 1 time
diff succeed!
file 8 has been read from HDFS for 2 time
diff succeed!
file 8 has been read from HDFS for 3 time
diff succeed!
file 8 has been read from HDFS for 4 time
diff succeed!
file 8 has been read from HDFS for 5 time
diff succeed!
file 8 has been read from HDFS for 6 time
diff succeed!
file 8 has been read from HDFS for 7 time
diff succeed!
file 8 has been read from HDFS for 8 time
diff succeed!
file 8 has been read from HDFS for 9 time
diff succeed!
file 8 has been read from HDFS for 10 time
diff succeed!
Deleted /myfile8
file 8 has been removed from HDFS
Found 20 items
-rw-r--r--   3 root supergroup 1073741824 2019-02-20 18:17 /myfile1
-rw-r--r--   3 root supergroup 1073741824 2019-02-20 18:17 /myfile10
-rw-r--r--   3 root supergroup 1073741824 2019-02-20 18:19 /myfile11
-rw-r--r--   3 root supergroup  134217728 2019-02-20 18:19 /myfile12._COPYING_
-rw-r--r--   3 root supergroup 1073741824 2019-02-20 18:19 /myfile13
-rw-r--r--   3 root supergroup 1073741824 2019-02-20 18:18 /myfile14
-rw-r--r--   3 root supergroup 1073741824 2019-02-20 18:19 /myfile15
-rw-r--r--   3 root supergroup 1073741824 2019-02-20 18:18 /myfile16
-rw-r--r--   3 root supergroup 1073741824 2019-02-20 18:18 /myfile17
-rw-r--r--   3 root supergroup 1073741824 2019-02-20 18:18 /myfile18
-rw-r--r--   3 root supergroup 1073741824 2019-02-20 18:18 /myfile19
-rw-r--r--   3 root supergroup  134217728 2019-02-20 18:19 /myfile2._COPYING_
-rw-r--r--   3 root supergroup 1073741824 2019-02-20 18:18 /myfile20
-rw-r--r--   3 root supergroup 1073741824 2019-02-20 18:18 /myfile3
-rw-r--r--   3 root supergroup 1073741824 2019-02-20 18:18 /myfile4
-rw-r--r--   3 root supergroup 1073741824 2019-02-20 18:17 /myfile5
-rw-r--r--   3 root supergroup 1073741824 2019-02-20 18:17 /myfile6
-rw-r--r--   3 root supergroup 1073741824 2019-02-20 18:17 /myfile7
-rw-r--r--   3 root supergroup 1073741824 2019-02-20 18:20 /myfile8
-rw-r--r--   3 root supergroup 1073741824 2019-02-20 18:18 /myfile9
file 8 has been put into HDFS
file 8 has been read from HDFS for 1 time
diff succeed!
file 8 has been read from HDFS for 2 time
diff succeed!
file 8 has been read from HDFS for 3 time
diff succeed!
file 8 has been read from HDFS for 4 time
diff succeed!
file 8 has been read from HDFS for 5 time
diff succeed!
file 8 has been read from HDFS for 6 time
diff succeed!
file 8 has been read from HDFS for 7 time
diff succeed!
file 8 has been read from HDFS for 8 time
diff succeed!
file 8 has been read from HDFS for 9 time
diff succeed!
file 8 has been read from HDFS for 10 time
diff succeed!
Deleted /myfile8
file 8 has been removed from HDFS
Found 20 items
-rw-r--r--   3 root supergroup 1073741824 2019-02-20 18:21 /myfile1
-rw-r--r--   3 root supergroup 1073741824 2019-02-20 18:22 /myfile10
-rw-r--r--   3 root supergroup 1073741824 2019-02-20 18:19 /myfile11
-rw-r--r--   3 root supergroup 1073741824 2019-02-20 18:24 /myfile12
-rw-r--r--   3 root supergroup 1073741824 2019-02-20 18:24 /myfile13
-rw-r--r--   3 root supergroup 1073741824 2019-02-20 18:23 /myfile14
-rw-r--r--   3 root supergroup 1073741824 2019-02-20 18:24 /myfile15
-rw-r--r--   3 root supergroup 1073741824 2019-02-20 18:23 /myfile16
-rw-r--r--   3 root supergroup 1073741824 2019-02-20 18:22 /myfile17
-rw-r--r--   3 root supergroup 1073741824 2019-02-20 18:22 /myfile18
-rw-r--r--   3 root supergroup 1073741824 2019-02-20 18:23 /myfile19
-rw-r--r--   3 root supergroup 1073741824 2019-02-20 18:20 /myfile2
-rw-r--r--   3 root supergroup 1073741824 2019-02-20 18:22 /myfile20
-rw-r--r--   3 root supergroup 1073741824 2019-02-20 18:22 /myfile3
-rw-r--r--   3 root supergroup 1073741824 2019-02-20 18:23 /myfile4
-rw-r--r--   3 root supergroup 1073741824 2019-02-20 18:21 /myfile5
-rw-r--r--   3 root supergroup 1073741824 2019-02-20 18:21 /myfile6
-rw-r--r--   3 root supergroup 1073741824 2019-02-20 18:21 /myfile7
-rw-r--r--   3 root supergroup 1073741824 2019-02-20 18:24 /myfile8
-rw-r--r--   3 root supergroup 1073741824 2019-02-20 18:24 /myfile9
file 8 has been put into HDFS
file 8 has been read from HDFS for 1 time
diff succeed!
file 8 has been read from HDFS for 2 time
diff succeed!
file 8 has been read from HDFS for 3 time
diff succeed!
file 8 has been read from HDFS for 4 time
diff succeed!
file 8 has been read from HDFS for 5 time
diff succeed!
file 8 has been read from HDFS for 6 time
diff succeed!
file 8 has been read from HDFS for 7 time
diff succeed!
file 8 has been read from HDFS for 8 time
diff succeed!
file 8 has been read from HDFS for 9 time
diff succeed!
file 8 has been read from HDFS for 10 time
diff succeed!
Deleted /myfile8
file 8 has been removed from HDFS
Found 20 items
-rw-r--r--   3 root supergroup 1073741824 2019-02-20 18:25 /myfile1
-rw-r--r--   3 root supergroup 1073741824 2019-02-20 18:28 /myfile10
-rw-r--r--   3 root supergroup 1073741824 2019-02-20 18:25 /myfile11
-rw-r--r--   3 root supergroup 1073741824 2019-02-20 18:28 /myfile12
-rw-r--r--   3 root supergroup 1073741824 2019-02-20 18:24 /myfile13
-rw-r--r--   3 root supergroup 1073741824 2019-02-20 18:26 /myfile14
-rw-r--r--   3 root supergroup 1073741824 2019-02-20 18:28 /myfile15
-rw-r--r--   3 root supergroup 1073741824 2019-02-20 18:27 /myfile16
-rw-r--r--   3 root supergroup 1073741824 2019-02-20 18:27 /myfile17
-rw-r--r--   3 root supergroup 1073741824 2019-02-20 18:26 /myfile18
-rw-r--r--   3 root supergroup 1073741824 2019-02-20 18:27 /myfile19
-rw-r--r--   3 root supergroup 1073741824 2019-02-20 18:25 /myfile2
-rw-r--r--   3 root supergroup 1073741824 2019-02-20 18:26 /myfile20
-rw-r--r--   3 root supergroup 1073741824 2019-02-20 18:26 /myfile3
-rw-r--r--   3 root supergroup 1073741824 2019-02-20 18:26 /myfile4
-rw-r--r--   3 root supergroup 1073741824 2019-02-20 18:25 /myfile5
-rw-r--r--   3 root supergroup 1073741824 2019-02-20 18:25 /myfile6
-rw-r--r--   3 root supergroup 1073741824 2019-02-20 18:26 /myfile7
-rw-r--r--   3 root supergroup 1073741824 2019-02-20 18:28 /myfile8
-rw-r--r--   3 root supergroup 1073741824 2019-02-20 18:28 /myfile9
file 8 has been put into HDFS
file 8 has been read from HDFS for 1 time
diff succeed!
file 8 has been read from HDFS for 2 time
diff succeed!
file 8 has been read from HDFS for 3 time
diff succeed!
file 8 has been read from HDFS for 4 time
diff succeed!
file 8 has been read from HDFS for 5 time
diff succeed!
file 8 has been read from HDFS for 6 time
diff succeed!
file 8 has been read from HDFS for 7 time
diff succeed!
file 8 has been read from HDFS for 8 time
diff succeed!
file 8 has been read from HDFS for 9 time
diff succeed!
file 8 has been read from HDFS for 10 time
diff succeed!
Deleted /myfile8
file 8 has been removed from HDFS
Found 19 items
-rw-r--r--   3 root supergroup 1073741824 2019-02-20 18:29 /myfile1
-rw-r--r--   3 root supergroup 1073741824 2019-02-20 18:31 /myfile10
-rw-r--r--   3 root supergroup 1073741824 2019-02-20 18:29 /myfile11
-rw-r--r--   3 root supergroup 1073741824 2019-02-20 18:32 /myfile12
-rw-r--r--   3 root supergroup 1073741824 2019-02-20 18:29 /myfile13
-rw-r--r--   3 root supergroup 1073741824 2019-02-20 18:30 /myfile14
-rw-r--r--   3 root supergroup 1073741824 2019-02-20 18:30 /myfile16
-rw-r--r--   3 root supergroup 1073741824 2019-02-20 18:31 /myfile17
-rw-r--r--   3 root supergroup 1073741824 2019-02-20 18:31 /myfile18
-rw-r--r--   3 root supergroup 1073741824 2019-02-20 18:31 /myfile19
-rw-r--r--   3 root supergroup 1073741824 2019-02-20 18:29 /myfile2
-rw-r--r--   3 root supergroup 1073741824 2019-02-20 18:30 /myfile20
-rw-r--r--   3 root supergroup 1073741824 2019-02-20 18:30 /myfile3
-rw-r--r--   3 root supergroup 1073741824 2019-02-20 18:30 /myfile4
-rw-r--r--   3 root supergroup 1073741824 2019-02-20 18:30 /myfile5
-rw-r--r--   3 root supergroup 1073741824 2019-02-20 18:29 /myfile6
-rw-r--r--   3 root supergroup 1073741824 2019-02-20 18:30 /myfile7
-rw-r--r--   3 root supergroup 1073741824 2019-02-20 18:32 /myfile8
-rw-r--r--   3 root supergroup 1073741824 2019-02-20 18:28 /myfile9
file 8 has been put into HDFS
file 8 has been read from HDFS for 1 time
diff succeed!
2019-02-20 18:32:25,277 INFO retry.RetryInvocationHandler: java.net.ConnectException: Call From clnode090.clemson.cloudlab.us/130.127.133.99 to node-1-link-0:8020 failed on connection exception: java.net.ConnectException: Connection refused; For more details see:  http://wiki.apache.org/hadoop/ConnectionRefused, while invoking ClientNamenodeProtocolTranslatorPB.getFileInfo over node-1-link-0/10.10.1.4:8020 after 1 failover attempts. Trying to failover after sleeping for 1442ms.
2019-02-20 18:32:26,724 INFO retry.RetryInvocationHandler: org.apache.hadoop.ipc.RemoteException(org.apache.hadoop.ipc.StandbyException): Operation category READ is not supported in state standby. Visit https://s.apache.org/sbnn-error
	at org.apache.hadoop.hdfs.server.namenode.ha.StandbyState.checkOperation(StandbyState.java:88)
	at org.apache.hadoop.hdfs.server.namenode.NameNode$NameNodeHAContext.checkOperation(NameNode.java:1952)
	at org.apache.hadoop.hdfs.server.namenode.FSNamesystem.checkOperation(FSNamesystem.java:1423)
	at org.apache.hadoop.hdfs.server.namenode.FSNamesystem.getFileInfo(FSNamesystem.java:3085)
	at org.apache.hadoop.hdfs.server.namenode.NameNodeRpcServer.getFileInfo(NameNodeRpcServer.java:1154)
	at org.apache.hadoop.hdfs.protocolPB.ClientNamenodeProtocolServerSideTranslatorPB.getFileInfo(ClientNamenodeProtocolServerSideTranslatorPB.java:966)
	at org.apache.hadoop.hdfs.protocol.proto.ClientNamenodeProtocolProtos$ClientNamenodeProtocol$2.callBlockingMethod(ClientNamenodeProtocolProtos.java)
	at org.apache.hadoop.ipc.ProtobufRpcEngine$Server$ProtoBufRpcInvoker.call(ProtobufRpcEngine.java:523)
	at org.apache.hadoop.ipc.RPC$Server.call(RPC.java:991)
	at org.apache.hadoop.ipc.Server$RpcCall.run(Server.java:872)
	at org.apache.hadoop.ipc.Server$RpcCall.run(Server.java:818)
	at java.security.AccessController.doPrivileged(Native Method)
	at javax.security.auth.Subject.doAs(Subject.java:422)
	at org.apache.hadoop.security.UserGroupInformation.doAs(UserGroupInformation.java:1729)
	at org.apache.hadoop.ipc.Server$Handler.run(Server.java:2678)
, while invoking ClientNamenodeProtocolTranslatorPB.getFileInfo over node-0-link-0/10.10.1.1:8020 after 2 failover attempts. Trying to failover after sleeping for 2766ms.
2019-02-20 18:32:29,494 INFO retry.RetryInvocationHandler: java.net.ConnectException: Call From clnode090.clemson.cloudlab.us/130.127.133.99 to node-1-link-0:8020 failed on connection exception: java.net.ConnectException: Connection refused; For more details see:  http://wiki.apache.org/hadoop/ConnectionRefused, while invoking ClientNamenodeProtocolTranslatorPB.getFileInfo over node-1-link-0/10.10.1.4:8020 after 3 failover attempts. Trying to failover after sleeping for 3356ms.
file 8 has been read from HDFS for 2 time
diff succeed!
file 8 has been read from HDFS for 3 time
diff succeed!
file 8 has been read from HDFS for 4 time
diff succeed!
file 8 has been read from HDFS for 5 time
diff succeed!
file 8 has been read from HDFS for 6 time
diff succeed!
file 8 has been read from HDFS for 7 time
diff succeed!
file 8 has been read from HDFS for 8 time
diff succeed!
file 8 has been read from HDFS for 9 time
diff succeed!
file 8 has been read from HDFS for 10 time
diff succeed!
2019-02-20 18:35:16,835 INFO retry.RetryInvocationHandler: org.apache.hadoop.ipc.RemoteException(org.apache.hadoop.ipc.RetriableException): org.apache.hadoop.hdfs.server.namenode.SafeModeException: Cannot delete /myfile8. Name node is in safe mode.
The reported blocks 134 needs additional 2 blocks to reach the threshold 0.9990 of total blocks 137.
The number of live datanodes 3 has reached the minimum number 0. In safe mode extension. Safe mode will be turned off automatically in -119 seconds. NamenodeHostName:node-1-link-0
	at org.apache.hadoop.hdfs.server.namenode.FSNamesystem.checkNameNodeSafeMode(FSNamesystem.java:1441)
	at org.apache.hadoop.hdfs.server.namenode.FSNamesystem.delete(FSNamesystem.java:2986)
	at org.apache.hadoop.hdfs.server.namenode.NameNodeRpcServer.delete(NameNodeRpcServer.java:1095)
	at org.apache.hadoop.hdfs.protocolPB.ClientNamenodeProtocolServerSideTranslatorPB.delete(ClientNamenodeProtocolServerSideTranslatorPB.java:692)
	at org.apache.hadoop.hdfs.protocol.proto.ClientNamenodeProtocolProtos$ClientNamenodeProtocol$2.callBlockingMethod(ClientNamenodeProtocolProtos.java)
	at org.apache.hadoop.ipc.ProtobufRpcEngine$Server$ProtoBufRpcInvoker.call(ProtobufRpcEngine.java:523)
	at org.apache.hadoop.ipc.RPC$Server.call(RPC.java:991)
	at org.apache.hadoop.ipc.Server$RpcCall.run(Server.java:872)
	at org.apache.hadoop.ipc.Server$RpcCall.run(Server.java:818)
	at java.security.AccessController.doPrivileged(Native Method)
	at javax.security.auth.Subject.doAs(Subject.java:422)
	at org.apache.hadoop.security.UserGroupInformation.doAs(UserGroupInformation.java:1729)
	at org.apache.hadoop.ipc.Server$Handler.run(Server.java:2678)
Caused by: org.apache.hadoop.hdfs.server.namenode.SafeModeException: Cannot delete /myfile8. Name node is in safe mode.
The reported blocks 134 needs additional 2 blocks to reach the threshold 0.9990 of total blocks 137.
The number of live datanodes 3 has reached the minimum number 0. In safe mode extension. Safe mode will be turned off automatically in -119 seconds. NamenodeHostName:node-1-link-0
	at org.apache.hadoop.hdfs.server.namenode.FSNamesystem.newSafemodeException(FSNamesystem.java:1450)
	at org.apache.hadoop.hdfs.server.namenode.FSNamesystem.checkNameNodeSafeMode(FSNamesystem.java:1437)
	... 12 more
, while invoking ClientNamenodeProtocolTranslatorPB.delete over node-1-link-0/10.10.1.4:8020. Retrying immediately.
2019-02-20 18:35:16,838 INFO retry.RetryInvocationHandler: org.apache.hadoop.ipc.RemoteException(org.apache.hadoop.ipc.RetriableException): org.apache.hadoop.hdfs.server.namenode.SafeModeException: Cannot delete /myfile8. Name node is in safe mode.
The reported blocks 134 needs additional 2 blocks to reach the threshold 0.9990 of total blocks 137.
The number of live datanodes 3 has reached the minimum number 0. In safe mode extension. Safe mode will be turned off automatically in -119 seconds. NamenodeHostName:node-1-link-0
	at org.apache.hadoop.hdfs.server.namenode.FSNamesystem.checkNameNodeSafeMode(FSNamesystem.java:1441)
	at org.apache.hadoop.hdfs.server.namenode.FSNamesystem.delete(FSNamesystem.java:2986)
	at org.apache.hadoop.hdfs.server.namenode.NameNodeRpcServer.delete(NameNodeRpcServer.java:1095)
	at org.apache.hadoop.hdfs.protocolPB.ClientNamenodeProtocolServerSideTranslatorPB.delete(ClientNamenodeProtocolServerSideTranslatorPB.java:692)
	at org.apache.hadoop.hdfs.protocol.proto.ClientNamenodeProtocolProtos$ClientNamenodeProtocol$2.callBlockingMethod(ClientNamenodeProtocolProtos.java)
	at org.apache.hadoop.ipc.ProtobufRpcEngine$Server$ProtoBufRpcInvoker.call(ProtobufRpcEngine.java:523)
	at org.apache.hadoop.ipc.RPC$Server.call(RPC.java:991)
	at org.apache.hadoop.ipc.Server$RpcCall.run(Server.java:872)
	at org.apache.hadoop.ipc.Server$RpcCall.run(Server.java:818)
	at java.security.AccessController.doPrivileged(Native Method)
	at javax.security.auth.Subject.doAs(Subject.java:422)
	at org.apache.hadoop.security.UserGroupInformation.doAs(UserGroupInformation.java:1729)
	at org.apache.hadoop.ipc.Server$Handler.run(Server.java:2678)
Caused by: org.apache.hadoop.hdfs.server.namenode.SafeModeException: Cannot delete /myfile8. Name node is in safe mode.
The reported blocks 134 needs additional 2 blocks to reach the threshold 0.9990 of total blocks 137.
The number of live datanodes 3 has reached the minimum number 0. In safe mode extension. Safe mode will be turned off automatically in -119 seconds. NamenodeHostName:node-1-link-0
	at org.apache.hadoop.hdfs.server.namenode.FSNamesystem.newSafemodeException(FSNamesystem.java:1450)
	at org.apache.hadoop.hdfs.server.namenode.FSNamesystem.checkNameNodeSafeMode(FSNamesystem.java:1437)
	... 12 more
, while invoking ClientNamenodeProtocolTranslatorPB.delete over node-1-link-0/10.10.1.4:8020. Retrying after sleeping for 1407ms.
2019-02-20 18:35:18,247 INFO retry.RetryInvocationHandler: org.apache.hadoop.ipc.RemoteException(org.apache.hadoop.ipc.RetriableException): org.apache.hadoop.hdfs.server.namenode.SafeModeException: Cannot delete /myfile8. Name node is in safe mode.
The reported blocks 134 needs additional 2 blocks to reach the threshold 0.9990 of total blocks 137.
The number of live datanodes 3 has reached the minimum number 0. In safe mode extension. Safe mode will be turned off automatically in -121 seconds. NamenodeHostName:node-1-link-0
	at org.apache.hadoop.hdfs.server.namenode.FSNamesystem.checkNameNodeSafeMode(FSNamesystem.java:1441)
	at org.apache.hadoop.hdfs.server.namenode.FSNamesystem.delete(FSNamesystem.java:2986)
	at org.apache.hadoop.hdfs.server.namenode.NameNodeRpcServer.delete(NameNodeRpcServer.java:1095)
	at org.apache.hadoop.hdfs.protocolPB.ClientNamenodeProtocolServerSideTranslatorPB.delete(ClientNamenodeProtocolServerSideTranslatorPB.java:692)
	at org.apache.hadoop.hdfs.protocol.proto.ClientNamenodeProtocolProtos$ClientNamenodeProtocol$2.callBlockingMethod(ClientNamenodeProtocolProtos.java)
	at org.apache.hadoop.ipc.ProtobufRpcEngine$Server$ProtoBufRpcInvoker.call(ProtobufRpcEngine.java:523)
	at org.apache.hadoop.ipc.RPC$Server.call(RPC.java:991)
	at org.apache.hadoop.ipc.Server$RpcCall.run(Server.java:872)
	at org.apache.hadoop.ipc.Server$RpcCall.run(Server.java:818)
	at java.security.AccessController.doPrivileged(Native Method)
	at javax.security.auth.Subject.doAs(Subject.java:422)
	at org.apache.hadoop.security.UserGroupInformation.doAs(UserGroupInformation.java:1729)
	at org.apache.hadoop.ipc.Server$Handler.run(Server.java:2678)
Caused by: org.apache.hadoop.hdfs.server.namenode.SafeModeException: Cannot delete /myfile8. Name node is in safe mode.
The reported blocks 134 needs additional 2 blocks to reach the threshold 0.9990 of total blocks 137.
The number of live datanodes 3 has reached the minimum number 0. In safe mode extension. Safe mode will be turned off automatically in -121 seconds. NamenodeHostName:node-1-link-0
	at org.apache.hadoop.hdfs.server.namenode.FSNamesystem.newSafemodeException(FSNamesystem.java:1450)
	at org.apache.hadoop.hdfs.server.namenode.FSNamesystem.checkNameNodeSafeMode(FSNamesystem.java:1437)
	... 12 more
, while invoking ClientNamenodeProtocolTranslatorPB.delete over node-1-link-0/10.10.1.4:8020. Retrying after sleeping for 1022ms.
2019-02-20 18:35:19,272 INFO retry.RetryInvocationHandler: org.apache.hadoop.ipc.RemoteException(org.apache.hadoop.ipc.RetriableException): org.apache.hadoop.hdfs.server.namenode.SafeModeException: Cannot delete /myfile8. Name node is in safe mode.
The reported blocks 134 needs additional 2 blocks to reach the threshold 0.9990 of total blocks 137.
The number of live datanodes 3 has reached the minimum number 0. In safe mode extension. Safe mode will be turned off automatically in -122 seconds. NamenodeHostName:node-1-link-0
	at org.apache.hadoop.hdfs.server.namenode.FSNamesystem.checkNameNodeSafeMode(FSNamesystem.java:1441)
	at org.apache.hadoop.hdfs.server.namenode.FSNamesystem.delete(FSNamesystem.java:2986)
	at org.apache.hadoop.hdfs.server.namenode.NameNodeRpcServer.delete(NameNodeRpcServer.java:1095)
	at org.apache.hadoop.hdfs.protocolPB.ClientNamenodeProtocolServerSideTranslatorPB.delete(ClientNamenodeProtocolServerSideTranslatorPB.java:692)
	at org.apache.hadoop.hdfs.protocol.proto.ClientNamenodeProtocolProtos$ClientNamenodeProtocol$2.callBlockingMethod(ClientNamenodeProtocolProtos.java)
	at org.apache.hadoop.ipc.ProtobufRpcEngine$Server$ProtoBufRpcInvoker.call(ProtobufRpcEngine.java:523)
	at org.apache.hadoop.ipc.RPC$Server.call(RPC.java:991)
	at org.apache.hadoop.ipc.Server$RpcCall.run(Server.java:872)
	at org.apache.hadoop.ipc.Server$RpcCall.run(Server.java:818)
	at java.security.AccessController.doPrivileged(Native Method)
	at javax.security.auth.Subject.doAs(Subject.java:422)
	at org.apache.hadoop.security.UserGroupInformation.doAs(UserGroupInformation.java:1729)
	at org.apache.hadoop.ipc.Server$Handler.run(Server.java:2678)
Caused by: org.apache.hadoop.hdfs.server.namenode.SafeModeException: Cannot delete /myfile8. Name node is in safe mode.
The reported blocks 134 needs additional 2 blocks to reach the threshold 0.9990 of total blocks 137.
The number of live datanodes 3 has reached the minimum number 0. In safe mode extension. Safe mode will be turned off automatically in -122 seconds. NamenodeHostName:node-1-link-0
	at org.apache.hadoop.hdfs.server.namenode.FSNamesystem.newSafemodeException(FSNamesystem.java:1450)
	at org.apache.hadoop.hdfs.server.namenode.FSNamesystem.checkNameNodeSafeMode(FSNamesystem.java:1437)
	... 12 more
, while invoking ClientNamenodeProtocolTranslatorPB.delete over node-1-link-0/10.10.1.4:8020. Retrying after sleeping for 5766ms.
2019-02-20 18:35:25,040 INFO retry.RetryInvocationHandler: org.apache.hadoop.ipc.RemoteException(org.apache.hadoop.ipc.RetriableException): org.apache.hadoop.hdfs.server.namenode.SafeModeException: Cannot delete /myfile8. Name node is in safe mode.
The reported blocks 134 needs additional 2 blocks to reach the threshold 0.9990 of total blocks 137.
The number of live datanodes 3 has reached the minimum number 0. In safe mode extension. Safe mode will be turned off automatically in -128 seconds. NamenodeHostName:node-1-link-0
	at org.apache.hadoop.hdfs.server.namenode.FSNamesystem.checkNameNodeSafeMode(FSNamesystem.java:1441)
	at org.apache.hadoop.hdfs.server.namenode.FSNamesystem.delete(FSNamesystem.java:2986)
	at org.apache.hadoop.hdfs.server.namenode.NameNodeRpcServer.delete(NameNodeRpcServer.java:1095)
	at org.apache.hadoop.hdfs.protocolPB.ClientNamenodeProtocolServerSideTranslatorPB.delete(ClientNamenodeProtocolServerSideTranslatorPB.java:692)
	at org.apache.hadoop.hdfs.protocol.proto.ClientNamenodeProtocolProtos$ClientNamenodeProtocol$2.callBlockingMethod(ClientNamenodeProtocolProtos.java)
	at org.apache.hadoop.ipc.ProtobufRpcEngine$Server$ProtoBufRpcInvoker.call(ProtobufRpcEngine.java:523)
	at org.apache.hadoop.ipc.RPC$Server.call(RPC.java:991)
	at org.apache.hadoop.ipc.Server$RpcCall.run(Server.java:872)
	at org.apache.hadoop.ipc.Server$RpcCall.run(Server.java:818)
	at java.security.AccessController.doPrivileged(Native Method)
	at javax.security.auth.Subject.doAs(Subject.java:422)
	at org.apache.hadoop.security.UserGroupInformation.doAs(UserGroupInformation.java:1729)
	at org.apache.hadoop.ipc.Server$Handler.run(Server.java:2678)
Caused by: org.apache.hadoop.hdfs.server.namenode.SafeModeException: Cannot delete /myfile8. Name node is in safe mode.
The reported blocks 134 needs additional 2 blocks to reach the threshold 0.9990 of total blocks 137.
The number of live datanodes 3 has reached the minimum number 0. In safe mode extension. Safe mode will be turned off automatically in -128 seconds. NamenodeHostName:node-1-link-0
	at org.apache.hadoop.hdfs.server.namenode.FSNamesystem.newSafemodeException(FSNamesystem.java:1450)
	at org.apache.hadoop.hdfs.server.namenode.FSNamesystem.checkNameNodeSafeMode(FSNamesystem.java:1437)
	... 12 more
, while invoking ClientNamenodeProtocolTranslatorPB.delete over node-1-link-0/10.10.1.4:8020. Retrying after sleeping for 5610ms.
2019-02-20 18:35:30,653 INFO retry.RetryInvocationHandler: org.apache.hadoop.ipc.RemoteException(org.apache.hadoop.ipc.RetriableException): org.apache.hadoop.hdfs.server.namenode.SafeModeException: Cannot delete /myfile8. Name node is in safe mode.
The reported blocks 134 needs additional 2 blocks to reach the threshold 0.9990 of total blocks 137.
The number of live datanodes 3 has reached the minimum number 0. In safe mode extension. Safe mode will be turned off automatically in -133 seconds. NamenodeHostName:node-1-link-0
	at org.apache.hadoop.hdfs.server.namenode.FSNamesystem.checkNameNodeSafeMode(FSNamesystem.java:1441)
	at org.apache.hadoop.hdfs.server.namenode.FSNamesystem.delete(FSNamesystem.java:2986)
	at org.apache.hadoop.hdfs.server.namenode.NameNodeRpcServer.delete(NameNodeRpcServer.java:1095)
	at org.apache.hadoop.hdfs.protocolPB.ClientNamenodeProtocolServerSideTranslatorPB.delete(ClientNamenodeProtocolServerSideTranslatorPB.java:692)
	at org.apache.hadoop.hdfs.protocol.proto.ClientNamenodeProtocolProtos$ClientNamenodeProtocol$2.callBlockingMethod(ClientNamenodeProtocolProtos.java)
	at org.apache.hadoop.ipc.ProtobufRpcEngine$Server$ProtoBufRpcInvoker.call(ProtobufRpcEngine.java:523)
	at org.apache.hadoop.ipc.RPC$Server.call(RPC.java:991)
	at org.apache.hadoop.ipc.Server$RpcCall.run(Server.java:872)
	at org.apache.hadoop.ipc.Server$RpcCall.run(Server.java:818)
	at java.security.AccessController.doPrivileged(Native Method)
	at javax.security.auth.Subject.doAs(Subject.java:422)
	at org.apache.hadoop.security.UserGroupInformation.doAs(UserGroupInformation.java:1729)
	at org.apache.hadoop.ipc.Server$Handler.run(Server.java:2678)
Caused by: org.apache.hadoop.hdfs.server.namenode.SafeModeException: Cannot delete /myfile8. Name node is in safe mode.
The reported blocks 134 needs additional 2 blocks to reach the threshold 0.9990 of total blocks 137.
The number of live datanodes 3 has reached the minimum number 0. In safe mode extension. Safe mode will be turned off automatically in -133 seconds. NamenodeHostName:node-1-link-0
	at org.apache.hadoop.hdfs.server.namenode.FSNamesystem.newSafemodeException(FSNamesystem.java:1450)
	at org.apache.hadoop.hdfs.server.namenode.FSNamesystem.checkNameNodeSafeMode(FSNamesystem.java:1437)
	... 12 more
, while invoking ClientNamenodeProtocolTranslatorPB.delete over node-1-link-0/10.10.1.4:8020. Retrying after sleeping for 10239ms.
2019-02-20 18:35:40,896 INFO retry.RetryInvocationHandler: org.apache.hadoop.ipc.RemoteException(org.apache.hadoop.ipc.RetriableException): org.apache.hadoop.hdfs.server.namenode.SafeModeException: Cannot delete /myfile8. Name node is in safe mode.
The reported blocks 134 needs additional 2 blocks to reach the threshold 0.9990 of total blocks 137.
The number of live datanodes 3 has reached the minimum number 0. In safe mode extension. Safe mode will be turned off automatically in -144 seconds. NamenodeHostName:node-1-link-0
	at org.apache.hadoop.hdfs.server.namenode.FSNamesystem.checkNameNodeSafeMode(FSNamesystem.java:1441)
	at org.apache.hadoop.hdfs.server.namenode.FSNamesystem.delete(FSNamesystem.java:2986)
	at org.apache.hadoop.hdfs.server.namenode.NameNodeRpcServer.delete(NameNodeRpcServer.java:1095)
	at org.apache.hadoop.hdfs.protocolPB.ClientNamenodeProtocolServerSideTranslatorPB.delete(ClientNamenodeProtocolServerSideTranslatorPB.java:692)
	at org.apache.hadoop.hdfs.protocol.proto.ClientNamenodeProtocolProtos$ClientNamenodeProtocol$2.callBlockingMethod(ClientNamenodeProtocolProtos.java)
	at org.apache.hadoop.ipc.ProtobufRpcEngine$Server$ProtoBufRpcInvoker.call(ProtobufRpcEngine.java:523)
	at org.apache.hadoop.ipc.RPC$Server.call(RPC.java:991)
	at org.apache.hadoop.ipc.Server$RpcCall.run(Server.java:872)
	at org.apache.hadoop.ipc.Server$RpcCall.run(Server.java:818)
	at java.security.AccessController.doPrivileged(Native Method)
	at javax.security.auth.Subject.doAs(Subject.java:422)
	at org.apache.hadoop.security.UserGroupInformation.doAs(UserGroupInformation.java:1729)
	at org.apache.hadoop.ipc.Server$Handler.run(Server.java:2678)
Caused by: org.apache.hadoop.hdfs.server.namenode.SafeModeException: Cannot delete /myfile8. Name node is in safe mode.
The reported blocks 134 needs additional 2 blocks to reach the threshold 0.9990 of total blocks 137.
The number of live datanodes 3 has reached the minimum number 0. In safe mode extension. Safe mode will be turned off automatically in -144 seconds. NamenodeHostName:node-1-link-0
	at org.apache.hadoop.hdfs.server.namenode.FSNamesystem.newSafemodeException(FSNamesystem.java:1450)
	at org.apache.hadoop.hdfs.server.namenode.FSNamesystem.checkNameNodeSafeMode(FSNamesystem.java:1437)
	... 12 more
, while invoking ClientNamenodeProtocolTranslatorPB.delete over node-1-link-0/10.10.1.4:8020. Retrying after sleeping for 13376ms.
2019-02-20 18:35:54,276 INFO retry.RetryInvocationHandler: org.apache.hadoop.ipc.RemoteException(org.apache.hadoop.ipc.RetriableException): org.apache.hadoop.hdfs.server.namenode.SafeModeException: Cannot delete /myfile8. Name node is in safe mode.
The reported blocks 134 needs additional 2 blocks to reach the threshold 0.9990 of total blocks 137.
The number of live datanodes 3 has reached the minimum number 0. In safe mode extension. Safe mode will be turned off automatically in -157 seconds. NamenodeHostName:node-1-link-0
	at org.apache.hadoop.hdfs.server.namenode.FSNamesystem.checkNameNodeSafeMode(FSNamesystem.java:1441)
	at org.apache.hadoop.hdfs.server.namenode.FSNamesystem.delete(FSNamesystem.java:2986)
	at org.apache.hadoop.hdfs.server.namenode.NameNodeRpcServer.delete(NameNodeRpcServer.java:1095)
	at org.apache.hadoop.hdfs.protocolPB.ClientNamenodeProtocolServerSideTranslatorPB.delete(ClientNamenodeProtocolServerSideTranslatorPB.java:692)
	at org.apache.hadoop.hdfs.protocol.proto.ClientNamenodeProtocolProtos$ClientNamenodeProtocol$2.callBlockingMethod(ClientNamenodeProtocolProtos.java)
	at org.apache.hadoop.ipc.ProtobufRpcEngine$Server$ProtoBufRpcInvoker.call(ProtobufRpcEngine.java:523)
	at org.apache.hadoop.ipc.RPC$Server.call(RPC.java:991)
	at org.apache.hadoop.ipc.Server$RpcCall.run(Server.java:872)
	at org.apache.hadoop.ipc.Server$RpcCall.run(Server.java:818)
	at java.security.AccessController.doPrivileged(Native Method)
	at javax.security.auth.Subject.doAs(Subject.java:422)
	at org.apache.hadoop.security.UserGroupInformation.doAs(UserGroupInformation.java:1729)
	at org.apache.hadoop.ipc.Server$Handler.run(Server.java:2678)
Caused by: org.apache.hadoop.hdfs.server.namenode.SafeModeException: Cannot delete /myfile8. Name node is in safe mode.
The reported blocks 134 needs additional 2 blocks to reach the threshold 0.9990 of total blocks 137.
The number of live datanodes 3 has reached the minimum number 0. In safe mode extension. Safe mode will be turned off automatically in -157 seconds. NamenodeHostName:node-1-link-0
	at org.apache.hadoop.hdfs.server.namenode.FSNamesystem.newSafemodeException(FSNamesystem.java:1450)
	at org.apache.hadoop.hdfs.server.namenode.FSNamesystem.checkNameNodeSafeMode(FSNamesystem.java:1437)
	... 12 more
, while invoking ClientNamenodeProtocolTranslatorPB.delete over node-1-link-0/10.10.1.4:8020. Retrying after sleeping for 9498ms.
2019-02-20 18:36:03,777 INFO retry.RetryInvocationHandler: org.apache.hadoop.ipc.RemoteException(org.apache.hadoop.ipc.RetriableException): org.apache.hadoop.hdfs.server.namenode.SafeModeException: Cannot delete /myfile8. Name node is in safe mode.
The reported blocks 134 needs additional 2 blocks to reach the threshold 0.9990 of total blocks 137.
The number of live datanodes 3 has reached the minimum number 0. In safe mode extension. Safe mode will be turned off automatically in -166 seconds. NamenodeHostName:node-1-link-0
	at org.apache.hadoop.hdfs.server.namenode.FSNamesystem.checkNameNodeSafeMode(FSNamesystem.java:1441)
	at org.apache.hadoop.hdfs.server.namenode.FSNamesystem.delete(FSNamesystem.java:2986)
	at org.apache.hadoop.hdfs.server.namenode.NameNodeRpcServer.delete(NameNodeRpcServer.java:1095)
	at org.apache.hadoop.hdfs.protocolPB.ClientNamenodeProtocolServerSideTranslatorPB.delete(ClientNamenodeProtocolServerSideTranslatorPB.java:692)
	at org.apache.hadoop.hdfs.protocol.proto.ClientNamenodeProtocolProtos$ClientNamenodeProtocol$2.callBlockingMethod(ClientNamenodeProtocolProtos.java)
	at org.apache.hadoop.ipc.ProtobufRpcEngine$Server$ProtoBufRpcInvoker.call(ProtobufRpcEngine.java:523)
	at org.apache.hadoop.ipc.RPC$Server.call(RPC.java:991)
	at org.apache.hadoop.ipc.Server$RpcCall.run(Server.java:872)
	at org.apache.hadoop.ipc.Server$RpcCall.run(Server.java:818)
	at java.security.AccessController.doPrivileged(Native Method)
	at javax.security.auth.Subject.doAs(Subject.java:422)
	at org.apache.hadoop.security.UserGroupInformation.doAs(UserGroupInformation.java:1729)
	at org.apache.hadoop.ipc.Server$Handler.run(Server.java:2678)
Caused by: org.apache.hadoop.hdfs.server.namenode.SafeModeException: Cannot delete /myfile8. Name node is in safe mode.
The reported blocks 134 needs additional 2 blocks to reach the threshold 0.9990 of total blocks 137.
The number of live datanodes 3 has reached the minimum number 0. In safe mode extension. Safe mode will be turned off automatically in -166 seconds. NamenodeHostName:node-1-link-0
	at org.apache.hadoop.hdfs.server.namenode.FSNamesystem.newSafemodeException(FSNamesystem.java:1450)
	at org.apache.hadoop.hdfs.server.namenode.FSNamesystem.checkNameNodeSafeMode(FSNamesystem.java:1437)
	... 12 more
, while invoking ClientNamenodeProtocolTranslatorPB.delete over node-1-link-0/10.10.1.4:8020. Retrying after sleeping for 14674ms.
2019-02-20 18:36:18,456 INFO retry.RetryInvocationHandler: org.apache.hadoop.ipc.RemoteException(org.apache.hadoop.ipc.RetriableException): org.apache.hadoop.hdfs.server.namenode.SafeModeException: Cannot delete /myfile8. Name node is in safe mode.
The reported blocks 134 needs additional 2 blocks to reach the threshold 0.9990 of total blocks 137.
The number of live datanodes 3 has reached the minimum number 0. In safe mode extension. Safe mode will be turned off automatically in -181 seconds. NamenodeHostName:node-1-link-0
	at org.apache.hadoop.hdfs.server.namenode.FSNamesystem.checkNameNodeSafeMode(FSNamesystem.java:1441)
	at org.apache.hadoop.hdfs.server.namenode.FSNamesystem.delete(FSNamesystem.java:2986)
	at org.apache.hadoop.hdfs.server.namenode.NameNodeRpcServer.delete(NameNodeRpcServer.java:1095)
	at org.apache.hadoop.hdfs.protocolPB.ClientNamenodeProtocolServerSideTranslatorPB.delete(ClientNamenodeProtocolServerSideTranslatorPB.java:692)
	at org.apache.hadoop.hdfs.protocol.proto.ClientNamenodeProtocolProtos$ClientNamenodeProtocol$2.callBlockingMethod(ClientNamenodeProtocolProtos.java)
	at org.apache.hadoop.ipc.ProtobufRpcEngine$Server$ProtoBufRpcInvoker.call(ProtobufRpcEngine.java:523)
	at org.apache.hadoop.ipc.RPC$Server.call(RPC.java:991)
	at org.apache.hadoop.ipc.Server$RpcCall.run(Server.java:872)
	at org.apache.hadoop.ipc.Server$RpcCall.run(Server.java:818)
	at java.security.AccessController.doPrivileged(Native Method)
	at javax.security.auth.Subject.doAs(Subject.java:422)
	at org.apache.hadoop.security.UserGroupInformation.doAs(UserGroupInformation.java:1729)
	at org.apache.hadoop.ipc.Server$Handler.run(Server.java:2678)
Caused by: org.apache.hadoop.hdfs.server.namenode.SafeModeException: Cannot delete /myfile8. Name node is in safe mode.
The reported blocks 134 needs additional 2 blocks to reach the threshold 0.9990 of total blocks 137.
The number of live datanodes 3 has reached the minimum number 0. In safe mode extension. Safe mode will be turned off automatically in -181 seconds. NamenodeHostName:node-1-link-0
	at org.apache.hadoop.hdfs.server.namenode.FSNamesystem.newSafemodeException(FSNamesystem.java:1450)
	at org.apache.hadoop.hdfs.server.namenode.FSNamesystem.checkNameNodeSafeMode(FSNamesystem.java:1437)
	... 12 more
, while invoking ClientNamenodeProtocolTranslatorPB.delete over node-1-link-0/10.10.1.4:8020. Retrying after sleeping for 10280ms.
2019-02-20 18:36:28,740 INFO retry.RetryInvocationHandler: org.apache.hadoop.ipc.RemoteException(org.apache.hadoop.ipc.RetriableException): org.apache.hadoop.hdfs.server.namenode.SafeModeException: Cannot delete /myfile8. Name node is in safe mode.
The reported blocks 134 needs additional 2 blocks to reach the threshold 0.9990 of total blocks 137.
The number of live datanodes 3 has reached the minimum number 0. In safe mode extension. Safe mode will be turned off automatically in -191 seconds. NamenodeHostName:node-1-link-0
	at org.apache.hadoop.hdfs.server.namenode.FSNamesystem.checkNameNodeSafeMode(FSNamesystem.java:1441)
	at org.apache.hadoop.hdfs.server.namenode.FSNamesystem.delete(FSNamesystem.java:2986)
	at org.apache.hadoop.hdfs.server.namenode.NameNodeRpcServer.delete(NameNodeRpcServer.java:1095)
	at org.apache.hadoop.hdfs.protocolPB.ClientNamenodeProtocolServerSideTranslatorPB.delete(ClientNamenodeProtocolServerSideTranslatorPB.java:692)
	at org.apache.hadoop.hdfs.protocol.proto.ClientNamenodeProtocolProtos$ClientNamenodeProtocol$2.callBlockingMethod(ClientNamenodeProtocolProtos.java)
	at org.apache.hadoop.ipc.ProtobufRpcEngine$Server$ProtoBufRpcInvoker.call(ProtobufRpcEngine.java:523)
	at org.apache.hadoop.ipc.RPC$Server.call(RPC.java:991)
	at org.apache.hadoop.ipc.Server$RpcCall.run(Server.java:872)
	at org.apache.hadoop.ipc.Server$RpcCall.run(Server.java:818)
	at java.security.AccessController.doPrivileged(Native Method)
	at javax.security.auth.Subject.doAs(Subject.java:422)
	at org.apache.hadoop.security.UserGroupInformation.doAs(UserGroupInformation.java:1729)
	at org.apache.hadoop.ipc.Server$Handler.run(Server.java:2678)
Caused by: org.apache.hadoop.hdfs.server.namenode.SafeModeException: Cannot delete /myfile8. Name node is in safe mode.
The reported blocks 134 needs additional 2 blocks to reach the threshold 0.9990 of total blocks 137.
The number of live datanodes 3 has reached the minimum number 0. In safe mode extension. Safe mode will be turned off automatically in -191 seconds. NamenodeHostName:node-1-link-0
	at org.apache.hadoop.hdfs.server.namenode.FSNamesystem.newSafemodeException(FSNamesystem.java:1450)
	at org.apache.hadoop.hdfs.server.namenode.FSNamesystem.checkNameNodeSafeMode(FSNamesystem.java:1437)
	... 12 more
, while invoking ClientNamenodeProtocolTranslatorPB.delete over node-1-link-0/10.10.1.4:8020. Retrying after sleeping for 8732ms.
rm: org.apache.hadoop.hdfs.server.namenode.SafeModeException: Cannot delete /myfile8. Name node is in safe mode.
file 8 has been removed from HDFS
put: `/myfile8': File exists
Found 20 items
-rw-r--r--   3 root supergroup 1073741824 2019-02-20 18:29 /myfile1
-rw-r--r--   3 root supergroup 1073741824 2019-02-20 18:31 /myfile10
-rw-r--r--   3 root supergroup 1073741824 2019-02-20 18:29 /myfile11
-rw-r--r--   3 root supergroup 1073741824 2019-02-20 18:32 /myfile12
-rw-r--r--   3 root supergroup          0 2019-02-20 18:32 /myfile13._COPYING_
-rw-r--r--   3 root supergroup 1073741824 2019-02-20 18:30 /myfile14
-rw-r--r--   3 root supergroup 1073741824 2019-02-20 18:32 /myfile15
-rw-r--r--   3 root supergroup 1073741824 2019-02-20 18:30 /myfile16
-rw-r--r--   3 root supergroup 1073741824 2019-02-20 18:31 /myfile17
-rw-r--r--   3 root supergroup 1073741824 2019-02-20 18:31 /myfile18
-rw-r--r--   3 root supergroup 1073741824 2019-02-20 18:31 /myfile19
-rw-r--r--   3 root supergroup          0 2019-02-20 18:32 /myfile2._COPYING_
-rw-r--r--   3 root supergroup 1073741824 2019-02-20 18:30 /myfile20
-rw-r--r--   3 root supergroup 1073741824 2019-02-20 18:30 /myfile3
-rw-r--r--   3 root supergroup 1073741824 2019-02-20 18:30 /myfile4
-rw-r--r--   3 root supergroup 1073741824 2019-02-20 18:30 /myfile5
-rw-r--r--   3 root supergroup 1073741824 2019-02-20 18:29 /myfile6
-rw-r--r--   3 root supergroup 1073741824 2019-02-20 18:30 /myfile7
-rw-r--r--   3 root supergroup 1073741824 2019-02-20 18:32 /myfile8
-rw-r--r--   3 root supergroup  134217728 2019-02-20 18:32 /myfile9._COPYING_
file 8 has been put into HDFS
file 8 has been read from HDFS for 1 time
diff succeed!
file 8 has been read from HDFS for 2 time
diff succeed!
file 8 has been read from HDFS for 3 time
diff succeed!
file 8 has been read from HDFS for 4 time
diff succeed!
file 8 has been read from HDFS for 5 time
diff succeed!
file 8 has been read from HDFS for 6 time
diff succeed!
file 8 has been read from HDFS for 7 time
diff succeed!
file 8 has been read from HDFS for 8 time
diff succeed!
file 8 has been read from HDFS for 9 time
diff succeed!
file 8 has been read from HDFS for 10 time
diff succeed!
2019-02-20 18:39:48,032 INFO retry.RetryInvocationHandler: org.apache.hadoop.ipc.RemoteException(org.apache.hadoop.ipc.RetriableException): org.apache.hadoop.hdfs.server.namenode.SafeModeException: Cannot delete /myfile8. Name node is in safe mode.
The reported blocks 134 needs additional 2 blocks to reach the threshold 0.9990 of total blocks 137.
The number of live datanodes 3 has reached the minimum number 0. In safe mode extension. Safe mode will be turned off automatically in -391 seconds. NamenodeHostName:node-1-link-0
	at org.apache.hadoop.hdfs.server.namenode.FSNamesystem.checkNameNodeSafeMode(FSNamesystem.java:1441)
	at org.apache.hadoop.hdfs.server.namenode.FSNamesystem.delete(FSNamesystem.java:2986)
	at org.apache.hadoop.hdfs.server.namenode.NameNodeRpcServer.delete(NameNodeRpcServer.java:1095)
	at org.apache.hadoop.hdfs.protocolPB.ClientNamenodeProtocolServerSideTranslatorPB.delete(ClientNamenodeProtocolServerSideTranslatorPB.java:692)
	at org.apache.hadoop.hdfs.protocol.proto.ClientNamenodeProtocolProtos$ClientNamenodeProtocol$2.callBlockingMethod(ClientNamenodeProtocolProtos.java)
	at org.apache.hadoop.ipc.ProtobufRpcEngine$Server$ProtoBufRpcInvoker.call(ProtobufRpcEngine.java:523)
	at org.apache.hadoop.ipc.RPC$Server.call(RPC.java:991)
	at org.apache.hadoop.ipc.Server$RpcCall.run(Server.java:872)
	at org.apache.hadoop.ipc.Server$RpcCall.run(Server.java:818)
	at java.security.AccessController.doPrivileged(Native Method)
	at javax.security.auth.Subject.doAs(Subject.java:422)
	at org.apache.hadoop.security.UserGroupInformation.doAs(UserGroupInformation.java:1729)
	at org.apache.hadoop.ipc.Server$Handler.run(Server.java:2678)
Caused by: org.apache.hadoop.hdfs.server.namenode.SafeModeException: Cannot delete /myfile8. Name node is in safe mode.
The reported blocks 134 needs additional 2 blocks to reach the threshold 0.9990 of total blocks 137.
The number of live datanodes 3 has reached the minimum number 0. In safe mode extension. Safe mode will be turned off automatically in -391 seconds. NamenodeHostName:node-1-link-0
	at org.apache.hadoop.hdfs.server.namenode.FSNamesystem.newSafemodeException(FSNamesystem.java:1450)
	at org.apache.hadoop.hdfs.server.namenode.FSNamesystem.checkNameNodeSafeMode(FSNamesystem.java:1437)
	... 12 more
, while invoking ClientNamenodeProtocolTranslatorPB.delete over node-1-link-0/10.10.1.4:8020. Retrying immediately.
2019-02-20 18:39:48,034 INFO retry.RetryInvocationHandler: org.apache.hadoop.ipc.RemoteException(org.apache.hadoop.ipc.RetriableException): org.apache.hadoop.hdfs.server.namenode.SafeModeException: Cannot delete /myfile8. Name node is in safe mode.
The reported blocks 134 needs additional 2 blocks to reach the threshold 0.9990 of total blocks 137.
The number of live datanodes 3 has reached the minimum number 0. In safe mode extension. Safe mode will be turned off automatically in -391 seconds. NamenodeHostName:node-1-link-0
	at org.apache.hadoop.hdfs.server.namenode.FSNamesystem.checkNameNodeSafeMode(FSNamesystem.java:1441)
	at org.apache.hadoop.hdfs.server.namenode.FSNamesystem.delete(FSNamesystem.java:2986)
	at org.apache.hadoop.hdfs.server.namenode.NameNodeRpcServer.delete(NameNodeRpcServer.java:1095)
	at org.apache.hadoop.hdfs.protocolPB.ClientNamenodeProtocolServerSideTranslatorPB.delete(ClientNamenodeProtocolServerSideTranslatorPB.java:692)
	at org.apache.hadoop.hdfs.protocol.proto.ClientNamenodeProtocolProtos$ClientNamenodeProtocol$2.callBlockingMethod(ClientNamenodeProtocolProtos.java)
	at org.apache.hadoop.ipc.ProtobufRpcEngine$Server$ProtoBufRpcInvoker.call(ProtobufRpcEngine.java:523)
	at org.apache.hadoop.ipc.RPC$Server.call(RPC.java:991)
	at org.apache.hadoop.ipc.Server$RpcCall.run(Server.java:872)
	at org.apache.hadoop.ipc.Server$RpcCall.run(Server.java:818)
	at java.security.AccessController.doPrivileged(Native Method)
	at javax.security.auth.Subject.doAs(Subject.java:422)
	at org.apache.hadoop.security.UserGroupInformation.doAs(UserGroupInformation.java:1729)
	at org.apache.hadoop.ipc.Server$Handler.run(Server.java:2678)
Caused by: org.apache.hadoop.hdfs.server.namenode.SafeModeException: Cannot delete /myfile8. Name node is in safe mode.
The reported blocks 134 needs additional 2 blocks to reach the threshold 0.9990 of total blocks 137.
The number of live datanodes 3 has reached the minimum number 0. In safe mode extension. Safe mode will be turned off automatically in -391 seconds. NamenodeHostName:node-1-link-0
	at org.apache.hadoop.hdfs.server.namenode.FSNamesystem.newSafemodeException(FSNamesystem.java:1450)
	at org.apache.hadoop.hdfs.server.namenode.FSNamesystem.checkNameNodeSafeMode(FSNamesystem.java:1437)
	... 12 more
, while invoking ClientNamenodeProtocolTranslatorPB.delete over node-1-link-0/10.10.1.4:8020. Retrying after sleeping for 1341ms.
2019-02-20 18:39:49,377 INFO retry.RetryInvocationHandler: org.apache.hadoop.ipc.RemoteException(org.apache.hadoop.ipc.RetriableException): org.apache.hadoop.hdfs.server.namenode.SafeModeException: Cannot delete /myfile8. Name node is in safe mode.
The reported blocks 134 needs additional 2 blocks to reach the threshold 0.9990 of total blocks 137.
The number of live datanodes 3 has reached the minimum number 0. In safe mode extension. Safe mode will be turned off automatically in -392 seconds. NamenodeHostName:node-1-link-0
	at org.apache.hadoop.hdfs.server.namenode.FSNamesystem.checkNameNodeSafeMode(FSNamesystem.java:1441)
	at org.apache.hadoop.hdfs.server.namenode.FSNamesystem.delete(FSNamesystem.java:2986)
	at org.apache.hadoop.hdfs.server.namenode.NameNodeRpcServer.delete(NameNodeRpcServer.java:1095)
	at org.apache.hadoop.hdfs.protocolPB.ClientNamenodeProtocolServerSideTranslatorPB.delete(ClientNamenodeProtocolServerSideTranslatorPB.java:692)
	at org.apache.hadoop.hdfs.protocol.proto.ClientNamenodeProtocolProtos$ClientNamenodeProtocol$2.callBlockingMethod(ClientNamenodeProtocolProtos.java)
	at org.apache.hadoop.ipc.ProtobufRpcEngine$Server$ProtoBufRpcInvoker.call(ProtobufRpcEngine.java:523)
	at org.apache.hadoop.ipc.RPC$Server.call(RPC.java:991)
	at org.apache.hadoop.ipc.Server$RpcCall.run(Server.java:872)
	at org.apache.hadoop.ipc.Server$RpcCall.run(Server.java:818)
	at java.security.AccessController.doPrivileged(Native Method)
	at javax.security.auth.Subject.doAs(Subject.java:422)
	at org.apache.hadoop.security.UserGroupInformation.doAs(UserGroupInformation.java:1729)
	at org.apache.hadoop.ipc.Server$Handler.run(Server.java:2678)
Caused by: org.apache.hadoop.hdfs.server.namenode.SafeModeException: Cannot delete /myfile8. Name node is in safe mode.
The reported blocks 134 needs additional 2 blocks to reach the threshold 0.9990 of total blocks 137.
The number of live datanodes 3 has reached the minimum number 0. In safe mode extension. Safe mode will be turned off automatically in -392 seconds. NamenodeHostName:node-1-link-0
	at org.apache.hadoop.hdfs.server.namenode.FSNamesystem.newSafemodeException(FSNamesystem.java:1450)
	at org.apache.hadoop.hdfs.server.namenode.FSNamesystem.checkNameNodeSafeMode(FSNamesystem.java:1437)
	... 12 more
, while invoking ClientNamenodeProtocolTranslatorPB.delete over node-1-link-0/10.10.1.4:8020. Retrying after sleeping for 1312ms.
2019-02-20 18:39:50,692 INFO retry.RetryInvocationHandler: org.apache.hadoop.ipc.RemoteException(org.apache.hadoop.ipc.RetriableException): org.apache.hadoop.hdfs.server.namenode.SafeModeException: Cannot delete /myfile8. Name node is in safe mode.
The reported blocks 134 needs additional 2 blocks to reach the threshold 0.9990 of total blocks 137.
The number of live datanodes 3 has reached the minimum number 0. In safe mode extension. Safe mode will be turned off automatically in -393 seconds. NamenodeHostName:node-1-link-0
	at org.apache.hadoop.hdfs.server.namenode.FSNamesystem.checkNameNodeSafeMode(FSNamesystem.java:1441)
	at org.apache.hadoop.hdfs.server.namenode.FSNamesystem.delete(FSNamesystem.java:2986)
	at org.apache.hadoop.hdfs.server.namenode.NameNodeRpcServer.delete(NameNodeRpcServer.java:1095)
	at org.apache.hadoop.hdfs.protocolPB.ClientNamenodeProtocolServerSideTranslatorPB.delete(ClientNamenodeProtocolServerSideTranslatorPB.java:692)
	at org.apache.hadoop.hdfs.protocol.proto.ClientNamenodeProtocolProtos$ClientNamenodeProtocol$2.callBlockingMethod(ClientNamenodeProtocolProtos.java)
	at org.apache.hadoop.ipc.ProtobufRpcEngine$Server$ProtoBufRpcInvoker.call(ProtobufRpcEngine.java:523)
	at org.apache.hadoop.ipc.RPC$Server.call(RPC.java:991)
	at org.apache.hadoop.ipc.Server$RpcCall.run(Server.java:872)
	at org.apache.hadoop.ipc.Server$RpcCall.run(Server.java:818)
	at java.security.AccessController.doPrivileged(Native Method)
	at javax.security.auth.Subject.doAs(Subject.java:422)
	at org.apache.hadoop.security.UserGroupInformation.doAs(UserGroupInformation.java:1729)
	at org.apache.hadoop.ipc.Server$Handler.run(Server.java:2678)
Caused by: org.apache.hadoop.hdfs.server.namenode.SafeModeException: Cannot delete /myfile8. Name node is in safe mode.
The reported blocks 134 needs additional 2 blocks to reach the threshold 0.9990 of total blocks 137.
The number of live datanodes 3 has reached the minimum number 0. In safe mode extension. Safe mode will be turned off automatically in -393 seconds. NamenodeHostName:node-1-link-0
	at org.apache.hadoop.hdfs.server.namenode.FSNamesystem.newSafemodeException(FSNamesystem.java:1450)
	at org.apache.hadoop.hdfs.server.namenode.FSNamesystem.checkNameNodeSafeMode(FSNamesystem.java:1437)
	... 12 more
, while invoking ClientNamenodeProtocolTranslatorPB.delete over node-1-link-0/10.10.1.4:8020. Retrying after sleeping for 5853ms.
2019-02-20 18:39:56,547 INFO retry.RetryInvocationHandler: org.apache.hadoop.ipc.RemoteException(org.apache.hadoop.ipc.RetriableException): org.apache.hadoop.hdfs.server.namenode.SafeModeException: Cannot delete /myfile8. Name node is in safe mode.
The reported blocks 134 needs additional 2 blocks to reach the threshold 0.9990 of total blocks 137.
The number of live datanodes 3 has reached the minimum number 0. In safe mode extension. Safe mode will be turned off automatically in -399 seconds. NamenodeHostName:node-1-link-0
	at org.apache.hadoop.hdfs.server.namenode.FSNamesystem.checkNameNodeSafeMode(FSNamesystem.java:1441)
	at org.apache.hadoop.hdfs.server.namenode.FSNamesystem.delete(FSNamesystem.java:2986)
	at org.apache.hadoop.hdfs.server.namenode.NameNodeRpcServer.delete(NameNodeRpcServer.java:1095)
	at org.apache.hadoop.hdfs.protocolPB.ClientNamenodeProtocolServerSideTranslatorPB.delete(ClientNamenodeProtocolServerSideTranslatorPB.java:692)
	at org.apache.hadoop.hdfs.protocol.proto.ClientNamenodeProtocolProtos$ClientNamenodeProtocol$2.callBlockingMethod(ClientNamenodeProtocolProtos.java)
	at org.apache.hadoop.ipc.ProtobufRpcEngine$Server$ProtoBufRpcInvoker.call(ProtobufRpcEngine.java:523)
	at org.apache.hadoop.ipc.RPC$Server.call(RPC.java:991)
	at org.apache.hadoop.ipc.Server$RpcCall.run(Server.java:872)
	at org.apache.hadoop.ipc.Server$RpcCall.run(Server.java:818)
	at java.security.AccessController.doPrivileged(Native Method)
	at javax.security.auth.Subject.doAs(Subject.java:422)
	at org.apache.hadoop.security.UserGroupInformation.doAs(UserGroupInformation.java:1729)
	at org.apache.hadoop.ipc.Server$Handler.run(Server.java:2678)
Caused by: org.apache.hadoop.hdfs.server.namenode.SafeModeException: Cannot delete /myfile8. Name node is in safe mode.
The reported blocks 134 needs additional 2 blocks to reach the threshold 0.9990 of total blocks 137.
The number of live datanodes 3 has reached the minimum number 0. In safe mode extension. Safe mode will be turned off automatically in -399 seconds. NamenodeHostName:node-1-link-0
	at org.apache.hadoop.hdfs.server.namenode.FSNamesystem.newSafemodeException(FSNamesystem.java:1450)
	at org.apache.hadoop.hdfs.server.namenode.FSNamesystem.checkNameNodeSafeMode(FSNamesystem.java:1437)
	... 12 more
, while invoking ClientNamenodeProtocolTranslatorPB.delete over node-1-link-0/10.10.1.4:8020. Retrying after sleeping for 8491ms.
2019-02-20 18:40:05,040 INFO retry.RetryInvocationHandler: org.apache.hadoop.ipc.RemoteException(org.apache.hadoop.ipc.RetriableException): org.apache.hadoop.hdfs.server.namenode.SafeModeException: Cannot delete /myfile8. Name node is in safe mode.
The reported blocks 134 needs additional 2 blocks to reach the threshold 0.9990 of total blocks 137.
The number of live datanodes 3 has reached the minimum number 0. In safe mode extension. Safe mode will be turned off automatically in -408 seconds. NamenodeHostName:node-1-link-0
	at org.apache.hadoop.hdfs.server.namenode.FSNamesystem.checkNameNodeSafeMode(FSNamesystem.java:1441)
	at org.apache.hadoop.hdfs.server.namenode.FSNamesystem.delete(FSNamesystem.java:2986)
	at org.apache.hadoop.hdfs.server.namenode.NameNodeRpcServer.delete(NameNodeRpcServer.java:1095)
	at org.apache.hadoop.hdfs.protocolPB.ClientNamenodeProtocolServerSideTranslatorPB.delete(ClientNamenodeProtocolServerSideTranslatorPB.java:692)
	at org.apache.hadoop.hdfs.protocol.proto.ClientNamenodeProtocolProtos$ClientNamenodeProtocol$2.callBlockingMethod(ClientNamenodeProtocolProtos.java)
	at org.apache.hadoop.ipc.ProtobufRpcEngine$Server$ProtoBufRpcInvoker.call(ProtobufRpcEngine.java:523)
	at org.apache.hadoop.ipc.RPC$Server.call(RPC.java:991)
	at org.apache.hadoop.ipc.Server$RpcCall.run(Server.java:872)
	at org.apache.hadoop.ipc.Server$RpcCall.run(Server.java:818)
	at java.security.AccessController.doPrivileged(Native Method)
	at javax.security.auth.Subject.doAs(Subject.java:422)
	at org.apache.hadoop.security.UserGroupInformation.doAs(UserGroupInformation.java:1729)
	at org.apache.hadoop.ipc.Server$Handler.run(Server.java:2678)
Caused by: org.apache.hadoop.hdfs.server.namenode.SafeModeException: Cannot delete /myfile8. Name node is in safe mode.
The reported blocks 134 needs additional 2 blocks to reach the threshold 0.9990 of total blocks 137.
The number of live datanodes 3 has reached the minimum number 0. In safe mode extension. Safe mode will be turned off automatically in -408 seconds. NamenodeHostName:node-1-link-0
	at org.apache.hadoop.hdfs.server.namenode.FSNamesystem.newSafemodeException(FSNamesystem.java:1450)
	at org.apache.hadoop.hdfs.server.namenode.FSNamesystem.checkNameNodeSafeMode(FSNamesystem.java:1437)
	... 12 more
, while invoking ClientNamenodeProtocolTranslatorPB.delete over node-1-link-0/10.10.1.4:8020. Retrying after sleeping for 8086ms.
2019-02-20 18:40:13,129 INFO retry.RetryInvocationHandler: org.apache.hadoop.ipc.RemoteException(org.apache.hadoop.ipc.RetriableException): org.apache.hadoop.hdfs.server.namenode.SafeModeException: Cannot delete /myfile8. Name node is in safe mode.
The reported blocks 134 needs additional 2 blocks to reach the threshold 0.9990 of total blocks 137.
The number of live datanodes 3 has reached the minimum number 0. In safe mode extension. Safe mode will be turned off automatically in -416 seconds. NamenodeHostName:node-1-link-0
	at org.apache.hadoop.hdfs.server.namenode.FSNamesystem.checkNameNodeSafeMode(FSNamesystem.java:1441)
	at org.apache.hadoop.hdfs.server.namenode.FSNamesystem.delete(FSNamesystem.java:2986)
	at org.apache.hadoop.hdfs.server.namenode.NameNodeRpcServer.delete(NameNodeRpcServer.java:1095)
	at org.apache.hadoop.hdfs.protocolPB.ClientNamenodeProtocolServerSideTranslatorPB.delete(ClientNamenodeProtocolServerSideTranslatorPB.java:692)
	at org.apache.hadoop.hdfs.protocol.proto.ClientNamenodeProtocolProtos$ClientNamenodeProtocol$2.callBlockingMethod(ClientNamenodeProtocolProtos.java)
	at org.apache.hadoop.ipc.ProtobufRpcEngine$Server$ProtoBufRpcInvoker.call(ProtobufRpcEngine.java:523)
	at org.apache.hadoop.ipc.RPC$Server.call(RPC.java:991)
	at org.apache.hadoop.ipc.Server$RpcCall.run(Server.java:872)
	at org.apache.hadoop.ipc.Server$RpcCall.run(Server.java:818)
	at java.security.AccessController.doPrivileged(Native Method)
	at javax.security.auth.Subject.doAs(Subject.java:422)
	at org.apache.hadoop.security.UserGroupInformation.doAs(UserGroupInformation.java:1729)
	at org.apache.hadoop.ipc.Server$Handler.run(Server.java:2678)
Caused by: org.apache.hadoop.hdfs.server.namenode.SafeModeException: Cannot delete /myfile8. Name node is in safe mode.
The reported blocks 134 needs additional 2 blocks to reach the threshold 0.9990 of total blocks 137.
The number of live datanodes 3 has reached the minimum number 0. In safe mode extension. Safe mode will be turned off automatically in -416 seconds. NamenodeHostName:node-1-link-0
	at org.apache.hadoop.hdfs.server.namenode.FSNamesystem.newSafemodeException(FSNamesystem.java:1450)
	at org.apache.hadoop.hdfs.server.namenode.FSNamesystem.checkNameNodeSafeMode(FSNamesystem.java:1437)
	... 12 more
, while invoking ClientNamenodeProtocolTranslatorPB.delete over node-1-link-0/10.10.1.4:8020. Retrying after sleeping for 17183ms.
2019-02-20 18:40:30,316 INFO retry.RetryInvocationHandler: org.apache.hadoop.ipc.RemoteException(org.apache.hadoop.ipc.RetriableException): org.apache.hadoop.hdfs.server.namenode.SafeModeException: Cannot delete /myfile8. Name node is in safe mode.
The reported blocks 134 needs additional 2 blocks to reach the threshold 0.9990 of total blocks 137.
The number of live datanodes 3 has reached the minimum number 0. In safe mode extension. Safe mode will be turned off automatically in -433 seconds. NamenodeHostName:node-1-link-0
	at org.apache.hadoop.hdfs.server.namenode.FSNamesystem.checkNameNodeSafeMode(FSNamesystem.java:1441)
	at org.apache.hadoop.hdfs.server.namenode.FSNamesystem.delete(FSNamesystem.java:2986)
	at org.apache.hadoop.hdfs.server.namenode.NameNodeRpcServer.delete(NameNodeRpcServer.java:1095)
	at org.apache.hadoop.hdfs.protocolPB.ClientNamenodeProtocolServerSideTranslatorPB.delete(ClientNamenodeProtocolServerSideTranslatorPB.java:692)
	at org.apache.hadoop.hdfs.protocol.proto.ClientNamenodeProtocolProtos$ClientNamenodeProtocol$2.callBlockingMethod(ClientNamenodeProtocolProtos.java)
	at org.apache.hadoop.ipc.ProtobufRpcEngine$Server$ProtoBufRpcInvoker.call(ProtobufRpcEngine.java:523)
	at org.apache.hadoop.ipc.RPC$Server.call(RPC.java:991)
	at org.apache.hadoop.ipc.Server$RpcCall.run(Server.java:872)
	at org.apache.hadoop.ipc.Server$RpcCall.run(Server.java:818)
	at java.security.AccessController.doPrivileged(Native Method)
	at javax.security.auth.Subject.doAs(Subject.java:422)
	at org.apache.hadoop.security.UserGroupInformation.doAs(UserGroupInformation.java:1729)
	at org.apache.hadoop.ipc.Server$Handler.run(Server.java:2678)
Caused by: org.apache.hadoop.hdfs.server.namenode.SafeModeException: Cannot delete /myfile8. Name node is in safe mode.
The reported blocks 134 needs additional 2 blocks to reach the threshold 0.9990 of total blocks 137.
The number of live datanodes 3 has reached the minimum number 0. In safe mode extension. Safe mode will be turned off automatically in -433 seconds. NamenodeHostName:node-1-link-0
	at org.apache.hadoop.hdfs.server.namenode.FSNamesystem.newSafemodeException(FSNamesystem.java:1450)
	at org.apache.hadoop.hdfs.server.namenode.FSNamesystem.checkNameNodeSafeMode(FSNamesystem.java:1437)
	... 12 more
, while invoking ClientNamenodeProtocolTranslatorPB.delete over node-1-link-0/10.10.1.4:8020. Retrying after sleeping for 16229ms.
2019-02-20 18:40:46,548 INFO retry.RetryInvocationHandler: org.apache.hadoop.ipc.RemoteException(org.apache.hadoop.ipc.RetriableException): org.apache.hadoop.hdfs.server.namenode.SafeModeException: Cannot delete /myfile8. Name node is in safe mode.
The reported blocks 134 needs additional 2 blocks to reach the threshold 0.9990 of total blocks 137.
The number of live datanodes 3 has reached the minimum number 0. In safe mode extension. Safe mode will be turned off automatically in -449 seconds. NamenodeHostName:node-1-link-0
	at org.apache.hadoop.hdfs.server.namenode.FSNamesystem.checkNameNodeSafeMode(FSNamesystem.java:1441)
	at org.apache.hadoop.hdfs.server.namenode.FSNamesystem.delete(FSNamesystem.java:2986)
	at org.apache.hadoop.hdfs.server.namenode.NameNodeRpcServer.delete(NameNodeRpcServer.java:1095)
	at org.apache.hadoop.hdfs.protocolPB.ClientNamenodeProtocolServerSideTranslatorPB.delete(ClientNamenodeProtocolServerSideTranslatorPB.java:692)
	at org.apache.hadoop.hdfs.protocol.proto.ClientNamenodeProtocolProtos$ClientNamenodeProtocol$2.callBlockingMethod(ClientNamenodeProtocolProtos.java)
	at org.apache.hadoop.ipc.ProtobufRpcEngine$Server$ProtoBufRpcInvoker.call(ProtobufRpcEngine.java:523)
	at org.apache.hadoop.ipc.RPC$Server.call(RPC.java:991)
	at org.apache.hadoop.ipc.Server$RpcCall.run(Server.java:872)
	at org.apache.hadoop.ipc.Server$RpcCall.run(Server.java:818)
	at java.security.AccessController.doPrivileged(Native Method)
	at javax.security.auth.Subject.doAs(Subject.java:422)
	at org.apache.hadoop.security.UserGroupInformation.doAs(UserGroupInformation.java:1729)
	at org.apache.hadoop.ipc.Server$Handler.run(Server.java:2678)
Caused by: org.apache.hadoop.hdfs.server.namenode.SafeModeException: Cannot delete /myfile8. Name node is in safe mode.
The reported blocks 134 needs additional 2 blocks to reach the threshold 0.9990 of total blocks 137.
The number of live datanodes 3 has reached the minimum number 0. In safe mode extension. Safe mode will be turned off automatically in -449 seconds. NamenodeHostName:node-1-link-0
	at org.apache.hadoop.hdfs.server.namenode.FSNamesystem.newSafemodeException(FSNamesystem.java:1450)
	at org.apache.hadoop.hdfs.server.namenode.FSNamesystem.checkNameNodeSafeMode(FSNamesystem.java:1437)
	... 12 more
, while invoking ClientNamenodeProtocolTranslatorPB.delete over node-1-link-0/10.10.1.4:8020. Retrying after sleeping for 9304ms.
2019-02-20 18:40:55,855 INFO retry.RetryInvocationHandler: org.apache.hadoop.ipc.RemoteException(org.apache.hadoop.ipc.RetriableException): org.apache.hadoop.hdfs.server.namenode.SafeModeException: Cannot delete /myfile8. Name node is in safe mode.
The reported blocks 134 needs additional 2 blocks to reach the threshold 0.9990 of total blocks 137.
The number of live datanodes 3 has reached the minimum number 0. In safe mode extension. Safe mode will be turned off automatically in -458 seconds. NamenodeHostName:node-1-link-0
	at org.apache.hadoop.hdfs.server.namenode.FSNamesystem.checkNameNodeSafeMode(FSNamesystem.java:1441)
	at org.apache.hadoop.hdfs.server.namenode.FSNamesystem.delete(FSNamesystem.java:2986)
	at org.apache.hadoop.hdfs.server.namenode.NameNodeRpcServer.delete(NameNodeRpcServer.java:1095)
	at org.apache.hadoop.hdfs.protocolPB.ClientNamenodeProtocolServerSideTranslatorPB.delete(ClientNamenodeProtocolServerSideTranslatorPB.java:692)
	at org.apache.hadoop.hdfs.protocol.proto.ClientNamenodeProtocolProtos$ClientNamenodeProtocol$2.callBlockingMethod(ClientNamenodeProtocolProtos.java)
	at org.apache.hadoop.ipc.ProtobufRpcEngine$Server$ProtoBufRpcInvoker.call(ProtobufRpcEngine.java:523)
	at org.apache.hadoop.ipc.RPC$Server.call(RPC.java:991)
	at org.apache.hadoop.ipc.Server$RpcCall.run(Server.java:872)
	at org.apache.hadoop.ipc.Server$RpcCall.run(Server.java:818)
	at java.security.AccessController.doPrivileged(Native Method)
	at javax.security.auth.Subject.doAs(Subject.java:422)
	at org.apache.hadoop.security.UserGroupInformation.doAs(UserGroupInformation.java:1729)
	at org.apache.hadoop.ipc.Server$Handler.run(Server.java:2678)
Caused by: org.apache.hadoop.hdfs.server.namenode.SafeModeException: Cannot delete /myfile8. Name node is in safe mode.
The reported blocks 134 needs additional 2 blocks to reach the threshold 0.9990 of total blocks 137.
The number of live datanodes 3 has reached the minimum number 0. In safe mode extension. Safe mode will be turned off automatically in -458 seconds. NamenodeHostName:node-1-link-0
	at org.apache.hadoop.hdfs.server.namenode.FSNamesystem.newSafemodeException(FSNamesystem.java:1450)
	at org.apache.hadoop.hdfs.server.namenode.FSNamesystem.checkNameNodeSafeMode(FSNamesystem.java:1437)
	... 12 more
, while invoking ClientNamenodeProtocolTranslatorPB.delete over node-1-link-0/10.10.1.4:8020. Retrying after sleeping for 9625ms.
2019-02-20 18:41:05,482 INFO retry.RetryInvocationHandler: org.apache.hadoop.ipc.RemoteException(org.apache.hadoop.ipc.RetriableException): org.apache.hadoop.hdfs.server.namenode.SafeModeException: Cannot delete /myfile8. Name node is in safe mode.
The reported blocks 134 needs additional 2 blocks to reach the threshold 0.9990 of total blocks 137.
The number of live datanodes 3 has reached the minimum number 0. In safe mode extension. Safe mode will be turned off automatically in -468 seconds. NamenodeHostName:node-1-link-0
	at org.apache.hadoop.hdfs.server.namenode.FSNamesystem.checkNameNodeSafeMode(FSNamesystem.java:1441)
	at org.apache.hadoop.hdfs.server.namenode.FSNamesystem.delete(FSNamesystem.java:2986)
	at org.apache.hadoop.hdfs.server.namenode.NameNodeRpcServer.delete(NameNodeRpcServer.java:1095)
	at org.apache.hadoop.hdfs.protocolPB.ClientNamenodeProtocolServerSideTranslatorPB.delete(ClientNamenodeProtocolServerSideTranslatorPB.java:692)
	at org.apache.hadoop.hdfs.protocol.proto.ClientNamenodeProtocolProtos$ClientNamenodeProtocol$2.callBlockingMethod(ClientNamenodeProtocolProtos.java)
	at org.apache.hadoop.ipc.ProtobufRpcEngine$Server$ProtoBufRpcInvoker.call(ProtobufRpcEngine.java:523)
	at org.apache.hadoop.ipc.RPC$Server.call(RPC.java:991)
	at org.apache.hadoop.ipc.Server$RpcCall.run(Server.java:872)
	at org.apache.hadoop.ipc.Server$RpcCall.run(Server.java:818)
	at java.security.AccessController.doPrivileged(Native Method)
	at javax.security.auth.Subject.doAs(Subject.java:422)
	at org.apache.hadoop.security.UserGroupInformation.doAs(UserGroupInformation.java:1729)
	at org.apache.hadoop.ipc.Server$Handler.run(Server.java:2678)
Caused by: org.apache.hadoop.hdfs.server.namenode.SafeModeException: Cannot delete /myfile8. Name node is in safe mode.
The reported blocks 134 needs additional 2 blocks to reach the threshold 0.9990 of total blocks 137.
The number of live datanodes 3 has reached the minimum number 0. In safe mode extension. Safe mode will be turned off automatically in -468 seconds. NamenodeHostName:node-1-link-0
	at org.apache.hadoop.hdfs.server.namenode.FSNamesystem.newSafemodeException(FSNamesystem.java:1450)
	at org.apache.hadoop.hdfs.server.namenode.FSNamesystem.checkNameNodeSafeMode(FSNamesystem.java:1437)
	... 12 more
, while invoking ClientNamenodeProtocolTranslatorPB.delete over node-1-link-0/10.10.1.4:8020. Retrying after sleeping for 19206ms.
rm: org.apache.hadoop.hdfs.server.namenode.SafeModeException: Cannot delete /myfile8. Name node is in safe mode.
file 8 has been removed from HDFS
put: `/myfile8': File exists
Found 20 items
-rw-r--r--   3 root supergroup 1073741824 2019-02-20 18:29 /myfile1
-rw-r--r--   3 root supergroup 1073741824 2019-02-20 18:31 /myfile10
-rw-r--r--   3 root supergroup 1073741824 2019-02-20 18:29 /myfile11
-rw-r--r--   3 root supergroup 1073741824 2019-02-20 18:32 /myfile12
-rw-r--r--   3 root supergroup          0 2019-02-20 18:32 /myfile13._COPYING_
-rw-r--r--   3 root supergroup 1073741824 2019-02-20 18:30 /myfile14
-rw-r--r--   3 root supergroup 1073741824 2019-02-20 18:32 /myfile15
-rw-r--r--   3 root supergroup 1073741824 2019-02-20 18:30 /myfile16
-rw-r--r--   3 root supergroup 1073741824 2019-02-20 18:31 /myfile17
-rw-r--r--   3 root supergroup 1073741824 2019-02-20 18:31 /myfile18
-rw-r--r--   3 root supergroup 1073741824 2019-02-20 18:31 /myfile19
-rw-r--r--   3 root supergroup          0 2019-02-20 18:32 /myfile2._COPYING_
-rw-r--r--   3 root supergroup 1073741824 2019-02-20 18:30 /myfile20
-rw-r--r--   3 root supergroup 1073741824 2019-02-20 18:30 /myfile3
-rw-r--r--   3 root supergroup 1073741824 2019-02-20 18:30 /myfile4
-rw-r--r--   3 root supergroup 1073741824 2019-02-20 18:30 /myfile5
-rw-r--r--   3 root supergroup 1073741824 2019-02-20 18:29 /myfile6
-rw-r--r--   3 root supergroup 1073741824 2019-02-20 18:30 /myfile7
-rw-r--r--   3 root supergroup 1073741824 2019-02-20 18:32 /myfile8
-rw-r--r--   3 root supergroup  134217728 2019-02-20 18:32 /myfile9._COPYING_
file 8 has been put into HDFS
file 8 has been read from HDFS for 1 time
diff succeed!
file 8 has been read from HDFS for 2 time
diff succeed!
file 8 has been read from HDFS for 3 time
diff succeed!
file 8 has been read from HDFS for 4 time
diff succeed!
file 8 has been read from HDFS for 5 time
diff succeed!
file 8 has been read from HDFS for 6 time
diff succeed!
file 8 has been read from HDFS for 7 time
diff succeed!
file 8 has been read from HDFS for 8 time
diff succeed!
file 8 has been read from HDFS for 9 time
diff succeed!
file 8 has been read from HDFS for 10 time
diff succeed!
Deleted /myfile8
file 8 has been removed from HDFS
Found 19 items
-rw-r--r--   3 root supergroup 1073741824 2019-02-20 18:43 /myfile1
-rw-r--r--   3 root supergroup 1073741824 2019-02-20 18:45 /myfile11
-rw-r--r--   3 root supergroup  134217728 2019-02-20 18:45 /myfile12._COPYING_
-rw-r--r--   3 root supergroup  268435456 2019-02-20 18:45 /myfile13._COPYING_
-rw-r--r--   3 root supergroup 1073741824 2019-02-20 18:44 /myfile14
-rw-r--r--   3 root supergroup 1073741824 2019-02-20 18:45 /myfile15
-rw-r--r--   3 root supergroup 1073741824 2019-02-20 18:44 /myfile16
-rw-r--r--   3 root supergroup 1073741824 2019-02-20 18:44 /myfile17
-rw-r--r--   3 root supergroup 1073741824 2019-02-20 18:44 /myfile18
-rw-r--r--   3 root supergroup 1073741824 2019-02-20 18:44 /myfile19
-rw-r--r--   3 root supergroup 1073741824 2019-02-20 18:45 /myfile2
-rw-r--r--   3 root supergroup 1073741824 2019-02-20 18:44 /myfile20
-rw-r--r--   3 root supergroup 1073741824 2019-02-20 18:44 /myfile3
-rw-r--r--   3 root supergroup 1073741824 2019-02-20 18:44 /myfile4
-rw-r--r--   3 root supergroup 1073741824 2019-02-20 18:43 /myfile5
-rw-r--r--   3 root supergroup 1073741824 2019-02-20 18:43 /myfile6
-rw-r--r--   3 root supergroup 1073741824 2019-02-20 18:44 /myfile7
-rw-r--r--   3 root supergroup 1073741824 2019-02-20 18:45 /myfile8
-rw-r--r--   3 root supergroup  134217728 2019-02-20 18:45 /myfile9._COPYING_
file 8 has been put into HDFS
file 8 has been read from HDFS for 1 time
diff succeed!
file 8 has been read from HDFS for 2 time
diff succeed!
file 8 has been read from HDFS for 3 time
diff succeed!
file 8 has been read from HDFS for 4 time
diff succeed!
file 8 has been read from HDFS for 5 time
diff succeed!
file 8 has been read from HDFS for 6 time
diff succeed!
file 8 has been read from HDFS for 7 time
diff succeed!
file 8 has been read from HDFS for 8 time
diff succeed!
file 8 has been read from HDFS for 9 time
diff succeed!
file 8 has been read from HDFS for 10 time
diff succeed!
Deleted /myfile8
file 8 has been removed from HDFS
Found 19 items
-rw-r--r--   3 root supergroup 1073741824 2019-02-20 18:48 /myfile1
-rw-r--r--   3 root supergroup          0 2019-02-20 18:50 /myfile10._COPYING_
-rw-r--r--   3 root supergroup  939524096 2019-02-20 18:49 /myfile11._COPYING_
-rw-r--r--   3 root supergroup 1073741824 2019-02-20 18:46 /myfile12
-rw-r--r--   3 root supergroup  939524096 2019-02-20 18:49 /myfile13._COPYING_
-rw-r--r--   3 root supergroup 1073741824 2019-02-20 18:49 /myfile14
-rw-r--r--   3 root supergroup 1073741824 2019-02-20 18:49 /myfile15
-rw-r--r--   3 root supergroup 1073741824 2019-02-20 18:49 /myfile16
-rw-r--r--   3 root supergroup 1073741824 2019-02-20 18:48 /myfile17
-rw-r--r--   3 root supergroup 1073741824 2019-02-20 18:49 /myfile18
-rw-r--r--   3 root supergroup 1073741824 2019-02-20 18:48 /myfile19
-rw-r--r--   3 root supergroup 1073741824 2019-02-20 18:49 /myfile2
-rw-r--r--   3 root supergroup 1073741824 2019-02-20 18:48 /myfile20
-rw-r--r--   3 root supergroup 1073741824 2019-02-20 18:49 /myfile3
-rw-r--r--   3 root supergroup 1073741824 2019-02-20 18:49 /myfile4
-rw-r--r--   3 root supergroup 1073741824 2019-02-20 18:49 /myfile5
-rw-r--r--   3 root supergroup 1073741824 2019-02-20 18:48 /myfile6
-rw-r--r--   3 root supergroup 1073741824 2019-02-20 18:49 /myfile7
-rw-r--r--   3 root supergroup 1073741824 2019-02-20 18:50 /myfile8
file 8 has been put into HDFS
file 8 has been read from HDFS for 1 time
diff succeed!
file 8 has been read from HDFS for 2 time
diff succeed!
file 8 has been read from HDFS for 3 time
diff succeed!
file 8 has been read from HDFS for 4 time
diff succeed!
file 8 has been read from HDFS for 5 time
diff succeed!
file 8 has been read from HDFS for 6 time
diff succeed!
file 8 has been read from HDFS for 7 time
diff succeed!
file 8 has been read from HDFS for 8 time
diff succeed!
file 8 has been read from HDFS for 9 time
diff succeed!
file 8 has been read from HDFS for 10 time
diff succeed!
Deleted /myfile8
file 8 has been removed from HDFS
Found 17 items
-rw-r--r--   3 root supergroup 1073741824 2019-02-20 18:52 /myfile1
-rw-r--r--   3 root supergroup  939524096 2019-02-20 18:54 /myfile11._COPYING_
-rw-r--r--   3 root supergroup 1073741824 2019-02-20 18:51 /myfile12
-rw-r--r--   3 root supergroup 1073741824 2019-02-20 18:54 /myfile13
-rw-r--r--   3 root supergroup 1073741824 2019-02-20 18:54 /myfile14
-rw-r--r--   3 root supergroup 1073741824 2019-02-20 18:54 /myfile15
-rw-r--r--   3 root supergroup 1073741824 2019-02-20 18:54 /myfile17
-rw-r--r--   3 root supergroup 1073741824 2019-02-20 18:49 /myfile18
-rw-r--r--   3 root supergroup 1073741824 2019-02-20 18:53 /myfile19
-rw-r--r--   3 root supergroup 1073741824 2019-02-20 18:53 /myfile2
-rw-r--r--   3 root supergroup 1073741824 2019-02-20 18:53 /myfile20
-rw-r--r--   3 root supergroup 1073741824 2019-02-20 18:49 /myfile3
-rw-r--r--   3 root supergroup 1073741824 2019-02-20 18:53 /myfile4
-rw-r--r--   3 root supergroup 1073741824 2019-02-20 18:53 /myfile5
-rw-r--r--   3 root supergroup 1073741824 2019-02-20 18:53 /myfile6
-rw-r--r--   3 root supergroup 1073741824 2019-02-20 18:53 /myfile7
-rw-r--r--   3 root supergroup 1073741824 2019-02-20 18:54 /myfile8
file 8 has been put into HDFS
sub_benchmark 1 signal TERM catched and let quit gracefully
file 8 has been read from HDFS for 1 time
diff succeed!
Deleted /myfile8
file 8 has been removed from HDFS
