2019-02-20 18:41:14,675 INFO retry.RetryInvocationHandler: java.io.EOFException: End of File Exception between local host is: "clnode049.clemson.cloudlab.us/130.127.133.58"; destination host is: "node-1-link-0":8020; : java.io.EOFException; For more details see:  http://wiki.apache.org/hadoop/EOFException, while invoking ClientNamenodeProtocolTranslatorPB.renewLease over node-1-link-0/10.10.1.4:8020. Trying to failover immediately.
2019-02-20 18:41:14,679 INFO retry.RetryInvocationHandler: org.apache.hadoop.ipc.RemoteException(org.apache.hadoop.ipc.StandbyException): Operation category WRITE is not supported in state standby. Visit https://s.apache.org/sbnn-error
	at org.apache.hadoop.hdfs.server.namenode.ha.StandbyState.checkOperation(StandbyState.java:88)
	at org.apache.hadoop.hdfs.server.namenode.NameNode$NameNodeHAContext.checkOperation(NameNode.java:1952)
	at org.apache.hadoop.hdfs.server.namenode.FSNamesystem.checkOperation(FSNamesystem.java:1423)
	at org.apache.hadoop.hdfs.server.namenode.FSNamesystem.renewLease(FSNamesystem.java:3740)
	at org.apache.hadoop.hdfs.server.namenode.NameNodeRpcServer.renewLease(NameNodeRpcServer.java:1134)
	at org.apache.hadoop.hdfs.protocolPB.ClientNamenodeProtocolServerSideTranslatorPB.renewLease(ClientNamenodeProtocolServerSideTranslatorPB.java:737)
	at org.apache.hadoop.hdfs.protocol.proto.ClientNamenodeProtocolProtos$ClientNamenodeProtocol$2.callBlockingMethod(ClientNamenodeProtocolProtos.java)
	at org.apache.hadoop.ipc.ProtobufRpcEngine$Server$ProtoBufRpcInvoker.call(ProtobufRpcEngine.java:523)
	at org.apache.hadoop.ipc.RPC$Server.call(RPC.java:991)
	at org.apache.hadoop.ipc.Server$RpcCall.run(Server.java:872)
	at org.apache.hadoop.ipc.Server$RpcCall.run(Server.java:818)
	at java.security.AccessController.doPrivileged(Native Method)
	at javax.security.auth.Subject.doAs(Subject.java:422)
	at org.apache.hadoop.security.UserGroupInformation.doAs(UserGroupInformation.java:1729)
	at org.apache.hadoop.ipc.Server$Handler.run(Server.java:2678)
, while invoking ClientNamenodeProtocolTranslatorPB.renewLease over node-0-link-0/10.10.1.1:8020 after 1 failover attempts. Trying to failover after sleeping for 1486ms.
2019-02-20 18:41:14,902 INFO retry.RetryInvocationHandler: org.apache.hadoop.ipc.RemoteException(org.apache.hadoop.ipc.StandbyException): Operation category WRITE is not supported in state standby. Visit https://s.apache.org/sbnn-error
	at org.apache.hadoop.hdfs.server.namenode.ha.StandbyState.checkOperation(StandbyState.java:88)
	at org.apache.hadoop.hdfs.server.namenode.NameNode$NameNodeHAContext.checkOperation(NameNode.java:1952)
	at org.apache.hadoop.hdfs.server.namenode.FSNamesystem.checkOperation(FSNamesystem.java:1423)
	at org.apache.hadoop.hdfs.server.namenode.FSNamesystem.completeFile(FSNamesystem.java:2837)
	at org.apache.hadoop.hdfs.server.namenode.NameNodeRpcServer.complete(NameNodeRpcServer.java:928)
	at org.apache.hadoop.hdfs.protocolPB.ClientNamenodeProtocolServerSideTranslatorPB.complete(ClientNamenodeProtocolServerSideTranslatorPB.java:607)
	at org.apache.hadoop.hdfs.protocol.proto.ClientNamenodeProtocolProtos$ClientNamenodeProtocol$2.callBlockingMethod(ClientNamenodeProtocolProtos.java)
	at org.apache.hadoop.ipc.ProtobufRpcEngine$Server$ProtoBufRpcInvoker.call(ProtobufRpcEngine.java:523)
	at org.apache.hadoop.ipc.RPC$Server.call(RPC.java:991)
	at org.apache.hadoop.ipc.Server$RpcCall.run(Server.java:872)
	at org.apache.hadoop.ipc.Server$RpcCall.run(Server.java:818)
	at java.security.AccessController.doPrivileged(Native Method)
	at javax.security.auth.Subject.doAs(Subject.java:422)
	at org.apache.hadoop.security.UserGroupInformation.doAs(UserGroupInformation.java:1729)
	at org.apache.hadoop.ipc.Server$Handler.run(Server.java:2678)
, while invoking ClientNamenodeProtocolTranslatorPB.complete over node-0-link-0/10.10.1.1:8020. Trying to failover immediately.
2019-02-20 18:41:14,905 INFO retry.RetryInvocationHandler: java.net.ConnectException: Call From clnode049.clemson.cloudlab.us/130.127.133.58 to node-1-link-0:8020 failed on connection exception: java.net.ConnectException: Connection refused; For more details see:  http://wiki.apache.org/hadoop/ConnectionRefused, while invoking ClientNamenodeProtocolTranslatorPB.complete over node-1-link-0/10.10.1.4:8020 after 1 failover attempts. Trying to failover after sleeping for 729ms.
2019-02-20 18:41:16,166 WARN retry.RetryInvocationHandler: A failover has occurred since the start of call #15 ClientNamenodeProtocolTranslatorPB.renewLease over node-0-link-0/10.10.1.1:8020
Found 20 items
-rw-r--r--   3 root supergroup 1073741824 2019-02-20 18:41 /myfile1
-rw-r--r--   3 root supergroup  805306368 2019-02-20 18:40 /myfile10._COPYING_
-rw-r--r--   3 root supergroup  939524096 2019-02-20 18:40 /myfile11._COPYING_
-rw-r--r--   3 root supergroup 1073741824 2019-02-20 18:41 /myfile12
-rw-r--r--   3 root supergroup  939524096 2019-02-20 18:40 /myfile13._COPYING_
-rw-r--r--   3 root supergroup  671088640 2019-02-20 18:40 /myfile14._COPYING_
-rw-r--r--   3 root supergroup  939524096 2019-02-20 18:40 /myfile15._COPYING_
-rw-r--r--   3 root supergroup  939524096 2019-02-20 18:40 /myfile16._COPYING_
-rw-r--r--   3 root supergroup  939524096 2019-02-20 18:40 /myfile17._COPYING_
-rw-r--r--   3 root supergroup 1073741824 2019-02-20 18:40 /myfile18
-rw-r--r--   3 root supergroup  805306368 2019-02-20 18:40 /myfile19._COPYING_
-rw-r--r--   3 root supergroup 1073741824 2019-02-20 18:41 /myfile2
-rw-r--r--   3 root supergroup 1073741824 2019-02-20 18:41 /myfile20
-rw-r--r--   3 root supergroup 1073741824 2019-02-20 18:41 /myfile3
-rw-r--r--   3 root supergroup 1073741824 2019-02-20 18:41 /myfile4
-rw-r--r--   3 root supergroup 1073741824 2019-02-20 18:41 /myfile5
-rw-r--r--   3 root supergroup  939524096 2019-02-20 18:40 /myfile6._COPYING_
-rw-r--r--   3 root supergroup 1073741824 2019-02-20 18:41 /myfile7
-rw-r--r--   3 root supergroup  939524096 2019-02-20 18:40 /myfile8._COPYING_
-rw-r--r--   3 root supergroup 1073741824 2019-02-20 18:41 /myfile9
file 20 has been put into HDFS
file 20 has been read from HDFS for 1 time
diff succeed!
file 20 has been read from HDFS for 2 time
diff succeed!
file 20 has been read from HDFS for 3 time
diff succeed!
file 20 has been read from HDFS for 4 time
diff succeed!
file 20 has been read from HDFS for 5 time
diff succeed!
file 20 has been read from HDFS for 6 time
diff succeed!
file 20 has been read from HDFS for 7 time
diff succeed!
file 20 has been read from HDFS for 8 time
diff succeed!
file 20 has been read from HDFS for 9 time
diff succeed!
file 20 has been read from HDFS for 10 time
diff succeed!
Deleted /myfile20
file 20 has been removed from HDFS
Found 13 items
-rw-r--r--   3 root supergroup 1073741824 2019-02-20 18:45 /myfile1
-rw-r--r--   3 root supergroup 1073741824 2019-02-20 18:41 /myfile10
-rw-r--r--   3 root supergroup  134217728 2019-02-20 18:45 /myfile11._COPYING_
-rw-r--r--   3 root supergroup 1073741824 2019-02-20 18:44 /myfile12
-rw-r--r--   3 root supergroup 1073741824 2019-02-20 18:41 /myfile15
-rw-r--r--   3 root supergroup 1073741824 2019-02-20 18:45 /myfile16
-rw-r--r--   3 root supergroup 1073741824 2019-02-20 18:44 /myfile18
-rw-r--r--   3 root supergroup 1073741824 2019-02-20 18:41 /myfile19
-rw-r--r--   3 root supergroup 1073741824 2019-02-20 18:44 /myfile2
-rw-r--r--   3 root supergroup 1073741824 2019-02-20 18:45 /myfile20
-rw-r--r--   3 root supergroup          0 2019-02-20 18:45 /myfile5._COPYING_
-rw-r--r--   3 root supergroup 1073741824 2019-02-20 18:45 /myfile7
-rw-r--r--   3 root supergroup 1073741824 2019-02-20 18:45 /myfile8
file 20 has been put into HDFS
file 20 has been read from HDFS for 1 time
diff succeed!
file 20 has been read from HDFS for 2 time
diff succeed!
file 20 has been read from HDFS for 3 time
diff succeed!
file 20 has been read from HDFS for 4 time
diff succeed!
file 20 has been read from HDFS for 5 time
diff succeed!
file 20 has been read from HDFS for 6 time
diff succeed!
file 20 has been read from HDFS for 7 time
diff succeed!
file 20 has been read from HDFS for 8 time
diff succeed!
file 20 has been read from HDFS for 9 time
diff succeed!
file 20 has been read from HDFS for 10 time
diff succeed!
Deleted /myfile20
file 20 has been removed from HDFS
Found 20 items
-rw-r--r--   3 root supergroup 1073741824 2019-02-20 18:49 /myfile1
-rw-r--r--   3 root supergroup 1073741824 2019-02-20 18:50 /myfile10
-rw-r--r--   3 root supergroup 1073741824 2019-02-20 18:51 /myfile11
-rw-r--r--   3 root supergroup 1073741824 2019-02-20 18:49 /myfile12
-rw-r--r--   3 root supergroup 1073741824 2019-02-20 18:49 /myfile13
-rw-r--r--   3 root supergroup 1073741824 2019-02-20 18:49 /myfile14
-rw-r--r--   3 root supergroup 1073741824 2019-02-20 18:49 /myfile15
-rw-r--r--   3 root supergroup 1073741824 2019-02-20 18:49 /myfile16
-rw-r--r--   3 root supergroup  939524096 2019-02-20 18:50 /myfile17._COPYING_
-rw-r--r--   3 root supergroup 1073741824 2019-02-20 18:48 /myfile18
-rw-r--r--   3 root supergroup 1073741824 2019-02-20 18:51 /myfile19
-rw-r--r--   3 root supergroup 1073741824 2019-02-20 18:49 /myfile2
-rw-r--r--   3 root supergroup 1073741824 2019-02-20 18:51 /myfile20
-rw-r--r--   3 root supergroup 1073741824 2019-02-20 18:49 /myfile3
-rw-r--r--   3 root supergroup 1073741824 2019-02-20 18:49 /myfile4
-rw-r--r--   3 root supergroup 1073741824 2019-02-20 18:49 /myfile5
-rw-r--r--   3 root supergroup 1073741824 2019-02-20 18:49 /myfile6
-rw-r--r--   3 root supergroup 1073741824 2019-02-20 18:50 /myfile7
-rw-r--r--   3 root supergroup 1073741824 2019-02-20 18:49 /myfile8
-rw-r--r--   3 root supergroup 1073741824 2019-02-20 18:49 /myfile9
file 20 has been put into HDFS
file 20 has been read from HDFS for 1 time
diff succeed!
file 20 has been read from HDFS for 2 time
diff succeed!
file 20 has been read from HDFS for 3 time
diff succeed!
file 20 has been read from HDFS for 4 time
diff succeed!
2019-02-20 18:52:54,945 INFO retry.RetryInvocationHandler: org.apache.hadoop.ipc.RemoteException(org.apache.hadoop.ipc.StandbyException): Operation category READ is not supported in state standby. Visit https://s.apache.org/sbnn-error
	at org.apache.hadoop.hdfs.server.namenode.ha.StandbyState.checkOperation(StandbyState.java:88)
	at org.apache.hadoop.hdfs.server.namenode.NameNode$NameNodeHAContext.checkOperation(NameNode.java:1952)
	at org.apache.hadoop.hdfs.server.namenode.FSNamesystem.checkOperation(FSNamesystem.java:1423)
	at org.apache.hadoop.hdfs.server.namenode.FSNamesystem.getFileInfo(FSNamesystem.java:3085)
	at org.apache.hadoop.hdfs.server.namenode.NameNodeRpcServer.getFileInfo(NameNodeRpcServer.java:1154)
	at org.apache.hadoop.hdfs.protocolPB.ClientNamenodeProtocolServerSideTranslatorPB.getFileInfo(ClientNamenodeProtocolServerSideTranslatorPB.java:966)
	at org.apache.hadoop.hdfs.protocol.proto.ClientNamenodeProtocolProtos$ClientNamenodeProtocol$2.callBlockingMethod(ClientNamenodeProtocolProtos.java)
	at org.apache.hadoop.ipc.ProtobufRpcEngine$Server$ProtoBufRpcInvoker.call(ProtobufRpcEngine.java:523)
	at org.apache.hadoop.ipc.RPC$Server.call(RPC.java:991)
	at org.apache.hadoop.ipc.Server$RpcCall.run(Server.java:872)
	at org.apache.hadoop.ipc.Server$RpcCall.run(Server.java:818)
	at java.security.AccessController.doPrivileged(Native Method)
	at javax.security.auth.Subject.doAs(Subject.java:422)
	at org.apache.hadoop.security.UserGroupInformation.doAs(UserGroupInformation.java:1729)
	at org.apache.hadoop.ipc.Server$Handler.run(Server.java:2678)
, while invoking ClientNamenodeProtocolTranslatorPB.getFileInfo over node-1-link-0/10.10.1.4:8020 after 1 failover attempts. Trying to failover after sleeping for 626ms.
2019-02-20 18:52:55,576 INFO retry.RetryInvocationHandler: java.net.ConnectException: Call From clnode049.clemson.cloudlab.us/130.127.133.58 to node-0-link-0:8020 failed on connection exception: java.net.ConnectException: Connection refused; For more details see:  http://wiki.apache.org/hadoop/ConnectionRefused, while invoking ClientNamenodeProtocolTranslatorPB.getFileInfo over node-0-link-0/10.10.1.1:8020 after 2 failover attempts. Trying to failover after sleeping for 1914ms.
file 20 has been read from HDFS for 5 time
diff succeed!
file 20 has been read from HDFS for 6 time
diff succeed!
file 20 has been read from HDFS for 7 time
diff succeed!
file 20 has been read from HDFS for 8 time
diff succeed!
file 20 has been read from HDFS for 9 time
diff succeed!
file 20 has been read from HDFS for 10 time
diff succeed!
Deleted /myfile20
file 20 has been removed from HDFS
Found 20 items
-rw-r--r--   3 root supergroup 1073741824 2019-02-20 18:53 /myfile1
-rw-r--r--   3 root supergroup  939524096 2019-02-20 18:55 /myfile10._COPYING_
-rw-r--r--   3 root supergroup 1073741824 2019-02-20 18:55 /myfile11
-rw-r--r--   3 root supergroup 1073741824 2019-02-20 18:54 /myfile12
-rw-r--r--   3 root supergroup 1073741824 2019-02-20 18:54 /myfile13
-rw-r--r--   3 root supergroup 1073741824 2019-02-20 18:54 /myfile14
-rw-r--r--   3 root supergroup 1073741824 2019-02-20 18:53 /myfile15
-rw-r--r--   3 root supergroup 1073741824 2019-02-20 18:53 /myfile16
-rw-r--r--   3 root supergroup          0 2019-02-20 18:55 /myfile17._COPYING_
-rw-r--r--   3 root supergroup 1073741824 2019-02-20 18:53 /myfile18
-rw-r--r--   3 root supergroup  402653184 2019-02-20 18:55 /myfile19._COPYING_
-rw-r--r--   3 root supergroup 1073741824 2019-02-20 18:53 /myfile2
-rw-r--r--   3 root supergroup 1073741824 2019-02-20 18:55 /myfile20
-rw-r--r--   3 root supergroup 1073741824 2019-02-20 18:53 /myfile3
-rw-r--r--   3 root supergroup 1073741824 2019-02-20 18:53 /myfile4
-rw-r--r--   3 root supergroup 1073741824 2019-02-20 18:53 /myfile5
-rw-r--r--   3 root supergroup 1073741824 2019-02-20 18:55 /myfile6
-rw-r--r--   3 root supergroup 1073741824 2019-02-20 18:55 /myfile7
-rw-r--r--   3 root supergroup 1073741824 2019-02-20 18:54 /myfile8
-rw-r--r--   3 root supergroup 1073741824 2019-02-20 18:55 /myfile9
file 20 has been put into HDFS
file 20 has been read from HDFS for 1 time
diff succeed!
file 20 has been read from HDFS for 2 time
diff succeed!
file 20 has been read from HDFS for 3 time
diff succeed!
file 20 has been read from HDFS for 4 time
diff succeed!
file 20 has been read from HDFS for 5 time
diff succeed!
file 20 has been read from HDFS for 6 time
diff succeed!
file 20 has been read from HDFS for 7 time
diff succeed!
file 20 has been read from HDFS for 8 time
diff succeed!
file 20 has been read from HDFS for 9 time
diff succeed!
file 20 has been read from HDFS for 10 time
diff succeed!
Deleted /myfile20
file 20 has been removed from HDFS
Found 20 items
-rw-r--r--   3 root supergroup 1073741824 2019-02-20 18:57 /myfile1
-rw-r--r--   3 root supergroup  402653184 2019-02-20 18:59 /myfile10._COPYING_
-rw-r--r--   3 root supergroup 1073741824 2019-02-20 18:59 /myfile11
-rw-r--r--   3 root supergroup 1073741824 2019-02-20 18:59 /myfile12
-rw-r--r--   3 root supergroup 1073741824 2019-02-20 18:59 /myfile13
-rw-r--r--   3 root supergroup 1073741824 2019-02-20 18:59 /myfile14
-rw-r--r--   3 root supergroup 1073741824 2019-02-20 18:58 /myfile15
-rw-r--r--   3 root supergroup 1073741824 2019-02-20 18:57 /myfile16
-rw-r--r--   3 root supergroup 1073741824 2019-02-20 18:56 /myfile17
-rw-r--r--   3 root supergroup 1073741824 2019-02-20 18:57 /myfile18
-rw-r--r--   3 root supergroup 1073741824 2019-02-20 18:55 /myfile19
-rw-r--r--   3 root supergroup 1073741824 2019-02-20 18:57 /myfile2
-rw-r--r--   3 root supergroup 1073741824 2019-02-20 18:59 /myfile20
-rw-r--r--   3 root supergroup 1073741824 2019-02-20 18:58 /myfile3
-rw-r--r--   3 root supergroup 1073741824 2019-02-20 18:57 /myfile4
-rw-r--r--   3 root supergroup 1073741824 2019-02-20 18:58 /myfile5
-rw-r--r--   3 root supergroup  805306368 2019-02-20 18:59 /myfile6._COPYING_
-rw-r--r--   3 root supergroup 1073741824 2019-02-20 18:59 /myfile7
-rw-r--r--   3 root supergroup 1073741824 2019-02-20 18:58 /myfile8
-rw-r--r--   3 root supergroup 1073741824 2019-02-20 18:59 /myfile9
file 20 has been put into HDFS
file 20 has been read from HDFS for 1 time
diff succeed!
file 20 has been read from HDFS for 2 time
diff succeed!
file 20 has been read from HDFS for 3 time
diff succeed!
file 20 has been read from HDFS for 4 time
diff succeed!
file 20 has been read from HDFS for 5 time
diff succeed!
file 20 has been read from HDFS for 6 time
diff succeed!
file 20 has been read from HDFS for 7 time
diff succeed!
file 20 has been read from HDFS for 8 time
diff succeed!
file 20 has been read from HDFS for 9 time
diff succeed!
2019-02-20 19:03:21,557 INFO retry.RetryInvocationHandler: java.net.ConnectException: Call From clnode049.clemson.cloudlab.us/130.127.133.58 to node-1-link-0:8020 failed on connection exception: java.net.ConnectException: Connection refused; For more details see:  http://wiki.apache.org/hadoop/ConnectionRefused, while invoking ClientNamenodeProtocolTranslatorPB.getFileInfo over node-1-link-0/10.10.1.4:8020 after 1 failover attempts. Trying to failover after sleeping for 680ms.
2019-02-20 19:03:22,240 INFO retry.RetryInvocationHandler: org.apache.hadoop.ipc.RemoteException(org.apache.hadoop.ipc.StandbyException): Operation category READ is not supported in state standby. Visit https://s.apache.org/sbnn-error
	at org.apache.hadoop.hdfs.server.namenode.ha.StandbyState.checkOperation(StandbyState.java:88)
	at org.apache.hadoop.hdfs.server.namenode.NameNode$NameNodeHAContext.checkOperation(NameNode.java:1952)
	at org.apache.hadoop.hdfs.server.namenode.FSNamesystem.checkOperation(FSNamesystem.java:1423)
	at org.apache.hadoop.hdfs.server.namenode.FSNamesystem.getFileInfo(FSNamesystem.java:3085)
	at org.apache.hadoop.hdfs.server.namenode.NameNodeRpcServer.getFileInfo(NameNodeRpcServer.java:1154)
	at org.apache.hadoop.hdfs.protocolPB.ClientNamenodeProtocolServerSideTranslatorPB.getFileInfo(ClientNamenodeProtocolServerSideTranslatorPB.java:966)
	at org.apache.hadoop.hdfs.protocol.proto.ClientNamenodeProtocolProtos$ClientNamenodeProtocol$2.callBlockingMethod(ClientNamenodeProtocolProtos.java)
	at org.apache.hadoop.ipc.ProtobufRpcEngine$Server$ProtoBufRpcInvoker.call(ProtobufRpcEngine.java:523)
	at org.apache.hadoop.ipc.RPC$Server.call(RPC.java:991)
	at org.apache.hadoop.ipc.Server$RpcCall.run(Server.java:872)
	at org.apache.hadoop.ipc.Server$RpcCall.run(Server.java:818)
	at java.security.AccessController.doPrivileged(Native Method)
	at javax.security.auth.Subject.doAs(Subject.java:422)
	at org.apache.hadoop.security.UserGroupInformation.doAs(UserGroupInformation.java:1729)
	at org.apache.hadoop.ipc.Server$Handler.run(Server.java:2678)
, while invoking ClientNamenodeProtocolTranslatorPB.getFileInfo over node-0-link-0/10.10.1.1:8020 after 2 failover attempts. Trying to failover after sleeping for 1949ms.
2019-02-20 19:03:24,193 INFO retry.RetryInvocationHandler: java.net.ConnectException: Call From clnode049.clemson.cloudlab.us/130.127.133.58 to node-1-link-0:8020 failed on connection exception: java.net.ConnectException: Connection refused; For more details see:  http://wiki.apache.org/hadoop/ConnectionRefused, while invoking ClientNamenodeProtocolTranslatorPB.getFileInfo over node-1-link-0/10.10.1.4:8020 after 3 failover attempts. Trying to failover after sleeping for 5677ms.
file 20 has been read from HDFS for 10 time
diff succeed!
Deleted /myfile20
file 20 has been removed from HDFS
2019-02-20 19:04:08,308 INFO retry.RetryInvocationHandler: org.apache.hadoop.ipc.RemoteException(org.apache.hadoop.ipc.RetriableException): org.apache.hadoop.hdfs.server.namenode.SafeModeException: Cannot create file/myfile20._COPYING_. Name node is in safe mode.
The reported blocks 136 has reached the threshold 0.9990 of total blocks 136. The number of live datanodes 3 has reached the minimum number 0. In safe mode extension. Safe mode will be turned off automatically in 4 seconds. NamenodeHostName:node-1-link-0
	at org.apache.hadoop.hdfs.server.namenode.FSNamesystem.checkNameNodeSafeMode(FSNamesystem.java:1441)
	at org.apache.hadoop.hdfs.server.namenode.FSNamesystem.startFileInt(FSNamesystem.java:2401)
	at org.apache.hadoop.hdfs.server.namenode.FSNamesystem.startFile(FSNamesystem.java:2347)
	at org.apache.hadoop.hdfs.server.namenode.NameNodeRpcServer.create(NameNodeRpcServer.java:774)
	at org.apache.hadoop.hdfs.protocolPB.ClientNamenodeProtocolServerSideTranslatorPB.create(ClientNamenodeProtocolServerSideTranslatorPB.java:462)
	at org.apache.hadoop.hdfs.protocol.proto.ClientNamenodeProtocolProtos$ClientNamenodeProtocol$2.callBlockingMethod(ClientNamenodeProtocolProtos.java)
	at org.apache.hadoop.ipc.ProtobufRpcEngine$Server$ProtoBufRpcInvoker.call(ProtobufRpcEngine.java:523)
	at org.apache.hadoop.ipc.RPC$Server.call(RPC.java:991)
	at org.apache.hadoop.ipc.Server$RpcCall.run(Server.java:872)
	at org.apache.hadoop.ipc.Server$RpcCall.run(Server.java:818)
	at java.security.AccessController.doPrivileged(Native Method)
	at javax.security.auth.Subject.doAs(Subject.java:422)
	at org.apache.hadoop.security.UserGroupInformation.doAs(UserGroupInformation.java:1729)
	at org.apache.hadoop.ipc.Server$Handler.run(Server.java:2678)
Caused by: org.apache.hadoop.hdfs.server.namenode.SafeModeException: Cannot create file/myfile20._COPYING_. Name node is in safe mode.
The reported blocks 136 has reached the threshold 0.9990 of total blocks 136. The number of live datanodes 3 has reached the minimum number 0. In safe mode extension. Safe mode will be turned off automatically in 4 seconds. NamenodeHostName:node-1-link-0
	at org.apache.hadoop.hdfs.server.namenode.FSNamesystem.newSafemodeException(FSNamesystem.java:1450)
	at org.apache.hadoop.hdfs.server.namenode.FSNamesystem.checkNameNodeSafeMode(FSNamesystem.java:1437)
	... 13 more
, while invoking ClientNamenodeProtocolTranslatorPB.create over node-1-link-0/10.10.1.4:8020. Retrying immediately.
2019-02-20 19:04:08,316 INFO retry.RetryInvocationHandler: org.apache.hadoop.ipc.RemoteException(org.apache.hadoop.ipc.RetriableException): org.apache.hadoop.hdfs.server.namenode.SafeModeException: Cannot create file/myfile20._COPYING_. Name node is in safe mode.
The reported blocks 136 has reached the threshold 0.9990 of total blocks 136. The number of live datanodes 3 has reached the minimum number 0. In safe mode extension. Safe mode will be turned off automatically in 4 seconds. NamenodeHostName:node-1-link-0
	at org.apache.hadoop.hdfs.server.namenode.FSNamesystem.checkNameNodeSafeMode(FSNamesystem.java:1441)
	at org.apache.hadoop.hdfs.server.namenode.FSNamesystem.startFileInt(FSNamesystem.java:2401)
	at org.apache.hadoop.hdfs.server.namenode.FSNamesystem.startFile(FSNamesystem.java:2347)
	at org.apache.hadoop.hdfs.server.namenode.NameNodeRpcServer.create(NameNodeRpcServer.java:774)
	at org.apache.hadoop.hdfs.protocolPB.ClientNamenodeProtocolServerSideTranslatorPB.create(ClientNamenodeProtocolServerSideTranslatorPB.java:462)
	at org.apache.hadoop.hdfs.protocol.proto.ClientNamenodeProtocolProtos$ClientNamenodeProtocol$2.callBlockingMethod(ClientNamenodeProtocolProtos.java)
	at org.apache.hadoop.ipc.ProtobufRpcEngine$Server$ProtoBufRpcInvoker.call(ProtobufRpcEngine.java:523)
	at org.apache.hadoop.ipc.RPC$Server.call(RPC.java:991)
	at org.apache.hadoop.ipc.Server$RpcCall.run(Server.java:872)
	at org.apache.hadoop.ipc.Server$RpcCall.run(Server.java:818)
	at java.security.AccessController.doPrivileged(Native Method)
	at javax.security.auth.Subject.doAs(Subject.java:422)
	at org.apache.hadoop.security.UserGroupInformation.doAs(UserGroupInformation.java:1729)
	at org.apache.hadoop.ipc.Server$Handler.run(Server.java:2678)
Caused by: org.apache.hadoop.hdfs.server.namenode.SafeModeException: Cannot create file/myfile20._COPYING_. Name node is in safe mode.
The reported blocks 136 has reached the threshold 0.9990 of total blocks 136. The number of live datanodes 3 has reached the minimum number 0. In safe mode extension. Safe mode will be turned off automatically in 4 seconds. NamenodeHostName:node-1-link-0
	at org.apache.hadoop.hdfs.server.namenode.FSNamesystem.newSafemodeException(FSNamesystem.java:1450)
	at org.apache.hadoop.hdfs.server.namenode.FSNamesystem.checkNameNodeSafeMode(FSNamesystem.java:1437)
	... 13 more
, while invoking ClientNamenodeProtocolTranslatorPB.create over node-1-link-0/10.10.1.4:8020. Retrying after sleeping for 883ms.
2019-02-20 19:04:09,205 INFO retry.RetryInvocationHandler: org.apache.hadoop.ipc.RemoteException(org.apache.hadoop.ipc.RetriableException): org.apache.hadoop.hdfs.server.namenode.SafeModeException: Cannot create file/myfile20._COPYING_. Name node is in safe mode.
The reported blocks 136 has reached the threshold 0.9990 of total blocks 136. The number of live datanodes 3 has reached the minimum number 0. In safe mode extension. Safe mode will be turned off automatically in 3 seconds. NamenodeHostName:node-1-link-0
	at org.apache.hadoop.hdfs.server.namenode.FSNamesystem.checkNameNodeSafeMode(FSNamesystem.java:1441)
	at org.apache.hadoop.hdfs.server.namenode.FSNamesystem.startFileInt(FSNamesystem.java:2401)
	at org.apache.hadoop.hdfs.server.namenode.FSNamesystem.startFile(FSNamesystem.java:2347)
	at org.apache.hadoop.hdfs.server.namenode.NameNodeRpcServer.create(NameNodeRpcServer.java:774)
	at org.apache.hadoop.hdfs.protocolPB.ClientNamenodeProtocolServerSideTranslatorPB.create(ClientNamenodeProtocolServerSideTranslatorPB.java:462)
	at org.apache.hadoop.hdfs.protocol.proto.ClientNamenodeProtocolProtos$ClientNamenodeProtocol$2.callBlockingMethod(ClientNamenodeProtocolProtos.java)
	at org.apache.hadoop.ipc.ProtobufRpcEngine$Server$ProtoBufRpcInvoker.call(ProtobufRpcEngine.java:523)
	at org.apache.hadoop.ipc.RPC$Server.call(RPC.java:991)
	at org.apache.hadoop.ipc.Server$RpcCall.run(Server.java:872)
	at org.apache.hadoop.ipc.Server$RpcCall.run(Server.java:818)
	at java.security.AccessController.doPrivileged(Native Method)
	at javax.security.auth.Subject.doAs(Subject.java:422)
	at org.apache.hadoop.security.UserGroupInformation.doAs(UserGroupInformation.java:1729)
	at org.apache.hadoop.ipc.Server$Handler.run(Server.java:2678)
Caused by: org.apache.hadoop.hdfs.server.namenode.SafeModeException: Cannot create file/myfile20._COPYING_. Name node is in safe mode.
The reported blocks 136 has reached the threshold 0.9990 of total blocks 136. The number of live datanodes 3 has reached the minimum number 0. In safe mode extension. Safe mode will be turned off automatically in 3 seconds. NamenodeHostName:node-1-link-0
	at org.apache.hadoop.hdfs.server.namenode.FSNamesystem.newSafemodeException(FSNamesystem.java:1450)
	at org.apache.hadoop.hdfs.server.namenode.FSNamesystem.checkNameNodeSafeMode(FSNamesystem.java:1437)
	... 13 more
, while invoking ClientNamenodeProtocolTranslatorPB.create over node-1-link-0/10.10.1.4:8020. Retrying after sleeping for 1080ms.
2019-02-20 19:04:10,290 INFO retry.RetryInvocationHandler: org.apache.hadoop.ipc.RemoteException(org.apache.hadoop.ipc.RetriableException): org.apache.hadoop.hdfs.server.namenode.SafeModeException: Cannot create file/myfile20._COPYING_. Name node is in safe mode.
The reported blocks 136 has reached the threshold 0.9990 of total blocks 136. The number of live datanodes 3 has reached the minimum number 0. In safe mode extension. Safe mode will be turned off automatically in 2 seconds. NamenodeHostName:node-1-link-0
	at org.apache.hadoop.hdfs.server.namenode.FSNamesystem.checkNameNodeSafeMode(FSNamesystem.java:1441)
	at org.apache.hadoop.hdfs.server.namenode.FSNamesystem.startFileInt(FSNamesystem.java:2401)
	at org.apache.hadoop.hdfs.server.namenode.FSNamesystem.startFile(FSNamesystem.java:2347)
	at org.apache.hadoop.hdfs.server.namenode.NameNodeRpcServer.create(NameNodeRpcServer.java:774)
	at org.apache.hadoop.hdfs.protocolPB.ClientNamenodeProtocolServerSideTranslatorPB.create(ClientNamenodeProtocolServerSideTranslatorPB.java:462)
	at org.apache.hadoop.hdfs.protocol.proto.ClientNamenodeProtocolProtos$ClientNamenodeProtocol$2.callBlockingMethod(ClientNamenodeProtocolProtos.java)
	at org.apache.hadoop.ipc.ProtobufRpcEngine$Server$ProtoBufRpcInvoker.call(ProtobufRpcEngine.java:523)
	at org.apache.hadoop.ipc.RPC$Server.call(RPC.java:991)
	at org.apache.hadoop.ipc.Server$RpcCall.run(Server.java:872)
	at org.apache.hadoop.ipc.Server$RpcCall.run(Server.java:818)
	at java.security.AccessController.doPrivileged(Native Method)
	at javax.security.auth.Subject.doAs(Subject.java:422)
	at org.apache.hadoop.security.UserGroupInformation.doAs(UserGroupInformation.java:1729)
	at org.apache.hadoop.ipc.Server$Handler.run(Server.java:2678)
Caused by: org.apache.hadoop.hdfs.server.namenode.SafeModeException: Cannot create file/myfile20._COPYING_. Name node is in safe mode.
The reported blocks 136 has reached the threshold 0.9990 of total blocks 136. The number of live datanodes 3 has reached the minimum number 0. In safe mode extension. Safe mode will be turned off automatically in 2 seconds. NamenodeHostName:node-1-link-0
	at org.apache.hadoop.hdfs.server.namenode.FSNamesystem.newSafemodeException(FSNamesystem.java:1450)
	at org.apache.hadoop.hdfs.server.namenode.FSNamesystem.checkNameNodeSafeMode(FSNamesystem.java:1437)
	... 13 more
, while invoking ClientNamenodeProtocolTranslatorPB.create over node-1-link-0/10.10.1.4:8020. Retrying after sleeping for 2749ms.
Found 17 items
-rw-r--r--   3 root supergroup 1073741824 2019-02-20 19:02 /myfile1
-rw-r--r--   3 root supergroup  671088640 2019-02-20 19:03 /myfile10._COPYING_
-rw-r--r--   3 root supergroup 1073741824 2019-02-20 19:03 /myfile12
-rw-r--r--   3 root supergroup 1073741824 2019-02-20 19:03 /myfile13
-rw-r--r--   3 root supergroup 1073741824 2019-02-20 19:03 /myfile14
-rw-r--r--   3 root supergroup 1073741824 2019-02-20 19:03 /myfile15
-rw-r--r--   3 root supergroup 1073741824 2019-02-20 19:02 /myfile16
-rw-r--r--   3 root supergroup 1073741824 2019-02-20 19:02 /myfile18
-rw-r--r--   3 root supergroup 1073741824 2019-02-20 19:00 /myfile19
-rw-r--r--   3 root supergroup 1073741824 2019-02-20 19:02 /myfile2
-rw-r--r--   3 root supergroup 1073741824 2019-02-20 19:04 /myfile20
-rw-r--r--   3 root supergroup 1073741824 2019-02-20 19:03 /myfile3
-rw-r--r--   3 root supergroup 1073741824 2019-02-20 19:02 /myfile4
-rw-r--r--   3 root supergroup 1073741824 2019-02-20 19:02 /myfile5
-rw-r--r--   3 root supergroup 1073741824 2019-02-20 19:03 /myfile7
-rw-r--r--   3 root supergroup 1073741824 2019-02-20 19:02 /myfile8
-rw-r--r--   3 root supergroup  268435456 2019-02-20 19:04 /myfile9._COPYING_
file 20 has been put into HDFS
file 20 has been read from HDFS for 1 time
diff succeed!
file 20 has been read from HDFS for 2 time
diff succeed!
file 20 has been read from HDFS for 3 time
diff succeed!
file 20 has been read from HDFS for 4 time
diff succeed!
file 20 has been read from HDFS for 5 time
diff succeed!
file 20 has been read from HDFS for 6 time
diff succeed!
file 20 has been read from HDFS for 7 time
diff succeed!
file 20 has been read from HDFS for 8 time
diff succeed!
file 20 has been read from HDFS for 9 time
diff succeed!
file 20 has been read from HDFS for 10 time
diff succeed!
Deleted /myfile20
file 20 has been removed from HDFS
Found 20 items
-rw-r--r--   3 root supergroup 1073741824 2019-02-20 19:06 /myfile1
-rw-r--r--   3 root supergroup 1073741824 2019-02-20 19:08 /myfile10
-rw-r--r--   3 root supergroup 1073741824 2019-02-20 19:08 /myfile11
-rw-r--r--   3 root supergroup 1073741824 2019-02-20 19:08 /myfile12
-rw-r--r--   3 root supergroup 1073741824 2019-02-20 19:08 /myfile13
-rw-r--r--   3 root supergroup 1073741824 2019-02-20 19:08 /myfile14
-rw-r--r--   3 root supergroup 1073741824 2019-02-20 19:08 /myfile15
-rw-r--r--   3 root supergroup 1073741824 2019-02-20 19:06 /myfile16
-rw-r--r--   3 root supergroup 1073741824 2019-02-20 19:08 /myfile17
-rw-r--r--   3 root supergroup 1073741824 2019-02-20 19:06 /myfile18
-rw-r--r--   3 root supergroup 1073741824 2019-02-20 19:09 /myfile19
-rw-r--r--   3 root supergroup 1073741824 2019-02-20 19:06 /myfile2
-rw-r--r--   3 root supergroup 1073741824 2019-02-20 19:09 /myfile20
-rw-r--r--   3 root supergroup 1073741824 2019-02-20 19:08 /myfile3
-rw-r--r--   3 root supergroup 1073741824 2019-02-20 19:06 /myfile4
-rw-r--r--   3 root supergroup 1073741824 2019-02-20 19:06 /myfile5
-rw-r--r--   3 root supergroup  134217728 2019-02-20 19:09 /myfile6._COPYING_
-rw-r--r--   3 root supergroup 1073741824 2019-02-20 19:08 /myfile7
-rw-r--r--   3 root supergroup 1073741824 2019-02-20 19:06 /myfile8
-rw-r--r--   3 root supergroup 1073741824 2019-02-20 19:08 /myfile9
file 20 has been put into HDFS
file 20 has been read from HDFS for 1 time
diff succeed!
file 20 has been read from HDFS for 2 time
diff succeed!
file 20 has been read from HDFS for 3 time
diff succeed!
file 20 has been read from HDFS for 4 time
diff succeed!
file 20 has been read from HDFS for 5 time
diff succeed!
file 20 has been read from HDFS for 6 time
diff succeed!
file 20 has been read from HDFS for 7 time
diff succeed!
file 20 has been read from HDFS for 8 time
diff succeed!
file 20 has been read from HDFS for 9 time
diff succeed!
file 20 has been read from HDFS for 10 time
diff succeed!
Deleted /myfile20
file 20 has been removed from HDFS
Found 19 items
-rw-r--r--   3 root supergroup 1073741824 2019-02-20 19:11 /myfile1
-rw-r--r--   3 root supergroup 1073741824 2019-02-20 19:13 /myfile10
-rw-r--r--   3 root supergroup 1073741824 2019-02-20 19:13 /myfile11
-rw-r--r--   3 root supergroup 1073741824 2019-02-20 19:12 /myfile12
-rw-r--r--   3 root supergroup 1073741824 2019-02-20 19:12 /myfile13
-rw-r--r--   3 root supergroup 1073741824 2019-02-20 19:12 /myfile14
-rw-r--r--   3 root supergroup 1073741824 2019-02-20 19:12 /myfile15
-rw-r--r--   3 root supergroup 1073741824 2019-02-20 19:11 /myfile16
-rw-r--r--   3 root supergroup 1073741824 2019-02-20 19:13 /myfile17
-rw-r--r--   3 root supergroup 1073741824 2019-02-20 19:10 /myfile18
-rw-r--r--   3 root supergroup 1073741824 2019-02-20 19:13 /myfile19
-rw-r--r--   3 root supergroup 1073741824 2019-02-20 19:11 /myfile2
-rw-r--r--   3 root supergroup 1073741824 2019-02-20 19:13 /myfile20
-rw-r--r--   3 root supergroup 1073741824 2019-02-20 19:12 /myfile3
-rw-r--r--   3 root supergroup 1073741824 2019-02-20 19:11 /myfile4
-rw-r--r--   3 root supergroup 1073741824 2019-02-20 19:11 /myfile5
-rw-r--r--   3 root supergroup 1073741824 2019-02-20 19:13 /myfile7
-rw-r--r--   3 root supergroup 1073741824 2019-02-20 19:11 /myfile8
-rw-r--r--   3 root supergroup 1073741824 2019-02-20 19:12 /myfile9
file 20 has been put into HDFS
file 20 has been read from HDFS for 1 time
diff succeed!
file 20 has been read from HDFS for 2 time
diff succeed!
file 20 has been read from HDFS for 3 time
diff succeed!
file 20 has been read from HDFS for 4 time
diff succeed!
file 20 has been read from HDFS for 5 time
diff succeed!
file 20 has been read from HDFS for 6 time
diff succeed!
file 20 has been read from HDFS for 7 time
diff succeed!
file 20 has been read from HDFS for 8 time
diff succeed!
file 20 has been read from HDFS for 9 time
diff succeed!
file 20 has been read from HDFS for 10 time
diff succeed!
Deleted /myfile20
file 20 has been removed from HDFS
Found 20 items
-rw-r--r--   3 root supergroup 1073741824 2019-02-20 19:15 /myfile1
-rw-r--r--   3 root supergroup 1073741824 2019-02-20 19:17 /myfile10
-rw-r--r--   3 root supergroup 1073741824 2019-02-20 19:17 /myfile11
-rw-r--r--   3 root supergroup 1073741824 2019-02-20 19:16 /myfile12
-rw-r--r--   3 root supergroup 1073741824 2019-02-20 19:16 /myfile13
-rw-r--r--   3 root supergroup 1073741824 2019-02-20 19:17 /myfile14
-rw-r--r--   3 root supergroup 1073741824 2019-02-20 19:17 /myfile15
-rw-r--r--   3 root supergroup 1073741824 2019-02-20 19:15 /myfile16
-rw-r--r--   3 root supergroup 1073741824 2019-02-20 19:17 /myfile17
-rw-r--r--   3 root supergroup 1073741824 2019-02-20 19:15 /myfile18
-rw-r--r--   3 root supergroup  939524096 2019-02-20 19:17 /myfile19._COPYING_
-rw-r--r--   3 root supergroup 1073741824 2019-02-20 19:15 /myfile2
-rw-r--r--   3 root supergroup 1073741824 2019-02-20 19:17 /myfile20
-rw-r--r--   3 root supergroup 1073741824 2019-02-20 19:16 /myfile3
-rw-r--r--   3 root supergroup 1073741824 2019-02-20 19:15 /myfile4
-rw-r--r--   3 root supergroup 1073741824 2019-02-20 19:15 /myfile5
-rw-r--r--   3 root supergroup 1073741824 2019-02-20 19:13 /myfile6
-rw-r--r--   3 root supergroup 1073741824 2019-02-20 19:17 /myfile7
-rw-r--r--   3 root supergroup 1073741824 2019-02-20 19:15 /myfile8
-rw-r--r--   3 root supergroup 1073741824 2019-02-20 19:17 /myfile9
file 20 has been put into HDFS
file 20 has been read from HDFS for 1 time
diff succeed!
file 20 has been read from HDFS for 2 time
diff succeed!
file 20 has been read from HDFS for 3 time
diff succeed!
file 20 has been read from HDFS for 4 time
diff succeed!
file 20 has been read from HDFS for 5 time
diff succeed!
file 20 has been read from HDFS for 6 time
diff succeed!
file 20 has been read from HDFS for 7 time
diff succeed!
file 20 has been read from HDFS for 8 time
diff succeed!
file 20 has been read from HDFS for 9 time
diff succeed!
file 20 has been read from HDFS for 10 time
diff succeed!
Deleted /myfile20
file 20 has been removed from HDFS
Found 19 items
-rw-r--r--   3 root supergroup 1073741824 2019-02-20 19:19 /myfile1
-rw-r--r--   3 root supergroup 1073741824 2019-02-20 19:23 /myfile10
-rw-r--r--   3 root supergroup 1073741824 2019-02-20 19:21 /myfile11
-rw-r--r--   3 root supergroup 1073741824 2019-02-20 19:21 /myfile12
-rw-r--r--   3 root supergroup 1073741824 2019-02-20 19:21 /myfile13
-rw-r--r--   3 root supergroup 1073741824 2019-02-20 19:23 /myfile14
-rw-r--r--   3 root supergroup 1073741824 2019-02-20 19:23 /myfile15
-rw-r--r--   3 root supergroup 1073741824 2019-02-20 19:21 /myfile17
-rw-r--r--   3 root supergroup 1073741824 2019-02-20 19:20 /myfile18
-rw-r--r--   3 root supergroup 1073741824 2019-02-20 19:22 /myfile19
-rw-r--r--   3 root supergroup  402653184 2019-02-20 19:23 /myfile2._COPYING_
-rw-r--r--   3 root supergroup 1073741824 2019-02-20 19:23 /myfile20
-rw-r--r--   3 root supergroup 1073741824 2019-02-20 19:21 /myfile3
-rw-r--r--   3 root supergroup 1073741824 2019-02-20 19:20 /myfile4
-rw-r--r--   3 root supergroup 1073741824 2019-02-20 19:19 /myfile5
-rw-r--r--   3 root supergroup 1073741824 2019-02-20 19:23 /myfile6
-rw-r--r--   3 root supergroup 1073741824 2019-02-20 19:21 /myfile7
-rw-r--r--   3 root supergroup 1073741824 2019-02-20 19:19 /myfile8
-rw-r--r--   3 root supergroup 1073741824 2019-02-20 19:21 /myfile9
file 20 has been put into HDFS
file 20 has been read from HDFS for 1 time
diff succeed!
file 20 has been read from HDFS for 2 time
diff succeed!
file 20 has been read from HDFS for 3 time
diff succeed!
file 20 has been read from HDFS for 4 time
diff succeed!
file 20 has been read from HDFS for 5 time
diff succeed!
sub_benchmark 5 signal TERM catched and let quit gracefully
Deleted /myfile20
file 20 has been removed from HDFS
