2019-02-28 19:41:46,277 WARN hdfs.DataStreamer: Exception for BP-2006488387-130.127.133.101-1551408011631:blk_1073741950_1126
java.io.EOFException: Unexpected EOF while trying to read response from server
	at org.apache.hadoop.hdfs.protocolPB.PBHelperClient.vintPrefixed(PBHelperClient.java:549)
	at org.apache.hadoop.hdfs.protocol.datatransfer.PipelineAck.readFields(PipelineAck.java:213)
	at org.apache.hadoop.hdfs.DataStreamer$ResponseProcessor.run(DataStreamer.java:1086)
2019-02-28 19:41:46,282 WARN hdfs.DataStreamer: Error Recovery for BP-2006488387-130.127.133.101-1551408011631:blk_1073741950_1126 in pipeline [DatanodeInfoWithStorage[10.10.1.2:9866,DS-71a8506b-ba7d-4f91-aafe-fa045c727ed0,DISK], DatanodeInfoWithStorage[10.10.1.3:9866,DS-d1382432-928a-410b-8dea-3b7691a031c7,DISK], DatanodeInfoWithStorage[10.10.1.5:9866,DS-74fdc58e-ef30-4ea4-94d5-c671755f8718,DISK]]: datanode 0(DatanodeInfoWithStorage[10.10.1.2:9866,DS-71a8506b-ba7d-4f91-aafe-fa045c727ed0,DISK]) is bad.
Found 20 items
-rw-r--r--   3 root supergroup 1073741824 2019-02-28 19:42 /myfile1
-rw-r--r--   3 root supergroup 1073741824 2019-02-28 19:41 /myfile10
-rw-r--r--   3 root supergroup 1073741824 2019-02-28 19:42 /myfile11
-rw-r--r--   3 root supergroup 1073741824 2019-02-28 19:41 /myfile12
-rw-r--r--   3 root supergroup 1073741824 2019-02-28 19:42 /myfile13
-rw-r--r--   3 root supergroup 1073741824 2019-02-28 19:41 /myfile14
-rw-r--r--   3 root supergroup 1073741824 2019-02-28 19:42 /myfile15
-rw-r--r--   3 root supergroup 1073741824 2019-02-28 19:41 /myfile16
-rw-r--r--   3 root supergroup 1073741824 2019-02-28 19:41 /myfile17
-rw-r--r--   3 root supergroup 1073741824 2019-02-28 19:41 /myfile18
-rw-r--r--   3 root supergroup 1073741824 2019-02-28 19:41 /myfile19
-rw-r--r--   3 root supergroup 1073741824 2019-02-28 19:41 /myfile2
-rw-r--r--   3 root supergroup 1073741824 2019-02-28 19:41 /myfile20
-rw-r--r--   3 root supergroup 1073741824 2019-02-28 19:42 /myfile3
-rw-r--r--   3 root supergroup 1073741824 2019-02-28 19:41 /myfile4
-rw-r--r--   3 root supergroup 1073741824 2019-02-28 19:41 /myfile5
-rw-r--r--   3 root supergroup 1073741824 2019-02-28 19:41 /myfile6
-rw-r--r--   3 root supergroup 1073741824 2019-02-28 19:42 /myfile7
-rw-r--r--   3 root supergroup 1073741824 2019-02-28 19:41 /myfile8
-rw-r--r--   3 root supergroup 1073741824 2019-02-28 19:41 /myfile9
file 11 has been put into HDFS
file 11 has been read from HDFS for 1 time
diff succeed!
file 11 has been read from HDFS for 2 time
diff succeed!
file 11 has been read from HDFS for 3 time
diff succeed!
file 11 has been read from HDFS for 4 time
diff succeed!
file 11 has been read from HDFS for 5 time
diff succeed!
file 11 has been read from HDFS for 6 time
diff succeed!
file 11 has been read from HDFS for 7 time
diff succeed!
file 11 has been read from HDFS for 8 time
diff succeed!
file 11 has been read from HDFS for 9 time
diff succeed!
file 11 has been read from HDFS for 10 time
diff succeed!
Deleted /myfile11
file 11 has been removed from HDFS
Found 20 items
-rw-r--r--   3 root supergroup 1073741824 2019-02-28 19:46 /myfile1
-rw-r--r--   3 root supergroup  805306368 2019-02-28 19:46 /myfile10._COPYING_
-rw-r--r--   3 root supergroup 1073741824 2019-02-28 19:46 /myfile11
-rw-r--r--   3 root supergroup 1073741824 2019-02-28 19:41 /myfile12
-rw-r--r--   3 root supergroup 1073741824 2019-02-28 19:45 /myfile13
-rw-r--r--   3 root supergroup 1073741824 2019-02-28 19:41 /myfile14
-rw-r--r--   3 root supergroup 1073741824 2019-02-28 19:42 /myfile15
-rw-r--r--   3 root supergroup 1073741824 2019-02-28 19:45 /myfile16
-rw-r--r--   3 root supergroup 1073741824 2019-02-28 19:41 /myfile17
-rw-r--r--   3 root supergroup 1073741824 2019-02-28 19:41 /myfile18
-rw-r--r--   3 root supergroup 1073741824 2019-02-28 19:45 /myfile19
-rw-r--r--   3 root supergroup 1073741824 2019-02-28 19:41 /myfile2
-rw-r--r--   3 root supergroup 1073741824 2019-02-28 19:41 /myfile20
-rw-r--r--   3 root supergroup 1073741824 2019-02-28 19:42 /myfile3
-rw-r--r--   3 root supergroup  805306368 2019-02-28 19:46 /myfile4._COPYING_
-rw-r--r--   3 root supergroup 1073741824 2019-02-28 19:41 /myfile5
-rw-r--r--   3 root supergroup 1073741824 2019-02-28 19:41 /myfile6
-rw-r--r--   3 root supergroup 1073741824 2019-02-28 19:46 /myfile7
-rw-r--r--   3 root supergroup 1073741824 2019-02-28 19:41 /myfile8
-rw-r--r--   3 root supergroup 1073741824 2019-02-28 19:45 /myfile9
file 11 has been put into HDFS
file 11 has been read from HDFS for 1 time
diff succeed!
file 11 has been read from HDFS for 2 time
diff succeed!
file 11 has been read from HDFS for 3 time
diff succeed!
file 11 has been read from HDFS for 4 time
diff succeed!
file 11 has been read from HDFS for 5 time
diff succeed!
file 11 has been read from HDFS for 6 time
diff succeed!
2019-02-28 19:48:34,923 WARN impl.BlockReaderFactory: I/O error constructing remote block reader.
java.io.IOException: Connection reset by peer
	at sun.nio.ch.FileDispatcherImpl.read0(Native Method)
	at sun.nio.ch.SocketDispatcher.read(SocketDispatcher.java:39)
	at sun.nio.ch.IOUtil.readIntoNativeBuffer(IOUtil.java:223)
	at sun.nio.ch.IOUtil.read(IOUtil.java:197)
	at sun.nio.ch.SocketChannelImpl.read(SocketChannelImpl.java:380)
	at org.apache.hadoop.net.SocketInputStream$Reader.performIO(SocketInputStream.java:57)
	at org.apache.hadoop.net.SocketIOWithTimeout.doIO(SocketIOWithTimeout.java:142)
	at org.apache.hadoop.net.SocketInputStream.read(SocketInputStream.java:161)
	at org.apache.hadoop.net.SocketInputStream.read(SocketInputStream.java:131)
	at org.apache.hadoop.net.SocketInputStream.read(SocketInputStream.java:118)
	at java.io.FilterInputStream.read(FilterInputStream.java:83)
	at org.apache.hadoop.hdfs.protocolPB.PBHelperClient.vintPrefixed(PBHelperClient.java:547)
	at org.apache.hadoop.hdfs.client.impl.BlockReaderRemote.newBlockReader(BlockReaderRemote.java:407)
	at org.apache.hadoop.hdfs.client.impl.BlockReaderFactory.getRemoteBlockReader(BlockReaderFactory.java:853)
	at org.apache.hadoop.hdfs.client.impl.BlockReaderFactory.getRemoteBlockReaderFromTcp(BlockReaderFactory.java:749)
	at org.apache.hadoop.hdfs.client.impl.BlockReaderFactory.build(BlockReaderFactory.java:379)
	at org.apache.hadoop.hdfs.DFSInputStream.getBlockReader(DFSInputStream.java:641)
	at org.apache.hadoop.hdfs.DFSInputStream.blockSeekTo(DFSInputStream.java:572)
	at org.apache.hadoop.hdfs.DFSInputStream.readWithStrategy(DFSInputStream.java:754)
	at org.apache.hadoop.hdfs.DFSInputStream.read(DFSInputStream.java:820)
	at java.io.DataInputStream.read(DataInputStream.java:100)
	at org.apache.hadoop.io.IOUtils.copyBytes(IOUtils.java:94)
	at org.apache.hadoop.io.IOUtils.copyBytes(IOUtils.java:68)
	at org.apache.hadoop.io.IOUtils.copyBytes(IOUtils.java:129)
	at org.apache.hadoop.fs.shell.CommandWithDestination$TargetFileSystem.writeStreamToFile(CommandWithDestination.java:485)
	at org.apache.hadoop.fs.shell.CommandWithDestination.copyStreamToTarget(CommandWithDestination.java:407)
	at org.apache.hadoop.fs.shell.CommandWithDestination.copyFileToTarget(CommandWithDestination.java:342)
	at org.apache.hadoop.fs.shell.CommandWithDestination.processPath(CommandWithDestination.java:277)
	at org.apache.hadoop.fs.shell.CommandWithDestination.processPath(CommandWithDestination.java:262)
	at org.apache.hadoop.fs.shell.Command.processPaths(Command.java:331)
	at org.apache.hadoop.fs.shell.Command.processPathArgument(Command.java:303)
	at org.apache.hadoop.fs.shell.CommandWithDestination.processPathArgument(CommandWithDestination.java:257)
	at org.apache.hadoop.fs.shell.Command.processArgument(Command.java:285)
	at org.apache.hadoop.fs.shell.Command.processArguments(Command.java:269)
	at org.apache.hadoop.fs.shell.CommandWithDestination.processArguments(CommandWithDestination.java:228)
	at org.apache.hadoop.fs.shell.FsCommand.processRawArguments(FsCommand.java:120)
	at org.apache.hadoop.fs.shell.Command.run(Command.java:176)
	at org.apache.hadoop.fs.FsShell.run(FsShell.java:328)
	at org.apache.hadoop.util.ToolRunner.run(ToolRunner.java:76)
	at org.apache.hadoop.util.ToolRunner.run(ToolRunner.java:90)
	at org.apache.hadoop.fs.FsShell.main(FsShell.java:391)
2019-02-28 19:48:34,933 WARN hdfs.DFSClient: Failed to connect to /10.10.1.2:9866 for block BP-2006488387-130.127.133.101-1551408011631:blk_1073742022_1204, add to deadNodes and continue. 
java.io.IOException: Connection reset by peer
	at sun.nio.ch.FileDispatcherImpl.read0(Native Method)
	at sun.nio.ch.SocketDispatcher.read(SocketDispatcher.java:39)
	at sun.nio.ch.IOUtil.readIntoNativeBuffer(IOUtil.java:223)
	at sun.nio.ch.IOUtil.read(IOUtil.java:197)
	at sun.nio.ch.SocketChannelImpl.read(SocketChannelImpl.java:380)
	at org.apache.hadoop.net.SocketInputStream$Reader.performIO(SocketInputStream.java:57)
	at org.apache.hadoop.net.SocketIOWithTimeout.doIO(SocketIOWithTimeout.java:142)
	at org.apache.hadoop.net.SocketInputStream.read(SocketInputStream.java:161)
	at org.apache.hadoop.net.SocketInputStream.read(SocketInputStream.java:131)
	at org.apache.hadoop.net.SocketInputStream.read(SocketInputStream.java:118)
	at java.io.FilterInputStream.read(FilterInputStream.java:83)
	at org.apache.hadoop.hdfs.protocolPB.PBHelperClient.vintPrefixed(PBHelperClient.java:547)
	at org.apache.hadoop.hdfs.client.impl.BlockReaderRemote.newBlockReader(BlockReaderRemote.java:407)
	at org.apache.hadoop.hdfs.client.impl.BlockReaderFactory.getRemoteBlockReader(BlockReaderFactory.java:853)
	at org.apache.hadoop.hdfs.client.impl.BlockReaderFactory.getRemoteBlockReaderFromTcp(BlockReaderFactory.java:749)
	at org.apache.hadoop.hdfs.client.impl.BlockReaderFactory.build(BlockReaderFactory.java:379)
	at org.apache.hadoop.hdfs.DFSInputStream.getBlockReader(DFSInputStream.java:641)
	at org.apache.hadoop.hdfs.DFSInputStream.blockSeekTo(DFSInputStream.java:572)
	at org.apache.hadoop.hdfs.DFSInputStream.readWithStrategy(DFSInputStream.java:754)
	at org.apache.hadoop.hdfs.DFSInputStream.read(DFSInputStream.java:820)
	at java.io.DataInputStream.read(DataInputStream.java:100)
	at org.apache.hadoop.io.IOUtils.copyBytes(IOUtils.java:94)
	at org.apache.hadoop.io.IOUtils.copyBytes(IOUtils.java:68)
	at org.apache.hadoop.io.IOUtils.copyBytes(IOUtils.java:129)
	at org.apache.hadoop.fs.shell.CommandWithDestination$TargetFileSystem.writeStreamToFile(CommandWithDestination.java:485)
	at org.apache.hadoop.fs.shell.CommandWithDestination.copyStreamToTarget(CommandWithDestination.java:407)
	at org.apache.hadoop.fs.shell.CommandWithDestination.copyFileToTarget(CommandWithDestination.java:342)
	at org.apache.hadoop.fs.shell.CommandWithDestination.processPath(CommandWithDestination.java:277)
	at org.apache.hadoop.fs.shell.CommandWithDestination.processPath(CommandWithDestination.java:262)
	at org.apache.hadoop.fs.shell.Command.processPaths(Command.java:331)
	at org.apache.hadoop.fs.shell.Command.processPathArgument(Command.java:303)
	at org.apache.hadoop.fs.shell.CommandWithDestination.processPathArgument(CommandWithDestination.java:257)
	at org.apache.hadoop.fs.shell.Command.processArgument(Command.java:285)
	at org.apache.hadoop.fs.shell.Command.processArguments(Command.java:269)
	at org.apache.hadoop.fs.shell.CommandWithDestination.processArguments(CommandWithDestination.java:228)
	at org.apache.hadoop.fs.shell.FsCommand.processRawArguments(FsCommand.java:120)
	at org.apache.hadoop.fs.shell.Command.run(Command.java:176)
	at org.apache.hadoop.fs.FsShell.run(FsShell.java:328)
	at org.apache.hadoop.util.ToolRunner.run(ToolRunner.java:76)
	at org.apache.hadoop.util.ToolRunner.run(ToolRunner.java:90)
	at org.apache.hadoop.fs.FsShell.main(FsShell.java:391)
2019-02-28 19:48:34,958 INFO hdfs.DFSClient: Successfully connected to /10.10.1.3:9866 for BP-2006488387-130.127.133.101-1551408011631:blk_1073742022_1204
file 11 has been read from HDFS for 7 time
diff succeed!
file 11 has been read from HDFS for 8 time
diff succeed!
file 11 has been read from HDFS for 9 time
diff succeed!
file 11 has been read from HDFS for 10 time
diff succeed!
Deleted /myfile11
file 11 has been removed from HDFS
Found 19 items
-rw-r--r--   3 root supergroup 1073741824 2019-02-28 19:46 /myfile1
-rw-r--r--   3 root supergroup 1073741824 2019-02-28 19:46 /myfile10
-rw-r--r--   3 root supergroup 1073741824 2019-02-28 19:50 /myfile11
-rw-r--r--   3 root supergroup 1073741824 2019-02-28 19:47 /myfile12
-rw-r--r--   3 root supergroup 1073741824 2019-02-28 19:49 /myfile13
-rw-r--r--   3 root supergroup 1073741824 2019-02-28 19:47 /myfile14
-rw-r--r--   3 root supergroup 1073741824 2019-02-28 19:48 /myfile15
-rw-r--r--   3 root supergroup 1073741824 2019-02-28 19:49 /myfile16
-rw-r--r--   3 root supergroup 1073741824 2019-02-28 19:47 /myfile17
-rw-r--r--   3 root supergroup 1073741824 2019-02-28 19:48 /myfile18
-rw-r--r--   3 root supergroup 1073741824 2019-02-28 19:49 /myfile19
-rw-r--r--   3 root supergroup 1073741824 2019-02-28 19:46 /myfile2
-rw-r--r--   3 root supergroup 1073741824 2019-02-28 19:48 /myfile20
-rw-r--r--   3 root supergroup 1073741824 2019-02-28 19:48 /myfile3
-rw-r--r--   3 root supergroup 1073741824 2019-02-28 19:47 /myfile5
-rw-r--r--   3 root supergroup 1073741824 2019-02-28 19:47 /myfile6
-rw-r--r--   3 root supergroup 1073741824 2019-02-28 19:50 /myfile7
-rw-r--r--   3 root supergroup 1073741824 2019-02-28 19:48 /myfile8
-rw-r--r--   3 root supergroup 1073741824 2019-02-28 19:49 /myfile9
file 11 has been put into HDFS
file 11 has been read from HDFS for 1 time
diff succeed!
file 11 has been read from HDFS for 2 time
diff succeed!
file 11 has been read from HDFS for 3 time
diff succeed!
file 11 has been read from HDFS for 4 time
diff succeed!
file 11 has been read from HDFS for 5 time
diff succeed!
file 11 has been read from HDFS for 6 time
diff succeed!
file 11 has been read from HDFS for 7 time
diff succeed!
file 11 has been read from HDFS for 8 time
diff succeed!
file 11 has been read from HDFS for 9 time
diff succeed!
file 11 has been read from HDFS for 10 time
diff succeed!
Deleted /myfile11
file 11 has been removed from HDFS
Found 20 items
-rw-r--r--   3 root supergroup 1073741824 2019-02-28 19:51 /myfile1
-rw-r--r--   3 root supergroup 1073741824 2019-02-28 19:50 /myfile10
-rw-r--r--   3 root supergroup 1073741824 2019-02-28 19:54 /myfile11
-rw-r--r--   3 root supergroup 1073741824 2019-02-28 19:50 /myfile12
-rw-r--r--   3 root supergroup 1073741824 2019-02-28 19:53 /myfile13
-rw-r--r--   3 root supergroup 1073741824 2019-02-28 19:51 /myfile14
-rw-r--r--   3 root supergroup 1073741824 2019-02-28 19:52 /myfile15
-rw-r--r--   3 root supergroup 1073741824 2019-02-28 19:53 /myfile16
-rw-r--r--   3 root supergroup 1073741824 2019-02-28 19:51 /myfile17
-rw-r--r--   3 root supergroup 1073741824 2019-02-28 19:52 /myfile18
-rw-r--r--   3 root supergroup 1073741824 2019-02-28 19:53 /myfile19
-rw-r--r--   3 root supergroup 1073741824 2019-02-28 19:50 /myfile2
-rw-r--r--   3 root supergroup 1073741824 2019-02-28 19:52 /myfile20
-rw-r--r--   3 root supergroup 1073741824 2019-02-28 19:52 /myfile3
-rw-r--r--   3 root supergroup 1073741824 2019-02-28 19:50 /myfile4
-rw-r--r--   3 root supergroup 1073741824 2019-02-28 19:51 /myfile5
-rw-r--r--   3 root supergroup 1073741824 2019-02-28 19:51 /myfile6
-rw-r--r--   3 root supergroup  939524096 2019-02-28 19:54 /myfile7._COPYING_
-rw-r--r--   3 root supergroup 1073741824 2019-02-28 19:52 /myfile8
-rw-r--r--   3 root supergroup 1073741824 2019-02-28 19:53 /myfile9
file 11 has been put into HDFS
file 11 has been read from HDFS for 1 time
diff succeed!
file 11 has been read from HDFS for 2 time
diff succeed!
file 11 has been read from HDFS for 3 time
diff succeed!
sub_benchmark 3 signal TERM catched and let quit gracefully
Deleted /myfile11
file 11 has been removed from HDFS
