Found 20 items
-rw-r--r--   3 root supergroup 1073741824 2019-02-27 13:00 /myfile1
-rw-r--r--   3 root supergroup 1073741824 2019-02-27 13:00 /myfile10
-rw-r--r--   3 root supergroup 1073741824 2019-02-27 13:00 /myfile11
-rw-r--r--   3 root supergroup 1073741824 2019-02-27 13:00 /myfile12
-rw-r--r--   3 root supergroup 1073741824 2019-02-27 13:00 /myfile13
-rw-r--r--   3 root supergroup 1073741824 2019-02-27 13:00 /myfile14
-rw-r--r--   3 root supergroup 1073741824 2019-02-27 13:00 /myfile15
-rw-r--r--   3 root supergroup 1073741824 2019-02-27 13:00 /myfile16
-rw-r--r--   3 root supergroup 1073741824 2019-02-27 13:00 /myfile17
-rw-r--r--   3 root supergroup 1073741824 2019-02-27 13:00 /myfile18
-rw-r--r--   3 root supergroup 1073741824 2019-02-27 13:00 /myfile19
-rw-r--r--   3 root supergroup 1073741824 2019-02-27 13:00 /myfile2
-rw-r--r--   3 root supergroup 1073741824 2019-02-27 13:00 /myfile20
-rw-r--r--   3 root supergroup 1073741824 2019-02-27 13:00 /myfile3
-rw-r--r--   3 root supergroup 1073741824 2019-02-27 13:00 /myfile4
-rw-r--r--   3 root supergroup 1073741824 2019-02-27 13:00 /myfile5
-rw-r--r--   3 root supergroup 1073741824 2019-02-27 13:00 /myfile6
-rw-r--r--   3 root supergroup 1073741824 2019-02-27 13:00 /myfile7
-rw-r--r--   3 root supergroup 1073741824 2019-02-27 13:00 /myfile8
-rw-r--r--   3 root supergroup 1073741824 2019-02-27 13:00 /myfile9
file 3 has been put into HDFS
file 3 has been read from HDFS for 1 time
diff succeed!
file 3 has been read from HDFS for 2 time
diff succeed!
file 3 has been read from HDFS for 3 time
diff succeed!
file 3 has been read from HDFS for 4 time
diff succeed!
file 3 has been read from HDFS for 5 time
diff succeed!
file 3 has been read from HDFS for 6 time
diff succeed!
file 3 has been read from HDFS for 7 time
diff succeed!
file 3 has been read from HDFS for 8 time
diff succeed!
file 3 has been read from HDFS for 9 time
diff succeed!
file 3 has been read from HDFS for 10 time
diff succeed!
Deleted /myfile3
file 3 has been removed from HDFS
Found 20 items
-rw-r--r--   3 root supergroup 1073741824 2019-02-27 13:00 /myfile1
-rw-r--r--   3 root supergroup 1073741824 2019-02-27 13:04 /myfile10
-rw-r--r--   3 root supergroup 1073741824 2019-02-27 13:04 /myfile11
-rw-r--r--   3 root supergroup 1073741824 2019-02-27 13:04 /myfile12
-rw-r--r--   3 root supergroup 1073741824 2019-02-27 13:04 /myfile13
-rw-r--r--   3 root supergroup 1073741824 2019-02-27 13:00 /myfile14
-rw-r--r--   3 root supergroup 1073741824 2019-02-27 13:04 /myfile15
-rw-r--r--   3 root supergroup 1073741824 2019-02-27 13:04 /myfile16
-rw-r--r--   3 root supergroup 1073741824 2019-02-27 13:00 /myfile17
-rw-r--r--   3 root supergroup 1073741824 2019-02-27 13:04 /myfile18
-rw-r--r--   3 root supergroup 1073741824 2019-02-27 13:04 /myfile19
-rw-r--r--   3 root supergroup 1073741824 2019-02-27 13:00 /myfile2
-rw-r--r--   3 root supergroup 1073741824 2019-02-27 13:00 /myfile20
-rw-r--r--   3 root supergroup 1073741824 2019-02-27 13:04 /myfile3
-rw-r--r--   3 root supergroup 1073741824 2019-02-27 13:00 /myfile4
-rw-r--r--   3 root supergroup 1073741824 2019-02-27 13:04 /myfile5
-rw-r--r--   3 root supergroup 1073741824 2019-02-27 13:04 /myfile6
-rw-r--r--   3 root supergroup 1073741824 2019-02-27 13:04 /myfile7
-rw-r--r--   3 root supergroup 1073741824 2019-02-27 13:04 /myfile8
-rw-r--r--   3 root supergroup 1073741824 2019-02-27 13:00 /myfile9
file 3 has been put into HDFS
file 3 has been read from HDFS for 1 time
diff succeed!
file 3 has been read from HDFS for 2 time
diff succeed!
file 3 has been read from HDFS for 3 time
diff succeed!
file 3 has been read from HDFS for 4 time
diff succeed!
file 3 has been read from HDFS for 5 time
diff succeed!
file 3 has been read from HDFS for 6 time
diff succeed!
file 3 has been read from HDFS for 7 time
diff succeed!
file 3 has been read from HDFS for 8 time
diff succeed!
file 3 has been read from HDFS for 9 time
diff succeed!
file 3 has been read from HDFS for 10 time
diff succeed!
Deleted /myfile3
file 3 has been removed from HDFS
Found 18 items
-rw-r--r--   3 root supergroup 1073741824 2019-02-27 13:09 /myfile10
-rw-r--r--   3 root supergroup 1073741824 2019-02-27 13:09 /myfile11
-rw-r--r--   3 root supergroup 1073741824 2019-02-27 13:08 /myfile12
-rw-r--r--   3 root supergroup 1073741824 2019-02-27 13:04 /myfile13
-rw-r--r--   3 root supergroup 1073741824 2019-02-27 13:05 /myfile14
-rw-r--r--   3 root supergroup 1073741824 2019-02-27 13:09 /myfile15
-rw-r--r--   3 root supergroup 1073741824 2019-02-27 13:09 /myfile16
-rw-r--r--   3 root supergroup 1073741824 2019-02-27 13:05 /myfile17
-rw-r--r--   3 root supergroup 1073741824 2019-02-27 13:09 /myfile18
-rw-r--r--   3 root supergroup 1073741824 2019-02-27 13:08 /myfile19
-rw-r--r--   3 root supergroup 1073741824 2019-02-27 13:09 /myfile20
-rw-r--r--   3 root supergroup 1073741824 2019-02-27 13:09 /myfile3
-rw-r--r--   3 root supergroup 1073741824 2019-02-27 13:09 /myfile4
-rw-r--r--   3 root supergroup 1073741824 2019-02-27 13:09 /myfile5
-rw-r--r--   3 root supergroup 1073741824 2019-02-27 13:04 /myfile6
-rw-r--r--   3 root supergroup 1073741824 2019-02-27 13:04 /myfile7
-rw-r--r--   3 root supergroup 1073741824 2019-02-27 13:08 /myfile8
-rw-r--r--   3 root supergroup 1073741824 2019-02-27 13:07 /myfile9
file 3 has been put into HDFS
file 3 has been read from HDFS for 1 time
diff succeed!
file 3 has been read from HDFS for 2 time
diff succeed!
file 3 has been read from HDFS for 3 time
diff succeed!
file 3 has been read from HDFS for 4 time
diff succeed!
file 3 has been read from HDFS for 5 time
diff succeed!
file 3 has been read from HDFS for 6 time
diff succeed!
file 3 has been read from HDFS for 7 time
diff succeed!
file 3 has been read from HDFS for 8 time
diff succeed!
2019-02-27 13:12:40,282 INFO retry.RetryInvocationHandler: org.apache.hadoop.ipc.RemoteException(org.apache.hadoop.ipc.StandbyException): Operation category READ is not supported in state standby. Visit https://s.apache.org/sbnn-error
	at org.apache.hadoop.hdfs.server.namenode.ha.StandbyState.checkOperation(StandbyState.java:88)
	at org.apache.hadoop.hdfs.server.namenode.NameNode$NameNodeHAContext.checkOperation(NameNode.java:1952)
	at org.apache.hadoop.hdfs.server.namenode.FSNamesystem.checkOperation(FSNamesystem.java:1423)
	at org.apache.hadoop.hdfs.server.namenode.FSNamesystem.getFileInfo(FSNamesystem.java:3085)
	at org.apache.hadoop.hdfs.server.namenode.NameNodeRpcServer.getFileInfo(NameNodeRpcServer.java:1154)
	at org.apache.hadoop.hdfs.protocolPB.ClientNamenodeProtocolServerSideTranslatorPB.getFileInfo(ClientNamenodeProtocolServerSideTranslatorPB.java:966)
	at org.apache.hadoop.hdfs.protocol.proto.ClientNamenodeProtocolProtos$ClientNamenodeProtocol$2.callBlockingMethod(ClientNamenodeProtocolProtos.java)
	at org.apache.hadoop.ipc.ProtobufRpcEngine$Server$ProtoBufRpcInvoker.call(ProtobufRpcEngine.java:523)
	at org.apache.hadoop.ipc.RPC$Server.call(RPC.java:991)
	at org.apache.hadoop.ipc.Server$RpcCall.run(Server.java:872)
	at org.apache.hadoop.ipc.Server$RpcCall.run(Server.java:818)
	at java.security.AccessController.doPrivileged(Native Method)
	at javax.security.auth.Subject.doAs(Subject.java:422)
	at org.apache.hadoop.security.UserGroupInformation.doAs(UserGroupInformation.java:1729)
	at org.apache.hadoop.ipc.Server$Handler.run(Server.java:2678)
, while invoking ClientNamenodeProtocolTranslatorPB.getFileInfo over node-1-link-0/10.10.1.4:8020 after 1 failover attempts. Trying to failover after sleeping for 515ms.
2019-02-27 13:12:40,800 INFO retry.RetryInvocationHandler: java.net.ConnectException: Call From clnode090.clemson.cloudlab.us/130.127.133.99 to node-0-link-0:8020 failed on connection exception: java.net.ConnectException: Connection refused; For more details see:  http://wiki.apache.org/hadoop/ConnectionRefused, while invoking ClientNamenodeProtocolTranslatorPB.getFileInfo over node-0-link-0/10.10.1.1:8020 after 2 failover attempts. Trying to failover after sleeping for 2111ms.
file 3 has been read from HDFS for 9 time
diff succeed!
file 3 has been read from HDFS for 10 time
diff succeed!
Deleted /myfile3
file 3 has been removed from HDFS
Found 20 items
-rw-r--r--   3 root supergroup  805306368 2019-02-27 13:15 /myfile1._COPYING_
-rw-r--r--   3 root supergroup 1073741824 2019-02-27 13:14 /myfile10
-rw-r--r--   3 root supergroup 1073741824 2019-02-27 13:15 /myfile11
-rw-r--r--   3 root supergroup 1073741824 2019-02-27 13:14 /myfile12
-rw-r--r--   3 root supergroup 1073741824 2019-02-27 13:10 /myfile13
-rw-r--r--   3 root supergroup 1073741824 2019-02-27 13:14 /myfile14
-rw-r--r--   3 root supergroup 1073741824 2019-02-27 13:14 /myfile15
-rw-r--r--   3 root supergroup 1073741824 2019-02-27 13:15 /myfile16
-rw-r--r--   3 root supergroup 1073741824 2019-02-27 13:11 /myfile17
-rw-r--r--   3 root supergroup  268435456 2019-02-27 13:15 /myfile18._COPYING_
-rw-r--r--   3 root supergroup 1073741824 2019-02-27 13:13 /myfile19
-rw-r--r--   3 root supergroup 1073741824 2019-02-27 13:15 /myfile2
-rw-r--r--   3 root supergroup 1073741824 2019-02-27 13:15 /myfile20
-rw-r--r--   3 root supergroup 1073741824 2019-02-27 13:15 /myfile3
-rw-r--r--   3 root supergroup 1073741824 2019-02-27 13:14 /myfile4
-rw-r--r--   3 root supergroup 1073741824 2019-02-27 13:14 /myfile5
-rw-r--r--   3 root supergroup 1073741824 2019-02-27 13:14 /myfile6
-rw-r--r--   3 root supergroup 1073741824 2019-02-27 13:14 /myfile7
-rw-r--r--   3 root supergroup 1073741824 2019-02-27 13:14 /myfile8
-rw-r--r--   3 root supergroup 1073741824 2019-02-27 13:12 /myfile9
file 3 has been put into HDFS
file 3 has been read from HDFS for 1 time
diff succeed!
file 3 has been read from HDFS for 2 time
diff succeed!
file 3 has been read from HDFS for 3 time
diff succeed!
file 3 has been read from HDFS for 4 time
diff succeed!
file 3 has been read from HDFS for 5 time
diff succeed!
file 3 has been read from HDFS for 6 time
diff succeed!
file 3 has been read from HDFS for 7 time
diff succeed!
file 3 has been read from HDFS for 8 time
diff succeed!
file 3 has been read from HDFS for 9 time
diff succeed!
file 3 has been read from HDFS for 10 time
diff succeed!
Deleted /myfile3
file 3 has been removed from HDFS
Found 20 items
-rw-r--r--   3 root supergroup 1073741824 2019-02-27 13:19 /myfile1
-rw-r--r--   3 root supergroup 1073741824 2019-02-27 13:18 /myfile10
-rw-r--r--   3 root supergroup 1073741824 2019-02-27 13:20 /myfile11
-rw-r--r--   3 root supergroup 1073741824 2019-02-27 13:18 /myfile12
-rw-r--r--   3 root supergroup 1073741824 2019-02-27 13:16 /myfile13
-rw-r--r--   3 root supergroup 1073741824 2019-02-27 13:19 /myfile14
-rw-r--r--   3 root supergroup 1073741824 2019-02-27 13:19 /myfile15
-rw-r--r--   3 root supergroup 1073741824 2019-02-27 13:15 /myfile16
-rw-r--r--   3 root supergroup 1073741824 2019-02-27 13:17 /myfile17
-rw-r--r--   3 root supergroup  939524096 2019-02-27 13:19 /myfile18._COPYING_
-rw-r--r--   3 root supergroup 1073741824 2019-02-27 13:18 /myfile19
-rw-r--r--   3 root supergroup  268435456 2019-02-27 13:20 /myfile2._COPYING_
-rw-r--r--   3 root supergroup 1073741824 2019-02-27 13:19 /myfile20
-rw-r--r--   3 root supergroup 1073741824 2019-02-27 13:20 /myfile3
-rw-r--r--   3 root supergroup 1073741824 2019-02-27 13:18 /myfile4
-rw-r--r--   3 root supergroup 1073741824 2019-02-27 13:18 /myfile5
-rw-r--r--   3 root supergroup 1073741824 2019-02-27 13:19 /myfile6
-rw-r--r--   3 root supergroup 1073741824 2019-02-27 13:18 /myfile7
-rw-r--r--   3 root supergroup 1073741824 2019-02-27 13:18 /myfile8
-rw-r--r--   3 root supergroup 1073741824 2019-02-27 13:17 /myfile9
file 3 has been put into HDFS
file 3 has been read from HDFS for 1 time
diff succeed!
file 3 has been read from HDFS for 2 time
diff succeed!
file 3 has been read from HDFS for 3 time
diff succeed!
file 3 has been read from HDFS for 4 time
diff succeed!
file 3 has been read from HDFS for 5 time
diff succeed!
file 3 has been read from HDFS for 6 time
diff succeed!
file 3 has been read from HDFS for 7 time
diff succeed!
file 3 has been read from HDFS for 8 time
diff succeed!
file 3 has been read from HDFS for 9 time
diff succeed!
file 3 has been read from HDFS for 10 time
diff succeed!
2019-02-27 13:23:44,865 INFO retry.RetryInvocationHandler: org.apache.hadoop.ipc.RemoteException(org.apache.hadoop.ipc.RetriableException): org.apache.hadoop.hdfs.server.namenode.SafeModeException: Cannot delete /myfile3. Name node is in safe mode.
The reported blocks 156 has reached the threshold 0.9990 of total blocks 156. The number of live datanodes 3 has reached the minimum number 0. In safe mode extension. Safe mode will be turned off automatically in 29 seconds. NamenodeHostName:node-1-link-0
	at org.apache.hadoop.hdfs.server.namenode.FSNamesystem.checkNameNodeSafeMode(FSNamesystem.java:1441)
	at org.apache.hadoop.hdfs.server.namenode.FSNamesystem.delete(FSNamesystem.java:2986)
	at org.apache.hadoop.hdfs.server.namenode.NameNodeRpcServer.delete(NameNodeRpcServer.java:1095)
	at org.apache.hadoop.hdfs.protocolPB.ClientNamenodeProtocolServerSideTranslatorPB.delete(ClientNamenodeProtocolServerSideTranslatorPB.java:692)
	at org.apache.hadoop.hdfs.protocol.proto.ClientNamenodeProtocolProtos$ClientNamenodeProtocol$2.callBlockingMethod(ClientNamenodeProtocolProtos.java)
	at org.apache.hadoop.ipc.ProtobufRpcEngine$Server$ProtoBufRpcInvoker.call(ProtobufRpcEngine.java:523)
	at org.apache.hadoop.ipc.RPC$Server.call(RPC.java:991)
	at org.apache.hadoop.ipc.Server$RpcCall.run(Server.java:872)
	at org.apache.hadoop.ipc.Server$RpcCall.run(Server.java:818)
	at java.security.AccessController.doPrivileged(Native Method)
	at javax.security.auth.Subject.doAs(Subject.java:422)
	at org.apache.hadoop.security.UserGroupInformation.doAs(UserGroupInformation.java:1729)
	at org.apache.hadoop.ipc.Server$Handler.run(Server.java:2678)
Caused by: org.apache.hadoop.hdfs.server.namenode.SafeModeException: Cannot delete /myfile3. Name node is in safe mode.
The reported blocks 156 has reached the threshold 0.9990 of total blocks 156. The number of live datanodes 3 has reached the minimum number 0. In safe mode extension. Safe mode will be turned off automatically in 29 seconds. NamenodeHostName:node-1-link-0
	at org.apache.hadoop.hdfs.server.namenode.FSNamesystem.newSafemodeException(FSNamesystem.java:1450)
	at org.apache.hadoop.hdfs.server.namenode.FSNamesystem.checkNameNodeSafeMode(FSNamesystem.java:1437)
	... 12 more
, while invoking ClientNamenodeProtocolTranslatorPB.delete over node-1-link-0/10.10.1.4:8020. Retrying immediately.
2019-02-27 13:23:44,867 INFO retry.RetryInvocationHandler: org.apache.hadoop.ipc.RemoteException(org.apache.hadoop.ipc.RetriableException): org.apache.hadoop.hdfs.server.namenode.SafeModeException: Cannot delete /myfile3. Name node is in safe mode.
The reported blocks 156 has reached the threshold 0.9990 of total blocks 156. The number of live datanodes 3 has reached the minimum number 0. In safe mode extension. Safe mode will be turned off automatically in 29 seconds. NamenodeHostName:node-1-link-0
	at org.apache.hadoop.hdfs.server.namenode.FSNamesystem.checkNameNodeSafeMode(FSNamesystem.java:1441)
	at org.apache.hadoop.hdfs.server.namenode.FSNamesystem.delete(FSNamesystem.java:2986)
	at org.apache.hadoop.hdfs.server.namenode.NameNodeRpcServer.delete(NameNodeRpcServer.java:1095)
	at org.apache.hadoop.hdfs.protocolPB.ClientNamenodeProtocolServerSideTranslatorPB.delete(ClientNamenodeProtocolServerSideTranslatorPB.java:692)
	at org.apache.hadoop.hdfs.protocol.proto.ClientNamenodeProtocolProtos$ClientNamenodeProtocol$2.callBlockingMethod(ClientNamenodeProtocolProtos.java)
	at org.apache.hadoop.ipc.ProtobufRpcEngine$Server$ProtoBufRpcInvoker.call(ProtobufRpcEngine.java:523)
	at org.apache.hadoop.ipc.RPC$Server.call(RPC.java:991)
	at org.apache.hadoop.ipc.Server$RpcCall.run(Server.java:872)
	at org.apache.hadoop.ipc.Server$RpcCall.run(Server.java:818)
	at java.security.AccessController.doPrivileged(Native Method)
	at javax.security.auth.Subject.doAs(Subject.java:422)
	at org.apache.hadoop.security.UserGroupInformation.doAs(UserGroupInformation.java:1729)
	at org.apache.hadoop.ipc.Server$Handler.run(Server.java:2678)
Caused by: org.apache.hadoop.hdfs.server.namenode.SafeModeException: Cannot delete /myfile3. Name node is in safe mode.
The reported blocks 156 has reached the threshold 0.9990 of total blocks 156. The number of live datanodes 3 has reached the minimum number 0. In safe mode extension. Safe mode will be turned off automatically in 29 seconds. NamenodeHostName:node-1-link-0
	at org.apache.hadoop.hdfs.server.namenode.FSNamesystem.newSafemodeException(FSNamesystem.java:1450)
	at org.apache.hadoop.hdfs.server.namenode.FSNamesystem.checkNameNodeSafeMode(FSNamesystem.java:1437)
	... 12 more
, while invoking ClientNamenodeProtocolTranslatorPB.delete over node-1-link-0/10.10.1.4:8020. Retrying after sleeping for 992ms.
2019-02-27 13:23:45,862 INFO retry.RetryInvocationHandler: org.apache.hadoop.ipc.RemoteException(org.apache.hadoop.ipc.RetriableException): org.apache.hadoop.hdfs.server.namenode.SafeModeException: Cannot delete /myfile3. Name node is in safe mode.
The reported blocks 156 has reached the threshold 0.9990 of total blocks 156. The number of live datanodes 3 has reached the minimum number 0. In safe mode extension. Safe mode will be turned off automatically in 28 seconds. NamenodeHostName:node-1-link-0
	at org.apache.hadoop.hdfs.server.namenode.FSNamesystem.checkNameNodeSafeMode(FSNamesystem.java:1441)
	at org.apache.hadoop.hdfs.server.namenode.FSNamesystem.delete(FSNamesystem.java:2986)
	at org.apache.hadoop.hdfs.server.namenode.NameNodeRpcServer.delete(NameNodeRpcServer.java:1095)
	at org.apache.hadoop.hdfs.protocolPB.ClientNamenodeProtocolServerSideTranslatorPB.delete(ClientNamenodeProtocolServerSideTranslatorPB.java:692)
	at org.apache.hadoop.hdfs.protocol.proto.ClientNamenodeProtocolProtos$ClientNamenodeProtocol$2.callBlockingMethod(ClientNamenodeProtocolProtos.java)
	at org.apache.hadoop.ipc.ProtobufRpcEngine$Server$ProtoBufRpcInvoker.call(ProtobufRpcEngine.java:523)
	at org.apache.hadoop.ipc.RPC$Server.call(RPC.java:991)
	at org.apache.hadoop.ipc.Server$RpcCall.run(Server.java:872)
	at org.apache.hadoop.ipc.Server$RpcCall.run(Server.java:818)
	at java.security.AccessController.doPrivileged(Native Method)
	at javax.security.auth.Subject.doAs(Subject.java:422)
	at org.apache.hadoop.security.UserGroupInformation.doAs(UserGroupInformation.java:1729)
	at org.apache.hadoop.ipc.Server$Handler.run(Server.java:2678)
Caused by: org.apache.hadoop.hdfs.server.namenode.SafeModeException: Cannot delete /myfile3. Name node is in safe mode.
The reported blocks 156 has reached the threshold 0.9990 of total blocks 156. The number of live datanodes 3 has reached the minimum number 0. In safe mode extension. Safe mode will be turned off automatically in 28 seconds. NamenodeHostName:node-1-link-0
	at org.apache.hadoop.hdfs.server.namenode.FSNamesystem.newSafemodeException(FSNamesystem.java:1450)
	at org.apache.hadoop.hdfs.server.namenode.FSNamesystem.checkNameNodeSafeMode(FSNamesystem.java:1437)
	... 12 more
, while invoking ClientNamenodeProtocolTranslatorPB.delete over node-1-link-0/10.10.1.4:8020. Retrying after sleeping for 2575ms.
2019-02-27 13:23:48,443 INFO retry.RetryInvocationHandler: org.apache.hadoop.ipc.RemoteException(org.apache.hadoop.ipc.RetriableException): org.apache.hadoop.hdfs.server.namenode.SafeModeException: Cannot delete /myfile3. Name node is in safe mode.
The reported blocks 156 has reached the threshold 0.9990 of total blocks 156. The number of live datanodes 3 has reached the minimum number 0. In safe mode extension. Safe mode will be turned off automatically in 26 seconds. NamenodeHostName:node-1-link-0
	at org.apache.hadoop.hdfs.server.namenode.FSNamesystem.checkNameNodeSafeMode(FSNamesystem.java:1441)
	at org.apache.hadoop.hdfs.server.namenode.FSNamesystem.delete(FSNamesystem.java:2986)
	at org.apache.hadoop.hdfs.server.namenode.NameNodeRpcServer.delete(NameNodeRpcServer.java:1095)
	at org.apache.hadoop.hdfs.protocolPB.ClientNamenodeProtocolServerSideTranslatorPB.delete(ClientNamenodeProtocolServerSideTranslatorPB.java:692)
	at org.apache.hadoop.hdfs.protocol.proto.ClientNamenodeProtocolProtos$ClientNamenodeProtocol$2.callBlockingMethod(ClientNamenodeProtocolProtos.java)
	at org.apache.hadoop.ipc.ProtobufRpcEngine$Server$ProtoBufRpcInvoker.call(ProtobufRpcEngine.java:523)
	at org.apache.hadoop.ipc.RPC$Server.call(RPC.java:991)
	at org.apache.hadoop.ipc.Server$RpcCall.run(Server.java:872)
	at org.apache.hadoop.ipc.Server$RpcCall.run(Server.java:818)
	at java.security.AccessController.doPrivileged(Native Method)
	at javax.security.auth.Subject.doAs(Subject.java:422)
	at org.apache.hadoop.security.UserGroupInformation.doAs(UserGroupInformation.java:1729)
	at org.apache.hadoop.ipc.Server$Handler.run(Server.java:2678)
Caused by: org.apache.hadoop.hdfs.server.namenode.SafeModeException: Cannot delete /myfile3. Name node is in safe mode.
The reported blocks 156 has reached the threshold 0.9990 of total blocks 156. The number of live datanodes 3 has reached the minimum number 0. In safe mode extension. Safe mode will be turned off automatically in 26 seconds. NamenodeHostName:node-1-link-0
	at org.apache.hadoop.hdfs.server.namenode.FSNamesystem.newSafemodeException(FSNamesystem.java:1450)
	at org.apache.hadoop.hdfs.server.namenode.FSNamesystem.checkNameNodeSafeMode(FSNamesystem.java:1437)
	... 12 more
, while invoking ClientNamenodeProtocolTranslatorPB.delete over node-1-link-0/10.10.1.4:8020. Retrying after sleeping for 3064ms.
2019-02-27 13:23:51,510 INFO retry.RetryInvocationHandler: org.apache.hadoop.ipc.RemoteException(org.apache.hadoop.ipc.RetriableException): org.apache.hadoop.hdfs.server.namenode.SafeModeException: Cannot delete /myfile3. Name node is in safe mode.
The reported blocks 156 has reached the threshold 0.9990 of total blocks 156. The number of live datanodes 3 has reached the minimum number 0. In safe mode extension. Safe mode will be turned off automatically in 23 seconds. NamenodeHostName:node-1-link-0
	at org.apache.hadoop.hdfs.server.namenode.FSNamesystem.checkNameNodeSafeMode(FSNamesystem.java:1441)
	at org.apache.hadoop.hdfs.server.namenode.FSNamesystem.delete(FSNamesystem.java:2986)
	at org.apache.hadoop.hdfs.server.namenode.NameNodeRpcServer.delete(NameNodeRpcServer.java:1095)
	at org.apache.hadoop.hdfs.protocolPB.ClientNamenodeProtocolServerSideTranslatorPB.delete(ClientNamenodeProtocolServerSideTranslatorPB.java:692)
	at org.apache.hadoop.hdfs.protocol.proto.ClientNamenodeProtocolProtos$ClientNamenodeProtocol$2.callBlockingMethod(ClientNamenodeProtocolProtos.java)
	at org.apache.hadoop.ipc.ProtobufRpcEngine$Server$ProtoBufRpcInvoker.call(ProtobufRpcEngine.java:523)
	at org.apache.hadoop.ipc.RPC$Server.call(RPC.java:991)
	at org.apache.hadoop.ipc.Server$RpcCall.run(Server.java:872)
	at org.apache.hadoop.ipc.Server$RpcCall.run(Server.java:818)
	at java.security.AccessController.doPrivileged(Native Method)
	at javax.security.auth.Subject.doAs(Subject.java:422)
	at org.apache.hadoop.security.UserGroupInformation.doAs(UserGroupInformation.java:1729)
	at org.apache.hadoop.ipc.Server$Handler.run(Server.java:2678)
Caused by: org.apache.hadoop.hdfs.server.namenode.SafeModeException: Cannot delete /myfile3. Name node is in safe mode.
The reported blocks 156 has reached the threshold 0.9990 of total blocks 156. The number of live datanodes 3 has reached the minimum number 0. In safe mode extension. Safe mode will be turned off automatically in 23 seconds. NamenodeHostName:node-1-link-0
	at org.apache.hadoop.hdfs.server.namenode.FSNamesystem.newSafemodeException(FSNamesystem.java:1450)
	at org.apache.hadoop.hdfs.server.namenode.FSNamesystem.checkNameNodeSafeMode(FSNamesystem.java:1437)
	... 12 more
, while invoking ClientNamenodeProtocolTranslatorPB.delete over node-1-link-0/10.10.1.4:8020. Retrying after sleeping for 6519ms.
2019-02-27 13:23:58,032 INFO retry.RetryInvocationHandler: org.apache.hadoop.ipc.RemoteException(org.apache.hadoop.ipc.RetriableException): org.apache.hadoop.hdfs.server.namenode.SafeModeException: Cannot delete /myfile3. Name node is in safe mode.
The reported blocks 156 has reached the threshold 0.9990 of total blocks 156. The number of live datanodes 3 has reached the minimum number 0. In safe mode extension. Safe mode will be turned off automatically in 16 seconds. NamenodeHostName:node-1-link-0
	at org.apache.hadoop.hdfs.server.namenode.FSNamesystem.checkNameNodeSafeMode(FSNamesystem.java:1441)
	at org.apache.hadoop.hdfs.server.namenode.FSNamesystem.delete(FSNamesystem.java:2986)
	at org.apache.hadoop.hdfs.server.namenode.NameNodeRpcServer.delete(NameNodeRpcServer.java:1095)
	at org.apache.hadoop.hdfs.protocolPB.ClientNamenodeProtocolServerSideTranslatorPB.delete(ClientNamenodeProtocolServerSideTranslatorPB.java:692)
	at org.apache.hadoop.hdfs.protocol.proto.ClientNamenodeProtocolProtos$ClientNamenodeProtocol$2.callBlockingMethod(ClientNamenodeProtocolProtos.java)
	at org.apache.hadoop.ipc.ProtobufRpcEngine$Server$ProtoBufRpcInvoker.call(ProtobufRpcEngine.java:523)
	at org.apache.hadoop.ipc.RPC$Server.call(RPC.java:991)
	at org.apache.hadoop.ipc.Server$RpcCall.run(Server.java:872)
	at org.apache.hadoop.ipc.Server$RpcCall.run(Server.java:818)
	at java.security.AccessController.doPrivileged(Native Method)
	at javax.security.auth.Subject.doAs(Subject.java:422)
	at org.apache.hadoop.security.UserGroupInformation.doAs(UserGroupInformation.java:1729)
	at org.apache.hadoop.ipc.Server$Handler.run(Server.java:2678)
Caused by: org.apache.hadoop.hdfs.server.namenode.SafeModeException: Cannot delete /myfile3. Name node is in safe mode.
The reported blocks 156 has reached the threshold 0.9990 of total blocks 156. The number of live datanodes 3 has reached the minimum number 0. In safe mode extension. Safe mode will be turned off automatically in 16 seconds. NamenodeHostName:node-1-link-0
	at org.apache.hadoop.hdfs.server.namenode.FSNamesystem.newSafemodeException(FSNamesystem.java:1450)
	at org.apache.hadoop.hdfs.server.namenode.FSNamesystem.checkNameNodeSafeMode(FSNamesystem.java:1437)
	... 12 more
, while invoking ClientNamenodeProtocolTranslatorPB.delete over node-1-link-0/10.10.1.4:8020. Retrying after sleeping for 10551ms.
2019-02-27 13:24:08,588 INFO retry.RetryInvocationHandler: org.apache.hadoop.ipc.RemoteException(org.apache.hadoop.ipc.RetriableException): org.apache.hadoop.hdfs.server.namenode.SafeModeException: Cannot delete /myfile3. Name node is in safe mode.
The reported blocks 156 has reached the threshold 0.9990 of total blocks 156. The number of live datanodes 3 has reached the minimum number 0. In safe mode extension. Safe mode will be turned off automatically in 6 seconds. NamenodeHostName:node-1-link-0
	at org.apache.hadoop.hdfs.server.namenode.FSNamesystem.checkNameNodeSafeMode(FSNamesystem.java:1441)
	at org.apache.hadoop.hdfs.server.namenode.FSNamesystem.delete(FSNamesystem.java:2986)
	at org.apache.hadoop.hdfs.server.namenode.NameNodeRpcServer.delete(NameNodeRpcServer.java:1095)
	at org.apache.hadoop.hdfs.protocolPB.ClientNamenodeProtocolServerSideTranslatorPB.delete(ClientNamenodeProtocolServerSideTranslatorPB.java:692)
	at org.apache.hadoop.hdfs.protocol.proto.ClientNamenodeProtocolProtos$ClientNamenodeProtocol$2.callBlockingMethod(ClientNamenodeProtocolProtos.java)
	at org.apache.hadoop.ipc.ProtobufRpcEngine$Server$ProtoBufRpcInvoker.call(ProtobufRpcEngine.java:523)
	at org.apache.hadoop.ipc.RPC$Server.call(RPC.java:991)
	at org.apache.hadoop.ipc.Server$RpcCall.run(Server.java:872)
	at org.apache.hadoop.ipc.Server$RpcCall.run(Server.java:818)
	at java.security.AccessController.doPrivileged(Native Method)
	at javax.security.auth.Subject.doAs(Subject.java:422)
	at org.apache.hadoop.security.UserGroupInformation.doAs(UserGroupInformation.java:1729)
	at org.apache.hadoop.ipc.Server$Handler.run(Server.java:2678)
Caused by: org.apache.hadoop.hdfs.server.namenode.SafeModeException: Cannot delete /myfile3. Name node is in safe mode.
The reported blocks 156 has reached the threshold 0.9990 of total blocks 156. The number of live datanodes 3 has reached the minimum number 0. In safe mode extension. Safe mode will be turned off automatically in 6 seconds. NamenodeHostName:node-1-link-0
	at org.apache.hadoop.hdfs.server.namenode.FSNamesystem.newSafemodeException(FSNamesystem.java:1450)
	at org.apache.hadoop.hdfs.server.namenode.FSNamesystem.checkNameNodeSafeMode(FSNamesystem.java:1437)
	... 12 more
, while invoking ClientNamenodeProtocolTranslatorPB.delete over node-1-link-0/10.10.1.4:8020. Retrying after sleeping for 17876ms.
Deleted /myfile3
file 3 has been removed from HDFS
Found 19 items
-rw-r--r--   3 root supergroup 1073741824 2019-02-27 13:19 /myfile1
-rw-r--r--   3 root supergroup 1073741824 2019-02-27 13:22 /myfile10
-rw-r--r--   3 root supergroup 1073741824 2019-02-27 13:24 /myfile11
-rw-r--r--   3 root supergroup 1073741824 2019-02-27 13:23 /myfile12
-rw-r--r--   3 root supergroup 1073741824 2019-02-27 13:21 /myfile13
-rw-r--r--   3 root supergroup 1073741824 2019-02-27 13:23 /myfile14
-rw-r--r--   3 root supergroup 1073741824 2019-02-27 13:23 /myfile15
-rw-r--r--   3 root supergroup          0 2019-02-27 13:25 /myfile17._COPYING_
-rw-r--r--   3 root supergroup 1073741824 2019-02-27 13:20 /myfile18
-rw-r--r--   3 root supergroup 1073741824 2019-02-27 13:22 /myfile19
-rw-r--r--   3 root supergroup 1073741824 2019-02-27 13:20 /myfile2
-rw-r--r--   3 root supergroup 1073741824 2019-02-27 13:24 /myfile20
-rw-r--r--   3 root supergroup 1073741824 2019-02-27 13:25 /myfile3
-rw-r--r--   3 root supergroup 1073741824 2019-02-27 13:23 /myfile4
-rw-r--r--   3 root supergroup  134217728 2019-02-27 13:24 /myfile5._COPYING_
-rw-r--r--   3 root supergroup 1073741824 2019-02-27 13:24 /myfile6
-rw-r--r--   3 root supergroup 1073741824 2019-02-27 13:23 /myfile7
-rw-r--r--   3 root supergroup 1073741824 2019-02-27 13:22 /myfile8
-rw-r--r--   3 root supergroup 1073741824 2019-02-27 13:21 /myfile9
file 3 has been put into HDFS
file 3 has been read from HDFS for 1 time
diff succeed!
file 3 has been read from HDFS for 2 time
diff succeed!
file 3 has been read from HDFS for 3 time
diff succeed!
file 3 has been read from HDFS for 4 time
diff succeed!
file 3 has been read from HDFS for 5 time
diff succeed!
file 3 has been read from HDFS for 6 time
diff succeed!
file 3 has been read from HDFS for 7 time
diff succeed!
file 3 has been read from HDFS for 8 time
diff succeed!
file 3 has been read from HDFS for 9 time
diff succeed!
file 3 has been read from HDFS for 10 time
diff succeed!
Deleted /myfile3
file 3 has been removed from HDFS
Found 20 items
-rw-r--r--   3 root supergroup  268435456 2019-02-27 13:30 /myfile1._COPYING_
-rw-r--r--   3 root supergroup 1073741824 2019-02-27 13:27 /myfile10
-rw-r--r--   3 root supergroup 1073741824 2019-02-27 13:30 /myfile11
-rw-r--r--   3 root supergroup 1073741824 2019-02-27 13:27 /myfile12
-rw-r--r--   3 root supergroup  402653184 2019-02-27 13:30 /myfile13._COPYING_
-rw-r--r--   3 root supergroup 1073741824 2019-02-27 13:27 /myfile14
-rw-r--r--   3 root supergroup 1073741824 2019-02-27 13:27 /myfile15
-rw-r--r--   3 root supergroup  805306368 2019-02-27 13:29 /myfile16._COPYING_
-rw-r--r--   3 root supergroup 1073741824 2019-02-27 13:30 /myfile17
-rw-r--r--   3 root supergroup  939524096 2019-02-27 13:29 /myfile18._COPYING_
-rw-r--r--   3 root supergroup 1073741824 2019-02-27 13:27 /myfile19
-rw-r--r--   3 root supergroup  536870912 2019-02-27 13:30 /myfile2._COPYING_
-rw-r--r--   3 root supergroup 1073741824 2019-02-27 13:29 /myfile20
-rw-r--r--   3 root supergroup 1073741824 2019-02-27 13:31 /myfile3
-rw-r--r--   3 root supergroup 1073741824 2019-02-27 13:28 /myfile4
-rw-r--r--   3 root supergroup 1073741824 2019-02-27 13:31 /myfile5
-rw-r--r--   3 root supergroup  402653184 2019-02-27 13:30 /myfile6._COPYING_
-rw-r--r--   3 root supergroup 1073741824 2019-02-27 13:27 /myfile7
-rw-r--r--   3 root supergroup          0 2019-02-27 13:31 /myfile8._COPYING_
-rw-r--r--   3 root supergroup 1073741824 2019-02-27 13:27 /myfile9
file 3 has been put into HDFS
file 3 has been read from HDFS for 1 time
diff succeed!
file 3 has been read from HDFS for 2 time
diff succeed!
file 3 has been read from HDFS for 3 time
diff succeed!
file 3 has been read from HDFS for 4 time
diff succeed!
file 3 has been read from HDFS for 5 time
diff succeed!
file 3 has been read from HDFS for 6 time
diff succeed!
file 3 has been read from HDFS for 7 time
diff succeed!
file 3 has been read from HDFS for 8 time
diff succeed!
file 3 has been read from HDFS for 9 time
diff succeed!
file 3 has been read from HDFS for 10 time
diff succeed!
Deleted /myfile3
file 3 has been removed from HDFS
Found 20 items
-rw-r--r--   3 root supergroup 1073741824 2019-02-27 13:31 /myfile1
-rw-r--r--   3 root supergroup 1073741824 2019-02-27 13:32 /myfile10
-rw-r--r--   3 root supergroup 1073741824 2019-02-27 13:35 /myfile11
-rw-r--r--   3 root supergroup 1073741824 2019-02-27 13:32 /myfile12
-rw-r--r--   3 root supergroup  671088640 2019-02-27 13:35 /myfile13._COPYING_
-rw-r--r--   3 root supergroup 1073741824 2019-02-27 13:33 /myfile14
-rw-r--r--   3 root supergroup  536870912 2019-02-27 13:36 /myfile15._COPYING_
-rw-r--r--   3 root supergroup 1073741824 2019-02-27 13:31 /myfile16
-rw-r--r--   3 root supergroup 1073741824 2019-02-27 13:36 /myfile17
-rw-r--r--   3 root supergroup  536870912 2019-02-27 13:36 /myfile18._COPYING_
-rw-r--r--   3 root supergroup 1073741824 2019-02-27 13:31 /myfile19
-rw-r--r--   3 root supergroup  939524096 2019-02-27 13:35 /myfile2._COPYING_
-rw-r--r--   3 root supergroup 1073741824 2019-02-27 13:35 /myfile20
-rw-r--r--   3 root supergroup 1073741824 2019-02-27 13:36 /myfile3
-rw-r--r--   3 root supergroup 1073741824 2019-02-27 13:32 /myfile4
-rw-r--r--   3 root supergroup 1073741824 2019-02-27 13:36 /myfile5
-rw-r--r--   3 root supergroup 1073741824 2019-02-27 13:36 /myfile6
-rw-r--r--   3 root supergroup 1073741824 2019-02-27 13:33 /myfile7
-rw-r--r--   3 root supergroup  671088640 2019-02-27 13:35 /myfile8._COPYING_
-rw-r--r--   3 root supergroup 1073741824 2019-02-27 13:32 /myfile9
file 3 has been put into HDFS
file 3 has been read from HDFS for 1 time
diff succeed!
file 3 has been read from HDFS for 2 time
diff succeed!
file 3 has been read from HDFS for 3 time
diff succeed!
file 3 has been read from HDFS for 4 time
diff succeed!
file 3 has been read from HDFS for 5 time
diff succeed!
file 3 has been read from HDFS for 6 time
diff succeed!
file 3 has been read from HDFS for 7 time
diff succeed!
file 3 has been read from HDFS for 8 time
diff succeed!
file 3 has been read from HDFS for 9 time
diff succeed!
file 3 has been read from HDFS for 10 time
diff succeed!
Deleted /myfile3
file 3 has been removed from HDFS
Found 20 items
-rw-r--r--   3 root supergroup 1073741824 2019-02-27 13:41 /myfile1
-rw-r--r--   3 root supergroup 1073741824 2019-02-27 13:41 /myfile10
-rw-r--r--   3 root supergroup 1073741824 2019-02-27 13:40 /myfile11
-rw-r--r--   3 root supergroup 1073741824 2019-02-27 13:41 /myfile12
-rw-r--r--   3 root supergroup 1073741824 2019-02-27 13:41 /myfile13
-rw-r--r--   3 root supergroup 1073741824 2019-02-27 13:38 /myfile14
-rw-r--r--   3 root supergroup 1073741824 2019-02-27 13:41 /myfile15
-rw-r--r--   3 root supergroup 1073741824 2019-02-27 13:41 /myfile16
-rw-r--r--   3 root supergroup 1073741824 2019-02-27 13:41 /myfile17
-rw-r--r--   3 root supergroup 1073741824 2019-02-27 13:41 /myfile18
-rw-r--r--   3 root supergroup 1073741824 2019-02-27 13:41 /myfile19
-rw-r--r--   3 root supergroup 1073741824 2019-02-27 13:40 /myfile2
-rw-r--r--   3 root supergroup 1073741824 2019-02-27 13:40 /myfile20
-rw-r--r--   3 root supergroup 1073741824 2019-02-27 13:41 /myfile3
-rw-r--r--   3 root supergroup 1073741824 2019-02-27 13:39 /myfile4
-rw-r--r--   3 root supergroup  134217728 2019-02-27 13:41 /myfile5._COPYING_
-rw-r--r--   3 root supergroup 1073741824 2019-02-27 13:41 /myfile6
-rw-r--r--   3 root supergroup 1073741824 2019-02-27 13:38 /myfile7
-rw-r--r--   3 root supergroup 1073741824 2019-02-27 13:41 /myfile8
-rw-r--r--   3 root supergroup 1073741824 2019-02-27 13:41 /myfile9
file 3 has been put into HDFS
file 3 has been read from HDFS for 1 time
diff succeed!
file 3 has been read from HDFS for 2 time
diff succeed!
file 3 has been read from HDFS for 3 time
diff succeed!
file 3 has been read from HDFS for 4 time
diff succeed!
file 3 has been read from HDFS for 5 time
diff succeed!
file 3 has been read from HDFS for 6 time
diff succeed!
file 3 has been read from HDFS for 7 time
diff succeed!
sub_benchmark 7 signal TERM catched and let quit gracefully
Deleted /myfile3
file 3 has been removed from HDFS
