Found 20 items
-rw-r--r--   3 root supergroup 1073741824 2019-03-03 22:26 /myfile1
-rw-r--r--   3 root supergroup 1073741824 2019-03-03 22:26 /myfile10
-rw-r--r--   3 root supergroup 1073741824 2019-03-03 22:26 /myfile11
-rw-r--r--   3 root supergroup 1073741824 2019-03-03 22:26 /myfile12
-rw-r--r--   3 root supergroup 1073741824 2019-03-03 22:26 /myfile13
-rw-r--r--   3 root supergroup 1073741824 2019-03-03 22:26 /myfile14
-rw-r--r--   3 root supergroup 1073741824 2019-03-03 22:26 /myfile15
-rw-r--r--   3 root supergroup 1073741824 2019-03-03 22:26 /myfile16
-rw-r--r--   3 root supergroup 1073741824 2019-03-03 22:26 /myfile17
-rw-r--r--   3 root supergroup 1073741824 2019-03-03 22:26 /myfile18
-rw-r--r--   3 root supergroup 1073741824 2019-03-03 22:26 /myfile19
-rw-r--r--   3 root supergroup 1073741824 2019-03-03 22:26 /myfile2
-rw-r--r--   3 root supergroup 1073741824 2019-03-03 22:26 /myfile20
-rw-r--r--   3 root supergroup 1073741824 2019-03-03 22:26 /myfile3
-rw-r--r--   3 root supergroup 1073741824 2019-03-03 22:26 /myfile4
-rw-r--r--   3 root supergroup 1073741824 2019-03-03 22:26 /myfile5
-rw-r--r--   3 root supergroup 1073741824 2019-03-03 22:26 /myfile6
-rw-r--r--   3 root supergroup 1073741824 2019-03-03 22:26 /myfile7
-rw-r--r--   3 root supergroup 1073741824 2019-03-03 22:26 /myfile8
-rw-r--r--   3 root supergroup 1073741824 2019-03-03 22:26 /myfile9
file 18 has been put into HDFS
file 18 has been read from HDFS for 1 time
diff succeed!
file 18 has been read from HDFS for 2 time
diff succeed!
file 18 has been read from HDFS for 3 time
diff succeed!
file 18 has been read from HDFS for 4 time
diff succeed!
file 18 has been read from HDFS for 5 time
diff succeed!
file 18 has been read from HDFS for 6 time
diff succeed!
file 18 has been read from HDFS for 7 time
diff succeed!
file 18 has been read from HDFS for 8 time
diff succeed!
2019-03-03 22:29:37,169 WARN impl.BlockReaderFactory: I/O error constructing remote block reader.
java.net.ConnectException: Connection refused
	at sun.nio.ch.SocketChannelImpl.checkConnect(Native Method)
	at sun.nio.ch.SocketChannelImpl.finishConnect(SocketChannelImpl.java:717)
	at org.apache.hadoop.net.SocketIOWithTimeout.connect(SocketIOWithTimeout.java:206)
	at org.apache.hadoop.net.NetUtils.connect(NetUtils.java:531)
	at org.apache.hadoop.hdfs.DFSClient.newConnectedPeer(DFSClient.java:2924)
	at org.apache.hadoop.hdfs.client.impl.BlockReaderFactory.nextTcpPeer(BlockReaderFactory.java:821)
	at org.apache.hadoop.hdfs.client.impl.BlockReaderFactory.getRemoteBlockReaderFromTcp(BlockReaderFactory.java:746)
	at org.apache.hadoop.hdfs.client.impl.BlockReaderFactory.build(BlockReaderFactory.java:379)
	at org.apache.hadoop.hdfs.DFSInputStream.getBlockReader(DFSInputStream.java:641)
	at org.apache.hadoop.hdfs.DFSInputStream.blockSeekTo(DFSInputStream.java:572)
	at org.apache.hadoop.hdfs.DFSInputStream.readWithStrategy(DFSInputStream.java:754)
	at org.apache.hadoop.hdfs.DFSInputStream.read(DFSInputStream.java:820)
	at java.io.DataInputStream.read(DataInputStream.java:100)
	at org.apache.hadoop.io.IOUtils.copyBytes(IOUtils.java:100)
	at org.apache.hadoop.io.IOUtils.copyBytes(IOUtils.java:68)
	at org.apache.hadoop.io.IOUtils.copyBytes(IOUtils.java:129)
	at org.apache.hadoop.fs.shell.CommandWithDestination$TargetFileSystem.writeStreamToFile(CommandWithDestination.java:485)
	at org.apache.hadoop.fs.shell.CommandWithDestination.copyStreamToTarget(CommandWithDestination.java:407)
	at org.apache.hadoop.fs.shell.CommandWithDestination.copyFileToTarget(CommandWithDestination.java:342)
	at org.apache.hadoop.fs.shell.CommandWithDestination.processPath(CommandWithDestination.java:277)
	at org.apache.hadoop.fs.shell.CommandWithDestination.processPath(CommandWithDestination.java:262)
	at org.apache.hadoop.fs.shell.Command.processPaths(Command.java:331)
	at org.apache.hadoop.fs.shell.Command.processPathArgument(Command.java:303)
	at org.apache.hadoop.fs.shell.CommandWithDestination.processPathArgument(CommandWithDestination.java:257)
	at org.apache.hadoop.fs.shell.Command.processArgument(Command.java:285)
	at org.apache.hadoop.fs.shell.Command.processArguments(Command.java:269)
	at org.apache.hadoop.fs.shell.CommandWithDestination.processArguments(CommandWithDestination.java:228)
	at org.apache.hadoop.fs.shell.FsCommand.processRawArguments(FsCommand.java:120)
	at org.apache.hadoop.fs.shell.Command.run(Command.java:176)
	at org.apache.hadoop.fs.FsShell.run(FsShell.java:328)
	at org.apache.hadoop.util.ToolRunner.run(ToolRunner.java:76)
	at org.apache.hadoop.util.ToolRunner.run(ToolRunner.java:90)
	at org.apache.hadoop.fs.FsShell.main(FsShell.java:391)
2019-03-03 22:29:37,175 WARN hdfs.DFSClient: Failed to connect to /10.10.1.2:9866 for block BP-1324556979-130.127.133.67-1551677105081:blk_1073741910_1086, add to deadNodes and continue. 
java.net.ConnectException: Connection refused
	at sun.nio.ch.SocketChannelImpl.checkConnect(Native Method)
	at sun.nio.ch.SocketChannelImpl.finishConnect(SocketChannelImpl.java:717)
	at org.apache.hadoop.net.SocketIOWithTimeout.connect(SocketIOWithTimeout.java:206)
	at org.apache.hadoop.net.NetUtils.connect(NetUtils.java:531)
	at org.apache.hadoop.hdfs.DFSClient.newConnectedPeer(DFSClient.java:2924)
	at org.apache.hadoop.hdfs.client.impl.BlockReaderFactory.nextTcpPeer(BlockReaderFactory.java:821)
	at org.apache.hadoop.hdfs.client.impl.BlockReaderFactory.getRemoteBlockReaderFromTcp(BlockReaderFactory.java:746)
	at org.apache.hadoop.hdfs.client.impl.BlockReaderFactory.build(BlockReaderFactory.java:379)
	at org.apache.hadoop.hdfs.DFSInputStream.getBlockReader(DFSInputStream.java:641)
	at org.apache.hadoop.hdfs.DFSInputStream.blockSeekTo(DFSInputStream.java:572)
	at org.apache.hadoop.hdfs.DFSInputStream.readWithStrategy(DFSInputStream.java:754)
	at org.apache.hadoop.hdfs.DFSInputStream.read(DFSInputStream.java:820)
	at java.io.DataInputStream.read(DataInputStream.java:100)
	at org.apache.hadoop.io.IOUtils.copyBytes(IOUtils.java:100)
	at org.apache.hadoop.io.IOUtils.copyBytes(IOUtils.java:68)
	at org.apache.hadoop.io.IOUtils.copyBytes(IOUtils.java:129)
	at org.apache.hadoop.fs.shell.CommandWithDestination$TargetFileSystem.writeStreamToFile(CommandWithDestination.java:485)
	at org.apache.hadoop.fs.shell.CommandWithDestination.copyStreamToTarget(CommandWithDestination.java:407)
	at org.apache.hadoop.fs.shell.CommandWithDestination.copyFileToTarget(CommandWithDestination.java:342)
	at org.apache.hadoop.fs.shell.CommandWithDestination.processPath(CommandWithDestination.java:277)
	at org.apache.hadoop.fs.shell.CommandWithDestination.processPath(CommandWithDestination.java:262)
	at org.apache.hadoop.fs.shell.Command.processPaths(Command.java:331)
	at org.apache.hadoop.fs.shell.Command.processPathArgument(Command.java:303)
	at org.apache.hadoop.fs.shell.CommandWithDestination.processPathArgument(CommandWithDestination.java:257)
	at org.apache.hadoop.fs.shell.Command.processArgument(Command.java:285)
	at org.apache.hadoop.fs.shell.Command.processArguments(Command.java:269)
	at org.apache.hadoop.fs.shell.CommandWithDestination.processArguments(CommandWithDestination.java:228)
	at org.apache.hadoop.fs.shell.FsCommand.processRawArguments(FsCommand.java:120)
	at org.apache.hadoop.fs.shell.Command.run(Command.java:176)
	at org.apache.hadoop.fs.FsShell.run(FsShell.java:328)
	at org.apache.hadoop.util.ToolRunner.run(ToolRunner.java:76)
	at org.apache.hadoop.util.ToolRunner.run(ToolRunner.java:90)
	at org.apache.hadoop.fs.FsShell.main(FsShell.java:391)
2019-03-03 22:29:37,183 INFO hdfs.DFSClient: Successfully connected to /10.10.1.4:9866 for BP-1324556979-130.127.133.67-1551677105081:blk_1073741910_1086
file 18 has been read from HDFS for 9 time
diff succeed!
file 18 has been read from HDFS for 10 time
diff succeed!
Deleted /myfile18
file 18 has been removed from HDFS
Found 18 items
-rw-r--r--   3 root supergroup  671088640 2019-03-03 22:30 /myfile1._COPYING_
-rw-r--r--   3 root supergroup 1073741824 2019-03-03 22:30 /myfile10
-rw-r--r--   3 root supergroup 1073741824 2019-03-03 22:30 /myfile11
-rw-r--r--   3 root supergroup  536870912 2019-03-03 22:30 /myfile12._COPYING_
-rw-r--r--   3 root supergroup 1073741824 2019-03-03 22:30 /myfile15
-rw-r--r--   3 root supergroup 1073741824 2019-03-03 22:30 /myfile16
-rw-r--r--   3 root supergroup 1073741824 2019-03-03 22:30 /myfile17
-rw-r--r--   3 root supergroup 1073741824 2019-03-03 22:30 /myfile18
-rw-r--r--   3 root supergroup 1073741824 2019-03-03 22:30 /myfile19
-rw-r--r--   3 root supergroup 1073741824 2019-03-03 22:30 /myfile2
-rw-r--r--   3 root supergroup 1073741824 2019-03-03 22:30 /myfile20
-rw-r--r--   3 root supergroup 1073741824 2019-03-03 22:29 /myfile3
-rw-r--r--   3 root supergroup 1073741824 2019-03-03 22:30 /myfile4
-rw-r--r--   3 root supergroup 1073741824 2019-03-03 22:30 /myfile5
-rw-r--r--   3 root supergroup 1073741824 2019-03-03 22:29 /myfile6
-rw-r--r--   3 root supergroup  939524096 2019-03-03 22:30 /myfile7._COPYING_
-rw-r--r--   3 root supergroup 1073741824 2019-03-03 22:30 /myfile8
-rw-r--r--   3 root supergroup  805306368 2019-03-03 22:30 /myfile9._COPYING_
file 18 has been put into HDFS
file 18 has been read from HDFS for 1 time
diff succeed!
file 18 has been read from HDFS for 2 time
diff succeed!
file 18 has been read from HDFS for 3 time
diff succeed!
file 18 has been read from HDFS for 4 time
diff succeed!
file 18 has been read from HDFS for 5 time
diff succeed!
file 18 has been read from HDFS for 6 time
diff succeed!
file 18 has been read from HDFS for 7 time
diff succeed!
file 18 has been read from HDFS for 8 time
diff succeed!
file 18 has been read from HDFS for 9 time
diff succeed!
file 18 has been read from HDFS for 10 time
diff succeed!
Deleted /myfile18
file 18 has been removed from HDFS
Found 18 items
-rw-r--r--   3 root supergroup 1073741824 2019-03-03 22:30 /myfile1
-rw-r--r--   3 root supergroup 1073741824 2019-03-03 22:34 /myfile11
-rw-r--r--   3 root supergroup 1073741824 2019-03-03 22:34 /myfile12
-rw-r--r--   3 root supergroup 1073741824 2019-03-03 22:31 /myfile13
-rw-r--r--   3 root supergroup 1073741824 2019-03-03 22:31 /myfile14
-rw-r--r--   3 root supergroup 1073741824 2019-03-03 22:33 /myfile15
-rw-r--r--   3 root supergroup  536870912 2019-03-03 22:34 /myfile16._COPYING_
-rw-r--r--   3 root supergroup 1073741824 2019-03-03 22:34 /myfile17
-rw-r--r--   3 root supergroup 1073741824 2019-03-03 22:34 /myfile18
-rw-r--r--   3 root supergroup 1073741824 2019-03-03 22:33 /myfile2
-rw-r--r--   3 root supergroup 1073741824 2019-03-03 22:34 /myfile20
-rw-r--r--   3 root supergroup 1073741824 2019-03-03 22:33 /myfile3
-rw-r--r--   3 root supergroup 1073741824 2019-03-03 22:34 /myfile4
-rw-r--r--   3 root supergroup 1073741824 2019-03-03 22:34 /myfile5
-rw-r--r--   3 root supergroup 1073741824 2019-03-03 22:33 /myfile6
-rw-r--r--   3 root supergroup 1073741824 2019-03-03 22:30 /myfile7
-rw-r--r--   3 root supergroup  134217728 2019-03-03 22:34 /myfile8._COPYING_
-rw-r--r--   3 root supergroup 1073741824 2019-03-03 22:30 /myfile9
file 18 has been put into HDFS
file 18 has been read from HDFS for 1 time
diff succeed!
file 18 has been read from HDFS for 2 time
diff succeed!
file 18 has been read from HDFS for 3 time
diff succeed!
file 18 has been read from HDFS for 4 time
diff succeed!
file 18 has been read from HDFS for 5 time
diff succeed!
file 18 has been read from HDFS for 6 time
diff succeed!
file 18 has been read from HDFS for 7 time
diff succeed!
file 18 has been read from HDFS for 8 time
diff succeed!
sub_benchmark 8 signal TERM catched and let quit gracefully
Deleted /myfile18
file 18 has been removed from HDFS
