Found 20 items
-rw-r--r--   3 root supergroup 1073741824 2019-03-01 10:40 /myfile1
-rw-r--r--   3 root supergroup  536870912 2019-03-01 10:40 /myfile10._COPYING_
-rw-r--r--   3 root supergroup  805306368 2019-03-01 10:40 /myfile11._COPYING_
-rw-r--r--   3 root supergroup  805306368 2019-03-01 10:40 /myfile12._COPYING_
-rw-r--r--   3 root supergroup 1073741824 2019-03-01 10:40 /myfile13
-rw-r--r--   3 root supergroup 1073741824 2019-03-01 10:40 /myfile14
-rw-r--r--   3 root supergroup  805306368 2019-03-01 10:40 /myfile15._COPYING_
-rw-r--r--   3 root supergroup 1073741824 2019-03-01 10:40 /myfile16
-rw-r--r--   3 root supergroup 1073741824 2019-03-01 10:40 /myfile17
-rw-r--r--   3 root supergroup  939524096 2019-03-01 10:40 /myfile18._COPYING_
-rw-r--r--   3 root supergroup  939524096 2019-03-01 10:40 /myfile19._COPYING_
-rw-r--r--   3 root supergroup 1073741824 2019-03-01 10:40 /myfile2
-rw-r--r--   3 root supergroup 1073741824 2019-03-01 10:40 /myfile20
-rw-r--r--   3 root supergroup  805306368 2019-03-01 10:40 /myfile3._COPYING_
-rw-r--r--   3 root supergroup  671088640 2019-03-01 10:40 /myfile4._COPYING_
-rw-r--r--   3 root supergroup  939524096 2019-03-01 10:40 /myfile5._COPYING_
-rw-r--r--   3 root supergroup  671088640 2019-03-01 10:40 /myfile6._COPYING_
-rw-r--r--   3 root supergroup  805306368 2019-03-01 10:40 /myfile7._COPYING_
-rw-r--r--   3 root supergroup  939524096 2019-03-01 10:40 /myfile8._COPYING_
-rw-r--r--   3 root supergroup 1073741824 2019-03-01 10:40 /myfile9
file 13 has been put into HDFS
file 13 has been read from HDFS for 1 time
diff succeed!
file 13 has been read from HDFS for 2 time
diff succeed!
file 13 has been read from HDFS for 3 time
diff succeed!
file 13 has been read from HDFS for 4 time
diff succeed!
file 13 has been read from HDFS for 5 time
diff succeed!
file 13 has been read from HDFS for 6 time
diff succeed!
file 13 has been read from HDFS for 7 time
diff succeed!
file 13 has been read from HDFS for 8 time
diff succeed!
file 13 has been read from HDFS for 9 time
diff succeed!
file 13 has been read from HDFS for 10 time
diff succeed!
Deleted /myfile13
file 13 has been removed from HDFS
2019-03-01 10:44:49,740 INFO hdfs.DataStreamer: Exception in createBlockOutputStream blk_1073741994_1174
java.io.IOException: Got error, status=ERROR, status message , ack with firstBadLink as 10.10.1.2:9866
	at org.apache.hadoop.hdfs.protocol.datatransfer.DataTransferProtoUtil.checkBlockOpStatus(DataTransferProtoUtil.java:134)
	at org.apache.hadoop.hdfs.protocol.datatransfer.DataTransferProtoUtil.checkBlockOpStatus(DataTransferProtoUtil.java:110)
	at org.apache.hadoop.hdfs.DataStreamer.createBlockOutputStream(DataStreamer.java:1778)
	at org.apache.hadoop.hdfs.DataStreamer.nextBlockOutputStream(DataStreamer.java:1679)
	at org.apache.hadoop.hdfs.DataStreamer.run(DataStreamer.java:716)
2019-03-01 10:44:49,744 WARN hdfs.DataStreamer: Abandoning BP-1151774556-130.127.133.101-1551461986112:blk_1073741994_1174
2019-03-01 10:44:49,766 WARN hdfs.DataStreamer: Excluding datanode DatanodeInfoWithStorage[10.10.1.2:9866,DS-d4b7a27f-46b4-4678-b168-01125d340e7c,DISK]
Found 18 items
-rw-r--r--   3 root supergroup 1073741824 2019-03-01 10:40 /myfile1
-rw-r--r--   3 root supergroup 1073741824 2019-03-01 10:41 /myfile10
-rw-r--r--   3 root supergroup 1073741824 2019-03-01 10:41 /myfile11
-rw-r--r--   3 root supergroup 1073741824 2019-03-01 10:41 /myfile12
-rw-r--r--   3 root supergroup 1073741824 2019-03-01 10:44 /myfile13
-rw-r--r--   3 root supergroup 1073741824 2019-03-01 10:40 /myfile14
-rw-r--r--   3 root supergroup 1073741824 2019-03-01 10:41 /myfile15
-rw-r--r--   3 root supergroup  268435456 2019-03-01 10:44 /myfile16._COPYING_
-rw-r--r--   3 root supergroup 1073741824 2019-03-01 10:44 /myfile17
-rw-r--r--   3 root supergroup 1073741824 2019-03-01 10:41 /myfile19
-rw-r--r--   3 root supergroup 1073741824 2019-03-01 10:44 /myfile20
-rw-r--r--   3 root supergroup 1073741824 2019-03-01 10:41 /myfile3
-rw-r--r--   3 root supergroup 1073741824 2019-03-01 10:41 /myfile4
-rw-r--r--   3 root supergroup 1073741824 2019-03-01 10:41 /myfile5
-rw-r--r--   3 root supergroup 1073741824 2019-03-01 10:41 /myfile6
-rw-r--r--   3 root supergroup 1073741824 2019-03-01 10:41 /myfile7
-rw-r--r--   3 root supergroup 1073741824 2019-03-01 10:41 /myfile8
-rw-r--r--   3 root supergroup 1073741824 2019-03-01 10:40 /myfile9
file 13 has been put into HDFS
file 13 has been read from HDFS for 1 time
diff succeed!
file 13 has been read from HDFS for 2 time
diff succeed!
file 13 has been read from HDFS for 3 time
diff succeed!
file 13 has been read from HDFS for 4 time
diff succeed!
file 13 has been read from HDFS for 5 time
diff succeed!
file 13 has been read from HDFS for 6 time
diff succeed!
file 13 has been read from HDFS for 7 time
diff succeed!
file 13 has been read from HDFS for 8 time
diff succeed!
file 13 has been read from HDFS for 9 time
diff succeed!
file 13 has been read from HDFS for 10 time
diff succeed!
Deleted /myfile13
file 13 has been removed from HDFS
Found 19 items
-rw-r--r--   3 root supergroup 1073741824 2019-03-01 10:47 /myfile1
-rw-r--r--   3 root supergroup 1073741824 2019-03-01 10:45 /myfile10
-rw-r--r--   3 root supergroup 1073741824 2019-03-01 10:47 /myfile11
-rw-r--r--   3 root supergroup 1073741824 2019-03-01 10:45 /myfile12
-rw-r--r--   3 root supergroup 1073741824 2019-03-01 10:48 /myfile13
-rw-r--r--   3 root supergroup 1073741824 2019-03-01 10:46 /myfile14
-rw-r--r--   3 root supergroup 1073741824 2019-03-01 10:45 /myfile15
-rw-r--r--   3 root supergroup 1073741824 2019-03-01 10:45 /myfile16
-rw-r--r--   3 root supergroup 1073741824 2019-03-01 10:44 /myfile17
-rw-r--r--   3 root supergroup 1073741824 2019-03-01 10:45 /myfile19
-rw-r--r--   3 root supergroup 1073741824 2019-03-01 10:45 /myfile2
-rw-r--r--   3 root supergroup 1073741824 2019-03-01 10:48 /myfile20
-rw-r--r--   3 root supergroup          0 2019-03-01 10:48 /myfile3._COPYING_
-rw-r--r--   3 root supergroup 1073741824 2019-03-01 10:45 /myfile4
-rw-r--r--   3 root supergroup 1073741824 2019-03-01 10:48 /myfile5
-rw-r--r--   3 root supergroup 1073741824 2019-03-01 10:47 /myfile6
-rw-r--r--   3 root supergroup 1073741824 2019-03-01 10:47 /myfile7
-rw-r--r--   3 root supergroup 1073741824 2019-03-01 10:45 /myfile8
-rw-r--r--   3 root supergroup 1073741824 2019-03-01 10:47 /myfile9
file 13 has been put into HDFS
file 13 has been read from HDFS for 1 time
diff succeed!
file 13 has been read from HDFS for 2 time
diff succeed!
file 13 has been read from HDFS for 3 time
diff succeed!
file 13 has been read from HDFS for 4 time
diff succeed!
file 13 has been read from HDFS for 5 time
diff succeed!
file 13 has been read from HDFS for 6 time
diff succeed!
file 13 has been read from HDFS for 7 time
diff succeed!
file 13 has been read from HDFS for 8 time
diff succeed!
file 13 has been read from HDFS for 9 time
diff succeed!
file 13 has been read from HDFS for 10 time
diff succeed!
Deleted /myfile13
file 13 has been removed from HDFS
Found 20 items
-rw-r--r--   3 root supergroup 1073741824 2019-03-01 10:51 /myfile1
-rw-r--r--   3 root supergroup 1073741824 2019-03-01 10:53 /myfile10
-rw-r--r--   3 root supergroup 1073741824 2019-03-01 10:52 /myfile11
-rw-r--r--   3 root supergroup 1073741824 2019-03-01 10:52 /myfile12
-rw-r--r--   3 root supergroup 1073741824 2019-03-01 10:53 /myfile13
-rw-r--r--   3 root supergroup 1073741824 2019-03-01 10:50 /myfile14
-rw-r--r--   3 root supergroup  805306368 2019-03-01 10:53 /myfile15._COPYING_
-rw-r--r--   3 root supergroup 1073741824 2019-03-01 10:50 /myfile16
-rw-r--r--   3 root supergroup 1073741824 2019-03-01 10:50 /myfile17
-rw-r--r--   3 root supergroup 1073741824 2019-03-01 10:53 /myfile18
-rw-r--r--   3 root supergroup 1073741824 2019-03-01 10:50 /myfile19
-rw-r--r--   3 root supergroup  134217728 2019-03-01 10:53 /myfile2._COPYING_
-rw-r--r--   3 root supergroup  671088640 2019-03-01 10:53 /myfile20._COPYING_
-rw-r--r--   3 root supergroup 1073741824 2019-03-01 10:53 /myfile3
-rw-r--r--   3 root supergroup 1073741824 2019-03-01 10:50 /myfile4
-rw-r--r--   3 root supergroup 1073741824 2019-03-01 10:52 /myfile5
-rw-r--r--   3 root supergroup 1073741824 2019-03-01 10:51 /myfile6
-rw-r--r--   3 root supergroup 1073741824 2019-03-01 10:52 /myfile7
-rw-r--r--   3 root supergroup 1073741824 2019-03-01 10:50 /myfile8
-rw-r--r--   3 root supergroup 1073741824 2019-03-01 10:51 /myfile9
file 13 has been put into HDFS
file 13 has been read from HDFS for 1 time
diff succeed!
file 13 has been read from HDFS for 2 time
diff succeed!
file 13 has been read from HDFS for 3 time
diff succeed!
sub_benchmark 3 signal TERM catched and let quit gracefully
Deleted /myfile13
file 13 has been removed from HDFS
