Found 20 items
-rw-r--r--   3 root supergroup 1073741824 2019-02-18 22:02 /myfile1
-rw-r--r--   3 root supergroup 1073741824 2019-02-18 22:02 /myfile10
-rw-r--r--   3 root supergroup 1073741824 2019-02-18 22:02 /myfile11
-rw-r--r--   3 root supergroup 1073741824 2019-02-18 22:02 /myfile12
-rw-r--r--   3 root supergroup 1073741824 2019-02-18 22:02 /myfile13
-rw-r--r--   3 root supergroup 1073741824 2019-02-18 22:02 /myfile14
-rw-r--r--   3 root supergroup 1073741824 2019-02-18 22:02 /myfile15
-rw-r--r--   3 root supergroup 1073741824 2019-02-18 22:02 /myfile16
-rw-r--r--   3 root supergroup 1073741824 2019-02-18 22:02 /myfile17
-rw-r--r--   3 root supergroup 1073741824 2019-02-18 22:02 /myfile18
-rw-r--r--   3 root supergroup 1073741824 2019-02-18 22:02 /myfile19
-rw-r--r--   3 root supergroup 1073741824 2019-02-18 22:02 /myfile2
-rw-r--r--   3 root supergroup 1073741824 2019-02-18 22:02 /myfile20
-rw-r--r--   3 root supergroup 1073741824 2019-02-18 22:02 /myfile3
-rw-r--r--   3 root supergroup 1073741824 2019-02-18 22:02 /myfile4
-rw-r--r--   3 root supergroup 1073741824 2019-02-18 22:02 /myfile5
-rw-r--r--   3 root supergroup 1073741824 2019-02-18 22:02 /myfile6
-rw-r--r--   3 root supergroup 1073741824 2019-02-18 22:02 /myfile7
-rw-r--r--   3 root supergroup 1073741824 2019-02-18 22:02 /myfile8
-rw-r--r--   3 root supergroup 1073741824 2019-02-18 22:02 /myfile9
file 16 has been put into HDFS
file 16 has been read from HDFS for 1 time
diff succeed!
file 16 has been read from HDFS for 2 time
diff succeed!
file 16 has been read from HDFS for 3 time
diff succeed!
2019-02-18 22:03:57,315 INFO retry.RetryInvocationHandler: java.net.ConnectException: Call From clnode049.clemson.cloudlab.us/130.127.133.58 to node-1-link-0:8020 failed on connection exception: java.net.ConnectException: Connection refused; For more details see:  http://wiki.apache.org/hadoop/ConnectionRefused, while invoking ClientNamenodeProtocolTranslatorPB.getFileInfo over node-1-link-0/10.10.1.4:8020 after 1 failover attempts. Trying to failover after sleeping for 782ms.
2019-02-18 22:03:58,100 INFO retry.RetryInvocationHandler: org.apache.hadoop.ipc.RemoteException(org.apache.hadoop.ipc.StandbyException): Operation category READ is not supported in state standby. Visit https://s.apache.org/sbnn-error
	at org.apache.hadoop.hdfs.server.namenode.ha.StandbyState.checkOperation(StandbyState.java:88)
	at org.apache.hadoop.hdfs.server.namenode.NameNode$NameNodeHAContext.checkOperation(NameNode.java:1952)
	at org.apache.hadoop.hdfs.server.namenode.FSNamesystem.checkOperation(FSNamesystem.java:1423)
	at org.apache.hadoop.hdfs.server.namenode.FSNamesystem.getFileInfo(FSNamesystem.java:3085)
	at org.apache.hadoop.hdfs.server.namenode.NameNodeRpcServer.getFileInfo(NameNodeRpcServer.java:1154)
	at org.apache.hadoop.hdfs.protocolPB.ClientNamenodeProtocolServerSideTranslatorPB.getFileInfo(ClientNamenodeProtocolServerSideTranslatorPB.java:966)
	at org.apache.hadoop.hdfs.protocol.proto.ClientNamenodeProtocolProtos$ClientNamenodeProtocol$2.callBlockingMethod(ClientNamenodeProtocolProtos.java)
	at org.apache.hadoop.ipc.ProtobufRpcEngine$Server$ProtoBufRpcInvoker.call(ProtobufRpcEngine.java:523)
	at org.apache.hadoop.ipc.RPC$Server.call(RPC.java:991)
	at org.apache.hadoop.ipc.Server$RpcCall.run(Server.java:872)
	at org.apache.hadoop.ipc.Server$RpcCall.run(Server.java:818)
	at java.security.AccessController.doPrivileged(Native Method)
	at javax.security.auth.Subject.doAs(Subject.java:422)
	at org.apache.hadoop.security.UserGroupInformation.doAs(UserGroupInformation.java:1729)
	at org.apache.hadoop.ipc.Server$Handler.run(Server.java:2678)
, while invoking ClientNamenodeProtocolTranslatorPB.getFileInfo over node-0-link-0/10.10.1.1:8020 after 2 failover attempts. Trying to failover after sleeping for 1882ms.
2019-02-18 22:03:59,985 INFO retry.RetryInvocationHandler: java.net.ConnectException: Call From clnode049.clemson.cloudlab.us/130.127.133.58 to node-1-link-0:8020 failed on connection exception: java.net.ConnectException: Connection refused; For more details see:  http://wiki.apache.org/hadoop/ConnectionRefused, while invoking ClientNamenodeProtocolTranslatorPB.getFileInfo over node-1-link-0/10.10.1.4:8020 after 3 failover attempts. Trying to failover after sleeping for 3470ms.
file 16 has been read from HDFS for 4 time
diff succeed!
file 16 has been read from HDFS for 5 time
diff succeed!
file 16 has been read from HDFS for 6 time
diff succeed!
file 16 has been read from HDFS for 7 time
diff succeed!
file 16 has been read from HDFS for 8 time
diff succeed!
file 16 has been read from HDFS for 9 time
diff succeed!
file 16 has been read from HDFS for 10 time
diff succeed!
Deleted /myfile16
file 16 has been removed from HDFS
Found 18 items
-rw-r--r--   3 root supergroup 1073741824 2019-02-18 22:07 /myfile1
-rw-r--r--   3 root supergroup 1073741824 2019-02-18 22:02 /myfile10
-rw-r--r--   3 root supergroup 1073741824 2019-02-18 22:07 /myfile11
-rw-r--r--   3 root supergroup 1073741824 2019-02-18 22:07 /myfile12
-rw-r--r--   3 root supergroup  939524096 2019-02-18 22:06 /myfile14._COPYING_
-rw-r--r--   3 root supergroup 1073741824 2019-02-18 22:02 /myfile15
-rw-r--r--   3 root supergroup 1073741824 2019-02-18 22:07 /myfile16
-rw-r--r--   3 root supergroup  805306368 2019-02-18 22:06 /myfile17._COPYING_
-rw-r--r--   3 root supergroup 1073741824 2019-02-18 22:07 /myfile19
-rw-r--r--   3 root supergroup  939524096 2019-02-18 22:06 /myfile2._COPYING_
-rw-r--r--   3 root supergroup  671088640 2019-02-18 22:06 /myfile20._COPYING_
-rw-r--r--   3 root supergroup  536870912 2019-02-18 22:06 /myfile3._COPYING_
-rw-r--r--   3 root supergroup 1073741824 2019-02-18 22:02 /myfile4
-rw-r--r--   3 root supergroup 1073741824 2019-02-18 22:07 /myfile5
-rw-r--r--   3 root supergroup 1073741824 2019-02-18 22:02 /myfile6
-rw-r--r--   3 root supergroup  402653184 2019-02-18 22:07 /myfile7._COPYING_
-rw-r--r--   3 root supergroup  939524096 2019-02-18 22:06 /myfile8._COPYING_
-rw-r--r--   3 root supergroup 1073741824 2019-02-18 22:07 /myfile9
file 16 has been put into HDFS
file 16 has been read from HDFS for 1 time
diff succeed!
file 16 has been read from HDFS for 2 time
diff succeed!
file 16 has been read from HDFS for 3 time
diff succeed!
file 16 has been read from HDFS for 4 time
diff succeed!
file 16 has been read from HDFS for 5 time
diff succeed!
file 16 has been read from HDFS for 6 time
diff succeed!
file 16 has been read from HDFS for 7 time
diff succeed!
file 16 has been read from HDFS for 8 time
diff succeed!
file 16 has been read from HDFS for 9 time
diff succeed!
file 16 has been read from HDFS for 10 time
diff succeed!
Deleted /myfile16
file 16 has been removed from HDFS
Found 15 items
-rw-r--r--   3 root supergroup 1073741824 2019-02-18 22:08 /myfile10
-rw-r--r--   3 root supergroup  536870912 2019-02-18 22:10 /myfile13._COPYING_
-rw-r--r--   3 root supergroup  402653184 2019-02-18 22:10 /myfile14._COPYING_
-rw-r--r--   3 root supergroup 1073741824 2019-02-18 22:11 /myfile16
-rw-r--r--   3 root supergroup  671088640 2019-02-18 22:10 /myfile17._COPYING_
-rw-r--r--   3 root supergroup          0 2019-02-18 22:11 /myfile18._COPYING_
-rw-r--r--   3 root supergroup  671088640 2019-02-18 22:10 /myfile19._COPYING_
-rw-r--r--   3 root supergroup  402653184 2019-02-18 22:10 /myfile2._COPYING_
-rw-r--r--   3 root supergroup          0 2019-02-18 22:11 /myfile20._COPYING_
-rw-r--r--   3 root supergroup  671088640 2019-02-18 22:10 /myfile3._COPYING_
-rw-r--r--   3 root supergroup  671088640 2019-02-18 22:10 /myfile5._COPYING_
-rw-r--r--   3 root supergroup 1073741824 2019-02-18 22:08 /myfile6
-rw-r--r--   3 root supergroup  671088640 2019-02-18 22:10 /myfile7._COPYING_
-rw-r--r--   3 root supergroup  402653184 2019-02-18 22:10 /myfile8._COPYING_
-rw-r--r--   3 root supergroup  671088640 2019-02-18 22:10 /myfile9._COPYING_
file 16 has been put into HDFS
file 16 has been read from HDFS for 1 time
diff succeed!
file 16 has been read from HDFS for 2 time
diff succeed!
file 16 has been read from HDFS for 3 time
diff succeed!
file 16 has been read from HDFS for 4 time
diff succeed!
file 16 has been read from HDFS for 5 time
diff succeed!
file 16 has been read from HDFS for 6 time
diff succeed!
file 16 has been read from HDFS for 7 time
diff succeed!
file 16 has been read from HDFS for 8 time
diff succeed!
file 16 has been read from HDFS for 9 time
diff succeed!
file 16 has been read from HDFS for 10 time
diff succeed!
Deleted /myfile16
file 16 has been removed from HDFS
Found 17 items
-rw-r--r--   3 root supergroup  134217728 2019-02-18 22:15 /myfile1._COPYING_
-rw-r--r--   3 root supergroup 1073741824 2019-02-18 22:12 /myfile10
-rw-r--r--   3 root supergroup  134217728 2019-02-18 22:15 /myfile13._COPYING_
-rw-r--r--   3 root supergroup  134217728 2019-02-18 22:15 /myfile14._COPYING_
-rw-r--r--   3 root supergroup 1073741824 2019-02-18 22:11 /myfile15
-rw-r--r--   3 root supergroup 1073741824 2019-02-18 22:15 /myfile16
-rw-r--r--   3 root supergroup  268435456 2019-02-18 22:15 /myfile17._COPYING_
-rw-r--r--   3 root supergroup          0 2019-02-18 22:15 /myfile18._COPYING_
-rw-r--r--   3 root supergroup  134217728 2019-02-18 22:15 /myfile19._COPYING_
-rw-r--r--   3 root supergroup 1073741824 2019-02-18 22:11 /myfile2
-rw-r--r--   3 root supergroup 1073741824 2019-02-18 22:11 /myfile20
-rw-r--r--   3 root supergroup  268435456 2019-02-18 22:15 /myfile3._COPYING_
-rw-r--r--   3 root supergroup 1073741824 2019-02-18 22:11 /myfile5
-rw-r--r--   3 root supergroup 1073741824 2019-02-18 22:12 /myfile6
-rw-r--r--   3 root supergroup  268435456 2019-02-18 22:15 /myfile7._COPYING_
-rw-r--r--   3 root supergroup  134217728 2019-02-18 22:15 /myfile8._COPYING_
-rw-r--r--   3 root supergroup          0 2019-02-18 22:15 /myfile9._COPYING_
file 16 has been put into HDFS
file 16 has been read from HDFS for 1 time
diff succeed!
file 16 has been read from HDFS for 2 time
diff succeed!
file 16 has been read from HDFS for 3 time
diff succeed!
file 16 has been read from HDFS for 4 time
diff succeed!
file 16 has been read from HDFS for 5 time
diff succeed!
file 16 has been read from HDFS for 6 time
diff succeed!
file 16 has been read from HDFS for 7 time
diff succeed!
file 16 has been read from HDFS for 8 time
diff succeed!
file 16 has been read from HDFS for 9 time
diff succeed!
file 16 has been read from HDFS for 10 time
diff succeed!
Deleted /myfile16
file 16 has been removed from HDFS
Found 12 items
-rw-r--r--   3 root supergroup 1073741824 2019-02-18 22:17 /myfile10
-rw-r--r--   3 root supergroup 1073741824 2019-02-18 22:16 /myfile12
-rw-r--r--   3 root supergroup 1073741824 2019-02-18 22:16 /myfile13
-rw-r--r--   3 root supergroup  268435456 2019-02-18 22:19 /myfile14._COPYING_
-rw-r--r--   3 root supergroup 1073741824 2019-02-18 22:20 /myfile16
-rw-r--r--   3 root supergroup  268435456 2019-02-18 22:20 /myfile17._COPYING_
-rw-r--r--   3 root supergroup 1073741824 2019-02-18 22:16 /myfile19
-rw-r--r--   3 root supergroup 1073741824 2019-02-18 22:16 /myfile2
-rw-r--r--   3 root supergroup          0 2019-02-18 22:20 /myfile4._COPYING_
-rw-r--r--   3 root supergroup 1073741824 2019-02-18 22:16 /myfile5
-rw-r--r--   3 root supergroup 1073741824 2019-02-18 22:16 /myfile6
-rw-r--r--   3 root supergroup  134217728 2019-02-18 22:20 /myfile7._COPYING_
file 16 has been put into HDFS
file 16 has been read from HDFS for 1 time
diff succeed!
file 16 has been read from HDFS for 2 time
diff succeed!
file 16 has been read from HDFS for 3 time
diff succeed!
file 16 has been read from HDFS for 4 time
diff succeed!
file 16 has been read from HDFS for 5 time
diff succeed!
file 16 has been read from HDFS for 6 time
diff succeed!
file 16 has been read from HDFS for 7 time
diff succeed!
file 16 has been read from HDFS for 8 time
diff succeed!
file 16 has been read from HDFS for 9 time
diff succeed!
file 16 has been read from HDFS for 10 time
diff succeed!
Deleted /myfile16
file 16 has been removed from HDFS
2019-02-18 22:24:23,958 INFO retry.RetryInvocationHandler: java.net.ConnectException: Call From clnode049.clemson.cloudlab.us/130.127.133.58 to node-0-link-0:8020 failed on connection exception: java.net.ConnectException: Connection refused; For more details see:  http://wiki.apache.org/hadoop/ConnectionRefused, while invoking ClientNamenodeProtocolTranslatorPB.addBlock over node-0-link-0/10.10.1.1:8020. Trying to failover immediately.
2019-02-18 22:24:23,972 INFO retry.RetryInvocationHandler: org.apache.hadoop.ipc.RemoteException(org.apache.hadoop.ipc.StandbyException): Operation category READ is not supported in state standby. Visit https://s.apache.org/sbnn-error
	at org.apache.hadoop.hdfs.server.namenode.ha.StandbyState.checkOperation(StandbyState.java:88)
	at org.apache.hadoop.hdfs.server.namenode.NameNode$NameNodeHAContext.checkOperation(NameNode.java:1952)
	at org.apache.hadoop.hdfs.server.namenode.FSNamesystem.checkOperation(FSNamesystem.java:1423)
	at org.apache.hadoop.hdfs.server.namenode.FSNamesystem.getAdditionalBlock(FSNamesystem.java:2674)
	at org.apache.hadoop.hdfs.server.namenode.NameNodeRpcServer.addBlock(NameNodeRpcServer.java:875)
	at org.apache.hadoop.hdfs.protocolPB.ClientNamenodeProtocolServerSideTranslatorPB.addBlock(ClientNamenodeProtocolServerSideTranslatorPB.java:561)
	at org.apache.hadoop.hdfs.protocol.proto.ClientNamenodeProtocolProtos$ClientNamenodeProtocol$2.callBlockingMethod(ClientNamenodeProtocolProtos.java)
	at org.apache.hadoop.ipc.ProtobufRpcEngine$Server$ProtoBufRpcInvoker.call(ProtobufRpcEngine.java:523)
	at org.apache.hadoop.ipc.RPC$Server.call(RPC.java:991)
	at org.apache.hadoop.ipc.Server$RpcCall.run(Server.java:872)
	at org.apache.hadoop.ipc.Server$RpcCall.run(Server.java:818)
	at java.security.AccessController.doPrivileged(Native Method)
	at javax.security.auth.Subject.doAs(Subject.java:422)
	at org.apache.hadoop.security.UserGroupInformation.doAs(UserGroupInformation.java:1729)
	at org.apache.hadoop.ipc.Server$Handler.run(Server.java:2678)
, while invoking ClientNamenodeProtocolTranslatorPB.addBlock over node-1-link-0/10.10.1.4:8020 after 1 failover attempts. Trying to failover after sleeping for 697ms.
2019-02-18 22:24:24,674 INFO retry.RetryInvocationHandler: java.net.ConnectException: Call From clnode049.clemson.cloudlab.us/130.127.133.58 to node-0-link-0:8020 failed on connection exception: java.net.ConnectException: Connection refused; For more details see:  http://wiki.apache.org/hadoop/ConnectionRefused, while invoking ClientNamenodeProtocolTranslatorPB.addBlock over node-0-link-0/10.10.1.1:8020 after 2 failover attempts. Trying to failover after sleeping for 1325ms.
2019-02-18 22:25:03,480 INFO retry.RetryInvocationHandler: java.net.ConnectException: Call From clnode049.clemson.cloudlab.us/130.127.133.58 to node-1-link-0:8020 failed on connection exception: java.net.ConnectException: Connection refused; For more details see:  http://wiki.apache.org/hadoop/ConnectionRefused, while invoking ClientNamenodeProtocolTranslatorPB.addBlock over node-1-link-0/10.10.1.4:8020. Trying to failover immediately.
2019-02-18 22:25:03,485 INFO retry.RetryInvocationHandler: org.apache.hadoop.ipc.RemoteException(org.apache.hadoop.ipc.RetriableException): org.apache.hadoop.hdfs.server.namenode.SafeModeException: Cannot add block to /myfile16._COPYING_. Name node is in safe mode.
The reported blocks 44 has reached the threshold 0.9990 of total blocks 44. The number of live datanodes 3 has reached the minimum number 0. In safe mode extension. Safe mode will be turned off automatically in 28 seconds. NamenodeHostName:node-0-link-0
	at org.apache.hadoop.hdfs.server.namenode.FSNamesystem.checkNameNodeSafeMode(FSNamesystem.java:1441)
	at org.apache.hadoop.hdfs.server.namenode.FSDirWriteFileOp.analyzeFileState(FSDirWriteFileOp.java:591)
	at org.apache.hadoop.hdfs.server.namenode.FSDirWriteFileOp.validateAddBlock(FSDirWriteFileOp.java:172)
	at org.apache.hadoop.hdfs.server.namenode.FSNamesystem.getAdditionalBlock(FSNamesystem.java:2679)
	at org.apache.hadoop.hdfs.server.namenode.NameNodeRpcServer.addBlock(NameNodeRpcServer.java:875)
	at org.apache.hadoop.hdfs.protocolPB.ClientNamenodeProtocolServerSideTranslatorPB.addBlock(ClientNamenodeProtocolServerSideTranslatorPB.java:561)
	at org.apache.hadoop.hdfs.protocol.proto.ClientNamenodeProtocolProtos$ClientNamenodeProtocol$2.callBlockingMethod(ClientNamenodeProtocolProtos.java)
	at org.apache.hadoop.ipc.ProtobufRpcEngine$Server$ProtoBufRpcInvoker.call(ProtobufRpcEngine.java:523)
	at org.apache.hadoop.ipc.RPC$Server.call(RPC.java:991)
	at org.apache.hadoop.ipc.Server$RpcCall.run(Server.java:872)
	at org.apache.hadoop.ipc.Server$RpcCall.run(Server.java:818)
	at java.security.AccessController.doPrivileged(Native Method)
	at javax.security.auth.Subject.doAs(Subject.java:422)
	at org.apache.hadoop.security.UserGroupInformation.doAs(UserGroupInformation.java:1729)
	at org.apache.hadoop.ipc.Server$Handler.run(Server.java:2678)
Caused by: org.apache.hadoop.hdfs.server.namenode.SafeModeException: Cannot add block to /myfile16._COPYING_. Name node is in safe mode.
The reported blocks 44 has reached the threshold 0.9990 of total blocks 44. The number of live datanodes 3 has reached the minimum number 0. In safe mode extension. Safe mode will be turned off automatically in 28 seconds. NamenodeHostName:node-0-link-0
	at org.apache.hadoop.hdfs.server.namenode.FSNamesystem.newSafemodeException(FSNamesystem.java:1450)
	at org.apache.hadoop.hdfs.server.namenode.FSNamesystem.checkNameNodeSafeMode(FSNamesystem.java:1437)
	... 14 more
, while invoking ClientNamenodeProtocolTranslatorPB.addBlock over node-0-link-0/10.10.1.1:8020 after 1 failover attempts. Retrying after sleeping for 1413ms.
2019-02-18 22:25:04,901 INFO retry.RetryInvocationHandler: org.apache.hadoop.ipc.RemoteException(org.apache.hadoop.ipc.RetriableException): org.apache.hadoop.hdfs.server.namenode.SafeModeException: Cannot add block to /myfile16._COPYING_. Name node is in safe mode.
The reported blocks 44 has reached the threshold 0.9990 of total blocks 44. The number of live datanodes 3 has reached the minimum number 0. In safe mode extension. Safe mode will be turned off automatically in 27 seconds. NamenodeHostName:node-0-link-0
	at org.apache.hadoop.hdfs.server.namenode.FSNamesystem.checkNameNodeSafeMode(FSNamesystem.java:1441)
	at org.apache.hadoop.hdfs.server.namenode.FSDirWriteFileOp.analyzeFileState(FSDirWriteFileOp.java:591)
	at org.apache.hadoop.hdfs.server.namenode.FSDirWriteFileOp.validateAddBlock(FSDirWriteFileOp.java:172)
	at org.apache.hadoop.hdfs.server.namenode.FSNamesystem.getAdditionalBlock(FSNamesystem.java:2679)
	at org.apache.hadoop.hdfs.server.namenode.NameNodeRpcServer.addBlock(NameNodeRpcServer.java:875)
	at org.apache.hadoop.hdfs.protocolPB.ClientNamenodeProtocolServerSideTranslatorPB.addBlock(ClientNamenodeProtocolServerSideTranslatorPB.java:561)
	at org.apache.hadoop.hdfs.protocol.proto.ClientNamenodeProtocolProtos$ClientNamenodeProtocol$2.callBlockingMethod(ClientNamenodeProtocolProtos.java)
	at org.apache.hadoop.ipc.ProtobufRpcEngine$Server$ProtoBufRpcInvoker.call(ProtobufRpcEngine.java:523)
	at org.apache.hadoop.ipc.RPC$Server.call(RPC.java:991)
	at org.apache.hadoop.ipc.Server$RpcCall.run(Server.java:872)
	at org.apache.hadoop.ipc.Server$RpcCall.run(Server.java:818)
	at java.security.AccessController.doPrivileged(Native Method)
	at javax.security.auth.Subject.doAs(Subject.java:422)
	at org.apache.hadoop.security.UserGroupInformation.doAs(UserGroupInformation.java:1729)
	at org.apache.hadoop.ipc.Server$Handler.run(Server.java:2678)
Caused by: org.apache.hadoop.hdfs.server.namenode.SafeModeException: Cannot add block to /myfile16._COPYING_. Name node is in safe mode.
The reported blocks 44 has reached the threshold 0.9990 of total blocks 44. The number of live datanodes 3 has reached the minimum number 0. In safe mode extension. Safe mode will be turned off automatically in 27 seconds. NamenodeHostName:node-0-link-0
	at org.apache.hadoop.hdfs.server.namenode.FSNamesystem.newSafemodeException(FSNamesystem.java:1450)
	at org.apache.hadoop.hdfs.server.namenode.FSNamesystem.checkNameNodeSafeMode(FSNamesystem.java:1437)
	... 14 more
, while invoking ClientNamenodeProtocolTranslatorPB.addBlock over node-0-link-0/10.10.1.1:8020 after 1 failover attempts. Retrying after sleeping for 2514ms.
2019-02-18 22:25:07,417 INFO retry.RetryInvocationHandler: org.apache.hadoop.ipc.RemoteException(org.apache.hadoop.ipc.RetriableException): org.apache.hadoop.hdfs.server.namenode.SafeModeException: Cannot add block to /myfile16._COPYING_. Name node is in safe mode.
The reported blocks 44 has reached the threshold 0.9990 of total blocks 44. The number of live datanodes 3 has reached the minimum number 0. In safe mode extension. Safe mode will be turned off automatically in 24 seconds. NamenodeHostName:node-0-link-0
	at org.apache.hadoop.hdfs.server.namenode.FSNamesystem.checkNameNodeSafeMode(FSNamesystem.java:1441)
	at org.apache.hadoop.hdfs.server.namenode.FSDirWriteFileOp.analyzeFileState(FSDirWriteFileOp.java:591)
	at org.apache.hadoop.hdfs.server.namenode.FSDirWriteFileOp.validateAddBlock(FSDirWriteFileOp.java:172)
	at org.apache.hadoop.hdfs.server.namenode.FSNamesystem.getAdditionalBlock(FSNamesystem.java:2679)
	at org.apache.hadoop.hdfs.server.namenode.NameNodeRpcServer.addBlock(NameNodeRpcServer.java:875)
	at org.apache.hadoop.hdfs.protocolPB.ClientNamenodeProtocolServerSideTranslatorPB.addBlock(ClientNamenodeProtocolServerSideTranslatorPB.java:561)
	at org.apache.hadoop.hdfs.protocol.proto.ClientNamenodeProtocolProtos$ClientNamenodeProtocol$2.callBlockingMethod(ClientNamenodeProtocolProtos.java)
	at org.apache.hadoop.ipc.ProtobufRpcEngine$Server$ProtoBufRpcInvoker.call(ProtobufRpcEngine.java:523)
	at org.apache.hadoop.ipc.RPC$Server.call(RPC.java:991)
	at org.apache.hadoop.ipc.Server$RpcCall.run(Server.java:872)
	at org.apache.hadoop.ipc.Server$RpcCall.run(Server.java:818)
	at java.security.AccessController.doPrivileged(Native Method)
	at javax.security.auth.Subject.doAs(Subject.java:422)
	at org.apache.hadoop.security.UserGroupInformation.doAs(UserGroupInformation.java:1729)
	at org.apache.hadoop.ipc.Server$Handler.run(Server.java:2678)
Caused by: org.apache.hadoop.hdfs.server.namenode.SafeModeException: Cannot add block to /myfile16._COPYING_. Name node is in safe mode.
The reported blocks 44 has reached the threshold 0.9990 of total blocks 44. The number of live datanodes 3 has reached the minimum number 0. In safe mode extension. Safe mode will be turned off automatically in 24 seconds. NamenodeHostName:node-0-link-0
	at org.apache.hadoop.hdfs.server.namenode.FSNamesystem.newSafemodeException(FSNamesystem.java:1450)
	at org.apache.hadoop.hdfs.server.namenode.FSNamesystem.checkNameNodeSafeMode(FSNamesystem.java:1437)
	... 14 more
, while invoking ClientNamenodeProtocolTranslatorPB.addBlock over node-0-link-0/10.10.1.1:8020 after 1 failover attempts. Retrying after sleeping for 3387ms.
2019-02-18 22:25:10,807 INFO retry.RetryInvocationHandler: org.apache.hadoop.ipc.RemoteException(org.apache.hadoop.ipc.RetriableException): org.apache.hadoop.hdfs.server.namenode.SafeModeException: Cannot add block to /myfile16._COPYING_. Name node is in safe mode.
The reported blocks 44 has reached the threshold 0.9990 of total blocks 44. The number of live datanodes 3 has reached the minimum number 0. In safe mode extension. Safe mode will be turned off automatically in 21 seconds. NamenodeHostName:node-0-link-0
	at org.apache.hadoop.hdfs.server.namenode.FSNamesystem.checkNameNodeSafeMode(FSNamesystem.java:1441)
	at org.apache.hadoop.hdfs.server.namenode.FSDirWriteFileOp.analyzeFileState(FSDirWriteFileOp.java:591)
	at org.apache.hadoop.hdfs.server.namenode.FSDirWriteFileOp.validateAddBlock(FSDirWriteFileOp.java:172)
	at org.apache.hadoop.hdfs.server.namenode.FSNamesystem.getAdditionalBlock(FSNamesystem.java:2679)
	at org.apache.hadoop.hdfs.server.namenode.NameNodeRpcServer.addBlock(NameNodeRpcServer.java:875)
	at org.apache.hadoop.hdfs.protocolPB.ClientNamenodeProtocolServerSideTranslatorPB.addBlock(ClientNamenodeProtocolServerSideTranslatorPB.java:561)
	at org.apache.hadoop.hdfs.protocol.proto.ClientNamenodeProtocolProtos$ClientNamenodeProtocol$2.callBlockingMethod(ClientNamenodeProtocolProtos.java)
	at org.apache.hadoop.ipc.ProtobufRpcEngine$Server$ProtoBufRpcInvoker.call(ProtobufRpcEngine.java:523)
	at org.apache.hadoop.ipc.RPC$Server.call(RPC.java:991)
	at org.apache.hadoop.ipc.Server$RpcCall.run(Server.java:872)
	at org.apache.hadoop.ipc.Server$RpcCall.run(Server.java:818)
	at java.security.AccessController.doPrivileged(Native Method)
	at javax.security.auth.Subject.doAs(Subject.java:422)
	at org.apache.hadoop.security.UserGroupInformation.doAs(UserGroupInformation.java:1729)
	at org.apache.hadoop.ipc.Server$Handler.run(Server.java:2678)
Caused by: org.apache.hadoop.hdfs.server.namenode.SafeModeException: Cannot add block to /myfile16._COPYING_. Name node is in safe mode.
The reported blocks 44 has reached the threshold 0.9990 of total blocks 44. The number of live datanodes 3 has reached the minimum number 0. In safe mode extension. Safe mode will be turned off automatically in 21 seconds. NamenodeHostName:node-0-link-0
	at org.apache.hadoop.hdfs.server.namenode.FSNamesystem.newSafemodeException(FSNamesystem.java:1450)
	at org.apache.hadoop.hdfs.server.namenode.FSNamesystem.checkNameNodeSafeMode(FSNamesystem.java:1437)
	... 14 more
, while invoking ClientNamenodeProtocolTranslatorPB.addBlock over node-0-link-0/10.10.1.1:8020 after 1 failover attempts. Retrying after sleeping for 10533ms.
2019-02-18 22:25:13,777 INFO retry.RetryInvocationHandler: org.apache.hadoop.ipc.RemoteException(org.apache.hadoop.ipc.RetriableException): org.apache.hadoop.hdfs.server.namenode.SafeModeException: Cannot renew lease for DFSClient_NONMAPREDUCE_-547567397_1. Name node is in safe mode.
The reported blocks 44 has reached the threshold 0.9990 of total blocks 44. The number of live datanodes 3 has reached the minimum number 0. In safe mode extension. Safe mode will be turned off automatically in 18 seconds. NamenodeHostName:node-0-link-0
	at org.apache.hadoop.hdfs.server.namenode.FSNamesystem.checkNameNodeSafeMode(FSNamesystem.java:1441)
	at org.apache.hadoop.hdfs.server.namenode.FSNamesystem.renewLease(FSNamesystem.java:3744)
	at org.apache.hadoop.hdfs.server.namenode.NameNodeRpcServer.renewLease(NameNodeRpcServer.java:1134)
	at org.apache.hadoop.hdfs.protocolPB.ClientNamenodeProtocolServerSideTranslatorPB.renewLease(ClientNamenodeProtocolServerSideTranslatorPB.java:737)
	at org.apache.hadoop.hdfs.protocol.proto.ClientNamenodeProtocolProtos$ClientNamenodeProtocol$2.callBlockingMethod(ClientNamenodeProtocolProtos.java)
	at org.apache.hadoop.ipc.ProtobufRpcEngine$Server$ProtoBufRpcInvoker.call(ProtobufRpcEngine.java:523)
	at org.apache.hadoop.ipc.RPC$Server.call(RPC.java:991)
	at org.apache.hadoop.ipc.Server$RpcCall.run(Server.java:872)
	at org.apache.hadoop.ipc.Server$RpcCall.run(Server.java:818)
	at java.security.AccessController.doPrivileged(Native Method)
	at javax.security.auth.Subject.doAs(Subject.java:422)
	at org.apache.hadoop.security.UserGroupInformation.doAs(UserGroupInformation.java:1729)
	at org.apache.hadoop.ipc.Server$Handler.run(Server.java:2678)
Caused by: org.apache.hadoop.hdfs.server.namenode.SafeModeException: Cannot renew lease for DFSClient_NONMAPREDUCE_-547567397_1. Name node is in safe mode.
The reported blocks 44 has reached the threshold 0.9990 of total blocks 44. The number of live datanodes 3 has reached the minimum number 0. In safe mode extension. Safe mode will be turned off automatically in 18 seconds. NamenodeHostName:node-0-link-0
	at org.apache.hadoop.hdfs.server.namenode.FSNamesystem.newSafemodeException(FSNamesystem.java:1450)
	at org.apache.hadoop.hdfs.server.namenode.FSNamesystem.checkNameNodeSafeMode(FSNamesystem.java:1437)
	... 12 more
, while invoking ClientNamenodeProtocolTranslatorPB.renewLease over node-0-link-0/10.10.1.1:8020. Retrying immediately.
2019-02-18 22:25:13,779 INFO retry.RetryInvocationHandler: org.apache.hadoop.ipc.RemoteException(org.apache.hadoop.ipc.RetriableException): org.apache.hadoop.hdfs.server.namenode.SafeModeException: Cannot renew lease for DFSClient_NONMAPREDUCE_-547567397_1. Name node is in safe mode.
The reported blocks 44 has reached the threshold 0.9990 of total blocks 44. The number of live datanodes 3 has reached the minimum number 0. In safe mode extension. Safe mode will be turned off automatically in 18 seconds. NamenodeHostName:node-0-link-0
	at org.apache.hadoop.hdfs.server.namenode.FSNamesystem.checkNameNodeSafeMode(FSNamesystem.java:1441)
	at org.apache.hadoop.hdfs.server.namenode.FSNamesystem.renewLease(FSNamesystem.java:3744)
	at org.apache.hadoop.hdfs.server.namenode.NameNodeRpcServer.renewLease(NameNodeRpcServer.java:1134)
	at org.apache.hadoop.hdfs.protocolPB.ClientNamenodeProtocolServerSideTranslatorPB.renewLease(ClientNamenodeProtocolServerSideTranslatorPB.java:737)
	at org.apache.hadoop.hdfs.protocol.proto.ClientNamenodeProtocolProtos$ClientNamenodeProtocol$2.callBlockingMethod(ClientNamenodeProtocolProtos.java)
	at org.apache.hadoop.ipc.ProtobufRpcEngine$Server$ProtoBufRpcInvoker.call(ProtobufRpcEngine.java:523)
	at org.apache.hadoop.ipc.RPC$Server.call(RPC.java:991)
	at org.apache.hadoop.ipc.Server$RpcCall.run(Server.java:872)
	at org.apache.hadoop.ipc.Server$RpcCall.run(Server.java:818)
	at java.security.AccessController.doPrivileged(Native Method)
	at javax.security.auth.Subject.doAs(Subject.java:422)
	at org.apache.hadoop.security.UserGroupInformation.doAs(UserGroupInformation.java:1729)
	at org.apache.hadoop.ipc.Server$Handler.run(Server.java:2678)
Caused by: org.apache.hadoop.hdfs.server.namenode.SafeModeException: Cannot renew lease for DFSClient_NONMAPREDUCE_-547567397_1. Name node is in safe mode.
The reported blocks 44 has reached the threshold 0.9990 of total blocks 44. The number of live datanodes 3 has reached the minimum number 0. In safe mode extension. Safe mode will be turned off automatically in 18 seconds. NamenodeHostName:node-0-link-0
	at org.apache.hadoop.hdfs.server.namenode.FSNamesystem.newSafemodeException(FSNamesystem.java:1450)
	at org.apache.hadoop.hdfs.server.namenode.FSNamesystem.checkNameNodeSafeMode(FSNamesystem.java:1437)
	... 12 more
, while invoking ClientNamenodeProtocolTranslatorPB.renewLease over node-0-link-0/10.10.1.1:8020. Retrying after sleeping for 1095ms.
2019-02-18 22:25:14,876 INFO retry.RetryInvocationHandler: org.apache.hadoop.ipc.RemoteException(org.apache.hadoop.ipc.RetriableException): org.apache.hadoop.hdfs.server.namenode.SafeModeException: Cannot renew lease for DFSClient_NONMAPREDUCE_-547567397_1. Name node is in safe mode.
The reported blocks 44 has reached the threshold 0.9990 of total blocks 44. The number of live datanodes 3 has reached the minimum number 0. In safe mode extension. Safe mode will be turned off automatically in 17 seconds. NamenodeHostName:node-0-link-0
	at org.apache.hadoop.hdfs.server.namenode.FSNamesystem.checkNameNodeSafeMode(FSNamesystem.java:1441)
	at org.apache.hadoop.hdfs.server.namenode.FSNamesystem.renewLease(FSNamesystem.java:3744)
	at org.apache.hadoop.hdfs.server.namenode.NameNodeRpcServer.renewLease(NameNodeRpcServer.java:1134)
	at org.apache.hadoop.hdfs.protocolPB.ClientNamenodeProtocolServerSideTranslatorPB.renewLease(ClientNamenodeProtocolServerSideTranslatorPB.java:737)
	at org.apache.hadoop.hdfs.protocol.proto.ClientNamenodeProtocolProtos$ClientNamenodeProtocol$2.callBlockingMethod(ClientNamenodeProtocolProtos.java)
	at org.apache.hadoop.ipc.ProtobufRpcEngine$Server$ProtoBufRpcInvoker.call(ProtobufRpcEngine.java:523)
	at org.apache.hadoop.ipc.RPC$Server.call(RPC.java:991)
	at org.apache.hadoop.ipc.Server$RpcCall.run(Server.java:872)
	at org.apache.hadoop.ipc.Server$RpcCall.run(Server.java:818)
	at java.security.AccessController.doPrivileged(Native Method)
	at javax.security.auth.Subject.doAs(Subject.java:422)
	at org.apache.hadoop.security.UserGroupInformation.doAs(UserGroupInformation.java:1729)
	at org.apache.hadoop.ipc.Server$Handler.run(Server.java:2678)
Caused by: org.apache.hadoop.hdfs.server.namenode.SafeModeException: Cannot renew lease for DFSClient_NONMAPREDUCE_-547567397_1. Name node is in safe mode.
The reported blocks 44 has reached the threshold 0.9990 of total blocks 44. The number of live datanodes 3 has reached the minimum number 0. In safe mode extension. Safe mode will be turned off automatically in 17 seconds. NamenodeHostName:node-0-link-0
	at org.apache.hadoop.hdfs.server.namenode.FSNamesystem.newSafemodeException(FSNamesystem.java:1450)
	at org.apache.hadoop.hdfs.server.namenode.FSNamesystem.checkNameNodeSafeMode(FSNamesystem.java:1437)
	... 12 more
, while invoking ClientNamenodeProtocolTranslatorPB.renewLease over node-0-link-0/10.10.1.1:8020. Retrying after sleeping for 1220ms.
2019-02-18 22:25:16,098 INFO retry.RetryInvocationHandler: org.apache.hadoop.ipc.RemoteException(org.apache.hadoop.ipc.RetriableException): org.apache.hadoop.hdfs.server.namenode.SafeModeException: Cannot renew lease for DFSClient_NONMAPREDUCE_-547567397_1. Name node is in safe mode.
The reported blocks 44 has reached the threshold 0.9990 of total blocks 44. The number of live datanodes 3 has reached the minimum number 0. In safe mode extension. Safe mode will be turned off automatically in 16 seconds. NamenodeHostName:node-0-link-0
	at org.apache.hadoop.hdfs.server.namenode.FSNamesystem.checkNameNodeSafeMode(FSNamesystem.java:1441)
	at org.apache.hadoop.hdfs.server.namenode.FSNamesystem.renewLease(FSNamesystem.java:3744)
	at org.apache.hadoop.hdfs.server.namenode.NameNodeRpcServer.renewLease(NameNodeRpcServer.java:1134)
	at org.apache.hadoop.hdfs.protocolPB.ClientNamenodeProtocolServerSideTranslatorPB.renewLease(ClientNamenodeProtocolServerSideTranslatorPB.java:737)
	at org.apache.hadoop.hdfs.protocol.proto.ClientNamenodeProtocolProtos$ClientNamenodeProtocol$2.callBlockingMethod(ClientNamenodeProtocolProtos.java)
	at org.apache.hadoop.ipc.ProtobufRpcEngine$Server$ProtoBufRpcInvoker.call(ProtobufRpcEngine.java:523)
	at org.apache.hadoop.ipc.RPC$Server.call(RPC.java:991)
	at org.apache.hadoop.ipc.Server$RpcCall.run(Server.java:872)
	at org.apache.hadoop.ipc.Server$RpcCall.run(Server.java:818)
	at java.security.AccessController.doPrivileged(Native Method)
	at javax.security.auth.Subject.doAs(Subject.java:422)
	at org.apache.hadoop.security.UserGroupInformation.doAs(UserGroupInformation.java:1729)
	at org.apache.hadoop.ipc.Server$Handler.run(Server.java:2678)
Caused by: org.apache.hadoop.hdfs.server.namenode.SafeModeException: Cannot renew lease for DFSClient_NONMAPREDUCE_-547567397_1. Name node is in safe mode.
The reported blocks 44 has reached the threshold 0.9990 of total blocks 44. The number of live datanodes 3 has reached the minimum number 0. In safe mode extension. Safe mode will be turned off automatically in 16 seconds. NamenodeHostName:node-0-link-0
	at org.apache.hadoop.hdfs.server.namenode.FSNamesystem.newSafemodeException(FSNamesystem.java:1450)
	at org.apache.hadoop.hdfs.server.namenode.FSNamesystem.checkNameNodeSafeMode(FSNamesystem.java:1437)
	... 12 more
, while invoking ClientNamenodeProtocolTranslatorPB.renewLease over node-0-link-0/10.10.1.1:8020. Retrying after sleeping for 4513ms.
2019-02-18 22:25:20,614 INFO retry.RetryInvocationHandler: org.apache.hadoop.ipc.RemoteException(org.apache.hadoop.ipc.RetriableException): org.apache.hadoop.hdfs.server.namenode.SafeModeException: Cannot renew lease for DFSClient_NONMAPREDUCE_-547567397_1. Name node is in safe mode.
The reported blocks 44 has reached the threshold 0.9990 of total blocks 44. The number of live datanodes 3 has reached the minimum number 0. In safe mode extension. Safe mode will be turned off automatically in 11 seconds. NamenodeHostName:node-0-link-0
	at org.apache.hadoop.hdfs.server.namenode.FSNamesystem.checkNameNodeSafeMode(FSNamesystem.java:1441)
	at org.apache.hadoop.hdfs.server.namenode.FSNamesystem.renewLease(FSNamesystem.java:3744)
	at org.apache.hadoop.hdfs.server.namenode.NameNodeRpcServer.renewLease(NameNodeRpcServer.java:1134)
	at org.apache.hadoop.hdfs.protocolPB.ClientNamenodeProtocolServerSideTranslatorPB.renewLease(ClientNamenodeProtocolServerSideTranslatorPB.java:737)
	at org.apache.hadoop.hdfs.protocol.proto.ClientNamenodeProtocolProtos$ClientNamenodeProtocol$2.callBlockingMethod(ClientNamenodeProtocolProtos.java)
	at org.apache.hadoop.ipc.ProtobufRpcEngine$Server$ProtoBufRpcInvoker.call(ProtobufRpcEngine.java:523)
	at org.apache.hadoop.ipc.RPC$Server.call(RPC.java:991)
	at org.apache.hadoop.ipc.Server$RpcCall.run(Server.java:872)
	at org.apache.hadoop.ipc.Server$RpcCall.run(Server.java:818)
	at java.security.AccessController.doPrivileged(Native Method)
	at javax.security.auth.Subject.doAs(Subject.java:422)
	at org.apache.hadoop.security.UserGroupInformation.doAs(UserGroupInformation.java:1729)
	at org.apache.hadoop.ipc.Server$Handler.run(Server.java:2678)
Caused by: org.apache.hadoop.hdfs.server.namenode.SafeModeException: Cannot renew lease for DFSClient_NONMAPREDUCE_-547567397_1. Name node is in safe mode.
The reported blocks 44 has reached the threshold 0.9990 of total blocks 44. The number of live datanodes 3 has reached the minimum number 0. In safe mode extension. Safe mode will be turned off automatically in 11 seconds. NamenodeHostName:node-0-link-0
	at org.apache.hadoop.hdfs.server.namenode.FSNamesystem.newSafemodeException(FSNamesystem.java:1450)
	at org.apache.hadoop.hdfs.server.namenode.FSNamesystem.checkNameNodeSafeMode(FSNamesystem.java:1437)
	... 12 more
, while invoking ClientNamenodeProtocolTranslatorPB.renewLease over node-0-link-0/10.10.1.1:8020. Retrying after sleeping for 11255ms.
2019-02-18 22:25:21,343 INFO retry.RetryInvocationHandler: org.apache.hadoop.ipc.RemoteException(org.apache.hadoop.ipc.RetriableException): org.apache.hadoop.hdfs.server.namenode.SafeModeException: Cannot add block to /myfile16._COPYING_. Name node is in safe mode.
The reported blocks 44 has reached the threshold 0.9990 of total blocks 44. The number of live datanodes 3 has reached the minimum number 0. In safe mode extension. Safe mode will be turned off automatically in 11 seconds. NamenodeHostName:node-0-link-0
	at org.apache.hadoop.hdfs.server.namenode.FSNamesystem.checkNameNodeSafeMode(FSNamesystem.java:1441)
	at org.apache.hadoop.hdfs.server.namenode.FSDirWriteFileOp.analyzeFileState(FSDirWriteFileOp.java:591)
	at org.apache.hadoop.hdfs.server.namenode.FSDirWriteFileOp.validateAddBlock(FSDirWriteFileOp.java:172)
	at org.apache.hadoop.hdfs.server.namenode.FSNamesystem.getAdditionalBlock(FSNamesystem.java:2679)
	at org.apache.hadoop.hdfs.server.namenode.NameNodeRpcServer.addBlock(NameNodeRpcServer.java:875)
	at org.apache.hadoop.hdfs.protocolPB.ClientNamenodeProtocolServerSideTranslatorPB.addBlock(ClientNamenodeProtocolServerSideTranslatorPB.java:561)
	at org.apache.hadoop.hdfs.protocol.proto.ClientNamenodeProtocolProtos$ClientNamenodeProtocol$2.callBlockingMethod(ClientNamenodeProtocolProtos.java)
	at org.apache.hadoop.ipc.ProtobufRpcEngine$Server$ProtoBufRpcInvoker.call(ProtobufRpcEngine.java:523)
	at org.apache.hadoop.ipc.RPC$Server.call(RPC.java:991)
	at org.apache.hadoop.ipc.Server$RpcCall.run(Server.java:872)
	at org.apache.hadoop.ipc.Server$RpcCall.run(Server.java:818)
	at java.security.AccessController.doPrivileged(Native Method)
	at javax.security.auth.Subject.doAs(Subject.java:422)
	at org.apache.hadoop.security.UserGroupInformation.doAs(UserGroupInformation.java:1729)
	at org.apache.hadoop.ipc.Server$Handler.run(Server.java:2678)
Caused by: org.apache.hadoop.hdfs.server.namenode.SafeModeException: Cannot add block to /myfile16._COPYING_. Name node is in safe mode.
The reported blocks 44 has reached the threshold 0.9990 of total blocks 44. The number of live datanodes 3 has reached the minimum number 0. In safe mode extension. Safe mode will be turned off automatically in 11 seconds. NamenodeHostName:node-0-link-0
	at org.apache.hadoop.hdfs.server.namenode.FSNamesystem.newSafemodeException(FSNamesystem.java:1450)
	at org.apache.hadoop.hdfs.server.namenode.FSNamesystem.checkNameNodeSafeMode(FSNamesystem.java:1437)
	... 14 more
, while invoking ClientNamenodeProtocolTranslatorPB.addBlock over node-0-link-0/10.10.1.1:8020 after 1 failover attempts. Retrying after sleeping for 12821ms.
2019-02-18 22:25:31,873 INFO retry.RetryInvocationHandler: org.apache.hadoop.ipc.RemoteException(org.apache.hadoop.ipc.RetriableException): org.apache.hadoop.hdfs.server.namenode.SafeModeException: Cannot renew lease for DFSClient_NONMAPREDUCE_-547567397_1. Name node is in safe mode.
The reported blocks 44 has reached the threshold 0.9990 of total blocks 44. The number of live datanodes 3 has reached the minimum number 0. In safe mode extension. Safe mode will be turned off automatically in 0 seconds. NamenodeHostName:node-0-link-0
	at org.apache.hadoop.hdfs.server.namenode.FSNamesystem.checkNameNodeSafeMode(FSNamesystem.java:1441)
	at org.apache.hadoop.hdfs.server.namenode.FSNamesystem.renewLease(FSNamesystem.java:3744)
	at org.apache.hadoop.hdfs.server.namenode.NameNodeRpcServer.renewLease(NameNodeRpcServer.java:1134)
	at org.apache.hadoop.hdfs.protocolPB.ClientNamenodeProtocolServerSideTranslatorPB.renewLease(ClientNamenodeProtocolServerSideTranslatorPB.java:737)
	at org.apache.hadoop.hdfs.protocol.proto.ClientNamenodeProtocolProtos$ClientNamenodeProtocol$2.callBlockingMethod(ClientNamenodeProtocolProtos.java)
	at org.apache.hadoop.ipc.ProtobufRpcEngine$Server$ProtoBufRpcInvoker.call(ProtobufRpcEngine.java:523)
	at org.apache.hadoop.ipc.RPC$Server.call(RPC.java:991)
	at org.apache.hadoop.ipc.Server$RpcCall.run(Server.java:872)
	at org.apache.hadoop.ipc.Server$RpcCall.run(Server.java:818)
	at java.security.AccessController.doPrivileged(Native Method)
	at javax.security.auth.Subject.doAs(Subject.java:422)
	at org.apache.hadoop.security.UserGroupInformation.doAs(UserGroupInformation.java:1729)
	at org.apache.hadoop.ipc.Server$Handler.run(Server.java:2678)
Caused by: org.apache.hadoop.hdfs.server.namenode.SafeModeException: Cannot renew lease for DFSClient_NONMAPREDUCE_-547567397_1. Name node is in safe mode.
The reported blocks 44 has reached the threshold 0.9990 of total blocks 44. The number of live datanodes 3 has reached the minimum number 0. In safe mode extension. Safe mode will be turned off automatically in 0 seconds. NamenodeHostName:node-0-link-0
	at org.apache.hadoop.hdfs.server.namenode.FSNamesystem.newSafemodeException(FSNamesystem.java:1450)
	at org.apache.hadoop.hdfs.server.namenode.FSNamesystem.checkNameNodeSafeMode(FSNamesystem.java:1437)
	... 12 more
, while invoking ClientNamenodeProtocolTranslatorPB.renewLease over node-0-link-0/10.10.1.1:8020. Retrying after sleeping for 17430ms.
Found 17 items
-rw-r--r--   3 root supergroup  402653184 2019-02-18 22:24 /myfile1._COPYING_
-rw-r--r--   3 root supergroup 1073741824 2019-02-18 22:21 /myfile10
-rw-r--r--   3 root supergroup  805306368 2019-02-18 22:24 /myfile11._COPYING_
-rw-r--r--   3 root supergroup 1073741824 2019-02-18 22:25 /myfile12
-rw-r--r--   3 root supergroup  536870912 2019-02-18 22:24 /myfile13._COPYING_
-rw-r--r--   3 root supergroup 1073741824 2019-02-18 22:25 /myfile14
-rw-r--r--   3 root supergroup 1073741824 2019-02-18 22:25 /myfile15
-rw-r--r--   3 root supergroup 1073741824 2019-02-18 22:25 /myfile16
-rw-r--r--   3 root supergroup  268435456 2019-02-18 22:24 /myfile17._COPYING_
-rw-r--r--   3 root supergroup          0 2019-02-18 22:24 /myfile18._COPYING_
-rw-r--r--   3 root supergroup  402653184 2019-02-18 22:24 /myfile19._COPYING_
-rw-r--r--   3 root supergroup          0 2019-02-18 22:24 /myfile2._COPYING_
-rw-r--r--   3 root supergroup  268435456 2019-02-18 22:24 /myfile3._COPYING_
-rw-r--r--   3 root supergroup  268435456 2019-02-18 22:24 /myfile5._COPYING_
-rw-r--r--   3 root supergroup 1073741824 2019-02-18 22:21 /myfile6
-rw-r--r--   3 root supergroup  268435456 2019-02-18 22:24 /myfile7._COPYING_
-rw-r--r--   3 root supergroup          0 2019-02-18 22:24 /myfile8._COPYING_
file 16 has been put into HDFS
file 16 has been read from HDFS for 1 time
diff succeed!
file 16 has been read from HDFS for 2 time
diff succeed!
file 16 has been read from HDFS for 3 time
diff succeed!
file 16 has been read from HDFS for 4 time
diff succeed!
file 16 has been read from HDFS for 5 time
diff succeed!
file 16 has been read from HDFS for 6 time
diff succeed!
file 16 has been read from HDFS for 7 time
diff succeed!
file 16 has been read from HDFS for 8 time
diff succeed!
file 16 has been read from HDFS for 9 time
diff succeed!
file 16 has been read from HDFS for 10 time
diff succeed!
Deleted /myfile16
file 16 has been removed from HDFS
Found 19 items
-rw-r--r--   3 root supergroup 1073741824 2019-02-18 22:25 /myfile1
-rw-r--r--   3 root supergroup  536870912 2019-02-18 22:30 /myfile10._COPYING_
-rw-r--r--   3 root supergroup 1073741824 2019-02-18 22:30 /myfile11
-rw-r--r--   3 root supergroup 1073741824 2019-02-18 22:30 /myfile12
-rw-r--r--   3 root supergroup 1073741824 2019-02-18 22:25 /myfile13
-rw-r--r--   3 root supergroup  536870912 2019-02-18 22:30 /myfile14._COPYING_
-rw-r--r--   3 root supergroup 1073741824 2019-02-18 22:30 /myfile15
-rw-r--r--   3 root supergroup 1073741824 2019-02-18 22:30 /myfile16
-rw-r--r--   3 root supergroup 1073741824 2019-02-18 22:26 /myfile17
-rw-r--r--   3 root supergroup 1073741824 2019-02-18 22:26 /myfile18
-rw-r--r--   3 root supergroup 1073741824 2019-02-18 22:30 /myfile19
-rw-r--r--   3 root supergroup  536870912 2019-02-18 22:30 /myfile2._COPYING_
-rw-r--r--   3 root supergroup          0 2019-02-18 22:30 /myfile20._COPYING_
-rw-r--r--   3 root supergroup 1073741824 2019-02-18 22:26 /myfile3
-rw-r--r--   3 root supergroup          0 2019-02-18 22:30 /myfile4._COPYING_
-rw-r--r--   3 root supergroup 1073741824 2019-02-18 22:26 /myfile5
-rw-r--r--   3 root supergroup 1073741824 2019-02-18 22:26 /myfile6
-rw-r--r--   3 root supergroup  536870912 2019-02-18 22:30 /myfile7._COPYING_
-rw-r--r--   3 root supergroup  268435456 2019-02-18 22:30 /myfile8._COPYING_
file 16 has been put into HDFS
file 16 has been read from HDFS for 1 time
diff succeed!
file 16 has been read from HDFS for 2 time
diff succeed!
file 16 has been read from HDFS for 3 time
diff succeed!
file 16 has been read from HDFS for 4 time
diff succeed!
file 16 has been read from HDFS for 5 time
diff succeed!
file 16 has been read from HDFS for 6 time
diff succeed!
file 16 has been read from HDFS for 7 time
diff succeed!
file 16 has been read from HDFS for 8 time
diff succeed!
file 16 has been read from HDFS for 9 time
diff succeed!
file 16 has been read from HDFS for 10 time
diff succeed!
Deleted /myfile16
file 16 has been removed from HDFS
Found 19 items
-rw-r--r--   3 root supergroup 1073741824 2019-02-18 22:32 /myfile1
-rw-r--r--   3 root supergroup  805306368 2019-02-18 22:34 /myfile10._COPYING_
-rw-r--r--   3 root supergroup 1073741824 2019-02-18 22:35 /myfile11
-rw-r--r--   3 root supergroup 1073741824 2019-02-18 22:35 /myfile12
-rw-r--r--   3 root supergroup  402653184 2019-02-18 22:34 /myfile14._COPYING_
-rw-r--r--   3 root supergroup 1073741824 2019-02-18 22:35 /myfile15
-rw-r--r--   3 root supergroup 1073741824 2019-02-18 22:35 /myfile16
-rw-r--r--   3 root supergroup 1073741824 2019-02-18 22:32 /myfile17
-rw-r--r--   3 root supergroup          0 2019-02-18 22:35 /myfile18._COPYING_
-rw-r--r--   3 root supergroup 1073741824 2019-02-18 22:30 /myfile19
-rw-r--r--   3 root supergroup 1073741824 2019-02-18 22:30 /myfile2
-rw-r--r--   3 root supergroup          0 2019-02-18 22:35 /myfile20._COPYING_
-rw-r--r--   3 root supergroup 1073741824 2019-02-18 22:31 /myfile3
-rw-r--r--   3 root supergroup 1073741824 2019-02-18 22:30 /myfile4
-rw-r--r--   3 root supergroup 1073741824 2019-02-18 22:32 /myfile5
-rw-r--r--   3 root supergroup 1073741824 2019-02-18 22:32 /myfile6
-rw-r--r--   3 root supergroup  402653184 2019-02-18 22:34 /myfile7._COPYING_
-rw-r--r--   3 root supergroup 1073741824 2019-02-18 22:30 /myfile8
-rw-r--r--   3 root supergroup  402653184 2019-02-18 22:34 /myfile9._COPYING_
file 16 has been put into HDFS
file 16 has been read from HDFS for 1 time
diff succeed!
file 16 has been read from HDFS for 2 time
diff succeed!
file 16 has been read from HDFS for 3 time
diff succeed!
file 16 has been read from HDFS for 4 time
diff succeed!
file 16 has been read from HDFS for 5 time
diff succeed!
file 16 has been read from HDFS for 6 time
diff succeed!
file 16 has been read from HDFS for 7 time
diff succeed!
file 16 has been read from HDFS for 8 time
diff succeed!
file 16 has been read from HDFS for 9 time
diff succeed!
file 16 has been read from HDFS for 10 time
diff succeed!
Deleted /myfile16
file 16 has been removed from HDFS
Found 18 items
-rw-r--r--   3 root supergroup 1073741824 2019-02-18 22:40 /myfile10
-rw-r--r--   3 root supergroup 1073741824 2019-02-18 22:40 /myfile11
-rw-r--r--   3 root supergroup 1073741824 2019-02-18 22:43 /myfile12
-rw-r--r--   3 root supergroup 1073741824 2019-02-18 22:41 /myfile13
-rw-r--r--   3 root supergroup 1073741824 2019-02-18 22:42 /myfile14
-rw-r--r--   3 root supergroup 1073741824 2019-02-18 22:43 /myfile16
-rw-r--r--   3 root supergroup  805306368 2019-02-18 22:43 /myfile17._COPYING_
-rw-r--r--   3 root supergroup 1073741824 2019-02-18 22:41 /myfile18
-rw-r--r--   3 root supergroup 1073741824 2019-02-18 22:41 /myfile19
-rw-r--r--   3 root supergroup 1073741824 2019-02-18 22:43 /myfile2
-rw-r--r--   3 root supergroup 1073741824 2019-02-18 22:43 /myfile20
-rw-r--r--   3 root supergroup 1073741824 2019-02-18 22:41 /myfile3
-rw-r--r--   3 root supergroup 1073741824 2019-02-18 22:43 /myfile4
-rw-r--r--   3 root supergroup 1073741824 2019-02-18 22:41 /myfile5
-rw-r--r--   3 root supergroup 1073741824 2019-02-18 22:42 /myfile6
-rw-r--r--   3 root supergroup 1073741824 2019-02-18 22:43 /myfile7
-rw-r--r--   3 root supergroup 1073741824 2019-02-18 22:41 /myfile8
-rw-r--r--   3 root supergroup 1073741824 2019-02-18 22:43 /myfile9
file 16 has been put into HDFS
file 16 has been read from HDFS for 1 time
diff succeed!
file 16 has been read from HDFS for 2 time
diff succeed!
file 16 has been read from HDFS for 3 time
diff succeed!
file 16 has been read from HDFS for 4 time
diff succeed!
file 16 has been read from HDFS for 5 time
diff succeed!
file 16 has been read from HDFS for 6 time
diff succeed!
file 16 has been read from HDFS for 7 time
diff succeed!
file 16 has been read from HDFS for 8 time
diff succeed!
file 16 has been read from HDFS for 9 time
diff succeed!
file 16 has been read from HDFS for 10 time
diff succeed!
Deleted /myfile16
file 16 has been removed from HDFS
Found 19 items
-rw-r--r--   3 root supergroup  671088640 2019-02-18 22:49 /myfile1._COPYING_
-rw-r--r--   3 root supergroup  134217728 2019-02-18 22:49 /myfile10._COPYING_
-rw-r--r--   3 root supergroup 1073741824 2019-02-18 22:45 /myfile11
-rw-r--r--   3 root supergroup 1073741824 2019-02-18 22:48 /myfile12
-rw-r--r--   3 root supergroup 1073741824 2019-02-18 22:47 /myfile13
-rw-r--r--   3 root supergroup 1073741824 2019-02-18 22:47 /myfile14
-rw-r--r--   3 root supergroup  805306368 2019-02-18 22:49 /myfile15._COPYING_
-rw-r--r--   3 root supergroup 1073741824 2019-02-18 22:49 /myfile16
-rw-r--r--   3 root supergroup 1073741824 2019-02-18 22:49 /myfile17
-rw-r--r--   3 root supergroup 1073741824 2019-02-18 22:45 /myfile18
-rw-r--r--   3 root supergroup 1073741824 2019-02-18 22:47 /myfile2
-rw-r--r--   3 root supergroup 1073741824 2019-02-18 22:49 /myfile20
-rw-r--r--   3 root supergroup 1073741824 2019-02-18 22:47 /myfile3
-rw-r--r--   3 root supergroup 1073741824 2019-02-18 22:49 /myfile4
-rw-r--r--   3 root supergroup 1073741824 2019-02-18 22:46 /myfile5
-rw-r--r--   3 root supergroup 1073741824 2019-02-18 22:47 /myfile6
-rw-r--r--   3 root supergroup 1073741824 2019-02-18 22:47 /myfile7
-rw-r--r--   3 root supergroup 1073741824 2019-02-18 22:46 /myfile8
-rw-r--r--   3 root supergroup 1073741824 2019-02-18 22:49 /myfile9
file 16 has been put into HDFS
file 16 has been read from HDFS for 1 time
diff succeed!
file 16 has been read from HDFS for 2 time
diff succeed!
file 16 has been read from HDFS for 3 time
diff succeed!
file 16 has been read from HDFS for 4 time
diff succeed!
file 16 has been read from HDFS for 5 time
diff succeed!
file 16 has been read from HDFS for 6 time
diff succeed!
file 16 has been read from HDFS for 7 time
diff succeed!
file 16 has been read from HDFS for 8 time
diff succeed!
file 16 has been read from HDFS for 9 time
diff succeed!
file 16 has been read from HDFS for 10 time
diff succeed!
Deleted /myfile16
file 16 has been removed from HDFS
Found 20 items
-rw-r--r--   3 root supergroup 1073741824 2019-02-18 22:55 /myfile1
-rw-r--r--   3 root supergroup  536870912 2019-02-18 22:54 /myfile10._COPYING_
-rw-r--r--   3 root supergroup 1073741824 2019-02-18 22:50 /myfile11
-rw-r--r--   3 root supergroup 1073741824 2019-02-18 22:53 /myfile12
-rw-r--r--   3 root supergroup 1073741824 2019-02-18 22:53 /myfile13
-rw-r--r--   3 root supergroup 1073741824 2019-02-18 22:52 /myfile14
-rw-r--r--   3 root supergroup  939524096 2019-02-18 22:53 /myfile15._COPYING_
-rw-r--r--   3 root supergroup 1073741824 2019-02-18 22:55 /myfile16
-rw-r--r--   3 root supergroup  805306368 2019-02-18 22:54 /myfile17._COPYING_
-rw-r--r--   3 root supergroup 1073741824 2019-02-18 22:50 /myfile18
-rw-r--r--   3 root supergroup  402653184 2019-02-18 22:54 /myfile19._COPYING_
-rw-r--r--   3 root supergroup 1073741824 2019-02-18 22:52 /myfile2
-rw-r--r--   3 root supergroup  939524096 2019-02-18 22:54 /myfile20._COPYING_
-rw-r--r--   3 root supergroup 1073741824 2019-02-18 22:51 /myfile3
-rw-r--r--   3 root supergroup 1073741824 2019-02-18 22:55 /myfile4
-rw-r--r--   3 root supergroup 1073741824 2019-02-18 22:52 /myfile5
-rw-r--r--   3 root supergroup 1073741824 2019-02-18 22:52 /myfile6
-rw-r--r--   3 root supergroup 1073741824 2019-02-18 22:53 /myfile7
-rw-r--r--   3 root supergroup 1073741824 2019-02-18 22:52 /myfile8
-rw-r--r--   3 root supergroup 1073741824 2019-02-18 22:54 /myfile9
file 16 has been put into HDFS
file 16 has been read from HDFS for 1 time
diff succeed!
file 16 has been read from HDFS for 2 time
diff succeed!
file 16 has been read from HDFS for 3 time
diff succeed!
file 16 has been read from HDFS for 4 time
diff succeed!
file 16 has been read from HDFS for 5 time
diff succeed!
file 16 has been read from HDFS for 6 time
diff succeed!
file 16 has been read from HDFS for 7 time
diff succeed!
file 16 has been read from HDFS for 8 time
diff succeed!
file 16 has been read from HDFS for 9 time
diff succeed!
file 16 has been read from HDFS for 10 time
diff succeed!
Deleted /myfile16
file 16 has been removed from HDFS
Found 19 items
-rw-r--r--   3 root supergroup 1073741824 2019-02-18 22:59 /myfile1
-rw-r--r--   3 root supergroup 1073741824 2019-02-18 22:55 /myfile10
-rw-r--r--   3 root supergroup 1073741824 2019-02-18 22:56 /myfile11
-rw-r--r--   3 root supergroup 1073741824 2019-02-18 22:58 /myfile12
-rw-r--r--   3 root supergroup 1073741824 2019-02-18 22:58 /myfile13
-rw-r--r--   3 root supergroup 1073741824 2019-02-18 22:56 /myfile14
-rw-r--r--   3 root supergroup 1073741824 2019-02-18 22:55 /myfile15
-rw-r--r--   3 root supergroup 1073741824 2019-02-18 22:59 /myfile16
-rw-r--r--   3 root supergroup 1073741824 2019-02-18 22:55 /myfile17
-rw-r--r--   3 root supergroup 1073741824 2019-02-18 22:56 /myfile18
-rw-r--r--   3 root supergroup 1073741824 2019-02-18 22:55 /myfile19
-rw-r--r--   3 root supergroup 1073741824 2019-02-18 22:56 /myfile2
-rw-r--r--   3 root supergroup 1073741824 2019-02-18 22:56 /myfile3
-rw-r--r--   3 root supergroup 1073741824 2019-02-18 22:59 /myfile4
-rw-r--r--   3 root supergroup 1073741824 2019-02-18 22:58 /myfile5
-rw-r--r--   3 root supergroup 1073741824 2019-02-18 22:57 /myfile6
-rw-r--r--   3 root supergroup 1073741824 2019-02-18 22:58 /myfile7
-rw-r--r--   3 root supergroup 1073741824 2019-02-18 22:56 /myfile8
-rw-r--r--   3 root supergroup 1073741824 2019-02-18 22:59 /myfile9
file 16 has been put into HDFS
file 16 has been read from HDFS for 1 time
diff succeed!
file 16 has been read from HDFS for 2 time
diff succeed!
file 16 has been read from HDFS for 3 time
diff succeed!
file 16 has been read from HDFS for 4 time
diff succeed!
file 16 has been read from HDFS for 5 time
diff succeed!
file 16 has been read from HDFS for 6 time
diff succeed!
file 16 has been read from HDFS for 7 time
diff succeed!
file 16 has been read from HDFS for 8 time
diff succeed!
file 16 has been read from HDFS for 9 time
diff succeed!
file 16 has been read from HDFS for 10 time
diff succeed!
Deleted /myfile16
file 16 has been removed from HDFS
Found 20 items
-rw-r--r--   3 root supergroup 1073741824 2019-02-18 22:59 /myfile1
-rw-r--r--   3 root supergroup 1073741824 2019-02-18 23:01 /myfile10
-rw-r--r--   3 root supergroup 1073741824 2019-02-18 23:00 /myfile11
-rw-r--r--   3 root supergroup 1073741824 2019-02-18 23:02 /myfile12
-rw-r--r--   3 root supergroup 1073741824 2019-02-18 23:02 /myfile13
-rw-r--r--   3 root supergroup 1073741824 2019-02-18 23:00 /myfile14
-rw-r--r--   3 root supergroup 1073741824 2019-02-18 23:00 /myfile15
-rw-r--r--   3 root supergroup 1073741824 2019-02-18 23:03 /myfile16
-rw-r--r--   3 root supergroup 1073741824 2019-02-18 23:01 /myfile17
-rw-r--r--   3 root supergroup 1073741824 2019-02-18 23:01 /myfile18
-rw-r--r--   3 root supergroup 1073741824 2019-02-18 23:00 /myfile19
-rw-r--r--   3 root supergroup 1073741824 2019-02-18 23:00 /myfile2
-rw-r--r--   3 root supergroup 1073741824 2019-02-18 22:59 /myfile20
-rw-r--r--   3 root supergroup 1073741824 2019-02-18 23:00 /myfile3
-rw-r--r--   3 root supergroup 1073741824 2019-02-18 23:03 /myfile4
-rw-r--r--   3 root supergroup 1073741824 2019-02-18 23:02 /myfile5
-rw-r--r--   3 root supergroup  134217728 2019-02-18 23:03 /myfile6._COPYING_
-rw-r--r--   3 root supergroup 1073741824 2019-02-18 23:02 /myfile7
-rw-r--r--   3 root supergroup 1073741824 2019-02-18 23:03 /myfile8
-rw-r--r--   3 root supergroup 1073741824 2019-02-18 22:59 /myfile9
file 16 has been put into HDFS
file 16 has been read from HDFS for 1 time
diff succeed!
file 16 has been read from HDFS for 2 time
diff succeed!
file 16 has been read from HDFS for 3 time
diff succeed!
file 16 has been read from HDFS for 4 time
diff succeed!
file 16 has been read from HDFS for 5 time
diff succeed!
file 16 has been read from HDFS for 6 time
diff succeed!
file 16 has been read from HDFS for 7 time
diff succeed!
file 16 has been read from HDFS for 8 time
diff succeed!
file 16 has been read from HDFS for 9 time
diff succeed!
file 16 has been read from HDFS for 10 time
diff succeed!
2019-02-18 23:07:21,872 INFO retry.RetryInvocationHandler: org.apache.hadoop.ipc.RemoteException(org.apache.hadoop.ipc.RetriableException): org.apache.hadoop.hdfs.server.namenode.SafeModeException: Cannot delete /myfile16. Name node is in safe mode.
The reported blocks 147 has reached the threshold 0.9990 of total blocks 147. The number of live datanodes 3 has reached the minimum number 0. In safe mode extension. Safe mode will be turned off automatically in 18 seconds. NamenodeHostName:node-0-link-0
	at org.apache.hadoop.hdfs.server.namenode.FSNamesystem.checkNameNodeSafeMode(FSNamesystem.java:1441)
	at org.apache.hadoop.hdfs.server.namenode.FSNamesystem.delete(FSNamesystem.java:2986)
	at org.apache.hadoop.hdfs.server.namenode.NameNodeRpcServer.delete(NameNodeRpcServer.java:1095)
	at org.apache.hadoop.hdfs.protocolPB.ClientNamenodeProtocolServerSideTranslatorPB.delete(ClientNamenodeProtocolServerSideTranslatorPB.java:692)
	at org.apache.hadoop.hdfs.protocol.proto.ClientNamenodeProtocolProtos$ClientNamenodeProtocol$2.callBlockingMethod(ClientNamenodeProtocolProtos.java)
	at org.apache.hadoop.ipc.ProtobufRpcEngine$Server$ProtoBufRpcInvoker.call(ProtobufRpcEngine.java:523)
	at org.apache.hadoop.ipc.RPC$Server.call(RPC.java:991)
	at org.apache.hadoop.ipc.Server$RpcCall.run(Server.java:872)
	at org.apache.hadoop.ipc.Server$RpcCall.run(Server.java:818)
	at java.security.AccessController.doPrivileged(Native Method)
	at javax.security.auth.Subject.doAs(Subject.java:422)
	at org.apache.hadoop.security.UserGroupInformation.doAs(UserGroupInformation.java:1729)
	at org.apache.hadoop.ipc.Server$Handler.run(Server.java:2678)
Caused by: org.apache.hadoop.hdfs.server.namenode.SafeModeException: Cannot delete /myfile16. Name node is in safe mode.
The reported blocks 147 has reached the threshold 0.9990 of total blocks 147. The number of live datanodes 3 has reached the minimum number 0. In safe mode extension. Safe mode will be turned off automatically in 18 seconds. NamenodeHostName:node-0-link-0
	at org.apache.hadoop.hdfs.server.namenode.FSNamesystem.newSafemodeException(FSNamesystem.java:1450)
	at org.apache.hadoop.hdfs.server.namenode.FSNamesystem.checkNameNodeSafeMode(FSNamesystem.java:1437)
	... 12 more
, while invoking ClientNamenodeProtocolTranslatorPB.delete over node-0-link-0/10.10.1.1:8020. Retrying immediately.
2019-02-18 23:07:21,874 INFO retry.RetryInvocationHandler: org.apache.hadoop.ipc.RemoteException(org.apache.hadoop.ipc.RetriableException): org.apache.hadoop.hdfs.server.namenode.SafeModeException: Cannot delete /myfile16. Name node is in safe mode.
The reported blocks 147 has reached the threshold 0.9990 of total blocks 147. The number of live datanodes 3 has reached the minimum number 0. In safe mode extension. Safe mode will be turned off automatically in 18 seconds. NamenodeHostName:node-0-link-0
	at org.apache.hadoop.hdfs.server.namenode.FSNamesystem.checkNameNodeSafeMode(FSNamesystem.java:1441)
	at org.apache.hadoop.hdfs.server.namenode.FSNamesystem.delete(FSNamesystem.java:2986)
	at org.apache.hadoop.hdfs.server.namenode.NameNodeRpcServer.delete(NameNodeRpcServer.java:1095)
	at org.apache.hadoop.hdfs.protocolPB.ClientNamenodeProtocolServerSideTranslatorPB.delete(ClientNamenodeProtocolServerSideTranslatorPB.java:692)
	at org.apache.hadoop.hdfs.protocol.proto.ClientNamenodeProtocolProtos$ClientNamenodeProtocol$2.callBlockingMethod(ClientNamenodeProtocolProtos.java)
	at org.apache.hadoop.ipc.ProtobufRpcEngine$Server$ProtoBufRpcInvoker.call(ProtobufRpcEngine.java:523)
	at org.apache.hadoop.ipc.RPC$Server.call(RPC.java:991)
	at org.apache.hadoop.ipc.Server$RpcCall.run(Server.java:872)
	at org.apache.hadoop.ipc.Server$RpcCall.run(Server.java:818)
	at java.security.AccessController.doPrivileged(Native Method)
	at javax.security.auth.Subject.doAs(Subject.java:422)
	at org.apache.hadoop.security.UserGroupInformation.doAs(UserGroupInformation.java:1729)
	at org.apache.hadoop.ipc.Server$Handler.run(Server.java:2678)
Caused by: org.apache.hadoop.hdfs.server.namenode.SafeModeException: Cannot delete /myfile16. Name node is in safe mode.
The reported blocks 147 has reached the threshold 0.9990 of total blocks 147. The number of live datanodes 3 has reached the minimum number 0. In safe mode extension. Safe mode will be turned off automatically in 18 seconds. NamenodeHostName:node-0-link-0
	at org.apache.hadoop.hdfs.server.namenode.FSNamesystem.newSafemodeException(FSNamesystem.java:1450)
	at org.apache.hadoop.hdfs.server.namenode.FSNamesystem.checkNameNodeSafeMode(FSNamesystem.java:1437)
	... 12 more
, while invoking ClientNamenodeProtocolTranslatorPB.delete over node-0-link-0/10.10.1.1:8020. Retrying after sleeping for 987ms.
2019-02-18 23:07:22,866 INFO retry.RetryInvocationHandler: org.apache.hadoop.ipc.RemoteException(org.apache.hadoop.ipc.RetriableException): org.apache.hadoop.hdfs.server.namenode.SafeModeException: Cannot delete /myfile16. Name node is in safe mode.
The reported blocks 147 has reached the threshold 0.9990 of total blocks 147. The number of live datanodes 3 has reached the minimum number 0. In safe mode extension. Safe mode will be turned off automatically in 17 seconds. NamenodeHostName:node-0-link-0
	at org.apache.hadoop.hdfs.server.namenode.FSNamesystem.checkNameNodeSafeMode(FSNamesystem.java:1441)
	at org.apache.hadoop.hdfs.server.namenode.FSNamesystem.delete(FSNamesystem.java:2986)
	at org.apache.hadoop.hdfs.server.namenode.NameNodeRpcServer.delete(NameNodeRpcServer.java:1095)
	at org.apache.hadoop.hdfs.protocolPB.ClientNamenodeProtocolServerSideTranslatorPB.delete(ClientNamenodeProtocolServerSideTranslatorPB.java:692)
	at org.apache.hadoop.hdfs.protocol.proto.ClientNamenodeProtocolProtos$ClientNamenodeProtocol$2.callBlockingMethod(ClientNamenodeProtocolProtos.java)
	at org.apache.hadoop.ipc.ProtobufRpcEngine$Server$ProtoBufRpcInvoker.call(ProtobufRpcEngine.java:523)
	at org.apache.hadoop.ipc.RPC$Server.call(RPC.java:991)
	at org.apache.hadoop.ipc.Server$RpcCall.run(Server.java:872)
	at org.apache.hadoop.ipc.Server$RpcCall.run(Server.java:818)
	at java.security.AccessController.doPrivileged(Native Method)
	at javax.security.auth.Subject.doAs(Subject.java:422)
	at org.apache.hadoop.security.UserGroupInformation.doAs(UserGroupInformation.java:1729)
	at org.apache.hadoop.ipc.Server$Handler.run(Server.java:2678)
Caused by: org.apache.hadoop.hdfs.server.namenode.SafeModeException: Cannot delete /myfile16. Name node is in safe mode.
The reported blocks 147 has reached the threshold 0.9990 of total blocks 147. The number of live datanodes 3 has reached the minimum number 0. In safe mode extension. Safe mode will be turned off automatically in 17 seconds. NamenodeHostName:node-0-link-0
	at org.apache.hadoop.hdfs.server.namenode.FSNamesystem.newSafemodeException(FSNamesystem.java:1450)
	at org.apache.hadoop.hdfs.server.namenode.FSNamesystem.checkNameNodeSafeMode(FSNamesystem.java:1437)
	... 12 more
, while invoking ClientNamenodeProtocolTranslatorPB.delete over node-0-link-0/10.10.1.1:8020. Retrying after sleeping for 1573ms.
2019-02-18 23:07:24,442 INFO retry.RetryInvocationHandler: org.apache.hadoop.ipc.RemoteException(org.apache.hadoop.ipc.RetriableException): org.apache.hadoop.hdfs.server.namenode.SafeModeException: Cannot delete /myfile16. Name node is in safe mode.
The reported blocks 147 has reached the threshold 0.9990 of total blocks 147. The number of live datanodes 3 has reached the minimum number 0. In safe mode extension. Safe mode will be turned off automatically in 15 seconds. NamenodeHostName:node-0-link-0
	at org.apache.hadoop.hdfs.server.namenode.FSNamesystem.checkNameNodeSafeMode(FSNamesystem.java:1441)
	at org.apache.hadoop.hdfs.server.namenode.FSNamesystem.delete(FSNamesystem.java:2986)
	at org.apache.hadoop.hdfs.server.namenode.NameNodeRpcServer.delete(NameNodeRpcServer.java:1095)
	at org.apache.hadoop.hdfs.protocolPB.ClientNamenodeProtocolServerSideTranslatorPB.delete(ClientNamenodeProtocolServerSideTranslatorPB.java:692)
	at org.apache.hadoop.hdfs.protocol.proto.ClientNamenodeProtocolProtos$ClientNamenodeProtocol$2.callBlockingMethod(ClientNamenodeProtocolProtos.java)
	at org.apache.hadoop.ipc.ProtobufRpcEngine$Server$ProtoBufRpcInvoker.call(ProtobufRpcEngine.java:523)
	at org.apache.hadoop.ipc.RPC$Server.call(RPC.java:991)
	at org.apache.hadoop.ipc.Server$RpcCall.run(Server.java:872)
	at org.apache.hadoop.ipc.Server$RpcCall.run(Server.java:818)
	at java.security.AccessController.doPrivileged(Native Method)
	at javax.security.auth.Subject.doAs(Subject.java:422)
	at org.apache.hadoop.security.UserGroupInformation.doAs(UserGroupInformation.java:1729)
	at org.apache.hadoop.ipc.Server$Handler.run(Server.java:2678)
Caused by: org.apache.hadoop.hdfs.server.namenode.SafeModeException: Cannot delete /myfile16. Name node is in safe mode.
The reported blocks 147 has reached the threshold 0.9990 of total blocks 147. The number of live datanodes 3 has reached the minimum number 0. In safe mode extension. Safe mode will be turned off automatically in 15 seconds. NamenodeHostName:node-0-link-0
	at org.apache.hadoop.hdfs.server.namenode.FSNamesystem.newSafemodeException(FSNamesystem.java:1450)
	at org.apache.hadoop.hdfs.server.namenode.FSNamesystem.checkNameNodeSafeMode(FSNamesystem.java:1437)
	... 12 more
, while invoking ClientNamenodeProtocolTranslatorPB.delete over node-0-link-0/10.10.1.1:8020. Retrying after sleeping for 4117ms.
2019-02-18 23:07:28,562 INFO retry.RetryInvocationHandler: org.apache.hadoop.ipc.RemoteException(org.apache.hadoop.ipc.RetriableException): org.apache.hadoop.hdfs.server.namenode.SafeModeException: Cannot delete /myfile16. Name node is in safe mode.
The reported blocks 147 has reached the threshold 0.9990 of total blocks 147. The number of live datanodes 3 has reached the minimum number 0. In safe mode extension. Safe mode will be turned off automatically in 11 seconds. NamenodeHostName:node-0-link-0
	at org.apache.hadoop.hdfs.server.namenode.FSNamesystem.checkNameNodeSafeMode(FSNamesystem.java:1441)
	at org.apache.hadoop.hdfs.server.namenode.FSNamesystem.delete(FSNamesystem.java:2986)
	at org.apache.hadoop.hdfs.server.namenode.NameNodeRpcServer.delete(NameNodeRpcServer.java:1095)
	at org.apache.hadoop.hdfs.protocolPB.ClientNamenodeProtocolServerSideTranslatorPB.delete(ClientNamenodeProtocolServerSideTranslatorPB.java:692)
	at org.apache.hadoop.hdfs.protocol.proto.ClientNamenodeProtocolProtos$ClientNamenodeProtocol$2.callBlockingMethod(ClientNamenodeProtocolProtos.java)
	at org.apache.hadoop.ipc.ProtobufRpcEngine$Server$ProtoBufRpcInvoker.call(ProtobufRpcEngine.java:523)
	at org.apache.hadoop.ipc.RPC$Server.call(RPC.java:991)
	at org.apache.hadoop.ipc.Server$RpcCall.run(Server.java:872)
	at org.apache.hadoop.ipc.Server$RpcCall.run(Server.java:818)
	at java.security.AccessController.doPrivileged(Native Method)
	at javax.security.auth.Subject.doAs(Subject.java:422)
	at org.apache.hadoop.security.UserGroupInformation.doAs(UserGroupInformation.java:1729)
	at org.apache.hadoop.ipc.Server$Handler.run(Server.java:2678)
Caused by: org.apache.hadoop.hdfs.server.namenode.SafeModeException: Cannot delete /myfile16. Name node is in safe mode.
The reported blocks 147 has reached the threshold 0.9990 of total blocks 147. The number of live datanodes 3 has reached the minimum number 0. In safe mode extension. Safe mode will be turned off automatically in 11 seconds. NamenodeHostName:node-0-link-0
	at org.apache.hadoop.hdfs.server.namenode.FSNamesystem.newSafemodeException(FSNamesystem.java:1450)
	at org.apache.hadoop.hdfs.server.namenode.FSNamesystem.checkNameNodeSafeMode(FSNamesystem.java:1437)
	... 12 more
, while invoking ClientNamenodeProtocolTranslatorPB.delete over node-0-link-0/10.10.1.1:8020. Retrying after sleeping for 7242ms.
2019-02-18 23:07:35,809 INFO retry.RetryInvocationHandler: org.apache.hadoop.ipc.RemoteException(org.apache.hadoop.ipc.RetriableException): org.apache.hadoop.hdfs.server.namenode.SafeModeException: Cannot delete /myfile16. Name node is in safe mode.
The reported blocks 147 has reached the threshold 0.9990 of total blocks 147. The number of live datanodes 3 has reached the minimum number 0. In safe mode extension. Safe mode will be turned off automatically in 4 seconds. NamenodeHostName:node-0-link-0
	at org.apache.hadoop.hdfs.server.namenode.FSNamesystem.checkNameNodeSafeMode(FSNamesystem.java:1441)
	at org.apache.hadoop.hdfs.server.namenode.FSNamesystem.delete(FSNamesystem.java:2986)
	at org.apache.hadoop.hdfs.server.namenode.NameNodeRpcServer.delete(NameNodeRpcServer.java:1095)
	at org.apache.hadoop.hdfs.protocolPB.ClientNamenodeProtocolServerSideTranslatorPB.delete(ClientNamenodeProtocolServerSideTranslatorPB.java:692)
	at org.apache.hadoop.hdfs.protocol.proto.ClientNamenodeProtocolProtos$ClientNamenodeProtocol$2.callBlockingMethod(ClientNamenodeProtocolProtos.java)
	at org.apache.hadoop.ipc.ProtobufRpcEngine$Server$ProtoBufRpcInvoker.call(ProtobufRpcEngine.java:523)
	at org.apache.hadoop.ipc.RPC$Server.call(RPC.java:991)
	at org.apache.hadoop.ipc.Server$RpcCall.run(Server.java:872)
	at org.apache.hadoop.ipc.Server$RpcCall.run(Server.java:818)
	at java.security.AccessController.doPrivileged(Native Method)
	at javax.security.auth.Subject.doAs(Subject.java:422)
	at org.apache.hadoop.security.UserGroupInformation.doAs(UserGroupInformation.java:1729)
	at org.apache.hadoop.ipc.Server$Handler.run(Server.java:2678)
Caused by: org.apache.hadoop.hdfs.server.namenode.SafeModeException: Cannot delete /myfile16. Name node is in safe mode.
The reported blocks 147 has reached the threshold 0.9990 of total blocks 147. The number of live datanodes 3 has reached the minimum number 0. In safe mode extension. Safe mode will be turned off automatically in 4 seconds. NamenodeHostName:node-0-link-0
	at org.apache.hadoop.hdfs.server.namenode.FSNamesystem.newSafemodeException(FSNamesystem.java:1450)
	at org.apache.hadoop.hdfs.server.namenode.FSNamesystem.checkNameNodeSafeMode(FSNamesystem.java:1437)
	... 12 more
, while invoking ClientNamenodeProtocolTranslatorPB.delete over node-0-link-0/10.10.1.1:8020. Retrying after sleeping for 17210ms.
Deleted /myfile16
file 16 has been removed from HDFS
Found 19 items
-rw-r--r--   3 root supergroup 1073741824 2019-02-18 23:08 /myfile1
-rw-r--r--   3 root supergroup 1073741824 2019-02-18 23:05 /myfile10
-rw-r--r--   3 root supergroup 1073741824 2019-02-18 23:06 /myfile12
-rw-r--r--   3 root supergroup 1073741824 2019-02-18 23:06 /myfile13
-rw-r--r--   3 root supergroup 1073741824 2019-02-18 23:04 /myfile14
-rw-r--r--   3 root supergroup 1073741824 2019-02-18 23:08 /myfile15
-rw-r--r--   3 root supergroup 1073741824 2019-02-18 23:08 /myfile16
-rw-r--r--   3 root supergroup 1073741824 2019-02-18 23:05 /myfile17
-rw-r--r--   3 root supergroup 1073741824 2019-02-18 23:05 /myfile18
-rw-r--r--   3 root supergroup 1073741824 2019-02-18 23:04 /myfile19
-rw-r--r--   3 root supergroup 1073741824 2019-02-18 23:05 /myfile2
-rw-r--r--   3 root supergroup  671088640 2019-02-18 23:08 /myfile20._COPYING_
-rw-r--r--   3 root supergroup 1073741824 2019-02-18 23:07 /myfile3
-rw-r--r--   3 root supergroup 1073741824 2019-02-18 23:07 /myfile4
-rw-r--r--   3 root supergroup 1073741824 2019-02-18 23:05 /myfile5
-rw-r--r--   3 root supergroup 1073741824 2019-02-18 23:07 /myfile6
-rw-r--r--   3 root supergroup 1073741824 2019-02-18 23:06 /myfile7
-rw-r--r--   3 root supergroup 1073741824 2019-02-18 23:06 /myfile8
-rw-r--r--   3 root supergroup 1073741824 2019-02-18 23:05 /myfile9
file 16 has been put into HDFS
file 16 has been read from HDFS for 1 time
diff succeed!
file 16 has been read from HDFS for 2 time
diff succeed!
file 16 has been read from HDFS for 3 time
diff succeed!
file 16 has been read from HDFS for 4 time
diff succeed!
file 16 has been read from HDFS for 5 time
diff succeed!
file 16 has been read from HDFS for 6 time
diff succeed!
file 16 has been read from HDFS for 7 time
diff succeed!
file 16 has been read from HDFS for 8 time
diff succeed!
file 16 has been read from HDFS for 9 time
diff succeed!
file 16 has been read from HDFS for 10 time
diff succeed!
Deleted /myfile16
file 16 has been removed from HDFS
Found 18 items
-rw-r--r--   3 root supergroup  134217728 2019-02-18 23:11 /myfile1._COPYING_
-rw-r--r--   3 root supergroup 1073741824 2019-02-18 23:09 /myfile10
-rw-r--r--   3 root supergroup 1073741824 2019-02-18 23:08 /myfile11
-rw-r--r--   3 root supergroup 1073741824 2019-02-18 23:10 /myfile12
-rw-r--r--   3 root supergroup 1073741824 2019-02-18 23:10 /myfile13
-rw-r--r--   3 root supergroup 1073741824 2019-02-18 23:09 /myfile14
-rw-r--r--   3 root supergroup 1073741824 2019-02-18 23:11 /myfile16
-rw-r--r--   3 root supergroup 1073741824 2019-02-18 23:09 /myfile17
-rw-r--r--   3 root supergroup 1073741824 2019-02-18 23:10 /myfile18
-rw-r--r--   3 root supergroup 1073741824 2019-02-18 23:08 /myfile19
-rw-r--r--   3 root supergroup 1073741824 2019-02-18 23:09 /myfile2
-rw-r--r--   3 root supergroup 1073741824 2019-02-18 23:11 /myfile3
-rw-r--r--   3 root supergroup 1073741824 2019-02-18 23:07 /myfile4
-rw-r--r--   3 root supergroup 1073741824 2019-02-18 23:09 /myfile5
-rw-r--r--   3 root supergroup 1073741824 2019-02-18 23:07 /myfile6
-rw-r--r--   3 root supergroup 1073741824 2019-02-18 23:11 /myfile7
-rw-r--r--   3 root supergroup 1073741824 2019-02-18 23:10 /myfile8
-rw-r--r--   3 root supergroup 1073741824 2019-02-18 23:09 /myfile9
file 16 has been put into HDFS
file 16 has been read from HDFS for 1 time
diff succeed!
file 16 has been read from HDFS for 2 time
diff succeed!
file 16 has been read from HDFS for 3 time
diff succeed!
file 16 has been read from HDFS for 4 time
diff succeed!
file 16 has been read from HDFS for 5 time
diff succeed!
file 16 has been read from HDFS for 6 time
diff succeed!
file 16 has been read from HDFS for 7 time
diff succeed!
file 16 has been read from HDFS for 8 time
diff succeed!
file 16 has been read from HDFS for 9 time
diff succeed!
file 16 has been read from HDFS for 10 time
diff succeed!
Deleted /myfile16
file 16 has been removed from HDFS
Found 14 items
-rw-r--r--   3 root supergroup 1073741824 2019-02-18 23:12 /myfile1
-rw-r--r--   3 root supergroup 1073741824 2019-02-18 23:15 /myfile11
-rw-r--r--   3 root supergroup 1073741824 2019-02-18 23:14 /myfile13
-rw-r--r--   3 root supergroup 1073741824 2019-02-18 23:16 /myfile14
-rw-r--r--   3 root supergroup 1073741824 2019-02-18 23:15 /myfile15
-rw-r--r--   3 root supergroup 1073741824 2019-02-18 23:17 /myfile16
-rw-r--r--   3 root supergroup 1073741824 2019-02-18 23:12 /myfile17
-rw-r--r--   3 root supergroup 1073741824 2019-02-18 23:12 /myfile19
-rw-r--r--   3 root supergroup 1073741824 2019-02-18 23:12 /myfile20
-rw-r--r--   3 root supergroup 1073741824 2019-02-18 23:12 /myfile4
-rw-r--r--   3 root supergroup 1073741824 2019-02-18 23:12 /myfile6
-rw-r--r--   3 root supergroup 1073741824 2019-02-18 23:14 /myfile7
-rw-r--r--   3 root supergroup 1073741824 2019-02-18 23:14 /myfile8
-rw-r--r--   3 root supergroup  402653184 2019-02-18 23:17 /myfile9._COPYING_
file 16 has been put into HDFS
file 16 has been read from HDFS for 1 time
diff succeed!
file 16 has been read from HDFS for 2 time
diff succeed!
file 16 has been read from HDFS for 3 time
diff succeed!
file 16 has been read from HDFS for 4 time
diff succeed!
file 16 has been read from HDFS for 5 time
diff succeed!
file 16 has been read from HDFS for 6 time
diff succeed!
file 16 has been read from HDFS for 7 time
diff succeed!
file 16 has been read from HDFS for 8 time
diff succeed!
file 16 has been read from HDFS for 9 time
diff succeed!
file 16 has been read from HDFS for 10 time
diff succeed!
Deleted /myfile16
file 16 has been removed from HDFS
Found 17 items
-rw-r--r--   3 root supergroup 1073741824 2019-02-18 23:19 /myfile11
-rw-r--r--   3 root supergroup 1073741824 2019-02-18 23:17 /myfile12
-rw-r--r--   3 root supergroup 1073741824 2019-02-18 23:18 /myfile13
-rw-r--r--   3 root supergroup 1073741824 2019-02-18 23:20 /myfile14
-rw-r--r--   3 root supergroup 1073741824 2019-02-18 23:19 /myfile15
-rw-r--r--   3 root supergroup 1073741824 2019-02-18 23:21 /myfile16
-rw-r--r--   3 root supergroup 1073741824 2019-02-18 23:19 /myfile17
-rw-r--r--   3 root supergroup 1073741824 2019-02-18 23:21 /myfile18
-rw-r--r--   3 root supergroup 1073741824 2019-02-18 23:18 /myfile19
-rw-r--r--   3 root supergroup 1073741824 2019-02-18 23:17 /myfile2
-rw-r--r--   3 root supergroup 1073741824 2019-02-18 23:19 /myfile20
-rw-r--r--   3 root supergroup  671088640 2019-02-18 23:21 /myfile3._COPYING_
-rw-r--r--   3 root supergroup 1073741824 2019-02-18 23:17 /myfile4
-rw-r--r--   3 root supergroup 1073741824 2019-02-18 23:19 /myfile6
-rw-r--r--   3 root supergroup 1073741824 2019-02-18 23:19 /myfile7
-rw-r--r--   3 root supergroup 1073741824 2019-02-18 23:18 /myfile8
-rw-r--r--   3 root supergroup 1073741824 2019-02-18 23:21 /myfile9
file 16 has been put into HDFS
file 16 has been read from HDFS for 1 time
diff succeed!
file 16 has been read from HDFS for 2 time
diff succeed!
file 16 has been read from HDFS for 3 time
diff succeed!
file 16 has been read from HDFS for 4 time
diff succeed!
file 16 has been read from HDFS for 5 time
diff succeed!
file 16 has been read from HDFS for 6 time
diff succeed!
file 16 has been read from HDFS for 7 time
diff succeed!
file 16 has been read from HDFS for 8 time
diff succeed!
file 16 has been read from HDFS for 9 time
diff succeed!
file 16 has been read from HDFS for 10 time
diff succeed!
Deleted /myfile16
file 16 has been removed from HDFS
Found 18 items
-rw-r--r--   3 root supergroup          0 2019-02-18 23:25 /myfile1._COPYING_
-rw-r--r--   3 root supergroup 1073741824 2019-02-18 23:21 /myfile10
-rw-r--r--   3 root supergroup 1073741824 2019-02-18 23:23 /myfile11
-rw-r--r--   3 root supergroup 1073741824 2019-02-18 23:21 /myfile12
-rw-r--r--   3 root supergroup 1073741824 2019-02-18 23:21 /myfile13
-rw-r--r--   3 root supergroup 1073741824 2019-02-18 23:24 /myfile14
-rw-r--r--   3 root supergroup 1073741824 2019-02-18 23:23 /myfile15
-rw-r--r--   3 root supergroup 1073741824 2019-02-18 23:25 /myfile16
-rw-r--r--   3 root supergroup 1073741824 2019-02-18 23:23 /myfile17
-rw-r--r--   3 root supergroup 1073741824 2019-02-18 23:22 /myfile19
-rw-r--r--   3 root supergroup 1073741824 2019-02-18 23:23 /myfile20
-rw-r--r--   3 root supergroup 1073741824 2019-02-18 23:21 /myfile3
-rw-r--r--   3 root supergroup 1073741824 2019-02-18 23:22 /myfile4
-rw-r--r--   3 root supergroup 1073741824 2019-02-18 23:21 /myfile5
-rw-r--r--   3 root supergroup 1073741824 2019-02-18 23:23 /myfile6
-rw-r--r--   3 root supergroup 1073741824 2019-02-18 23:23 /myfile7
-rw-r--r--   3 root supergroup 1073741824 2019-02-18 23:23 /myfile8
-rw-r--r--   3 root supergroup 1073741824 2019-02-18 23:21 /myfile9
file 16 has been put into HDFS
file 16 has been read from HDFS for 1 time
diff succeed!
file 16 has been read from HDFS for 2 time
diff succeed!
file 16 has been read from HDFS for 3 time
diff succeed!
file 16 has been read from HDFS for 4 time
diff succeed!
file 16 has been read from HDFS for 5 time
diff succeed!
file 16 has been read from HDFS for 6 time
diff succeed!
file 16 has been read from HDFS for 7 time
diff succeed!
sub_benchmark 8 signal TERM catched and let quit gracefully
file 16 has been read from HDFS for 8 time
diff succeed!
Deleted /myfile16
file 16 has been removed from HDFS
