Found 20 items
-rw-r--r--   3 root supergroup 1073741824 2019-02-20 11:00 /myfile1
-rw-r--r--   3 root supergroup 1073741824 2019-02-20 11:00 /myfile10
-rw-r--r--   3 root supergroup 1073741824 2019-02-20 11:00 /myfile11
-rw-r--r--   3 root supergroup 1073741824 2019-02-20 11:00 /myfile12
-rw-r--r--   3 root supergroup 1073741824 2019-02-20 11:00 /myfile13
-rw-r--r--   3 root supergroup 1073741824 2019-02-20 11:00 /myfile14
-rw-r--r--   3 root supergroup 1073741824 2019-02-20 11:00 /myfile15
-rw-r--r--   3 root supergroup 1073741824 2019-02-20 11:00 /myfile16
-rw-r--r--   3 root supergroup 1073741824 2019-02-20 11:00 /myfile17
-rw-r--r--   3 root supergroup 1073741824 2019-02-20 11:00 /myfile18
-rw-r--r--   3 root supergroup 1073741824 2019-02-20 11:00 /myfile19
-rw-r--r--   3 root supergroup 1073741824 2019-02-20 11:00 /myfile2
-rw-r--r--   3 root supergroup 1073741824 2019-02-20 11:00 /myfile20
-rw-r--r--   3 root supergroup 1073741824 2019-02-20 11:00 /myfile3
-rw-r--r--   3 root supergroup 1073741824 2019-02-20 11:00 /myfile4
-rw-r--r--   3 root supergroup 1073741824 2019-02-20 11:00 /myfile5
-rw-r--r--   3 root supergroup  939524096 2019-02-20 10:59 /myfile6._COPYING_
-rw-r--r--   3 root supergroup 1073741824 2019-02-20 11:00 /myfile7
-rw-r--r--   3 root supergroup 1073741824 2019-02-20 11:00 /myfile8
-rw-r--r--   3 root supergroup 1073741824 2019-02-20 11:00 /myfile9
file 2 has been put into HDFS
file 2 has been read from HDFS for 1 time
diff succeed!
file 2 has been read from HDFS for 2 time
diff succeed!
file 2 has been read from HDFS for 3 time
diff succeed!
2019-02-20 11:01:35,377 INFO retry.RetryInvocationHandler: org.apache.hadoop.ipc.RemoteException(org.apache.hadoop.ipc.StandbyException): Operation category READ is not supported in state standby. Visit https://s.apache.org/sbnn-error
	at org.apache.hadoop.hdfs.server.namenode.ha.StandbyState.checkOperation(StandbyState.java:88)
	at org.apache.hadoop.hdfs.server.namenode.NameNode$NameNodeHAContext.checkOperation(NameNode.java:1952)
	at org.apache.hadoop.hdfs.server.namenode.FSNamesystem.checkOperation(FSNamesystem.java:1423)
	at org.apache.hadoop.hdfs.server.namenode.FSNamesystem.getFileInfo(FSNamesystem.java:3085)
	at org.apache.hadoop.hdfs.server.namenode.NameNodeRpcServer.getFileInfo(NameNodeRpcServer.java:1154)
	at org.apache.hadoop.hdfs.protocolPB.ClientNamenodeProtocolServerSideTranslatorPB.getFileInfo(ClientNamenodeProtocolServerSideTranslatorPB.java:966)
	at org.apache.hadoop.hdfs.protocol.proto.ClientNamenodeProtocolProtos$ClientNamenodeProtocol$2.callBlockingMethod(ClientNamenodeProtocolProtos.java)
	at org.apache.hadoop.ipc.ProtobufRpcEngine$Server$ProtoBufRpcInvoker.call(ProtobufRpcEngine.java:523)
	at org.apache.hadoop.ipc.RPC$Server.call(RPC.java:991)
	at org.apache.hadoop.ipc.Server$RpcCall.run(Server.java:872)
	at org.apache.hadoop.ipc.Server$RpcCall.run(Server.java:818)
	at java.security.AccessController.doPrivileged(Native Method)
	at javax.security.auth.Subject.doAs(Subject.java:422)
	at org.apache.hadoop.security.UserGroupInformation.doAs(UserGroupInformation.java:1729)
	at org.apache.hadoop.ipc.Server$Handler.run(Server.java:2678)
, while invoking ClientNamenodeProtocolTranslatorPB.getFileInfo over node-1-link-0/10.10.1.4:8020 after 1 failover attempts. Trying to failover after sleeping for 1478ms.
2019-02-20 11:01:36,858 INFO retry.RetryInvocationHandler: java.net.ConnectException: Call From clnode059.clemson.cloudlab.us/130.127.133.68 to node-0-link-0:8020 failed on connection exception: java.net.ConnectException: Connection refused; For more details see:  http://wiki.apache.org/hadoop/ConnectionRefused, while invoking ClientNamenodeProtocolTranslatorPB.getFileInfo over node-0-link-0/10.10.1.1:8020 after 2 failover attempts. Trying to failover after sleeping for 1953ms.
file 2 has been read from HDFS for 4 time
diff succeed!
file 2 has been read from HDFS for 5 time
diff succeed!
file 2 has been read from HDFS for 6 time
diff succeed!
file 2 has been read from HDFS for 7 time
diff succeed!
file 2 has been read from HDFS for 8 time
diff succeed!
file 2 has been read from HDFS for 9 time
diff succeed!
file 2 has been read from HDFS for 10 time
diff succeed!
Deleted /myfile2
file 2 has been removed from HDFS
Found 20 items
-rw-r--r--   3 root supergroup 1073741824 2019-02-20 11:03 /myfile1
-rw-r--r--   3 root supergroup 1073741824 2019-02-20 11:03 /myfile10
-rw-r--r--   3 root supergroup 1073741824 2019-02-20 11:00 /myfile11
-rw-r--r--   3 root supergroup 1073741824 2019-02-20 11:03 /myfile12
-rw-r--r--   3 root supergroup 1073741824 2019-02-20 11:00 /myfile13
-rw-r--r--   3 root supergroup 1073741824 2019-02-20 11:03 /myfile14
-rw-r--r--   3 root supergroup 1073741824 2019-02-20 11:00 /myfile15
-rw-r--r--   3 root supergroup 1073741824 2019-02-20 11:00 /myfile16
-rw-r--r--   3 root supergroup          0 2019-02-20 11:04 /myfile17._COPYING_
-rw-r--r--   3 root supergroup 1073741824 2019-02-20 11:00 /myfile18
-rw-r--r--   3 root supergroup 1073741824 2019-02-20 11:00 /myfile19
-rw-r--r--   3 root supergroup 1073741824 2019-02-20 11:03 /myfile2
-rw-r--r--   3 root supergroup 1073741824 2019-02-20 11:00 /myfile20
-rw-r--r--   3 root supergroup 1073741824 2019-02-20 11:04 /myfile3
-rw-r--r--   3 root supergroup  134217728 2019-02-20 11:04 /myfile4._COPYING_
-rw-r--r--   3 root supergroup 1073741824 2019-02-20 11:00 /myfile5
-rw-r--r--   3 root supergroup 1073741824 2019-02-20 11:04 /myfile6
-rw-r--r--   3 root supergroup 1073741824 2019-02-20 11:03 /myfile7
-rw-r--r--   3 root supergroup 1073741824 2019-02-20 11:03 /myfile8
-rw-r--r--   3 root supergroup 1073741824 2019-02-20 11:03 /myfile9
file 2 has been put into HDFS
file 2 has been read from HDFS for 1 time
diff succeed!
file 2 has been read from HDFS for 2 time
diff succeed!
file 2 has been read from HDFS for 3 time
diff succeed!
file 2 has been read from HDFS for 4 time
diff succeed!
file 2 has been read from HDFS for 5 time
diff succeed!
file 2 has been read from HDFS for 6 time
diff succeed!
file 2 has been read from HDFS for 7 time
diff succeed!
file 2 has been read from HDFS for 8 time
diff succeed!
file 2 has been read from HDFS for 9 time
diff succeed!
file 2 has been read from HDFS for 10 time
diff succeed!
Deleted /myfile2
file 2 has been removed from HDFS
Found 16 items
-rw-r--r--   3 root supergroup 1073741824 2019-02-20 11:03 /myfile10
-rw-r--r--   3 root supergroup 1073741824 2019-02-20 11:06 /myfile11
-rw-r--r--   3 root supergroup 1073741824 2019-02-20 11:03 /myfile12
-rw-r--r--   3 root supergroup 1073741824 2019-02-20 11:06 /myfile13
-rw-r--r--   3 root supergroup 1073741824 2019-02-20 11:07 /myfile14
-rw-r--r--   3 root supergroup 1073741824 2019-02-20 11:00 /myfile15
-rw-r--r--   3 root supergroup 1073741824 2019-02-20 11:06 /myfile16
-rw-r--r--   3 root supergroup 1073741824 2019-02-20 11:06 /myfile18
-rw-r--r--   3 root supergroup 1073741824 2019-02-20 11:06 /myfile19
-rw-r--r--   3 root supergroup 1073741824 2019-02-20 11:07 /myfile2
-rw-r--r--   3 root supergroup 1073741824 2019-02-20 11:07 /myfile20
-rw-r--r--   3 root supergroup          0 2019-02-20 11:07 /myfile3._COPYING_
-rw-r--r--   3 root supergroup  939524096 2019-02-20 11:07 /myfile4._COPYING_
-rw-r--r--   3 root supergroup 1073741824 2019-02-20 11:06 /myfile5
-rw-r--r--   3 root supergroup 1073741824 2019-02-20 11:03 /myfile8
-rw-r--r--   3 root supergroup 1073741824 2019-02-20 11:03 /myfile9
file 2 has been put into HDFS
file 2 has been read from HDFS for 1 time
diff succeed!
file 2 has been read from HDFS for 2 time
diff succeed!
file 2 has been read from HDFS for 3 time
diff succeed!
file 2 has been read from HDFS for 4 time
diff succeed!
file 2 has been read from HDFS for 5 time
diff succeed!
file 2 has been read from HDFS for 6 time
diff succeed!
file 2 has been read from HDFS for 7 time
diff succeed!
file 2 has been read from HDFS for 8 time
diff succeed!
file 2 has been read from HDFS for 9 time
diff succeed!
file 2 has been read from HDFS for 10 time
diff succeed!
2019-02-20 11:12:44,222 INFO retry.RetryInvocationHandler: org.apache.hadoop.ipc.RemoteException(org.apache.hadoop.ipc.RetriableException): org.apache.hadoop.hdfs.server.namenode.SafeModeException: Cannot delete /myfile2. Name node is in safe mode.
The reported blocks 160 has reached the threshold 0.9990 of total blocks 160. The number of live datanodes 3 has reached the minimum number 0. In safe mode extension. Safe mode will be turned off automatically in 8 seconds. NamenodeHostName:node-1-link-0
	at org.apache.hadoop.hdfs.server.namenode.FSNamesystem.checkNameNodeSafeMode(FSNamesystem.java:1441)
	at org.apache.hadoop.hdfs.server.namenode.FSNamesystem.delete(FSNamesystem.java:2986)
	at org.apache.hadoop.hdfs.server.namenode.NameNodeRpcServer.delete(NameNodeRpcServer.java:1095)
	at org.apache.hadoop.hdfs.protocolPB.ClientNamenodeProtocolServerSideTranslatorPB.delete(ClientNamenodeProtocolServerSideTranslatorPB.java:692)
	at org.apache.hadoop.hdfs.protocol.proto.ClientNamenodeProtocolProtos$ClientNamenodeProtocol$2.callBlockingMethod(ClientNamenodeProtocolProtos.java)
	at org.apache.hadoop.ipc.ProtobufRpcEngine$Server$ProtoBufRpcInvoker.call(ProtobufRpcEngine.java:523)
	at org.apache.hadoop.ipc.RPC$Server.call(RPC.java:991)
	at org.apache.hadoop.ipc.Server$RpcCall.run(Server.java:872)
	at org.apache.hadoop.ipc.Server$RpcCall.run(Server.java:818)
	at java.security.AccessController.doPrivileged(Native Method)
	at javax.security.auth.Subject.doAs(Subject.java:422)
	at org.apache.hadoop.security.UserGroupInformation.doAs(UserGroupInformation.java:1729)
	at org.apache.hadoop.ipc.Server$Handler.run(Server.java:2678)
Caused by: org.apache.hadoop.hdfs.server.namenode.SafeModeException: Cannot delete /myfile2. Name node is in safe mode.
The reported blocks 160 has reached the threshold 0.9990 of total blocks 160. The number of live datanodes 3 has reached the minimum number 0. In safe mode extension. Safe mode will be turned off automatically in 8 seconds. NamenodeHostName:node-1-link-0
	at org.apache.hadoop.hdfs.server.namenode.FSNamesystem.newSafemodeException(FSNamesystem.java:1450)
	at org.apache.hadoop.hdfs.server.namenode.FSNamesystem.checkNameNodeSafeMode(FSNamesystem.java:1437)
	... 12 more
, while invoking ClientNamenodeProtocolTranslatorPB.delete over node-1-link-0/10.10.1.4:8020. Retrying immediately.
2019-02-20 11:12:44,228 INFO retry.RetryInvocationHandler: org.apache.hadoop.ipc.RemoteException(org.apache.hadoop.ipc.RetriableException): org.apache.hadoop.hdfs.server.namenode.SafeModeException: Cannot delete /myfile2. Name node is in safe mode.
The reported blocks 160 has reached the threshold 0.9990 of total blocks 160. The number of live datanodes 3 has reached the minimum number 0. In safe mode extension. Safe mode will be turned off automatically in 8 seconds. NamenodeHostName:node-1-link-0
	at org.apache.hadoop.hdfs.server.namenode.FSNamesystem.checkNameNodeSafeMode(FSNamesystem.java:1441)
	at org.apache.hadoop.hdfs.server.namenode.FSNamesystem.delete(FSNamesystem.java:2986)
	at org.apache.hadoop.hdfs.server.namenode.NameNodeRpcServer.delete(NameNodeRpcServer.java:1095)
	at org.apache.hadoop.hdfs.protocolPB.ClientNamenodeProtocolServerSideTranslatorPB.delete(ClientNamenodeProtocolServerSideTranslatorPB.java:692)
	at org.apache.hadoop.hdfs.protocol.proto.ClientNamenodeProtocolProtos$ClientNamenodeProtocol$2.callBlockingMethod(ClientNamenodeProtocolProtos.java)
	at org.apache.hadoop.ipc.ProtobufRpcEngine$Server$ProtoBufRpcInvoker.call(ProtobufRpcEngine.java:523)
	at org.apache.hadoop.ipc.RPC$Server.call(RPC.java:991)
	at org.apache.hadoop.ipc.Server$RpcCall.run(Server.java:872)
	at org.apache.hadoop.ipc.Server$RpcCall.run(Server.java:818)
	at java.security.AccessController.doPrivileged(Native Method)
	at javax.security.auth.Subject.doAs(Subject.java:422)
	at org.apache.hadoop.security.UserGroupInformation.doAs(UserGroupInformation.java:1729)
	at org.apache.hadoop.ipc.Server$Handler.run(Server.java:2678)
Caused by: org.apache.hadoop.hdfs.server.namenode.SafeModeException: Cannot delete /myfile2. Name node is in safe mode.
The reported blocks 160 has reached the threshold 0.9990 of total blocks 160. The number of live datanodes 3 has reached the minimum number 0. In safe mode extension. Safe mode will be turned off automatically in 8 seconds. NamenodeHostName:node-1-link-0
	at org.apache.hadoop.hdfs.server.namenode.FSNamesystem.newSafemodeException(FSNamesystem.java:1450)
	at org.apache.hadoop.hdfs.server.namenode.FSNamesystem.checkNameNodeSafeMode(FSNamesystem.java:1437)
	... 12 more
, while invoking ClientNamenodeProtocolTranslatorPB.delete over node-1-link-0/10.10.1.4:8020. Retrying after sleeping for 1128ms.
2019-02-20 11:12:45,362 INFO retry.RetryInvocationHandler: org.apache.hadoop.ipc.RemoteException(org.apache.hadoop.ipc.RetriableException): org.apache.hadoop.hdfs.server.namenode.SafeModeException: Cannot delete /myfile2. Name node is in safe mode.
The reported blocks 160 has reached the threshold 0.9990 of total blocks 160. The number of live datanodes 3 has reached the minimum number 0. In safe mode extension. Safe mode will be turned off automatically in 7 seconds. NamenodeHostName:node-1-link-0
	at org.apache.hadoop.hdfs.server.namenode.FSNamesystem.checkNameNodeSafeMode(FSNamesystem.java:1441)
	at org.apache.hadoop.hdfs.server.namenode.FSNamesystem.delete(FSNamesystem.java:2986)
	at org.apache.hadoop.hdfs.server.namenode.NameNodeRpcServer.delete(NameNodeRpcServer.java:1095)
	at org.apache.hadoop.hdfs.protocolPB.ClientNamenodeProtocolServerSideTranslatorPB.delete(ClientNamenodeProtocolServerSideTranslatorPB.java:692)
	at org.apache.hadoop.hdfs.protocol.proto.ClientNamenodeProtocolProtos$ClientNamenodeProtocol$2.callBlockingMethod(ClientNamenodeProtocolProtos.java)
	at org.apache.hadoop.ipc.ProtobufRpcEngine$Server$ProtoBufRpcInvoker.call(ProtobufRpcEngine.java:523)
	at org.apache.hadoop.ipc.RPC$Server.call(RPC.java:991)
	at org.apache.hadoop.ipc.Server$RpcCall.run(Server.java:872)
	at org.apache.hadoop.ipc.Server$RpcCall.run(Server.java:818)
	at java.security.AccessController.doPrivileged(Native Method)
	at javax.security.auth.Subject.doAs(Subject.java:422)
	at org.apache.hadoop.security.UserGroupInformation.doAs(UserGroupInformation.java:1729)
	at org.apache.hadoop.ipc.Server$Handler.run(Server.java:2678)
Caused by: org.apache.hadoop.hdfs.server.namenode.SafeModeException: Cannot delete /myfile2. Name node is in safe mode.
The reported blocks 160 has reached the threshold 0.9990 of total blocks 160. The number of live datanodes 3 has reached the minimum number 0. In safe mode extension. Safe mode will be turned off automatically in 7 seconds. NamenodeHostName:node-1-link-0
	at org.apache.hadoop.hdfs.server.namenode.FSNamesystem.newSafemodeException(FSNamesystem.java:1450)
	at org.apache.hadoop.hdfs.server.namenode.FSNamesystem.checkNameNodeSafeMode(FSNamesystem.java:1437)
	... 12 more
, while invoking ClientNamenodeProtocolTranslatorPB.delete over node-1-link-0/10.10.1.4:8020. Retrying after sleeping for 1249ms.
2019-02-20 11:12:46,618 INFO retry.RetryInvocationHandler: org.apache.hadoop.ipc.RemoteException(org.apache.hadoop.ipc.RetriableException): org.apache.hadoop.hdfs.server.namenode.SafeModeException: Cannot delete /myfile2. Name node is in safe mode.
The reported blocks 160 has reached the threshold 0.9990 of total blocks 160. The number of live datanodes 3 has reached the minimum number 0. In safe mode extension. Safe mode will be turned off automatically in 6 seconds. NamenodeHostName:node-1-link-0
	at org.apache.hadoop.hdfs.server.namenode.FSNamesystem.checkNameNodeSafeMode(FSNamesystem.java:1441)
	at org.apache.hadoop.hdfs.server.namenode.FSNamesystem.delete(FSNamesystem.java:2986)
	at org.apache.hadoop.hdfs.server.namenode.NameNodeRpcServer.delete(NameNodeRpcServer.java:1095)
	at org.apache.hadoop.hdfs.protocolPB.ClientNamenodeProtocolServerSideTranslatorPB.delete(ClientNamenodeProtocolServerSideTranslatorPB.java:692)
	at org.apache.hadoop.hdfs.protocol.proto.ClientNamenodeProtocolProtos$ClientNamenodeProtocol$2.callBlockingMethod(ClientNamenodeProtocolProtos.java)
	at org.apache.hadoop.ipc.ProtobufRpcEngine$Server$ProtoBufRpcInvoker.call(ProtobufRpcEngine.java:523)
	at org.apache.hadoop.ipc.RPC$Server.call(RPC.java:991)
	at org.apache.hadoop.ipc.Server$RpcCall.run(Server.java:872)
	at org.apache.hadoop.ipc.Server$RpcCall.run(Server.java:818)
	at java.security.AccessController.doPrivileged(Native Method)
	at javax.security.auth.Subject.doAs(Subject.java:422)
	at org.apache.hadoop.security.UserGroupInformation.doAs(UserGroupInformation.java:1729)
	at org.apache.hadoop.ipc.Server$Handler.run(Server.java:2678)
Caused by: org.apache.hadoop.hdfs.server.namenode.SafeModeException: Cannot delete /myfile2. Name node is in safe mode.
The reported blocks 160 has reached the threshold 0.9990 of total blocks 160. The number of live datanodes 3 has reached the minimum number 0. In safe mode extension. Safe mode will be turned off automatically in 6 seconds. NamenodeHostName:node-1-link-0
	at org.apache.hadoop.hdfs.server.namenode.FSNamesystem.newSafemodeException(FSNamesystem.java:1450)
	at org.apache.hadoop.hdfs.server.namenode.FSNamesystem.checkNameNodeSafeMode(FSNamesystem.java:1437)
	... 12 more
, while invoking ClientNamenodeProtocolTranslatorPB.delete over node-1-link-0/10.10.1.4:8020. Retrying after sleeping for 4078ms.
2019-02-20 11:12:50,702 INFO retry.RetryInvocationHandler: org.apache.hadoop.ipc.RemoteException(org.apache.hadoop.ipc.RetriableException): org.apache.hadoop.hdfs.server.namenode.SafeModeException: Cannot delete /myfile2. Name node is in safe mode.
The reported blocks 160 has reached the threshold 0.9990 of total blocks 160. The number of live datanodes 3 has reached the minimum number 0. In safe mode extension. Safe mode will be turned off automatically in 1 seconds. NamenodeHostName:node-1-link-0
	at org.apache.hadoop.hdfs.server.namenode.FSNamesystem.checkNameNodeSafeMode(FSNamesystem.java:1441)
	at org.apache.hadoop.hdfs.server.namenode.FSNamesystem.delete(FSNamesystem.java:2986)
	at org.apache.hadoop.hdfs.server.namenode.NameNodeRpcServer.delete(NameNodeRpcServer.java:1095)
	at org.apache.hadoop.hdfs.protocolPB.ClientNamenodeProtocolServerSideTranslatorPB.delete(ClientNamenodeProtocolServerSideTranslatorPB.java:692)
	at org.apache.hadoop.hdfs.protocol.proto.ClientNamenodeProtocolProtos$ClientNamenodeProtocol$2.callBlockingMethod(ClientNamenodeProtocolProtos.java)
	at org.apache.hadoop.ipc.ProtobufRpcEngine$Server$ProtoBufRpcInvoker.call(ProtobufRpcEngine.java:523)
	at org.apache.hadoop.ipc.RPC$Server.call(RPC.java:991)
	at org.apache.hadoop.ipc.Server$RpcCall.run(Server.java:872)
	at org.apache.hadoop.ipc.Server$RpcCall.run(Server.java:818)
	at java.security.AccessController.doPrivileged(Native Method)
	at javax.security.auth.Subject.doAs(Subject.java:422)
	at org.apache.hadoop.security.UserGroupInformation.doAs(UserGroupInformation.java:1729)
	at org.apache.hadoop.ipc.Server$Handler.run(Server.java:2678)
Caused by: org.apache.hadoop.hdfs.server.namenode.SafeModeException: Cannot delete /myfile2. Name node is in safe mode.
The reported blocks 160 has reached the threshold 0.9990 of total blocks 160. The number of live datanodes 3 has reached the minimum number 0. In safe mode extension. Safe mode will be turned off automatically in 1 seconds. NamenodeHostName:node-1-link-0
	at org.apache.hadoop.hdfs.server.namenode.FSNamesystem.newSafemodeException(FSNamesystem.java:1450)
	at org.apache.hadoop.hdfs.server.namenode.FSNamesystem.checkNameNodeSafeMode(FSNamesystem.java:1437)
	... 12 more
, while invoking ClientNamenodeProtocolTranslatorPB.delete over node-1-link-0/10.10.1.4:8020. Retrying after sleeping for 11357ms.
Deleted /myfile2
file 2 has been removed from HDFS
Found 20 items
-rw-r--r--   3 root supergroup 1073741824 2019-02-20 11:12 /myfile1
-rw-r--r--   3 root supergroup 1073741824 2019-02-20 11:13 /myfile10
-rw-r--r--   3 root supergroup 1073741824 2019-02-20 11:10 /myfile11
-rw-r--r--   3 root supergroup 1073741824 2019-02-20 11:13 /myfile12
-rw-r--r--   3 root supergroup 1073741824 2019-02-20 11:10 /myfile13
-rw-r--r--   3 root supergroup 1073741824 2019-02-20 11:13 /myfile14
-rw-r--r--   3 root supergroup 1073741824 2019-02-20 11:12 /myfile15
-rw-r--r--   3 root supergroup 1073741824 2019-02-20 11:10 /myfile16
-rw-r--r--   3 root supergroup 1073741824 2019-02-20 11:12 /myfile17
-rw-r--r--   3 root supergroup 1073741824 2019-02-20 11:10 /myfile18
-rw-r--r--   3 root supergroup 1073741824 2019-02-20 11:10 /myfile19
-rw-r--r--   3 root supergroup 1073741824 2019-02-20 11:13 /myfile2
-rw-r--r--   3 root supergroup 1073741824 2019-02-20 11:13 /myfile20
-rw-r--r--   3 root supergroup 1073741824 2019-02-20 11:12 /myfile3
-rw-r--r--   3 root supergroup 1073741824 2019-02-20 11:12 /myfile4
-rw-r--r--   3 root supergroup 1073741824 2019-02-20 11:10 /myfile5
-rw-r--r--   3 root supergroup 1073741824 2019-02-20 11:13 /myfile6
-rw-r--r--   3 root supergroup 1073741824 2019-02-20 11:08 /myfile7
-rw-r--r--   3 root supergroup 1073741824 2019-02-20 11:13 /myfile8
-rw-r--r--   3 root supergroup 1073741824 2019-02-20 11:09 /myfile9
file 2 has been put into HDFS
file 2 has been read from HDFS for 1 time
diff succeed!
file 2 has been read from HDFS for 2 time
diff succeed!
file 2 has been read from HDFS for 3 time
diff succeed!
file 2 has been read from HDFS for 4 time
diff succeed!
file 2 has been read from HDFS for 5 time
diff succeed!
file 2 has been read from HDFS for 6 time
diff succeed!
file 2 has been read from HDFS for 7 time
diff succeed!
file 2 has been read from HDFS for 8 time
diff succeed!
file 2 has been read from HDFS for 9 time
diff succeed!
file 2 has been read from HDFS for 10 time
diff succeed!
Deleted /myfile2
file 2 has been removed from HDFS
Found 20 items
-rw-r--r--   3 root supergroup 1073741824 2019-02-20 11:12 /myfile1
-rw-r--r--   3 root supergroup  134217728 2019-02-20 11:17 /myfile10._COPYING_
-rw-r--r--   3 root supergroup 1073741824 2019-02-20 11:15 /myfile11
-rw-r--r--   3 root supergroup 1073741824 2019-02-20 11:13 /myfile12
-rw-r--r--   3 root supergroup 1073741824 2019-02-20 11:15 /myfile13
-rw-r--r--   3 root supergroup 1073741824 2019-02-20 11:13 /myfile14
-rw-r--r--   3 root supergroup 1073741824 2019-02-20 11:16 /myfile15
-rw-r--r--   3 root supergroup 1073741824 2019-02-20 11:15 /myfile16
-rw-r--r--   3 root supergroup 1073741824 2019-02-20 11:16 /myfile17
-rw-r--r--   3 root supergroup 1073741824 2019-02-20 11:15 /myfile18
-rw-r--r--   3 root supergroup 1073741824 2019-02-20 11:15 /myfile19
-rw-r--r--   3 root supergroup 1073741824 2019-02-20 11:17 /myfile2
-rw-r--r--   3 root supergroup  134217728 2019-02-20 11:17 /myfile20._COPYING_
-rw-r--r--   3 root supergroup 1073741824 2019-02-20 11:17 /myfile3
-rw-r--r--   3 root supergroup 1073741824 2019-02-20 11:16 /myfile4
-rw-r--r--   3 root supergroup 1073741824 2019-02-20 11:14 /myfile5
-rw-r--r--   3 root supergroup 1073741824 2019-02-20 11:17 /myfile6
-rw-r--r--   3 root supergroup 1073741824 2019-02-20 11:15 /myfile7
-rw-r--r--   3 root supergroup 1073741824 2019-02-20 11:13 /myfile8
-rw-r--r--   3 root supergroup 1073741824 2019-02-20 11:15 /myfile9
file 2 has been put into HDFS
file 2 has been read from HDFS for 1 time
diff succeed!
file 2 has been read from HDFS for 2 time
diff succeed!
file 2 has been read from HDFS for 3 time
diff succeed!
file 2 has been read from HDFS for 4 time
diff succeed!
file 2 has been read from HDFS for 5 time
diff succeed!
file 2 has been read from HDFS for 6 time
diff succeed!
file 2 has been read from HDFS for 7 time
diff succeed!
file 2 has been read from HDFS for 8 time
diff succeed!
file 2 has been read from HDFS for 9 time
diff succeed!
file 2 has been read from HDFS for 10 time
diff succeed!
Deleted /myfile2
file 2 has been removed from HDFS
Found 19 items
-rw-r--r--   3 root supergroup 1073741824 2019-02-20 11:17 /myfile1
-rw-r--r--   3 root supergroup          0 2019-02-20 11:21 /myfile10._COPYING_
-rw-r--r--   3 root supergroup 1073741824 2019-02-20 11:19 /myfile11
-rw-r--r--   3 root supergroup 1073741824 2019-02-20 11:19 /myfile12
-rw-r--r--   3 root supergroup 1073741824 2019-02-20 11:19 /myfile13
-rw-r--r--   3 root supergroup 1073741824 2019-02-20 11:17 /myfile14
-rw-r--r--   3 root supergroup 1073741824 2019-02-20 11:20 /myfile15
-rw-r--r--   3 root supergroup 1073741824 2019-02-20 11:19 /myfile16
-rw-r--r--   3 root supergroup 1073741824 2019-02-20 11:16 /myfile17
-rw-r--r--   3 root supergroup 1073741824 2019-02-20 11:19 /myfile18
-rw-r--r--   3 root supergroup 1073741824 2019-02-20 11:20 /myfile19
-rw-r--r--   3 root supergroup 1073741824 2019-02-20 11:21 /myfile2
-rw-r--r--   3 root supergroup 1073741824 2019-02-20 11:21 /myfile3
-rw-r--r--   3 root supergroup 1073741824 2019-02-20 11:20 /myfile4
-rw-r--r--   3 root supergroup 1073741824 2019-02-20 11:18 /myfile5
-rw-r--r--   3 root supergroup 1073741824 2019-02-20 11:21 /myfile6
-rw-r--r--   3 root supergroup 1073741824 2019-02-20 11:19 /myfile7
-rw-r--r--   3 root supergroup 1073741824 2019-02-20 11:17 /myfile8
-rw-r--r--   3 root supergroup 1073741824 2019-02-20 11:19 /myfile9
file 2 has been put into HDFS
file 2 has been read from HDFS for 1 time
diff succeed!
file 2 has been read from HDFS for 2 time
diff succeed!
file 2 has been read from HDFS for 3 time
diff succeed!
file 2 has been read from HDFS for 4 time
diff succeed!
file 2 has been read from HDFS for 5 time
diff succeed!
file 2 has been read from HDFS for 6 time
diff succeed!
file 2 has been read from HDFS for 7 time
diff succeed!
file 2 has been read from HDFS for 8 time
diff succeed!
file 2 has been read from HDFS for 9 time
diff succeed!
file 2 has been read from HDFS for 10 time
diff succeed!
Deleted /myfile2
file 2 has been removed from HDFS
Found 20 items
-rw-r--r--   3 root supergroup 1073741824 2019-02-20 11:25 /myfile1
-rw-r--r--   3 root supergroup 1073741824 2019-02-20 11:25 /myfile10
-rw-r--r--   3 root supergroup 1073741824 2019-02-20 11:23 /myfile11
-rw-r--r--   3 root supergroup 1073741824 2019-02-20 11:23 /myfile12
-rw-r--r--   3 root supergroup 1073741824 2019-02-20 11:24 /myfile13
-rw-r--r--   3 root supergroup 1073741824 2019-02-20 11:21 /myfile14
-rw-r--r--   3 root supergroup 1073741824 2019-02-20 11:24 /myfile15
-rw-r--r--   3 root supergroup 1073741824 2019-02-20 11:24 /myfile16
-rw-r--r--   3 root supergroup 1073741824 2019-02-20 11:22 /myfile17
-rw-r--r--   3 root supergroup 1073741824 2019-02-20 11:23 /myfile18
-rw-r--r--   3 root supergroup 1073741824 2019-02-20 11:24 /myfile19
-rw-r--r--   3 root supergroup 1073741824 2019-02-20 11:25 /myfile2
-rw-r--r--   3 root supergroup 1073741824 2019-02-20 11:25 /myfile20
-rw-r--r--   3 root supergroup          0 2019-02-20 11:25 /myfile3._COPYING_
-rw-r--r--   3 root supergroup 1073741824 2019-02-20 11:24 /myfile4
-rw-r--r--   3 root supergroup 1073741824 2019-02-20 11:22 /myfile5
-rw-r--r--   3 root supergroup 1073741824 2019-02-20 11:25 /myfile6
-rw-r--r--   3 root supergroup 1073741824 2019-02-20 11:23 /myfile7
-rw-r--r--   3 root supergroup 1073741824 2019-02-20 11:22 /myfile8
-rw-r--r--   3 root supergroup 1073741824 2019-02-20 11:24 /myfile9
file 2 has been put into HDFS
file 2 has been read from HDFS for 1 time
diff succeed!
file 2 has been read from HDFS for 2 time
diff succeed!
file 2 has been read from HDFS for 3 time
diff succeed!
file 2 has been read from HDFS for 4 time
diff succeed!
file 2 has been read from HDFS for 5 time
diff succeed!
file 2 has been read from HDFS for 6 time
diff succeed!
file 2 has been read from HDFS for 7 time
diff succeed!
file 2 has been read from HDFS for 8 time
diff succeed!
file 2 has been read from HDFS for 9 time
diff succeed!
file 2 has been read from HDFS for 10 time
diff succeed!
Deleted /myfile2
file 2 has been removed from HDFS
Found 20 items
-rw-r--r--   3 root supergroup 1073741824 2019-02-20 11:29 /myfile1
-rw-r--r--   3 root supergroup 1073741824 2019-02-20 11:29 /myfile10
-rw-r--r--   3 root supergroup 1073741824 2019-02-20 11:27 /myfile11
-rw-r--r--   3 root supergroup 1073741824 2019-02-20 11:27 /myfile12
-rw-r--r--   3 root supergroup 1073741824 2019-02-20 11:28 /myfile13
-rw-r--r--   3 root supergroup 1073741824 2019-02-20 11:26 /myfile14
-rw-r--r--   3 root supergroup 1073741824 2019-02-20 11:28 /myfile15
-rw-r--r--   3 root supergroup 1073741824 2019-02-20 11:28 /myfile16
-rw-r--r--   3 root supergroup 1073741824 2019-02-20 11:26 /myfile17
-rw-r--r--   3 root supergroup 1073741824 2019-02-20 11:27 /myfile18
-rw-r--r--   3 root supergroup 1073741824 2019-02-20 11:28 /myfile19
-rw-r--r--   3 root supergroup 1073741824 2019-02-20 11:29 /myfile2
-rw-r--r--   3 root supergroup 1073741824 2019-02-20 11:29 /myfile20
-rw-r--r--   3 root supergroup 1073741824 2019-02-20 11:29 /myfile3
-rw-r--r--   3 root supergroup 1073741824 2019-02-20 11:28 /myfile4
-rw-r--r--   3 root supergroup 1073741824 2019-02-20 11:27 /myfile5
-rw-r--r--   3 root supergroup 1073741824 2019-02-20 11:29 /myfile6
-rw-r--r--   3 root supergroup 1073741824 2019-02-20 11:27 /myfile7
-rw-r--r--   3 root supergroup 1073741824 2019-02-20 11:26 /myfile8
-rw-r--r--   3 root supergroup 1073741824 2019-02-20 11:28 /myfile9
file 2 has been put into HDFS
file 2 has been read from HDFS for 1 time
diff succeed!
file 2 has been read from HDFS for 2 time
diff succeed!
file 2 has been read from HDFS for 3 time
diff succeed!
file 2 has been read from HDFS for 4 time
diff succeed!
file 2 has been read from HDFS for 5 time
diff succeed!
file 2 has been read from HDFS for 6 time
diff succeed!
file 2 has been read from HDFS for 7 time
diff succeed!
file 2 has been read from HDFS for 8 time
diff succeed!
file 2 has been read from HDFS for 9 time
diff succeed!
file 2 has been read from HDFS for 10 time
diff succeed!
Deleted /myfile2
file 2 has been removed from HDFS
2019-02-20 11:34:10,775 INFO retry.RetryInvocationHandler: java.io.EOFException: End of File Exception between local host is: "clnode059.clemson.cloudlab.us/130.127.133.68"; destination host is: "node-1-link-0":8020; : java.io.EOFException; For more details see:  http://wiki.apache.org/hadoop/EOFException, while invoking ClientNamenodeProtocolTranslatorPB.addBlock over node-1-link-0/10.10.1.4:8020. Trying to failover immediately.
2019-02-20 11:34:10,786 INFO retry.RetryInvocationHandler: org.apache.hadoop.ipc.RemoteException(org.apache.hadoop.ipc.StandbyException): Operation category READ is not supported in state standby. Visit https://s.apache.org/sbnn-error
	at org.apache.hadoop.hdfs.server.namenode.ha.StandbyState.checkOperation(StandbyState.java:88)
	at org.apache.hadoop.hdfs.server.namenode.NameNode$NameNodeHAContext.checkOperation(NameNode.java:1952)
	at org.apache.hadoop.hdfs.server.namenode.FSNamesystem.checkOperation(FSNamesystem.java:1423)
	at org.apache.hadoop.hdfs.server.namenode.FSNamesystem.getAdditionalBlock(FSNamesystem.java:2674)
	at org.apache.hadoop.hdfs.server.namenode.NameNodeRpcServer.addBlock(NameNodeRpcServer.java:875)
	at org.apache.hadoop.hdfs.protocolPB.ClientNamenodeProtocolServerSideTranslatorPB.addBlock(ClientNamenodeProtocolServerSideTranslatorPB.java:561)
	at org.apache.hadoop.hdfs.protocol.proto.ClientNamenodeProtocolProtos$ClientNamenodeProtocol$2.callBlockingMethod(ClientNamenodeProtocolProtos.java)
	at org.apache.hadoop.ipc.ProtobufRpcEngine$Server$ProtoBufRpcInvoker.call(ProtobufRpcEngine.java:523)
	at org.apache.hadoop.ipc.RPC$Server.call(RPC.java:991)
	at org.apache.hadoop.ipc.Server$RpcCall.run(Server.java:872)
	at org.apache.hadoop.ipc.Server$RpcCall.run(Server.java:818)
	at java.security.AccessController.doPrivileged(Native Method)
	at javax.security.auth.Subject.doAs(Subject.java:422)
	at org.apache.hadoop.security.UserGroupInformation.doAs(UserGroupInformation.java:1729)
	at org.apache.hadoop.ipc.Server$Handler.run(Server.java:2678)
, while invoking ClientNamenodeProtocolTranslatorPB.addBlock over node-0-link-0/10.10.1.1:8020 after 1 failover attempts. Trying to failover after sleeping for 595ms.
2019-02-20 11:34:11,386 INFO retry.RetryInvocationHandler: java.net.ConnectException: Call From clnode059.clemson.cloudlab.us/130.127.133.68 to node-1-link-0:8020 failed on connection exception: java.net.ConnectException: Connection refused; For more details see:  http://wiki.apache.org/hadoop/ConnectionRefused, while invoking ClientNamenodeProtocolTranslatorPB.addBlock over node-1-link-0/10.10.1.4:8020 after 2 failover attempts. Trying to failover after sleeping for 2172ms.
2019-02-20 11:34:12,401 INFO retry.RetryInvocationHandler: java.net.ConnectException: Call From clnode059.clemson.cloudlab.us/130.127.133.68 to node-1-link-0:8020 failed on connection exception: java.net.ConnectException: Connection refused; For more details see:  http://wiki.apache.org/hadoop/ConnectionRefused, while invoking ClientNamenodeProtocolTranslatorPB.renewLease over node-1-link-0/10.10.1.4:8020. Trying to failover immediately.
2019-02-20 11:34:13,559 WARN retry.RetryInvocationHandler: A failover has occurred since the start of call #11 ClientNamenodeProtocolTranslatorPB.addBlock over node-0-link-0/10.10.1.1:8020
Found 20 items
-rw-r--r--   3 root supergroup  536870912 2019-02-20 11:34 /myfile1._COPYING_
-rw-r--r--   3 root supergroup  671088640 2019-02-20 11:33 /myfile10._COPYING_
-rw-r--r--   3 root supergroup 1073741824 2019-02-20 11:32 /myfile11
-rw-r--r--   3 root supergroup 1073741824 2019-02-20 11:32 /myfile12
-rw-r--r--   3 root supergroup 1073741824 2019-02-20 11:32 /myfile13
-rw-r--r--   3 root supergroup 1073741824 2019-02-20 11:31 /myfile14
-rw-r--r--   3 root supergroup 1073741824 2019-02-20 11:32 /myfile15
-rw-r--r--   3 root supergroup 1073741824 2019-02-20 11:32 /myfile16
-rw-r--r--   3 root supergroup 1073741824 2019-02-20 11:31 /myfile17
-rw-r--r--   3 root supergroup 1073741824 2019-02-20 11:32 /myfile18
-rw-r--r--   3 root supergroup  402653184 2019-02-20 11:34 /myfile19._COPYING_
-rw-r--r--   3 root supergroup 1073741824 2019-02-20 11:34 /myfile2
-rw-r--r--   3 root supergroup  805306368 2019-02-20 11:33 /myfile20._COPYING_
-rw-r--r--   3 root supergroup  805306368 2019-02-20 11:33 /myfile3._COPYING_
-rw-r--r--   3 root supergroup 1073741824 2019-02-20 11:33 /myfile4
-rw-r--r--   3 root supergroup 1073741824 2019-02-20 11:32 /myfile5
-rw-r--r--   3 root supergroup 1073741824 2019-02-20 11:34 /myfile6
-rw-r--r--   3 root supergroup 1073741824 2019-02-20 11:31 /myfile7
-rw-r--r--   3 root supergroup 1073741824 2019-02-20 11:31 /myfile8
-rw-r--r--   3 root supergroup 1073741824 2019-02-20 11:33 /myfile9
file 2 has been put into HDFS
file 2 has been read from HDFS for 1 time
diff succeed!
file 2 has been read from HDFS for 2 time
diff succeed!
file 2 has been read from HDFS for 3 time
diff succeed!
file 2 has been read from HDFS for 4 time
diff succeed!
file 2 has been read from HDFS for 5 time
diff succeed!
file 2 has been read from HDFS for 6 time
diff succeed!
file 2 has been read from HDFS for 7 time
diff succeed!
file 2 has been read from HDFS for 8 time
diff succeed!
file 2 has been read from HDFS for 9 time
diff succeed!
file 2 has been read from HDFS for 10 time
diff succeed!
Deleted /myfile2
file 2 has been removed from HDFS
Found 18 items
-rw-r--r--   3 root supergroup 1073741824 2019-02-20 11:38 /myfile1
-rw-r--r--   3 root supergroup 1073741824 2019-02-20 11:38 /myfile10
-rw-r--r--   3 root supergroup 1073741824 2019-02-20 11:40 /myfile11
-rw-r--r--   3 root supergroup 1073741824 2019-02-20 11:40 /myfile12
-rw-r--r--   3 root supergroup 1073741824 2019-02-20 11:38 /myfile13
-rw-r--r--   3 root supergroup 1073741824 2019-02-20 11:39 /myfile14
-rw-r--r--   3 root supergroup 1073741824 2019-02-20 11:39 /myfile15
-rw-r--r--   3 root supergroup  805306368 2019-02-20 11:40 /myfile16._COPYING_
-rw-r--r--   3 root supergroup 1073741824 2019-02-20 11:39 /myfile17
-rw-r--r--   3 root supergroup 1073741824 2019-02-20 11:38 /myfile18
-rw-r--r--   3 root supergroup 1073741824 2019-02-20 11:38 /myfile19
-rw-r--r--   3 root supergroup 1073741824 2019-02-20 11:41 /myfile2
-rw-r--r--   3 root supergroup 1073741824 2019-02-20 11:41 /myfile20._COPYING_
-rw-r--r--   3 root supergroup 1073741824 2019-02-20 11:34 /myfile3
-rw-r--r--   3 root supergroup 1073741824 2019-02-20 11:39 /myfile4
-rw-r--r--   3 root supergroup 1073741824 2019-02-20 11:40 /myfile6
-rw-r--r--   3 root supergroup 1073741824 2019-02-20 11:39 /myfile8
-rw-r--r--   3 root supergroup 1073741824 2019-02-20 11:39 /myfile9
file 2 has been put into HDFS
file 2 has been read from HDFS for 1 time
diff succeed!
file 2 has been read from HDFS for 2 time
diff succeed!
file 2 has been read from HDFS for 3 time
diff succeed!
file 2 has been read from HDFS for 4 time
diff succeed!
file 2 has been read from HDFS for 5 time
diff succeed!
file 2 has been read from HDFS for 6 time
diff succeed!
file 2 has been read from HDFS for 7 time
diff succeed!
file 2 has been read from HDFS for 8 time
diff succeed!
file 2 has been read from HDFS for 9 time
diff succeed!
file 2 has been read from HDFS for 10 time
diff succeed!
Deleted /myfile2
file 2 has been removed from HDFS
sub_benchmark 10 signal TERM catched and let quit gracefully
Found 15 items
-rw-r--r--   3 root supergroup 1073741824 2019-02-20 11:43 /myfile1
-rw-r--r--   3 root supergroup 1073741824 2019-02-20 11:45 /myfile11
-rw-r--r--   3 root supergroup 1073741824 2019-02-20 11:44 /myfile12
-rw-r--r--   3 root supergroup 1073741824 2019-02-20 11:43 /myfile13
-rw-r--r--   3 root supergroup 1073741824 2019-02-20 11:45 /myfile15
-rw-r--r--   3 root supergroup 1073741824 2019-02-20 11:45 /myfile16
-rw-r--r--   3 root supergroup 1073741824 2019-02-20 11:43 /myfile17
-rw-r--r--   3 root supergroup 1073741824 2019-02-20 11:41 /myfile18
-rw-r--r--   3 root supergroup 1073741824 2019-02-20 11:45 /myfile2
-rw-r--r--   3 root supergroup 1073741824 2019-02-20 11:41 /myfile20
-rw-r--r--   3 root supergroup 1073741824 2019-02-20 11:41 /myfile3
-rw-r--r--   3 root supergroup 1073741824 2019-02-20 11:41 /myfile5
-rw-r--r--   3 root supergroup 1073741824 2019-02-20 11:41 /myfile7
-rw-r--r--   3 root supergroup 1073741824 2019-02-20 11:45 /myfile8
-rw-r--r--   3 root supergroup 1073741824 2019-02-20 11:45 /myfile9
file 2 has been put into HDFS
file 2 has been read from HDFS for 1 time
diff succeed!
Deleted /myfile2
file 2 has been removed from HDFS
