Found 20 items
-rw-r--r--   3 root supergroup 1073741824 2019-02-24 10:07 /myfile1
-rw-r--r--   3 root supergroup 1073741824 2019-02-24 10:07 /myfile10
-rw-r--r--   3 root supergroup 1073741824 2019-02-24 10:07 /myfile11
-rw-r--r--   3 root supergroup 1073741824 2019-02-24 10:07 /myfile12
-rw-r--r--   3 root supergroup 1073741824 2019-02-24 10:07 /myfile13
-rw-r--r--   3 root supergroup 1073741824 2019-02-24 10:07 /myfile14
-rw-r--r--   3 root supergroup 1073741824 2019-02-24 10:07 /myfile15
-rw-r--r--   3 root supergroup 1073741824 2019-02-24 10:07 /myfile16
-rw-r--r--   3 root supergroup 1073741824 2019-02-24 10:07 /myfile17
-rw-r--r--   3 root supergroup 1073741824 2019-02-24 10:07 /myfile18
-rw-r--r--   3 root supergroup 1073741824 2019-02-24 10:07 /myfile19
-rw-r--r--   3 root supergroup 1073741824 2019-02-24 10:07 /myfile2
-rw-r--r--   3 root supergroup 1073741824 2019-02-24 10:07 /myfile20
-rw-r--r--   3 root supergroup 1073741824 2019-02-24 10:07 /myfile3
-rw-r--r--   3 root supergroup 1073741824 2019-02-24 10:07 /myfile4
-rw-r--r--   3 root supergroup 1073741824 2019-02-24 10:07 /myfile5
-rw-r--r--   3 root supergroup 1073741824 2019-02-24 10:07 /myfile6
-rw-r--r--   3 root supergroup 1073741824 2019-02-24 10:07 /myfile7
-rw-r--r--   3 root supergroup 1073741824 2019-02-24 10:07 /myfile8
-rw-r--r--   3 root supergroup 1073741824 2019-02-24 10:07 /myfile9
file 15 has been put into HDFS
file 15 has been read from HDFS for 1 time
diff succeed!
file 15 has been read from HDFS for 2 time
diff succeed!
file 15 has been read from HDFS for 3 time
diff succeed!
file 15 has been read from HDFS for 4 time
diff succeed!
file 15 has been read from HDFS for 5 time
diff succeed!
file 15 has been read from HDFS for 6 time
diff succeed!
file 15 has been read from HDFS for 7 time
diff succeed!
file 15 has been read from HDFS for 8 time
diff succeed!
file 15 has been read from HDFS for 9 time
diff succeed!
file 15 has been read from HDFS for 10 time
diff succeed!
Deleted /myfile15
file 15 has been removed from HDFS
Found 19 items
-rw-r--r--   3 root supergroup 1073741824 2019-02-24 10:12 /myfile1
-rw-r--r--   3 root supergroup 1073741824 2019-02-24 10:12 /myfile10
-rw-r--r--   3 root supergroup 1073741824 2019-02-24 10:12 /myfile11
-rw-r--r--   3 root supergroup 1073741824 2019-02-24 10:12 /myfile12
-rw-r--r--   3 root supergroup 1073741824 2019-02-24 10:11 /myfile13
-rw-r--r--   3 root supergroup 1073741824 2019-02-24 10:12 /myfile14
-rw-r--r--   3 root supergroup 1073741824 2019-02-24 10:12 /myfile15
-rw-r--r--   3 root supergroup 1073741824 2019-02-24 10:12 /myfile16
-rw-r--r--   3 root supergroup 1073741824 2019-02-24 10:12 /myfile17
-rw-r--r--   3 root supergroup 1073741824 2019-02-24 10:11 /myfile18
-rw-r--r--   3 root supergroup 1073741824 2019-02-24 10:12 /myfile19
-rw-r--r--   3 root supergroup 1073741824 2019-02-24 10:12 /myfile2
-rw-r--r--   3 root supergroup 1073741824 2019-02-24 10:11 /myfile20
-rw-r--r--   3 root supergroup 1073741824 2019-02-24 10:12 /myfile3
-rw-r--r--   3 root supergroup 1073741824 2019-02-24 10:12 /myfile4
-rw-r--r--   3 root supergroup 1073741824 2019-02-24 10:12 /myfile5
-rw-r--r--   3 root supergroup 1073741824 2019-02-24 10:12 /myfile6
-rw-r--r--   3 root supergroup 1073741824 2019-02-24 10:12 /myfile8
-rw-r--r--   3 root supergroup 1073741824 2019-02-24 10:12 /myfile9
file 15 has been put into HDFS
file 15 has been read from HDFS for 1 time
diff succeed!
file 15 has been read from HDFS for 2 time
diff succeed!
file 15 has been read from HDFS for 3 time
diff succeed!
file 15 has been read from HDFS for 4 time
diff succeed!
file 15 has been read from HDFS for 5 time
diff succeed!
file 15 has been read from HDFS for 6 time
diff succeed!
file 15 has been read from HDFS for 7 time
diff succeed!
file 15 has been read from HDFS for 8 time
diff succeed!
file 15 has been read from HDFS for 9 time
diff succeed!
file 15 has been read from HDFS for 10 time
diff succeed!
Deleted /myfile15
file 15 has been removed from HDFS
Found 20 items
-rw-r--r--   3 root supergroup 1073741824 2019-02-24 10:16 /myfile1
-rw-r--r--   3 root supergroup  671088640 2019-02-24 10:16 /myfile10._COPYING_
-rw-r--r--   3 root supergroup 1073741824 2019-02-24 10:16 /myfile11
-rw-r--r--   3 root supergroup 1073741824 2019-02-24 10:16 /myfile12
-rw-r--r--   3 root supergroup 1073741824 2019-02-24 10:15 /myfile13
-rw-r--r--   3 root supergroup 1073741824 2019-02-24 10:16 /myfile14
-rw-r--r--   3 root supergroup 1073741824 2019-02-24 10:16 /myfile15
-rw-r--r--   3 root supergroup 1073741824 2019-02-24 10:16 /myfile16
-rw-r--r--   3 root supergroup 1073741824 2019-02-24 10:15 /myfile17
-rw-r--r--   3 root supergroup 1073741824 2019-02-24 10:15 /myfile18
-rw-r--r--   3 root supergroup 1073741824 2019-02-24 10:16 /myfile19
-rw-r--r--   3 root supergroup 1073741824 2019-02-24 10:16 /myfile2
-rw-r--r--   3 root supergroup 1073741824 2019-02-24 10:15 /myfile20
-rw-r--r--   3 root supergroup 1073741824 2019-02-24 10:15 /myfile3
-rw-r--r--   3 root supergroup 1073741824 2019-02-24 10:16 /myfile4
-rw-r--r--   3 root supergroup 1073741824 2019-02-24 10:16 /myfile5
-rw-r--r--   3 root supergroup 1073741824 2019-02-24 10:16 /myfile6
-rw-r--r--   3 root supergroup  134217728 2019-02-24 10:16 /myfile7._COPYING_
-rw-r--r--   3 root supergroup  939524096 2019-02-24 10:16 /myfile8._COPYING_
-rw-r--r--   3 root supergroup 1073741824 2019-02-24 10:16 /myfile9
file 15 has been put into HDFS
file 15 has been read from HDFS for 1 time
diff succeed!
file 15 has been read from HDFS for 2 time
diff succeed!
file 15 has been read from HDFS for 3 time
diff succeed!
file 15 has been read from HDFS for 4 time
diff succeed!
file 15 has been read from HDFS for 5 time
diff succeed!
file 15 has been read from HDFS for 6 time
diff succeed!
file 15 has been read from HDFS for 7 time
diff succeed!
file 15 has been read from HDFS for 8 time
diff succeed!
file 15 has been read from HDFS for 9 time
diff succeed!
file 15 has been read from HDFS for 10 time
diff succeed!
2019-02-24 10:20:02,713 INFO retry.RetryInvocationHandler: java.net.ConnectException: Call From clnode090.clemson.cloudlab.us/130.127.133.99 to node-1-link-0:8020 failed on connection exception: java.net.ConnectException: Connection refused; For more details see:  http://wiki.apache.org/hadoop/ConnectionRefused, while invoking ClientNamenodeProtocolTranslatorPB.getFileInfo over node-1-link-0/10.10.1.4:8020 after 1 failover attempts. Trying to failover after sleeping for 864ms.
2019-02-24 10:20:03,640 INFO retry.RetryInvocationHandler: org.apache.hadoop.ipc.RemoteException(org.apache.hadoop.ipc.RetriableException): org.apache.hadoop.hdfs.server.namenode.SafeModeException: Cannot delete /myfile15. Name node is in safe mode.
The reported blocks 136 has reached the threshold 0.9990 of total blocks 136. The number of live datanodes 3 has reached the minimum number 0. In safe mode extension. Safe mode will be turned off automatically in 29 seconds. NamenodeHostName:node-0-link-0
	at org.apache.hadoop.hdfs.server.namenode.FSNamesystem.checkNameNodeSafeMode(FSNamesystem.java:1441)
	at org.apache.hadoop.hdfs.server.namenode.FSNamesystem.delete(FSNamesystem.java:2986)
	at org.apache.hadoop.hdfs.server.namenode.NameNodeRpcServer.delete(NameNodeRpcServer.java:1095)
	at org.apache.hadoop.hdfs.protocolPB.ClientNamenodeProtocolServerSideTranslatorPB.delete(ClientNamenodeProtocolServerSideTranslatorPB.java:692)
	at org.apache.hadoop.hdfs.protocol.proto.ClientNamenodeProtocolProtos$ClientNamenodeProtocol$2.callBlockingMethod(ClientNamenodeProtocolProtos.java)
	at org.apache.hadoop.ipc.ProtobufRpcEngine$Server$ProtoBufRpcInvoker.call(ProtobufRpcEngine.java:523)
	at org.apache.hadoop.ipc.RPC$Server.call(RPC.java:991)
	at org.apache.hadoop.ipc.Server$RpcCall.run(Server.java:872)
	at org.apache.hadoop.ipc.Server$RpcCall.run(Server.java:818)
	at java.security.AccessController.doPrivileged(Native Method)
	at javax.security.auth.Subject.doAs(Subject.java:422)
	at org.apache.hadoop.security.UserGroupInformation.doAs(UserGroupInformation.java:1729)
	at org.apache.hadoop.ipc.Server$Handler.run(Server.java:2678)
Caused by: org.apache.hadoop.hdfs.server.namenode.SafeModeException: Cannot delete /myfile15. Name node is in safe mode.
The reported blocks 136 has reached the threshold 0.9990 of total blocks 136. The number of live datanodes 3 has reached the minimum number 0. In safe mode extension. Safe mode will be turned off automatically in 29 seconds. NamenodeHostName:node-0-link-0
	at org.apache.hadoop.hdfs.server.namenode.FSNamesystem.newSafemodeException(FSNamesystem.java:1450)
	at org.apache.hadoop.hdfs.server.namenode.FSNamesystem.checkNameNodeSafeMode(FSNamesystem.java:1437)
	... 12 more
, while invoking ClientNamenodeProtocolTranslatorPB.delete over node-0-link-0/10.10.1.1:8020. Retrying immediately.
2019-02-24 10:20:03,643 INFO retry.RetryInvocationHandler: org.apache.hadoop.ipc.RemoteException(org.apache.hadoop.ipc.RetriableException): org.apache.hadoop.hdfs.server.namenode.SafeModeException: Cannot delete /myfile15. Name node is in safe mode.
The reported blocks 136 has reached the threshold 0.9990 of total blocks 136. The number of live datanodes 3 has reached the minimum number 0. In safe mode extension. Safe mode will be turned off automatically in 29 seconds. NamenodeHostName:node-0-link-0
	at org.apache.hadoop.hdfs.server.namenode.FSNamesystem.checkNameNodeSafeMode(FSNamesystem.java:1441)
	at org.apache.hadoop.hdfs.server.namenode.FSNamesystem.delete(FSNamesystem.java:2986)
	at org.apache.hadoop.hdfs.server.namenode.NameNodeRpcServer.delete(NameNodeRpcServer.java:1095)
	at org.apache.hadoop.hdfs.protocolPB.ClientNamenodeProtocolServerSideTranslatorPB.delete(ClientNamenodeProtocolServerSideTranslatorPB.java:692)
	at org.apache.hadoop.hdfs.protocol.proto.ClientNamenodeProtocolProtos$ClientNamenodeProtocol$2.callBlockingMethod(ClientNamenodeProtocolProtos.java)
	at org.apache.hadoop.ipc.ProtobufRpcEngine$Server$ProtoBufRpcInvoker.call(ProtobufRpcEngine.java:523)
	at org.apache.hadoop.ipc.RPC$Server.call(RPC.java:991)
	at org.apache.hadoop.ipc.Server$RpcCall.run(Server.java:872)
	at org.apache.hadoop.ipc.Server$RpcCall.run(Server.java:818)
	at java.security.AccessController.doPrivileged(Native Method)
	at javax.security.auth.Subject.doAs(Subject.java:422)
	at org.apache.hadoop.security.UserGroupInformation.doAs(UserGroupInformation.java:1729)
	at org.apache.hadoop.ipc.Server$Handler.run(Server.java:2678)
Caused by: org.apache.hadoop.hdfs.server.namenode.SafeModeException: Cannot delete /myfile15. Name node is in safe mode.
The reported blocks 136 has reached the threshold 0.9990 of total blocks 136. The number of live datanodes 3 has reached the minimum number 0. In safe mode extension. Safe mode will be turned off automatically in 29 seconds. NamenodeHostName:node-0-link-0
	at org.apache.hadoop.hdfs.server.namenode.FSNamesystem.newSafemodeException(FSNamesystem.java:1450)
	at org.apache.hadoop.hdfs.server.namenode.FSNamesystem.checkNameNodeSafeMode(FSNamesystem.java:1437)
	... 12 more
, while invoking ClientNamenodeProtocolTranslatorPB.delete over node-0-link-0/10.10.1.1:8020. Retrying after sleeping for 1084ms.
2019-02-24 10:20:04,729 INFO retry.RetryInvocationHandler: org.apache.hadoop.ipc.RemoteException(org.apache.hadoop.ipc.RetriableException): org.apache.hadoop.hdfs.server.namenode.SafeModeException: Cannot delete /myfile15. Name node is in safe mode.
The reported blocks 136 has reached the threshold 0.9990 of total blocks 136. The number of live datanodes 3 has reached the minimum number 0. In safe mode extension. Safe mode will be turned off automatically in 28 seconds. NamenodeHostName:node-0-link-0
	at org.apache.hadoop.hdfs.server.namenode.FSNamesystem.checkNameNodeSafeMode(FSNamesystem.java:1441)
	at org.apache.hadoop.hdfs.server.namenode.FSNamesystem.delete(FSNamesystem.java:2986)
	at org.apache.hadoop.hdfs.server.namenode.NameNodeRpcServer.delete(NameNodeRpcServer.java:1095)
	at org.apache.hadoop.hdfs.protocolPB.ClientNamenodeProtocolServerSideTranslatorPB.delete(ClientNamenodeProtocolServerSideTranslatorPB.java:692)
	at org.apache.hadoop.hdfs.protocol.proto.ClientNamenodeProtocolProtos$ClientNamenodeProtocol$2.callBlockingMethod(ClientNamenodeProtocolProtos.java)
	at org.apache.hadoop.ipc.ProtobufRpcEngine$Server$ProtoBufRpcInvoker.call(ProtobufRpcEngine.java:523)
	at org.apache.hadoop.ipc.RPC$Server.call(RPC.java:991)
	at org.apache.hadoop.ipc.Server$RpcCall.run(Server.java:872)
	at org.apache.hadoop.ipc.Server$RpcCall.run(Server.java:818)
	at java.security.AccessController.doPrivileged(Native Method)
	at javax.security.auth.Subject.doAs(Subject.java:422)
	at org.apache.hadoop.security.UserGroupInformation.doAs(UserGroupInformation.java:1729)
	at org.apache.hadoop.ipc.Server$Handler.run(Server.java:2678)
Caused by: org.apache.hadoop.hdfs.server.namenode.SafeModeException: Cannot delete /myfile15. Name node is in safe mode.
The reported blocks 136 has reached the threshold 0.9990 of total blocks 136. The number of live datanodes 3 has reached the minimum number 0. In safe mode extension. Safe mode will be turned off automatically in 28 seconds. NamenodeHostName:node-0-link-0
	at org.apache.hadoop.hdfs.server.namenode.FSNamesystem.newSafemodeException(FSNamesystem.java:1450)
	at org.apache.hadoop.hdfs.server.namenode.FSNamesystem.checkNameNodeSafeMode(FSNamesystem.java:1437)
	... 12 more
, while invoking ClientNamenodeProtocolTranslatorPB.delete over node-0-link-0/10.10.1.1:8020. Retrying after sleeping for 1940ms.
2019-02-24 10:20:06,673 INFO retry.RetryInvocationHandler: org.apache.hadoop.ipc.RemoteException(org.apache.hadoop.ipc.RetriableException): org.apache.hadoop.hdfs.server.namenode.SafeModeException: Cannot delete /myfile15. Name node is in safe mode.
The reported blocks 136 has reached the threshold 0.9990 of total blocks 136. The number of live datanodes 3 has reached the minimum number 0. In safe mode extension. Safe mode will be turned off automatically in 26 seconds. NamenodeHostName:node-0-link-0
	at org.apache.hadoop.hdfs.server.namenode.FSNamesystem.checkNameNodeSafeMode(FSNamesystem.java:1441)
	at org.apache.hadoop.hdfs.server.namenode.FSNamesystem.delete(FSNamesystem.java:2986)
	at org.apache.hadoop.hdfs.server.namenode.NameNodeRpcServer.delete(NameNodeRpcServer.java:1095)
	at org.apache.hadoop.hdfs.protocolPB.ClientNamenodeProtocolServerSideTranslatorPB.delete(ClientNamenodeProtocolServerSideTranslatorPB.java:692)
	at org.apache.hadoop.hdfs.protocol.proto.ClientNamenodeProtocolProtos$ClientNamenodeProtocol$2.callBlockingMethod(ClientNamenodeProtocolProtos.java)
	at org.apache.hadoop.ipc.ProtobufRpcEngine$Server$ProtoBufRpcInvoker.call(ProtobufRpcEngine.java:523)
	at org.apache.hadoop.ipc.RPC$Server.call(RPC.java:991)
	at org.apache.hadoop.ipc.Server$RpcCall.run(Server.java:872)
	at org.apache.hadoop.ipc.Server$RpcCall.run(Server.java:818)
	at java.security.AccessController.doPrivileged(Native Method)
	at javax.security.auth.Subject.doAs(Subject.java:422)
	at org.apache.hadoop.security.UserGroupInformation.doAs(UserGroupInformation.java:1729)
	at org.apache.hadoop.ipc.Server$Handler.run(Server.java:2678)
Caused by: org.apache.hadoop.hdfs.server.namenode.SafeModeException: Cannot delete /myfile15. Name node is in safe mode.
The reported blocks 136 has reached the threshold 0.9990 of total blocks 136. The number of live datanodes 3 has reached the minimum number 0. In safe mode extension. Safe mode will be turned off automatically in 26 seconds. NamenodeHostName:node-0-link-0
	at org.apache.hadoop.hdfs.server.namenode.FSNamesystem.newSafemodeException(FSNamesystem.java:1450)
	at org.apache.hadoop.hdfs.server.namenode.FSNamesystem.checkNameNodeSafeMode(FSNamesystem.java:1437)
	... 12 more
, while invoking ClientNamenodeProtocolTranslatorPB.delete over node-0-link-0/10.10.1.1:8020. Retrying after sleeping for 2894ms.
2019-02-24 10:20:09,570 INFO retry.RetryInvocationHandler: org.apache.hadoop.ipc.RemoteException(org.apache.hadoop.ipc.RetriableException): org.apache.hadoop.hdfs.server.namenode.SafeModeException: Cannot delete /myfile15. Name node is in safe mode.
The reported blocks 136 has reached the threshold 0.9990 of total blocks 136. The number of live datanodes 3 has reached the minimum number 0. In safe mode extension. Safe mode will be turned off automatically in 23 seconds. NamenodeHostName:node-0-link-0
	at org.apache.hadoop.hdfs.server.namenode.FSNamesystem.checkNameNodeSafeMode(FSNamesystem.java:1441)
	at org.apache.hadoop.hdfs.server.namenode.FSNamesystem.delete(FSNamesystem.java:2986)
	at org.apache.hadoop.hdfs.server.namenode.NameNodeRpcServer.delete(NameNodeRpcServer.java:1095)
	at org.apache.hadoop.hdfs.protocolPB.ClientNamenodeProtocolServerSideTranslatorPB.delete(ClientNamenodeProtocolServerSideTranslatorPB.java:692)
	at org.apache.hadoop.hdfs.protocol.proto.ClientNamenodeProtocolProtos$ClientNamenodeProtocol$2.callBlockingMethod(ClientNamenodeProtocolProtos.java)
	at org.apache.hadoop.ipc.ProtobufRpcEngine$Server$ProtoBufRpcInvoker.call(ProtobufRpcEngine.java:523)
	at org.apache.hadoop.ipc.RPC$Server.call(RPC.java:991)
	at org.apache.hadoop.ipc.Server$RpcCall.run(Server.java:872)
	at org.apache.hadoop.ipc.Server$RpcCall.run(Server.java:818)
	at java.security.AccessController.doPrivileged(Native Method)
	at javax.security.auth.Subject.doAs(Subject.java:422)
	at org.apache.hadoop.security.UserGroupInformation.doAs(UserGroupInformation.java:1729)
	at org.apache.hadoop.ipc.Server$Handler.run(Server.java:2678)
Caused by: org.apache.hadoop.hdfs.server.namenode.SafeModeException: Cannot delete /myfile15. Name node is in safe mode.
The reported blocks 136 has reached the threshold 0.9990 of total blocks 136. The number of live datanodes 3 has reached the minimum number 0. In safe mode extension. Safe mode will be turned off automatically in 23 seconds. NamenodeHostName:node-0-link-0
	at org.apache.hadoop.hdfs.server.namenode.FSNamesystem.newSafemodeException(FSNamesystem.java:1450)
	at org.apache.hadoop.hdfs.server.namenode.FSNamesystem.checkNameNodeSafeMode(FSNamesystem.java:1437)
	... 12 more
, while invoking ClientNamenodeProtocolTranslatorPB.delete over node-0-link-0/10.10.1.1:8020. Retrying after sleeping for 11505ms.
2019-02-24 10:20:21,079 INFO retry.RetryInvocationHandler: org.apache.hadoop.ipc.RemoteException(org.apache.hadoop.ipc.RetriableException): org.apache.hadoop.hdfs.server.namenode.SafeModeException: Cannot delete /myfile15. Name node is in safe mode.
The reported blocks 136 has reached the threshold 0.9990 of total blocks 136. The number of live datanodes 3 has reached the minimum number 0. In safe mode extension. Safe mode will be turned off automatically in 12 seconds. NamenodeHostName:node-0-link-0
	at org.apache.hadoop.hdfs.server.namenode.FSNamesystem.checkNameNodeSafeMode(FSNamesystem.java:1441)
	at org.apache.hadoop.hdfs.server.namenode.FSNamesystem.delete(FSNamesystem.java:2986)
	at org.apache.hadoop.hdfs.server.namenode.NameNodeRpcServer.delete(NameNodeRpcServer.java:1095)
	at org.apache.hadoop.hdfs.protocolPB.ClientNamenodeProtocolServerSideTranslatorPB.delete(ClientNamenodeProtocolServerSideTranslatorPB.java:692)
	at org.apache.hadoop.hdfs.protocol.proto.ClientNamenodeProtocolProtos$ClientNamenodeProtocol$2.callBlockingMethod(ClientNamenodeProtocolProtos.java)
	at org.apache.hadoop.ipc.ProtobufRpcEngine$Server$ProtoBufRpcInvoker.call(ProtobufRpcEngine.java:523)
	at org.apache.hadoop.ipc.RPC$Server.call(RPC.java:991)
	at org.apache.hadoop.ipc.Server$RpcCall.run(Server.java:872)
	at org.apache.hadoop.ipc.Server$RpcCall.run(Server.java:818)
	at java.security.AccessController.doPrivileged(Native Method)
	at javax.security.auth.Subject.doAs(Subject.java:422)
	at org.apache.hadoop.security.UserGroupInformation.doAs(UserGroupInformation.java:1729)
	at org.apache.hadoop.ipc.Server$Handler.run(Server.java:2678)
Caused by: org.apache.hadoop.hdfs.server.namenode.SafeModeException: Cannot delete /myfile15. Name node is in safe mode.
The reported blocks 136 has reached the threshold 0.9990 of total blocks 136. The number of live datanodes 3 has reached the minimum number 0. In safe mode extension. Safe mode will be turned off automatically in 12 seconds. NamenodeHostName:node-0-link-0
	at org.apache.hadoop.hdfs.server.namenode.FSNamesystem.newSafemodeException(FSNamesystem.java:1450)
	at org.apache.hadoop.hdfs.server.namenode.FSNamesystem.checkNameNodeSafeMode(FSNamesystem.java:1437)
	... 12 more
, while invoking ClientNamenodeProtocolTranslatorPB.delete over node-0-link-0/10.10.1.1:8020. Retrying after sleeping for 12176ms.
2019-02-24 10:20:33,260 INFO retry.RetryInvocationHandler: org.apache.hadoop.ipc.RemoteException(org.apache.hadoop.ipc.RetriableException): org.apache.hadoop.hdfs.server.namenode.SafeModeException: Cannot delete /myfile15. Name node is in safe mode.
The reported blocks 136 has reached the threshold 0.9990 of total blocks 136. The number of live datanodes 3 has reached the minimum number 0. In safe mode extension. Safe mode will be turned off automatically in 0 seconds. NamenodeHostName:node-0-link-0
	at org.apache.hadoop.hdfs.server.namenode.FSNamesystem.checkNameNodeSafeMode(FSNamesystem.java:1441)
	at org.apache.hadoop.hdfs.server.namenode.FSNamesystem.delete(FSNamesystem.java:2986)
	at org.apache.hadoop.hdfs.server.namenode.NameNodeRpcServer.delete(NameNodeRpcServer.java:1095)
	at org.apache.hadoop.hdfs.protocolPB.ClientNamenodeProtocolServerSideTranslatorPB.delete(ClientNamenodeProtocolServerSideTranslatorPB.java:692)
	at org.apache.hadoop.hdfs.protocol.proto.ClientNamenodeProtocolProtos$ClientNamenodeProtocol$2.callBlockingMethod(ClientNamenodeProtocolProtos.java)
	at org.apache.hadoop.ipc.ProtobufRpcEngine$Server$ProtoBufRpcInvoker.call(ProtobufRpcEngine.java:523)
	at org.apache.hadoop.ipc.RPC$Server.call(RPC.java:991)
	at org.apache.hadoop.ipc.Server$RpcCall.run(Server.java:872)
	at org.apache.hadoop.ipc.Server$RpcCall.run(Server.java:818)
	at java.security.AccessController.doPrivileged(Native Method)
	at javax.security.auth.Subject.doAs(Subject.java:422)
	at org.apache.hadoop.security.UserGroupInformation.doAs(UserGroupInformation.java:1729)
	at org.apache.hadoop.ipc.Server$Handler.run(Server.java:2678)
Caused by: org.apache.hadoop.hdfs.server.namenode.SafeModeException: Cannot delete /myfile15. Name node is in safe mode.
The reported blocks 136 has reached the threshold 0.9990 of total blocks 136. The number of live datanodes 3 has reached the minimum number 0. In safe mode extension. Safe mode will be turned off automatically in 0 seconds. NamenodeHostName:node-0-link-0
	at org.apache.hadoop.hdfs.server.namenode.FSNamesystem.newSafemodeException(FSNamesystem.java:1450)
	at org.apache.hadoop.hdfs.server.namenode.FSNamesystem.checkNameNodeSafeMode(FSNamesystem.java:1437)
	... 12 more
, while invoking ClientNamenodeProtocolTranslatorPB.delete over node-0-link-0/10.10.1.1:8020. Retrying after sleeping for 20057ms.
Deleted /myfile15
file 15 has been removed from HDFS
Found 20 items
-rw-r--r--   3 root supergroup 1073741824 2019-02-24 10:21 /myfile1
-rw-r--r--   3 root supergroup 1073741824 2019-02-24 10:21 /myfile10
-rw-r--r--   3 root supergroup 1073741824 2019-02-24 10:19 /myfile11
-rw-r--r--   3 root supergroup 1073741824 2019-02-24 10:21 /myfile12
-rw-r--r--   3 root supergroup 1073741824 2019-02-24 10:19 /myfile13
-rw-r--r--   3 root supergroup 1073741824 2019-02-24 10:19 /myfile14
-rw-r--r--   3 root supergroup 1073741824 2019-02-24 10:21 /myfile15
-rw-r--r--   3 root supergroup 1073741824 2019-02-24 10:21 /myfile16
-rw-r--r--   3 root supergroup 1073741824 2019-02-24 10:19 /myfile17
-rw-r--r--   3 root supergroup 1073741824 2019-02-24 10:19 /myfile18
-rw-r--r--   3 root supergroup 1073741824 2019-02-24 10:21 /myfile19
-rw-r--r--   3 root supergroup 1073741824 2019-02-24 10:19 /myfile2
-rw-r--r--   3 root supergroup 1073741824 2019-02-24 10:19 /myfile20
-rw-r--r--   3 root supergroup 1073741824 2019-02-24 10:19 /myfile3
-rw-r--r--   3 root supergroup 1073741824 2019-02-24 10:21 /myfile4
-rw-r--r--   3 root supergroup 1073741824 2019-02-24 10:21 /myfile5
-rw-r--r--   3 root supergroup 1073741824 2019-02-24 10:19 /myfile6
-rw-r--r--   3 root supergroup 1073741824 2019-02-24 10:21 /myfile7
-rw-r--r--   3 root supergroup 1073741824 2019-02-24 10:21 /myfile8
-rw-r--r--   3 root supergroup 1073741824 2019-02-24 10:21 /myfile9
file 15 has been put into HDFS
file 15 has been read from HDFS for 1 time
diff succeed!
file 15 has been read from HDFS for 2 time
diff succeed!
file 15 has been read from HDFS for 3 time
diff succeed!
file 15 has been read from HDFS for 4 time
diff succeed!
file 15 has been read from HDFS for 5 time
diff succeed!
file 15 has been read from HDFS for 6 time
diff succeed!
file 15 has been read from HDFS for 7 time
diff succeed!
file 15 has been read from HDFS for 8 time
diff succeed!
file 15 has been read from HDFS for 9 time
diff succeed!
file 15 has been read from HDFS for 10 time
diff succeed!
Deleted /myfile15
file 15 has been removed from HDFS
Found 19 items
-rw-r--r--   3 root supergroup 1073741824 2019-02-24 10:25 /myfile1
-rw-r--r--   3 root supergroup 1073741824 2019-02-24 10:25 /myfile10
-rw-r--r--   3 root supergroup 1073741824 2019-02-24 10:23 /myfile11
-rw-r--r--   3 root supergroup 1073741824 2019-02-24 10:25 /myfile12
-rw-r--r--   3 root supergroup 1073741824 2019-02-24 10:23 /myfile13
-rw-r--r--   3 root supergroup 1073741824 2019-02-24 10:24 /myfile14
-rw-r--r--   3 root supergroup 1073741824 2019-02-24 10:25 /myfile15
-rw-r--r--   3 root supergroup 1073741824 2019-02-24 10:25 /myfile16
-rw-r--r--   3 root supergroup 1073741824 2019-02-24 10:23 /myfile17
-rw-r--r--   3 root supergroup 1073741824 2019-02-24 10:23 /myfile18
-rw-r--r--   3 root supergroup 1073741824 2019-02-24 10:25 /myfile19
-rw-r--r--   3 root supergroup 1073741824 2019-02-24 10:23 /myfile2
-rw-r--r--   3 root supergroup 1073741824 2019-02-24 10:23 /myfile20
-rw-r--r--   3 root supergroup 1073741824 2019-02-24 10:23 /myfile3
-rw-r--r--   3 root supergroup 1073741824 2019-02-24 10:25 /myfile4
-rw-r--r--   3 root supergroup 1073741824 2019-02-24 10:25 /myfile5
-rw-r--r--   3 root supergroup 1073741824 2019-02-24 10:23 /myfile6
-rw-r--r--   3 root supergroup  805306368 2019-02-24 10:25 /myfile7._COPYING_
-rw-r--r--   3 root supergroup  805306368 2019-02-24 10:25 /myfile9._COPYING_
file 15 has been put into HDFS
file 15 has been read from HDFS for 1 time
diff succeed!
file 15 has been read from HDFS for 2 time
diff succeed!
file 15 has been read from HDFS for 3 time
diff succeed!
file 15 has been read from HDFS for 4 time
diff succeed!
file 15 has been read from HDFS for 5 time
diff succeed!
file 15 has been read from HDFS for 6 time
diff succeed!
file 15 has been read from HDFS for 7 time
diff succeed!
file 15 has been read from HDFS for 8 time
diff succeed!
file 15 has been read from HDFS for 9 time
diff succeed!
file 15 has been read from HDFS for 10 time
diff succeed!
Deleted /myfile15
file 15 has been removed from HDFS
Found 19 items
-rw-r--r--   3 root supergroup 1073741824 2019-02-24 10:29 /myfile1
-rw-r--r--   3 root supergroup 1073741824 2019-02-24 10:29 /myfile10
-rw-r--r--   3 root supergroup 1073741824 2019-02-24 10:27 /myfile11
-rw-r--r--   3 root supergroup  939524096 2019-02-24 10:29 /myfile12._COPYING_
-rw-r--r--   3 root supergroup 1073741824 2019-02-24 10:27 /myfile13
-rw-r--r--   3 root supergroup 1073741824 2019-02-24 10:28 /myfile14
-rw-r--r--   3 root supergroup 1073741824 2019-02-24 10:29 /myfile15
-rw-r--r--   3 root supergroup 1073741824 2019-02-24 10:27 /myfile17
-rw-r--r--   3 root supergroup 1073741824 2019-02-24 10:27 /myfile18
-rw-r--r--   3 root supergroup 1073741824 2019-02-24 10:29 /myfile19
-rw-r--r--   3 root supergroup 1073741824 2019-02-24 10:27 /myfile2
-rw-r--r--   3 root supergroup 1073741824 2019-02-24 10:27 /myfile20
-rw-r--r--   3 root supergroup 1073741824 2019-02-24 10:27 /myfile3
-rw-r--r--   3 root supergroup  671088640 2019-02-24 10:29 /myfile4._COPYING_
-rw-r--r--   3 root supergroup 1073741824 2019-02-24 10:29 /myfile5
-rw-r--r--   3 root supergroup 1073741824 2019-02-24 10:27 /myfile6
-rw-r--r--   3 root supergroup  536870912 2019-02-24 10:29 /myfile7._COPYING_
-rw-r--r--   3 root supergroup 1073741824 2019-02-24 10:25 /myfile8
-rw-r--r--   3 root supergroup  536870912 2019-02-24 10:29 /myfile9._COPYING_
file 15 has been put into HDFS
file 15 has been read from HDFS for 1 time
diff succeed!
file 15 has been read from HDFS for 2 time
diff succeed!
file 15 has been read from HDFS for 3 time
diff succeed!
file 15 has been read from HDFS for 4 time
diff succeed!
file 15 has been read from HDFS for 5 time
diff succeed!
file 15 has been read from HDFS for 6 time
diff succeed!
file 15 has been read from HDFS for 7 time
diff succeed!
file 15 has been read from HDFS for 8 time
diff succeed!
file 15 has been read from HDFS for 9 time
diff succeed!
file 15 has been read from HDFS for 10 time
diff succeed!
Deleted /myfile15
file 15 has been removed from HDFS
Found 20 items
-rw-r--r--   3 root supergroup  939524096 2019-02-24 10:33 /myfile1._COPYING_
-rw-r--r--   3 root supergroup 1073741824 2019-02-24 10:33 /myfile10
-rw-r--r--   3 root supergroup 1073741824 2019-02-24 10:31 /myfile11
-rw-r--r--   3 root supergroup  671088640 2019-02-24 10:33 /myfile12._COPYING_
-rw-r--r--   3 root supergroup 1073741824 2019-02-24 10:31 /myfile13
-rw-r--r--   3 root supergroup 1073741824 2019-02-24 10:31 /myfile14
-rw-r--r--   3 root supergroup 1073741824 2019-02-24 10:33 /myfile15
-rw-r--r--   3 root supergroup 1073741824 2019-02-24 10:33 /myfile16
-rw-r--r--   3 root supergroup 1073741824 2019-02-24 10:31 /myfile17
-rw-r--r--   3 root supergroup 1073741824 2019-02-24 10:31 /myfile18
-rw-r--r--   3 root supergroup  805306368 2019-02-24 10:33 /myfile19._COPYING_
-rw-r--r--   3 root supergroup 1073741824 2019-02-24 10:31 /myfile2
-rw-r--r--   3 root supergroup 1073741824 2019-02-24 10:31 /myfile20
-rw-r--r--   3 root supergroup 1073741824 2019-02-24 10:31 /myfile3
-rw-r--r--   3 root supergroup 1073741824 2019-02-24 10:33 /myfile4._COPYING_
-rw-r--r--   3 root supergroup  671088640 2019-02-24 10:33 /myfile5._COPYING_
-rw-r--r--   3 root supergroup 1073741824 2019-02-24 10:31 /myfile6
-rw-r--r--   3 root supergroup  805306368 2019-02-24 10:33 /myfile7._COPYING_
-rw-r--r--   3 root supergroup  536870912 2019-02-24 10:33 /myfile8._COPYING_
-rw-r--r--   3 root supergroup  805306368 2019-02-24 10:33 /myfile9._COPYING_
file 15 has been put into HDFS
file 15 has been read from HDFS for 1 time
diff succeed!
file 15 has been read from HDFS for 2 time
diff succeed!
file 15 has been read from HDFS for 3 time
diff succeed!
file 15 has been read from HDFS for 4 time
diff succeed!
file 15 has been read from HDFS for 5 time
diff succeed!
file 15 has been read from HDFS for 6 time
diff succeed!
file 15 has been read from HDFS for 7 time
diff succeed!
file 15 has been read from HDFS for 8 time
diff succeed!
file 15 has been read from HDFS for 9 time
diff succeed!
file 15 has been read from HDFS for 10 time
diff succeed!
Deleted /myfile15
file 15 has been removed from HDFS
Found 18 items
-rw-r--r--   3 root supergroup 1073741824 2019-02-24 10:37 /myfile1
-rw-r--r--   3 root supergroup 1073741824 2019-02-24 10:37 /myfile10
-rw-r--r--   3 root supergroup 1073741824 2019-02-24 10:35 /myfile11
-rw-r--r--   3 root supergroup  939524096 2019-02-24 10:37 /myfile12._COPYING_
-rw-r--r--   3 root supergroup 1073741824 2019-02-24 10:35 /myfile13
-rw-r--r--   3 root supergroup 1073741824 2019-02-24 10:36 /myfile14
-rw-r--r--   3 root supergroup 1073741824 2019-02-24 10:37 /myfile15
-rw-r--r--   3 root supergroup 1073741824 2019-02-24 10:37 /myfile16
-rw-r--r--   3 root supergroup 1073741824 2019-02-24 10:35 /myfile17
-rw-r--r--   3 root supergroup 1073741824 2019-02-24 10:35 /myfile18
-rw-r--r--   3 root supergroup 1073741824 2019-02-24 10:37 /myfile19
-rw-r--r--   3 root supergroup 1073741824 2019-02-24 10:35 /myfile2
-rw-r--r--   3 root supergroup 1073741824 2019-02-24 10:35 /myfile20
-rw-r--r--   3 root supergroup 1073741824 2019-02-24 10:35 /myfile3
-rw-r--r--   3 root supergroup 1073741824 2019-02-24 10:37 /myfile4
-rw-r--r--   3 root supergroup 1073741824 2019-02-24 10:37 /myfile5
-rw-r--r--   3 root supergroup 1073741824 2019-02-24 10:35 /myfile6
-rw-r--r--   3 root supergroup 1073741824 2019-02-24 10:37 /myfile9
file 15 has been put into HDFS
file 15 has been read from HDFS for 1 time
diff succeed!
file 15 has been read from HDFS for 2 time
diff succeed!
file 15 has been read from HDFS for 3 time
diff succeed!
file 15 has been read from HDFS for 4 time
diff succeed!
file 15 has been read from HDFS for 5 time
diff succeed!
file 15 has been read from HDFS for 6 time
diff succeed!
file 15 has been read from HDFS for 7 time
diff succeed!
file 15 has been read from HDFS for 8 time
diff succeed!
file 15 has been read from HDFS for 9 time
diff succeed!
file 15 has been read from HDFS for 10 time
diff succeed!
2019-02-24 10:41:33,017 INFO retry.RetryInvocationHandler: org.apache.hadoop.ipc.RemoteException(org.apache.hadoop.ipc.StandbyException): Operation category READ is not supported in state standby. Visit https://s.apache.org/sbnn-error
	at org.apache.hadoop.hdfs.server.namenode.ha.StandbyState.checkOperation(StandbyState.java:88)
	at org.apache.hadoop.hdfs.server.namenode.NameNode$NameNodeHAContext.checkOperation(NameNode.java:1952)
	at org.apache.hadoop.hdfs.server.namenode.FSNamesystem.checkOperation(FSNamesystem.java:1423)
	at org.apache.hadoop.hdfs.server.namenode.FSNamesystem.getFileInfo(FSNamesystem.java:3085)
	at org.apache.hadoop.hdfs.server.namenode.NameNodeRpcServer.getFileInfo(NameNodeRpcServer.java:1154)
	at org.apache.hadoop.hdfs.protocolPB.ClientNamenodeProtocolServerSideTranslatorPB.getFileInfo(ClientNamenodeProtocolServerSideTranslatorPB.java:966)
	at org.apache.hadoop.hdfs.protocol.proto.ClientNamenodeProtocolProtos$ClientNamenodeProtocol$2.callBlockingMethod(ClientNamenodeProtocolProtos.java)
	at org.apache.hadoop.ipc.ProtobufRpcEngine$Server$ProtoBufRpcInvoker.call(ProtobufRpcEngine.java:523)
	at org.apache.hadoop.ipc.RPC$Server.call(RPC.java:991)
	at org.apache.hadoop.ipc.Server$RpcCall.run(Server.java:872)
	at org.apache.hadoop.ipc.Server$RpcCall.run(Server.java:818)
	at java.security.AccessController.doPrivileged(Native Method)
	at javax.security.auth.Subject.doAs(Subject.java:422)
	at org.apache.hadoop.security.UserGroupInformation.doAs(UserGroupInformation.java:1729)
	at org.apache.hadoop.ipc.Server$Handler.run(Server.java:2678)
, while invoking ClientNamenodeProtocolTranslatorPB.getFileInfo over node-1-link-0/10.10.1.4:8020 after 1 failover attempts. Trying to failover after sleeping for 951ms.
2019-02-24 10:41:33,971 INFO retry.RetryInvocationHandler: java.net.ConnectException: Call From clnode090.clemson.cloudlab.us/130.127.133.99 to node-0-link-0:8020 failed on connection exception: java.net.ConnectException: Connection refused; For more details see:  http://wiki.apache.org/hadoop/ConnectionRefused, while invoking ClientNamenodeProtocolTranslatorPB.getFileInfo over node-0-link-0/10.10.1.1:8020 after 2 failover attempts. Trying to failover after sleeping for 1978ms.
Deleted /myfile15
file 15 has been removed from HDFS
Found 20 items
-rw-r--r--   3 root supergroup 1073741824 2019-02-24 10:42 /myfile1
-rw-r--r--   3 root supergroup 1073741824 2019-02-24 10:41 /myfile10
-rw-r--r--   3 root supergroup 1073741824 2019-02-24 10:40 /myfile11
-rw-r--r--   3 root supergroup 1073741824 2019-02-24 10:37 /myfile12
-rw-r--r--   3 root supergroup 1073741824 2019-02-24 10:40 /myfile13
-rw-r--r--   3 root supergroup 1073741824 2019-02-24 10:40 /myfile14
-rw-r--r--   3 root supergroup 1073741824 2019-02-24 10:41 /myfile15
-rw-r--r--   3 root supergroup 1073741824 2019-02-24 10:41 /myfile16
-rw-r--r--   3 root supergroup 1073741824 2019-02-24 10:40 /myfile17
-rw-r--r--   3 root supergroup 1073741824 2019-02-24 10:40 /myfile18
-rw-r--r--   3 root supergroup 1073741824 2019-02-24 10:41 /myfile19
-rw-r--r--   3 root supergroup 1073741824 2019-02-24 10:40 /myfile2
-rw-r--r--   3 root supergroup 1073741824 2019-02-24 10:40 /myfile20
-rw-r--r--   3 root supergroup 1073741824 2019-02-24 10:40 /myfile3
-rw-r--r--   3 root supergroup  805306368 2019-02-24 10:41 /myfile4._COPYING_
-rw-r--r--   3 root supergroup 1073741824 2019-02-24 10:41 /myfile5
-rw-r--r--   3 root supergroup 1073741824 2019-02-24 10:40 /myfile6
-rw-r--r--   3 root supergroup 1073741824 2019-02-24 10:38 /myfile7
-rw-r--r--   3 root supergroup 1073741824 2019-02-24 10:37 /myfile8
-rw-r--r--   3 root supergroup 1073741824 2019-02-24 10:37 /myfile9
file 15 has been put into HDFS
file 15 has been read from HDFS for 1 time
diff succeed!
file 15 has been read from HDFS for 2 time
diff succeed!
file 15 has been read from HDFS for 3 time
diff succeed!
file 15 has been read from HDFS for 4 time
diff succeed!
file 15 has been read from HDFS for 5 time
diff succeed!
file 15 has been read from HDFS for 6 time
diff succeed!
file 15 has been read from HDFS for 7 time
diff succeed!
file 15 has been read from HDFS for 8 time
diff succeed!
file 15 has been read from HDFS for 9 time
diff succeed!
file 15 has been read from HDFS for 10 time
diff succeed!
Deleted /myfile15
file 15 has been removed from HDFS
Found 20 items
-rw-r--r--   3 root supergroup 1073741824 2019-02-24 10:46 /myfile1
-rw-r--r--   3 root supergroup 1073741824 2019-02-24 10:46 /myfile10
-rw-r--r--   3 root supergroup 1073741824 2019-02-24 10:44 /myfile11
-rw-r--r--   3 root supergroup 1073741824 2019-02-24 10:43 /myfile12
-rw-r--r--   3 root supergroup 1073741824 2019-02-24 10:44 /myfile13
-rw-r--r--   3 root supergroup 1073741824 2019-02-24 10:44 /myfile14
-rw-r--r--   3 root supergroup 1073741824 2019-02-24 10:46 /myfile15
-rw-r--r--   3 root supergroup 1073741824 2019-02-24 10:46 /myfile16
-rw-r--r--   3 root supergroup 1073741824 2019-02-24 10:44 /myfile17
-rw-r--r--   3 root supergroup 1073741824 2019-02-24 10:44 /myfile18
-rw-r--r--   3 root supergroup 1073741824 2019-02-24 10:46 /myfile19
-rw-r--r--   3 root supergroup 1073741824 2019-02-24 10:44 /myfile2
-rw-r--r--   3 root supergroup 1073741824 2019-02-24 10:44 /myfile20
-rw-r--r--   3 root supergroup 1073741824 2019-02-24 10:44 /myfile3
-rw-r--r--   3 root supergroup  671088640 2019-02-24 10:46 /myfile4._COPYING_
-rw-r--r--   3 root supergroup 1073741824 2019-02-24 10:46 /myfile5
-rw-r--r--   3 root supergroup 1073741824 2019-02-24 10:44 /myfile6
-rw-r--r--   3 root supergroup 1073741824 2019-02-24 10:43 /myfile7
-rw-r--r--   3 root supergroup 1073741824 2019-02-24 10:43 /myfile8
-rw-r--r--   3 root supergroup 1073741824 2019-02-24 10:43 /myfile9
file 15 has been put into HDFS
file 15 has been read from HDFS for 1 time
diff succeed!
file 15 has been read from HDFS for 2 time
diff succeed!
file 15 has been read from HDFS for 3 time
diff succeed!
file 15 has been read from HDFS for 4 time
diff succeed!
file 15 has been read from HDFS for 5 time
diff succeed!
file 15 has been read from HDFS for 6 time
diff succeed!
file 15 has been read from HDFS for 7 time
diff succeed!
file 15 has been read from HDFS for 8 time
diff succeed!
file 15 has been read from HDFS for 9 time
diff succeed!
file 15 has been read from HDFS for 10 time
diff succeed!
Deleted /myfile15
file 15 has been removed from HDFS
Found 20 items
-rw-r--r--   3 root supergroup 1073741824 2019-02-24 10:50 /myfile1
-rw-r--r--   3 root supergroup 1073741824 2019-02-24 10:50 /myfile10
-rw-r--r--   3 root supergroup 1073741824 2019-02-24 10:48 /myfile11
-rw-r--r--   3 root supergroup 1073741824 2019-02-24 10:47 /myfile12
-rw-r--r--   3 root supergroup 1073741824 2019-02-24 10:48 /myfile13
-rw-r--r--   3 root supergroup 1073741824 2019-02-24 10:48 /myfile14
-rw-r--r--   3 root supergroup 1073741824 2019-02-24 10:50 /myfile15
-rw-r--r--   3 root supergroup 1073741824 2019-02-24 10:50 /myfile16
-rw-r--r--   3 root supergroup 1073741824 2019-02-24 10:48 /myfile17
-rw-r--r--   3 root supergroup 1073741824 2019-02-24 10:48 /myfile18
-rw-r--r--   3 root supergroup 1073741824 2019-02-24 10:50 /myfile19
-rw-r--r--   3 root supergroup 1073741824 2019-02-24 10:48 /myfile2
-rw-r--r--   3 root supergroup 1073741824 2019-02-24 10:48 /myfile20
-rw-r--r--   3 root supergroup 1073741824 2019-02-24 10:48 /myfile3
-rw-r--r--   3 root supergroup 1073741824 2019-02-24 10:50 /myfile4
-rw-r--r--   3 root supergroup 1073741824 2019-02-24 10:50 /myfile5
-rw-r--r--   3 root supergroup 1073741824 2019-02-24 10:48 /myfile6
-rw-r--r--   3 root supergroup 1073741824 2019-02-24 10:47 /myfile7
-rw-r--r--   3 root supergroup 1073741824 2019-02-24 10:47 /myfile8
-rw-r--r--   3 root supergroup 1073741824 2019-02-24 10:47 /myfile9
file 15 has been put into HDFS
file 15 has been read from HDFS for 1 time
diff succeed!
file 15 has been read from HDFS for 2 time
diff succeed!
file 15 has been read from HDFS for 3 time
diff succeed!
file 15 has been read from HDFS for 4 time
diff succeed!
file 15 has been read from HDFS for 5 time
diff succeed!
sub_benchmark 6 signal TERM catched and let quit gracefully
file 15 has been read from HDFS for 6 time
diff succeed!
Deleted /myfile15
file 15 has been removed from HDFS
