Found 20 items
-rw-r--r--   3 root supergroup  939524096 2019-02-19 22:41 /myfile1._COPYING_
-rw-r--r--   3 root supergroup 1073741824 2019-02-19 22:41 /myfile10
-rw-r--r--   3 root supergroup 1073741824 2019-02-19 22:41 /myfile11
-rw-r--r--   3 root supergroup 1073741824 2019-02-19 22:41 /myfile12
-rw-r--r--   3 root supergroup 1073741824 2019-02-19 22:41 /myfile13
-rw-r--r--   3 root supergroup 1073741824 2019-02-19 22:41 /myfile14
-rw-r--r--   3 root supergroup  939524096 2019-02-19 22:41 /myfile15._COPYING_
-rw-r--r--   3 root supergroup  805306368 2019-02-19 22:41 /myfile16._COPYING_
-rw-r--r--   3 root supergroup 1073741824 2019-02-19 22:41 /myfile17
-rw-r--r--   3 root supergroup 1073741824 2019-02-19 22:41 /myfile18
-rw-r--r--   3 root supergroup  939524096 2019-02-19 22:41 /myfile19._COPYING_
-rw-r--r--   3 root supergroup 1073741824 2019-02-19 22:41 /myfile2
-rw-r--r--   3 root supergroup  939524096 2019-02-19 22:41 /myfile20._COPYING_
-rw-r--r--   3 root supergroup 1073741824 2019-02-19 22:41 /myfile3
-rw-r--r--   3 root supergroup 1073741824 2019-02-19 22:41 /myfile4
-rw-r--r--   3 root supergroup  939524096 2019-02-19 22:41 /myfile5._COPYING_
-rw-r--r--   3 root supergroup 1073741824 2019-02-19 22:41 /myfile6
-rw-r--r--   3 root supergroup 1073741824 2019-02-19 22:41 /myfile7
-rw-r--r--   3 root supergroup 1073741824 2019-02-19 22:41 /myfile8
-rw-r--r--   3 root supergroup 1073741824 2019-02-19 22:41 /myfile9
file 4 has been put into HDFS
file 4 has been read from HDFS for 1 time
diff succeed!
file 4 has been read from HDFS for 2 time
diff succeed!
file 4 has been read from HDFS for 3 time
diff succeed!
file 4 has been read from HDFS for 4 time
diff succeed!
file 4 has been read from HDFS for 5 time
diff succeed!
file 4 has been read from HDFS for 6 time
diff succeed!
file 4 has been read from HDFS for 7 time
diff succeed!
file 4 has been read from HDFS for 8 time
diff succeed!
file 4 has been read from HDFS for 9 time
diff succeed!
file 4 has been read from HDFS for 10 time
diff succeed!
Deleted /myfile4
file 4 has been removed from HDFS
Found 20 items
-rw-r--r--   3 root supergroup 1073741824 2019-02-19 22:46 /myfile1
-rw-r--r--   3 root supergroup 1073741824 2019-02-19 22:46 /myfile10
-rw-r--r--   3 root supergroup 1073741824 2019-02-19 22:46 /myfile11
-rw-r--r--   3 root supergroup 1073741824 2019-02-19 22:46 /myfile12
-rw-r--r--   3 root supergroup 1073741824 2019-02-19 22:46 /myfile13
-rw-r--r--   3 root supergroup 1073741824 2019-02-19 22:46 /myfile14
-rw-r--r--   3 root supergroup 1073741824 2019-02-19 22:46 /myfile15
-rw-r--r--   3 root supergroup  805306368 2019-02-19 22:46 /myfile16._COPYING_
-rw-r--r--   3 root supergroup 1073741824 2019-02-19 22:46 /myfile17
-rw-r--r--   3 root supergroup 1073741824 2019-02-19 22:46 /myfile18
-rw-r--r--   3 root supergroup 1073741824 2019-02-19 22:46 /myfile19
-rw-r--r--   3 root supergroup  536870912 2019-02-19 22:46 /myfile2._COPYING_
-rw-r--r--   3 root supergroup 1073741824 2019-02-19 22:46 /myfile20
-rw-r--r--   3 root supergroup 1073741824 2019-02-19 22:46 /myfile3
-rw-r--r--   3 root supergroup 1073741824 2019-02-19 22:46 /myfile4
-rw-r--r--   3 root supergroup 1073741824 2019-02-19 22:46 /myfile5
-rw-r--r--   3 root supergroup 1073741824 2019-02-19 22:45 /myfile6
-rw-r--r--   3 root supergroup 1073741824 2019-02-19 22:46 /myfile7
-rw-r--r--   3 root supergroup  671088640 2019-02-19 22:46 /myfile8._COPYING_
-rw-r--r--   3 root supergroup  939524096 2019-02-19 22:46 /myfile9._COPYING_
file 4 has been put into HDFS
file 4 has been read from HDFS for 1 time
diff succeed!
file 4 has been read from HDFS for 2 time
diff succeed!
file 4 has been read from HDFS for 3 time
diff succeed!
file 4 has been read from HDFS for 4 time
diff succeed!
file 4 has been read from HDFS for 5 time
diff succeed!
file 4 has been read from HDFS for 6 time
diff succeed!
file 4 has been read from HDFS for 7 time
diff succeed!
file 4 has been read from HDFS for 8 time
diff succeed!
file 4 has been read from HDFS for 9 time
diff succeed!
file 4 has been read from HDFS for 10 time
diff succeed!
Deleted /myfile4
file 4 has been removed from HDFS
Found 20 items
-rw-r--r--   3 root supergroup  402653184 2019-02-19 22:51 /myfile1._COPYING_
-rw-r--r--   3 root supergroup 1073741824 2019-02-19 22:51 /myfile10
-rw-r--r--   3 root supergroup 1073741824 2019-02-19 22:50 /myfile11
-rw-r--r--   3 root supergroup  939524096 2019-02-19 22:51 /myfile12._COPYING_
-rw-r--r--   3 root supergroup 1073741824 2019-02-19 22:50 /myfile13
-rw-r--r--   3 root supergroup 1073741824 2019-02-19 22:50 /myfile14
-rw-r--r--   3 root supergroup 1073741824 2019-02-19 22:50 /myfile15
-rw-r--r--   3 root supergroup 1073741824 2019-02-19 22:50 /myfile16
-rw-r--r--   3 root supergroup  805306368 2019-02-19 22:50 /myfile17._COPYING_
-rw-r--r--   3 root supergroup 1073741824 2019-02-19 22:50 /myfile18
-rw-r--r--   3 root supergroup 1073741824 2019-02-19 22:51 /myfile19
-rw-r--r--   3 root supergroup  268435456 2019-02-19 22:51 /myfile2._COPYING_
-rw-r--r--   3 root supergroup 1073741824 2019-02-19 22:50 /myfile20
-rw-r--r--   3 root supergroup 1073741824 2019-02-19 22:50 /myfile3
-rw-r--r--   3 root supergroup 1073741824 2019-02-19 22:51 /myfile4
-rw-r--r--   3 root supergroup 1073741824 2019-02-19 22:50 /myfile5
-rw-r--r--   3 root supergroup 1073741824 2019-02-19 22:50 /myfile6
-rw-r--r--   3 root supergroup 1073741824 2019-02-19 22:51 /myfile7
-rw-r--r--   3 root supergroup 1073741824 2019-02-19 22:51 /myfile8
-rw-r--r--   3 root supergroup 1073741824 2019-02-19 22:50 /myfile9
file 4 has been put into HDFS
file 4 has been read from HDFS for 1 time
diff succeed!
file 4 has been read from HDFS for 2 time
diff succeed!
file 4 has been read from HDFS for 3 time
diff succeed!
file 4 has been read from HDFS for 4 time
diff succeed!
file 4 has been read from HDFS for 5 time
diff succeed!
file 4 has been read from HDFS for 6 time
diff succeed!
file 4 has been read from HDFS for 7 time
diff succeed!
file 4 has been read from HDFS for 8 time
diff succeed!
file 4 has been read from HDFS for 9 time
diff succeed!
file 4 has been read from HDFS for 10 time
diff succeed!
Deleted /myfile4
file 4 has been removed from HDFS
Found 19 items
-rw-r--r--   3 root supergroup 1073741824 2019-02-19 22:56 /myfile1
-rw-r--r--   3 root supergroup 1073741824 2019-02-19 22:56 /myfile10
-rw-r--r--   3 root supergroup 1073741824 2019-02-19 22:55 /myfile11
-rw-r--r--   3 root supergroup 1073741824 2019-02-19 22:56 /myfile12
-rw-r--r--   3 root supergroup 1073741824 2019-02-19 22:55 /myfile13
-rw-r--r--   3 root supergroup 1073741824 2019-02-19 22:55 /myfile14
-rw-r--r--   3 root supergroup 1073741824 2019-02-19 22:56 /myfile15
-rw-r--r--   3 root supergroup 1073741824 2019-02-19 22:55 /myfile16
-rw-r--r--   3 root supergroup 1073741824 2019-02-19 22:56 /myfile17
-rw-r--r--   3 root supergroup 1073741824 2019-02-19 22:55 /myfile18
-rw-r--r--   3 root supergroup 1073741824 2019-02-19 22:55 /myfile19
-rw-r--r--   3 root supergroup 1073741824 2019-02-19 22:55 /myfile20
-rw-r--r--   3 root supergroup 1073741824 2019-02-19 22:55 /myfile3
-rw-r--r--   3 root supergroup 1073741824 2019-02-19 22:56 /myfile4
-rw-r--r--   3 root supergroup 1073741824 2019-02-19 22:55 /myfile5
-rw-r--r--   3 root supergroup 1073741824 2019-02-19 22:55 /myfile6
-rw-r--r--   3 root supergroup 1073741824 2019-02-19 22:55 /myfile7
-rw-r--r--   3 root supergroup 1073741824 2019-02-19 22:55 /myfile8
-rw-r--r--   3 root supergroup 1073741824 2019-02-19 22:55 /myfile9
file 4 has been put into HDFS
file 4 has been read from HDFS for 1 time
diff succeed!
file 4 has been read from HDFS for 2 time
diff succeed!
file 4 has been read from HDFS for 3 time
diff succeed!
file 4 has been read from HDFS for 4 time
diff succeed!
file 4 has been read from HDFS for 5 time
diff succeed!
file 4 has been read from HDFS for 6 time
diff succeed!
file 4 has been read from HDFS for 7 time
diff succeed!
file 4 has been read from HDFS for 8 time
diff succeed!
file 4 has been read from HDFS for 9 time
diff succeed!
file 4 has been read from HDFS for 10 time
diff succeed!
Deleted /myfile4
file 4 has been removed from HDFS
Found 18 items
-rw-r--r--   3 root supergroup 1073741824 2019-02-19 23:00 /myfile1
-rw-r--r--   3 root supergroup  536870912 2019-02-19 23:00 /myfile10._COPYING_
-rw-r--r--   3 root supergroup  939524096 2019-02-19 23:00 /myfile11._COPYING_
-rw-r--r--   3 root supergroup  939524096 2019-02-19 23:00 /myfile12._COPYING_
-rw-r--r--   3 root supergroup 1073741824 2019-02-19 23:00 /myfile13
-rw-r--r--   3 root supergroup 1073741824 2019-02-19 22:59 /myfile14
-rw-r--r--   3 root supergroup 1073741824 2019-02-19 23:00 /myfile15
-rw-r--r--   3 root supergroup 1073741824 2019-02-19 23:00 /myfile16
-rw-r--r--   3 root supergroup  805306368 2019-02-19 23:00 /myfile17._COPYING_
-rw-r--r--   3 root supergroup 1073741824 2019-02-19 23:00 /myfile18
-rw-r--r--   3 root supergroup 1073741824 2019-02-19 23:00 /myfile19
-rw-r--r--   3 root supergroup 1073741824 2019-02-19 23:00 /myfile20
-rw-r--r--   3 root supergroup 1073741824 2019-02-19 23:00 /myfile3
-rw-r--r--   3 root supergroup 1073741824 2019-02-19 23:01 /myfile4
-rw-r--r--   3 root supergroup 1073741824 2019-02-19 22:59 /myfile5
-rw-r--r--   3 root supergroup 1073741824 2019-02-19 23:00 /myfile6
-rw-r--r--   3 root supergroup  805306368 2019-02-19 23:00 /myfile7._COPYING_
-rw-r--r--   3 root supergroup 1073741824 2019-02-19 23:00 /myfile9
file 4 has been put into HDFS
file 4 has been read from HDFS for 1 time
diff succeed!
file 4 has been read from HDFS for 2 time
diff succeed!
file 4 has been read from HDFS for 3 time
diff succeed!
file 4 has been read from HDFS for 4 time
diff succeed!
file 4 has been read from HDFS for 5 time
diff succeed!
file 4 has been read from HDFS for 6 time
diff succeed!
file 4 has been read from HDFS for 7 time
diff succeed!
file 4 has been read from HDFS for 8 time
diff succeed!
file 4 has been read from HDFS for 9 time
diff succeed!
2019-02-19 23:04:17,663 INFO retry.RetryInvocationHandler: java.net.ConnectException: Call From clnode059.clemson.cloudlab.us/130.127.133.68 to node-1-link-0:8020 failed on connection exception: java.net.ConnectException: Connection refused; For more details see:  http://wiki.apache.org/hadoop/ConnectionRefused, while invoking ClientNamenodeProtocolTranslatorPB.getFileInfo over node-1-link-0/10.10.1.4:8020 after 1 failover attempts. Trying to failover after sleeping for 657ms.
2019-02-19 23:04:18,327 INFO retry.RetryInvocationHandler: org.apache.hadoop.ipc.RemoteException(org.apache.hadoop.ipc.StandbyException): Operation category READ is not supported in state standby. Visit https://s.apache.org/sbnn-error
	at org.apache.hadoop.hdfs.server.namenode.ha.StandbyState.checkOperation(StandbyState.java:88)
	at org.apache.hadoop.hdfs.server.namenode.NameNode$NameNodeHAContext.checkOperation(NameNode.java:1952)
	at org.apache.hadoop.hdfs.server.namenode.FSNamesystem.checkOperation(FSNamesystem.java:1423)
	at org.apache.hadoop.hdfs.server.namenode.FSNamesystem.getFileInfo(FSNamesystem.java:3085)
	at org.apache.hadoop.hdfs.server.namenode.NameNodeRpcServer.getFileInfo(NameNodeRpcServer.java:1154)
	at org.apache.hadoop.hdfs.protocolPB.ClientNamenodeProtocolServerSideTranslatorPB.getFileInfo(ClientNamenodeProtocolServerSideTranslatorPB.java:966)
	at org.apache.hadoop.hdfs.protocol.proto.ClientNamenodeProtocolProtos$ClientNamenodeProtocol$2.callBlockingMethod(ClientNamenodeProtocolProtos.java)
	at org.apache.hadoop.ipc.ProtobufRpcEngine$Server$ProtoBufRpcInvoker.call(ProtobufRpcEngine.java:523)
	at org.apache.hadoop.ipc.RPC$Server.call(RPC.java:991)
	at org.apache.hadoop.ipc.Server$RpcCall.run(Server.java:872)
	at org.apache.hadoop.ipc.Server$RpcCall.run(Server.java:818)
	at java.security.AccessController.doPrivileged(Native Method)
	at javax.security.auth.Subject.doAs(Subject.java:422)
	at org.apache.hadoop.security.UserGroupInformation.doAs(UserGroupInformation.java:1729)
	at org.apache.hadoop.ipc.Server$Handler.run(Server.java:2678)
, while invoking ClientNamenodeProtocolTranslatorPB.getFileInfo over node-0-link-0/10.10.1.1:8020 after 2 failover attempts. Trying to failover after sleeping for 1294ms.
2019-02-19 23:04:19,626 INFO retry.RetryInvocationHandler: java.net.ConnectException: Call From clnode059.clemson.cloudlab.us/130.127.133.68 to node-1-link-0:8020 failed on connection exception: java.net.ConnectException: Connection refused; For more details see:  http://wiki.apache.org/hadoop/ConnectionRefused, while invoking ClientNamenodeProtocolTranslatorPB.getFileInfo over node-1-link-0/10.10.1.4:8020 after 3 failover attempts. Trying to failover after sleeping for 3147ms.
file 4 has been read from HDFS for 10 time
diff succeed!
Deleted /myfile4
file 4 has been removed from HDFS
2019-02-19 23:05:10,968 INFO retry.RetryInvocationHandler: java.net.ConnectException: Call From clnode059.clemson.cloudlab.us/130.127.133.68 to node-0-link-0:8020 failed on connection exception: java.net.ConnectException: Connection refused; For more details see:  http://wiki.apache.org/hadoop/ConnectionRefused, while invoking ClientNamenodeProtocolTranslatorPB.addBlock over node-0-link-0/10.10.1.1:8020. Trying to failover immediately.
Found 20 items
-rw-r--r--   3 root supergroup  939524096 2019-02-19 23:04 /myfile1._COPYING_
-rw-r--r--   3 root supergroup  939524096 2019-02-19 23:05 /myfile10._COPYING_
-rw-r--r--   3 root supergroup 1073741824 2019-02-19 23:05 /myfile11
-rw-r--r--   3 root supergroup 1073741824 2019-02-19 23:05 /myfile12
-rw-r--r--   3 root supergroup 1073741824 2019-02-19 23:05 /myfile13
-rw-r--r--   3 root supergroup 1073741824 2019-02-19 23:04 /myfile14
-rw-r--r--   3 root supergroup 1073741824 2019-02-19 23:05 /myfile15
-rw-r--r--   3 root supergroup  268435456 2019-02-19 23:05 /myfile16._COPYING_
-rw-r--r--   3 root supergroup  134217728 2019-02-19 23:05 /myfile17._COPYING_
-rw-r--r--   3 root supergroup  939524096 2019-02-19 23:04 /myfile18._COPYING_
-rw-r--r--   3 root supergroup 1073741824 2019-02-19 23:00 /myfile19
-rw-r--r--   3 root supergroup 1073741824 2019-02-19 23:01 /myfile2
-rw-r--r--   3 root supergroup 1073741824 2019-02-19 23:05 /myfile20
-rw-r--r--   3 root supergroup  402653184 2019-02-19 23:05 /myfile3._COPYING_
-rw-r--r--   3 root supergroup 1073741824 2019-02-19 23:05 /myfile4
-rw-r--r--   3 root supergroup 1073741824 2019-02-19 23:04 /myfile5
-rw-r--r--   3 root supergroup  939524096 2019-02-19 23:05 /myfile6._COPYING_
-rw-r--r--   3 root supergroup  939524096 2019-02-19 23:05 /myfile7._COPYING_
-rw-r--r--   3 root supergroup  402653184 2019-02-19 23:05 /myfile8._COPYING_
-rw-r--r--   3 root supergroup  939524096 2019-02-19 23:05 /myfile9._COPYING_
file 4 has been put into HDFS
file 4 has been read from HDFS for 1 time
diff succeed!
file 4 has been read from HDFS for 2 time
diff succeed!
file 4 has been read from HDFS for 3 time
diff succeed!
file 4 has been read from HDFS for 4 time
diff succeed!
file 4 has been read from HDFS for 5 time
diff succeed!
file 4 has been read from HDFS for 6 time
diff succeed!
file 4 has been read from HDFS for 7 time
diff succeed!
file 4 has been read from HDFS for 8 time
diff succeed!
file 4 has been read from HDFS for 9 time
diff succeed!
file 4 has been read from HDFS for 10 time
diff succeed!
Deleted /myfile4
file 4 has been removed from HDFS
Found 20 items
-rw-r--r--   3 root supergroup 1073741824 2019-02-19 23:11 /myfile1
-rw-r--r--   3 root supergroup 1073741824 2019-02-19 23:10 /myfile10
-rw-r--r--   3 root supergroup 1073741824 2019-02-19 23:11 /myfile11
-rw-r--r--   3 root supergroup 1073741824 2019-02-19 23:10 /myfile12
-rw-r--r--   3 root supergroup 1073741824 2019-02-19 23:10 /myfile13
-rw-r--r--   3 root supergroup 1073741824 2019-02-19 23:09 /myfile14
-rw-r--r--   3 root supergroup 1073741824 2019-02-19 23:10 /myfile15
-rw-r--r--   3 root supergroup 1073741824 2019-02-19 23:10 /myfile16
-rw-r--r--   3 root supergroup 1073741824 2019-02-19 23:10 /myfile17
-rw-r--r--   3 root supergroup 1073741824 2019-02-19 23:11 /myfile18
-rw-r--r--   3 root supergroup 1073741824 2019-02-19 23:11 /myfile19
-rw-r--r--   3 root supergroup 1073741824 2019-02-19 23:08 /myfile2
-rw-r--r--   3 root supergroup 1073741824 2019-02-19 23:10 /myfile20
-rw-r--r--   3 root supergroup  939524096 2019-02-19 23:10 /myfile3._COPYING_
-rw-r--r--   3 root supergroup 1073741824 2019-02-19 23:11 /myfile4
-rw-r--r--   3 root supergroup 1073741824 2019-02-19 23:09 /myfile5
-rw-r--r--   3 root supergroup 1073741824 2019-02-19 23:10 /myfile6
-rw-r--r--   3 root supergroup 1073741824 2019-02-19 23:11 /myfile7
-rw-r--r--   3 root supergroup 1073741824 2019-02-19 23:10 /myfile8
-rw-r--r--   3 root supergroup 1073741824 2019-02-19 23:10 /myfile9
file 4 has been put into HDFS
file 4 has been read from HDFS for 1 time
diff succeed!
file 4 has been read from HDFS for 2 time
diff succeed!
file 4 has been read from HDFS for 3 time
diff succeed!
file 4 has been read from HDFS for 4 time
diff succeed!
file 4 has been read from HDFS for 5 time
diff succeed!
file 4 has been read from HDFS for 6 time
diff succeed!
file 4 has been read from HDFS for 7 time
diff succeed!
file 4 has been read from HDFS for 8 time
diff succeed!
file 4 has been read from HDFS for 9 time
diff succeed!
file 4 has been read from HDFS for 10 time
diff succeed!
Deleted /myfile4
file 4 has been removed from HDFS
2019-02-19 23:15:25,638 INFO retry.RetryInvocationHandler: java.io.EOFException: End of File Exception between local host is: "clnode059.clemson.cloudlab.us/130.127.133.68"; destination host is: "node-1-link-0":8020; : java.io.EOFException; For more details see:  http://wiki.apache.org/hadoop/EOFException, while invoking ClientNamenodeProtocolTranslatorPB.addBlock over node-1-link-0/10.10.1.4:8020. Trying to failover immediately.
Found 20 items
-rw-r--r--   3 root supergroup  939524096 2019-02-19 23:15 /myfile1._COPYING_
-rw-r--r--   3 root supergroup 1073741824 2019-02-19 23:15 /myfile10
-rw-r--r--   3 root supergroup 1073741824 2019-02-19 23:15 /myfile11
-rw-r--r--   3 root supergroup 1073741824 2019-02-19 23:15 /myfile12
-rw-r--r--   3 root supergroup 1073741824 2019-02-19 23:15 /myfile13
-rw-r--r--   3 root supergroup 1073741824 2019-02-19 23:14 /myfile14
-rw-r--r--   3 root supergroup 1073741824 2019-02-19 23:15 /myfile15
-rw-r--r--   3 root supergroup  805306368 2019-02-19 23:15 /myfile16._COPYING_
-rw-r--r--   3 root supergroup 1073741824 2019-02-19 23:15 /myfile17
-rw-r--r--   3 root supergroup  268435456 2019-02-19 23:15 /myfile18._COPYING_
-rw-r--r--   3 root supergroup  805306368 2019-02-19 23:15 /myfile19._COPYING_
-rw-r--r--   3 root supergroup 1073741824 2019-02-19 23:12 /myfile2
-rw-r--r--   3 root supergroup 1073741824 2019-02-19 23:15 /myfile20
-rw-r--r--   3 root supergroup 1073741824 2019-02-19 23:11 /myfile3
-rw-r--r--   3 root supergroup 1073741824 2019-02-19 23:15 /myfile4
-rw-r--r--   3 root supergroup 1073741824 2019-02-19 23:13 /myfile5
-rw-r--r--   3 root supergroup 1073741824 2019-02-19 23:15 /myfile6
-rw-r--r--   3 root supergroup 1073741824 2019-02-19 23:15 /myfile7
-rw-r--r--   3 root supergroup 1073741824 2019-02-19 23:15 /myfile8
-rw-r--r--   3 root supergroup 1073741824 2019-02-19 23:15 /myfile9
file 4 has been put into HDFS
file 4 has been read from HDFS for 1 time
diff succeed!
file 4 has been read from HDFS for 2 time
diff succeed!
file 4 has been read from HDFS for 3 time
diff succeed!
file 4 has been read from HDFS for 4 time
diff succeed!
file 4 has been read from HDFS for 5 time
diff succeed!
file 4 has been read from HDFS for 6 time
diff succeed!
file 4 has been read from HDFS for 7 time
diff succeed!
file 4 has been read from HDFS for 8 time
diff succeed!
file 4 has been read from HDFS for 9 time
diff succeed!
file 4 has been read from HDFS for 10 time
diff succeed!
Deleted /myfile4
file 4 has been removed from HDFS
Found 18 items
-rw-r--r--   3 root supergroup 1073741824 2019-02-19 23:20 /myfile1
-rw-r--r--   3 root supergroup 1073741824 2019-02-19 23:20 /myfile10
-rw-r--r--   3 root supergroup 1073741824 2019-02-19 23:20 /myfile11
-rw-r--r--   3 root supergroup 1073741824 2019-02-19 23:20 /myfile12
-rw-r--r--   3 root supergroup 1073741824 2019-02-19 23:20 /myfile13
-rw-r--r--   3 root supergroup 1073741824 2019-02-19 23:19 /myfile14
-rw-r--r--   3 root supergroup 1073741824 2019-02-19 23:20 /myfile15
-rw-r--r--   3 root supergroup 1073741824 2019-02-19 23:20 /myfile16
-rw-r--r--   3 root supergroup 1073741824 2019-02-19 23:20 /myfile17
-rw-r--r--   3 root supergroup 1073741824 2019-02-19 23:21 /myfile18
-rw-r--r--   3 root supergroup 1073741824 2019-02-19 23:20 /myfile19
-rw-r--r--   3 root supergroup 1073741824 2019-02-19 23:18 /myfile2
-rw-r--r--   3 root supergroup 1073741824 2019-02-19 23:20 /myfile20
-rw-r--r--   3 root supergroup 1073741824 2019-02-19 23:21 /myfile4
-rw-r--r--   3 root supergroup 1073741824 2019-02-19 23:18 /myfile5
-rw-r--r--   3 root supergroup 1073741824 2019-02-19 23:21 /myfile6
-rw-r--r--   3 root supergroup 1073741824 2019-02-19 23:21 /myfile8
-rw-r--r--   3 root supergroup 1073741824 2019-02-19 23:20 /myfile9
file 4 has been put into HDFS
file 4 has been read from HDFS for 1 time
diff succeed!
file 4 has been read from HDFS for 2 time
diff succeed!
file 4 has been read from HDFS for 3 time
diff succeed!
file 4 has been read from HDFS for 4 time
diff succeed!
file 4 has been read from HDFS for 5 time
diff succeed!
file 4 has been read from HDFS for 6 time
diff succeed!
file 4 has been read from HDFS for 7 time
diff succeed!
file 4 has been read from HDFS for 8 time
diff succeed!
file 4 has been read from HDFS for 9 time
diff succeed!
file 4 has been read from HDFS for 10 time
diff succeed!
sub_benchmark 10 signal TERM catched and let quit gracefully
Deleted /myfile4
file 4 has been removed from HDFS
