Found 20 items
-rw-r--r--   3 root supergroup  939524096 2019-02-20 22:41 /myfile1._COPYING_
-rw-r--r--   3 root supergroup 1073741824 2019-02-20 22:41 /myfile10
-rw-r--r--   3 root supergroup 1073741824 2019-02-20 22:41 /myfile11
-rw-r--r--   3 root supergroup  939524096 2019-02-20 22:41 /myfile12._COPYING_
-rw-r--r--   3 root supergroup 1073741824 2019-02-20 22:41 /myfile13
-rw-r--r--   3 root supergroup 1073741824 2019-02-20 22:41 /myfile14
-rw-r--r--   3 root supergroup 1073741824 2019-02-20 22:41 /myfile15
-rw-r--r--   3 root supergroup 1073741824 2019-02-20 22:41 /myfile16
-rw-r--r--   3 root supergroup 1073741824 2019-02-20 22:41 /myfile17
-rw-r--r--   3 root supergroup 1073741824 2019-02-20 22:41 /myfile18
-rw-r--r--   3 root supergroup 1073741824 2019-02-20 22:41 /myfile19
-rw-r--r--   3 root supergroup  939524096 2019-02-20 22:41 /myfile2._COPYING_
-rw-r--r--   3 root supergroup 1073741824 2019-02-20 22:41 /myfile20
-rw-r--r--   3 root supergroup 1073741824 2019-02-20 22:41 /myfile3
-rw-r--r--   3 root supergroup 1073741824 2019-02-20 22:41 /myfile4
-rw-r--r--   3 root supergroup 1073741824 2019-02-20 22:41 /myfile5
-rw-r--r--   3 root supergroup  939524096 2019-02-20 22:41 /myfile6._COPYING_
-rw-r--r--   3 root supergroup 1073741824 2019-02-20 22:41 /myfile7
-rw-r--r--   3 root supergroup 1073741824 2019-02-20 22:41 /myfile8
-rw-r--r--   3 root supergroup 1073741824 2019-02-20 22:41 /myfile9
file 17 has been put into HDFS
file 17 has been read from HDFS for 1 time
diff succeed!
file 17 has been read from HDFS for 2 time
diff succeed!
file 17 has been read from HDFS for 3 time
diff succeed!
file 17 has been read from HDFS for 4 time
diff succeed!
file 17 has been read from HDFS for 5 time
diff succeed!
file 17 has been read from HDFS for 6 time
diff succeed!
file 17 has been read from HDFS for 7 time
diff succeed!
file 17 has been read from HDFS for 8 time
diff succeed!
file 17 has been read from HDFS for 9 time
diff succeed!
file 17 has been read from HDFS for 10 time
diff succeed!
Deleted /myfile17
file 17 has been removed from HDFS
Found 20 items
-rw-r--r--   3 root supergroup  671088640 2019-02-20 22:45 /myfile1._COPYING_
-rw-r--r--   3 root supergroup 1073741824 2019-02-20 22:41 /myfile10
-rw-r--r--   3 root supergroup 1073741824 2019-02-20 22:41 /myfile11
-rw-r--r--   3 root supergroup 1073741824 2019-02-20 22:45 /myfile12
-rw-r--r--   3 root supergroup 1073741824 2019-02-20 22:41 /myfile13
-rw-r--r--   3 root supergroup 1073741824 2019-02-20 22:45 /myfile14
-rw-r--r--   3 root supergroup 1073741824 2019-02-20 22:41 /myfile15
-rw-r--r--   3 root supergroup 1073741824 2019-02-20 22:45 /myfile16
-rw-r--r--   3 root supergroup 1073741824 2019-02-20 22:45 /myfile17
-rw-r--r--   3 root supergroup  805306368 2019-02-20 22:45 /myfile18._COPYING_
-rw-r--r--   3 root supergroup 1073741824 2019-02-20 22:41 /myfile19
-rw-r--r--   3 root supergroup 1073741824 2019-02-20 22:45 /myfile2
-rw-r--r--   3 root supergroup 1073741824 2019-02-20 22:41 /myfile20
-rw-r--r--   3 root supergroup 1073741824 2019-02-20 22:41 /myfile3
-rw-r--r--   3 root supergroup 1073741824 2019-02-20 22:41 /myfile4
-rw-r--r--   3 root supergroup 1073741824 2019-02-20 22:45 /myfile5
-rw-r--r--   3 root supergroup 1073741824 2019-02-20 22:45 /myfile6
-rw-r--r--   3 root supergroup 1073741824 2019-02-20 22:41 /myfile7
-rw-r--r--   3 root supergroup 1073741824 2019-02-20 22:41 /myfile8
-rw-r--r--   3 root supergroup 1073741824 2019-02-20 22:41 /myfile9
file 17 has been put into HDFS
file 17 has been read from HDFS for 1 time
diff succeed!
file 17 has been read from HDFS for 2 time
diff succeed!
file 17 has been read from HDFS for 3 time
diff succeed!
file 17 has been read from HDFS for 4 time
diff succeed!
file 17 has been read from HDFS for 5 time
diff succeed!
file 17 has been read from HDFS for 6 time
diff succeed!
file 17 has been read from HDFS for 7 time
diff succeed!
file 17 has been read from HDFS for 8 time
diff succeed!
file 17 has been read from HDFS for 9 time
diff succeed!
file 17 has been read from HDFS for 10 time
diff succeed!
Deleted /myfile17
file 17 has been removed from HDFS
Found 18 items
-rw-r--r--   3 root supergroup 1073741824 2019-02-20 22:50 /myfile1
-rw-r--r--   3 root supergroup 1073741824 2019-02-20 22:48 /myfile10
-rw-r--r--   3 root supergroup 1073741824 2019-02-20 22:49 /myfile12
-rw-r--r--   3 root supergroup 1073741824 2019-02-20 22:47 /myfile13
-rw-r--r--   3 root supergroup 1073741824 2019-02-20 22:50 /myfile14
-rw-r--r--   3 root supergroup 1073741824 2019-02-20 22:51 /myfile15
-rw-r--r--   3 root supergroup 1073741824 2019-02-20 22:50 /myfile16
-rw-r--r--   3 root supergroup 1073741824 2019-02-20 22:51 /myfile17
-rw-r--r--   3 root supergroup 1073741824 2019-02-20 22:50 /myfile18
-rw-r--r--   3 root supergroup 1073741824 2019-02-20 22:48 /myfile19
-rw-r--r--   3 root supergroup 1073741824 2019-02-20 22:49 /myfile2
-rw-r--r--   3 root supergroup 1073741824 2019-02-20 22:51 /myfile20
-rw-r--r--   3 root supergroup 1073741824 2019-02-20 22:50 /myfile3
-rw-r--r--   3 root supergroup 1073741824 2019-02-20 22:51 /myfile4
-rw-r--r--   3 root supergroup 1073741824 2019-02-20 22:49 /myfile5
-rw-r--r--   3 root supergroup 1073741824 2019-02-20 22:51 /myfile6
-rw-r--r--   3 root supergroup 1073741824 2019-02-20 22:48 /myfile7
-rw-r--r--   3 root supergroup 1073741824 2019-02-20 22:51 /myfile8
file 17 has been put into HDFS
file 17 has been read from HDFS for 1 time
diff succeed!
file 17 has been read from HDFS for 2 time
diff succeed!
file 17 has been read from HDFS for 3 time
diff succeed!
file 17 has been read from HDFS for 4 time
diff succeed!
file 17 has been read from HDFS for 5 time
diff succeed!
file 17 has been read from HDFS for 6 time
diff succeed!
2019-02-20 22:53:50,280 INFO retry.RetryInvocationHandler: org.apache.hadoop.ipc.RemoteException(org.apache.hadoop.ipc.StandbyException): Operation category READ is not supported in state standby. Visit https://s.apache.org/sbnn-error
	at org.apache.hadoop.hdfs.server.namenode.ha.StandbyState.checkOperation(StandbyState.java:88)
	at org.apache.hadoop.hdfs.server.namenode.NameNode$NameNodeHAContext.checkOperation(NameNode.java:1952)
	at org.apache.hadoop.hdfs.server.namenode.FSNamesystem.checkOperation(FSNamesystem.java:1423)
	at org.apache.hadoop.hdfs.server.namenode.FSNamesystem.getFileInfo(FSNamesystem.java:3085)
	at org.apache.hadoop.hdfs.server.namenode.NameNodeRpcServer.getFileInfo(NameNodeRpcServer.java:1154)
	at org.apache.hadoop.hdfs.protocolPB.ClientNamenodeProtocolServerSideTranslatorPB.getFileInfo(ClientNamenodeProtocolServerSideTranslatorPB.java:966)
	at org.apache.hadoop.hdfs.protocol.proto.ClientNamenodeProtocolProtos$ClientNamenodeProtocol$2.callBlockingMethod(ClientNamenodeProtocolProtos.java)
	at org.apache.hadoop.ipc.ProtobufRpcEngine$Server$ProtoBufRpcInvoker.call(ProtobufRpcEngine.java:523)
	at org.apache.hadoop.ipc.RPC$Server.call(RPC.java:991)
	at org.apache.hadoop.ipc.Server$RpcCall.run(Server.java:872)
	at org.apache.hadoop.ipc.Server$RpcCall.run(Server.java:818)
	at java.security.AccessController.doPrivileged(Native Method)
	at javax.security.auth.Subject.doAs(Subject.java:422)
	at org.apache.hadoop.security.UserGroupInformation.doAs(UserGroupInformation.java:1729)
	at org.apache.hadoop.ipc.Server$Handler.run(Server.java:2678)
, while invoking ClientNamenodeProtocolTranslatorPB.getFileInfo over node-1-link-0/10.10.1.4:8020 after 1 failover attempts. Trying to failover after sleeping for 1362ms.
2019-02-20 22:53:51,645 INFO retry.RetryInvocationHandler: java.net.ConnectException: Call From clnode049.clemson.cloudlab.us/130.127.133.58 to node-0-link-0:8020 failed on connection exception: java.net.ConnectException: Connection refused; For more details see:  http://wiki.apache.org/hadoop/ConnectionRefused, while invoking ClientNamenodeProtocolTranslatorPB.getFileInfo over node-0-link-0/10.10.1.1:8020 after 2 failover attempts. Trying to failover after sleeping for 2615ms.
file 17 has been read from HDFS for 7 time
diff succeed!
file 17 has been read from HDFS for 8 time
diff succeed!
file 17 has been read from HDFS for 9 time
diff succeed!
file 17 has been read from HDFS for 10 time
diff succeed!
Deleted /myfile17
file 17 has been removed from HDFS
Found 18 items
-rw-r--r--   3 root supergroup 1073741824 2019-02-20 22:56 /myfile10
-rw-r--r--   3 root supergroup 1073741824 2019-02-20 22:56 /myfile11
-rw-r--r--   3 root supergroup 1073741824 2019-02-20 22:54 /myfile12
-rw-r--r--   3 root supergroup 1073741824 2019-02-20 22:54 /myfile13
-rw-r--r--   3 root supergroup 1073741824 2019-02-20 22:54 /myfile14
-rw-r--r--   3 root supergroup 1073741824 2019-02-20 22:56 /myfile15
-rw-r--r--   3 root supergroup 1073741824 2019-02-20 22:54 /myfile16
-rw-r--r--   3 root supergroup 1073741824 2019-02-20 22:56 /myfile17
-rw-r--r--   3 root supergroup 1073741824 2019-02-20 22:56 /myfile18
-rw-r--r--   3 root supergroup 1073741824 2019-02-20 22:54 /myfile2
-rw-r--r--   3 root supergroup 1073741824 2019-02-20 22:56 /myfile20
-rw-r--r--   3 root supergroup 1073741824 2019-02-20 22:56 /myfile3
-rw-r--r--   3 root supergroup 1073741824 2019-02-20 22:56 /myfile4
-rw-r--r--   3 root supergroup 1073741824 2019-02-20 22:54 /myfile5
-rw-r--r--   3 root supergroup 1073741824 2019-02-20 22:56 /myfile6
-rw-r--r--   3 root supergroup 1073741824 2019-02-20 22:52 /myfile7
-rw-r--r--   3 root supergroup 1073741824 2019-02-20 22:55 /myfile8
-rw-r--r--   3 root supergroup 1073741824 2019-02-20 22:52 /myfile9
file 17 has been put into HDFS
file 17 has been read from HDFS for 1 time
diff succeed!
file 17 has been read from HDFS for 2 time
diff succeed!
file 17 has been read from HDFS for 3 time
diff succeed!
file 17 has been read from HDFS for 4 time
diff succeed!
file 17 has been read from HDFS for 5 time
diff succeed!
file 17 has been read from HDFS for 6 time
diff succeed!
file 17 has been read from HDFS for 7 time
diff succeed!
file 17 has been read from HDFS for 8 time
diff succeed!
file 17 has been read from HDFS for 9 time
diff succeed!
file 17 has been read from HDFS for 10 time
diff succeed!
Deleted /myfile17
file 17 has been removed from HDFS
Found 18 items
-rw-r--r--   3 root supergroup 1073741824 2019-02-20 22:56 /myfile10
-rw-r--r--   3 root supergroup 1073741824 2019-02-20 22:56 /myfile11
-rw-r--r--   3 root supergroup 1073741824 2019-02-20 22:58 /myfile12
-rw-r--r--   3 root supergroup 1073741824 2019-02-20 22:59 /myfile13
-rw-r--r--   3 root supergroup 1073741824 2019-02-20 22:59 /myfile14
-rw-r--r--   3 root supergroup 1073741824 2019-02-20 23:00 /myfile15
-rw-r--r--   3 root supergroup 1073741824 2019-02-20 22:59 /myfile16
-rw-r--r--   3 root supergroup 1073741824 2019-02-20 23:00 /myfile17
-rw-r--r--   3 root supergroup 1073741824 2019-02-20 23:00 /myfile18
-rw-r--r--   3 root supergroup 1073741824 2019-02-20 22:58 /myfile2
-rw-r--r--   3 root supergroup 1073741824 2019-02-20 22:56 /myfile20
-rw-r--r--   3 root supergroup 1073741824 2019-02-20 23:00 /myfile3
-rw-r--r--   3 root supergroup 1073741824 2019-02-20 23:00 /myfile4
-rw-r--r--   3 root supergroup 1073741824 2019-02-20 22:59 /myfile5
-rw-r--r--   3 root supergroup 1073741824 2019-02-20 22:56 /myfile6
-rw-r--r--   3 root supergroup 1073741824 2019-02-20 22:58 /myfile7
-rw-r--r--   3 root supergroup 1073741824 2019-02-20 23:00 /myfile8
-rw-r--r--   3 root supergroup 1073741824 2019-02-20 22:57 /myfile9
file 17 has been put into HDFS
file 17 has been read from HDFS for 1 time
diff succeed!
file 17 has been read from HDFS for 2 time
diff succeed!
file 17 has been read from HDFS for 3 time
diff succeed!
file 17 has been read from HDFS for 4 time
diff succeed!
file 17 has been read from HDFS for 5 time
diff succeed!
file 17 has been read from HDFS for 6 time
diff succeed!
file 17 has been read from HDFS for 7 time
diff succeed!
file 17 has been read from HDFS for 8 time
diff succeed!
file 17 has been read from HDFS for 9 time
diff succeed!
file 17 has been read from HDFS for 10 time
diff succeed!
2019-02-20 23:05:10,042 INFO retry.RetryInvocationHandler: org.apache.hadoop.ipc.RemoteException(org.apache.hadoop.ipc.RetriableException): org.apache.hadoop.hdfs.server.namenode.SafeModeException: Cannot delete /myfile17. Name node is in safe mode.
The reported blocks 158 has reached the threshold 0.9990 of total blocks 158. The number of live datanodes 3 has reached the minimum number 0. In safe mode extension. Safe mode will be turned off automatically in 15 seconds. NamenodeHostName:node-1-link-0
	at org.apache.hadoop.hdfs.server.namenode.FSNamesystem.checkNameNodeSafeMode(FSNamesystem.java:1441)
	at org.apache.hadoop.hdfs.server.namenode.FSNamesystem.delete(FSNamesystem.java:2986)
	at org.apache.hadoop.hdfs.server.namenode.NameNodeRpcServer.delete(NameNodeRpcServer.java:1095)
	at org.apache.hadoop.hdfs.protocolPB.ClientNamenodeProtocolServerSideTranslatorPB.delete(ClientNamenodeProtocolServerSideTranslatorPB.java:692)
	at org.apache.hadoop.hdfs.protocol.proto.ClientNamenodeProtocolProtos$ClientNamenodeProtocol$2.callBlockingMethod(ClientNamenodeProtocolProtos.java)
	at org.apache.hadoop.ipc.ProtobufRpcEngine$Server$ProtoBufRpcInvoker.call(ProtobufRpcEngine.java:523)
	at org.apache.hadoop.ipc.RPC$Server.call(RPC.java:991)
	at org.apache.hadoop.ipc.Server$RpcCall.run(Server.java:872)
	at org.apache.hadoop.ipc.Server$RpcCall.run(Server.java:818)
	at java.security.AccessController.doPrivileged(Native Method)
	at javax.security.auth.Subject.doAs(Subject.java:422)
	at org.apache.hadoop.security.UserGroupInformation.doAs(UserGroupInformation.java:1729)
	at org.apache.hadoop.ipc.Server$Handler.run(Server.java:2678)
Caused by: org.apache.hadoop.hdfs.server.namenode.SafeModeException: Cannot delete /myfile17. Name node is in safe mode.
The reported blocks 158 has reached the threshold 0.9990 of total blocks 158. The number of live datanodes 3 has reached the minimum number 0. In safe mode extension. Safe mode will be turned off automatically in 15 seconds. NamenodeHostName:node-1-link-0
	at org.apache.hadoop.hdfs.server.namenode.FSNamesystem.newSafemodeException(FSNamesystem.java:1450)
	at org.apache.hadoop.hdfs.server.namenode.FSNamesystem.checkNameNodeSafeMode(FSNamesystem.java:1437)
	... 12 more
, while invoking ClientNamenodeProtocolTranslatorPB.delete over node-1-link-0/10.10.1.4:8020. Retrying immediately.
2019-02-20 23:05:10,048 INFO retry.RetryInvocationHandler: org.apache.hadoop.ipc.RemoteException(org.apache.hadoop.ipc.RetriableException): org.apache.hadoop.hdfs.server.namenode.SafeModeException: Cannot delete /myfile17. Name node is in safe mode.
The reported blocks 158 has reached the threshold 0.9990 of total blocks 158. The number of live datanodes 3 has reached the minimum number 0. In safe mode extension. Safe mode will be turned off automatically in 15 seconds. NamenodeHostName:node-1-link-0
	at org.apache.hadoop.hdfs.server.namenode.FSNamesystem.checkNameNodeSafeMode(FSNamesystem.java:1441)
	at org.apache.hadoop.hdfs.server.namenode.FSNamesystem.delete(FSNamesystem.java:2986)
	at org.apache.hadoop.hdfs.server.namenode.NameNodeRpcServer.delete(NameNodeRpcServer.java:1095)
	at org.apache.hadoop.hdfs.protocolPB.ClientNamenodeProtocolServerSideTranslatorPB.delete(ClientNamenodeProtocolServerSideTranslatorPB.java:692)
	at org.apache.hadoop.hdfs.protocol.proto.ClientNamenodeProtocolProtos$ClientNamenodeProtocol$2.callBlockingMethod(ClientNamenodeProtocolProtos.java)
	at org.apache.hadoop.ipc.ProtobufRpcEngine$Server$ProtoBufRpcInvoker.call(ProtobufRpcEngine.java:523)
	at org.apache.hadoop.ipc.RPC$Server.call(RPC.java:991)
	at org.apache.hadoop.ipc.Server$RpcCall.run(Server.java:872)
	at org.apache.hadoop.ipc.Server$RpcCall.run(Server.java:818)
	at java.security.AccessController.doPrivileged(Native Method)
	at javax.security.auth.Subject.doAs(Subject.java:422)
	at org.apache.hadoop.security.UserGroupInformation.doAs(UserGroupInformation.java:1729)
	at org.apache.hadoop.ipc.Server$Handler.run(Server.java:2678)
Caused by: org.apache.hadoop.hdfs.server.namenode.SafeModeException: Cannot delete /myfile17. Name node is in safe mode.
The reported blocks 158 has reached the threshold 0.9990 of total blocks 158. The number of live datanodes 3 has reached the minimum number 0. In safe mode extension. Safe mode will be turned off automatically in 15 seconds. NamenodeHostName:node-1-link-0
	at org.apache.hadoop.hdfs.server.namenode.FSNamesystem.newSafemodeException(FSNamesystem.java:1450)
	at org.apache.hadoop.hdfs.server.namenode.FSNamesystem.checkNameNodeSafeMode(FSNamesystem.java:1437)
	... 12 more
, while invoking ClientNamenodeProtocolTranslatorPB.delete over node-1-link-0/10.10.1.4:8020. Retrying after sleeping for 949ms.
2019-02-20 23:05:11,002 INFO retry.RetryInvocationHandler: org.apache.hadoop.ipc.RemoteException(org.apache.hadoop.ipc.RetriableException): org.apache.hadoop.hdfs.server.namenode.SafeModeException: Cannot delete /myfile17. Name node is in safe mode.
The reported blocks 158 has reached the threshold 0.9990 of total blocks 158. The number of live datanodes 3 has reached the minimum number 0. In safe mode extension. Safe mode will be turned off automatically in 14 seconds. NamenodeHostName:node-1-link-0
	at org.apache.hadoop.hdfs.server.namenode.FSNamesystem.checkNameNodeSafeMode(FSNamesystem.java:1441)
	at org.apache.hadoop.hdfs.server.namenode.FSNamesystem.delete(FSNamesystem.java:2986)
	at org.apache.hadoop.hdfs.server.namenode.NameNodeRpcServer.delete(NameNodeRpcServer.java:1095)
	at org.apache.hadoop.hdfs.protocolPB.ClientNamenodeProtocolServerSideTranslatorPB.delete(ClientNamenodeProtocolServerSideTranslatorPB.java:692)
	at org.apache.hadoop.hdfs.protocol.proto.ClientNamenodeProtocolProtos$ClientNamenodeProtocol$2.callBlockingMethod(ClientNamenodeProtocolProtos.java)
	at org.apache.hadoop.ipc.ProtobufRpcEngine$Server$ProtoBufRpcInvoker.call(ProtobufRpcEngine.java:523)
	at org.apache.hadoop.ipc.RPC$Server.call(RPC.java:991)
	at org.apache.hadoop.ipc.Server$RpcCall.run(Server.java:872)
	at org.apache.hadoop.ipc.Server$RpcCall.run(Server.java:818)
	at java.security.AccessController.doPrivileged(Native Method)
	at javax.security.auth.Subject.doAs(Subject.java:422)
	at org.apache.hadoop.security.UserGroupInformation.doAs(UserGroupInformation.java:1729)
	at org.apache.hadoop.ipc.Server$Handler.run(Server.java:2678)
Caused by: org.apache.hadoop.hdfs.server.namenode.SafeModeException: Cannot delete /myfile17. Name node is in safe mode.
The reported blocks 158 has reached the threshold 0.9990 of total blocks 158. The number of live datanodes 3 has reached the minimum number 0. In safe mode extension. Safe mode will be turned off automatically in 14 seconds. NamenodeHostName:node-1-link-0
	at org.apache.hadoop.hdfs.server.namenode.FSNamesystem.newSafemodeException(FSNamesystem.java:1450)
	at org.apache.hadoop.hdfs.server.namenode.FSNamesystem.checkNameNodeSafeMode(FSNamesystem.java:1437)
	... 12 more
, while invoking ClientNamenodeProtocolTranslatorPB.delete over node-1-link-0/10.10.1.4:8020. Retrying after sleeping for 1719ms.
2019-02-20 23:05:12,726 INFO retry.RetryInvocationHandler: org.apache.hadoop.ipc.RemoteException(org.apache.hadoop.ipc.RetriableException): org.apache.hadoop.hdfs.server.namenode.SafeModeException: Cannot delete /myfile17. Name node is in safe mode.
The reported blocks 158 has reached the threshold 0.9990 of total blocks 158. The number of live datanodes 3 has reached the minimum number 0. In safe mode extension. Safe mode will be turned off automatically in 13 seconds. NamenodeHostName:node-1-link-0
	at org.apache.hadoop.hdfs.server.namenode.FSNamesystem.checkNameNodeSafeMode(FSNamesystem.java:1441)
	at org.apache.hadoop.hdfs.server.namenode.FSNamesystem.delete(FSNamesystem.java:2986)
	at org.apache.hadoop.hdfs.server.namenode.NameNodeRpcServer.delete(NameNodeRpcServer.java:1095)
	at org.apache.hadoop.hdfs.protocolPB.ClientNamenodeProtocolServerSideTranslatorPB.delete(ClientNamenodeProtocolServerSideTranslatorPB.java:692)
	at org.apache.hadoop.hdfs.protocol.proto.ClientNamenodeProtocolProtos$ClientNamenodeProtocol$2.callBlockingMethod(ClientNamenodeProtocolProtos.java)
	at org.apache.hadoop.ipc.ProtobufRpcEngine$Server$ProtoBufRpcInvoker.call(ProtobufRpcEngine.java:523)
	at org.apache.hadoop.ipc.RPC$Server.call(RPC.java:991)
	at org.apache.hadoop.ipc.Server$RpcCall.run(Server.java:872)
	at org.apache.hadoop.ipc.Server$RpcCall.run(Server.java:818)
	at java.security.AccessController.doPrivileged(Native Method)
	at javax.security.auth.Subject.doAs(Subject.java:422)
	at org.apache.hadoop.security.UserGroupInformation.doAs(UserGroupInformation.java:1729)
	at org.apache.hadoop.ipc.Server$Handler.run(Server.java:2678)
Caused by: org.apache.hadoop.hdfs.server.namenode.SafeModeException: Cannot delete /myfile17. Name node is in safe mode.
The reported blocks 158 has reached the threshold 0.9990 of total blocks 158. The number of live datanodes 3 has reached the minimum number 0. In safe mode extension. Safe mode will be turned off automatically in 13 seconds. NamenodeHostName:node-1-link-0
	at org.apache.hadoop.hdfs.server.namenode.FSNamesystem.newSafemodeException(FSNamesystem.java:1450)
	at org.apache.hadoop.hdfs.server.namenode.FSNamesystem.checkNameNodeSafeMode(FSNamesystem.java:1437)
	... 12 more
, while invoking ClientNamenodeProtocolTranslatorPB.delete over node-1-link-0/10.10.1.4:8020. Retrying after sleeping for 4939ms.
2019-02-20 23:05:17,668 INFO retry.RetryInvocationHandler: org.apache.hadoop.ipc.RemoteException(org.apache.hadoop.ipc.RetriableException): org.apache.hadoop.hdfs.server.namenode.SafeModeException: Cannot delete /myfile17. Name node is in safe mode.
The reported blocks 158 has reached the threshold 0.9990 of total blocks 158. The number of live datanodes 3 has reached the minimum number 0. In safe mode extension. Safe mode will be turned off automatically in 8 seconds. NamenodeHostName:node-1-link-0
	at org.apache.hadoop.hdfs.server.namenode.FSNamesystem.checkNameNodeSafeMode(FSNamesystem.java:1441)
	at org.apache.hadoop.hdfs.server.namenode.FSNamesystem.delete(FSNamesystem.java:2986)
	at org.apache.hadoop.hdfs.server.namenode.NameNodeRpcServer.delete(NameNodeRpcServer.java:1095)
	at org.apache.hadoop.hdfs.protocolPB.ClientNamenodeProtocolServerSideTranslatorPB.delete(ClientNamenodeProtocolServerSideTranslatorPB.java:692)
	at org.apache.hadoop.hdfs.protocol.proto.ClientNamenodeProtocolProtos$ClientNamenodeProtocol$2.callBlockingMethod(ClientNamenodeProtocolProtos.java)
	at org.apache.hadoop.ipc.ProtobufRpcEngine$Server$ProtoBufRpcInvoker.call(ProtobufRpcEngine.java:523)
	at org.apache.hadoop.ipc.RPC$Server.call(RPC.java:991)
	at org.apache.hadoop.ipc.Server$RpcCall.run(Server.java:872)
	at org.apache.hadoop.ipc.Server$RpcCall.run(Server.java:818)
	at java.security.AccessController.doPrivileged(Native Method)
	at javax.security.auth.Subject.doAs(Subject.java:422)
	at org.apache.hadoop.security.UserGroupInformation.doAs(UserGroupInformation.java:1729)
	at org.apache.hadoop.ipc.Server$Handler.run(Server.java:2678)
Caused by: org.apache.hadoop.hdfs.server.namenode.SafeModeException: Cannot delete /myfile17. Name node is in safe mode.
The reported blocks 158 has reached the threshold 0.9990 of total blocks 158. The number of live datanodes 3 has reached the minimum number 0. In safe mode extension. Safe mode will be turned off automatically in 8 seconds. NamenodeHostName:node-1-link-0
	at org.apache.hadoop.hdfs.server.namenode.FSNamesystem.newSafemodeException(FSNamesystem.java:1450)
	at org.apache.hadoop.hdfs.server.namenode.FSNamesystem.checkNameNodeSafeMode(FSNamesystem.java:1437)
	... 12 more
, while invoking ClientNamenodeProtocolTranslatorPB.delete over node-1-link-0/10.10.1.4:8020. Retrying after sleeping for 11484ms.
Deleted /myfile17
file 17 has been removed from HDFS
Found 18 items
-rw-r--r--   3 root supergroup 1073741824 2019-02-20 23:05 /myfile1
-rw-r--r--   3 root supergroup 1073741824 2019-02-20 23:06 /myfile10
-rw-r--r--   3 root supergroup 1073741824 2019-02-20 23:03 /myfile12
-rw-r--r--   3 root supergroup 1073741824 2019-02-20 23:03 /myfile13
-rw-r--r--   3 root supergroup 1073741824 2019-02-20 23:04 /myfile14
-rw-r--r--   3 root supergroup 1073741824 2019-02-20 23:04 /myfile15
-rw-r--r--   3 root supergroup 1073741824 2019-02-20 23:03 /myfile16
-rw-r--r--   3 root supergroup 1073741824 2019-02-20 23:06 /myfile17
-rw-r--r--   3 root supergroup 1073741824 2019-02-20 23:04 /myfile18
-rw-r--r--   3 root supergroup 1073741824 2019-02-20 23:04 /myfile19
-rw-r--r--   3 root supergroup 1073741824 2019-02-20 23:03 /myfile2
-rw-r--r--   3 root supergroup 1073741824 2019-02-20 23:01 /myfile20
-rw-r--r--   3 root supergroup 1073741824 2019-02-20 23:04 /myfile3
-rw-r--r--   3 root supergroup 1073741824 2019-02-20 23:06 /myfile4
-rw-r--r--   3 root supergroup 1073741824 2019-02-20 23:03 /myfile5
-rw-r--r--   3 root supergroup 1073741824 2019-02-20 23:03 /myfile7
-rw-r--r--   3 root supergroup 1073741824 2019-02-20 23:04 /myfile8
-rw-r--r--   3 root supergroup 1073741824 2019-02-20 23:06 /myfile9
file 17 has been put into HDFS
file 17 has been read from HDFS for 1 time
diff succeed!
file 17 has been read from HDFS for 2 time
diff succeed!
file 17 has been read from HDFS for 3 time
diff succeed!
file 17 has been read from HDFS for 4 time
diff succeed!
file 17 has been read from HDFS for 5 time
diff succeed!
file 17 has been read from HDFS for 6 time
diff succeed!
file 17 has been read from HDFS for 7 time
diff succeed!
file 17 has been read from HDFS for 8 time
diff succeed!
file 17 has been read from HDFS for 9 time
diff succeed!
file 17 has been read from HDFS for 10 time
diff succeed!
Deleted /myfile17
file 17 has been removed from HDFS
Found 20 items
-rw-r--r--   3 root supergroup 1073741824 2019-02-20 23:10 /myfile1
-rw-r--r--   3 root supergroup  402653184 2019-02-20 23:10 /myfile10._COPYING_
-rw-r--r--   3 root supergroup  402653184 2019-02-20 23:10 /myfile11._COPYING_
-rw-r--r--   3 root supergroup 1073741824 2019-02-20 23:07 /myfile12
-rw-r--r--   3 root supergroup 1073741824 2019-02-20 23:07 /myfile13
-rw-r--r--   3 root supergroup 1073741824 2019-02-20 23:08 /myfile14
-rw-r--r--   3 root supergroup 1073741824 2019-02-20 23:08 /myfile15
-rw-r--r--   3 root supergroup 1073741824 2019-02-20 23:08 /myfile16
-rw-r--r--   3 root supergroup 1073741824 2019-02-20 23:10 /myfile17
-rw-r--r--   3 root supergroup 1073741824 2019-02-20 23:09 /myfile18
-rw-r--r--   3 root supergroup 1073741824 2019-02-20 23:09 /myfile19
-rw-r--r--   3 root supergroup 1073741824 2019-02-20 23:08 /myfile2
-rw-r--r--   3 root supergroup 1073741824 2019-02-20 23:07 /myfile20
-rw-r--r--   3 root supergroup 1073741824 2019-02-20 23:09 /myfile3
-rw-r--r--   3 root supergroup  268435456 2019-02-20 23:10 /myfile4._COPYING_
-rw-r--r--   3 root supergroup 1073741824 2019-02-20 23:07 /myfile5
-rw-r--r--   3 root supergroup 1073741824 2019-02-20 23:06 /myfile6
-rw-r--r--   3 root supergroup 1073741824 2019-02-20 23:07 /myfile7
-rw-r--r--   3 root supergroup 1073741824 2019-02-20 23:08 /myfile8
-rw-r--r--   3 root supergroup 1073741824 2019-02-20 23:06 /myfile9
file 17 has been put into HDFS
file 17 has been read from HDFS for 1 time
diff succeed!
file 17 has been read from HDFS for 2 time
diff succeed!
file 17 has been read from HDFS for 3 time
diff succeed!
file 17 has been read from HDFS for 4 time
diff succeed!
file 17 has been read from HDFS for 5 time
diff succeed!
file 17 has been read from HDFS for 6 time
diff succeed!
file 17 has been read from HDFS for 7 time
diff succeed!
file 17 has been read from HDFS for 8 time
diff succeed!
file 17 has been read from HDFS for 9 time
diff succeed!
file 17 has been read from HDFS for 10 time
diff succeed!
Deleted /myfile17
file 17 has been removed from HDFS
Found 19 items
-rw-r--r--   3 root supergroup 1073741824 2019-02-20 23:15 /myfile1
-rw-r--r--   3 root supergroup 1073741824 2019-02-20 23:14 /myfile10
-rw-r--r--   3 root supergroup 1073741824 2019-02-20 23:15 /myfile11
-rw-r--r--   3 root supergroup          0 2019-02-20 23:15 /myfile13._COPYING_
-rw-r--r--   3 root supergroup 1073741824 2019-02-20 23:13 /myfile14
-rw-r--r--   3 root supergroup 1073741824 2019-02-20 23:12 /myfile15
-rw-r--r--   3 root supergroup 1073741824 2019-02-20 23:12 /myfile16
-rw-r--r--   3 root supergroup 1073741824 2019-02-20 23:15 /myfile17
-rw-r--r--   3 root supergroup 1073741824 2019-02-20 23:13 /myfile18
-rw-r--r--   3 root supergroup 1073741824 2019-02-20 23:13 /myfile19
-rw-r--r--   3 root supergroup 1073741824 2019-02-20 23:13 /myfile2
-rw-r--r--   3 root supergroup 1073741824 2019-02-20 23:12 /myfile20
-rw-r--r--   3 root supergroup 1073741824 2019-02-20 23:15 /myfile3
-rw-r--r--   3 root supergroup          0 2019-02-20 23:15 /myfile4._COPYING_
-rw-r--r--   3 root supergroup 1073741824 2019-02-20 23:11 /myfile5
-rw-r--r--   3 root supergroup 1073741824 2019-02-20 23:15 /myfile6
-rw-r--r--   3 root supergroup 1073741824 2019-02-20 23:12 /myfile7
-rw-r--r--   3 root supergroup 1073741824 2019-02-20 23:13 /myfile8
-rw-r--r--   3 root supergroup 1073741824 2019-02-20 23:11 /myfile9
file 17 has been put into HDFS
file 17 has been read from HDFS for 1 time
diff succeed!
2019-02-20 23:15:59,605 INFO retry.RetryInvocationHandler: org.apache.hadoop.ipc.RemoteException(org.apache.hadoop.ipc.StandbyException): Operation category READ is not supported in state standby. Visit https://s.apache.org/sbnn-error
	at org.apache.hadoop.hdfs.server.namenode.ha.StandbyState.checkOperation(StandbyState.java:88)
	at org.apache.hadoop.hdfs.server.namenode.NameNode$NameNodeHAContext.checkOperation(NameNode.java:1952)
	at org.apache.hadoop.hdfs.server.namenode.FSNamesystem.checkOperation(FSNamesystem.java:1423)
	at org.apache.hadoop.hdfs.server.namenode.FSNamesystem.getFileInfo(FSNamesystem.java:3085)
	at org.apache.hadoop.hdfs.server.namenode.NameNodeRpcServer.getFileInfo(NameNodeRpcServer.java:1154)
	at org.apache.hadoop.hdfs.protocolPB.ClientNamenodeProtocolServerSideTranslatorPB.getFileInfo(ClientNamenodeProtocolServerSideTranslatorPB.java:966)
	at org.apache.hadoop.hdfs.protocol.proto.ClientNamenodeProtocolProtos$ClientNamenodeProtocol$2.callBlockingMethod(ClientNamenodeProtocolProtos.java)
	at org.apache.hadoop.ipc.ProtobufRpcEngine$Server$ProtoBufRpcInvoker.call(ProtobufRpcEngine.java:523)
	at org.apache.hadoop.ipc.RPC$Server.call(RPC.java:991)
	at org.apache.hadoop.ipc.Server$RpcCall.run(Server.java:872)
	at org.apache.hadoop.ipc.Server$RpcCall.run(Server.java:818)
	at java.security.AccessController.doPrivileged(Native Method)
	at javax.security.auth.Subject.doAs(Subject.java:422)
	at org.apache.hadoop.security.UserGroupInformation.doAs(UserGroupInformation.java:1729)
	at org.apache.hadoop.ipc.Server$Handler.run(Server.java:2678)
, while invoking ClientNamenodeProtocolTranslatorPB.getFileInfo over node-1-link-0/10.10.1.4:8020 after 1 failover attempts. Trying to failover after sleeping for 1358ms.
2019-02-20 23:16:00,967 INFO retry.RetryInvocationHandler: java.net.ConnectException: Call From clnode049.clemson.cloudlab.us/130.127.133.58 to node-0-link-0:8020 failed on connection exception: java.net.ConnectException: Connection refused; For more details see:  http://wiki.apache.org/hadoop/ConnectionRefused, while invoking ClientNamenodeProtocolTranslatorPB.getFileInfo over node-0-link-0/10.10.1.1:8020 after 2 failover attempts. Trying to failover after sleeping for 2002ms.
file 17 has been read from HDFS for 2 time
diff succeed!
file 17 has been read from HDFS for 3 time
diff succeed!
file 17 has been read from HDFS for 4 time
diff succeed!
file 17 has been read from HDFS for 5 time
diff succeed!
file 17 has been read from HDFS for 6 time
diff succeed!
file 17 has been read from HDFS for 7 time
diff succeed!
file 17 has been read from HDFS for 8 time
diff succeed!
file 17 has been read from HDFS for 9 time
diff succeed!
file 17 has been read from HDFS for 10 time
diff succeed!
Deleted /myfile17
file 17 has been removed from HDFS
Found 19 items
-rw-r--r--   3 root supergroup  402653184 2019-02-20 23:19 /myfile1._COPYING_
-rw-r--r--   3 root supergroup 1073741824 2019-02-20 23:19 /myfile10
-rw-r--r--   3 root supergroup 1073741824 2019-02-20 23:19 /myfile11
-rw-r--r--   3 root supergroup 1073741824 2019-02-20 23:16 /myfile12
-rw-r--r--   3 root supergroup 1073741824 2019-02-20 23:18 /myfile14
-rw-r--r--   3 root supergroup 1073741824 2019-02-20 23:17 /myfile15
-rw-r--r--   3 root supergroup 1073741824 2019-02-20 23:17 /myfile16
-rw-r--r--   3 root supergroup 1073741824 2019-02-20 23:19 /myfile17
-rw-r--r--   3 root supergroup 1073741824 2019-02-20 23:19 /myfile18
-rw-r--r--   3 root supergroup 1073741824 2019-02-20 23:17 /myfile19
-rw-r--r--   3 root supergroup 1073741824 2019-02-20 23:17 /myfile2
-rw-r--r--   3 root supergroup 1073741824 2019-02-20 23:17 /myfile20
-rw-r--r--   3 root supergroup  671088640 2019-02-20 23:19 /myfile3._COPYING_
-rw-r--r--   3 root supergroup 1073741824 2019-02-20 23:15 /myfile4
-rw-r--r--   3 root supergroup 1073741824 2019-02-20 23:17 /myfile5
-rw-r--r--   3 root supergroup 1073741824 2019-02-20 23:19 /myfile6
-rw-r--r--   3 root supergroup 1073741824 2019-02-20 23:17 /myfile7
-rw-r--r--   3 root supergroup 1073741824 2019-02-20 23:17 /myfile8
-rw-r--r--   3 root supergroup 1073741824 2019-02-20 23:17 /myfile9
file 17 has been put into HDFS
file 17 has been read from HDFS for 1 time
diff succeed!
file 17 has been read from HDFS for 2 time
diff succeed!
file 17 has been read from HDFS for 3 time
diff succeed!
file 17 has been read from HDFS for 4 time
diff succeed!
file 17 has been read from HDFS for 5 time
diff succeed!
file 17 has been read from HDFS for 6 time
diff succeed!
file 17 has been read from HDFS for 7 time
diff succeed!
file 17 has been read from HDFS for 8 time
diff succeed!
file 17 has been read from HDFS for 9 time
diff succeed!
file 17 has been read from HDFS for 10 time
diff succeed!
Deleted /myfile17
file 17 has been removed from HDFS
Found 20 items
-rw-r--r--   3 root supergroup 1073741824 2019-02-20 23:24 /myfile1
-rw-r--r--   3 root supergroup 1073741824 2019-02-20 23:23 /myfile10
-rw-r--r--   3 root supergroup 1073741824 2019-02-20 23:24 /myfile11
-rw-r--r--   3 root supergroup  268435456 2019-02-20 23:25 /myfile12._COPYING_
-rw-r--r--   3 root supergroup 1073741824 2019-02-20 23:25 /myfile13
-rw-r--r--   3 root supergroup 1073741824 2019-02-20 23:23 /myfile14
-rw-r--r--   3 root supergroup 1073741824 2019-02-20 23:22 /myfile15
-rw-r--r--   3 root supergroup 1073741824 2019-02-20 23:21 /myfile16
-rw-r--r--   3 root supergroup 1073741824 2019-02-20 23:25 /myfile17
-rw-r--r--   3 root supergroup 1073741824 2019-02-20 23:23 /myfile18
-rw-r--r--   3 root supergroup 1073741824 2019-02-20 23:21 /myfile19
-rw-r--r--   3 root supergroup 1073741824 2019-02-20 23:22 /myfile2
-rw-r--r--   3 root supergroup  402653184 2019-02-20 23:25 /myfile20._COPYING_
-rw-r--r--   3 root supergroup 1073741824 2019-02-20 23:24 /myfile3
-rw-r--r--   3 root supergroup 1073741824 2019-02-20 23:24 /myfile4
-rw-r--r--   3 root supergroup 1073741824 2019-02-20 23:22 /myfile5
-rw-r--r--   3 root supergroup 1073741824 2019-02-20 23:24 /myfile6
-rw-r--r--   3 root supergroup 1073741824 2019-02-20 23:21 /myfile7
-rw-r--r--   3 root supergroup 1073741824 2019-02-20 23:22 /myfile8
-rw-r--r--   3 root supergroup  939524096 2019-02-20 23:25 /myfile9._COPYING_
file 17 has been put into HDFS
file 17 has been read from HDFS for 1 time
diff succeed!
sub_benchmark 2 signal TERM catched and let quit gracefully
file 17 has been read from HDFS for 2 time
diff succeed!
Deleted /myfile17
file 17 has been removed from HDFS
