Found 20 items
-rw-r--r--   3 root supergroup 1073741824 2019-03-01 06:59 /myfile1
-rw-r--r--   3 root supergroup 1073741824 2019-03-01 06:59 /myfile10
-rw-r--r--   3 root supergroup 1073741824 2019-03-01 06:59 /myfile11
-rw-r--r--   3 root supergroup  939524096 2019-03-01 06:58 /myfile12._COPYING_
-rw-r--r--   3 root supergroup 1073741824 2019-03-01 06:59 /myfile13
-rw-r--r--   3 root supergroup 1073741824 2019-03-01 06:59 /myfile14
-rw-r--r--   3 root supergroup 1073741824 2019-03-01 06:59 /myfile15
-rw-r--r--   3 root supergroup 1073741824 2019-03-01 06:59 /myfile16
-rw-r--r--   3 root supergroup 1073741824 2019-03-01 06:59 /myfile17
-rw-r--r--   3 root supergroup 1073741824 2019-03-01 06:59 /myfile18
-rw-r--r--   3 root supergroup 1073741824 2019-03-01 06:59 /myfile19
-rw-r--r--   3 root supergroup 1073741824 2019-03-01 06:59 /myfile2
-rw-r--r--   3 root supergroup 1073741824 2019-03-01 06:59 /myfile20
-rw-r--r--   3 root supergroup 1073741824 2019-03-01 06:59 /myfile3
-rw-r--r--   3 root supergroup 1073741824 2019-03-01 06:59 /myfile4
-rw-r--r--   3 root supergroup 1073741824 2019-03-01 06:59 /myfile5
-rw-r--r--   3 root supergroup 1073741824 2019-03-01 06:59 /myfile6
-rw-r--r--   3 root supergroup 1073741824 2019-03-01 06:59 /myfile7
-rw-r--r--   3 root supergroup 1073741824 2019-03-01 06:59 /myfile8
-rw-r--r--   3 root supergroup 1073741824 2019-03-01 06:59 /myfile9
file 1 has been put into HDFS
file 1 has been read from HDFS for 1 time
diff succeed!
file 1 has been read from HDFS for 2 time
diff succeed!
file 1 has been read from HDFS for 3 time
diff succeed!
file 1 has been read from HDFS for 4 time
diff succeed!
file 1 has been read from HDFS for 5 time
diff succeed!
file 1 has been read from HDFS for 6 time
diff succeed!
file 1 has been read from HDFS for 7 time
diff succeed!
file 1 has been read from HDFS for 8 time
diff succeed!
file 1 has been read from HDFS for 9 time
diff succeed!
file 1 has been read from HDFS for 10 time
diff succeed!
Deleted /myfile1
file 1 has been removed from HDFS
Found 18 items
-rw-r--r--   3 root supergroup 1073741824 2019-03-01 07:04 /myfile1
-rw-r--r--   3 root supergroup 1073741824 2019-03-01 07:03 /myfile10
-rw-r--r--   3 root supergroup 1073741824 2019-03-01 07:03 /myfile11
-rw-r--r--   3 root supergroup 1073741824 2019-03-01 07:03 /myfile13
-rw-r--r--   3 root supergroup 1073741824 2019-03-01 07:03 /myfile14
-rw-r--r--   3 root supergroup 1073741824 2019-03-01 07:03 /myfile15
-rw-r--r--   3 root supergroup 1073741824 2019-03-01 07:03 /myfile16
-rw-r--r--   3 root supergroup 1073741824 2019-03-01 07:03 /myfile17
-rw-r--r--   3 root supergroup 1073741824 2019-03-01 07:03 /myfile19
-rw-r--r--   3 root supergroup 1073741824 2019-03-01 07:03 /myfile2
-rw-r--r--   3 root supergroup 1073741824 2019-03-01 07:03 /myfile20
-rw-r--r--   3 root supergroup 1073741824 2019-03-01 07:04 /myfile3
-rw-r--r--   3 root supergroup 1073741824 2019-03-01 07:03 /myfile4
-rw-r--r--   3 root supergroup 1073741824 2019-03-01 07:03 /myfile5
-rw-r--r--   3 root supergroup 1073741824 2019-03-01 07:04 /myfile6
-rw-r--r--   3 root supergroup 1073741824 2019-03-01 07:03 /myfile7
-rw-r--r--   3 root supergroup 1073741824 2019-03-01 07:03 /myfile8
-rw-r--r--   3 root supergroup 1073741824 2019-03-01 07:03 /myfile9
file 1 has been put into HDFS
file 1 has been read from HDFS for 1 time
diff succeed!
file 1 has been read from HDFS for 2 time
diff succeed!
file 1 has been read from HDFS for 3 time
diff succeed!
file 1 has been read from HDFS for 4 time
diff succeed!
file 1 has been read from HDFS for 5 time
diff succeed!
file 1 has been read from HDFS for 6 time
diff succeed!
file 1 has been read from HDFS for 7 time
diff succeed!
file 1 has been read from HDFS for 8 time
diff succeed!
file 1 has been read from HDFS for 9 time
diff succeed!
file 1 has been read from HDFS for 10 time
diff succeed!
Deleted /myfile1
file 1 has been removed from HDFS
Found 19 items
-rw-r--r--   3 root supergroup 1073741824 2019-03-01 07:09 /myfile1
-rw-r--r--   3 root supergroup 1073741824 2019-03-01 07:07 /myfile10
-rw-r--r--   3 root supergroup 1073741824 2019-03-01 07:07 /myfile11
-rw-r--r--   3 root supergroup 1073741824 2019-03-01 07:08 /myfile13
-rw-r--r--   3 root supergroup 1073741824 2019-03-01 07:07 /myfile14
-rw-r--r--   3 root supergroup 1073741824 2019-03-01 07:07 /myfile15
-rw-r--r--   3 root supergroup 1073741824 2019-03-01 07:07 /myfile16
-rw-r--r--   3 root supergroup 1073741824 2019-03-01 07:07 /myfile17
-rw-r--r--   3 root supergroup 1073741824 2019-03-01 07:05 /myfile18
-rw-r--r--   3 root supergroup 1073741824 2019-03-01 07:08 /myfile19
-rw-r--r--   3 root supergroup 1073741824 2019-03-01 07:08 /myfile2
-rw-r--r--   3 root supergroup 1073741824 2019-03-01 07:07 /myfile20
-rw-r--r--   3 root supergroup 1073741824 2019-03-01 07:08 /myfile3
-rw-r--r--   3 root supergroup 1073741824 2019-03-01 07:07 /myfile4
-rw-r--r--   3 root supergroup 1073741824 2019-03-01 07:08 /myfile5
-rw-r--r--   3 root supergroup  268435456 2019-03-01 07:08 /myfile6._COPYING_
-rw-r--r--   3 root supergroup 1073741824 2019-03-01 07:07 /myfile7
-rw-r--r--   3 root supergroup 1073741824 2019-03-01 07:07 /myfile8
-rw-r--r--   3 root supergroup 1073741824 2019-03-01 07:08 /myfile9
file 1 has been put into HDFS
file 1 has been read from HDFS for 1 time
diff succeed!
file 1 has been read from HDFS for 2 time
diff succeed!
file 1 has been read from HDFS for 3 time
diff succeed!
file 1 has been read from HDFS for 4 time
diff succeed!
file 1 has been read from HDFS for 5 time
diff succeed!
file 1 has been read from HDFS for 6 time
diff succeed!
file 1 has been read from HDFS for 7 time
diff succeed!
file 1 has been read from HDFS for 8 time
diff succeed!
file 1 has been read from HDFS for 9 time
diff succeed!
file 1 has been read from HDFS for 10 time
diff succeed!
Deleted /myfile1
file 1 has been removed from HDFS
Found 18 items
-rw-r--r--   3 root supergroup 1073741824 2019-03-01 07:12 /myfile1
-rw-r--r--   3 root supergroup 1073741824 2019-03-01 07:12 /myfile10
-rw-r--r--   3 root supergroup 1073741824 2019-03-01 07:11 /myfile11
-rw-r--r--   3 root supergroup 1073741824 2019-03-01 07:11 /myfile13
-rw-r--r--   3 root supergroup 1073741824 2019-03-01 07:11 /myfile14
-rw-r--r--   3 root supergroup 1073741824 2019-03-01 07:11 /myfile15
-rw-r--r--   3 root supergroup 1073741824 2019-03-01 07:11 /myfile16
-rw-r--r--   3 root supergroup 1073741824 2019-03-01 07:11 /myfile17
-rw-r--r--   3 root supergroup 1073741824 2019-03-01 07:09 /myfile18
-rw-r--r--   3 root supergroup 1073741824 2019-03-01 07:08 /myfile19
-rw-r--r--   3 root supergroup 1073741824 2019-03-01 07:12 /myfile2
-rw-r--r--   3 root supergroup 1073741824 2019-03-01 07:11 /myfile20
-rw-r--r--   3 root supergroup  939524096 2019-03-01 07:12 /myfile3._COPYING_
-rw-r--r--   3 root supergroup 1073741824 2019-03-01 07:11 /myfile4
-rw-r--r--   3 root supergroup 1073741824 2019-03-01 07:12 /myfile5
-rw-r--r--   3 root supergroup 1073741824 2019-03-01 07:11 /myfile7
-rw-r--r--   3 root supergroup 1073741824 2019-03-01 07:11 /myfile8
-rw-r--r--   3 root supergroup          0 2019-03-01 07:12 /myfile9._COPYING_
file 1 has been put into HDFS
file 1 has been read from HDFS for 1 time
diff succeed!
file 1 has been read from HDFS for 2 time
diff succeed!
sub_benchmark 2 signal TERM catched and let quit gracefully
Deleted /myfile1
file 1 has been removed from HDFS
