Found 20 items
-rw-r--r--   3 root supergroup  939524096 2019-02-28 19:32 /myfile1._COPYING_
-rw-r--r--   3 root supergroup  805306368 2019-02-28 19:32 /myfile10._COPYING_
-rw-r--r--   3 root supergroup  671088640 2019-02-28 19:32 /myfile11._COPYING_
-rw-r--r--   3 root supergroup  805306368 2019-02-28 19:32 /myfile12._COPYING_
-rw-r--r--   3 root supergroup  939524096 2019-02-28 19:32 /myfile13._COPYING_
-rw-r--r--   3 root supergroup  939524096 2019-02-28 19:32 /myfile14._COPYING_
-rw-r--r--   3 root supergroup 1073741824 2019-02-28 19:32 /myfile15
-rw-r--r--   3 root supergroup  805306368 2019-02-28 19:32 /myfile16._COPYING_
-rw-r--r--   3 root supergroup  671088640 2019-02-28 19:32 /myfile17._COPYING_
-rw-r--r--   3 root supergroup  805306368 2019-02-28 19:32 /myfile18._COPYING_
-rw-r--r--   3 root supergroup  939524096 2019-02-28 19:32 /myfile19._COPYING_
-rw-r--r--   3 root supergroup  671088640 2019-02-28 19:32 /myfile2._COPYING_
-rw-r--r--   3 root supergroup  939524096 2019-02-28 19:32 /myfile20._COPYING_
-rw-r--r--   3 root supergroup  939524096 2019-02-28 19:32 /myfile3._COPYING_
-rw-r--r--   3 root supergroup  805306368 2019-02-28 19:32 /myfile4._COPYING_
-rw-r--r--   3 root supergroup  939524096 2019-02-28 19:32 /myfile5._COPYING_
-rw-r--r--   3 root supergroup  805306368 2019-02-28 19:32 /myfile6._COPYING_
-rw-r--r--   3 root supergroup  805306368 2019-02-28 19:32 /myfile7._COPYING_
-rw-r--r--   3 root supergroup  805306368 2019-02-28 19:32 /myfile8._COPYING_
-rw-r--r--   3 root supergroup  671088640 2019-02-28 19:32 /myfile9._COPYING_
file 15 has been put into HDFS
file 15 has been read from HDFS for 1 time
diff succeed!
file 15 has been read from HDFS for 2 time
diff succeed!
file 15 has been read from HDFS for 3 time
diff succeed!
file 15 has been read from HDFS for 4 time
diff succeed!
file 15 has been read from HDFS for 5 time
diff succeed!
file 15 has been read from HDFS for 6 time
diff succeed!
file 15 has been read from HDFS for 7 time
diff succeed!
file 15 has been read from HDFS for 8 time
diff succeed!
file 15 has been read from HDFS for 9 time
diff succeed!
file 15 has been read from HDFS for 10 time
diff succeed!
Deleted /myfile15
file 15 has been removed from HDFS
Found 15 items
-rw-r--r--   3 root supergroup 1073741824 2019-02-28 19:36 /myfile10
-rw-r--r--   3 root supergroup 1073741824 2019-02-28 19:34 /myfile11
-rw-r--r--   3 root supergroup 1073741824 2019-02-28 19:33 /myfile12
-rw-r--r--   3 root supergroup 1073741824 2019-02-28 19:32 /myfile13
-rw-r--r--   3 root supergroup 1073741824 2019-02-28 19:36 /myfile15
-rw-r--r--   3 root supergroup  402653184 2019-02-28 19:36 /myfile16._COPYING_
-rw-r--r--   3 root supergroup 1073741824 2019-02-28 19:33 /myfile17
-rw-r--r--   3 root supergroup 1073741824 2019-02-28 19:32 /myfile19
-rw-r--r--   3 root supergroup 1073741824 2019-02-28 19:33 /myfile2
-rw-r--r--   3 root supergroup 1073741824 2019-02-28 19:33 /myfile20
-rw-r--r--   3 root supergroup 1073741824 2019-02-28 19:33 /myfile3
-rw-r--r--   3 root supergroup 1073741824 2019-02-28 19:33 /myfile4
-rw-r--r--   3 root supergroup 1073741824 2019-02-28 19:33 /myfile5
-rw-r--r--   3 root supergroup 1073741824 2019-02-28 19:36 /myfile6
-rw-r--r--   3 root supergroup 1073741824 2019-02-28 19:33 /myfile7
file 15 has been put into HDFS
file 15 has been read from HDFS for 1 time
diff succeed!
file 15 has been read from HDFS for 2 time
diff succeed!
file 15 has been read from HDFS for 3 time
diff succeed!
file 15 has been read from HDFS for 4 time
diff succeed!
file 15 has been read from HDFS for 5 time
diff succeed!
file 15 has been read from HDFS for 6 time
diff succeed!
file 15 has been read from HDFS for 7 time
diff succeed!
file 15 has been read from HDFS for 8 time
diff succeed!
file 15 has been read from HDFS for 9 time
diff succeed!
file 15 has been read from HDFS for 10 time
diff succeed!
Deleted /myfile15
file 15 has been removed from HDFS
Found 17 items
-rw-r--r--   3 root supergroup 1073741824 2019-02-28 19:42 /myfile1
-rw-r--r--   3 root supergroup  805306368 2019-02-28 19:41 /myfile10._COPYING_
-rw-r--r--   3 root supergroup  671088640 2019-02-28 19:41 /myfile11._COPYING_
-rw-r--r--   3 root supergroup 1073741824 2019-02-28 19:42 /myfile12
-rw-r--r--   3 root supergroup 1073741824 2019-02-28 19:38 /myfile13
-rw-r--r--   3 root supergroup 1073741824 2019-02-28 19:41 /myfile14
-rw-r--r--   3 root supergroup 1073741824 2019-02-28 19:42 /myfile15
-rw-r--r--   3 root supergroup 1073741824 2019-02-28 19:41 /myfile16
-rw-r--r--   3 root supergroup  536870912 2019-02-28 19:41 /myfile17._COPYING_
-rw-r--r--   3 root supergroup 1073741824 2019-02-28 19:42 /myfile18
-rw-r--r--   3 root supergroup 1073741824 2019-02-28 19:39 /myfile2
-rw-r--r--   3 root supergroup 1073741824 2019-02-28 19:38 /myfile4
-rw-r--r--   3 root supergroup 1073741824 2019-02-28 19:39 /myfile5
-rw-r--r--   3 root supergroup 1073741824 2019-02-28 19:41 /myfile6
-rw-r--r--   3 root supergroup 1073741824 2019-02-28 19:42 /myfile7
-rw-r--r--   3 root supergroup 1073741824 2019-02-28 19:42 /myfile8
-rw-r--r--   3 root supergroup 1073741824 2019-02-28 19:42 /myfile9
file 15 has been put into HDFS
file 15 has been read from HDFS for 1 time
diff succeed!
file 15 has been read from HDFS for 2 time
diff succeed!
file 15 has been read from HDFS for 3 time
diff succeed!
file 15 has been read from HDFS for 4 time
diff succeed!
file 15 has been read from HDFS for 5 time
diff succeed!
file 15 has been read from HDFS for 6 time
diff succeed!
file 15 has been read from HDFS for 7 time
diff succeed!
file 15 has been read from HDFS for 8 time
diff succeed!
file 15 has been read from HDFS for 9 time
diff succeed!
file 15 has been read from HDFS for 10 time
diff succeed!
Deleted /myfile15
file 15 has been removed from HDFS
Found 19 items
-rw-r--r--   3 root supergroup 1073741824 2019-02-28 19:46 /myfile1
-rw-r--r--   3 root supergroup 1073741824 2019-02-28 19:46 /myfile10
-rw-r--r--   3 root supergroup 1073741824 2019-02-28 19:46 /myfile12
-rw-r--r--   3 root supergroup 1073741824 2019-02-28 19:43 /myfile13
-rw-r--r--   3 root supergroup 1073741824 2019-02-28 19:46 /myfile14
-rw-r--r--   3 root supergroup 1073741824 2019-02-28 19:46 /myfile15
-rw-r--r--   3 root supergroup 1073741824 2019-02-28 19:45 /myfile16
-rw-r--r--   3 root supergroup 1073741824 2019-02-28 19:43 /myfile17
-rw-r--r--   3 root supergroup 1073741824 2019-02-28 19:46 /myfile18
-rw-r--r--   3 root supergroup 1073741824 2019-02-28 19:43 /myfile19
-rw-r--r--   3 root supergroup 1073741824 2019-02-28 19:43 /myfile2
-rw-r--r--   3 root supergroup 1073741824 2019-02-28 19:43 /myfile20
-rw-r--r--   3 root supergroup 1073741824 2019-02-28 19:43 /myfile3
-rw-r--r--   3 root supergroup 1073741824 2019-02-28 19:43 /myfile4
-rw-r--r--   3 root supergroup 1073741824 2019-02-28 19:43 /myfile5
-rw-r--r--   3 root supergroup 1073741824 2019-02-28 19:45 /myfile6
-rw-r--r--   3 root supergroup 1073741824 2019-02-28 19:46 /myfile7
-rw-r--r--   3 root supergroup 1073741824 2019-02-28 19:46 /myfile8
-rw-r--r--   3 root supergroup  671088640 2019-02-28 19:46 /myfile9._COPYING_
file 15 has been put into HDFS
sub_benchmark 1 signal TERM catched and let quit gracefully
file 15 has been read from HDFS for 1 time
diff succeed!
Deleted /myfile15
file 15 has been removed from HDFS
