2019-02-27 14:42:02,878 INFO retry.RetryInvocationHandler: java.net.ConnectException: Call From clnode076.clemson.cloudlab.us/130.127.133.85 to node-0-link-0:8020 failed on connection exception: java.net.ConnectException: Connection refused; For more details see:  http://wiki.apache.org/hadoop/ConnectionRefused, while invoking ClientNamenodeProtocolTranslatorPB.renewLease over node-0-link-0/10.10.1.1:8020. Trying to failover immediately.
2019-02-27 14:42:02,883 INFO retry.RetryInvocationHandler: org.apache.hadoop.ipc.RemoteException(org.apache.hadoop.ipc.StandbyException): Operation category WRITE is not supported in state standby. Visit https://s.apache.org/sbnn-error
	at org.apache.hadoop.hdfs.server.namenode.ha.StandbyState.checkOperation(StandbyState.java:88)
	at org.apache.hadoop.hdfs.server.namenode.NameNode$NameNodeHAContext.checkOperation(NameNode.java:1952)
	at org.apache.hadoop.hdfs.server.namenode.FSNamesystem.checkOperation(FSNamesystem.java:1423)
	at org.apache.hadoop.hdfs.server.namenode.FSNamesystem.renewLease(FSNamesystem.java:3740)
	at org.apache.hadoop.hdfs.server.namenode.NameNodeRpcServer.renewLease(NameNodeRpcServer.java:1134)
	at org.apache.hadoop.hdfs.protocolPB.ClientNamenodeProtocolServerSideTranslatorPB.renewLease(ClientNamenodeProtocolServerSideTranslatorPB.java:737)
	at org.apache.hadoop.hdfs.protocol.proto.ClientNamenodeProtocolProtos$ClientNamenodeProtocol$2.callBlockingMethod(ClientNamenodeProtocolProtos.java)
	at org.apache.hadoop.ipc.ProtobufRpcEngine$Server$ProtoBufRpcInvoker.call(ProtobufRpcEngine.java:523)
	at org.apache.hadoop.ipc.RPC$Server.call(RPC.java:991)
	at org.apache.hadoop.ipc.Server$RpcCall.run(Server.java:872)
	at org.apache.hadoop.ipc.Server$RpcCall.run(Server.java:818)
	at java.security.AccessController.doPrivileged(Native Method)
	at javax.security.auth.Subject.doAs(Subject.java:422)
	at org.apache.hadoop.security.UserGroupInformation.doAs(UserGroupInformation.java:1729)
	at org.apache.hadoop.ipc.Server$Handler.run(Server.java:2678)
, while invoking ClientNamenodeProtocolTranslatorPB.renewLease over node-1-link-0/10.10.1.4:8020 after 1 failover attempts. Trying to failover after sleeping for 574ms.
2019-02-27 14:42:03,015 INFO retry.RetryInvocationHandler: org.apache.hadoop.ipc.RemoteException(org.apache.hadoop.ipc.StandbyException): Operation category WRITE is not supported in state standby. Visit https://s.apache.org/sbnn-error
	at org.apache.hadoop.hdfs.server.namenode.ha.StandbyState.checkOperation(StandbyState.java:88)
	at org.apache.hadoop.hdfs.server.namenode.NameNode$NameNodeHAContext.checkOperation(NameNode.java:1952)
	at org.apache.hadoop.hdfs.server.namenode.FSNamesystem.checkOperation(FSNamesystem.java:1423)
	at org.apache.hadoop.hdfs.server.namenode.FSNamesystem.completeFile(FSNamesystem.java:2837)
	at org.apache.hadoop.hdfs.server.namenode.NameNodeRpcServer.complete(NameNodeRpcServer.java:928)
	at org.apache.hadoop.hdfs.protocolPB.ClientNamenodeProtocolServerSideTranslatorPB.complete(ClientNamenodeProtocolServerSideTranslatorPB.java:607)
	at org.apache.hadoop.hdfs.protocol.proto.ClientNamenodeProtocolProtos$ClientNamenodeProtocol$2.callBlockingMethod(ClientNamenodeProtocolProtos.java)
	at org.apache.hadoop.ipc.ProtobufRpcEngine$Server$ProtoBufRpcInvoker.call(ProtobufRpcEngine.java:523)
	at org.apache.hadoop.ipc.RPC$Server.call(RPC.java:991)
	at org.apache.hadoop.ipc.Server$RpcCall.run(Server.java:872)
	at org.apache.hadoop.ipc.Server$RpcCall.run(Server.java:818)
	at java.security.AccessController.doPrivileged(Native Method)
	at javax.security.auth.Subject.doAs(Subject.java:422)
	at org.apache.hadoop.security.UserGroupInformation.doAs(UserGroupInformation.java:1729)
	at org.apache.hadoop.ipc.Server$Handler.run(Server.java:2678)
, while invoking ClientNamenodeProtocolTranslatorPB.complete over node-1-link-0/10.10.1.4:8020. Trying to failover immediately.
2019-02-27 14:42:03,017 INFO retry.RetryInvocationHandler: java.net.ConnectException: Call From clnode076.clemson.cloudlab.us/130.127.133.85 to node-0-link-0:8020 failed on connection exception: java.net.ConnectException: Connection refused; For more details see:  http://wiki.apache.org/hadoop/ConnectionRefused, while invoking ClientNamenodeProtocolTranslatorPB.complete over node-0-link-0/10.10.1.1:8020 after 1 failover attempts. Trying to failover after sleeping for 749ms.
2019-02-27 14:42:03,457 WARN retry.RetryInvocationHandler: A failover has occurred since the start of call #15 ClientNamenodeProtocolTranslatorPB.renewLease over node-0-link-0/10.10.1.1:8020
2019-02-27 14:42:03,460 INFO retry.RetryInvocationHandler: java.net.ConnectException: Call From clnode076.clemson.cloudlab.us/130.127.133.85 to node-0-link-0:8020 failed on connection exception: java.net.ConnectException: Connection refused; For more details see:  http://wiki.apache.org/hadoop/ConnectionRefused, while invoking ClientNamenodeProtocolTranslatorPB.renewLease over node-0-link-0/10.10.1.1:8020 after 2 failover attempts. Trying to failover after sleeping for 2109ms.
2019-02-27 14:42:03,768 INFO retry.RetryInvocationHandler: org.apache.hadoop.ipc.RemoteException(org.apache.hadoop.ipc.StandbyException): Operation category WRITE is not supported in state standby. Visit https://s.apache.org/sbnn-error
	at org.apache.hadoop.hdfs.server.namenode.ha.StandbyState.checkOperation(StandbyState.java:88)
	at org.apache.hadoop.hdfs.server.namenode.NameNode$NameNodeHAContext.checkOperation(NameNode.java:1952)
	at org.apache.hadoop.hdfs.server.namenode.FSNamesystem.checkOperation(FSNamesystem.java:1423)
	at org.apache.hadoop.hdfs.server.namenode.FSNamesystem.completeFile(FSNamesystem.java:2837)
	at org.apache.hadoop.hdfs.server.namenode.NameNodeRpcServer.complete(NameNodeRpcServer.java:928)
	at org.apache.hadoop.hdfs.protocolPB.ClientNamenodeProtocolServerSideTranslatorPB.complete(ClientNamenodeProtocolServerSideTranslatorPB.java:607)
	at org.apache.hadoop.hdfs.protocol.proto.ClientNamenodeProtocolProtos$ClientNamenodeProtocol$2.callBlockingMethod(ClientNamenodeProtocolProtos.java)
	at org.apache.hadoop.ipc.ProtobufRpcEngine$Server$ProtoBufRpcInvoker.call(ProtobufRpcEngine.java:523)
	at org.apache.hadoop.ipc.RPC$Server.call(RPC.java:991)
	at org.apache.hadoop.ipc.Server$RpcCall.run(Server.java:872)
	at org.apache.hadoop.ipc.Server$RpcCall.run(Server.java:818)
	at java.security.AccessController.doPrivileged(Native Method)
	at javax.security.auth.Subject.doAs(Subject.java:422)
	at org.apache.hadoop.security.UserGroupInformation.doAs(UserGroupInformation.java:1729)
	at org.apache.hadoop.ipc.Server$Handler.run(Server.java:2678)
, while invoking ClientNamenodeProtocolTranslatorPB.complete over node-1-link-0/10.10.1.4:8020 after 2 failover attempts. Trying to failover after sleeping for 1710ms.
2019-02-27 14:42:05,480 INFO retry.RetryInvocationHandler: java.net.ConnectException: Call From clnode076.clemson.cloudlab.us/130.127.133.85 to node-0-link-0:8020 failed on connection exception: java.net.ConnectException: Connection refused; For more details see:  http://wiki.apache.org/hadoop/ConnectionRefused, while invoking ClientNamenodeProtocolTranslatorPB.complete over node-0-link-0/10.10.1.1:8020 after 3 failover attempts. Trying to failover after sleeping for 4803ms.
2019-02-27 14:42:05,569 WARN retry.RetryInvocationHandler: A failover has occurred since the start of call #15 ClientNamenodeProtocolTranslatorPB.renewLease over node-0-link-0/10.10.1.1:8020
2019-02-27 14:42:05,572 INFO retry.RetryInvocationHandler: java.net.ConnectException: Call From clnode076.clemson.cloudlab.us/130.127.133.85 to node-0-link-0:8020 failed on connection exception: java.net.ConnectException: Connection refused; For more details see:  http://wiki.apache.org/hadoop/ConnectionRefused, while invoking ClientNamenodeProtocolTranslatorPB.renewLease over node-0-link-0/10.10.1.1:8020 after 3 failover attempts. Trying to failover after sleeping for 2326ms.
2019-02-27 14:42:10,284 WARN retry.RetryInvocationHandler: A failover has occurred since the start of call #16 ClientNamenodeProtocolTranslatorPB.complete over node-1-link-0/10.10.1.4:8020
Found 20 items
-rw-r--r--   3 root supergroup 1073741824 2019-02-27 14:42 /myfile1
-rw-r--r--   3 root supergroup 1073741824 2019-02-27 14:42 /myfile10
-rw-r--r--   3 root supergroup 1073741824 2019-02-27 14:42 /myfile11
-rw-r--r--   3 root supergroup 1073741824 2019-02-27 14:42 /myfile12
-rw-r--r--   3 root supergroup 1073741824 2019-02-27 14:42 /myfile13
-rw-r--r--   3 root supergroup 1073741824 2019-02-27 14:41 /myfile14
-rw-r--r--   3 root supergroup 1073741824 2019-02-27 14:42 /myfile15
-rw-r--r--   3 root supergroup 1073741824 2019-02-27 14:42 /myfile16
-rw-r--r--   3 root supergroup 1073741824 2019-02-27 14:42 /myfile17
-rw-r--r--   3 root supergroup 1073741824 2019-02-27 14:42 /myfile18
-rw-r--r--   3 root supergroup 1073741824 2019-02-27 14:42 /myfile19
-rw-r--r--   3 root supergroup  939524096 2019-02-27 14:41 /myfile2._COPYING_
-rw-r--r--   3 root supergroup 1073741824 2019-02-27 14:42 /myfile20
-rw-r--r--   3 root supergroup  939524096 2019-02-27 14:41 /myfile3._COPYING_
-rw-r--r--   3 root supergroup 1073741824 2019-02-27 14:42 /myfile4
-rw-r--r--   3 root supergroup 1073741824 2019-02-27 14:42 /myfile5
-rw-r--r--   3 root supergroup 1073741824 2019-02-27 14:42 /myfile6
-rw-r--r--   3 root supergroup 1073741824 2019-02-27 14:41 /myfile7
-rw-r--r--   3 root supergroup 1073741824 2019-02-27 14:41 /myfile8
-rw-r--r--   3 root supergroup 1073741824 2019-02-27 14:41 /myfile9
file 5 has been put into HDFS
file 5 has been read from HDFS for 1 time
diff succeed!
file 5 has been read from HDFS for 2 time
diff succeed!
file 5 has been read from HDFS for 3 time
diff succeed!
file 5 has been read from HDFS for 4 time
diff succeed!
file 5 has been read from HDFS for 5 time
diff succeed!
file 5 has been read from HDFS for 6 time
diff succeed!
file 5 has been read from HDFS for 7 time
diff succeed!
file 5 has been read from HDFS for 8 time
diff succeed!
file 5 has been read from HDFS for 9 time
diff succeed!
file 5 has been read from HDFS for 10 time
diff succeed!
Deleted /myfile5
file 5 has been removed from HDFS
Found 20 items
-rw-r--r--   3 root supergroup 1073741824 2019-02-27 14:47 /myfile1
-rw-r--r--   3 root supergroup 1073741824 2019-02-27 14:45 /myfile10
-rw-r--r--   3 root supergroup 1073741824 2019-02-27 14:46 /myfile11
-rw-r--r--   3 root supergroup 1073741824 2019-02-27 14:46 /myfile12
-rw-r--r--   3 root supergroup  939524096 2019-02-27 14:46 /myfile13._COPYING_
-rw-r--r--   3 root supergroup 1073741824 2019-02-27 14:45 /myfile14
-rw-r--r--   3 root supergroup 1073741824 2019-02-27 14:45 /myfile15
-rw-r--r--   3 root supergroup 1073741824 2019-02-27 14:47 /myfile16
-rw-r--r--   3 root supergroup 1073741824 2019-02-27 14:45 /myfile17
-rw-r--r--   3 root supergroup  805306368 2019-02-27 14:46 /myfile18._COPYING_
-rw-r--r--   3 root supergroup 1073741824 2019-02-27 14:45 /myfile19
-rw-r--r--   3 root supergroup 1073741824 2019-02-27 14:46 /myfile2
-rw-r--r--   3 root supergroup 1073741824 2019-02-27 14:47 /myfile20
-rw-r--r--   3 root supergroup 1073741824 2019-02-27 14:46 /myfile3
-rw-r--r--   3 root supergroup 1073741824 2019-02-27 14:45 /myfile4
-rw-r--r--   3 root supergroup 1073741824 2019-02-27 14:47 /myfile5
-rw-r--r--   3 root supergroup 1073741824 2019-02-27 14:45 /myfile6
-rw-r--r--   3 root supergroup 1073741824 2019-02-27 14:45 /myfile7
-rw-r--r--   3 root supergroup 1073741824 2019-02-27 14:46 /myfile8
-rw-r--r--   3 root supergroup 1073741824 2019-02-27 14:45 /myfile9
file 5 has been put into HDFS
file 5 has been read from HDFS for 1 time
diff succeed!
file 5 has been read from HDFS for 2 time
diff succeed!
file 5 has been read from HDFS for 3 time
diff succeed!
file 5 has been read from HDFS for 4 time
diff succeed!
file 5 has been read from HDFS for 5 time
diff succeed!
file 5 has been read from HDFS for 6 time
diff succeed!
file 5 has been read from HDFS for 7 time
diff succeed!
file 5 has been read from HDFS for 8 time
diff succeed!
file 5 has been read from HDFS for 9 time
diff succeed!
file 5 has been read from HDFS for 10 time
diff succeed!
Deleted /myfile5
file 5 has been removed from HDFS
Found 20 items
-rw-r--r--   3 root supergroup 1073741824 2019-02-27 14:51 /myfile1
-rw-r--r--   3 root supergroup 1073741824 2019-02-27 14:50 /myfile10
-rw-r--r--   3 root supergroup 1073741824 2019-02-27 14:51 /myfile11
-rw-r--r--   3 root supergroup 1073741824 2019-02-27 14:50 /myfile12
-rw-r--r--   3 root supergroup 1073741824 2019-02-27 14:51 /myfile13
-rw-r--r--   3 root supergroup 1073741824 2019-02-27 14:49 /myfile14
-rw-r--r--   3 root supergroup 1073741824 2019-02-27 14:49 /myfile15
-rw-r--r--   3 root supergroup 1073741824 2019-02-27 14:51 /myfile16
-rw-r--r--   3 root supergroup 1073741824 2019-02-27 14:49 /myfile17
-rw-r--r--   3 root supergroup 1073741824 2019-02-27 14:51 /myfile18
-rw-r--r--   3 root supergroup 1073741824 2019-02-27 14:49 /myfile19
-rw-r--r--   3 root supergroup 1073741824 2019-02-27 14:50 /myfile2
-rw-r--r--   3 root supergroup 1073741824 2019-02-27 14:51 /myfile20
-rw-r--r--   3 root supergroup 1073741824 2019-02-27 14:50 /myfile3
-rw-r--r--   3 root supergroup 1073741824 2019-02-27 14:50 /myfile4
-rw-r--r--   3 root supergroup 1073741824 2019-02-27 14:52 /myfile5
-rw-r--r--   3 root supergroup 1073741824 2019-02-27 14:50 /myfile6
-rw-r--r--   3 root supergroup 1073741824 2019-02-27 14:50 /myfile7
-rw-r--r--   3 root supergroup 1073741824 2019-02-27 14:50 /myfile8
-rw-r--r--   3 root supergroup 1073741824 2019-02-27 14:50 /myfile9
file 5 has been put into HDFS
file 5 has been read from HDFS for 1 time
diff succeed!
file 5 has been read from HDFS for 2 time
diff succeed!
file 5 has been read from HDFS for 3 time
diff succeed!
file 5 has been read from HDFS for 4 time
diff succeed!
file 5 has been read from HDFS for 5 time
diff succeed!
file 5 has been read from HDFS for 6 time
diff succeed!
file 5 has been read from HDFS for 7 time
diff succeed!
file 5 has been read from HDFS for 8 time
diff succeed!
file 5 has been read from HDFS for 9 time
diff succeed!
file 5 has been read from HDFS for 10 time
diff succeed!
Deleted /myfile5
file 5 has been removed from HDFS
Found 20 items
-rw-r--r--   3 root supergroup 1073741824 2019-02-27 14:55 /myfile1
-rw-r--r--   3 root supergroup 1073741824 2019-02-27 14:56 /myfile10
-rw-r--r--   3 root supergroup 1073741824 2019-02-27 14:56 /myfile11
-rw-r--r--   3 root supergroup 1073741824 2019-02-27 14:55 /myfile12
-rw-r--r--   3 root supergroup 1073741824 2019-02-27 14:55 /myfile13
-rw-r--r--   3 root supergroup 1073741824 2019-02-27 14:54 /myfile14
-rw-r--r--   3 root supergroup 1073741824 2019-02-27 14:54 /myfile15
-rw-r--r--   3 root supergroup 1073741824 2019-02-27 14:55 /myfile16
-rw-r--r--   3 root supergroup 1073741824 2019-02-27 14:55 /myfile17
-rw-r--r--   3 root supergroup 1073741824 2019-02-27 14:55 /myfile18
-rw-r--r--   3 root supergroup 1073741824 2019-02-27 14:54 /myfile19
-rw-r--r--   3 root supergroup 1073741824 2019-02-27 14:54 /myfile2
-rw-r--r--   3 root supergroup 1073741824 2019-02-27 14:57 /myfile20
-rw-r--r--   3 root supergroup 1073741824 2019-02-27 14:54 /myfile3
-rw-r--r--   3 root supergroup 1073741824 2019-02-27 14:54 /myfile4
-rw-r--r--   3 root supergroup 1073741824 2019-02-27 14:57 /myfile5
-rw-r--r--   3 root supergroup 1073741824 2019-02-27 14:54 /myfile6
-rw-r--r--   3 root supergroup 1073741824 2019-02-27 14:54 /myfile7
-rw-r--r--   3 root supergroup 1073741824 2019-02-27 14:55 /myfile8
-rw-r--r--   3 root supergroup 1073741824 2019-02-27 14:54 /myfile9
file 5 has been put into HDFS
file 5 has been read from HDFS for 1 time
diff succeed!
file 5 has been read from HDFS for 2 time
diff succeed!
file 5 has been read from HDFS for 3 time
diff succeed!
file 5 has been read from HDFS for 4 time
diff succeed!
file 5 has been read from HDFS for 5 time
diff succeed!
file 5 has been read from HDFS for 6 time
diff succeed!
file 5 has been read from HDFS for 7 time
diff succeed!
file 5 has been read from HDFS for 8 time
diff succeed!
file 5 has been read from HDFS for 9 time
diff succeed!
file 5 has been read from HDFS for 10 time
diff succeed!
Deleted /myfile5
file 5 has been removed from HDFS
Found 20 items
-rw-r--r--   3 root supergroup 1073741824 2019-02-27 14:59 /myfile1
-rw-r--r--   3 root supergroup 1073741824 2019-02-27 15:00 /myfile10
-rw-r--r--   3 root supergroup 1073741824 2019-02-27 15:00 /myfile11
-rw-r--r--   3 root supergroup 1073741824 2019-02-27 14:59 /myfile12
-rw-r--r--   3 root supergroup 1073741824 2019-02-27 15:00 /myfile13
-rw-r--r--   3 root supergroup 1073741824 2019-02-27 14:58 /myfile14
-rw-r--r--   3 root supergroup 1073741824 2019-02-27 14:57 /myfile15
-rw-r--r--   3 root supergroup 1073741824 2019-02-27 15:00 /myfile16
-rw-r--r--   3 root supergroup 1073741824 2019-02-27 14:59 /myfile17
-rw-r--r--   3 root supergroup 1073741824 2019-02-27 15:00 /myfile18
-rw-r--r--   3 root supergroup 1073741824 2019-02-27 14:58 /myfile19
-rw-r--r--   3 root supergroup 1073741824 2019-02-27 14:58 /myfile2
-rw-r--r--   3 root supergroup 1073741824 2019-02-27 15:01 /myfile20
-rw-r--r--   3 root supergroup 1073741824 2019-02-27 14:59 /myfile3
-rw-r--r--   3 root supergroup 1073741824 2019-02-27 14:58 /myfile4
-rw-r--r--   3 root supergroup 1073741824 2019-02-27 15:01 /myfile5
-rw-r--r--   3 root supergroup 1073741824 2019-02-27 14:58 /myfile6
-rw-r--r--   3 root supergroup 1073741824 2019-02-27 14:58 /myfile7
-rw-r--r--   3 root supergroup 1073741824 2019-02-27 14:59 /myfile8
-rw-r--r--   3 root supergroup 1073741824 2019-02-27 14:58 /myfile9
file 5 has been put into HDFS
file 5 has been read from HDFS for 1 time
diff succeed!
file 5 has been read from HDFS for 2 time
diff succeed!
file 5 has been read from HDFS for 3 time
diff succeed!
file 5 has been read from HDFS for 4 time
diff succeed!
file 5 has been read from HDFS for 5 time
diff succeed!
file 5 has been read from HDFS for 6 time
diff succeed!
file 5 has been read from HDFS for 7 time
diff succeed!
file 5 has been read from HDFS for 8 time
diff succeed!
file 5 has been read from HDFS for 9 time
diff succeed!
file 5 has been read from HDFS for 10 time
diff succeed!
2019-02-27 15:04:57,866 INFO retry.RetryInvocationHandler: org.apache.hadoop.ipc.RemoteException(org.apache.hadoop.ipc.RetriableException): org.apache.hadoop.hdfs.server.namenode.SafeModeException: Cannot delete /myfile5. Name node is in safe mode.
The reported blocks 151 has reached the threshold 0.9990 of total blocks 151. The number of live datanodes 3 has reached the minimum number 0. In safe mode extension. Safe mode will be turned off automatically in 21 seconds. NamenodeHostName:node-0-link-0
	at org.apache.hadoop.hdfs.server.namenode.FSNamesystem.checkNameNodeSafeMode(FSNamesystem.java:1441)
	at org.apache.hadoop.hdfs.server.namenode.FSNamesystem.delete(FSNamesystem.java:2986)
	at org.apache.hadoop.hdfs.server.namenode.NameNodeRpcServer.delete(NameNodeRpcServer.java:1095)
	at org.apache.hadoop.hdfs.protocolPB.ClientNamenodeProtocolServerSideTranslatorPB.delete(ClientNamenodeProtocolServerSideTranslatorPB.java:692)
	at org.apache.hadoop.hdfs.protocol.proto.ClientNamenodeProtocolProtos$ClientNamenodeProtocol$2.callBlockingMethod(ClientNamenodeProtocolProtos.java)
	at org.apache.hadoop.ipc.ProtobufRpcEngine$Server$ProtoBufRpcInvoker.call(ProtobufRpcEngine.java:523)
	at org.apache.hadoop.ipc.RPC$Server.call(RPC.java:991)
	at org.apache.hadoop.ipc.Server$RpcCall.run(Server.java:872)
	at org.apache.hadoop.ipc.Server$RpcCall.run(Server.java:818)
	at java.security.AccessController.doPrivileged(Native Method)
	at javax.security.auth.Subject.doAs(Subject.java:422)
	at org.apache.hadoop.security.UserGroupInformation.doAs(UserGroupInformation.java:1729)
	at org.apache.hadoop.ipc.Server$Handler.run(Server.java:2678)
Caused by: org.apache.hadoop.hdfs.server.namenode.SafeModeException: Cannot delete /myfile5. Name node is in safe mode.
The reported blocks 151 has reached the threshold 0.9990 of total blocks 151. The number of live datanodes 3 has reached the minimum number 0. In safe mode extension. Safe mode will be turned off automatically in 21 seconds. NamenodeHostName:node-0-link-0
	at org.apache.hadoop.hdfs.server.namenode.FSNamesystem.newSafemodeException(FSNamesystem.java:1450)
	at org.apache.hadoop.hdfs.server.namenode.FSNamesystem.checkNameNodeSafeMode(FSNamesystem.java:1437)
	... 12 more
, while invoking ClientNamenodeProtocolTranslatorPB.delete over node-0-link-0/10.10.1.1:8020. Retrying immediately.
2019-02-27 15:04:57,871 INFO retry.RetryInvocationHandler: org.apache.hadoop.ipc.RemoteException(org.apache.hadoop.ipc.RetriableException): org.apache.hadoop.hdfs.server.namenode.SafeModeException: Cannot delete /myfile5. Name node is in safe mode.
The reported blocks 151 has reached the threshold 0.9990 of total blocks 151. The number of live datanodes 3 has reached the minimum number 0. In safe mode extension. Safe mode will be turned off automatically in 21 seconds. NamenodeHostName:node-0-link-0
	at org.apache.hadoop.hdfs.server.namenode.FSNamesystem.checkNameNodeSafeMode(FSNamesystem.java:1441)
	at org.apache.hadoop.hdfs.server.namenode.FSNamesystem.delete(FSNamesystem.java:2986)
	at org.apache.hadoop.hdfs.server.namenode.NameNodeRpcServer.delete(NameNodeRpcServer.java:1095)
	at org.apache.hadoop.hdfs.protocolPB.ClientNamenodeProtocolServerSideTranslatorPB.delete(ClientNamenodeProtocolServerSideTranslatorPB.java:692)
	at org.apache.hadoop.hdfs.protocol.proto.ClientNamenodeProtocolProtos$ClientNamenodeProtocol$2.callBlockingMethod(ClientNamenodeProtocolProtos.java)
	at org.apache.hadoop.ipc.ProtobufRpcEngine$Server$ProtoBufRpcInvoker.call(ProtobufRpcEngine.java:523)
	at org.apache.hadoop.ipc.RPC$Server.call(RPC.java:991)
	at org.apache.hadoop.ipc.Server$RpcCall.run(Server.java:872)
	at org.apache.hadoop.ipc.Server$RpcCall.run(Server.java:818)
	at java.security.AccessController.doPrivileged(Native Method)
	at javax.security.auth.Subject.doAs(Subject.java:422)
	at org.apache.hadoop.security.UserGroupInformation.doAs(UserGroupInformation.java:1729)
	at org.apache.hadoop.ipc.Server$Handler.run(Server.java:2678)
Caused by: org.apache.hadoop.hdfs.server.namenode.SafeModeException: Cannot delete /myfile5. Name node is in safe mode.
The reported blocks 151 has reached the threshold 0.9990 of total blocks 151. The number of live datanodes 3 has reached the minimum number 0. In safe mode extension. Safe mode will be turned off automatically in 21 seconds. NamenodeHostName:node-0-link-0
	at org.apache.hadoop.hdfs.server.namenode.FSNamesystem.newSafemodeException(FSNamesystem.java:1450)
	at org.apache.hadoop.hdfs.server.namenode.FSNamesystem.checkNameNodeSafeMode(FSNamesystem.java:1437)
	... 12 more
, while invoking ClientNamenodeProtocolTranslatorPB.delete over node-0-link-0/10.10.1.1:8020. Retrying after sleeping for 1214ms.
2019-02-27 15:04:59,094 INFO retry.RetryInvocationHandler: org.apache.hadoop.ipc.RemoteException(org.apache.hadoop.ipc.RetriableException): org.apache.hadoop.hdfs.server.namenode.SafeModeException: Cannot delete /myfile5. Name node is in safe mode.
The reported blocks 151 has reached the threshold 0.9990 of total blocks 151. The number of live datanodes 3 has reached the minimum number 0. In safe mode extension. Safe mode will be turned off automatically in 20 seconds. NamenodeHostName:node-0-link-0
	at org.apache.hadoop.hdfs.server.namenode.FSNamesystem.checkNameNodeSafeMode(FSNamesystem.java:1441)
	at org.apache.hadoop.hdfs.server.namenode.FSNamesystem.delete(FSNamesystem.java:2986)
	at org.apache.hadoop.hdfs.server.namenode.NameNodeRpcServer.delete(NameNodeRpcServer.java:1095)
	at org.apache.hadoop.hdfs.protocolPB.ClientNamenodeProtocolServerSideTranslatorPB.delete(ClientNamenodeProtocolServerSideTranslatorPB.java:692)
	at org.apache.hadoop.hdfs.protocol.proto.ClientNamenodeProtocolProtos$ClientNamenodeProtocol$2.callBlockingMethod(ClientNamenodeProtocolProtos.java)
	at org.apache.hadoop.ipc.ProtobufRpcEngine$Server$ProtoBufRpcInvoker.call(ProtobufRpcEngine.java:523)
	at org.apache.hadoop.ipc.RPC$Server.call(RPC.java:991)
	at org.apache.hadoop.ipc.Server$RpcCall.run(Server.java:872)
	at org.apache.hadoop.ipc.Server$RpcCall.run(Server.java:818)
	at java.security.AccessController.doPrivileged(Native Method)
	at javax.security.auth.Subject.doAs(Subject.java:422)
	at org.apache.hadoop.security.UserGroupInformation.doAs(UserGroupInformation.java:1729)
	at org.apache.hadoop.ipc.Server$Handler.run(Server.java:2678)
Caused by: org.apache.hadoop.hdfs.server.namenode.SafeModeException: Cannot delete /myfile5. Name node is in safe mode.
The reported blocks 151 has reached the threshold 0.9990 of total blocks 151. The number of live datanodes 3 has reached the minimum number 0. In safe mode extension. Safe mode will be turned off automatically in 20 seconds. NamenodeHostName:node-0-link-0
	at org.apache.hadoop.hdfs.server.namenode.FSNamesystem.newSafemodeException(FSNamesystem.java:1450)
	at org.apache.hadoop.hdfs.server.namenode.FSNamesystem.checkNameNodeSafeMode(FSNamesystem.java:1437)
	... 12 more
, while invoking ClientNamenodeProtocolTranslatorPB.delete over node-0-link-0/10.10.1.1:8020. Retrying after sleeping for 2329ms.
2019-02-27 15:05:01,428 INFO retry.RetryInvocationHandler: org.apache.hadoop.ipc.RemoteException(org.apache.hadoop.ipc.RetriableException): org.apache.hadoop.hdfs.server.namenode.SafeModeException: Cannot delete /myfile5. Name node is in safe mode.
The reported blocks 151 has reached the threshold 0.9990 of total blocks 151. The number of live datanodes 3 has reached the minimum number 0. In safe mode extension. Safe mode will be turned off automatically in 17 seconds. NamenodeHostName:node-0-link-0
	at org.apache.hadoop.hdfs.server.namenode.FSNamesystem.checkNameNodeSafeMode(FSNamesystem.java:1441)
	at org.apache.hadoop.hdfs.server.namenode.FSNamesystem.delete(FSNamesystem.java:2986)
	at org.apache.hadoop.hdfs.server.namenode.NameNodeRpcServer.delete(NameNodeRpcServer.java:1095)
	at org.apache.hadoop.hdfs.protocolPB.ClientNamenodeProtocolServerSideTranslatorPB.delete(ClientNamenodeProtocolServerSideTranslatorPB.java:692)
	at org.apache.hadoop.hdfs.protocol.proto.ClientNamenodeProtocolProtos$ClientNamenodeProtocol$2.callBlockingMethod(ClientNamenodeProtocolProtos.java)
	at org.apache.hadoop.ipc.ProtobufRpcEngine$Server$ProtoBufRpcInvoker.call(ProtobufRpcEngine.java:523)
	at org.apache.hadoop.ipc.RPC$Server.call(RPC.java:991)
	at org.apache.hadoop.ipc.Server$RpcCall.run(Server.java:872)
	at org.apache.hadoop.ipc.Server$RpcCall.run(Server.java:818)
	at java.security.AccessController.doPrivileged(Native Method)
	at javax.security.auth.Subject.doAs(Subject.java:422)
	at org.apache.hadoop.security.UserGroupInformation.doAs(UserGroupInformation.java:1729)
	at org.apache.hadoop.ipc.Server$Handler.run(Server.java:2678)
Caused by: org.apache.hadoop.hdfs.server.namenode.SafeModeException: Cannot delete /myfile5. Name node is in safe mode.
The reported blocks 151 has reached the threshold 0.9990 of total blocks 151. The number of live datanodes 3 has reached the minimum number 0. In safe mode extension. Safe mode will be turned off automatically in 17 seconds. NamenodeHostName:node-0-link-0
	at org.apache.hadoop.hdfs.server.namenode.FSNamesystem.newSafemodeException(FSNamesystem.java:1450)
	at org.apache.hadoop.hdfs.server.namenode.FSNamesystem.checkNameNodeSafeMode(FSNamesystem.java:1437)
	... 12 more
, while invoking ClientNamenodeProtocolTranslatorPB.delete over node-0-link-0/10.10.1.1:8020. Retrying after sleeping for 3434ms.
2019-02-27 15:05:04,866 INFO retry.RetryInvocationHandler: org.apache.hadoop.ipc.RemoteException(org.apache.hadoop.ipc.RetriableException): org.apache.hadoop.hdfs.server.namenode.SafeModeException: Cannot delete /myfile5. Name node is in safe mode.
The reported blocks 151 has reached the threshold 0.9990 of total blocks 151. The number of live datanodes 3 has reached the minimum number 0. In safe mode extension. Safe mode will be turned off automatically in 14 seconds. NamenodeHostName:node-0-link-0
	at org.apache.hadoop.hdfs.server.namenode.FSNamesystem.checkNameNodeSafeMode(FSNamesystem.java:1441)
	at org.apache.hadoop.hdfs.server.namenode.FSNamesystem.delete(FSNamesystem.java:2986)
	at org.apache.hadoop.hdfs.server.namenode.NameNodeRpcServer.delete(NameNodeRpcServer.java:1095)
	at org.apache.hadoop.hdfs.protocolPB.ClientNamenodeProtocolServerSideTranslatorPB.delete(ClientNamenodeProtocolServerSideTranslatorPB.java:692)
	at org.apache.hadoop.hdfs.protocol.proto.ClientNamenodeProtocolProtos$ClientNamenodeProtocol$2.callBlockingMethod(ClientNamenodeProtocolProtos.java)
	at org.apache.hadoop.ipc.ProtobufRpcEngine$Server$ProtoBufRpcInvoker.call(ProtobufRpcEngine.java:523)
	at org.apache.hadoop.ipc.RPC$Server.call(RPC.java:991)
	at org.apache.hadoop.ipc.Server$RpcCall.run(Server.java:872)
	at org.apache.hadoop.ipc.Server$RpcCall.run(Server.java:818)
	at java.security.AccessController.doPrivileged(Native Method)
	at javax.security.auth.Subject.doAs(Subject.java:422)
	at org.apache.hadoop.security.UserGroupInformation.doAs(UserGroupInformation.java:1729)
	at org.apache.hadoop.ipc.Server$Handler.run(Server.java:2678)
Caused by: org.apache.hadoop.hdfs.server.namenode.SafeModeException: Cannot delete /myfile5. Name node is in safe mode.
The reported blocks 151 has reached the threshold 0.9990 of total blocks 151. The number of live datanodes 3 has reached the minimum number 0. In safe mode extension. Safe mode will be turned off automatically in 14 seconds. NamenodeHostName:node-0-link-0
	at org.apache.hadoop.hdfs.server.namenode.FSNamesystem.newSafemodeException(FSNamesystem.java:1450)
	at org.apache.hadoop.hdfs.server.namenode.FSNamesystem.checkNameNodeSafeMode(FSNamesystem.java:1437)
	... 12 more
, while invoking ClientNamenodeProtocolTranslatorPB.delete over node-0-link-0/10.10.1.1:8020. Retrying after sleeping for 11197ms.
2019-02-27 15:05:16,068 INFO retry.RetryInvocationHandler: org.apache.hadoop.ipc.RemoteException(org.apache.hadoop.ipc.RetriableException): org.apache.hadoop.hdfs.server.namenode.SafeModeException: Cannot delete /myfile5. Name node is in safe mode.
The reported blocks 151 has reached the threshold 0.9990 of total blocks 151. The number of live datanodes 3 has reached the minimum number 0. In safe mode extension. Safe mode will be turned off automatically in 3 seconds. NamenodeHostName:node-0-link-0
	at org.apache.hadoop.hdfs.server.namenode.FSNamesystem.checkNameNodeSafeMode(FSNamesystem.java:1441)
	at org.apache.hadoop.hdfs.server.namenode.FSNamesystem.delete(FSNamesystem.java:2986)
	at org.apache.hadoop.hdfs.server.namenode.NameNodeRpcServer.delete(NameNodeRpcServer.java:1095)
	at org.apache.hadoop.hdfs.protocolPB.ClientNamenodeProtocolServerSideTranslatorPB.delete(ClientNamenodeProtocolServerSideTranslatorPB.java:692)
	at org.apache.hadoop.hdfs.protocol.proto.ClientNamenodeProtocolProtos$ClientNamenodeProtocol$2.callBlockingMethod(ClientNamenodeProtocolProtos.java)
	at org.apache.hadoop.ipc.ProtobufRpcEngine$Server$ProtoBufRpcInvoker.call(ProtobufRpcEngine.java:523)
	at org.apache.hadoop.ipc.RPC$Server.call(RPC.java:991)
	at org.apache.hadoop.ipc.Server$RpcCall.run(Server.java:872)
	at org.apache.hadoop.ipc.Server$RpcCall.run(Server.java:818)
	at java.security.AccessController.doPrivileged(Native Method)
	at javax.security.auth.Subject.doAs(Subject.java:422)
	at org.apache.hadoop.security.UserGroupInformation.doAs(UserGroupInformation.java:1729)
	at org.apache.hadoop.ipc.Server$Handler.run(Server.java:2678)
Caused by: org.apache.hadoop.hdfs.server.namenode.SafeModeException: Cannot delete /myfile5. Name node is in safe mode.
The reported blocks 151 has reached the threshold 0.9990 of total blocks 151. The number of live datanodes 3 has reached the minimum number 0. In safe mode extension. Safe mode will be turned off automatically in 3 seconds. NamenodeHostName:node-0-link-0
	at org.apache.hadoop.hdfs.server.namenode.FSNamesystem.newSafemodeException(FSNamesystem.java:1450)
	at org.apache.hadoop.hdfs.server.namenode.FSNamesystem.checkNameNodeSafeMode(FSNamesystem.java:1437)
	... 12 more
, while invoking ClientNamenodeProtocolTranslatorPB.delete over node-0-link-0/10.10.1.1:8020. Retrying after sleeping for 10336ms.
Deleted /myfile5
file 5 has been removed from HDFS
Found 16 items
-rw-r--r--   3 root supergroup 1073741824 2019-02-27 15:04 /myfile1
-rw-r--r--   3 root supergroup 1073741824 2019-02-27 15:04 /myfile10
-rw-r--r--   3 root supergroup 1073741824 2019-02-27 15:05 /myfile11
-rw-r--r--   3 root supergroup 1073741824 2019-02-27 15:05 /myfile12
-rw-r--r--   3 root supergroup 1073741824 2019-02-27 15:04 /myfile13
-rw-r--r--   3 root supergroup 1073741824 2019-02-27 15:03 /myfile15
-rw-r--r--   3 root supergroup 1073741824 2019-02-27 15:05 /myfile16
-rw-r--r--   3 root supergroup 1073741824 2019-02-27 15:04 /myfile17
-rw-r--r--   3 root supergroup 1073741824 2019-02-27 15:05 /myfile18
-rw-r--r--   3 root supergroup 1073741824 2019-02-27 15:03 /myfile3
-rw-r--r--   3 root supergroup 1073741824 2019-02-27 15:03 /myfile4
-rw-r--r--   3 root supergroup 1073741824 2019-02-27 15:05 /myfile5
-rw-r--r--   3 root supergroup 1073741824 2019-02-27 15:03 /myfile6
-rw-r--r--   3 root supergroup 1073741824 2019-02-27 15:04 /myfile7
-rw-r--r--   3 root supergroup 1073741824 2019-02-27 15:04 /myfile8
-rw-r--r--   3 root supergroup 1073741824 2019-02-27 15:03 /myfile9
file 5 has been put into HDFS
file 5 has been read from HDFS for 1 time
diff succeed!
file 5 has been read from HDFS for 2 time
diff succeed!
file 5 has been read from HDFS for 3 time
diff succeed!
file 5 has been read from HDFS for 4 time
diff succeed!
file 5 has been read from HDFS for 5 time
diff succeed!
file 5 has been read from HDFS for 6 time
diff succeed!
file 5 has been read from HDFS for 7 time
diff succeed!
file 5 has been read from HDFS for 8 time
diff succeed!
file 5 has been read from HDFS for 9 time
diff succeed!
file 5 has been read from HDFS for 10 time
diff succeed!
Deleted /myfile5
file 5 has been removed from HDFS
Found 18 items
-rw-r--r--   3 root supergroup 1073741824 2019-02-27 15:08 /myfile1
-rw-r--r--   3 root supergroup 1073741824 2019-02-27 15:08 /myfile10
-rw-r--r--   3 root supergroup 1073741824 2019-02-27 15:05 /myfile11
-rw-r--r--   3 root supergroup 1073741824 2019-02-27 15:05 /myfile12
-rw-r--r--   3 root supergroup 1073741824 2019-02-27 15:08 /myfile13
-rw-r--r--   3 root supergroup 1073741824 2019-02-27 15:06 /myfile14
-rw-r--r--   3 root supergroup 1073741824 2019-02-27 15:07 /myfile15
-rw-r--r--   3 root supergroup 1073741824 2019-02-27 15:05 /myfile16
-rw-r--r--   3 root supergroup 1073741824 2019-02-27 15:08 /myfile17
-rw-r--r--   3 root supergroup 1073741824 2019-02-27 15:06 /myfile2
-rw-r--r--   3 root supergroup 1073741824 2019-02-27 15:09 /myfile20
-rw-r--r--   3 root supergroup 1073741824 2019-02-27 15:07 /myfile3
-rw-r--r--   3 root supergroup 1073741824 2019-02-27 15:07 /myfile4
-rw-r--r--   3 root supergroup 1073741824 2019-02-27 15:09 /myfile5
-rw-r--r--   3 root supergroup 1073741824 2019-02-27 15:07 /myfile6
-rw-r--r--   3 root supergroup 1073741824 2019-02-27 15:08 /myfile7
-rw-r--r--   3 root supergroup 1073741824 2019-02-27 15:08 /myfile8
-rw-r--r--   3 root supergroup 1073741824 2019-02-27 15:07 /myfile9
file 5 has been put into HDFS
file 5 has been read from HDFS for 1 time
diff succeed!
file 5 has been read from HDFS for 2 time
diff succeed!
file 5 has been read from HDFS for 3 time
diff succeed!
file 5 has been read from HDFS for 4 time
diff succeed!
file 5 has been read from HDFS for 5 time
diff succeed!
file 5 has been read from HDFS for 6 time
diff succeed!
file 5 has been read from HDFS for 7 time
diff succeed!
file 5 has been read from HDFS for 8 time
diff succeed!
file 5 has been read from HDFS for 9 time
diff succeed!
file 5 has been read from HDFS for 10 time
diff succeed!
Deleted /myfile5
file 5 has been removed from HDFS
Found 19 items
-rw-r--r--   3 root supergroup 1073741824 2019-02-27 15:12 /myfile1
-rw-r--r--   3 root supergroup 1073741824 2019-02-27 15:12 /myfile10
-rw-r--r--   3 root supergroup 1073741824 2019-02-27 15:10 /myfile11
-rw-r--r--   3 root supergroup 1073741824 2019-02-27 15:10 /myfile12
-rw-r--r--   3 root supergroup 1073741824 2019-02-27 15:12 /myfile13
-rw-r--r--   3 root supergroup 1073741824 2019-02-27 15:13 /myfile14
-rw-r--r--   3 root supergroup 1073741824 2019-02-27 15:11 /myfile15
-rw-r--r--   3 root supergroup 1073741824 2019-02-27 15:10 /myfile16
-rw-r--r--   3 root supergroup 1073741824 2019-02-27 15:12 /myfile17
-rw-r--r--   3 root supergroup 1073741824 2019-02-27 15:10 /myfile19
-rw-r--r--   3 root supergroup 1073741824 2019-02-27 15:10 /myfile2
-rw-r--r--   3 root supergroup 1073741824 2019-02-27 15:13 /myfile20
-rw-r--r--   3 root supergroup 1073741824 2019-02-27 15:11 /myfile3
-rw-r--r--   3 root supergroup 1073741824 2019-02-27 15:11 /myfile4
-rw-r--r--   3 root supergroup 1073741824 2019-02-27 15:13 /myfile5
-rw-r--r--   3 root supergroup 1073741824 2019-02-27 15:11 /myfile6
-rw-r--r--   3 root supergroup 1073741824 2019-02-27 15:12 /myfile7
-rw-r--r--   3 root supergroup 1073741824 2019-02-27 15:12 /myfile8
-rw-r--r--   3 root supergroup 1073741824 2019-02-27 15:11 /myfile9
file 5 has been put into HDFS
file 5 has been read from HDFS for 1 time
diff succeed!
file 5 has been read from HDFS for 2 time
diff succeed!
file 5 has been read from HDFS for 3 time
diff succeed!
file 5 has been read from HDFS for 4 time
diff succeed!
file 5 has been read from HDFS for 5 time
diff succeed!
file 5 has been read from HDFS for 6 time
diff succeed!
file 5 has been read from HDFS for 7 time
diff succeed!
file 5 has been read from HDFS for 8 time
diff succeed!
file 5 has been read from HDFS for 9 time
diff succeed!
file 5 has been read from HDFS for 10 time
diff succeed!
Deleted /myfile5
file 5 has been removed from HDFS
Found 20 items
-rw-r--r--   3 root supergroup 1073741824 2019-02-27 15:17 /myfile1
-rw-r--r--   3 root supergroup 1073741824 2019-02-27 15:16 /myfile10
-rw-r--r--   3 root supergroup 1073741824 2019-02-27 15:15 /myfile11
-rw-r--r--   3 root supergroup 1073741824 2019-02-27 15:15 /myfile12
-rw-r--r--   3 root supergroup 1073741824 2019-02-27 15:16 /myfile13
-rw-r--r--   3 root supergroup 1073741824 2019-02-27 15:18 /myfile14
-rw-r--r--   3 root supergroup 1073741824 2019-02-27 15:15 /myfile15
-rw-r--r--   3 root supergroup 1073741824 2019-02-27 15:14 /myfile16
-rw-r--r--   3 root supergroup 1073741824 2019-02-27 15:16 /myfile17
-rw-r--r--   3 root supergroup  939524096 2019-02-27 15:18 /myfile18._COPYING_
-rw-r--r--   3 root supergroup 1073741824 2019-02-27 15:14 /myfile19
-rw-r--r--   3 root supergroup 1073741824 2019-02-27 15:15 /myfile2
-rw-r--r--   3 root supergroup 1073741824 2019-02-27 15:13 /myfile20
-rw-r--r--   3 root supergroup 1073741824 2019-02-27 15:15 /myfile3
-rw-r--r--   3 root supergroup 1073741824 2019-02-27 15:16 /myfile4
-rw-r--r--   3 root supergroup 1073741824 2019-02-27 15:18 /myfile5
-rw-r--r--   3 root supergroup 1073741824 2019-02-27 15:15 /myfile6
-rw-r--r--   3 root supergroup 1073741824 2019-02-27 15:16 /myfile7
-rw-r--r--   3 root supergroup 1073741824 2019-02-27 15:16 /myfile8
-rw-r--r--   3 root supergroup 1073741824 2019-02-27 15:15 /myfile9
file 5 has been put into HDFS
file 5 has been read from HDFS for 1 time
diff succeed!
file 5 has been read from HDFS for 2 time
diff succeed!
file 5 has been read from HDFS for 3 time
diff succeed!
file 5 has been read from HDFS for 4 time
diff succeed!
file 5 has been read from HDFS for 5 time
diff succeed!
file 5 has been read from HDFS for 6 time
diff succeed!
file 5 has been read from HDFS for 7 time
diff succeed!
file 5 has been read from HDFS for 8 time
diff succeed!
file 5 has been read from HDFS for 9 time
diff succeed!
file 5 has been read from HDFS for 10 time
diff succeed!
Deleted /myfile5
file 5 has been removed from HDFS
Found 19 items
-rw-r--r--   3 root supergroup 1073741824 2019-02-27 15:22 /myfile1
-rw-r--r--   3 root supergroup 1073741824 2019-02-27 15:21 /myfile10
-rw-r--r--   3 root supergroup 1073741824 2019-02-27 15:20 /myfile11
-rw-r--r--   3 root supergroup 1073741824 2019-02-27 15:21 /myfile12
-rw-r--r--   3 root supergroup 1073741824 2019-02-27 15:21 /myfile13
-rw-r--r--   3 root supergroup 1073741824 2019-02-27 15:22 /myfile14
-rw-r--r--   3 root supergroup 1073741824 2019-02-27 15:20 /myfile15
-rw-r--r--   3 root supergroup 1073741824 2019-02-27 15:21 /myfile16
-rw-r--r--   3 root supergroup 1073741824 2019-02-27 15:20 /myfile17
-rw-r--r--   3 root supergroup 1073741824 2019-02-27 15:18 /myfile18
-rw-r--r--   3 root supergroup 1073741824 2019-02-27 15:19 /myfile19
-rw-r--r--   3 root supergroup 1073741824 2019-02-27 15:20 /myfile2
-rw-r--r--   3 root supergroup 1073741824 2019-02-27 15:19 /myfile20
-rw-r--r--   3 root supergroup 1073741824 2019-02-27 15:19 /myfile3
-rw-r--r--   3 root supergroup 1073741824 2019-02-27 15:20 /myfile4
-rw-r--r--   3 root supergroup 1073741824 2019-02-27 15:22 /myfile5
-rw-r--r--   3 root supergroup 1073741824 2019-02-27 15:21 /myfile6
-rw-r--r--   3 root supergroup 1073741824 2019-02-27 15:21 /myfile7
-rw-r--r--   3 root supergroup 1073741824 2019-02-27 15:20 /myfile8
file 5 has been put into HDFS
file 5 has been read from HDFS for 1 time
diff succeed!
file 5 has been read from HDFS for 2 time
diff succeed!
file 5 has been read from HDFS for 3 time
diff succeed!
file 5 has been read from HDFS for 4 time
diff succeed!
file 5 has been read from HDFS for 5 time
diff succeed!
file 5 has been read from HDFS for 6 time
diff succeed!
file 5 has been read from HDFS for 7 time
diff succeed!
file 5 has been read from HDFS for 8 time
diff succeed!
file 5 has been read from HDFS for 9 time
diff succeed!
file 5 has been read from HDFS for 10 time
diff succeed!
Deleted /myfile5
file 5 has been removed from HDFS
Found 20 items
-rw-r--r--   3 root supergroup  671088640 2019-02-27 15:25 /myfile1._COPYING_
-rw-r--r--   3 root supergroup 1073741824 2019-02-27 15:21 /myfile10
-rw-r--r--   3 root supergroup 1073741824 2019-02-27 15:25 /myfile11
-rw-r--r--   3 root supergroup 1073741824 2019-02-27 15:24 /myfile12
-rw-r--r--   3 root supergroup  536870912 2019-02-27 15:26 /myfile13._COPYING_
-rw-r--r--   3 root supergroup 1073741824 2019-02-27 15:22 /myfile14
-rw-r--r--   3 root supergroup 1073741824 2019-02-27 15:25 /myfile15
-rw-r--r--   3 root supergroup 1073741824 2019-02-27 15:25 /myfile16
-rw-r--r--   3 root supergroup 1073741824 2019-02-27 15:24 /myfile17
-rw-r--r--   3 root supergroup 1073741824 2019-02-27 15:23 /myfile18
-rw-r--r--   3 root supergroup 1073741824 2019-02-27 15:23 /myfile19
-rw-r--r--   3 root supergroup 1073741824 2019-02-27 15:24 /myfile2
-rw-r--r--   3 root supergroup 1073741824 2019-02-27 15:23 /myfile20
-rw-r--r--   3 root supergroup 1073741824 2019-02-27 15:23 /myfile3
-rw-r--r--   3 root supergroup 1073741824 2019-02-27 15:24 /myfile4
-rw-r--r--   3 root supergroup 1073741824 2019-02-27 15:26 /myfile5
-rw-r--r--   3 root supergroup 1073741824 2019-02-27 15:24 /myfile6
-rw-r--r--   3 root supergroup 1073741824 2019-02-27 15:24 /myfile7
-rw-r--r--   3 root supergroup 1073741824 2019-02-27 15:25 /myfile8
-rw-r--r--   3 root supergroup 1073741824 2019-02-27 15:22 /myfile9
file 5 has been put into HDFS
sub_benchmark 1 signal TERM catched and let quit gracefully
file 5 has been read from HDFS for 1 time
diff succeed!
Deleted /myfile5
file 5 has been removed from HDFS
