Found 20 items
-rw-r--r--   3 root supergroup 1073741824 2019-03-01 03:04 /myfile1
-rw-r--r--   3 root supergroup 1073741824 2019-03-01 03:04 /myfile10
-rw-r--r--   3 root supergroup 1073741824 2019-03-01 03:04 /myfile11
-rw-r--r--   3 root supergroup  939524096 2019-03-01 03:03 /myfile12._COPYING_
-rw-r--r--   3 root supergroup 1073741824 2019-03-01 03:04 /myfile13
-rw-r--r--   3 root supergroup  536870912 2019-03-01 03:03 /myfile14._COPYING_
-rw-r--r--   3 root supergroup  805306368 2019-03-01 03:03 /myfile15._COPYING_
-rw-r--r--   3 root supergroup  939524096 2019-03-01 03:03 /myfile16._COPYING_
-rw-r--r--   3 root supergroup  939524096 2019-03-01 03:03 /myfile17._COPYING_
-rw-r--r--   3 root supergroup 1073741824 2019-03-01 03:04 /myfile18
-rw-r--r--   3 root supergroup  939524096 2019-03-01 03:03 /myfile19._COPYING_
-rw-r--r--   3 root supergroup  939524096 2019-03-01 03:03 /myfile2._COPYING_
-rw-r--r--   3 root supergroup 1073741824 2019-03-01 03:04 /myfile20
-rw-r--r--   3 root supergroup 1073741824 2019-03-01 03:04 /myfile3
-rw-r--r--   3 root supergroup 1073741824 2019-03-01 03:04 /myfile4
-rw-r--r--   3 root supergroup  805306368 2019-03-01 03:03 /myfile5._COPYING_
-rw-r--r--   3 root supergroup  939524096 2019-03-01 03:03 /myfile6._COPYING_
-rw-r--r--   3 root supergroup  939524096 2019-03-01 03:03 /myfile7._COPYING_
-rw-r--r--   3 root supergroup  805306368 2019-03-01 03:03 /myfile8._COPYING_
-rw-r--r--   3 root supergroup  939524096 2019-03-01 03:03 /myfile9._COPYING_
file 13 has been put into HDFS
file 13 has been read from HDFS for 1 time
diff succeed!
file 13 has been read from HDFS for 2 time
diff succeed!
file 13 has been read from HDFS for 3 time
diff succeed!
file 13 has been read from HDFS for 4 time
diff succeed!
file 13 has been read from HDFS for 5 time
diff succeed!
file 13 has been read from HDFS for 6 time
diff succeed!
file 13 has been read from HDFS for 7 time
diff succeed!
file 13 has been read from HDFS for 8 time
diff succeed!
file 13 has been read from HDFS for 9 time
diff succeed!
file 13 has been read from HDFS for 10 time
diff succeed!
Deleted /myfile13
file 13 has been removed from HDFS
Found 11 items
-rw-r--r--   3 root supergroup 1073741824 2019-03-01 03:08 /myfile1
-rw-r--r--   3 root supergroup 1073741824 2019-03-01 03:04 /myfile12
-rw-r--r--   3 root supergroup 1073741824 2019-03-01 03:08 /myfile13
-rw-r--r--   3 root supergroup 1073741824 2019-03-01 03:04 /myfile14
-rw-r--r--   3 root supergroup 1073741824 2019-03-01 03:04 /myfile15
-rw-r--r--   3 root supergroup  268435456 2019-03-01 03:08 /myfile16._COPYING_
-rw-r--r--   3 root supergroup 1073741824 2019-03-01 03:08 /myfile18
-rw-r--r--   3 root supergroup 1073741824 2019-03-01 03:04 /myfile19
-rw-r--r--   3 root supergroup 1073741824 2019-03-01 03:04 /myfile2
-rw-r--r--   3 root supergroup 1073741824 2019-03-01 03:04 /myfile7
-rw-r--r--   3 root supergroup 1073741824 2019-03-01 03:04 /myfile8
file 13 has been put into HDFS
file 13 has been read from HDFS for 1 time
diff succeed!
file 13 has been read from HDFS for 2 time
diff succeed!
file 13 has been read from HDFS for 3 time
diff succeed!
file 13 has been read from HDFS for 4 time
diff succeed!
file 13 has been read from HDFS for 5 time
diff succeed!
file 13 has been read from HDFS for 6 time
diff succeed!
file 13 has been read from HDFS for 7 time
diff succeed!
file 13 has been read from HDFS for 8 time
diff succeed!
file 13 has been read from HDFS for 9 time
diff succeed!
file 13 has been read from HDFS for 10 time
diff succeed!
Deleted /myfile13
file 13 has been removed from HDFS
Found 18 items
-rw-r--r--   3 root supergroup 1073741824 2019-03-01 03:08 /myfile10
-rw-r--r--   3 root supergroup 1073741824 2019-03-01 03:08 /myfile11
-rw-r--r--   3 root supergroup 1073741824 2019-03-01 03:09 /myfile12
-rw-r--r--   3 root supergroup 1073741824 2019-03-01 03:12 /myfile13
-rw-r--r--   3 root supergroup 1073741824 2019-03-01 03:09 /myfile14
-rw-r--r--   3 root supergroup 1073741824 2019-03-01 03:08 /myfile15
-rw-r--r--   3 root supergroup  671088640 2019-03-01 03:12 /myfile16._COPYING_
-rw-r--r--   3 root supergroup 1073741824 2019-03-01 03:08 /myfile17
-rw-r--r--   3 root supergroup 1073741824 2019-03-01 03:12 /myfile18
-rw-r--r--   3 root supergroup 1073741824 2019-03-01 03:08 /myfile19
-rw-r--r--   3 root supergroup 1073741824 2019-03-01 03:08 /myfile2
-rw-r--r--   3 root supergroup 1073741824 2019-03-01 03:08 /myfile20
-rw-r--r--   3 root supergroup 1073741824 2019-03-01 03:08 /myfile4
-rw-r--r--   3 root supergroup 1073741824 2019-03-01 03:08 /myfile5
-rw-r--r--   3 root supergroup 1073741824 2019-03-01 03:08 /myfile6
-rw-r--r--   3 root supergroup 1073741824 2019-03-01 03:09 /myfile7
-rw-r--r--   3 root supergroup 1073741824 2019-03-01 03:08 /myfile8
-rw-r--r--   3 root supergroup 1073741824 2019-03-01 03:08 /myfile9
file 13 has been put into HDFS
file 13 has been read from HDFS for 1 time
diff succeed!
file 13 has been read from HDFS for 2 time
diff succeed!
file 13 has been read from HDFS for 3 time
diff succeed!
file 13 has been read from HDFS for 4 time
diff succeed!
file 13 has been read from HDFS for 5 time
diff succeed!
file 13 has been read from HDFS for 6 time
diff succeed!
file 13 has been read from HDFS for 7 time
diff succeed!
file 13 has been read from HDFS for 8 time
diff succeed!
file 13 has been read from HDFS for 9 time
diff succeed!
file 13 has been read from HDFS for 10 time
diff succeed!
Deleted /myfile13
file 13 has been removed from HDFS
Found 18 items
-rw-r--r--   3 root supergroup 1073741824 2019-03-01 03:16 /myfile1
-rw-r--r--   3 root supergroup 1073741824 2019-03-01 03:12 /myfile10
-rw-r--r--   3 root supergroup 1073741824 2019-03-01 03:12 /myfile11
-rw-r--r--   3 root supergroup 1073741824 2019-03-01 03:13 /myfile12
-rw-r--r--   3 root supergroup 1073741824 2019-03-01 03:16 /myfile13
-rw-r--r--   3 root supergroup 1073741824 2019-03-01 03:13 /myfile14
-rw-r--r--   3 root supergroup 1073741824 2019-03-01 03:15 /myfile16
-rw-r--r--   3 root supergroup 1073741824 2019-03-01 03:12 /myfile17
-rw-r--r--   3 root supergroup 1073741824 2019-03-01 03:16 /myfile18
-rw-r--r--   3 root supergroup  268435456 2019-03-01 03:16 /myfile19._COPYING_
-rw-r--r--   3 root supergroup 1073741824 2019-03-01 03:12 /myfile2
-rw-r--r--   3 root supergroup          0 2019-03-01 03:16 /myfile3._COPYING_
-rw-r--r--   3 root supergroup 1073741824 2019-03-01 03:12 /myfile4
-rw-r--r--   3 root supergroup 1073741824 2019-03-01 03:12 /myfile5
-rw-r--r--   3 root supergroup 1073741824 2019-03-01 03:12 /myfile6
-rw-r--r--   3 root supergroup 1073741824 2019-03-01 03:12 /myfile7
-rw-r--r--   3 root supergroup 1073741824 2019-03-01 03:12 /myfile8
-rw-r--r--   3 root supergroup 1073741824 2019-03-01 03:12 /myfile9
file 13 has been put into HDFS
file 13 has been read from HDFS for 1 time
diff succeed!
file 13 has been read from HDFS for 2 time
diff succeed!
file 13 has been read from HDFS for 3 time
diff succeed!
file 13 has been read from HDFS for 4 time
diff succeed!
file 13 has been read from HDFS for 5 time
diff succeed!
file 13 has been read from HDFS for 6 time
diff succeed!
sub_benchmark 6 signal TERM catched and let quit gracefully
Deleted /myfile13
file 13 has been removed from HDFS
