2019-03-01 08:15:29,504 WARN hdfs.DataStreamer: Exception for BP-1554689651-130.127.133.59-1551453223698:blk_1073741980_1156
java.io.IOException: Bad response ERROR for BP-1554689651-130.127.133.59-1551453223698:blk_1073741980_1156 from datanode DatanodeInfoWithStorage[10.10.1.2:9866,DS-77acb731-2409-42ba-b9e0-42ede1b62016,DISK]
	at org.apache.hadoop.hdfs.DataStreamer$ResponseProcessor.run(DataStreamer.java:1126)
2019-03-01 08:15:29,510 WARN hdfs.DataStreamer: Error Recovery for BP-1554689651-130.127.133.59-1551453223698:blk_1073741980_1156 in pipeline [DatanodeInfoWithStorage[10.10.1.3:9866,DS-ed88200c-49af-47a7-9215-8052a7d59fb4,DISK], DatanodeInfoWithStorage[10.10.1.5:9866,DS-e0741666-09be-4dbf-a2bd-8bb3d290c423,DISK], DatanodeInfoWithStorage[10.10.1.2:9866,DS-77acb731-2409-42ba-b9e0-42ede1b62016,DISK]]: datanode 2(DatanodeInfoWithStorage[10.10.1.2:9866,DS-77acb731-2409-42ba-b9e0-42ede1b62016,DISK]) is bad.
Found 20 items
-rw-r--r--   3 root supergroup 1073741824 2019-03-01 08:14 /myfile1
-rw-r--r--   3 root supergroup 1073741824 2019-03-01 08:14 /myfile10
-rw-r--r--   3 root supergroup 1073741824 2019-03-01 08:14 /myfile11
-rw-r--r--   3 root supergroup 1073741824 2019-03-01 08:15 /myfile12
-rw-r--r--   3 root supergroup 1073741824 2019-03-01 08:14 /myfile13
-rw-r--r--   3 root supergroup 1073741824 2019-03-01 08:15 /myfile14
-rw-r--r--   3 root supergroup 1073741824 2019-03-01 08:15 /myfile15
-rw-r--r--   3 root supergroup 1073741824 2019-03-01 08:15 /myfile16
-rw-r--r--   3 root supergroup 1073741824 2019-03-01 08:14 /myfile17
-rw-r--r--   3 root supergroup 1073741824 2019-03-01 08:14 /myfile18
-rw-r--r--   3 root supergroup  939524096 2019-03-01 08:14 /myfile19._COPYING_
-rw-r--r--   3 root supergroup  939524096 2019-03-01 08:14 /myfile2._COPYING_
-rw-r--r--   3 root supergroup 1073741824 2019-03-01 08:14 /myfile20
-rw-r--r--   3 root supergroup 1073741824 2019-03-01 08:14 /myfile3
-rw-r--r--   3 root supergroup 1073741824 2019-03-01 08:15 /myfile4
-rw-r--r--   3 root supergroup 1073741824 2019-03-01 08:14 /myfile5
-rw-r--r--   3 root supergroup 1073741824 2019-03-01 08:15 /myfile6
-rw-r--r--   3 root supergroup 1073741824 2019-03-01 08:14 /myfile7
-rw-r--r--   3 root supergroup 1073741824 2019-03-01 08:15 /myfile8
-rw-r--r--   3 root supergroup 1073741824 2019-03-01 08:15 /myfile9
file 8 has been put into HDFS
file 8 has been read from HDFS for 1 time
diff succeed!
file 8 has been read from HDFS for 2 time
diff succeed!
file 8 has been read from HDFS for 3 time
diff succeed!
file 8 has been read from HDFS for 4 time
diff succeed!
file 8 has been read from HDFS for 5 time
diff succeed!
file 8 has been read from HDFS for 6 time
diff succeed!
file 8 has been read from HDFS for 7 time
diff succeed!
file 8 has been read from HDFS for 8 time
diff succeed!
file 8 has been read from HDFS for 9 time
diff succeed!
file 8 has been read from HDFS for 10 time
diff succeed!
Deleted /myfile8
file 8 has been removed from HDFS
Found 19 items
-rw-r--r--   3 root supergroup 1073741824 2019-03-01 08:18 /myfile1
-rw-r--r--   3 root supergroup 1073741824 2019-03-01 08:18 /myfile10
-rw-r--r--   3 root supergroup 1073741824 2019-03-01 08:18 /myfile11
-rw-r--r--   3 root supergroup  268435456 2019-03-01 08:19 /myfile12._COPYING_
-rw-r--r--   3 root supergroup 1073741824 2019-03-01 08:18 /myfile13
-rw-r--r--   3 root supergroup 1073741824 2019-03-01 08:19 /myfile14
-rw-r--r--   3 root supergroup 1073741824 2019-03-01 08:18 /myfile15
-rw-r--r--   3 root supergroup 1073741824 2019-03-01 08:19 /myfile16
-rw-r--r--   3 root supergroup 1073741824 2019-03-01 08:18 /myfile17
-rw-r--r--   3 root supergroup 1073741824 2019-03-01 08:18 /myfile18
-rw-r--r--   3 root supergroup  671088640 2019-03-01 08:19 /myfile19._COPYING_
-rw-r--r--   3 root supergroup 1073741824 2019-03-01 08:18 /myfile20
-rw-r--r--   3 root supergroup 1073741824 2019-03-01 08:18 /myfile3
-rw-r--r--   3 root supergroup 1073741824 2019-03-01 08:20 /myfile4
-rw-r--r--   3 root supergroup  671088640 2019-03-01 08:19 /myfile5._COPYING_
-rw-r--r--   3 root supergroup 1073741824 2019-03-01 08:20 /myfile6
-rw-r--r--   3 root supergroup 1073741824 2019-03-01 08:18 /myfile7
-rw-r--r--   3 root supergroup 1073741824 2019-03-01 08:20 /myfile8
-rw-r--r--   3 root supergroup  939524096 2019-03-01 08:19 /myfile9._COPYING_
file 8 has been put into HDFS
file 8 has been read from HDFS for 1 time
diff succeed!
file 8 has been read from HDFS for 2 time
diff succeed!
file 8 has been read from HDFS for 3 time
diff succeed!
file 8 has been read from HDFS for 4 time
diff succeed!
file 8 has been read from HDFS for 5 time
diff succeed!
file 8 has been read from HDFS for 6 time
diff succeed!
2019-03-01 08:22:16,755 WARN impl.BlockReaderFactory: I/O error constructing remote block reader.
java.net.ConnectException: Connection refused
	at sun.nio.ch.SocketChannelImpl.checkConnect(Native Method)
	at sun.nio.ch.SocketChannelImpl.finishConnect(SocketChannelImpl.java:717)
	at org.apache.hadoop.net.SocketIOWithTimeout.connect(SocketIOWithTimeout.java:206)
	at org.apache.hadoop.net.NetUtils.connect(NetUtils.java:531)
	at org.apache.hadoop.hdfs.DFSClient.newConnectedPeer(DFSClient.java:2924)
	at org.apache.hadoop.hdfs.client.impl.BlockReaderFactory.nextTcpPeer(BlockReaderFactory.java:821)
	at org.apache.hadoop.hdfs.client.impl.BlockReaderFactory.getRemoteBlockReaderFromTcp(BlockReaderFactory.java:746)
	at org.apache.hadoop.hdfs.client.impl.BlockReaderFactory.build(BlockReaderFactory.java:379)
	at org.apache.hadoop.hdfs.DFSInputStream.getBlockReader(DFSInputStream.java:641)
	at org.apache.hadoop.hdfs.DFSInputStream.blockSeekTo(DFSInputStream.java:572)
	at org.apache.hadoop.hdfs.DFSInputStream.seekToBlockSource(DFSInputStream.java:1484)
	at org.apache.hadoop.hdfs.DFSInputStream.readBuffer(DFSInputStream.java:725)
	at org.apache.hadoop.hdfs.DFSInputStream.readWithStrategy(DFSInputStream.java:763)
	at org.apache.hadoop.hdfs.DFSInputStream.read(DFSInputStream.java:820)
	at java.io.DataInputStream.read(DataInputStream.java:100)
	at org.apache.hadoop.io.IOUtils.copyBytes(IOUtils.java:100)
	at org.apache.hadoop.io.IOUtils.copyBytes(IOUtils.java:68)
	at org.apache.hadoop.io.IOUtils.copyBytes(IOUtils.java:129)
	at org.apache.hadoop.fs.shell.CommandWithDestination$TargetFileSystem.writeStreamToFile(CommandWithDestination.java:485)
	at org.apache.hadoop.fs.shell.CommandWithDestination.copyStreamToTarget(CommandWithDestination.java:407)
	at org.apache.hadoop.fs.shell.CommandWithDestination.copyFileToTarget(CommandWithDestination.java:342)
	at org.apache.hadoop.fs.shell.CommandWithDestination.processPath(CommandWithDestination.java:277)
	at org.apache.hadoop.fs.shell.CommandWithDestination.processPath(CommandWithDestination.java:262)
	at org.apache.hadoop.fs.shell.Command.processPaths(Command.java:331)
	at org.apache.hadoop.fs.shell.Command.processPathArgument(Command.java:303)
	at org.apache.hadoop.fs.shell.CommandWithDestination.processPathArgument(CommandWithDestination.java:257)
	at org.apache.hadoop.fs.shell.Command.processArgument(Command.java:285)
	at org.apache.hadoop.fs.shell.Command.processArguments(Command.java:269)
	at org.apache.hadoop.fs.shell.CommandWithDestination.processArguments(CommandWithDestination.java:228)
	at org.apache.hadoop.fs.shell.FsCommand.processRawArguments(FsCommand.java:120)
	at org.apache.hadoop.fs.shell.Command.run(Command.java:176)
	at org.apache.hadoop.fs.FsShell.run(FsShell.java:328)
	at org.apache.hadoop.util.ToolRunner.run(ToolRunner.java:76)
	at org.apache.hadoop.util.ToolRunner.run(ToolRunner.java:90)
	at org.apache.hadoop.fs.FsShell.main(FsShell.java:391)
2019-03-01 08:22:16,762 WARN hdfs.DFSClient: Failed to connect to /10.10.1.2:9866 for block BP-1554689651-130.127.133.59-1551453223698:blk_1073742095_1276, add to deadNodes and continue. 
java.net.ConnectException: Connection refused
	at sun.nio.ch.SocketChannelImpl.checkConnect(Native Method)
	at sun.nio.ch.SocketChannelImpl.finishConnect(SocketChannelImpl.java:717)
	at org.apache.hadoop.net.SocketIOWithTimeout.connect(SocketIOWithTimeout.java:206)
	at org.apache.hadoop.net.NetUtils.connect(NetUtils.java:531)
	at org.apache.hadoop.hdfs.DFSClient.newConnectedPeer(DFSClient.java:2924)
	at org.apache.hadoop.hdfs.client.impl.BlockReaderFactory.nextTcpPeer(BlockReaderFactory.java:821)
	at org.apache.hadoop.hdfs.client.impl.BlockReaderFactory.getRemoteBlockReaderFromTcp(BlockReaderFactory.java:746)
	at org.apache.hadoop.hdfs.client.impl.BlockReaderFactory.build(BlockReaderFactory.java:379)
	at org.apache.hadoop.hdfs.DFSInputStream.getBlockReader(DFSInputStream.java:641)
	at org.apache.hadoop.hdfs.DFSInputStream.blockSeekTo(DFSInputStream.java:572)
	at org.apache.hadoop.hdfs.DFSInputStream.seekToBlockSource(DFSInputStream.java:1484)
	at org.apache.hadoop.hdfs.DFSInputStream.readBuffer(DFSInputStream.java:725)
	at org.apache.hadoop.hdfs.DFSInputStream.readWithStrategy(DFSInputStream.java:763)
	at org.apache.hadoop.hdfs.DFSInputStream.read(DFSInputStream.java:820)
	at java.io.DataInputStream.read(DataInputStream.java:100)
	at org.apache.hadoop.io.IOUtils.copyBytes(IOUtils.java:100)
	at org.apache.hadoop.io.IOUtils.copyBytes(IOUtils.java:68)
	at org.apache.hadoop.io.IOUtils.copyBytes(IOUtils.java:129)
	at org.apache.hadoop.fs.shell.CommandWithDestination$TargetFileSystem.writeStreamToFile(CommandWithDestination.java:485)
	at org.apache.hadoop.fs.shell.CommandWithDestination.copyStreamToTarget(CommandWithDestination.java:407)
	at org.apache.hadoop.fs.shell.CommandWithDestination.copyFileToTarget(CommandWithDestination.java:342)
	at org.apache.hadoop.fs.shell.CommandWithDestination.processPath(CommandWithDestination.java:277)
	at org.apache.hadoop.fs.shell.CommandWithDestination.processPath(CommandWithDestination.java:262)
	at org.apache.hadoop.fs.shell.Command.processPaths(Command.java:331)
	at org.apache.hadoop.fs.shell.Command.processPathArgument(Command.java:303)
	at org.apache.hadoop.fs.shell.CommandWithDestination.processPathArgument(CommandWithDestination.java:257)
	at org.apache.hadoop.fs.shell.Command.processArgument(Command.java:285)
	at org.apache.hadoop.fs.shell.Command.processArguments(Command.java:269)
	at org.apache.hadoop.fs.shell.CommandWithDestination.processArguments(CommandWithDestination.java:228)
	at org.apache.hadoop.fs.shell.FsCommand.processRawArguments(FsCommand.java:120)
	at org.apache.hadoop.fs.shell.Command.run(Command.java:176)
	at org.apache.hadoop.fs.FsShell.run(FsShell.java:328)
	at org.apache.hadoop.util.ToolRunner.run(ToolRunner.java:76)
	at org.apache.hadoop.util.ToolRunner.run(ToolRunner.java:90)
	at org.apache.hadoop.fs.FsShell.main(FsShell.java:391)
2019-03-01 08:22:16,875 INFO hdfs.DFSClient: Successfully connected to /10.10.1.4:9866 for BP-1554689651-130.127.133.59-1551453223698:blk_1073742095_1276
file 8 has been read from HDFS for 7 time
diff succeed!
file 8 has been read from HDFS for 8 time
diff succeed!
file 8 has been read from HDFS for 9 time
diff succeed!
file 8 has been read from HDFS for 10 time
diff succeed!
Deleted /myfile8
file 8 has been removed from HDFS
Found 20 items
-rw-r--r--   3 root supergroup 1073741824 2019-03-01 08:22 /myfile1
-rw-r--r--   3 root supergroup 1073741824 2019-03-01 08:22 /myfile10
-rw-r--r--   3 root supergroup 1073741824 2019-03-01 08:22 /myfile11
-rw-r--r--   3 root supergroup  268435456 2019-03-01 08:24 /myfile12._COPYING_
-rw-r--r--   3 root supergroup 1073741824 2019-03-01 08:22 /myfile13
-rw-r--r--   3 root supergroup 1073741824 2019-03-01 08:24 /myfile14
-rw-r--r--   3 root supergroup 1073741824 2019-03-01 08:22 /myfile15
-rw-r--r--   3 root supergroup 1073741824 2019-03-01 08:24 /myfile16
-rw-r--r--   3 root supergroup 1073741824 2019-03-01 08:22 /myfile17
-rw-r--r--   3 root supergroup 1073741824 2019-03-01 08:22 /myfile18
-rw-r--r--   3 root supergroup  134217728 2019-03-01 08:24 /myfile19._COPYING_
-rw-r--r--   3 root supergroup 1073741824 2019-03-01 08:20 /myfile2
-rw-r--r--   3 root supergroup 1073741824 2019-03-01 08:22 /myfile20
-rw-r--r--   3 root supergroup 1073741824 2019-03-01 08:23 /myfile3
-rw-r--r--   3 root supergroup 1073741824 2019-03-01 08:24 /myfile4
-rw-r--r--   3 root supergroup  402653184 2019-03-01 08:24 /myfile5._COPYING_
-rw-r--r--   3 root supergroup 1073741824 2019-03-01 08:24 /myfile6
-rw-r--r--   3 root supergroup 1073741824 2019-03-01 08:23 /myfile7
-rw-r--r--   3 root supergroup 1073741824 2019-03-01 08:24 /myfile8
-rw-r--r--   3 root supergroup  939524096 2019-03-01 08:24 /myfile9._COPYING_
file 8 has been put into HDFS
file 8 has been read from HDFS for 1 time
diff succeed!
file 8 has been read from HDFS for 2 time
diff succeed!
file 8 has been read from HDFS for 3 time
diff succeed!
file 8 has been read from HDFS for 4 time
diff succeed!
file 8 has been read from HDFS for 5 time
diff succeed!
file 8 has been read from HDFS for 6 time
diff succeed!
file 8 has been read from HDFS for 7 time
diff succeed!
file 8 has been read from HDFS for 8 time
diff succeed!
file 8 has been read from HDFS for 9 time
diff succeed!
file 8 has been read from HDFS for 10 time
diff succeed!
Deleted /myfile8
file 8 has been removed from HDFS
Found 19 items
-rw-r--r--   3 root supergroup 1073741824 2019-03-01 08:27 /myfile1
-rw-r--r--   3 root supergroup 1073741824 2019-03-01 08:26 /myfile10
-rw-r--r--   3 root supergroup 1073741824 2019-03-01 08:27 /myfile11
-rw-r--r--   3 root supergroup 1073741824 2019-03-01 08:26 /myfile13
-rw-r--r--   3 root supergroup 1073741824 2019-03-01 08:28 /myfile14
-rw-r--r--   3 root supergroup 1073741824 2019-03-01 08:27 /myfile15
-rw-r--r--   3 root supergroup 1073741824 2019-03-01 08:28 /myfile16
-rw-r--r--   3 root supergroup 1073741824 2019-03-01 08:27 /myfile17
-rw-r--r--   3 root supergroup 1073741824 2019-03-01 08:26 /myfile18
-rw-r--r--   3 root supergroup  939524096 2019-03-01 08:28 /myfile19._COPYING_
-rw-r--r--   3 root supergroup 1073741824 2019-03-01 08:25 /myfile2
-rw-r--r--   3 root supergroup 1073741824 2019-03-01 08:26 /myfile20
-rw-r--r--   3 root supergroup 1073741824 2019-03-01 08:27 /myfile3
-rw-r--r--   3 root supergroup 1073741824 2019-03-01 08:28 /myfile4
-rw-r--r--   3 root supergroup 1073741824 2019-03-01 08:28 /myfile5
-rw-r--r--   3 root supergroup          0 2019-03-01 08:28 /myfile6._COPYING_
-rw-r--r--   3 root supergroup 1073741824 2019-03-01 08:28 /myfile7
-rw-r--r--   3 root supergroup 1073741824 2019-03-01 08:28 /myfile8
-rw-r--r--   3 root supergroup 1073741824 2019-03-01 08:28 /myfile9
file 8 has been put into HDFS
sub_benchmark 1 signal TERM catched and let quit gracefully
file 8 has been read from HDFS for 1 time
diff succeed!
Deleted /myfile8
file 8 has been removed from HDFS
