Found 20 items
-rw-r--r--   3 root supergroup  939524096 2019-02-24 12:59 /myfile1._COPYING_
-rw-r--r--   3 root supergroup 1073741824 2019-02-24 13:00 /myfile10
-rw-r--r--   3 root supergroup 1073741824 2019-02-24 13:00 /myfile11
-rw-r--r--   3 root supergroup 1073741824 2019-02-24 13:00 /myfile12
-rw-r--r--   3 root supergroup 1073741824 2019-02-24 13:00 /myfile13
-rw-r--r--   3 root supergroup 1073741824 2019-02-24 13:00 /myfile14
-rw-r--r--   3 root supergroup 1073741824 2019-02-24 13:00 /myfile15
-rw-r--r--   3 root supergroup  939524096 2019-02-24 12:59 /myfile16._COPYING_
-rw-r--r--   3 root supergroup  939524096 2019-02-24 12:59 /myfile17._COPYING_
-rw-r--r--   3 root supergroup 1073741824 2019-02-24 13:00 /myfile18
-rw-r--r--   3 root supergroup  939524096 2019-02-24 12:59 /myfile19._COPYING_
-rw-r--r--   3 root supergroup 1073741824 2019-02-24 13:00 /myfile2
-rw-r--r--   3 root supergroup  939524096 2019-02-24 12:59 /myfile20._COPYING_
-rw-r--r--   3 root supergroup 1073741824 2019-02-24 13:00 /myfile3
-rw-r--r--   3 root supergroup  939524096 2019-02-24 12:59 /myfile4._COPYING_
-rw-r--r--   3 root supergroup 1073741824 2019-02-24 13:00 /myfile5
-rw-r--r--   3 root supergroup  939524096 2019-02-24 12:59 /myfile6._COPYING_
-rw-r--r--   3 root supergroup 1073741824 2019-02-24 13:00 /myfile7
-rw-r--r--   3 root supergroup  939524096 2019-02-24 12:59 /myfile8._COPYING_
-rw-r--r--   3 root supergroup  939524096 2019-02-24 12:59 /myfile9._COPYING_
file 3 has been put into HDFS
file 3 has been read from HDFS for 1 time
diff succeed!
file 3 has been read from HDFS for 2 time
diff succeed!
file 3 has been read from HDFS for 3 time
diff succeed!
file 3 has been read from HDFS for 4 time
diff succeed!
file 3 has been read from HDFS for 5 time
diff succeed!
file 3 has been read from HDFS for 6 time
diff succeed!
file 3 has been read from HDFS for 7 time
diff succeed!
file 3 has been read from HDFS for 8 time
diff succeed!
file 3 has been read from HDFS for 9 time
diff succeed!
file 3 has been read from HDFS for 10 time
diff succeed!
Deleted /myfile3
file 3 has been removed from HDFS
Found 19 items
-rw-r--r--   3 root supergroup          0 2019-02-24 13:04 /myfile1._COPYING_
-rw-r--r--   3 root supergroup 1073741824 2019-02-24 13:00 /myfile10
-rw-r--r--   3 root supergroup  536870912 2019-02-24 13:04 /myfile11._COPYING_
-rw-r--r--   3 root supergroup 1073741824 2019-02-24 13:00 /myfile12
-rw-r--r--   3 root supergroup  268435456 2019-02-24 13:04 /myfile13._COPYING_
-rw-r--r--   3 root supergroup 1073741824 2019-02-24 13:00 /myfile14
-rw-r--r--   3 root supergroup 1073741824 2019-02-24 13:00 /myfile15
-rw-r--r--   3 root supergroup  536870912 2019-02-24 13:04 /myfile16._COPYING_
-rw-r--r--   3 root supergroup  536870912 2019-02-24 13:04 /myfile17._COPYING_
-rw-r--r--   3 root supergroup  671088640 2019-02-24 13:04 /myfile19._COPYING_
-rw-r--r--   3 root supergroup 1073741824 2019-02-24 13:04 /myfile2
-rw-r--r--   3 root supergroup  671088640 2019-02-24 13:04 /myfile20._COPYING_
-rw-r--r--   3 root supergroup 1073741824 2019-02-24 13:04 /myfile3
-rw-r--r--   3 root supergroup  134217728 2019-02-24 13:04 /myfile4._COPYING_
-rw-r--r--   3 root supergroup 1073741824 2019-02-24 13:04 /myfile5
-rw-r--r--   3 root supergroup  671088640 2019-02-24 13:04 /myfile6._COPYING_
-rw-r--r--   3 root supergroup  805306368 2019-02-24 13:04 /myfile7._COPYING_
-rw-r--r--   3 root supergroup  134217728 2019-02-24 13:04 /myfile8._COPYING_
-rw-r--r--   3 root supergroup  134217728 2019-02-24 13:04 /myfile9._COPYING_
file 3 has been put into HDFS
file 3 has been read from HDFS for 1 time
diff succeed!
file 3 has been read from HDFS for 2 time
diff succeed!
file 3 has been read from HDFS for 3 time
diff succeed!
file 3 has been read from HDFS for 4 time
diff succeed!
file 3 has been read from HDFS for 5 time
diff succeed!
file 3 has been read from HDFS for 6 time
diff succeed!
file 3 has been read from HDFS for 7 time
diff succeed!
file 3 has been read from HDFS for 8 time
diff succeed!
file 3 has been read from HDFS for 9 time
diff succeed!
file 3 has been read from HDFS for 10 time
diff succeed!
Deleted /myfile3
file 3 has been removed from HDFS
Found 17 items
-rw-r--r--   3 root supergroup  671088640 2019-02-24 13:09 /myfile1._COPYING_
-rw-r--r--   3 root supergroup  536870912 2019-02-24 13:09 /myfile10._COPYING_
-rw-r--r--   3 root supergroup  671088640 2019-02-24 13:09 /myfile12._COPYING_
-rw-r--r--   3 root supergroup  805306368 2019-02-24 13:09 /myfile13._COPYING_
-rw-r--r--   3 root supergroup  671088640 2019-02-24 13:09 /myfile14._COPYING_
-rw-r--r--   3 root supergroup  536870912 2019-02-24 13:09 /myfile15._COPYING_
-rw-r--r--   3 root supergroup 1073741824 2019-02-24 13:09 /myfile16
-rw-r--r--   3 root supergroup  805306368 2019-02-24 13:08 /myfile17._COPYING_
-rw-r--r--   3 root supergroup  671088640 2019-02-24 13:09 /myfile18._COPYING_
-rw-r--r--   3 root supergroup  671088640 2019-02-24 13:09 /myfile2._COPYING_
-rw-r--r--   3 root supergroup  536870912 2019-02-24 13:09 /myfile20._COPYING_
-rw-r--r--   3 root supergroup 1073741824 2019-02-24 13:09 /myfile3
-rw-r--r--   3 root supergroup  268435456 2019-02-24 13:09 /myfile4._COPYING_
-rw-r--r--   3 root supergroup 1073741824 2019-02-24 13:09 /myfile5
-rw-r--r--   3 root supergroup  805306368 2019-02-24 13:08 /myfile6._COPYING_
-rw-r--r--   3 root supergroup 1073741824 2019-02-24 13:09 /myfile7
-rw-r--r--   3 root supergroup  805306368 2019-02-24 13:09 /myfile8._COPYING_
file 3 has been put into HDFS
file 3 has been read from HDFS for 1 time
diff succeed!
file 3 has been read from HDFS for 2 time
diff succeed!
file 3 has been read from HDFS for 3 time
diff succeed!
file 3 has been read from HDFS for 4 time
diff succeed!
file 3 has been read from HDFS for 5 time
diff succeed!
file 3 has been read from HDFS for 6 time
diff succeed!
file 3 has been read from HDFS for 7 time
diff succeed!
file 3 has been read from HDFS for 8 time
diff succeed!
file 3 has been read from HDFS for 9 time
diff succeed!
file 3 has been read from HDFS for 10 time
diff succeed!
Deleted /myfile3
file 3 has been removed from HDFS
Found 20 items
-rw-r--r--   3 root supergroup  805306368 2019-02-24 13:13 /myfile1._COPYING_
-rw-r--r--   3 root supergroup 1073741824 2019-02-24 13:10 /myfile10
-rw-r--r--   3 root supergroup  671088640 2019-02-24 13:14 /myfile11._COPYING_
-rw-r--r--   3 root supergroup  268435456 2019-02-24 13:14 /myfile12._COPYING_
-rw-r--r--   3 root supergroup 1073741824 2019-02-24 13:14 /myfile13
-rw-r--r--   3 root supergroup  134217728 2019-02-24 13:14 /myfile14._COPYING_
-rw-r--r--   3 root supergroup          0 2019-02-24 13:14 /myfile15._COPYING_
-rw-r--r--   3 root supergroup 1073741824 2019-02-24 13:14 /myfile16
-rw-r--r--   3 root supergroup  939524096 2019-02-24 13:13 /myfile17._COPYING_
-rw-r--r--   3 root supergroup          0 2019-02-24 13:14 /myfile18._COPYING_
-rw-r--r--   3 root supergroup  268435456 2019-02-24 13:14 /myfile19._COPYING_
-rw-r--r--   3 root supergroup  134217728 2019-02-24 13:14 /myfile2._COPYING_
-rw-r--r--   3 root supergroup  268435456 2019-02-24 13:14 /myfile20._COPYING_
-rw-r--r--   3 root supergroup 1073741824 2019-02-24 13:14 /myfile3
-rw-r--r--   3 root supergroup  939524096 2019-02-24 13:14 /myfile4._COPYING_
-rw-r--r--   3 root supergroup  805306368 2019-02-24 13:14 /myfile5._COPYING_
-rw-r--r--   3 root supergroup  134217728 2019-02-24 13:14 /myfile6._COPYING_
-rw-r--r--   3 root supergroup  805306368 2019-02-24 13:14 /myfile7._COPYING_
-rw-r--r--   3 root supergroup 1073741824 2019-02-24 13:14 /myfile8
-rw-r--r--   3 root supergroup  805306368 2019-02-24 13:14 /myfile9._COPYING_
file 3 has been put into HDFS
file 3 has been read from HDFS for 1 time
diff succeed!
file 3 has been read from HDFS for 2 time
diff succeed!
file 3 has been read from HDFS for 3 time
diff succeed!
file 3 has been read from HDFS for 4 time
diff succeed!
file 3 has been read from HDFS for 5 time
diff succeed!
file 3 has been read from HDFS for 6 time
diff succeed!
file 3 has been read from HDFS for 7 time
diff succeed!
file 3 has been read from HDFS for 8 time
diff succeed!
file 3 has been read from HDFS for 9 time
diff succeed!
file 3 has been read from HDFS for 10 time
diff succeed!
Deleted /myfile3
file 3 has been removed from HDFS
Found 19 items
-rw-r--r--   3 root supergroup 1073741824 2019-02-24 13:15 /myfile1
-rw-r--r--   3 root supergroup 1073741824 2019-02-24 13:15 /myfile10
-rw-r--r--   3 root supergroup  671088640 2019-02-24 13:18 /myfile11._COPYING_
-rw-r--r--   3 root supergroup  671088640 2019-02-24 13:18 /myfile12._COPYING_
-rw-r--r--   3 root supergroup  939524096 2019-02-24 13:18 /myfile13._COPYING_
-rw-r--r--   3 root supergroup          0 2019-02-24 13:19 /myfile14._COPYING_
-rw-r--r--   3 root supergroup 1073741824 2019-02-24 13:19 /myfile16
-rw-r--r--   3 root supergroup 1073741824 2019-02-24 13:19 /myfile17
-rw-r--r--   3 root supergroup  536870912 2019-02-24 13:18 /myfile18._COPYING_
-rw-r--r--   3 root supergroup  671088640 2019-02-24 13:18 /myfile19._COPYING_
-rw-r--r--   3 root supergroup 1073741824 2019-02-24 13:15 /myfile2
-rw-r--r--   3 root supergroup  402653184 2019-02-24 13:19 /myfile20._COPYING_
-rw-r--r--   3 root supergroup 1073741824 2019-02-24 13:19 /myfile3
-rw-r--r--   3 root supergroup 1073741824 2019-02-24 13:14 /myfile4
-rw-r--r--   3 root supergroup  671088640 2019-02-24 13:18 /myfile5._COPYING_
-rw-r--r--   3 root supergroup 1073741824 2019-02-24 13:15 /myfile6
-rw-r--r--   3 root supergroup  536870912 2019-02-24 13:18 /myfile7._COPYING_
-rw-r--r--   3 root supergroup 1073741824 2019-02-24 13:19 /myfile8
-rw-r--r--   3 root supergroup 1073741824 2019-02-24 13:15 /myfile9
file 3 has been put into HDFS
file 3 has been read from HDFS for 1 time
diff succeed!
file 3 has been read from HDFS for 2 time
diff succeed!
file 3 has been read from HDFS for 3 time
diff succeed!
file 3 has been read from HDFS for 4 time
diff succeed!
file 3 has been read from HDFS for 5 time
diff succeed!
file 3 has been read from HDFS for 6 time
diff succeed!
file 3 has been read from HDFS for 7 time
diff succeed!
file 3 has been read from HDFS for 8 time
diff succeed!
file 3 has been read from HDFS for 9 time
diff succeed!
file 3 has been read from HDFS for 10 time
diff succeed!
Deleted /myfile3
file 3 has been removed from HDFS
Found 19 items
-rw-r--r--   3 root supergroup 1073741824 2019-02-24 13:21 /myfile1
-rw-r--r--   3 root supergroup 1073741824 2019-02-24 13:20 /myfile10
-rw-r--r--   3 root supergroup 1073741824 2019-02-24 13:19 /myfile11
-rw-r--r--   3 root supergroup  805306368 2019-02-24 13:23 /myfile12._COPYING_
-rw-r--r--   3 root supergroup 1073741824 2019-02-24 13:23 /myfile13
-rw-r--r--   3 root supergroup          0 2019-02-24 13:23 /myfile14._COPYING_
-rw-r--r--   3 root supergroup 1073741824 2019-02-24 13:19 /myfile15
-rw-r--r--   3 root supergroup 1073741824 2019-02-24 13:23 /myfile16
-rw-r--r--   3 root supergroup 1073741824 2019-02-24 13:23 /myfile17
-rw-r--r--   3 root supergroup 1073741824 2019-02-24 13:19 /myfile18
-rw-r--r--   3 root supergroup          0 2019-02-24 13:23 /myfile19._COPYING_
-rw-r--r--   3 root supergroup 1073741824 2019-02-24 13:21 /myfile2
-rw-r--r--   3 root supergroup  134217728 2019-02-24 13:23 /myfile20._COPYING_
-rw-r--r--   3 root supergroup 1073741824 2019-02-24 13:23 /myfile3
-rw-r--r--   3 root supergroup 1073741824 2019-02-24 13:19 /myfile5
-rw-r--r--   3 root supergroup 1073741824 2019-02-24 13:21 /myfile6
-rw-r--r--   3 root supergroup 1073741824 2019-02-24 13:19 /myfile7
-rw-r--r--   3 root supergroup 1073741824 2019-02-24 13:19 /myfile8
-rw-r--r--   3 root supergroup 1073741824 2019-02-24 13:21 /myfile9
file 3 has been put into HDFS
2019-02-24 13:23:44,800 INFO retry.RetryInvocationHandler: org.apache.hadoop.ipc.RemoteException(org.apache.hadoop.ipc.StandbyException): Operation category READ is not supported in state standby. Visit https://s.apache.org/sbnn-error
	at org.apache.hadoop.hdfs.server.namenode.ha.StandbyState.checkOperation(StandbyState.java:88)
	at org.apache.hadoop.hdfs.server.namenode.NameNode$NameNodeHAContext.checkOperation(NameNode.java:1952)
	at org.apache.hadoop.hdfs.server.namenode.FSNamesystem.checkOperation(FSNamesystem.java:1423)
	at org.apache.hadoop.hdfs.server.namenode.FSNamesystem.getFileInfo(FSNamesystem.java:3085)
	at org.apache.hadoop.hdfs.server.namenode.NameNodeRpcServer.getFileInfo(NameNodeRpcServer.java:1154)
	at org.apache.hadoop.hdfs.protocolPB.ClientNamenodeProtocolServerSideTranslatorPB.getFileInfo(ClientNamenodeProtocolServerSideTranslatorPB.java:966)
	at org.apache.hadoop.hdfs.protocol.proto.ClientNamenodeProtocolProtos$ClientNamenodeProtocol$2.callBlockingMethod(ClientNamenodeProtocolProtos.java)
	at org.apache.hadoop.ipc.ProtobufRpcEngine$Server$ProtoBufRpcInvoker.call(ProtobufRpcEngine.java:523)
	at org.apache.hadoop.ipc.RPC$Server.call(RPC.java:991)
	at org.apache.hadoop.ipc.Server$RpcCall.run(Server.java:872)
	at org.apache.hadoop.ipc.Server$RpcCall.run(Server.java:818)
	at java.security.AccessController.doPrivileged(Native Method)
	at javax.security.auth.Subject.doAs(Subject.java:422)
	at org.apache.hadoop.security.UserGroupInformation.doAs(UserGroupInformation.java:1729)
	at org.apache.hadoop.ipc.Server$Handler.run(Server.java:2678)
, while invoking ClientNamenodeProtocolTranslatorPB.getFileInfo over node-1-link-0/10.10.1.4:8020 after 1 failover attempts. Trying to failover after sleeping for 979ms.
2019-02-24 13:23:45,783 INFO retry.RetryInvocationHandler: java.net.ConnectException: Call From clnode049.clemson.cloudlab.us/130.127.133.58 to node-0-link-0:8020 failed on connection exception: java.net.ConnectException: Connection refused; For more details see:  http://wiki.apache.org/hadoop/ConnectionRefused, while invoking ClientNamenodeProtocolTranslatorPB.getFileInfo over node-0-link-0/10.10.1.1:8020 after 2 failover attempts. Trying to failover after sleeping for 1986ms.
file 3 has been read from HDFS for 1 time
diff succeed!
file 3 has been read from HDFS for 2 time
diff succeed!
file 3 has been read from HDFS for 3 time
diff succeed!
file 3 has been read from HDFS for 4 time
diff succeed!
file 3 has been read from HDFS for 5 time
diff succeed!
file 3 has been read from HDFS for 6 time
diff succeed!
file 3 has been read from HDFS for 7 time
diff succeed!
file 3 has been read from HDFS for 8 time
diff succeed!
file 3 has been read from HDFS for 9 time
diff succeed!
file 3 has been read from HDFS for 10 time
diff succeed!
Deleted /myfile3
file 3 has been removed from HDFS
Found 20 items
-rw-r--r--   3 root supergroup 1073741824 2019-02-24 13:27 /myfile1
-rw-r--r--   3 root supergroup 1073741824 2019-02-24 13:24 /myfile10
-rw-r--r--   3 root supergroup 1073741824 2019-02-24 13:25 /myfile11
-rw-r--r--   3 root supergroup 1073741824 2019-02-24 13:24 /myfile12
-rw-r--r--   3 root supergroup 1073741824 2019-02-24 13:27 /myfile13
-rw-r--r--   3 root supergroup 1073741824 2019-02-24 13:24 /myfile14
-rw-r--r--   3 root supergroup 1073741824 2019-02-24 13:26 /myfile15
-rw-r--r--   3 root supergroup 1073741824 2019-02-24 13:27 /myfile16
-rw-r--r--   3 root supergroup 1073741824 2019-02-24 13:27 /myfile17
-rw-r--r--   3 root supergroup 1073741824 2019-02-24 13:25 /myfile18
-rw-r--r--   3 root supergroup 1073741824 2019-02-24 13:24 /myfile19
-rw-r--r--   3 root supergroup 1073741824 2019-02-24 13:26 /myfile2
-rw-r--r--   3 root supergroup 1073741824 2019-02-24 13:24 /myfile20
-rw-r--r--   3 root supergroup 1073741824 2019-02-24 13:27 /myfile3
-rw-r--r--   3 root supergroup 1073741824 2019-02-24 13:24 /myfile4
-rw-r--r--   3 root supergroup 1073741824 2019-02-24 13:25 /myfile5
-rw-r--r--   3 root supergroup 1073741824 2019-02-24 13:27 /myfile6
-rw-r--r--   3 root supergroup 1073741824 2019-02-24 13:25 /myfile7
-rw-r--r--   3 root supergroup 1073741824 2019-02-24 13:24 /myfile8
-rw-r--r--   3 root supergroup 1073741824 2019-02-24 13:26 /myfile9
file 3 has been put into HDFS
file 3 has been read from HDFS for 1 time
diff succeed!
file 3 has been read from HDFS for 2 time
diff succeed!
file 3 has been read from HDFS for 3 time
diff succeed!
file 3 has been read from HDFS for 4 time
diff succeed!
file 3 has been read from HDFS for 5 time
diff succeed!
file 3 has been read from HDFS for 6 time
diff succeed!
file 3 has been read from HDFS for 7 time
diff succeed!
file 3 has been read from HDFS for 8 time
diff succeed!
file 3 has been read from HDFS for 9 time
diff succeed!
file 3 has been read from HDFS for 10 time
diff succeed!
Deleted /myfile3
file 3 has been removed from HDFS
Found 19 items
-rw-r--r--   3 root supergroup 1073741824 2019-02-24 13:32 /myfile1
-rw-r--r--   3 root supergroup 1073741824 2019-02-24 13:29 /myfile10
-rw-r--r--   3 root supergroup 1073741824 2019-02-24 13:30 /myfile11
-rw-r--r--   3 root supergroup 1073741824 2019-02-24 13:29 /myfile12
-rw-r--r--   3 root supergroup 1073741824 2019-02-24 13:29 /myfile14
-rw-r--r--   3 root supergroup 1073741824 2019-02-24 13:30 /myfile15
-rw-r--r--   3 root supergroup 1073741824 2019-02-24 13:32 /myfile16
-rw-r--r--   3 root supergroup 1073741824 2019-02-24 13:31 /myfile17
-rw-r--r--   3 root supergroup 1073741824 2019-02-24 13:30 /myfile18
-rw-r--r--   3 root supergroup 1073741824 2019-02-24 13:29 /myfile19
-rw-r--r--   3 root supergroup 1073741824 2019-02-24 13:30 /myfile2
-rw-r--r--   3 root supergroup 1073741824 2019-02-24 13:29 /myfile20
-rw-r--r--   3 root supergroup 1073741824 2019-02-24 13:32 /myfile3
-rw-r--r--   3 root supergroup 1073741824 2019-02-24 13:29 /myfile4
-rw-r--r--   3 root supergroup 1073741824 2019-02-24 13:30 /myfile5
-rw-r--r--   3 root supergroup 1073741824 2019-02-24 13:27 /myfile6
-rw-r--r--   3 root supergroup 1073741824 2019-02-24 13:30 /myfile7
-rw-r--r--   3 root supergroup 1073741824 2019-02-24 13:29 /myfile8
-rw-r--r--   3 root supergroup 1073741824 2019-02-24 13:30 /myfile9
file 3 has been put into HDFS
file 3 has been read from HDFS for 1 time
diff succeed!
file 3 has been read from HDFS for 2 time
diff succeed!
file 3 has been read from HDFS for 3 time
diff succeed!
file 3 has been read from HDFS for 4 time
diff succeed!
file 3 has been read from HDFS for 5 time
diff succeed!
file 3 has been read from HDFS for 6 time
diff succeed!
file 3 has been read from HDFS for 7 time
diff succeed!
file 3 has been read from HDFS for 8 time
diff succeed!
file 3 has been read from HDFS for 9 time
diff succeed!
file 3 has been read from HDFS for 10 time
diff succeed!
Deleted /myfile3
file 3 has been removed from HDFS
Found 20 items
-rw-r--r--   3 root supergroup 1073741824 2019-02-24 13:36 /myfile1
-rw-r--r--   3 root supergroup  402653184 2019-02-24 13:37 /myfile10._COPYING_
-rw-r--r--   3 root supergroup 1073741824 2019-02-24 13:35 /myfile11
-rw-r--r--   3 root supergroup 1073741824 2019-02-24 13:34 /myfile12
-rw-r--r--   3 root supergroup 1073741824 2019-02-24 13:36 /myfile13
-rw-r--r--   3 root supergroup 1073741824 2019-02-24 13:33 /myfile14
-rw-r--r--   3 root supergroup 1073741824 2019-02-24 13:35 /myfile15
-rw-r--r--   3 root supergroup 1073741824 2019-02-24 13:36 /myfile16
-rw-r--r--   3 root supergroup 1073741824 2019-02-24 13:35 /myfile17
-rw-r--r--   3 root supergroup 1073741824 2019-02-24 13:35 /myfile18
-rw-r--r--   3 root supergroup 1073741824 2019-02-24 13:35 /myfile19
-rw-r--r--   3 root supergroup 1073741824 2019-02-24 13:36 /myfile2
-rw-r--r--   3 root supergroup  671088640 2019-02-24 13:37 /myfile20._COPYING_
-rw-r--r--   3 root supergroup 1073741824 2019-02-24 13:37 /myfile3
-rw-r--r--   3 root supergroup 1073741824 2019-02-24 13:34 /myfile4
-rw-r--r--   3 root supergroup 1073741824 2019-02-24 13:36 /myfile5
-rw-r--r--   3 root supergroup 1073741824 2019-02-24 13:33 /myfile6
-rw-r--r--   3 root supergroup 1073741824 2019-02-24 13:35 /myfile7
-rw-r--r--   3 root supergroup 1073741824 2019-02-24 13:34 /myfile8
-rw-r--r--   3 root supergroup 1073741824 2019-02-24 13:36 /myfile9
file 3 has been put into HDFS
file 3 has been read from HDFS for 1 time
diff succeed!
file 3 has been read from HDFS for 2 time
diff succeed!
file 3 has been read from HDFS for 3 time
diff succeed!
file 3 has been read from HDFS for 4 time
diff succeed!
file 3 has been read from HDFS for 5 time
diff succeed!
file 3 has been read from HDFS for 6 time
diff succeed!
file 3 has been read from HDFS for 7 time
diff succeed!
file 3 has been read from HDFS for 8 time
diff succeed!
file 3 has been read from HDFS for 9 time
diff succeed!
file 3 has been read from HDFS for 10 time
diff succeed!
Deleted /myfile3
file 3 has been removed from HDFS
Found 20 items
-rw-r--r--   3 root supergroup 1073741824 2019-02-24 13:41 /myfile1
-rw-r--r--   3 root supergroup 1073741824 2019-02-24 13:41 /myfile10
-rw-r--r--   3 root supergroup 1073741824 2019-02-24 13:39 /myfile11
-rw-r--r--   3 root supergroup 1073741824 2019-02-24 13:42 /myfile12
-rw-r--r--   3 root supergroup 1073741824 2019-02-24 13:41 /myfile13
-rw-r--r--   3 root supergroup 1073741824 2019-02-24 13:39 /myfile14
-rw-r--r--   3 root supergroup 1073741824 2019-02-24 13:39 /myfile15
-rw-r--r--   3 root supergroup 1073741824 2019-02-24 13:41 /myfile16
-rw-r--r--   3 root supergroup 1073741824 2019-02-24 13:40 /myfile17
-rw-r--r--   3 root supergroup 1073741824 2019-02-24 13:39 /myfile18
-rw-r--r--   3 root supergroup 1073741824 2019-02-24 13:39 /myfile19
-rw-r--r--   3 root supergroup 1073741824 2019-02-24 13:41 /myfile2
-rw-r--r--   3 root supergroup 1073741824 2019-02-24 13:41 /myfile20
-rw-r--r--   3 root supergroup 1073741824 2019-02-24 13:42 /myfile3
-rw-r--r--   3 root supergroup 1073741824 2019-02-24 13:42 /myfile4
-rw-r--r--   3 root supergroup 1073741824 2019-02-24 13:41 /myfile5
-rw-r--r--   3 root supergroup 1073741824 2019-02-24 13:38 /myfile6
-rw-r--r--   3 root supergroup 1073741824 2019-02-24 13:39 /myfile7
-rw-r--r--   3 root supergroup 1073741824 2019-02-24 13:39 /myfile8
-rw-r--r--   3 root supergroup 1073741824 2019-02-24 13:40 /myfile9
file 3 has been put into HDFS
file 3 has been read from HDFS for 1 time
diff succeed!
file 3 has been read from HDFS for 2 time
diff succeed!
file 3 has been read from HDFS for 3 time
diff succeed!
file 3 has been read from HDFS for 4 time
diff succeed!
file 3 has been read from HDFS for 5 time
diff succeed!
file 3 has been read from HDFS for 6 time
diff succeed!
file 3 has been read from HDFS for 7 time
diff succeed!
sub_benchmark 7 signal TERM catched and let quit gracefully
Deleted /myfile3
file 3 has been removed from HDFS
