Found 20 items
-rw-r--r--   3 root supergroup  939524096 2019-02-24 12:59 /myfile1._COPYING_
-rw-r--r--   3 root supergroup 1073741824 2019-02-24 13:00 /myfile10
-rw-r--r--   3 root supergroup 1073741824 2019-02-24 13:00 /myfile11
-rw-r--r--   3 root supergroup 1073741824 2019-02-24 13:00 /myfile12
-rw-r--r--   3 root supergroup 1073741824 2019-02-24 13:00 /myfile13
-rw-r--r--   3 root supergroup 1073741824 2019-02-24 13:00 /myfile14
-rw-r--r--   3 root supergroup 1073741824 2019-02-24 13:00 /myfile15
-rw-r--r--   3 root supergroup  939524096 2019-02-24 12:59 /myfile16._COPYING_
-rw-r--r--   3 root supergroup  939524096 2019-02-24 12:59 /myfile17._COPYING_
-rw-r--r--   3 root supergroup 1073741824 2019-02-24 13:00 /myfile18
-rw-r--r--   3 root supergroup  939524096 2019-02-24 12:59 /myfile19._COPYING_
-rw-r--r--   3 root supergroup 1073741824 2019-02-24 13:00 /myfile2
-rw-r--r--   3 root supergroup  939524096 2019-02-24 12:59 /myfile20._COPYING_
-rw-r--r--   3 root supergroup 1073741824 2019-02-24 13:00 /myfile3
-rw-r--r--   3 root supergroup  939524096 2019-02-24 12:59 /myfile4._COPYING_
-rw-r--r--   3 root supergroup 1073741824 2019-02-24 13:00 /myfile5
-rw-r--r--   3 root supergroup  939524096 2019-02-24 12:59 /myfile6._COPYING_
-rw-r--r--   3 root supergroup 1073741824 2019-02-24 13:00 /myfile7
-rw-r--r--   3 root supergroup 1073741824 2019-02-24 13:00 /myfile8
-rw-r--r--   3 root supergroup  939524096 2019-02-24 12:59 /myfile9._COPYING_
file 8 has been put into HDFS
file 8 has been read from HDFS for 1 time
diff succeed!
file 8 has been read from HDFS for 2 time
diff succeed!
file 8 has been read from HDFS for 3 time
diff succeed!
file 8 has been read from HDFS for 4 time
diff succeed!
file 8 has been read from HDFS for 5 time
diff succeed!
file 8 has been read from HDFS for 6 time
diff succeed!
file 8 has been read from HDFS for 7 time
diff succeed!
file 8 has been read from HDFS for 8 time
diff succeed!
file 8 has been read from HDFS for 9 time
diff succeed!
file 8 has been read from HDFS for 10 time
diff succeed!
Deleted /myfile8
file 8 has been removed from HDFS
Found 20 items
-rw-r--r--   3 root supergroup  939524096 2019-02-24 13:04 /myfile1._COPYING_
-rw-r--r--   3 root supergroup  268435456 2019-02-24 13:05 /myfile10._COPYING_
-rw-r--r--   3 root supergroup 1073741824 2019-02-24 13:05 /myfile11
-rw-r--r--   3 root supergroup  134217728 2019-02-24 13:05 /myfile12._COPYING_
-rw-r--r--   3 root supergroup 1073741824 2019-02-24 13:05 /myfile13
-rw-r--r--   3 root supergroup  268435456 2019-02-24 13:05 /myfile14._COPYING_
-rw-r--r--   3 root supergroup  671088640 2019-02-24 13:05 /myfile15._COPYING_
-rw-r--r--   3 root supergroup 1073741824 2019-02-24 13:05 /myfile16
-rw-r--r--   3 root supergroup 1073741824 2019-02-24 13:05 /myfile17
-rw-r--r--   3 root supergroup  671088640 2019-02-24 13:04 /myfile18._COPYING_
-rw-r--r--   3 root supergroup 1073741824 2019-02-24 13:05 /myfile19
-rw-r--r--   3 root supergroup 1073741824 2019-02-24 13:04 /myfile2
-rw-r--r--   3 root supergroup 1073741824 2019-02-24 13:05 /myfile20
-rw-r--r--   3 root supergroup 1073741824 2019-02-24 13:04 /myfile3
-rw-r--r--   3 root supergroup  939524096 2019-02-24 13:04 /myfile4._COPYING_
-rw-r--r--   3 root supergroup 1073741824 2019-02-24 13:04 /myfile5
-rw-r--r--   3 root supergroup 1073741824 2019-02-24 13:05 /myfile6
-rw-r--r--   3 root supergroup 1073741824 2019-02-24 13:05 /myfile7
-rw-r--r--   3 root supergroup 1073741824 2019-02-24 13:05 /myfile8
-rw-r--r--   3 root supergroup 1073741824 2019-02-24 13:05 /myfile9
file 8 has been put into HDFS
file 8 has been read from HDFS for 1 time
diff succeed!
file 8 has been read from HDFS for 2 time
diff succeed!
file 8 has been read from HDFS for 3 time
diff succeed!
file 8 has been read from HDFS for 4 time
diff succeed!
file 8 has been read from HDFS for 5 time
diff succeed!
file 8 has been read from HDFS for 6 time
diff succeed!
file 8 has been read from HDFS for 7 time
diff succeed!
file 8 has been read from HDFS for 8 time
diff succeed!
file 8 has been read from HDFS for 9 time
diff succeed!
file 8 has been read from HDFS for 10 time
diff succeed!
Deleted /myfile8
file 8 has been removed from HDFS
Found 20 items
-rw-r--r--   3 root supergroup 1073741824 2019-02-24 13:10 /myfile1
-rw-r--r--   3 root supergroup  805306368 2019-02-24 13:09 /myfile10._COPYING_
-rw-r--r--   3 root supergroup  268435456 2019-02-24 13:10 /myfile11._COPYING_
-rw-r--r--   3 root supergroup 1073741824 2019-02-24 13:10 /myfile12
-rw-r--r--   3 root supergroup 1073741824 2019-02-24 13:10 /myfile13
-rw-r--r--   3 root supergroup  939524096 2019-02-24 13:09 /myfile14._COPYING_
-rw-r--r--   3 root supergroup  939524096 2019-02-24 13:09 /myfile15._COPYING_
-rw-r--r--   3 root supergroup 1073741824 2019-02-24 13:09 /myfile16
-rw-r--r--   3 root supergroup 1073741824 2019-02-24 13:10 /myfile17
-rw-r--r--   3 root supergroup 1073741824 2019-02-24 13:10 /myfile18
-rw-r--r--   3 root supergroup  268435456 2019-02-24 13:09 /myfile19._COPYING_
-rw-r--r--   3 root supergroup  939524096 2019-02-24 13:09 /myfile2._COPYING_
-rw-r--r--   3 root supergroup  939524096 2019-02-24 13:09 /myfile20._COPYING_
-rw-r--r--   3 root supergroup 1073741824 2019-02-24 13:09 /myfile3
-rw-r--r--   3 root supergroup  536870912 2019-02-24 13:09 /myfile4._COPYING_
-rw-r--r--   3 root supergroup 1073741824 2019-02-24 13:09 /myfile5
-rw-r--r--   3 root supergroup 1073741824 2019-02-24 13:10 /myfile6
-rw-r--r--   3 root supergroup 1073741824 2019-02-24 13:09 /myfile7
-rw-r--r--   3 root supergroup 1073741824 2019-02-24 13:10 /myfile8
-rw-r--r--   3 root supergroup          0 2019-02-24 13:10 /myfile9._COPYING_
file 8 has been put into HDFS
file 8 has been read from HDFS for 1 time
diff succeed!
file 8 has been read from HDFS for 2 time
diff succeed!
file 8 has been read from HDFS for 3 time
diff succeed!
file 8 has been read from HDFS for 4 time
diff succeed!
file 8 has been read from HDFS for 5 time
diff succeed!
file 8 has been read from HDFS for 6 time
diff succeed!
file 8 has been read from HDFS for 7 time
diff succeed!
file 8 has been read from HDFS for 8 time
diff succeed!
file 8 has been read from HDFS for 9 time
diff succeed!
file 8 has been read from HDFS for 10 time
diff succeed!
Deleted /myfile8
file 8 has been removed from HDFS
Found 20 items
-rw-r--r--   3 root supergroup  805306368 2019-02-24 13:13 /myfile1._COPYING_
-rw-r--r--   3 root supergroup 1073741824 2019-02-24 13:10 /myfile10
-rw-r--r--   3 root supergroup  671088640 2019-02-24 13:14 /myfile11._COPYING_
-rw-r--r--   3 root supergroup  268435456 2019-02-24 13:14 /myfile12._COPYING_
-rw-r--r--   3 root supergroup 1073741824 2019-02-24 13:14 /myfile13
-rw-r--r--   3 root supergroup  134217728 2019-02-24 13:14 /myfile14._COPYING_
-rw-r--r--   3 root supergroup          0 2019-02-24 13:14 /myfile15._COPYING_
-rw-r--r--   3 root supergroup 1073741824 2019-02-24 13:14 /myfile16
-rw-r--r--   3 root supergroup  939524096 2019-02-24 13:13 /myfile17._COPYING_
-rw-r--r--   3 root supergroup          0 2019-02-24 13:14 /myfile18._COPYING_
-rw-r--r--   3 root supergroup  268435456 2019-02-24 13:14 /myfile19._COPYING_
-rw-r--r--   3 root supergroup  134217728 2019-02-24 13:14 /myfile2._COPYING_
-rw-r--r--   3 root supergroup  268435456 2019-02-24 13:14 /myfile20._COPYING_
-rw-r--r--   3 root supergroup 1073741824 2019-02-24 13:14 /myfile3
-rw-r--r--   3 root supergroup  939524096 2019-02-24 13:14 /myfile4._COPYING_
-rw-r--r--   3 root supergroup  805306368 2019-02-24 13:14 /myfile5._COPYING_
-rw-r--r--   3 root supergroup  134217728 2019-02-24 13:14 /myfile6._COPYING_
-rw-r--r--   3 root supergroup  805306368 2019-02-24 13:14 /myfile7._COPYING_
-rw-r--r--   3 root supergroup 1073741824 2019-02-24 13:14 /myfile8
-rw-r--r--   3 root supergroup  805306368 2019-02-24 13:14 /myfile9._COPYING_
file 8 has been put into HDFS
file 8 has been read from HDFS for 1 time
diff succeed!
file 8 has been read from HDFS for 2 time
diff succeed!
file 8 has been read from HDFS for 3 time
diff succeed!
file 8 has been read from HDFS for 4 time
diff succeed!
file 8 has been read from HDFS for 5 time
diff succeed!
file 8 has been read from HDFS for 6 time
diff succeed!
file 8 has been read from HDFS for 7 time
diff succeed!
file 8 has been read from HDFS for 8 time
diff succeed!
file 8 has been read from HDFS for 9 time
diff succeed!
file 8 has been read from HDFS for 10 time
diff succeed!
Deleted /myfile8
file 8 has been removed from HDFS
Found 18 items
-rw-r--r--   3 root supergroup 1073741824 2019-02-24 13:15 /myfile1
-rw-r--r--   3 root supergroup 1073741824 2019-02-24 13:15 /myfile10
-rw-r--r--   3 root supergroup  671088640 2019-02-24 13:18 /myfile11._COPYING_
-rw-r--r--   3 root supergroup  671088640 2019-02-24 13:18 /myfile12._COPYING_
-rw-r--r--   3 root supergroup  939524096 2019-02-24 13:18 /myfile13._COPYING_
-rw-r--r--   3 root supergroup 1073741824 2019-02-24 13:19 /myfile16
-rw-r--r--   3 root supergroup 1073741824 2019-02-24 13:19 /myfile17
-rw-r--r--   3 root supergroup  536870912 2019-02-24 13:18 /myfile18._COPYING_
-rw-r--r--   3 root supergroup  671088640 2019-02-24 13:18 /myfile19._COPYING_
-rw-r--r--   3 root supergroup 1073741824 2019-02-24 13:15 /myfile2
-rw-r--r--   3 root supergroup  402653184 2019-02-24 13:19 /myfile20._COPYING_
-rw-r--r--   3 root supergroup 1073741824 2019-02-24 13:19 /myfile3
-rw-r--r--   3 root supergroup 1073741824 2019-02-24 13:14 /myfile4
-rw-r--r--   3 root supergroup  671088640 2019-02-24 13:18 /myfile5._COPYING_
-rw-r--r--   3 root supergroup 1073741824 2019-02-24 13:15 /myfile6
-rw-r--r--   3 root supergroup  536870912 2019-02-24 13:18 /myfile7._COPYING_
-rw-r--r--   3 root supergroup 1073741824 2019-02-24 13:19 /myfile8
-rw-r--r--   3 root supergroup 1073741824 2019-02-24 13:15 /myfile9
file 8 has been put into HDFS
file 8 has been read from HDFS for 1 time
diff succeed!
file 8 has been read from HDFS for 2 time
diff succeed!
file 8 has been read from HDFS for 3 time
diff succeed!
file 8 has been read from HDFS for 4 time
diff succeed!
file 8 has been read from HDFS for 5 time
diff succeed!
file 8 has been read from HDFS for 6 time
diff succeed!
file 8 has been read from HDFS for 7 time
diff succeed!
file 8 has been read from HDFS for 8 time
diff succeed!
file 8 has been read from HDFS for 9 time
diff succeed!
file 8 has been read from HDFS for 10 time
diff succeed!
2019-02-24 13:24:13,099 INFO retry.RetryInvocationHandler: org.apache.hadoop.ipc.RemoteException(org.apache.hadoop.ipc.RetriableException): org.apache.hadoop.hdfs.server.namenode.SafeModeException: Cannot delete /myfile8. Name node is in safe mode.
The reported blocks 127 has reached the threshold 0.9990 of total blocks 127. The number of live datanodes 3 has reached the minimum number 0. In safe mode extension. Safe mode will be turned off automatically in 2 seconds. NamenodeHostName:node-1-link-0
	at org.apache.hadoop.hdfs.server.namenode.FSNamesystem.checkNameNodeSafeMode(FSNamesystem.java:1441)
	at org.apache.hadoop.hdfs.server.namenode.FSNamesystem.delete(FSNamesystem.java:2986)
	at org.apache.hadoop.hdfs.server.namenode.NameNodeRpcServer.delete(NameNodeRpcServer.java:1095)
	at org.apache.hadoop.hdfs.protocolPB.ClientNamenodeProtocolServerSideTranslatorPB.delete(ClientNamenodeProtocolServerSideTranslatorPB.java:692)
	at org.apache.hadoop.hdfs.protocol.proto.ClientNamenodeProtocolProtos$ClientNamenodeProtocol$2.callBlockingMethod(ClientNamenodeProtocolProtos.java)
	at org.apache.hadoop.ipc.ProtobufRpcEngine$Server$ProtoBufRpcInvoker.call(ProtobufRpcEngine.java:523)
	at org.apache.hadoop.ipc.RPC$Server.call(RPC.java:991)
	at org.apache.hadoop.ipc.Server$RpcCall.run(Server.java:872)
	at org.apache.hadoop.ipc.Server$RpcCall.run(Server.java:818)
	at java.security.AccessController.doPrivileged(Native Method)
	at javax.security.auth.Subject.doAs(Subject.java:422)
	at org.apache.hadoop.security.UserGroupInformation.doAs(UserGroupInformation.java:1729)
	at org.apache.hadoop.ipc.Server$Handler.run(Server.java:2678)
Caused by: org.apache.hadoop.hdfs.server.namenode.SafeModeException: Cannot delete /myfile8. Name node is in safe mode.
The reported blocks 127 has reached the threshold 0.9990 of total blocks 127. The number of live datanodes 3 has reached the minimum number 0. In safe mode extension. Safe mode will be turned off automatically in 2 seconds. NamenodeHostName:node-1-link-0
	at org.apache.hadoop.hdfs.server.namenode.FSNamesystem.newSafemodeException(FSNamesystem.java:1450)
	at org.apache.hadoop.hdfs.server.namenode.FSNamesystem.checkNameNodeSafeMode(FSNamesystem.java:1437)
	... 12 more
, while invoking ClientNamenodeProtocolTranslatorPB.delete over node-1-link-0/10.10.1.4:8020. Retrying immediately.
2019-02-24 13:24:13,104 INFO retry.RetryInvocationHandler: org.apache.hadoop.ipc.RemoteException(org.apache.hadoop.ipc.RetriableException): org.apache.hadoop.hdfs.server.namenode.SafeModeException: Cannot delete /myfile8. Name node is in safe mode.
The reported blocks 127 has reached the threshold 0.9990 of total blocks 127. The number of live datanodes 3 has reached the minimum number 0. In safe mode extension. Safe mode will be turned off automatically in 2 seconds. NamenodeHostName:node-1-link-0
	at org.apache.hadoop.hdfs.server.namenode.FSNamesystem.checkNameNodeSafeMode(FSNamesystem.java:1441)
	at org.apache.hadoop.hdfs.server.namenode.FSNamesystem.delete(FSNamesystem.java:2986)
	at org.apache.hadoop.hdfs.server.namenode.NameNodeRpcServer.delete(NameNodeRpcServer.java:1095)
	at org.apache.hadoop.hdfs.protocolPB.ClientNamenodeProtocolServerSideTranslatorPB.delete(ClientNamenodeProtocolServerSideTranslatorPB.java:692)
	at org.apache.hadoop.hdfs.protocol.proto.ClientNamenodeProtocolProtos$ClientNamenodeProtocol$2.callBlockingMethod(ClientNamenodeProtocolProtos.java)
	at org.apache.hadoop.ipc.ProtobufRpcEngine$Server$ProtoBufRpcInvoker.call(ProtobufRpcEngine.java:523)
	at org.apache.hadoop.ipc.RPC$Server.call(RPC.java:991)
	at org.apache.hadoop.ipc.Server$RpcCall.run(Server.java:872)
	at org.apache.hadoop.ipc.Server$RpcCall.run(Server.java:818)
	at java.security.AccessController.doPrivileged(Native Method)
	at javax.security.auth.Subject.doAs(Subject.java:422)
	at org.apache.hadoop.security.UserGroupInformation.doAs(UserGroupInformation.java:1729)
	at org.apache.hadoop.ipc.Server$Handler.run(Server.java:2678)
Caused by: org.apache.hadoop.hdfs.server.namenode.SafeModeException: Cannot delete /myfile8. Name node is in safe mode.
The reported blocks 127 has reached the threshold 0.9990 of total blocks 127. The number of live datanodes 3 has reached the minimum number 0. In safe mode extension. Safe mode will be turned off automatically in 2 seconds. NamenodeHostName:node-1-link-0
	at org.apache.hadoop.hdfs.server.namenode.FSNamesystem.newSafemodeException(FSNamesystem.java:1450)
	at org.apache.hadoop.hdfs.server.namenode.FSNamesystem.checkNameNodeSafeMode(FSNamesystem.java:1437)
	... 12 more
, while invoking ClientNamenodeProtocolTranslatorPB.delete over node-1-link-0/10.10.1.4:8020. Retrying after sleeping for 1483ms.
2019-02-24 13:24:14,591 INFO retry.RetryInvocationHandler: org.apache.hadoop.ipc.RemoteException(org.apache.hadoop.ipc.RetriableException): org.apache.hadoop.hdfs.server.namenode.SafeModeException: Cannot delete /myfile8. Name node is in safe mode.
The reported blocks 127 has reached the threshold 0.9990 of total blocks 127. The number of live datanodes 3 has reached the minimum number 0. In safe mode extension. Safe mode will be turned off automatically in 1 seconds. NamenodeHostName:node-1-link-0
	at org.apache.hadoop.hdfs.server.namenode.FSNamesystem.checkNameNodeSafeMode(FSNamesystem.java:1441)
	at org.apache.hadoop.hdfs.server.namenode.FSNamesystem.delete(FSNamesystem.java:2986)
	at org.apache.hadoop.hdfs.server.namenode.NameNodeRpcServer.delete(NameNodeRpcServer.java:1095)
	at org.apache.hadoop.hdfs.protocolPB.ClientNamenodeProtocolServerSideTranslatorPB.delete(ClientNamenodeProtocolServerSideTranslatorPB.java:692)
	at org.apache.hadoop.hdfs.protocol.proto.ClientNamenodeProtocolProtos$ClientNamenodeProtocol$2.callBlockingMethod(ClientNamenodeProtocolProtos.java)
	at org.apache.hadoop.ipc.ProtobufRpcEngine$Server$ProtoBufRpcInvoker.call(ProtobufRpcEngine.java:523)
	at org.apache.hadoop.ipc.RPC$Server.call(RPC.java:991)
	at org.apache.hadoop.ipc.Server$RpcCall.run(Server.java:872)
	at org.apache.hadoop.ipc.Server$RpcCall.run(Server.java:818)
	at java.security.AccessController.doPrivileged(Native Method)
	at javax.security.auth.Subject.doAs(Subject.java:422)
	at org.apache.hadoop.security.UserGroupInformation.doAs(UserGroupInformation.java:1729)
	at org.apache.hadoop.ipc.Server$Handler.run(Server.java:2678)
Caused by: org.apache.hadoop.hdfs.server.namenode.SafeModeException: Cannot delete /myfile8. Name node is in safe mode.
The reported blocks 127 has reached the threshold 0.9990 of total blocks 127. The number of live datanodes 3 has reached the minimum number 0. In safe mode extension. Safe mode will be turned off automatically in 1 seconds. NamenodeHostName:node-1-link-0
	at org.apache.hadoop.hdfs.server.namenode.FSNamesystem.newSafemodeException(FSNamesystem.java:1450)
	at org.apache.hadoop.hdfs.server.namenode.FSNamesystem.checkNameNodeSafeMode(FSNamesystem.java:1437)
	... 12 more
, while invoking ClientNamenodeProtocolTranslatorPB.delete over node-1-link-0/10.10.1.4:8020. Retrying after sleeping for 2610ms.
Deleted /myfile8
file 8 has been removed from HDFS
Found 18 items
-rw-r--r--   3 root supergroup 1073741824 2019-02-24 13:21 /myfile1
-rw-r--r--   3 root supergroup  805306368 2019-02-24 13:24 /myfile10._COPYING_
-rw-r--r--   3 root supergroup  134217728 2019-02-24 13:24 /myfile11._COPYING_
-rw-r--r--   3 root supergroup 1073741824 2019-02-24 13:24 /myfile12
-rw-r--r--   3 root supergroup 1073741824 2019-02-24 13:23 /myfile13
-rw-r--r--   3 root supergroup 1073741824 2019-02-24 13:24 /myfile14
-rw-r--r--   3 root supergroup 1073741824 2019-02-24 13:19 /myfile15
-rw-r--r--   3 root supergroup 1073741824 2019-02-24 13:23 /myfile16
-rw-r--r--   3 root supergroup 1073741824 2019-02-24 13:23 /myfile17
-rw-r--r--   3 root supergroup 1073741824 2019-02-24 13:24 /myfile19
-rw-r--r--   3 root supergroup 1073741824 2019-02-24 13:21 /myfile2
-rw-r--r--   3 root supergroup 1073741824 2019-02-24 13:24 /myfile20
-rw-r--r--   3 root supergroup 1073741824 2019-02-24 13:23 /myfile3
-rw-r--r--   3 root supergroup  805306368 2019-02-24 13:24 /myfile4._COPYING_
-rw-r--r--   3 root supergroup 1073741824 2019-02-24 13:21 /myfile6
-rw-r--r--   3 root supergroup          0 2019-02-24 13:24 /myfile7._COPYING_
-rw-r--r--   3 root supergroup 1073741824 2019-02-24 13:24 /myfile8
-rw-r--r--   3 root supergroup 1073741824 2019-02-24 13:21 /myfile9
file 8 has been put into HDFS
file 8 has been read from HDFS for 1 time
diff succeed!
file 8 has been read from HDFS for 2 time
diff succeed!
file 8 has been read from HDFS for 3 time
diff succeed!
file 8 has been read from HDFS for 4 time
diff succeed!
file 8 has been read from HDFS for 5 time
diff succeed!
file 8 has been read from HDFS for 6 time
diff succeed!
file 8 has been read from HDFS for 7 time
diff succeed!
file 8 has been read from HDFS for 8 time
diff succeed!
file 8 has been read from HDFS for 9 time
diff succeed!
file 8 has been read from HDFS for 10 time
diff succeed!
Deleted /myfile8
file 8 has been removed from HDFS
Found 20 items
-rw-r--r--   3 root supergroup 1073741824 2019-02-24 13:27 /myfile1
-rw-r--r--   3 root supergroup  939524096 2019-02-24 13:29 /myfile10._COPYING_
-rw-r--r--   3 root supergroup  402653184 2019-02-24 13:29 /myfile11._COPYING_
-rw-r--r--   3 root supergroup 1073741824 2019-02-24 13:29 /myfile12
-rw-r--r--   3 root supergroup 1073741824 2019-02-24 13:27 /myfile13
-rw-r--r--   3 root supergroup 1073741824 2019-02-24 13:29 /myfile14
-rw-r--r--   3 root supergroup 1073741824 2019-02-24 13:26 /myfile15
-rw-r--r--   3 root supergroup 1073741824 2019-02-24 13:27 /myfile16
-rw-r--r--   3 root supergroup 1073741824 2019-02-24 13:27 /myfile17
-rw-r--r--   3 root supergroup  536870912 2019-02-24 13:29 /myfile18._COPYING_
-rw-r--r--   3 root supergroup 1073741824 2019-02-24 13:29 /myfile19
-rw-r--r--   3 root supergroup 1073741824 2019-02-24 13:26 /myfile2
-rw-r--r--   3 root supergroup 1073741824 2019-02-24 13:29 /myfile20
-rw-r--r--   3 root supergroup 1073741824 2019-02-24 13:27 /myfile3
-rw-r--r--   3 root supergroup 1073741824 2019-02-24 13:29 /myfile4
-rw-r--r--   3 root supergroup 1073741824 2019-02-24 13:25 /myfile5
-rw-r--r--   3 root supergroup 1073741824 2019-02-24 13:27 /myfile6
-rw-r--r--   3 root supergroup  268435456 2019-02-24 13:29 /myfile7._COPYING_
-rw-r--r--   3 root supergroup 1073741824 2019-02-24 13:29 /myfile8
-rw-r--r--   3 root supergroup 1073741824 2019-02-24 13:26 /myfile9
file 8 has been put into HDFS
file 8 has been read from HDFS for 1 time
diff succeed!
file 8 has been read from HDFS for 2 time
diff succeed!
file 8 has been read from HDFS for 3 time
diff succeed!
file 8 has been read from HDFS for 4 time
diff succeed!
file 8 has been read from HDFS for 5 time
diff succeed!
file 8 has been read from HDFS for 6 time
diff succeed!
file 8 has been read from HDFS for 7 time
diff succeed!
file 8 has been read from HDFS for 8 time
diff succeed!
file 8 has been read from HDFS for 9 time
diff succeed!
file 8 has been read from HDFS for 10 time
diff succeed!
Deleted /myfile8
file 8 has been removed from HDFS
2019-02-24 13:34:13,338 INFO retry.RetryInvocationHandler: java.io.EOFException: End of File Exception between local host is: "clnode049.clemson.cloudlab.us/130.127.133.58"; destination host is: "node-1-link-0":8020; : java.io.EOFException; For more details see:  http://wiki.apache.org/hadoop/EOFException, while invoking ClientNamenodeProtocolTranslatorPB.addBlock over node-1-link-0/10.10.1.4:8020. Trying to failover immediately.
Found 18 items
-rw-r--r--   3 root supergroup 1073741824 2019-02-24 13:32 /myfile1
-rw-r--r--   3 root supergroup 1073741824 2019-02-24 13:34 /myfile10
-rw-r--r--   3 root supergroup 1073741824 2019-02-24 13:30 /myfile11
-rw-r--r--   3 root supergroup 1073741824 2019-02-24 13:34 /myfile12
-rw-r--r--   3 root supergroup 1073741824 2019-02-24 13:32 /myfile13
-rw-r--r--   3 root supergroup 1073741824 2019-02-24 13:33 /myfile14
-rw-r--r--   3 root supergroup 1073741824 2019-02-24 13:30 /myfile15
-rw-r--r--   3 root supergroup 1073741824 2019-02-24 13:32 /myfile16
-rw-r--r--   3 root supergroup 1073741824 2019-02-24 13:31 /myfile17
-rw-r--r--   3 root supergroup 1073741824 2019-02-24 13:30 /myfile18
-rw-r--r--   3 root supergroup 1073741824 2019-02-24 13:30 /myfile2
-rw-r--r--   3 root supergroup 1073741824 2019-02-24 13:33 /myfile20
-rw-r--r--   3 root supergroup 1073741824 2019-02-24 13:32 /myfile3
-rw-r--r--   3 root supergroup  939524096 2019-02-24 13:33 /myfile4._COPYING_
-rw-r--r--   3 root supergroup 1073741824 2019-02-24 13:30 /myfile5
-rw-r--r--   3 root supergroup 1073741824 2019-02-24 13:33 /myfile6
-rw-r--r--   3 root supergroup 1073741824 2019-02-24 13:34 /myfile8
-rw-r--r--   3 root supergroup 1073741824 2019-02-24 13:30 /myfile9
file 8 has been put into HDFS
file 8 has been read from HDFS for 1 time
diff succeed!
file 8 has been read from HDFS for 2 time
diff succeed!
file 8 has been read from HDFS for 3 time
diff succeed!
file 8 has been read from HDFS for 4 time
diff succeed!
file 8 has been read from HDFS for 5 time
diff succeed!
file 8 has been read from HDFS for 6 time
diff succeed!
file 8 has been read from HDFS for 7 time
diff succeed!
file 8 has been read from HDFS for 8 time
diff succeed!
file 8 has been read from HDFS for 9 time
diff succeed!
file 8 has been read from HDFS for 10 time
diff succeed!
Deleted /myfile8
file 8 has been removed from HDFS
Found 20 items
-rw-r--r--   3 root supergroup 1073741824 2019-02-24 13:36 /myfile1
-rw-r--r--   3 root supergroup 1073741824 2019-02-24 13:37 /myfile10
-rw-r--r--   3 root supergroup 1073741824 2019-02-24 13:39 /myfile11
-rw-r--r--   3 root supergroup 1073741824 2019-02-24 13:38 /myfile12
-rw-r--r--   3 root supergroup 1073741824 2019-02-24 13:36 /myfile13
-rw-r--r--   3 root supergroup          0 2019-02-24 13:39 /myfile14._COPYING_
-rw-r--r--   3 root supergroup  805306368 2019-02-24 13:39 /myfile15._COPYING_
-rw-r--r--   3 root supergroup 1073741824 2019-02-24 13:36 /myfile16
-rw-r--r--   3 root supergroup 1073741824 2019-02-24 13:35 /myfile17
-rw-r--r--   3 root supergroup  536870912 2019-02-24 13:39 /myfile18._COPYING_
-rw-r--r--   3 root supergroup 1073741824 2019-02-24 13:35 /myfile19
-rw-r--r--   3 root supergroup 1073741824 2019-02-24 13:36 /myfile2
-rw-r--r--   3 root supergroup 1073741824 2019-02-24 13:37 /myfile20
-rw-r--r--   3 root supergroup 1073741824 2019-02-24 13:37 /myfile3
-rw-r--r--   3 root supergroup 1073741824 2019-02-24 13:38 /myfile4
-rw-r--r--   3 root supergroup 1073741824 2019-02-24 13:36 /myfile5
-rw-r--r--   3 root supergroup 1073741824 2019-02-24 13:38 /myfile6
-rw-r--r--   3 root supergroup 1073741824 2019-02-24 13:39 /myfile7
-rw-r--r--   3 root supergroup 1073741824 2019-02-24 13:39 /myfile8
-rw-r--r--   3 root supergroup 1073741824 2019-02-24 13:36 /myfile9
file 8 has been put into HDFS
file 8 has been read from HDFS for 1 time
diff succeed!
file 8 has been read from HDFS for 2 time
diff succeed!
file 8 has been read from HDFS for 3 time
diff succeed!
file 8 has been read from HDFS for 4 time
diff succeed!
file 8 has been read from HDFS for 5 time
diff succeed!
file 8 has been read from HDFS for 6 time
diff succeed!
file 8 has been read from HDFS for 7 time
diff succeed!
file 8 has been read from HDFS for 8 time
diff succeed!
file 8 has been read from HDFS for 9 time
diff succeed!
file 8 has been read from HDFS for 10 time
diff succeed!
Deleted /myfile8
file 8 has been removed from HDFS
Found 19 items
-rw-r--r--   3 root supergroup 1073741824 2019-02-24 13:41 /myfile1
-rw-r--r--   3 root supergroup 1073741824 2019-02-24 13:41 /myfile10
-rw-r--r--   3 root supergroup  402653184 2019-02-24 13:43 /myfile11._COPYING_
-rw-r--r--   3 root supergroup 1073741824 2019-02-24 13:42 /myfile12
-rw-r--r--   3 root supergroup 1073741824 2019-02-24 13:41 /myfile13
-rw-r--r--   3 root supergroup  402653184 2019-02-24 13:43 /myfile14._COPYING_
-rw-r--r--   3 root supergroup          0 2019-02-24 13:43 /myfile15._COPYING_
-rw-r--r--   3 root supergroup 1073741824 2019-02-24 13:41 /myfile16
-rw-r--r--   3 root supergroup 1073741824 2019-02-24 13:40 /myfile17
-rw-r--r--   3 root supergroup  536870912 2019-02-24 13:43 /myfile18._COPYING_
-rw-r--r--   3 root supergroup 1073741824 2019-02-24 13:41 /myfile2
-rw-r--r--   3 root supergroup 1073741824 2019-02-24 13:41 /myfile20
-rw-r--r--   3 root supergroup 1073741824 2019-02-24 13:42 /myfile3
-rw-r--r--   3 root supergroup 1073741824 2019-02-24 13:42 /myfile4
-rw-r--r--   3 root supergroup 1073741824 2019-02-24 13:41 /myfile5
-rw-r--r--   3 root supergroup 1073741824 2019-02-24 13:43 /myfile6
-rw-r--r--   3 root supergroup  805306368 2019-02-24 13:43 /myfile7._COPYING_
-rw-r--r--   3 root supergroup 1073741824 2019-02-24 13:43 /myfile8
-rw-r--r--   3 root supergroup 1073741824 2019-02-24 13:40 /myfile9
file 8 has been put into HDFS
file 8 has been read from HDFS for 1 time
diff succeed!
file 8 has been read from HDFS for 2 time
diff succeed!
sub_benchmark 2 signal TERM catched and let quit gracefully
Deleted /myfile8
file 8 has been removed from HDFS
