2019-02-20 00:31:20,521 INFO retry.RetryInvocationHandler: java.io.IOException: DestHost:destPort node-1-link-0:8020 , LocalHost:localPort clnode049.clemson.cloudlab.us/130.127.133.58:0. Failed on local exception: java.io.IOException: Connection reset by peer, while invoking ClientNamenodeProtocolTranslatorPB.complete over node-1-link-0/10.10.1.4:8020. Trying to failover immediately.
2019-02-20 00:31:20,529 INFO retry.RetryInvocationHandler: org.apache.hadoop.ipc.RemoteException(org.apache.hadoop.ipc.StandbyException): Operation category WRITE is not supported in state standby. Visit https://s.apache.org/sbnn-error
	at org.apache.hadoop.hdfs.server.namenode.ha.StandbyState.checkOperation(StandbyState.java:88)
	at org.apache.hadoop.hdfs.server.namenode.NameNode$NameNodeHAContext.checkOperation(NameNode.java:1952)
	at org.apache.hadoop.hdfs.server.namenode.FSNamesystem.checkOperation(FSNamesystem.java:1423)
	at org.apache.hadoop.hdfs.server.namenode.FSNamesystem.completeFile(FSNamesystem.java:2837)
	at org.apache.hadoop.hdfs.server.namenode.NameNodeRpcServer.complete(NameNodeRpcServer.java:928)
	at org.apache.hadoop.hdfs.protocolPB.ClientNamenodeProtocolServerSideTranslatorPB.complete(ClientNamenodeProtocolServerSideTranslatorPB.java:607)
	at org.apache.hadoop.hdfs.protocol.proto.ClientNamenodeProtocolProtos$ClientNamenodeProtocol$2.callBlockingMethod(ClientNamenodeProtocolProtos.java)
	at org.apache.hadoop.ipc.ProtobufRpcEngine$Server$ProtoBufRpcInvoker.call(ProtobufRpcEngine.java:523)
	at org.apache.hadoop.ipc.RPC$Server.call(RPC.java:991)
	at org.apache.hadoop.ipc.Server$RpcCall.run(Server.java:872)
	at org.apache.hadoop.ipc.Server$RpcCall.run(Server.java:818)
	at java.security.AccessController.doPrivileged(Native Method)
	at javax.security.auth.Subject.doAs(Subject.java:422)
	at org.apache.hadoop.security.UserGroupInformation.doAs(UserGroupInformation.java:1729)
	at org.apache.hadoop.ipc.Server$Handler.run(Server.java:2678)
, while invoking ClientNamenodeProtocolTranslatorPB.complete over node-0-link-0/10.10.1.1:8020 after 1 failover attempts. Trying to failover after sleeping for 770ms.
2019-02-20 00:31:21,302 INFO retry.RetryInvocationHandler: java.net.ConnectException: Call From clnode049.clemson.cloudlab.us/130.127.133.58 to node-1-link-0:8020 failed on connection exception: java.net.ConnectException: Connection refused; For more details see:  http://wiki.apache.org/hadoop/ConnectionRefused, while invoking ClientNamenodeProtocolTranslatorPB.complete over node-1-link-0/10.10.1.4:8020 after 2 failover attempts. Trying to failover after sleeping for 2991ms.
2019-02-20 00:31:21,858 INFO retry.RetryInvocationHandler: java.net.ConnectException: Call From clnode049.clemson.cloudlab.us/130.127.133.58 to node-1-link-0:8020 failed on connection exception: java.net.ConnectException: Connection refused; For more details see:  http://wiki.apache.org/hadoop/ConnectionRefused, while invoking ClientNamenodeProtocolTranslatorPB.renewLease over node-1-link-0/10.10.1.4:8020. Trying to failover immediately.
2019-02-20 00:31:21,862 INFO retry.RetryInvocationHandler: org.apache.hadoop.ipc.RemoteException(org.apache.hadoop.ipc.StandbyException): Operation category WRITE is not supported in state standby. Visit https://s.apache.org/sbnn-error
	at org.apache.hadoop.hdfs.server.namenode.ha.StandbyState.checkOperation(StandbyState.java:88)
	at org.apache.hadoop.hdfs.server.namenode.NameNode$NameNodeHAContext.checkOperation(NameNode.java:1952)
	at org.apache.hadoop.hdfs.server.namenode.FSNamesystem.checkOperation(FSNamesystem.java:1423)
	at org.apache.hadoop.hdfs.server.namenode.FSNamesystem.renewLease(FSNamesystem.java:3740)
	at org.apache.hadoop.hdfs.server.namenode.NameNodeRpcServer.renewLease(NameNodeRpcServer.java:1134)
	at org.apache.hadoop.hdfs.protocolPB.ClientNamenodeProtocolServerSideTranslatorPB.renewLease(ClientNamenodeProtocolServerSideTranslatorPB.java:737)
	at org.apache.hadoop.hdfs.protocol.proto.ClientNamenodeProtocolProtos$ClientNamenodeProtocol$2.callBlockingMethod(ClientNamenodeProtocolProtos.java)
	at org.apache.hadoop.ipc.ProtobufRpcEngine$Server$ProtoBufRpcInvoker.call(ProtobufRpcEngine.java:523)
	at org.apache.hadoop.ipc.RPC$Server.call(RPC.java:991)
	at org.apache.hadoop.ipc.Server$RpcCall.run(Server.java:872)
	at org.apache.hadoop.ipc.Server$RpcCall.run(Server.java:818)
	at java.security.AccessController.doPrivileged(Native Method)
	at javax.security.auth.Subject.doAs(Subject.java:422)
	at org.apache.hadoop.security.UserGroupInformation.doAs(UserGroupInformation.java:1729)
	at org.apache.hadoop.ipc.Server$Handler.run(Server.java:2678)
, while invoking ClientNamenodeProtocolTranslatorPB.renewLease over node-0-link-0/10.10.1.1:8020 after 1 failover attempts. Trying to failover after sleeping for 1246ms.
2019-02-20 00:31:23,111 INFO retry.RetryInvocationHandler: java.net.ConnectException: Call From clnode049.clemson.cloudlab.us/130.127.133.58 to node-1-link-0:8020 failed on connection exception: java.net.ConnectException: Connection refused; For more details see:  http://wiki.apache.org/hadoop/ConnectionRefused, while invoking ClientNamenodeProtocolTranslatorPB.renewLease over node-1-link-0/10.10.1.4:8020 after 2 failover attempts. Trying to failover after sleeping for 1619ms.
2019-02-20 00:31:24,293 WARN retry.RetryInvocationHandler: A failover has occurred since the start of call #15 ClientNamenodeProtocolTranslatorPB.complete over node-1-link-0/10.10.1.4:8020
2019-02-20 00:31:24,296 INFO retry.RetryInvocationHandler: java.net.ConnectException: Call From clnode049.clemson.cloudlab.us/130.127.133.58 to node-1-link-0:8020 failed on connection exception: java.net.ConnectException: Connection refused; For more details see:  http://wiki.apache.org/hadoop/ConnectionRefused, while invoking ClientNamenodeProtocolTranslatorPB.complete over node-1-link-0/10.10.1.4:8020 after 3 failover attempts. Trying to failover after sleeping for 5424ms.
2019-02-20 00:31:29,720 WARN retry.RetryInvocationHandler: A failover has occurred since the start of call #15 ClientNamenodeProtocolTranslatorPB.complete over node-0-link-0/10.10.1.1:8020
Found 20 items
-rw-r--r--   3 root supergroup 1073741824 2019-02-20 00:31 /myfile1
-rw-r--r--   3 root supergroup 1073741824 2019-02-20 00:31 /myfile10
-rw-r--r--   3 root supergroup 1073741824 2019-02-20 00:31 /myfile11
-rw-r--r--   3 root supergroup 1073741824 2019-02-20 00:31 /myfile12
-rw-r--r--   3 root supergroup 1073741824 2019-02-20 00:31 /myfile13
-rw-r--r--   3 root supergroup 1073741824 2019-02-20 00:31 /myfile14
-rw-r--r--   3 root supergroup 1073741824 2019-02-20 00:31 /myfile15
-rw-r--r--   3 root supergroup 1073741824 2019-02-20 00:31 /myfile16
-rw-r--r--   3 root supergroup 1073741824 2019-02-20 00:31 /myfile17
-rw-r--r--   3 root supergroup 1073741824 2019-02-20 00:31 /myfile18
-rw-r--r--   3 root supergroup 1073741824 2019-02-20 00:31 /myfile19
-rw-r--r--   3 root supergroup 1073741824 2019-02-20 00:31 /myfile2
-rw-r--r--   3 root supergroup 1073741824 2019-02-20 00:31 /myfile20
-rw-r--r--   3 root supergroup 1073741824 2019-02-20 00:31 /myfile3
-rw-r--r--   3 root supergroup 1073741824 2019-02-20 00:31 /myfile4
-rw-r--r--   3 root supergroup 1073741824 2019-02-20 00:31 /myfile5
-rw-r--r--   3 root supergroup 1073741824 2019-02-20 00:31 /myfile6
-rw-r--r--   3 root supergroup 1073741824 2019-02-20 00:31 /myfile7
-rw-r--r--   3 root supergroup 1073741824 2019-02-20 00:31 /myfile8
-rw-r--r--   3 root supergroup 1073741824 2019-02-20 00:31 /myfile9
file 10 has been put into HDFS
file 10 has been read from HDFS for 1 time
diff succeed!
file 10 has been read from HDFS for 2 time
diff succeed!
file 10 has been read from HDFS for 3 time
diff succeed!
file 10 has been read from HDFS for 4 time
diff succeed!
file 10 has been read from HDFS for 5 time
diff succeed!
file 10 has been read from HDFS for 6 time
diff succeed!
file 10 has been read from HDFS for 7 time
diff succeed!
file 10 has been read from HDFS for 8 time
diff succeed!
file 10 has been read from HDFS for 9 time
diff succeed!
file 10 has been read from HDFS for 10 time
diff succeed!
Deleted /myfile10
file 10 has been removed from HDFS
Found 20 items
-rw-r--r--   3 root supergroup 1073741824 2019-02-20 00:34 /myfile1
-rw-r--r--   3 root supergroup 1073741824 2019-02-20 00:36 /myfile10
-rw-r--r--   3 root supergroup 1073741824 2019-02-20 00:35 /myfile11
-rw-r--r--   3 root supergroup 1073741824 2019-02-20 00:35 /myfile12
-rw-r--r--   3 root supergroup 1073741824 2019-02-20 00:31 /myfile13
-rw-r--r--   3 root supergroup 1073741824 2019-02-20 00:35 /myfile14
-rw-r--r--   3 root supergroup 1073741824 2019-02-20 00:35 /myfile15
-rw-r--r--   3 root supergroup 1073741824 2019-02-20 00:35 /myfile16
-rw-r--r--   3 root supergroup 1073741824 2019-02-20 00:35 /myfile17
-rw-r--r--   3 root supergroup 1073741824 2019-02-20 00:35 /myfile18
-rw-r--r--   3 root supergroup 1073741824 2019-02-20 00:35 /myfile19
-rw-r--r--   3 root supergroup 1073741824 2019-02-20 00:34 /myfile2
-rw-r--r--   3 root supergroup 1073741824 2019-02-20 00:35 /myfile20
-rw-r--r--   3 root supergroup 1073741824 2019-02-20 00:35 /myfile3
-rw-r--r--   3 root supergroup 1073741824 2019-02-20 00:35 /myfile4
-rw-r--r--   3 root supergroup 1073741824 2019-02-20 00:35 /myfile5
-rw-r--r--   3 root supergroup 1073741824 2019-02-20 00:36 /myfile6
-rw-r--r--   3 root supergroup 1073741824 2019-02-20 00:35 /myfile7
-rw-r--r--   3 root supergroup 1073741824 2019-02-20 00:35 /myfile8
-rw-r--r--   3 root supergroup 1073741824 2019-02-20 00:35 /myfile9
file 10 has been put into HDFS
file 10 has been read from HDFS for 1 time
diff succeed!
file 10 has been read from HDFS for 2 time
diff succeed!
file 10 has been read from HDFS for 3 time
diff succeed!
file 10 has been read from HDFS for 4 time
diff succeed!
file 10 has been read from HDFS for 5 time
diff succeed!
file 10 has been read from HDFS for 6 time
diff succeed!
file 10 has been read from HDFS for 7 time
diff succeed!
file 10 has been read from HDFS for 8 time
diff succeed!
file 10 has been read from HDFS for 9 time
diff succeed!
file 10 has been read from HDFS for 10 time
diff succeed!
Deleted /myfile10
file 10 has been removed from HDFS
Found 20 items
-rw-r--r--   3 root supergroup 1073741824 2019-02-20 00:39 /myfile1
-rw-r--r--   3 root supergroup 1073741824 2019-02-20 00:40 /myfile10
-rw-r--r--   3 root supergroup 1073741824 2019-02-20 00:39 /myfile11
-rw-r--r--   3 root supergroup 1073741824 2019-02-20 00:39 /myfile12
-rw-r--r--   3 root supergroup 1073741824 2019-02-20 00:37 /myfile13
-rw-r--r--   3 root supergroup 1073741824 2019-02-20 00:39 /myfile14
-rw-r--r--   3 root supergroup 1073741824 2019-02-20 00:39 /myfile15
-rw-r--r--   3 root supergroup 1073741824 2019-02-20 00:39 /myfile16
-rw-r--r--   3 root supergroup 1073741824 2019-02-20 00:40 /myfile17
-rw-r--r--   3 root supergroup 1073741824 2019-02-20 00:35 /myfile18
-rw-r--r--   3 root supergroup 1073741824 2019-02-20 00:39 /myfile19
-rw-r--r--   3 root supergroup 1073741824 2019-02-20 00:39 /myfile2
-rw-r--r--   3 root supergroup 1073741824 2019-02-20 00:39 /myfile20
-rw-r--r--   3 root supergroup 1073741824 2019-02-20 00:39 /myfile3
-rw-r--r--   3 root supergroup 1073741824 2019-02-20 00:39 /myfile4
-rw-r--r--   3 root supergroup 1073741824 2019-02-20 00:39 /myfile5
-rw-r--r--   3 root supergroup          0 2019-02-20 00:40 /myfile6._COPYING_
-rw-r--r--   3 root supergroup 1073741824 2019-02-20 00:39 /myfile7
-rw-r--r--   3 root supergroup 1073741824 2019-02-20 00:39 /myfile8
-rw-r--r--   3 root supergroup 1073741824 2019-02-20 00:39 /myfile9
file 10 has been put into HDFS
file 10 has been read from HDFS for 1 time
diff succeed!
file 10 has been read from HDFS for 2 time
diff succeed!
file 10 has been read from HDFS for 3 time
diff succeed!
file 10 has been read from HDFS for 4 time
diff succeed!
file 10 has been read from HDFS for 5 time
diff succeed!
file 10 has been read from HDFS for 6 time
diff succeed!
file 10 has been read from HDFS for 7 time
diff succeed!
file 10 has been read from HDFS for 8 time
diff succeed!
2019-02-20 00:43:02,636 INFO retry.RetryInvocationHandler: org.apache.hadoop.ipc.RemoteException(org.apache.hadoop.ipc.StandbyException): Operation category READ is not supported in state standby. Visit https://s.apache.org/sbnn-error
	at org.apache.hadoop.hdfs.server.namenode.ha.StandbyState.checkOperation(StandbyState.java:88)
	at org.apache.hadoop.hdfs.server.namenode.NameNode$NameNodeHAContext.checkOperation(NameNode.java:1952)
	at org.apache.hadoop.hdfs.server.namenode.FSNamesystem.checkOperation(FSNamesystem.java:1423)
	at org.apache.hadoop.hdfs.server.namenode.FSNamesystem.getFileInfo(FSNamesystem.java:3085)
	at org.apache.hadoop.hdfs.server.namenode.NameNodeRpcServer.getFileInfo(NameNodeRpcServer.java:1154)
	at org.apache.hadoop.hdfs.protocolPB.ClientNamenodeProtocolServerSideTranslatorPB.getFileInfo(ClientNamenodeProtocolServerSideTranslatorPB.java:966)
	at org.apache.hadoop.hdfs.protocol.proto.ClientNamenodeProtocolProtos$ClientNamenodeProtocol$2.callBlockingMethod(ClientNamenodeProtocolProtos.java)
	at org.apache.hadoop.ipc.ProtobufRpcEngine$Server$ProtoBufRpcInvoker.call(ProtobufRpcEngine.java:523)
	at org.apache.hadoop.ipc.RPC$Server.call(RPC.java:991)
	at org.apache.hadoop.ipc.Server$RpcCall.run(Server.java:872)
	at org.apache.hadoop.ipc.Server$RpcCall.run(Server.java:818)
	at java.security.AccessController.doPrivileged(Native Method)
	at javax.security.auth.Subject.doAs(Subject.java:422)
	at org.apache.hadoop.security.UserGroupInformation.doAs(UserGroupInformation.java:1729)
	at org.apache.hadoop.ipc.Server$Handler.run(Server.java:2678)
, while invoking ClientNamenodeProtocolTranslatorPB.getFileInfo over node-1-link-0/10.10.1.4:8020 after 1 failover attempts. Trying to failover after sleeping for 699ms.
2019-02-20 00:43:03,338 INFO retry.RetryInvocationHandler: java.net.ConnectException: Call From clnode049.clemson.cloudlab.us/130.127.133.58 to node-0-link-0:8020 failed on connection exception: java.net.ConnectException: Connection refused; For more details see:  http://wiki.apache.org/hadoop/ConnectionRefused, while invoking ClientNamenodeProtocolTranslatorPB.getFileInfo over node-0-link-0/10.10.1.1:8020 after 2 failover attempts. Trying to failover after sleeping for 1200ms.
file 10 has been read from HDFS for 9 time
diff succeed!
file 10 has been read from HDFS for 10 time
diff succeed!
Deleted /myfile10
file 10 has been removed from HDFS
Found 19 items
-rw-r--r--   3 root supergroup 1073741824 2019-02-20 00:43 /myfile1
-rw-r--r--   3 root supergroup 1073741824 2019-02-20 00:44 /myfile10
-rw-r--r--   3 root supergroup 1073741824 2019-02-20 00:43 /myfile11
-rw-r--r--   3 root supergroup 1073741824 2019-02-20 00:43 /myfile12
-rw-r--r--   3 root supergroup 1073741824 2019-02-20 00:42 /myfile13
-rw-r--r--   3 root supergroup 1073741824 2019-02-20 00:43 /myfile14
-rw-r--r--   3 root supergroup 1073741824 2019-02-20 00:43 /myfile15
-rw-r--r--   3 root supergroup 1073741824 2019-02-20 00:43 /myfile16
-rw-r--r--   3 root supergroup 1073741824 2019-02-20 00:44 /myfile17
-rw-r--r--   3 root supergroup 1073741824 2019-02-20 00:40 /myfile18
-rw-r--r--   3 root supergroup 1073741824 2019-02-20 00:43 /myfile19
-rw-r--r--   3 root supergroup 1073741824 2019-02-20 00:43 /myfile2
-rw-r--r--   3 root supergroup 1073741824 2019-02-20 00:43 /myfile20
-rw-r--r--   3 root supergroup 1073741824 2019-02-20 00:43 /myfile3
-rw-r--r--   3 root supergroup 1073741824 2019-02-20 00:43 /myfile4
-rw-r--r--   3 root supergroup 1073741824 2019-02-20 00:43 /myfile5
-rw-r--r--   3 root supergroup 1073741824 2019-02-20 00:43 /myfile7
-rw-r--r--   3 root supergroup 1073741824 2019-02-20 00:43 /myfile8
-rw-r--r--   3 root supergroup 1073741824 2019-02-20 00:43 /myfile9
file 10 has been put into HDFS
file 10 has been read from HDFS for 1 time
diff succeed!
file 10 has been read from HDFS for 2 time
diff succeed!
file 10 has been read from HDFS for 3 time
diff succeed!
file 10 has been read from HDFS for 4 time
diff succeed!
file 10 has been read from HDFS for 5 time
diff succeed!
file 10 has been read from HDFS for 6 time
diff succeed!
file 10 has been read from HDFS for 7 time
diff succeed!
file 10 has been read from HDFS for 8 time
diff succeed!
file 10 has been read from HDFS for 9 time
diff succeed!
file 10 has been read from HDFS for 10 time
diff succeed!
Deleted /myfile10
file 10 has been removed from HDFS
Found 19 items
-rw-r--r--   3 root supergroup 1073741824 2019-02-20 00:47 /myfile1
-rw-r--r--   3 root supergroup 1073741824 2019-02-20 00:48 /myfile10
-rw-r--r--   3 root supergroup 1073741824 2019-02-20 00:47 /myfile11
-rw-r--r--   3 root supergroup 1073741824 2019-02-20 00:47 /myfile12
-rw-r--r--   3 root supergroup 1073741824 2019-02-20 00:46 /myfile13
-rw-r--r--   3 root supergroup 1073741824 2019-02-20 00:43 /myfile15
-rw-r--r--   3 root supergroup 1073741824 2019-02-20 00:48 /myfile16
-rw-r--r--   3 root supergroup 1073741824 2019-02-20 00:44 /myfile17
-rw-r--r--   3 root supergroup 1073741824 2019-02-20 00:45 /myfile18
-rw-r--r--   3 root supergroup  268435456 2019-02-20 00:48 /myfile19._COPYING_
-rw-r--r--   3 root supergroup 1073741824 2019-02-20 00:43 /myfile2
-rw-r--r--   3 root supergroup 1073741824 2019-02-20 00:47 /myfile20
-rw-r--r--   3 root supergroup 1073741824 2019-02-20 00:47 /myfile3
-rw-r--r--   3 root supergroup 1073741824 2019-02-20 00:47 /myfile4
-rw-r--r--   3 root supergroup  805306368 2019-02-20 00:48 /myfile5._COPYING_
-rw-r--r--   3 root supergroup 1073741824 2019-02-20 00:44 /myfile6
-rw-r--r--   3 root supergroup 1073741824 2019-02-20 00:47 /myfile7
-rw-r--r--   3 root supergroup 1073741824 2019-02-20 00:48 /myfile8
-rw-r--r--   3 root supergroup 1073741824 2019-02-20 00:47 /myfile9
file 10 has been put into HDFS
file 10 has been read from HDFS for 1 time
diff succeed!
file 10 has been read from HDFS for 2 time
diff succeed!
file 10 has been read from HDFS for 3 time
diff succeed!
file 10 has been read from HDFS for 4 time
diff succeed!
file 10 has been read from HDFS for 5 time
diff succeed!
file 10 has been read from HDFS for 6 time
diff succeed!
file 10 has been read from HDFS for 7 time
diff succeed!
file 10 has been read from HDFS for 8 time
diff succeed!
file 10 has been read from HDFS for 9 time
diff succeed!
file 10 has been read from HDFS for 10 time
diff succeed!
Deleted /myfile10
file 10 has been removed from HDFS
Found 19 items
-rw-r--r--   3 root supergroup 1073741824 2019-02-20 00:51 /myfile1
-rw-r--r--   3 root supergroup 1073741824 2019-02-20 00:53 /myfile10
-rw-r--r--   3 root supergroup 1073741824 2019-02-20 00:53 /myfile11
-rw-r--r--   3 root supergroup 1073741824 2019-02-20 00:52 /myfile12
-rw-r--r--   3 root supergroup 1073741824 2019-02-20 00:51 /myfile13
-rw-r--r--   3 root supergroup          0 2019-02-20 00:53 /myfile14._COPYING_
-rw-r--r--   3 root supergroup 1073741824 2019-02-20 00:49 /myfile15
-rw-r--r--   3 root supergroup 1073741824 2019-02-20 00:52 /myfile16
-rw-r--r--   3 root supergroup 1073741824 2019-02-20 00:50 /myfile18
-rw-r--r--   3 root supergroup  402653184 2019-02-20 00:52 /myfile19._COPYING_
-rw-r--r--   3 root supergroup  536870912 2019-02-20 00:52 /myfile2._COPYING_
-rw-r--r--   3 root supergroup 1073741824 2019-02-20 00:51 /myfile20
-rw-r--r--   3 root supergroup 1073741824 2019-02-20 00:51 /myfile3
-rw-r--r--   3 root supergroup 1073741824 2019-02-20 00:51 /myfile4
-rw-r--r--   3 root supergroup  671088640 2019-02-20 00:52 /myfile5._COPYING_
-rw-r--r--   3 root supergroup 1073741824 2019-02-20 00:49 /myfile6
-rw-r--r--   3 root supergroup 1073741824 2019-02-20 00:52 /myfile7
-rw-r--r--   3 root supergroup 1073741824 2019-02-20 00:52 /myfile8
-rw-r--r--   3 root supergroup 1073741824 2019-02-20 00:51 /myfile9
file 10 has been put into HDFS
file 10 has been read from HDFS for 1 time
diff succeed!
file 10 has been read from HDFS for 2 time
diff succeed!
file 10 has been read from HDFS for 3 time
diff succeed!
file 10 has been read from HDFS for 4 time
diff succeed!
file 10 has been read from HDFS for 5 time
diff succeed!
file 10 has been read from HDFS for 6 time
diff succeed!
file 10 has been read from HDFS for 7 time
diff succeed!
file 10 has been read from HDFS for 8 time
diff succeed!
file 10 has been read from HDFS for 9 time
diff succeed!
file 10 has been read from HDFS for 10 time
diff succeed!
Deleted /myfile10
file 10 has been removed from HDFS
Found 19 items
-rw-r--r--   3 root supergroup 1073741824 2019-02-20 00:56 /myfile1
-rw-r--r--   3 root supergroup 1073741824 2019-02-20 00:57 /myfile10
-rw-r--r--   3 root supergroup 1073741824 2019-02-20 00:57 /myfile11
-rw-r--r--   3 root supergroup 1073741824 2019-02-20 00:56 /myfile12
-rw-r--r--   3 root supergroup 1073741824 2019-02-20 00:53 /myfile14
-rw-r--r--   3 root supergroup 1073741824 2019-02-20 00:54 /myfile15
-rw-r--r--   3 root supergroup 1073741824 2019-02-20 00:57 /myfile16
-rw-r--r--   3 root supergroup 1073741824 2019-02-20 00:57 /myfile17
-rw-r--r--   3 root supergroup 1073741824 2019-02-20 00:55 /myfile18
-rw-r--r--   3 root supergroup 1073741824 2019-02-20 00:53 /myfile19
-rw-r--r--   3 root supergroup 1073741824 2019-02-20 00:57 /myfile2
-rw-r--r--   3 root supergroup  939524096 2019-02-20 00:57 /myfile20._COPYING_
-rw-r--r--   3 root supergroup 1073741824 2019-02-20 00:56 /myfile3
-rw-r--r--   3 root supergroup 1073741824 2019-02-20 00:56 /myfile4
-rw-r--r--   3 root supergroup 1073741824 2019-02-20 00:57 /myfile5
-rw-r--r--   3 root supergroup 1073741824 2019-02-20 00:55 /myfile6
-rw-r--r--   3 root supergroup 1073741824 2019-02-20 00:56 /myfile7
-rw-r--r--   3 root supergroup 1073741824 2019-02-20 00:52 /myfile8
-rw-r--r--   3 root supergroup 1073741824 2019-02-20 00:57 /myfile9
file 10 has been put into HDFS
file 10 has been read from HDFS for 1 time
diff succeed!
file 10 has been read from HDFS for 2 time
diff succeed!
file 10 has been read from HDFS for 3 time
diff succeed!
file 10 has been read from HDFS for 4 time
diff succeed!
file 10 has been read from HDFS for 5 time
diff succeed!
file 10 has been read from HDFS for 6 time
diff succeed!
file 10 has been read from HDFS for 7 time
diff succeed!
file 10 has been read from HDFS for 8 time
diff succeed!
file 10 has been read from HDFS for 9 time
diff succeed!
file 10 has been read from HDFS for 10 time
diff succeed!
Deleted /myfile10
file 10 has been removed from HDFS
Found 19 items
-rw-r--r--   3 root supergroup 1073741824 2019-02-20 01:00 /myfile1
-rw-r--r--   3 root supergroup 1073741824 2019-02-20 01:02 /myfile10
-rw-r--r--   3 root supergroup 1073741824 2019-02-20 01:01 /myfile11
-rw-r--r--   3 root supergroup 1073741824 2019-02-20 01:01 /myfile12
-rw-r--r--   3 root supergroup  939524096 2019-02-20 01:01 /myfile13._COPYING_
-rw-r--r--   3 root supergroup 1073741824 2019-02-20 00:59 /myfile14
-rw-r--r--   3 root supergroup 1073741824 2019-02-20 01:00 /myfile15
-rw-r--r--   3 root supergroup 1073741824 2019-02-20 01:01 /myfile16
-rw-r--r--   3 root supergroup 1073741824 2019-02-20 01:02 /myfile17
-rw-r--r--   3 root supergroup 1073741824 2019-02-20 01:00 /myfile18
-rw-r--r--   3 root supergroup 1073741824 2019-02-20 00:59 /myfile19
-rw-r--r--   3 root supergroup  536870912 2019-02-20 01:02 /myfile2._COPYING_
-rw-r--r--   3 root supergroup 1073741824 2019-02-20 01:02 /myfile20
-rw-r--r--   3 root supergroup 1073741824 2019-02-20 01:00 /myfile3
-rw-r--r--   3 root supergroup 1073741824 2019-02-20 01:00 /myfile4
-rw-r--r--   3 root supergroup 1073741824 2019-02-20 00:57 /myfile5
-rw-r--r--   3 root supergroup 1073741824 2019-02-20 00:59 /myfile6
-rw-r--r--   3 root supergroup 1073741824 2019-02-20 01:02 /myfile7
-rw-r--r--   3 root supergroup 1073741824 2019-02-20 00:58 /myfile8
file 10 has been put into HDFS
file 10 has been read from HDFS for 1 time
diff succeed!
file 10 has been read from HDFS for 2 time
diff succeed!
file 10 has been read from HDFS for 3 time
diff succeed!
file 10 has been read from HDFS for 4 time
diff succeed!
file 10 has been read from HDFS for 5 time
diff succeed!
file 10 has been read from HDFS for 6 time
diff succeed!
file 10 has been read from HDFS for 7 time
diff succeed!
file 10 has been read from HDFS for 8 time
diff succeed!
file 10 has been read from HDFS for 9 time
diff succeed!
file 10 has been read from HDFS for 10 time
diff succeed!
Deleted /myfile10
file 10 has been removed from HDFS
Found 19 items
-rw-r--r--   3 root supergroup 1073741824 2019-02-20 01:05 /myfile1
-rw-r--r--   3 root supergroup 1073741824 2019-02-20 01:07 /myfile10
-rw-r--r--   3 root supergroup 1073741824 2019-02-20 01:05 /myfile11
-rw-r--r--   3 root supergroup 1073741824 2019-02-20 01:05 /myfile12
-rw-r--r--   3 root supergroup 1073741824 2019-02-20 01:06 /myfile13
-rw-r--r--   3 root supergroup 1073741824 2019-02-20 01:03 /myfile14
-rw-r--r--   3 root supergroup 1073741824 2019-02-20 01:05 /myfile15
-rw-r--r--   3 root supergroup 1073741824 2019-02-20 01:05 /myfile16
-rw-r--r--   3 root supergroup 1073741824 2019-02-20 01:06 /myfile17
-rw-r--r--   3 root supergroup 1073741824 2019-02-20 01:06 /myfile18
-rw-r--r--   3 root supergroup  402653184 2019-02-20 01:07 /myfile19._COPYING_
-rw-r--r--   3 root supergroup 1073741824 2019-02-20 01:06 /myfile2
-rw-r--r--   3 root supergroup 1073741824 2019-02-20 01:06 /myfile20
-rw-r--r--   3 root supergroup 1073741824 2019-02-20 01:04 /myfile3
-rw-r--r--   3 root supergroup 1073741824 2019-02-20 01:05 /myfile4
-rw-r--r--   3 root supergroup  134217728 2019-02-20 01:07 /myfile5._COPYING_
-rw-r--r--   3 root supergroup 1073741824 2019-02-20 01:04 /myfile6
-rw-r--r--   3 root supergroup  402653184 2019-02-20 01:07 /myfile7._COPYING_
-rw-r--r--   3 root supergroup 1073741824 2019-02-20 01:07 /myfile8
file 10 has been put into HDFS
file 10 has been read from HDFS for 1 time
diff succeed!
file 10 has been read from HDFS for 2 time
diff succeed!
file 10 has been read from HDFS for 3 time
diff succeed!
file 10 has been read from HDFS for 4 time
diff succeed!
file 10 has been read from HDFS for 5 time
diff succeed!
file 10 has been read from HDFS for 6 time
diff succeed!
file 10 has been read from HDFS for 7 time
diff succeed!
file 10 has been read from HDFS for 8 time
diff succeed!
file 10 has been read from HDFS for 9 time
diff succeed!
file 10 has been read from HDFS for 10 time
diff succeed!
Deleted /myfile10
file 10 has been removed from HDFS
Found 19 items
-rw-r--r--   3 root supergroup 1073741824 2019-02-20 01:09 /myfile1
-rw-r--r--   3 root supergroup 1073741824 2019-02-20 01:12 /myfile10
-rw-r--r--   3 root supergroup 1073741824 2019-02-20 01:09 /myfile11
-rw-r--r--   3 root supergroup 1073741824 2019-02-20 01:10 /myfile12
-rw-r--r--   3 root supergroup 1073741824 2019-02-20 01:11 /myfile13
-rw-r--r--   3 root supergroup 1073741824 2019-02-20 01:08 /myfile14
-rw-r--r--   3 root supergroup 1073741824 2019-02-20 01:10 /myfile15
-rw-r--r--   3 root supergroup 1073741824 2019-02-20 01:09 /myfile16
-rw-r--r--   3 root supergroup 1073741824 2019-02-20 01:11 /myfile17
-rw-r--r--   3 root supergroup 1073741824 2019-02-20 01:10 /myfile18
-rw-r--r--   3 root supergroup 1073741824 2019-02-20 01:07 /myfile19
-rw-r--r--   3 root supergroup 1073741824 2019-02-20 01:12 /myfile2
-rw-r--r--   3 root supergroup 1073741824 2019-02-20 01:11 /myfile20
-rw-r--r--   3 root supergroup 1073741824 2019-02-20 01:08 /myfile3
-rw-r--r--   3 root supergroup 1073741824 2019-02-20 01:10 /myfile4
-rw-r--r--   3 root supergroup 1073741824 2019-02-20 01:09 /myfile6
-rw-r--r--   3 root supergroup 1073741824 2019-02-20 01:12 /myfile7
-rw-r--r--   3 root supergroup  671088640 2019-02-20 01:11 /myfile8._COPYING_
-rw-r--r--   3 root supergroup  536870912 2019-02-20 01:11 /myfile9._COPYING_
file 10 has been put into HDFS
file 10 has been read from HDFS for 1 time
diff succeed!
file 10 has been read from HDFS for 2 time
diff succeed!
file 10 has been read from HDFS for 3 time
diff succeed!
file 10 has been read from HDFS for 4 time
diff succeed!
file 10 has been read from HDFS for 5 time
diff succeed!
file 10 has been read from HDFS for 6 time
diff succeed!
file 10 has been read from HDFS for 7 time
diff succeed!
file 10 has been read from HDFS for 8 time
diff succeed!
file 10 has been read from HDFS for 9 time
diff succeed!
file 10 has been read from HDFS for 10 time
sub_benchmark 10 signal TERM catched and let quit gracefully
diff succeed!
Deleted /myfile10
file 10 has been removed from HDFS
