Found 20 items
-rw-r--r--   3 root supergroup 1073741824 2019-03-01 00:39 /myfile1
-rw-r--r--   3 root supergroup 1073741824 2019-03-01 00:39 /myfile10
-rw-r--r--   3 root supergroup 1073741824 2019-03-01 00:39 /myfile11
-rw-r--r--   3 root supergroup 1073741824 2019-03-01 00:39 /myfile12
-rw-r--r--   3 root supergroup  671088640 2019-03-01 00:38 /myfile13._COPYING_
-rw-r--r--   3 root supergroup  805306368 2019-03-01 00:38 /myfile14._COPYING_
-rw-r--r--   3 root supergroup  939524096 2019-03-01 00:38 /myfile15._COPYING_
-rw-r--r--   3 root supergroup 1073741824 2019-03-01 00:39 /myfile16
-rw-r--r--   3 root supergroup  805306368 2019-03-01 00:38 /myfile17._COPYING_
-rw-r--r--   3 root supergroup  805306368 2019-03-01 00:38 /myfile18._COPYING_
-rw-r--r--   3 root supergroup  805306368 2019-03-01 00:38 /myfile19._COPYING_
-rw-r--r--   3 root supergroup  939524096 2019-03-01 00:38 /myfile2._COPYING_
-rw-r--r--   3 root supergroup 1073741824 2019-03-01 00:39 /myfile20
-rw-r--r--   3 root supergroup  805306368 2019-03-01 00:38 /myfile3._COPYING_
-rw-r--r--   3 root supergroup  939524096 2019-03-01 00:38 /myfile4._COPYING_
-rw-r--r--   3 root supergroup  671088640 2019-03-01 00:38 /myfile5._COPYING_
-rw-r--r--   3 root supergroup 1073741824 2019-03-01 00:39 /myfile6
-rw-r--r--   3 root supergroup 1073741824 2019-03-01 00:39 /myfile7
-rw-r--r--   3 root supergroup  805306368 2019-03-01 00:38 /myfile8._COPYING_
-rw-r--r--   3 root supergroup 1073741824 2019-03-01 00:39 /myfile9
file 9 has been put into HDFS
file 9 has been read from HDFS for 1 time
diff succeed!
file 9 has been read from HDFS for 2 time
diff succeed!
file 9 has been read from HDFS for 3 time
diff succeed!
file 9 has been read from HDFS for 4 time
diff succeed!
file 9 has been read from HDFS for 5 time
diff succeed!
file 9 has been read from HDFS for 6 time
diff succeed!
file 9 has been read from HDFS for 7 time
diff succeed!
file 9 has been read from HDFS for 8 time
diff succeed!
file 9 has been read from HDFS for 9 time
diff succeed!
file 9 has been read from HDFS for 10 time
diff succeed!
Deleted /myfile9
file 9 has been removed from HDFS
Found 19 items
-rw-r--r--   3 root supergroup  134217728 2019-03-01 00:45 /myfile1._COPYING_
-rw-r--r--   3 root supergroup 1073741824 2019-03-01 00:45 /myfile10
-rw-r--r--   3 root supergroup 1073741824 2019-03-01 00:39 /myfile11
-rw-r--r--   3 root supergroup 1073741824 2019-03-01 00:42 /myfile12
-rw-r--r--   3 root supergroup 1073741824 2019-03-01 00:43 /myfile14
-rw-r--r--   3 root supergroup 1073741824 2019-03-01 00:43 /myfile15
-rw-r--r--   3 root supergroup 1073741824 2019-03-01 00:45 /myfile16
-rw-r--r--   3 root supergroup 1073741824 2019-03-01 00:44 /myfile17
-rw-r--r--   3 root supergroup 1073741824 2019-03-01 00:43 /myfile18
-rw-r--r--   3 root supergroup 1073741824 2019-03-01 00:43 /myfile19
-rw-r--r--   3 root supergroup 1073741824 2019-03-01 00:43 /myfile2
-rw-r--r--   3 root supergroup 1073741824 2019-03-01 00:45 /myfile20
-rw-r--r--   3 root supergroup 1073741824 2019-03-01 00:43 /myfile3
-rw-r--r--   3 root supergroup 1073741824 2019-03-01 00:43 /myfile4
-rw-r--r--   3 root supergroup 1073741824 2019-03-01 00:39 /myfile5
-rw-r--r--   3 root supergroup 1073741824 2019-03-01 00:42 /myfile6
-rw-r--r--   3 root supergroup 1073741824 2019-03-01 00:44 /myfile7
-rw-r--r--   3 root supergroup 1073741824 2019-03-01 00:43 /myfile8
-rw-r--r--   3 root supergroup 1073741824 2019-03-01 00:45 /myfile9
file 9 has been put into HDFS
file 9 has been read from HDFS for 1 time
diff succeed!
file 9 has been read from HDFS for 2 time
diff succeed!
file 9 has been read from HDFS for 3 time
diff succeed!
file 9 has been read from HDFS for 4 time
diff succeed!
file 9 has been read from HDFS for 5 time
diff succeed!
file 9 has been read from HDFS for 6 time
diff succeed!
file 9 has been read from HDFS for 7 time
diff succeed!
file 9 has been read from HDFS for 8 time
diff succeed!
file 9 has been read from HDFS for 9 time
diff succeed!
file 9 has been read from HDFS for 10 time
diff succeed!
Deleted /myfile9
file 9 has been removed from HDFS
Found 20 items
-rw-r--r--   3 root supergroup 1073741824 2019-03-01 00:45 /myfile1
-rw-r--r--   3 root supergroup  939524096 2019-03-01 00:48 /myfile10._COPYING_
-rw-r--r--   3 root supergroup 1073741824 2019-03-01 00:45 /myfile11
-rw-r--r--   3 root supergroup 1073741824 2019-03-01 00:47 /myfile12
-rw-r--r--   3 root supergroup 1073741824 2019-03-01 00:45 /myfile13
-rw-r--r--   3 root supergroup 1073741824 2019-03-01 00:47 /myfile14
-rw-r--r--   3 root supergroup 1073741824 2019-03-01 00:47 /myfile15
-rw-r--r--   3 root supergroup 1073741824 2019-03-01 00:45 /myfile16
-rw-r--r--   3 root supergroup 1073741824 2019-03-01 00:48 /myfile17
-rw-r--r--   3 root supergroup 1073741824 2019-03-01 00:48 /myfile18
-rw-r--r--   3 root supergroup 1073741824 2019-03-01 00:47 /myfile19
-rw-r--r--   3 root supergroup 1073741824 2019-03-01 00:47 /myfile2
-rw-r--r--   3 root supergroup 1073741824 2019-03-01 00:49 /myfile20
-rw-r--r--   3 root supergroup 1073741824 2019-03-01 00:48 /myfile3
-rw-r--r--   3 root supergroup 1073741824 2019-03-01 00:47 /myfile4
-rw-r--r--   3 root supergroup 1073741824 2019-03-01 00:45 /myfile5
-rw-r--r--   3 root supergroup 1073741824 2019-03-01 00:47 /myfile6
-rw-r--r--   3 root supergroup 1073741824 2019-03-01 00:44 /myfile7
-rw-r--r--   3 root supergroup 1073741824 2019-03-01 00:47 /myfile8
-rw-r--r--   3 root supergroup 1073741824 2019-03-01 00:49 /myfile9
file 9 has been put into HDFS
file 9 has been read from HDFS for 1 time
diff succeed!
file 9 has been read from HDFS for 2 time
diff succeed!
file 9 has been read from HDFS for 3 time
diff succeed!
file 9 has been read from HDFS for 4 time
diff succeed!
file 9 has been read from HDFS for 5 time
diff succeed!
file 9 has been read from HDFS for 6 time
diff succeed!
file 9 has been read from HDFS for 7 time
diff succeed!
file 9 has been read from HDFS for 8 time
diff succeed!
file 9 has been read from HDFS for 9 time
diff succeed!
file 9 has been read from HDFS for 10 time
diff succeed!
Deleted /myfile9
file 9 has been removed from HDFS
Found 20 items
-rw-r--r--   3 root supergroup 1073741824 2019-03-01 00:50 /myfile1
-rw-r--r--   3 root supergroup 1073741824 2019-03-01 00:49 /myfile10
-rw-r--r--   3 root supergroup 1073741824 2019-03-01 00:49 /myfile11
-rw-r--r--   3 root supergroup 1073741824 2019-03-01 00:51 /myfile12
-rw-r--r--   3 root supergroup 1073741824 2019-03-01 00:49 /myfile13
-rw-r--r--   3 root supergroup 1073741824 2019-03-01 00:51 /myfile14
-rw-r--r--   3 root supergroup 1073741824 2019-03-01 00:51 /myfile15
-rw-r--r--   3 root supergroup 1073741824 2019-03-01 00:49 /myfile16
-rw-r--r--   3 root supergroup  805306368 2019-03-01 00:52 /myfile17._COPYING_
-rw-r--r--   3 root supergroup 1073741824 2019-03-01 00:52 /myfile18
-rw-r--r--   3 root supergroup 1073741824 2019-03-01 00:51 /myfile19
-rw-r--r--   3 root supergroup 1073741824 2019-03-01 00:51 /myfile2
-rw-r--r--   3 root supergroup 1073741824 2019-03-01 00:53 /myfile20
-rw-r--r--   3 root supergroup 1073741824 2019-03-01 00:52 /myfile3
-rw-r--r--   3 root supergroup 1073741824 2019-03-01 00:51 /myfile4
-rw-r--r--   3 root supergroup 1073741824 2019-03-01 00:50 /myfile5
-rw-r--r--   3 root supergroup 1073741824 2019-03-01 00:51 /myfile6
-rw-r--r--   3 root supergroup 1073741824 2019-03-01 00:49 /myfile7
-rw-r--r--   3 root supergroup 1073741824 2019-03-01 00:51 /myfile8
-rw-r--r--   3 root supergroup 1073741824 2019-03-01 00:52 /myfile9
file 9 has been put into HDFS
sub_benchmark 1 signal TERM catched and let quit gracefully
file 9 has been read from HDFS for 1 time
diff succeed!
Deleted /myfile9
file 9 has been removed from HDFS
