Found 20 items
-rw-r--r--   3 root supergroup 1073741824 2019-03-01 06:06 /myfile1
-rw-r--r--   3 root supergroup 1073741824 2019-03-01 06:06 /myfile10
-rw-r--r--   3 root supergroup 1073741824 2019-03-01 06:06 /myfile11
-rw-r--r--   3 root supergroup 1073741824 2019-03-01 06:06 /myfile12
-rw-r--r--   3 root supergroup 1073741824 2019-03-01 06:06 /myfile13
-rw-r--r--   3 root supergroup  939524096 2019-03-01 06:06 /myfile14._COPYING_
-rw-r--r--   3 root supergroup 1073741824 2019-03-01 06:06 /myfile15
-rw-r--r--   3 root supergroup 1073741824 2019-03-01 06:06 /myfile16
-rw-r--r--   3 root supergroup  805306368 2019-03-01 06:06 /myfile17._COPYING_
-rw-r--r--   3 root supergroup  671088640 2019-03-01 06:06 /myfile18._COPYING_
-rw-r--r--   3 root supergroup  939524096 2019-03-01 06:06 /myfile19._COPYING_
-rw-r--r--   3 root supergroup 1073741824 2019-03-01 06:06 /myfile2
-rw-r--r--   3 root supergroup 1073741824 2019-03-01 06:06 /myfile20
-rw-r--r--   3 root supergroup 1073741824 2019-03-01 06:06 /myfile3
-rw-r--r--   3 root supergroup 1073741824 2019-03-01 06:06 /myfile4
-rw-r--r--   3 root supergroup 1073741824 2019-03-01 06:06 /myfile5
-rw-r--r--   3 root supergroup 1073741824 2019-03-01 06:06 /myfile6
-rw-r--r--   3 root supergroup  939524096 2019-03-01 06:06 /myfile7._COPYING_
-rw-r--r--   3 root supergroup 1073741824 2019-03-01 06:06 /myfile8
-rw-r--r--   3 root supergroup 1073741824 2019-03-01 06:06 /myfile9
file 20 has been put into HDFS
file 20 has been read from HDFS for 1 time
diff succeed!
file 20 has been read from HDFS for 2 time
diff succeed!
file 20 has been read from HDFS for 3 time
diff succeed!
file 20 has been read from HDFS for 4 time
diff succeed!
file 20 has been read from HDFS for 5 time
diff succeed!
file 20 has been read from HDFS for 6 time
diff succeed!
file 20 has been read from HDFS for 7 time
diff succeed!
file 20 has been read from HDFS for 8 time
diff succeed!
file 20 has been read from HDFS for 9 time
diff succeed!
file 20 has been read from HDFS for 10 time
diff succeed!
Deleted /myfile20
file 20 has been removed from HDFS
Found 19 items
-rw-r--r--   3 root supergroup 1073741824 2019-03-01 06:12 /myfile1
-rw-r--r--   3 root supergroup 1073741824 2019-03-01 06:13 /myfile10
-rw-r--r--   3 root supergroup 1073741824 2019-03-01 06:13 /myfile11
-rw-r--r--   3 root supergroup 1073741824 2019-03-01 06:13 /myfile12
-rw-r--r--   3 root supergroup 1073741824 2019-03-01 06:10 /myfile13
-rw-r--r--   3 root supergroup 1073741824 2019-03-01 06:10 /myfile14
-rw-r--r--   3 root supergroup 1073741824 2019-03-01 06:10 /myfile15
-rw-r--r--   3 root supergroup 1073741824 2019-03-01 06:10 /myfile16
-rw-r--r--   3 root supergroup 1073741824 2019-03-01 06:13 /myfile17
-rw-r--r--   3 root supergroup 1073741824 2019-03-01 06:10 /myfile18
-rw-r--r--   3 root supergroup 1073741824 2019-03-01 06:10 /myfile19
-rw-r--r--   3 root supergroup 1073741824 2019-03-01 06:10 /myfile2
-rw-r--r--   3 root supergroup 1073741824 2019-03-01 06:13 /myfile20
-rw-r--r--   3 root supergroup 1073741824 2019-03-01 06:13 /myfile3
-rw-r--r--   3 root supergroup 1073741824 2019-03-01 06:13 /myfile4
-rw-r--r--   3 root supergroup 1073741824 2019-03-01 06:10 /myfile6
-rw-r--r--   3 root supergroup 1073741824 2019-03-01 06:13 /myfile7
-rw-r--r--   3 root supergroup 1073741824 2019-03-01 06:10 /myfile8
-rw-r--r--   3 root supergroup 1073741824 2019-03-01 06:10 /myfile9
file 20 has been put into HDFS
file 20 has been read from HDFS for 1 time
diff succeed!
file 20 has been read from HDFS for 2 time
diff succeed!
file 20 has been read from HDFS for 3 time
diff succeed!
file 20 has been read from HDFS for 4 time
diff succeed!
file 20 has been read from HDFS for 5 time
diff succeed!
file 20 has been read from HDFS for 6 time
diff succeed!
file 20 has been read from HDFS for 7 time
diff succeed!
file 20 has been read from HDFS for 8 time
diff succeed!
file 20 has been read from HDFS for 9 time
diff succeed!
file 20 has been read from HDFS for 10 time
diff succeed!
Deleted /myfile20
file 20 has been removed from HDFS
Found 20 items
-rw-r--r--   3 root supergroup 1073741824 2019-03-01 06:17 /myfile1
-rw-r--r--   3 root supergroup 1073741824 2019-03-01 06:17 /myfile10
-rw-r--r--   3 root supergroup 1073741824 2019-03-01 06:17 /myfile11
-rw-r--r--   3 root supergroup 1073741824 2019-03-01 06:17 /myfile12
-rw-r--r--   3 root supergroup 1073741824 2019-03-01 06:15 /myfile13
-rw-r--r--   3 root supergroup 1073741824 2019-03-01 06:15 /myfile14
-rw-r--r--   3 root supergroup 1073741824 2019-03-01 06:15 /myfile15
-rw-r--r--   3 root supergroup 1073741824 2019-03-01 06:15 /myfile16
-rw-r--r--   3 root supergroup 1073741824 2019-03-01 06:17 /myfile17
-rw-r--r--   3 root supergroup 1073741824 2019-03-01 06:14 /myfile18
-rw-r--r--   3 root supergroup 1073741824 2019-03-01 06:15 /myfile19
-rw-r--r--   3 root supergroup 1073741824 2019-03-01 06:15 /myfile2
-rw-r--r--   3 root supergroup 1073741824 2019-03-01 06:17 /myfile20
-rw-r--r--   3 root supergroup 1073741824 2019-03-01 06:17 /myfile3
-rw-r--r--   3 root supergroup 1073741824 2019-03-01 06:17 /myfile4
-rw-r--r--   3 root supergroup 1073741824 2019-03-01 06:14 /myfile5
-rw-r--r--   3 root supergroup 1073741824 2019-03-01 06:16 /myfile6
-rw-r--r--   3 root supergroup 1073741824 2019-03-01 06:17 /myfile7
-rw-r--r--   3 root supergroup 1073741824 2019-03-01 06:15 /myfile8
-rw-r--r--   3 root supergroup 1073741824 2019-03-01 06:15 /myfile9
file 20 has been put into HDFS
file 20 has been read from HDFS for 1 time
diff succeed!
file 20 has been read from HDFS for 2 time
diff succeed!
file 20 has been read from HDFS for 3 time
diff succeed!
file 20 has been read from HDFS for 4 time
diff succeed!
file 20 has been read from HDFS for 5 time
diff succeed!
file 20 has been read from HDFS for 6 time
diff succeed!
file 20 has been read from HDFS for 7 time
diff succeed!
file 20 has been read from HDFS for 8 time
diff succeed!
sub_benchmark 8 signal TERM catched and let quit gracefully
Deleted /myfile20
file 20 has been removed from HDFS
