Found 20 items
-rw-r--r--   3 root supergroup 1073741824 2019-02-21 16:00 /myfile1
-rw-r--r--   3 root supergroup 1073741824 2019-02-21 16:00 /myfile10
-rw-r--r--   3 root supergroup 1073741824 2019-02-21 16:00 /myfile11
-rw-r--r--   3 root supergroup 1073741824 2019-02-21 16:00 /myfile12
-rw-r--r--   3 root supergroup 1073741824 2019-02-21 16:00 /myfile13
-rw-r--r--   3 root supergroup 1073741824 2019-02-21 16:00 /myfile14
-rw-r--r--   3 root supergroup 1073741824 2019-02-21 16:00 /myfile15
-rw-r--r--   3 root supergroup 1073741824 2019-02-21 16:00 /myfile16
-rw-r--r--   3 root supergroup 1073741824 2019-02-21 16:00 /myfile17
-rw-r--r--   3 root supergroup 1073741824 2019-02-21 16:00 /myfile18
-rw-r--r--   3 root supergroup 1073741824 2019-02-21 16:00 /myfile19
-rw-r--r--   3 root supergroup 1073741824 2019-02-21 15:59 /myfile2
-rw-r--r--   3 root supergroup 1073741824 2019-02-21 16:00 /myfile20
-rw-r--r--   3 root supergroup 1073741824 2019-02-21 16:00 /myfile3
-rw-r--r--   3 root supergroup 1073741824 2019-02-21 16:00 /myfile4
-rw-r--r--   3 root supergroup 1073741824 2019-02-21 16:00 /myfile5
-rw-r--r--   3 root supergroup 1073741824 2019-02-21 16:00 /myfile6
-rw-r--r--   3 root supergroup 1073741824 2019-02-21 16:00 /myfile7
-rw-r--r--   3 root supergroup 1073741824 2019-02-21 16:00 /myfile8
-rw-r--r--   3 root supergroup 1073741824 2019-02-21 15:59 /myfile9
file 15 has been put into HDFS
file 15 has been read from HDFS for 1 time
diff succeed!
file 15 has been read from HDFS for 2 time
diff succeed!
file 15 has been read from HDFS for 3 time
diff succeed!
file 15 has been read from HDFS for 4 time
diff succeed!
file 15 has been read from HDFS for 5 time
diff succeed!
file 15 has been read from HDFS for 6 time
diff succeed!
file 15 has been read from HDFS for 7 time
diff succeed!
file 15 has been read from HDFS for 8 time
diff succeed!
file 15 has been read from HDFS for 9 time
diff succeed!
file 15 has been read from HDFS for 10 time
diff succeed!
Deleted /myfile15
file 15 has been removed from HDFS
Found 20 items
-rw-r--r--   3 root supergroup          0 2019-02-21 16:04 /myfile1._COPYING_
-rw-r--r--   3 root supergroup 1073741824 2019-02-21 16:04 /myfile10
-rw-r--r--   3 root supergroup 1073741824 2019-02-21 16:00 /myfile11
-rw-r--r--   3 root supergroup  402653184 2019-02-21 16:04 /myfile12._COPYING_
-rw-r--r--   3 root supergroup  268435456 2019-02-21 16:04 /myfile13._COPYING_
-rw-r--r--   3 root supergroup  805306368 2019-02-21 16:03 /myfile14._COPYING_
-rw-r--r--   3 root supergroup 1073741824 2019-02-21 16:04 /myfile15
-rw-r--r--   3 root supergroup 1073741824 2019-02-21 16:00 /myfile16
-rw-r--r--   3 root supergroup  939524096 2019-02-21 16:03 /myfile17._COPYING_
-rw-r--r--   3 root supergroup 1073741824 2019-02-21 16:03 /myfile18
-rw-r--r--   3 root supergroup 1073741824 2019-02-21 16:04 /myfile19
-rw-r--r--   3 root supergroup 1073741824 2019-02-21 16:03 /myfile2
-rw-r--r--   3 root supergroup 1073741824 2019-02-21 16:00 /myfile20
-rw-r--r--   3 root supergroup 1073741824 2019-02-21 16:00 /myfile3
-rw-r--r--   3 root supergroup  268435456 2019-02-21 16:04 /myfile4._COPYING_
-rw-r--r--   3 root supergroup 1073741824 2019-02-21 16:00 /myfile5
-rw-r--r--   3 root supergroup 1073741824 2019-02-21 16:00 /myfile6
-rw-r--r--   3 root supergroup 1073741824 2019-02-21 16:00 /myfile7
-rw-r--r--   3 root supergroup 1073741824 2019-02-21 16:00 /myfile8
-rw-r--r--   3 root supergroup 1073741824 2019-02-21 16:03 /myfile9
file 15 has been put into HDFS
file 15 has been read from HDFS for 1 time
diff succeed!
file 15 has been read from HDFS for 2 time
diff succeed!
file 15 has been read from HDFS for 3 time
diff succeed!
file 15 has been read from HDFS for 4 time
diff succeed!
file 15 has been read from HDFS for 5 time
diff succeed!
file 15 has been read from HDFS for 6 time
diff succeed!
file 15 has been read from HDFS for 7 time
diff succeed!
file 15 has been read from HDFS for 8 time
diff succeed!
file 15 has been read from HDFS for 9 time
diff succeed!
file 15 has been read from HDFS for 10 time
diff succeed!
Deleted /myfile15
file 15 has been removed from HDFS
Found 15 items
-rw-r--r--   3 root supergroup  268435456 2019-02-21 16:07 /myfile1._COPYING_
-rw-r--r--   3 root supergroup 1073741824 2019-02-21 16:04 /myfile10
-rw-r--r--   3 root supergroup 1073741824 2019-02-21 16:05 /myfile11
-rw-r--r--   3 root supergroup 1073741824 2019-02-21 16:07 /myfile13
-rw-r--r--   3 root supergroup 1073741824 2019-02-21 16:07 /myfile15
-rw-r--r--   3 root supergroup 1073741824 2019-02-21 16:05 /myfile16
-rw-r--r--   3 root supergroup 1073741824 2019-02-21 16:07 /myfile18
-rw-r--r--   3 root supergroup  805306368 2019-02-21 16:07 /myfile2._COPYING_
-rw-r--r--   3 root supergroup 1073741824 2019-02-21 16:05 /myfile20
-rw-r--r--   3 root supergroup 1073741824 2019-02-21 16:05 /myfile3
-rw-r--r--   3 root supergroup 1073741824 2019-02-21 16:05 /myfile5
-rw-r--r--   3 root supergroup 1073741824 2019-02-21 16:05 /myfile6
-rw-r--r--   3 root supergroup 1073741824 2019-02-21 16:05 /myfile7
-rw-r--r--   3 root supergroup 1073741824 2019-02-21 16:04 /myfile8
-rw-r--r--   3 root supergroup 1073741824 2019-02-21 16:07 /myfile9
file 15 has been put into HDFS
file 15 has been read from HDFS for 1 time
diff succeed!
file 15 has been read from HDFS for 2 time
diff succeed!
file 15 has been read from HDFS for 3 time
diff succeed!
file 15 has been read from HDFS for 4 time
diff succeed!
file 15 has been read from HDFS for 5 time
diff succeed!
file 15 has been read from HDFS for 6 time
diff succeed!
file 15 has been read from HDFS for 7 time
diff succeed!
file 15 has been read from HDFS for 8 time
diff succeed!
file 15 has been read from HDFS for 9 time
diff succeed!
file 15 has been read from HDFS for 10 time
diff succeed!
Deleted /myfile15
file 15 has been removed from HDFS
2019-02-21 16:11:43,392 INFO retry.RetryInvocationHandler: java.io.EOFException: End of File Exception between local host is: "clnode049.clemson.cloudlab.us/130.127.133.58"; destination host is: "node-1-link-0":8020; : java.io.EOFException; For more details see:  http://wiki.apache.org/hadoop/EOFException, while invoking ClientNamenodeProtocolTranslatorPB.addBlock over node-1-link-0/10.10.1.4:8020. Trying to failover immediately.
2019-02-21 16:11:43,399 INFO retry.RetryInvocationHandler: org.apache.hadoop.ipc.RemoteException(org.apache.hadoop.ipc.StandbyException): Operation category READ is not supported in state standby. Visit https://s.apache.org/sbnn-error
	at org.apache.hadoop.hdfs.server.namenode.ha.StandbyState.checkOperation(StandbyState.java:88)
	at org.apache.hadoop.hdfs.server.namenode.NameNode$NameNodeHAContext.checkOperation(NameNode.java:1952)
	at org.apache.hadoop.hdfs.server.namenode.FSNamesystem.checkOperation(FSNamesystem.java:1423)
	at org.apache.hadoop.hdfs.server.namenode.FSNamesystem.getAdditionalBlock(FSNamesystem.java:2674)
	at org.apache.hadoop.hdfs.server.namenode.NameNodeRpcServer.addBlock(NameNodeRpcServer.java:875)
	at org.apache.hadoop.hdfs.protocolPB.ClientNamenodeProtocolServerSideTranslatorPB.addBlock(ClientNamenodeProtocolServerSideTranslatorPB.java:561)
	at org.apache.hadoop.hdfs.protocol.proto.ClientNamenodeProtocolProtos$ClientNamenodeProtocol$2.callBlockingMethod(ClientNamenodeProtocolProtos.java)
	at org.apache.hadoop.ipc.ProtobufRpcEngine$Server$ProtoBufRpcInvoker.call(ProtobufRpcEngine.java:523)
	at org.apache.hadoop.ipc.RPC$Server.call(RPC.java:991)
	at org.apache.hadoop.ipc.Server$RpcCall.run(Server.java:872)
	at org.apache.hadoop.ipc.Server$RpcCall.run(Server.java:818)
	at java.security.AccessController.doPrivileged(Native Method)
	at javax.security.auth.Subject.doAs(Subject.java:422)
	at org.apache.hadoop.security.UserGroupInformation.doAs(UserGroupInformation.java:1729)
	at org.apache.hadoop.ipc.Server$Handler.run(Server.java:2678)
, while invoking ClientNamenodeProtocolTranslatorPB.addBlock over node-0-link-0/10.10.1.1:8020 after 1 failover attempts. Trying to failover after sleeping for 595ms.
2019-02-21 16:11:43,997 INFO retry.RetryInvocationHandler: java.net.ConnectException: Call From clnode049.clemson.cloudlab.us/130.127.133.58 to node-1-link-0:8020 failed on connection exception: java.net.ConnectException: Connection refused; For more details see:  http://wiki.apache.org/hadoop/ConnectionRefused, while invoking ClientNamenodeProtocolTranslatorPB.addBlock over node-1-link-0/10.10.1.4:8020 after 2 failover attempts. Trying to failover after sleeping for 2890ms.
Found 18 items
-rw-r--r--   3 root supergroup 1073741824 2019-02-21 16:07 /myfile1
-rw-r--r--   3 root supergroup 1073741824 2019-02-21 16:08 /myfile10
-rw-r--r--   3 root supergroup 1073741824 2019-02-21 16:09 /myfile11
-rw-r--r--   3 root supergroup  939524096 2019-02-21 16:11 /myfile12._COPYING_
-rw-r--r--   3 root supergroup 1073741824 2019-02-21 16:11 /myfile13
-rw-r--r--   3 root supergroup 1073741824 2019-02-21 16:08 /myfile14
-rw-r--r--   3 root supergroup 1073741824 2019-02-21 16:11 /myfile15
-rw-r--r--   3 root supergroup 1073741824 2019-02-21 16:09 /myfile16
-rw-r--r--   3 root supergroup  671088640 2019-02-21 16:11 /myfile17._COPYING_
-rw-r--r--   3 root supergroup 1073741824 2019-02-21 16:11 /myfile18
-rw-r--r--   3 root supergroup 1073741824 2019-02-21 16:08 /myfile19
-rw-r--r--   3 root supergroup 1073741824 2019-02-21 16:10 /myfile20
-rw-r--r--   3 root supergroup 1073741824 2019-02-21 16:09 /myfile3
-rw-r--r--   3 root supergroup 1073741824 2019-02-21 16:08 /myfile4
-rw-r--r--   3 root supergroup 1073741824 2019-02-21 16:10 /myfile5
-rw-r--r--   3 root supergroup 1073741824 2019-02-21 16:10 /myfile6
-rw-r--r--   3 root supergroup 1073741824 2019-02-21 16:09 /myfile7
-rw-r--r--   3 root supergroup 1073741824 2019-02-21 16:11 /myfile9
file 15 has been put into HDFS
file 15 has been read from HDFS for 1 time
diff succeed!
2019-02-21 16:12:19,183 INFO retry.RetryInvocationHandler: org.apache.hadoop.ipc.RemoteException(org.apache.hadoop.ipc.StandbyException): Operation category READ is not supported in state standby. Visit https://s.apache.org/sbnn-error
	at org.apache.hadoop.hdfs.server.namenode.ha.StandbyState.checkOperation(StandbyState.java:88)
	at org.apache.hadoop.hdfs.server.namenode.NameNode$NameNodeHAContext.checkOperation(NameNode.java:1952)
	at org.apache.hadoop.hdfs.server.namenode.FSNamesystem.checkOperation(FSNamesystem.java:1423)
	at org.apache.hadoop.hdfs.server.namenode.FSNamesystem.getFileInfo(FSNamesystem.java:3085)
	at org.apache.hadoop.hdfs.server.namenode.NameNodeRpcServer.getFileInfo(NameNodeRpcServer.java:1154)
	at org.apache.hadoop.hdfs.protocolPB.ClientNamenodeProtocolServerSideTranslatorPB.getFileInfo(ClientNamenodeProtocolServerSideTranslatorPB.java:966)
	at org.apache.hadoop.hdfs.protocol.proto.ClientNamenodeProtocolProtos$ClientNamenodeProtocol$2.callBlockingMethod(ClientNamenodeProtocolProtos.java)
	at org.apache.hadoop.ipc.ProtobufRpcEngine$Server$ProtoBufRpcInvoker.call(ProtobufRpcEngine.java:523)
	at org.apache.hadoop.ipc.RPC$Server.call(RPC.java:991)
	at org.apache.hadoop.ipc.Server$RpcCall.run(Server.java:872)
	at org.apache.hadoop.ipc.Server$RpcCall.run(Server.java:818)
	at java.security.AccessController.doPrivileged(Native Method)
	at javax.security.auth.Subject.doAs(Subject.java:422)
	at org.apache.hadoop.security.UserGroupInformation.doAs(UserGroupInformation.java:1729)
	at org.apache.hadoop.ipc.Server$Handler.run(Server.java:2678)
, while invoking ClientNamenodeProtocolTranslatorPB.getFileInfo over node-1-link-0/10.10.1.4:8020 after 1 failover attempts. Trying to failover after sleeping for 1148ms.
2019-02-21 16:12:20,335 INFO retry.RetryInvocationHandler: java.net.ConnectException: Call From clnode049.clemson.cloudlab.us/130.127.133.58 to node-0-link-0:8020 failed on connection exception: java.net.ConnectException: Connection refused; For more details see:  http://wiki.apache.org/hadoop/ConnectionRefused, while invoking ClientNamenodeProtocolTranslatorPB.getFileInfo over node-0-link-0/10.10.1.1:8020 after 2 failover attempts. Trying to failover after sleeping for 1126ms.
file 15 has been read from HDFS for 2 time
diff succeed!
file 15 has been read from HDFS for 3 time
diff succeed!
file 15 has been read from HDFS for 4 time
diff succeed!
file 15 has been read from HDFS for 5 time
diff succeed!
file 15 has been read from HDFS for 6 time
diff succeed!
file 15 has been read from HDFS for 7 time
diff succeed!
file 15 has been read from HDFS for 8 time
diff succeed!
file 15 has been read from HDFS for 9 time
diff succeed!
file 15 has been read from HDFS for 10 time
diff succeed!
Deleted /myfile15
file 15 has been removed from HDFS
Found 20 items
-rw-r--r--   3 root supergroup 1073741824 2019-02-21 16:13 /myfile1
-rw-r--r--   3 root supergroup 1073741824 2019-02-21 16:13 /myfile10
-rw-r--r--   3 root supergroup 1073741824 2019-02-21 16:13 /myfile11
-rw-r--r--   3 root supergroup 1073741824 2019-02-21 16:15 /myfile12
-rw-r--r--   3 root supergroup  402653184 2019-02-21 16:15 /myfile13._COPYING_
-rw-r--r--   3 root supergroup 1073741824 2019-02-21 16:13 /myfile14
-rw-r--r--   3 root supergroup 1073741824 2019-02-21 16:15 /myfile15
-rw-r--r--   3 root supergroup 1073741824 2019-02-21 16:13 /myfile16
-rw-r--r--   3 root supergroup  671088640 2019-02-21 16:15 /myfile17._COPYING_
-rw-r--r--   3 root supergroup 1073741824 2019-02-21 16:15 /myfile18
-rw-r--r--   3 root supergroup 1073741824 2019-02-21 16:13 /myfile19
-rw-r--r--   3 root supergroup          0 2019-02-21 16:15 /myfile2._COPYING_
-rw-r--r--   3 root supergroup 1073741824 2019-02-21 16:14 /myfile20
-rw-r--r--   3 root supergroup 1073741824 2019-02-21 16:13 /myfile3
-rw-r--r--   3 root supergroup 1073741824 2019-02-21 16:13 /myfile4
-rw-r--r--   3 root supergroup 1073741824 2019-02-21 16:15 /myfile5
-rw-r--r--   3 root supergroup 1073741824 2019-02-21 16:13 /myfile6
-rw-r--r--   3 root supergroup 1073741824 2019-02-21 16:13 /myfile7
-rw-r--r--   3 root supergroup  536870912 2019-02-21 16:15 /myfile8._COPYING_
-rw-r--r--   3 root supergroup 1073741824 2019-02-21 16:15 /myfile9
file 15 has been put into HDFS
file 15 has been read from HDFS for 1 time
diff succeed!
file 15 has been read from HDFS for 2 time
diff succeed!
file 15 has been read from HDFS for 3 time
diff succeed!
file 15 has been read from HDFS for 4 time
diff succeed!
file 15 has been read from HDFS for 5 time
diff succeed!
file 15 has been read from HDFS for 6 time
diff succeed!
file 15 has been read from HDFS for 7 time
diff succeed!
file 15 has been read from HDFS for 8 time
diff succeed!
file 15 has been read from HDFS for 9 time
diff succeed!
file 15 has been read from HDFS for 10 time
diff succeed!
Deleted /myfile15
file 15 has been removed from HDFS
Found 20 items
-rw-r--r--   3 root supergroup 1073741824 2019-02-21 16:19 /myfile1
-rw-r--r--   3 root supergroup 1073741824 2019-02-21 16:18 /myfile10
-rw-r--r--   3 root supergroup 1073741824 2019-02-21 16:17 /myfile11
-rw-r--r--   3 root supergroup 1073741824 2019-02-21 16:20 /myfile12
-rw-r--r--   3 root supergroup 1073741824 2019-02-21 16:15 /myfile13
-rw-r--r--   3 root supergroup 1073741824 2019-02-21 16:18 /myfile14
-rw-r--r--   3 root supergroup 1073741824 2019-02-21 16:20 /myfile15
-rw-r--r--   3 root supergroup 1073741824 2019-02-21 16:18 /myfile16
-rw-r--r--   3 root supergroup 1073741824 2019-02-21 16:20 /myfile17
-rw-r--r--   3 root supergroup 1073741824 2019-02-21 16:20 /myfile18
-rw-r--r--   3 root supergroup 1073741824 2019-02-21 16:19 /myfile19
-rw-r--r--   3 root supergroup          0 2019-02-21 16:20 /myfile2._COPYING_
-rw-r--r--   3 root supergroup 1073741824 2019-02-21 16:18 /myfile20
-rw-r--r--   3 root supergroup 1073741824 2019-02-21 16:18 /myfile3
-rw-r--r--   3 root supergroup 1073741824 2019-02-21 16:19 /myfile4
-rw-r--r--   3 root supergroup 1073741824 2019-02-21 16:19 /myfile5
-rw-r--r--   3 root supergroup 1073741824 2019-02-21 16:17 /myfile6
-rw-r--r--   3 root supergroup 1073741824 2019-02-21 16:17 /myfile7
-rw-r--r--   3 root supergroup 1073741824 2019-02-21 16:15 /myfile8
-rw-r--r--   3 root supergroup 1073741824 2019-02-21 16:19 /myfile9
file 15 has been put into HDFS
file 15 has been read from HDFS for 1 time
diff succeed!
file 15 has been read from HDFS for 2 time
diff succeed!
file 15 has been read from HDFS for 3 time
diff succeed!
file 15 has been read from HDFS for 4 time
diff succeed!
file 15 has been read from HDFS for 5 time
diff succeed!
file 15 has been read from HDFS for 6 time
diff succeed!
file 15 has been read from HDFS for 7 time
diff succeed!
file 15 has been read from HDFS for 8 time
diff succeed!
file 15 has been read from HDFS for 9 time
diff succeed!
file 15 has been read from HDFS for 10 time
diff succeed!
Deleted /myfile15
file 15 has been removed from HDFS
Found 20 items
-rw-r--r--   3 root supergroup 1073741824 2019-02-21 16:23 /myfile1
-rw-r--r--   3 root supergroup 1073741824 2019-02-21 16:22 /myfile10
-rw-r--r--   3 root supergroup 1073741824 2019-02-21 16:21 /myfile11
-rw-r--r--   3 root supergroup 1073741824 2019-02-21 16:24 /myfile12
-rw-r--r--   3 root supergroup 1073741824 2019-02-21 16:21 /myfile13
-rw-r--r--   3 root supergroup 1073741824 2019-02-21 16:22 /myfile14
-rw-r--r--   3 root supergroup 1073741824 2019-02-21 16:24 /myfile15
-rw-r--r--   3 root supergroup 1073741824 2019-02-21 16:23 /myfile16
-rw-r--r--   3 root supergroup 1073741824 2019-02-21 16:24 /myfile17
-rw-r--r--   3 root supergroup 1073741824 2019-02-21 16:24 /myfile18
-rw-r--r--   3 root supergroup 1073741824 2019-02-21 16:24 /myfile19
-rw-r--r--   3 root supergroup 1073741824 2019-02-21 16:20 /myfile2
-rw-r--r--   3 root supergroup 1073741824 2019-02-21 16:22 /myfile20
-rw-r--r--   3 root supergroup 1073741824 2019-02-21 16:23 /myfile3
-rw-r--r--   3 root supergroup 1073741824 2019-02-21 16:24 /myfile4
-rw-r--r--   3 root supergroup 1073741824 2019-02-21 16:24 /myfile5
-rw-r--r--   3 root supergroup 1073741824 2019-02-21 16:21 /myfile6
-rw-r--r--   3 root supergroup 1073741824 2019-02-21 16:21 /myfile7
-rw-r--r--   3 root supergroup 1073741824 2019-02-21 16:21 /myfile8
-rw-r--r--   3 root supergroup 1073741824 2019-02-21 16:24 /myfile9
file 15 has been put into HDFS
file 15 has been read from HDFS for 1 time
diff succeed!
file 15 has been read from HDFS for 2 time
diff succeed!
file 15 has been read from HDFS for 3 time
diff succeed!
file 15 has been read from HDFS for 4 time
diff succeed!
file 15 has been read from HDFS for 5 time
diff succeed!
file 15 has been read from HDFS for 6 time
diff succeed!
file 15 has been read from HDFS for 7 time
diff succeed!
file 15 has been read from HDFS for 8 time
diff succeed!
file 15 has been read from HDFS for 9 time
diff succeed!
file 15 has been read from HDFS for 10 time
diff succeed!
Deleted /myfile15
file 15 has been removed from HDFS
Found 20 items
-rw-r--r--   3 root supergroup          0 2019-02-21 16:28 /myfile1._COPYING_
-rw-r--r--   3 root supergroup 1073741824 2019-02-21 16:26 /myfile10
-rw-r--r--   3 root supergroup 1073741824 2019-02-21 16:26 /myfile11
-rw-r--r--   3 root supergroup 1073741824 2019-02-21 16:28 /myfile12
-rw-r--r--   3 root supergroup 1073741824 2019-02-21 16:25 /myfile13
-rw-r--r--   3 root supergroup 1073741824 2019-02-21 16:26 /myfile14
-rw-r--r--   3 root supergroup 1073741824 2019-02-21 16:28 /myfile15
-rw-r--r--   3 root supergroup 1073741824 2019-02-21 16:26 /myfile16
-rw-r--r--   3 root supergroup  805306368 2019-02-21 16:28 /myfile17._COPYING_
-rw-r--r--   3 root supergroup 1073741824 2019-02-21 16:28 /myfile18
-rw-r--r--   3 root supergroup 1073741824 2019-02-21 16:28 /myfile19
-rw-r--r--   3 root supergroup 1073741824 2019-02-21 16:25 /myfile2
-rw-r--r--   3 root supergroup 1073741824 2019-02-21 16:26 /myfile20
-rw-r--r--   3 root supergroup 1073741824 2019-02-21 16:26 /myfile3
-rw-r--r--   3 root supergroup 1073741824 2019-02-21 16:27 /myfile4
-rw-r--r--   3 root supergroup 1073741824 2019-02-21 16:28 /myfile5
-rw-r--r--   3 root supergroup 1073741824 2019-02-21 16:25 /myfile6
-rw-r--r--   3 root supergroup 1073741824 2019-02-21 16:25 /myfile7
-rw-r--r--   3 root supergroup 1073741824 2019-02-21 16:25 /myfile8
-rw-r--r--   3 root supergroup          0 2019-02-21 16:28 /myfile9._COPYING_
file 15 has been put into HDFS
file 15 has been read from HDFS for 1 time
diff succeed!
file 15 has been read from HDFS for 2 time
diff succeed!
file 15 has been read from HDFS for 3 time
diff succeed!
file 15 has been read from HDFS for 4 time
diff succeed!
file 15 has been read from HDFS for 5 time
diff succeed!
file 15 has been read from HDFS for 6 time
diff succeed!
file 15 has been read from HDFS for 7 time
diff succeed!
file 15 has been read from HDFS for 8 time
diff succeed!
file 15 has been read from HDFS for 9 time
diff succeed!
file 15 has been read from HDFS for 10 time
diff succeed!
Deleted /myfile15
file 15 has been removed from HDFS
Found 19 items
-rw-r--r--   3 root supergroup 1073741824 2019-02-21 16:30 /myfile10
-rw-r--r--   3 root supergroup 1073741824 2019-02-21 16:32 /myfile11
-rw-r--r--   3 root supergroup 1073741824 2019-02-21 16:32 /myfile12
-rw-r--r--   3 root supergroup 1073741824 2019-02-21 16:29 /myfile13
-rw-r--r--   3 root supergroup 1073741824 2019-02-21 16:30 /myfile14
-rw-r--r--   3 root supergroup 1073741824 2019-02-21 16:32 /myfile15
-rw-r--r--   3 root supergroup 1073741824 2019-02-21 16:30 /myfile16
-rw-r--r--   3 root supergroup 1073741824 2019-02-21 16:29 /myfile17
-rw-r--r--   3 root supergroup 1073741824 2019-02-21 16:32 /myfile18
-rw-r--r--   3 root supergroup 1073741824 2019-02-21 16:32 /myfile19
-rw-r--r--   3 root supergroup 1073741824 2019-02-21 16:30 /myfile2
-rw-r--r--   3 root supergroup 1073741824 2019-02-21 16:30 /myfile20
-rw-r--r--   3 root supergroup 1073741824 2019-02-21 16:30 /myfile3
-rw-r--r--   3 root supergroup 1073741824 2019-02-21 16:32 /myfile4
-rw-r--r--   3 root supergroup 1073741824 2019-02-21 16:32 /myfile5
-rw-r--r--   3 root supergroup 1073741824 2019-02-21 16:31 /myfile6
-rw-r--r--   3 root supergroup 1073741824 2019-02-21 16:29 /myfile7
-rw-r--r--   3 root supergroup 1073741824 2019-02-21 16:29 /myfile8
-rw-r--r--   3 root supergroup 1073741824 2019-02-21 16:29 /myfile9
file 15 has been put into HDFS
file 15 has been read from HDFS for 1 time
diff succeed!
file 15 has been read from HDFS for 2 time
diff succeed!
file 15 has been read from HDFS for 3 time
diff succeed!
file 15 has been read from HDFS for 4 time
diff succeed!
file 15 has been read from HDFS for 5 time
diff succeed!
file 15 has been read from HDFS for 6 time
diff succeed!
file 15 has been read from HDFS for 7 time
diff succeed!
file 15 has been read from HDFS for 8 time
diff succeed!
file 15 has been read from HDFS for 9 time
diff succeed!
file 15 has been read from HDFS for 10 time
diff succeed!
Deleted /myfile15
file 15 has been removed from HDFS
Found 20 items
-rw-r--r--   3 root supergroup 1073741824 2019-02-21 16:33 /myfile1
-rw-r--r--   3 root supergroup 1073741824 2019-02-21 16:35 /myfile10
-rw-r--r--   3 root supergroup 1073741824 2019-02-21 16:36 /myfile11
-rw-r--r--   3 root supergroup 1073741824 2019-02-21 16:36 /myfile12
-rw-r--r--   3 root supergroup 1073741824 2019-02-21 16:33 /myfile13
-rw-r--r--   3 root supergroup 1073741824 2019-02-21 16:35 /myfile14
-rw-r--r--   3 root supergroup 1073741824 2019-02-21 16:36 /myfile15
-rw-r--r--   3 root supergroup 1073741824 2019-02-21 16:35 /myfile16
-rw-r--r--   3 root supergroup 1073741824 2019-02-21 16:33 /myfile17
-rw-r--r--   3 root supergroup 1073741824 2019-02-21 16:36 /myfile18
-rw-r--r--   3 root supergroup 1073741824 2019-02-21 16:36 /myfile19
-rw-r--r--   3 root supergroup 1073741824 2019-02-21 16:35 /myfile2
-rw-r--r--   3 root supergroup 1073741824 2019-02-21 16:35 /myfile20
-rw-r--r--   3 root supergroup 1073741824 2019-02-21 16:35 /myfile3
-rw-r--r--   3 root supergroup 1073741824 2019-02-21 16:36 /myfile4
-rw-r--r--   3 root supergroup  536870912 2019-02-21 16:36 /myfile5._COPYING_
-rw-r--r--   3 root supergroup 1073741824 2019-02-21 16:35 /myfile6
-rw-r--r--   3 root supergroup 1073741824 2019-02-21 16:34 /myfile7
-rw-r--r--   3 root supergroup 1073741824 2019-02-21 16:33 /myfile8
-rw-r--r--   3 root supergroup 1073741824 2019-02-21 16:33 /myfile9
file 15 has been put into HDFS
file 15 has been read from HDFS for 1 time
diff succeed!
file 15 has been read from HDFS for 2 time
diff succeed!
file 15 has been read from HDFS for 3 time
diff succeed!
file 15 has been read from HDFS for 4 time
diff succeed!
file 15 has been read from HDFS for 5 time
diff succeed!
file 15 has been read from HDFS for 6 time
diff succeed!
file 15 has been read from HDFS for 7 time
diff succeed!
file 15 has been read from HDFS for 8 time
diff succeed!
file 15 has been read from HDFS for 9 time
diff succeed!
file 15 has been read from HDFS for 10 time
diff succeed!
Deleted /myfile15
file 15 has been removed from HDFS
Found 19 items
-rw-r--r--   3 root supergroup 1073741824 2019-02-21 16:38 /myfile1
-rw-r--r--   3 root supergroup 1073741824 2019-02-21 16:39 /myfile10
-rw-r--r--   3 root supergroup 1073741824 2019-02-21 16:41 /myfile11
-rw-r--r--   3 root supergroup 1073741824 2019-02-21 16:41 /myfile12
-rw-r--r--   3 root supergroup 1073741824 2019-02-21 16:39 /myfile14
-rw-r--r--   3 root supergroup 1073741824 2019-02-21 16:41 /myfile15
-rw-r--r--   3 root supergroup 1073741824 2019-02-21 16:39 /myfile16
-rw-r--r--   3 root supergroup 1073741824 2019-02-21 16:38 /myfile17
-rw-r--r--   3 root supergroup 1073741824 2019-02-21 16:41 /myfile18
-rw-r--r--   3 root supergroup 1073741824 2019-02-21 16:41 /myfile19
-rw-r--r--   3 root supergroup 1073741824 2019-02-21 16:39 /myfile2
-rw-r--r--   3 root supergroup 1073741824 2019-02-21 16:39 /myfile20
-rw-r--r--   3 root supergroup 1073741824 2019-02-21 16:39 /myfile3
-rw-r--r--   3 root supergroup 1073741824 2019-02-21 16:41 /myfile4
-rw-r--r--   3 root supergroup 1073741824 2019-02-21 16:41 /myfile5
-rw-r--r--   3 root supergroup 1073741824 2019-02-21 16:39 /myfile6
-rw-r--r--   3 root supergroup 1073741824 2019-02-21 16:38 /myfile7
-rw-r--r--   3 root supergroup 1073741824 2019-02-21 16:38 /myfile8
-rw-r--r--   3 root supergroup 1073741824 2019-02-21 16:38 /myfile9
file 15 has been put into HDFS
file 15 has been read from HDFS for 1 time
diff succeed!
file 15 has been read from HDFS for 2 time
diff succeed!
file 15 has been read from HDFS for 3 time
diff succeed!
file 15 has been read from HDFS for 4 time
diff succeed!
file 15 has been read from HDFS for 5 time
diff succeed!
file 15 has been read from HDFS for 6 time
diff succeed!
file 15 has been read from HDFS for 7 time
diff succeed!
file 15 has been read from HDFS for 8 time
diff succeed!
file 15 has been read from HDFS for 9 time
diff succeed!
sub_benchmark 10 signal TERM catched and let quit gracefully
file 15 has been read from HDFS for 10 time
diff succeed!
Deleted /myfile15
file 15 has been removed from HDFS
