Found 20 items
-rw-r--r--   3 root supergroup 1073741824 2019-02-24 22:02 /myfile1
-rw-r--r--   3 root supergroup 1073741824 2019-02-24 22:02 /myfile10
-rw-r--r--   3 root supergroup 1073741824 2019-02-24 22:02 /myfile11
-rw-r--r--   3 root supergroup 1073741824 2019-02-24 22:02 /myfile12
-rw-r--r--   3 root supergroup 1073741824 2019-02-24 22:02 /myfile13
-rw-r--r--   3 root supergroup 1073741824 2019-02-24 22:02 /myfile14
-rw-r--r--   3 root supergroup 1073741824 2019-02-24 22:02 /myfile15
-rw-r--r--   3 root supergroup 1073741824 2019-02-24 22:02 /myfile16
-rw-r--r--   3 root supergroup 1073741824 2019-02-24 22:02 /myfile17
-rw-r--r--   3 root supergroup 1073741824 2019-02-24 22:02 /myfile18
-rw-r--r--   3 root supergroup 1073741824 2019-02-24 22:02 /myfile19
-rw-r--r--   3 root supergroup 1073741824 2019-02-24 22:02 /myfile2
-rw-r--r--   3 root supergroup 1073741824 2019-02-24 22:02 /myfile20
-rw-r--r--   3 root supergroup 1073741824 2019-02-24 22:02 /myfile3
-rw-r--r--   3 root supergroup 1073741824 2019-02-24 22:02 /myfile4
-rw-r--r--   3 root supergroup 1073741824 2019-02-24 22:02 /myfile5
-rw-r--r--   3 root supergroup 1073741824 2019-02-24 22:02 /myfile6
-rw-r--r--   3 root supergroup 1073741824 2019-02-24 22:02 /myfile7
-rw-r--r--   3 root supergroup 1073741824 2019-02-24 22:02 /myfile8
-rw-r--r--   3 root supergroup 1073741824 2019-02-24 22:02 /myfile9
file 9 has been put into HDFS
file 9 has been read from HDFS for 1 time
diff succeed!
file 9 has been read from HDFS for 2 time
diff succeed!
file 9 has been read from HDFS for 3 time
diff succeed!
file 9 has been read from HDFS for 4 time
diff succeed!
file 9 has been read from HDFS for 5 time
diff succeed!
file 9 has been read from HDFS for 6 time
diff succeed!
file 9 has been read from HDFS for 7 time
diff succeed!
file 9 has been read from HDFS for 8 time
diff succeed!
file 9 has been read from HDFS for 9 time
diff succeed!
file 9 has been read from HDFS for 10 time
diff succeed!
Deleted /myfile9
file 9 has been removed from HDFS
Found 16 items
-rw-r--r--   3 root supergroup 1073741824 2019-02-24 22:02 /myfile10
-rw-r--r--   3 root supergroup 1073741824 2019-02-24 22:02 /myfile11
-rw-r--r--   3 root supergroup 1073741824 2019-02-24 22:02 /myfile12
-rw-r--r--   3 root supergroup 1073741824 2019-02-24 22:02 /myfile14
-rw-r--r--   3 root supergroup 1073741824 2019-02-24 22:06 /myfile15
-rw-r--r--   3 root supergroup 1073741824 2019-02-24 22:02 /myfile16
-rw-r--r--   3 root supergroup 1073741824 2019-02-24 22:02 /myfile17
-rw-r--r--   3 root supergroup 1073741824 2019-02-24 22:02 /myfile18
-rw-r--r--   3 root supergroup 1073741824 2019-02-24 22:02 /myfile19
-rw-r--r--   3 root supergroup  268435456 2019-02-24 22:06 /myfile2._COPYING_
-rw-r--r--   3 root supergroup 1073741824 2019-02-24 22:02 /myfile20
-rw-r--r--   3 root supergroup 1073741824 2019-02-24 22:02 /myfile5
-rw-r--r--   3 root supergroup 1073741824 2019-02-24 22:02 /myfile6
-rw-r--r--   3 root supergroup 1073741824 2019-02-24 22:02 /myfile7
-rw-r--r--   3 root supergroup  402653184 2019-02-24 22:06 /myfile8._COPYING_
-rw-r--r--   3 root supergroup 1073741824 2019-02-24 22:06 /myfile9
file 9 has been put into HDFS
file 9 has been read from HDFS for 1 time
diff succeed!
file 9 has been read from HDFS for 2 time
diff succeed!
file 9 has been read from HDFS for 3 time
diff succeed!
file 9 has been read from HDFS for 4 time
diff succeed!
file 9 has been read from HDFS for 5 time
diff succeed!
file 9 has been read from HDFS for 6 time
diff succeed!
file 9 has been read from HDFS for 7 time
diff succeed!
file 9 has been read from HDFS for 8 time
diff succeed!
file 9 has been read from HDFS for 9 time
diff succeed!
file 9 has been read from HDFS for 10 time
diff succeed!
Deleted /myfile9
file 9 has been removed from HDFS
Found 18 items
-rw-r--r--   3 root supergroup 1073741824 2019-02-24 22:06 /myfile1
-rw-r--r--   3 root supergroup 1073741824 2019-02-24 22:09 /myfile10
-rw-r--r--   3 root supergroup 1073741824 2019-02-24 22:08 /myfile11
-rw-r--r--   3 root supergroup 1073741824 2019-02-24 22:02 /myfile12
-rw-r--r--   3 root supergroup 1073741824 2019-02-24 22:10 /myfile13
-rw-r--r--   3 root supergroup 1073741824 2019-02-24 22:08 /myfile14
-rw-r--r--   3 root supergroup 1073741824 2019-02-24 22:09 /myfile15
-rw-r--r--   3 root supergroup 1073741824 2019-02-24 22:10 /myfile18
-rw-r--r--   3 root supergroup 1073741824 2019-02-24 22:08 /myfile19
-rw-r--r--   3 root supergroup 1073741824 2019-02-24 22:06 /myfile2
-rw-r--r--   3 root supergroup 1073741824 2019-02-24 22:08 /myfile20
-rw-r--r--   3 root supergroup 1073741824 2019-02-24 22:10 /myfile3
-rw-r--r--   3 root supergroup 1073741824 2019-02-24 22:06 /myfile4
-rw-r--r--   3 root supergroup 1073741824 2019-02-24 22:08 /myfile5
-rw-r--r--   3 root supergroup 1073741824 2019-02-24 22:08 /myfile6
-rw-r--r--   3 root supergroup 1073741824 2019-02-24 22:02 /myfile7
-rw-r--r--   3 root supergroup 1073741824 2019-02-24 22:10 /myfile8
-rw-r--r--   3 root supergroup 1073741824 2019-02-24 22:10 /myfile9
file 9 has been put into HDFS
file 9 has been read from HDFS for 1 time
diff succeed!
file 9 has been read from HDFS for 2 time
diff succeed!
file 9 has been read from HDFS for 3 time
diff succeed!
file 9 has been read from HDFS for 4 time
diff succeed!
file 9 has been read from HDFS for 5 time
diff succeed!
file 9 has been read from HDFS for 6 time
diff succeed!
file 9 has been read from HDFS for 7 time
diff succeed!
file 9 has been read from HDFS for 8 time
diff succeed!
file 9 has been read from HDFS for 9 time
diff succeed!
file 9 has been read from HDFS for 10 time
diff succeed!
Deleted /myfile9
file 9 has been removed from HDFS
Found 19 items
-rw-r--r--   3 root supergroup 1073741824 2019-02-24 22:13 /myfile1
-rw-r--r--   3 root supergroup 1073741824 2019-02-24 22:12 /myfile10
-rw-r--r--   3 root supergroup 1073741824 2019-02-24 22:12 /myfile11
-rw-r--r--   3 root supergroup 1073741824 2019-02-24 22:11 /myfile12
-rw-r--r--   3 root supergroup 1073741824 2019-02-24 22:14 /myfile13
-rw-r--r--   3 root supergroup 1073741824 2019-02-24 22:12 /myfile14
-rw-r--r--   3 root supergroup 1073741824 2019-02-24 22:14 /myfile15
-rw-r--r--   3 root supergroup 1073741824 2019-02-24 22:14 /myfile17
-rw-r--r--   3 root supergroup 1073741824 2019-02-24 22:14 /myfile18
-rw-r--r--   3 root supergroup 1073741824 2019-02-24 22:12 /myfile19
-rw-r--r--   3 root supergroup 1073741824 2019-02-24 22:13 /myfile2
-rw-r--r--   3 root supergroup 1073741824 2019-02-24 22:11 /myfile20
-rw-r--r--   3 root supergroup 1073741824 2019-02-24 22:14 /myfile3
-rw-r--r--   3 root supergroup 1073741824 2019-02-24 22:12 /myfile4
-rw-r--r--   3 root supergroup 1073741824 2019-02-24 22:13 /myfile5
-rw-r--r--   3 root supergroup 1073741824 2019-02-24 22:14 /myfile6
-rw-r--r--   3 root supergroup 1073741824 2019-02-24 22:11 /myfile7
-rw-r--r--   3 root supergroup 1073741824 2019-02-24 22:14 /myfile8
-rw-r--r--   3 root supergroup 1073741824 2019-02-24 22:14 /myfile9
file 9 has been put into HDFS
file 9 has been read from HDFS for 1 time
diff succeed!
2019-02-24 22:14:35,993 INFO retry.RetryInvocationHandler: org.apache.hadoop.ipc.RemoteException(org.apache.hadoop.ipc.StandbyException): Operation category READ is not supported in state standby. Visit https://s.apache.org/sbnn-error
	at org.apache.hadoop.hdfs.server.namenode.ha.StandbyState.checkOperation(StandbyState.java:88)
	at org.apache.hadoop.hdfs.server.namenode.NameNode$NameNodeHAContext.checkOperation(NameNode.java:1952)
	at org.apache.hadoop.hdfs.server.namenode.FSNamesystem.checkOperation(FSNamesystem.java:1423)
	at org.apache.hadoop.hdfs.server.namenode.FSNamesystem.getFileInfo(FSNamesystem.java:3085)
	at org.apache.hadoop.hdfs.server.namenode.NameNodeRpcServer.getFileInfo(NameNodeRpcServer.java:1154)
	at org.apache.hadoop.hdfs.protocolPB.ClientNamenodeProtocolServerSideTranslatorPB.getFileInfo(ClientNamenodeProtocolServerSideTranslatorPB.java:966)
	at org.apache.hadoop.hdfs.protocol.proto.ClientNamenodeProtocolProtos$ClientNamenodeProtocol$2.callBlockingMethod(ClientNamenodeProtocolProtos.java)
	at org.apache.hadoop.ipc.ProtobufRpcEngine$Server$ProtoBufRpcInvoker.call(ProtobufRpcEngine.java:523)
	at org.apache.hadoop.ipc.RPC$Server.call(RPC.java:991)
	at org.apache.hadoop.ipc.Server$RpcCall.run(Server.java:872)
	at org.apache.hadoop.ipc.Server$RpcCall.run(Server.java:818)
	at java.security.AccessController.doPrivileged(Native Method)
	at javax.security.auth.Subject.doAs(Subject.java:422)
	at org.apache.hadoop.security.UserGroupInformation.doAs(UserGroupInformation.java:1729)
	at org.apache.hadoop.ipc.Server$Handler.run(Server.java:2678)
, while invoking ClientNamenodeProtocolTranslatorPB.getFileInfo over node-1-link-0/10.10.1.4:8020 after 1 failover attempts. Trying to failover after sleeping for 1261ms.
2019-02-24 22:14:37,258 INFO retry.RetryInvocationHandler: java.net.ConnectException: Call From clnode076.clemson.cloudlab.us/130.127.133.85 to node-0-link-0:8020 failed on connection exception: java.net.ConnectException: Connection refused; For more details see:  http://wiki.apache.org/hadoop/ConnectionRefused, while invoking ClientNamenodeProtocolTranslatorPB.getFileInfo over node-0-link-0/10.10.1.1:8020 after 2 failover attempts. Trying to failover after sleeping for 2907ms.
file 9 has been read from HDFS for 2 time
diff succeed!
file 9 has been read from HDFS for 3 time
diff succeed!
file 9 has been read from HDFS for 4 time
diff succeed!
file 9 has been read from HDFS for 5 time
diff succeed!
file 9 has been read from HDFS for 6 time
diff succeed!
file 9 has been read from HDFS for 7 time
diff succeed!
file 9 has been read from HDFS for 8 time
diff succeed!
file 9 has been read from HDFS for 9 time
diff succeed!
file 9 has been read from HDFS for 10 time
diff succeed!
Deleted /myfile9
file 9 has been removed from HDFS
Found 19 items
-rw-r--r--   3 root supergroup 1073741824 2019-02-24 22:17 /myfile1
-rw-r--r--   3 root supergroup 1073741824 2019-02-24 22:17 /myfile10
-rw-r--r--   3 root supergroup 1073741824 2019-02-24 22:17 /myfile11
-rw-r--r--   3 root supergroup 1073741824 2019-02-24 22:16 /myfile12
-rw-r--r--   3 root supergroup 1073741824 2019-02-24 22:18 /myfile13
-rw-r--r--   3 root supergroup 1073741824 2019-02-24 22:16 /myfile14
-rw-r--r--   3 root supergroup  939524096 2019-02-24 22:18 /myfile15._COPYING_
-rw-r--r--   3 root supergroup 1073741824 2019-02-24 22:14 /myfile16
-rw-r--r--   3 root supergroup 1073741824 2019-02-24 22:18 /myfile17
-rw-r--r--   3 root supergroup 1073741824 2019-02-24 22:18 /myfile18
-rw-r--r--   3 root supergroup 1073741824 2019-02-24 22:17 /myfile19
-rw-r--r--   3 root supergroup 1073741824 2019-02-24 22:17 /myfile2
-rw-r--r--   3 root supergroup 1073741824 2019-02-24 22:16 /myfile20
-rw-r--r--   3 root supergroup 1073741824 2019-02-24 22:16 /myfile4
-rw-r--r--   3 root supergroup 1073741824 2019-02-24 22:17 /myfile5
-rw-r--r--   3 root supergroup 1073741824 2019-02-24 22:18 /myfile6
-rw-r--r--   3 root supergroup 1073741824 2019-02-24 22:16 /myfile7
-rw-r--r--   3 root supergroup 1073741824 2019-02-24 22:18 /myfile8
-rw-r--r--   3 root supergroup 1073741824 2019-02-24 22:18 /myfile9
file 9 has been put into HDFS
file 9 has been read from HDFS for 1 time
diff succeed!
file 9 has been read from HDFS for 2 time
diff succeed!
file 9 has been read from HDFS for 3 time
diff succeed!
file 9 has been read from HDFS for 4 time
diff succeed!
file 9 has been read from HDFS for 5 time
diff succeed!
file 9 has been read from HDFS for 6 time
diff succeed!
file 9 has been read from HDFS for 7 time
diff succeed!
file 9 has been read from HDFS for 8 time
diff succeed!
file 9 has been read from HDFS for 9 time
diff succeed!
file 9 has been read from HDFS for 10 time
diff succeed!
Deleted /myfile9
file 9 has been removed from HDFS
Found 20 items
-rw-r--r--   3 root supergroup 1073741824 2019-02-24 22:22 /myfile1
-rw-r--r--   3 root supergroup 1073741824 2019-02-24 22:21 /myfile10
-rw-r--r--   3 root supergroup 1073741824 2019-02-24 22:21 /myfile11
-rw-r--r--   3 root supergroup 1073741824 2019-02-24 22:20 /myfile12
-rw-r--r--   3 root supergroup 1073741824 2019-02-24 22:22 /myfile13
-rw-r--r--   3 root supergroup 1073741824 2019-02-24 22:21 /myfile14
-rw-r--r--   3 root supergroup 1073741824 2019-02-24 22:23 /myfile15
-rw-r--r--   3 root supergroup 1073741824 2019-02-24 22:22 /myfile16
-rw-r--r--   3 root supergroup 1073741824 2019-02-24 22:22 /myfile17
-rw-r--r--   3 root supergroup 1073741824 2019-02-24 22:22 /myfile18
-rw-r--r--   3 root supergroup 1073741824 2019-02-24 22:21 /myfile19
-rw-r--r--   3 root supergroup 1073741824 2019-02-24 22:21 /myfile2
-rw-r--r--   3 root supergroup 1073741824 2019-02-24 22:21 /myfile20
-rw-r--r--   3 root supergroup 1073741824 2019-02-24 22:22 /myfile3
-rw-r--r--   3 root supergroup 1073741824 2019-02-24 22:21 /myfile4
-rw-r--r--   3 root supergroup 1073741824 2019-02-24 22:21 /myfile5
-rw-r--r--   3 root supergroup 1073741824 2019-02-24 22:22 /myfile6
-rw-r--r--   3 root supergroup 1073741824 2019-02-24 22:20 /myfile7
-rw-r--r--   3 root supergroup 1073741824 2019-02-24 22:22 /myfile8
-rw-r--r--   3 root supergroup 1073741824 2019-02-24 22:23 /myfile9
file 9 has been put into HDFS
file 9 has been read from HDFS for 1 time
diff succeed!
file 9 has been read from HDFS for 2 time
diff succeed!
file 9 has been read from HDFS for 3 time
diff succeed!
file 9 has been read from HDFS for 4 time
diff succeed!
file 9 has been read from HDFS for 5 time
diff succeed!
file 9 has been read from HDFS for 6 time
diff succeed!
file 9 has been read from HDFS for 7 time
diff succeed!
file 9 has been read from HDFS for 8 time
diff succeed!
file 9 has been read from HDFS for 9 time
diff succeed!
file 9 has been read from HDFS for 10 time
diff succeed!
Deleted /myfile9
file 9 has been removed from HDFS
Found 19 items
-rw-r--r--   3 root supergroup 1073741824 2019-02-24 22:27 /myfile1
-rw-r--r--   3 root supergroup 1073741824 2019-02-24 22:27 /myfile10
-rw-r--r--   3 root supergroup 1073741824 2019-02-24 22:25 /myfile11
-rw-r--r--   3 root supergroup 1073741824 2019-02-24 22:26 /myfile12
-rw-r--r--   3 root supergroup 1073741824 2019-02-24 22:27 /myfile13
-rw-r--r--   3 root supergroup 1073741824 2019-02-24 22:26 /myfile14
-rw-r--r--   3 root supergroup 1073741824 2019-02-24 22:27 /myfile15
-rw-r--r--   3 root supergroup 1073741824 2019-02-24 22:22 /myfile16
-rw-r--r--   3 root supergroup 1073741824 2019-02-24 22:27 /myfile17
-rw-r--r--   3 root supergroup 1073741824 2019-02-24 22:27 /myfile18
-rw-r--r--   3 root supergroup 1073741824 2019-02-24 22:27 /myfile19
-rw-r--r--   3 root supergroup 1073741824 2019-02-24 22:25 /myfile2
-rw-r--r--   3 root supergroup 1073741824 2019-02-24 22:26 /myfile20
-rw-r--r--   3 root supergroup 1073741824 2019-02-24 22:26 /myfile4
-rw-r--r--   3 root supergroup 1073741824 2019-02-24 22:26 /myfile5
-rw-r--r--   3 root supergroup 1073741824 2019-02-24 22:27 /myfile6
-rw-r--r--   3 root supergroup 1073741824 2019-02-24 22:25 /myfile7
-rw-r--r--   3 root supergroup 1073741824 2019-02-24 22:27 /myfile8
-rw-r--r--   3 root supergroup 1073741824 2019-02-24 22:27 /myfile9
file 9 has been put into HDFS
file 9 has been read from HDFS for 1 time
diff succeed!
file 9 has been read from HDFS for 2 time
diff succeed!
file 9 has been read from HDFS for 3 time
diff succeed!
file 9 has been read from HDFS for 4 time
diff succeed!
file 9 has been read from HDFS for 5 time
diff succeed!
file 9 has been read from HDFS for 6 time
diff succeed!
file 9 has been read from HDFS for 7 time
diff succeed!
file 9 has been read from HDFS for 8 time
diff succeed!
file 9 has been read from HDFS for 9 time
diff succeed!
file 9 has been read from HDFS for 10 time
diff succeed!
Deleted /myfile9
file 9 has been removed from HDFS
Found 19 items
-rw-r--r--   3 root supergroup 1073741824 2019-02-24 22:31 /myfile1
-rw-r--r--   3 root supergroup  939524096 2019-02-24 22:31 /myfile10._COPYING_
-rw-r--r--   3 root supergroup 1073741824 2019-02-24 22:29 /myfile11
-rw-r--r--   3 root supergroup 1073741824 2019-02-24 22:30 /myfile12
-rw-r--r--   3 root supergroup 1073741824 2019-02-24 22:32 /myfile13
-rw-r--r--   3 root supergroup 1073741824 2019-02-24 22:30 /myfile14
-rw-r--r--   3 root supergroup 1073741824 2019-02-24 22:31 /myfile15
-rw-r--r--   3 root supergroup 1073741824 2019-02-24 22:31 /myfile16
-rw-r--r--   3 root supergroup 1073741824 2019-02-24 22:31 /myfile17
-rw-r--r--   3 root supergroup 1073741824 2019-02-24 22:31 /myfile18
-rw-r--r--   3 root supergroup 1073741824 2019-02-24 22:31 /myfile19
-rw-r--r--   3 root supergroup 1073741824 2019-02-24 22:29 /myfile2
-rw-r--r--   3 root supergroup 1073741824 2019-02-24 22:30 /myfile20
-rw-r--r--   3 root supergroup  805306368 2019-02-24 22:31 /myfile3._COPYING_
-rw-r--r--   3 root supergroup 1073741824 2019-02-24 22:30 /myfile4
-rw-r--r--   3 root supergroup 1073741824 2019-02-24 22:30 /myfile5
-rw-r--r--   3 root supergroup 1073741824 2019-02-24 22:31 /myfile6
-rw-r--r--   3 root supergroup 1073741824 2019-02-24 22:29 /myfile7
-rw-r--r--   3 root supergroup 1073741824 2019-02-24 22:32 /myfile9
file 9 has been put into HDFS
file 9 has been read from HDFS for 1 time
diff succeed!
file 9 has been read from HDFS for 2 time
diff succeed!
file 9 has been read from HDFS for 3 time
diff succeed!
file 9 has been read from HDFS for 4 time
diff succeed!
file 9 has been read from HDFS for 5 time
diff succeed!
file 9 has been read from HDFS for 6 time
diff succeed!
file 9 has been read from HDFS for 7 time
diff succeed!
file 9 has been read from HDFS for 8 time
diff succeed!
file 9 has been read from HDFS for 9 time
diff succeed!
file 9 has been read from HDFS for 10 time
diff succeed!
Deleted /myfile9
file 9 has been removed from HDFS
Found 17 items
-rw-r--r--   3 root supergroup 1073741824 2019-02-24 22:35 /myfile1
-rw-r--r--   3 root supergroup 1073741824 2019-02-24 22:34 /myfile11
-rw-r--r--   3 root supergroup 1073741824 2019-02-24 22:34 /myfile12
-rw-r--r--   3 root supergroup 1073741824 2019-02-24 22:36 /myfile13
-rw-r--r--   3 root supergroup 1073741824 2019-02-24 22:34 /myfile14
-rw-r--r--   3 root supergroup 1073741824 2019-02-24 22:36 /myfile15
-rw-r--r--   3 root supergroup 1073741824 2019-02-24 22:36 /myfile16
-rw-r--r--   3 root supergroup 1073741824 2019-02-24 22:35 /myfile17
-rw-r--r--   3 root supergroup 1073741824 2019-02-24 22:36 /myfile18
-rw-r--r--   3 root supergroup 1073741824 2019-02-24 22:36 /myfile19
-rw-r--r--   3 root supergroup 1073741824 2019-02-24 22:34 /myfile2
-rw-r--r--   3 root supergroup 1073741824 2019-02-24 22:34 /myfile20
-rw-r--r--   3 root supergroup 1073741824 2019-02-24 22:34 /myfile4
-rw-r--r--   3 root supergroup 1073741824 2019-02-24 22:34 /myfile5
-rw-r--r--   3 root supergroup 1073741824 2019-02-24 22:36 /myfile6
-rw-r--r--   3 root supergroup 1073741824 2019-02-24 22:35 /myfile7
-rw-r--r--   3 root supergroup 1073741824 2019-02-24 22:36 /myfile9
file 9 has been put into HDFS
file 9 has been read from HDFS for 1 time
diff succeed!
file 9 has been read from HDFS for 2 time
diff succeed!
2019-02-24 22:37:19,518 INFO retry.RetryInvocationHandler: java.io.IOException: DestHost:destPort node-1-link-0:8020 , LocalHost:localPort clnode076.clemson.cloudlab.us/130.127.133.85:0. Failed on local exception: java.io.IOException: Connection reset by peer, while invoking ClientNamenodeProtocolTranslatorPB.getFileInfo over node-1-link-0/10.10.1.4:8020 after 1 failover attempts. Trying to failover after sleeping for 781ms.
2019-02-24 22:37:20,302 INFO retry.RetryInvocationHandler: org.apache.hadoop.ipc.RemoteException(org.apache.hadoop.ipc.StandbyException): Operation category READ is not supported in state standby. Visit https://s.apache.org/sbnn-error
	at org.apache.hadoop.hdfs.server.namenode.ha.StandbyState.checkOperation(StandbyState.java:88)
	at org.apache.hadoop.hdfs.server.namenode.NameNode$NameNodeHAContext.checkOperation(NameNode.java:1952)
	at org.apache.hadoop.hdfs.server.namenode.FSNamesystem.checkOperation(FSNamesystem.java:1423)
	at org.apache.hadoop.hdfs.server.namenode.FSNamesystem.getFileInfo(FSNamesystem.java:3085)
	at org.apache.hadoop.hdfs.server.namenode.NameNodeRpcServer.getFileInfo(NameNodeRpcServer.java:1154)
	at org.apache.hadoop.hdfs.protocolPB.ClientNamenodeProtocolServerSideTranslatorPB.getFileInfo(ClientNamenodeProtocolServerSideTranslatorPB.java:966)
	at org.apache.hadoop.hdfs.protocol.proto.ClientNamenodeProtocolProtos$ClientNamenodeProtocol$2.callBlockingMethod(ClientNamenodeProtocolProtos.java)
	at org.apache.hadoop.ipc.ProtobufRpcEngine$Server$ProtoBufRpcInvoker.call(ProtobufRpcEngine.java:523)
	at org.apache.hadoop.ipc.RPC$Server.call(RPC.java:991)
	at org.apache.hadoop.ipc.Server$RpcCall.run(Server.java:872)
	at org.apache.hadoop.ipc.Server$RpcCall.run(Server.java:818)
	at java.security.AccessController.doPrivileged(Native Method)
	at javax.security.auth.Subject.doAs(Subject.java:422)
	at org.apache.hadoop.security.UserGroupInformation.doAs(UserGroupInformation.java:1729)
	at org.apache.hadoop.ipc.Server$Handler.run(Server.java:2678)
, while invoking ClientNamenodeProtocolTranslatorPB.getFileInfo over node-0-link-0/10.10.1.1:8020 after 2 failover attempts. Trying to failover after sleeping for 1877ms.
2019-02-24 22:37:22,182 INFO retry.RetryInvocationHandler: java.net.ConnectException: Call From clnode076.clemson.cloudlab.us/130.127.133.85 to node-1-link-0:8020 failed on connection exception: java.net.ConnectException: Connection refused; For more details see:  http://wiki.apache.org/hadoop/ConnectionRefused, while invoking ClientNamenodeProtocolTranslatorPB.getFileInfo over node-1-link-0/10.10.1.4:8020 after 3 failover attempts. Trying to failover after sleeping for 3235ms.
file 9 has been read from HDFS for 3 time
diff succeed!
file 9 has been read from HDFS for 4 time
diff succeed!
file 9 has been read from HDFS for 5 time
diff succeed!
file 9 has been read from HDFS for 6 time
diff succeed!
file 9 has been read from HDFS for 7 time
diff succeed!
file 9 has been read from HDFS for 8 time
diff succeed!
file 9 has been read from HDFS for 9 time
diff succeed!
file 9 has been read from HDFS for 10 time
diff succeed!
Deleted /myfile9
file 9 has been removed from HDFS
Found 17 items
-rw-r--r--   3 root supergroup 1073741824 2019-02-24 22:40 /myfile1
-rw-r--r--   3 root supergroup 1073741824 2019-02-24 22:36 /myfile10
-rw-r--r--   3 root supergroup 1073741824 2019-02-24 22:38 /myfile11
-rw-r--r--   3 root supergroup 1073741824 2019-02-24 22:39 /myfile12
-rw-r--r--   3 root supergroup 1073741824 2019-02-24 22:38 /myfile14
-rw-r--r--   3 root supergroup 1073741824 2019-02-24 22:40 /myfile17
-rw-r--r--   3 root supergroup 1073741824 2019-02-24 22:40 /myfile18
-rw-r--r--   3 root supergroup 1073741824 2019-02-24 22:40 /myfile19
-rw-r--r--   3 root supergroup 1073741824 2019-02-24 22:38 /myfile2
-rw-r--r--   3 root supergroup 1073741824 2019-02-24 22:38 /myfile20
-rw-r--r--   3 root supergroup 1073741824 2019-02-24 22:37 /myfile3
-rw-r--r--   3 root supergroup 1073741824 2019-02-24 22:38 /myfile4
-rw-r--r--   3 root supergroup 1073741824 2019-02-24 22:38 /myfile5
-rw-r--r--   3 root supergroup  939524096 2019-02-24 22:40 /myfile6._COPYING_
-rw-r--r--   3 root supergroup 1073741824 2019-02-24 22:39 /myfile7
-rw-r--r--   3 root supergroup 1073741824 2019-02-24 22:37 /myfile8
-rw-r--r--   3 root supergroup 1073741824 2019-02-24 22:40 /myfile9
file 9 has been put into HDFS
file 9 has been read from HDFS for 1 time
diff succeed!
file 9 has been read from HDFS for 2 time
diff succeed!
file 9 has been read from HDFS for 3 time
diff succeed!
file 9 has been read from HDFS for 4 time
diff succeed!
file 9 has been read from HDFS for 5 time
diff succeed!
file 9 has been read from HDFS for 6 time
diff succeed!
file 9 has been read from HDFS for 7 time
diff succeed!
file 9 has been read from HDFS for 8 time
diff succeed!
file 9 has been read from HDFS for 9 time
diff succeed!
file 9 has been read from HDFS for 10 time
diff succeed!
Deleted /myfile9
file 9 has been removed from HDFS
Found 20 items
-rw-r--r--   3 root supergroup 1073741824 2019-02-24 22:44 /myfile1
-rw-r--r--   3 root supergroup  134217728 2019-02-24 22:44 /myfile10._COPYING_
-rw-r--r--   3 root supergroup 1073741824 2019-02-24 22:43 /myfile11
-rw-r--r--   3 root supergroup 1073741824 2019-02-24 22:43 /myfile12
-rw-r--r--   3 root supergroup 1073741824 2019-02-24 22:44 /myfile13
-rw-r--r--   3 root supergroup 1073741824 2019-02-24 22:43 /myfile14
-rw-r--r--   3 root supergroup 1073741824 2019-02-24 22:44 /myfile15
-rw-r--r--   3 root supergroup 1073741824 2019-02-24 22:44 /myfile16
-rw-r--r--   3 root supergroup 1073741824 2019-02-24 22:44 /myfile17
-rw-r--r--   3 root supergroup 1073741824 2019-02-24 22:44 /myfile18
-rw-r--r--   3 root supergroup  939524096 2019-02-24 22:44 /myfile19._COPYING_
-rw-r--r--   3 root supergroup 1073741824 2019-02-24 22:43 /myfile2
-rw-r--r--   3 root supergroup 1073741824 2019-02-24 22:43 /myfile20
-rw-r--r--   3 root supergroup 1073741824 2019-02-24 22:43 /myfile3
-rw-r--r--   3 root supergroup 1073741824 2019-02-24 22:43 /myfile4
-rw-r--r--   3 root supergroup 1073741824 2019-02-24 22:43 /myfile5
-rw-r--r--   3 root supergroup  939524096 2019-02-24 22:44 /myfile6._COPYING_
-rw-r--r--   3 root supergroup 1073741824 2019-02-24 22:43 /myfile7
-rw-r--r--   3 root supergroup 1073741824 2019-02-24 22:41 /myfile8
-rw-r--r--   3 root supergroup 1073741824 2019-02-24 22:44 /myfile9
file 9 has been put into HDFS
file 9 has been read from HDFS for 1 time
diff succeed!
file 9 has been read from HDFS for 2 time
diff succeed!
file 9 has been read from HDFS for 3 time
diff succeed!
file 9 has been read from HDFS for 4 time
diff succeed!
file 9 has been read from HDFS for 5 time
diff succeed!
file 9 has been read from HDFS for 6 time
diff succeed!
sub_benchmark 6 signal TERM catched and let quit gracefully
Deleted /myfile9
file 9 has been removed from HDFS
