Found 20 items
-rw-r--r--   3 root supergroup 1073741824 2019-02-20 19:52 /myfile1
-rw-r--r--   3 root supergroup  805306368 2019-02-20 19:52 /myfile10._COPYING_
-rw-r--r--   3 root supergroup 1073741824 2019-02-20 19:52 /myfile11
-rw-r--r--   3 root supergroup 1073741824 2019-02-20 19:52 /myfile12
-rw-r--r--   3 root supergroup  939524096 2019-02-20 19:52 /myfile13._COPYING_
-rw-r--r--   3 root supergroup 1073741824 2019-02-20 19:52 /myfile14
-rw-r--r--   3 root supergroup 1073741824 2019-02-20 19:52 /myfile15
-rw-r--r--   3 root supergroup  939524096 2019-02-20 19:52 /myfile16._COPYING_
-rw-r--r--   3 root supergroup  939524096 2019-02-20 19:52 /myfile17._COPYING_
-rw-r--r--   3 root supergroup 1073741824 2019-02-20 19:52 /myfile18
-rw-r--r--   3 root supergroup  939524096 2019-02-20 19:52 /myfile19._COPYING_
-rw-r--r--   3 root supergroup  939524096 2019-02-20 19:52 /myfile2._COPYING_
-rw-r--r--   3 root supergroup  939524096 2019-02-20 19:52 /myfile20._COPYING_
-rw-r--r--   3 root supergroup 1073741824 2019-02-20 19:52 /myfile3
-rw-r--r--   3 root supergroup  939524096 2019-02-20 19:52 /myfile4._COPYING_
-rw-r--r--   3 root supergroup  939524096 2019-02-20 19:52 /myfile5._COPYING_
-rw-r--r--   3 root supergroup 1073741824 2019-02-20 19:52 /myfile6
-rw-r--r--   3 root supergroup  939524096 2019-02-20 19:52 /myfile7._COPYING_
-rw-r--r--   3 root supergroup 1073741824 2019-02-20 19:52 /myfile8
-rw-r--r--   3 root supergroup 1073741824 2019-02-20 19:52 /myfile9
file 8 has been put into HDFS
file 8 has been read from HDFS for 1 time
diff succeed!
file 8 has been read from HDFS for 2 time
diff succeed!
file 8 has been read from HDFS for 3 time
diff succeed!
file 8 has been read from HDFS for 4 time
diff succeed!
file 8 has been read from HDFS for 5 time
diff succeed!
file 8 has been read from HDFS for 6 time
diff succeed!
file 8 has been read from HDFS for 7 time
diff succeed!
file 8 has been read from HDFS for 8 time
diff succeed!
file 8 has been read from HDFS for 9 time
diff succeed!
file 8 has been read from HDFS for 10 time
diff succeed!
Deleted /myfile8
file 8 has been removed from HDFS
Found 20 items
-rw-r--r--   3 root supergroup 1073741824 2019-02-20 19:57 /myfile1
-rw-r--r--   3 root supergroup 1073741824 2019-02-20 19:57 /myfile10
-rw-r--r--   3 root supergroup 1073741824 2019-02-20 19:57 /myfile11
-rw-r--r--   3 root supergroup 1073741824 2019-02-20 19:57 /myfile12
-rw-r--r--   3 root supergroup 1073741824 2019-02-20 19:57 /myfile13
-rw-r--r--   3 root supergroup 1073741824 2019-02-20 19:57 /myfile14
-rw-r--r--   3 root supergroup 1073741824 2019-02-20 19:57 /myfile15
-rw-r--r--   3 root supergroup 1073741824 2019-02-20 19:57 /myfile16
-rw-r--r--   3 root supergroup 1073741824 2019-02-20 19:58 /myfile17
-rw-r--r--   3 root supergroup 1073741824 2019-02-20 19:57 /myfile18
-rw-r--r--   3 root supergroup 1073741824 2019-02-20 19:58 /myfile19
-rw-r--r--   3 root supergroup 1073741824 2019-02-20 19:57 /myfile2
-rw-r--r--   3 root supergroup 1073741824 2019-02-20 19:57 /myfile20
-rw-r--r--   3 root supergroup 1073741824 2019-02-20 19:58 /myfile3
-rw-r--r--   3 root supergroup 1073741824 2019-02-20 19:57 /myfile4
-rw-r--r--   3 root supergroup 1073741824 2019-02-20 19:57 /myfile5
-rw-r--r--   3 root supergroup 1073741824 2019-02-20 19:58 /myfile6
-rw-r--r--   3 root supergroup 1073741824 2019-02-20 19:57 /myfile7
-rw-r--r--   3 root supergroup 1073741824 2019-02-20 19:58 /myfile8
-rw-r--r--   3 root supergroup 1073741824 2019-02-20 19:58 /myfile9
file 8 has been put into HDFS
file 8 has been read from HDFS for 1 time
diff succeed!
file 8 has been read from HDFS for 2 time
diff succeed!
file 8 has been read from HDFS for 3 time
diff succeed!
file 8 has been read from HDFS for 4 time
diff succeed!
file 8 has been read from HDFS for 5 time
diff succeed!
file 8 has been read from HDFS for 6 time
diff succeed!
file 8 has been read from HDFS for 7 time
diff succeed!
file 8 has been read from HDFS for 8 time
diff succeed!
file 8 has been read from HDFS for 9 time
diff succeed!
file 8 has been read from HDFS for 10 time
diff succeed!
Deleted /myfile8
file 8 has been removed from HDFS
Found 18 items
-rw-r--r--   3 root supergroup 1073741824 2019-02-20 20:02 /myfile1
-rw-r--r--   3 root supergroup 1073741824 2019-02-20 20:02 /myfile10
-rw-r--r--   3 root supergroup 1073741824 2019-02-20 20:02 /myfile11
-rw-r--r--   3 root supergroup 1073741824 2019-02-20 20:01 /myfile12
-rw-r--r--   3 root supergroup  134217728 2019-02-20 20:02 /myfile13._COPYING_
-rw-r--r--   3 root supergroup 1073741824 2019-02-20 20:02 /myfile14
-rw-r--r--   3 root supergroup 1073741824 2019-02-20 20:02 /myfile15
-rw-r--r--   3 root supergroup 1073741824 2019-02-20 20:02 /myfile16
-rw-r--r--   3 root supergroup 1073741824 2019-02-20 20:02 /myfile18
-rw-r--r--   3 root supergroup  939524096 2019-02-20 20:01 /myfile19._COPYING_
-rw-r--r--   3 root supergroup 1073741824 2019-02-20 20:02 /myfile2
-rw-r--r--   3 root supergroup 1073741824 2019-02-20 20:02 /myfile20
-rw-r--r--   3 root supergroup 1073741824 2019-02-20 20:02 /myfile4
-rw-r--r--   3 root supergroup 1073741824 2019-02-20 20:02 /myfile5
-rw-r--r--   3 root supergroup  402653184 2019-02-20 20:02 /myfile6._COPYING_
-rw-r--r--   3 root supergroup 1073741824 2019-02-20 20:02 /myfile7
-rw-r--r--   3 root supergroup 1073741824 2019-02-20 20:02 /myfile8
-rw-r--r--   3 root supergroup  939524096 2019-02-20 20:01 /myfile9._COPYING_
file 8 has been put into HDFS
file 8 has been read from HDFS for 1 time
diff succeed!
file 8 has been read from HDFS for 2 time
diff succeed!
file 8 has been read from HDFS for 3 time
diff succeed!
file 8 has been read from HDFS for 4 time
diff succeed!
file 8 has been read from HDFS for 5 time
diff succeed!
file 8 has been read from HDFS for 6 time
diff succeed!
file 8 has been read from HDFS for 7 time
diff succeed!
file 8 has been read from HDFS for 8 time
diff succeed!
file 8 has been read from HDFS for 9 time
diff succeed!
file 8 has been read from HDFS for 10 time
diff succeed!
Deleted /myfile8
file 8 has been removed from HDFS
Found 20 items
-rw-r--r--   3 root supergroup 1073741824 2019-02-20 20:07 /myfile1
-rw-r--r--   3 root supergroup 1073741824 2019-02-20 20:07 /myfile10
-rw-r--r--   3 root supergroup 1073741824 2019-02-20 20:07 /myfile11
-rw-r--r--   3 root supergroup 1073741824 2019-02-20 20:07 /myfile12
-rw-r--r--   3 root supergroup  671088640 2019-02-20 20:06 /myfile13._COPYING_
-rw-r--r--   3 root supergroup 1073741824 2019-02-20 20:07 /myfile14
-rw-r--r--   3 root supergroup 1073741824 2019-02-20 20:07 /myfile15
-rw-r--r--   3 root supergroup 1073741824 2019-02-20 20:07 /myfile16
-rw-r--r--   3 root supergroup  536870912 2019-02-20 20:06 /myfile17._COPYING_
-rw-r--r--   3 root supergroup 1073741824 2019-02-20 20:07 /myfile18
-rw-r--r--   3 root supergroup  939524096 2019-02-20 20:06 /myfile19._COPYING_
-rw-r--r--   3 root supergroup  402653184 2019-02-20 20:06 /myfile2._COPYING_
-rw-r--r--   3 root supergroup 1073741824 2019-02-20 20:07 /myfile20
-rw-r--r--   3 root supergroup 1073741824 2019-02-20 20:07 /myfile3
-rw-r--r--   3 root supergroup 1073741824 2019-02-20 20:07 /myfile4
-rw-r--r--   3 root supergroup 1073741824 2019-02-20 20:07 /myfile5
-rw-r--r--   3 root supergroup  402653184 2019-02-20 20:07 /myfile6._COPYING_
-rw-r--r--   3 root supergroup 1073741824 2019-02-20 20:07 /myfile7
-rw-r--r--   3 root supergroup 1073741824 2019-02-20 20:07 /myfile8
-rw-r--r--   3 root supergroup  939524096 2019-02-20 20:06 /myfile9._COPYING_
file 8 has been put into HDFS
file 8 has been read from HDFS for 1 time
diff succeed!
file 8 has been read from HDFS for 2 time
diff succeed!
file 8 has been read from HDFS for 3 time
diff succeed!
file 8 has been read from HDFS for 4 time
diff succeed!
file 8 has been read from HDFS for 5 time
diff succeed!
file 8 has been read from HDFS for 6 time
diff succeed!
file 8 has been read from HDFS for 7 time
diff succeed!
file 8 has been read from HDFS for 8 time
diff succeed!
file 8 has been read from HDFS for 9 time
diff succeed!
file 8 has been read from HDFS for 10 time
diff succeed!
Deleted /myfile8
file 8 has been removed from HDFS
Found 20 items
-rw-r--r--   3 root supergroup 1073741824 2019-02-20 20:12 /myfile1
-rw-r--r--   3 root supergroup 1073741824 2019-02-20 20:12 /myfile10
-rw-r--r--   3 root supergroup 1073741824 2019-02-20 20:11 /myfile11
-rw-r--r--   3 root supergroup 1073741824 2019-02-20 20:12 /myfile12
-rw-r--r--   3 root supergroup 1073741824 2019-02-20 20:12 /myfile13
-rw-r--r--   3 root supergroup 1073741824 2019-02-20 20:12 /myfile14
-rw-r--r--   3 root supergroup 1073741824 2019-02-20 20:12 /myfile15
-rw-r--r--   3 root supergroup 1073741824 2019-02-20 20:12 /myfile16
-rw-r--r--   3 root supergroup 1073741824 2019-02-20 20:12 /myfile17
-rw-r--r--   3 root supergroup 1073741824 2019-02-20 20:12 /myfile18
-rw-r--r--   3 root supergroup 1073741824 2019-02-20 20:12 /myfile19
-rw-r--r--   3 root supergroup 1073741824 2019-02-20 20:12 /myfile2
-rw-r--r--   3 root supergroup 1073741824 2019-02-20 20:12 /myfile20
-rw-r--r--   3 root supergroup 1073741824 2019-02-20 20:12 /myfile3
-rw-r--r--   3 root supergroup 1073741824 2019-02-20 20:12 /myfile4
-rw-r--r--   3 root supergroup 1073741824 2019-02-20 20:12 /myfile5
-rw-r--r--   3 root supergroup 1073741824 2019-02-20 20:12 /myfile6
-rw-r--r--   3 root supergroup 1073741824 2019-02-20 20:12 /myfile7
-rw-r--r--   3 root supergroup 1073741824 2019-02-20 20:12 /myfile8
-rw-r--r--   3 root supergroup 1073741824 2019-02-20 20:12 /myfile9
file 8 has been put into HDFS
file 8 has been read from HDFS for 1 time
diff succeed!
file 8 has been read from HDFS for 2 time
diff succeed!
file 8 has been read from HDFS for 3 time
diff succeed!
file 8 has been read from HDFS for 4 time
diff succeed!
file 8 has been read from HDFS for 5 time
diff succeed!
file 8 has been read from HDFS for 6 time
diff succeed!
file 8 has been read from HDFS for 7 time
diff succeed!
file 8 has been read from HDFS for 8 time
diff succeed!
file 8 has been read from HDFS for 9 time
diff succeed!
file 8 has been read from HDFS for 10 time
diff succeed!
Deleted /myfile8
file 8 has been removed from HDFS
2019-02-20 20:15:56,259 INFO retry.RetryInvocationHandler: java.io.IOException: DestHost:destPort node-0-link-0:8020 , LocalHost:localPort clnode076.clemson.cloudlab.us/130.127.133.85:0. Failed on local exception: java.io.IOException: Connection reset by peer, while invoking ClientNamenodeProtocolTranslatorPB.addBlock over node-0-link-0/10.10.1.1:8020. Trying to failover immediately.
2019-02-20 20:15:56,305 INFO retry.RetryInvocationHandler: org.apache.hadoop.ipc.RemoteException(org.apache.hadoop.ipc.StandbyException): Operation category READ is not supported in state standby. Visit https://s.apache.org/sbnn-error
	at org.apache.hadoop.hdfs.server.namenode.ha.StandbyState.checkOperation(StandbyState.java:88)
	at org.apache.hadoop.hdfs.server.namenode.NameNode$NameNodeHAContext.checkOperation(NameNode.java:1952)
	at org.apache.hadoop.hdfs.server.namenode.FSNamesystem.checkOperation(FSNamesystem.java:1423)
	at org.apache.hadoop.hdfs.server.namenode.FSNamesystem.getAdditionalBlock(FSNamesystem.java:2674)
	at org.apache.hadoop.hdfs.server.namenode.NameNodeRpcServer.addBlock(NameNodeRpcServer.java:875)
	at org.apache.hadoop.hdfs.protocolPB.ClientNamenodeProtocolServerSideTranslatorPB.addBlock(ClientNamenodeProtocolServerSideTranslatorPB.java:561)
	at org.apache.hadoop.hdfs.protocol.proto.ClientNamenodeProtocolProtos$ClientNamenodeProtocol$2.callBlockingMethod(ClientNamenodeProtocolProtos.java)
	at org.apache.hadoop.ipc.ProtobufRpcEngine$Server$ProtoBufRpcInvoker.call(ProtobufRpcEngine.java:523)
	at org.apache.hadoop.ipc.RPC$Server.call(RPC.java:991)
	at org.apache.hadoop.ipc.Server$RpcCall.run(Server.java:872)
	at org.apache.hadoop.ipc.Server$RpcCall.run(Server.java:818)
	at java.security.AccessController.doPrivileged(Native Method)
	at javax.security.auth.Subject.doAs(Subject.java:422)
	at org.apache.hadoop.security.UserGroupInformation.doAs(UserGroupInformation.java:1729)
	at org.apache.hadoop.ipc.Server$Handler.run(Server.java:2678)
, while invoking ClientNamenodeProtocolTranslatorPB.addBlock over node-1-link-0/10.10.1.4:8020 after 1 failover attempts. Trying to failover after sleeping for 697ms.
2019-02-20 20:15:57,006 INFO retry.RetryInvocationHandler: java.net.ConnectException: Call From clnode076.clemson.cloudlab.us/130.127.133.85 to node-0-link-0:8020 failed on connection exception: java.net.ConnectException: Connection refused; For more details see:  http://wiki.apache.org/hadoop/ConnectionRefused, while invoking ClientNamenodeProtocolTranslatorPB.addBlock over node-0-link-0/10.10.1.1:8020 after 2 failover attempts. Trying to failover after sleeping for 1660ms.
2019-02-20 20:15:58,670 INFO retry.RetryInvocationHandler: org.apache.hadoop.ipc.RemoteException(org.apache.hadoop.ipc.RetriableException): org.apache.hadoop.hdfs.server.namenode.SafeModeException: Cannot add block to /myfile8._COPYING_. Name node is in safe mode.
The reported blocks 117 has reached the threshold 0.9990 of total blocks 117. The number of live datanodes 3 has reached the minimum number 0. In safe mode extension. Safe mode will be turned off automatically in 29 seconds. NamenodeHostName:node-1-link-0
	at org.apache.hadoop.hdfs.server.namenode.FSNamesystem.checkNameNodeSafeMode(FSNamesystem.java:1441)
	at org.apache.hadoop.hdfs.server.namenode.FSDirWriteFileOp.analyzeFileState(FSDirWriteFileOp.java:591)
	at org.apache.hadoop.hdfs.server.namenode.FSDirWriteFileOp.validateAddBlock(FSDirWriteFileOp.java:172)
	at org.apache.hadoop.hdfs.server.namenode.FSNamesystem.getAdditionalBlock(FSNamesystem.java:2679)
	at org.apache.hadoop.hdfs.server.namenode.NameNodeRpcServer.addBlock(NameNodeRpcServer.java:875)
	at org.apache.hadoop.hdfs.protocolPB.ClientNamenodeProtocolServerSideTranslatorPB.addBlock(ClientNamenodeProtocolServerSideTranslatorPB.java:561)
	at org.apache.hadoop.hdfs.protocol.proto.ClientNamenodeProtocolProtos$ClientNamenodeProtocol$2.callBlockingMethod(ClientNamenodeProtocolProtos.java)
	at org.apache.hadoop.ipc.ProtobufRpcEngine$Server$ProtoBufRpcInvoker.call(ProtobufRpcEngine.java:523)
	at org.apache.hadoop.ipc.RPC$Server.call(RPC.java:991)
	at org.apache.hadoop.ipc.Server$RpcCall.run(Server.java:872)
	at org.apache.hadoop.ipc.Server$RpcCall.run(Server.java:818)
	at java.security.AccessController.doPrivileged(Native Method)
	at javax.security.auth.Subject.doAs(Subject.java:422)
	at org.apache.hadoop.security.UserGroupInformation.doAs(UserGroupInformation.java:1729)
	at org.apache.hadoop.ipc.Server$Handler.run(Server.java:2678)
Caused by: org.apache.hadoop.hdfs.server.namenode.SafeModeException: Cannot add block to /myfile8._COPYING_. Name node is in safe mode.
The reported blocks 117 has reached the threshold 0.9990 of total blocks 117. The number of live datanodes 3 has reached the minimum number 0. In safe mode extension. Safe mode will be turned off automatically in 29 seconds. NamenodeHostName:node-1-link-0
	at org.apache.hadoop.hdfs.server.namenode.FSNamesystem.newSafemodeException(FSNamesystem.java:1450)
	at org.apache.hadoop.hdfs.server.namenode.FSNamesystem.checkNameNodeSafeMode(FSNamesystem.java:1437)
	... 14 more
, while invoking ClientNamenodeProtocolTranslatorPB.addBlock over node-1-link-0/10.10.1.4:8020 after 3 failover attempts. Retrying after sleeping for 3724ms.
2019-02-20 20:16:02,398 INFO retry.RetryInvocationHandler: org.apache.hadoop.ipc.RemoteException(org.apache.hadoop.ipc.RetriableException): org.apache.hadoop.hdfs.server.namenode.SafeModeException: Cannot add block to /myfile8._COPYING_. Name node is in safe mode.
The reported blocks 117 has reached the threshold 0.9990 of total blocks 117. The number of live datanodes 3 has reached the minimum number 0. In safe mode extension. Safe mode will be turned off automatically in 26 seconds. NamenodeHostName:node-1-link-0
	at org.apache.hadoop.hdfs.server.namenode.FSNamesystem.checkNameNodeSafeMode(FSNamesystem.java:1441)
	at org.apache.hadoop.hdfs.server.namenode.FSDirWriteFileOp.analyzeFileState(FSDirWriteFileOp.java:591)
	at org.apache.hadoop.hdfs.server.namenode.FSDirWriteFileOp.validateAddBlock(FSDirWriteFileOp.java:172)
	at org.apache.hadoop.hdfs.server.namenode.FSNamesystem.getAdditionalBlock(FSNamesystem.java:2679)
	at org.apache.hadoop.hdfs.server.namenode.NameNodeRpcServer.addBlock(NameNodeRpcServer.java:875)
	at org.apache.hadoop.hdfs.protocolPB.ClientNamenodeProtocolServerSideTranslatorPB.addBlock(ClientNamenodeProtocolServerSideTranslatorPB.java:561)
	at org.apache.hadoop.hdfs.protocol.proto.ClientNamenodeProtocolProtos$ClientNamenodeProtocol$2.callBlockingMethod(ClientNamenodeProtocolProtos.java)
	at org.apache.hadoop.ipc.ProtobufRpcEngine$Server$ProtoBufRpcInvoker.call(ProtobufRpcEngine.java:523)
	at org.apache.hadoop.ipc.RPC$Server.call(RPC.java:991)
	at org.apache.hadoop.ipc.Server$RpcCall.run(Server.java:872)
	at org.apache.hadoop.ipc.Server$RpcCall.run(Server.java:818)
	at java.security.AccessController.doPrivileged(Native Method)
	at javax.security.auth.Subject.doAs(Subject.java:422)
	at org.apache.hadoop.security.UserGroupInformation.doAs(UserGroupInformation.java:1729)
	at org.apache.hadoop.ipc.Server$Handler.run(Server.java:2678)
Caused by: org.apache.hadoop.hdfs.server.namenode.SafeModeException: Cannot add block to /myfile8._COPYING_. Name node is in safe mode.
The reported blocks 117 has reached the threshold 0.9990 of total blocks 117. The number of live datanodes 3 has reached the minimum number 0. In safe mode extension. Safe mode will be turned off automatically in 26 seconds. NamenodeHostName:node-1-link-0
	at org.apache.hadoop.hdfs.server.namenode.FSNamesystem.newSafemodeException(FSNamesystem.java:1450)
	at org.apache.hadoop.hdfs.server.namenode.FSNamesystem.checkNameNodeSafeMode(FSNamesystem.java:1437)
	... 14 more
, while invoking ClientNamenodeProtocolTranslatorPB.addBlock over node-1-link-0/10.10.1.4:8020 after 3 failover attempts. Retrying after sleeping for 6753ms.
2019-02-20 20:16:09,154 INFO retry.RetryInvocationHandler: org.apache.hadoop.ipc.RemoteException(org.apache.hadoop.ipc.RetriableException): org.apache.hadoop.hdfs.server.namenode.SafeModeException: Cannot add block to /myfile8._COPYING_. Name node is in safe mode.
The reported blocks 117 has reached the threshold 0.9990 of total blocks 117. The number of live datanodes 3 has reached the minimum number 0. In safe mode extension. Safe mode will be turned off automatically in 19 seconds. NamenodeHostName:node-1-link-0
	at org.apache.hadoop.hdfs.server.namenode.FSNamesystem.checkNameNodeSafeMode(FSNamesystem.java:1441)
	at org.apache.hadoop.hdfs.server.namenode.FSDirWriteFileOp.analyzeFileState(FSDirWriteFileOp.java:591)
	at org.apache.hadoop.hdfs.server.namenode.FSDirWriteFileOp.validateAddBlock(FSDirWriteFileOp.java:172)
	at org.apache.hadoop.hdfs.server.namenode.FSNamesystem.getAdditionalBlock(FSNamesystem.java:2679)
	at org.apache.hadoop.hdfs.server.namenode.NameNodeRpcServer.addBlock(NameNodeRpcServer.java:875)
	at org.apache.hadoop.hdfs.protocolPB.ClientNamenodeProtocolServerSideTranslatorPB.addBlock(ClientNamenodeProtocolServerSideTranslatorPB.java:561)
	at org.apache.hadoop.hdfs.protocol.proto.ClientNamenodeProtocolProtos$ClientNamenodeProtocol$2.callBlockingMethod(ClientNamenodeProtocolProtos.java)
	at org.apache.hadoop.ipc.ProtobufRpcEngine$Server$ProtoBufRpcInvoker.call(ProtobufRpcEngine.java:523)
	at org.apache.hadoop.ipc.RPC$Server.call(RPC.java:991)
	at org.apache.hadoop.ipc.Server$RpcCall.run(Server.java:872)
	at org.apache.hadoop.ipc.Server$RpcCall.run(Server.java:818)
	at java.security.AccessController.doPrivileged(Native Method)
	at javax.security.auth.Subject.doAs(Subject.java:422)
	at org.apache.hadoop.security.UserGroupInformation.doAs(UserGroupInformation.java:1729)
	at org.apache.hadoop.ipc.Server$Handler.run(Server.java:2678)
Caused by: org.apache.hadoop.hdfs.server.namenode.SafeModeException: Cannot add block to /myfile8._COPYING_. Name node is in safe mode.
The reported blocks 117 has reached the threshold 0.9990 of total blocks 117. The number of live datanodes 3 has reached the minimum number 0. In safe mode extension. Safe mode will be turned off automatically in 19 seconds. NamenodeHostName:node-1-link-0
	at org.apache.hadoop.hdfs.server.namenode.FSNamesystem.newSafemodeException(FSNamesystem.java:1450)
	at org.apache.hadoop.hdfs.server.namenode.FSNamesystem.checkNameNodeSafeMode(FSNamesystem.java:1437)
	... 14 more
, while invoking ClientNamenodeProtocolTranslatorPB.addBlock over node-1-link-0/10.10.1.4:8020 after 3 failover attempts. Retrying after sleeping for 16165ms.
2019-02-20 20:16:18,805 INFO retry.RetryInvocationHandler: org.apache.hadoop.ipc.RemoteException(org.apache.hadoop.ipc.RetriableException): org.apache.hadoop.hdfs.server.namenode.SafeModeException: Cannot renew lease for DFSClient_NONMAPREDUCE_-2141205400_1. Name node is in safe mode.
The reported blocks 117 has reached the threshold 0.9990 of total blocks 117. The number of live datanodes 3 has reached the minimum number 0. In safe mode extension. Safe mode will be turned off automatically in 9 seconds. NamenodeHostName:node-1-link-0
	at org.apache.hadoop.hdfs.server.namenode.FSNamesystem.checkNameNodeSafeMode(FSNamesystem.java:1441)
	at org.apache.hadoop.hdfs.server.namenode.FSNamesystem.renewLease(FSNamesystem.java:3744)
	at org.apache.hadoop.hdfs.server.namenode.NameNodeRpcServer.renewLease(NameNodeRpcServer.java:1134)
	at org.apache.hadoop.hdfs.protocolPB.ClientNamenodeProtocolServerSideTranslatorPB.renewLease(ClientNamenodeProtocolServerSideTranslatorPB.java:737)
	at org.apache.hadoop.hdfs.protocol.proto.ClientNamenodeProtocolProtos$ClientNamenodeProtocol$2.callBlockingMethod(ClientNamenodeProtocolProtos.java)
	at org.apache.hadoop.ipc.ProtobufRpcEngine$Server$ProtoBufRpcInvoker.call(ProtobufRpcEngine.java:523)
	at org.apache.hadoop.ipc.RPC$Server.call(RPC.java:991)
	at org.apache.hadoop.ipc.Server$RpcCall.run(Server.java:872)
	at org.apache.hadoop.ipc.Server$RpcCall.run(Server.java:818)
	at java.security.AccessController.doPrivileged(Native Method)
	at javax.security.auth.Subject.doAs(Subject.java:422)
	at org.apache.hadoop.security.UserGroupInformation.doAs(UserGroupInformation.java:1729)
	at org.apache.hadoop.ipc.Server$Handler.run(Server.java:2678)
Caused by: org.apache.hadoop.hdfs.server.namenode.SafeModeException: Cannot renew lease for DFSClient_NONMAPREDUCE_-2141205400_1. Name node is in safe mode.
The reported blocks 117 has reached the threshold 0.9990 of total blocks 117. The number of live datanodes 3 has reached the minimum number 0. In safe mode extension. Safe mode will be turned off automatically in 9 seconds. NamenodeHostName:node-1-link-0
	at org.apache.hadoop.hdfs.server.namenode.FSNamesystem.newSafemodeException(FSNamesystem.java:1450)
	at org.apache.hadoop.hdfs.server.namenode.FSNamesystem.checkNameNodeSafeMode(FSNamesystem.java:1437)
	... 12 more
, while invoking ClientNamenodeProtocolTranslatorPB.renewLease over node-1-link-0/10.10.1.4:8020. Retrying immediately.
2019-02-20 20:16:18,809 INFO retry.RetryInvocationHandler: org.apache.hadoop.ipc.RemoteException(org.apache.hadoop.ipc.RetriableException): org.apache.hadoop.hdfs.server.namenode.SafeModeException: Cannot renew lease for DFSClient_NONMAPREDUCE_-2141205400_1. Name node is in safe mode.
The reported blocks 117 has reached the threshold 0.9990 of total blocks 117. The number of live datanodes 3 has reached the minimum number 0. In safe mode extension. Safe mode will be turned off automatically in 9 seconds. NamenodeHostName:node-1-link-0
	at org.apache.hadoop.hdfs.server.namenode.FSNamesystem.checkNameNodeSafeMode(FSNamesystem.java:1441)
	at org.apache.hadoop.hdfs.server.namenode.FSNamesystem.renewLease(FSNamesystem.java:3744)
	at org.apache.hadoop.hdfs.server.namenode.NameNodeRpcServer.renewLease(NameNodeRpcServer.java:1134)
	at org.apache.hadoop.hdfs.protocolPB.ClientNamenodeProtocolServerSideTranslatorPB.renewLease(ClientNamenodeProtocolServerSideTranslatorPB.java:737)
	at org.apache.hadoop.hdfs.protocol.proto.ClientNamenodeProtocolProtos$ClientNamenodeProtocol$2.callBlockingMethod(ClientNamenodeProtocolProtos.java)
	at org.apache.hadoop.ipc.ProtobufRpcEngine$Server$ProtoBufRpcInvoker.call(ProtobufRpcEngine.java:523)
	at org.apache.hadoop.ipc.RPC$Server.call(RPC.java:991)
	at org.apache.hadoop.ipc.Server$RpcCall.run(Server.java:872)
	at org.apache.hadoop.ipc.Server$RpcCall.run(Server.java:818)
	at java.security.AccessController.doPrivileged(Native Method)
	at javax.security.auth.Subject.doAs(Subject.java:422)
	at org.apache.hadoop.security.UserGroupInformation.doAs(UserGroupInformation.java:1729)
	at org.apache.hadoop.ipc.Server$Handler.run(Server.java:2678)
Caused by: org.apache.hadoop.hdfs.server.namenode.SafeModeException: Cannot renew lease for DFSClient_NONMAPREDUCE_-2141205400_1. Name node is in safe mode.
The reported blocks 117 has reached the threshold 0.9990 of total blocks 117. The number of live datanodes 3 has reached the minimum number 0. In safe mode extension. Safe mode will be turned off automatically in 9 seconds. NamenodeHostName:node-1-link-0
	at org.apache.hadoop.hdfs.server.namenode.FSNamesystem.newSafemodeException(FSNamesystem.java:1450)
	at org.apache.hadoop.hdfs.server.namenode.FSNamesystem.checkNameNodeSafeMode(FSNamesystem.java:1437)
	... 12 more
, while invoking ClientNamenodeProtocolTranslatorPB.renewLease over node-1-link-0/10.10.1.4:8020. Retrying after sleeping for 552ms.
2019-02-20 20:16:19,364 INFO retry.RetryInvocationHandler: org.apache.hadoop.ipc.RemoteException(org.apache.hadoop.ipc.RetriableException): org.apache.hadoop.hdfs.server.namenode.SafeModeException: Cannot renew lease for DFSClient_NONMAPREDUCE_-2141205400_1. Name node is in safe mode.
The reported blocks 117 has reached the threshold 0.9990 of total blocks 117. The number of live datanodes 3 has reached the minimum number 0. In safe mode extension. Safe mode will be turned off automatically in 9 seconds. NamenodeHostName:node-1-link-0
	at org.apache.hadoop.hdfs.server.namenode.FSNamesystem.checkNameNodeSafeMode(FSNamesystem.java:1441)
	at org.apache.hadoop.hdfs.server.namenode.FSNamesystem.renewLease(FSNamesystem.java:3744)
	at org.apache.hadoop.hdfs.server.namenode.NameNodeRpcServer.renewLease(NameNodeRpcServer.java:1134)
	at org.apache.hadoop.hdfs.protocolPB.ClientNamenodeProtocolServerSideTranslatorPB.renewLease(ClientNamenodeProtocolServerSideTranslatorPB.java:737)
	at org.apache.hadoop.hdfs.protocol.proto.ClientNamenodeProtocolProtos$ClientNamenodeProtocol$2.callBlockingMethod(ClientNamenodeProtocolProtos.java)
	at org.apache.hadoop.ipc.ProtobufRpcEngine$Server$ProtoBufRpcInvoker.call(ProtobufRpcEngine.java:523)
	at org.apache.hadoop.ipc.RPC$Server.call(RPC.java:991)
	at org.apache.hadoop.ipc.Server$RpcCall.run(Server.java:872)
	at org.apache.hadoop.ipc.Server$RpcCall.run(Server.java:818)
	at java.security.AccessController.doPrivileged(Native Method)
	at javax.security.auth.Subject.doAs(Subject.java:422)
	at org.apache.hadoop.security.UserGroupInformation.doAs(UserGroupInformation.java:1729)
	at org.apache.hadoop.ipc.Server$Handler.run(Server.java:2678)
Caused by: org.apache.hadoop.hdfs.server.namenode.SafeModeException: Cannot renew lease for DFSClient_NONMAPREDUCE_-2141205400_1. Name node is in safe mode.
The reported blocks 117 has reached the threshold 0.9990 of total blocks 117. The number of live datanodes 3 has reached the minimum number 0. In safe mode extension. Safe mode will be turned off automatically in 9 seconds. NamenodeHostName:node-1-link-0
	at org.apache.hadoop.hdfs.server.namenode.FSNamesystem.newSafemodeException(FSNamesystem.java:1450)
	at org.apache.hadoop.hdfs.server.namenode.FSNamesystem.checkNameNodeSafeMode(FSNamesystem.java:1437)
	... 12 more
, while invoking ClientNamenodeProtocolTranslatorPB.renewLease over node-1-link-0/10.10.1.4:8020. Retrying after sleeping for 1503ms.
2019-02-20 20:16:20,871 INFO retry.RetryInvocationHandler: org.apache.hadoop.ipc.RemoteException(org.apache.hadoop.ipc.RetriableException): org.apache.hadoop.hdfs.server.namenode.SafeModeException: Cannot renew lease for DFSClient_NONMAPREDUCE_-2141205400_1. Name node is in safe mode.
The reported blocks 117 has reached the threshold 0.9990 of total blocks 117. The number of live datanodes 3 has reached the minimum number 0. In safe mode extension. Safe mode will be turned off automatically in 7 seconds. NamenodeHostName:node-1-link-0
	at org.apache.hadoop.hdfs.server.namenode.FSNamesystem.checkNameNodeSafeMode(FSNamesystem.java:1441)
	at org.apache.hadoop.hdfs.server.namenode.FSNamesystem.renewLease(FSNamesystem.java:3744)
	at org.apache.hadoop.hdfs.server.namenode.NameNodeRpcServer.renewLease(NameNodeRpcServer.java:1134)
	at org.apache.hadoop.hdfs.protocolPB.ClientNamenodeProtocolServerSideTranslatorPB.renewLease(ClientNamenodeProtocolServerSideTranslatorPB.java:737)
	at org.apache.hadoop.hdfs.protocol.proto.ClientNamenodeProtocolProtos$ClientNamenodeProtocol$2.callBlockingMethod(ClientNamenodeProtocolProtos.java)
	at org.apache.hadoop.ipc.ProtobufRpcEngine$Server$ProtoBufRpcInvoker.call(ProtobufRpcEngine.java:523)
	at org.apache.hadoop.ipc.RPC$Server.call(RPC.java:991)
	at org.apache.hadoop.ipc.Server$RpcCall.run(Server.java:872)
	at org.apache.hadoop.ipc.Server$RpcCall.run(Server.java:818)
	at java.security.AccessController.doPrivileged(Native Method)
	at javax.security.auth.Subject.doAs(Subject.java:422)
	at org.apache.hadoop.security.UserGroupInformation.doAs(UserGroupInformation.java:1729)
	at org.apache.hadoop.ipc.Server$Handler.run(Server.java:2678)
Caused by: org.apache.hadoop.hdfs.server.namenode.SafeModeException: Cannot renew lease for DFSClient_NONMAPREDUCE_-2141205400_1. Name node is in safe mode.
The reported blocks 117 has reached the threshold 0.9990 of total blocks 117. The number of live datanodes 3 has reached the minimum number 0. In safe mode extension. Safe mode will be turned off automatically in 7 seconds. NamenodeHostName:node-1-link-0
	at org.apache.hadoop.hdfs.server.namenode.FSNamesystem.newSafemodeException(FSNamesystem.java:1450)
	at org.apache.hadoop.hdfs.server.namenode.FSNamesystem.checkNameNodeSafeMode(FSNamesystem.java:1437)
	... 12 more
, while invoking ClientNamenodeProtocolTranslatorPB.renewLease over node-1-link-0/10.10.1.4:8020. Retrying after sleeping for 5609ms.
2019-02-20 20:16:25,322 INFO retry.RetryInvocationHandler: org.apache.hadoop.ipc.RemoteException(org.apache.hadoop.ipc.RetriableException): org.apache.hadoop.hdfs.server.namenode.SafeModeException: Cannot add block to /myfile8._COPYING_. Name node is in safe mode.
The reported blocks 117 has reached the threshold 0.9990 of total blocks 117. The number of live datanodes 3 has reached the minimum number 0. In safe mode extension. Safe mode will be turned off automatically in 3 seconds. NamenodeHostName:node-1-link-0
	at org.apache.hadoop.hdfs.server.namenode.FSNamesystem.checkNameNodeSafeMode(FSNamesystem.java:1441)
	at org.apache.hadoop.hdfs.server.namenode.FSDirWriteFileOp.analyzeFileState(FSDirWriteFileOp.java:591)
	at org.apache.hadoop.hdfs.server.namenode.FSDirWriteFileOp.validateAddBlock(FSDirWriteFileOp.java:172)
	at org.apache.hadoop.hdfs.server.namenode.FSNamesystem.getAdditionalBlock(FSNamesystem.java:2679)
	at org.apache.hadoop.hdfs.server.namenode.NameNodeRpcServer.addBlock(NameNodeRpcServer.java:875)
	at org.apache.hadoop.hdfs.protocolPB.ClientNamenodeProtocolServerSideTranslatorPB.addBlock(ClientNamenodeProtocolServerSideTranslatorPB.java:561)
	at org.apache.hadoop.hdfs.protocol.proto.ClientNamenodeProtocolProtos$ClientNamenodeProtocol$2.callBlockingMethod(ClientNamenodeProtocolProtos.java)
	at org.apache.hadoop.ipc.ProtobufRpcEngine$Server$ProtoBufRpcInvoker.call(ProtobufRpcEngine.java:523)
	at org.apache.hadoop.ipc.RPC$Server.call(RPC.java:991)
	at org.apache.hadoop.ipc.Server$RpcCall.run(Server.java:872)
	at org.apache.hadoop.ipc.Server$RpcCall.run(Server.java:818)
	at java.security.AccessController.doPrivileged(Native Method)
	at javax.security.auth.Subject.doAs(Subject.java:422)
	at org.apache.hadoop.security.UserGroupInformation.doAs(UserGroupInformation.java:1729)
	at org.apache.hadoop.ipc.Server$Handler.run(Server.java:2678)
Caused by: org.apache.hadoop.hdfs.server.namenode.SafeModeException: Cannot add block to /myfile8._COPYING_. Name node is in safe mode.
The reported blocks 117 has reached the threshold 0.9990 of total blocks 117. The number of live datanodes 3 has reached the minimum number 0. In safe mode extension. Safe mode will be turned off automatically in 3 seconds. NamenodeHostName:node-1-link-0
	at org.apache.hadoop.hdfs.server.namenode.FSNamesystem.newSafemodeException(FSNamesystem.java:1450)
	at org.apache.hadoop.hdfs.server.namenode.FSNamesystem.checkNameNodeSafeMode(FSNamesystem.java:1437)
	... 14 more
, while invoking ClientNamenodeProtocolTranslatorPB.addBlock over node-1-link-0/10.10.1.4:8020 after 3 failover attempts. Retrying after sleeping for 7836ms.
2019-02-20 20:16:26,483 INFO retry.RetryInvocationHandler: org.apache.hadoop.ipc.RemoteException(org.apache.hadoop.ipc.RetriableException): org.apache.hadoop.hdfs.server.namenode.SafeModeException: Cannot renew lease for DFSClient_NONMAPREDUCE_-2141205400_1. Name node is in safe mode.
The reported blocks 117 has reached the threshold 0.9990 of total blocks 117. The number of live datanodes 3 has reached the minimum number 0. In safe mode extension. Safe mode will be turned off automatically in 2 seconds. NamenodeHostName:node-1-link-0
	at org.apache.hadoop.hdfs.server.namenode.FSNamesystem.checkNameNodeSafeMode(FSNamesystem.java:1441)
	at org.apache.hadoop.hdfs.server.namenode.FSNamesystem.renewLease(FSNamesystem.java:3744)
	at org.apache.hadoop.hdfs.server.namenode.NameNodeRpcServer.renewLease(NameNodeRpcServer.java:1134)
	at org.apache.hadoop.hdfs.protocolPB.ClientNamenodeProtocolServerSideTranslatorPB.renewLease(ClientNamenodeProtocolServerSideTranslatorPB.java:737)
	at org.apache.hadoop.hdfs.protocol.proto.ClientNamenodeProtocolProtos$ClientNamenodeProtocol$2.callBlockingMethod(ClientNamenodeProtocolProtos.java)
	at org.apache.hadoop.ipc.ProtobufRpcEngine$Server$ProtoBufRpcInvoker.call(ProtobufRpcEngine.java:523)
	at org.apache.hadoop.ipc.RPC$Server.call(RPC.java:991)
	at org.apache.hadoop.ipc.Server$RpcCall.run(Server.java:872)
	at org.apache.hadoop.ipc.Server$RpcCall.run(Server.java:818)
	at java.security.AccessController.doPrivileged(Native Method)
	at javax.security.auth.Subject.doAs(Subject.java:422)
	at org.apache.hadoop.security.UserGroupInformation.doAs(UserGroupInformation.java:1729)
	at org.apache.hadoop.ipc.Server$Handler.run(Server.java:2678)
Caused by: org.apache.hadoop.hdfs.server.namenode.SafeModeException: Cannot renew lease for DFSClient_NONMAPREDUCE_-2141205400_1. Name node is in safe mode.
The reported blocks 117 has reached the threshold 0.9990 of total blocks 117. The number of live datanodes 3 has reached the minimum number 0. In safe mode extension. Safe mode will be turned off automatically in 2 seconds. NamenodeHostName:node-1-link-0
	at org.apache.hadoop.hdfs.server.namenode.FSNamesystem.newSafemodeException(FSNamesystem.java:1450)
	at org.apache.hadoop.hdfs.server.namenode.FSNamesystem.checkNameNodeSafeMode(FSNamesystem.java:1437)
	... 12 more
, while invoking ClientNamenodeProtocolTranslatorPB.renewLease over node-1-link-0/10.10.1.4:8020. Retrying after sleeping for 5855ms.
Found 19 items
-rw-r--r--   3 root supergroup 1073741824 2019-02-20 20:15 /myfile1
-rw-r--r--   3 root supergroup 1073741824 2019-02-20 20:12 /myfile10
-rw-r--r--   3 root supergroup 1073741824 2019-02-20 20:11 /myfile11
-rw-r--r--   3 root supergroup 1073741824 2019-02-20 20:15 /myfile12
-rw-r--r--   3 root supergroup 1073741824 2019-02-20 20:16 /myfile13
-rw-r--r--   3 root supergroup 1073741824 2019-02-20 20:12 /myfile14
-rw-r--r--   3 root supergroup 1073741824 2019-02-20 20:15 /myfile15
-rw-r--r--   3 root supergroup 1073741824 2019-02-20 20:12 /myfile16
-rw-r--r--   3 root supergroup 1073741824 2019-02-20 20:16 /myfile17
-rw-r--r--   3 root supergroup 1073741824 2019-02-20 20:16 /myfile18
-rw-r--r--   3 root supergroup 1073741824 2019-02-20 20:12 /myfile19
-rw-r--r--   3 root supergroup 1073741824 2019-02-20 20:16 /myfile2
-rw-r--r--   3 root supergroup 1073741824 2019-02-20 20:16 /myfile20
-rw-r--r--   3 root supergroup 1073741824 2019-02-20 20:16 /myfile3
-rw-r--r--   3 root supergroup 1073741824 2019-02-20 20:15 /myfile4
-rw-r--r--   3 root supergroup 1073741824 2019-02-20 20:12 /myfile5
-rw-r--r--   3 root supergroup  805306368 2019-02-20 20:16 /myfile6._COPYING_
-rw-r--r--   3 root supergroup 1073741824 2019-02-20 20:16 /myfile8
-rw-r--r--   3 root supergroup 1073741824 2019-02-20 20:12 /myfile9
file 8 has been put into HDFS
file 8 has been read from HDFS for 1 time
diff succeed!
file 8 has been read from HDFS for 2 time
diff succeed!
file 8 has been read from HDFS for 3 time
diff succeed!
file 8 has been read from HDFS for 4 time
diff succeed!
file 8 has been read from HDFS for 5 time
diff succeed!
file 8 has been read from HDFS for 6 time
diff succeed!
file 8 has been read from HDFS for 7 time
diff succeed!
file 8 has been read from HDFS for 8 time
diff succeed!
file 8 has been read from HDFS for 9 time
diff succeed!
file 8 has been read from HDFS for 10 time
diff succeed!
Deleted /myfile8
file 8 has been removed from HDFS
Found 18 items
-rw-r--r--   3 root supergroup 1073741824 2019-02-20 20:19 /myfile1
-rw-r--r--   3 root supergroup 1073741824 2019-02-20 20:18 /myfile10
-rw-r--r--   3 root supergroup 1073741824 2019-02-20 20:17 /myfile11
-rw-r--r--   3 root supergroup 1073741824 2019-02-20 20:20 /myfile12
-rw-r--r--   3 root supergroup 1073741824 2019-02-20 20:16 /myfile13
-rw-r--r--   3 root supergroup 1073741824 2019-02-20 20:18 /myfile14
-rw-r--r--   3 root supergroup 1073741824 2019-02-20 20:20 /myfile15
-rw-r--r--   3 root supergroup 1073741824 2019-02-20 20:18 /myfile16
-rw-r--r--   3 root supergroup 1073741824 2019-02-20 20:20 /myfile17
-rw-r--r--   3 root supergroup 1073741824 2019-02-20 20:21 /myfile18
-rw-r--r--   3 root supergroup 1073741824 2019-02-20 20:18 /myfile19
-rw-r--r--   3 root supergroup 1073741824 2019-02-20 20:21 /myfile2
-rw-r--r--   3 root supergroup 1073741824 2019-02-20 20:20 /myfile20
-rw-r--r--   3 root supergroup 1073741824 2019-02-20 20:20 /myfile4
-rw-r--r--   3 root supergroup 1073741824 2019-02-20 20:17 /myfile5
-rw-r--r--   3 root supergroup 1073741824 2019-02-20 20:20 /myfile6
-rw-r--r--   3 root supergroup 1073741824 2019-02-20 20:21 /myfile8
-rw-r--r--   3 root supergroup 1073741824 2019-02-20 20:18 /myfile9
file 8 has been put into HDFS
file 8 has been read from HDFS for 1 time
diff succeed!
file 8 has been read from HDFS for 2 time
diff succeed!
file 8 has been read from HDFS for 3 time
diff succeed!
file 8 has been read from HDFS for 4 time
diff succeed!
file 8 has been read from HDFS for 5 time
diff succeed!
file 8 has been read from HDFS for 6 time
diff succeed!
file 8 has been read from HDFS for 7 time
diff succeed!
file 8 has been read from HDFS for 8 time
diff succeed!
file 8 has been read from HDFS for 9 time
diff succeed!
file 8 has been read from HDFS for 10 time
diff succeed!
Deleted /myfile8
file 8 has been removed from HDFS
Found 19 items
-rw-r--r--   3 root supergroup 1073741824 2019-02-20 20:23 /myfile1
-rw-r--r--   3 root supergroup 1073741824 2019-02-20 20:21 /myfile10
-rw-r--r--   3 root supergroup 1073741824 2019-02-20 20:21 /myfile11
-rw-r--r--   3 root supergroup 1073741824 2019-02-20 20:24 /myfile12
-rw-r--r--   3 root supergroup 1073741824 2019-02-20 20:21 /myfile13
-rw-r--r--   3 root supergroup 1073741824 2019-02-20 20:22 /myfile14
-rw-r--r--   3 root supergroup 1073741824 2019-02-20 20:24 /myfile15
-rw-r--r--   3 root supergroup 1073741824 2019-02-20 20:21 /myfile16
-rw-r--r--   3 root supergroup 1073741824 2019-02-20 20:25 /myfile17
-rw-r--r--   3 root supergroup 1073741824 2019-02-20 20:21 /myfile18
-rw-r--r--   3 root supergroup 1073741824 2019-02-20 20:23 /myfile19
-rw-r--r--   3 root supergroup          0 2019-02-20 20:25 /myfile2._COPYING_
-rw-r--r--   3 root supergroup 1073741824 2019-02-20 20:24 /myfile20
-rw-r--r--   3 root supergroup 1073741824 2019-02-20 20:24 /myfile4
-rw-r--r--   3 root supergroup 1073741824 2019-02-20 20:21 /myfile5
-rw-r--r--   3 root supergroup 1073741824 2019-02-20 20:25 /myfile6
-rw-r--r--   3 root supergroup 1073741824 2019-02-20 20:25 /myfile7
-rw-r--r--   3 root supergroup 1073741824 2019-02-20 20:25 /myfile8
-rw-r--r--   3 root supergroup 1073741824 2019-02-20 20:22 /myfile9
file 8 has been put into HDFS
file 8 has been read from HDFS for 1 time
diff succeed!
file 8 has been read from HDFS for 2 time
diff succeed!
file 8 has been read from HDFS for 3 time
diff succeed!
file 8 has been read from HDFS for 4 time
diff succeed!
file 8 has been read from HDFS for 5 time
diff succeed!
file 8 has been read from HDFS for 6 time
diff succeed!
file 8 has been read from HDFS for 7 time
diff succeed!
file 8 has been read from HDFS for 8 time
diff succeed!
file 8 has been read from HDFS for 9 time
diff succeed!
file 8 has been read from HDFS for 10 time
diff succeed!
Deleted /myfile8
file 8 has been removed from HDFS
Found 19 items
-rw-r--r--   3 root supergroup 1073741824 2019-02-20 20:27 /myfile1
-rw-r--r--   3 root supergroup  536870912 2019-02-20 20:29 /myfile10._COPYING_
-rw-r--r--   3 root supergroup  536870912 2019-02-20 20:29 /myfile11._COPYING_
-rw-r--r--   3 root supergroup 1073741824 2019-02-20 20:28 /myfile12
-rw-r--r--   3 root supergroup 1073741824 2019-02-20 20:27 /myfile14
-rw-r--r--   3 root supergroup 1073741824 2019-02-20 20:28 /myfile15
-rw-r--r--   3 root supergroup  402653184 2019-02-20 20:29 /myfile16._COPYING_
-rw-r--r--   3 root supergroup 1073741824 2019-02-20 20:29 /myfile17
-rw-r--r--   3 root supergroup 1073741824 2019-02-20 20:29 /myfile18
-rw-r--r--   3 root supergroup 1073741824 2019-02-20 20:27 /myfile19
-rw-r--r--   3 root supergroup 1073741824 2019-02-20 20:29 /myfile2
-rw-r--r--   3 root supergroup 1073741824 2019-02-20 20:29 /myfile20
-rw-r--r--   3 root supergroup 1073741824 2019-02-20 20:29 /myfile3
-rw-r--r--   3 root supergroup 1073741824 2019-02-20 20:28 /myfile4
-rw-r--r--   3 root supergroup 1073741824 2019-02-20 20:29 /myfile5
-rw-r--r--   3 root supergroup 1073741824 2019-02-20 20:29 /myfile6
-rw-r--r--   3 root supergroup 1073741824 2019-02-20 20:29 /myfile7
-rw-r--r--   3 root supergroup 1073741824 2019-02-20 20:29 /myfile8
-rw-r--r--   3 root supergroup 1073741824 2019-02-20 20:27 /myfile9
file 8 has been put into HDFS
file 8 has been read from HDFS for 1 time
diff succeed!
file 8 has been read from HDFS for 2 time
diff succeed!
file 8 has been read from HDFS for 3 time
diff succeed!
file 8 has been read from HDFS for 4 time
diff succeed!
file 8 has been read from HDFS for 5 time
diff succeed!
file 8 has been read from HDFS for 6 time
diff succeed!
file 8 has been read from HDFS for 7 time
diff succeed!
file 8 has been read from HDFS for 8 time
diff succeed!
file 8 has been read from HDFS for 9 time
diff succeed!
file 8 has been read from HDFS for 10 time
diff succeed!
Deleted /myfile8
file 8 has been removed from HDFS
Found 20 items
-rw-r--r--   3 root supergroup  402653184 2019-02-20 20:35 /myfile1._COPYING_
-rw-r--r--   3 root supergroup 1073741824 2019-02-20 20:34 /myfile10
-rw-r--r--   3 root supergroup  671088640 2019-02-20 20:34 /myfile11._COPYING_
-rw-r--r--   3 root supergroup 1073741824 2019-02-20 20:32 /myfile12
-rw-r--r--   3 root supergroup 1073741824 2019-02-20 20:34 /myfile13
-rw-r--r--   3 root supergroup  402653184 2019-02-20 20:35 /myfile14._COPYING_
-rw-r--r--   3 root supergroup 1073741824 2019-02-20 20:32 /myfile15
-rw-r--r--   3 root supergroup 1073741824 2019-02-20 20:34 /myfile16
-rw-r--r--   3 root supergroup 1073741824 2019-02-20 20:35 /myfile17
-rw-r--r--   3 root supergroup 1073741824 2019-02-20 20:33 /myfile18
-rw-r--r--   3 root supergroup 1073741824 2019-02-20 20:32 /myfile19
-rw-r--r--   3 root supergroup 1073741824 2019-02-20 20:35 /myfile2
-rw-r--r--   3 root supergroup 1073741824 2019-02-20 20:34 /myfile20
-rw-r--r--   3 root supergroup 1073741824 2019-02-20 20:33 /myfile3
-rw-r--r--   3 root supergroup 1073741824 2019-02-20 20:32 /myfile4
-rw-r--r--   3 root supergroup 1073741824 2019-02-20 20:33 /myfile5
-rw-r--r--   3 root supergroup 1073741824 2019-02-20 20:33 /myfile6
-rw-r--r--   3 root supergroup 1073741824 2019-02-20 20:32 /myfile7
-rw-r--r--   3 root supergroup 1073741824 2019-02-20 20:35 /myfile8
-rw-r--r--   3 root supergroup 1073741824 2019-02-20 20:32 /myfile9
file 8 has been put into HDFS
file 8 has been read from HDFS for 1 time
diff succeed!
file 8 has been read from HDFS for 2 time
diff succeed!
file 8 has been read from HDFS for 3 time
diff succeed!
file 8 has been read from HDFS for 4 time
diff succeed!
file 8 has been read from HDFS for 5 time
diff succeed!
file 8 has been read from HDFS for 6 time
diff succeed!
sub_benchmark 6 signal TERM catched and let quit gracefully
Deleted /myfile8
file 8 has been removed from HDFS
