Found 20 items
-rw-r--r--   3 root supergroup 1073741824 2019-03-01 06:06 /myfile1
-rw-r--r--   3 root supergroup 1073741824 2019-03-01 06:06 /myfile10
-rw-r--r--   3 root supergroup 1073741824 2019-03-01 06:06 /myfile11
-rw-r--r--   3 root supergroup 1073741824 2019-03-01 06:06 /myfile12
-rw-r--r--   3 root supergroup 1073741824 2019-03-01 06:06 /myfile13
-rw-r--r--   3 root supergroup  939524096 2019-03-01 06:06 /myfile14._COPYING_
-rw-r--r--   3 root supergroup 1073741824 2019-03-01 06:06 /myfile15
-rw-r--r--   3 root supergroup 1073741824 2019-03-01 06:06 /myfile16
-rw-r--r--   3 root supergroup  805306368 2019-03-01 06:06 /myfile17._COPYING_
-rw-r--r--   3 root supergroup  671088640 2019-03-01 06:06 /myfile18._COPYING_
-rw-r--r--   3 root supergroup  939524096 2019-03-01 06:06 /myfile19._COPYING_
-rw-r--r--   3 root supergroup 1073741824 2019-03-01 06:06 /myfile2
-rw-r--r--   3 root supergroup 1073741824 2019-03-01 06:06 /myfile20
-rw-r--r--   3 root supergroup 1073741824 2019-03-01 06:06 /myfile3
-rw-r--r--   3 root supergroup 1073741824 2019-03-01 06:06 /myfile4
-rw-r--r--   3 root supergroup 1073741824 2019-03-01 06:06 /myfile5
-rw-r--r--   3 root supergroup 1073741824 2019-03-01 06:06 /myfile6
-rw-r--r--   3 root supergroup  939524096 2019-03-01 06:06 /myfile7._COPYING_
-rw-r--r--   3 root supergroup 1073741824 2019-03-01 06:06 /myfile8
-rw-r--r--   3 root supergroup 1073741824 2019-03-01 06:06 /myfile9
file 6 has been put into HDFS
file 6 has been read from HDFS for 1 time
diff succeed!
file 6 has been read from HDFS for 2 time
diff succeed!
file 6 has been read from HDFS for 3 time
diff succeed!
file 6 has been read from HDFS for 4 time
diff succeed!
file 6 has been read from HDFS for 5 time
diff succeed!
file 6 has been read from HDFS for 6 time
diff succeed!
file 6 has been read from HDFS for 7 time
diff succeed!
file 6 has been read from HDFS for 8 time
diff succeed!
file 6 has been read from HDFS for 9 time
diff succeed!
file 6 has been read from HDFS for 10 time
diff succeed!
Deleted /myfile6
file 6 has been removed from HDFS
2019-03-01 06:10:44,559 WARN hdfs.DataStreamer: Exception for BP-1967517849-130.127.133.67-1551445543120:blk_1073742055_1231
java.io.IOException: Bad response ERROR for BP-1967517849-130.127.133.67-1551445543120:blk_1073742055_1231 from datanode DatanodeInfoWithStorage[10.10.1.2:9866,DS-ec1fa09f-82a6-4339-953a-f9a13fcccb33,DISK]
	at org.apache.hadoop.hdfs.DataStreamer$ResponseProcessor.run(DataStreamer.java:1126)
2019-03-01 06:10:44,563 WARN hdfs.DataStreamer: Error Recovery for BP-1967517849-130.127.133.67-1551445543120:blk_1073742055_1231 in pipeline [DatanodeInfoWithStorage[10.10.1.5:9866,DS-962e7c18-fb70-4048-90be-7e6b6eb5b08c,DISK], DatanodeInfoWithStorage[10.10.1.2:9866,DS-ec1fa09f-82a6-4339-953a-f9a13fcccb33,DISK], DatanodeInfoWithStorage[10.10.1.3:9866,DS-c3ed8e8c-883d-4ec2-afa3-6c1a784bfe4e,DISK]]: datanode 1(DatanodeInfoWithStorage[10.10.1.2:9866,DS-ec1fa09f-82a6-4339-953a-f9a13fcccb33,DISK]) is bad.
Found 20 items
-rw-r--r--   3 root supergroup 1073741824 2019-03-01 06:06 /myfile1
-rw-r--r--   3 root supergroup 1073741824 2019-03-01 06:06 /myfile10
-rw-r--r--   3 root supergroup 1073741824 2019-03-01 06:06 /myfile11
-rw-r--r--   3 root supergroup 1073741824 2019-03-01 06:06 /myfile12
-rw-r--r--   3 root supergroup 1073741824 2019-03-01 06:10 /myfile13
-rw-r--r--   3 root supergroup 1073741824 2019-03-01 06:10 /myfile14
-rw-r--r--   3 root supergroup 1073741824 2019-03-01 06:10 /myfile15
-rw-r--r--   3 root supergroup 1073741824 2019-03-01 06:10 /myfile16
-rw-r--r--   3 root supergroup 1073741824 2019-03-01 06:06 /myfile17
-rw-r--r--   3 root supergroup 1073741824 2019-03-01 06:10 /myfile18
-rw-r--r--   3 root supergroup 1073741824 2019-03-01 06:10 /myfile19
-rw-r--r--   3 root supergroup 1073741824 2019-03-01 06:10 /myfile2
-rw-r--r--   3 root supergroup 1073741824 2019-03-01 06:06 /myfile20
-rw-r--r--   3 root supergroup 1073741824 2019-03-01 06:06 /myfile3
-rw-r--r--   3 root supergroup 1073741824 2019-03-01 06:06 /myfile4
-rw-r--r--   3 root supergroup 1073741824 2019-03-01 06:06 /myfile5
-rw-r--r--   3 root supergroup 1073741824 2019-03-01 06:10 /myfile6
-rw-r--r--   3 root supergroup 1073741824 2019-03-01 06:06 /myfile7
-rw-r--r--   3 root supergroup 1073741824 2019-03-01 06:10 /myfile8
-rw-r--r--   3 root supergroup 1073741824 2019-03-01 06:10 /myfile9
file 6 has been put into HDFS
file 6 has been read from HDFS for 1 time
diff succeed!
file 6 has been read from HDFS for 2 time
diff succeed!
file 6 has been read from HDFS for 3 time
diff succeed!
file 6 has been read from HDFS for 4 time
diff succeed!
file 6 has been read from HDFS for 5 time
diff succeed!
file 6 has been read from HDFS for 6 time
diff succeed!
file 6 has been read from HDFS for 7 time
diff succeed!
file 6 has been read from HDFS for 8 time
diff succeed!
file 6 has been read from HDFS for 9 time
diff succeed!
file 6 has been read from HDFS for 10 time
diff succeed!
Deleted /myfile6
file 6 has been removed from HDFS
Found 20 items
-rw-r--r--   3 root supergroup 1073741824 2019-03-01 06:12 /myfile1
-rw-r--r--   3 root supergroup 1073741824 2019-03-01 06:13 /myfile10
-rw-r--r--   3 root supergroup 1073741824 2019-03-01 06:13 /myfile11
-rw-r--r--   3 root supergroup 1073741824 2019-03-01 06:13 /myfile12
-rw-r--r--   3 root supergroup 1073741824 2019-03-01 06:15 /myfile13
-rw-r--r--   3 root supergroup 1073741824 2019-03-01 06:15 /myfile14
-rw-r--r--   3 root supergroup 1073741824 2019-03-01 06:15 /myfile15
-rw-r--r--   3 root supergroup 1073741824 2019-03-01 06:15 /myfile16
-rw-r--r--   3 root supergroup 1073741824 2019-03-01 06:13 /myfile17
-rw-r--r--   3 root supergroup 1073741824 2019-03-01 06:14 /myfile18
-rw-r--r--   3 root supergroup 1073741824 2019-03-01 06:15 /myfile19
-rw-r--r--   3 root supergroup 1073741824 2019-03-01 06:15 /myfile2
-rw-r--r--   3 root supergroup 1073741824 2019-03-01 06:13 /myfile20
-rw-r--r--   3 root supergroup 1073741824 2019-03-01 06:13 /myfile3
-rw-r--r--   3 root supergroup 1073741824 2019-03-01 06:13 /myfile4
-rw-r--r--   3 root supergroup 1073741824 2019-03-01 06:14 /myfile5
-rw-r--r--   3 root supergroup 1073741824 2019-03-01 06:16 /myfile6
-rw-r--r--   3 root supergroup 1073741824 2019-03-01 06:13 /myfile7
-rw-r--r--   3 root supergroup 1073741824 2019-03-01 06:15 /myfile8
-rw-r--r--   3 root supergroup 1073741824 2019-03-01 06:15 /myfile9
file 6 has been put into HDFS
file 6 has been read from HDFS for 1 time
diff succeed!
file 6 has been read from HDFS for 2 time
diff succeed!
file 6 has been read from HDFS for 3 time
diff succeed!
file 6 has been read from HDFS for 4 time
diff succeed!
2019-03-01 06:17:33,275 WARN impl.BlockReaderFactory: I/O error constructing remote block reader.
java.io.IOException: Connection reset by peer
	at sun.nio.ch.FileDispatcherImpl.read0(Native Method)
	at sun.nio.ch.SocketDispatcher.read(SocketDispatcher.java:39)
	at sun.nio.ch.IOUtil.readIntoNativeBuffer(IOUtil.java:223)
	at sun.nio.ch.IOUtil.read(IOUtil.java:197)
	at sun.nio.ch.SocketChannelImpl.read(SocketChannelImpl.java:380)
	at org.apache.hadoop.net.SocketInputStream$Reader.performIO(SocketInputStream.java:57)
	at org.apache.hadoop.net.SocketIOWithTimeout.doIO(SocketIOWithTimeout.java:142)
	at org.apache.hadoop.net.SocketInputStream.read(SocketInputStream.java:161)
	at org.apache.hadoop.net.SocketInputStream.read(SocketInputStream.java:131)
	at org.apache.hadoop.net.SocketInputStream.read(SocketInputStream.java:118)
	at java.io.FilterInputStream.read(FilterInputStream.java:83)
	at org.apache.hadoop.hdfs.protocolPB.PBHelperClient.vintPrefixed(PBHelperClient.java:547)
	at org.apache.hadoop.hdfs.client.impl.BlockReaderRemote.newBlockReader(BlockReaderRemote.java:407)
	at org.apache.hadoop.hdfs.client.impl.BlockReaderFactory.getRemoteBlockReader(BlockReaderFactory.java:853)
	at org.apache.hadoop.hdfs.client.impl.BlockReaderFactory.getRemoteBlockReaderFromTcp(BlockReaderFactory.java:749)
	at org.apache.hadoop.hdfs.client.impl.BlockReaderFactory.build(BlockReaderFactory.java:379)
	at org.apache.hadoop.hdfs.DFSInputStream.getBlockReader(DFSInputStream.java:641)
	at org.apache.hadoop.hdfs.DFSInputStream.blockSeekTo(DFSInputStream.java:572)
	at org.apache.hadoop.hdfs.DFSInputStream.readWithStrategy(DFSInputStream.java:754)
	at org.apache.hadoop.hdfs.DFSInputStream.read(DFSInputStream.java:820)
	at java.io.DataInputStream.read(DataInputStream.java:100)
	at org.apache.hadoop.io.IOUtils.copyBytes(IOUtils.java:100)
	at org.apache.hadoop.io.IOUtils.copyBytes(IOUtils.java:68)
	at org.apache.hadoop.io.IOUtils.copyBytes(IOUtils.java:129)
	at org.apache.hadoop.fs.shell.CommandWithDestination$TargetFileSystem.writeStreamToFile(CommandWithDestination.java:485)
	at org.apache.hadoop.fs.shell.CommandWithDestination.copyStreamToTarget(CommandWithDestination.java:407)
	at org.apache.hadoop.fs.shell.CommandWithDestination.copyFileToTarget(CommandWithDestination.java:342)
	at org.apache.hadoop.fs.shell.CommandWithDestination.processPath(CommandWithDestination.java:277)
	at org.apache.hadoop.fs.shell.CommandWithDestination.processPath(CommandWithDestination.java:262)
	at org.apache.hadoop.fs.shell.Command.processPaths(Command.java:331)
	at org.apache.hadoop.fs.shell.Command.processPathArgument(Command.java:303)
	at org.apache.hadoop.fs.shell.CommandWithDestination.processPathArgument(CommandWithDestination.java:257)
	at org.apache.hadoop.fs.shell.Command.processArgument(Command.java:285)
	at org.apache.hadoop.fs.shell.Command.processArguments(Command.java:269)
	at org.apache.hadoop.fs.shell.CommandWithDestination.processArguments(CommandWithDestination.java:228)
	at org.apache.hadoop.fs.shell.FsCommand.processRawArguments(FsCommand.java:120)
	at org.apache.hadoop.fs.shell.Command.run(Command.java:176)
	at org.apache.hadoop.fs.FsShell.run(FsShell.java:328)
	at org.apache.hadoop.util.ToolRunner.run(ToolRunner.java:76)
	at org.apache.hadoop.util.ToolRunner.run(ToolRunner.java:90)
	at org.apache.hadoop.fs.FsShell.main(FsShell.java:391)
2019-03-01 06:17:33,283 WARN hdfs.DFSClient: Failed to connect to /10.10.1.2:9866 for block BP-1967517849-130.127.133.67-1551445543120:blk_1073742221_1399, add to deadNodes and continue. 
java.io.IOException: Connection reset by peer
	at sun.nio.ch.FileDispatcherImpl.read0(Native Method)
	at sun.nio.ch.SocketDispatcher.read(SocketDispatcher.java:39)
	at sun.nio.ch.IOUtil.readIntoNativeBuffer(IOUtil.java:223)
	at sun.nio.ch.IOUtil.read(IOUtil.java:197)
	at sun.nio.ch.SocketChannelImpl.read(SocketChannelImpl.java:380)
	at org.apache.hadoop.net.SocketInputStream$Reader.performIO(SocketInputStream.java:57)
	at org.apache.hadoop.net.SocketIOWithTimeout.doIO(SocketIOWithTimeout.java:142)
	at org.apache.hadoop.net.SocketInputStream.read(SocketInputStream.java:161)
	at org.apache.hadoop.net.SocketInputStream.read(SocketInputStream.java:131)
	at org.apache.hadoop.net.SocketInputStream.read(SocketInputStream.java:118)
	at java.io.FilterInputStream.read(FilterInputStream.java:83)
	at org.apache.hadoop.hdfs.protocolPB.PBHelperClient.vintPrefixed(PBHelperClient.java:547)
	at org.apache.hadoop.hdfs.client.impl.BlockReaderRemote.newBlockReader(BlockReaderRemote.java:407)
	at org.apache.hadoop.hdfs.client.impl.BlockReaderFactory.getRemoteBlockReader(BlockReaderFactory.java:853)
	at org.apache.hadoop.hdfs.client.impl.BlockReaderFactory.getRemoteBlockReaderFromTcp(BlockReaderFactory.java:749)
	at org.apache.hadoop.hdfs.client.impl.BlockReaderFactory.build(BlockReaderFactory.java:379)
	at org.apache.hadoop.hdfs.DFSInputStream.getBlockReader(DFSInputStream.java:641)
	at org.apache.hadoop.hdfs.DFSInputStream.blockSeekTo(DFSInputStream.java:572)
	at org.apache.hadoop.hdfs.DFSInputStream.readWithStrategy(DFSInputStream.java:754)
	at org.apache.hadoop.hdfs.DFSInputStream.read(DFSInputStream.java:820)
	at java.io.DataInputStream.read(DataInputStream.java:100)
	at org.apache.hadoop.io.IOUtils.copyBytes(IOUtils.java:100)
	at org.apache.hadoop.io.IOUtils.copyBytes(IOUtils.java:68)
	at org.apache.hadoop.io.IOUtils.copyBytes(IOUtils.java:129)
	at org.apache.hadoop.fs.shell.CommandWithDestination$TargetFileSystem.writeStreamToFile(CommandWithDestination.java:485)
	at org.apache.hadoop.fs.shell.CommandWithDestination.copyStreamToTarget(CommandWithDestination.java:407)
	at org.apache.hadoop.fs.shell.CommandWithDestination.copyFileToTarget(CommandWithDestination.java:342)
	at org.apache.hadoop.fs.shell.CommandWithDestination.processPath(CommandWithDestination.java:277)
	at org.apache.hadoop.fs.shell.CommandWithDestination.processPath(CommandWithDestination.java:262)
	at org.apache.hadoop.fs.shell.Command.processPaths(Command.java:331)
	at org.apache.hadoop.fs.shell.Command.processPathArgument(Command.java:303)
	at org.apache.hadoop.fs.shell.CommandWithDestination.processPathArgument(CommandWithDestination.java:257)
	at org.apache.hadoop.fs.shell.Command.processArgument(Command.java:285)
	at org.apache.hadoop.fs.shell.Command.processArguments(Command.java:269)
	at org.apache.hadoop.fs.shell.CommandWithDestination.processArguments(CommandWithDestination.java:228)
	at org.apache.hadoop.fs.shell.FsCommand.processRawArguments(FsCommand.java:120)
	at org.apache.hadoop.fs.shell.Command.run(Command.java:176)
	at org.apache.hadoop.fs.FsShell.run(FsShell.java:328)
	at org.apache.hadoop.util.ToolRunner.run(ToolRunner.java:76)
	at org.apache.hadoop.util.ToolRunner.run(ToolRunner.java:90)
	at org.apache.hadoop.fs.FsShell.main(FsShell.java:391)
2019-03-01 06:17:33,287 INFO hdfs.DFSClient: Successfully connected to /10.10.1.4:9866 for BP-1967517849-130.127.133.67-1551445543120:blk_1073742221_1399
file 6 has been read from HDFS for 5 time
diff succeed!
file 6 has been read from HDFS for 6 time
diff succeed!
file 6 has been read from HDFS for 7 time
diff succeed!
file 6 has been read from HDFS for 8 time
diff succeed!
file 6 has been read from HDFS for 9 time
diff succeed!
file 6 has been read from HDFS for 10 time
diff succeed!
Deleted /myfile6
file 6 has been removed from HDFS
Found 20 items
-rw-r--r--   3 root supergroup 1073741824 2019-03-01 06:17 /myfile1
-rw-r--r--   3 root supergroup 1073741824 2019-03-01 06:17 /myfile10
-rw-r--r--   3 root supergroup 1073741824 2019-03-01 06:17 /myfile11
-rw-r--r--   3 root supergroup 1073741824 2019-03-01 06:17 /myfile12
-rw-r--r--   3 root supergroup 1073741824 2019-03-01 06:20 /myfile13
-rw-r--r--   3 root supergroup 1073741824 2019-03-01 06:20 /myfile14
-rw-r--r--   3 root supergroup 1073741824 2019-03-01 06:20 /myfile15
-rw-r--r--   3 root supergroup 1073741824 2019-03-01 06:20 /myfile16
-rw-r--r--   3 root supergroup 1073741824 2019-03-01 06:17 /myfile17
-rw-r--r--   3 root supergroup 1073741824 2019-03-01 06:19 /myfile18
-rw-r--r--   3 root supergroup 1073741824 2019-03-01 06:19 /myfile19
-rw-r--r--   3 root supergroup 1073741824 2019-03-01 06:20 /myfile2
-rw-r--r--   3 root supergroup 1073741824 2019-03-01 06:17 /myfile20
-rw-r--r--   3 root supergroup 1073741824 2019-03-01 06:17 /myfile3
-rw-r--r--   3 root supergroup 1073741824 2019-03-01 06:17 /myfile4
-rw-r--r--   3 root supergroup 1073741824 2019-03-01 06:19 /myfile5
-rw-r--r--   3 root supergroup 1073741824 2019-03-01 06:20 /myfile6
-rw-r--r--   3 root supergroup 1073741824 2019-03-01 06:17 /myfile7
-rw-r--r--   3 root supergroup 1073741824 2019-03-01 06:20 /myfile8
-rw-r--r--   3 root supergroup 1073741824 2019-03-01 06:19 /myfile9
file 6 has been put into HDFS
file 6 has been read from HDFS for 1 time
diff succeed!
sub_benchmark 2 signal TERM catched and let quit gracefully
file 6 has been read from HDFS for 2 time
diff succeed!
Deleted /myfile6
file 6 has been removed from HDFS
