2019-03-03 23:16:59,963 WARN hdfs.DataStreamer: Exception for BP-984670387-130.127.133.67-1551680152670:blk_1073741981_1157
java.io.IOException: Bad response ERROR for BP-984670387-130.127.133.67-1551680152670:blk_1073741981_1157 from datanode DatanodeInfoWithStorage[10.10.1.2:9866,DS-a0c3471a-2002-49c5-b866-2b4f2a6178fe,DISK]
	at org.apache.hadoop.hdfs.DataStreamer$ResponseProcessor.run(DataStreamer.java:1126)
2019-03-03 23:16:59,970 WARN hdfs.DataStreamer: Error Recovery for BP-984670387-130.127.133.67-1551680152670:blk_1073741981_1157 in pipeline [DatanodeInfoWithStorage[10.10.1.5:9866,DS-dd39d054-8105-453d-bba8-2ff541943114,DISK], DatanodeInfoWithStorage[10.10.1.2:9866,DS-a0c3471a-2002-49c5-b866-2b4f2a6178fe,DISK], DatanodeInfoWithStorage[10.10.1.3:9866,DS-3a3e51ff-76d6-4574-ad26-34165e49a1d2,DISK]]: datanode 1(DatanodeInfoWithStorage[10.10.1.2:9866,DS-a0c3471a-2002-49c5-b866-2b4f2a6178fe,DISK]) is bad.
Found 20 items
-rw-r--r--   3 root supergroup 1073741824 2019-03-03 23:16 /myfile1
-rw-r--r--   3 root supergroup 1073741824 2019-03-03 23:16 /myfile10
-rw-r--r--   3 root supergroup 1073741824 2019-03-03 23:16 /myfile11
-rw-r--r--   3 root supergroup 1073741824 2019-03-03 23:17 /myfile12
-rw-r--r--   3 root supergroup 1073741824 2019-03-03 23:16 /myfile13
-rw-r--r--   3 root supergroup 1073741824 2019-03-03 23:16 /myfile14
-rw-r--r--   3 root supergroup 1073741824 2019-03-03 23:16 /myfile15
-rw-r--r--   3 root supergroup 1073741824 2019-03-03 23:16 /myfile16
-rw-r--r--   3 root supergroup 1073741824 2019-03-03 23:16 /myfile17
-rw-r--r--   3 root supergroup 1073741824 2019-03-03 23:16 /myfile18
-rw-r--r--   3 root supergroup 1073741824 2019-03-03 23:17 /myfile19
-rw-r--r--   3 root supergroup 1073741824 2019-03-03 23:16 /myfile2
-rw-r--r--   3 root supergroup 1073741824 2019-03-03 23:16 /myfile20
-rw-r--r--   3 root supergroup 1073741824 2019-03-03 23:16 /myfile3
-rw-r--r--   3 root supergroup 1073741824 2019-03-03 23:17 /myfile4
-rw-r--r--   3 root supergroup 1073741824 2019-03-03 23:17 /myfile5
-rw-r--r--   3 root supergroup 1073741824 2019-03-03 23:16 /myfile6
-rw-r--r--   3 root supergroup 1073741824 2019-03-03 23:16 /myfile7
-rw-r--r--   3 root supergroup 1073741824 2019-03-03 23:16 /myfile8
-rw-r--r--   3 root supergroup 1073741824 2019-03-03 23:17 /myfile9
file 4 has been put into HDFS
file 4 has been read from HDFS for 1 time
diff succeed!
file 4 has been read from HDFS for 2 time
diff succeed!
file 4 has been read from HDFS for 3 time
diff succeed!
file 4 has been read from HDFS for 4 time
diff succeed!
file 4 has been read from HDFS for 5 time
diff succeed!
file 4 has been read from HDFS for 6 time
diff succeed!
file 4 has been read from HDFS for 7 time
diff succeed!
file 4 has been read from HDFS for 8 time
diff succeed!
file 4 has been read from HDFS for 9 time
diff succeed!
file 4 has been read from HDFS for 10 time
diff succeed!
Deleted /myfile4
file 4 has been removed from HDFS
Found 20 items
-rw-r--r--   3 root supergroup 1073741824 2019-03-03 23:20 /myfile1
-rw-r--r--   3 root supergroup 1073741824 2019-03-03 23:16 /myfile10
-rw-r--r--   3 root supergroup 1073741824 2019-03-03 23:16 /myfile11
-rw-r--r--   3 root supergroup 1073741824 2019-03-03 23:17 /myfile12
-rw-r--r--   3 root supergroup 1073741824 2019-03-03 23:21 /myfile13
-rw-r--r--   3 root supergroup 1073741824 2019-03-03 23:16 /myfile14
-rw-r--r--   3 root supergroup 1073741824 2019-03-03 23:16 /myfile15
-rw-r--r--   3 root supergroup 1073741824 2019-03-03 23:21 /myfile16
-rw-r--r--   3 root supergroup 1073741824 2019-03-03 23:16 /myfile17
-rw-r--r--   3 root supergroup 1073741824 2019-03-03 23:21 /myfile18
-rw-r--r--   3 root supergroup 1073741824 2019-03-03 23:21 /myfile19
-rw-r--r--   3 root supergroup 1073741824 2019-03-03 23:16 /myfile2
-rw-r--r--   3 root supergroup 1073741824 2019-03-03 23:20 /myfile20
-rw-r--r--   3 root supergroup 1073741824 2019-03-03 23:16 /myfile3
-rw-r--r--   3 root supergroup 1073741824 2019-03-03 23:21 /myfile4
-rw-r--r--   3 root supergroup 1073741824 2019-03-03 23:20 /myfile5
-rw-r--r--   3 root supergroup 1073741824 2019-03-03 23:20 /myfile6
-rw-r--r--   3 root supergroup 1073741824 2019-03-03 23:20 /myfile7
-rw-r--r--   3 root supergroup 1073741824 2019-03-03 23:16 /myfile8
-rw-r--r--   3 root supergroup 1073741824 2019-03-03 23:17 /myfile9
file 4 has been put into HDFS
file 4 has been read from HDFS for 1 time
diff succeed!
file 4 has been read from HDFS for 2 time
diff succeed!
file 4 has been read from HDFS for 3 time
diff succeed!
file 4 has been read from HDFS for 4 time
diff succeed!
file 4 has been read from HDFS for 5 time
diff succeed!
file 4 has been read from HDFS for 6 time
diff succeed!
file 4 has been read from HDFS for 7 time
diff succeed!
file 4 has been read from HDFS for 8 time
diff succeed!
file 4 has been read from HDFS for 9 time
diff succeed!
file 4 has been read from HDFS for 10 time
diff succeed!
Deleted /myfile4
file 4 has been removed from HDFS
Found 20 items
-rw-r--r--   3 root supergroup 1073741824 2019-03-03 23:26 /myfile1
-rw-r--r--   3 root supergroup 1073741824 2019-03-03 23:27 /myfile10
-rw-r--r--   3 root supergroup 1073741824 2019-03-03 23:23 /myfile11
-rw-r--r--   3 root supergroup 1073741824 2019-03-03 23:26 /myfile12
-rw-r--r--   3 root supergroup 1073741824 2019-03-03 23:25 /myfile13
-rw-r--r--   3 root supergroup 1073741824 2019-03-03 23:26 /myfile14
-rw-r--r--   3 root supergroup 1073741824 2019-03-03 23:22 /myfile15
-rw-r--r--   3 root supergroup 1073741824 2019-03-03 23:25 /myfile16
-rw-r--r--   3 root supergroup 1073741824 2019-03-03 23:23 /myfile17
-rw-r--r--   3 root supergroup 1073741824 2019-03-03 23:26 /myfile18
-rw-r--r--   3 root supergroup 1073741824 2019-03-03 23:25 /myfile19
-rw-r--r--   3 root supergroup 1073741824 2019-03-03 23:23 /myfile2
-rw-r--r--   3 root supergroup 1073741824 2019-03-03 23:25 /myfile20
-rw-r--r--   3 root supergroup 1073741824 2019-03-03 23:27 /myfile3
-rw-r--r--   3 root supergroup 1073741824 2019-03-03 23:27 /myfile4
-rw-r--r--   3 root supergroup 1073741824 2019-03-03 23:26 /myfile5
-rw-r--r--   3 root supergroup 1073741824 2019-03-03 23:25 /myfile6
-rw-r--r--   3 root supergroup 1073741824 2019-03-03 23:26 /myfile7
-rw-r--r--   3 root supergroup 1073741824 2019-03-03 23:23 /myfile8
-rw-r--r--   3 root supergroup 1073741824 2019-03-03 23:23 /myfile9
file 4 has been put into HDFS
file 4 has been read from HDFS for 1 time
diff succeed!
file 4 has been read from HDFS for 2 time
diff succeed!
file 4 has been read from HDFS for 3 time
diff succeed!
file 4 has been read from HDFS for 4 time
diff succeed!
file 4 has been read from HDFS for 5 time
diff succeed!
file 4 has been read from HDFS for 6 time
diff succeed!
file 4 has been read from HDFS for 7 time
diff succeed!
file 4 has been read from HDFS for 8 time
diff succeed!
file 4 has been read from HDFS for 9 time
diff succeed!
sub_benchmark 10 signal TERM catched and let quit gracefully
file 4 has been read from HDFS for 10 time
diff succeed!
Deleted /myfile4
file 4 has been removed from HDFS
