Found 20 items
-rw-r--r--   3 root supergroup 1073741824 2019-02-21 17:05 /myfile1
-rw-r--r--   3 root supergroup 1073741824 2019-02-21 17:05 /myfile10
-rw-r--r--   3 root supergroup 1073741824 2019-02-21 17:05 /myfile11
-rw-r--r--   3 root supergroup 1073741824 2019-02-21 17:05 /myfile12
-rw-r--r--   3 root supergroup 1073741824 2019-02-21 17:05 /myfile13
-rw-r--r--   3 root supergroup 1073741824 2019-02-21 17:05 /myfile14
-rw-r--r--   3 root supergroup 1073741824 2019-02-21 17:05 /myfile15
-rw-r--r--   3 root supergroup 1073741824 2019-02-21 17:05 /myfile16
-rw-r--r--   3 root supergroup 1073741824 2019-02-21 17:05 /myfile17
-rw-r--r--   3 root supergroup 1073741824 2019-02-21 17:05 /myfile18
-rw-r--r--   3 root supergroup 1073741824 2019-02-21 17:05 /myfile19
-rw-r--r--   3 root supergroup 1073741824 2019-02-21 17:05 /myfile2
-rw-r--r--   3 root supergroup 1073741824 2019-02-21 17:05 /myfile20
-rw-r--r--   3 root supergroup 1073741824 2019-02-21 17:05 /myfile3
-rw-r--r--   3 root supergroup 1073741824 2019-02-21 17:05 /myfile4
-rw-r--r--   3 root supergroup 1073741824 2019-02-21 17:05 /myfile5
-rw-r--r--   3 root supergroup 1073741824 2019-02-21 17:05 /myfile6
-rw-r--r--   3 root supergroup 1073741824 2019-02-21 17:05 /myfile7
-rw-r--r--   3 root supergroup 1073741824 2019-02-21 17:05 /myfile8
-rw-r--r--   3 root supergroup 1073741824 2019-02-21 17:05 /myfile9
file 10 has been put into HDFS
file 10 has been read from HDFS for 1 time
diff succeed!
file 10 has been read from HDFS for 2 time
diff succeed!
file 10 has been read from HDFS for 3 time
diff succeed!
file 10 has been read from HDFS for 4 time
diff succeed!
file 10 has been read from HDFS for 5 time
diff succeed!
file 10 has been read from HDFS for 6 time
diff succeed!
file 10 has been read from HDFS for 7 time
diff succeed!
file 10 has been read from HDFS for 8 time
diff succeed!
file 10 has been read from HDFS for 9 time
diff succeed!
file 10 has been read from HDFS for 10 time
diff succeed!
Deleted /myfile10
file 10 has been removed from HDFS
Found 20 items
-rw-r--r--   3 root supergroup 1073741824 2019-02-21 17:10 /myfile1
-rw-r--r--   3 root supergroup 1073741824 2019-02-21 17:11 /myfile10
-rw-r--r--   3 root supergroup 1073741824 2019-02-21 17:05 /myfile11
-rw-r--r--   3 root supergroup 1073741824 2019-02-21 17:11 /myfile12
-rw-r--r--   3 root supergroup 1073741824 2019-02-21 17:10 /myfile13
-rw-r--r--   3 root supergroup  671088640 2019-02-21 17:11 /myfile14._COPYING_
-rw-r--r--   3 root supergroup 1073741824 2019-02-21 17:10 /myfile15
-rw-r--r--   3 root supergroup 1073741824 2019-02-21 17:10 /myfile16
-rw-r--r--   3 root supergroup 1073741824 2019-02-21 17:10 /myfile17
-rw-r--r--   3 root supergroup 1073741824 2019-02-21 17:10 /myfile18
-rw-r--r--   3 root supergroup  536870912 2019-02-21 17:11 /myfile19._COPYING_
-rw-r--r--   3 root supergroup 1073741824 2019-02-21 17:10 /myfile2
-rw-r--r--   3 root supergroup 1073741824 2019-02-21 17:10 /myfile20
-rw-r--r--   3 root supergroup 1073741824 2019-02-21 17:10 /myfile3
-rw-r--r--   3 root supergroup 1073741824 2019-02-21 17:10 /myfile4
-rw-r--r--   3 root supergroup 1073741824 2019-02-21 17:10 /myfile5
-rw-r--r--   3 root supergroup 1073741824 2019-02-21 17:10 /myfile6
-rw-r--r--   3 root supergroup 1073741824 2019-02-21 17:10 /myfile7
-rw-r--r--   3 root supergroup 1073741824 2019-02-21 17:10 /myfile8
-rw-r--r--   3 root supergroup 1073741824 2019-02-21 17:10 /myfile9
file 10 has been put into HDFS
file 10 has been read from HDFS for 1 time
diff succeed!
file 10 has been read from HDFS for 2 time
diff succeed!
file 10 has been read from HDFS for 3 time
diff succeed!
file 10 has been read from HDFS for 4 time
diff succeed!
file 10 has been read from HDFS for 5 time
diff succeed!
file 10 has been read from HDFS for 6 time
diff succeed!
file 10 has been read from HDFS for 7 time
diff succeed!
file 10 has been read from HDFS for 8 time
diff succeed!
file 10 has been read from HDFS for 9 time
diff succeed!
file 10 has been read from HDFS for 10 time
diff succeed!
Deleted /myfile10
file 10 has been removed from HDFS
Found 20 items
-rw-r--r--   3 root supergroup 1073741824 2019-02-21 17:15 /myfile1
-rw-r--r--   3 root supergroup 1073741824 2019-02-21 17:15 /myfile10
-rw-r--r--   3 root supergroup  671088640 2019-02-21 17:15 /myfile11._COPYING_
-rw-r--r--   3 root supergroup 1073741824 2019-02-21 17:15 /myfile12
-rw-r--r--   3 root supergroup 1073741824 2019-02-21 17:15 /myfile13
-rw-r--r--   3 root supergroup 1073741824 2019-02-21 17:15 /myfile14
-rw-r--r--   3 root supergroup 1073741824 2019-02-21 17:15 /myfile15
-rw-r--r--   3 root supergroup 1073741824 2019-02-21 17:14 /myfile16
-rw-r--r--   3 root supergroup 1073741824 2019-02-21 17:14 /myfile17
-rw-r--r--   3 root supergroup 1073741824 2019-02-21 17:15 /myfile18
-rw-r--r--   3 root supergroup 1073741824 2019-02-21 17:16 /myfile19
-rw-r--r--   3 root supergroup 1073741824 2019-02-21 17:14 /myfile2
-rw-r--r--   3 root supergroup 1073741824 2019-02-21 17:15 /myfile20
-rw-r--r--   3 root supergroup 1073741824 2019-02-21 17:14 /myfile3
-rw-r--r--   3 root supergroup 1073741824 2019-02-21 17:15 /myfile4
-rw-r--r--   3 root supergroup 1073741824 2019-02-21 17:15 /myfile5
-rw-r--r--   3 root supergroup 1073741824 2019-02-21 17:15 /myfile6
-rw-r--r--   3 root supergroup 1073741824 2019-02-21 17:15 /myfile7
-rw-r--r--   3 root supergroup 1073741824 2019-02-21 17:15 /myfile8
-rw-r--r--   3 root supergroup 1073741824 2019-02-21 17:15 /myfile9
file 10 has been put into HDFS
file 10 has been read from HDFS for 1 time
diff succeed!
file 10 has been read from HDFS for 2 time
diff succeed!
file 10 has been read from HDFS for 3 time
diff succeed!
file 10 has been read from HDFS for 4 time
diff succeed!
2019-02-21 17:17:31,624 INFO retry.RetryInvocationHandler: java.net.ConnectException: Call From clnode076.clemson.cloudlab.us/130.127.133.85 to node-1-link-0:8020 failed on connection exception: java.net.ConnectException: Connection refused; For more details see:  http://wiki.apache.org/hadoop/ConnectionRefused, while invoking ClientNamenodeProtocolTranslatorPB.getFileInfo over node-1-link-0/10.10.1.4:8020 after 1 failover attempts. Trying to failover after sleeping for 1388ms.
file 10 has been read from HDFS for 5 time
diff succeed!
file 10 has been read from HDFS for 6 time
diff succeed!
file 10 has been read from HDFS for 7 time
diff succeed!
file 10 has been read from HDFS for 8 time
diff succeed!
file 10 has been read from HDFS for 9 time
diff succeed!
file 10 has been read from HDFS for 10 time
diff succeed!
Deleted /myfile10
file 10 has been removed from HDFS
Found 20 items
-rw-r--r--   3 root supergroup 1073741824 2019-02-21 17:20 /myfile1
-rw-r--r--   3 root supergroup 1073741824 2019-02-21 17:20 /myfile10
-rw-r--r--   3 root supergroup  939524096 2019-02-21 17:19 /myfile11._COPYING_
-rw-r--r--   3 root supergroup 1073741824 2019-02-21 17:20 /myfile12
-rw-r--r--   3 root supergroup 1073741824 2019-02-21 17:19 /myfile13
-rw-r--r--   3 root supergroup 1073741824 2019-02-21 17:20 /myfile14
-rw-r--r--   3 root supergroup 1073741824 2019-02-21 17:20 /myfile15
-rw-r--r--   3 root supergroup 1073741824 2019-02-21 17:19 /myfile16
-rw-r--r--   3 root supergroup 1073741824 2019-02-21 17:19 /myfile17
-rw-r--r--   3 root supergroup 1073741824 2019-02-21 17:19 /myfile18
-rw-r--r--   3 root supergroup  671088640 2019-02-21 17:19 /myfile19._COPYING_
-rw-r--r--   3 root supergroup 1073741824 2019-02-21 17:20 /myfile2
-rw-r--r--   3 root supergroup 1073741824 2019-02-21 17:20 /myfile20
-rw-r--r--   3 root supergroup 1073741824 2019-02-21 17:20 /myfile3
-rw-r--r--   3 root supergroup 1073741824 2019-02-21 17:19 /myfile4
-rw-r--r--   3 root supergroup 1073741824 2019-02-21 17:19 /myfile5
-rw-r--r--   3 root supergroup 1073741824 2019-02-21 17:19 /myfile6
-rw-r--r--   3 root supergroup 1073741824 2019-02-21 17:20 /myfile7
-rw-r--r--   3 root supergroup 1073741824 2019-02-21 17:19 /myfile8
-rw-r--r--   3 root supergroup 1073741824 2019-02-21 17:19 /myfile9
file 10 has been put into HDFS
file 10 has been read from HDFS for 1 time
diff succeed!
file 10 has been read from HDFS for 2 time
diff succeed!
file 10 has been read from HDFS for 3 time
diff succeed!
file 10 has been read from HDFS for 4 time
diff succeed!
file 10 has been read from HDFS for 5 time
diff succeed!
file 10 has been read from HDFS for 6 time
diff succeed!
file 10 has been read from HDFS for 7 time
diff succeed!
file 10 has been read from HDFS for 8 time
diff succeed!
file 10 has been read from HDFS for 9 time
diff succeed!
file 10 has been read from HDFS for 10 time
diff succeed!
Deleted /myfile10
file 10 has been removed from HDFS
Found 19 items
-rw-r--r--   3 root supergroup 1073741824 2019-02-21 17:24 /myfile1
-rw-r--r--   3 root supergroup 1073741824 2019-02-21 17:24 /myfile10
-rw-r--r--   3 root supergroup 1073741824 2019-02-21 17:24 /myfile11
-rw-r--r--   3 root supergroup 1073741824 2019-02-21 17:24 /myfile12
-rw-r--r--   3 root supergroup 1073741824 2019-02-21 17:24 /myfile13
-rw-r--r--   3 root supergroup 1073741824 2019-02-21 17:24 /myfile14
-rw-r--r--   3 root supergroup 1073741824 2019-02-21 17:24 /myfile15
-rw-r--r--   3 root supergroup 1073741824 2019-02-21 17:24 /myfile16
-rw-r--r--   3 root supergroup 1073741824 2019-02-21 17:24 /myfile17
-rw-r--r--   3 root supergroup 1073741824 2019-02-21 17:24 /myfile18
-rw-r--r--   3 root supergroup 1073741824 2019-02-21 17:24 /myfile2
-rw-r--r--   3 root supergroup 1073741824 2019-02-21 17:24 /myfile20
-rw-r--r--   3 root supergroup 1073741824 2019-02-21 17:24 /myfile3
-rw-r--r--   3 root supergroup 1073741824 2019-02-21 17:24 /myfile4
-rw-r--r--   3 root supergroup 1073741824 2019-02-21 17:24 /myfile5
-rw-r--r--   3 root supergroup 1073741824 2019-02-21 17:24 /myfile6
-rw-r--r--   3 root supergroup 1073741824 2019-02-21 17:24 /myfile7
-rw-r--r--   3 root supergroup 1073741824 2019-02-21 17:24 /myfile8
-rw-r--r--   3 root supergroup 1073741824 2019-02-21 17:24 /myfile9
file 10 has been put into HDFS
file 10 has been read from HDFS for 1 time
diff succeed!
file 10 has been read from HDFS for 2 time
diff succeed!
file 10 has been read from HDFS for 3 time
diff succeed!
file 10 has been read from HDFS for 4 time
diff succeed!
file 10 has been read from HDFS for 5 time
diff succeed!
file 10 has been read from HDFS for 6 time
diff succeed!
file 10 has been read from HDFS for 7 time
diff succeed!
file 10 has been read from HDFS for 8 time
diff succeed!
file 10 has been read from HDFS for 9 time
diff succeed!
file 10 has been read from HDFS for 10 time
diff succeed!
Deleted /myfile10
file 10 has been removed from HDFS
Found 19 items
-rw-r--r--   3 root supergroup 1073741824 2019-02-21 17:29 /myfile1
-rw-r--r--   3 root supergroup 1073741824 2019-02-21 17:30 /myfile10
-rw-r--r--   3 root supergroup 1073741824 2019-02-21 17:30 /myfile11
-rw-r--r--   3 root supergroup 1073741824 2019-02-21 17:29 /myfile12
-rw-r--r--   3 root supergroup 1073741824 2019-02-21 17:30 /myfile13
-rw-r--r--   3 root supergroup 1073741824 2019-02-21 17:29 /myfile14
-rw-r--r--   3 root supergroup 1073741824 2019-02-21 17:30 /myfile15
-rw-r--r--   3 root supergroup 1073741824 2019-02-21 17:29 /myfile16
-rw-r--r--   3 root supergroup 1073741824 2019-02-21 17:28 /myfile17
-rw-r--r--   3 root supergroup 1073741824 2019-02-21 17:29 /myfile18
-rw-r--r--   3 root supergroup 1073741824 2019-02-21 17:29 /myfile19
-rw-r--r--   3 root supergroup 1073741824 2019-02-21 17:29 /myfile2
-rw-r--r--   3 root supergroup 1073741824 2019-02-21 17:29 /myfile3
-rw-r--r--   3 root supergroup 1073741824 2019-02-21 17:29 /myfile4
-rw-r--r--   3 root supergroup 1073741824 2019-02-21 17:29 /myfile5
-rw-r--r--   3 root supergroup 1073741824 2019-02-21 17:29 /myfile6
-rw-r--r--   3 root supergroup 1073741824 2019-02-21 17:29 /myfile7
-rw-r--r--   3 root supergroup 1073741824 2019-02-21 17:29 /myfile8
-rw-r--r--   3 root supergroup 1073741824 2019-02-21 17:29 /myfile9
file 10 has been put into HDFS
file 10 has been read from HDFS for 1 time
diff succeed!
file 10 has been read from HDFS for 2 time
diff succeed!
file 10 has been read from HDFS for 3 time
diff succeed!
file 10 has been read from HDFS for 4 time
diff succeed!
file 10 has been read from HDFS for 5 time
diff succeed!
file 10 has been read from HDFS for 6 time
diff succeed!
file 10 has been read from HDFS for 7 time
diff succeed!
file 10 has been read from HDFS for 8 time
diff succeed!
file 10 has been read from HDFS for 9 time
diff succeed!
file 10 has been read from HDFS for 10 time
diff succeed!
Deleted /myfile10
file 10 has been removed from HDFS
Found 19 items
-rw-r--r--   3 root supergroup 1073741824 2019-02-21 17:29 /myfile1
-rw-r--r--   3 root supergroup 1073741824 2019-02-21 17:35 /myfile10
-rw-r--r--   3 root supergroup 1073741824 2019-02-21 17:30 /myfile11
-rw-r--r--   3 root supergroup 1073741824 2019-02-21 17:33 /myfile12
-rw-r--r--   3 root supergroup 1073741824 2019-02-21 17:35 /myfile13
-rw-r--r--   3 root supergroup 1073741824 2019-02-21 17:33 /myfile14
-rw-r--r--   3 root supergroup 1073741824 2019-02-21 17:33 /myfile16
-rw-r--r--   3 root supergroup 1073741824 2019-02-21 17:33 /myfile17
-rw-r--r--   3 root supergroup  536870912 2019-02-21 17:35 /myfile18._COPYING_
-rw-r--r--   3 root supergroup 1073741824 2019-02-21 17:33 /myfile19
-rw-r--r--   3 root supergroup 1073741824 2019-02-21 17:35 /myfile2
-rw-r--r--   3 root supergroup 1073741824 2019-02-21 17:31 /myfile20
-rw-r--r--   3 root supergroup 1073741824 2019-02-21 17:33 /myfile3
-rw-r--r--   3 root supergroup 1073741824 2019-02-21 17:33 /myfile4
-rw-r--r--   3 root supergroup 1073741824 2019-02-21 17:33 /myfile5
-rw-r--r--   3 root supergroup 1073741824 2019-02-21 17:33 /myfile6
-rw-r--r--   3 root supergroup  805306368 2019-02-21 17:34 /myfile7._COPYING_
-rw-r--r--   3 root supergroup 1073741824 2019-02-21 17:33 /myfile8
-rw-r--r--   3 root supergroup  805306368 2019-02-21 17:34 /myfile9._COPYING_
file 10 has been put into HDFS
file 10 has been read from HDFS for 1 time
diff succeed!
file 10 has been read from HDFS for 2 time
diff succeed!
file 10 has been read from HDFS for 3 time
diff succeed!
file 10 has been read from HDFS for 4 time
diff succeed!
file 10 has been read from HDFS for 5 time
diff succeed!
file 10 has been read from HDFS for 6 time
diff succeed!
file 10 has been read from HDFS for 7 time
diff succeed!
file 10 has been read from HDFS for 8 time
diff succeed!
file 10 has been read from HDFS for 9 time
diff succeed!
file 10 has been read from HDFS for 10 time
diff succeed!
Deleted /myfile10
file 10 has been removed from HDFS
Found 19 items
-rw-r--r--   3 root supergroup 1073741824 2019-02-21 17:42 /myfile10
-rw-r--r--   3 root supergroup  536870912 2019-02-21 17:41 /myfile11._COPYING_
-rw-r--r--   3 root supergroup 1073741824 2019-02-21 17:38 /myfile12
-rw-r--r--   3 root supergroup 1073741824 2019-02-21 17:40 /myfile13
-rw-r--r--   3 root supergroup 1073741824 2019-02-21 17:40 /myfile14
-rw-r--r--   3 root supergroup 1073741824 2019-02-21 17:42 /myfile15
-rw-r--r--   3 root supergroup 1073741824 2019-02-21 17:40 /myfile16
-rw-r--r--   3 root supergroup 1073741824 2019-02-21 17:38 /myfile17
-rw-r--r--   3 root supergroup 1073741824 2019-02-21 17:41 /myfile18
-rw-r--r--   3 root supergroup 1073741824 2019-02-21 17:40 /myfile19
-rw-r--r--   3 root supergroup 1073741824 2019-02-21 17:42 /myfile2
-rw-r--r--   3 root supergroup  402653184 2019-02-21 17:41 /myfile20._COPYING_
-rw-r--r--   3 root supergroup 1073741824 2019-02-21 17:38 /myfile3
-rw-r--r--   3 root supergroup 1073741824 2019-02-21 17:38 /myfile4
-rw-r--r--   3 root supergroup 1073741824 2019-02-21 17:40 /myfile5
-rw-r--r--   3 root supergroup 1073741824 2019-02-21 17:38 /myfile6
-rw-r--r--   3 root supergroup 1073741824 2019-02-21 17:40 /myfile7
-rw-r--r--   3 root supergroup 1073741824 2019-02-21 17:38 /myfile8
-rw-r--r--   3 root supergroup  805306368 2019-02-21 17:41 /myfile9._COPYING_
file 10 has been put into HDFS
file 10 has been read from HDFS for 1 time
diff succeed!
file 10 has been read from HDFS for 2 time
diff succeed!
file 10 has been read from HDFS for 3 time
diff succeed!
file 10 has been read from HDFS for 4 time
diff succeed!
file 10 has been read from HDFS for 5 time
diff succeed!
file 10 has been read from HDFS for 6 time
diff succeed!
file 10 has been read from HDFS for 7 time
diff succeed!
file 10 has been read from HDFS for 8 time
diff succeed!
file 10 has been read from HDFS for 9 time
diff succeed!
file 10 has been read from HDFS for 10 time
diff succeed!
Deleted /myfile10
file 10 has been removed from HDFS
Found 18 items
-rw-r--r--   3 root supergroup 1073741824 2019-02-21 17:46 /myfile10
-rw-r--r--   3 root supergroup  402653184 2019-02-21 17:46 /myfile11._COPYING_
-rw-r--r--   3 root supergroup 1073741824 2019-02-21 17:44 /myfile12
-rw-r--r--   3 root supergroup 1073741824 2019-02-21 17:44 /myfile13
-rw-r--r--   3 root supergroup 1073741824 2019-02-21 17:44 /myfile14
-rw-r--r--   3 root supergroup 1073741824 2019-02-21 17:42 /myfile15
-rw-r--r--   3 root supergroup 1073741824 2019-02-21 17:44 /myfile16
-rw-r--r--   3 root supergroup 1073741824 2019-02-21 17:44 /myfile17
-rw-r--r--   3 root supergroup 1073741824 2019-02-21 17:45 /myfile19
-rw-r--r--   3 root supergroup 1073741824 2019-02-21 17:46 /myfile2
-rw-r--r--   3 root supergroup 1073741824 2019-02-21 17:46 /myfile20
-rw-r--r--   3 root supergroup 1073741824 2019-02-21 17:43 /myfile3
-rw-r--r--   3 root supergroup 1073741824 2019-02-21 17:44 /myfile4
-rw-r--r--   3 root supergroup 1073741824 2019-02-21 17:45 /myfile5
-rw-r--r--   3 root supergroup 1073741824 2019-02-21 17:43 /myfile6
-rw-r--r--   3 root supergroup 1073741824 2019-02-21 17:45 /myfile7
-rw-r--r--   3 root supergroup 1073741824 2019-02-21 17:43 /myfile8
-rw-r--r--   3 root supergroup  805306368 2019-02-21 17:46 /myfile9._COPYING_
file 10 has been put into HDFS
file 10 has been read from HDFS for 1 time
diff succeed!
file 10 has been read from HDFS for 2 time
diff succeed!
file 10 has been read from HDFS for 3 time
diff succeed!
file 10 has been read from HDFS for 4 time
diff succeed!
file 10 has been read from HDFS for 5 time
diff succeed!
file 10 has been read from HDFS for 6 time
diff succeed!
file 10 has been read from HDFS for 7 time
sub_benchmark 7 signal TERM catched and let quit gracefully
diff succeed!
Deleted /myfile10
file 10 has been removed from HDFS
