Found 20 items
-rw-r--r--   3 root supergroup 1073741824 2019-02-24 11:44 /myfile1
-rw-r--r--   3 root supergroup 1073741824 2019-02-24 11:44 /myfile10
-rw-r--r--   3 root supergroup 1073741824 2019-02-24 11:44 /myfile11
-rw-r--r--   3 root supergroup 1073741824 2019-02-24 11:44 /myfile12
-rw-r--r--   3 root supergroup 1073741824 2019-02-24 11:44 /myfile13
-rw-r--r--   3 root supergroup 1073741824 2019-02-24 11:44 /myfile14
-rw-r--r--   3 root supergroup 1073741824 2019-02-24 11:44 /myfile15
-rw-r--r--   3 root supergroup 1073741824 2019-02-24 11:44 /myfile16
-rw-r--r--   3 root supergroup 1073741824 2019-02-24 11:44 /myfile17
-rw-r--r--   3 root supergroup 1073741824 2019-02-24 11:44 /myfile18
-rw-r--r--   3 root supergroup 1073741824 2019-02-24 11:44 /myfile19
-rw-r--r--   3 root supergroup 1073741824 2019-02-24 11:44 /myfile2
-rw-r--r--   3 root supergroup 1073741824 2019-02-24 11:44 /myfile20
-rw-r--r--   3 root supergroup  939524096 2019-02-24 11:44 /myfile3._COPYING_
-rw-r--r--   3 root supergroup 1073741824 2019-02-24 11:44 /myfile4
-rw-r--r--   3 root supergroup 1073741824 2019-02-24 11:44 /myfile5
-rw-r--r--   3 root supergroup 1073741824 2019-02-24 11:44 /myfile6
-rw-r--r--   3 root supergroup 1073741824 2019-02-24 11:44 /myfile7
-rw-r--r--   3 root supergroup 1073741824 2019-02-24 11:44 /myfile8
-rw-r--r--   3 root supergroup 1073741824 2019-02-24 11:44 /myfile9
file 2 has been put into HDFS
file 2 has been read from HDFS for 1 time
diff succeed!
file 2 has been read from HDFS for 2 time
diff succeed!
file 2 has been read from HDFS for 3 time
diff succeed!
2019-02-24 11:46:03,004 INFO retry.RetryInvocationHandler: org.apache.hadoop.ipc.RemoteException(org.apache.hadoop.ipc.StandbyException): Operation category READ is not supported in state standby. Visit https://s.apache.org/sbnn-error
	at org.apache.hadoop.hdfs.server.namenode.ha.StandbyState.checkOperation(StandbyState.java:88)
	at org.apache.hadoop.hdfs.server.namenode.NameNode$NameNodeHAContext.checkOperation(NameNode.java:1952)
	at org.apache.hadoop.hdfs.server.namenode.FSNamesystem.checkOperation(FSNamesystem.java:1423)
	at org.apache.hadoop.hdfs.server.namenode.FSNamesystem.getFileInfo(FSNamesystem.java:3085)
	at org.apache.hadoop.hdfs.server.namenode.NameNodeRpcServer.getFileInfo(NameNodeRpcServer.java:1154)
	at org.apache.hadoop.hdfs.protocolPB.ClientNamenodeProtocolServerSideTranslatorPB.getFileInfo(ClientNamenodeProtocolServerSideTranslatorPB.java:966)
	at org.apache.hadoop.hdfs.protocol.proto.ClientNamenodeProtocolProtos$ClientNamenodeProtocol$2.callBlockingMethod(ClientNamenodeProtocolProtos.java)
	at org.apache.hadoop.ipc.ProtobufRpcEngine$Server$ProtoBufRpcInvoker.call(ProtobufRpcEngine.java:523)
	at org.apache.hadoop.ipc.RPC$Server.call(RPC.java:991)
	at org.apache.hadoop.ipc.Server$RpcCall.run(Server.java:872)
	at org.apache.hadoop.ipc.Server$RpcCall.run(Server.java:818)
	at java.security.AccessController.doPrivileged(Native Method)
	at javax.security.auth.Subject.doAs(Subject.java:422)
	at org.apache.hadoop.security.UserGroupInformation.doAs(UserGroupInformation.java:1729)
	at org.apache.hadoop.ipc.Server$Handler.run(Server.java:2678)
, while invoking ClientNamenodeProtocolTranslatorPB.getFileInfo over node-1-link-0/10.10.1.4:8020 after 1 failover attempts. Trying to failover after sleeping for 625ms.
2019-02-24 11:46:03,632 INFO retry.RetryInvocationHandler: java.net.ConnectException: Call From clnode090.clemson.cloudlab.us/130.127.133.99 to node-0-link-0:8020 failed on connection exception: java.net.ConnectException: Connection refused; For more details see:  http://wiki.apache.org/hadoop/ConnectionRefused, while invoking ClientNamenodeProtocolTranslatorPB.getFileInfo over node-0-link-0/10.10.1.1:8020 after 2 failover attempts. Trying to failover after sleeping for 1902ms.
file 2 has been read from HDFS for 4 time
diff succeed!
file 2 has been read from HDFS for 5 time
diff succeed!
file 2 has been read from HDFS for 6 time
diff succeed!
file 2 has been read from HDFS for 7 time
diff succeed!
file 2 has been read from HDFS for 8 time
diff succeed!
file 2 has been read from HDFS for 9 time
diff succeed!
file 2 has been read from HDFS for 10 time
diff succeed!
Deleted /myfile2
file 2 has been removed from HDFS
Found 11 items
-rw-r--r--   3 root supergroup 1073741824 2019-02-24 11:44 /myfile10
-rw-r--r--   3 root supergroup  671088640 2019-02-24 11:48 /myfile11._COPYING_
-rw-r--r--   3 root supergroup 1073741824 2019-02-24 11:48 /myfile14
-rw-r--r--   3 root supergroup 1073741824 2019-02-24 11:48 /myfile16
-rw-r--r--   3 root supergroup 1073741824 2019-02-24 11:48 /myfile17
-rw-r--r--   3 root supergroup          0 2019-02-24 11:48 /myfile18._COPYING_
-rw-r--r--   3 root supergroup          0 2019-02-24 11:48 /myfile19._COPYING_
-rw-r--r--   3 root supergroup 1073741824 2019-02-24 11:48 /myfile2
-rw-r--r--   3 root supergroup 1073741824 2019-02-24 11:48 /myfile20
-rw-r--r--   3 root supergroup 1073741824 2019-02-24 11:48 /myfile3
-rw-r--r--   3 root supergroup 1073741824 2019-02-24 11:48 /myfile7
file 2 has been put into HDFS
file 2 has been read from HDFS for 1 time
diff succeed!
file 2 has been read from HDFS for 2 time
diff succeed!
file 2 has been read from HDFS for 3 time
diff succeed!
file 2 has been read from HDFS for 4 time
diff succeed!
file 2 has been read from HDFS for 5 time
diff succeed!
file 2 has been read from HDFS for 6 time
diff succeed!
file 2 has been read from HDFS for 7 time
diff succeed!
file 2 has been read from HDFS for 8 time
diff succeed!
file 2 has been read from HDFS for 9 time
diff succeed!
file 2 has been read from HDFS for 10 time
diff succeed!
Deleted /myfile2
file 2 has been removed from HDFS
Found 20 items
-rw-r--r--   3 root supergroup 1073741824 2019-02-24 11:53 /myfile1
-rw-r--r--   3 root supergroup 1073741824 2019-02-24 11:53 /myfile10
-rw-r--r--   3 root supergroup 1073741824 2019-02-24 11:52 /myfile11
-rw-r--r--   3 root supergroup 1073741824 2019-02-24 11:53 /myfile12
-rw-r--r--   3 root supergroup 1073741824 2019-02-24 11:53 /myfile13
-rw-r--r--   3 root supergroup 1073741824 2019-02-24 11:52 /myfile14
-rw-r--r--   3 root supergroup 1073741824 2019-02-24 11:53 /myfile15
-rw-r--r--   3 root supergroup 1073741824 2019-02-24 11:54 /myfile16
-rw-r--r--   3 root supergroup 1073741824 2019-02-24 11:48 /myfile17
-rw-r--r--   3 root supergroup 1073741824 2019-02-24 11:53 /myfile18
-rw-r--r--   3 root supergroup 1073741824 2019-02-24 11:53 /myfile19
-rw-r--r--   3 root supergroup 1073741824 2019-02-24 11:56 /myfile2
-rw-r--r--   3 root supergroup 1073741824 2019-02-24 11:54 /myfile20
-rw-r--r--   3 root supergroup 1073741824 2019-02-24 11:52 /myfile3
-rw-r--r--   3 root supergroup 1073741824 2019-02-24 11:52 /myfile4
-rw-r--r--   3 root supergroup 1073741824 2019-02-24 11:53 /myfile5
-rw-r--r--   3 root supergroup 1073741824 2019-02-24 11:53 /myfile6
-rw-r--r--   3 root supergroup 1073741824 2019-02-24 11:54 /myfile7
-rw-r--r--   3 root supergroup 1073741824 2019-02-24 11:53 /myfile8
-rw-r--r--   3 root supergroup 1073741824 2019-02-24 11:53 /myfile9
file 2 has been put into HDFS
2019-02-24 11:56:30,027 INFO retry.RetryInvocationHandler: java.net.ConnectException: Call From clnode090.clemson.cloudlab.us/130.127.133.99 to node-1-link-0:8020 failed on connection exception: java.net.ConnectException: Connection refused; For more details see:  http://wiki.apache.org/hadoop/ConnectionRefused, while invoking ClientNamenodeProtocolTranslatorPB.getFileInfo over node-1-link-0/10.10.1.4:8020 after 1 failover attempts. Trying to failover after sleeping for 1130ms.
2019-02-24 11:56:31,162 INFO retry.RetryInvocationHandler: org.apache.hadoop.ipc.RemoteException(org.apache.hadoop.ipc.StandbyException): Operation category READ is not supported in state standby. Visit https://s.apache.org/sbnn-error
	at org.apache.hadoop.hdfs.server.namenode.ha.StandbyState.checkOperation(StandbyState.java:88)
	at org.apache.hadoop.hdfs.server.namenode.NameNode$NameNodeHAContext.checkOperation(NameNode.java:1952)
	at org.apache.hadoop.hdfs.server.namenode.FSNamesystem.checkOperation(FSNamesystem.java:1423)
	at org.apache.hadoop.hdfs.server.namenode.FSNamesystem.getFileInfo(FSNamesystem.java:3085)
	at org.apache.hadoop.hdfs.server.namenode.NameNodeRpcServer.getFileInfo(NameNodeRpcServer.java:1154)
	at org.apache.hadoop.hdfs.protocolPB.ClientNamenodeProtocolServerSideTranslatorPB.getFileInfo(ClientNamenodeProtocolServerSideTranslatorPB.java:966)
	at org.apache.hadoop.hdfs.protocol.proto.ClientNamenodeProtocolProtos$ClientNamenodeProtocol$2.callBlockingMethod(ClientNamenodeProtocolProtos.java)
	at org.apache.hadoop.ipc.ProtobufRpcEngine$Server$ProtoBufRpcInvoker.call(ProtobufRpcEngine.java:523)
	at org.apache.hadoop.ipc.RPC$Server.call(RPC.java:991)
	at org.apache.hadoop.ipc.Server$RpcCall.run(Server.java:872)
	at org.apache.hadoop.ipc.Server$RpcCall.run(Server.java:818)
	at java.security.AccessController.doPrivileged(Native Method)
	at javax.security.auth.Subject.doAs(Subject.java:422)
	at org.apache.hadoop.security.UserGroupInformation.doAs(UserGroupInformation.java:1729)
	at org.apache.hadoop.ipc.Server$Handler.run(Server.java:2678)
, while invoking ClientNamenodeProtocolTranslatorPB.getFileInfo over node-0-link-0/10.10.1.1:8020 after 2 failover attempts. Trying to failover after sleeping for 2331ms.
2019-02-24 11:56:33,495 INFO retry.RetryInvocationHandler: java.net.ConnectException: Call From clnode090.clemson.cloudlab.us/130.127.133.99 to node-1-link-0:8020 failed on connection exception: java.net.ConnectException: Connection refused; For more details see:  http://wiki.apache.org/hadoop/ConnectionRefused, while invoking ClientNamenodeProtocolTranslatorPB.getFileInfo over node-1-link-0/10.10.1.4:8020 after 3 failover attempts. Trying to failover after sleeping for 2195ms.
file 2 has been read from HDFS for 1 time
diff succeed!
file 2 has been read from HDFS for 2 time
diff succeed!
file 2 has been read from HDFS for 3 time
diff succeed!
file 2 has been read from HDFS for 4 time
diff succeed!
file 2 has been read from HDFS for 5 time
diff succeed!
file 2 has been read from HDFS for 6 time
diff succeed!
file 2 has been read from HDFS for 7 time
diff succeed!
file 2 has been read from HDFS for 8 time
diff succeed!
file 2 has been read from HDFS for 9 time
diff succeed!
file 2 has been read from HDFS for 10 time
diff succeed!
Deleted /myfile2
file 2 has been removed from HDFS
Found 20 items
-rw-r--r--   3 root supergroup 1073741824 2019-02-24 11:57 /myfile1
-rw-r--r--   3 root supergroup 1073741824 2019-02-24 11:57 /myfile10
-rw-r--r--   3 root supergroup 1073741824 2019-02-24 11:57 /myfile11
-rw-r--r--   3 root supergroup 1073741824 2019-02-24 11:57 /myfile12
-rw-r--r--   3 root supergroup 1073741824 2019-02-24 11:58 /myfile13
-rw-r--r--   3 root supergroup 1073741824 2019-02-24 11:57 /myfile14
-rw-r--r--   3 root supergroup 1073741824 2019-02-24 11:57 /myfile15
-rw-r--r--   3 root supergroup 1073741824 2019-02-24 11:59 /myfile16
-rw-r--r--   3 root supergroup 1073741824 2019-02-24 11:58 /myfile17
-rw-r--r--   3 root supergroup 1073741824 2019-02-24 11:57 /myfile18
-rw-r--r--   3 root supergroup 1073741824 2019-02-24 11:57 /myfile19
-rw-r--r--   3 root supergroup 1073741824 2019-02-24 12:00 /myfile2
-rw-r--r--   3 root supergroup 1073741824 2019-02-24 11:58 /myfile20
-rw-r--r--   3 root supergroup 1073741824 2019-02-24 11:57 /myfile3
-rw-r--r--   3 root supergroup 1073741824 2019-02-24 11:57 /myfile4
-rw-r--r--   3 root supergroup 1073741824 2019-02-24 11:57 /myfile5
-rw-r--r--   3 root supergroup 1073741824 2019-02-24 11:58 /myfile6
-rw-r--r--   3 root supergroup 1073741824 2019-02-24 11:58 /myfile7
-rw-r--r--   3 root supergroup 1073741824 2019-02-24 11:58 /myfile8
-rw-r--r--   3 root supergroup 1073741824 2019-02-24 11:57 /myfile9
file 2 has been put into HDFS
file 2 has been read from HDFS for 1 time
diff succeed!
file 2 has been read from HDFS for 2 time
diff succeed!
file 2 has been read from HDFS for 3 time
diff succeed!
file 2 has been read from HDFS for 4 time
diff succeed!
file 2 has been read from HDFS for 5 time
diff succeed!
file 2 has been read from HDFS for 6 time
diff succeed!
file 2 has been read from HDFS for 7 time
diff succeed!
file 2 has been read from HDFS for 8 time
diff succeed!
file 2 has been read from HDFS for 9 time
diff succeed!
file 2 has been read from HDFS for 10 time
diff succeed!
Deleted /myfile2
file 2 has been removed from HDFS
Found 20 items
-rw-r--r--   3 root supergroup 1073741824 2019-02-24 12:02 /myfile1
-rw-r--r--   3 root supergroup 1073741824 2019-02-24 12:02 /myfile10
-rw-r--r--   3 root supergroup 1073741824 2019-02-24 12:02 /myfile11
-rw-r--r--   3 root supergroup 1073741824 2019-02-24 12:02 /myfile12
-rw-r--r--   3 root supergroup 1073741824 2019-02-24 12:03 /myfile13
-rw-r--r--   3 root supergroup 1073741824 2019-02-24 12:02 /myfile14
-rw-r--r--   3 root supergroup 1073741824 2019-02-24 12:02 /myfile15
-rw-r--r--   3 root supergroup 1073741824 2019-02-24 12:05 /myfile16
-rw-r--r--   3 root supergroup 1073741824 2019-02-24 12:05 /myfile17
-rw-r--r--   3 root supergroup 1073741824 2019-02-24 12:02 /myfile18
-rw-r--r--   3 root supergroup 1073741824 2019-02-24 12:02 /myfile19
-rw-r--r--   3 root supergroup 1073741824 2019-02-24 12:05 /myfile2
-rw-r--r--   3 root supergroup 1073741824 2019-02-24 12:03 /myfile20
-rw-r--r--   3 root supergroup 1073741824 2019-02-24 12:02 /myfile3
-rw-r--r--   3 root supergroup 1073741824 2019-02-24 12:02 /myfile4
-rw-r--r--   3 root supergroup 1073741824 2019-02-24 12:02 /myfile5
-rw-r--r--   3 root supergroup  939524096 2019-02-24 12:04 /myfile6._COPYING_
-rw-r--r--   3 root supergroup 1073741824 2019-02-24 12:03 /myfile7
-rw-r--r--   3 root supergroup 1073741824 2019-02-24 12:03 /myfile8
-rw-r--r--   3 root supergroup 1073741824 2019-02-24 12:02 /myfile9
file 2 has been put into HDFS
file 2 has been read from HDFS for 1 time
diff succeed!
file 2 has been read from HDFS for 2 time
diff succeed!
file 2 has been read from HDFS for 3 time
diff succeed!
file 2 has been read from HDFS for 4 time
diff succeed!
file 2 has been read from HDFS for 5 time
diff succeed!
file 2 has been read from HDFS for 6 time
diff succeed!
file 2 has been read from HDFS for 7 time
diff succeed!
file 2 has been read from HDFS for 8 time
diff succeed!
file 2 has been read from HDFS for 9 time
diff succeed!
file 2 has been read from HDFS for 10 time
diff succeed!
2019-02-24 12:08:36,858 INFO retry.RetryInvocationHandler: org.apache.hadoop.ipc.RemoteException(org.apache.hadoop.ipc.RetriableException): org.apache.hadoop.hdfs.server.namenode.SafeModeException: Cannot delete /myfile2. Name node is in safe mode.
The reported blocks 129 has reached the threshold 0.9990 of total blocks 129. The number of live datanodes 3 has reached the minimum number 0. In safe mode extension. Safe mode will be turned off automatically in 6 seconds. NamenodeHostName:node-1-link-0
	at org.apache.hadoop.hdfs.server.namenode.FSNamesystem.checkNameNodeSafeMode(FSNamesystem.java:1441)
	at org.apache.hadoop.hdfs.server.namenode.FSNamesystem.delete(FSNamesystem.java:2986)
	at org.apache.hadoop.hdfs.server.namenode.NameNodeRpcServer.delete(NameNodeRpcServer.java:1095)
	at org.apache.hadoop.hdfs.protocolPB.ClientNamenodeProtocolServerSideTranslatorPB.delete(ClientNamenodeProtocolServerSideTranslatorPB.java:692)
	at org.apache.hadoop.hdfs.protocol.proto.ClientNamenodeProtocolProtos$ClientNamenodeProtocol$2.callBlockingMethod(ClientNamenodeProtocolProtos.java)
	at org.apache.hadoop.ipc.ProtobufRpcEngine$Server$ProtoBufRpcInvoker.call(ProtobufRpcEngine.java:523)
	at org.apache.hadoop.ipc.RPC$Server.call(RPC.java:991)
	at org.apache.hadoop.ipc.Server$RpcCall.run(Server.java:872)
	at org.apache.hadoop.ipc.Server$RpcCall.run(Server.java:818)
	at java.security.AccessController.doPrivileged(Native Method)
	at javax.security.auth.Subject.doAs(Subject.java:422)
	at org.apache.hadoop.security.UserGroupInformation.doAs(UserGroupInformation.java:1729)
	at org.apache.hadoop.ipc.Server$Handler.run(Server.java:2678)
Caused by: org.apache.hadoop.hdfs.server.namenode.SafeModeException: Cannot delete /myfile2. Name node is in safe mode.
The reported blocks 129 has reached the threshold 0.9990 of total blocks 129. The number of live datanodes 3 has reached the minimum number 0. In safe mode extension. Safe mode will be turned off automatically in 6 seconds. NamenodeHostName:node-1-link-0
	at org.apache.hadoop.hdfs.server.namenode.FSNamesystem.newSafemodeException(FSNamesystem.java:1450)
	at org.apache.hadoop.hdfs.server.namenode.FSNamesystem.checkNameNodeSafeMode(FSNamesystem.java:1437)
	... 12 more
, while invoking ClientNamenodeProtocolTranslatorPB.delete over node-1-link-0/10.10.1.4:8020. Retrying immediately.
2019-02-24 12:08:36,862 INFO retry.RetryInvocationHandler: org.apache.hadoop.ipc.RemoteException(org.apache.hadoop.ipc.RetriableException): org.apache.hadoop.hdfs.server.namenode.SafeModeException: Cannot delete /myfile2. Name node is in safe mode.
The reported blocks 129 has reached the threshold 0.9990 of total blocks 129. The number of live datanodes 3 has reached the minimum number 0. In safe mode extension. Safe mode will be turned off automatically in 6 seconds. NamenodeHostName:node-1-link-0
	at org.apache.hadoop.hdfs.server.namenode.FSNamesystem.checkNameNodeSafeMode(FSNamesystem.java:1441)
	at org.apache.hadoop.hdfs.server.namenode.FSNamesystem.delete(FSNamesystem.java:2986)
	at org.apache.hadoop.hdfs.server.namenode.NameNodeRpcServer.delete(NameNodeRpcServer.java:1095)
	at org.apache.hadoop.hdfs.protocolPB.ClientNamenodeProtocolServerSideTranslatorPB.delete(ClientNamenodeProtocolServerSideTranslatorPB.java:692)
	at org.apache.hadoop.hdfs.protocol.proto.ClientNamenodeProtocolProtos$ClientNamenodeProtocol$2.callBlockingMethod(ClientNamenodeProtocolProtos.java)
	at org.apache.hadoop.ipc.ProtobufRpcEngine$Server$ProtoBufRpcInvoker.call(ProtobufRpcEngine.java:523)
	at org.apache.hadoop.ipc.RPC$Server.call(RPC.java:991)
	at org.apache.hadoop.ipc.Server$RpcCall.run(Server.java:872)
	at org.apache.hadoop.ipc.Server$RpcCall.run(Server.java:818)
	at java.security.AccessController.doPrivileged(Native Method)
	at javax.security.auth.Subject.doAs(Subject.java:422)
	at org.apache.hadoop.security.UserGroupInformation.doAs(UserGroupInformation.java:1729)
	at org.apache.hadoop.ipc.Server$Handler.run(Server.java:2678)
Caused by: org.apache.hadoop.hdfs.server.namenode.SafeModeException: Cannot delete /myfile2. Name node is in safe mode.
The reported blocks 129 has reached the threshold 0.9990 of total blocks 129. The number of live datanodes 3 has reached the minimum number 0. In safe mode extension. Safe mode will be turned off automatically in 6 seconds. NamenodeHostName:node-1-link-0
	at org.apache.hadoop.hdfs.server.namenode.FSNamesystem.newSafemodeException(FSNamesystem.java:1450)
	at org.apache.hadoop.hdfs.server.namenode.FSNamesystem.checkNameNodeSafeMode(FSNamesystem.java:1437)
	... 12 more
, while invoking ClientNamenodeProtocolTranslatorPB.delete over node-1-link-0/10.10.1.4:8020. Retrying after sleeping for 1076ms.
2019-02-24 12:08:37,943 INFO retry.RetryInvocationHandler: org.apache.hadoop.ipc.RemoteException(org.apache.hadoop.ipc.RetriableException): org.apache.hadoop.hdfs.server.namenode.SafeModeException: Cannot delete /myfile2. Name node is in safe mode.
The reported blocks 129 has reached the threshold 0.9990 of total blocks 129. The number of live datanodes 3 has reached the minimum number 0. In safe mode extension. Safe mode will be turned off automatically in 5 seconds. NamenodeHostName:node-1-link-0
	at org.apache.hadoop.hdfs.server.namenode.FSNamesystem.checkNameNodeSafeMode(FSNamesystem.java:1441)
	at org.apache.hadoop.hdfs.server.namenode.FSNamesystem.delete(FSNamesystem.java:2986)
	at org.apache.hadoop.hdfs.server.namenode.NameNodeRpcServer.delete(NameNodeRpcServer.java:1095)
	at org.apache.hadoop.hdfs.protocolPB.ClientNamenodeProtocolServerSideTranslatorPB.delete(ClientNamenodeProtocolServerSideTranslatorPB.java:692)
	at org.apache.hadoop.hdfs.protocol.proto.ClientNamenodeProtocolProtos$ClientNamenodeProtocol$2.callBlockingMethod(ClientNamenodeProtocolProtos.java)
	at org.apache.hadoop.ipc.ProtobufRpcEngine$Server$ProtoBufRpcInvoker.call(ProtobufRpcEngine.java:523)
	at org.apache.hadoop.ipc.RPC$Server.call(RPC.java:991)
	at org.apache.hadoop.ipc.Server$RpcCall.run(Server.java:872)
	at org.apache.hadoop.ipc.Server$RpcCall.run(Server.java:818)
	at java.security.AccessController.doPrivileged(Native Method)
	at javax.security.auth.Subject.doAs(Subject.java:422)
	at org.apache.hadoop.security.UserGroupInformation.doAs(UserGroupInformation.java:1729)
	at org.apache.hadoop.ipc.Server$Handler.run(Server.java:2678)
Caused by: org.apache.hadoop.hdfs.server.namenode.SafeModeException: Cannot delete /myfile2. Name node is in safe mode.
The reported blocks 129 has reached the threshold 0.9990 of total blocks 129. The number of live datanodes 3 has reached the minimum number 0. In safe mode extension. Safe mode will be turned off automatically in 5 seconds. NamenodeHostName:node-1-link-0
	at org.apache.hadoop.hdfs.server.namenode.FSNamesystem.newSafemodeException(FSNamesystem.java:1450)
	at org.apache.hadoop.hdfs.server.namenode.FSNamesystem.checkNameNodeSafeMode(FSNamesystem.java:1437)
	... 12 more
, while invoking ClientNamenodeProtocolTranslatorPB.delete over node-1-link-0/10.10.1.4:8020. Retrying after sleeping for 2860ms.
2019-02-24 12:08:40,806 INFO retry.RetryInvocationHandler: org.apache.hadoop.ipc.RemoteException(org.apache.hadoop.ipc.RetriableException): org.apache.hadoop.hdfs.server.namenode.SafeModeException: Cannot delete /myfile2. Name node is in safe mode.
The reported blocks 129 has reached the threshold 0.9990 of total blocks 129. The number of live datanodes 3 has reached the minimum number 0. In safe mode extension. Safe mode will be turned off automatically in 2 seconds. NamenodeHostName:node-1-link-0
	at org.apache.hadoop.hdfs.server.namenode.FSNamesystem.checkNameNodeSafeMode(FSNamesystem.java:1441)
	at org.apache.hadoop.hdfs.server.namenode.FSNamesystem.delete(FSNamesystem.java:2986)
	at org.apache.hadoop.hdfs.server.namenode.NameNodeRpcServer.delete(NameNodeRpcServer.java:1095)
	at org.apache.hadoop.hdfs.protocolPB.ClientNamenodeProtocolServerSideTranslatorPB.delete(ClientNamenodeProtocolServerSideTranslatorPB.java:692)
	at org.apache.hadoop.hdfs.protocol.proto.ClientNamenodeProtocolProtos$ClientNamenodeProtocol$2.callBlockingMethod(ClientNamenodeProtocolProtos.java)
	at org.apache.hadoop.ipc.ProtobufRpcEngine$Server$ProtoBufRpcInvoker.call(ProtobufRpcEngine.java:523)
	at org.apache.hadoop.ipc.RPC$Server.call(RPC.java:991)
	at org.apache.hadoop.ipc.Server$RpcCall.run(Server.java:872)
	at org.apache.hadoop.ipc.Server$RpcCall.run(Server.java:818)
	at java.security.AccessController.doPrivileged(Native Method)
	at javax.security.auth.Subject.doAs(Subject.java:422)
	at org.apache.hadoop.security.UserGroupInformation.doAs(UserGroupInformation.java:1729)
	at org.apache.hadoop.ipc.Server$Handler.run(Server.java:2678)
Caused by: org.apache.hadoop.hdfs.server.namenode.SafeModeException: Cannot delete /myfile2. Name node is in safe mode.
The reported blocks 129 has reached the threshold 0.9990 of total blocks 129. The number of live datanodes 3 has reached the minimum number 0. In safe mode extension. Safe mode will be turned off automatically in 2 seconds. NamenodeHostName:node-1-link-0
	at org.apache.hadoop.hdfs.server.namenode.FSNamesystem.newSafemodeException(FSNamesystem.java:1450)
	at org.apache.hadoop.hdfs.server.namenode.FSNamesystem.checkNameNodeSafeMode(FSNamesystem.java:1437)
	... 12 more
, while invoking ClientNamenodeProtocolTranslatorPB.delete over node-1-link-0/10.10.1.4:8020. Retrying after sleeping for 2175ms.
2019-02-24 12:08:42,984 INFO retry.RetryInvocationHandler: org.apache.hadoop.ipc.RemoteException(org.apache.hadoop.ipc.RetriableException): org.apache.hadoop.hdfs.server.namenode.SafeModeException: Cannot delete /myfile2. Name node is in safe mode.
The reported blocks 129 has reached the threshold 0.9990 of total blocks 129. The number of live datanodes 3 has reached the minimum number 0. In safe mode extension. Safe mode will be turned off automatically in 0 seconds. NamenodeHostName:node-1-link-0
	at org.apache.hadoop.hdfs.server.namenode.FSNamesystem.checkNameNodeSafeMode(FSNamesystem.java:1441)
	at org.apache.hadoop.hdfs.server.namenode.FSNamesystem.delete(FSNamesystem.java:2986)
	at org.apache.hadoop.hdfs.server.namenode.NameNodeRpcServer.delete(NameNodeRpcServer.java:1095)
	at org.apache.hadoop.hdfs.protocolPB.ClientNamenodeProtocolServerSideTranslatorPB.delete(ClientNamenodeProtocolServerSideTranslatorPB.java:692)
	at org.apache.hadoop.hdfs.protocol.proto.ClientNamenodeProtocolProtos$ClientNamenodeProtocol$2.callBlockingMethod(ClientNamenodeProtocolProtos.java)
	at org.apache.hadoop.ipc.ProtobufRpcEngine$Server$ProtoBufRpcInvoker.call(ProtobufRpcEngine.java:523)
	at org.apache.hadoop.ipc.RPC$Server.call(RPC.java:991)
	at org.apache.hadoop.ipc.Server$RpcCall.run(Server.java:872)
	at org.apache.hadoop.ipc.Server$RpcCall.run(Server.java:818)
	at java.security.AccessController.doPrivileged(Native Method)
	at javax.security.auth.Subject.doAs(Subject.java:422)
	at org.apache.hadoop.security.UserGroupInformation.doAs(UserGroupInformation.java:1729)
	at org.apache.hadoop.ipc.Server$Handler.run(Server.java:2678)
Caused by: org.apache.hadoop.hdfs.server.namenode.SafeModeException: Cannot delete /myfile2. Name node is in safe mode.
The reported blocks 129 has reached the threshold 0.9990 of total blocks 129. The number of live datanodes 3 has reached the minimum number 0. In safe mode extension. Safe mode will be turned off automatically in 0 seconds. NamenodeHostName:node-1-link-0
	at org.apache.hadoop.hdfs.server.namenode.FSNamesystem.newSafemodeException(FSNamesystem.java:1450)
	at org.apache.hadoop.hdfs.server.namenode.FSNamesystem.checkNameNodeSafeMode(FSNamesystem.java:1437)
	... 12 more
, while invoking ClientNamenodeProtocolTranslatorPB.delete over node-1-link-0/10.10.1.4:8020. Retrying after sleeping for 6503ms.
Deleted /myfile2
file 2 has been removed from HDFS
Found 19 items
-rw-r--r--   3 root supergroup 1073741824 2019-02-24 12:06 /myfile1
-rw-r--r--   3 root supergroup 1073741824 2019-02-24 12:06 /myfile10
-rw-r--r--   3 root supergroup 1073741824 2019-02-24 12:06 /myfile12
-rw-r--r--   3 root supergroup 1073741824 2019-02-24 12:09 /myfile13
-rw-r--r--   3 root supergroup 1073741824 2019-02-24 12:08 /myfile14
-rw-r--r--   3 root supergroup 1073741824 2019-02-24 12:06 /myfile15
-rw-r--r--   3 root supergroup 1073741824 2019-02-24 12:09 /myfile16
-rw-r--r--   3 root supergroup 1073741824 2019-02-24 12:09 /myfile17
-rw-r--r--   3 root supergroup 1073741824 2019-02-24 12:06 /myfile18
-rw-r--r--   3 root supergroup 1073741824 2019-02-24 12:07 /myfile19
-rw-r--r--   3 root supergroup 1073741824 2019-02-24 12:09 /myfile2
-rw-r--r--   3 root supergroup 1073741824 2019-02-24 12:09 /myfile20
-rw-r--r--   3 root supergroup 1073741824 2019-02-24 12:06 /myfile3
-rw-r--r--   3 root supergroup 1073741824 2019-02-24 12:06 /myfile4
-rw-r--r--   3 root supergroup 1073741824 2019-02-24 12:09 /myfile5
-rw-r--r--   3 root supergroup  939524096 2019-02-24 12:09 /myfile6._COPYING_
-rw-r--r--   3 root supergroup 1073741824 2019-02-24 12:09 /myfile7
-rw-r--r--   3 root supergroup 1073741824 2019-02-24 12:09 /myfile8
-rw-r--r--   3 root supergroup 1073741824 2019-02-24 12:07 /myfile9
file 2 has been put into HDFS
file 2 has been read from HDFS for 1 time
diff succeed!
file 2 has been read from HDFS for 2 time
diff succeed!
file 2 has been read from HDFS for 3 time
diff succeed!
file 2 has been read from HDFS for 4 time
diff succeed!
file 2 has been read from HDFS for 5 time
diff succeed!
file 2 has been read from HDFS for 6 time
diff succeed!
file 2 has been read from HDFS for 7 time
diff succeed!
file 2 has been read from HDFS for 8 time
diff succeed!
file 2 has been read from HDFS for 9 time
diff succeed!
file 2 has been read from HDFS for 10 time
diff succeed!
Deleted /myfile2
file 2 has been removed from HDFS
Found 19 items
-rw-r--r--   3 root supergroup 1073741824 2019-02-24 12:11 /myfile1
-rw-r--r--   3 root supergroup 1073741824 2019-02-24 12:11 /myfile10
-rw-r--r--   3 root supergroup 1073741824 2019-02-24 12:09 /myfile11
-rw-r--r--   3 root supergroup 1073741824 2019-02-24 12:11 /myfile12
-rw-r--r--   3 root supergroup 1073741824 2019-02-24 12:13 /myfile13
-rw-r--r--   3 root supergroup 1073741824 2019-02-24 12:13 /myfile14
-rw-r--r--   3 root supergroup 1073741824 2019-02-24 12:11 /myfile15
-rw-r--r--   3 root supergroup 1073741824 2019-02-24 12:13 /myfile16
-rw-r--r--   3 root supergroup 1073741824 2019-02-24 12:09 /myfile17
-rw-r--r--   3 root supergroup 1073741824 2019-02-24 12:11 /myfile18
-rw-r--r--   3 root supergroup 1073741824 2019-02-24 12:12 /myfile19
-rw-r--r--   3 root supergroup 1073741824 2019-02-24 12:14 /myfile2
-rw-r--r--   3 root supergroup 1073741824 2019-02-24 12:13 /myfile20
-rw-r--r--   3 root supergroup 1073741824 2019-02-24 12:11 /myfile3
-rw-r--r--   3 root supergroup 1073741824 2019-02-24 12:10 /myfile4
-rw-r--r--   3 root supergroup 1073741824 2019-02-24 12:13 /myfile5
-rw-r--r--   3 root supergroup 1073741824 2019-02-24 12:09 /myfile7
-rw-r--r--   3 root supergroup  134217728 2019-02-24 12:13 /myfile8._COPYING_
-rw-r--r--   3 root supergroup 1073741824 2019-02-24 12:13 /myfile9
file 2 has been put into HDFS
file 2 has been read from HDFS for 1 time
diff succeed!
file 2 has been read from HDFS for 2 time
diff succeed!
file 2 has been read from HDFS for 3 time
diff succeed!
file 2 has been read from HDFS for 4 time
diff succeed!
file 2 has been read from HDFS for 5 time
diff succeed!
file 2 has been read from HDFS for 6 time
diff succeed!
file 2 has been read from HDFS for 7 time
diff succeed!
file 2 has been read from HDFS for 8 time
diff succeed!
file 2 has been read from HDFS for 9 time
diff succeed!
file 2 has been read from HDFS for 10 time
diff succeed!
Deleted /myfile2
file 2 has been removed from HDFS
2019-02-24 12:18:38,158 INFO retry.RetryInvocationHandler: java.io.EOFException: End of File Exception between local host is: "clnode090.clemson.cloudlab.us/130.127.133.99"; destination host is: "node-1-link-0":8020; : java.io.EOFException; For more details see:  http://wiki.apache.org/hadoop/EOFException, while invoking ClientNamenodeProtocolTranslatorPB.addBlock over node-1-link-0/10.10.1.4:8020. Trying to failover immediately.
2019-02-24 12:18:38,166 INFO retry.RetryInvocationHandler: org.apache.hadoop.ipc.RemoteException(org.apache.hadoop.ipc.StandbyException): Operation category READ is not supported in state standby. Visit https://s.apache.org/sbnn-error
	at org.apache.hadoop.hdfs.server.namenode.ha.StandbyState.checkOperation(StandbyState.java:88)
	at org.apache.hadoop.hdfs.server.namenode.NameNode$NameNodeHAContext.checkOperation(NameNode.java:1952)
	at org.apache.hadoop.hdfs.server.namenode.FSNamesystem.checkOperation(FSNamesystem.java:1423)
	at org.apache.hadoop.hdfs.server.namenode.FSNamesystem.getAdditionalBlock(FSNamesystem.java:2674)
	at org.apache.hadoop.hdfs.server.namenode.NameNodeRpcServer.addBlock(NameNodeRpcServer.java:875)
	at org.apache.hadoop.hdfs.protocolPB.ClientNamenodeProtocolServerSideTranslatorPB.addBlock(ClientNamenodeProtocolServerSideTranslatorPB.java:561)
	at org.apache.hadoop.hdfs.protocol.proto.ClientNamenodeProtocolProtos$ClientNamenodeProtocol$2.callBlockingMethod(ClientNamenodeProtocolProtos.java)
	at org.apache.hadoop.ipc.ProtobufRpcEngine$Server$ProtoBufRpcInvoker.call(ProtobufRpcEngine.java:523)
	at org.apache.hadoop.ipc.RPC$Server.call(RPC.java:991)
	at org.apache.hadoop.ipc.Server$RpcCall.run(Server.java:872)
	at org.apache.hadoop.ipc.Server$RpcCall.run(Server.java:818)
	at java.security.AccessController.doPrivileged(Native Method)
	at javax.security.auth.Subject.doAs(Subject.java:422)
	at org.apache.hadoop.security.UserGroupInformation.doAs(UserGroupInformation.java:1729)
	at org.apache.hadoop.ipc.Server$Handler.run(Server.java:2678)
, while invoking ClientNamenodeProtocolTranslatorPB.addBlock over node-0-link-0/10.10.1.1:8020 after 1 failover attempts. Trying to failover after sleeping for 1474ms.
2019-02-24 12:18:39,646 INFO retry.RetryInvocationHandler: java.net.ConnectException: Call From clnode090.clemson.cloudlab.us/130.127.133.99 to node-1-link-0:8020 failed on connection exception: java.net.ConnectException: Connection refused; For more details see:  http://wiki.apache.org/hadoop/ConnectionRefused, while invoking ClientNamenodeProtocolTranslatorPB.addBlock over node-1-link-0/10.10.1.4:8020 after 2 failover attempts. Trying to failover after sleeping for 1818ms.
Found 19 items
-rw-r--r--   3 root supergroup 1073741824 2019-02-24 12:16 /myfile1
-rw-r--r--   3 root supergroup 1073741824 2019-02-24 12:16 /myfile10
-rw-r--r--   3 root supergroup 1073741824 2019-02-24 12:15 /myfile11
-rw-r--r--   3 root supergroup 1073741824 2019-02-24 12:17 /myfile12
-rw-r--r--   3 root supergroup 1073741824 2019-02-24 12:18 /myfile13
-rw-r--r--   3 root supergroup 1073741824 2019-02-24 12:18 /myfile14
-rw-r--r--   3 root supergroup 1073741824 2019-02-24 12:16 /myfile15
-rw-r--r--   3 root supergroup 1073741824 2019-02-24 12:18 /myfile16
-rw-r--r--   3 root supergroup          0 2019-02-24 12:18 /myfile17._COPYING_
-rw-r--r--   3 root supergroup 1073741824 2019-02-24 12:17 /myfile18
-rw-r--r--   3 root supergroup 1073741824 2019-02-24 12:16 /myfile19
-rw-r--r--   3 root supergroup 1073741824 2019-02-24 12:18 /myfile2
-rw-r--r--   3 root supergroup 1073741824 2019-02-24 12:18 /myfile20
-rw-r--r--   3 root supergroup 1073741824 2019-02-24 12:15 /myfile3
-rw-r--r--   3 root supergroup 1073741824 2019-02-24 12:15 /myfile4
-rw-r--r--   3 root supergroup 1073741824 2019-02-24 12:18 /myfile5
-rw-r--r--   3 root supergroup 1073741824 2019-02-24 12:15 /myfile7
-rw-r--r--   3 root supergroup  402653184 2019-02-24 12:18 /myfile8._COPYING_
-rw-r--r--   3 root supergroup 1073741824 2019-02-24 12:17 /myfile9
file 2 has been put into HDFS
file 2 has been read from HDFS for 1 time
diff succeed!
file 2 has been read from HDFS for 2 time
diff succeed!
file 2 has been read from HDFS for 3 time
diff succeed!
file 2 has been read from HDFS for 4 time
diff succeed!
file 2 has been read from HDFS for 5 time
diff succeed!
file 2 has been read from HDFS for 6 time
diff succeed!
file 2 has been read from HDFS for 7 time
diff succeed!
file 2 has been read from HDFS for 8 time
diff succeed!
file 2 has been read from HDFS for 9 time
diff succeed!
file 2 has been read from HDFS for 10 time
diff succeed!
Deleted /myfile2
file 2 has been removed from HDFS
Found 19 items
-rw-r--r--   3 root supergroup 1073741824 2019-02-24 12:20 /myfile1
-rw-r--r--   3 root supergroup 1073741824 2019-02-24 12:20 /myfile10
-rw-r--r--   3 root supergroup 1073741824 2019-02-24 12:20 /myfile11
-rw-r--r--   3 root supergroup 1073741824 2019-02-24 12:21 /myfile12
-rw-r--r--   3 root supergroup 1073741824 2019-02-24 12:18 /myfile13
-rw-r--r--   3 root supergroup 1073741824 2019-02-24 12:23 /myfile14
-rw-r--r--   3 root supergroup 1073741824 2019-02-24 12:20 /myfile15
-rw-r--r--   3 root supergroup 1073741824 2019-02-24 12:22 /myfile16
-rw-r--r--   3 root supergroup  805306368 2019-02-24 12:23 /myfile17._COPYING_
-rw-r--r--   3 root supergroup 1073741824 2019-02-24 12:21 /myfile18
-rw-r--r--   3 root supergroup 1073741824 2019-02-24 12:20 /myfile19
-rw-r--r--   3 root supergroup 1073741824 2019-02-24 12:23 /myfile2
-rw-r--r--   3 root supergroup 1073741824 2019-02-24 12:22 /myfile20
-rw-r--r--   3 root supergroup 1073741824 2019-02-24 12:20 /myfile3
-rw-r--r--   3 root supergroup 1073741824 2019-02-24 12:20 /myfile4
-rw-r--r--   3 root supergroup 1073741824 2019-02-24 12:23 /myfile5
-rw-r--r--   3 root supergroup 1073741824 2019-02-24 12:20 /myfile7
-rw-r--r--   3 root supergroup 1073741824 2019-02-24 12:19 /myfile8
-rw-r--r--   3 root supergroup 1073741824 2019-02-24 12:23 /myfile9
file 2 has been put into HDFS
file 2 has been read from HDFS for 1 time
diff succeed!
file 2 has been read from HDFS for 2 time
diff succeed!
file 2 has been read from HDFS for 3 time
diff succeed!
file 2 has been read from HDFS for 4 time
diff succeed!
file 2 has been read from HDFS for 5 time
diff succeed!
file 2 has been read from HDFS for 6 time
diff succeed!
file 2 has been read from HDFS for 7 time
diff succeed!
file 2 has been read from HDFS for 8 time
diff succeed!
file 2 has been read from HDFS for 9 time
diff succeed!
file 2 has been read from HDFS for 10 time
diff succeed!
Deleted /myfile2
file 2 has been removed from HDFS
Found 20 items
-rw-r--r--   3 root supergroup  134217728 2019-02-24 12:29 /myfile1._COPYING_
-rw-r--r--   3 root supergroup  402653184 2019-02-24 12:29 /myfile10._COPYING_
-rw-r--r--   3 root supergroup 1073741824 2019-02-24 12:26 /myfile11
-rw-r--r--   3 root supergroup 1073741824 2019-02-24 12:26 /myfile12
-rw-r--r--   3 root supergroup 1073741824 2019-02-24 12:24 /myfile13
-rw-r--r--   3 root supergroup 1073741824 2019-02-24 12:28 /myfile14
-rw-r--r--   3 root supergroup  536870912 2019-02-24 12:28 /myfile15._COPYING_
-rw-r--r--   3 root supergroup 1073741824 2019-02-24 12:28 /myfile16
-rw-r--r--   3 root supergroup 1073741824 2019-02-24 12:24 /myfile17
-rw-r--r--   3 root supergroup 1073741824 2019-02-24 12:26 /myfile18
-rw-r--r--   3 root supergroup  536870912 2019-02-24 12:29 /myfile19._COPYING_
-rw-r--r--   3 root supergroup 1073741824 2019-02-24 12:29 /myfile2
-rw-r--r--   3 root supergroup 1073741824 2019-02-24 12:27 /myfile20
-rw-r--r--   3 root supergroup  671088640 2019-02-24 12:28 /myfile3._COPYING_
-rw-r--r--   3 root supergroup 1073741824 2019-02-24 12:24 /myfile4
-rw-r--r--   3 root supergroup 1073741824 2019-02-24 12:28 /myfile5
-rw-r--r--   3 root supergroup 1073741824 2019-02-24 12:29 /myfile6
-rw-r--r--   3 root supergroup 1073741824 2019-02-24 12:29 /myfile7
-rw-r--r--   3 root supergroup 1073741824 2019-02-24 12:24 /myfile8
-rw-r--r--   3 root supergroup 1073741824 2019-02-24 12:28 /myfile9
file 2 has been put into HDFS
file 2 has been read from HDFS for 1 time
diff succeed!
sub_benchmark 1 signal TERM catched and let quit gracefully
Deleted /myfile2
file 2 has been removed from HDFS
