Found 20 items
-rw-r--r--   3 root supergroup 1073741824 2019-02-20 11:26 /myfile1
-rw-r--r--   3 root supergroup 1073741824 2019-02-20 11:27 /myfile10
-rw-r--r--   3 root supergroup 1073741824 2019-02-20 11:26 /myfile11
-rw-r--r--   3 root supergroup 1073741824 2019-02-20 11:26 /myfile12
-rw-r--r--   3 root supergroup 1073741824 2019-02-20 11:26 /myfile13
-rw-r--r--   3 root supergroup 1073741824 2019-02-20 11:26 /myfile14
-rw-r--r--   3 root supergroup 1073741824 2019-02-20 11:26 /myfile15
-rw-r--r--   3 root supergroup 1073741824 2019-02-20 11:27 /myfile16
-rw-r--r--   3 root supergroup 1073741824 2019-02-20 11:27 /myfile17
-rw-r--r--   3 root supergroup 1073741824 2019-02-20 11:26 /myfile18
-rw-r--r--   3 root supergroup 1073741824 2019-02-20 11:26 /myfile19
-rw-r--r--   3 root supergroup 1073741824 2019-02-20 11:27 /myfile2
-rw-r--r--   3 root supergroup 1073741824 2019-02-20 11:27 /myfile20
-rw-r--r--   3 root supergroup 1073741824 2019-02-20 11:26 /myfile3
-rw-r--r--   3 root supergroup 1073741824 2019-02-20 11:26 /myfile4
-rw-r--r--   3 root supergroup 1073741824 2019-02-20 11:27 /myfile5
-rw-r--r--   3 root supergroup 1073741824 2019-02-20 11:26 /myfile6
-rw-r--r--   3 root supergroup 1073741824 2019-02-20 11:27 /myfile7
-rw-r--r--   3 root supergroup 1073741824 2019-02-20 11:27 /myfile8
-rw-r--r--   3 root supergroup 1073741824 2019-02-20 11:26 /myfile9
file 7 has been put into HDFS
file 7 has been read from HDFS for 1 time
diff succeed!
file 7 has been read from HDFS for 2 time
diff succeed!
file 7 has been read from HDFS for 3 time
diff succeed!
file 7 has been read from HDFS for 4 time
diff succeed!
file 7 has been read from HDFS for 5 time
diff succeed!
file 7 has been read from HDFS for 6 time
diff succeed!
file 7 has been read from HDFS for 7 time
diff succeed!
file 7 has been read from HDFS for 8 time
diff succeed!
file 7 has been read from HDFS for 9 time
diff succeed!
file 7 has been read from HDFS for 10 time
diff succeed!
Deleted /myfile7
file 7 has been removed from HDFS
Found 20 items
-rw-r--r--   3 root supergroup 1073741824 2019-02-20 11:31 /myfile1
-rw-r--r--   3 root supergroup 1073741824 2019-02-20 11:30 /myfile10
-rw-r--r--   3 root supergroup 1073741824 2019-02-20 11:30 /myfile11
-rw-r--r--   3 root supergroup 1073741824 2019-02-20 11:30 /myfile12
-rw-r--r--   3 root supergroup 1073741824 2019-02-20 11:31 /myfile13
-rw-r--r--   3 root supergroup 1073741824 2019-02-20 11:31 /myfile14
-rw-r--r--   3 root supergroup 1073741824 2019-02-20 11:30 /myfile15
-rw-r--r--   3 root supergroup 1073741824 2019-02-20 11:30 /myfile16
-rw-r--r--   3 root supergroup  939524096 2019-02-20 11:31 /myfile17._COPYING_
-rw-r--r--   3 root supergroup 1073741824 2019-02-20 11:30 /myfile18
-rw-r--r--   3 root supergroup  939524096 2019-02-20 11:31 /myfile19._COPYING_
-rw-r--r--   3 root supergroup 1073741824 2019-02-20 11:31 /myfile2
-rw-r--r--   3 root supergroup 1073741824 2019-02-20 11:31 /myfile20
-rw-r--r--   3 root supergroup 1073741824 2019-02-20 11:30 /myfile3
-rw-r--r--   3 root supergroup 1073741824 2019-02-20 11:30 /myfile4
-rw-r--r--   3 root supergroup 1073741824 2019-02-20 11:31 /myfile5
-rw-r--r--   3 root supergroup 1073741824 2019-02-20 11:31 /myfile6
-rw-r--r--   3 root supergroup 1073741824 2019-02-20 11:31 /myfile7
-rw-r--r--   3 root supergroup 1073741824 2019-02-20 11:31 /myfile8
-rw-r--r--   3 root supergroup 1073741824 2019-02-20 11:30 /myfile9
file 7 has been put into HDFS
file 7 has been read from HDFS for 1 time
diff succeed!
file 7 has been read from HDFS for 2 time
diff succeed!
file 7 has been read from HDFS for 3 time
diff succeed!
file 7 has been read from HDFS for 4 time
diff succeed!
file 7 has been read from HDFS for 5 time
diff succeed!
file 7 has been read from HDFS for 6 time
diff succeed!
file 7 has been read from HDFS for 7 time
diff succeed!
file 7 has been read from HDFS for 8 time
diff succeed!
file 7 has been read from HDFS for 9 time
diff succeed!
file 7 has been read from HDFS for 10 time
diff succeed!
Deleted /myfile7
file 7 has been removed from HDFS
Found 20 items
-rw-r--r--   3 root supergroup 1073741824 2019-02-20 11:35 /myfile1
-rw-r--r--   3 root supergroup 1073741824 2019-02-20 11:35 /myfile10
-rw-r--r--   3 root supergroup 1073741824 2019-02-20 11:35 /myfile11
-rw-r--r--   3 root supergroup 1073741824 2019-02-20 11:35 /myfile12
-rw-r--r--   3 root supergroup 1073741824 2019-02-20 11:35 /myfile13
-rw-r--r--   3 root supergroup 1073741824 2019-02-20 11:35 /myfile14
-rw-r--r--   3 root supergroup 1073741824 2019-02-20 11:35 /myfile15
-rw-r--r--   3 root supergroup 1073741824 2019-02-20 11:35 /myfile16
-rw-r--r--   3 root supergroup 1073741824 2019-02-20 11:35 /myfile17
-rw-r--r--   3 root supergroup 1073741824 2019-02-20 11:35 /myfile18
-rw-r--r--   3 root supergroup 1073741824 2019-02-20 11:35 /myfile19
-rw-r--r--   3 root supergroup 1073741824 2019-02-20 11:35 /myfile2
-rw-r--r--   3 root supergroup 1073741824 2019-02-20 11:35 /myfile20
-rw-r--r--   3 root supergroup 1073741824 2019-02-20 11:35 /myfile3
-rw-r--r--   3 root supergroup 1073741824 2019-02-20 11:35 /myfile4
-rw-r--r--   3 root supergroup 1073741824 2019-02-20 11:35 /myfile5
-rw-r--r--   3 root supergroup 1073741824 2019-02-20 11:35 /myfile6
-rw-r--r--   3 root supergroup 1073741824 2019-02-20 11:35 /myfile7
-rw-r--r--   3 root supergroup 1073741824 2019-02-20 11:35 /myfile8
-rw-r--r--   3 root supergroup 1073741824 2019-02-20 11:35 /myfile9
file 7 has been put into HDFS
file 7 has been read from HDFS for 1 time
diff succeed!
file 7 has been read from HDFS for 2 time
diff succeed!
file 7 has been read from HDFS for 3 time
diff succeed!
file 7 has been read from HDFS for 4 time
diff succeed!
file 7 has been read from HDFS for 5 time
diff succeed!
file 7 has been read from HDFS for 6 time
diff succeed!
file 7 has been read from HDFS for 7 time
diff succeed!
file 7 has been read from HDFS for 8 time
diff succeed!
file 7 has been read from HDFS for 9 time
diff succeed!
file 7 has been read from HDFS for 10 time
diff succeed!
Deleted /myfile7
file 7 has been removed from HDFS
2019-02-20 11:39:15,350 INFO retry.RetryInvocationHandler: java.io.IOException: DestHost:destPort node-0-link-0:8020 , LocalHost:localPort clnode049.clemson.cloudlab.us/130.127.133.58:0. Failed on local exception: java.io.IOException: Connection reset by peer, while invoking ClientNamenodeProtocolTranslatorPB.addBlock over node-0-link-0/10.10.1.1:8020. Trying to failover immediately.
2019-02-20 11:39:15,386 INFO retry.RetryInvocationHandler: org.apache.hadoop.ipc.RemoteException(org.apache.hadoop.ipc.StandbyException): Operation category READ is not supported in state standby. Visit https://s.apache.org/sbnn-error
	at org.apache.hadoop.hdfs.server.namenode.ha.StandbyState.checkOperation(StandbyState.java:88)
	at org.apache.hadoop.hdfs.server.namenode.NameNode$NameNodeHAContext.checkOperation(NameNode.java:1952)
	at org.apache.hadoop.hdfs.server.namenode.FSNamesystem.checkOperation(FSNamesystem.java:1423)
	at org.apache.hadoop.hdfs.server.namenode.FSNamesystem.getAdditionalBlock(FSNamesystem.java:2674)
	at org.apache.hadoop.hdfs.server.namenode.NameNodeRpcServer.addBlock(NameNodeRpcServer.java:875)
	at org.apache.hadoop.hdfs.protocolPB.ClientNamenodeProtocolServerSideTranslatorPB.addBlock(ClientNamenodeProtocolServerSideTranslatorPB.java:561)
	at org.apache.hadoop.hdfs.protocol.proto.ClientNamenodeProtocolProtos$ClientNamenodeProtocol$2.callBlockingMethod(ClientNamenodeProtocolProtos.java)
	at org.apache.hadoop.ipc.ProtobufRpcEngine$Server$ProtoBufRpcInvoker.call(ProtobufRpcEngine.java:523)
	at org.apache.hadoop.ipc.RPC$Server.call(RPC.java:991)
	at org.apache.hadoop.ipc.Server$RpcCall.run(Server.java:872)
	at org.apache.hadoop.ipc.Server$RpcCall.run(Server.java:818)
	at java.security.AccessController.doPrivileged(Native Method)
	at javax.security.auth.Subject.doAs(Subject.java:422)
	at org.apache.hadoop.security.UserGroupInformation.doAs(UserGroupInformation.java:1729)
	at org.apache.hadoop.ipc.Server$Handler.run(Server.java:2678)
, while invoking ClientNamenodeProtocolTranslatorPB.addBlock over node-1-link-0/10.10.1.4:8020 after 1 failover attempts. Trying to failover after sleeping for 506ms.
2019-02-20 11:39:15,895 INFO retry.RetryInvocationHandler: java.net.ConnectException: Call From clnode049.clemson.cloudlab.us/130.127.133.58 to node-0-link-0:8020 failed on connection exception: java.net.ConnectException: Connection refused; For more details see:  http://wiki.apache.org/hadoop/ConnectionRefused, while invoking ClientNamenodeProtocolTranslatorPB.addBlock over node-0-link-0/10.10.1.1:8020 after 2 failover attempts. Trying to failover after sleeping for 1063ms.
2019-02-20 11:39:17,235 INFO retry.RetryInvocationHandler: org.apache.hadoop.ipc.RemoteException(org.apache.hadoop.ipc.RetriableException): org.apache.hadoop.hdfs.server.namenode.SafeModeException: Cannot add block to /myfile7._COPYING_. Name node is in safe mode.
The reported blocks 53 has reached the threshold 0.9990 of total blocks 53. The number of live datanodes 3 has reached the minimum number 0. In safe mode extension. Safe mode will be turned off automatically in 29 seconds. NamenodeHostName:node-1-link-0
	at org.apache.hadoop.hdfs.server.namenode.FSNamesystem.checkNameNodeSafeMode(FSNamesystem.java:1441)
	at org.apache.hadoop.hdfs.server.namenode.FSDirWriteFileOp.analyzeFileState(FSDirWriteFileOp.java:591)
	at org.apache.hadoop.hdfs.server.namenode.FSDirWriteFileOp.validateAddBlock(FSDirWriteFileOp.java:172)
	at org.apache.hadoop.hdfs.server.namenode.FSNamesystem.getAdditionalBlock(FSNamesystem.java:2679)
	at org.apache.hadoop.hdfs.server.namenode.NameNodeRpcServer.addBlock(NameNodeRpcServer.java:875)
	at org.apache.hadoop.hdfs.protocolPB.ClientNamenodeProtocolServerSideTranslatorPB.addBlock(ClientNamenodeProtocolServerSideTranslatorPB.java:561)
	at org.apache.hadoop.hdfs.protocol.proto.ClientNamenodeProtocolProtos$ClientNamenodeProtocol$2.callBlockingMethod(ClientNamenodeProtocolProtos.java)
	at org.apache.hadoop.ipc.ProtobufRpcEngine$Server$ProtoBufRpcInvoker.call(ProtobufRpcEngine.java:523)
	at org.apache.hadoop.ipc.RPC$Server.call(RPC.java:991)
	at org.apache.hadoop.ipc.Server$RpcCall.run(Server.java:872)
	at org.apache.hadoop.ipc.Server$RpcCall.run(Server.java:818)
	at java.security.AccessController.doPrivileged(Native Method)
	at javax.security.auth.Subject.doAs(Subject.java:422)
	at org.apache.hadoop.security.UserGroupInformation.doAs(UserGroupInformation.java:1729)
	at org.apache.hadoop.ipc.Server$Handler.run(Server.java:2678)
Caused by: org.apache.hadoop.hdfs.server.namenode.SafeModeException: Cannot add block to /myfile7._COPYING_. Name node is in safe mode.
The reported blocks 53 has reached the threshold 0.9990 of total blocks 53. The number of live datanodes 3 has reached the minimum number 0. In safe mode extension. Safe mode will be turned off automatically in 29 seconds. NamenodeHostName:node-1-link-0
	at org.apache.hadoop.hdfs.server.namenode.FSNamesystem.newSafemodeException(FSNamesystem.java:1450)
	at org.apache.hadoop.hdfs.server.namenode.FSNamesystem.checkNameNodeSafeMode(FSNamesystem.java:1437)
	... 14 more
, while invoking ClientNamenodeProtocolTranslatorPB.addBlock over node-1-link-0/10.10.1.4:8020 after 3 failover attempts. Retrying after sleeping for 4670ms.
2019-02-20 11:39:21,907 INFO retry.RetryInvocationHandler: org.apache.hadoop.ipc.RemoteException(org.apache.hadoop.ipc.RetriableException): org.apache.hadoop.hdfs.server.namenode.SafeModeException: Cannot add block to /myfile7._COPYING_. Name node is in safe mode.
The reported blocks 53 has reached the threshold 0.9990 of total blocks 53. The number of live datanodes 3 has reached the minimum number 0. In safe mode extension. Safe mode will be turned off automatically in 25 seconds. NamenodeHostName:node-1-link-0
	at org.apache.hadoop.hdfs.server.namenode.FSNamesystem.checkNameNodeSafeMode(FSNamesystem.java:1441)
	at org.apache.hadoop.hdfs.server.namenode.FSDirWriteFileOp.analyzeFileState(FSDirWriteFileOp.java:591)
	at org.apache.hadoop.hdfs.server.namenode.FSDirWriteFileOp.validateAddBlock(FSDirWriteFileOp.java:172)
	at org.apache.hadoop.hdfs.server.namenode.FSNamesystem.getAdditionalBlock(FSNamesystem.java:2679)
	at org.apache.hadoop.hdfs.server.namenode.NameNodeRpcServer.addBlock(NameNodeRpcServer.java:875)
	at org.apache.hadoop.hdfs.protocolPB.ClientNamenodeProtocolServerSideTranslatorPB.addBlock(ClientNamenodeProtocolServerSideTranslatorPB.java:561)
	at org.apache.hadoop.hdfs.protocol.proto.ClientNamenodeProtocolProtos$ClientNamenodeProtocol$2.callBlockingMethod(ClientNamenodeProtocolProtos.java)
	at org.apache.hadoop.ipc.ProtobufRpcEngine$Server$ProtoBufRpcInvoker.call(ProtobufRpcEngine.java:523)
	at org.apache.hadoop.ipc.RPC$Server.call(RPC.java:991)
	at org.apache.hadoop.ipc.Server$RpcCall.run(Server.java:872)
	at org.apache.hadoop.ipc.Server$RpcCall.run(Server.java:818)
	at java.security.AccessController.doPrivileged(Native Method)
	at javax.security.auth.Subject.doAs(Subject.java:422)
	at org.apache.hadoop.security.UserGroupInformation.doAs(UserGroupInformation.java:1729)
	at org.apache.hadoop.ipc.Server$Handler.run(Server.java:2678)
Caused by: org.apache.hadoop.hdfs.server.namenode.SafeModeException: Cannot add block to /myfile7._COPYING_. Name node is in safe mode.
The reported blocks 53 has reached the threshold 0.9990 of total blocks 53. The number of live datanodes 3 has reached the minimum number 0. In safe mode extension. Safe mode will be turned off automatically in 25 seconds. NamenodeHostName:node-1-link-0
	at org.apache.hadoop.hdfs.server.namenode.FSNamesystem.newSafemodeException(FSNamesystem.java:1450)
	at org.apache.hadoop.hdfs.server.namenode.FSNamesystem.checkNameNodeSafeMode(FSNamesystem.java:1437)
	... 14 more
, while invoking ClientNamenodeProtocolTranslatorPB.addBlock over node-1-link-0/10.10.1.4:8020 after 3 failover attempts. Retrying after sleeping for 8126ms.
2019-02-20 11:39:26,883 INFO retry.RetryInvocationHandler: org.apache.hadoop.ipc.RemoteException(org.apache.hadoop.ipc.RetriableException): org.apache.hadoop.hdfs.server.namenode.SafeModeException: Cannot renew lease for DFSClient_NONMAPREDUCE_-1066511216_1. Name node is in safe mode.
The reported blocks 53 has reached the threshold 0.9990 of total blocks 53. The number of live datanodes 3 has reached the minimum number 0. In safe mode extension. Safe mode will be turned off automatically in 20 seconds. NamenodeHostName:node-1-link-0
	at org.apache.hadoop.hdfs.server.namenode.FSNamesystem.checkNameNodeSafeMode(FSNamesystem.java:1441)
	at org.apache.hadoop.hdfs.server.namenode.FSNamesystem.renewLease(FSNamesystem.java:3744)
	at org.apache.hadoop.hdfs.server.namenode.NameNodeRpcServer.renewLease(NameNodeRpcServer.java:1134)
	at org.apache.hadoop.hdfs.protocolPB.ClientNamenodeProtocolServerSideTranslatorPB.renewLease(ClientNamenodeProtocolServerSideTranslatorPB.java:737)
	at org.apache.hadoop.hdfs.protocol.proto.ClientNamenodeProtocolProtos$ClientNamenodeProtocol$2.callBlockingMethod(ClientNamenodeProtocolProtos.java)
	at org.apache.hadoop.ipc.ProtobufRpcEngine$Server$ProtoBufRpcInvoker.call(ProtobufRpcEngine.java:523)
	at org.apache.hadoop.ipc.RPC$Server.call(RPC.java:991)
	at org.apache.hadoop.ipc.Server$RpcCall.run(Server.java:872)
	at org.apache.hadoop.ipc.Server$RpcCall.run(Server.java:818)
	at java.security.AccessController.doPrivileged(Native Method)
	at javax.security.auth.Subject.doAs(Subject.java:422)
	at org.apache.hadoop.security.UserGroupInformation.doAs(UserGroupInformation.java:1729)
	at org.apache.hadoop.ipc.Server$Handler.run(Server.java:2678)
Caused by: org.apache.hadoop.hdfs.server.namenode.SafeModeException: Cannot renew lease for DFSClient_NONMAPREDUCE_-1066511216_1. Name node is in safe mode.
The reported blocks 53 has reached the threshold 0.9990 of total blocks 53. The number of live datanodes 3 has reached the minimum number 0. In safe mode extension. Safe mode will be turned off automatically in 20 seconds. NamenodeHostName:node-1-link-0
	at org.apache.hadoop.hdfs.server.namenode.FSNamesystem.newSafemodeException(FSNamesystem.java:1450)
	at org.apache.hadoop.hdfs.server.namenode.FSNamesystem.checkNameNodeSafeMode(FSNamesystem.java:1437)
	... 12 more
, while invoking ClientNamenodeProtocolTranslatorPB.renewLease over node-1-link-0/10.10.1.4:8020. Retrying immediately.
2019-02-20 11:39:26,885 INFO retry.RetryInvocationHandler: org.apache.hadoop.ipc.RemoteException(org.apache.hadoop.ipc.RetriableException): org.apache.hadoop.hdfs.server.namenode.SafeModeException: Cannot renew lease for DFSClient_NONMAPREDUCE_-1066511216_1. Name node is in safe mode.
The reported blocks 53 has reached the threshold 0.9990 of total blocks 53. The number of live datanodes 3 has reached the minimum number 0. In safe mode extension. Safe mode will be turned off automatically in 20 seconds. NamenodeHostName:node-1-link-0
	at org.apache.hadoop.hdfs.server.namenode.FSNamesystem.checkNameNodeSafeMode(FSNamesystem.java:1441)
	at org.apache.hadoop.hdfs.server.namenode.FSNamesystem.renewLease(FSNamesystem.java:3744)
	at org.apache.hadoop.hdfs.server.namenode.NameNodeRpcServer.renewLease(NameNodeRpcServer.java:1134)
	at org.apache.hadoop.hdfs.protocolPB.ClientNamenodeProtocolServerSideTranslatorPB.renewLease(ClientNamenodeProtocolServerSideTranslatorPB.java:737)
	at org.apache.hadoop.hdfs.protocol.proto.ClientNamenodeProtocolProtos$ClientNamenodeProtocol$2.callBlockingMethod(ClientNamenodeProtocolProtos.java)
	at org.apache.hadoop.ipc.ProtobufRpcEngine$Server$ProtoBufRpcInvoker.call(ProtobufRpcEngine.java:523)
	at org.apache.hadoop.ipc.RPC$Server.call(RPC.java:991)
	at org.apache.hadoop.ipc.Server$RpcCall.run(Server.java:872)
	at org.apache.hadoop.ipc.Server$RpcCall.run(Server.java:818)
	at java.security.AccessController.doPrivileged(Native Method)
	at javax.security.auth.Subject.doAs(Subject.java:422)
	at org.apache.hadoop.security.UserGroupInformation.doAs(UserGroupInformation.java:1729)
	at org.apache.hadoop.ipc.Server$Handler.run(Server.java:2678)
Caused by: org.apache.hadoop.hdfs.server.namenode.SafeModeException: Cannot renew lease for DFSClient_NONMAPREDUCE_-1066511216_1. Name node is in safe mode.
The reported blocks 53 has reached the threshold 0.9990 of total blocks 53. The number of live datanodes 3 has reached the minimum number 0. In safe mode extension. Safe mode will be turned off automatically in 20 seconds. NamenodeHostName:node-1-link-0
	at org.apache.hadoop.hdfs.server.namenode.FSNamesystem.newSafemodeException(FSNamesystem.java:1450)
	at org.apache.hadoop.hdfs.server.namenode.FSNamesystem.checkNameNodeSafeMode(FSNamesystem.java:1437)
	... 12 more
, while invoking ClientNamenodeProtocolTranslatorPB.renewLease over node-1-link-0/10.10.1.4:8020. Retrying after sleeping for 643ms.
2019-02-20 11:39:27,530 INFO retry.RetryInvocationHandler: org.apache.hadoop.ipc.RemoteException(org.apache.hadoop.ipc.RetriableException): org.apache.hadoop.hdfs.server.namenode.SafeModeException: Cannot renew lease for DFSClient_NONMAPREDUCE_-1066511216_1. Name node is in safe mode.
The reported blocks 53 has reached the threshold 0.9990 of total blocks 53. The number of live datanodes 3 has reached the minimum number 0. In safe mode extension. Safe mode will be turned off automatically in 19 seconds. NamenodeHostName:node-1-link-0
	at org.apache.hadoop.hdfs.server.namenode.FSNamesystem.checkNameNodeSafeMode(FSNamesystem.java:1441)
	at org.apache.hadoop.hdfs.server.namenode.FSNamesystem.renewLease(FSNamesystem.java:3744)
	at org.apache.hadoop.hdfs.server.namenode.NameNodeRpcServer.renewLease(NameNodeRpcServer.java:1134)
	at org.apache.hadoop.hdfs.protocolPB.ClientNamenodeProtocolServerSideTranslatorPB.renewLease(ClientNamenodeProtocolServerSideTranslatorPB.java:737)
	at org.apache.hadoop.hdfs.protocol.proto.ClientNamenodeProtocolProtos$ClientNamenodeProtocol$2.callBlockingMethod(ClientNamenodeProtocolProtos.java)
	at org.apache.hadoop.ipc.ProtobufRpcEngine$Server$ProtoBufRpcInvoker.call(ProtobufRpcEngine.java:523)
	at org.apache.hadoop.ipc.RPC$Server.call(RPC.java:991)
	at org.apache.hadoop.ipc.Server$RpcCall.run(Server.java:872)
	at org.apache.hadoop.ipc.Server$RpcCall.run(Server.java:818)
	at java.security.AccessController.doPrivileged(Native Method)
	at javax.security.auth.Subject.doAs(Subject.java:422)
	at org.apache.hadoop.security.UserGroupInformation.doAs(UserGroupInformation.java:1729)
	at org.apache.hadoop.ipc.Server$Handler.run(Server.java:2678)
Caused by: org.apache.hadoop.hdfs.server.namenode.SafeModeException: Cannot renew lease for DFSClient_NONMAPREDUCE_-1066511216_1. Name node is in safe mode.
The reported blocks 53 has reached the threshold 0.9990 of total blocks 53. The number of live datanodes 3 has reached the minimum number 0. In safe mode extension. Safe mode will be turned off automatically in 19 seconds. NamenodeHostName:node-1-link-0
	at org.apache.hadoop.hdfs.server.namenode.FSNamesystem.newSafemodeException(FSNamesystem.java:1450)
	at org.apache.hadoop.hdfs.server.namenode.FSNamesystem.checkNameNodeSafeMode(FSNamesystem.java:1437)
	... 12 more
, while invoking ClientNamenodeProtocolTranslatorPB.renewLease over node-1-link-0/10.10.1.4:8020. Retrying after sleeping for 1806ms.
2019-02-20 11:39:29,338 INFO retry.RetryInvocationHandler: org.apache.hadoop.ipc.RemoteException(org.apache.hadoop.ipc.RetriableException): org.apache.hadoop.hdfs.server.namenode.SafeModeException: Cannot renew lease for DFSClient_NONMAPREDUCE_-1066511216_1. Name node is in safe mode.
The reported blocks 53 has reached the threshold 0.9990 of total blocks 53. The number of live datanodes 3 has reached the minimum number 0. In safe mode extension. Safe mode will be turned off automatically in 17 seconds. NamenodeHostName:node-1-link-0
	at org.apache.hadoop.hdfs.server.namenode.FSNamesystem.checkNameNodeSafeMode(FSNamesystem.java:1441)
	at org.apache.hadoop.hdfs.server.namenode.FSNamesystem.renewLease(FSNamesystem.java:3744)
	at org.apache.hadoop.hdfs.server.namenode.NameNodeRpcServer.renewLease(NameNodeRpcServer.java:1134)
	at org.apache.hadoop.hdfs.protocolPB.ClientNamenodeProtocolServerSideTranslatorPB.renewLease(ClientNamenodeProtocolServerSideTranslatorPB.java:737)
	at org.apache.hadoop.hdfs.protocol.proto.ClientNamenodeProtocolProtos$ClientNamenodeProtocol$2.callBlockingMethod(ClientNamenodeProtocolProtos.java)
	at org.apache.hadoop.ipc.ProtobufRpcEngine$Server$ProtoBufRpcInvoker.call(ProtobufRpcEngine.java:523)
	at org.apache.hadoop.ipc.RPC$Server.call(RPC.java:991)
	at org.apache.hadoop.ipc.Server$RpcCall.run(Server.java:872)
	at org.apache.hadoop.ipc.Server$RpcCall.run(Server.java:818)
	at java.security.AccessController.doPrivileged(Native Method)
	at javax.security.auth.Subject.doAs(Subject.java:422)
	at org.apache.hadoop.security.UserGroupInformation.doAs(UserGroupInformation.java:1729)
	at org.apache.hadoop.ipc.Server$Handler.run(Server.java:2678)
Caused by: org.apache.hadoop.hdfs.server.namenode.SafeModeException: Cannot renew lease for DFSClient_NONMAPREDUCE_-1066511216_1. Name node is in safe mode.
The reported blocks 53 has reached the threshold 0.9990 of total blocks 53. The number of live datanodes 3 has reached the minimum number 0. In safe mode extension. Safe mode will be turned off automatically in 17 seconds. NamenodeHostName:node-1-link-0
	at org.apache.hadoop.hdfs.server.namenode.FSNamesystem.newSafemodeException(FSNamesystem.java:1450)
	at org.apache.hadoop.hdfs.server.namenode.FSNamesystem.checkNameNodeSafeMode(FSNamesystem.java:1437)
	... 12 more
, while invoking ClientNamenodeProtocolTranslatorPB.renewLease over node-1-link-0/10.10.1.4:8020. Retrying after sleeping for 3584ms.
2019-02-20 11:39:30,036 INFO retry.RetryInvocationHandler: org.apache.hadoop.ipc.RemoteException(org.apache.hadoop.ipc.RetriableException): org.apache.hadoop.hdfs.server.namenode.SafeModeException: Cannot add block to /myfile7._COPYING_. Name node is in safe mode.
The reported blocks 53 has reached the threshold 0.9990 of total blocks 53. The number of live datanodes 3 has reached the minimum number 0. In safe mode extension. Safe mode will be turned off automatically in 17 seconds. NamenodeHostName:node-1-link-0
	at org.apache.hadoop.hdfs.server.namenode.FSNamesystem.checkNameNodeSafeMode(FSNamesystem.java:1441)
	at org.apache.hadoop.hdfs.server.namenode.FSDirWriteFileOp.analyzeFileState(FSDirWriteFileOp.java:591)
	at org.apache.hadoop.hdfs.server.namenode.FSDirWriteFileOp.validateAddBlock(FSDirWriteFileOp.java:172)
	at org.apache.hadoop.hdfs.server.namenode.FSNamesystem.getAdditionalBlock(FSNamesystem.java:2679)
	at org.apache.hadoop.hdfs.server.namenode.NameNodeRpcServer.addBlock(NameNodeRpcServer.java:875)
	at org.apache.hadoop.hdfs.protocolPB.ClientNamenodeProtocolServerSideTranslatorPB.addBlock(ClientNamenodeProtocolServerSideTranslatorPB.java:561)
	at org.apache.hadoop.hdfs.protocol.proto.ClientNamenodeProtocolProtos$ClientNamenodeProtocol$2.callBlockingMethod(ClientNamenodeProtocolProtos.java)
	at org.apache.hadoop.ipc.ProtobufRpcEngine$Server$ProtoBufRpcInvoker.call(ProtobufRpcEngine.java:523)
	at org.apache.hadoop.ipc.RPC$Server.call(RPC.java:991)
	at org.apache.hadoop.ipc.Server$RpcCall.run(Server.java:872)
	at org.apache.hadoop.ipc.Server$RpcCall.run(Server.java:818)
	at java.security.AccessController.doPrivileged(Native Method)
	at javax.security.auth.Subject.doAs(Subject.java:422)
	at org.apache.hadoop.security.UserGroupInformation.doAs(UserGroupInformation.java:1729)
	at org.apache.hadoop.ipc.Server$Handler.run(Server.java:2678)
Caused by: org.apache.hadoop.hdfs.server.namenode.SafeModeException: Cannot add block to /myfile7._COPYING_. Name node is in safe mode.
The reported blocks 53 has reached the threshold 0.9990 of total blocks 53. The number of live datanodes 3 has reached the minimum number 0. In safe mode extension. Safe mode will be turned off automatically in 17 seconds. NamenodeHostName:node-1-link-0
	at org.apache.hadoop.hdfs.server.namenode.FSNamesystem.newSafemodeException(FSNamesystem.java:1450)
	at org.apache.hadoop.hdfs.server.namenode.FSNamesystem.checkNameNodeSafeMode(FSNamesystem.java:1437)
	... 14 more
, while invoking ClientNamenodeProtocolTranslatorPB.addBlock over node-1-link-0/10.10.1.4:8020 after 3 failover attempts. Retrying after sleeping for 12594ms.
2019-02-20 11:39:32,924 INFO retry.RetryInvocationHandler: org.apache.hadoop.ipc.RemoteException(org.apache.hadoop.ipc.RetriableException): org.apache.hadoop.hdfs.server.namenode.SafeModeException: Cannot renew lease for DFSClient_NONMAPREDUCE_-1066511216_1. Name node is in safe mode.
The reported blocks 53 has reached the threshold 0.9990 of total blocks 53. The number of live datanodes 3 has reached the minimum number 0. In safe mode extension. Safe mode will be turned off automatically in 14 seconds. NamenodeHostName:node-1-link-0
	at org.apache.hadoop.hdfs.server.namenode.FSNamesystem.checkNameNodeSafeMode(FSNamesystem.java:1441)
	at org.apache.hadoop.hdfs.server.namenode.FSNamesystem.renewLease(FSNamesystem.java:3744)
	at org.apache.hadoop.hdfs.server.namenode.NameNodeRpcServer.renewLease(NameNodeRpcServer.java:1134)
	at org.apache.hadoop.hdfs.protocolPB.ClientNamenodeProtocolServerSideTranslatorPB.renewLease(ClientNamenodeProtocolServerSideTranslatorPB.java:737)
	at org.apache.hadoop.hdfs.protocol.proto.ClientNamenodeProtocolProtos$ClientNamenodeProtocol$2.callBlockingMethod(ClientNamenodeProtocolProtos.java)
	at org.apache.hadoop.ipc.ProtobufRpcEngine$Server$ProtoBufRpcInvoker.call(ProtobufRpcEngine.java:523)
	at org.apache.hadoop.ipc.RPC$Server.call(RPC.java:991)
	at org.apache.hadoop.ipc.Server$RpcCall.run(Server.java:872)
	at org.apache.hadoop.ipc.Server$RpcCall.run(Server.java:818)
	at java.security.AccessController.doPrivileged(Native Method)
	at javax.security.auth.Subject.doAs(Subject.java:422)
	at org.apache.hadoop.security.UserGroupInformation.doAs(UserGroupInformation.java:1729)
	at org.apache.hadoop.ipc.Server$Handler.run(Server.java:2678)
Caused by: org.apache.hadoop.hdfs.server.namenode.SafeModeException: Cannot renew lease for DFSClient_NONMAPREDUCE_-1066511216_1. Name node is in safe mode.
The reported blocks 53 has reached the threshold 0.9990 of total blocks 53. The number of live datanodes 3 has reached the minimum number 0. In safe mode extension. Safe mode will be turned off automatically in 14 seconds. NamenodeHostName:node-1-link-0
	at org.apache.hadoop.hdfs.server.namenode.FSNamesystem.newSafemodeException(FSNamesystem.java:1450)
	at org.apache.hadoop.hdfs.server.namenode.FSNamesystem.checkNameNodeSafeMode(FSNamesystem.java:1437)
	... 12 more
, while invoking ClientNamenodeProtocolTranslatorPB.renewLease over node-1-link-0/10.10.1.4:8020. Retrying after sleeping for 8274ms.
2019-02-20 11:39:41,201 INFO retry.RetryInvocationHandler: org.apache.hadoop.ipc.RemoteException(org.apache.hadoop.ipc.RetriableException): org.apache.hadoop.hdfs.server.namenode.SafeModeException: Cannot renew lease for DFSClient_NONMAPREDUCE_-1066511216_1. Name node is in safe mode.
The reported blocks 53 has reached the threshold 0.9990 of total blocks 53. The number of live datanodes 3 has reached the minimum number 0. In safe mode extension. Safe mode will be turned off automatically in 6 seconds. NamenodeHostName:node-1-link-0
	at org.apache.hadoop.hdfs.server.namenode.FSNamesystem.checkNameNodeSafeMode(FSNamesystem.java:1441)
	at org.apache.hadoop.hdfs.server.namenode.FSNamesystem.renewLease(FSNamesystem.java:3744)
	at org.apache.hadoop.hdfs.server.namenode.NameNodeRpcServer.renewLease(NameNodeRpcServer.java:1134)
	at org.apache.hadoop.hdfs.protocolPB.ClientNamenodeProtocolServerSideTranslatorPB.renewLease(ClientNamenodeProtocolServerSideTranslatorPB.java:737)
	at org.apache.hadoop.hdfs.protocol.proto.ClientNamenodeProtocolProtos$ClientNamenodeProtocol$2.callBlockingMethod(ClientNamenodeProtocolProtos.java)
	at org.apache.hadoop.ipc.ProtobufRpcEngine$Server$ProtoBufRpcInvoker.call(ProtobufRpcEngine.java:523)
	at org.apache.hadoop.ipc.RPC$Server.call(RPC.java:991)
	at org.apache.hadoop.ipc.Server$RpcCall.run(Server.java:872)
	at org.apache.hadoop.ipc.Server$RpcCall.run(Server.java:818)
	at java.security.AccessController.doPrivileged(Native Method)
	at javax.security.auth.Subject.doAs(Subject.java:422)
	at org.apache.hadoop.security.UserGroupInformation.doAs(UserGroupInformation.java:1729)
	at org.apache.hadoop.ipc.Server$Handler.run(Server.java:2678)
Caused by: org.apache.hadoop.hdfs.server.namenode.SafeModeException: Cannot renew lease for DFSClient_NONMAPREDUCE_-1066511216_1. Name node is in safe mode.
The reported blocks 53 has reached the threshold 0.9990 of total blocks 53. The number of live datanodes 3 has reached the minimum number 0. In safe mode extension. Safe mode will be turned off automatically in 6 seconds. NamenodeHostName:node-1-link-0
	at org.apache.hadoop.hdfs.server.namenode.FSNamesystem.newSafemodeException(FSNamesystem.java:1450)
	at org.apache.hadoop.hdfs.server.namenode.FSNamesystem.checkNameNodeSafeMode(FSNamesystem.java:1437)
	... 12 more
, while invoking ClientNamenodeProtocolTranslatorPB.renewLease over node-1-link-0/10.10.1.4:8020. Retrying after sleeping for 22249ms.
2019-02-20 11:39:42,632 INFO retry.RetryInvocationHandler: org.apache.hadoop.ipc.RemoteException(org.apache.hadoop.ipc.RetriableException): org.apache.hadoop.hdfs.server.namenode.SafeModeException: Cannot add block to /myfile7._COPYING_. Name node is in safe mode.
The reported blocks 53 has reached the threshold 0.9990 of total blocks 53. The number of live datanodes 3 has reached the minimum number 0. In safe mode extension. Safe mode will be turned off automatically in 4 seconds. NamenodeHostName:node-1-link-0
	at org.apache.hadoop.hdfs.server.namenode.FSNamesystem.checkNameNodeSafeMode(FSNamesystem.java:1441)
	at org.apache.hadoop.hdfs.server.namenode.FSDirWriteFileOp.analyzeFileState(FSDirWriteFileOp.java:591)
	at org.apache.hadoop.hdfs.server.namenode.FSDirWriteFileOp.validateAddBlock(FSDirWriteFileOp.java:172)
	at org.apache.hadoop.hdfs.server.namenode.FSNamesystem.getAdditionalBlock(FSNamesystem.java:2679)
	at org.apache.hadoop.hdfs.server.namenode.NameNodeRpcServer.addBlock(NameNodeRpcServer.java:875)
	at org.apache.hadoop.hdfs.protocolPB.ClientNamenodeProtocolServerSideTranslatorPB.addBlock(ClientNamenodeProtocolServerSideTranslatorPB.java:561)
	at org.apache.hadoop.hdfs.protocol.proto.ClientNamenodeProtocolProtos$ClientNamenodeProtocol$2.callBlockingMethod(ClientNamenodeProtocolProtos.java)
	at org.apache.hadoop.ipc.ProtobufRpcEngine$Server$ProtoBufRpcInvoker.call(ProtobufRpcEngine.java:523)
	at org.apache.hadoop.ipc.RPC$Server.call(RPC.java:991)
	at org.apache.hadoop.ipc.Server$RpcCall.run(Server.java:872)
	at org.apache.hadoop.ipc.Server$RpcCall.run(Server.java:818)
	at java.security.AccessController.doPrivileged(Native Method)
	at javax.security.auth.Subject.doAs(Subject.java:422)
	at org.apache.hadoop.security.UserGroupInformation.doAs(UserGroupInformation.java:1729)
	at org.apache.hadoop.ipc.Server$Handler.run(Server.java:2678)
Caused by: org.apache.hadoop.hdfs.server.namenode.SafeModeException: Cannot add block to /myfile7._COPYING_. Name node is in safe mode.
The reported blocks 53 has reached the threshold 0.9990 of total blocks 53. The number of live datanodes 3 has reached the minimum number 0. In safe mode extension. Safe mode will be turned off automatically in 4 seconds. NamenodeHostName:node-1-link-0
	at org.apache.hadoop.hdfs.server.namenode.FSNamesystem.newSafemodeException(FSNamesystem.java:1450)
	at org.apache.hadoop.hdfs.server.namenode.FSNamesystem.checkNameNodeSafeMode(FSNamesystem.java:1437)
	... 14 more
, while invoking ClientNamenodeProtocolTranslatorPB.addBlock over node-1-link-0/10.10.1.4:8020 after 3 failover attempts. Retrying after sleeping for 10534ms.
Found 20 items
-rw-r--r--   3 root supergroup 1073741824 2019-02-20 11:39 /myfile1
-rw-r--r--   3 root supergroup 1073741824 2019-02-20 11:39 /myfile10
-rw-r--r--   3 root supergroup  402653184 2019-02-20 11:38 /myfile11._COPYING_
-rw-r--r--   3 root supergroup  402653184 2019-02-20 11:38 /myfile12._COPYING_
-rw-r--r--   3 root supergroup  536870912 2019-02-20 11:38 /myfile13._COPYING_
-rw-r--r--   3 root supergroup 1073741824 2019-02-20 11:39 /myfile14
-rw-r--r--   3 root supergroup  671088640 2019-02-20 11:38 /myfile15._COPYING_
-rw-r--r--   3 root supergroup 1073741824 2019-02-20 11:39 /myfile16
-rw-r--r--   3 root supergroup  402653184 2019-02-20 11:39 /myfile17._COPYING_
-rw-r--r--   3 root supergroup  805306368 2019-02-20 11:38 /myfile18._COPYING_
-rw-r--r--   3 root supergroup  268435456 2019-02-20 11:39 /myfile19._COPYING_
-rw-r--r--   3 root supergroup 1073741824 2019-02-20 11:39 /myfile2
-rw-r--r--   3 root supergroup 1073741824 2019-02-20 11:39 /myfile20
-rw-r--r--   3 root supergroup  939524096 2019-02-20 11:38 /myfile3._COPYING_
-rw-r--r--   3 root supergroup 1073741824 2019-02-20 11:39 /myfile4
-rw-r--r--   3 root supergroup  671088640 2019-02-20 11:39 /myfile5._COPYING_
-rw-r--r--   3 root supergroup          0 2019-02-20 11:39 /myfile6._COPYING_
-rw-r--r--   3 root supergroup 1073741824 2019-02-20 11:39 /myfile7
-rw-r--r--   3 root supergroup  939524096 2019-02-20 11:39 /myfile8._COPYING_
-rw-r--r--   3 root supergroup 1073741824 2019-02-20 11:39 /myfile9
file 7 has been put into HDFS
file 7 has been read from HDFS for 1 time
diff succeed!
file 7 has been read from HDFS for 2 time
diff succeed!
file 7 has been read from HDFS for 3 time
diff succeed!
file 7 has been read from HDFS for 4 time
diff succeed!
file 7 has been read from HDFS for 5 time
diff succeed!
file 7 has been read from HDFS for 6 time
diff succeed!
file 7 has been read from HDFS for 7 time
diff succeed!
file 7 has been read from HDFS for 8 time
diff succeed!
file 7 has been read from HDFS for 9 time
diff succeed!
file 7 has been read from HDFS for 10 time
diff succeed!
Deleted /myfile7
file 7 has been removed from HDFS
Found 15 items
-rw-r--r--   3 root supergroup 1073741824 2019-02-20 11:43 /myfile1
-rw-r--r--   3 root supergroup 1073741824 2019-02-20 11:43 /myfile10
-rw-r--r--   3 root supergroup 1073741824 2019-02-20 11:43 /myfile11
-rw-r--r--   3 root supergroup 1073741824 2019-02-20 11:40 /myfile13
-rw-r--r--   3 root supergroup 1073741824 2019-02-20 11:43 /myfile14
-rw-r--r--   3 root supergroup 1073741824 2019-02-20 11:43 /myfile16
-rw-r--r--   3 root supergroup 1073741824 2019-02-20 11:43 /myfile17
-rw-r--r--   3 root supergroup 1073741824 2019-02-20 11:43 /myfile18
-rw-r--r--   3 root supergroup 1073741824 2019-02-20 11:43 /myfile2
-rw-r--r--   3 root supergroup 1073741824 2019-02-20 11:43 /myfile20
-rw-r--r--   3 root supergroup 1073741824 2019-02-20 11:43 /myfile3
-rw-r--r--   3 root supergroup 1073741824 2019-02-20 11:43 /myfile4
-rw-r--r--   3 root supergroup 1073741824 2019-02-20 11:43 /myfile7
-rw-r--r--   3 root supergroup 1073741824 2019-02-20 11:43 /myfile8
-rw-r--r--   3 root supergroup 1073741824 2019-02-20 11:43 /myfile9
file 7 has been put into HDFS
file 7 has been read from HDFS for 1 time
diff succeed!
file 7 has been read from HDFS for 2 time
diff succeed!
file 7 has been read from HDFS for 3 time
diff succeed!
file 7 has been read from HDFS for 4 time
diff succeed!
file 7 has been read from HDFS for 5 time
diff succeed!
file 7 has been read from HDFS for 6 time
diff succeed!
file 7 has been read from HDFS for 7 time
diff succeed!
file 7 has been read from HDFS for 8 time
diff succeed!
file 7 has been read from HDFS for 9 time
diff succeed!
file 7 has been read from HDFS for 10 time
diff succeed!
Deleted /myfile7
file 7 has been removed from HDFS
Found 20 items
-rw-r--r--   3 root supergroup 1073741824 2019-02-20 11:47 /myfile1
-rw-r--r--   3 root supergroup 1073741824 2019-02-20 11:48 /myfile10
-rw-r--r--   3 root supergroup 1073741824 2019-02-20 11:48 /myfile11
-rw-r--r--   3 root supergroup 1073741824 2019-02-20 11:44 /myfile12
-rw-r--r--   3 root supergroup 1073741824 2019-02-20 11:44 /myfile13
-rw-r--r--   3 root supergroup 1073741824 2019-02-20 11:48 /myfile14
-rw-r--r--   3 root supergroup 1073741824 2019-02-20 11:44 /myfile15
-rw-r--r--   3 root supergroup 1073741824 2019-02-20 11:48 /myfile16
-rw-r--r--   3 root supergroup 1073741824 2019-02-20 11:48 /myfile17
-rw-r--r--   3 root supergroup 1073741824 2019-02-20 11:48 /myfile18
-rw-r--r--   3 root supergroup 1073741824 2019-02-20 11:44 /myfile19
-rw-r--r--   3 root supergroup 1073741824 2019-02-20 11:48 /myfile2
-rw-r--r--   3 root supergroup 1073741824 2019-02-20 11:48 /myfile20
-rw-r--r--   3 root supergroup 1073741824 2019-02-20 11:48 /myfile3
-rw-r--r--   3 root supergroup 1073741824 2019-02-20 11:48 /myfile4
-rw-r--r--   3 root supergroup          0 2019-02-20 11:48 /myfile5._COPYING_
-rw-r--r--   3 root supergroup 1073741824 2019-02-20 11:44 /myfile6
-rw-r--r--   3 root supergroup 1073741824 2019-02-20 11:48 /myfile7
-rw-r--r--   3 root supergroup 1073741824 2019-02-20 11:48 /myfile8
-rw-r--r--   3 root supergroup 1073741824 2019-02-20 11:48 /myfile9
file 7 has been put into HDFS
file 7 has been read from HDFS for 1 time
diff succeed!
file 7 has been read from HDFS for 2 time
diff succeed!
file 7 has been read from HDFS for 3 time
diff succeed!
file 7 has been read from HDFS for 4 time
diff succeed!
file 7 has been read from HDFS for 5 time
diff succeed!
file 7 has been read from HDFS for 6 time
diff succeed!
file 7 has been read from HDFS for 7 time
diff succeed!
file 7 has been read from HDFS for 8 time
diff succeed!
file 7 has been read from HDFS for 9 time
diff succeed!
file 7 has been read from HDFS for 10 time
diff succeed!
Deleted /myfile7
file 7 has been removed from HDFS
Found 20 items
-rw-r--r--   3 root supergroup 1073741824 2019-02-20 11:52 /myfile1
-rw-r--r--   3 root supergroup 1073741824 2019-02-20 11:52 /myfile10
-rw-r--r--   3 root supergroup 1073741824 2019-02-20 11:52 /myfile11
-rw-r--r--   3 root supergroup 1073741824 2019-02-20 11:49 /myfile12
-rw-r--r--   3 root supergroup 1073741824 2019-02-20 11:49 /myfile13
-rw-r--r--   3 root supergroup 1073741824 2019-02-20 11:52 /myfile14
-rw-r--r--   3 root supergroup 1073741824 2019-02-20 11:49 /myfile15
-rw-r--r--   3 root supergroup 1073741824 2019-02-20 11:52 /myfile16
-rw-r--r--   3 root supergroup 1073741824 2019-02-20 11:52 /myfile17
-rw-r--r--   3 root supergroup 1073741824 2019-02-20 11:52 /myfile18
-rw-r--r--   3 root supergroup 1073741824 2019-02-20 11:49 /myfile19
-rw-r--r--   3 root supergroup 1073741824 2019-02-20 11:52 /myfile2
-rw-r--r--   3 root supergroup 1073741824 2019-02-20 11:52 /myfile20
-rw-r--r--   3 root supergroup 1073741824 2019-02-20 11:52 /myfile3
-rw-r--r--   3 root supergroup 1073741824 2019-02-20 11:52 /myfile4
-rw-r--r--   3 root supergroup 1073741824 2019-02-20 11:52 /myfile5
-rw-r--r--   3 root supergroup 1073741824 2019-02-20 11:49 /myfile6
-rw-r--r--   3 root supergroup 1073741824 2019-02-20 11:52 /myfile7
-rw-r--r--   3 root supergroup 1073741824 2019-02-20 11:52 /myfile8
-rw-r--r--   3 root supergroup 1073741824 2019-02-20 11:52 /myfile9
file 7 has been put into HDFS
file 7 has been read from HDFS for 1 time
diff succeed!
file 7 has been read from HDFS for 2 time
diff succeed!
file 7 has been read from HDFS for 3 time
diff succeed!
file 7 has been read from HDFS for 4 time
diff succeed!
file 7 has been read from HDFS for 5 time
diff succeed!
file 7 has been read from HDFS for 6 time
diff succeed!
file 7 has been read from HDFS for 7 time
diff succeed!
file 7 has been read from HDFS for 8 time
diff succeed!
file 7 has been read from HDFS for 9 time
diff succeed!
file 7 has been read from HDFS for 10 time
diff succeed!
Deleted /myfile7
file 7 has been removed from HDFS
Found 20 items
-rw-r--r--   3 root supergroup 1073741824 2019-02-20 11:56 /myfile1
-rw-r--r--   3 root supergroup 1073741824 2019-02-20 11:56 /myfile10
-rw-r--r--   3 root supergroup 1073741824 2019-02-20 11:57 /myfile11
-rw-r--r--   3 root supergroup 1073741824 2019-02-20 11:53 /myfile12
-rw-r--r--   3 root supergroup 1073741824 2019-02-20 11:53 /myfile13
-rw-r--r--   3 root supergroup 1073741824 2019-02-20 11:56 /myfile14
-rw-r--r--   3 root supergroup 1073741824 2019-02-20 11:53 /myfile15
-rw-r--r--   3 root supergroup 1073741824 2019-02-20 11:57 /myfile16
-rw-r--r--   3 root supergroup 1073741824 2019-02-20 11:57 /myfile17
-rw-r--r--   3 root supergroup 1073741824 2019-02-20 11:57 /myfile18
-rw-r--r--   3 root supergroup  402653184 2019-02-20 11:56 /myfile19._COPYING_
-rw-r--r--   3 root supergroup  939524096 2019-02-20 11:56 /myfile2._COPYING_
-rw-r--r--   3 root supergroup 1073741824 2019-02-20 11:57 /myfile20
-rw-r--r--   3 root supergroup 1073741824 2019-02-20 11:57 /myfile3
-rw-r--r--   3 root supergroup 1073741824 2019-02-20 11:57 /myfile4
-rw-r--r--   3 root supergroup 1073741824 2019-02-20 11:57 /myfile5
-rw-r--r--   3 root supergroup 1073741824 2019-02-20 11:53 /myfile6
-rw-r--r--   3 root supergroup 1073741824 2019-02-20 11:57 /myfile7
-rw-r--r--   3 root supergroup  805306368 2019-02-20 11:56 /myfile8._COPYING_
-rw-r--r--   3 root supergroup 1073741824 2019-02-20 11:56 /myfile9
file 7 has been put into HDFS
file 7 has been read from HDFS for 1 time
diff succeed!
file 7 has been read from HDFS for 2 time
diff succeed!
file 7 has been read from HDFS for 3 time
diff succeed!
file 7 has been read from HDFS for 4 time
diff succeed!
file 7 has been read from HDFS for 5 time
diff succeed!
file 7 has been read from HDFS for 6 time
diff succeed!
file 7 has been read from HDFS for 7 time
diff succeed!
file 7 has been read from HDFS for 8 time
diff succeed!
file 7 has been read from HDFS for 9 time
diff succeed!
file 7 has been read from HDFS for 10 time
diff succeed!
Deleted /myfile7
file 7 has been removed from HDFS
2019-02-20 12:01:26,869 INFO retry.RetryInvocationHandler: java.io.EOFException: End of File Exception between local host is: "clnode049.clemson.cloudlab.us/130.127.133.58"; destination host is: "node-0-link-0":8020; : java.io.EOFException; For more details see:  http://wiki.apache.org/hadoop/EOFException, while invoking ClientNamenodeProtocolTranslatorPB.addBlock over node-0-link-0/10.10.1.1:8020. Trying to failover immediately.
2019-02-20 12:01:26,880 INFO retry.RetryInvocationHandler: org.apache.hadoop.ipc.RemoteException(org.apache.hadoop.ipc.RetriableException): org.apache.hadoop.hdfs.server.namenode.SafeModeException: Cannot add block to /myfile7._COPYING_. Name node is in safe mode.
The reported blocks 131 has reached the threshold 0.9990 of total blocks 131. The number of live datanodes 3 has reached the minimum number 0. In safe mode extension. Safe mode will be turned off automatically in 28 seconds. NamenodeHostName:node-1-link-0
	at org.apache.hadoop.hdfs.server.namenode.FSNamesystem.checkNameNodeSafeMode(FSNamesystem.java:1441)
	at org.apache.hadoop.hdfs.server.namenode.FSDirWriteFileOp.analyzeFileState(FSDirWriteFileOp.java:591)
	at org.apache.hadoop.hdfs.server.namenode.FSDirWriteFileOp.validateAddBlock(FSDirWriteFileOp.java:172)
	at org.apache.hadoop.hdfs.server.namenode.FSNamesystem.getAdditionalBlock(FSNamesystem.java:2679)
	at org.apache.hadoop.hdfs.server.namenode.NameNodeRpcServer.addBlock(NameNodeRpcServer.java:875)
	at org.apache.hadoop.hdfs.protocolPB.ClientNamenodeProtocolServerSideTranslatorPB.addBlock(ClientNamenodeProtocolServerSideTranslatorPB.java:561)
	at org.apache.hadoop.hdfs.protocol.proto.ClientNamenodeProtocolProtos$ClientNamenodeProtocol$2.callBlockingMethod(ClientNamenodeProtocolProtos.java)
	at org.apache.hadoop.ipc.ProtobufRpcEngine$Server$ProtoBufRpcInvoker.call(ProtobufRpcEngine.java:523)
	at org.apache.hadoop.ipc.RPC$Server.call(RPC.java:991)
	at org.apache.hadoop.ipc.Server$RpcCall.run(Server.java:872)
	at org.apache.hadoop.ipc.Server$RpcCall.run(Server.java:818)
	at java.security.AccessController.doPrivileged(Native Method)
	at javax.security.auth.Subject.doAs(Subject.java:422)
	at org.apache.hadoop.security.UserGroupInformation.doAs(UserGroupInformation.java:1729)
	at org.apache.hadoop.ipc.Server$Handler.run(Server.java:2678)
Caused by: org.apache.hadoop.hdfs.server.namenode.SafeModeException: Cannot add block to /myfile7._COPYING_. Name node is in safe mode.
The reported blocks 131 has reached the threshold 0.9990 of total blocks 131. The number of live datanodes 3 has reached the minimum number 0. In safe mode extension. Safe mode will be turned off automatically in 28 seconds. NamenodeHostName:node-1-link-0
	at org.apache.hadoop.hdfs.server.namenode.FSNamesystem.newSafemodeException(FSNamesystem.java:1450)
	at org.apache.hadoop.hdfs.server.namenode.FSNamesystem.checkNameNodeSafeMode(FSNamesystem.java:1437)
	... 14 more
, while invoking ClientNamenodeProtocolTranslatorPB.addBlock over node-1-link-0/10.10.1.4:8020 after 1 failover attempts. Retrying after sleeping for 1386ms.
2019-02-20 12:01:28,269 INFO retry.RetryInvocationHandler: org.apache.hadoop.ipc.RemoteException(org.apache.hadoop.ipc.RetriableException): org.apache.hadoop.hdfs.server.namenode.SafeModeException: Cannot add block to /myfile7._COPYING_. Name node is in safe mode.
The reported blocks 131 has reached the threshold 0.9990 of total blocks 131. The number of live datanodes 3 has reached the minimum number 0. In safe mode extension. Safe mode will be turned off automatically in 27 seconds. NamenodeHostName:node-1-link-0
	at org.apache.hadoop.hdfs.server.namenode.FSNamesystem.checkNameNodeSafeMode(FSNamesystem.java:1441)
	at org.apache.hadoop.hdfs.server.namenode.FSDirWriteFileOp.analyzeFileState(FSDirWriteFileOp.java:591)
	at org.apache.hadoop.hdfs.server.namenode.FSDirWriteFileOp.validateAddBlock(FSDirWriteFileOp.java:172)
	at org.apache.hadoop.hdfs.server.namenode.FSNamesystem.getAdditionalBlock(FSNamesystem.java:2679)
	at org.apache.hadoop.hdfs.server.namenode.NameNodeRpcServer.addBlock(NameNodeRpcServer.java:875)
	at org.apache.hadoop.hdfs.protocolPB.ClientNamenodeProtocolServerSideTranslatorPB.addBlock(ClientNamenodeProtocolServerSideTranslatorPB.java:561)
	at org.apache.hadoop.hdfs.protocol.proto.ClientNamenodeProtocolProtos$ClientNamenodeProtocol$2.callBlockingMethod(ClientNamenodeProtocolProtos.java)
	at org.apache.hadoop.ipc.ProtobufRpcEngine$Server$ProtoBufRpcInvoker.call(ProtobufRpcEngine.java:523)
	at org.apache.hadoop.ipc.RPC$Server.call(RPC.java:991)
	at org.apache.hadoop.ipc.Server$RpcCall.run(Server.java:872)
	at org.apache.hadoop.ipc.Server$RpcCall.run(Server.java:818)
	at java.security.AccessController.doPrivileged(Native Method)
	at javax.security.auth.Subject.doAs(Subject.java:422)
	at org.apache.hadoop.security.UserGroupInformation.doAs(UserGroupInformation.java:1729)
	at org.apache.hadoop.ipc.Server$Handler.run(Server.java:2678)
Caused by: org.apache.hadoop.hdfs.server.namenode.SafeModeException: Cannot add block to /myfile7._COPYING_. Name node is in safe mode.
The reported blocks 131 has reached the threshold 0.9990 of total blocks 131. The number of live datanodes 3 has reached the minimum number 0. In safe mode extension. Safe mode will be turned off automatically in 27 seconds. NamenodeHostName:node-1-link-0
	at org.apache.hadoop.hdfs.server.namenode.FSNamesystem.newSafemodeException(FSNamesystem.java:1450)
	at org.apache.hadoop.hdfs.server.namenode.FSNamesystem.checkNameNodeSafeMode(FSNamesystem.java:1437)
	... 14 more
, while invoking ClientNamenodeProtocolTranslatorPB.addBlock over node-1-link-0/10.10.1.4:8020 after 1 failover attempts. Retrying after sleeping for 2124ms.
2019-02-20 12:01:30,396 INFO retry.RetryInvocationHandler: org.apache.hadoop.ipc.RemoteException(org.apache.hadoop.ipc.RetriableException): org.apache.hadoop.hdfs.server.namenode.SafeModeException: Cannot add block to /myfile7._COPYING_. Name node is in safe mode.
The reported blocks 131 has reached the threshold 0.9990 of total blocks 131. The number of live datanodes 3 has reached the minimum number 0. In safe mode extension. Safe mode will be turned off automatically in 24 seconds. NamenodeHostName:node-1-link-0
	at org.apache.hadoop.hdfs.server.namenode.FSNamesystem.checkNameNodeSafeMode(FSNamesystem.java:1441)
	at org.apache.hadoop.hdfs.server.namenode.FSDirWriteFileOp.analyzeFileState(FSDirWriteFileOp.java:591)
	at org.apache.hadoop.hdfs.server.namenode.FSDirWriteFileOp.validateAddBlock(FSDirWriteFileOp.java:172)
	at org.apache.hadoop.hdfs.server.namenode.FSNamesystem.getAdditionalBlock(FSNamesystem.java:2679)
	at org.apache.hadoop.hdfs.server.namenode.NameNodeRpcServer.addBlock(NameNodeRpcServer.java:875)
	at org.apache.hadoop.hdfs.protocolPB.ClientNamenodeProtocolServerSideTranslatorPB.addBlock(ClientNamenodeProtocolServerSideTranslatorPB.java:561)
	at org.apache.hadoop.hdfs.protocol.proto.ClientNamenodeProtocolProtos$ClientNamenodeProtocol$2.callBlockingMethod(ClientNamenodeProtocolProtos.java)
	at org.apache.hadoop.ipc.ProtobufRpcEngine$Server$ProtoBufRpcInvoker.call(ProtobufRpcEngine.java:523)
	at org.apache.hadoop.ipc.RPC$Server.call(RPC.java:991)
	at org.apache.hadoop.ipc.Server$RpcCall.run(Server.java:872)
	at org.apache.hadoop.ipc.Server$RpcCall.run(Server.java:818)
	at java.security.AccessController.doPrivileged(Native Method)
	at javax.security.auth.Subject.doAs(Subject.java:422)
	at org.apache.hadoop.security.UserGroupInformation.doAs(UserGroupInformation.java:1729)
	at org.apache.hadoop.ipc.Server$Handler.run(Server.java:2678)
Caused by: org.apache.hadoop.hdfs.server.namenode.SafeModeException: Cannot add block to /myfile7._COPYING_. Name node is in safe mode.
The reported blocks 131 has reached the threshold 0.9990 of total blocks 131. The number of live datanodes 3 has reached the minimum number 0. In safe mode extension. Safe mode will be turned off automatically in 24 seconds. NamenodeHostName:node-1-link-0
	at org.apache.hadoop.hdfs.server.namenode.FSNamesystem.newSafemodeException(FSNamesystem.java:1450)
	at org.apache.hadoop.hdfs.server.namenode.FSNamesystem.checkNameNodeSafeMode(FSNamesystem.java:1437)
	... 14 more
, while invoking ClientNamenodeProtocolTranslatorPB.addBlock over node-1-link-0/10.10.1.4:8020 after 1 failover attempts. Retrying after sleeping for 5783ms.
2019-02-20 12:01:36,186 INFO retry.RetryInvocationHandler: org.apache.hadoop.ipc.RemoteException(org.apache.hadoop.ipc.RetriableException): org.apache.hadoop.hdfs.server.namenode.SafeModeException: Cannot add block to /myfile7._COPYING_. Name node is in safe mode.
The reported blocks 131 has reached the threshold 0.9990 of total blocks 131. The number of live datanodes 3 has reached the minimum number 0. In safe mode extension. Safe mode will be turned off automatically in 19 seconds. NamenodeHostName:node-1-link-0
	at org.apache.hadoop.hdfs.server.namenode.FSNamesystem.checkNameNodeSafeMode(FSNamesystem.java:1441)
	at org.apache.hadoop.hdfs.server.namenode.FSDirWriteFileOp.analyzeFileState(FSDirWriteFileOp.java:591)
	at org.apache.hadoop.hdfs.server.namenode.FSDirWriteFileOp.validateAddBlock(FSDirWriteFileOp.java:172)
	at org.apache.hadoop.hdfs.server.namenode.FSNamesystem.getAdditionalBlock(FSNamesystem.java:2679)
	at org.apache.hadoop.hdfs.server.namenode.NameNodeRpcServer.addBlock(NameNodeRpcServer.java:875)
	at org.apache.hadoop.hdfs.protocolPB.ClientNamenodeProtocolServerSideTranslatorPB.addBlock(ClientNamenodeProtocolServerSideTranslatorPB.java:561)
	at org.apache.hadoop.hdfs.protocol.proto.ClientNamenodeProtocolProtos$ClientNamenodeProtocol$2.callBlockingMethod(ClientNamenodeProtocolProtos.java)
	at org.apache.hadoop.ipc.ProtobufRpcEngine$Server$ProtoBufRpcInvoker.call(ProtobufRpcEngine.java:523)
	at org.apache.hadoop.ipc.RPC$Server.call(RPC.java:991)
	at org.apache.hadoop.ipc.Server$RpcCall.run(Server.java:872)
	at org.apache.hadoop.ipc.Server$RpcCall.run(Server.java:818)
	at java.security.AccessController.doPrivileged(Native Method)
	at javax.security.auth.Subject.doAs(Subject.java:422)
	at org.apache.hadoop.security.UserGroupInformation.doAs(UserGroupInformation.java:1729)
	at org.apache.hadoop.ipc.Server$Handler.run(Server.java:2678)
Caused by: org.apache.hadoop.hdfs.server.namenode.SafeModeException: Cannot add block to /myfile7._COPYING_. Name node is in safe mode.
The reported blocks 131 has reached the threshold 0.9990 of total blocks 131. The number of live datanodes 3 has reached the minimum number 0. In safe mode extension. Safe mode will be turned off automatically in 19 seconds. NamenodeHostName:node-1-link-0
	at org.apache.hadoop.hdfs.server.namenode.FSNamesystem.newSafemodeException(FSNamesystem.java:1450)
	at org.apache.hadoop.hdfs.server.namenode.FSNamesystem.checkNameNodeSafeMode(FSNamesystem.java:1437)
	... 14 more
, while invoking ClientNamenodeProtocolTranslatorPB.addBlock over node-1-link-0/10.10.1.4:8020 after 1 failover attempts. Retrying after sleeping for 5705ms.
2019-02-20 12:01:41,292 INFO retry.RetryInvocationHandler: org.apache.hadoop.ipc.RemoteException(org.apache.hadoop.ipc.RetriableException): org.apache.hadoop.hdfs.server.namenode.SafeModeException: Cannot renew lease for DFSClient_NONMAPREDUCE_889549229_1. Name node is in safe mode.
The reported blocks 131 has reached the threshold 0.9990 of total blocks 131. The number of live datanodes 3 has reached the minimum number 0. In safe mode extension. Safe mode will be turned off automatically in 14 seconds. NamenodeHostName:node-1-link-0
	at org.apache.hadoop.hdfs.server.namenode.FSNamesystem.checkNameNodeSafeMode(FSNamesystem.java:1441)
	at org.apache.hadoop.hdfs.server.namenode.FSNamesystem.renewLease(FSNamesystem.java:3744)
	at org.apache.hadoop.hdfs.server.namenode.NameNodeRpcServer.renewLease(NameNodeRpcServer.java:1134)
	at org.apache.hadoop.hdfs.protocolPB.ClientNamenodeProtocolServerSideTranslatorPB.renewLease(ClientNamenodeProtocolServerSideTranslatorPB.java:737)
	at org.apache.hadoop.hdfs.protocol.proto.ClientNamenodeProtocolProtos$ClientNamenodeProtocol$2.callBlockingMethod(ClientNamenodeProtocolProtos.java)
	at org.apache.hadoop.ipc.ProtobufRpcEngine$Server$ProtoBufRpcInvoker.call(ProtobufRpcEngine.java:523)
	at org.apache.hadoop.ipc.RPC$Server.call(RPC.java:991)
	at org.apache.hadoop.ipc.Server$RpcCall.run(Server.java:872)
	at org.apache.hadoop.ipc.Server$RpcCall.run(Server.java:818)
	at java.security.AccessController.doPrivileged(Native Method)
	at javax.security.auth.Subject.doAs(Subject.java:422)
	at org.apache.hadoop.security.UserGroupInformation.doAs(UserGroupInformation.java:1729)
	at org.apache.hadoop.ipc.Server$Handler.run(Server.java:2678)
Caused by: org.apache.hadoop.hdfs.server.namenode.SafeModeException: Cannot renew lease for DFSClient_NONMAPREDUCE_889549229_1. Name node is in safe mode.
The reported blocks 131 has reached the threshold 0.9990 of total blocks 131. The number of live datanodes 3 has reached the minimum number 0. In safe mode extension. Safe mode will be turned off automatically in 14 seconds. NamenodeHostName:node-1-link-0
	at org.apache.hadoop.hdfs.server.namenode.FSNamesystem.newSafemodeException(FSNamesystem.java:1450)
	at org.apache.hadoop.hdfs.server.namenode.FSNamesystem.checkNameNodeSafeMode(FSNamesystem.java:1437)
	... 12 more
, while invoking ClientNamenodeProtocolTranslatorPB.renewLease over node-1-link-0/10.10.1.4:8020. Retrying immediately.
2019-02-20 12:01:41,294 INFO retry.RetryInvocationHandler: org.apache.hadoop.ipc.RemoteException(org.apache.hadoop.ipc.RetriableException): org.apache.hadoop.hdfs.server.namenode.SafeModeException: Cannot renew lease for DFSClient_NONMAPREDUCE_889549229_1. Name node is in safe mode.
The reported blocks 131 has reached the threshold 0.9990 of total blocks 131. The number of live datanodes 3 has reached the minimum number 0. In safe mode extension. Safe mode will be turned off automatically in 14 seconds. NamenodeHostName:node-1-link-0
	at org.apache.hadoop.hdfs.server.namenode.FSNamesystem.checkNameNodeSafeMode(FSNamesystem.java:1441)
	at org.apache.hadoop.hdfs.server.namenode.FSNamesystem.renewLease(FSNamesystem.java:3744)
	at org.apache.hadoop.hdfs.server.namenode.NameNodeRpcServer.renewLease(NameNodeRpcServer.java:1134)
	at org.apache.hadoop.hdfs.protocolPB.ClientNamenodeProtocolServerSideTranslatorPB.renewLease(ClientNamenodeProtocolServerSideTranslatorPB.java:737)
	at org.apache.hadoop.hdfs.protocol.proto.ClientNamenodeProtocolProtos$ClientNamenodeProtocol$2.callBlockingMethod(ClientNamenodeProtocolProtos.java)
	at org.apache.hadoop.ipc.ProtobufRpcEngine$Server$ProtoBufRpcInvoker.call(ProtobufRpcEngine.java:523)
	at org.apache.hadoop.ipc.RPC$Server.call(RPC.java:991)
	at org.apache.hadoop.ipc.Server$RpcCall.run(Server.java:872)
	at org.apache.hadoop.ipc.Server$RpcCall.run(Server.java:818)
	at java.security.AccessController.doPrivileged(Native Method)
	at javax.security.auth.Subject.doAs(Subject.java:422)
	at org.apache.hadoop.security.UserGroupInformation.doAs(UserGroupInformation.java:1729)
	at org.apache.hadoop.ipc.Server$Handler.run(Server.java:2678)
Caused by: org.apache.hadoop.hdfs.server.namenode.SafeModeException: Cannot renew lease for DFSClient_NONMAPREDUCE_889549229_1. Name node is in safe mode.
The reported blocks 131 has reached the threshold 0.9990 of total blocks 131. The number of live datanodes 3 has reached the minimum number 0. In safe mode extension. Safe mode will be turned off automatically in 14 seconds. NamenodeHostName:node-1-link-0
	at org.apache.hadoop.hdfs.server.namenode.FSNamesystem.newSafemodeException(FSNamesystem.java:1450)
	at org.apache.hadoop.hdfs.server.namenode.FSNamesystem.checkNameNodeSafeMode(FSNamesystem.java:1437)
	... 12 more
, while invoking ClientNamenodeProtocolTranslatorPB.renewLease over node-1-link-0/10.10.1.4:8020. Retrying after sleeping for 1212ms.
2019-02-20 12:01:41,893 INFO retry.RetryInvocationHandler: org.apache.hadoop.ipc.RemoteException(org.apache.hadoop.ipc.RetriableException): org.apache.hadoop.hdfs.server.namenode.SafeModeException: Cannot add block to /myfile7._COPYING_. Name node is in safe mode.
The reported blocks 131 has reached the threshold 0.9990 of total blocks 131. The number of live datanodes 3 has reached the minimum number 0. In safe mode extension. Safe mode will be turned off automatically in 13 seconds. NamenodeHostName:node-1-link-0
	at org.apache.hadoop.hdfs.server.namenode.FSNamesystem.checkNameNodeSafeMode(FSNamesystem.java:1441)
	at org.apache.hadoop.hdfs.server.namenode.FSDirWriteFileOp.analyzeFileState(FSDirWriteFileOp.java:591)
	at org.apache.hadoop.hdfs.server.namenode.FSDirWriteFileOp.validateAddBlock(FSDirWriteFileOp.java:172)
	at org.apache.hadoop.hdfs.server.namenode.FSNamesystem.getAdditionalBlock(FSNamesystem.java:2679)
	at org.apache.hadoop.hdfs.server.namenode.NameNodeRpcServer.addBlock(NameNodeRpcServer.java:875)
	at org.apache.hadoop.hdfs.protocolPB.ClientNamenodeProtocolServerSideTranslatorPB.addBlock(ClientNamenodeProtocolServerSideTranslatorPB.java:561)
	at org.apache.hadoop.hdfs.protocol.proto.ClientNamenodeProtocolProtos$ClientNamenodeProtocol$2.callBlockingMethod(ClientNamenodeProtocolProtos.java)
	at org.apache.hadoop.ipc.ProtobufRpcEngine$Server$ProtoBufRpcInvoker.call(ProtobufRpcEngine.java:523)
	at org.apache.hadoop.ipc.RPC$Server.call(RPC.java:991)
	at org.apache.hadoop.ipc.Server$RpcCall.run(Server.java:872)
	at org.apache.hadoop.ipc.Server$RpcCall.run(Server.java:818)
	at java.security.AccessController.doPrivileged(Native Method)
	at javax.security.auth.Subject.doAs(Subject.java:422)
	at org.apache.hadoop.security.UserGroupInformation.doAs(UserGroupInformation.java:1729)
	at org.apache.hadoop.ipc.Server$Handler.run(Server.java:2678)
Caused by: org.apache.hadoop.hdfs.server.namenode.SafeModeException: Cannot add block to /myfile7._COPYING_. Name node is in safe mode.
The reported blocks 131 has reached the threshold 0.9990 of total blocks 131. The number of live datanodes 3 has reached the minimum number 0. In safe mode extension. Safe mode will be turned off automatically in 13 seconds. NamenodeHostName:node-1-link-0
	at org.apache.hadoop.hdfs.server.namenode.FSNamesystem.newSafemodeException(FSNamesystem.java:1450)
	at org.apache.hadoop.hdfs.server.namenode.FSNamesystem.checkNameNodeSafeMode(FSNamesystem.java:1437)
	... 14 more
, while invoking ClientNamenodeProtocolTranslatorPB.addBlock over node-1-link-0/10.10.1.4:8020 after 1 failover attempts. Retrying after sleeping for 11941ms.
2019-02-20 12:01:42,508 INFO retry.RetryInvocationHandler: org.apache.hadoop.ipc.RemoteException(org.apache.hadoop.ipc.RetriableException): org.apache.hadoop.hdfs.server.namenode.SafeModeException: Cannot renew lease for DFSClient_NONMAPREDUCE_889549229_1. Name node is in safe mode.
The reported blocks 131 has reached the threshold 0.9990 of total blocks 131. The number of live datanodes 3 has reached the minimum number 0. In safe mode extension. Safe mode will be turned off automatically in 12 seconds. NamenodeHostName:node-1-link-0
	at org.apache.hadoop.hdfs.server.namenode.FSNamesystem.checkNameNodeSafeMode(FSNamesystem.java:1441)
	at org.apache.hadoop.hdfs.server.namenode.FSNamesystem.renewLease(FSNamesystem.java:3744)
	at org.apache.hadoop.hdfs.server.namenode.NameNodeRpcServer.renewLease(NameNodeRpcServer.java:1134)
	at org.apache.hadoop.hdfs.protocolPB.ClientNamenodeProtocolServerSideTranslatorPB.renewLease(ClientNamenodeProtocolServerSideTranslatorPB.java:737)
	at org.apache.hadoop.hdfs.protocol.proto.ClientNamenodeProtocolProtos$ClientNamenodeProtocol$2.callBlockingMethod(ClientNamenodeProtocolProtos.java)
	at org.apache.hadoop.ipc.ProtobufRpcEngine$Server$ProtoBufRpcInvoker.call(ProtobufRpcEngine.java:523)
	at org.apache.hadoop.ipc.RPC$Server.call(RPC.java:991)
	at org.apache.hadoop.ipc.Server$RpcCall.run(Server.java:872)
	at org.apache.hadoop.ipc.Server$RpcCall.run(Server.java:818)
	at java.security.AccessController.doPrivileged(Native Method)
	at javax.security.auth.Subject.doAs(Subject.java:422)
	at org.apache.hadoop.security.UserGroupInformation.doAs(UserGroupInformation.java:1729)
	at org.apache.hadoop.ipc.Server$Handler.run(Server.java:2678)
Caused by: org.apache.hadoop.hdfs.server.namenode.SafeModeException: Cannot renew lease for DFSClient_NONMAPREDUCE_889549229_1. Name node is in safe mode.
The reported blocks 131 has reached the threshold 0.9990 of total blocks 131. The number of live datanodes 3 has reached the minimum number 0. In safe mode extension. Safe mode will be turned off automatically in 12 seconds. NamenodeHostName:node-1-link-0
	at org.apache.hadoop.hdfs.server.namenode.FSNamesystem.newSafemodeException(FSNamesystem.java:1450)
	at org.apache.hadoop.hdfs.server.namenode.FSNamesystem.checkNameNodeSafeMode(FSNamesystem.java:1437)
	... 12 more
, while invoking ClientNamenodeProtocolTranslatorPB.renewLease over node-1-link-0/10.10.1.4:8020. Retrying after sleeping for 2897ms.
2019-02-20 12:01:45,408 INFO retry.RetryInvocationHandler: org.apache.hadoop.ipc.RemoteException(org.apache.hadoop.ipc.RetriableException): org.apache.hadoop.hdfs.server.namenode.SafeModeException: Cannot renew lease for DFSClient_NONMAPREDUCE_889549229_1. Name node is in safe mode.
The reported blocks 131 has reached the threshold 0.9990 of total blocks 131. The number of live datanodes 3 has reached the minimum number 0. In safe mode extension. Safe mode will be turned off automatically in 9 seconds. NamenodeHostName:node-1-link-0
	at org.apache.hadoop.hdfs.server.namenode.FSNamesystem.checkNameNodeSafeMode(FSNamesystem.java:1441)
	at org.apache.hadoop.hdfs.server.namenode.FSNamesystem.renewLease(FSNamesystem.java:3744)
	at org.apache.hadoop.hdfs.server.namenode.NameNodeRpcServer.renewLease(NameNodeRpcServer.java:1134)
	at org.apache.hadoop.hdfs.protocolPB.ClientNamenodeProtocolServerSideTranslatorPB.renewLease(ClientNamenodeProtocolServerSideTranslatorPB.java:737)
	at org.apache.hadoop.hdfs.protocol.proto.ClientNamenodeProtocolProtos$ClientNamenodeProtocol$2.callBlockingMethod(ClientNamenodeProtocolProtos.java)
	at org.apache.hadoop.ipc.ProtobufRpcEngine$Server$ProtoBufRpcInvoker.call(ProtobufRpcEngine.java:523)
	at org.apache.hadoop.ipc.RPC$Server.call(RPC.java:991)
	at org.apache.hadoop.ipc.Server$RpcCall.run(Server.java:872)
	at org.apache.hadoop.ipc.Server$RpcCall.run(Server.java:818)
	at java.security.AccessController.doPrivileged(Native Method)
	at javax.security.auth.Subject.doAs(Subject.java:422)
	at org.apache.hadoop.security.UserGroupInformation.doAs(UserGroupInformation.java:1729)
	at org.apache.hadoop.ipc.Server$Handler.run(Server.java:2678)
Caused by: org.apache.hadoop.hdfs.server.namenode.SafeModeException: Cannot renew lease for DFSClient_NONMAPREDUCE_889549229_1. Name node is in safe mode.
The reported blocks 131 has reached the threshold 0.9990 of total blocks 131. The number of live datanodes 3 has reached the minimum number 0. In safe mode extension. Safe mode will be turned off automatically in 9 seconds. NamenodeHostName:node-1-link-0
	at org.apache.hadoop.hdfs.server.namenode.FSNamesystem.newSafemodeException(FSNamesystem.java:1450)
	at org.apache.hadoop.hdfs.server.namenode.FSNamesystem.checkNameNodeSafeMode(FSNamesystem.java:1437)
	... 12 more
, while invoking ClientNamenodeProtocolTranslatorPB.renewLease over node-1-link-0/10.10.1.4:8020. Retrying after sleeping for 2032ms.
2019-02-20 12:01:47,442 INFO retry.RetryInvocationHandler: org.apache.hadoop.ipc.RemoteException(org.apache.hadoop.ipc.RetriableException): org.apache.hadoop.hdfs.server.namenode.SafeModeException: Cannot renew lease for DFSClient_NONMAPREDUCE_889549229_1. Name node is in safe mode.
The reported blocks 131 has reached the threshold 0.9990 of total blocks 131. The number of live datanodes 3 has reached the minimum number 0. In safe mode extension. Safe mode will be turned off automatically in 7 seconds. NamenodeHostName:node-1-link-0
	at org.apache.hadoop.hdfs.server.namenode.FSNamesystem.checkNameNodeSafeMode(FSNamesystem.java:1441)
	at org.apache.hadoop.hdfs.server.namenode.FSNamesystem.renewLease(FSNamesystem.java:3744)
	at org.apache.hadoop.hdfs.server.namenode.NameNodeRpcServer.renewLease(NameNodeRpcServer.java:1134)
	at org.apache.hadoop.hdfs.protocolPB.ClientNamenodeProtocolServerSideTranslatorPB.renewLease(ClientNamenodeProtocolServerSideTranslatorPB.java:737)
	at org.apache.hadoop.hdfs.protocol.proto.ClientNamenodeProtocolProtos$ClientNamenodeProtocol$2.callBlockingMethod(ClientNamenodeProtocolProtos.java)
	at org.apache.hadoop.ipc.ProtobufRpcEngine$Server$ProtoBufRpcInvoker.call(ProtobufRpcEngine.java:523)
	at org.apache.hadoop.ipc.RPC$Server.call(RPC.java:991)
	at org.apache.hadoop.ipc.Server$RpcCall.run(Server.java:872)
	at org.apache.hadoop.ipc.Server$RpcCall.run(Server.java:818)
	at java.security.AccessController.doPrivileged(Native Method)
	at javax.security.auth.Subject.doAs(Subject.java:422)
	at org.apache.hadoop.security.UserGroupInformation.doAs(UserGroupInformation.java:1729)
	at org.apache.hadoop.ipc.Server$Handler.run(Server.java:2678)
Caused by: org.apache.hadoop.hdfs.server.namenode.SafeModeException: Cannot renew lease for DFSClient_NONMAPREDUCE_889549229_1. Name node is in safe mode.
The reported blocks 131 has reached the threshold 0.9990 of total blocks 131. The number of live datanodes 3 has reached the minimum number 0. In safe mode extension. Safe mode will be turned off automatically in 7 seconds. NamenodeHostName:node-1-link-0
	at org.apache.hadoop.hdfs.server.namenode.FSNamesystem.newSafemodeException(FSNamesystem.java:1450)
	at org.apache.hadoop.hdfs.server.namenode.FSNamesystem.checkNameNodeSafeMode(FSNamesystem.java:1437)
	... 12 more
, while invoking ClientNamenodeProtocolTranslatorPB.renewLease over node-1-link-0/10.10.1.4:8020. Retrying after sleeping for 5827ms.
2019-02-20 12:01:53,276 INFO retry.RetryInvocationHandler: org.apache.hadoop.ipc.RemoteException(org.apache.hadoop.ipc.RetriableException): org.apache.hadoop.hdfs.server.namenode.SafeModeException: Cannot renew lease for DFSClient_NONMAPREDUCE_889549229_1. Name node is in safe mode.
The reported blocks 131 has reached the threshold 0.9990 of total blocks 131. The number of live datanodes 3 has reached the minimum number 0. In safe mode extension. Safe mode will be turned off automatically in 2 seconds. NamenodeHostName:node-1-link-0
	at org.apache.hadoop.hdfs.server.namenode.FSNamesystem.checkNameNodeSafeMode(FSNamesystem.java:1441)
	at org.apache.hadoop.hdfs.server.namenode.FSNamesystem.renewLease(FSNamesystem.java:3744)
	at org.apache.hadoop.hdfs.server.namenode.NameNodeRpcServer.renewLease(NameNodeRpcServer.java:1134)
	at org.apache.hadoop.hdfs.protocolPB.ClientNamenodeProtocolServerSideTranslatorPB.renewLease(ClientNamenodeProtocolServerSideTranslatorPB.java:737)
	at org.apache.hadoop.hdfs.protocol.proto.ClientNamenodeProtocolProtos$ClientNamenodeProtocol$2.callBlockingMethod(ClientNamenodeProtocolProtos.java)
	at org.apache.hadoop.ipc.ProtobufRpcEngine$Server$ProtoBufRpcInvoker.call(ProtobufRpcEngine.java:523)
	at org.apache.hadoop.ipc.RPC$Server.call(RPC.java:991)
	at org.apache.hadoop.ipc.Server$RpcCall.run(Server.java:872)
	at org.apache.hadoop.ipc.Server$RpcCall.run(Server.java:818)
	at java.security.AccessController.doPrivileged(Native Method)
	at javax.security.auth.Subject.doAs(Subject.java:422)
	at org.apache.hadoop.security.UserGroupInformation.doAs(UserGroupInformation.java:1729)
	at org.apache.hadoop.ipc.Server$Handler.run(Server.java:2678)
Caused by: org.apache.hadoop.hdfs.server.namenode.SafeModeException: Cannot renew lease for DFSClient_NONMAPREDUCE_889549229_1. Name node is in safe mode.
The reported blocks 131 has reached the threshold 0.9990 of total blocks 131. The number of live datanodes 3 has reached the minimum number 0. In safe mode extension. Safe mode will be turned off automatically in 2 seconds. NamenodeHostName:node-1-link-0
	at org.apache.hadoop.hdfs.server.namenode.FSNamesystem.newSafemodeException(FSNamesystem.java:1450)
	at org.apache.hadoop.hdfs.server.namenode.FSNamesystem.checkNameNodeSafeMode(FSNamesystem.java:1437)
	... 12 more
, while invoking ClientNamenodeProtocolTranslatorPB.renewLease over node-1-link-0/10.10.1.4:8020. Retrying after sleeping for 19087ms.
2019-02-20 12:01:53,841 INFO retry.RetryInvocationHandler: org.apache.hadoop.ipc.RemoteException(org.apache.hadoop.ipc.RetriableException): org.apache.hadoop.hdfs.server.namenode.SafeModeException: Cannot add block to /myfile7._COPYING_. Name node is in safe mode.
The reported blocks 131 has reached the threshold 0.9990 of total blocks 131. The number of live datanodes 3 has reached the minimum number 0. In safe mode extension. Safe mode will be turned off automatically in 1 seconds. NamenodeHostName:node-1-link-0
	at org.apache.hadoop.hdfs.server.namenode.FSNamesystem.checkNameNodeSafeMode(FSNamesystem.java:1441)
	at org.apache.hadoop.hdfs.server.namenode.FSDirWriteFileOp.analyzeFileState(FSDirWriteFileOp.java:591)
	at org.apache.hadoop.hdfs.server.namenode.FSDirWriteFileOp.validateAddBlock(FSDirWriteFileOp.java:172)
	at org.apache.hadoop.hdfs.server.namenode.FSNamesystem.getAdditionalBlock(FSNamesystem.java:2679)
	at org.apache.hadoop.hdfs.server.namenode.NameNodeRpcServer.addBlock(NameNodeRpcServer.java:875)
	at org.apache.hadoop.hdfs.protocolPB.ClientNamenodeProtocolServerSideTranslatorPB.addBlock(ClientNamenodeProtocolServerSideTranslatorPB.java:561)
	at org.apache.hadoop.hdfs.protocol.proto.ClientNamenodeProtocolProtos$ClientNamenodeProtocol$2.callBlockingMethod(ClientNamenodeProtocolProtos.java)
	at org.apache.hadoop.ipc.ProtobufRpcEngine$Server$ProtoBufRpcInvoker.call(ProtobufRpcEngine.java:523)
	at org.apache.hadoop.ipc.RPC$Server.call(RPC.java:991)
	at org.apache.hadoop.ipc.Server$RpcCall.run(Server.java:872)
	at org.apache.hadoop.ipc.Server$RpcCall.run(Server.java:818)
	at java.security.AccessController.doPrivileged(Native Method)
	at javax.security.auth.Subject.doAs(Subject.java:422)
	at org.apache.hadoop.security.UserGroupInformation.doAs(UserGroupInformation.java:1729)
	at org.apache.hadoop.ipc.Server$Handler.run(Server.java:2678)
Caused by: org.apache.hadoop.hdfs.server.namenode.SafeModeException: Cannot add block to /myfile7._COPYING_. Name node is in safe mode.
The reported blocks 131 has reached the threshold 0.9990 of total blocks 131. The number of live datanodes 3 has reached the minimum number 0. In safe mode extension. Safe mode will be turned off automatically in 1 seconds. NamenodeHostName:node-1-link-0
	at org.apache.hadoop.hdfs.server.namenode.FSNamesystem.newSafemodeException(FSNamesystem.java:1450)
	at org.apache.hadoop.hdfs.server.namenode.FSNamesystem.checkNameNodeSafeMode(FSNamesystem.java:1437)
	... 14 more
, while invoking ClientNamenodeProtocolTranslatorPB.addBlock over node-1-link-0/10.10.1.4:8020 after 1 failover attempts. Retrying after sleeping for 14766ms.
Found 20 items
-rw-r--r--   3 root supergroup 1073741824 2019-02-20 12:00 /myfile1
-rw-r--r--   3 root supergroup 1073741824 2019-02-20 12:00 /myfile10
-rw-r--r--   3 root supergroup 1073741824 2019-02-20 12:01 /myfile11
-rw-r--r--   3 root supergroup          0 2019-02-20 12:02 /myfile12._COPYING_
-rw-r--r--   3 root supergroup  268435456 2019-02-20 12:02 /myfile13._COPYING_
-rw-r--r--   3 root supergroup 1073741824 2019-02-20 12:01 /myfile14
-rw-r--r--   3 root supergroup 1073741824 2019-02-20 11:58 /myfile15
-rw-r--r--   3 root supergroup 1073741824 2019-02-20 12:01 /myfile16
-rw-r--r--   3 root supergroup 1073741824 2019-02-20 12:02 /myfile17
-rw-r--r--   3 root supergroup 1073741824 2019-02-20 12:02 /myfile18
-rw-r--r--   3 root supergroup  536870912 2019-02-20 12:01 /myfile19._COPYING_
-rw-r--r--   3 root supergroup 1073741824 2019-02-20 12:01 /myfile2
-rw-r--r--   3 root supergroup 1073741824 2019-02-20 12:01 /myfile20
-rw-r--r--   3 root supergroup 1073741824 2019-02-20 12:01 /myfile3
-rw-r--r--   3 root supergroup 1073741824 2019-02-20 12:01 /myfile4
-rw-r--r--   3 root supergroup  939524096 2019-02-20 12:01 /myfile5._COPYING_
-rw-r--r--   3 root supergroup  268435456 2019-02-20 12:02 /myfile6._COPYING_
-rw-r--r--   3 root supergroup 1073741824 2019-02-20 12:02 /myfile7
-rw-r--r--   3 root supergroup 1073741824 2019-02-20 12:02 /myfile8
-rw-r--r--   3 root supergroup 1073741824 2019-02-20 12:00 /myfile9
file 7 has been put into HDFS
file 7 has been read from HDFS for 1 time
diff succeed!
file 7 has been read from HDFS for 2 time
diff succeed!
file 7 has been read from HDFS for 3 time
diff succeed!
file 7 has been read from HDFS for 4 time
diff succeed!
file 7 has been read from HDFS for 5 time
diff succeed!
file 7 has been read from HDFS for 6 time
diff succeed!
file 7 has been read from HDFS for 7 time
diff succeed!
file 7 has been read from HDFS for 8 time
diff succeed!
file 7 has been read from HDFS for 9 time
diff succeed!
file 7 has been read from HDFS for 10 time
diff succeed!
Deleted /myfile7
file 7 has been removed from HDFS
Found 20 items
-rw-r--r--   3 root supergroup 1073741824 2019-02-20 12:05 /myfile1
-rw-r--r--   3 root supergroup 1073741824 2019-02-20 12:05 /myfile10
-rw-r--r--   3 root supergroup 1073741824 2019-02-20 12:06 /myfile11
-rw-r--r--   3 root supergroup 1073741824 2019-02-20 12:07 /myfile12
-rw-r--r--   3 root supergroup 1073741824 2019-02-20 12:07 /myfile13
-rw-r--r--   3 root supergroup 1073741824 2019-02-20 12:05 /myfile14
-rw-r--r--   3 root supergroup 1073741824 2019-02-20 12:07 /myfile15
-rw-r--r--   3 root supergroup 1073741824 2019-02-20 12:05 /myfile16
-rw-r--r--   3 root supergroup 1073741824 2019-02-20 12:06 /myfile17
-rw-r--r--   3 root supergroup 1073741824 2019-02-20 12:07 /myfile18
-rw-r--r--   3 root supergroup  939524096 2019-02-20 12:07 /myfile19._COPYING_
-rw-r--r--   3 root supergroup 1073741824 2019-02-20 12:05 /myfile2
-rw-r--r--   3 root supergroup 1073741824 2019-02-20 12:05 /myfile20
-rw-r--r--   3 root supergroup 1073741824 2019-02-20 12:05 /myfile3
-rw-r--r--   3 root supergroup 1073741824 2019-02-20 12:06 /myfile4
-rw-r--r--   3 root supergroup 1073741824 2019-02-20 12:07 /myfile5
-rw-r--r--   3 root supergroup  939524096 2019-02-20 12:07 /myfile6._COPYING_
-rw-r--r--   3 root supergroup 1073741824 2019-02-20 12:07 /myfile7
-rw-r--r--   3 root supergroup 1073741824 2019-02-20 12:06 /myfile8
-rw-r--r--   3 root supergroup 1073741824 2019-02-20 12:05 /myfile9
file 7 has been put into HDFS
file 7 has been read from HDFS for 1 time
diff succeed!
file 7 has been read from HDFS for 2 time
diff succeed!
file 7 has been read from HDFS for 3 time
diff succeed!
file 7 has been read from HDFS for 4 time
diff succeed!
file 7 has been read from HDFS for 5 time
diff succeed!
file 7 has been read from HDFS for 6 time
diff succeed!
file 7 has been read from HDFS for 7 time
diff succeed!
file 7 has been read from HDFS for 8 time
diff succeed!
file 7 has been read from HDFS for 9 time
diff succeed!
file 7 has been read from HDFS for 10 time
diff succeed!
Deleted /myfile7
file 7 has been removed from HDFS
sub_benchmark 10 signal TERM catched and let quit gracefully
Found 14 items
-rw-r--r--   3 root supergroup 1073741824 2019-02-20 12:11 /myfile11
-rw-r--r--   3 root supergroup  671088640 2019-02-20 12:11 /myfile12._COPYING_
-rw-r--r--   3 root supergroup  939524096 2019-02-20 12:11 /myfile13._COPYING_
-rw-r--r--   3 root supergroup 1073741824 2019-02-20 12:10 /myfile14
-rw-r--r--   3 root supergroup  536870912 2019-02-20 12:11 /myfile15._COPYING_
-rw-r--r--   3 root supergroup 1073741824 2019-02-20 12:10 /myfile16
-rw-r--r--   3 root supergroup  671088640 2019-02-20 12:11 /myfile19._COPYING_
-rw-r--r--   3 root supergroup 1073741824 2019-02-20 12:10 /myfile2
-rw-r--r--   3 root supergroup 1073741824 2019-02-20 12:10 /myfile20
-rw-r--r--   3 root supergroup 1073741824 2019-02-20 12:10 /myfile3
-rw-r--r--   3 root supergroup 1073741824 2019-02-20 12:11 /myfile4
-rw-r--r--   3 root supergroup 1073741824 2019-02-20 12:11 /myfile7
-rw-r--r--   3 root supergroup 1073741824 2019-02-20 12:11 /myfile8
-rw-r--r--   3 root supergroup 1073741824 2019-02-20 12:10 /myfile9
file 7 has been put into HDFS
file 7 has been read from HDFS for 1 time
diff succeed!
Deleted /myfile7
file 7 has been removed from HDFS
