Found 20 items
-rw-r--r--   3 root supergroup 1073741824 2019-02-27 07:55 /myfile1
-rw-r--r--   3 root supergroup  939524096 2019-02-27 07:55 /myfile10._COPYING_
-rw-r--r--   3 root supergroup 1073741824 2019-02-27 07:55 /myfile11
-rw-r--r--   3 root supergroup 1073741824 2019-02-27 07:55 /myfile12
-rw-r--r--   3 root supergroup  939524096 2019-02-27 07:55 /myfile13._COPYING_
-rw-r--r--   3 root supergroup 1073741824 2019-02-27 07:55 /myfile14
-rw-r--r--   3 root supergroup  939524096 2019-02-27 07:55 /myfile15._COPYING_
-rw-r--r--   3 root supergroup  939524096 2019-02-27 07:55 /myfile16._COPYING_
-rw-r--r--   3 root supergroup  939524096 2019-02-27 07:55 /myfile17._COPYING_
-rw-r--r--   3 root supergroup  939524096 2019-02-27 07:55 /myfile18._COPYING_
-rw-r--r--   3 root supergroup 1073741824 2019-02-27 07:55 /myfile19
-rw-r--r--   3 root supergroup 1073741824 2019-02-27 07:55 /myfile2
-rw-r--r--   3 root supergroup 1073741824 2019-02-27 07:55 /myfile20
-rw-r--r--   3 root supergroup 1073741824 2019-02-27 07:55 /myfile3
-rw-r--r--   3 root supergroup 1073741824 2019-02-27 07:55 /myfile4
-rw-r--r--   3 root supergroup  939524096 2019-02-27 07:55 /myfile5._COPYING_
-rw-r--r--   3 root supergroup 1073741824 2019-02-27 07:55 /myfile6
-rw-r--r--   3 root supergroup 1073741824 2019-02-27 07:55 /myfile7
-rw-r--r--   3 root supergroup  939524096 2019-02-27 07:55 /myfile8._COPYING_
-rw-r--r--   3 root supergroup  939524096 2019-02-27 07:55 /myfile9._COPYING_
file 20 has been put into HDFS
file 20 has been read from HDFS for 1 time
diff succeed!
file 20 has been read from HDFS for 2 time
diff succeed!
file 20 has been read from HDFS for 3 time
diff succeed!
file 20 has been read from HDFS for 4 time
diff succeed!
file 20 has been read from HDFS for 5 time
diff succeed!
file 20 has been read from HDFS for 6 time
diff succeed!
file 20 has been read from HDFS for 7 time
diff succeed!
file 20 has been read from HDFS for 8 time
diff succeed!
file 20 has been read from HDFS for 9 time
diff succeed!
file 20 has been read from HDFS for 10 time
diff succeed!
Deleted /myfile20
file 20 has been removed from HDFS
Found 19 items
-rw-r--r--   3 root supergroup 1073741824 2019-02-27 08:00 /myfile1
-rw-r--r--   3 root supergroup 1073741824 2019-02-27 07:59 /myfile10
-rw-r--r--   3 root supergroup 1073741824 2019-02-27 08:00 /myfile11
-rw-r--r--   3 root supergroup 1073741824 2019-02-27 07:59 /myfile12
-rw-r--r--   3 root supergroup 1073741824 2019-02-27 08:00 /myfile13
-rw-r--r--   3 root supergroup 1073741824 2019-02-27 07:59 /myfile14
-rw-r--r--   3 root supergroup 1073741824 2019-02-27 07:59 /myfile15
-rw-r--r--   3 root supergroup 1073741824 2019-02-27 08:00 /myfile16
-rw-r--r--   3 root supergroup 1073741824 2019-02-27 07:59 /myfile17
-rw-r--r--   3 root supergroup 1073741824 2019-02-27 07:59 /myfile18
-rw-r--r--   3 root supergroup 1073741824 2019-02-27 07:59 /myfile19
-rw-r--r--   3 root supergroup 1073741824 2019-02-27 08:00 /myfile2
-rw-r--r--   3 root supergroup 1073741824 2019-02-27 08:00 /myfile20
-rw-r--r--   3 root supergroup 1073741824 2019-02-27 07:59 /myfile3
-rw-r--r--   3 root supergroup 1073741824 2019-02-27 08:00 /myfile4
-rw-r--r--   3 root supergroup 1073741824 2019-02-27 08:00 /myfile5
-rw-r--r--   3 root supergroup 1073741824 2019-02-27 07:59 /myfile6
-rw-r--r--   3 root supergroup 1073741824 2019-02-27 07:59 /myfile8
-rw-r--r--   3 root supergroup 1073741824 2019-02-27 08:00 /myfile9
file 20 has been put into HDFS
file 20 has been read from HDFS for 1 time
diff succeed!
file 20 has been read from HDFS for 2 time
diff succeed!
file 20 has been read from HDFS for 3 time
diff succeed!
file 20 has been read from HDFS for 4 time
diff succeed!
file 20 has been read from HDFS for 5 time
diff succeed!
file 20 has been read from HDFS for 6 time
diff succeed!
file 20 has been read from HDFS for 7 time
diff succeed!
file 20 has been read from HDFS for 8 time
diff succeed!
file 20 has been read from HDFS for 9 time
diff succeed!
file 20 has been read from HDFS for 10 time
diff succeed!
Deleted /myfile20
file 20 has been removed from HDFS
Found 20 items
-rw-r--r--   3 root supergroup 1073741824 2019-02-27 08:04 /myfile1
-rw-r--r--   3 root supergroup 1073741824 2019-02-27 08:03 /myfile10
-rw-r--r--   3 root supergroup 1073741824 2019-02-27 08:00 /myfile11
-rw-r--r--   3 root supergroup 1073741824 2019-02-27 08:04 /myfile12
-rw-r--r--   3 root supergroup 1073741824 2019-02-27 08:00 /myfile13
-rw-r--r--   3 root supergroup 1073741824 2019-02-27 07:59 /myfile14
-rw-r--r--   3 root supergroup 1073741824 2019-02-27 08:03 /myfile15
-rw-r--r--   3 root supergroup 1073741824 2019-02-27 08:00 /myfile16
-rw-r--r--   3 root supergroup 1073741824 2019-02-27 07:59 /myfile17
-rw-r--r--   3 root supergroup 1073741824 2019-02-27 08:04 /myfile18
-rw-r--r--   3 root supergroup  939524096 2019-02-27 08:04 /myfile19._COPYING_
-rw-r--r--   3 root supergroup 1073741824 2019-02-27 08:00 /myfile2
-rw-r--r--   3 root supergroup 1073741824 2019-02-27 08:04 /myfile20
-rw-r--r--   3 root supergroup 1073741824 2019-02-27 07:59 /myfile3
-rw-r--r--   3 root supergroup 1073741824 2019-02-27 08:00 /myfile4
-rw-r--r--   3 root supergroup 1073741824 2019-02-27 08:00 /myfile5
-rw-r--r--   3 root supergroup 1073741824 2019-02-27 07:59 /myfile6
-rw-r--r--   3 root supergroup 1073741824 2019-02-27 08:00 /myfile7
-rw-r--r--   3 root supergroup 1073741824 2019-02-27 07:59 /myfile8
-rw-r--r--   3 root supergroup 1073741824 2019-02-27 08:04 /myfile9
file 20 has been put into HDFS
file 20 has been read from HDFS for 1 time
diff succeed!
file 20 has been read from HDFS for 2 time
diff succeed!
file 20 has been read from HDFS for 3 time
diff succeed!
file 20 has been read from HDFS for 4 time
diff succeed!
file 20 has been read from HDFS for 5 time
diff succeed!
file 20 has been read from HDFS for 6 time
diff succeed!
file 20 has been read from HDFS for 7 time
diff succeed!
file 20 has been read from HDFS for 8 time
diff succeed!
file 20 has been read from HDFS for 9 time
diff succeed!
file 20 has been read from HDFS for 10 time
diff succeed!
Deleted /myfile20
file 20 has been removed from HDFS
Found 19 items
-rw-r--r--   3 root supergroup 1073741824 2019-02-27 08:08 /myfile1
-rw-r--r--   3 root supergroup 1073741824 2019-02-27 08:07 /myfile11
-rw-r--r--   3 root supergroup 1073741824 2019-02-27 08:08 /myfile12
-rw-r--r--   3 root supergroup 1073741824 2019-02-27 08:06 /myfile13
-rw-r--r--   3 root supergroup 1073741824 2019-02-27 08:04 /myfile14
-rw-r--r--   3 root supergroup 1073741824 2019-02-27 08:07 /myfile15
-rw-r--r--   3 root supergroup 1073741824 2019-02-27 08:07 /myfile16
-rw-r--r--   3 root supergroup 1073741824 2019-02-27 08:07 /myfile17
-rw-r--r--   3 root supergroup 1073741824 2019-02-27 08:09 /myfile18
-rw-r--r--   3 root supergroup 1073741824 2019-02-27 08:08 /myfile19
-rw-r--r--   3 root supergroup 1073741824 2019-02-27 08:06 /myfile2
-rw-r--r--   3 root supergroup 1073741824 2019-02-27 08:09 /myfile20
-rw-r--r--   3 root supergroup 1073741824 2019-02-27 08:07 /myfile3
-rw-r--r--   3 root supergroup 1073741824 2019-02-27 08:06 /myfile4
-rw-r--r--   3 root supergroup 1073741824 2019-02-27 08:06 /myfile5
-rw-r--r--   3 root supergroup 1073741824 2019-02-27 08:06 /myfile6
-rw-r--r--   3 root supergroup 1073741824 2019-02-27 08:08 /myfile7
-rw-r--r--   3 root supergroup 1073741824 2019-02-27 08:06 /myfile8
-rw-r--r--   3 root supergroup 1073741824 2019-02-27 08:09 /myfile9
file 20 has been put into HDFS
file 20 has been read from HDFS for 1 time
diff succeed!
file 20 has been read from HDFS for 2 time
diff succeed!
file 20 has been read from HDFS for 3 time
diff succeed!
file 20 has been read from HDFS for 4 time
diff succeed!
file 20 has been read from HDFS for 5 time
diff succeed!
file 20 has been read from HDFS for 6 time
diff succeed!
file 20 has been read from HDFS for 7 time
diff succeed!
file 20 has been read from HDFS for 8 time
diff succeed!
file 20 has been read from HDFS for 9 time
diff succeed!
file 20 has been read from HDFS for 10 time
diff succeed!
Deleted /myfile20
file 20 has been removed from HDFS
Found 19 items
-rw-r--r--   3 root supergroup 1073741824 2019-02-27 08:13 /myfile1
-rw-r--r--   3 root supergroup  805306368 2019-02-27 08:13 /myfile10._COPYING_
-rw-r--r--   3 root supergroup 1073741824 2019-02-27 08:11 /myfile11
-rw-r--r--   3 root supergroup 1073741824 2019-02-27 08:13 /myfile12
-rw-r--r--   3 root supergroup 1073741824 2019-02-27 08:10 /myfile13
-rw-r--r--   3 root supergroup 1073741824 2019-02-27 08:11 /myfile15
-rw-r--r--   3 root supergroup 1073741824 2019-02-27 08:11 /myfile16
-rw-r--r--   3 root supergroup 1073741824 2019-02-27 08:11 /myfile17
-rw-r--r--   3 root supergroup  939524096 2019-02-27 08:13 /myfile18._COPYING_
-rw-r--r--   3 root supergroup 1073741824 2019-02-27 08:12 /myfile19
-rw-r--r--   3 root supergroup 1073741824 2019-02-27 08:11 /myfile2
-rw-r--r--   3 root supergroup 1073741824 2019-02-27 08:13 /myfile20
-rw-r--r--   3 root supergroup 1073741824 2019-02-27 08:11 /myfile3
-rw-r--r--   3 root supergroup 1073741824 2019-02-27 08:10 /myfile4
-rw-r--r--   3 root supergroup 1073741824 2019-02-27 08:10 /myfile5
-rw-r--r--   3 root supergroup 1073741824 2019-02-27 08:10 /myfile6
-rw-r--r--   3 root supergroup 1073741824 2019-02-27 08:13 /myfile7
-rw-r--r--   3 root supergroup 1073741824 2019-02-27 08:10 /myfile8
-rw-r--r--   3 root supergroup 1073741824 2019-02-27 08:13 /myfile9
file 20 has been put into HDFS
file 20 has been read from HDFS for 1 time
diff succeed!
file 20 has been read from HDFS for 2 time
diff succeed!
file 20 has been read from HDFS for 3 time
diff succeed!
file 20 has been read from HDFS for 4 time
diff succeed!
file 20 has been read from HDFS for 5 time
diff succeed!
file 20 has been read from HDFS for 6 time
diff succeed!
file 20 has been read from HDFS for 7 time
diff succeed!
file 20 has been read from HDFS for 8 time
diff succeed!
file 20 has been read from HDFS for 9 time
diff succeed!
file 20 has been read from HDFS for 10 time
diff succeed!
Deleted /myfile20
file 20 has been removed from HDFS
Found 19 items
-rw-r--r--   3 root supergroup 1073741824 2019-02-27 08:17 /myfile1
-rw-r--r--   3 root supergroup  671088640 2019-02-27 08:17 /myfile10._COPYING_
-rw-r--r--   3 root supergroup 1073741824 2019-02-27 08:15 /myfile11
-rw-r--r--   3 root supergroup  939524096 2019-02-27 08:17 /myfile12._COPYING_
-rw-r--r--   3 root supergroup 1073741824 2019-02-27 08:15 /myfile13
-rw-r--r--   3 root supergroup 1073741824 2019-02-27 08:16 /myfile15
-rw-r--r--   3 root supergroup 1073741824 2019-02-27 08:16 /myfile16
-rw-r--r--   3 root supergroup 1073741824 2019-02-27 08:15 /myfile17
-rw-r--r--   3 root supergroup  805306368 2019-02-27 08:17 /myfile18._COPYING_
-rw-r--r--   3 root supergroup 1073741824 2019-02-27 08:17 /myfile19
-rw-r--r--   3 root supergroup 1073741824 2019-02-27 08:15 /myfile2
-rw-r--r--   3 root supergroup 1073741824 2019-02-27 08:17 /myfile20
-rw-r--r--   3 root supergroup 1073741824 2019-02-27 08:15 /myfile3
-rw-r--r--   3 root supergroup 1073741824 2019-02-27 08:14 /myfile4
-rw-r--r--   3 root supergroup 1073741824 2019-02-27 08:15 /myfile5
-rw-r--r--   3 root supergroup 1073741824 2019-02-27 08:15 /myfile6
-rw-r--r--   3 root supergroup 1073741824 2019-02-27 08:17 /myfile7
-rw-r--r--   3 root supergroup 1073741824 2019-02-27 08:15 /myfile8
-rw-r--r--   3 root supergroup  805306368 2019-02-27 08:17 /myfile9._COPYING_
file 20 has been put into HDFS
file 20 has been read from HDFS for 1 time
diff succeed!
file 20 has been read from HDFS for 2 time
diff succeed!
file 20 has been read from HDFS for 3 time
diff succeed!
file 20 has been read from HDFS for 4 time
diff succeed!
file 20 has been read from HDFS for 5 time
diff succeed!
file 20 has been read from HDFS for 6 time
diff succeed!
file 20 has been read from HDFS for 7 time
diff succeed!
file 20 has been read from HDFS for 8 time
diff succeed!
file 20 has been read from HDFS for 9 time
diff succeed!
file 20 has been read from HDFS for 10 time
diff succeed!
Deleted /myfile20
file 20 has been removed from HDFS
Found 19 items
-rw-r--r--   3 root supergroup 1073741824 2019-02-27 08:21 /myfile1
-rw-r--r--   3 root supergroup 1073741824 2019-02-27 08:18 /myfile10
-rw-r--r--   3 root supergroup 1073741824 2019-02-27 08:19 /myfile11
-rw-r--r--   3 root supergroup          0 2019-02-27 08:21 /myfile12._COPYING_
-rw-r--r--   3 root supergroup 1073741824 2019-02-27 08:20 /myfile13
-rw-r--r--   3 root supergroup 1073741824 2019-02-27 08:18 /myfile14
-rw-r--r--   3 root supergroup 1073741824 2019-02-27 08:21 /myfile15
-rw-r--r--   3 root supergroup 1073741824 2019-02-27 08:20 /myfile16
-rw-r--r--   3 root supergroup 1073741824 2019-02-27 08:21 /myfile17
-rw-r--r--   3 root supergroup  402653184 2019-02-27 08:21 /myfile18._COPYING_
-rw-r--r--   3 root supergroup 1073741824 2019-02-27 08:21 /myfile19
-rw-r--r--   3 root supergroup 1073741824 2019-02-27 08:21 /myfile2
-rw-r--r--   3 root supergroup 1073741824 2019-02-27 08:21 /myfile20
-rw-r--r--   3 root supergroup 1073741824 2019-02-27 08:19 /myfile3
-rw-r--r--   3 root supergroup 1073741824 2019-02-27 08:18 /myfile4
-rw-r--r--   3 root supergroup 1073741824 2019-02-27 08:19 /myfile5
-rw-r--r--   3 root supergroup 1073741824 2019-02-27 08:20 /myfile6
-rw-r--r--   3 root supergroup 1073741824 2019-02-27 08:21 /myfile7
-rw-r--r--   3 root supergroup 1073741824 2019-02-27 08:19 /myfile8
file 20 has been put into HDFS
file 20 has been read from HDFS for 1 time
diff succeed!
file 20 has been read from HDFS for 2 time
diff succeed!
file 20 has been read from HDFS for 3 time
diff succeed!
file 20 has been read from HDFS for 4 time
diff succeed!
file 20 has been read from HDFS for 5 time
diff succeed!
file 20 has been read from HDFS for 6 time
diff succeed!
file 20 has been read from HDFS for 7 time
diff succeed!
file 20 has been read from HDFS for 8 time
diff succeed!
file 20 has been read from HDFS for 9 time
diff succeed!
file 20 has been read from HDFS for 10 time
diff succeed!
Deleted /myfile20
file 20 has been removed from HDFS
Found 19 items
-rw-r--r--   3 root supergroup 1073741824 2019-02-27 08:25 /myfile1
-rw-r--r--   3 root supergroup 1073741824 2019-02-27 08:26 /myfile10
-rw-r--r--   3 root supergroup 1073741824 2019-02-27 08:25 /myfile11
-rw-r--r--   3 root supergroup 1073741824 2019-02-27 08:26 /myfile12
-rw-r--r--   3 root supergroup 1073741824 2019-02-27 08:23 /myfile13
-rw-r--r--   3 root supergroup 1073741824 2019-02-27 08:25 /myfile15
-rw-r--r--   3 root supergroup 1073741824 2019-02-27 08:24 /myfile16
-rw-r--r--   3 root supergroup 1073741824 2019-02-27 08:25 /myfile17
-rw-r--r--   3 root supergroup 1073741824 2019-02-27 08:26 /myfile18
-rw-r--r--   3 root supergroup 1073741824 2019-02-27 08:25 /myfile19
-rw-r--r--   3 root supergroup 1073741824 2019-02-27 08:25 /myfile2
-rw-r--r--   3 root supergroup 1073741824 2019-02-27 08:27 /myfile20
-rw-r--r--   3 root supergroup 1073741824 2019-02-27 08:24 /myfile3
-rw-r--r--   3 root supergroup  939524096 2019-02-27 08:27 /myfile4._COPYING_
-rw-r--r--   3 root supergroup 1073741824 2019-02-27 08:24 /myfile5
-rw-r--r--   3 root supergroup 1073741824 2019-02-27 08:24 /myfile6
-rw-r--r--   3 root supergroup 1073741824 2019-02-27 08:25 /myfile7
-rw-r--r--   3 root supergroup 1073741824 2019-02-27 08:23 /myfile8
-rw-r--r--   3 root supergroup 1073741824 2019-02-27 08:26 /myfile9
file 20 has been put into HDFS
file 20 has been read from HDFS for 1 time
diff succeed!
file 20 has been read from HDFS for 2 time
diff succeed!
file 20 has been read from HDFS for 3 time
diff succeed!
file 20 has been read from HDFS for 4 time
diff succeed!
file 20 has been read from HDFS for 5 time
diff succeed!
file 20 has been read from HDFS for 6 time
diff succeed!
file 20 has been read from HDFS for 7 time
diff succeed!
file 20 has been read from HDFS for 8 time
diff succeed!
file 20 has been read from HDFS for 9 time
diff succeed!
file 20 has been read from HDFS for 10 time
diff succeed!
Deleted /myfile20
file 20 has been removed from HDFS
Found 20 items
-rw-r--r--   3 root supergroup 1073741824 2019-02-27 08:29 /myfile1
-rw-r--r--   3 root supergroup 1073741824 2019-02-27 08:31 /myfile10
-rw-r--r--   3 root supergroup 1073741824 2019-02-27 08:30 /myfile11
-rw-r--r--   3 root supergroup 1073741824 2019-02-27 08:30 /myfile12
-rw-r--r--   3 root supergroup  536870912 2019-02-27 08:32 /myfile13._COPYING_
-rw-r--r--   3 root supergroup 1073741824 2019-02-27 08:27 /myfile14
-rw-r--r--   3 root supergroup 1073741824 2019-02-27 08:29 /myfile15
-rw-r--r--   3 root supergroup 1073741824 2019-02-27 08:28 /myfile16
-rw-r--r--   3 root supergroup 1073741824 2019-02-27 08:29 /myfile17
-rw-r--r--   3 root supergroup 1073741824 2019-02-27 08:30 /myfile18
-rw-r--r--   3 root supergroup 1073741824 2019-02-27 08:29 /myfile19
-rw-r--r--   3 root supergroup 1073741824 2019-02-27 08:29 /myfile2
-rw-r--r--   3 root supergroup 1073741824 2019-02-27 08:32 /myfile20
-rw-r--r--   3 root supergroup 1073741824 2019-02-27 08:32 /myfile3
-rw-r--r--   3 root supergroup 1073741824 2019-02-27 08:31 /myfile4
-rw-r--r--   3 root supergroup 1073741824 2019-02-27 08:29 /myfile5
-rw-r--r--   3 root supergroup 1073741824 2019-02-27 08:28 /myfile6
-rw-r--r--   3 root supergroup 1073741824 2019-02-27 08:30 /myfile7
-rw-r--r--   3 root supergroup 1073741824 2019-02-27 08:29 /myfile8
-rw-r--r--   3 root supergroup 1073741824 2019-02-27 08:30 /myfile9
file 20 has been put into HDFS
file 20 has been read from HDFS for 1 time
diff succeed!
file 20 has been read from HDFS for 2 time
diff succeed!
file 20 has been read from HDFS for 3 time
diff succeed!
file 20 has been read from HDFS for 4 time
diff succeed!
file 20 has been read from HDFS for 5 time
diff succeed!
file 20 has been read from HDFS for 6 time
diff succeed!
file 20 has been read from HDFS for 7 time
diff succeed!
file 20 has been read from HDFS for 8 time
diff succeed!
file 20 has been read from HDFS for 9 time
diff succeed!
file 20 has been read from HDFS for 10 time
diff succeed!
Deleted /myfile20
file 20 has been removed from HDFS
Found 19 items
-rw-r--r--   3 root supergroup 1073741824 2019-02-27 08:34 /myfile1
-rw-r--r--   3 root supergroup 1073741824 2019-02-27 08:35 /myfile10
-rw-r--r--   3 root supergroup 1073741824 2019-02-27 08:35 /myfile11
-rw-r--r--   3 root supergroup 1073741824 2019-02-27 08:35 /myfile12
-rw-r--r--   3 root supergroup 1073741824 2019-02-27 08:33 /myfile14
-rw-r--r--   3 root supergroup 1073741824 2019-02-27 08:33 /myfile15
-rw-r--r--   3 root supergroup 1073741824 2019-02-27 08:33 /myfile16
-rw-r--r--   3 root supergroup 1073741824 2019-02-27 08:34 /myfile17
-rw-r--r--   3 root supergroup 1073741824 2019-02-27 08:34 /myfile18
-rw-r--r--   3 root supergroup 1073741824 2019-02-27 08:33 /myfile19
-rw-r--r--   3 root supergroup 1073741824 2019-02-27 08:34 /myfile2
-rw-r--r--   3 root supergroup 1073741824 2019-02-27 08:36 /myfile20
-rw-r--r--   3 root supergroup 1073741824 2019-02-27 08:32 /myfile3
-rw-r--r--   3 root supergroup 1073741824 2019-02-27 08:35 /myfile4
-rw-r--r--   3 root supergroup 1073741824 2019-02-27 08:33 /myfile5
-rw-r--r--   3 root supergroup 1073741824 2019-02-27 08:33 /myfile6
-rw-r--r--   3 root supergroup 1073741824 2019-02-27 08:35 /myfile7
-rw-r--r--   3 root supergroup 1073741824 2019-02-27 08:33 /myfile8
-rw-r--r--   3 root supergroup 1073741824 2019-02-27 08:34 /myfile9
file 20 has been put into HDFS
file 20 has been read from HDFS for 1 time
diff succeed!
file 20 has been read from HDFS for 2 time
diff succeed!
file 20 has been read from HDFS for 3 time
diff succeed!
file 20 has been read from HDFS for 4 time
diff succeed!
file 20 has been read from HDFS for 5 time
diff succeed!
file 20 has been read from HDFS for 6 time
diff succeed!
file 20 has been read from HDFS for 7 time
diff succeed!
file 20 has been read from HDFS for 8 time
diff succeed!
file 20 has been read from HDFS for 9 time
diff succeed!
file 20 has been read from HDFS for 10 time
diff succeed!
Deleted /myfile20
file 20 has been removed from HDFS
Found 19 items
-rw-r--r--   3 root supergroup 1073741824 2019-02-27 08:38 /myfile1
-rw-r--r--   3 root supergroup 1073741824 2019-02-27 08:39 /myfile10
-rw-r--r--   3 root supergroup 1073741824 2019-02-27 08:39 /myfile11
-rw-r--r--   3 root supergroup 1073741824 2019-02-27 08:39 /myfile12
-rw-r--r--   3 root supergroup 1073741824 2019-02-27 08:37 /myfile14
-rw-r--r--   3 root supergroup 1073741824 2019-02-27 08:38 /myfile15
-rw-r--r--   3 root supergroup 1073741824 2019-02-27 08:37 /myfile16
-rw-r--r--   3 root supergroup 1073741824 2019-02-27 08:38 /myfile17
-rw-r--r--   3 root supergroup 1073741824 2019-02-27 08:38 /myfile18
-rw-r--r--   3 root supergroup 1073741824 2019-02-27 08:37 /myfile19
-rw-r--r--   3 root supergroup 1073741824 2019-02-27 08:38 /myfile2
-rw-r--r--   3 root supergroup 1073741824 2019-02-27 08:39 /myfile20
-rw-r--r--   3 root supergroup 1073741824 2019-02-27 08:36 /myfile3
-rw-r--r--   3 root supergroup 1073741824 2019-02-27 08:35 /myfile4
-rw-r--r--   3 root supergroup 1073741824 2019-02-27 08:37 /myfile5
-rw-r--r--   3 root supergroup 1073741824 2019-02-27 08:37 /myfile6
-rw-r--r--   3 root supergroup 1073741824 2019-02-27 08:39 /myfile7
-rw-r--r--   3 root supergroup 1073741824 2019-02-27 08:37 /myfile8
-rw-r--r--   3 root supergroup 1073741824 2019-02-27 08:39 /myfile9
file 20 has been put into HDFS
file 20 has been read from HDFS for 1 time
diff succeed!
sub_benchmark 2 signal TERM catched and let quit gracefully
file 20 has been read from HDFS for 2 time
diff succeed!
Deleted /myfile20
file 20 has been removed from HDFS
