Found 20 items
-rw-r--r--   3 root supergroup 1073741824 2019-02-19 17:50 /myfile1
-rw-r--r--   3 root supergroup 1073741824 2019-02-19 17:50 /myfile10
-rw-r--r--   3 root supergroup 1073741824 2019-02-19 17:50 /myfile11
-rw-r--r--   3 root supergroup 1073741824 2019-02-19 17:50 /myfile12
-rw-r--r--   3 root supergroup 1073741824 2019-02-19 17:50 /myfile13
-rw-r--r--   3 root supergroup 1073741824 2019-02-19 17:50 /myfile14
-rw-r--r--   3 root supergroup 1073741824 2019-02-19 17:50 /myfile15
-rw-r--r--   3 root supergroup 1073741824 2019-02-19 17:50 /myfile16
-rw-r--r--   3 root supergroup 1073741824 2019-02-19 17:50 /myfile17
-rw-r--r--   3 root supergroup 1073741824 2019-02-19 17:50 /myfile18
-rw-r--r--   3 root supergroup 1073741824 2019-02-19 17:50 /myfile19
-rw-r--r--   3 root supergroup 1073741824 2019-02-19 17:50 /myfile2
-rw-r--r--   3 root supergroup 1073741824 2019-02-19 17:50 /myfile20
-rw-r--r--   3 root supergroup 1073741824 2019-02-19 17:50 /myfile3
-rw-r--r--   3 root supergroup 1073741824 2019-02-19 17:50 /myfile4
-rw-r--r--   3 root supergroup 1073741824 2019-02-19 17:50 /myfile5
-rw-r--r--   3 root supergroup 1073741824 2019-02-19 17:50 /myfile6
-rw-r--r--   3 root supergroup 1073741824 2019-02-19 17:50 /myfile7
-rw-r--r--   3 root supergroup 1073741824 2019-02-19 17:50 /myfile8
-rw-r--r--   3 root supergroup 1073741824 2019-02-19 17:50 /myfile9
file 20 has been put into HDFS
file 20 has been read from HDFS for 1 time
diff succeed!
file 20 has been read from HDFS for 2 time
diff succeed!
file 20 has been read from HDFS for 3 time
diff succeed!
file 20 has been read from HDFS for 4 time
diff succeed!
file 20 has been read from HDFS for 5 time
diff succeed!
file 20 has been read from HDFS for 6 time
diff succeed!
file 20 has been read from HDFS for 7 time
diff succeed!
file 20 has been read from HDFS for 8 time
diff succeed!
file 20 has been read from HDFS for 9 time
diff succeed!
file 20 has been read from HDFS for 10 time
diff succeed!
Deleted /myfile20
file 20 has been removed from HDFS
Found 20 items
-rw-r--r--   3 root supergroup 1073741824 2019-02-19 17:53 /myfile1
-rw-r--r--   3 root supergroup  939524096 2019-02-19 17:54 /myfile10._COPYING_
-rw-r--r--   3 root supergroup 1073741824 2019-02-19 17:54 /myfile11
-rw-r--r--   3 root supergroup 1073741824 2019-02-19 17:54 /myfile12
-rw-r--r--   3 root supergroup 1073741824 2019-02-19 17:54 /myfile13
-rw-r--r--   3 root supergroup 1073741824 2019-02-19 17:54 /myfile14
-rw-r--r--   3 root supergroup  671088640 2019-02-19 17:54 /myfile15._COPYING_
-rw-r--r--   3 root supergroup 1073741824 2019-02-19 17:54 /myfile16
-rw-r--r--   3 root supergroup  536870912 2019-02-19 17:54 /myfile17._COPYING_
-rw-r--r--   3 root supergroup 1073741824 2019-02-19 17:54 /myfile18
-rw-r--r--   3 root supergroup 1073741824 2019-02-19 17:54 /myfile19
-rw-r--r--   3 root supergroup 1073741824 2019-02-19 17:54 /myfile2
-rw-r--r--   3 root supergroup 1073741824 2019-02-19 17:54 /myfile20
-rw-r--r--   3 root supergroup 1073741824 2019-02-19 17:54 /myfile3
-rw-r--r--   3 root supergroup 1073741824 2019-02-19 17:54 /myfile4
-rw-r--r--   3 root supergroup 1073741824 2019-02-19 17:54 /myfile5
-rw-r--r--   3 root supergroup  268435456 2019-02-19 17:54 /myfile6._COPYING_
-rw-r--r--   3 root supergroup 1073741824 2019-02-19 17:54 /myfile7
-rw-r--r--   3 root supergroup  805306368 2019-02-19 17:54 /myfile8._COPYING_
-rw-r--r--   3 root supergroup  939524096 2019-02-19 17:54 /myfile9._COPYING_
file 20 has been put into HDFS
file 20 has been read from HDFS for 1 time
diff succeed!
file 20 has been read from HDFS for 2 time
diff succeed!
file 20 has been read from HDFS for 3 time
diff succeed!
file 20 has been read from HDFS for 4 time
diff succeed!
file 20 has been read from HDFS for 5 time
diff succeed!
file 20 has been read from HDFS for 6 time
diff succeed!
file 20 has been read from HDFS for 7 time
diff succeed!
file 20 has been read from HDFS for 8 time
diff succeed!
file 20 has been read from HDFS for 9 time
diff succeed!
file 20 has been read from HDFS for 10 time
diff succeed!
Deleted /myfile20
file 20 has been removed from HDFS
Found 20 items
-rw-r--r--   3 root supergroup 1073741824 2019-02-19 17:58 /myfile1
-rw-r--r--   3 root supergroup  671088640 2019-02-19 17:59 /myfile10._COPYING_
-rw-r--r--   3 root supergroup 1073741824 2019-02-19 17:58 /myfile11
-rw-r--r--   3 root supergroup 1073741824 2019-02-19 17:58 /myfile12
-rw-r--r--   3 root supergroup 1073741824 2019-02-19 17:58 /myfile13
-rw-r--r--   3 root supergroup 1073741824 2019-02-19 17:59 /myfile14
-rw-r--r--   3 root supergroup  536870912 2019-02-19 17:59 /myfile15._COPYING_
-rw-r--r--   3 root supergroup 1073741824 2019-02-19 17:58 /myfile16
-rw-r--r--   3 root supergroup  805306368 2019-02-19 17:59 /myfile17._COPYING_
-rw-r--r--   3 root supergroup 1073741824 2019-02-19 17:58 /myfile18
-rw-r--r--   3 root supergroup 1073741824 2019-02-19 17:58 /myfile19
-rw-r--r--   3 root supergroup 1073741824 2019-02-19 17:58 /myfile2
-rw-r--r--   3 root supergroup 1073741824 2019-02-19 17:59 /myfile20
-rw-r--r--   3 root supergroup 1073741824 2019-02-19 17:58 /myfile3
-rw-r--r--   3 root supergroup  805306368 2019-02-19 17:58 /myfile4._COPYING_
-rw-r--r--   3 root supergroup 1073741824 2019-02-19 17:58 /myfile5
-rw-r--r--   3 root supergroup  536870912 2019-02-19 17:59 /myfile6._COPYING_
-rw-r--r--   3 root supergroup 1073741824 2019-02-19 17:58 /myfile7
-rw-r--r--   3 root supergroup  536870912 2019-02-19 17:59 /myfile8._COPYING_
-rw-r--r--   3 root supergroup 1073741824 2019-02-19 17:59 /myfile9
file 20 has been put into HDFS
file 20 has been read from HDFS for 1 time
diff succeed!
file 20 has been read from HDFS for 2 time
diff succeed!
file 20 has been read from HDFS for 3 time
diff succeed!
file 20 has been read from HDFS for 4 time
diff succeed!
file 20 has been read from HDFS for 5 time
diff succeed!
file 20 has been read from HDFS for 6 time
diff succeed!
file 20 has been read from HDFS for 7 time
diff succeed!
file 20 has been read from HDFS for 8 time
diff succeed!
file 20 has been read from HDFS for 9 time
diff succeed!
file 20 has been read from HDFS for 10 time
diff succeed!
Deleted /myfile20
file 20 has been removed from HDFS
Found 20 items
-rw-r--r--   3 root supergroup 1073741824 2019-02-19 18:02 /myfile1
-rw-r--r--   3 root supergroup 1073741824 2019-02-19 18:04 /myfile10
-rw-r--r--   3 root supergroup 1073741824 2019-02-19 18:02 /myfile11
-rw-r--r--   3 root supergroup 1073741824 2019-02-19 18:02 /myfile12
-rw-r--r--   3 root supergroup 1073741824 2019-02-19 18:02 /myfile13
-rw-r--r--   3 root supergroup 1073741824 2019-02-19 18:03 /myfile14
-rw-r--r--   3 root supergroup 1073741824 2019-02-19 18:04 /myfile15
-rw-r--r--   3 root supergroup 1073741824 2019-02-19 18:02 /myfile16
-rw-r--r--   3 root supergroup 1073741824 2019-02-19 18:04 /myfile17
-rw-r--r--   3 root supergroup 1073741824 2019-02-19 18:03 /myfile18
-rw-r--r--   3 root supergroup 1073741824 2019-02-19 18:03 /myfile19
-rw-r--r--   3 root supergroup 1073741824 2019-02-19 18:02 /myfile2
-rw-r--r--   3 root supergroup 1073741824 2019-02-19 18:04 /myfile20
-rw-r--r--   3 root supergroup 1073741824 2019-02-19 18:03 /myfile3
-rw-r--r--   3 root supergroup 1073741824 2019-02-19 18:00 /myfile4
-rw-r--r--   3 root supergroup 1073741824 2019-02-19 18:02 /myfile5
-rw-r--r--   3 root supergroup 1073741824 2019-02-19 18:00 /myfile6
-rw-r--r--   3 root supergroup 1073741824 2019-02-19 18:02 /myfile7
-rw-r--r--   3 root supergroup 1073741824 2019-02-19 18:04 /myfile8
-rw-r--r--   3 root supergroup 1073741824 2019-02-19 18:03 /myfile9
file 20 has been put into HDFS
file 20 has been read from HDFS for 1 time
diff succeed!
file 20 has been read from HDFS for 2 time
diff succeed!
file 20 has been read from HDFS for 3 time
diff succeed!
file 20 has been read from HDFS for 4 time
diff succeed!
file 20 has been read from HDFS for 5 time
diff succeed!
file 20 has been read from HDFS for 6 time
diff succeed!
file 20 has been read from HDFS for 7 time
diff succeed!
file 20 has been read from HDFS for 8 time
diff succeed!
file 20 has been read from HDFS for 9 time
diff succeed!
file 20 has been read from HDFS for 10 time
diff succeed!
Deleted /myfile20
file 20 has been removed from HDFS
Found 20 items
-rw-r--r--   3 root supergroup 1073741824 2019-02-19 18:06 /myfile1
-rw-r--r--   3 root supergroup 1073741824 2019-02-19 18:09 /myfile10
-rw-r--r--   3 root supergroup 1073741824 2019-02-19 18:06 /myfile11
-rw-r--r--   3 root supergroup 1073741824 2019-02-19 18:06 /myfile12
-rw-r--r--   3 root supergroup 1073741824 2019-02-19 18:06 /myfile13
-rw-r--r--   3 root supergroup 1073741824 2019-02-19 18:08 /myfile14
-rw-r--r--   3 root supergroup 1073741824 2019-02-19 18:09 /myfile15
-rw-r--r--   3 root supergroup 1073741824 2019-02-19 18:06 /myfile16
-rw-r--r--   3 root supergroup 1073741824 2019-02-19 18:09 /myfile17
-rw-r--r--   3 root supergroup 1073741824 2019-02-19 18:08 /myfile18
-rw-r--r--   3 root supergroup 1073741824 2019-02-19 18:07 /myfile19
-rw-r--r--   3 root supergroup 1073741824 2019-02-19 18:06 /myfile2
-rw-r--r--   3 root supergroup 1073741824 2019-02-19 18:09 /myfile20
-rw-r--r--   3 root supergroup 1073741824 2019-02-19 18:08 /myfile3
-rw-r--r--   3 root supergroup 1073741824 2019-02-19 18:05 /myfile4
-rw-r--r--   3 root supergroup 1073741824 2019-02-19 18:06 /myfile5
-rw-r--r--   3 root supergroup 1073741824 2019-02-19 18:05 /myfile6
-rw-r--r--   3 root supergroup 1073741824 2019-02-19 18:06 /myfile7
-rw-r--r--   3 root supergroup 1073741824 2019-02-19 18:09 /myfile8
-rw-r--r--   3 root supergroup 1073741824 2019-02-19 18:08 /myfile9
file 20 has been put into HDFS
file 20 has been read from HDFS for 1 time
diff succeed!
file 20 has been read from HDFS for 2 time
diff succeed!
file 20 has been read from HDFS for 3 time
diff succeed!
file 20 has been read from HDFS for 4 time
diff succeed!
file 20 has been read from HDFS for 5 time
diff succeed!
file 20 has been read from HDFS for 6 time
diff succeed!
file 20 has been read from HDFS for 7 time
diff succeed!
file 20 has been read from HDFS for 8 time
diff succeed!
file 20 has been read from HDFS for 9 time
diff succeed!
file 20 has been read from HDFS for 10 time
diff succeed!
Deleted /myfile20
file 20 has been removed from HDFS
2019-02-19 18:13:13,813 INFO retry.RetryInvocationHandler: java.io.EOFException: End of File Exception between local host is: "clnode049.clemson.cloudlab.us/130.127.133.58"; destination host is: "node-1-link-0":8020; : java.io.EOFException; For more details see:  http://wiki.apache.org/hadoop/EOFException, while invoking ClientNamenodeProtocolTranslatorPB.addBlock over node-1-link-0/10.10.1.4:8020. Trying to failover immediately.
Found 19 items
-rw-r--r--   3 root supergroup 1073741824 2019-02-19 18:10 /myfile1
-rw-r--r--   3 root supergroup 1073741824 2019-02-19 18:13 /myfile10
-rw-r--r--   3 root supergroup 1073741824 2019-02-19 18:10 /myfile11
-rw-r--r--   3 root supergroup 1073741824 2019-02-19 18:10 /myfile12
-rw-r--r--   3 root supergroup 1073741824 2019-02-19 18:10 /myfile13
-rw-r--r--   3 root supergroup 1073741824 2019-02-19 18:12 /myfile14
-rw-r--r--   3 root supergroup 1073741824 2019-02-19 18:12 /myfile15
-rw-r--r--   3 root supergroup 1073741824 2019-02-19 18:10 /myfile16
-rw-r--r--   3 root supergroup 1073741824 2019-02-19 18:13 /myfile17
-rw-r--r--   3 root supergroup 1073741824 2019-02-19 18:12 /myfile18
-rw-r--r--   3 root supergroup 1073741824 2019-02-19 18:12 /myfile19
-rw-r--r--   3 root supergroup 1073741824 2019-02-19 18:10 /myfile2
-rw-r--r--   3 root supergroup 1073741824 2019-02-19 18:13 /myfile20
-rw-r--r--   3 root supergroup 1073741824 2019-02-19 18:12 /myfile3
-rw-r--r--   3 root supergroup 1073741824 2019-02-19 18:10 /myfile5
-rw-r--r--   3 root supergroup 1073741824 2019-02-19 18:09 /myfile6
-rw-r--r--   3 root supergroup 1073741824 2019-02-19 18:10 /myfile7
-rw-r--r--   3 root supergroup 1073741824 2019-02-19 18:13 /myfile8
-rw-r--r--   3 root supergroup 1073741824 2019-02-19 18:12 /myfile9
file 20 has been put into HDFS
file 20 has been read from HDFS for 1 time
diff succeed!
file 20 has been read from HDFS for 2 time
diff succeed!
file 20 has been read from HDFS for 3 time
diff succeed!
file 20 has been read from HDFS for 4 time
diff succeed!
file 20 has been read from HDFS for 5 time
diff succeed!
file 20 has been read from HDFS for 6 time
diff succeed!
file 20 has been read from HDFS for 7 time
diff succeed!
file 20 has been read from HDFS for 8 time
diff succeed!
file 20 has been read from HDFS for 9 time
diff succeed!
file 20 has been read from HDFS for 10 time
diff succeed!
Deleted /myfile20
file 20 has been removed from HDFS
Found 20 items
-rw-r--r--   3 root supergroup 1073741824 2019-02-19 18:14 /myfile1
-rw-r--r--   3 root supergroup  671088640 2019-02-19 18:17 /myfile10._COPYING_
-rw-r--r--   3 root supergroup 1073741824 2019-02-19 18:14 /myfile11
-rw-r--r--   3 root supergroup 1073741824 2019-02-19 18:14 /myfile12
-rw-r--r--   3 root supergroup 1073741824 2019-02-19 18:14 /myfile13
-rw-r--r--   3 root supergroup 1073741824 2019-02-19 18:16 /myfile14
-rw-r--r--   3 root supergroup 1073741824 2019-02-19 18:16 /myfile15
-rw-r--r--   3 root supergroup 1073741824 2019-02-19 18:14 /myfile16
-rw-r--r--   3 root supergroup 1073741824 2019-02-19 18:17 /myfile17
-rw-r--r--   3 root supergroup 1073741824 2019-02-19 18:16 /myfile18
-rw-r--r--   3 root supergroup 1073741824 2019-02-19 18:16 /myfile19
-rw-r--r--   3 root supergroup 1073741824 2019-02-19 18:14 /myfile2
-rw-r--r--   3 root supergroup 1073741824 2019-02-19 18:17 /myfile20
-rw-r--r--   3 root supergroup 1073741824 2019-02-19 18:16 /myfile3
-rw-r--r--   3 root supergroup  671088640 2019-02-19 18:17 /myfile4._COPYING_
-rw-r--r--   3 root supergroup 1073741824 2019-02-19 18:14 /myfile5
-rw-r--r--   3 root supergroup 1073741824 2019-02-19 18:14 /myfile6
-rw-r--r--   3 root supergroup 1073741824 2019-02-19 18:14 /myfile7
-rw-r--r--   3 root supergroup 1073741824 2019-02-19 18:17 /myfile8
-rw-r--r--   3 root supergroup 1073741824 2019-02-19 18:16 /myfile9
file 20 has been put into HDFS
file 20 has been read from HDFS for 1 time
diff succeed!
file 20 has been read from HDFS for 2 time
diff succeed!
file 20 has been read from HDFS for 3 time
diff succeed!
file 20 has been read from HDFS for 4 time
diff succeed!
file 20 has been read from HDFS for 5 time
diff succeed!
file 20 has been read from HDFS for 6 time
diff succeed!
file 20 has been read from HDFS for 7 time
diff succeed!
file 20 has been read from HDFS for 8 time
diff succeed!
file 20 has been read from HDFS for 9 time
diff succeed!
file 20 has been read from HDFS for 10 time
diff succeed!
Deleted /myfile20
file 20 has been removed from HDFS
Found 20 items
-rw-r--r--   3 root supergroup 1073741824 2019-02-19 18:19 /myfile1
-rw-r--r--   3 root supergroup 1073741824 2019-02-19 18:22 /myfile10
-rw-r--r--   3 root supergroup 1073741824 2019-02-19 18:19 /myfile11
-rw-r--r--   3 root supergroup 1073741824 2019-02-19 18:19 /myfile12
-rw-r--r--   3 root supergroup 1073741824 2019-02-19 18:19 /myfile13
-rw-r--r--   3 root supergroup 1073741824 2019-02-19 18:21 /myfile14
-rw-r--r--   3 root supergroup 1073741824 2019-02-19 18:21 /myfile15
-rw-r--r--   3 root supergroup 1073741824 2019-02-19 18:19 /myfile16
-rw-r--r--   3 root supergroup 1073741824 2019-02-19 18:22 /myfile17
-rw-r--r--   3 root supergroup 1073741824 2019-02-19 18:21 /myfile18
-rw-r--r--   3 root supergroup 1073741824 2019-02-19 18:21 /myfile19
-rw-r--r--   3 root supergroup 1073741824 2019-02-19 18:19 /myfile2
-rw-r--r--   3 root supergroup 1073741824 2019-02-19 18:22 /myfile20
-rw-r--r--   3 root supergroup 1073741824 2019-02-19 18:21 /myfile3
-rw-r--r--   3 root supergroup  805306368 2019-02-19 18:21 /myfile4._COPYING_
-rw-r--r--   3 root supergroup 1073741824 2019-02-19 18:19 /myfile5
-rw-r--r--   3 root supergroup 1073741824 2019-02-19 18:19 /myfile6
-rw-r--r--   3 root supergroup 1073741824 2019-02-19 18:19 /myfile7
-rw-r--r--   3 root supergroup  536870912 2019-02-19 18:21 /myfile8._COPYING_
-rw-r--r--   3 root supergroup 1073741824 2019-02-19 18:21 /myfile9
file 20 has been put into HDFS
file 20 has been read from HDFS for 1 time
diff succeed!
file 20 has been read from HDFS for 2 time
diff succeed!
file 20 has been read from HDFS for 3 time
diff succeed!
file 20 has been read from HDFS for 4 time
diff succeed!
file 20 has been read from HDFS for 5 time
diff succeed!
file 20 has been read from HDFS for 6 time
diff succeed!
file 20 has been read from HDFS for 7 time
diff succeed!
file 20 has been read from HDFS for 8 time
diff succeed!
file 20 has been read from HDFS for 9 time
diff succeed!
file 20 has been read from HDFS for 10 time
diff succeed!
Deleted /myfile20
file 20 has been removed from HDFS
Found 20 items
-rw-r--r--   3 root supergroup 1073741824 2019-02-19 18:23 /myfile1
-rw-r--r--   3 root supergroup 1073741824 2019-02-19 18:26 /myfile10
-rw-r--r--   3 root supergroup 1073741824 2019-02-19 18:23 /myfile11
-rw-r--r--   3 root supergroup 1073741824 2019-02-19 18:23 /myfile12
-rw-r--r--   3 root supergroup 1073741824 2019-02-19 18:23 /myfile13
-rw-r--r--   3 root supergroup 1073741824 2019-02-19 18:25 /myfile14
-rw-r--r--   3 root supergroup 1073741824 2019-02-19 18:25 /myfile15
-rw-r--r--   3 root supergroup 1073741824 2019-02-19 18:23 /myfile16
-rw-r--r--   3 root supergroup 1073741824 2019-02-19 18:26 /myfile17
-rw-r--r--   3 root supergroup 1073741824 2019-02-19 18:25 /myfile18
-rw-r--r--   3 root supergroup 1073741824 2019-02-19 18:25 /myfile19
-rw-r--r--   3 root supergroup 1073741824 2019-02-19 18:23 /myfile2
-rw-r--r--   3 root supergroup 1073741824 2019-02-19 18:26 /myfile20
-rw-r--r--   3 root supergroup 1073741824 2019-02-19 18:25 /myfile3
-rw-r--r--   3 root supergroup 1073741824 2019-02-19 18:26 /myfile4
-rw-r--r--   3 root supergroup 1073741824 2019-02-19 18:23 /myfile5
-rw-r--r--   3 root supergroup 1073741824 2019-02-19 18:23 /myfile6
-rw-r--r--   3 root supergroup 1073741824 2019-02-19 18:23 /myfile7
-rw-r--r--   3 root supergroup 1073741824 2019-02-19 18:26 /myfile8
-rw-r--r--   3 root supergroup 1073741824 2019-02-19 18:25 /myfile9
file 20 has been put into HDFS
file 20 has been read from HDFS for 1 time
diff succeed!
file 20 has been read from HDFS for 2 time
diff succeed!
file 20 has been read from HDFS for 3 time
diff succeed!
file 20 has been read from HDFS for 4 time
diff succeed!
file 20 has been read from HDFS for 5 time
diff succeed!
file 20 has been read from HDFS for 6 time
diff succeed!
file 20 has been read from HDFS for 7 time
diff succeed!
file 20 has been read from HDFS for 8 time
diff succeed!
file 20 has been read from HDFS for 9 time
diff succeed!
file 20 has been read from HDFS for 10 time
diff succeed!
Deleted /myfile20
file 20 has been removed from HDFS
Found 18 items
-rw-r--r--   3 root supergroup 1073741824 2019-02-19 18:28 /myfile1
-rw-r--r--   3 root supergroup 1073741824 2019-02-19 18:31 /myfile10
-rw-r--r--   3 root supergroup 1073741824 2019-02-19 18:28 /myfile13
-rw-r--r--   3 root supergroup 1073741824 2019-02-19 18:29 /myfile14
-rw-r--r--   3 root supergroup 1073741824 2019-02-19 18:29 /myfile15
-rw-r--r--   3 root supergroup 1073741824 2019-02-19 18:28 /myfile16
-rw-r--r--   3 root supergroup 1073741824 2019-02-19 18:31 /myfile17
-rw-r--r--   3 root supergroup 1073741824 2019-02-19 18:29 /myfile18
-rw-r--r--   3 root supergroup 1073741824 2019-02-19 18:29 /myfile19
-rw-r--r--   3 root supergroup 1073741824 2019-02-19 18:28 /myfile2
-rw-r--r--   3 root supergroup 1073741824 2019-02-19 18:31 /myfile20
-rw-r--r--   3 root supergroup 1073741824 2019-02-19 18:29 /myfile3
-rw-r--r--   3 root supergroup 1073741824 2019-02-19 18:31 /myfile4
-rw-r--r--   3 root supergroup 1073741824 2019-02-19 18:28 /myfile5
-rw-r--r--   3 root supergroup 1073741824 2019-02-19 18:28 /myfile6
-rw-r--r--   3 root supergroup 1073741824 2019-02-19 18:28 /myfile7
-rw-r--r--   3 root supergroup 1073741824 2019-02-19 18:31 /myfile8
-rw-r--r--   3 root supergroup 1073741824 2019-02-19 18:29 /myfile9
file 20 has been put into HDFS
file 20 has been read from HDFS for 1 time
diff succeed!
file 20 has been read from HDFS for 2 time
diff succeed!
file 20 has been read from HDFS for 3 time
diff succeed!
file 20 has been read from HDFS for 4 time
diff succeed!
file 20 has been read from HDFS for 5 time
diff succeed!
file 20 has been read from HDFS for 6 time
diff succeed!
file 20 has been read from HDFS for 7 time
diff succeed!
file 20 has been read from HDFS for 8 time
diff succeed!
file 20 has been read from HDFS for 9 time
diff succeed!
file 20 has been read from HDFS for 10 time
diff succeed!
Deleted /myfile20
file 20 has been removed from HDFS
sub_benchmark 10 signal TERM catched and let quit gracefully
Found 2 items
-rw-r--r--   3 root supergroup 1073741824 2019-02-19 18:35 /myfile20
-rw-r--r--   3 root supergroup 1073741824 2019-02-19 18:35 /myfile8
file 20 has been put into HDFS
file 20 has been read from HDFS for 1 time
diff succeed!
Deleted /myfile20
file 20 has been removed from HDFS
