2019-03-17 23:36:24,081 WARN  common.Storage Storage.java:analyzeStorage:654 - Storage directory /root/hdfs-root/journal/mycluster does not exist
2019-03-17 23:36:37,295 ERROR server.JournalNode LogAdapter.java:error:73 - RECEIVED SIGNAL 15: SIGTERM
2019-03-17 23:37:00,995 WARN  server.JournalNodeSyncer JournalNodeSyncer.java:getMissingLogSegments:327 - Journal at node-2-link-0/10.10.1.5:8485 has no edit logs
2019-03-17 23:38:52,506 WARN  server.Journal Journal.java:journal:430 - Sync of transaction range 137-137 took 4043ms ; journal id: mycluster
2019-03-17 23:38:58,438 WARN  server.Journal Journal.java:journal:430 - Sync of transaction range 141-141 took 5519ms ; journal id: mycluster
2019-03-17 23:39:01,004 WARN  server.JournalNodeSyncer JournalNodeSyncer.java:getMissingLogSegments:327 - Journal at node-3-link-0/10.10.1.3:8485 has no edit logs
2019-03-17 23:39:05,352 WARN  server.Journal Journal.java:journal:430 - Sync of transaction range 142-142 took 3709ms ; journal id: mycluster
2019-03-17 23:40:51,690 WARN  server.Journal Journal.java:journal:430 - Sync of transaction range 330-331 took 1576ms ; journal id: mycluster
2019-03-17 23:41:02,350 WARN  server.Journal Journal.java:journal:430 - Sync of transaction range 391-392 took 6996ms ; journal id: mycluster
2019-03-17 23:42:40,260 WARN  server.Journal Journal.java:journal:430 - Sync of transaction range 479-479 took 2024ms ; journal id: mycluster
2019-03-17 23:43:01,773 WARN  server.Journal Journal.java:journal:430 - Sync of transaction range 533-533 took 3590ms ; journal id: mycluster
2019-03-17 23:43:07,770 WARN  server.Journal Journal.java:journal:430 - Sync of transaction range 534-534 took 5412ms ; journal id: mycluster
2019-03-17 23:43:18,974 WARN  server.Journal Journal.java:journal:430 - Sync of transaction range 536-536 took 5731ms ; journal id: mycluster
2019-03-17 23:43:25,231 WARN  server.Journal Journal.java:journal:430 - Sync of transaction range 537-538 took 6255ms ; journal id: mycluster
2019-03-17 23:43:31,411 WARN  server.Journal Journal.java:journal:430 - Sync of transaction range 539-539 took 6178ms ; journal id: mycluster
2019-03-17 23:44:04,902 WARN  server.Journal Journal.java:journal:430 - Sync of transaction range 563-563 took 1467ms ; journal id: mycluster
2019-03-17 23:44:16,149 WARN  server.Journal Journal.java:journal:430 - Sync of transaction range 565-565 took 4005ms ; journal id: mycluster
2019-03-17 23:44:22,255 WARN  server.Journal Journal.java:journal:430 - Sync of transaction range 567-568 took 3051ms ; journal id: mycluster
2019-03-17 23:45:10,535 WARN  server.Journal Journal.java:journal:430 - Sync of transaction range 675-675 took 6550ms ; journal id: mycluster
2019-03-17 23:45:17,282 WARN  server.Journal Journal.java:journal:430 - Sync of transaction range 676-676 took 4133ms ; journal id: mycluster
2019-03-17 23:45:33,841 WARN  server.Journal Journal.java:journal:430 - Sync of transaction range 677-677 took 6472ms ; journal id: mycluster
2019-03-17 23:45:36,768 WARN  server.Journal Journal.java:journal:430 - Sync of transaction range 678-678 took 2790ms ; journal id: mycluster
2019-03-17 23:45:42,611 WARN  server.Journal Journal.java:journal:430 - Sync of transaction range 679-680 took 3798ms ; journal id: mycluster
2019-03-17 23:46:25,734 WARN  server.Journal Journal.java:journal:430 - Sync of transaction range 708-708 took 1756ms ; journal id: mycluster
2019-03-17 23:46:28,158 WARN  server.Journal Journal.java:journal:430 - Sync of transaction range 709-710 took 2421ms ; journal id: mycluster
2019-03-17 23:47:07,156 WARN  server.Journal Journal.java:journal:430 - Sync of transaction range 817-817 took 1027ms ; journal id: mycluster
2019-03-17 23:47:29,734 WARN  server.Journal Journal.java:journal:430 - Sync of transaction range 818-818 took 7199ms ; journal id: mycluster
2019-03-17 23:47:38,837 WARN  server.Journal Journal.java:journal:430 - Sync of transaction range 821-821 took 6357ms ; journal id: mycluster
2019-03-17 23:47:43,469 WARN  server.Journal Journal.java:journal:430 - Sync of transaction range 822-822 took 4630ms ; journal id: mycluster
2019-03-17 23:48:08,532 WARN  server.Journal Journal.java:journal:430 - Sync of transaction range 847-847 took 1946ms ; journal id: mycluster
2019-03-17 23:48:41,128 WARN  server.Journal Journal.java:journal:430 - Sync of transaction range 929-930 took 3060ms ; journal id: mycluster
2019-03-17 23:49:26,209 WARN  server.Journal Journal.java:journal:430 - Sync of transaction range 959-959 took 4518ms ; journal id: mycluster
2019-03-17 23:49:41,486 WARN  server.Journal Journal.java:journal:430 - Sync of transaction range 960-960 took 2828ms ; journal id: mycluster
2019-03-17 23:50:06,765 WARN  server.Journal Journal.java:journal:430 - Sync of transaction range 1018-1018 took 2485ms ; journal id: mycluster
2019-03-17 23:50:17,179 WARN  server.Journal Journal.java:journal:430 - Sync of transaction range 1019-1019 took 1764ms ; journal id: mycluster
2019-03-17 23:50:24,981 WARN  server.Journal Journal.java:journal:430 - Sync of transaction range 1020-1020 took 6518ms ; journal id: mycluster
2019-03-17 23:51:16,513 WARN  server.Journal Journal.java:journal:430 - Sync of transaction range 1101-1101 took 4604ms ; journal id: mycluster
2019-03-17 23:51:30,180 WARN  server.Journal Journal.java:journal:430 - Sync of transaction range 1102-1102 took 2955ms ; journal id: mycluster
2019-03-17 23:51:35,800 WARN  server.Journal Journal.java:journal:430 - Sync of transaction range 1103-1103 took 5608ms ; journal id: mycluster
2019-03-17 23:52:19,005 WARN  server.Journal Journal.java:journal:430 - Sync of transaction range 1165-1167 took 4463ms ; journal id: mycluster
2019-03-17 23:52:24,720 WARN  server.Journal Journal.java:journal:430 - Sync of transaction range 1169-1169 took 5712ms ; journal id: mycluster
2019-03-17 23:52:29,460 WARN  server.Journal Journal.java:journal:430 - Sync of transaction range 1170-1175 took 4737ms ; journal id: mycluster
2019-03-17 23:52:48,621 WARN  server.Journal Journal.java:journal:430 - Sync of transaction range 1241-1241 took 1431ms ; journal id: mycluster
2019-03-17 23:53:22,371 WARN  server.Journal Journal.java:journal:430 - Sync of transaction range 1245-1245 took 2235ms ; journal id: mycluster
2019-03-17 23:53:27,734 WARN  server.Journal Journal.java:journal:430 - Sync of transaction range 1246-1246 took 5361ms ; journal id: mycluster
2019-03-17 23:53:32,892 WARN  server.Journal Journal.java:journal:430 - Sync of transaction range 1247-1249 took 5156ms ; journal id: mycluster
2019-03-17 23:53:38,498 WARN  server.Journal Journal.java:journal:430 - Sync of transaction range 1250-1252 took 5604ms ; journal id: mycluster
2019-03-17 23:53:41,539 WARN  server.Journal Journal.java:journal:430 - Sync of transaction range 1253-1255 took 3039ms ; journal id: mycluster
2019-03-17 23:54:26,183 WARN  server.Journal Journal.java:journal:430 - Sync of transaction range 1303-1303 took 6776ms ; journal id: mycluster
2019-03-17 23:54:30,177 WARN  server.Journal Journal.java:journal:430 - Sync of transaction range 1304-1305 took 3992ms ; journal id: mycluster
2019-03-17 23:54:35,359 WARN  server.Journal Journal.java:journal:430 - Sync of transaction range 1306-1308 took 5131ms ; journal id: mycluster
2019-03-17 23:55:20,218 WARN  server.Journal Journal.java:journal:430 - Sync of transaction range 1385-1385 took 5754ms ; journal id: mycluster
2019-03-17 23:55:27,316 WARN  server.Journal Journal.java:journal:430 - Sync of transaction range 1386-1386 took 7086ms ; journal id: mycluster
2019-03-17 23:55:36,217 WARN  server.Journal Journal.java:journal:430 - Sync of transaction range 1387-1387 took 3494ms ; journal id: mycluster
2019-03-17 23:55:47,054 WARN  server.Journal Journal.java:journal:430 - Sync of transaction range 1388-1389 took 5650ms ; journal id: mycluster
2019-03-17 23:55:52,843 WARN  server.Journal Journal.java:journal:430 - Sync of transaction range 1392-1394 took 5784ms ; journal id: mycluster
2019-03-17 23:55:57,201 WARN  server.Journal Journal.java:journal:430 - Sync of transaction range 1395-1395 took 3273ms ; journal id: mycluster
2019-03-17 23:56:37,626 WARN  server.Journal Journal.java:journal:430 - Sync of transaction range 1453-1453 took 4646ms ; journal id: mycluster
2019-03-17 23:56:44,523 WARN  server.Journal Journal.java:journal:430 - Sync of transaction range 1454-1457 took 6883ms ; journal id: mycluster
2019-03-17 23:56:50,795 WARN  server.Journal Journal.java:journal:430 - Sync of transaction range 1458-1460 took 6270ms ; journal id: mycluster
2019-03-17 23:56:53,321 WARN  server.Journal Journal.java:journal:430 - Sync of transaction range 1470-1472 took 2256ms ; journal id: mycluster
2019-03-17 23:57:30,635 WARN  server.Journal Journal.java:journal:430 - Sync of transaction range 1528-1528 took 6050ms ; journal id: mycluster
2019-03-17 23:57:36,482 WARN  server.Journal Journal.java:journal:430 - Sync of transaction range 1529-1529 took 2295ms ; journal id: mycluster
2019-03-17 23:57:46,107 WARN  server.Journal Journal.java:journal:430 - Sync of transaction range 1532-1532 took 6349ms ; journal id: mycluster
2019-03-17 23:57:49,822 WARN  server.Journal Journal.java:journal:430 - Sync of transaction range 1533-1533 took 3701ms ; journal id: mycluster
2019-03-17 23:57:54,287 WARN  server.Journal Journal.java:journal:430 - Sync of transaction range 1534-1536 took 4408ms ; journal id: mycluster
2019-03-17 23:57:57,122 WARN  server.Journal Journal.java:journal:430 - Sync of transaction range 1537-1539 took 2833ms ; journal id: mycluster
2019-03-17 23:58:22,143 WARN  server.Journal Journal.java:journal:430 - Sync of transaction range 1586-1586 took 1022ms ; journal id: mycluster
2019-03-17 23:58:37,166 WARN  server.Journal Journal.java:journal:430 - Sync of transaction range 1588-1588 took 5250ms ; journal id: mycluster
2019-03-17 23:58:42,361 WARN  server.Journal Journal.java:journal:430 - Sync of transaction range 1589-1590 took 4774ms ; journal id: mycluster
2019-03-17 23:58:47,224 WARN  server.Journal Journal.java:journal:430 - Sync of transaction range 1591-1593 took 4861ms ; journal id: mycluster
2019-03-17 23:59:29,547 WARN  server.Journal Journal.java:journal:430 - Sync of transaction range 1669-1669 took 4286ms ; journal id: mycluster
2019-03-17 23:59:41,417 WARN  server.Journal Journal.java:journal:430 - Sync of transaction range 1671-1671 took 3617ms ; journal id: mycluster
2019-03-17 23:59:47,684 WARN  server.Journal Journal.java:journal:430 - Sync of transaction range 1672-1672 took 6254ms ; journal id: mycluster
2019-03-18 00:00:34,767 WARN  server.Journal Journal.java:journal:430 - Sync of transaction range 1729-1729 took 3891ms ; journal id: mycluster
2019-03-18 00:00:43,062 WARN  server.Journal Journal.java:journal:430 - Sync of transaction range 1730-1730 took 6345ms ; journal id: mycluster
2019-03-18 00:00:50,849 WARN  server.Journal Journal.java:journal:430 - Sync of transaction range 1732-1735 took 5324ms ; journal id: mycluster
2019-03-18 00:00:52,440 WARN  server.Journal Journal.java:journal:430 - Sync of transaction range 1736-1738 took 1590ms ; journal id: mycluster
2019-03-18 00:01:35,522 WARN  server.Journal Journal.java:journal:430 - Sync of transaction range 1811-1811 took 2691ms ; journal id: mycluster
2019-03-18 00:01:41,766 WARN  server.Journal Journal.java:journal:430 - Sync of transaction range 1812-1812 took 6242ms ; journal id: mycluster
2019-03-18 00:02:40,269 WARN  server.Journal Journal.java:journal:430 - Sync of transaction range 1870-1870 took 6519ms ; journal id: mycluster
2019-03-18 00:03:42,313 WARN  server.Journal Journal.java:journal:430 - Sync of transaction range 1953-1953 took 5481ms ; journal id: mycluster
2019-03-18 00:03:47,194 WARN  server.Journal Journal.java:journal:430 - Sync of transaction range 1954-1954 took 4784ms ; journal id: mycluster
2019-03-18 00:04:54,264 WARN  server.Journal Journal.java:journal:430 - Sync of transaction range 2013-2013 took 3969ms ; journal id: mycluster
2019-03-18 00:05:01,314 WARN  server.Journal Journal.java:journal:430 - Sync of transaction range 2014-2014 took 7030ms ; journal id: mycluster
2019-03-18 00:05:06,911 WARN  server.Journal Journal.java:journal:430 - Sync of transaction range 2015-2017 took 5595ms ; journal id: mycluster
2019-03-18 00:05:46,283 WARN  server.Journal Journal.java:journal:430 - Sync of transaction range 2095-2095 took 4363ms ; journal id: mycluster
2019-03-18 00:05:52,093 WARN  server.Journal Journal.java:journal:430 - Sync of transaction range 2096-2096 took 5801ms ; journal id: mycluster
2019-03-18 00:06:04,320 WARN  server.Journal Journal.java:journal:430 - Sync of transaction range 2097-2097 took 5476ms ; journal id: mycluster
2019-03-18 00:06:11,117 WARN  server.Journal Journal.java:journal:430 - Sync of transaction range 2098-2098 took 6585ms ; journal id: mycluster
2019-03-18 00:06:14,382 WARN  server.Journal Journal.java:journal:430 - Sync of transaction range 2099-2101 took 3263ms ; journal id: mycluster
2019-03-18 00:06:20,287 WARN  server.Journal Journal.java:journal:430 - Sync of transaction range 2102-2105 took 5903ms ; journal id: mycluster
2019-03-18 00:07:01,514 WARN  server.Journal Journal.java:journal:430 - Sync of transaction range 2188-2191 took 2476ms ; journal id: mycluster
2019-03-18 00:07:07,587 WARN  server.Journal Journal.java:journal:430 - Sync of transaction range 2192-2194 took 6066ms ; journal id: mycluster
2019-03-18 00:07:11,785 WARN  server.Journal Journal.java:journal:430 - Sync of transaction range 2195-2200 took 3738ms ; journal id: mycluster
2019-03-18 00:07:15,509 WARN  server.Journal Journal.java:journal:430 - Sync of transaction range 2201-2203 took 3460ms ; journal id: mycluster
2019-03-18 00:07:17,162 WARN  server.Journal Journal.java:journal:430 - Sync of transaction range 2204-2207 took 1640ms ; journal id: mycluster
2019-03-18 00:07:53,750 WARN  server.Journal Journal.java:journal:430 - Sync of transaction range 2238-2238 took 4674ms ; journal id: mycluster
2019-03-18 00:08:03,629 WARN  server.Journal Journal.java:journal:430 - Sync of transaction range 2239-2239 took 4927ms ; journal id: mycluster
2019-03-18 00:08:07,829 WARN  server.Journal Journal.java:journal:430 - Sync of transaction range 2240-2242 took 4198ms ; journal id: mycluster
2019-03-18 00:08:48,162 WARN  server.Journal Journal.java:journal:430 - Sync of transaction range 2296-2297 took 3292ms ; journal id: mycluster
2019-03-18 00:08:59,074 WARN  server.Journal Journal.java:journal:430 - Sync of transaction range 2298-2298 took 1684ms ; journal id: mycluster
2019-03-18 00:09:02,981 WARN  server.Journal Journal.java:journal:430 - Sync of transaction range 2299-2301 took 3858ms ; journal id: mycluster
2019-03-18 00:09:52,517 WARN  server.Journal Journal.java:journal:430 - Sync of transaction range 2382-2384 took 5864ms ; journal id: mycluster
2019-03-18 00:09:55,925 WARN  server.Journal Journal.java:journal:430 - Sync of transaction range 2385-2385 took 3405ms ; journal id: mycluster
2019-03-18 00:10:03,047 WARN  server.Journal Journal.java:journal:430 - Sync of transaction range 2386-2388 took 7113ms ; journal id: mycluster
2019-03-18 00:10:46,099 WARN  server.Journal Journal.java:journal:430 - Sync of transaction range 2440-2440 took 3281ms ; journal id: mycluster
2019-03-18 00:10:51,054 WARN  server.Journal Journal.java:journal:430 - Sync of transaction range 2482-2484 took 2058ms ; journal id: mycluster
2019-03-18 00:11:00,933 WARN  server.Journal Journal.java:journal:430 - Sync of transaction range 2509-2509 took 6815ms ; journal id: mycluster
2019-03-18 00:11:08,096 WARN  server.Journal Journal.java:journal:430 - Sync of transaction range 2510-2513 took 7161ms ; journal id: mycluster
2019-03-18 00:11:10,627 WARN  server.Journal Journal.java:journal:430 - Sync of transaction range 2515-2518 took 2529ms ; journal id: mycluster
2019-03-18 00:11:16,251 WARN  server.Journal Journal.java:journal:430 - Sync of transaction range 2519-2519 took 5623ms ; journal id: mycluster
2019-03-18 00:11:48,488 WARN  server.Journal Journal.java:journal:430 - Sync of transaction range 2521-2521 took 1539ms ; journal id: mycluster
2019-03-18 00:12:41,731 WARN  server.Journal Journal.java:journal:430 - Sync of transaction range 2585-2587 took 4302ms ; journal id: mycluster
2019-03-18 00:12:44,217 WARN  server.Journal Journal.java:journal:430 - Sync of transaction range 2594-2596 took 2483ms ; journal id: mycluster
2019-03-18 00:12:51,348 WARN  server.Journal Journal.java:journal:430 - Sync of transaction range 2597-2598 took 7119ms ; journal id: mycluster
2019-03-18 00:12:58,494 WARN  server.Journal Journal.java:journal:430 - Sync of transaction range 2599-2601 took 7145ms ; journal id: mycluster
2019-03-18 00:13:35,726 WARN  server.Journal Journal.java:journal:430 - Sync of transaction range 2663-2663 took 6067ms ; journal id: mycluster
2019-03-18 00:13:41,826 WARN  server.Journal Journal.java:journal:430 - Sync of transaction range 2664-2664 took 6098ms ; journal id: mycluster
2019-03-18 00:13:45,857 WARN  server.Journal Journal.java:journal:430 - Sync of transaction range 2665-2665 took 3708ms ; journal id: mycluster
2019-03-18 00:13:52,114 WARN  server.Journal Journal.java:journal:430 - Sync of transaction range 2666-2668 took 6208ms ; journal id: mycluster
2019-03-18 00:13:58,349 WARN  server.Journal Journal.java:journal:430 - Sync of transaction range 2669-2669 took 5894ms ; journal id: mycluster
2019-03-18 00:14:37,979 WARN  server.Journal Journal.java:journal:430 - Sync of transaction range 2723-2723 took 4983ms ; journal id: mycluster
2019-03-18 00:14:39,380 WARN  server.Journal Journal.java:journal:430 - Sync of transaction range 2724-2724 took 1394ms ; journal id: mycluster
2019-03-18 00:14:45,025 WARN  server.Journal Journal.java:journal:430 - Sync of transaction range 2725-2727 took 5602ms ; journal id: mycluster
2019-03-18 00:14:51,625 WARN  server.Journal Journal.java:journal:430 - Sync of transaction range 2728-2728 took 6174ms ; journal id: mycluster
2019-03-18 00:14:56,222 WARN  server.Journal Journal.java:journal:430 - Sync of transaction range 2729-2732 took 4584ms ; journal id: mycluster
2019-03-18 00:15:38,823 WARN  server.Journal Journal.java:journal:430 - Sync of transaction range 2807-2807 took 1661ms ; journal id: mycluster
2019-03-18 00:15:43,726 WARN  server.Journal Journal.java:journal:430 - Sync of transaction range 2808-2810 took 4854ms ; journal id: mycluster
2019-03-18 00:15:48,936 WARN  server.Journal Journal.java:journal:430 - Sync of transaction range 2811-2811 took 5200ms ; journal id: mycluster
2019-03-18 00:15:55,691 WARN  server.Journal Journal.java:journal:430 - Sync of transaction range 2812-2814 took 6753ms ; journal id: mycluster
2019-03-18 00:16:02,977 WARN  server.Journal Journal.java:journal:430 - Sync of transaction range 2818-2820 took 5564ms ; journal id: mycluster
2019-03-18 00:16:06,847 WARN  server.Journal Journal.java:journal:430 - Sync of transaction range 2821-2823 took 3868ms ; journal id: mycluster
2019-03-18 00:16:11,333 WARN  server.Journal Journal.java:journal:430 - Sync of transaction range 2824-2826 took 4475ms ; journal id: mycluster
2019-03-18 00:16:14,223 WARN  server.Journal Journal.java:journal:430 - Sync of transaction range 2827-2829 took 2889ms ; journal id: mycluster
2019-03-18 00:16:19,171 WARN  server.Journal Journal.java:journal:430 - Sync of transaction range 2833-2835 took 1923ms ; journal id: mycluster
2019-03-18 00:16:24,834 WARN  server.Journal Journal.java:journal:430 - Sync of transaction range 2861-2861 took 1187ms ; journal id: mycluster
2019-03-18 00:16:42,413 WARN  server.Journal Journal.java:journal:430 - Sync of transaction range 2870-2870 took 3914ms ; journal id: mycluster
2019-03-18 00:16:49,531 WARN  server.Journal Journal.java:journal:430 - Sync of transaction range 2935-2936 took 3472ms ; journal id: mycluster
2019-03-18 00:17:42,470 WARN  server.Journal Journal.java:journal:430 - Sync of transaction range 2947-2947 took 1277ms ; journal id: mycluster
2019-03-18 00:18:34,311 WARN  server.Journal Journal.java:journal:430 - Sync of transaction range 3051-3053 took 5080ms ; journal id: mycluster
2019-03-18 00:18:40,201 WARN  server.Journal Journal.java:journal:430 - Sync of transaction range 3058-3060 took 5886ms ; journal id: mycluster
2019-03-18 00:18:45,773 WARN  server.Journal Journal.java:journal:430 - Sync of transaction range 3061-3063 took 5571ms ; journal id: mycluster
2019-03-18 00:18:51,632 WARN  server.Journal Journal.java:journal:430 - Sync of transaction range 3065-3067 took 5856ms ; journal id: mycluster
2019-03-18 00:19:02,773 WARN  server.Journal Journal.java:journal:430 - Sync of transaction range 3069-3071 took 5763ms ; journal id: mycluster
2019-03-18 00:19:14,324 WARN  server.Journal Journal.java:journal:430 - Sync of transaction range 3072-3074 took 6340ms ; journal id: mycluster
2019-03-18 00:19:21,026 WARN  server.Journal Journal.java:journal:430 - Sync of transaction range 3078-3080 took 3649ms ; journal id: mycluster
2019-03-18 00:19:26,913 WARN  server.Journal Journal.java:journal:430 - Sync of transaction range 3082-3084 took 5884ms ; journal id: mycluster
2019-03-18 00:19:37,195 WARN  server.Journal Journal.java:journal:430 - Sync of transaction range 3104-3106 took 2285ms ; journal id: mycluster
2019-03-18 00:20:01,632 WARN  server.Journal Journal.java:journal:430 - Sync of transaction range 3146-3146 took 5017ms ; journal id: mycluster
2019-03-18 00:20:19,828 WARN  server.Journal Journal.java:journal:430 - Sync of transaction range 3173-3173 took 1104ms ; journal id: mycluster
2019-03-18 00:20:39,976 WARN  server.Journal Journal.java:journal:430 - Sync of transaction range 3186-3188 took 3252ms ; journal id: mycluster
2019-03-18 00:20:41,812 WARN  server.Journal Journal.java:journal:430 - Sync of transaction range 3189-3191 took 1835ms ; journal id: mycluster
2019-03-18 00:21:14,335 WARN  server.Journal Journal.java:journal:430 - Sync of transaction range 3240-3242 took 1872ms ; journal id: mycluster
2019-03-18 00:21:16,222 WARN  server.Journal Journal.java:journal:430 - Sync of transaction range 3252-3254 took 1884ms ; journal id: mycluster
2019-03-18 00:22:02,598 WARN  server.Journal Journal.java:journal:430 - Sync of transaction range 3315-3315 took 1757ms ; journal id: mycluster
2019-03-18 00:22:18,548 WARN  server.Journal Journal.java:journal:430 - Sync of transaction range 3316-3316 took 4037ms ; journal id: mycluster
2019-03-18 00:22:51,948 WARN  server.Journal Journal.java:journal:430 - Sync of transaction range 3374-3374 took 2959ms ; journal id: mycluster
2019-03-18 00:22:57,552 WARN  server.Journal Journal.java:journal:430 - Sync of transaction range 3375-3375 took 4034ms ; journal id: mycluster
2019-03-18 00:23:01,503 WARN  server.Journal Journal.java:journal:430 - Sync of transaction range 3376-3378 took 3905ms ; journal id: mycluster
2019-03-18 00:23:42,136 WARN  server.Journal Journal.java:journal:430 - Sync of transaction range 3457-3457 took 1458ms ; journal id: mycluster
2019-03-18 00:23:55,047 WARN  server.Journal Journal.java:journal:430 - Sync of transaction range 3458-3458 took 2619ms ; journal id: mycluster
2019-03-18 00:23:57,588 WARN  server.Journal Journal.java:journal:430 - Sync of transaction range 3459-3459 took 2539ms ; journal id: mycluster
2019-03-18 00:24:38,513 WARN  server.Journal Journal.java:journal:430 - Sync of transaction range 3517-3517 took 1121ms ; journal id: mycluster
2019-03-18 00:24:45,666 WARN  server.Journal Journal.java:journal:430 - Sync of transaction range 3520-3522 took 1284ms ; journal id: mycluster
2019-03-18 00:25:30,174 WARN  server.Journal Journal.java:journal:430 - Sync of transaction range 3600-3600 took 1681ms ; journal id: mycluster
2019-03-18 00:25:35,090 WARN  server.Journal Journal.java:journal:430 - Sync of transaction range 3601-3601 took 3726ms ; journal id: mycluster
2019-03-18 00:25:40,728 WARN  server.Journal Journal.java:journal:430 - Sync of transaction range 3602-3604 took 5562ms ; journal id: mycluster
2019-03-18 00:26:23,734 WARN  server.Journal Journal.java:journal:430 - Sync of transaction range 3657-3657 took 4981ms ; journal id: mycluster
2019-03-18 00:26:25,543 WARN  server.Journal Journal.java:journal:430 - Sync of transaction range 3658-3659 took 1801ms ; journal id: mycluster
2019-03-18 00:27:10,289 WARN  server.Journal Journal.java:journal:430 - Sync of transaction range 3741-3741 took 5655ms ; journal id: mycluster
2019-03-18 00:27:16,586 WARN  server.Journal Journal.java:journal:430 - Sync of transaction range 3742-3742 took 5708ms ; journal id: mycluster
2019-03-18 00:27:23,778 WARN  server.Journal Journal.java:journal:430 - Sync of transaction range 3743-3743 took 2669ms ; journal id: mycluster
2019-03-18 00:27:58,307 WARN  server.Journal Journal.java:journal:430 - Sync of transaction range 3798-3798 took 4622ms ; journal id: mycluster
2019-03-18 00:28:47,668 WARN  server.Journal Journal.java:journal:430 - Sync of transaction range 3883-3883 took 3002ms ; journal id: mycluster
2019-03-18 00:28:54,574 WARN  server.Journal Journal.java:journal:430 - Sync of transaction range 3884-3884 took 6894ms ; journal id: mycluster
2019-03-18 00:33:05,466 WARN  server.Journal Journal.java:journal:430 - Sync of transaction range 4223-4223 took 4486ms ; journal id: mycluster
2019-03-18 00:34:03,748 WARN  server.Journal Journal.java:journal:430 - Sync of transaction range 4308-4308 took 4124ms ; journal id: mycluster
2019-03-18 00:34:44,671 WARN  server.Journal Journal.java:journal:430 - Sync of transaction range 4365-4365 took 1737ms ; journal id: mycluster
2019-03-18 00:35:43,072 WARN  server.Journal Journal.java:journal:430 - Sync of transaction range 4449-4449 took 5696ms ; journal id: mycluster
2019-03-18 00:36:26,648 WARN  server.Journal Journal.java:journal:430 - Sync of transaction range 4505-4505 took 2509ms ; journal id: mycluster
2019-03-18 00:36:29,822 WARN  server.Journal Journal.java:journal:430 - Sync of transaction range 4506-4506 took 2983ms ; journal id: mycluster
2019-03-18 00:38:13,773 WARN  server.Journal Journal.java:journal:430 - Sync of transaction range 4626-4626 took 1926ms ; journal id: mycluster
2019-03-18 00:38:53,068 WARN  server.Journal Journal.java:journal:430 - Sync of transaction range 4733-4733 took 1289ms ; journal id: mycluster
2019-03-18 00:39:11,826 WARN  server.Journal Journal.java:journal:430 - Sync of transaction range 4734-4734 took 4517ms ; journal id: mycluster
2019-03-18 00:39:14,625 WARN  server.Journal Journal.java:journal:430 - Sync of transaction range 4735-4736 took 2798ms ; journal id: mycluster
2019-03-18 00:39:21,012 WARN  server.Journal Journal.java:journal:430 - Sync of transaction range 4741-4743 took 6059ms ; journal id: mycluster
2019-03-18 00:40:45,080 WARN  server.Journal Journal.java:journal:430 - Sync of transaction range 4875-4875 took 3849ms ; journal id: mycluster
2019-03-18 00:41:34,127 WARN  server.Journal Journal.java:journal:430 - Sync of transaction range 4904-4904 took 2904ms ; journal id: mycluster
2019-03-18 00:41:35,634 WARN  server.Journal Journal.java:journal:430 - Sync of transaction range 4905-4905 took 1498ms ; journal id: mycluster
2019-03-18 00:42:41,572 WARN  server.Journal Journal.java:journal:430 - Sync of transaction range 5018-5018 took 4852ms ; journal id: mycluster
2019-03-18 00:43:23,420 WARN  server.Journal Journal.java:journal:430 - Sync of transaction range 5052-5054 took 5711ms ; journal id: mycluster
2019-03-18 00:44:14,020 WARN  server.Journal Journal.java:journal:430 - Sync of transaction range 5158-5158 took 3491ms ; journal id: mycluster
2019-03-18 00:44:58,364 WARN  server.Journal Journal.java:journal:430 - Sync of transaction range 5187-5187 took 2085ms ; journal id: mycluster
2019-03-18 00:46:41,603 WARN  server.Journal Journal.java:journal:430 - Sync of transaction range 5330-5330 took 3806ms ; journal id: mycluster
2019-03-18 00:49:15,715 WARN  server.Journal Journal.java:journal:430 - Sync of transaction range 5583-5583 took 3565ms ; journal id: mycluster
2019-03-18 00:49:32,142 WARN  server.Journal Journal.java:journal:430 - Sync of transaction range 5584-5584 took 5477ms ; journal id: mycluster
2019-03-18 00:49:33,941 WARN  server.Journal Journal.java:journal:430 - Sync of transaction range 5591-5593 took 1437ms ; journal id: mycluster
2019-03-18 00:50:12,774 WARN  server.Journal Journal.java:journal:430 - Sync of transaction range 5614-5616 took 2416ms ; journal id: mycluster
2019-03-18 00:50:59,753 WARN  server.Journal Journal.java:journal:430 - Sync of transaction range 5725-5725 took 5736ms ; journal id: mycluster
2019-03-18 00:51:39,221 WARN  server.Journal Journal.java:journal:430 - Sync of transaction range 5753-5753 took 5101ms ; journal id: mycluster
2019-03-18 00:52:44,381 WARN  server.Journal Journal.java:journal:430 - Sync of transaction range 5867-5867 took 4219ms ; journal id: mycluster
2019-03-18 00:53:22,856 WARN  server.Journal Journal.java:journal:430 - Sync of transaction range 5897-5897 took 1370ms ; journal id: mycluster
2019-03-18 00:54:25,155 WARN  server.Journal Journal.java:journal:430 - Sync of transaction range 6008-6008 took 4237ms ; journal id: mycluster
2019-03-18 00:56:11,630 WARN  server.Journal Journal.java:journal:430 - Sync of transaction range 6149-6149 took 4076ms ; journal id: mycluster
2019-03-18 00:57:05,099 WARN  server.Journal Journal.java:journal:430 - Sync of transaction range 6198-6200 took 5377ms ; journal id: mycluster
2019-03-18 00:57:08,697 WARN  server.Journal Journal.java:journal:430 - Sync of transaction range 6204-6204 took 3596ms ; journal id: mycluster
2019-03-18 00:59:45,844 WARN  server.Journal Journal.java:journal:430 - Sync of transaction range 6434-6434 took 1122ms ; journal id: mycluster
2019-03-18 00:59:51,157 WARN  server.Journal Journal.java:journal:430 - Sync of transaction range 6435-6435 took 4913ms ; journal id: mycluster
2019-03-18 01:00:31,741 WARN  server.Journal Journal.java:journal:430 - Sync of transaction range 6471-6472 took 2112ms ; journal id: mycluster
2019-03-18 01:01:22,411 WARN  server.Journal Journal.java:journal:430 - Sync of transaction range 6575-6575 took 5539ms ; journal id: mycluster
2019-03-18 01:02:11,774 WARN  server.Journal Journal.java:journal:430 - Sync of transaction range 6606-6606 took 2040ms ; journal id: mycluster
2019-03-18 01:02:58,323 WARN  server.Journal Journal.java:journal:430 - Sync of transaction range 6717-6717 took 1949ms ; journal id: mycluster
2019-03-18 01:03:14,341 WARN  server.Journal Journal.java:journal:430 - Sync of transaction range 6718-6718 took 3392ms ; journal id: mycluster
2019-03-18 01:03:16,883 WARN  server.Journal Journal.java:journal:430 - Sync of transaction range 6719-6721 took 2539ms ; journal id: mycluster
2019-03-18 01:03:57,682 WARN  server.Journal Journal.java:journal:430 - Sync of transaction range 6749-6751 took 4071ms ; journal id: mycluster
2019-03-18 01:04:51,869 WARN  server.Journal Journal.java:journal:430 - Sync of transaction range 6858-6858 took 2656ms ; journal id: mycluster
2019-03-18 01:05:02,214 WARN  server.Journal Journal.java:journal:430 - Sync of transaction range 6859-6859 took 3436ms ; journal id: mycluster
2019-03-18 01:06:41,849 WARN  server.Journal Journal.java:journal:430 - Sync of transaction range 6999-6999 took 2972ms ; journal id: mycluster
2019-03-18 01:07:33,036 WARN  server.Journal Journal.java:journal:430 - Sync of transaction range 7040-7040 took 3511ms ; journal id: mycluster
2019-03-18 01:07:35,651 WARN  server.Journal Journal.java:journal:430 - Sync of transaction range 7056-7058 took 2309ms ; journal id: mycluster
2019-03-18 01:08:28,002 WARN  server.Journal Journal.java:journal:430 - Sync of transaction range 7141-7141 took 5765ms ; journal id: mycluster
2019-03-18 01:09:13,155 WARN  server.Journal Journal.java:journal:430 - Sync of transaction range 7175-7175 took 4423ms ; journal id: mycluster
2019-03-18 01:10:02,816 WARN  server.Journal Journal.java:journal:430 - Sync of transaction range 7283-7283 took 5097ms ; journal id: mycluster
2019-03-18 01:10:54,497 WARN  server.Journal Journal.java:journal:430 - Sync of transaction range 7315-7315 took 4057ms ; journal id: mycluster
2019-03-18 01:11:40,723 WARN  server.Journal Journal.java:journal:430 - Sync of transaction range 7425-7425 took 4262ms ; journal id: mycluster
2019-03-18 01:11:57,012 WARN  server.Journal Journal.java:journal:430 - Sync of transaction range 7426-7426 took 3740ms ; journal id: mycluster
2019-03-18 01:11:59,287 WARN  server.Journal Journal.java:journal:430 - Sync of transaction range 7433-7435 took 2272ms ; journal id: mycluster
2019-03-18 01:12:33,481 WARN  server.Journal Journal.java:journal:430 - Sync of transaction range 7457-7457 took 2717ms ; journal id: mycluster
2019-03-18 01:13:21,360 WARN  server.Journal Journal.java:journal:430 - Sync of transaction range 7567-7567 took 2822ms ; journal id: mycluster
2019-03-18 01:13:35,592 WARN  server.Journal Journal.java:journal:430 - Sync of transaction range 7568-7568 took 1563ms ; journal id: mycluster
2019-03-18 01:14:16,289 WARN  server.Journal Journal.java:journal:430 - Sync of transaction range 7600-7602 took 4076ms ; journal id: mycluster
2019-03-18 01:14:57,132 WARN  server.Journal Journal.java:journal:430 - Sync of transaction range 7707-7707 took 5244ms ; journal id: mycluster
2019-03-18 01:15:13,531 WARN  server.Journal Journal.java:journal:430 - Sync of transaction range 7708-7708 took 5099ms ; journal id: mycluster
2019-03-18 01:15:16,480 WARN  server.Journal Journal.java:journal:430 - Sync of transaction range 7709-7709 took 2947ms ; journal id: mycluster
2019-03-18 01:16:56,658 WARN  server.Journal Journal.java:journal:430 - Sync of transaction range 7849-7849 took 5998ms ; journal id: mycluster
2019-03-18 01:17:08,917 WARN  server.Journal Journal.java:journal:430 - Sync of transaction range 7850-7850 took 1718ms ; journal id: mycluster
2019-03-18 01:17:11,049 WARN  server.Journal Journal.java:journal:430 - Sync of transaction range 7851-7853 took 2079ms ; journal id: mycluster
2019-03-18 01:17:50,950 WARN  server.Journal Journal.java:journal:430 - Sync of transaction range 7884-7886 took 4084ms ; journal id: mycluster
2019-03-18 01:18:51,257 WARN  server.Journal Journal.java:journal:430 - Sync of transaction range 7992-7992 took 4133ms ; journal id: mycluster
2019-03-18 01:18:53,564 WARN  server.Journal Journal.java:journal:430 - Sync of transaction range 7993-7995 took 2305ms ; journal id: mycluster
2019-03-18 01:19:33,984 WARN  server.Journal Journal.java:journal:430 - Sync of transaction range 8025-8025 took 6152ms ; journal id: mycluster
2019-03-18 01:19:35,955 WARN  server.Journal Journal.java:journal:430 - Sync of transaction range 8083-8085 took 1802ms ; journal id: mycluster
2019-03-18 01:20:16,111 WARN  server.Journal Journal.java:journal:430 - Sync of transaction range 8133-8133 took 2208ms ; journal id: mycluster
2019-03-18 01:20:32,472 WARN  server.Journal Journal.java:journal:430 - Sync of transaction range 8134-8134 took 2324ms ; journal id: mycluster
2019-03-18 01:21:13,450 WARN  server.Journal Journal.java:journal:430 - Sync of transaction range 8165-8166 took 1919ms ; journal id: mycluster
2019-03-18 01:21:57,754 WARN  server.Journal Journal.java:journal:430 - Sync of transaction range 8275-8275 took 3328ms ; journal id: mycluster
2019-03-18 01:22:13,706 WARN  server.Journal Journal.java:journal:430 - Sync of transaction range 8276-8276 took 3507ms ; journal id: mycluster
2019-03-18 01:22:18,397 WARN  server.Journal Journal.java:journal:430 - Sync of transaction range 8277-8279 took 4689ms ; journal id: mycluster
2019-03-18 01:22:50,571 WARN  server.Journal Journal.java:journal:430 - Sync of transaction range 8310-8312 took 2275ms ; journal id: mycluster
2019-03-18 01:22:56,706 WARN  server.Journal Journal.java:journal:430 - Sync of transaction range 8333-8335 took 2294ms ; journal id: mycluster
2019-03-18 01:23:43,987 WARN  server.Journal Journal.java:journal:430 - Sync of transaction range 8417-8417 took 4914ms ; journal id: mycluster
2019-03-18 01:23:54,275 WARN  server.Journal Journal.java:journal:430 - Sync of transaction range 8418-8418 took 1942ms ; journal id: mycluster
2019-03-18 01:23:59,556 WARN  server.Journal Journal.java:journal:430 - Sync of transaction range 8425-8427 took 5264ms ; journal id: mycluster
2019-03-18 01:24:35,332 WARN  server.Journal Journal.java:journal:430 - Sync of transaction range 8449-8449 took 2821ms ; journal id: mycluster
2019-03-18 01:25:16,324 WARN  server.Journal Journal.java:journal:430 - Sync of transaction range 8557-8557 took 2928ms ; journal id: mycluster
2019-03-18 01:25:37,916 WARN  server.Journal Journal.java:journal:430 - Sync of transaction range 8558-8558 took 2313ms ; journal id: mycluster
2019-03-18 01:25:41,254 WARN  server.Journal Journal.java:journal:430 - Sync of transaction range 8559-8559 took 3228ms ; journal id: mycluster
2019-03-18 01:26:27,552 WARN  server.Journal Journal.java:journal:430 - Sync of transaction range 8587-8587 took 3061ms ; journal id: mycluster
2019-03-18 01:27:23,363 WARN  server.Journal Journal.java:journal:430 - Sync of transaction range 8699-8699 took 3957ms ; journal id: mycluster
2019-03-18 01:28:14,239 WARN  server.Journal Journal.java:journal:430 - Sync of transaction range 8729-8729 took 4638ms ; journal id: mycluster
2019-03-18 01:29:01,057 WARN  server.Journal Journal.java:journal:430 - Sync of transaction range 8841-8841 took 1252ms ; journal id: mycluster
2019-03-18 01:29:16,565 WARN  server.Journal Journal.java:journal:430 - Sync of transaction range 8842-8842 took 2065ms ; journal id: mycluster
2019-03-18 01:29:58,026 WARN  server.Journal Journal.java:journal:430 - Sync of transaction range 8874-8874 took 2158ms ; journal id: mycluster
2019-03-18 01:30:41,645 WARN  server.Journal Journal.java:journal:430 - Sync of transaction range 8983-8983 took 2019ms ; journal id: mycluster
2019-03-18 01:30:57,585 WARN  server.Journal Journal.java:journal:430 - Sync of transaction range 8984-8984 took 3458ms ; journal id: mycluster
2019-03-18 01:31:02,159 WARN  server.Journal Journal.java:journal:430 - Sync of transaction range 8985-8987 took 4572ms ; journal id: mycluster
2019-03-18 01:31:41,724 WARN  server.Journal Journal.java:journal:430 - Sync of transaction range 9014-9014 took 4875ms ; journal id: mycluster
2019-03-18 01:32:30,505 WARN  server.Journal Journal.java:journal:430 - Sync of transaction range 9125-9125 took 3671ms ; journal id: mycluster
2019-03-18 01:33:25,498 WARN  server.Journal Journal.java:journal:430 - Sync of transaction range 9208-9208 took 2341ms ; journal id: mycluster
2019-03-18 01:34:14,103 WARN  server.Journal Journal.java:journal:430 - Sync of transaction range 9267-9267 took 3571ms ; journal id: mycluster
2019-03-18 01:35:03,058 WARN  server.Journal Journal.java:journal:430 - Sync of transaction range 9297-9297 took 4775ms ; journal id: mycluster
2019-03-18 01:35:47,398 WARN  server.Journal Journal.java:journal:430 - Sync of transaction range 9407-9407 took 4646ms ; journal id: mycluster
2019-03-18 01:36:01,317 WARN  server.Journal Journal.java:journal:430 - Sync of transaction range 9408-9408 took 4119ms ; journal id: mycluster
2019-03-18 01:36:06,774 WARN  server.Journal Journal.java:journal:430 - Sync of transaction range 9409-9409 took 5348ms ; journal id: mycluster
2019-03-18 01:36:54,362 WARN  server.Journal Journal.java:journal:430 - Sync of transaction range 9438-9438 took 5240ms ; journal id: mycluster
2019-03-18 01:37:45,867 WARN  server.Journal Journal.java:journal:430 - Sync of transaction range 9549-9549 took 4549ms ; journal id: mycluster
2019-03-18 01:39:30,071 WARN  server.Journal Journal.java:journal:430 - Sync of transaction range 9691-9691 took 4964ms ; journal id: mycluster
2019-03-18 01:40:19,867 WARN  server.Journal Journal.java:journal:430 - Sync of transaction range 9719-9719 took 2299ms ; journal id: mycluster
2019-03-18 01:42:41,358 WARN  server.Journal Journal.java:journal:430 - Sync of transaction range 9973-9973 took 5990ms ; journal id: mycluster
2019-03-18 01:44:39,745 WARN  server.Journal Journal.java:journal:430 - Sync of transaction range 10115-10115 took 4178ms ; journal id: mycluster
2019-03-18 01:44:52,020 WARN  server.Journal Journal.java:journal:430 - Sync of transaction range 10116-10116 took 2986ms ; journal id: mycluster
2019-03-18 01:44:55,352 WARN  server.Journal Journal.java:journal:430 - Sync of transaction range 10117-10117 took 3229ms ; journal id: mycluster
2019-03-18 01:46:33,659 WARN  server.Journal Journal.java:journal:430 - Sync of transaction range 10257-10257 took 1846ms ; journal id: mycluster
2019-03-18 01:46:52,444 WARN  server.Journal Journal.java:journal:430 - Sync of transaction range 10258-10258 took 4472ms ; journal id: mycluster
2019-03-18 01:47:34,892 WARN  server.Journal Journal.java:journal:430 - Sync of transaction range 10291-10291 took 2111ms ; journal id: mycluster
2019-03-18 01:48:22,843 WARN  server.Journal Journal.java:journal:430 - Sync of transaction range 10399-10399 took 5688ms ; journal id: mycluster
2019-03-18 01:49:17,270 WARN  server.Journal Journal.java:journal:430 - Sync of transaction range 10433-10433 took 1473ms ; journal id: mycluster
2019-03-18 01:49:18,544 WARN  server.Journal Journal.java:journal:430 - Sync of transaction range 10434-10435 took 1228ms ; journal id: mycluster
2019-03-18 01:50:07,748 WARN  server.Journal Journal.java:journal:430 - Sync of transaction range 10541-10541 took 5931ms ; journal id: mycluster
2019-03-18 01:50:55,365 WARN  server.Journal Journal.java:journal:430 - Sync of transaction range 10573-10573 took 1665ms ; journal id: mycluster
2019-03-18 01:51:51,164 WARN  server.Journal Journal.java:journal:430 - Sync of transaction range 10683-10683 took 5062ms ; journal id: mycluster
2019-03-18 01:52:33,898 WARN  server.Journal Journal.java:journal:430 - Sync of transaction range 10713-10713 took 3164ms ; journal id: mycluster
2019-03-18 01:53:27,916 WARN  server.Journal Journal.java:journal:430 - Sync of transaction range 10825-10825 took 3446ms ; journal id: mycluster
2019-03-18 01:55:07,213 WARN  server.Journal Journal.java:journal:430 - Sync of transaction range 10965-10965 took 5459ms ; journal id: mycluster
2019-03-18 01:55:49,516 WARN  server.Journal Journal.java:journal:430 - Sync of transaction range 10987-10989 took 1625ms ; journal id: mycluster
2019-03-18 01:57:10,967 WARN  server.Journal Journal.java:journal:430 - Sync of transaction range 11107-11107 took 3899ms ; journal id: mycluster
2019-03-18 01:57:26,717 WARN  server.Journal Journal.java:journal:430 - Sync of transaction range 11108-11108 took 3266ms ; journal id: mycluster
2019-03-18 01:58:06,936 WARN  server.Journal Journal.java:journal:430 - Sync of transaction range 11142-11143 took 1231ms ; journal id: mycluster
2019-03-18 01:58:56,232 WARN  server.Journal Journal.java:journal:430 - Sync of transaction range 11249-11249 took 4870ms ; journal id: mycluster
2019-03-18 02:00:40,252 WARN  server.Journal Journal.java:journal:430 - Sync of transaction range 11391-11391 took 5670ms ; journal id: mycluster
2019-03-18 02:01:20,648 WARN  server.Journal Journal.java:journal:430 - Sync of transaction range 11420-11420 took 1380ms ; journal id: mycluster
2019-03-18 02:01:30,568 WARN  server.Journal Journal.java:journal:430 - Sync of transaction range 11421-11421 took 4698ms ; journal id: mycluster
2019-03-18 02:02:21,691 WARN  server.Journal Journal.java:journal:430 - Sync of transaction range 11533-11533 took 1575ms ; journal id: mycluster
2019-03-18 02:03:01,920 WARN  server.Journal Journal.java:journal:430 - Sync of transaction range 11561-11561 took 1504ms ; journal id: mycluster
2019-03-18 02:04:05,657 WARN  server.Journal Journal.java:journal:430 - Sync of transaction range 11675-11675 took 4311ms ; journal id: mycluster
2019-03-18 02:05:43,542 WARN  server.Journal Journal.java:journal:430 - Sync of transaction range 11817-11817 took 1763ms ; journal id: mycluster
2019-03-18 02:06:27,140 WARN  server.Journal Journal.java:journal:430 - Sync of transaction range 11845-11845 took 1016ms ; journal id: mycluster
2019-03-18 02:06:33,074 WARN  server.Journal Journal.java:journal:430 - Sync of transaction range 11847-11847 took 1082ms ; journal id: mycluster
2019-03-18 02:06:38,054 WARN  server.Journal Journal.java:journal:430 - Sync of transaction range 11848-11848 took 4087ms ; journal id: mycluster
2019-03-18 02:07:33,726 WARN  server.Journal Journal.java:journal:430 - Sync of transaction range 11957-11957 took 5758ms ; journal id: mycluster
2019-03-18 02:09:22,469 WARN  server.Journal Journal.java:journal:430 - Sync of transaction range 12099-12099 took 1200ms ; journal id: mycluster
2019-03-18 02:10:10,500 WARN  server.Journal Journal.java:journal:430 - Sync of transaction range 12131-12131 took 3099ms ; journal id: mycluster
2019-03-18 02:11:06,786 WARN  server.Journal Journal.java:journal:430 - Sync of transaction range 12241-12241 took 1715ms ; journal id: mycluster
2019-03-18 02:11:55,065 WARN  server.Journal Journal.java:journal:430 - Sync of transaction range 12271-12271 took 3589ms ; journal id: mycluster
2019-03-18 02:12:50,402 WARN  server.Journal Journal.java:journal:430 - Sync of transaction range 12383-12383 took 2690ms ; journal id: mycluster
2019-03-18 02:13:38,213 WARN  server.Journal Journal.java:journal:430 - Sync of transaction range 12411-12411 took 5409ms ; journal id: mycluster
2019-03-18 02:14:58,456 WARN  server.Journal Journal.java:journal:430 - Sync of transaction range 12545-12547 took 1476ms ; journal id: mycluster
2019-03-18 02:15:31,771 WARN  server.Journal Journal.java:journal:430 - Sync of transaction range 12577-12577 took 1296ms ; journal id: mycluster
2019-03-18 02:16:25,303 WARN  server.Journal Journal.java:journal:430 - Sync of transaction range 12667-12667 took 4831ms ; journal id: mycluster
2019-03-18 02:17:12,065 WARN  server.Journal Journal.java:journal:430 - Sync of transaction range 12712-12714 took 4513ms ; journal id: mycluster
2019-03-18 02:17:14,955 WARN  server.Journal Journal.java:journal:430 - Sync of transaction range 12715-12716 took 2882ms ; journal id: mycluster
2019-03-18 02:17:16,206 WARN  server.Journal Journal.java:journal:430 - Sync of transaction range 12717-12720 took 1243ms ; journal id: mycluster
2019-03-18 02:18:03,490 WARN  server.Journal Journal.java:journal:430 - Sync of transaction range 12809-12809 took 2501ms ; journal id: mycluster
2019-03-18 02:18:53,767 WARN  server.Journal Journal.java:journal:430 - Sync of transaction range 12841-12841 took 3536ms ; journal id: mycluster
2019-03-18 02:19:47,526 WARN  server.Journal Journal.java:journal:430 - Sync of transaction range 12949-12949 took 5722ms ; journal id: mycluster
2019-03-18 02:19:49,219 WARN  server.Journal Journal.java:journal:430 - Sync of transaction range 12950-12950 took 1687ms ; journal id: mycluster
2019-03-18 02:21:33,118 WARN  server.Journal Journal.java:journal:430 - Sync of transaction range 13091-13091 took 4798ms ; journal id: mycluster
2019-03-18 02:22:14,348 WARN  server.Journal Journal.java:journal:430 - Sync of transaction range 13121-13121 took 2523ms ; journal id: mycluster
2019-03-18 02:23:13,590 WARN  server.Journal Journal.java:journal:430 - Sync of transaction range 13233-13233 took 4737ms ; journal id: mycluster
2019-03-18 02:23:50,898 WARN  server.Journal Journal.java:journal:430 - Sync of transaction range 13261-13261 took 1594ms ; journal id: mycluster
2019-03-18 02:24:00,879 WARN  server.Journal Journal.java:journal:430 - Sync of transaction range 13264-13264 took 5395ms ; journal id: mycluster
2019-03-18 02:24:53,117 WARN  server.Journal Journal.java:journal:430 - Sync of transaction range 13375-13375 took 2656ms ; journal id: mycluster
2019-03-18 02:25:11,261 WARN  server.Journal Journal.java:journal:430 - Sync of transaction range 13376-13376 took 4307ms ; journal id: mycluster
2019-03-18 02:25:14,385 WARN  server.Journal Journal.java:journal:430 - Sync of transaction range 13386-13388 took 3027ms ; journal id: mycluster
2019-03-18 02:25:15,603 WARN  server.Journal Journal.java:journal:430 - Sync of transaction range 13398-13400 took 1168ms ; journal id: mycluster
2019-03-18 02:25:49,112 WARN  server.Journal Journal.java:journal:430 - Sync of transaction range 13423-13425 took 4836ms ; journal id: mycluster
2019-03-18 02:25:53,685 WARN  server.Journal Journal.java:journal:430 - Sync of transaction range 13426-13428 took 4565ms ; journal id: mycluster
2019-03-18 02:26:36,817 WARN  server.Journal Journal.java:journal:430 - Sync of transaction range 13517-13517 took 2310ms ; journal id: mycluster
2019-03-18 02:27:25,859 WARN  server.Journal Journal.java:journal:430 - Sync of transaction range 13549-13549 took 1728ms ; journal id: mycluster
2019-03-18 02:27:28,363 WARN  server.Journal Journal.java:journal:430 - Sync of transaction range 13559-13561 took 2254ms ; journal id: mycluster
2019-03-18 02:27:30,271 WARN  server.Journal Journal.java:journal:430 - Sync of transaction range 13562-13563 took 1886ms ; journal id: mycluster
2019-03-18 02:28:21,619 WARN  server.Journal Journal.java:journal:430 - Sync of transaction range 13659-13659 took 5492ms ; journal id: mycluster
2019-03-18 02:29:14,467 WARN  server.Journal Journal.java:journal:430 - Sync of transaction range 13698-13700 took 5030ms ; journal id: mycluster
2019-03-18 02:29:15,730 WARN  server.Journal Journal.java:journal:430 - Sync of transaction range 13701-13703 took 1261ms ; journal id: mycluster
2019-03-18 02:30:01,627 WARN  server.Journal Journal.java:journal:430 - Sync of transaction range 13799-13799 took 4391ms ; journal id: mycluster
2019-03-18 02:30:14,622 WARN  server.Journal Journal.java:journal:430 - Sync of transaction range 13800-13800 took 4916ms ; journal id: mycluster
2019-03-18 02:31:54,317 WARN  server.Journal Journal.java:journal:430 - Sync of transaction range 13941-13941 took 5999ms ; journal id: mycluster
2019-03-18 02:32:08,069 WARN  server.Journal Journal.java:journal:430 - Sync of transaction range 13942-13942 took 2565ms ; journal id: mycluster
2019-03-18 02:32:49,702 WARN  server.Journal Journal.java:journal:430 - Sync of transaction range 13975-13975 took 4949ms ; journal id: mycluster
2019-03-18 02:33:36,827 WARN  server.Journal Journal.java:journal:430 - Sync of transaction range 14083-14083 took 5711ms ; journal id: mycluster
2019-03-18 02:34:20,425 WARN  server.Journal Journal.java:journal:430 - Sync of transaction range 14115-14115 took 1394ms ; journal id: mycluster
2019-03-18 02:34:30,484 WARN  server.Journal Journal.java:journal:430 - Sync of transaction range 14117-14117 took 3462ms ; journal id: mycluster
2019-03-18 02:35:21,279 WARN  server.Journal Journal.java:journal:430 - Sync of transaction range 14225-14225 took 4815ms ; journal id: mycluster
2019-03-18 02:35:35,915 WARN  server.Journal Journal.java:journal:430 - Sync of transaction range 14226-14226 took 3040ms ; journal id: mycluster
2019-03-18 02:36:05,968 WARN  server.Journal Journal.java:journal:430 - Sync of transaction range 14255-14255 took 1328ms ; journal id: mycluster
2019-03-18 02:36:14,722 WARN  server.Journal Journal.java:journal:430 - Sync of transaction range 14257-14257 took 4083ms ; journal id: mycluster
2019-03-18 02:37:07,927 WARN  server.Journal Journal.java:journal:430 - Sync of transaction range 14367-14367 took 5800ms ; journal id: mycluster
2019-03-18 02:37:49,022 WARN  server.Journal Journal.java:journal:430 - Sync of transaction range 14398-14398 took 1431ms ; journal id: mycluster
2019-03-18 02:38:46,615 WARN  server.Journal Journal.java:journal:430 - Sync of transaction range 14509-14509 took 3281ms ; journal id: mycluster
2019-03-18 02:38:52,080 WARN  server.Journal Journal.java:journal:430 - Sync of transaction range 14510-14511 took 5458ms ; journal id: mycluster
2019-03-18 02:38:57,196 WARN  server.Journal Journal.java:journal:430 - Sync of transaction range 14512-14513 took 5114ms ; journal id: mycluster
