2019-02-21 15:03:59,764 INFO retry.RetryInvocationHandler: java.net.ConnectException: Call From clnode059.clemson.cloudlab.us/130.127.133.68 to node-1-link-0:8020 failed on connection exception: java.net.ConnectException: Connection refused; For more details see:  http://wiki.apache.org/hadoop/ConnectionRefused, while invoking ClientNamenodeProtocolTranslatorPB.renewLease over node-1-link-0/10.10.1.4:8020. Trying to failover immediately.
2019-02-21 15:03:59,768 INFO retry.RetryInvocationHandler: org.apache.hadoop.ipc.RemoteException(org.apache.hadoop.ipc.StandbyException): Operation category WRITE is not supported in state standby. Visit https://s.apache.org/sbnn-error
	at org.apache.hadoop.hdfs.server.namenode.ha.StandbyState.checkOperation(StandbyState.java:88)
	at org.apache.hadoop.hdfs.server.namenode.NameNode$NameNodeHAContext.checkOperation(NameNode.java:1952)
	at org.apache.hadoop.hdfs.server.namenode.FSNamesystem.checkOperation(FSNamesystem.java:1423)
	at org.apache.hadoop.hdfs.server.namenode.FSNamesystem.renewLease(FSNamesystem.java:3740)
	at org.apache.hadoop.hdfs.server.namenode.NameNodeRpcServer.renewLease(NameNodeRpcServer.java:1134)
	at org.apache.hadoop.hdfs.protocolPB.ClientNamenodeProtocolServerSideTranslatorPB.renewLease(ClientNamenodeProtocolServerSideTranslatorPB.java:737)
	at org.apache.hadoop.hdfs.protocol.proto.ClientNamenodeProtocolProtos$ClientNamenodeProtocol$2.callBlockingMethod(ClientNamenodeProtocolProtos.java)
	at org.apache.hadoop.ipc.ProtobufRpcEngine$Server$ProtoBufRpcInvoker.call(ProtobufRpcEngine.java:523)
	at org.apache.hadoop.ipc.RPC$Server.call(RPC.java:991)
	at org.apache.hadoop.ipc.Server$RpcCall.run(Server.java:872)
	at org.apache.hadoop.ipc.Server$RpcCall.run(Server.java:818)
	at java.security.AccessController.doPrivileged(Native Method)
	at javax.security.auth.Subject.doAs(Subject.java:422)
	at org.apache.hadoop.security.UserGroupInformation.doAs(UserGroupInformation.java:1729)
	at org.apache.hadoop.ipc.Server$Handler.run(Server.java:2678)
, while invoking ClientNamenodeProtocolTranslatorPB.renewLease over node-0-link-0/10.10.1.1:8020 after 1 failover attempts. Trying to failover after sleeping for 913ms.
2019-02-21 15:04:00,684 INFO retry.RetryInvocationHandler: java.net.ConnectException: Call From clnode059.clemson.cloudlab.us/130.127.133.68 to node-1-link-0:8020 failed on connection exception: java.net.ConnectException: Connection refused; For more details see:  http://wiki.apache.org/hadoop/ConnectionRefused, while invoking ClientNamenodeProtocolTranslatorPB.renewLease over node-1-link-0/10.10.1.4:8020 after 2 failover attempts. Trying to failover after sleeping for 2400ms.
Found 20 items
-rw-r--r--   3 root supergroup 1073741824 2019-02-21 15:04 /myfile1
-rw-r--r--   3 root supergroup 1073741824 2019-02-21 15:04 /myfile10
-rw-r--r--   3 root supergroup 1073741824 2019-02-21 15:04 /myfile11
-rw-r--r--   3 root supergroup 1073741824 2019-02-21 15:04 /myfile12
-rw-r--r--   3 root supergroup 1073741824 2019-02-21 15:04 /myfile13
-rw-r--r--   3 root supergroup 1073741824 2019-02-21 15:04 /myfile14
-rw-r--r--   3 root supergroup 1073741824 2019-02-21 15:04 /myfile15
-rw-r--r--   3 root supergroup 1073741824 2019-02-21 15:04 /myfile16
-rw-r--r--   3 root supergroup 1073741824 2019-02-21 15:04 /myfile17
-rw-r--r--   3 root supergroup 1073741824 2019-02-21 15:04 /myfile18
-rw-r--r--   3 root supergroup 1073741824 2019-02-21 15:04 /myfile19
-rw-r--r--   3 root supergroup 1073741824 2019-02-21 15:04 /myfile2
-rw-r--r--   3 root supergroup 1073741824 2019-02-21 15:04 /myfile20
-rw-r--r--   3 root supergroup 1073741824 2019-02-21 15:04 /myfile3
-rw-r--r--   3 root supergroup 1073741824 2019-02-21 15:04 /myfile4
-rw-r--r--   3 root supergroup 1073741824 2019-02-21 15:04 /myfile5
-rw-r--r--   3 root supergroup 1073741824 2019-02-21 15:04 /myfile6
-rw-r--r--   3 root supergroup 1073741824 2019-02-21 15:04 /myfile7
-rw-r--r--   3 root supergroup 1073741824 2019-02-21 15:04 /myfile8
-rw-r--r--   3 root supergroup 1073741824 2019-02-21 15:04 /myfile9
file 16 has been put into HDFS
file 16 has been read from HDFS for 1 time
diff succeed!
file 16 has been read from HDFS for 2 time
diff succeed!
file 16 has been read from HDFS for 3 time
diff succeed!
file 16 has been read from HDFS for 4 time
diff succeed!
file 16 has been read from HDFS for 5 time
diff succeed!
file 16 has been read from HDFS for 6 time
diff succeed!
file 16 has been read from HDFS for 7 time
diff succeed!
file 16 has been read from HDFS for 8 time
diff succeed!
file 16 has been read from HDFS for 9 time
diff succeed!
file 16 has been read from HDFS for 10 time
diff succeed!
Deleted /myfile16
file 16 has been removed from HDFS
Found 20 items
-rw-r--r--   3 root supergroup  268435456 2019-02-21 15:07 /myfile1._COPYING_
-rw-r--r--   3 root supergroup          0 2019-02-21 15:07 /myfile10._COPYING_
-rw-r--r--   3 root supergroup 1073741824 2019-02-21 15:04 /myfile11
-rw-r--r--   3 root supergroup  402653184 2019-02-21 15:07 /myfile12._COPYING_
-rw-r--r--   3 root supergroup 1073741824 2019-02-21 15:04 /myfile13
-rw-r--r--   3 root supergroup 1073741824 2019-02-21 15:04 /myfile14
-rw-r--r--   3 root supergroup 1073741824 2019-02-21 15:04 /myfile15
-rw-r--r--   3 root supergroup 1073741824 2019-02-21 15:07 /myfile16
-rw-r--r--   3 root supergroup 1073741824 2019-02-21 15:07 /myfile17
-rw-r--r--   3 root supergroup 1073741824 2019-02-21 15:04 /myfile18
-rw-r--r--   3 root supergroup  939524096 2019-02-21 15:07 /myfile19._COPYING_
-rw-r--r--   3 root supergroup 1073741824 2019-02-21 15:04 /myfile2
-rw-r--r--   3 root supergroup  134217728 2019-02-21 15:07 /myfile20._COPYING_
-rw-r--r--   3 root supergroup 1073741824 2019-02-21 15:04 /myfile3
-rw-r--r--   3 root supergroup  805306368 2019-02-21 15:07 /myfile4._COPYING_
-rw-r--r--   3 root supergroup 1073741824 2019-02-21 15:04 /myfile5
-rw-r--r--   3 root supergroup  939524096 2019-02-21 15:07 /myfile6._COPYING_
-rw-r--r--   3 root supergroup  134217728 2019-02-21 15:07 /myfile7._COPYING_
-rw-r--r--   3 root supergroup 1073741824 2019-02-21 15:04 /myfile8
-rw-r--r--   3 root supergroup 1073741824 2019-02-21 15:04 /myfile9
file 16 has been put into HDFS
file 16 has been read from HDFS for 1 time
diff succeed!
file 16 has been read from HDFS for 2 time
diff succeed!
file 16 has been read from HDFS for 3 time
diff succeed!
file 16 has been read from HDFS for 4 time
diff succeed!
file 16 has been read from HDFS for 5 time
diff succeed!
file 16 has been read from HDFS for 6 time
diff succeed!
file 16 has been read from HDFS for 7 time
diff succeed!
file 16 has been read from HDFS for 8 time
diff succeed!
file 16 has been read from HDFS for 9 time
diff succeed!
file 16 has been read from HDFS for 10 time
diff succeed!
Deleted /myfile16
file 16 has been removed from HDFS
Found 20 items
-rw-r--r--   3 root supergroup 1073741824 2019-02-21 15:07 /myfile1
-rw-r--r--   3 root supergroup 1073741824 2019-02-21 15:07 /myfile10
-rw-r--r--   3 root supergroup 1073741824 2019-02-21 15:10 /myfile11
-rw-r--r--   3 root supergroup 1073741824 2019-02-21 15:11 /myfile12
-rw-r--r--   3 root supergroup 1073741824 2019-02-21 15:10 /myfile13
-rw-r--r--   3 root supergroup 1073741824 2019-02-21 15:10 /myfile14
-rw-r--r--   3 root supergroup 1073741824 2019-02-21 15:10 /myfile15
-rw-r--r--   3 root supergroup 1073741824 2019-02-21 15:11 /myfile16
-rw-r--r--   3 root supergroup 1073741824 2019-02-21 15:11 /myfile17
-rw-r--r--   3 root supergroup 1073741824 2019-02-21 15:10 /myfile18
-rw-r--r--   3 root supergroup 1073741824 2019-02-21 15:07 /myfile19
-rw-r--r--   3 root supergroup 1073741824 2019-02-21 15:10 /myfile2
-rw-r--r--   3 root supergroup  268435456 2019-02-21 15:11 /myfile20._COPYING_
-rw-r--r--   3 root supergroup 1073741824 2019-02-21 15:10 /myfile3
-rw-r--r--   3 root supergroup 1073741824 2019-02-21 15:11 /myfile4
-rw-r--r--   3 root supergroup 1073741824 2019-02-21 15:10 /myfile5
-rw-r--r--   3 root supergroup 1073741824 2019-02-21 15:07 /myfile6
-rw-r--r--   3 root supergroup  939524096 2019-02-21 15:11 /myfile7._COPYING_
-rw-r--r--   3 root supergroup 1073741824 2019-02-21 15:10 /myfile8
-rw-r--r--   3 root supergroup 1073741824 2019-02-21 15:10 /myfile9
file 16 has been put into HDFS
file 16 has been read from HDFS for 1 time
diff succeed!
file 16 has been read from HDFS for 2 time
diff succeed!
file 16 has been read from HDFS for 3 time
diff succeed!
file 16 has been read from HDFS for 4 time
diff succeed!
file 16 has been read from HDFS for 5 time
diff succeed!
file 16 has been read from HDFS for 6 time
diff succeed!
file 16 has been read from HDFS for 7 time
diff succeed!
file 16 has been read from HDFS for 8 time
diff succeed!
file 16 has been read from HDFS for 9 time
diff succeed!
file 16 has been read from HDFS for 10 time
diff succeed!
Deleted /myfile16
file 16 has been removed from HDFS
2019-02-21 15:15:44,660 INFO retry.RetryInvocationHandler: java.io.EOFException: End of File Exception between local host is: "clnode059.clemson.cloudlab.us/130.127.133.68"; destination host is: "node-0-link-0":8020; : java.io.EOFException; For more details see:  http://wiki.apache.org/hadoop/EOFException, while invoking ClientNamenodeProtocolTranslatorPB.addBlock over node-0-link-0/10.10.1.1:8020. Trying to failover immediately.
2019-02-21 15:15:44,672 INFO retry.RetryInvocationHandler: org.apache.hadoop.ipc.RemoteException(org.apache.hadoop.ipc.RetriableException): org.apache.hadoop.hdfs.server.namenode.SafeModeException: Cannot add block to /myfile16._COPYING_. Name node is in safe mode.
The reported blocks 132 has reached the threshold 0.9990 of total blocks 132. The number of live datanodes 3 has reached the minimum number 0. In safe mode extension. Safe mode will be turned off automatically in 11 seconds. NamenodeHostName:node-1-link-0
	at org.apache.hadoop.hdfs.server.namenode.FSNamesystem.checkNameNodeSafeMode(FSNamesystem.java:1441)
	at org.apache.hadoop.hdfs.server.namenode.FSDirWriteFileOp.analyzeFileState(FSDirWriteFileOp.java:591)
	at org.apache.hadoop.hdfs.server.namenode.FSDirWriteFileOp.validateAddBlock(FSDirWriteFileOp.java:172)
	at org.apache.hadoop.hdfs.server.namenode.FSNamesystem.getAdditionalBlock(FSNamesystem.java:2679)
	at org.apache.hadoop.hdfs.server.namenode.NameNodeRpcServer.addBlock(NameNodeRpcServer.java:875)
	at org.apache.hadoop.hdfs.protocolPB.ClientNamenodeProtocolServerSideTranslatorPB.addBlock(ClientNamenodeProtocolServerSideTranslatorPB.java:561)
	at org.apache.hadoop.hdfs.protocol.proto.ClientNamenodeProtocolProtos$ClientNamenodeProtocol$2.callBlockingMethod(ClientNamenodeProtocolProtos.java)
	at org.apache.hadoop.ipc.ProtobufRpcEngine$Server$ProtoBufRpcInvoker.call(ProtobufRpcEngine.java:523)
	at org.apache.hadoop.ipc.RPC$Server.call(RPC.java:991)
	at org.apache.hadoop.ipc.Server$RpcCall.run(Server.java:872)
	at org.apache.hadoop.ipc.Server$RpcCall.run(Server.java:818)
	at java.security.AccessController.doPrivileged(Native Method)
	at javax.security.auth.Subject.doAs(Subject.java:422)
	at org.apache.hadoop.security.UserGroupInformation.doAs(UserGroupInformation.java:1729)
	at org.apache.hadoop.ipc.Server$Handler.run(Server.java:2678)
Caused by: org.apache.hadoop.hdfs.server.namenode.SafeModeException: Cannot add block to /myfile16._COPYING_. Name node is in safe mode.
The reported blocks 132 has reached the threshold 0.9990 of total blocks 132. The number of live datanodes 3 has reached the minimum number 0. In safe mode extension. Safe mode will be turned off automatically in 11 seconds. NamenodeHostName:node-1-link-0
	at org.apache.hadoop.hdfs.server.namenode.FSNamesystem.newSafemodeException(FSNamesystem.java:1450)
	at org.apache.hadoop.hdfs.server.namenode.FSNamesystem.checkNameNodeSafeMode(FSNamesystem.java:1437)
	... 14 more
, while invoking ClientNamenodeProtocolTranslatorPB.addBlock over node-1-link-0/10.10.1.4:8020 after 1 failover attempts. Retrying after sleeping for 1433ms.
2019-02-21 15:15:46,111 INFO retry.RetryInvocationHandler: org.apache.hadoop.ipc.RemoteException(org.apache.hadoop.ipc.RetriableException): org.apache.hadoop.hdfs.server.namenode.SafeModeException: Cannot add block to /myfile16._COPYING_. Name node is in safe mode.
The reported blocks 132 has reached the threshold 0.9990 of total blocks 132. The number of live datanodes 3 has reached the minimum number 0. In safe mode extension. Safe mode will be turned off automatically in 9 seconds. NamenodeHostName:node-1-link-0
	at org.apache.hadoop.hdfs.server.namenode.FSNamesystem.checkNameNodeSafeMode(FSNamesystem.java:1441)
	at org.apache.hadoop.hdfs.server.namenode.FSDirWriteFileOp.analyzeFileState(FSDirWriteFileOp.java:591)
	at org.apache.hadoop.hdfs.server.namenode.FSDirWriteFileOp.validateAddBlock(FSDirWriteFileOp.java:172)
	at org.apache.hadoop.hdfs.server.namenode.FSNamesystem.getAdditionalBlock(FSNamesystem.java:2679)
	at org.apache.hadoop.hdfs.server.namenode.NameNodeRpcServer.addBlock(NameNodeRpcServer.java:875)
	at org.apache.hadoop.hdfs.protocolPB.ClientNamenodeProtocolServerSideTranslatorPB.addBlock(ClientNamenodeProtocolServerSideTranslatorPB.java:561)
	at org.apache.hadoop.hdfs.protocol.proto.ClientNamenodeProtocolProtos$ClientNamenodeProtocol$2.callBlockingMethod(ClientNamenodeProtocolProtos.java)
	at org.apache.hadoop.ipc.ProtobufRpcEngine$Server$ProtoBufRpcInvoker.call(ProtobufRpcEngine.java:523)
	at org.apache.hadoop.ipc.RPC$Server.call(RPC.java:991)
	at org.apache.hadoop.ipc.Server$RpcCall.run(Server.java:872)
	at org.apache.hadoop.ipc.Server$RpcCall.run(Server.java:818)
	at java.security.AccessController.doPrivileged(Native Method)
	at javax.security.auth.Subject.doAs(Subject.java:422)
	at org.apache.hadoop.security.UserGroupInformation.doAs(UserGroupInformation.java:1729)
	at org.apache.hadoop.ipc.Server$Handler.run(Server.java:2678)
Caused by: org.apache.hadoop.hdfs.server.namenode.SafeModeException: Cannot add block to /myfile16._COPYING_. Name node is in safe mode.
The reported blocks 132 has reached the threshold 0.9990 of total blocks 132. The number of live datanodes 3 has reached the minimum number 0. In safe mode extension. Safe mode will be turned off automatically in 9 seconds. NamenodeHostName:node-1-link-0
	at org.apache.hadoop.hdfs.server.namenode.FSNamesystem.newSafemodeException(FSNamesystem.java:1450)
	at org.apache.hadoop.hdfs.server.namenode.FSNamesystem.checkNameNodeSafeMode(FSNamesystem.java:1437)
	... 14 more
, while invoking ClientNamenodeProtocolTranslatorPB.addBlock over node-1-link-0/10.10.1.4:8020 after 1 failover attempts. Retrying after sleeping for 1999ms.
2019-02-21 15:15:48,116 INFO retry.RetryInvocationHandler: org.apache.hadoop.ipc.RemoteException(org.apache.hadoop.ipc.RetriableException): org.apache.hadoop.hdfs.server.namenode.SafeModeException: Cannot add block to /myfile16._COPYING_. Name node is in safe mode.
The reported blocks 132 has reached the threshold 0.9990 of total blocks 132. The number of live datanodes 3 has reached the minimum number 0. In safe mode extension. Safe mode will be turned off automatically in 7 seconds. NamenodeHostName:node-1-link-0
	at org.apache.hadoop.hdfs.server.namenode.FSNamesystem.checkNameNodeSafeMode(FSNamesystem.java:1441)
	at org.apache.hadoop.hdfs.server.namenode.FSDirWriteFileOp.analyzeFileState(FSDirWriteFileOp.java:591)
	at org.apache.hadoop.hdfs.server.namenode.FSDirWriteFileOp.validateAddBlock(FSDirWriteFileOp.java:172)
	at org.apache.hadoop.hdfs.server.namenode.FSNamesystem.getAdditionalBlock(FSNamesystem.java:2679)
	at org.apache.hadoop.hdfs.server.namenode.NameNodeRpcServer.addBlock(NameNodeRpcServer.java:875)
	at org.apache.hadoop.hdfs.protocolPB.ClientNamenodeProtocolServerSideTranslatorPB.addBlock(ClientNamenodeProtocolServerSideTranslatorPB.java:561)
	at org.apache.hadoop.hdfs.protocol.proto.ClientNamenodeProtocolProtos$ClientNamenodeProtocol$2.callBlockingMethod(ClientNamenodeProtocolProtos.java)
	at org.apache.hadoop.ipc.ProtobufRpcEngine$Server$ProtoBufRpcInvoker.call(ProtobufRpcEngine.java:523)
	at org.apache.hadoop.ipc.RPC$Server.call(RPC.java:991)
	at org.apache.hadoop.ipc.Server$RpcCall.run(Server.java:872)
	at org.apache.hadoop.ipc.Server$RpcCall.run(Server.java:818)
	at java.security.AccessController.doPrivileged(Native Method)
	at javax.security.auth.Subject.doAs(Subject.java:422)
	at org.apache.hadoop.security.UserGroupInformation.doAs(UserGroupInformation.java:1729)
	at org.apache.hadoop.ipc.Server$Handler.run(Server.java:2678)
Caused by: org.apache.hadoop.hdfs.server.namenode.SafeModeException: Cannot add block to /myfile16._COPYING_. Name node is in safe mode.
The reported blocks 132 has reached the threshold 0.9990 of total blocks 132. The number of live datanodes 3 has reached the minimum number 0. In safe mode extension. Safe mode will be turned off automatically in 7 seconds. NamenodeHostName:node-1-link-0
	at org.apache.hadoop.hdfs.server.namenode.FSNamesystem.newSafemodeException(FSNamesystem.java:1450)
	at org.apache.hadoop.hdfs.server.namenode.FSNamesystem.checkNameNodeSafeMode(FSNamesystem.java:1437)
	... 14 more
, while invoking ClientNamenodeProtocolTranslatorPB.addBlock over node-1-link-0/10.10.1.4:8020 after 1 failover attempts. Retrying after sleeping for 3347ms.
2019-02-21 15:15:51,466 INFO retry.RetryInvocationHandler: org.apache.hadoop.ipc.RemoteException(org.apache.hadoop.ipc.RetriableException): org.apache.hadoop.hdfs.server.namenode.SafeModeException: Cannot add block to /myfile16._COPYING_. Name node is in safe mode.
The reported blocks 132 has reached the threshold 0.9990 of total blocks 132. The number of live datanodes 3 has reached the minimum number 0. In safe mode extension. Safe mode will be turned off automatically in 4 seconds. NamenodeHostName:node-1-link-0
	at org.apache.hadoop.hdfs.server.namenode.FSNamesystem.checkNameNodeSafeMode(FSNamesystem.java:1441)
	at org.apache.hadoop.hdfs.server.namenode.FSDirWriteFileOp.analyzeFileState(FSDirWriteFileOp.java:591)
	at org.apache.hadoop.hdfs.server.namenode.FSDirWriteFileOp.validateAddBlock(FSDirWriteFileOp.java:172)
	at org.apache.hadoop.hdfs.server.namenode.FSNamesystem.getAdditionalBlock(FSNamesystem.java:2679)
	at org.apache.hadoop.hdfs.server.namenode.NameNodeRpcServer.addBlock(NameNodeRpcServer.java:875)
	at org.apache.hadoop.hdfs.protocolPB.ClientNamenodeProtocolServerSideTranslatorPB.addBlock(ClientNamenodeProtocolServerSideTranslatorPB.java:561)
	at org.apache.hadoop.hdfs.protocol.proto.ClientNamenodeProtocolProtos$ClientNamenodeProtocol$2.callBlockingMethod(ClientNamenodeProtocolProtos.java)
	at org.apache.hadoop.ipc.ProtobufRpcEngine$Server$ProtoBufRpcInvoker.call(ProtobufRpcEngine.java:523)
	at org.apache.hadoop.ipc.RPC$Server.call(RPC.java:991)
	at org.apache.hadoop.ipc.Server$RpcCall.run(Server.java:872)
	at org.apache.hadoop.ipc.Server$RpcCall.run(Server.java:818)
	at java.security.AccessController.doPrivileged(Native Method)
	at javax.security.auth.Subject.doAs(Subject.java:422)
	at org.apache.hadoop.security.UserGroupInformation.doAs(UserGroupInformation.java:1729)
	at org.apache.hadoop.ipc.Server$Handler.run(Server.java:2678)
Caused by: org.apache.hadoop.hdfs.server.namenode.SafeModeException: Cannot add block to /myfile16._COPYING_. Name node is in safe mode.
The reported blocks 132 has reached the threshold 0.9990 of total blocks 132. The number of live datanodes 3 has reached the minimum number 0. In safe mode extension. Safe mode will be turned off automatically in 4 seconds. NamenodeHostName:node-1-link-0
	at org.apache.hadoop.hdfs.server.namenode.FSNamesystem.newSafemodeException(FSNamesystem.java:1450)
	at org.apache.hadoop.hdfs.server.namenode.FSNamesystem.checkNameNodeSafeMode(FSNamesystem.java:1437)
	... 14 more
, while invoking ClientNamenodeProtocolTranslatorPB.addBlock over node-1-link-0/10.10.1.4:8020 after 1 failover attempts. Retrying after sleeping for 8194ms.
Found 19 items
-rw-r--r--   3 root supergroup 1073741824 2019-02-21 15:13 /myfile1
-rw-r--r--   3 root supergroup 1073741824 2019-02-21 15:13 /myfile10
-rw-r--r--   3 root supergroup 1073741824 2019-02-21 15:10 /myfile11
-rw-r--r--   3 root supergroup 1073741824 2019-02-21 15:11 /myfile12
-rw-r--r--   3 root supergroup 1073741824 2019-02-21 15:14 /myfile13
-rw-r--r--   3 root supergroup  671088640 2019-02-21 15:15 /myfile14._COPYING_
-rw-r--r--   3 root supergroup  268435456 2019-02-21 15:16 /myfile15._COPYING_
-rw-r--r--   3 root supergroup 1073741824 2019-02-21 15:16 /myfile16
-rw-r--r--   3 root supergroup 1073741824 2019-02-21 15:11 /myfile17
-rw-r--r--   3 root supergroup 1073741824 2019-02-21 15:14 /myfile18
-rw-r--r--   3 root supergroup 1073741824 2019-02-21 15:14 /myfile19
-rw-r--r--   3 root supergroup 1073741824 2019-02-21 15:15 /myfile2
-rw-r--r--   3 root supergroup          0 2019-02-21 15:16 /myfile20._COPYING_
-rw-r--r--   3 root supergroup 1073741824 2019-02-21 15:14 /myfile3
-rw-r--r--   3 root supergroup 1073741824 2019-02-21 15:11 /myfile4
-rw-r--r--   3 root supergroup 1073741824 2019-02-21 15:14 /myfile5
-rw-r--r--   3 root supergroup 1073741824 2019-02-21 15:13 /myfile6
-rw-r--r--   3 root supergroup  671088640 2019-02-21 15:15 /myfile7._COPYING_
-rw-r--r--   3 root supergroup 1073741824 2019-02-21 15:14 /myfile8
file 16 has been put into HDFS
file 16 has been read from HDFS for 1 time
diff succeed!
file 16 has been read from HDFS for 2 time
diff succeed!
file 16 has been read from HDFS for 3 time
diff succeed!
file 16 has been read from HDFS for 4 time
diff succeed!
file 16 has been read from HDFS for 5 time
diff succeed!
file 16 has been read from HDFS for 6 time
diff succeed!
file 16 has been read from HDFS for 7 time
diff succeed!
file 16 has been read from HDFS for 8 time
diff succeed!
file 16 has been read from HDFS for 9 time
diff succeed!
file 16 has been read from HDFS for 10 time
diff succeed!
Deleted /myfile16
file 16 has been removed from HDFS
Found 19 items
-rw-r--r--   3 root supergroup 1073741824 2019-02-21 15:17 /myfile1
-rw-r--r--   3 root supergroup 1073741824 2019-02-21 15:17 /myfile10
-rw-r--r--   3 root supergroup 1073741824 2019-02-21 15:17 /myfile11
-rw-r--r--   3 root supergroup 1073741824 2019-02-21 15:17 /myfile12
-rw-r--r--   3 root supergroup 1073741824 2019-02-21 15:18 /myfile13
-rw-r--r--   3 root supergroup 1073741824 2019-02-21 15:20 /myfile14
-rw-r--r--   3 root supergroup 1073741824 2019-02-21 15:20 /myfile16
-rw-r--r--   3 root supergroup 1073741824 2019-02-21 15:17 /myfile17
-rw-r--r--   3 root supergroup 1073741824 2019-02-21 15:18 /myfile18
-rw-r--r--   3 root supergroup 1073741824 2019-02-21 15:18 /myfile19
-rw-r--r--   3 root supergroup 1073741824 2019-02-21 15:19 /myfile2
-rw-r--r--   3 root supergroup 1073741824 2019-02-21 15:16 /myfile20
-rw-r--r--   3 root supergroup 1073741824 2019-02-21 15:18 /myfile3
-rw-r--r--   3 root supergroup 1073741824 2019-02-21 15:17 /myfile4
-rw-r--r--   3 root supergroup 1073741824 2019-02-21 15:19 /myfile5
-rw-r--r--   3 root supergroup 1073741824 2019-02-21 15:17 /myfile6
-rw-r--r--   3 root supergroup 1073741824 2019-02-21 15:20 /myfile7
-rw-r--r--   3 root supergroup 1073741824 2019-02-21 15:18 /myfile8
-rw-r--r--   3 root supergroup 1073741824 2019-02-21 15:20 /myfile9
file 16 has been put into HDFS
file 16 has been read from HDFS for 1 time
diff succeed!
file 16 has been read from HDFS for 2 time
diff succeed!
file 16 has been read from HDFS for 3 time
diff succeed!
file 16 has been read from HDFS for 4 time
diff succeed!
file 16 has been read from HDFS for 5 time
diff succeed!
file 16 has been read from HDFS for 6 time
diff succeed!
file 16 has been read from HDFS for 7 time
diff succeed!
file 16 has been read from HDFS for 8 time
diff succeed!
file 16 has been read from HDFS for 9 time
diff succeed!
file 16 has been read from HDFS for 10 time
diff succeed!
Deleted /myfile16
file 16 has been removed from HDFS
Found 20 items
-rw-r--r--   3 root supergroup 1073741824 2019-02-21 15:21 /myfile1
-rw-r--r--   3 root supergroup 1073741824 2019-02-21 15:22 /myfile10
-rw-r--r--   3 root supergroup 1073741824 2019-02-21 15:25 /myfile11
-rw-r--r--   3 root supergroup 1073741824 2019-02-21 15:22 /myfile12
-rw-r--r--   3 root supergroup 1073741824 2019-02-21 15:23 /myfile13
-rw-r--r--   3 root supergroup 1073741824 2019-02-21 15:24 /myfile14
-rw-r--r--   3 root supergroup 1073741824 2019-02-21 15:21 /myfile15
-rw-r--r--   3 root supergroup 1073741824 2019-02-21 15:25 /myfile16
-rw-r--r--   3 root supergroup 1073741824 2019-02-21 15:25 /myfile17
-rw-r--r--   3 root supergroup 1073741824 2019-02-21 15:22 /myfile18
-rw-r--r--   3 root supergroup 1073741824 2019-02-21 15:24 /myfile19
-rw-r--r--   3 root supergroup 1073741824 2019-02-21 15:23 /myfile2
-rw-r--r--   3 root supergroup 1073741824 2019-02-21 15:21 /myfile20
-rw-r--r--   3 root supergroup 1073741824 2019-02-21 15:22 /myfile3
-rw-r--r--   3 root supergroup 1073741824 2019-02-21 15:25 /myfile4
-rw-r--r--   3 root supergroup 1073741824 2019-02-21 15:23 /myfile5
-rw-r--r--   3 root supergroup 1073741824 2019-02-21 15:23 /myfile6
-rw-r--r--   3 root supergroup 1073741824 2019-02-21 15:24 /myfile7
-rw-r--r--   3 root supergroup 1073741824 2019-02-21 15:23 /myfile8
-rw-r--r--   3 root supergroup 1073741824 2019-02-21 15:24 /myfile9
file 16 has been put into HDFS
file 16 has been read from HDFS for 1 time
diff succeed!
2019-02-21 15:26:07,855 INFO retry.RetryInvocationHandler: java.net.ConnectException: Call From clnode059.clemson.cloudlab.us/130.127.133.68 to node-1-link-0:8020 failed on connection exception: java.net.ConnectException: Connection refused; For more details see:  http://wiki.apache.org/hadoop/ConnectionRefused, while invoking ClientNamenodeProtocolTranslatorPB.getFileInfo over node-1-link-0/10.10.1.4:8020 after 1 failover attempts. Trying to failover after sleeping for 738ms.
file 16 has been read from HDFS for 2 time
diff succeed!
file 16 has been read from HDFS for 3 time
diff succeed!
file 16 has been read from HDFS for 4 time
diff succeed!
file 16 has been read from HDFS for 5 time
diff succeed!
file 16 has been read from HDFS for 6 time
diff succeed!
file 16 has been read from HDFS for 7 time
diff succeed!
file 16 has been read from HDFS for 8 time
diff succeed!
file 16 has been read from HDFS for 9 time
diff succeed!
file 16 has been read from HDFS for 10 time
diff succeed!
Deleted /myfile16
file 16 has been removed from HDFS
Found 20 items
-rw-r--r--   3 root supergroup 1073741824 2019-02-21 15:26 /myfile1
-rw-r--r--   3 root supergroup 1073741824 2019-02-21 15:28 /myfile10
-rw-r--r--   3 root supergroup 1073741824 2019-02-21 15:28 /myfile11
-rw-r--r--   3 root supergroup 1073741824 2019-02-21 15:30 /myfile12
-rw-r--r--   3 root supergroup 1073741824 2019-02-21 15:28 /myfile13
-rw-r--r--   3 root supergroup 1073741824 2019-02-21 15:29 /myfile14
-rw-r--r--   3 root supergroup 1073741824 2019-02-21 15:27 /myfile15
-rw-r--r--   3 root supergroup 1073741824 2019-02-21 15:30 /myfile16
-rw-r--r--   3 root supergroup 1073741824 2019-02-21 15:29 /myfile17
-rw-r--r--   3 root supergroup          0 2019-02-21 15:30 /myfile18._COPYING_
-rw-r--r--   3 root supergroup 1073741824 2019-02-21 15:28 /myfile19
-rw-r--r--   3 root supergroup 1073741824 2019-02-21 15:29 /myfile2
-rw-r--r--   3 root supergroup 1073741824 2019-02-21 15:30 /myfile20
-rw-r--r--   3 root supergroup 1073741824 2019-02-21 15:27 /myfile3
-rw-r--r--   3 root supergroup 1073741824 2019-02-21 15:25 /myfile4
-rw-r--r--   3 root supergroup 1073741824 2019-02-21 15:27 /myfile5
-rw-r--r--   3 root supergroup 1073741824 2019-02-21 15:27 /myfile6
-rw-r--r--   3 root supergroup 1073741824 2019-02-21 15:29 /myfile7
-rw-r--r--   3 root supergroup 1073741824 2019-02-21 15:28 /myfile8
-rw-r--r--   3 root supergroup 1073741824 2019-02-21 15:28 /myfile9
file 16 has been put into HDFS
file 16 has been read from HDFS for 1 time
diff succeed!
file 16 has been read from HDFS for 2 time
diff succeed!
file 16 has been read from HDFS for 3 time
diff succeed!
file 16 has been read from HDFS for 4 time
diff succeed!
file 16 has been read from HDFS for 5 time
diff succeed!
file 16 has been read from HDFS for 6 time
diff succeed!
file 16 has been read from HDFS for 7 time
diff succeed!
file 16 has been read from HDFS for 8 time
diff succeed!
file 16 has been read from HDFS for 9 time
diff succeed!
file 16 has been read from HDFS for 10 time
diff succeed!
Deleted /myfile16
file 16 has been removed from HDFS
Found 20 items
-rw-r--r--   3 root supergroup 1073741824 2019-02-21 15:31 /myfile1
-rw-r--r--   3 root supergroup 1073741824 2019-02-21 15:33 /myfile10
-rw-r--r--   3 root supergroup 1073741824 2019-02-21 15:33 /myfile11
-rw-r--r--   3 root supergroup 1073741824 2019-02-21 15:33 /myfile12
-rw-r--r--   3 root supergroup 1073741824 2019-02-21 15:32 /myfile13
-rw-r--r--   3 root supergroup 1073741824 2019-02-21 15:29 /myfile14
-rw-r--r--   3 root supergroup 1073741824 2019-02-21 15:31 /myfile15
-rw-r--r--   3 root supergroup 1073741824 2019-02-21 15:34 /myfile16
-rw-r--r--   3 root supergroup 1073741824 2019-02-21 15:33 /myfile17
-rw-r--r--   3 root supergroup  939524096 2019-02-21 15:34 /myfile18._COPYING_
-rw-r--r--   3 root supergroup 1073741824 2019-02-21 15:31 /myfile19
-rw-r--r--   3 root supergroup 1073741824 2019-02-21 15:32 /myfile2
-rw-r--r--   3 root supergroup 1073741824 2019-02-21 15:30 /myfile20
-rw-r--r--   3 root supergroup 1073741824 2019-02-21 15:31 /myfile3
-rw-r--r--   3 root supergroup 1073741824 2019-02-21 15:31 /myfile4
-rw-r--r--   3 root supergroup 1073741824 2019-02-21 15:31 /myfile5
-rw-r--r--   3 root supergroup 1073741824 2019-02-21 15:31 /myfile6
-rw-r--r--   3 root supergroup 1073741824 2019-02-21 15:34 /myfile7
-rw-r--r--   3 root supergroup 1073741824 2019-02-21 15:33 /myfile8
-rw-r--r--   3 root supergroup 1073741824 2019-02-21 15:31 /myfile9
file 16 has been put into HDFS
file 16 has been read from HDFS for 1 time
diff succeed!
file 16 has been read from HDFS for 2 time
diff succeed!
file 16 has been read from HDFS for 3 time
diff succeed!
file 16 has been read from HDFS for 4 time
diff succeed!
file 16 has been read from HDFS for 5 time
diff succeed!
file 16 has been read from HDFS for 6 time
diff succeed!
file 16 has been read from HDFS for 7 time
diff succeed!
file 16 has been read from HDFS for 8 time
diff succeed!
file 16 has been read from HDFS for 9 time
diff succeed!
file 16 has been read from HDFS for 10 time
diff succeed!
2019-02-21 15:38:03,178 INFO retry.RetryInvocationHandler: org.apache.hadoop.ipc.RemoteException(org.apache.hadoop.ipc.RetriableException): org.apache.hadoop.hdfs.server.namenode.SafeModeException: Cannot delete /myfile16. Name node is in safe mode.
The reported blocks 152 has reached the threshold 0.9990 of total blocks 152. The number of live datanodes 3 has reached the minimum number 0. In safe mode extension. Safe mode will be turned off automatically in 16 seconds. NamenodeHostName:node-1-link-0
	at org.apache.hadoop.hdfs.server.namenode.FSNamesystem.checkNameNodeSafeMode(FSNamesystem.java:1441)
	at org.apache.hadoop.hdfs.server.namenode.FSNamesystem.delete(FSNamesystem.java:2986)
	at org.apache.hadoop.hdfs.server.namenode.NameNodeRpcServer.delete(NameNodeRpcServer.java:1095)
	at org.apache.hadoop.hdfs.protocolPB.ClientNamenodeProtocolServerSideTranslatorPB.delete(ClientNamenodeProtocolServerSideTranslatorPB.java:692)
	at org.apache.hadoop.hdfs.protocol.proto.ClientNamenodeProtocolProtos$ClientNamenodeProtocol$2.callBlockingMethod(ClientNamenodeProtocolProtos.java)
	at org.apache.hadoop.ipc.ProtobufRpcEngine$Server$ProtoBufRpcInvoker.call(ProtobufRpcEngine.java:523)
	at org.apache.hadoop.ipc.RPC$Server.call(RPC.java:991)
	at org.apache.hadoop.ipc.Server$RpcCall.run(Server.java:872)
	at org.apache.hadoop.ipc.Server$RpcCall.run(Server.java:818)
	at java.security.AccessController.doPrivileged(Native Method)
	at javax.security.auth.Subject.doAs(Subject.java:422)
	at org.apache.hadoop.security.UserGroupInformation.doAs(UserGroupInformation.java:1729)
	at org.apache.hadoop.ipc.Server$Handler.run(Server.java:2678)
Caused by: org.apache.hadoop.hdfs.server.namenode.SafeModeException: Cannot delete /myfile16. Name node is in safe mode.
The reported blocks 152 has reached the threshold 0.9990 of total blocks 152. The number of live datanodes 3 has reached the minimum number 0. In safe mode extension. Safe mode will be turned off automatically in 16 seconds. NamenodeHostName:node-1-link-0
	at org.apache.hadoop.hdfs.server.namenode.FSNamesystem.newSafemodeException(FSNamesystem.java:1450)
	at org.apache.hadoop.hdfs.server.namenode.FSNamesystem.checkNameNodeSafeMode(FSNamesystem.java:1437)
	... 12 more
, while invoking ClientNamenodeProtocolTranslatorPB.delete over node-1-link-0/10.10.1.4:8020. Retrying immediately.
2019-02-21 15:38:03,181 INFO retry.RetryInvocationHandler: org.apache.hadoop.ipc.RemoteException(org.apache.hadoop.ipc.RetriableException): org.apache.hadoop.hdfs.server.namenode.SafeModeException: Cannot delete /myfile16. Name node is in safe mode.
The reported blocks 152 has reached the threshold 0.9990 of total blocks 152. The number of live datanodes 3 has reached the minimum number 0. In safe mode extension. Safe mode will be turned off automatically in 16 seconds. NamenodeHostName:node-1-link-0
	at org.apache.hadoop.hdfs.server.namenode.FSNamesystem.checkNameNodeSafeMode(FSNamesystem.java:1441)
	at org.apache.hadoop.hdfs.server.namenode.FSNamesystem.delete(FSNamesystem.java:2986)
	at org.apache.hadoop.hdfs.server.namenode.NameNodeRpcServer.delete(NameNodeRpcServer.java:1095)
	at org.apache.hadoop.hdfs.protocolPB.ClientNamenodeProtocolServerSideTranslatorPB.delete(ClientNamenodeProtocolServerSideTranslatorPB.java:692)
	at org.apache.hadoop.hdfs.protocol.proto.ClientNamenodeProtocolProtos$ClientNamenodeProtocol$2.callBlockingMethod(ClientNamenodeProtocolProtos.java)
	at org.apache.hadoop.ipc.ProtobufRpcEngine$Server$ProtoBufRpcInvoker.call(ProtobufRpcEngine.java:523)
	at org.apache.hadoop.ipc.RPC$Server.call(RPC.java:991)
	at org.apache.hadoop.ipc.Server$RpcCall.run(Server.java:872)
	at org.apache.hadoop.ipc.Server$RpcCall.run(Server.java:818)
	at java.security.AccessController.doPrivileged(Native Method)
	at javax.security.auth.Subject.doAs(Subject.java:422)
	at org.apache.hadoop.security.UserGroupInformation.doAs(UserGroupInformation.java:1729)
	at org.apache.hadoop.ipc.Server$Handler.run(Server.java:2678)
Caused by: org.apache.hadoop.hdfs.server.namenode.SafeModeException: Cannot delete /myfile16. Name node is in safe mode.
The reported blocks 152 has reached the threshold 0.9990 of total blocks 152. The number of live datanodes 3 has reached the minimum number 0. In safe mode extension. Safe mode will be turned off automatically in 16 seconds. NamenodeHostName:node-1-link-0
	at org.apache.hadoop.hdfs.server.namenode.FSNamesystem.newSafemodeException(FSNamesystem.java:1450)
	at org.apache.hadoop.hdfs.server.namenode.FSNamesystem.checkNameNodeSafeMode(FSNamesystem.java:1437)
	... 12 more
, while invoking ClientNamenodeProtocolTranslatorPB.delete over node-1-link-0/10.10.1.4:8020. Retrying after sleeping for 712ms.
2019-02-21 15:38:03,896 INFO retry.RetryInvocationHandler: org.apache.hadoop.ipc.RemoteException(org.apache.hadoop.ipc.RetriableException): org.apache.hadoop.hdfs.server.namenode.SafeModeException: Cannot delete /myfile16. Name node is in safe mode.
The reported blocks 152 has reached the threshold 0.9990 of total blocks 152. The number of live datanodes 3 has reached the minimum number 0. In safe mode extension. Safe mode will be turned off automatically in 15 seconds. NamenodeHostName:node-1-link-0
	at org.apache.hadoop.hdfs.server.namenode.FSNamesystem.checkNameNodeSafeMode(FSNamesystem.java:1441)
	at org.apache.hadoop.hdfs.server.namenode.FSNamesystem.delete(FSNamesystem.java:2986)
	at org.apache.hadoop.hdfs.server.namenode.NameNodeRpcServer.delete(NameNodeRpcServer.java:1095)
	at org.apache.hadoop.hdfs.protocolPB.ClientNamenodeProtocolServerSideTranslatorPB.delete(ClientNamenodeProtocolServerSideTranslatorPB.java:692)
	at org.apache.hadoop.hdfs.protocol.proto.ClientNamenodeProtocolProtos$ClientNamenodeProtocol$2.callBlockingMethod(ClientNamenodeProtocolProtos.java)
	at org.apache.hadoop.ipc.ProtobufRpcEngine$Server$ProtoBufRpcInvoker.call(ProtobufRpcEngine.java:523)
	at org.apache.hadoop.ipc.RPC$Server.call(RPC.java:991)
	at org.apache.hadoop.ipc.Server$RpcCall.run(Server.java:872)
	at org.apache.hadoop.ipc.Server$RpcCall.run(Server.java:818)
	at java.security.AccessController.doPrivileged(Native Method)
	at javax.security.auth.Subject.doAs(Subject.java:422)
	at org.apache.hadoop.security.UserGroupInformation.doAs(UserGroupInformation.java:1729)
	at org.apache.hadoop.ipc.Server$Handler.run(Server.java:2678)
Caused by: org.apache.hadoop.hdfs.server.namenode.SafeModeException: Cannot delete /myfile16. Name node is in safe mode.
The reported blocks 152 has reached the threshold 0.9990 of total blocks 152. The number of live datanodes 3 has reached the minimum number 0. In safe mode extension. Safe mode will be turned off automatically in 15 seconds. NamenodeHostName:node-1-link-0
	at org.apache.hadoop.hdfs.server.namenode.FSNamesystem.newSafemodeException(FSNamesystem.java:1450)
	at org.apache.hadoop.hdfs.server.namenode.FSNamesystem.checkNameNodeSafeMode(FSNamesystem.java:1437)
	... 12 more
, while invoking ClientNamenodeProtocolTranslatorPB.delete over node-1-link-0/10.10.1.4:8020. Retrying after sleeping for 2808ms.
2019-02-21 15:38:06,708 INFO retry.RetryInvocationHandler: org.apache.hadoop.ipc.RemoteException(org.apache.hadoop.ipc.RetriableException): org.apache.hadoop.hdfs.server.namenode.SafeModeException: Cannot delete /myfile16. Name node is in safe mode.
The reported blocks 152 has reached the threshold 0.9990 of total blocks 152. The number of live datanodes 3 has reached the minimum number 0. In safe mode extension. Safe mode will be turned off automatically in 13 seconds. NamenodeHostName:node-1-link-0
	at org.apache.hadoop.hdfs.server.namenode.FSNamesystem.checkNameNodeSafeMode(FSNamesystem.java:1441)
	at org.apache.hadoop.hdfs.server.namenode.FSNamesystem.delete(FSNamesystem.java:2986)
	at org.apache.hadoop.hdfs.server.namenode.NameNodeRpcServer.delete(NameNodeRpcServer.java:1095)
	at org.apache.hadoop.hdfs.protocolPB.ClientNamenodeProtocolServerSideTranslatorPB.delete(ClientNamenodeProtocolServerSideTranslatorPB.java:692)
	at org.apache.hadoop.hdfs.protocol.proto.ClientNamenodeProtocolProtos$ClientNamenodeProtocol$2.callBlockingMethod(ClientNamenodeProtocolProtos.java)
	at org.apache.hadoop.ipc.ProtobufRpcEngine$Server$ProtoBufRpcInvoker.call(ProtobufRpcEngine.java:523)
	at org.apache.hadoop.ipc.RPC$Server.call(RPC.java:991)
	at org.apache.hadoop.ipc.Server$RpcCall.run(Server.java:872)
	at org.apache.hadoop.ipc.Server$RpcCall.run(Server.java:818)
	at java.security.AccessController.doPrivileged(Native Method)
	at javax.security.auth.Subject.doAs(Subject.java:422)
	at org.apache.hadoop.security.UserGroupInformation.doAs(UserGroupInformation.java:1729)
	at org.apache.hadoop.ipc.Server$Handler.run(Server.java:2678)
Caused by: org.apache.hadoop.hdfs.server.namenode.SafeModeException: Cannot delete /myfile16. Name node is in safe mode.
The reported blocks 152 has reached the threshold 0.9990 of total blocks 152. The number of live datanodes 3 has reached the minimum number 0. In safe mode extension. Safe mode will be turned off automatically in 13 seconds. NamenodeHostName:node-1-link-0
	at org.apache.hadoop.hdfs.server.namenode.FSNamesystem.newSafemodeException(FSNamesystem.java:1450)
	at org.apache.hadoop.hdfs.server.namenode.FSNamesystem.checkNameNodeSafeMode(FSNamesystem.java:1437)
	... 12 more
, while invoking ClientNamenodeProtocolTranslatorPB.delete over node-1-link-0/10.10.1.4:8020. Retrying after sleeping for 4796ms.
2019-02-21 15:38:11,507 INFO retry.RetryInvocationHandler: org.apache.hadoop.ipc.RemoteException(org.apache.hadoop.ipc.RetriableException): org.apache.hadoop.hdfs.server.namenode.SafeModeException: Cannot delete /myfile16. Name node is in safe mode.
The reported blocks 152 has reached the threshold 0.9990 of total blocks 152. The number of live datanodes 3 has reached the minimum number 0. In safe mode extension. Safe mode will be turned off automatically in 8 seconds. NamenodeHostName:node-1-link-0
	at org.apache.hadoop.hdfs.server.namenode.FSNamesystem.checkNameNodeSafeMode(FSNamesystem.java:1441)
	at org.apache.hadoop.hdfs.server.namenode.FSNamesystem.delete(FSNamesystem.java:2986)
	at org.apache.hadoop.hdfs.server.namenode.NameNodeRpcServer.delete(NameNodeRpcServer.java:1095)
	at org.apache.hadoop.hdfs.protocolPB.ClientNamenodeProtocolServerSideTranslatorPB.delete(ClientNamenodeProtocolServerSideTranslatorPB.java:692)
	at org.apache.hadoop.hdfs.protocol.proto.ClientNamenodeProtocolProtos$ClientNamenodeProtocol$2.callBlockingMethod(ClientNamenodeProtocolProtos.java)
	at org.apache.hadoop.ipc.ProtobufRpcEngine$Server$ProtoBufRpcInvoker.call(ProtobufRpcEngine.java:523)
	at org.apache.hadoop.ipc.RPC$Server.call(RPC.java:991)
	at org.apache.hadoop.ipc.Server$RpcCall.run(Server.java:872)
	at org.apache.hadoop.ipc.Server$RpcCall.run(Server.java:818)
	at java.security.AccessController.doPrivileged(Native Method)
	at javax.security.auth.Subject.doAs(Subject.java:422)
	at org.apache.hadoop.security.UserGroupInformation.doAs(UserGroupInformation.java:1729)
	at org.apache.hadoop.ipc.Server$Handler.run(Server.java:2678)
Caused by: org.apache.hadoop.hdfs.server.namenode.SafeModeException: Cannot delete /myfile16. Name node is in safe mode.
The reported blocks 152 has reached the threshold 0.9990 of total blocks 152. The number of live datanodes 3 has reached the minimum number 0. In safe mode extension. Safe mode will be turned off automatically in 8 seconds. NamenodeHostName:node-1-link-0
	at org.apache.hadoop.hdfs.server.namenode.FSNamesystem.newSafemodeException(FSNamesystem.java:1450)
	at org.apache.hadoop.hdfs.server.namenode.FSNamesystem.checkNameNodeSafeMode(FSNamesystem.java:1437)
	... 12 more
, while invoking ClientNamenodeProtocolTranslatorPB.delete over node-1-link-0/10.10.1.4:8020. Retrying after sleeping for 8603ms.
Deleted /myfile16
file 16 has been removed from HDFS
Found 19 items
-rw-r--r--   3 root supergroup 1073741824 2019-02-21 15:36 /myfile1
-rw-r--r--   3 root supergroup 1073741824 2019-02-21 15:37 /myfile10
-rw-r--r--   3 root supergroup 1073741824 2019-02-21 15:37 /myfile11
-rw-r--r--   3 root supergroup 1073741824 2019-02-21 15:38 /myfile12
-rw-r--r--   3 root supergroup 1073741824 2019-02-21 15:37 /myfile13
-rw-r--r--   3 root supergroup 1073741824 2019-02-21 15:35 /myfile14
-rw-r--r--   3 root supergroup 1073741824 2019-02-21 15:36 /myfile15
-rw-r--r--   3 root supergroup 1073741824 2019-02-21 15:38 /myfile16
-rw-r--r--   3 root supergroup 1073741824 2019-02-21 15:37 /myfile17
-rw-r--r--   3 root supergroup 1073741824 2019-02-21 15:38 /myfile18
-rw-r--r--   3 root supergroup 1073741824 2019-02-21 15:35 /myfile19
-rw-r--r--   3 root supergroup 1073741824 2019-02-21 15:36 /myfile2
-rw-r--r--   3 root supergroup 1073741824 2019-02-21 15:36 /myfile3
-rw-r--r--   3 root supergroup 1073741824 2019-02-21 15:35 /myfile4
-rw-r--r--   3 root supergroup 1073741824 2019-02-21 15:35 /myfile5
-rw-r--r--   3 root supergroup 1073741824 2019-02-21 15:36 /myfile6
-rw-r--r--   3 root supergroup 1073741824 2019-02-21 15:38 /myfile7
-rw-r--r--   3 root supergroup 1073741824 2019-02-21 15:37 /myfile8
-rw-r--r--   3 root supergroup 1073741824 2019-02-21 15:35 /myfile9
file 16 has been put into HDFS
file 16 has been read from HDFS for 1 time
diff succeed!
file 16 has been read from HDFS for 2 time
diff succeed!
file 16 has been read from HDFS for 3 time
diff succeed!
file 16 has been read from HDFS for 4 time
diff succeed!
file 16 has been read from HDFS for 5 time
diff succeed!
file 16 has been read from HDFS for 6 time
diff succeed!
file 16 has been read from HDFS for 7 time
diff succeed!
file 16 has been read from HDFS for 8 time
diff succeed!
file 16 has been read from HDFS for 9 time
diff succeed!
file 16 has been read from HDFS for 10 time
diff succeed!
Deleted /myfile16
file 16 has been removed from HDFS
Found 20 items
-rw-r--r--   3 root supergroup  536870912 2019-02-21 15:44 /myfile1._COPYING_
-rw-r--r--   3 root supergroup 1073741824 2019-02-21 15:43 /myfile10
-rw-r--r--   3 root supergroup 1073741824 2019-02-21 15:43 /myfile11
-rw-r--r--   3 root supergroup 1073741824 2019-02-21 15:42 /myfile12
-rw-r--r--   3 root supergroup 1073741824 2019-02-21 15:43 /myfile13
-rw-r--r--   3 root supergroup 1073741824 2019-02-21 15:43 /myfile14
-rw-r--r--   3 root supergroup 1073741824 2019-02-21 15:43 /myfile15
-rw-r--r--   3 root supergroup 1073741824 2019-02-21 15:44 /myfile16
-rw-r--r--   3 root supergroup 1073741824 2019-02-21 15:41 /myfile17
-rw-r--r--   3 root supergroup 1073741824 2019-02-21 15:42 /myfile18
-rw-r--r--   3 root supergroup 1073741824 2019-02-21 15:43 /myfile19
-rw-r--r--   3 root supergroup 1073741824 2019-02-21 15:43 /myfile2
-rw-r--r--   3 root supergroup 1073741824 2019-02-21 15:42 /myfile20
-rw-r--r--   3 root supergroup 1073741824 2019-02-21 15:43 /myfile3
-rw-r--r--   3 root supergroup  536870912 2019-02-21 15:44 /myfile4._COPYING_
-rw-r--r--   3 root supergroup 1073741824 2019-02-21 15:42 /myfile5
-rw-r--r--   3 root supergroup 1073741824 2019-02-21 15:42 /myfile6
-rw-r--r--   3 root supergroup 1073741824 2019-02-21 15:38 /myfile7
-rw-r--r--   3 root supergroup 1073741824 2019-02-21 15:44 /myfile8
-rw-r--r--   3 root supergroup  671088640 2019-02-21 15:44 /myfile9._COPYING_
file 16 has been put into HDFS
file 16 has been read from HDFS for 1 time
diff succeed!
file 16 has been read from HDFS for 2 time
diff succeed!
file 16 has been read from HDFS for 3 time
diff succeed!
file 16 has been read from HDFS for 4 time
diff succeed!
file 16 has been read from HDFS for 5 time
diff succeed!
file 16 has been read from HDFS for 6 time
diff succeed!
file 16 has been read from HDFS for 7 time
diff succeed!
file 16 has been read from HDFS for 8 time
diff succeed!
file 16 has been read from HDFS for 9 time
diff succeed!
sub_benchmark 10 signal TERM catched and let quit gracefully
file 16 has been read from HDFS for 10 time
diff succeed!
Deleted /myfile16
file 16 has been removed from HDFS
