Found 20 items
-rw-r--r--   3 root supergroup 1073741824 2019-02-19 15:28 /myfile1
-rw-r--r--   3 root supergroup 1073741824 2019-02-19 15:28 /myfile10
-rw-r--r--   3 root supergroup 1073741824 2019-02-19 15:28 /myfile11
-rw-r--r--   3 root supergroup  939524096 2019-02-19 15:28 /myfile12._COPYING_
-rw-r--r--   3 root supergroup  805306368 2019-02-19 15:28 /myfile13._COPYING_
-rw-r--r--   3 root supergroup 1073741824 2019-02-19 15:28 /myfile14
-rw-r--r--   3 root supergroup 1073741824 2019-02-19 15:28 /myfile15
-rw-r--r--   3 root supergroup 1073741824 2019-02-19 15:28 /myfile16
-rw-r--r--   3 root supergroup  939524096 2019-02-19 15:28 /myfile17._COPYING_
-rw-r--r--   3 root supergroup 1073741824 2019-02-19 15:28 /myfile18
-rw-r--r--   3 root supergroup  939524096 2019-02-19 15:28 /myfile19._COPYING_
-rw-r--r--   3 root supergroup  939524096 2019-02-19 15:28 /myfile2._COPYING_
-rw-r--r--   3 root supergroup 1073741824 2019-02-19 15:28 /myfile20
-rw-r--r--   3 root supergroup  805306368 2019-02-19 15:28 /myfile3._COPYING_
-rw-r--r--   3 root supergroup  805306368 2019-02-19 15:28 /myfile4._COPYING_
-rw-r--r--   3 root supergroup 1073741824 2019-02-19 15:28 /myfile5
-rw-r--r--   3 root supergroup  939524096 2019-02-19 15:28 /myfile6._COPYING_
-rw-r--r--   3 root supergroup 1073741824 2019-02-19 15:28 /myfile7
-rw-r--r--   3 root supergroup  939524096 2019-02-19 15:28 /myfile8._COPYING_
-rw-r--r--   3 root supergroup  939524096 2019-02-19 15:28 /myfile9._COPYING_
file 20 has been put into HDFS
file 20 has been read from HDFS for 1 time
diff succeed!
file 20 has been read from HDFS for 2 time
diff succeed!
file 20 has been read from HDFS for 3 time
diff succeed!
file 20 has been read from HDFS for 4 time
diff succeed!
file 20 has been read from HDFS for 5 time
diff succeed!
file 20 has been read from HDFS for 6 time
diff succeed!
file 20 has been read from HDFS for 7 time
diff succeed!
file 20 has been read from HDFS for 8 time
diff succeed!
file 20 has been read from HDFS for 9 time
diff succeed!
file 20 has been read from HDFS for 10 time
diff succeed!
Deleted /myfile20
file 20 has been removed from HDFS
Found 20 items
-rw-r--r--   3 root supergroup 1073741824 2019-02-19 15:34 /myfile1
-rw-r--r--   3 root supergroup  402653184 2019-02-19 15:34 /myfile10._COPYING_
-rw-r--r--   3 root supergroup 1073741824 2019-02-19 15:34 /myfile11
-rw-r--r--   3 root supergroup 1073741824 2019-02-19 15:32 /myfile12
-rw-r--r--   3 root supergroup 1073741824 2019-02-19 15:32 /myfile13
-rw-r--r--   3 root supergroup 1073741824 2019-02-19 15:28 /myfile14
-rw-r--r--   3 root supergroup 1073741824 2019-02-19 15:34 /myfile15
-rw-r--r--   3 root supergroup  536870912 2019-02-19 15:34 /myfile16._COPYING_
-rw-r--r--   3 root supergroup 1073741824 2019-02-19 15:32 /myfile17
-rw-r--r--   3 root supergroup 1073741824 2019-02-19 15:28 /myfile18
-rw-r--r--   3 root supergroup 1073741824 2019-02-19 15:32 /myfile19
-rw-r--r--   3 root supergroup 1073741824 2019-02-19 15:32 /myfile2
-rw-r--r--   3 root supergroup 1073741824 2019-02-19 15:34 /myfile20
-rw-r--r--   3 root supergroup 1073741824 2019-02-19 15:32 /myfile3
-rw-r--r--   3 root supergroup 1073741824 2019-02-19 15:32 /myfile4
-rw-r--r--   3 root supergroup 1073741824 2019-02-19 15:34 /myfile5
-rw-r--r--   3 root supergroup 1073741824 2019-02-19 15:32 /myfile6
-rw-r--r--   3 root supergroup 1073741824 2019-02-19 15:34 /myfile7
-rw-r--r--   3 root supergroup 1073741824 2019-02-19 15:32 /myfile8
-rw-r--r--   3 root supergroup 1073741824 2019-02-19 15:32 /myfile9
file 20 has been put into HDFS
file 20 has been read from HDFS for 1 time
diff succeed!
file 20 has been read from HDFS for 2 time
diff succeed!
file 20 has been read from HDFS for 3 time
diff succeed!
file 20 has been read from HDFS for 4 time
diff succeed!
file 20 has been read from HDFS for 5 time
diff succeed!
file 20 has been read from HDFS for 6 time
diff succeed!
file 20 has been read from HDFS for 7 time
diff succeed!
file 20 has been read from HDFS for 8 time
diff succeed!
file 20 has been read from HDFS for 9 time
diff succeed!
file 20 has been read from HDFS for 10 time
diff succeed!
Deleted /myfile20
file 20 has been removed from HDFS
Found 20 items
-rw-r--r--   3 root supergroup 1073741824 2019-02-19 15:39 /myfile1
-rw-r--r--   3 root supergroup 1073741824 2019-02-19 15:39 /myfile10
-rw-r--r--   3 root supergroup 1073741824 2019-02-19 15:39 /myfile11
-rw-r--r--   3 root supergroup 1073741824 2019-02-19 15:36 /myfile12
-rw-r--r--   3 root supergroup 1073741824 2019-02-19 15:36 /myfile13
-rw-r--r--   3 root supergroup 1073741824 2019-02-19 15:36 /myfile14
-rw-r--r--   3 root supergroup 1073741824 2019-02-19 15:39 /myfile15
-rw-r--r--   3 root supergroup 1073741824 2019-02-19 15:39 /myfile16
-rw-r--r--   3 root supergroup 1073741824 2019-02-19 15:36 /myfile17
-rw-r--r--   3 root supergroup 1073741824 2019-02-19 15:36 /myfile18
-rw-r--r--   3 root supergroup 1073741824 2019-02-19 15:36 /myfile19
-rw-r--r--   3 root supergroup 1073741824 2019-02-19 15:36 /myfile2
-rw-r--r--   3 root supergroup 1073741824 2019-02-19 15:39 /myfile20
-rw-r--r--   3 root supergroup 1073741824 2019-02-19 15:36 /myfile3
-rw-r--r--   3 root supergroup 1073741824 2019-02-19 15:36 /myfile4
-rw-r--r--   3 root supergroup 1073741824 2019-02-19 15:39 /myfile5
-rw-r--r--   3 root supergroup 1073741824 2019-02-19 15:36 /myfile6
-rw-r--r--   3 root supergroup 1073741824 2019-02-19 15:39 /myfile7
-rw-r--r--   3 root supergroup 1073741824 2019-02-19 15:36 /myfile8
-rw-r--r--   3 root supergroup 1073741824 2019-02-19 15:36 /myfile9
file 20 has been put into HDFS
file 20 has been read from HDFS for 1 time
diff succeed!
file 20 has been read from HDFS for 2 time
diff succeed!
file 20 has been read from HDFS for 3 time
diff succeed!
file 20 has been read from HDFS for 4 time
diff succeed!
file 20 has been read from HDFS for 5 time
diff succeed!
file 20 has been read from HDFS for 6 time
diff succeed!
file 20 has been read from HDFS for 7 time
diff succeed!
file 20 has been read from HDFS for 8 time
diff succeed!
file 20 has been read from HDFS for 9 time
diff succeed!
file 20 has been read from HDFS for 10 time
diff succeed!
Deleted /myfile20
file 20 has been removed from HDFS
Found 20 items
-rw-r--r--   3 root supergroup 1073741824 2019-02-19 15:43 /myfile1
-rw-r--r--   3 root supergroup 1073741824 2019-02-19 15:43 /myfile10
-rw-r--r--   3 root supergroup 1073741824 2019-02-19 15:43 /myfile11
-rw-r--r--   3 root supergroup 1073741824 2019-02-19 15:41 /myfile12
-rw-r--r--   3 root supergroup 1073741824 2019-02-19 15:41 /myfile13
-rw-r--r--   3 root supergroup 1073741824 2019-02-19 15:41 /myfile14
-rw-r--r--   3 root supergroup 1073741824 2019-02-19 15:43 /myfile15
-rw-r--r--   3 root supergroup 1073741824 2019-02-19 15:43 /myfile16
-rw-r--r--   3 root supergroup 1073741824 2019-02-19 15:41 /myfile17
-rw-r--r--   3 root supergroup 1073741824 2019-02-19 15:41 /myfile18
-rw-r--r--   3 root supergroup 1073741824 2019-02-19 15:42 /myfile19
-rw-r--r--   3 root supergroup 1073741824 2019-02-19 15:41 /myfile2
-rw-r--r--   3 root supergroup 1073741824 2019-02-19 15:43 /myfile20
-rw-r--r--   3 root supergroup 1073741824 2019-02-19 15:41 /myfile3
-rw-r--r--   3 root supergroup 1073741824 2019-02-19 15:42 /myfile4
-rw-r--r--   3 root supergroup 1073741824 2019-02-19 15:43 /myfile5
-rw-r--r--   3 root supergroup 1073741824 2019-02-19 15:42 /myfile6
-rw-r--r--   3 root supergroup 1073741824 2019-02-19 15:43 /myfile7
-rw-r--r--   3 root supergroup 1073741824 2019-02-19 15:42 /myfile8
-rw-r--r--   3 root supergroup 1073741824 2019-02-19 15:41 /myfile9
file 20 has been put into HDFS
file 20 has been read from HDFS for 1 time
diff succeed!
file 20 has been read from HDFS for 2 time
diff succeed!
file 20 has been read from HDFS for 3 time
diff succeed!
file 20 has been read from HDFS for 4 time
diff succeed!
file 20 has been read from HDFS for 5 time
diff succeed!
file 20 has been read from HDFS for 6 time
diff succeed!
file 20 has been read from HDFS for 7 time
diff succeed!
file 20 has been read from HDFS for 8 time
diff succeed!
file 20 has been read from HDFS for 9 time
diff succeed!
file 20 has been read from HDFS for 10 time
diff succeed!
Deleted /myfile20
file 20 has been removed from HDFS
Found 18 items
-rw-r--r--   3 root supergroup 1073741824 2019-02-19 15:43 /myfile1
-rw-r--r--   3 root supergroup 1073741824 2019-02-19 15:43 /myfile10
-rw-r--r--   3 root supergroup 1073741824 2019-02-19 15:43 /myfile11
-rw-r--r--   3 root supergroup 1073741824 2019-02-19 15:45 /myfile12
-rw-r--r--   3 root supergroup 1073741824 2019-02-19 15:46 /myfile13
-rw-r--r--   3 root supergroup 1073741824 2019-02-19 15:45 /myfile14
-rw-r--r--   3 root supergroup 1073741824 2019-02-19 15:43 /myfile15
-rw-r--r--   3 root supergroup 1073741824 2019-02-19 15:46 /myfile17
-rw-r--r--   3 root supergroup 1073741824 2019-02-19 15:45 /myfile18
-rw-r--r--   3 root supergroup 1073741824 2019-02-19 15:47 /myfile19
-rw-r--r--   3 root supergroup 1073741824 2019-02-19 15:45 /myfile2
-rw-r--r--   3 root supergroup 1073741824 2019-02-19 15:47 /myfile20
-rw-r--r--   3 root supergroup 1073741824 2019-02-19 15:45 /myfile3
-rw-r--r--   3 root supergroup 1073741824 2019-02-19 15:46 /myfile4
-rw-r--r--   3 root supergroup 1073741824 2019-02-19 15:43 /myfile5
-rw-r--r--   3 root supergroup 1073741824 2019-02-19 15:43 /myfile7
-rw-r--r--   3 root supergroup 1073741824 2019-02-19 15:42 /myfile8
-rw-r--r--   3 root supergroup 1073741824 2019-02-19 15:45 /myfile9
file 20 has been put into HDFS
file 20 has been read from HDFS for 1 time
diff succeed!
file 20 has been read from HDFS for 2 time
diff succeed!
file 20 has been read from HDFS for 3 time
diff succeed!
file 20 has been read from HDFS for 4 time
diff succeed!
file 20 has been read from HDFS for 5 time
diff succeed!
file 20 has been read from HDFS for 6 time
diff succeed!
file 20 has been read from HDFS for 7 time
diff succeed!
file 20 has been read from HDFS for 8 time
diff succeed!
file 20 has been read from HDFS for 9 time
diff succeed!
file 20 has been read from HDFS for 10 time
diff succeed!
Deleted /myfile20
file 20 has been removed from HDFS
Found 19 items
-rw-r--r--   3 root supergroup 1073741824 2019-02-19 15:48 /myfile1
-rw-r--r--   3 root supergroup 1073741824 2019-02-19 15:48 /myfile10
-rw-r--r--   3 root supergroup 1073741824 2019-02-19 15:47 /myfile11
-rw-r--r--   3 root supergroup 1073741824 2019-02-19 15:49 /myfile12
-rw-r--r--   3 root supergroup 1073741824 2019-02-19 15:51 /myfile13
-rw-r--r--   3 root supergroup 1073741824 2019-02-19 15:49 /myfile14
-rw-r--r--   3 root supergroup 1073741824 2019-02-19 15:48 /myfile15
-rw-r--r--   3 root supergroup 1073741824 2019-02-19 15:51 /myfile16
-rw-r--r--   3 root supergroup 1073741824 2019-02-19 15:51 /myfile17
-rw-r--r--   3 root supergroup 1073741824 2019-02-19 15:49 /myfile18
-rw-r--r--   3 root supergroup 1073741824 2019-02-19 15:50 /myfile19
-rw-r--r--   3 root supergroup 1073741824 2019-02-19 15:49 /myfile2
-rw-r--r--   3 root supergroup 1073741824 2019-02-19 15:51 /myfile20
-rw-r--r--   3 root supergroup 1073741824 2019-02-19 15:49 /myfile3
-rw-r--r--   3 root supergroup 1073741824 2019-02-19 15:50 /myfile4
-rw-r--r--   3 root supergroup 1073741824 2019-02-19 15:48 /myfile5
-rw-r--r--   3 root supergroup 1073741824 2019-02-19 15:51 /myfile6
-rw-r--r--   3 root supergroup 1073741824 2019-02-19 15:48 /myfile8
-rw-r--r--   3 root supergroup 1073741824 2019-02-19 15:49 /myfile9
file 20 has been put into HDFS
file 20 has been read from HDFS for 1 time
diff succeed!
file 20 has been read from HDFS for 2 time
diff succeed!
file 20 has been read from HDFS for 3 time
diff succeed!
file 20 has been read from HDFS for 4 time
diff succeed!
file 20 has been read from HDFS for 5 time
diff succeed!
file 20 has been read from HDFS for 6 time
diff succeed!
file 20 has been read from HDFS for 7 time
diff succeed!
file 20 has been read from HDFS for 8 time
diff succeed!
file 20 has been read from HDFS for 9 time
diff succeed!
file 20 has been read from HDFS for 10 time
diff succeed!
Deleted /myfile20
file 20 has been removed from HDFS
Found 18 items
-rw-r--r--   3 root supergroup 1073741824 2019-02-19 15:53 /myfile1
-rw-r--r--   3 root supergroup 1073741824 2019-02-19 15:53 /myfile10
-rw-r--r--   3 root supergroup 1073741824 2019-02-19 15:53 /myfile11
-rw-r--r--   3 root supergroup 1073741824 2019-02-19 15:49 /myfile12
-rw-r--r--   3 root supergroup  402653184 2019-02-19 15:54 /myfile13._COPYING_
-rw-r--r--   3 root supergroup 1073741824 2019-02-19 15:53 /myfile14
-rw-r--r--   3 root supergroup 1073741824 2019-02-19 15:53 /myfile15
-rw-r--r--   3 root supergroup 1073741824 2019-02-19 15:53 /myfile18
-rw-r--r--   3 root supergroup 1073741824 2019-02-19 15:54 /myfile19
-rw-r--r--   3 root supergroup 1073741824 2019-02-19 15:54 /myfile2
-rw-r--r--   3 root supergroup 1073741824 2019-02-19 15:54 /myfile20
-rw-r--r--   3 root supergroup 1073741824 2019-02-19 15:53 /myfile3
-rw-r--r--   3 root supergroup 1073741824 2019-02-19 15:54 /myfile4
-rw-r--r--   3 root supergroup 1073741824 2019-02-19 15:53 /myfile5
-rw-r--r--   3 root supergroup 1073741824 2019-02-19 15:51 /myfile6
-rw-r--r--   3 root supergroup 1073741824 2019-02-19 15:51 /myfile7
-rw-r--r--   3 root supergroup 1073741824 2019-02-19 15:52 /myfile8
-rw-r--r--   3 root supergroup 1073741824 2019-02-19 15:54 /myfile9
file 20 has been put into HDFS
file 20 has been read from HDFS for 1 time
diff succeed!
file 20 has been read from HDFS for 2 time
diff succeed!
file 20 has been read from HDFS for 3 time
diff succeed!
file 20 has been read from HDFS for 4 time
diff succeed!
file 20 has been read from HDFS for 5 time
diff succeed!
file 20 has been read from HDFS for 6 time
diff succeed!
file 20 has been read from HDFS for 7 time
diff succeed!
file 20 has been read from HDFS for 8 time
diff succeed!
file 20 has been read from HDFS for 9 time
diff succeed!
file 20 has been read from HDFS for 10 time
diff succeed!
Deleted /myfile20
file 20 has been removed from HDFS
Found 20 items
-rw-r--r--   3 root supergroup 1073741824 2019-02-19 15:57 /myfile1
-rw-r--r--   3 root supergroup 1073741824 2019-02-19 15:58 /myfile10
-rw-r--r--   3 root supergroup 1073741824 2019-02-19 15:57 /myfile11
-rw-r--r--   3 root supergroup 1073741824 2019-02-19 16:00 /myfile12
-rw-r--r--   3 root supergroup 1073741824 2019-02-19 15:58 /myfile13
-rw-r--r--   3 root supergroup 1073741824 2019-02-19 15:58 /myfile14
-rw-r--r--   3 root supergroup 1073741824 2019-02-19 15:57 /myfile15
-rw-r--r--   3 root supergroup 1073741824 2019-02-19 15:59 /myfile16
-rw-r--r--   3 root supergroup  805306368 2019-02-19 16:00 /myfile17._COPYING_
-rw-r--r--   3 root supergroup 1073741824 2019-02-19 16:00 /myfile18
-rw-r--r--   3 root supergroup 1073741824 2019-02-19 15:58 /myfile19
-rw-r--r--   3 root supergroup 1073741824 2019-02-19 15:58 /myfile2
-rw-r--r--   3 root supergroup 1073741824 2019-02-19 16:00 /myfile20
-rw-r--r--   3 root supergroup 1073741824 2019-02-19 15:57 /myfile3
-rw-r--r--   3 root supergroup 1073741824 2019-02-19 16:00 /myfile4
-rw-r--r--   3 root supergroup 1073741824 2019-02-19 16:00 /myfile5
-rw-r--r--   3 root supergroup 1073741824 2019-02-19 15:59 /myfile6
-rw-r--r--   3 root supergroup 1073741824 2019-02-19 15:55 /myfile7
-rw-r--r--   3 root supergroup 1073741824 2019-02-19 16:00 /myfile8
-rw-r--r--   3 root supergroup 1073741824 2019-02-19 15:58 /myfile9
file 20 has been put into HDFS
file 20 has been read from HDFS for 1 time
diff succeed!
file 20 has been read from HDFS for 2 time
diff succeed!
file 20 has been read from HDFS for 3 time
diff succeed!
file 20 has been read from HDFS for 4 time
diff succeed!
file 20 has been read from HDFS for 5 time
diff succeed!
file 20 has been read from HDFS for 6 time
diff succeed!
file 20 has been read from HDFS for 7 time
diff succeed!
file 20 has been read from HDFS for 8 time
diff succeed!
file 20 has been read from HDFS for 9 time
diff succeed!
file 20 has been read from HDFS for 10 time
diff succeed!
Deleted /myfile20
file 20 has been removed from HDFS
Found 20 items
-rw-r--r--   3 root supergroup 1073741824 2019-02-19 16:05 /myfile1
-rw-r--r--   3 root supergroup 1073741824 2019-02-19 16:06 /myfile10
-rw-r--r--   3 root supergroup 1073741824 2019-02-19 16:05 /myfile11
-rw-r--r--   3 root supergroup 1073741824 2019-02-19 16:06 /myfile12
-rw-r--r--   3 root supergroup 1073741824 2019-02-19 16:03 /myfile13
-rw-r--r--   3 root supergroup 1073741824 2019-02-19 16:06 /myfile14
-rw-r--r--   3 root supergroup 1073741824 2019-02-19 16:01 /myfile15
-rw-r--r--   3 root supergroup 1073741824 2019-02-19 16:03 /myfile16
-rw-r--r--   3 root supergroup 1073741824 2019-02-19 16:06 /myfile17
-rw-r--r--   3 root supergroup 1073741824 2019-02-19 16:05 /myfile18
-rw-r--r--   3 root supergroup 1073741824 2019-02-19 16:05 /myfile19
-rw-r--r--   3 root supergroup 1073741824 2019-02-19 16:03 /myfile2
-rw-r--r--   3 root supergroup 1073741824 2019-02-19 16:06 /myfile20
-rw-r--r--   3 root supergroup 1073741824 2019-02-19 16:05 /myfile3
-rw-r--r--   3 root supergroup 1073741824 2019-02-19 16:05 /myfile4
-rw-r--r--   3 root supergroup 1073741824 2019-02-19 16:04 /myfile5
-rw-r--r--   3 root supergroup 1073741824 2019-02-19 16:04 /myfile6
-rw-r--r--   3 root supergroup 1073741824 2019-02-19 16:05 /myfile7
-rw-r--r--   3 root supergroup 1073741824 2019-02-19 16:04 /myfile8
-rw-r--r--   3 root supergroup 1073741824 2019-02-19 16:03 /myfile9
file 20 has been put into HDFS
file 20 has been read from HDFS for 1 time
diff succeed!
file 20 has been read from HDFS for 2 time
diff succeed!
file 20 has been read from HDFS for 3 time
diff succeed!
file 20 has been read from HDFS for 4 time
diff succeed!
file 20 has been read from HDFS for 5 time
diff succeed!
file 20 has been read from HDFS for 6 time
diff succeed!
file 20 has been read from HDFS for 7 time
diff succeed!
file 20 has been read from HDFS for 8 time
diff succeed!
file 20 has been read from HDFS for 9 time
diff succeed!
file 20 has been read from HDFS for 10 time
diff succeed!
Deleted /myfile20
file 20 has been removed from HDFS
Found 20 items
-rw-r--r--   3 root supergroup 1073741824 2019-02-19 16:10 /myfile1
-rw-r--r--   3 root supergroup 1073741824 2019-02-19 16:10 /myfile10
-rw-r--r--   3 root supergroup 1073741824 2019-02-19 16:10 /myfile11
-rw-r--r--   3 root supergroup 1073741824 2019-02-19 16:10 /myfile12
-rw-r--r--   3 root supergroup 1073741824 2019-02-19 16:08 /myfile13
-rw-r--r--   3 root supergroup 1073741824 2019-02-19 16:10 /myfile14
-rw-r--r--   3 root supergroup 1073741824 2019-02-19 16:07 /myfile15
-rw-r--r--   3 root supergroup 1073741824 2019-02-19 16:08 /myfile16
-rw-r--r--   3 root supergroup 1073741824 2019-02-19 16:10 /myfile17
-rw-r--r--   3 root supergroup 1073741824 2019-02-19 16:09 /myfile18
-rw-r--r--   3 root supergroup 1073741824 2019-02-19 16:10 /myfile19
-rw-r--r--   3 root supergroup 1073741824 2019-02-19 16:09 /myfile2
-rw-r--r--   3 root supergroup 1073741824 2019-02-19 16:10 /myfile20
-rw-r--r--   3 root supergroup 1073741824 2019-02-19 16:09 /myfile3
-rw-r--r--   3 root supergroup 1073741824 2019-02-19 16:09 /myfile4
-rw-r--r--   3 root supergroup 1073741824 2019-02-19 16:08 /myfile5
-rw-r--r--   3 root supergroup 1073741824 2019-02-19 16:09 /myfile6
-rw-r--r--   3 root supergroup 1073741824 2019-02-19 16:10 /myfile7
-rw-r--r--   3 root supergroup 1073741824 2019-02-19 16:08 /myfile8
-rw-r--r--   3 root supergroup 1073741824 2019-02-19 16:07 /myfile9
file 20 has been put into HDFS
file 20 has been read from HDFS for 1 time
diff succeed!
file 20 has been read from HDFS for 2 time
diff succeed!
file 20 has been read from HDFS for 3 time
diff succeed!
file 20 has been read from HDFS for 4 time
diff succeed!
file 20 has been read from HDFS for 5 time
diff succeed!
file 20 has been read from HDFS for 6 time
diff succeed!
file 20 has been read from HDFS for 7 time
diff succeed!
file 20 has been read from HDFS for 8 time
diff succeed!
sub_benchmark 9 signal TERM catched and let quit gracefully
file 20 has been read from HDFS for 9 time
diff succeed!
Deleted /myfile20
file 20 has been removed from HDFS
