2019-02-24 15:15:06,381 INFO retry.RetryInvocationHandler: java.net.ConnectException: Call From clnode076.clemson.cloudlab.us/130.127.133.85 to node-0-link-0:8020 failed on connection exception: java.net.ConnectException: Connection refused; For more details see:  http://wiki.apache.org/hadoop/ConnectionRefused, while invoking ClientNamenodeProtocolTranslatorPB.renewLease over node-0-link-0/10.10.1.1:8020. Trying to failover immediately.
2019-02-24 15:15:06,387 INFO retry.RetryInvocationHandler: org.apache.hadoop.ipc.RemoteException(org.apache.hadoop.ipc.StandbyException): Operation category WRITE is not supported in state standby. Visit https://s.apache.org/sbnn-error
	at org.apache.hadoop.hdfs.server.namenode.ha.StandbyState.checkOperation(StandbyState.java:88)
	at org.apache.hadoop.hdfs.server.namenode.NameNode$NameNodeHAContext.checkOperation(NameNode.java:1952)
	at org.apache.hadoop.hdfs.server.namenode.FSNamesystem.checkOperation(FSNamesystem.java:1423)
	at org.apache.hadoop.hdfs.server.namenode.FSNamesystem.renewLease(FSNamesystem.java:3740)
	at org.apache.hadoop.hdfs.server.namenode.NameNodeRpcServer.renewLease(NameNodeRpcServer.java:1134)
	at org.apache.hadoop.hdfs.protocolPB.ClientNamenodeProtocolServerSideTranslatorPB.renewLease(ClientNamenodeProtocolServerSideTranslatorPB.java:737)
	at org.apache.hadoop.hdfs.protocol.proto.ClientNamenodeProtocolProtos$ClientNamenodeProtocol$2.callBlockingMethod(ClientNamenodeProtocolProtos.java)
	at org.apache.hadoop.ipc.ProtobufRpcEngine$Server$ProtoBufRpcInvoker.call(ProtobufRpcEngine.java:523)
	at org.apache.hadoop.ipc.RPC$Server.call(RPC.java:991)
	at org.apache.hadoop.ipc.Server$RpcCall.run(Server.java:872)
	at org.apache.hadoop.ipc.Server$RpcCall.run(Server.java:818)
	at java.security.AccessController.doPrivileged(Native Method)
	at javax.security.auth.Subject.doAs(Subject.java:422)
	at org.apache.hadoop.security.UserGroupInformation.doAs(UserGroupInformation.java:1729)
	at org.apache.hadoop.ipc.Server$Handler.run(Server.java:2678)
, while invoking ClientNamenodeProtocolTranslatorPB.renewLease over node-1-link-0/10.10.1.4:8020 after 1 failover attempts. Trying to failover after sleeping for 542ms.
2019-02-24 15:15:06,931 INFO retry.RetryInvocationHandler: java.net.ConnectException: Call From clnode076.clemson.cloudlab.us/130.127.133.85 to node-0-link-0:8020 failed on connection exception: java.net.ConnectException: Connection refused; For more details see:  http://wiki.apache.org/hadoop/ConnectionRefused, while invoking ClientNamenodeProtocolTranslatorPB.renewLease over node-0-link-0/10.10.1.1:8020 after 2 failover attempts. Trying to failover after sleeping for 1606ms.
2019-02-24 15:15:56,530 INFO retry.RetryInvocationHandler: java.net.ConnectException: Call From clnode076.clemson.cloudlab.us/130.127.133.85 to node-1-link-0:8020 failed on connection exception: java.net.ConnectException: Connection refused; For more details see:  http://wiki.apache.org/hadoop/ConnectionRefused, while invoking ClientNamenodeProtocolTranslatorPB.complete over node-1-link-0/10.10.1.4:8020. Trying to failover immediately.
2019-02-24 15:15:56,534 INFO retry.RetryInvocationHandler: org.apache.hadoop.ipc.RemoteException(org.apache.hadoop.ipc.RetriableException): org.apache.hadoop.hdfs.server.namenode.SafeModeException: Cannot complete file /myfile20._COPYING_. Name node is in safe mode.
The reported blocks 145 has reached the threshold 0.9990 of total blocks 145. The number of live datanodes 3 has reached the minimum number 0. In safe mode extension. Safe mode will be turned off automatically in 0 seconds. NamenodeHostName:node-0-link-0
	at org.apache.hadoop.hdfs.server.namenode.FSNamesystem.checkNameNodeSafeMode(FSNamesystem.java:1441)
	at org.apache.hadoop.hdfs.server.namenode.FSNamesystem.completeFile(FSNamesystem.java:2842)
	at org.apache.hadoop.hdfs.server.namenode.NameNodeRpcServer.complete(NameNodeRpcServer.java:928)
	at org.apache.hadoop.hdfs.protocolPB.ClientNamenodeProtocolServerSideTranslatorPB.complete(ClientNamenodeProtocolServerSideTranslatorPB.java:607)
	at org.apache.hadoop.hdfs.protocol.proto.ClientNamenodeProtocolProtos$ClientNamenodeProtocol$2.callBlockingMethod(ClientNamenodeProtocolProtos.java)
	at org.apache.hadoop.ipc.ProtobufRpcEngine$Server$ProtoBufRpcInvoker.call(ProtobufRpcEngine.java:523)
	at org.apache.hadoop.ipc.RPC$Server.call(RPC.java:991)
	at org.apache.hadoop.ipc.Server$RpcCall.run(Server.java:872)
	at org.apache.hadoop.ipc.Server$RpcCall.run(Server.java:818)
	at java.security.AccessController.doPrivileged(Native Method)
	at javax.security.auth.Subject.doAs(Subject.java:422)
	at org.apache.hadoop.security.UserGroupInformation.doAs(UserGroupInformation.java:1729)
	at org.apache.hadoop.ipc.Server$Handler.run(Server.java:2678)
Caused by: org.apache.hadoop.hdfs.server.namenode.SafeModeException: Cannot complete file /myfile20._COPYING_. Name node is in safe mode.
The reported blocks 145 has reached the threshold 0.9990 of total blocks 145. The number of live datanodes 3 has reached the minimum number 0. In safe mode extension. Safe mode will be turned off automatically in 0 seconds. NamenodeHostName:node-0-link-0
	at org.apache.hadoop.hdfs.server.namenode.FSNamesystem.newSafemodeException(FSNamesystem.java:1450)
	at org.apache.hadoop.hdfs.server.namenode.FSNamesystem.checkNameNodeSafeMode(FSNamesystem.java:1437)
	... 12 more
, while invoking ClientNamenodeProtocolTranslatorPB.complete over node-0-link-0/10.10.1.1:8020 after 1 failover attempts. Retrying after sleeping for 1332ms.
Found 20 items
-rw-r--r--   3 root supergroup 1073741824 2019-02-24 15:15 /myfile1
-rw-r--r--   3 root supergroup 1073741824 2019-02-24 15:15 /myfile10
-rw-r--r--   3 root supergroup 1073741824 2019-02-24 15:15 /myfile11
-rw-r--r--   3 root supergroup 1073741824 2019-02-24 15:15 /myfile12
-rw-r--r--   3 root supergroup  939524096 2019-02-24 15:14 /myfile13._COPYING_
-rw-r--r--   3 root supergroup 1073741824 2019-02-24 15:15 /myfile14
-rw-r--r--   3 root supergroup 1073741824 2019-02-24 15:15 /myfile15
-rw-r--r--   3 root supergroup  939524096 2019-02-24 15:14 /myfile16._COPYING_
-rw-r--r--   3 root supergroup 1073741824 2019-02-24 15:15 /myfile17
-rw-r--r--   3 root supergroup 1073741824 2019-02-24 15:15 /myfile18
-rw-r--r--   3 root supergroup  939524096 2019-02-24 15:14 /myfile19._COPYING_
-rw-r--r--   3 root supergroup 1073741824 2019-02-24 15:15 /myfile2
-rw-r--r--   3 root supergroup 1073741824 2019-02-24 15:15 /myfile20
-rw-r--r--   3 root supergroup 1073741824 2019-02-24 15:15 /myfile3
-rw-r--r--   3 root supergroup 1073741824 2019-02-24 15:16 /myfile4
-rw-r--r--   3 root supergroup 1073741824 2019-02-24 15:15 /myfile5
-rw-r--r--   3 root supergroup 1073741824 2019-02-24 15:16 /myfile6
-rw-r--r--   3 root supergroup 1073741824 2019-02-24 15:15 /myfile7
-rw-r--r--   3 root supergroup 1073741824 2019-02-24 15:15 /myfile8
-rw-r--r--   3 root supergroup 1073741824 2019-02-24 15:15 /myfile9
file 20 has been put into HDFS
file 20 has been read from HDFS for 1 time
diff succeed!
file 20 has been read from HDFS for 2 time
diff succeed!
file 20 has been read from HDFS for 3 time
diff succeed!
file 20 has been read from HDFS for 4 time
diff succeed!
file 20 has been read from HDFS for 5 time
diff succeed!
file 20 has been read from HDFS for 6 time
diff succeed!
file 20 has been read from HDFS for 7 time
diff succeed!
file 20 has been read from HDFS for 8 time
diff succeed!
file 20 has been read from HDFS for 9 time
diff succeed!
file 20 has been read from HDFS for 10 time
diff succeed!
Deleted /myfile20
file 20 has been removed from HDFS
Found 17 items
-rw-r--r--   3 root supergroup 1073741824 2019-02-24 15:19 /myfile1
-rw-r--r--   3 root supergroup 1073741824 2019-02-24 15:20 /myfile10
-rw-r--r--   3 root supergroup 1073741824 2019-02-24 15:19 /myfile11
-rw-r--r--   3 root supergroup 1073741824 2019-02-24 15:16 /myfile13
-rw-r--r--   3 root supergroup 1073741824 2019-02-24 15:20 /myfile14
-rw-r--r--   3 root supergroup 1073741824 2019-02-24 15:20 /myfile15
-rw-r--r--   3 root supergroup 1073741824 2019-02-24 15:20 /myfile17
-rw-r--r--   3 root supergroup 1073741824 2019-02-24 15:20 /myfile18
-rw-r--r--   3 root supergroup 1073741824 2019-02-24 15:19 /myfile2
-rw-r--r--   3 root supergroup 1073741824 2019-02-24 15:20 /myfile20
-rw-r--r--   3 root supergroup  402653184 2019-02-24 15:20 /myfile3._COPYING_
-rw-r--r--   3 root supergroup  402653184 2019-02-24 15:20 /myfile4._COPYING_
-rw-r--r--   3 root supergroup  268435456 2019-02-24 15:20 /myfile5._COPYING_
-rw-r--r--   3 root supergroup  402653184 2019-02-24 15:20 /myfile6._COPYING_
-rw-r--r--   3 root supergroup 1073741824 2019-02-24 15:19 /myfile7
-rw-r--r--   3 root supergroup 1073741824 2019-02-24 15:19 /myfile8
-rw-r--r--   3 root supergroup  805306368 2019-02-24 15:19 /myfile9._COPYING_
file 20 has been put into HDFS
file 20 has been read from HDFS for 1 time
diff succeed!
file 20 has been read from HDFS for 2 time
diff succeed!
file 20 has been read from HDFS for 3 time
diff succeed!
file 20 has been read from HDFS for 4 time
diff succeed!
file 20 has been read from HDFS for 5 time
diff succeed!
file 20 has been read from HDFS for 6 time
diff succeed!
file 20 has been read from HDFS for 7 time
diff succeed!
file 20 has been read from HDFS for 8 time
diff succeed!
file 20 has been read from HDFS for 9 time
diff succeed!
file 20 has been read from HDFS for 10 time
diff succeed!
Deleted /myfile20
file 20 has been removed from HDFS
Found 18 items
-rw-r--r--   3 root supergroup 1073741824 2019-02-24 15:23 /myfile1
-rw-r--r--   3 root supergroup 1073741824 2019-02-24 15:20 /myfile10
-rw-r--r--   3 root supergroup 1073741824 2019-02-24 15:23 /myfile11
-rw-r--r--   3 root supergroup 1073741824 2019-02-24 15:20 /myfile12
-rw-r--r--   3 root supergroup 1073741824 2019-02-24 15:21 /myfile13
-rw-r--r--   3 root supergroup 1073741824 2019-02-24 15:20 /myfile14
-rw-r--r--   3 root supergroup 1073741824 2019-02-24 15:20 /myfile15
-rw-r--r--   3 root supergroup 1073741824 2019-02-24 15:20 /myfile16
-rw-r--r--   3 root supergroup 1073741824 2019-02-24 15:23 /myfile18
-rw-r--r--   3 root supergroup 1073741824 2019-02-24 15:20 /myfile19
-rw-r--r--   3 root supergroup 1073741824 2019-02-24 15:23 /myfile2
-rw-r--r--   3 root supergroup 1073741824 2019-02-24 15:23 /myfile20
-rw-r--r--   3 root supergroup 1073741824 2019-02-24 15:20 /myfile3
-rw-r--r--   3 root supergroup 1073741824 2019-02-24 15:20 /myfile4
-rw-r--r--   3 root supergroup 1073741824 2019-02-24 15:23 /myfile5
-rw-r--r--   3 root supergroup 1073741824 2019-02-24 15:23 /myfile7
-rw-r--r--   3 root supergroup 1073741824 2019-02-24 15:23 /myfile8
-rw-r--r--   3 root supergroup 1073741824 2019-02-24 15:23 /myfile9
file 20 has been put into HDFS
file 20 has been read from HDFS for 1 time
diff succeed!
file 20 has been read from HDFS for 2 time
diff succeed!
file 20 has been read from HDFS for 3 time
diff succeed!
file 20 has been read from HDFS for 4 time
diff succeed!
file 20 has been read from HDFS for 5 time
diff succeed!
file 20 has been read from HDFS for 6 time
diff succeed!
file 20 has been read from HDFS for 7 time
diff succeed!
file 20 has been read from HDFS for 8 time
diff succeed!
file 20 has been read from HDFS for 9 time
diff succeed!
file 20 has been read from HDFS for 10 time
diff succeed!
Deleted /myfile20
file 20 has been removed from HDFS
Found 18 items
-rw-r--r--   3 root supergroup 1073741824 2019-02-24 15:27 /myfile1
-rw-r--r--   3 root supergroup 1073741824 2019-02-24 15:25 /myfile10
-rw-r--r--   3 root supergroup 1073741824 2019-02-24 15:27 /myfile11
-rw-r--r--   3 root supergroup 1073741824 2019-02-24 15:25 /myfile12
-rw-r--r--   3 root supergroup 1073741824 2019-02-24 15:25 /myfile13
-rw-r--r--   3 root supergroup 1073741824 2019-02-24 15:25 /myfile15
-rw-r--r--   3 root supergroup 1073741824 2019-02-24 15:24 /myfile16
-rw-r--r--   3 root supergroup 1073741824 2019-02-24 15:27 /myfile18
-rw-r--r--   3 root supergroup 1073741824 2019-02-24 15:25 /myfile19
-rw-r--r--   3 root supergroup  939524096 2019-02-24 15:27 /myfile2._COPYING_
-rw-r--r--   3 root supergroup 1073741824 2019-02-24 15:27 /myfile20
-rw-r--r--   3 root supergroup 1073741824 2019-02-24 15:24 /myfile3
-rw-r--r--   3 root supergroup 1073741824 2019-02-24 15:25 /myfile4
-rw-r--r--   3 root supergroup 1073741824 2019-02-24 15:27 /myfile5
-rw-r--r--   3 root supergroup  939524096 2019-02-24 15:27 /myfile6._COPYING_
-rw-r--r--   3 root supergroup 1073741824 2019-02-24 15:27 /myfile7
-rw-r--r--   3 root supergroup 1073741824 2019-02-24 15:27 /myfile8
-rw-r--r--   3 root supergroup 1073741824 2019-02-24 15:27 /myfile9
file 20 has been put into HDFS
file 20 has been read from HDFS for 1 time
diff succeed!
file 20 has been read from HDFS for 2 time
diff succeed!
file 20 has been read from HDFS for 3 time
diff succeed!
file 20 has been read from HDFS for 4 time
diff succeed!
file 20 has been read from HDFS for 5 time
diff succeed!
file 20 has been read from HDFS for 6 time
diff succeed!
file 20 has been read from HDFS for 7 time
diff succeed!
file 20 has been read from HDFS for 8 time
diff succeed!
file 20 has been read from HDFS for 9 time
diff succeed!
file 20 has been read from HDFS for 10 time
diff succeed!
Deleted /myfile20
file 20 has been removed from HDFS
Found 20 items
-rw-r--r--   3 root supergroup 1073741824 2019-02-24 15:32 /myfile1
-rw-r--r--   3 root supergroup 1073741824 2019-02-24 15:30 /myfile10
-rw-r--r--   3 root supergroup 1073741824 2019-02-24 15:32 /myfile11
-rw-r--r--   3 root supergroup 1073741824 2019-02-24 15:30 /myfile12
-rw-r--r--   3 root supergroup 1073741824 2019-02-24 15:30 /myfile13
-rw-r--r--   3 root supergroup  402653184 2019-02-24 15:32 /myfile14._COPYING_
-rw-r--r--   3 root supergroup 1073741824 2019-02-24 15:29 /myfile15
-rw-r--r--   3 root supergroup 1073741824 2019-02-24 15:29 /myfile16
-rw-r--r--   3 root supergroup  402653184 2019-02-24 15:33 /myfile17._COPYING_
-rw-r--r--   3 root supergroup 1073741824 2019-02-24 15:32 /myfile18
-rw-r--r--   3 root supergroup 1073741824 2019-02-24 15:30 /myfile19
-rw-r--r--   3 root supergroup  939524096 2019-02-24 15:32 /myfile2._COPYING_
-rw-r--r--   3 root supergroup 1073741824 2019-02-24 15:33 /myfile20
-rw-r--r--   3 root supergroup          0 2019-02-24 15:33 /myfile3._COPYING_
-rw-r--r--   3 root supergroup 1073741824 2019-02-24 15:30 /myfile4
-rw-r--r--   3 root supergroup 1073741824 2019-02-24 15:32 /myfile5
-rw-r--r--   3 root supergroup 1073741824 2019-02-24 15:32 /myfile6
-rw-r--r--   3 root supergroup 1073741824 2019-02-24 15:31 /myfile7
-rw-r--r--   3 root supergroup 1073741824 2019-02-24 15:31 /myfile8
-rw-r--r--   3 root supergroup 1073741824 2019-02-24 15:32 /myfile9
file 20 has been put into HDFS
file 20 has been read from HDFS for 1 time
diff succeed!
file 20 has been read from HDFS for 2 time
diff succeed!
file 20 has been read from HDFS for 3 time
diff succeed!
file 20 has been read from HDFS for 4 time
diff succeed!
file 20 has been read from HDFS for 5 time
diff succeed!
file 20 has been read from HDFS for 6 time
diff succeed!
file 20 has been read from HDFS for 7 time
diff succeed!
file 20 has been read from HDFS for 8 time
diff succeed!
file 20 has been read from HDFS for 9 time
diff succeed!
file 20 has been read from HDFS for 10 time
diff succeed!
2019-02-24 15:37:12,983 INFO retry.RetryInvocationHandler: org.apache.hadoop.ipc.RemoteException(org.apache.hadoop.ipc.StandbyException): Operation category READ is not supported in state standby. Visit https://s.apache.org/sbnn-error
	at org.apache.hadoop.hdfs.server.namenode.ha.StandbyState.checkOperation(StandbyState.java:88)
	at org.apache.hadoop.hdfs.server.namenode.NameNode$NameNodeHAContext.checkOperation(NameNode.java:1952)
	at org.apache.hadoop.hdfs.server.namenode.FSNamesystem.checkOperation(FSNamesystem.java:1423)
	at org.apache.hadoop.hdfs.server.namenode.FSNamesystem.getFileInfo(FSNamesystem.java:3085)
	at org.apache.hadoop.hdfs.server.namenode.NameNodeRpcServer.getFileInfo(NameNodeRpcServer.java:1154)
	at org.apache.hadoop.hdfs.protocolPB.ClientNamenodeProtocolServerSideTranslatorPB.getFileInfo(ClientNamenodeProtocolServerSideTranslatorPB.java:966)
	at org.apache.hadoop.hdfs.protocol.proto.ClientNamenodeProtocolProtos$ClientNamenodeProtocol$2.callBlockingMethod(ClientNamenodeProtocolProtos.java)
	at org.apache.hadoop.ipc.ProtobufRpcEngine$Server$ProtoBufRpcInvoker.call(ProtobufRpcEngine.java:523)
	at org.apache.hadoop.ipc.RPC$Server.call(RPC.java:991)
	at org.apache.hadoop.ipc.Server$RpcCall.run(Server.java:872)
	at org.apache.hadoop.ipc.Server$RpcCall.run(Server.java:818)
	at java.security.AccessController.doPrivileged(Native Method)
	at javax.security.auth.Subject.doAs(Subject.java:422)
	at org.apache.hadoop.security.UserGroupInformation.doAs(UserGroupInformation.java:1729)
	at org.apache.hadoop.ipc.Server$Handler.run(Server.java:2678)
, while invoking ClientNamenodeProtocolTranslatorPB.getFileInfo over node-1-link-0/10.10.1.4:8020 after 1 failover attempts. Trying to failover after sleeping for 521ms.
2019-02-24 15:37:13,508 INFO retry.RetryInvocationHandler: java.net.ConnectException: Call From clnode076.clemson.cloudlab.us/130.127.133.85 to node-0-link-0:8020 failed on connection exception: java.net.ConnectException: Connection refused; For more details see:  http://wiki.apache.org/hadoop/ConnectionRefused, while invoking ClientNamenodeProtocolTranslatorPB.getFileInfo over node-0-link-0/10.10.1.1:8020 after 2 failover attempts. Trying to failover after sleeping for 2928ms.
Deleted /myfile20
file 20 has been removed from HDFS
2019-02-24 15:37:52,012 INFO retry.RetryInvocationHandler: java.io.EOFException: End of File Exception between local host is: "clnode076.clemson.cloudlab.us/130.127.133.85"; destination host is: "node-1-link-0":8020; : java.io.EOFException; For more details see:  http://wiki.apache.org/hadoop/EOFException, while invoking ClientNamenodeProtocolTranslatorPB.addBlock over node-1-link-0/10.10.1.4:8020. Trying to failover immediately.
2019-02-24 15:37:52,174 INFO retry.RetryInvocationHandler: org.apache.hadoop.ipc.RemoteException(org.apache.hadoop.ipc.RetriableException): org.apache.hadoop.hdfs.server.namenode.SafeModeException: Cannot add block to /myfile20._COPYING_. Name node is in safe mode.
The reported blocks 137 has reached the threshold 0.9990 of total blocks 137. The number of live datanodes 3 has reached the minimum number 0. In safe mode extension. Safe mode will be turned off automatically in 29 seconds. NamenodeHostName:node-0-link-0
	at org.apache.hadoop.hdfs.server.namenode.FSNamesystem.checkNameNodeSafeMode(FSNamesystem.java:1441)
	at org.apache.hadoop.hdfs.server.namenode.FSDirWriteFileOp.analyzeFileState(FSDirWriteFileOp.java:591)
	at org.apache.hadoop.hdfs.server.namenode.FSDirWriteFileOp.validateAddBlock(FSDirWriteFileOp.java:172)
	at org.apache.hadoop.hdfs.server.namenode.FSNamesystem.getAdditionalBlock(FSNamesystem.java:2679)
	at org.apache.hadoop.hdfs.server.namenode.NameNodeRpcServer.addBlock(NameNodeRpcServer.java:875)
	at org.apache.hadoop.hdfs.protocolPB.ClientNamenodeProtocolServerSideTranslatorPB.addBlock(ClientNamenodeProtocolServerSideTranslatorPB.java:561)
	at org.apache.hadoop.hdfs.protocol.proto.ClientNamenodeProtocolProtos$ClientNamenodeProtocol$2.callBlockingMethod(ClientNamenodeProtocolProtos.java)
	at org.apache.hadoop.ipc.ProtobufRpcEngine$Server$ProtoBufRpcInvoker.call(ProtobufRpcEngine.java:523)
	at org.apache.hadoop.ipc.RPC$Server.call(RPC.java:991)
	at org.apache.hadoop.ipc.Server$RpcCall.run(Server.java:872)
	at org.apache.hadoop.ipc.Server$RpcCall.run(Server.java:818)
	at java.security.AccessController.doPrivileged(Native Method)
	at javax.security.auth.Subject.doAs(Subject.java:422)
	at org.apache.hadoop.security.UserGroupInformation.doAs(UserGroupInformation.java:1729)
	at org.apache.hadoop.ipc.Server$Handler.run(Server.java:2678)
Caused by: org.apache.hadoop.hdfs.server.namenode.SafeModeException: Cannot add block to /myfile20._COPYING_. Name node is in safe mode.
The reported blocks 137 has reached the threshold 0.9990 of total blocks 137. The number of live datanodes 3 has reached the minimum number 0. In safe mode extension. Safe mode will be turned off automatically in 29 seconds. NamenodeHostName:node-0-link-0
	at org.apache.hadoop.hdfs.server.namenode.FSNamesystem.newSafemodeException(FSNamesystem.java:1450)
	at org.apache.hadoop.hdfs.server.namenode.FSNamesystem.checkNameNodeSafeMode(FSNamesystem.java:1437)
	... 14 more
, while invoking ClientNamenodeProtocolTranslatorPB.addBlock over node-0-link-0/10.10.1.1:8020 after 1 failover attempts. Retrying after sleeping for 753ms.
2019-02-24 15:37:52,933 INFO retry.RetryInvocationHandler: org.apache.hadoop.ipc.RemoteException(org.apache.hadoop.ipc.RetriableException): org.apache.hadoop.hdfs.server.namenode.SafeModeException: Cannot add block to /myfile20._COPYING_. Name node is in safe mode.
The reported blocks 137 has reached the threshold 0.9990 of total blocks 137. The number of live datanodes 3 has reached the minimum number 0. In safe mode extension. Safe mode will be turned off automatically in 29 seconds. NamenodeHostName:node-0-link-0
	at org.apache.hadoop.hdfs.server.namenode.FSNamesystem.checkNameNodeSafeMode(FSNamesystem.java:1441)
	at org.apache.hadoop.hdfs.server.namenode.FSDirWriteFileOp.analyzeFileState(FSDirWriteFileOp.java:591)
	at org.apache.hadoop.hdfs.server.namenode.FSDirWriteFileOp.validateAddBlock(FSDirWriteFileOp.java:172)
	at org.apache.hadoop.hdfs.server.namenode.FSNamesystem.getAdditionalBlock(FSNamesystem.java:2679)
	at org.apache.hadoop.hdfs.server.namenode.NameNodeRpcServer.addBlock(NameNodeRpcServer.java:875)
	at org.apache.hadoop.hdfs.protocolPB.ClientNamenodeProtocolServerSideTranslatorPB.addBlock(ClientNamenodeProtocolServerSideTranslatorPB.java:561)
	at org.apache.hadoop.hdfs.protocol.proto.ClientNamenodeProtocolProtos$ClientNamenodeProtocol$2.callBlockingMethod(ClientNamenodeProtocolProtos.java)
	at org.apache.hadoop.ipc.ProtobufRpcEngine$Server$ProtoBufRpcInvoker.call(ProtobufRpcEngine.java:523)
	at org.apache.hadoop.ipc.RPC$Server.call(RPC.java:991)
	at org.apache.hadoop.ipc.Server$RpcCall.run(Server.java:872)
	at org.apache.hadoop.ipc.Server$RpcCall.run(Server.java:818)
	at java.security.AccessController.doPrivileged(Native Method)
	at javax.security.auth.Subject.doAs(Subject.java:422)
	at org.apache.hadoop.security.UserGroupInformation.doAs(UserGroupInformation.java:1729)
	at org.apache.hadoop.ipc.Server$Handler.run(Server.java:2678)
Caused by: org.apache.hadoop.hdfs.server.namenode.SafeModeException: Cannot add block to /myfile20._COPYING_. Name node is in safe mode.
The reported blocks 137 has reached the threshold 0.9990 of total blocks 137. The number of live datanodes 3 has reached the minimum number 0. In safe mode extension. Safe mode will be turned off automatically in 29 seconds. NamenodeHostName:node-0-link-0
	at org.apache.hadoop.hdfs.server.namenode.FSNamesystem.newSafemodeException(FSNamesystem.java:1450)
	at org.apache.hadoop.hdfs.server.namenode.FSNamesystem.checkNameNodeSafeMode(FSNamesystem.java:1437)
	... 14 more
, while invoking ClientNamenodeProtocolTranslatorPB.addBlock over node-0-link-0/10.10.1.1:8020 after 1 failover attempts. Retrying after sleeping for 1574ms.
2019-02-24 15:37:54,512 INFO retry.RetryInvocationHandler: org.apache.hadoop.ipc.RemoteException(org.apache.hadoop.ipc.RetriableException): org.apache.hadoop.hdfs.server.namenode.SafeModeException: Cannot add block to /myfile20._COPYING_. Name node is in safe mode.
The reported blocks 137 has reached the threshold 0.9990 of total blocks 137. The number of live datanodes 3 has reached the minimum number 0. In safe mode extension. Safe mode will be turned off automatically in 27 seconds. NamenodeHostName:node-0-link-0
	at org.apache.hadoop.hdfs.server.namenode.FSNamesystem.checkNameNodeSafeMode(FSNamesystem.java:1441)
	at org.apache.hadoop.hdfs.server.namenode.FSDirWriteFileOp.analyzeFileState(FSDirWriteFileOp.java:591)
	at org.apache.hadoop.hdfs.server.namenode.FSDirWriteFileOp.validateAddBlock(FSDirWriteFileOp.java:172)
	at org.apache.hadoop.hdfs.server.namenode.FSNamesystem.getAdditionalBlock(FSNamesystem.java:2679)
	at org.apache.hadoop.hdfs.server.namenode.NameNodeRpcServer.addBlock(NameNodeRpcServer.java:875)
	at org.apache.hadoop.hdfs.protocolPB.ClientNamenodeProtocolServerSideTranslatorPB.addBlock(ClientNamenodeProtocolServerSideTranslatorPB.java:561)
	at org.apache.hadoop.hdfs.protocol.proto.ClientNamenodeProtocolProtos$ClientNamenodeProtocol$2.callBlockingMethod(ClientNamenodeProtocolProtos.java)
	at org.apache.hadoop.ipc.ProtobufRpcEngine$Server$ProtoBufRpcInvoker.call(ProtobufRpcEngine.java:523)
	at org.apache.hadoop.ipc.RPC$Server.call(RPC.java:991)
	at org.apache.hadoop.ipc.Server$RpcCall.run(Server.java:872)
	at org.apache.hadoop.ipc.Server$RpcCall.run(Server.java:818)
	at java.security.AccessController.doPrivileged(Native Method)
	at javax.security.auth.Subject.doAs(Subject.java:422)
	at org.apache.hadoop.security.UserGroupInformation.doAs(UserGroupInformation.java:1729)
	at org.apache.hadoop.ipc.Server$Handler.run(Server.java:2678)
Caused by: org.apache.hadoop.hdfs.server.namenode.SafeModeException: Cannot add block to /myfile20._COPYING_. Name node is in safe mode.
The reported blocks 137 has reached the threshold 0.9990 of total blocks 137. The number of live datanodes 3 has reached the minimum number 0. In safe mode extension. Safe mode will be turned off automatically in 27 seconds. NamenodeHostName:node-0-link-0
	at org.apache.hadoop.hdfs.server.namenode.FSNamesystem.newSafemodeException(FSNamesystem.java:1450)
	at org.apache.hadoop.hdfs.server.namenode.FSNamesystem.checkNameNodeSafeMode(FSNamesystem.java:1437)
	... 14 more
, while invoking ClientNamenodeProtocolTranslatorPB.addBlock over node-0-link-0/10.10.1.1:8020 after 1 failover attempts. Retrying after sleeping for 5723ms.
2019-02-24 15:37:59,283 INFO retry.RetryInvocationHandler: org.apache.hadoop.ipc.RemoteException(org.apache.hadoop.ipc.RetriableException): org.apache.hadoop.hdfs.server.namenode.SafeModeException: Cannot renew lease for DFSClient_NONMAPREDUCE_-683328404_1. Name node is in safe mode.
The reported blocks 137 has reached the threshold 0.9990 of total blocks 137. The number of live datanodes 3 has reached the minimum number 0. In safe mode extension. Safe mode will be turned off automatically in 22 seconds. NamenodeHostName:node-0-link-0
	at org.apache.hadoop.hdfs.server.namenode.FSNamesystem.checkNameNodeSafeMode(FSNamesystem.java:1441)
	at org.apache.hadoop.hdfs.server.namenode.FSNamesystem.renewLease(FSNamesystem.java:3744)
	at org.apache.hadoop.hdfs.server.namenode.NameNodeRpcServer.renewLease(NameNodeRpcServer.java:1134)
	at org.apache.hadoop.hdfs.protocolPB.ClientNamenodeProtocolServerSideTranslatorPB.renewLease(ClientNamenodeProtocolServerSideTranslatorPB.java:737)
	at org.apache.hadoop.hdfs.protocol.proto.ClientNamenodeProtocolProtos$ClientNamenodeProtocol$2.callBlockingMethod(ClientNamenodeProtocolProtos.java)
	at org.apache.hadoop.ipc.ProtobufRpcEngine$Server$ProtoBufRpcInvoker.call(ProtobufRpcEngine.java:523)
	at org.apache.hadoop.ipc.RPC$Server.call(RPC.java:991)
	at org.apache.hadoop.ipc.Server$RpcCall.run(Server.java:872)
	at org.apache.hadoop.ipc.Server$RpcCall.run(Server.java:818)
	at java.security.AccessController.doPrivileged(Native Method)
	at javax.security.auth.Subject.doAs(Subject.java:422)
	at org.apache.hadoop.security.UserGroupInformation.doAs(UserGroupInformation.java:1729)
	at org.apache.hadoop.ipc.Server$Handler.run(Server.java:2678)
Caused by: org.apache.hadoop.hdfs.server.namenode.SafeModeException: Cannot renew lease for DFSClient_NONMAPREDUCE_-683328404_1. Name node is in safe mode.
The reported blocks 137 has reached the threshold 0.9990 of total blocks 137. The number of live datanodes 3 has reached the minimum number 0. In safe mode extension. Safe mode will be turned off automatically in 22 seconds. NamenodeHostName:node-0-link-0
	at org.apache.hadoop.hdfs.server.namenode.FSNamesystem.newSafemodeException(FSNamesystem.java:1450)
	at org.apache.hadoop.hdfs.server.namenode.FSNamesystem.checkNameNodeSafeMode(FSNamesystem.java:1437)
	... 12 more
, while invoking ClientNamenodeProtocolTranslatorPB.renewLease over node-0-link-0/10.10.1.1:8020. Retrying immediately.
2019-02-24 15:37:59,285 INFO retry.RetryInvocationHandler: org.apache.hadoop.ipc.RemoteException(org.apache.hadoop.ipc.RetriableException): org.apache.hadoop.hdfs.server.namenode.SafeModeException: Cannot renew lease for DFSClient_NONMAPREDUCE_-683328404_1. Name node is in safe mode.
The reported blocks 137 has reached the threshold 0.9990 of total blocks 137. The number of live datanodes 3 has reached the minimum number 0. In safe mode extension. Safe mode will be turned off automatically in 22 seconds. NamenodeHostName:node-0-link-0
	at org.apache.hadoop.hdfs.server.namenode.FSNamesystem.checkNameNodeSafeMode(FSNamesystem.java:1441)
	at org.apache.hadoop.hdfs.server.namenode.FSNamesystem.renewLease(FSNamesystem.java:3744)
	at org.apache.hadoop.hdfs.server.namenode.NameNodeRpcServer.renewLease(NameNodeRpcServer.java:1134)
	at org.apache.hadoop.hdfs.protocolPB.ClientNamenodeProtocolServerSideTranslatorPB.renewLease(ClientNamenodeProtocolServerSideTranslatorPB.java:737)
	at org.apache.hadoop.hdfs.protocol.proto.ClientNamenodeProtocolProtos$ClientNamenodeProtocol$2.callBlockingMethod(ClientNamenodeProtocolProtos.java)
	at org.apache.hadoop.ipc.ProtobufRpcEngine$Server$ProtoBufRpcInvoker.call(ProtobufRpcEngine.java:523)
	at org.apache.hadoop.ipc.RPC$Server.call(RPC.java:991)
	at org.apache.hadoop.ipc.Server$RpcCall.run(Server.java:872)
	at org.apache.hadoop.ipc.Server$RpcCall.run(Server.java:818)
	at java.security.AccessController.doPrivileged(Native Method)
	at javax.security.auth.Subject.doAs(Subject.java:422)
	at org.apache.hadoop.security.UserGroupInformation.doAs(UserGroupInformation.java:1729)
	at org.apache.hadoop.ipc.Server$Handler.run(Server.java:2678)
Caused by: org.apache.hadoop.hdfs.server.namenode.SafeModeException: Cannot renew lease for DFSClient_NONMAPREDUCE_-683328404_1. Name node is in safe mode.
The reported blocks 137 has reached the threshold 0.9990 of total blocks 137. The number of live datanodes 3 has reached the minimum number 0. In safe mode extension. Safe mode will be turned off automatically in 22 seconds. NamenodeHostName:node-0-link-0
	at org.apache.hadoop.hdfs.server.namenode.FSNamesystem.newSafemodeException(FSNamesystem.java:1450)
	at org.apache.hadoop.hdfs.server.namenode.FSNamesystem.checkNameNodeSafeMode(FSNamesystem.java:1437)
	... 12 more
, while invoking ClientNamenodeProtocolTranslatorPB.renewLease over node-0-link-0/10.10.1.1:8020. Retrying after sleeping for 1252ms.
2019-02-24 15:38:00,238 INFO retry.RetryInvocationHandler: org.apache.hadoop.ipc.RemoteException(org.apache.hadoop.ipc.RetriableException): org.apache.hadoop.hdfs.server.namenode.SafeModeException: Cannot add block to /myfile20._COPYING_. Name node is in safe mode.
The reported blocks 137 has reached the threshold 0.9990 of total blocks 137. The number of live datanodes 3 has reached the minimum number 0. In safe mode extension. Safe mode will be turned off automatically in 21 seconds. NamenodeHostName:node-0-link-0
	at org.apache.hadoop.hdfs.server.namenode.FSNamesystem.checkNameNodeSafeMode(FSNamesystem.java:1441)
	at org.apache.hadoop.hdfs.server.namenode.FSDirWriteFileOp.analyzeFileState(FSDirWriteFileOp.java:591)
	at org.apache.hadoop.hdfs.server.namenode.FSDirWriteFileOp.validateAddBlock(FSDirWriteFileOp.java:172)
	at org.apache.hadoop.hdfs.server.namenode.FSNamesystem.getAdditionalBlock(FSNamesystem.java:2679)
	at org.apache.hadoop.hdfs.server.namenode.NameNodeRpcServer.addBlock(NameNodeRpcServer.java:875)
	at org.apache.hadoop.hdfs.protocolPB.ClientNamenodeProtocolServerSideTranslatorPB.addBlock(ClientNamenodeProtocolServerSideTranslatorPB.java:561)
	at org.apache.hadoop.hdfs.protocol.proto.ClientNamenodeProtocolProtos$ClientNamenodeProtocol$2.callBlockingMethod(ClientNamenodeProtocolProtos.java)
	at org.apache.hadoop.ipc.ProtobufRpcEngine$Server$ProtoBufRpcInvoker.call(ProtobufRpcEngine.java:523)
	at org.apache.hadoop.ipc.RPC$Server.call(RPC.java:991)
	at org.apache.hadoop.ipc.Server$RpcCall.run(Server.java:872)
	at org.apache.hadoop.ipc.Server$RpcCall.run(Server.java:818)
	at java.security.AccessController.doPrivileged(Native Method)
	at javax.security.auth.Subject.doAs(Subject.java:422)
	at org.apache.hadoop.security.UserGroupInformation.doAs(UserGroupInformation.java:1729)
	at org.apache.hadoop.ipc.Server$Handler.run(Server.java:2678)
Caused by: org.apache.hadoop.hdfs.server.namenode.SafeModeException: Cannot add block to /myfile20._COPYING_. Name node is in safe mode.
The reported blocks 137 has reached the threshold 0.9990 of total blocks 137. The number of live datanodes 3 has reached the minimum number 0. In safe mode extension. Safe mode will be turned off automatically in 21 seconds. NamenodeHostName:node-0-link-0
	at org.apache.hadoop.hdfs.server.namenode.FSNamesystem.newSafemodeException(FSNamesystem.java:1450)
	at org.apache.hadoop.hdfs.server.namenode.FSNamesystem.checkNameNodeSafeMode(FSNamesystem.java:1437)
	... 14 more
, while invoking ClientNamenodeProtocolTranslatorPB.addBlock over node-0-link-0/10.10.1.1:8020 after 1 failover attempts. Retrying after sleeping for 11864ms.
2019-02-24 15:38:00,540 INFO retry.RetryInvocationHandler: org.apache.hadoop.ipc.RemoteException(org.apache.hadoop.ipc.RetriableException): org.apache.hadoop.hdfs.server.namenode.SafeModeException: Cannot renew lease for DFSClient_NONMAPREDUCE_-683328404_1. Name node is in safe mode.
The reported blocks 137 has reached the threshold 0.9990 of total blocks 137. The number of live datanodes 3 has reached the minimum number 0. In safe mode extension. Safe mode will be turned off automatically in 21 seconds. NamenodeHostName:node-0-link-0
	at org.apache.hadoop.hdfs.server.namenode.FSNamesystem.checkNameNodeSafeMode(FSNamesystem.java:1441)
	at org.apache.hadoop.hdfs.server.namenode.FSNamesystem.renewLease(FSNamesystem.java:3744)
	at org.apache.hadoop.hdfs.server.namenode.NameNodeRpcServer.renewLease(NameNodeRpcServer.java:1134)
	at org.apache.hadoop.hdfs.protocolPB.ClientNamenodeProtocolServerSideTranslatorPB.renewLease(ClientNamenodeProtocolServerSideTranslatorPB.java:737)
	at org.apache.hadoop.hdfs.protocol.proto.ClientNamenodeProtocolProtos$ClientNamenodeProtocol$2.callBlockingMethod(ClientNamenodeProtocolProtos.java)
	at org.apache.hadoop.ipc.ProtobufRpcEngine$Server$ProtoBufRpcInvoker.call(ProtobufRpcEngine.java:523)
	at org.apache.hadoop.ipc.RPC$Server.call(RPC.java:991)
	at org.apache.hadoop.ipc.Server$RpcCall.run(Server.java:872)
	at org.apache.hadoop.ipc.Server$RpcCall.run(Server.java:818)
	at java.security.AccessController.doPrivileged(Native Method)
	at javax.security.auth.Subject.doAs(Subject.java:422)
	at org.apache.hadoop.security.UserGroupInformation.doAs(UserGroupInformation.java:1729)
	at org.apache.hadoop.ipc.Server$Handler.run(Server.java:2678)
Caused by: org.apache.hadoop.hdfs.server.namenode.SafeModeException: Cannot renew lease for DFSClient_NONMAPREDUCE_-683328404_1. Name node is in safe mode.
The reported blocks 137 has reached the threshold 0.9990 of total blocks 137. The number of live datanodes 3 has reached the minimum number 0. In safe mode extension. Safe mode will be turned off automatically in 21 seconds. NamenodeHostName:node-0-link-0
	at org.apache.hadoop.hdfs.server.namenode.FSNamesystem.newSafemodeException(FSNamesystem.java:1450)
	at org.apache.hadoop.hdfs.server.namenode.FSNamesystem.checkNameNodeSafeMode(FSNamesystem.java:1437)
	... 12 more
, while invoking ClientNamenodeProtocolTranslatorPB.renewLease over node-0-link-0/10.10.1.1:8020. Retrying after sleeping for 2386ms.
2019-02-24 15:38:02,929 INFO retry.RetryInvocationHandler: org.apache.hadoop.ipc.RemoteException(org.apache.hadoop.ipc.RetriableException): org.apache.hadoop.hdfs.server.namenode.SafeModeException: Cannot renew lease for DFSClient_NONMAPREDUCE_-683328404_1. Name node is in safe mode.
The reported blocks 137 has reached the threshold 0.9990 of total blocks 137. The number of live datanodes 3 has reached the minimum number 0. In safe mode extension. Safe mode will be turned off automatically in 19 seconds. NamenodeHostName:node-0-link-0
	at org.apache.hadoop.hdfs.server.namenode.FSNamesystem.checkNameNodeSafeMode(FSNamesystem.java:1441)
	at org.apache.hadoop.hdfs.server.namenode.FSNamesystem.renewLease(FSNamesystem.java:3744)
	at org.apache.hadoop.hdfs.server.namenode.NameNodeRpcServer.renewLease(NameNodeRpcServer.java:1134)
	at org.apache.hadoop.hdfs.protocolPB.ClientNamenodeProtocolServerSideTranslatorPB.renewLease(ClientNamenodeProtocolServerSideTranslatorPB.java:737)
	at org.apache.hadoop.hdfs.protocol.proto.ClientNamenodeProtocolProtos$ClientNamenodeProtocol$2.callBlockingMethod(ClientNamenodeProtocolProtos.java)
	at org.apache.hadoop.ipc.ProtobufRpcEngine$Server$ProtoBufRpcInvoker.call(ProtobufRpcEngine.java:523)
	at org.apache.hadoop.ipc.RPC$Server.call(RPC.java:991)
	at org.apache.hadoop.ipc.Server$RpcCall.run(Server.java:872)
	at org.apache.hadoop.ipc.Server$RpcCall.run(Server.java:818)
	at java.security.AccessController.doPrivileged(Native Method)
	at javax.security.auth.Subject.doAs(Subject.java:422)
	at org.apache.hadoop.security.UserGroupInformation.doAs(UserGroupInformation.java:1729)
	at org.apache.hadoop.ipc.Server$Handler.run(Server.java:2678)
Caused by: org.apache.hadoop.hdfs.server.namenode.SafeModeException: Cannot renew lease for DFSClient_NONMAPREDUCE_-683328404_1. Name node is in safe mode.
The reported blocks 137 has reached the threshold 0.9990 of total blocks 137. The number of live datanodes 3 has reached the minimum number 0. In safe mode extension. Safe mode will be turned off automatically in 19 seconds. NamenodeHostName:node-0-link-0
	at org.apache.hadoop.hdfs.server.namenode.FSNamesystem.newSafemodeException(FSNamesystem.java:1450)
	at org.apache.hadoop.hdfs.server.namenode.FSNamesystem.checkNameNodeSafeMode(FSNamesystem.java:1437)
	... 12 more
, while invoking ClientNamenodeProtocolTranslatorPB.renewLease over node-0-link-0/10.10.1.1:8020. Retrying after sleeping for 5286ms.
2019-02-24 15:38:08,218 INFO retry.RetryInvocationHandler: org.apache.hadoop.ipc.RemoteException(org.apache.hadoop.ipc.RetriableException): org.apache.hadoop.hdfs.server.namenode.SafeModeException: Cannot renew lease for DFSClient_NONMAPREDUCE_-683328404_1. Name node is in safe mode.
The reported blocks 137 has reached the threshold 0.9990 of total blocks 137. The number of live datanodes 3 has reached the minimum number 0. In safe mode extension. Safe mode will be turned off automatically in 13 seconds. NamenodeHostName:node-0-link-0
	at org.apache.hadoop.hdfs.server.namenode.FSNamesystem.checkNameNodeSafeMode(FSNamesystem.java:1441)
	at org.apache.hadoop.hdfs.server.namenode.FSNamesystem.renewLease(FSNamesystem.java:3744)
	at org.apache.hadoop.hdfs.server.namenode.NameNodeRpcServer.renewLease(NameNodeRpcServer.java:1134)
	at org.apache.hadoop.hdfs.protocolPB.ClientNamenodeProtocolServerSideTranslatorPB.renewLease(ClientNamenodeProtocolServerSideTranslatorPB.java:737)
	at org.apache.hadoop.hdfs.protocol.proto.ClientNamenodeProtocolProtos$ClientNamenodeProtocol$2.callBlockingMethod(ClientNamenodeProtocolProtos.java)
	at org.apache.hadoop.ipc.ProtobufRpcEngine$Server$ProtoBufRpcInvoker.call(ProtobufRpcEngine.java:523)
	at org.apache.hadoop.ipc.RPC$Server.call(RPC.java:991)
	at org.apache.hadoop.ipc.Server$RpcCall.run(Server.java:872)
	at org.apache.hadoop.ipc.Server$RpcCall.run(Server.java:818)
	at java.security.AccessController.doPrivileged(Native Method)
	at javax.security.auth.Subject.doAs(Subject.java:422)
	at org.apache.hadoop.security.UserGroupInformation.doAs(UserGroupInformation.java:1729)
	at org.apache.hadoop.ipc.Server$Handler.run(Server.java:2678)
Caused by: org.apache.hadoop.hdfs.server.namenode.SafeModeException: Cannot renew lease for DFSClient_NONMAPREDUCE_-683328404_1. Name node is in safe mode.
The reported blocks 137 has reached the threshold 0.9990 of total blocks 137. The number of live datanodes 3 has reached the minimum number 0. In safe mode extension. Safe mode will be turned off automatically in 13 seconds. NamenodeHostName:node-0-link-0
	at org.apache.hadoop.hdfs.server.namenode.FSNamesystem.newSafemodeException(FSNamesystem.java:1450)
	at org.apache.hadoop.hdfs.server.namenode.FSNamesystem.checkNameNodeSafeMode(FSNamesystem.java:1437)
	... 12 more
, while invoking ClientNamenodeProtocolTranslatorPB.renewLease over node-0-link-0/10.10.1.1:8020. Retrying after sleeping for 11814ms.
2019-02-24 15:38:12,105 INFO retry.RetryInvocationHandler: org.apache.hadoop.ipc.RemoteException(org.apache.hadoop.ipc.RetriableException): org.apache.hadoop.hdfs.server.namenode.SafeModeException: Cannot add block to /myfile20._COPYING_. Name node is in safe mode.
The reported blocks 137 has reached the threshold 0.9990 of total blocks 137. The number of live datanodes 3 has reached the minimum number 0. In safe mode extension. Safe mode will be turned off automatically in 10 seconds. NamenodeHostName:node-0-link-0
	at org.apache.hadoop.hdfs.server.namenode.FSNamesystem.checkNameNodeSafeMode(FSNamesystem.java:1441)
	at org.apache.hadoop.hdfs.server.namenode.FSDirWriteFileOp.analyzeFileState(FSDirWriteFileOp.java:591)
	at org.apache.hadoop.hdfs.server.namenode.FSDirWriteFileOp.validateAddBlock(FSDirWriteFileOp.java:172)
	at org.apache.hadoop.hdfs.server.namenode.FSNamesystem.getAdditionalBlock(FSNamesystem.java:2679)
	at org.apache.hadoop.hdfs.server.namenode.NameNodeRpcServer.addBlock(NameNodeRpcServer.java:875)
	at org.apache.hadoop.hdfs.protocolPB.ClientNamenodeProtocolServerSideTranslatorPB.addBlock(ClientNamenodeProtocolServerSideTranslatorPB.java:561)
	at org.apache.hadoop.hdfs.protocol.proto.ClientNamenodeProtocolProtos$ClientNamenodeProtocol$2.callBlockingMethod(ClientNamenodeProtocolProtos.java)
	at org.apache.hadoop.ipc.ProtobufRpcEngine$Server$ProtoBufRpcInvoker.call(ProtobufRpcEngine.java:523)
	at org.apache.hadoop.ipc.RPC$Server.call(RPC.java:991)
	at org.apache.hadoop.ipc.Server$RpcCall.run(Server.java:872)
	at org.apache.hadoop.ipc.Server$RpcCall.run(Server.java:818)
	at java.security.AccessController.doPrivileged(Native Method)
	at javax.security.auth.Subject.doAs(Subject.java:422)
	at org.apache.hadoop.security.UserGroupInformation.doAs(UserGroupInformation.java:1729)
	at org.apache.hadoop.ipc.Server$Handler.run(Server.java:2678)
Caused by: org.apache.hadoop.hdfs.server.namenode.SafeModeException: Cannot add block to /myfile20._COPYING_. Name node is in safe mode.
The reported blocks 137 has reached the threshold 0.9990 of total blocks 137. The number of live datanodes 3 has reached the minimum number 0. In safe mode extension. Safe mode will be turned off automatically in 10 seconds. NamenodeHostName:node-0-link-0
	at org.apache.hadoop.hdfs.server.namenode.FSNamesystem.newSafemodeException(FSNamesystem.java:1450)
	at org.apache.hadoop.hdfs.server.namenode.FSNamesystem.checkNameNodeSafeMode(FSNamesystem.java:1437)
	... 14 more
, while invoking ClientNamenodeProtocolTranslatorPB.addBlock over node-0-link-0/10.10.1.1:8020 after 1 failover attempts. Retrying after sleeping for 20124ms.
2019-02-24 15:38:20,035 INFO retry.RetryInvocationHandler: org.apache.hadoop.ipc.RemoteException(org.apache.hadoop.ipc.RetriableException): org.apache.hadoop.hdfs.server.namenode.SafeModeException: Cannot renew lease for DFSClient_NONMAPREDUCE_-683328404_1. Name node is in safe mode.
The reported blocks 137 has reached the threshold 0.9990 of total blocks 137. The number of live datanodes 3 has reached the minimum number 0. In safe mode extension. Safe mode will be turned off automatically in 2 seconds. NamenodeHostName:node-0-link-0
	at org.apache.hadoop.hdfs.server.namenode.FSNamesystem.checkNameNodeSafeMode(FSNamesystem.java:1441)
	at org.apache.hadoop.hdfs.server.namenode.FSNamesystem.renewLease(FSNamesystem.java:3744)
	at org.apache.hadoop.hdfs.server.namenode.NameNodeRpcServer.renewLease(NameNodeRpcServer.java:1134)
	at org.apache.hadoop.hdfs.protocolPB.ClientNamenodeProtocolServerSideTranslatorPB.renewLease(ClientNamenodeProtocolServerSideTranslatorPB.java:737)
	at org.apache.hadoop.hdfs.protocol.proto.ClientNamenodeProtocolProtos$ClientNamenodeProtocol$2.callBlockingMethod(ClientNamenodeProtocolProtos.java)
	at org.apache.hadoop.ipc.ProtobufRpcEngine$Server$ProtoBufRpcInvoker.call(ProtobufRpcEngine.java:523)
	at org.apache.hadoop.ipc.RPC$Server.call(RPC.java:991)
	at org.apache.hadoop.ipc.Server$RpcCall.run(Server.java:872)
	at org.apache.hadoop.ipc.Server$RpcCall.run(Server.java:818)
	at java.security.AccessController.doPrivileged(Native Method)
	at javax.security.auth.Subject.doAs(Subject.java:422)
	at org.apache.hadoop.security.UserGroupInformation.doAs(UserGroupInformation.java:1729)
	at org.apache.hadoop.ipc.Server$Handler.run(Server.java:2678)
Caused by: org.apache.hadoop.hdfs.server.namenode.SafeModeException: Cannot renew lease for DFSClient_NONMAPREDUCE_-683328404_1. Name node is in safe mode.
The reported blocks 137 has reached the threshold 0.9990 of total blocks 137. The number of live datanodes 3 has reached the minimum number 0. In safe mode extension. Safe mode will be turned off automatically in 2 seconds. NamenodeHostName:node-0-link-0
	at org.apache.hadoop.hdfs.server.namenode.FSNamesystem.newSafemodeException(FSNamesystem.java:1450)
	at org.apache.hadoop.hdfs.server.namenode.FSNamesystem.checkNameNodeSafeMode(FSNamesystem.java:1437)
	... 12 more
, while invoking ClientNamenodeProtocolTranslatorPB.renewLease over node-0-link-0/10.10.1.1:8020. Retrying after sleeping for 12838ms.
Found 18 items
-rw-r--r--   3 root supergroup 1073741824 2019-02-24 15:36 /myfile1
-rw-r--r--   3 root supergroup 1073741824 2019-02-24 15:34 /myfile10
-rw-r--r--   3 root supergroup 1073741824 2019-02-24 15:36 /myfile11
-rw-r--r--   3 root supergroup 1073741824 2019-02-24 15:34 /myfile12
-rw-r--r--   3 root supergroup 1073741824 2019-02-24 15:33 /myfile14
-rw-r--r--   3 root supergroup  134217728 2019-02-24 15:38 /myfile16._COPYING_
-rw-r--r--   3 root supergroup 1073741824 2019-02-24 15:38 /myfile17
-rw-r--r--   3 root supergroup 1073741824 2019-02-24 15:36 /myfile18
-rw-r--r--   3 root supergroup 1073741824 2019-02-24 15:34 /myfile19
-rw-r--r--   3 root supergroup 1073741824 2019-02-24 15:38 /myfile2
-rw-r--r--   3 root supergroup 1073741824 2019-02-24 15:38 /myfile20
-rw-r--r--   3 root supergroup  134217728 2019-02-24 15:37 /myfile3._COPYING_
-rw-r--r--   3 root supergroup 1073741824 2019-02-24 15:34 /myfile4
-rw-r--r--   3 root supergroup 1073741824 2019-02-24 15:36 /myfile5
-rw-r--r--   3 root supergroup 1073741824 2019-02-24 15:36 /myfile6
-rw-r--r--   3 root supergroup 1073741824 2019-02-24 15:36 /myfile7
-rw-r--r--   3 root supergroup 1073741824 2019-02-24 15:36 /myfile8
-rw-r--r--   3 root supergroup 1073741824 2019-02-24 15:37 /myfile9
file 20 has been put into HDFS
file 20 has been read from HDFS for 1 time
diff succeed!
file 20 has been read from HDFS for 2 time
diff succeed!
file 20 has been read from HDFS for 3 time
diff succeed!
file 20 has been read from HDFS for 4 time
diff succeed!
file 20 has been read from HDFS for 5 time
diff succeed!
file 20 has been read from HDFS for 6 time
diff succeed!
file 20 has been read from HDFS for 7 time
diff succeed!
file 20 has been read from HDFS for 8 time
diff succeed!
file 20 has been read from HDFS for 9 time
diff succeed!
file 20 has been read from HDFS for 10 time
diff succeed!
Deleted /myfile20
file 20 has been removed from HDFS
Found 16 items
-rw-r--r--   3 root supergroup 1073741824 2019-02-24 15:40 /myfile1
-rw-r--r--   3 root supergroup 1073741824 2019-02-24 15:39 /myfile10
-rw-r--r--   3 root supergroup 1073741824 2019-02-24 15:40 /myfile11
-rw-r--r--   3 root supergroup  536870912 2019-02-24 15:42 /myfile12._COPYING_
-rw-r--r--   3 root supergroup 1073741824 2019-02-24 15:38 /myfile14
-rw-r--r--   3 root supergroup 1073741824 2019-02-24 15:42 /myfile15
-rw-r--r--   3 root supergroup 1073741824 2019-02-24 15:38 /myfile16
-rw-r--r--   3 root supergroup 1073741824 2019-02-24 15:42 /myfile18
-rw-r--r--   3 root supergroup 1073741824 2019-02-24 15:39 /myfile19
-rw-r--r--   3 root supergroup 1073741824 2019-02-24 15:42 /myfile20
-rw-r--r--   3 root supergroup 1073741824 2019-02-24 15:38 /myfile3
-rw-r--r--   3 root supergroup 1073741824 2019-02-24 15:40 /myfile5
-rw-r--r--   3 root supergroup 1073741824 2019-02-24 15:40 /myfile6
-rw-r--r--   3 root supergroup 1073741824 2019-02-24 15:40 /myfile7
-rw-r--r--   3 root supergroup 1073741824 2019-02-24 15:40 /myfile8
-rw-r--r--   3 root supergroup 1073741824 2019-02-24 15:41 /myfile9
file 20 has been put into HDFS
file 20 has been read from HDFS for 1 time
diff succeed!
file 20 has been read from HDFS for 2 time
diff succeed!
file 20 has been read from HDFS for 3 time
diff succeed!
file 20 has been read from HDFS for 4 time
diff succeed!
file 20 has been read from HDFS for 5 time
diff succeed!
file 20 has been read from HDFS for 6 time
diff succeed!
file 20 has been read from HDFS for 7 time
diff succeed!
file 20 has been read from HDFS for 8 time
diff succeed!
file 20 has been read from HDFS for 9 time
diff succeed!
file 20 has been read from HDFS for 10 time
diff succeed!
Deleted /myfile20
file 20 has been removed from HDFS
Found 20 items
-rw-r--r--   3 root supergroup 1073741824 2019-02-24 15:44 /myfile1
-rw-r--r--   3 root supergroup 1073741824 2019-02-24 15:44 /myfile10
-rw-r--r--   3 root supergroup 1073741824 2019-02-24 15:45 /myfile11
-rw-r--r--   3 root supergroup 1073741824 2019-02-24 15:42 /myfile12
-rw-r--r--   3 root supergroup 1073741824 2019-02-24 15:42 /myfile13
-rw-r--r--   3 root supergroup 1073741824 2019-02-24 15:43 /myfile14
-rw-r--r--   3 root supergroup  536870912 2019-02-24 15:46 /myfile15._COPYING_
-rw-r--r--   3 root supergroup 1073741824 2019-02-24 15:43 /myfile16
-rw-r--r--   3 root supergroup  268435456 2019-02-24 15:46 /myfile17._COPYING_
-rw-r--r--   3 root supergroup 1073741824 2019-02-24 15:46 /myfile18
-rw-r--r--   3 root supergroup 1073741824 2019-02-24 15:44 /myfile19
-rw-r--r--   3 root supergroup  268435456 2019-02-24 15:46 /myfile2._COPYING_
-rw-r--r--   3 root supergroup 1073741824 2019-02-24 15:46 /myfile20
-rw-r--r--   3 root supergroup 1073741824 2019-02-24 15:43 /myfile3
-rw-r--r--   3 root supergroup 1073741824 2019-02-24 15:42 /myfile4
-rw-r--r--   3 root supergroup 1073741824 2019-02-24 15:45 /myfile5
-rw-r--r--   3 root supergroup 1073741824 2019-02-24 15:45 /myfile6
-rw-r--r--   3 root supergroup 1073741824 2019-02-24 15:45 /myfile7
-rw-r--r--   3 root supergroup 1073741824 2019-02-24 15:45 /myfile8
-rw-r--r--   3 root supergroup 1073741824 2019-02-24 15:45 /myfile9
file 20 has been put into HDFS
file 20 has been read from HDFS for 1 time
diff succeed!
file 20 has been read from HDFS for 2 time
diff succeed!
file 20 has been read from HDFS for 3 time
diff succeed!
file 20 has been read from HDFS for 4 time
diff succeed!
file 20 has been read from HDFS for 5 time
diff succeed!
file 20 has been read from HDFS for 6 time
diff succeed!
file 20 has been read from HDFS for 7 time
diff succeed!
file 20 has been read from HDFS for 8 time
diff succeed!
file 20 has been read from HDFS for 9 time
diff succeed!
file 20 has been read from HDFS for 10 time
diff succeed!
Deleted /myfile20
file 20 has been removed from HDFS
Found 19 items
-rw-r--r--   3 root supergroup 1073741824 2019-02-24 15:49 /myfile1
-rw-r--r--   3 root supergroup 1073741824 2019-02-24 15:48 /myfile10
-rw-r--r--   3 root supergroup 1073741824 2019-02-24 15:49 /myfile11
-rw-r--r--   3 root supergroup  939524096 2019-02-24 15:51 /myfile13._COPYING_
-rw-r--r--   3 root supergroup 1073741824 2019-02-24 15:48 /myfile14
-rw-r--r--   3 root supergroup 1073741824 2019-02-24 15:51 /myfile15
-rw-r--r--   3 root supergroup  671088640 2019-02-24 15:51 /myfile16._COPYING_
-rw-r--r--   3 root supergroup 1073741824 2019-02-24 15:51 /myfile17
-rw-r--r--   3 root supergroup 1073741824 2019-02-24 15:50 /myfile18
-rw-r--r--   3 root supergroup 1073741824 2019-02-24 15:48 /myfile19
-rw-r--r--   3 root supergroup 1073741824 2019-02-24 15:51 /myfile2
-rw-r--r--   3 root supergroup 1073741824 2019-02-24 15:51 /myfile20
-rw-r--r--   3 root supergroup  805306368 2019-02-24 15:51 /myfile3._COPYING_
-rw-r--r--   3 root supergroup  268435456 2019-02-24 15:51 /myfile4._COPYING_
-rw-r--r--   3 root supergroup 1073741824 2019-02-24 15:49 /myfile5
-rw-r--r--   3 root supergroup 1073741824 2019-02-24 15:49 /myfile6
-rw-r--r--   3 root supergroup 1073741824 2019-02-24 15:49 /myfile7
-rw-r--r--   3 root supergroup 1073741824 2019-02-24 15:50 /myfile8
-rw-r--r--   3 root supergroup 1073741824 2019-02-24 15:50 /myfile9
file 20 has been put into HDFS
file 20 has been read from HDFS for 1 time
diff succeed!
file 20 has been read from HDFS for 2 time
diff succeed!
file 20 has been read from HDFS for 3 time
diff succeed!
file 20 has been read from HDFS for 4 time
diff succeed!
file 20 has been read from HDFS for 5 time
diff succeed!
file 20 has been read from HDFS for 6 time
diff succeed!
file 20 has been read from HDFS for 7 time
diff succeed!
file 20 has been read from HDFS for 8 time
diff succeed!
file 20 has been read from HDFS for 9 time
diff succeed!
file 20 has been read from HDFS for 10 time
diff succeed!
Deleted /myfile20
file 20 has been removed from HDFS
Found 20 items
-rw-r--r--   3 root supergroup 1073741824 2019-02-24 15:54 /myfile1
-rw-r--r--   3 root supergroup 1073741824 2019-02-24 15:52 /myfile10
-rw-r--r--   3 root supergroup 1073741824 2019-02-24 15:53 /myfile11
-rw-r--r--   3 root supergroup  939524096 2019-02-24 15:56 /myfile12._COPYING_
-rw-r--r--   3 root supergroup 1073741824 2019-02-24 15:56 /myfile13
-rw-r--r--   3 root supergroup 1073741824 2019-02-24 15:56 /myfile14
-rw-r--r--   3 root supergroup 1073741824 2019-02-24 15:55 /myfile15
-rw-r--r--   3 root supergroup 1073741824 2019-02-24 15:56 /myfile16
-rw-r--r--   3 root supergroup 1073741824 2019-02-24 15:55 /myfile17
-rw-r--r--   3 root supergroup 1073741824 2019-02-24 15:54 /myfile18
-rw-r--r--   3 root supergroup 1073741824 2019-02-24 15:52 /myfile19
-rw-r--r--   3 root supergroup 1073741824 2019-02-24 15:56 /myfile2
-rw-r--r--   3 root supergroup 1073741824 2019-02-24 15:56 /myfile20
-rw-r--r--   3 root supergroup 1073741824 2019-02-24 15:56 /myfile3
-rw-r--r--   3 root supergroup 1073741824 2019-02-24 15:56 /myfile4
-rw-r--r--   3 root supergroup 1073741824 2019-02-24 15:54 /myfile5
-rw-r--r--   3 root supergroup 1073741824 2019-02-24 15:54 /myfile6
-rw-r--r--   3 root supergroup 1073741824 2019-02-24 15:54 /myfile7
-rw-r--r--   3 root supergroup 1073741824 2019-02-24 15:54 /myfile8
-rw-r--r--   3 root supergroup 1073741824 2019-02-24 15:54 /myfile9
file 20 has been put into HDFS
file 20 has been read from HDFS for 1 time
diff succeed!
file 20 has been read from HDFS for 2 time
diff succeed!
file 20 has been read from HDFS for 3 time
diff succeed!
file 20 has been read from HDFS for 4 time
diff succeed!
file 20 has been read from HDFS for 5 time
diff succeed!
file 20 has been read from HDFS for 6 time
diff succeed!
file 20 has been read from HDFS for 7 time
diff succeed!
file 20 has been read from HDFS for 8 time
diff succeed!
file 20 has been read from HDFS for 9 time
diff succeed!
sub_benchmark 9 signal TERM catched and let quit gracefully
Deleted /myfile20
file 20 has been removed from HDFS
