2019-02-19 02:35:49,935 INFO retry.RetryInvocationHandler: java.net.ConnectException: Call From clnode090.clemson.cloudlab.us/130.127.133.99 to node-0-link-0:8020 failed on connection exception: java.net.ConnectException: Connection refused; For more details see:  http://wiki.apache.org/hadoop/ConnectionRefused, while invoking ClientNamenodeProtocolTranslatorPB.renewLease over node-0-link-0/10.10.1.1:8020. Trying to failover immediately.
2019-02-19 02:35:49,941 INFO retry.RetryInvocationHandler: org.apache.hadoop.ipc.RemoteException(org.apache.hadoop.ipc.StandbyException): Operation category WRITE is not supported in state standby. Visit https://s.apache.org/sbnn-error
	at org.apache.hadoop.hdfs.server.namenode.ha.StandbyState.checkOperation(StandbyState.java:88)
	at org.apache.hadoop.hdfs.server.namenode.NameNode$NameNodeHAContext.checkOperation(NameNode.java:1952)
	at org.apache.hadoop.hdfs.server.namenode.FSNamesystem.checkOperation(FSNamesystem.java:1423)
	at org.apache.hadoop.hdfs.server.namenode.FSNamesystem.renewLease(FSNamesystem.java:3740)
	at org.apache.hadoop.hdfs.server.namenode.NameNodeRpcServer.renewLease(NameNodeRpcServer.java:1134)
	at org.apache.hadoop.hdfs.protocolPB.ClientNamenodeProtocolServerSideTranslatorPB.renewLease(ClientNamenodeProtocolServerSideTranslatorPB.java:737)
	at org.apache.hadoop.hdfs.protocol.proto.ClientNamenodeProtocolProtos$ClientNamenodeProtocol$2.callBlockingMethod(ClientNamenodeProtocolProtos.java)
	at org.apache.hadoop.ipc.ProtobufRpcEngine$Server$ProtoBufRpcInvoker.call(ProtobufRpcEngine.java:523)
	at org.apache.hadoop.ipc.RPC$Server.call(RPC.java:991)
	at org.apache.hadoop.ipc.Server$RpcCall.run(Server.java:872)
	at org.apache.hadoop.ipc.Server$RpcCall.run(Server.java:818)
	at java.security.AccessController.doPrivileged(Native Method)
	at javax.security.auth.Subject.doAs(Subject.java:422)
	at org.apache.hadoop.security.UserGroupInformation.doAs(UserGroupInformation.java:1729)
	at org.apache.hadoop.ipc.Server$Handler.run(Server.java:2678)
, while invoking ClientNamenodeProtocolTranslatorPB.renewLease over node-1-link-0/10.10.1.4:8020 after 1 failover attempts. Trying to failover after sleeping for 809ms.
2019-02-19 02:35:50,752 INFO retry.RetryInvocationHandler: java.net.ConnectException: Call From clnode090.clemson.cloudlab.us/130.127.133.99 to node-0-link-0:8020 failed on connection exception: java.net.ConnectException: Connection refused; For more details see:  http://wiki.apache.org/hadoop/ConnectionRefused, while invoking ClientNamenodeProtocolTranslatorPB.renewLease over node-0-link-0/10.10.1.1:8020 after 2 failover attempts. Trying to failover after sleeping for 2798ms.
Found 20 items
-rw-r--r--   3 root supergroup 1073741824 2019-02-19 02:35 /myfile1
-rw-r--r--   3 root supergroup 1073741824 2019-02-19 02:35 /myfile10
-rw-r--r--   3 root supergroup 1073741824 2019-02-19 02:35 /myfile11
-rw-r--r--   3 root supergroup 1073741824 2019-02-19 02:35 /myfile12
-rw-r--r--   3 root supergroup 1073741824 2019-02-19 02:35 /myfile13
-rw-r--r--   3 root supergroup 1073741824 2019-02-19 02:35 /myfile14
-rw-r--r--   3 root supergroup 1073741824 2019-02-19 02:35 /myfile15
-rw-r--r--   3 root supergroup 1073741824 2019-02-19 02:35 /myfile16
-rw-r--r--   3 root supergroup 1073741824 2019-02-19 02:35 /myfile17
-rw-r--r--   3 root supergroup 1073741824 2019-02-19 02:35 /myfile18
-rw-r--r--   3 root supergroup 1073741824 2019-02-19 02:35 /myfile19
-rw-r--r--   3 root supergroup 1073741824 2019-02-19 02:35 /myfile2
-rw-r--r--   3 root supergroup 1073741824 2019-02-19 02:35 /myfile20
-rw-r--r--   3 root supergroup 1073741824 2019-02-19 02:35 /myfile3
-rw-r--r--   3 root supergroup 1073741824 2019-02-19 02:35 /myfile4
-rw-r--r--   3 root supergroup 1073741824 2019-02-19 02:35 /myfile5
-rw-r--r--   3 root supergroup 1073741824 2019-02-19 02:35 /myfile6
-rw-r--r--   3 root supergroup 1073741824 2019-02-19 02:35 /myfile7
-rw-r--r--   3 root supergroup 1073741824 2019-02-19 02:35 /myfile8
-rw-r--r--   3 root supergroup 1073741824 2019-02-19 02:35 /myfile9
file 13 has been put into HDFS
file 13 has been read from HDFS for 1 time
diff succeed!
file 13 has been read from HDFS for 2 time
diff succeed!
file 13 has been read from HDFS for 3 time
diff succeed!
file 13 has been read from HDFS for 4 time
diff succeed!
file 13 has been read from HDFS for 5 time
diff succeed!
file 13 has been read from HDFS for 6 time
diff succeed!
file 13 has been read from HDFS for 7 time
diff succeed!
file 13 has been read from HDFS for 8 time
diff succeed!
file 13 has been read from HDFS for 9 time
diff succeed!
file 13 has been read from HDFS for 10 time
diff succeed!
Deleted /myfile13
file 13 has been removed from HDFS
Found 19 items
-rw-r--r--   3 root supergroup  671088640 2019-02-19 02:39 /myfile1._COPYING_
-rw-r--r--   3 root supergroup 1073741824 2019-02-19 02:39 /myfile10
-rw-r--r--   3 root supergroup 1073741824 2019-02-19 02:39 /myfile11
-rw-r--r--   3 root supergroup 1073741824 2019-02-19 02:39 /myfile12
-rw-r--r--   3 root supergroup 1073741824 2019-02-19 02:39 /myfile13
-rw-r--r--   3 root supergroup 1073741824 2019-02-19 02:39 /myfile14
-rw-r--r--   3 root supergroup 1073741824 2019-02-19 02:39 /myfile15
-rw-r--r--   3 root supergroup 1073741824 2019-02-19 02:39 /myfile17
-rw-r--r--   3 root supergroup 1073741824 2019-02-19 02:39 /myfile18
-rw-r--r--   3 root supergroup 1073741824 2019-02-19 02:39 /myfile19
-rw-r--r--   3 root supergroup 1073741824 2019-02-19 02:39 /myfile2
-rw-r--r--   3 root supergroup 1073741824 2019-02-19 02:39 /myfile20
-rw-r--r--   3 root supergroup 1073741824 2019-02-19 02:39 /myfile3
-rw-r--r--   3 root supergroup  536870912 2019-02-19 02:39 /myfile4._COPYING_
-rw-r--r--   3 root supergroup 1073741824 2019-02-19 02:40 /myfile5
-rw-r--r--   3 root supergroup 1073741824 2019-02-19 02:39 /myfile6
-rw-r--r--   3 root supergroup 1073741824 2019-02-19 02:39 /myfile7
-rw-r--r--   3 root supergroup 1073741824 2019-02-19 02:39 /myfile8
-rw-r--r--   3 root supergroup 1073741824 2019-02-19 02:39 /myfile9
file 13 has been put into HDFS
file 13 has been read from HDFS for 1 time
diff succeed!
file 13 has been read from HDFS for 2 time
diff succeed!
file 13 has been read from HDFS for 3 time
diff succeed!
file 13 has been read from HDFS for 4 time
diff succeed!
file 13 has been read from HDFS for 5 time
diff succeed!
file 13 has been read from HDFS for 6 time
diff succeed!
file 13 has been read from HDFS for 7 time
diff succeed!
file 13 has been read from HDFS for 8 time
diff succeed!
file 13 has been read from HDFS for 9 time
diff succeed!
file 13 has been read from HDFS for 10 time
diff succeed!
Deleted /myfile13
file 13 has been removed from HDFS
Found 20 items
-rw-r--r--   3 root supergroup 1073741824 2019-02-19 02:43 /myfile1
-rw-r--r--   3 root supergroup 1073741824 2019-02-19 02:43 /myfile10
-rw-r--r--   3 root supergroup 1073741824 2019-02-19 02:44 /myfile11
-rw-r--r--   3 root supergroup 1073741824 2019-02-19 02:44 /myfile12
-rw-r--r--   3 root supergroup 1073741824 2019-02-19 02:44 /myfile13
-rw-r--r--   3 root supergroup 1073741824 2019-02-19 02:44 /myfile14
-rw-r--r--   3 root supergroup 1073741824 2019-02-19 02:43 /myfile15
-rw-r--r--   3 root supergroup 1073741824 2019-02-19 02:44 /myfile16
-rw-r--r--   3 root supergroup 1073741824 2019-02-19 02:44 /myfile17
-rw-r--r--   3 root supergroup 1073741824 2019-02-19 02:43 /myfile18
-rw-r--r--   3 root supergroup 1073741824 2019-02-19 02:44 /myfile19
-rw-r--r--   3 root supergroup 1073741824 2019-02-19 02:43 /myfile2
-rw-r--r--   3 root supergroup 1073741824 2019-02-19 02:44 /myfile20
-rw-r--r--   3 root supergroup 1073741824 2019-02-19 02:43 /myfile3
-rw-r--r--   3 root supergroup 1073741824 2019-02-19 02:44 /myfile4
-rw-r--r--   3 root supergroup 1073741824 2019-02-19 02:44 /myfile5
-rw-r--r--   3 root supergroup 1073741824 2019-02-19 02:43 /myfile6
-rw-r--r--   3 root supergroup 1073741824 2019-02-19 02:44 /myfile7
-rw-r--r--   3 root supergroup 1073741824 2019-02-19 02:43 /myfile8
-rw-r--r--   3 root supergroup 1073741824 2019-02-19 02:43 /myfile9
file 13 has been put into HDFS
file 13 has been read from HDFS for 1 time
diff succeed!
file 13 has been read from HDFS for 2 time
diff succeed!
file 13 has been read from HDFS for 3 time
diff succeed!
file 13 has been read from HDFS for 4 time
diff succeed!
file 13 has been read from HDFS for 5 time
diff succeed!
file 13 has been read from HDFS for 6 time
diff succeed!
file 13 has been read from HDFS for 7 time
diff succeed!
file 13 has been read from HDFS for 8 time
diff succeed!
file 13 has been read from HDFS for 9 time
diff succeed!
file 13 has been read from HDFS for 10 time
diff succeed!
Deleted /myfile13
file 13 has been removed from HDFS
Found 20 items
-rw-r--r--   3 root supergroup 1073741824 2019-02-19 02:47 /myfile1
-rw-r--r--   3 root supergroup 1073741824 2019-02-19 02:47 /myfile10
-rw-r--r--   3 root supergroup 1073741824 2019-02-19 02:47 /myfile11
-rw-r--r--   3 root supergroup 1073741824 2019-02-19 02:47 /myfile12
-rw-r--r--   3 root supergroup 1073741824 2019-02-19 02:48 /myfile13
-rw-r--r--   3 root supergroup 1073741824 2019-02-19 02:47 /myfile14
-rw-r--r--   3 root supergroup 1073741824 2019-02-19 02:47 /myfile15
-rw-r--r--   3 root supergroup 1073741824 2019-02-19 02:48 /myfile16
-rw-r--r--   3 root supergroup 1073741824 2019-02-19 02:47 /myfile17
-rw-r--r--   3 root supergroup 1073741824 2019-02-19 02:47 /myfile18
-rw-r--r--   3 root supergroup 1073741824 2019-02-19 02:48 /myfile19
-rw-r--r--   3 root supergroup 1073741824 2019-02-19 02:47 /myfile2
-rw-r--r--   3 root supergroup 1073741824 2019-02-19 02:48 /myfile20
-rw-r--r--   3 root supergroup 1073741824 2019-02-19 02:47 /myfile3
-rw-r--r--   3 root supergroup 1073741824 2019-02-19 02:48 /myfile4
-rw-r--r--   3 root supergroup 1073741824 2019-02-19 02:48 /myfile5
-rw-r--r--   3 root supergroup 1073741824 2019-02-19 02:47 /myfile6
-rw-r--r--   3 root supergroup 1073741824 2019-02-19 02:48 /myfile7
-rw-r--r--   3 root supergroup 1073741824 2019-02-19 02:47 /myfile8
-rw-r--r--   3 root supergroup 1073741824 2019-02-19 02:47 /myfile9
file 13 has been put into HDFS
file 13 has been read from HDFS for 1 time
diff succeed!
file 13 has been read from HDFS for 2 time
diff succeed!
file 13 has been read from HDFS for 3 time
diff succeed!
file 13 has been read from HDFS for 4 time
diff succeed!
file 13 has been read from HDFS for 5 time
diff succeed!
file 13 has been read from HDFS for 6 time
diff succeed!
file 13 has been read from HDFS for 7 time
diff succeed!
file 13 has been read from HDFS for 8 time
diff succeed!
file 13 has been read from HDFS for 9 time
diff succeed!
file 13 has been read from HDFS for 10 time
diff succeed!
Deleted /myfile13
file 13 has been removed from HDFS
Found 20 items
-rw-r--r--   3 root supergroup 1073741824 2019-02-19 02:52 /myfile1
-rw-r--r--   3 root supergroup 1073741824 2019-02-19 02:51 /myfile10
-rw-r--r--   3 root supergroup 1073741824 2019-02-19 02:51 /myfile11
-rw-r--r--   3 root supergroup 1073741824 2019-02-19 02:52 /myfile12
-rw-r--r--   3 root supergroup 1073741824 2019-02-19 02:52 /myfile13
-rw-r--r--   3 root supergroup 1073741824 2019-02-19 02:52 /myfile14
-rw-r--r--   3 root supergroup 1073741824 2019-02-19 02:51 /myfile15
-rw-r--r--   3 root supergroup 1073741824 2019-02-19 02:52 /myfile16
-rw-r--r--   3 root supergroup 1073741824 2019-02-19 02:51 /myfile17
-rw-r--r--   3 root supergroup 1073741824 2019-02-19 02:51 /myfile18
-rw-r--r--   3 root supergroup 1073741824 2019-02-19 02:52 /myfile19
-rw-r--r--   3 root supergroup 1073741824 2019-02-19 02:51 /myfile2
-rw-r--r--   3 root supergroup 1073741824 2019-02-19 02:52 /myfile20
-rw-r--r--   3 root supergroup 1073741824 2019-02-19 02:51 /myfile3
-rw-r--r--   3 root supergroup 1073741824 2019-02-19 02:52 /myfile4
-rw-r--r--   3 root supergroup 1073741824 2019-02-19 02:52 /myfile5
-rw-r--r--   3 root supergroup 1073741824 2019-02-19 02:51 /myfile6
-rw-r--r--   3 root supergroup 1073741824 2019-02-19 02:52 /myfile7
-rw-r--r--   3 root supergroup 1073741824 2019-02-19 02:51 /myfile8
-rw-r--r--   3 root supergroup 1073741824 2019-02-19 02:51 /myfile9
file 13 has been put into HDFS
file 13 has been read from HDFS for 1 time
diff succeed!
file 13 has been read from HDFS for 2 time
diff succeed!
file 13 has been read from HDFS for 3 time
diff succeed!
file 13 has been read from HDFS for 4 time
diff succeed!
file 13 has been read from HDFS for 5 time
diff succeed!
file 13 has been read from HDFS for 6 time
diff succeed!
file 13 has been read from HDFS for 7 time
diff succeed!
file 13 has been read from HDFS for 8 time
diff succeed!
file 13 has been read from HDFS for 9 time
diff succeed!
file 13 has been read from HDFS for 10 time
diff succeed!
Deleted /myfile13
file 13 has been removed from HDFS
2019-02-19 02:57:30,827 INFO retry.RetryInvocationHandler: java.net.ConnectException: Call From clnode090.clemson.cloudlab.us/130.127.133.99 to node-1-link-0:8020 failed on connection exception: java.net.ConnectException: Connection refused; For more details see:  http://wiki.apache.org/hadoop/ConnectionRefused, while invoking ClientNamenodeProtocolTranslatorPB.getFileInfo over node-1-link-0/10.10.1.4:8020 after 1 failover attempts. Trying to failover after sleeping for 890ms.
Found 20 items
-rw-r--r--   3 root supergroup 1073741824 2019-02-19 02:56 /myfile1
-rw-r--r--   3 root supergroup 1073741824 2019-02-19 02:55 /myfile10
-rw-r--r--   3 root supergroup 1073741824 2019-02-19 02:55 /myfile11
-rw-r--r--   3 root supergroup 1073741824 2019-02-19 02:57 /myfile12
-rw-r--r--   3 root supergroup 1073741824 2019-02-19 02:57 /myfile13
-rw-r--r--   3 root supergroup 1073741824 2019-02-19 02:56 /myfile14
-rw-r--r--   3 root supergroup 1073741824 2019-02-19 02:55 /myfile15
-rw-r--r--   3 root supergroup 1073741824 2019-02-19 02:57 /myfile16
-rw-r--r--   3 root supergroup 1073741824 2019-02-19 02:55 /myfile17
-rw-r--r--   3 root supergroup 1073741824 2019-02-19 02:55 /myfile18
-rw-r--r--   3 root supergroup 1073741824 2019-02-19 02:57 /myfile19
-rw-r--r--   3 root supergroup 1073741824 2019-02-19 02:55 /myfile2
-rw-r--r--   3 root supergroup 1073741824 2019-02-19 02:57 /myfile20
-rw-r--r--   3 root supergroup 1073741824 2019-02-19 02:55 /myfile3
-rw-r--r--   3 root supergroup 1073741824 2019-02-19 02:57 /myfile4
-rw-r--r--   3 root supergroup  939524096 2019-02-19 02:56 /myfile5._COPYING_
-rw-r--r--   3 root supergroup 1073741824 2019-02-19 02:55 /myfile6
-rw-r--r--   3 root supergroup 1073741824 2019-02-19 02:57 /myfile7
-rw-r--r--   3 root supergroup 1073741824 2019-02-19 02:55 /myfile8
-rw-r--r--   3 root supergroup 1073741824 2019-02-19 02:55 /myfile9
file 13 has been put into HDFS
file 13 has been read from HDFS for 1 time
diff succeed!
file 13 has been read from HDFS for 2 time
diff succeed!
file 13 has been read from HDFS for 3 time
diff succeed!
file 13 has been read from HDFS for 4 time
diff succeed!
file 13 has been read from HDFS for 5 time
diff succeed!
file 13 has been read from HDFS for 6 time
diff succeed!
file 13 has been read from HDFS for 7 time
diff succeed!
file 13 has been read from HDFS for 8 time
diff succeed!
file 13 has been read from HDFS for 9 time
diff succeed!
file 13 has been read from HDFS for 10 time
diff succeed!
Deleted /myfile13
file 13 has been removed from HDFS
Found 20 items
-rw-r--r--   3 root supergroup 1073741824 2019-02-19 03:00 /myfile1
-rw-r--r--   3 root supergroup 1073741824 2019-02-19 02:59 /myfile10
-rw-r--r--   3 root supergroup 1073741824 2019-02-19 03:00 /myfile11
-rw-r--r--   3 root supergroup 1073741824 2019-02-19 03:01 /myfile12
-rw-r--r--   3 root supergroup 1073741824 2019-02-19 03:01 /myfile13
-rw-r--r--   3 root supergroup 1073741824 2019-02-19 03:00 /myfile14
-rw-r--r--   3 root supergroup 1073741824 2019-02-19 02:59 /myfile15
-rw-r--r--   3 root supergroup 1073741824 2019-02-19 03:01 /myfile16
-rw-r--r--   3 root supergroup 1073741824 2019-02-19 02:59 /myfile17
-rw-r--r--   3 root supergroup 1073741824 2019-02-19 02:59 /myfile18
-rw-r--r--   3 root supergroup 1073741824 2019-02-19 03:01 /myfile19
-rw-r--r--   3 root supergroup 1073741824 2019-02-19 02:59 /myfile2
-rw-r--r--   3 root supergroup 1073741824 2019-02-19 03:01 /myfile20
-rw-r--r--   3 root supergroup 1073741824 2019-02-19 02:59 /myfile3
-rw-r--r--   3 root supergroup 1073741824 2019-02-19 03:01 /myfile4
-rw-r--r--   3 root supergroup 1073741824 2019-02-19 03:01 /myfile5
-rw-r--r--   3 root supergroup 1073741824 2019-02-19 03:00 /myfile6
-rw-r--r--   3 root supergroup 1073741824 2019-02-19 03:01 /myfile7
-rw-r--r--   3 root supergroup 1073741824 2019-02-19 02:59 /myfile8
-rw-r--r--   3 root supergroup 1073741824 2019-02-19 02:59 /myfile9
file 13 has been put into HDFS
file 13 has been read from HDFS for 1 time
diff succeed!
file 13 has been read from HDFS for 2 time
diff succeed!
file 13 has been read from HDFS for 3 time
diff succeed!
file 13 has been read from HDFS for 4 time
diff succeed!
file 13 has been read from HDFS for 5 time
diff succeed!
file 13 has been read from HDFS for 6 time
diff succeed!
file 13 has been read from HDFS for 7 time
diff succeed!
file 13 has been read from HDFS for 8 time
diff succeed!
file 13 has been read from HDFS for 9 time
diff succeed!
file 13 has been read from HDFS for 10 time
diff succeed!
Deleted /myfile13
file 13 has been removed from HDFS
Found 20 items
-rw-r--r--   3 root supergroup 1073741824 2019-02-19 03:04 /myfile1
-rw-r--r--   3 root supergroup 1073741824 2019-02-19 03:03 /myfile10
-rw-r--r--   3 root supergroup 1073741824 2019-02-19 03:04 /myfile11
-rw-r--r--   3 root supergroup 1073741824 2019-02-19 03:06 /myfile12
-rw-r--r--   3 root supergroup 1073741824 2019-02-19 03:06 /myfile13
-rw-r--r--   3 root supergroup 1073741824 2019-02-19 03:04 /myfile14
-rw-r--r--   3 root supergroup 1073741824 2019-02-19 03:04 /myfile15
-rw-r--r--   3 root supergroup 1073741824 2019-02-19 03:06 /myfile16
-rw-r--r--   3 root supergroup 1073741824 2019-02-19 03:03 /myfile17
-rw-r--r--   3 root supergroup 1073741824 2019-02-19 03:03 /myfile18
-rw-r--r--   3 root supergroup 1073741824 2019-02-19 03:06 /myfile19
-rw-r--r--   3 root supergroup 1073741824 2019-02-19 03:03 /myfile2
-rw-r--r--   3 root supergroup 1073741824 2019-02-19 03:06 /myfile20
-rw-r--r--   3 root supergroup 1073741824 2019-02-19 03:03 /myfile3
-rw-r--r--   3 root supergroup 1073741824 2019-02-19 03:06 /myfile4
-rw-r--r--   3 root supergroup 1073741824 2019-02-19 03:06 /myfile5
-rw-r--r--   3 root supergroup 1073741824 2019-02-19 03:03 /myfile6
-rw-r--r--   3 root supergroup 1073741824 2019-02-19 03:06 /myfile7
-rw-r--r--   3 root supergroup 1073741824 2019-02-19 03:03 /myfile8
-rw-r--r--   3 root supergroup 1073741824 2019-02-19 03:03 /myfile9
file 13 has been put into HDFS
file 13 has been read from HDFS for 1 time
diff succeed!
file 13 has been read from HDFS for 2 time
diff succeed!
file 13 has been read from HDFS for 3 time
diff succeed!
file 13 has been read from HDFS for 4 time
diff succeed!
file 13 has been read from HDFS for 5 time
diff succeed!
file 13 has been read from HDFS for 6 time
diff succeed!
file 13 has been read from HDFS for 7 time
diff succeed!
file 13 has been read from HDFS for 8 time
diff succeed!
file 13 has been read from HDFS for 9 time
diff succeed!
file 13 has been read from HDFS for 10 time
diff succeed!
Deleted /myfile13
file 13 has been removed from HDFS
Found 20 items
-rw-r--r--   3 root supergroup 1073741824 2019-02-19 03:08 /myfile1
-rw-r--r--   3 root supergroup 1073741824 2019-02-19 03:07 /myfile10
-rw-r--r--   3 root supergroup 1073741824 2019-02-19 03:09 /myfile11
-rw-r--r--   3 root supergroup 1073741824 2019-02-19 03:10 /myfile12
-rw-r--r--   3 root supergroup 1073741824 2019-02-19 03:10 /myfile13
-rw-r--r--   3 root supergroup 1073741824 2019-02-19 03:09 /myfile14
-rw-r--r--   3 root supergroup 1073741824 2019-02-19 03:08 /myfile15
-rw-r--r--   3 root supergroup 1073741824 2019-02-19 03:10 /myfile16
-rw-r--r--   3 root supergroup 1073741824 2019-02-19 03:07 /myfile17
-rw-r--r--   3 root supergroup 1073741824 2019-02-19 03:07 /myfile18
-rw-r--r--   3 root supergroup 1073741824 2019-02-19 03:10 /myfile19
-rw-r--r--   3 root supergroup 1073741824 2019-02-19 03:07 /myfile2
-rw-r--r--   3 root supergroup 1073741824 2019-02-19 03:10 /myfile20
-rw-r--r--   3 root supergroup 1073741824 2019-02-19 03:07 /myfile3
-rw-r--r--   3 root supergroup 1073741824 2019-02-19 03:10 /myfile4
-rw-r--r--   3 root supergroup 1073741824 2019-02-19 03:10 /myfile5
-rw-r--r--   3 root supergroup 1073741824 2019-02-19 03:07 /myfile6
-rw-r--r--   3 root supergroup 1073741824 2019-02-19 03:10 /myfile7
-rw-r--r--   3 root supergroup 1073741824 2019-02-19 03:07 /myfile8
-rw-r--r--   3 root supergroup 1073741824 2019-02-19 03:07 /myfile9
file 13 has been put into HDFS
file 13 has been read from HDFS for 1 time
diff succeed!
file 13 has been read from HDFS for 2 time
diff succeed!
file 13 has been read from HDFS for 3 time
diff succeed!
file 13 has been read from HDFS for 4 time
diff succeed!
file 13 has been read from HDFS for 5 time
diff succeed!
file 13 has been read from HDFS for 6 time
diff succeed!
file 13 has been read from HDFS for 7 time
diff succeed!
file 13 has been read from HDFS for 8 time
diff succeed!
file 13 has been read from HDFS for 9 time
diff succeed!
file 13 has been read from HDFS for 10 time
diff succeed!
Deleted /myfile13
file 13 has been removed from HDFS
Found 20 items
-rw-r--r--   3 root supergroup 1073741824 2019-02-19 03:13 /myfile1
-rw-r--r--   3 root supergroup 1073741824 2019-02-19 03:12 /myfile10
-rw-r--r--   3 root supergroup 1073741824 2019-02-19 03:13 /myfile11
-rw-r--r--   3 root supergroup 1073741824 2019-02-19 03:14 /myfile12
-rw-r--r--   3 root supergroup 1073741824 2019-02-19 03:14 /myfile13
-rw-r--r--   3 root supergroup 1073741824 2019-02-19 03:13 /myfile14
-rw-r--r--   3 root supergroup 1073741824 2019-02-19 03:13 /myfile15
-rw-r--r--   3 root supergroup 1073741824 2019-02-19 03:14 /myfile16
-rw-r--r--   3 root supergroup 1073741824 2019-02-19 03:12 /myfile17
-rw-r--r--   3 root supergroup 1073741824 2019-02-19 03:12 /myfile18
-rw-r--r--   3 root supergroup 1073741824 2019-02-19 03:14 /myfile19
-rw-r--r--   3 root supergroup 1073741824 2019-02-19 03:12 /myfile2
-rw-r--r--   3 root supergroup 1073741824 2019-02-19 03:14 /myfile20
-rw-r--r--   3 root supergroup 1073741824 2019-02-19 03:12 /myfile3
-rw-r--r--   3 root supergroup 1073741824 2019-02-19 03:14 /myfile4
-rw-r--r--   3 root supergroup 1073741824 2019-02-19 03:14 /myfile5
-rw-r--r--   3 root supergroup 1073741824 2019-02-19 03:12 /myfile6
-rw-r--r--   3 root supergroup 1073741824 2019-02-19 03:14 /myfile7
-rw-r--r--   3 root supergroup 1073741824 2019-02-19 03:12 /myfile8
-rw-r--r--   3 root supergroup 1073741824 2019-02-19 03:12 /myfile9
file 13 has been put into HDFS
file 13 has been read from HDFS for 1 time
diff succeed!
file 13 has been read from HDFS for 2 time
diff succeed!
file 13 has been read from HDFS for 3 time
diff succeed!
file 13 has been read from HDFS for 4 time
diff succeed!
file 13 has been read from HDFS for 5 time
diff succeed!
file 13 has been read from HDFS for 6 time
diff succeed!
file 13 has been read from HDFS for 7 time
diff succeed!
file 13 has been read from HDFS for 8 time
diff succeed!
2019-02-19 03:17:57,538 INFO retry.RetryInvocationHandler: org.apache.hadoop.ipc.RemoteException(org.apache.hadoop.ipc.StandbyException): Operation category READ is not supported in state standby. Visit https://s.apache.org/sbnn-error
	at org.apache.hadoop.hdfs.server.namenode.ha.StandbyState.checkOperation(StandbyState.java:88)
	at org.apache.hadoop.hdfs.server.namenode.NameNode$NameNodeHAContext.checkOperation(NameNode.java:1952)
	at org.apache.hadoop.hdfs.server.namenode.FSNamesystem.checkOperation(FSNamesystem.java:1423)
	at org.apache.hadoop.hdfs.server.namenode.FSNamesystem.getFileInfo(FSNamesystem.java:3085)
	at org.apache.hadoop.hdfs.server.namenode.NameNodeRpcServer.getFileInfo(NameNodeRpcServer.java:1154)
	at org.apache.hadoop.hdfs.protocolPB.ClientNamenodeProtocolServerSideTranslatorPB.getFileInfo(ClientNamenodeProtocolServerSideTranslatorPB.java:966)
	at org.apache.hadoop.hdfs.protocol.proto.ClientNamenodeProtocolProtos$ClientNamenodeProtocol$2.callBlockingMethod(ClientNamenodeProtocolProtos.java)
	at org.apache.hadoop.ipc.ProtobufRpcEngine$Server$ProtoBufRpcInvoker.call(ProtobufRpcEngine.java:523)
	at org.apache.hadoop.ipc.RPC$Server.call(RPC.java:991)
	at org.apache.hadoop.ipc.Server$RpcCall.run(Server.java:872)
	at org.apache.hadoop.ipc.Server$RpcCall.run(Server.java:818)
	at java.security.AccessController.doPrivileged(Native Method)
	at javax.security.auth.Subject.doAs(Subject.java:422)
	at org.apache.hadoop.security.UserGroupInformation.doAs(UserGroupInformation.java:1729)
	at org.apache.hadoop.ipc.Server$Handler.run(Server.java:2678)
, while invoking ClientNamenodeProtocolTranslatorPB.getFileInfo over node-1-link-0/10.10.1.4:8020 after 1 failover attempts. Trying to failover after sleeping for 1165ms.
2019-02-19 03:17:58,706 INFO retry.RetryInvocationHandler: java.net.ConnectException: Call From clnode090.clemson.cloudlab.us/130.127.133.99 to node-0-link-0:8020 failed on connection exception: java.net.ConnectException: Connection refused; For more details see:  http://wiki.apache.org/hadoop/ConnectionRefused, while invoking ClientNamenodeProtocolTranslatorPB.getFileInfo over node-0-link-0/10.10.1.1:8020 after 2 failover attempts. Trying to failover after sleeping for 2209ms.
file 13 has been read from HDFS for 9 time
diff succeed!
file 13 has been read from HDFS for 10 time
diff succeed!
2019-02-19 03:18:42,698 INFO retry.RetryInvocationHandler: org.apache.hadoop.ipc.RemoteException(org.apache.hadoop.ipc.RetriableException): org.apache.hadoop.hdfs.server.namenode.SafeModeException: Cannot delete /myfile13. Name node is in safe mode.
The reported blocks 142 has reached the threshold 0.9990 of total blocks 142. The number of live datanodes 3 has reached the minimum number 0. In safe mode extension. Safe mode will be turned off automatically in 5 seconds. NamenodeHostName:node-0-link-0
	at org.apache.hadoop.hdfs.server.namenode.FSNamesystem.checkNameNodeSafeMode(FSNamesystem.java:1441)
	at org.apache.hadoop.hdfs.server.namenode.FSNamesystem.delete(FSNamesystem.java:2986)
	at org.apache.hadoop.hdfs.server.namenode.NameNodeRpcServer.delete(NameNodeRpcServer.java:1095)
	at org.apache.hadoop.hdfs.protocolPB.ClientNamenodeProtocolServerSideTranslatorPB.delete(ClientNamenodeProtocolServerSideTranslatorPB.java:692)
	at org.apache.hadoop.hdfs.protocol.proto.ClientNamenodeProtocolProtos$ClientNamenodeProtocol$2.callBlockingMethod(ClientNamenodeProtocolProtos.java)
	at org.apache.hadoop.ipc.ProtobufRpcEngine$Server$ProtoBufRpcInvoker.call(ProtobufRpcEngine.java:523)
	at org.apache.hadoop.ipc.RPC$Server.call(RPC.java:991)
	at org.apache.hadoop.ipc.Server$RpcCall.run(Server.java:872)
	at org.apache.hadoop.ipc.Server$RpcCall.run(Server.java:818)
	at java.security.AccessController.doPrivileged(Native Method)
	at javax.security.auth.Subject.doAs(Subject.java:422)
	at org.apache.hadoop.security.UserGroupInformation.doAs(UserGroupInformation.java:1729)
	at org.apache.hadoop.ipc.Server$Handler.run(Server.java:2678)
Caused by: org.apache.hadoop.hdfs.server.namenode.SafeModeException: Cannot delete /myfile13. Name node is in safe mode.
The reported blocks 142 has reached the threshold 0.9990 of total blocks 142. The number of live datanodes 3 has reached the minimum number 0. In safe mode extension. Safe mode will be turned off automatically in 5 seconds. NamenodeHostName:node-0-link-0
	at org.apache.hadoop.hdfs.server.namenode.FSNamesystem.newSafemodeException(FSNamesystem.java:1450)
	at org.apache.hadoop.hdfs.server.namenode.FSNamesystem.checkNameNodeSafeMode(FSNamesystem.java:1437)
	... 12 more
, while invoking ClientNamenodeProtocolTranslatorPB.delete over node-0-link-0/10.10.1.1:8020. Retrying immediately.
2019-02-19 03:18:42,703 INFO retry.RetryInvocationHandler: org.apache.hadoop.ipc.RemoteException(org.apache.hadoop.ipc.RetriableException): org.apache.hadoop.hdfs.server.namenode.SafeModeException: Cannot delete /myfile13. Name node is in safe mode.
The reported blocks 142 has reached the threshold 0.9990 of total blocks 142. The number of live datanodes 3 has reached the minimum number 0. In safe mode extension. Safe mode will be turned off automatically in 5 seconds. NamenodeHostName:node-0-link-0
	at org.apache.hadoop.hdfs.server.namenode.FSNamesystem.checkNameNodeSafeMode(FSNamesystem.java:1441)
	at org.apache.hadoop.hdfs.server.namenode.FSNamesystem.delete(FSNamesystem.java:2986)
	at org.apache.hadoop.hdfs.server.namenode.NameNodeRpcServer.delete(NameNodeRpcServer.java:1095)
	at org.apache.hadoop.hdfs.protocolPB.ClientNamenodeProtocolServerSideTranslatorPB.delete(ClientNamenodeProtocolServerSideTranslatorPB.java:692)
	at org.apache.hadoop.hdfs.protocol.proto.ClientNamenodeProtocolProtos$ClientNamenodeProtocol$2.callBlockingMethod(ClientNamenodeProtocolProtos.java)
	at org.apache.hadoop.ipc.ProtobufRpcEngine$Server$ProtoBufRpcInvoker.call(ProtobufRpcEngine.java:523)
	at org.apache.hadoop.ipc.RPC$Server.call(RPC.java:991)
	at org.apache.hadoop.ipc.Server$RpcCall.run(Server.java:872)
	at org.apache.hadoop.ipc.Server$RpcCall.run(Server.java:818)
	at java.security.AccessController.doPrivileged(Native Method)
	at javax.security.auth.Subject.doAs(Subject.java:422)
	at org.apache.hadoop.security.UserGroupInformation.doAs(UserGroupInformation.java:1729)
	at org.apache.hadoop.ipc.Server$Handler.run(Server.java:2678)
Caused by: org.apache.hadoop.hdfs.server.namenode.SafeModeException: Cannot delete /myfile13. Name node is in safe mode.
The reported blocks 142 has reached the threshold 0.9990 of total blocks 142. The number of live datanodes 3 has reached the minimum number 0. In safe mode extension. Safe mode will be turned off automatically in 5 seconds. NamenodeHostName:node-0-link-0
	at org.apache.hadoop.hdfs.server.namenode.FSNamesystem.newSafemodeException(FSNamesystem.java:1450)
	at org.apache.hadoop.hdfs.server.namenode.FSNamesystem.checkNameNodeSafeMode(FSNamesystem.java:1437)
	... 12 more
, while invoking ClientNamenodeProtocolTranslatorPB.delete over node-0-link-0/10.10.1.1:8020. Retrying after sleeping for 784ms.
2019-02-19 03:18:43,495 INFO retry.RetryInvocationHandler: org.apache.hadoop.ipc.RemoteException(org.apache.hadoop.ipc.RetriableException): org.apache.hadoop.hdfs.server.namenode.SafeModeException: Cannot delete /myfile13. Name node is in safe mode.
The reported blocks 142 has reached the threshold 0.9990 of total blocks 142. The number of live datanodes 3 has reached the minimum number 0. In safe mode extension. Safe mode will be turned off automatically in 4 seconds. NamenodeHostName:node-0-link-0
	at org.apache.hadoop.hdfs.server.namenode.FSNamesystem.checkNameNodeSafeMode(FSNamesystem.java:1441)
	at org.apache.hadoop.hdfs.server.namenode.FSNamesystem.delete(FSNamesystem.java:2986)
	at org.apache.hadoop.hdfs.server.namenode.NameNodeRpcServer.delete(NameNodeRpcServer.java:1095)
	at org.apache.hadoop.hdfs.protocolPB.ClientNamenodeProtocolServerSideTranslatorPB.delete(ClientNamenodeProtocolServerSideTranslatorPB.java:692)
	at org.apache.hadoop.hdfs.protocol.proto.ClientNamenodeProtocolProtos$ClientNamenodeProtocol$2.callBlockingMethod(ClientNamenodeProtocolProtos.java)
	at org.apache.hadoop.ipc.ProtobufRpcEngine$Server$ProtoBufRpcInvoker.call(ProtobufRpcEngine.java:523)
	at org.apache.hadoop.ipc.RPC$Server.call(RPC.java:991)
	at org.apache.hadoop.ipc.Server$RpcCall.run(Server.java:872)
	at org.apache.hadoop.ipc.Server$RpcCall.run(Server.java:818)
	at java.security.AccessController.doPrivileged(Native Method)
	at javax.security.auth.Subject.doAs(Subject.java:422)
	at org.apache.hadoop.security.UserGroupInformation.doAs(UserGroupInformation.java:1729)
	at org.apache.hadoop.ipc.Server$Handler.run(Server.java:2678)
Caused by: org.apache.hadoop.hdfs.server.namenode.SafeModeException: Cannot delete /myfile13. Name node is in safe mode.
The reported blocks 142 has reached the threshold 0.9990 of total blocks 142. The number of live datanodes 3 has reached the minimum number 0. In safe mode extension. Safe mode will be turned off automatically in 4 seconds. NamenodeHostName:node-0-link-0
	at org.apache.hadoop.hdfs.server.namenode.FSNamesystem.newSafemodeException(FSNamesystem.java:1450)
	at org.apache.hadoop.hdfs.server.namenode.FSNamesystem.checkNameNodeSafeMode(FSNamesystem.java:1437)
	... 12 more
, while invoking ClientNamenodeProtocolTranslatorPB.delete over node-0-link-0/10.10.1.1:8020. Retrying after sleeping for 2436ms.
2019-02-19 03:18:45,934 INFO retry.RetryInvocationHandler: org.apache.hadoop.ipc.RemoteException(org.apache.hadoop.ipc.RetriableException): org.apache.hadoop.hdfs.server.namenode.SafeModeException: Cannot delete /myfile13. Name node is in safe mode.
The reported blocks 142 has reached the threshold 0.9990 of total blocks 142. The number of live datanodes 3 has reached the minimum number 0. In safe mode extension. Safe mode will be turned off automatically in 2 seconds. NamenodeHostName:node-0-link-0
	at org.apache.hadoop.hdfs.server.namenode.FSNamesystem.checkNameNodeSafeMode(FSNamesystem.java:1441)
	at org.apache.hadoop.hdfs.server.namenode.FSNamesystem.delete(FSNamesystem.java:2986)
	at org.apache.hadoop.hdfs.server.namenode.NameNodeRpcServer.delete(NameNodeRpcServer.java:1095)
	at org.apache.hadoop.hdfs.protocolPB.ClientNamenodeProtocolServerSideTranslatorPB.delete(ClientNamenodeProtocolServerSideTranslatorPB.java:692)
	at org.apache.hadoop.hdfs.protocol.proto.ClientNamenodeProtocolProtos$ClientNamenodeProtocol$2.callBlockingMethod(ClientNamenodeProtocolProtos.java)
	at org.apache.hadoop.ipc.ProtobufRpcEngine$Server$ProtoBufRpcInvoker.call(ProtobufRpcEngine.java:523)
	at org.apache.hadoop.ipc.RPC$Server.call(RPC.java:991)
	at org.apache.hadoop.ipc.Server$RpcCall.run(Server.java:872)
	at org.apache.hadoop.ipc.Server$RpcCall.run(Server.java:818)
	at java.security.AccessController.doPrivileged(Native Method)
	at javax.security.auth.Subject.doAs(Subject.java:422)
	at org.apache.hadoop.security.UserGroupInformation.doAs(UserGroupInformation.java:1729)
	at org.apache.hadoop.ipc.Server$Handler.run(Server.java:2678)
Caused by: org.apache.hadoop.hdfs.server.namenode.SafeModeException: Cannot delete /myfile13. Name node is in safe mode.
The reported blocks 142 has reached the threshold 0.9990 of total blocks 142. The number of live datanodes 3 has reached the minimum number 0. In safe mode extension. Safe mode will be turned off automatically in 2 seconds. NamenodeHostName:node-0-link-0
	at org.apache.hadoop.hdfs.server.namenode.FSNamesystem.newSafemodeException(FSNamesystem.java:1450)
	at org.apache.hadoop.hdfs.server.namenode.FSNamesystem.checkNameNodeSafeMode(FSNamesystem.java:1437)
	... 12 more
, while invoking ClientNamenodeProtocolTranslatorPB.delete over node-0-link-0/10.10.1.1:8020. Retrying after sleeping for 2698ms.
Deleted /myfile13
file 13 has been removed from HDFS
Found 20 items
-rw-r--r--   3 root supergroup 1073741824 2019-02-19 03:18 /myfile1
-rw-r--r--   3 root supergroup 1073741824 2019-02-19 03:16 /myfile10
-rw-r--r--   3 root supergroup 1073741824 2019-02-19 03:18 /myfile11
-rw-r--r--   3 root supergroup  671088640 2019-02-19 03:19 /myfile12._COPYING_
-rw-r--r--   3 root supergroup 1073741824 2019-02-19 03:19 /myfile13
-rw-r--r--   3 root supergroup 1073741824 2019-02-19 03:18 /myfile14
-rw-r--r--   3 root supergroup 1073741824 2019-02-19 03:19 /myfile15
-rw-r--r--   3 root supergroup  805306368 2019-02-19 03:19 /myfile16._COPYING_
-rw-r--r--   3 root supergroup 1073741824 2019-02-19 03:16 /myfile17
-rw-r--r--   3 root supergroup 1073741824 2019-02-19 03:16 /myfile18
-rw-r--r--   3 root supergroup  805306368 2019-02-19 03:18 /myfile19._COPYING_
-rw-r--r--   3 root supergroup 1073741824 2019-02-19 03:16 /myfile2
-rw-r--r--   3 root supergroup  939524096 2019-02-19 03:19 /myfile20._COPYING_
-rw-r--r--   3 root supergroup 1073741824 2019-02-19 03:16 /myfile3
-rw-r--r--   3 root supergroup  805306368 2019-02-19 03:19 /myfile4._COPYING_
-rw-r--r--   3 root supergroup 1073741824 2019-02-19 03:19 /myfile5
-rw-r--r--   3 root supergroup 1073741824 2019-02-19 03:17 /myfile6
-rw-r--r--   3 root supergroup 1073741824 2019-02-19 03:19 /myfile7
-rw-r--r--   3 root supergroup 1073741824 2019-02-19 03:16 /myfile8
-rw-r--r--   3 root supergroup 1073741824 2019-02-19 03:16 /myfile9
file 13 has been put into HDFS
file 13 has been read from HDFS for 1 time
diff succeed!
file 13 has been read from HDFS for 2 time
diff succeed!
file 13 has been read from HDFS for 3 time
diff succeed!
file 13 has been read from HDFS for 4 time
diff succeed!
file 13 has been read from HDFS for 5 time
diff succeed!
file 13 has been read from HDFS for 6 time
diff succeed!
file 13 has been read from HDFS for 7 time
diff succeed!
file 13 has been read from HDFS for 8 time
diff succeed!
file 13 has been read from HDFS for 9 time
diff succeed!
file 13 has been read from HDFS for 10 time
diff succeed!
Deleted /myfile13
file 13 has been removed from HDFS
Found 20 items
-rw-r--r--   3 root supergroup 1073741824 2019-02-19 03:22 /myfile1
-rw-r--r--   3 root supergroup 1073741824 2019-02-19 03:21 /myfile10
-rw-r--r--   3 root supergroup 1073741824 2019-02-19 03:22 /myfile11
-rw-r--r--   3 root supergroup  939524096 2019-02-19 03:23 /myfile12._COPYING_
-rw-r--r--   3 root supergroup 1073741824 2019-02-19 03:24 /myfile13
-rw-r--r--   3 root supergroup 1073741824 2019-02-19 03:22 /myfile14
-rw-r--r--   3 root supergroup 1073741824 2019-02-19 03:23 /myfile15
-rw-r--r--   3 root supergroup  671088640 2019-02-19 03:23 /myfile16._COPYING_
-rw-r--r--   3 root supergroup 1073741824 2019-02-19 03:21 /myfile17
-rw-r--r--   3 root supergroup 1073741824 2019-02-19 03:21 /myfile18
-rw-r--r--   3 root supergroup  671088640 2019-02-19 03:23 /myfile19._COPYING_
-rw-r--r--   3 root supergroup 1073741824 2019-02-19 03:21 /myfile2
-rw-r--r--   3 root supergroup  671088640 2019-02-19 03:23 /myfile20._COPYING_
-rw-r--r--   3 root supergroup 1073741824 2019-02-19 03:21 /myfile3
-rw-r--r--   3 root supergroup  536870912 2019-02-19 03:23 /myfile4._COPYING_
-rw-r--r--   3 root supergroup 1073741824 2019-02-19 03:23 /myfile5
-rw-r--r--   3 root supergroup 1073741824 2019-02-19 03:21 /myfile6
-rw-r--r--   3 root supergroup  671088640 2019-02-19 03:23 /myfile7._COPYING_
-rw-r--r--   3 root supergroup 1073741824 2019-02-19 03:21 /myfile8
-rw-r--r--   3 root supergroup 1073741824 2019-02-19 03:21 /myfile9
file 13 has been put into HDFS
file 13 has been read from HDFS for 1 time
diff succeed!
file 13 has been read from HDFS for 2 time
diff succeed!
file 13 has been read from HDFS for 3 time
diff succeed!
file 13 has been read from HDFS for 4 time
diff succeed!
file 13 has been read from HDFS for 5 time
diff succeed!
file 13 has been read from HDFS for 6 time
diff succeed!
file 13 has been read from HDFS for 7 time
diff succeed!
file 13 has been read from HDFS for 8 time
diff succeed!
file 13 has been read from HDFS for 9 time
diff succeed!
file 13 has been read from HDFS for 10 time
diff succeed!
Deleted /myfile13
file 13 has been removed from HDFS
Found 19 items
-rw-r--r--   3 root supergroup 1073741824 2019-02-19 03:27 /myfile1
-rw-r--r--   3 root supergroup 1073741824 2019-02-19 03:25 /myfile10
-rw-r--r--   3 root supergroup 1073741824 2019-02-19 03:27 /myfile11
-rw-r--r--   3 root supergroup  671088640 2019-02-19 03:28 /myfile12._COPYING_
-rw-r--r--   3 root supergroup 1073741824 2019-02-19 03:28 /myfile13
-rw-r--r--   3 root supergroup 1073741824 2019-02-19 03:27 /myfile14
-rw-r--r--   3 root supergroup 1073741824 2019-02-19 03:27 /myfile15
-rw-r--r--   3 root supergroup  402653184 2019-02-19 03:28 /myfile16._COPYING_
-rw-r--r--   3 root supergroup 1073741824 2019-02-19 03:25 /myfile17
-rw-r--r--   3 root supergroup 1073741824 2019-02-19 03:25 /myfile18
-rw-r--r--   3 root supergroup  671088640 2019-02-19 03:28 /myfile19._COPYING_
-rw-r--r--   3 root supergroup 1073741824 2019-02-19 03:25 /myfile2
-rw-r--r--   3 root supergroup 1073741824 2019-02-19 03:25 /myfile3
-rw-r--r--   3 root supergroup  671088640 2019-02-19 03:28 /myfile4._COPYING_
-rw-r--r--   3 root supergroup  536870912 2019-02-19 03:28 /myfile5._COPYING_
-rw-r--r--   3 root supergroup 1073741824 2019-02-19 03:25 /myfile6
-rw-r--r--   3 root supergroup  671088640 2019-02-19 03:28 /myfile7._COPYING_
-rw-r--r--   3 root supergroup 1073741824 2019-02-19 03:25 /myfile8
-rw-r--r--   3 root supergroup 1073741824 2019-02-19 03:25 /myfile9
file 13 has been put into HDFS
file 13 has been read from HDFS for 1 time
diff succeed!
file 13 has been read from HDFS for 2 time
diff succeed!
file 13 has been read from HDFS for 3 time
diff succeed!
file 13 has been read from HDFS for 4 time
diff succeed!
file 13 has been read from HDFS for 5 time
diff succeed!
file 13 has been read from HDFS for 6 time
diff succeed!
file 13 has been read from HDFS for 7 time
diff succeed!
file 13 has been read from HDFS for 8 time
diff succeed!
file 13 has been read from HDFS for 9 time
diff succeed!
file 13 has been read from HDFS for 10 time
diff succeed!
Deleted /myfile13
file 13 has been removed from HDFS
Found 17 items
-rw-r--r--   3 root supergroup 1073741824 2019-02-19 03:31 /myfile1
-rw-r--r--   3 root supergroup 1073741824 2019-02-19 03:30 /myfile10
-rw-r--r--   3 root supergroup 1073741824 2019-02-19 03:31 /myfile11
-rw-r--r--   3 root supergroup 1073741824 2019-02-19 03:32 /myfile13
-rw-r--r--   3 root supergroup 1073741824 2019-02-19 03:31 /myfile14
-rw-r--r--   3 root supergroup 1073741824 2019-02-19 03:31 /myfile15
-rw-r--r--   3 root supergroup  402653184 2019-02-19 03:32 /myfile16._COPYING_
-rw-r--r--   3 root supergroup 1073741824 2019-02-19 03:30 /myfile17
-rw-r--r--   3 root supergroup 1073741824 2019-02-19 03:30 /myfile18
-rw-r--r--   3 root supergroup 1073741824 2019-02-19 03:28 /myfile19
-rw-r--r--   3 root supergroup 1073741824 2019-02-19 03:30 /myfile2
-rw-r--r--   3 root supergroup 1073741824 2019-02-19 03:28 /myfile20
-rw-r--r--   3 root supergroup 1073741824 2019-02-19 03:30 /myfile3
-rw-r--r--   3 root supergroup 1073741824 2019-02-19 03:30 /myfile6
-rw-r--r--   3 root supergroup 1073741824 2019-02-19 03:32 /myfile7
-rw-r--r--   3 root supergroup 1073741824 2019-02-19 03:30 /myfile8
-rw-r--r--   3 root supergroup 1073741824 2019-02-19 03:30 /myfile9
file 13 has been put into HDFS
file 13 has been read from HDFS for 1 time
diff succeed!
file 13 has been read from HDFS for 2 time
diff succeed!
file 13 has been read from HDFS for 3 time
diff succeed!
file 13 has been read from HDFS for 4 time
diff succeed!
file 13 has been read from HDFS for 5 time
diff succeed!
file 13 has been read from HDFS for 6 time
diff succeed!
file 13 has been read from HDFS for 7 time
diff succeed!
file 13 has been read from HDFS for 8 time
diff succeed!
file 13 has been read from HDFS for 9 time
diff succeed!
file 13 has been read from HDFS for 10 time
diff succeed!
Deleted /myfile13
file 13 has been removed from HDFS
Found 20 items
-rw-r--r--   3 root supergroup 1073741824 2019-02-19 03:36 /myfile1
-rw-r--r--   3 root supergroup 1073741824 2019-02-19 03:34 /myfile10
-rw-r--r--   3 root supergroup 1073741824 2019-02-19 03:36 /myfile11
-rw-r--r--   3 root supergroup 1073741824 2019-02-19 03:32 /myfile12
-rw-r--r--   3 root supergroup 1073741824 2019-02-19 03:36 /myfile13
-rw-r--r--   3 root supergroup 1073741824 2019-02-19 03:36 /myfile14
-rw-r--r--   3 root supergroup 1073741824 2019-02-19 03:36 /myfile15
-rw-r--r--   3 root supergroup 1073741824 2019-02-19 03:32 /myfile16
-rw-r--r--   3 root supergroup 1073741824 2019-02-19 03:34 /myfile17
-rw-r--r--   3 root supergroup 1073741824 2019-02-19 03:34 /myfile18
-rw-r--r--   3 root supergroup 1073741824 2019-02-19 03:32 /myfile19
-rw-r--r--   3 root supergroup 1073741824 2019-02-19 03:34 /myfile2
-rw-r--r--   3 root supergroup 1073741824 2019-02-19 03:32 /myfile20
-rw-r--r--   3 root supergroup 1073741824 2019-02-19 03:34 /myfile3
-rw-r--r--   3 root supergroup 1073741824 2019-02-19 03:32 /myfile4
-rw-r--r--   3 root supergroup 1073741824 2019-02-19 03:32 /myfile5
-rw-r--r--   3 root supergroup 1073741824 2019-02-19 03:34 /myfile6
-rw-r--r--   3 root supergroup 1073741824 2019-02-19 03:36 /myfile7
-rw-r--r--   3 root supergroup 1073741824 2019-02-19 03:34 /myfile8
-rw-r--r--   3 root supergroup 1073741824 2019-02-19 03:34 /myfile9
file 13 has been put into HDFS
file 13 has been read from HDFS for 1 time
diff succeed!
file 13 has been read from HDFS for 2 time
diff succeed!
file 13 has been read from HDFS for 3 time
diff succeed!
file 13 has been read from HDFS for 4 time
diff succeed!
file 13 has been read from HDFS for 5 time
diff succeed!
file 13 has been read from HDFS for 6 time
diff succeed!
file 13 has been read from HDFS for 7 time
diff succeed!
file 13 has been read from HDFS for 8 time
diff succeed!
2019-02-19 03:39:38,089 INFO retry.RetryInvocationHandler: java.net.ConnectException: Call From clnode090.clemson.cloudlab.us/130.127.133.99 to node-1-link-0:8020 failed on connection exception: java.net.ConnectException: Connection refused; For more details see:  http://wiki.apache.org/hadoop/ConnectionRefused, while invoking ClientNamenodeProtocolTranslatorPB.getFileInfo over node-1-link-0/10.10.1.4:8020 after 1 failover attempts. Trying to failover after sleeping for 942ms.
2019-02-19 03:39:39,033 INFO retry.RetryInvocationHandler: org.apache.hadoop.ipc.RemoteException(org.apache.hadoop.ipc.StandbyException): Operation category READ is not supported in state standby. Visit https://s.apache.org/sbnn-error
	at org.apache.hadoop.hdfs.server.namenode.ha.StandbyState.checkOperation(StandbyState.java:88)
	at org.apache.hadoop.hdfs.server.namenode.NameNode$NameNodeHAContext.checkOperation(NameNode.java:1952)
	at org.apache.hadoop.hdfs.server.namenode.FSNamesystem.checkOperation(FSNamesystem.java:1423)
	at org.apache.hadoop.hdfs.server.namenode.FSNamesystem.getFileInfo(FSNamesystem.java:3085)
	at org.apache.hadoop.hdfs.server.namenode.NameNodeRpcServer.getFileInfo(NameNodeRpcServer.java:1154)
	at org.apache.hadoop.hdfs.protocolPB.ClientNamenodeProtocolServerSideTranslatorPB.getFileInfo(ClientNamenodeProtocolServerSideTranslatorPB.java:966)
	at org.apache.hadoop.hdfs.protocol.proto.ClientNamenodeProtocolProtos$ClientNamenodeProtocol$2.callBlockingMethod(ClientNamenodeProtocolProtos.java)
	at org.apache.hadoop.ipc.ProtobufRpcEngine$Server$ProtoBufRpcInvoker.call(ProtobufRpcEngine.java:523)
	at org.apache.hadoop.ipc.RPC$Server.call(RPC.java:991)
	at org.apache.hadoop.ipc.Server$RpcCall.run(Server.java:872)
	at org.apache.hadoop.ipc.Server$RpcCall.run(Server.java:818)
	at java.security.AccessController.doPrivileged(Native Method)
	at javax.security.auth.Subject.doAs(Subject.java:422)
	at org.apache.hadoop.security.UserGroupInformation.doAs(UserGroupInformation.java:1729)
	at org.apache.hadoop.ipc.Server$Handler.run(Server.java:2678)
, while invoking ClientNamenodeProtocolTranslatorPB.getFileInfo over node-0-link-0/10.10.1.1:8020 after 2 failover attempts. Trying to failover after sleeping for 2147ms.
2019-02-19 03:39:41,186 INFO retry.RetryInvocationHandler: java.net.ConnectException: Call From clnode090.clemson.cloudlab.us/130.127.133.99 to node-1-link-0:8020 failed on connection exception: java.net.ConnectException: Connection refused; For more details see:  http://wiki.apache.org/hadoop/ConnectionRefused, while invoking ClientNamenodeProtocolTranslatorPB.getFileInfo over node-1-link-0/10.10.1.4:8020 after 3 failover attempts. Trying to failover after sleeping for 3254ms.
file 13 has been read from HDFS for 9 time
diff succeed!
file 13 has been read from HDFS for 10 time
diff succeed!
Deleted /myfile13
file 13 has been removed from HDFS
Found 19 items
-rw-r--r--   3 root supergroup 1073741824 2019-02-19 03:40 /myfile1
-rw-r--r--   3 root supergroup 1073741824 2019-02-19 03:39 /myfile10
-rw-r--r--   3 root supergroup 1073741824 2019-02-19 03:40 /myfile11
-rw-r--r--   3 root supergroup          0 2019-02-19 03:40 /myfile12._COPYING_
-rw-r--r--   3 root supergroup 1073741824 2019-02-19 03:40 /myfile13
-rw-r--r--   3 root supergroup 1073741824 2019-02-19 03:40 /myfile14
-rw-r--r--   3 root supergroup 1073741824 2019-02-19 03:40 /myfile15
-rw-r--r--   3 root supergroup 1073741824 2019-02-19 03:40 /myfile16
-rw-r--r--   3 root supergroup 1073741824 2019-02-19 03:39 /myfile17
-rw-r--r--   3 root supergroup 1073741824 2019-02-19 03:39 /myfile18
-rw-r--r--   3 root supergroup 1073741824 2019-02-19 03:37 /myfile19
-rw-r--r--   3 root supergroup 1073741824 2019-02-19 03:39 /myfile2
-rw-r--r--   3 root supergroup 1073741824 2019-02-19 03:37 /myfile20
-rw-r--r--   3 root supergroup 1073741824 2019-02-19 03:39 /myfile3
-rw-r--r--   3 root supergroup 1073741824 2019-02-19 03:37 /myfile4
-rw-r--r--   3 root supergroup 1073741824 2019-02-19 03:39 /myfile6
-rw-r--r--   3 root supergroup 1073741824 2019-02-19 03:40 /myfile7
-rw-r--r--   3 root supergroup 1073741824 2019-02-19 03:39 /myfile8
-rw-r--r--   3 root supergroup 1073741824 2019-02-19 03:39 /myfile9
file 13 has been put into HDFS
file 13 has been read from HDFS for 1 time
diff succeed!
file 13 has been read from HDFS for 2 time
diff succeed!
file 13 has been read from HDFS for 3 time
diff succeed!
file 13 has been read from HDFS for 4 time
diff succeed!
file 13 has been read from HDFS for 5 time
diff succeed!
file 13 has been read from HDFS for 6 time
diff succeed!
file 13 has been read from HDFS for 7 time
diff succeed!
file 13 has been read from HDFS for 8 time
diff succeed!
file 13 has been read from HDFS for 9 time
diff succeed!
file 13 has been read from HDFS for 10 time
diff succeed!
Deleted /myfile13
file 13 has been removed from HDFS
Found 20 items
-rw-r--r--   3 root supergroup 1073741824 2019-02-19 03:45 /myfile1
-rw-r--r--   3 root supergroup 1073741824 2019-02-19 03:43 /myfile10
-rw-r--r--   3 root supergroup 1073741824 2019-02-19 03:45 /myfile11
-rw-r--r--   3 root supergroup 1073741824 2019-02-19 03:45 /myfile12
-rw-r--r--   3 root supergroup 1073741824 2019-02-19 03:45 /myfile13
-rw-r--r--   3 root supergroup 1073741824 2019-02-19 03:45 /myfile14
-rw-r--r--   3 root supergroup 1073741824 2019-02-19 03:45 /myfile15
-rw-r--r--   3 root supergroup 1073741824 2019-02-19 03:45 /myfile16
-rw-r--r--   3 root supergroup 1073741824 2019-02-19 03:43 /myfile17
-rw-r--r--   3 root supergroup 1073741824 2019-02-19 03:43 /myfile18
-rw-r--r--   3 root supergroup 1073741824 2019-02-19 03:42 /myfile19
-rw-r--r--   3 root supergroup 1073741824 2019-02-19 03:42 /myfile2
-rw-r--r--   3 root supergroup 1073741824 2019-02-19 03:42 /myfile20
-rw-r--r--   3 root supergroup 1073741824 2019-02-19 03:42 /myfile3
-rw-r--r--   3 root supergroup 1073741824 2019-02-19 03:42 /myfile4
-rw-r--r--   3 root supergroup  671088640 2019-02-19 03:45 /myfile5._COPYING_
-rw-r--r--   3 root supergroup 1073741824 2019-02-19 03:43 /myfile6
-rw-r--r--   3 root supergroup 1073741824 2019-02-19 03:44 /myfile7
-rw-r--r--   3 root supergroup 1073741824 2019-02-19 03:43 /myfile8
-rw-r--r--   3 root supergroup 1073741824 2019-02-19 03:42 /myfile9
file 13 has been put into HDFS
file 13 has been read from HDFS for 1 time
diff succeed!
file 13 has been read from HDFS for 2 time
diff succeed!
file 13 has been read from HDFS for 3 time
diff succeed!
file 13 has been read from HDFS for 4 time
diff succeed!
file 13 has been read from HDFS for 5 time
diff succeed!
file 13 has been read from HDFS for 6 time
diff succeed!
file 13 has been read from HDFS for 7 time
diff succeed!
file 13 has been read from HDFS for 8 time
diff succeed!
file 13 has been read from HDFS for 9 time
diff succeed!
file 13 has been read from HDFS for 10 time
diff succeed!
Deleted /myfile13
file 13 has been removed from HDFS
Found 20 items
-rw-r--r--   3 root supergroup 1073741824 2019-02-19 03:49 /myfile1
-rw-r--r--   3 root supergroup 1073741824 2019-02-19 03:47 /myfile10
-rw-r--r--   3 root supergroup  671088640 2019-02-19 03:49 /myfile11._COPYING_
-rw-r--r--   3 root supergroup  671088640 2019-02-19 03:49 /myfile12._COPYING_
-rw-r--r--   3 root supergroup 1073741824 2019-02-19 03:49 /myfile13
-rw-r--r--   3 root supergroup  939524096 2019-02-19 03:48 /myfile14._COPYING_
-rw-r--r--   3 root supergroup 1073741824 2019-02-19 03:49 /myfile15
-rw-r--r--   3 root supergroup  939524096 2019-02-19 03:48 /myfile16._COPYING_
-rw-r--r--   3 root supergroup 1073741824 2019-02-19 03:47 /myfile17
-rw-r--r--   3 root supergroup 1073741824 2019-02-19 03:47 /myfile18
-rw-r--r--   3 root supergroup 1073741824 2019-02-19 03:46 /myfile19
-rw-r--r--   3 root supergroup 1073741824 2019-02-19 03:46 /myfile2
-rw-r--r--   3 root supergroup 1073741824 2019-02-19 03:46 /myfile20
-rw-r--r--   3 root supergroup 1073741824 2019-02-19 03:46 /myfile3
-rw-r--r--   3 root supergroup 1073741824 2019-02-19 03:46 /myfile4
-rw-r--r--   3 root supergroup 1073741824 2019-02-19 03:49 /myfile5
-rw-r--r--   3 root supergroup 1073741824 2019-02-19 03:47 /myfile6
-rw-r--r--   3 root supergroup 1073741824 2019-02-19 03:49 /myfile7
-rw-r--r--   3 root supergroup 1073741824 2019-02-19 03:47 /myfile8
-rw-r--r--   3 root supergroup 1073741824 2019-02-19 03:47 /myfile9
file 13 has been put into HDFS
file 13 has been read from HDFS for 1 time
diff succeed!
file 13 has been read from HDFS for 2 time
diff succeed!
file 13 has been read from HDFS for 3 time
diff succeed!
file 13 has been read from HDFS for 4 time
diff succeed!
file 13 has been read from HDFS for 5 time
diff succeed!
file 13 has been read from HDFS for 6 time
diff succeed!
file 13 has been read from HDFS for 7 time
diff succeed!
file 13 has been read from HDFS for 8 time
diff succeed!
file 13 has been read from HDFS for 9 time
diff succeed!
file 13 has been read from HDFS for 10 time
diff succeed!
Deleted /myfile13
file 13 has been removed from HDFS
Found 20 items
-rw-r--r--   3 root supergroup  805306368 2019-02-19 03:53 /myfile1._COPYING_
-rw-r--r--   3 root supergroup 1073741824 2019-02-19 03:51 /myfile10
-rw-r--r--   3 root supergroup  805306368 2019-02-19 03:53 /myfile11._COPYING_
-rw-r--r--   3 root supergroup  671088640 2019-02-19 03:53 /myfile12._COPYING_
-rw-r--r--   3 root supergroup 1073741824 2019-02-19 03:53 /myfile13
-rw-r--r--   3 root supergroup  671088640 2019-02-19 03:53 /myfile14._COPYING_
-rw-r--r--   3 root supergroup 1073741824 2019-02-19 03:53 /myfile15
-rw-r--r--   3 root supergroup  805306368 2019-02-19 03:53 /myfile16._COPYING_
-rw-r--r--   3 root supergroup 1073741824 2019-02-19 03:51 /myfile17
-rw-r--r--   3 root supergroup 1073741824 2019-02-19 03:51 /myfile18
-rw-r--r--   3 root supergroup 1073741824 2019-02-19 03:51 /myfile19
-rw-r--r--   3 root supergroup 1073741824 2019-02-19 03:51 /myfile2
-rw-r--r--   3 root supergroup 1073741824 2019-02-19 03:51 /myfile20
-rw-r--r--   3 root supergroup 1073741824 2019-02-19 03:51 /myfile3
-rw-r--r--   3 root supergroup 1073741824 2019-02-19 03:51 /myfile4
-rw-r--r--   3 root supergroup 1073741824 2019-02-19 03:53 /myfile5
-rw-r--r--   3 root supergroup 1073741824 2019-02-19 03:51 /myfile6
-rw-r--r--   3 root supergroup 1073741824 2019-02-19 03:53 /myfile7
-rw-r--r--   3 root supergroup 1073741824 2019-02-19 03:51 /myfile8
-rw-r--r--   3 root supergroup 1073741824 2019-02-19 03:51 /myfile9
file 13 has been put into HDFS
file 13 has been read from HDFS for 1 time
diff succeed!
file 13 has been read from HDFS for 2 time
diff succeed!
file 13 has been read from HDFS for 3 time
diff succeed!
file 13 has been read from HDFS for 4 time
diff succeed!
file 13 has been read from HDFS for 5 time
diff succeed!
file 13 has been read from HDFS for 6 time
diff succeed!
file 13 has been read from HDFS for 7 time
diff succeed!
file 13 has been read from HDFS for 8 time
diff succeed!
file 13 has been read from HDFS for 9 time
diff succeed!
file 13 has been read from HDFS for 10 time
diff succeed!
Deleted /myfile13
file 13 has been removed from HDFS
Found 19 items
-rw-r--r--   3 root supergroup 1073741824 2019-02-19 03:58 /myfile1
-rw-r--r--   3 root supergroup 1073741824 2019-02-19 03:55 /myfile10
-rw-r--r--   3 root supergroup 1073741824 2019-02-19 03:58 /myfile11
-rw-r--r--   3 root supergroup 1073741824 2019-02-19 03:58 /myfile13
-rw-r--r--   3 root supergroup 1073741824 2019-02-19 03:57 /myfile14
-rw-r--r--   3 root supergroup 1073741824 2019-02-19 03:58 /myfile15
-rw-r--r--   3 root supergroup 1073741824 2019-02-19 03:57 /myfile16
-rw-r--r--   3 root supergroup 1073741824 2019-02-19 03:55 /myfile17
-rw-r--r--   3 root supergroup 1073741824 2019-02-19 03:55 /myfile18
-rw-r--r--   3 root supergroup 1073741824 2019-02-19 03:55 /myfile19
-rw-r--r--   3 root supergroup 1073741824 2019-02-19 03:55 /myfile2
-rw-r--r--   3 root supergroup 1073741824 2019-02-19 03:55 /myfile20
-rw-r--r--   3 root supergroup 1073741824 2019-02-19 03:55 /myfile3
-rw-r--r--   3 root supergroup 1073741824 2019-02-19 03:55 /myfile4
-rw-r--r--   3 root supergroup 1073741824 2019-02-19 03:58 /myfile5
-rw-r--r--   3 root supergroup 1073741824 2019-02-19 03:55 /myfile6
-rw-r--r--   3 root supergroup 1073741824 2019-02-19 03:58 /myfile7
-rw-r--r--   3 root supergroup 1073741824 2019-02-19 03:55 /myfile8
-rw-r--r--   3 root supergroup 1073741824 2019-02-19 03:55 /myfile9
file 13 has been put into HDFS
file 13 has been read from HDFS for 1 time
diff succeed!
file 13 has been read from HDFS for 2 time
diff succeed!
file 13 has been read from HDFS for 3 time
diff succeed!
file 13 has been read from HDFS for 4 time
diff succeed!
file 13 has been read from HDFS for 5 time
diff succeed!
sub_benchmark 5 signal TERM catched and let quit gracefully
Deleted /myfile13
file 13 has been removed from HDFS
