Found 20 items
-rw-r--r--   3 root supergroup 1073741824 2019-02-22 15:29 /myfile1
-rw-r--r--   3 root supergroup 1073741824 2019-02-22 15:29 /myfile10
-rw-r--r--   3 root supergroup  939524096 2019-02-22 15:28 /myfile11._COPYING_
-rw-r--r--   3 root supergroup  939524096 2019-02-22 15:28 /myfile12._COPYING_
-rw-r--r--   3 root supergroup 1073741824 2019-02-22 15:29 /myfile13
-rw-r--r--   3 root supergroup 1073741824 2019-02-22 15:29 /myfile14
-rw-r--r--   3 root supergroup  939524096 2019-02-22 15:28 /myfile15._COPYING_
-rw-r--r--   3 root supergroup 1073741824 2019-02-22 15:29 /myfile16
-rw-r--r--   3 root supergroup  939524096 2019-02-22 15:28 /myfile17._COPYING_
-rw-r--r--   3 root supergroup 1073741824 2019-02-22 15:29 /myfile18
-rw-r--r--   3 root supergroup 1073741824 2019-02-22 15:29 /myfile19
-rw-r--r--   3 root supergroup 1073741824 2019-02-22 15:29 /myfile2
-rw-r--r--   3 root supergroup 1073741824 2019-02-22 15:29 /myfile20
-rw-r--r--   3 root supergroup 1073741824 2019-02-22 15:29 /myfile3
-rw-r--r--   3 root supergroup  939524096 2019-02-22 15:28 /myfile4._COPYING_
-rw-r--r--   3 root supergroup 1073741824 2019-02-22 15:29 /myfile5
-rw-r--r--   3 root supergroup 1073741824 2019-02-22 15:29 /myfile6
-rw-r--r--   3 root supergroup  939524096 2019-02-22 15:28 /myfile7._COPYING_
-rw-r--r--   3 root supergroup 1073741824 2019-02-22 15:29 /myfile8
-rw-r--r--   3 root supergroup 1073741824 2019-02-22 15:29 /myfile9
file 3 has been put into HDFS
file 3 has been read from HDFS for 1 time
diff succeed!
file 3 has been read from HDFS for 2 time
diff succeed!
file 3 has been read from HDFS for 3 time
diff succeed!
file 3 has been read from HDFS for 4 time
diff succeed!
file 3 has been read from HDFS for 5 time
diff succeed!
file 3 has been read from HDFS for 6 time
diff succeed!
file 3 has been read from HDFS for 7 time
diff succeed!
file 3 has been read from HDFS for 8 time
diff succeed!
file 3 has been read from HDFS for 9 time
diff succeed!
file 3 has been read from HDFS for 10 time
diff succeed!
Deleted /myfile3
file 3 has been removed from HDFS
Found 18 items
-rw-r--r--   3 root supergroup 1073741824 2019-02-22 15:33 /myfile1
-rw-r--r--   3 root supergroup 1073741824 2019-02-22 15:29 /myfile10
-rw-r--r--   3 root supergroup  805306368 2019-02-22 15:33 /myfile11._COPYING_
-rw-r--r--   3 root supergroup 1073741824 2019-02-22 15:29 /myfile12
-rw-r--r--   3 root supergroup 1073741824 2019-02-22 15:33 /myfile13
-rw-r--r--   3 root supergroup 1073741824 2019-02-22 15:33 /myfile14
-rw-r--r--   3 root supergroup  939524096 2019-02-22 15:33 /myfile15._COPYING_
-rw-r--r--   3 root supergroup 1073741824 2019-02-22 15:33 /myfile16
-rw-r--r--   3 root supergroup 1073741824 2019-02-22 15:33 /myfile17
-rw-r--r--   3 root supergroup  671088640 2019-02-22 15:33 /myfile18._COPYING_
-rw-r--r--   3 root supergroup 1073741824 2019-02-22 15:33 /myfile19
-rw-r--r--   3 root supergroup 1073741824 2019-02-22 15:33 /myfile20
-rw-r--r--   3 root supergroup 1073741824 2019-02-22 15:33 /myfile3
-rw-r--r--   3 root supergroup 1073741824 2019-02-22 15:33 /myfile5
-rw-r--r--   3 root supergroup 1073741824 2019-02-22 15:33 /myfile6
-rw-r--r--   3 root supergroup 1073741824 2019-02-22 15:33 /myfile7
-rw-r--r--   3 root supergroup 1073741824 2019-02-22 15:33 /myfile8
-rw-r--r--   3 root supergroup 1073741824 2019-02-22 15:33 /myfile9
file 3 has been put into HDFS
file 3 has been read from HDFS for 1 time
diff succeed!
file 3 has been read from HDFS for 2 time
diff succeed!
file 3 has been read from HDFS for 3 time
diff succeed!
file 3 has been read from HDFS for 4 time
diff succeed!
file 3 has been read from HDFS for 5 time
diff succeed!
file 3 has been read from HDFS for 6 time
diff succeed!
file 3 has been read from HDFS for 7 time
diff succeed!
file 3 has been read from HDFS for 8 time
diff succeed!
file 3 has been read from HDFS for 9 time
diff succeed!
file 3 has been read from HDFS for 10 time
diff succeed!
Deleted /myfile3
file 3 has been removed from HDFS
Found 20 items
-rw-r--r--   3 root supergroup 1073741824 2019-02-22 15:38 /myfile1
-rw-r--r--   3 root supergroup 1073741824 2019-02-22 15:35 /myfile10
-rw-r--r--   3 root supergroup  805306368 2019-02-22 15:38 /myfile11._COPYING_
-rw-r--r--   3 root supergroup 1073741824 2019-02-22 15:35 /myfile12
-rw-r--r--   3 root supergroup 1073741824 2019-02-22 15:37 /myfile13
-rw-r--r--   3 root supergroup  671088640 2019-02-22 15:38 /myfile14._COPYING_
-rw-r--r--   3 root supergroup 1073741824 2019-02-22 15:38 /myfile15
-rw-r--r--   3 root supergroup 1073741824 2019-02-22 15:38 /myfile16
-rw-r--r--   3 root supergroup 1073741824 2019-02-22 15:38 /myfile17
-rw-r--r--   3 root supergroup  939524096 2019-02-22 15:37 /myfile18._COPYING_
-rw-r--r--   3 root supergroup 1073741824 2019-02-22 15:37 /myfile19
-rw-r--r--   3 root supergroup  939524096 2019-02-22 15:38 /myfile2._COPYING_
-rw-r--r--   3 root supergroup 1073741824 2019-02-22 15:38 /myfile20
-rw-r--r--   3 root supergroup 1073741824 2019-02-22 15:38 /myfile3
-rw-r--r--   3 root supergroup 1073741824 2019-02-22 15:38 /myfile4
-rw-r--r--   3 root supergroup 1073741824 2019-02-22 15:37 /myfile5
-rw-r--r--   3 root supergroup 1073741824 2019-02-22 15:37 /myfile6
-rw-r--r--   3 root supergroup 1073741824 2019-02-22 15:37 /myfile7
-rw-r--r--   3 root supergroup 1073741824 2019-02-22 15:37 /myfile8
-rw-r--r--   3 root supergroup 1073741824 2019-02-22 15:37 /myfile9
file 3 has been put into HDFS
file 3 has been read from HDFS for 1 time
diff succeed!
file 3 has been read from HDFS for 2 time
diff succeed!
file 3 has been read from HDFS for 3 time
diff succeed!
file 3 has been read from HDFS for 4 time
diff succeed!
file 3 has been read from HDFS for 5 time
diff succeed!
file 3 has been read from HDFS for 6 time
diff succeed!
file 3 has been read from HDFS for 7 time
diff succeed!
file 3 has been read from HDFS for 8 time
diff succeed!
2019-02-22 15:41:19,214 INFO retry.RetryInvocationHandler: org.apache.hadoop.ipc.RemoteException(org.apache.hadoop.ipc.StandbyException): Operation category READ is not supported in state standby. Visit https://s.apache.org/sbnn-error
	at org.apache.hadoop.hdfs.server.namenode.ha.StandbyState.checkOperation(StandbyState.java:88)
	at org.apache.hadoop.hdfs.server.namenode.NameNode$NameNodeHAContext.checkOperation(NameNode.java:1952)
	at org.apache.hadoop.hdfs.server.namenode.FSNamesystem.checkOperation(FSNamesystem.java:1423)
	at org.apache.hadoop.hdfs.server.namenode.FSNamesystem.getFileInfo(FSNamesystem.java:3085)
	at org.apache.hadoop.hdfs.server.namenode.NameNodeRpcServer.getFileInfo(NameNodeRpcServer.java:1154)
	at org.apache.hadoop.hdfs.protocolPB.ClientNamenodeProtocolServerSideTranslatorPB.getFileInfo(ClientNamenodeProtocolServerSideTranslatorPB.java:966)
	at org.apache.hadoop.hdfs.protocol.proto.ClientNamenodeProtocolProtos$ClientNamenodeProtocol$2.callBlockingMethod(ClientNamenodeProtocolProtos.java)
	at org.apache.hadoop.ipc.ProtobufRpcEngine$Server$ProtoBufRpcInvoker.call(ProtobufRpcEngine.java:523)
	at org.apache.hadoop.ipc.RPC$Server.call(RPC.java:991)
	at org.apache.hadoop.ipc.Server$RpcCall.run(Server.java:872)
	at org.apache.hadoop.ipc.Server$RpcCall.run(Server.java:818)
	at java.security.AccessController.doPrivileged(Native Method)
	at javax.security.auth.Subject.doAs(Subject.java:422)
	at org.apache.hadoop.security.UserGroupInformation.doAs(UserGroupInformation.java:1729)
	at org.apache.hadoop.ipc.Server$Handler.run(Server.java:2678)
, while invoking ClientNamenodeProtocolTranslatorPB.getFileInfo over node-1-link-0/10.10.1.4:8020 after 1 failover attempts. Trying to failover after sleeping for 741ms.
2019-02-22 15:41:19,959 INFO retry.RetryInvocationHandler: java.net.ConnectException: Call From clnode090.clemson.cloudlab.us/130.127.133.99 to node-0-link-0:8020 failed on connection exception: java.net.ConnectException: Connection refused; For more details see:  http://wiki.apache.org/hadoop/ConnectionRefused, while invoking ClientNamenodeProtocolTranslatorPB.getFileInfo over node-0-link-0/10.10.1.1:8020 after 2 failover attempts. Trying to failover after sleeping for 2643ms.
file 3 has been read from HDFS for 9 time
diff succeed!
file 3 has been read from HDFS for 10 time
diff succeed!
Deleted /myfile3
file 3 has been removed from HDFS
Found 18 items
-rw-r--r--   3 root supergroup 1073741824 2019-02-22 15:42 /myfile1
-rw-r--r--   3 root supergroup 1073741824 2019-02-22 15:39 /myfile10
-rw-r--r--   3 root supergroup 1073741824 2019-02-22 15:39 /myfile12
-rw-r--r--   3 root supergroup  671088640 2019-02-22 15:42 /myfile13._COPYING_
-rw-r--r--   3 root supergroup 1073741824 2019-02-22 15:42 /myfile14
-rw-r--r--   3 root supergroup 1073741824 2019-02-22 15:42 /myfile15
-rw-r--r--   3 root supergroup 1073741824 2019-02-22 15:42 /myfile17
-rw-r--r--   3 root supergroup 1073741824 2019-02-22 15:38 /myfile18
-rw-r--r--   3 root supergroup 1073741824 2019-02-22 15:42 /myfile19
-rw-r--r--   3 root supergroup 1073741824 2019-02-22 15:42 /myfile2
-rw-r--r--   3 root supergroup  671088640 2019-02-22 15:42 /myfile20._COPYING_
-rw-r--r--   3 root supergroup 1073741824 2019-02-22 15:42 /myfile3
-rw-r--r--   3 root supergroup 1073741824 2019-02-22 15:42 /myfile4
-rw-r--r--   3 root supergroup 1073741824 2019-02-22 15:40 /myfile5
-rw-r--r--   3 root supergroup 1073741824 2019-02-22 15:41 /myfile6
-rw-r--r--   3 root supergroup 1073741824 2019-02-22 15:42 /myfile7
-rw-r--r--   3 root supergroup 1073741824 2019-02-22 15:42 /myfile8
-rw-r--r--   3 root supergroup  536870912 2019-02-22 15:42 /myfile9._COPYING_
file 3 has been put into HDFS
file 3 has been read from HDFS for 1 time
diff succeed!
file 3 has been read from HDFS for 2 time
diff succeed!
file 3 has been read from HDFS for 3 time
diff succeed!
file 3 has been read from HDFS for 4 time
diff succeed!
file 3 has been read from HDFS for 5 time
diff succeed!
file 3 has been read from HDFS for 6 time
diff succeed!
file 3 has been read from HDFS for 7 time
diff succeed!
file 3 has been read from HDFS for 8 time
diff succeed!
file 3 has been read from HDFS for 9 time
diff succeed!
file 3 has been read from HDFS for 10 time
diff succeed!
Deleted /myfile3
file 3 has been removed from HDFS
Found 18 items
-rw-r--r--   3 root supergroup 1073741824 2019-02-22 15:44 /myfile10
-rw-r--r--   3 root supergroup 1073741824 2019-02-22 15:43 /myfile11
-rw-r--r--   3 root supergroup 1073741824 2019-02-22 15:43 /myfile12
-rw-r--r--   3 root supergroup 1073741824 2019-02-22 15:46 /myfile13
-rw-r--r--   3 root supergroup  939524096 2019-02-22 15:46 /myfile14._COPYING_
-rw-r--r--   3 root supergroup 1073741824 2019-02-22 15:46 /myfile15
-rw-r--r--   3 root supergroup 1073741824 2019-02-22 15:42 /myfile16
-rw-r--r--   3 root supergroup 1073741824 2019-02-22 15:46 /myfile17
-rw-r--r--   3 root supergroup 1073741824 2019-02-22 15:43 /myfile18
-rw-r--r--   3 root supergroup 1073741824 2019-02-22 15:46 /myfile19
-rw-r--r--   3 root supergroup 1073741824 2019-02-22 15:46 /myfile2
-rw-r--r--   3 root supergroup  402653184 2019-02-22 15:46 /myfile20._COPYING_
-rw-r--r--   3 root supergroup 1073741824 2019-02-22 15:46 /myfile3
-rw-r--r--   3 root supergroup 1073741824 2019-02-22 15:46 /myfile4
-rw-r--r--   3 root supergroup 1073741824 2019-02-22 15:45 /myfile5
-rw-r--r--   3 root supergroup 1073741824 2019-02-22 15:45 /myfile6
-rw-r--r--   3 root supergroup 1073741824 2019-02-22 15:46 /myfile7
-rw-r--r--   3 root supergroup 1073741824 2019-02-22 15:46 /myfile8
file 3 has been put into HDFS
file 3 has been read from HDFS for 1 time
diff succeed!
file 3 has been read from HDFS for 2 time
diff succeed!
file 3 has been read from HDFS for 3 time
diff succeed!
file 3 has been read from HDFS for 4 time
diff succeed!
file 3 has been read from HDFS for 5 time
diff succeed!
file 3 has been read from HDFS for 6 time
diff succeed!
file 3 has been read from HDFS for 7 time
diff succeed!
file 3 has been read from HDFS for 8 time
diff succeed!
file 3 has been read from HDFS for 9 time
diff succeed!
file 3 has been read from HDFS for 10 time
diff succeed!
Deleted /myfile3
file 3 has been removed from HDFS
2019-02-22 15:51:47,002 INFO retry.RetryInvocationHandler: java.io.EOFException: End of File Exception between local host is: "clnode090.clemson.cloudlab.us/130.127.133.99"; destination host is: "node-1-link-0":8020; : java.io.EOFException; For more details see:  http://wiki.apache.org/hadoop/EOFException, while invoking ClientNamenodeProtocolTranslatorPB.addBlock over node-1-link-0/10.10.1.4:8020. Trying to failover immediately.
Found 19 items
-rw-r--r--   3 root supergroup 1073741824 2019-02-22 15:50 /myfile1
-rw-r--r--   3 root supergroup 1073741824 2019-02-22 15:47 /myfile11
-rw-r--r--   3 root supergroup 1073741824 2019-02-22 15:51 /myfile12
-rw-r--r--   3 root supergroup 1073741824 2019-02-22 15:51 /myfile13
-rw-r--r--   3 root supergroup 1073741824 2019-02-22 15:51 /myfile14
-rw-r--r--   3 root supergroup 1073741824 2019-02-22 15:49 /myfile15
-rw-r--r--   3 root supergroup 1073741824 2019-02-22 15:47 /myfile16
-rw-r--r--   3 root supergroup 1073741824 2019-02-22 15:50 /myfile17
-rw-r--r--   3 root supergroup 1073741824 2019-02-22 15:49 /myfile18
-rw-r--r--   3 root supergroup 1073741824 2019-02-22 15:51 /myfile19
-rw-r--r--   3 root supergroup 1073741824 2019-02-22 15:50 /myfile2
-rw-r--r--   3 root supergroup 1073741824 2019-02-22 15:50 /myfile20
-rw-r--r--   3 root supergroup 1073741824 2019-02-22 15:51 /myfile3
-rw-r--r--   3 root supergroup 1073741824 2019-02-22 15:50 /myfile4
-rw-r--r--   3 root supergroup 1073741824 2019-02-22 15:49 /myfile5
-rw-r--r--   3 root supergroup 1073741824 2019-02-22 15:49 /myfile6
-rw-r--r--   3 root supergroup 1073741824 2019-02-22 15:50 /myfile7
-rw-r--r--   3 root supergroup 1073741824 2019-02-22 15:50 /myfile8
-rw-r--r--   3 root supergroup 1073741824 2019-02-22 15:51 /myfile9
file 3 has been put into HDFS
file 3 has been read from HDFS for 1 time
diff succeed!
file 3 has been read from HDFS for 2 time
diff succeed!
file 3 has been read from HDFS for 3 time
diff succeed!
file 3 has been read from HDFS for 4 time
diff succeed!
file 3 has been read from HDFS for 5 time
diff succeed!
file 3 has been read from HDFS for 6 time
diff succeed!
file 3 has been read from HDFS for 7 time
diff succeed!
file 3 has been read from HDFS for 8 time
diff succeed!
file 3 has been read from HDFS for 9 time
diff succeed!
file 3 has been read from HDFS for 10 time
diff succeed!
Deleted /myfile3
file 3 has been removed from HDFS
Found 16 items
-rw-r--r--   3 root supergroup 1073741824 2019-02-22 15:52 /myfile10
-rw-r--r--   3 root supergroup 1073741824 2019-02-22 15:53 /myfile11
-rw-r--r--   3 root supergroup 1073741824 2019-02-22 15:54 /myfile12
-rw-r--r--   3 root supergroup 1073741824 2019-02-22 15:51 /myfile14
-rw-r--r--   3 root supergroup 1073741824 2019-02-22 15:53 /myfile15
-rw-r--r--   3 root supergroup 1073741824 2019-02-22 15:54 /myfile16
-rw-r--r--   3 root supergroup 1073741824 2019-02-22 15:54 /myfile18
-rw-r--r--   3 root supergroup 1073741824 2019-02-22 15:51 /myfile19
-rw-r--r--   3 root supergroup 1073741824 2019-02-22 15:53 /myfile2
-rw-r--r--   3 root supergroup 1073741824 2019-02-22 15:54 /myfile20
-rw-r--r--   3 root supergroup 1073741824 2019-02-22 15:55 /myfile3
-rw-r--r--   3 root supergroup 1073741824 2019-02-22 15:53 /myfile4
-rw-r--r--   3 root supergroup 1073741824 2019-02-22 15:53 /myfile6
-rw-r--r--   3 root supergroup 1073741824 2019-02-22 15:55 /myfile7
-rw-r--r--   3 root supergroup 1073741824 2019-02-22 15:54 /myfile8
-rw-r--r--   3 root supergroup 1073741824 2019-02-22 15:55 /myfile9
file 3 has been put into HDFS
file 3 has been read from HDFS for 1 time
diff succeed!
file 3 has been read from HDFS for 2 time
diff succeed!
file 3 has been read from HDFS for 3 time
diff succeed!
file 3 has been read from HDFS for 4 time
diff succeed!
file 3 has been read from HDFS for 5 time
diff succeed!
file 3 has been read from HDFS for 6 time
diff succeed!
file 3 has been read from HDFS for 7 time
diff succeed!
file 3 has been read from HDFS for 8 time
diff succeed!
file 3 has been read from HDFS for 9 time
diff succeed!
file 3 has been read from HDFS for 10 time
diff succeed!
Deleted /myfile3
file 3 has been removed from HDFS
Found 18 items
-rw-r--r--   3 root supergroup 1073741824 2019-02-22 15:59 /myfile1
-rw-r--r--   3 root supergroup 1073741824 2019-02-22 16:00 /myfile10
-rw-r--r--   3 root supergroup 1073741824 2019-02-22 15:57 /myfile11
-rw-r--r--   3 root supergroup 1073741824 2019-02-22 15:58 /myfile12
-rw-r--r--   3 root supergroup 1073741824 2019-02-22 16:00 /myfile14
-rw-r--r--   3 root supergroup 1073741824 2019-02-22 15:57 /myfile15
-rw-r--r--   3 root supergroup 1073741824 2019-02-22 15:58 /myfile16
-rw-r--r--   3 root supergroup 1073741824 2019-02-22 15:59 /myfile17
-rw-r--r--   3 root supergroup 1073741824 2019-02-22 15:58 /myfile18
-rw-r--r--   3 root supergroup 1073741824 2019-02-22 15:56 /myfile19
-rw-r--r--   3 root supergroup 1073741824 2019-02-22 15:57 /myfile2
-rw-r--r--   3 root supergroup 1073741824 2019-02-22 15:58 /myfile20
-rw-r--r--   3 root supergroup 1073741824 2019-02-22 16:00 /myfile3
-rw-r--r--   3 root supergroup 1073741824 2019-02-22 15:58 /myfile4
-rw-r--r--   3 root supergroup 1073741824 2019-02-22 15:59 /myfile5
-rw-r--r--   3 root supergroup 1073741824 2019-02-22 15:57 /myfile6
-rw-r--r--   3 root supergroup 1073741824 2019-02-22 15:59 /myfile7
-rw-r--r--   3 root supergroup 1073741824 2019-02-22 15:58 /myfile8
file 3 has been put into HDFS
file 3 has been read from HDFS for 1 time
diff succeed!
file 3 has been read from HDFS for 2 time
diff succeed!
file 3 has been read from HDFS for 3 time
diff succeed!
file 3 has been read from HDFS for 4 time
diff succeed!
file 3 has been read from HDFS for 5 time
diff succeed!
file 3 has been read from HDFS for 6 time
diff succeed!
file 3 has been read from HDFS for 7 time
diff succeed!
2019-02-22 16:02:50,182 INFO retry.RetryInvocationHandler: java.net.ConnectException: Call From clnode090.clemson.cloudlab.us/130.127.133.99 to node-1-link-0:8020 failed on connection exception: java.net.ConnectException: Connection refused; For more details see:  http://wiki.apache.org/hadoop/ConnectionRefused, while invoking ClientNamenodeProtocolTranslatorPB.getFileInfo over node-1-link-0/10.10.1.4:8020 after 1 failover attempts. Trying to failover after sleeping for 808ms.
file 3 has been read from HDFS for 8 time
diff succeed!
file 3 has been read from HDFS for 9 time
diff succeed!
2019-02-22 16:03:26,312 INFO retry.RetryInvocationHandler: org.apache.hadoop.ipc.RemoteException(org.apache.hadoop.ipc.StandbyException): Operation category READ is not supported in state standby. Visit https://s.apache.org/sbnn-error
	at org.apache.hadoop.hdfs.server.namenode.ha.StandbyState.checkOperation(StandbyState.java:88)
	at org.apache.hadoop.hdfs.server.namenode.NameNode$NameNodeHAContext.checkOperation(NameNode.java:1952)
	at org.apache.hadoop.hdfs.server.namenode.FSNamesystem.checkOperation(FSNamesystem.java:1423)
	at org.apache.hadoop.hdfs.server.namenode.FSNamesystem.getFileInfo(FSNamesystem.java:3085)
	at org.apache.hadoop.hdfs.server.namenode.NameNodeRpcServer.getFileInfo(NameNodeRpcServer.java:1154)
	at org.apache.hadoop.hdfs.protocolPB.ClientNamenodeProtocolServerSideTranslatorPB.getFileInfo(ClientNamenodeProtocolServerSideTranslatorPB.java:966)
	at org.apache.hadoop.hdfs.protocol.proto.ClientNamenodeProtocolProtos$ClientNamenodeProtocol$2.callBlockingMethod(ClientNamenodeProtocolProtos.java)
	at org.apache.hadoop.ipc.ProtobufRpcEngine$Server$ProtoBufRpcInvoker.call(ProtobufRpcEngine.java:523)
	at org.apache.hadoop.ipc.RPC$Server.call(RPC.java:991)
	at org.apache.hadoop.ipc.Server$RpcCall.run(Server.java:872)
	at org.apache.hadoop.ipc.Server$RpcCall.run(Server.java:818)
	at java.security.AccessController.doPrivileged(Native Method)
	at javax.security.auth.Subject.doAs(Subject.java:422)
	at org.apache.hadoop.security.UserGroupInformation.doAs(UserGroupInformation.java:1729)
	at org.apache.hadoop.ipc.Server$Handler.run(Server.java:2678)
, while invoking ClientNamenodeProtocolTranslatorPB.getFileInfo over node-1-link-0/10.10.1.4:8020 after 1 failover attempts. Trying to failover after sleeping for 661ms.
2019-02-22 16:03:26,978 INFO retry.RetryInvocationHandler: java.net.ConnectException: Call From clnode090.clemson.cloudlab.us/130.127.133.99 to node-0-link-0:8020 failed on connection exception: java.net.ConnectException: Connection refused; For more details see:  http://wiki.apache.org/hadoop/ConnectionRefused, while invoking ClientNamenodeProtocolTranslatorPB.getFileInfo over node-0-link-0/10.10.1.1:8020 after 2 failover attempts. Trying to failover after sleeping for 2301ms.
file 3 has been read from HDFS for 10 time
diff succeed!
2019-02-22 16:03:47,525 INFO retry.RetryInvocationHandler: org.apache.hadoop.ipc.RemoteException(org.apache.hadoop.ipc.RetriableException): org.apache.hadoop.hdfs.server.namenode.SafeModeException: Cannot delete /myfile3. Name node is in safe mode.
The reported blocks 140 has reached the threshold 0.9990 of total blocks 140. The number of live datanodes 3 has reached the minimum number 0. In safe mode extension. Safe mode will be turned off automatically in 10 seconds. NamenodeHostName:node-1-link-0
	at org.apache.hadoop.hdfs.server.namenode.FSNamesystem.checkNameNodeSafeMode(FSNamesystem.java:1441)
	at org.apache.hadoop.hdfs.server.namenode.FSNamesystem.delete(FSNamesystem.java:2986)
	at org.apache.hadoop.hdfs.server.namenode.NameNodeRpcServer.delete(NameNodeRpcServer.java:1095)
	at org.apache.hadoop.hdfs.protocolPB.ClientNamenodeProtocolServerSideTranslatorPB.delete(ClientNamenodeProtocolServerSideTranslatorPB.java:692)
	at org.apache.hadoop.hdfs.protocol.proto.ClientNamenodeProtocolProtos$ClientNamenodeProtocol$2.callBlockingMethod(ClientNamenodeProtocolProtos.java)
	at org.apache.hadoop.ipc.ProtobufRpcEngine$Server$ProtoBufRpcInvoker.call(ProtobufRpcEngine.java:523)
	at org.apache.hadoop.ipc.RPC$Server.call(RPC.java:991)
	at org.apache.hadoop.ipc.Server$RpcCall.run(Server.java:872)
	at org.apache.hadoop.ipc.Server$RpcCall.run(Server.java:818)
	at java.security.AccessController.doPrivileged(Native Method)
	at javax.security.auth.Subject.doAs(Subject.java:422)
	at org.apache.hadoop.security.UserGroupInformation.doAs(UserGroupInformation.java:1729)
	at org.apache.hadoop.ipc.Server$Handler.run(Server.java:2678)
Caused by: org.apache.hadoop.hdfs.server.namenode.SafeModeException: Cannot delete /myfile3. Name node is in safe mode.
The reported blocks 140 has reached the threshold 0.9990 of total blocks 140. The number of live datanodes 3 has reached the minimum number 0. In safe mode extension. Safe mode will be turned off automatically in 10 seconds. NamenodeHostName:node-1-link-0
	at org.apache.hadoop.hdfs.server.namenode.FSNamesystem.newSafemodeException(FSNamesystem.java:1450)
	at org.apache.hadoop.hdfs.server.namenode.FSNamesystem.checkNameNodeSafeMode(FSNamesystem.java:1437)
	... 12 more
, while invoking ClientNamenodeProtocolTranslatorPB.delete over node-1-link-0/10.10.1.4:8020. Retrying immediately.
2019-02-22 16:03:47,528 INFO retry.RetryInvocationHandler: org.apache.hadoop.ipc.RemoteException(org.apache.hadoop.ipc.RetriableException): org.apache.hadoop.hdfs.server.namenode.SafeModeException: Cannot delete /myfile3. Name node is in safe mode.
The reported blocks 140 has reached the threshold 0.9990 of total blocks 140. The number of live datanodes 3 has reached the minimum number 0. In safe mode extension. Safe mode will be turned off automatically in 10 seconds. NamenodeHostName:node-1-link-0
	at org.apache.hadoop.hdfs.server.namenode.FSNamesystem.checkNameNodeSafeMode(FSNamesystem.java:1441)
	at org.apache.hadoop.hdfs.server.namenode.FSNamesystem.delete(FSNamesystem.java:2986)
	at org.apache.hadoop.hdfs.server.namenode.NameNodeRpcServer.delete(NameNodeRpcServer.java:1095)
	at org.apache.hadoop.hdfs.protocolPB.ClientNamenodeProtocolServerSideTranslatorPB.delete(ClientNamenodeProtocolServerSideTranslatorPB.java:692)
	at org.apache.hadoop.hdfs.protocol.proto.ClientNamenodeProtocolProtos$ClientNamenodeProtocol$2.callBlockingMethod(ClientNamenodeProtocolProtos.java)
	at org.apache.hadoop.ipc.ProtobufRpcEngine$Server$ProtoBufRpcInvoker.call(ProtobufRpcEngine.java:523)
	at org.apache.hadoop.ipc.RPC$Server.call(RPC.java:991)
	at org.apache.hadoop.ipc.Server$RpcCall.run(Server.java:872)
	at org.apache.hadoop.ipc.Server$RpcCall.run(Server.java:818)
	at java.security.AccessController.doPrivileged(Native Method)
	at javax.security.auth.Subject.doAs(Subject.java:422)
	at org.apache.hadoop.security.UserGroupInformation.doAs(UserGroupInformation.java:1729)
	at org.apache.hadoop.ipc.Server$Handler.run(Server.java:2678)
Caused by: org.apache.hadoop.hdfs.server.namenode.SafeModeException: Cannot delete /myfile3. Name node is in safe mode.
The reported blocks 140 has reached the threshold 0.9990 of total blocks 140. The number of live datanodes 3 has reached the minimum number 0. In safe mode extension. Safe mode will be turned off automatically in 10 seconds. NamenodeHostName:node-1-link-0
	at org.apache.hadoop.hdfs.server.namenode.FSNamesystem.newSafemodeException(FSNamesystem.java:1450)
	at org.apache.hadoop.hdfs.server.namenode.FSNamesystem.checkNameNodeSafeMode(FSNamesystem.java:1437)
	... 12 more
, while invoking ClientNamenodeProtocolTranslatorPB.delete over node-1-link-0/10.10.1.4:8020. Retrying after sleeping for 962ms.
2019-02-22 16:03:48,497 INFO retry.RetryInvocationHandler: org.apache.hadoop.ipc.RemoteException(org.apache.hadoop.ipc.RetriableException): org.apache.hadoop.hdfs.server.namenode.SafeModeException: Cannot delete /myfile3. Name node is in safe mode.
The reported blocks 140 has reached the threshold 0.9990 of total blocks 140. The number of live datanodes 3 has reached the minimum number 0. In safe mode extension. Safe mode will be turned off automatically in 9 seconds. NamenodeHostName:node-1-link-0
	at org.apache.hadoop.hdfs.server.namenode.FSNamesystem.checkNameNodeSafeMode(FSNamesystem.java:1441)
	at org.apache.hadoop.hdfs.server.namenode.FSNamesystem.delete(FSNamesystem.java:2986)
	at org.apache.hadoop.hdfs.server.namenode.NameNodeRpcServer.delete(NameNodeRpcServer.java:1095)
	at org.apache.hadoop.hdfs.protocolPB.ClientNamenodeProtocolServerSideTranslatorPB.delete(ClientNamenodeProtocolServerSideTranslatorPB.java:692)
	at org.apache.hadoop.hdfs.protocol.proto.ClientNamenodeProtocolProtos$ClientNamenodeProtocol$2.callBlockingMethod(ClientNamenodeProtocolProtos.java)
	at org.apache.hadoop.ipc.ProtobufRpcEngine$Server$ProtoBufRpcInvoker.call(ProtobufRpcEngine.java:523)
	at org.apache.hadoop.ipc.RPC$Server.call(RPC.java:991)
	at org.apache.hadoop.ipc.Server$RpcCall.run(Server.java:872)
	at org.apache.hadoop.ipc.Server$RpcCall.run(Server.java:818)
	at java.security.AccessController.doPrivileged(Native Method)
	at javax.security.auth.Subject.doAs(Subject.java:422)
	at org.apache.hadoop.security.UserGroupInformation.doAs(UserGroupInformation.java:1729)
	at org.apache.hadoop.ipc.Server$Handler.run(Server.java:2678)
Caused by: org.apache.hadoop.hdfs.server.namenode.SafeModeException: Cannot delete /myfile3. Name node is in safe mode.
The reported blocks 140 has reached the threshold 0.9990 of total blocks 140. The number of live datanodes 3 has reached the minimum number 0. In safe mode extension. Safe mode will be turned off automatically in 9 seconds. NamenodeHostName:node-1-link-0
	at org.apache.hadoop.hdfs.server.namenode.FSNamesystem.newSafemodeException(FSNamesystem.java:1450)
	at org.apache.hadoop.hdfs.server.namenode.FSNamesystem.checkNameNodeSafeMode(FSNamesystem.java:1437)
	... 12 more
, while invoking ClientNamenodeProtocolTranslatorPB.delete over node-1-link-0/10.10.1.4:8020. Retrying after sleeping for 2855ms.
2019-02-22 16:03:51,355 INFO retry.RetryInvocationHandler: org.apache.hadoop.ipc.RemoteException(org.apache.hadoop.ipc.RetriableException): org.apache.hadoop.hdfs.server.namenode.SafeModeException: Cannot delete /myfile3. Name node is in safe mode.
The reported blocks 140 has reached the threshold 0.9990 of total blocks 140. The number of live datanodes 3 has reached the minimum number 0. In safe mode extension. Safe mode will be turned off automatically in 6 seconds. NamenodeHostName:node-1-link-0
	at org.apache.hadoop.hdfs.server.namenode.FSNamesystem.checkNameNodeSafeMode(FSNamesystem.java:1441)
	at org.apache.hadoop.hdfs.server.namenode.FSNamesystem.delete(FSNamesystem.java:2986)
	at org.apache.hadoop.hdfs.server.namenode.NameNodeRpcServer.delete(NameNodeRpcServer.java:1095)
	at org.apache.hadoop.hdfs.protocolPB.ClientNamenodeProtocolServerSideTranslatorPB.delete(ClientNamenodeProtocolServerSideTranslatorPB.java:692)
	at org.apache.hadoop.hdfs.protocol.proto.ClientNamenodeProtocolProtos$ClientNamenodeProtocol$2.callBlockingMethod(ClientNamenodeProtocolProtos.java)
	at org.apache.hadoop.ipc.ProtobufRpcEngine$Server$ProtoBufRpcInvoker.call(ProtobufRpcEngine.java:523)
	at org.apache.hadoop.ipc.RPC$Server.call(RPC.java:991)
	at org.apache.hadoop.ipc.Server$RpcCall.run(Server.java:872)
	at org.apache.hadoop.ipc.Server$RpcCall.run(Server.java:818)
	at java.security.AccessController.doPrivileged(Native Method)
	at javax.security.auth.Subject.doAs(Subject.java:422)
	at org.apache.hadoop.security.UserGroupInformation.doAs(UserGroupInformation.java:1729)
	at org.apache.hadoop.ipc.Server$Handler.run(Server.java:2678)
Caused by: org.apache.hadoop.hdfs.server.namenode.SafeModeException: Cannot delete /myfile3. Name node is in safe mode.
The reported blocks 140 has reached the threshold 0.9990 of total blocks 140. The number of live datanodes 3 has reached the minimum number 0. In safe mode extension. Safe mode will be turned off automatically in 6 seconds. NamenodeHostName:node-1-link-0
	at org.apache.hadoop.hdfs.server.namenode.FSNamesystem.newSafemodeException(FSNamesystem.java:1450)
	at org.apache.hadoop.hdfs.server.namenode.FSNamesystem.checkNameNodeSafeMode(FSNamesystem.java:1437)
	... 12 more
, while invoking ClientNamenodeProtocolTranslatorPB.delete over node-1-link-0/10.10.1.4:8020. Retrying after sleeping for 4647ms.
2019-02-22 16:03:56,005 INFO retry.RetryInvocationHandler: org.apache.hadoop.ipc.RemoteException(org.apache.hadoop.ipc.RetriableException): org.apache.hadoop.hdfs.server.namenode.SafeModeException: Cannot delete /myfile3. Name node is in safe mode.
The reported blocks 140 has reached the threshold 0.9990 of total blocks 140. The number of live datanodes 3 has reached the minimum number 0. In safe mode extension. Safe mode will be turned off automatically in 1 seconds. NamenodeHostName:node-1-link-0
	at org.apache.hadoop.hdfs.server.namenode.FSNamesystem.checkNameNodeSafeMode(FSNamesystem.java:1441)
	at org.apache.hadoop.hdfs.server.namenode.FSNamesystem.delete(FSNamesystem.java:2986)
	at org.apache.hadoop.hdfs.server.namenode.NameNodeRpcServer.delete(NameNodeRpcServer.java:1095)
	at org.apache.hadoop.hdfs.protocolPB.ClientNamenodeProtocolServerSideTranslatorPB.delete(ClientNamenodeProtocolServerSideTranslatorPB.java:692)
	at org.apache.hadoop.hdfs.protocol.proto.ClientNamenodeProtocolProtos$ClientNamenodeProtocol$2.callBlockingMethod(ClientNamenodeProtocolProtos.java)
	at org.apache.hadoop.ipc.ProtobufRpcEngine$Server$ProtoBufRpcInvoker.call(ProtobufRpcEngine.java:523)
	at org.apache.hadoop.ipc.RPC$Server.call(RPC.java:991)
	at org.apache.hadoop.ipc.Server$RpcCall.run(Server.java:872)
	at org.apache.hadoop.ipc.Server$RpcCall.run(Server.java:818)
	at java.security.AccessController.doPrivileged(Native Method)
	at javax.security.auth.Subject.doAs(Subject.java:422)
	at org.apache.hadoop.security.UserGroupInformation.doAs(UserGroupInformation.java:1729)
	at org.apache.hadoop.ipc.Server$Handler.run(Server.java:2678)
Caused by: org.apache.hadoop.hdfs.server.namenode.SafeModeException: Cannot delete /myfile3. Name node is in safe mode.
The reported blocks 140 has reached the threshold 0.9990 of total blocks 140. The number of live datanodes 3 has reached the minimum number 0. In safe mode extension. Safe mode will be turned off automatically in 1 seconds. NamenodeHostName:node-1-link-0
	at org.apache.hadoop.hdfs.server.namenode.FSNamesystem.newSafemodeException(FSNamesystem.java:1450)
	at org.apache.hadoop.hdfs.server.namenode.FSNamesystem.checkNameNodeSafeMode(FSNamesystem.java:1437)
	... 12 more
, while invoking ClientNamenodeProtocolTranslatorPB.delete over node-1-link-0/10.10.1.4:8020. Retrying after sleeping for 6801ms.
Deleted /myfile3
file 3 has been removed from HDFS
Found 20 items
-rw-r--r--   3 root supergroup 1073741824 2019-02-22 16:04 /myfile1
-rw-r--r--   3 root supergroup 1073741824 2019-02-22 16:04 /myfile10
-rw-r--r--   3 root supergroup 1073741824 2019-02-22 16:02 /myfile11
-rw-r--r--   3 root supergroup 1073741824 2019-02-22 16:02 /myfile12
-rw-r--r--   3 root supergroup 1073741824 2019-02-22 16:04 /myfile13
-rw-r--r--   3 root supergroup  671088640 2019-02-22 16:04 /myfile14._COPYING_
-rw-r--r--   3 root supergroup 1073741824 2019-02-22 16:01 /myfile15
-rw-r--r--   3 root supergroup 1073741824 2019-02-22 16:01 /myfile16
-rw-r--r--   3 root supergroup 1073741824 2019-02-22 16:04 /myfile17
-rw-r--r--   3 root supergroup 1073741824 2019-02-22 16:02 /myfile18
-rw-r--r--   3 root supergroup          0 2019-02-22 16:04 /myfile19._COPYING_
-rw-r--r--   3 root supergroup 1073741824 2019-02-22 16:01 /myfile2
-rw-r--r--   3 root supergroup 1073741824 2019-02-22 16:01 /myfile20
-rw-r--r--   3 root supergroup 1073741824 2019-02-22 16:04 /myfile3
-rw-r--r--   3 root supergroup 1073741824 2019-02-22 16:02 /myfile4
-rw-r--r--   3 root supergroup 1073741824 2019-02-22 16:04 /myfile5
-rw-r--r--   3 root supergroup 1073741824 2019-02-22 16:00 /myfile6
-rw-r--r--   3 root supergroup 1073741824 2019-02-22 16:04 /myfile7
-rw-r--r--   3 root supergroup 1073741824 2019-02-22 16:02 /myfile8
-rw-r--r--   3 root supergroup 1073741824 2019-02-22 16:04 /myfile9
file 3 has been put into HDFS
file 3 has been read from HDFS for 1 time
diff succeed!
file 3 has been read from HDFS for 2 time
diff succeed!
file 3 has been read from HDFS for 3 time
diff succeed!
file 3 has been read from HDFS for 4 time
diff succeed!
file 3 has been read from HDFS for 5 time
diff succeed!
file 3 has been read from HDFS for 6 time
diff succeed!
file 3 has been read from HDFS for 7 time
diff succeed!
file 3 has been read from HDFS for 8 time
diff succeed!
file 3 has been read from HDFS for 9 time
diff succeed!
file 3 has been read from HDFS for 10 time
diff succeed!
Deleted /myfile3
file 3 has been removed from HDFS
Found 20 items
-rw-r--r--   3 root supergroup  402653184 2019-02-22 16:08 /myfile1._COPYING_
-rw-r--r--   3 root supergroup 1073741824 2019-02-22 16:08 /myfile10
-rw-r--r--   3 root supergroup 1073741824 2019-02-22 16:05 /myfile11
-rw-r--r--   3 root supergroup 1073741824 2019-02-22 16:06 /myfile12
-rw-r--r--   3 root supergroup 1073741824 2019-02-22 16:08 /myfile13
-rw-r--r--   3 root supergroup 1073741824 2019-02-22 16:04 /myfile14
-rw-r--r--   3 root supergroup 1073741824 2019-02-22 16:06 /myfile15
-rw-r--r--   3 root supergroup 1073741824 2019-02-22 16:07 /myfile16
-rw-r--r--   3 root supergroup 1073741824 2019-02-22 16:08 /myfile17
-rw-r--r--   3 root supergroup 1073741824 2019-02-22 16:06 /myfile18
-rw-r--r--   3 root supergroup 1073741824 2019-02-22 16:04 /myfile19
-rw-r--r--   3 root supergroup 1073741824 2019-02-22 16:06 /myfile2
-rw-r--r--   3 root supergroup 1073741824 2019-02-22 16:05 /myfile20
-rw-r--r--   3 root supergroup 1073741824 2019-02-22 16:08 /myfile3
-rw-r--r--   3 root supergroup 1073741824 2019-02-22 16:05 /myfile4
-rw-r--r--   3 root supergroup 1073741824 2019-02-22 16:07 /myfile5
-rw-r--r--   3 root supergroup 1073741824 2019-02-22 16:06 /myfile6
-rw-r--r--   3 root supergroup 1073741824 2019-02-22 16:04 /myfile7
-rw-r--r--   3 root supergroup 1073741824 2019-02-22 16:05 /myfile8
-rw-r--r--   3 root supergroup  536870912 2019-02-22 16:08 /myfile9._COPYING_
file 3 has been put into HDFS
file 3 has been read from HDFS for 1 time
diff succeed!
file 3 has been read from HDFS for 2 time
diff succeed!
file 3 has been read from HDFS for 3 time
diff succeed!
file 3 has been read from HDFS for 4 time
diff succeed!
file 3 has been read from HDFS for 5 time
diff succeed!
file 3 has been read from HDFS for 6 time
diff succeed!
file 3 has been read from HDFS for 7 time
diff succeed!
file 3 has been read from HDFS for 8 time
diff succeed!
file 3 has been read from HDFS for 9 time
diff succeed!
file 3 has been read from HDFS for 10 time
diff succeed!
Deleted /myfile3
file 3 has been removed from HDFS
Found 20 items
-rw-r--r--   3 root supergroup 1073741824 2019-02-22 16:12 /myfile1
-rw-r--r--   3 root supergroup 1073741824 2019-02-22 16:12 /myfile10
-rw-r--r--   3 root supergroup 1073741824 2019-02-22 16:10 /myfile11
-rw-r--r--   3 root supergroup 1073741824 2019-02-22 16:10 /myfile12
-rw-r--r--   3 root supergroup 1073741824 2019-02-22 16:12 /myfile13
-rw-r--r--   3 root supergroup 1073741824 2019-02-22 16:09 /myfile14
-rw-r--r--   3 root supergroup 1073741824 2019-02-22 16:12 /myfile15
-rw-r--r--   3 root supergroup 1073741824 2019-02-22 16:12 /myfile16
-rw-r--r--   3 root supergroup 1073741824 2019-02-22 16:12 /myfile17
-rw-r--r--   3 root supergroup 1073741824 2019-02-22 16:10 /myfile18
-rw-r--r--   3 root supergroup 1073741824 2019-02-22 16:08 /myfile19
-rw-r--r--   3 root supergroup 1073741824 2019-02-22 16:10 /myfile2
-rw-r--r--   3 root supergroup 1073741824 2019-02-22 16:10 /myfile20
-rw-r--r--   3 root supergroup 1073741824 2019-02-22 16:12 /myfile3
-rw-r--r--   3 root supergroup 1073741824 2019-02-22 16:10 /myfile4
-rw-r--r--   3 root supergroup 1073741824 2019-02-22 16:12 /myfile5
-rw-r--r--   3 root supergroup 1073741824 2019-02-22 16:10 /myfile6
-rw-r--r--   3 root supergroup 1073741824 2019-02-22 16:09 /myfile7
-rw-r--r--   3 root supergroup 1073741824 2019-02-22 16:09 /myfile8
-rw-r--r--   3 root supergroup 1073741824 2019-02-22 16:12 /myfile9
file 3 has been put into HDFS
file 3 has been read from HDFS for 1 time
diff succeed!
file 3 has been read from HDFS for 2 time
diff succeed!
file 3 has been read from HDFS for 3 time
diff succeed!
sub_benchmark 4 signal TERM catched and let quit gracefully
file 3 has been read from HDFS for 4 time
diff succeed!
Deleted /myfile3
file 3 has been removed from HDFS
