Found 20 items
-rw-r--r--   3 root supergroup 1073741824 2019-02-26 23:58 /myfile1
-rw-r--r--   3 root supergroup 1073741824 2019-02-26 23:58 /myfile10
-rw-r--r--   3 root supergroup 1073741824 2019-02-26 23:58 /myfile11
-rw-r--r--   3 root supergroup 1073741824 2019-02-26 23:58 /myfile12
-rw-r--r--   3 root supergroup 1073741824 2019-02-26 23:58 /myfile13
-rw-r--r--   3 root supergroup 1073741824 2019-02-26 23:58 /myfile14
-rw-r--r--   3 root supergroup  939524096 2019-02-26 23:58 /myfile15._COPYING_
-rw-r--r--   3 root supergroup  939524096 2019-02-26 23:58 /myfile16._COPYING_
-rw-r--r--   3 root supergroup 1073741824 2019-02-26 23:58 /myfile17
-rw-r--r--   3 root supergroup 1073741824 2019-02-26 23:58 /myfile18
-rw-r--r--   3 root supergroup 1073741824 2019-02-26 23:58 /myfile19
-rw-r--r--   3 root supergroup  939524096 2019-02-26 23:58 /myfile2._COPYING_
-rw-r--r--   3 root supergroup 1073741824 2019-02-26 23:58 /myfile20
-rw-r--r--   3 root supergroup 1073741824 2019-02-26 23:58 /myfile3
-rw-r--r--   3 root supergroup 1073741824 2019-02-26 23:58 /myfile4
-rw-r--r--   3 root supergroup 1073741824 2019-02-26 23:58 /myfile5
-rw-r--r--   3 root supergroup 1073741824 2019-02-26 23:58 /myfile6
-rw-r--r--   3 root supergroup 1073741824 2019-02-26 23:58 /myfile7
-rw-r--r--   3 root supergroup 1073741824 2019-02-26 23:58 /myfile8
-rw-r--r--   3 root supergroup 1073741824 2019-02-26 23:58 /myfile9
file 1 has been put into HDFS
file 1 has been read from HDFS for 1 time
diff succeed!
file 1 has been read from HDFS for 2 time
diff succeed!
file 1 has been read from HDFS for 3 time
diff succeed!
file 1 has been read from HDFS for 4 time
diff succeed!
file 1 has been read from HDFS for 5 time
diff succeed!
file 1 has been read from HDFS for 6 time
diff succeed!
file 1 has been read from HDFS for 7 time
diff succeed!
file 1 has been read from HDFS for 8 time
diff succeed!
file 1 has been read from HDFS for 9 time
diff succeed!
file 1 has been read from HDFS for 10 time
diff succeed!
Deleted /myfile1
file 1 has been removed from HDFS
Found 20 items
-rw-r--r--   3 root supergroup 1073741824 2019-02-27 00:03 /myfile1
-rw-r--r--   3 root supergroup  268435456 2019-02-27 00:03 /myfile10._COPYING_
-rw-r--r--   3 root supergroup  939524096 2019-02-27 00:02 /myfile11._COPYING_
-rw-r--r--   3 root supergroup 1073741824 2019-02-26 23:58 /myfile12
-rw-r--r--   3 root supergroup 1073741824 2019-02-26 23:58 /myfile13
-rw-r--r--   3 root supergroup 1073741824 2019-02-26 23:58 /myfile14
-rw-r--r--   3 root supergroup  805306368 2019-02-27 00:02 /myfile15._COPYING_
-rw-r--r--   3 root supergroup  402653184 2019-02-27 00:03 /myfile16._COPYING_
-rw-r--r--   3 root supergroup 1073741824 2019-02-27 00:02 /myfile17
-rw-r--r--   3 root supergroup 1073741824 2019-02-26 23:58 /myfile18
-rw-r--r--   3 root supergroup 1073741824 2019-02-26 23:58 /myfile19
-rw-r--r--   3 root supergroup  536870912 2019-02-27 00:02 /myfile2._COPYING_
-rw-r--r--   3 root supergroup  939524096 2019-02-27 00:02 /myfile20._COPYING_
-rw-r--r--   3 root supergroup  805306368 2019-02-27 00:02 /myfile3._COPYING_
-rw-r--r--   3 root supergroup  671088640 2019-02-27 00:02 /myfile4._COPYING_
-rw-r--r--   3 root supergroup  268435456 2019-02-27 00:02 /myfile5._COPYING_
-rw-r--r--   3 root supergroup 1073741824 2019-02-26 23:58 /myfile6
-rw-r--r--   3 root supergroup  536870912 2019-02-27 00:02 /myfile7._COPYING_
-rw-r--r--   3 root supergroup  671088640 2019-02-27 00:02 /myfile8._COPYING_
-rw-r--r--   3 root supergroup 1073741824 2019-02-26 23:58 /myfile9
file 1 has been put into HDFS
file 1 has been read from HDFS for 1 time
diff succeed!
file 1 has been read from HDFS for 2 time
diff succeed!
file 1 has been read from HDFS for 3 time
diff succeed!
file 1 has been read from HDFS for 4 time
diff succeed!
file 1 has been read from HDFS for 5 time
diff succeed!
file 1 has been read from HDFS for 6 time
diff succeed!
file 1 has been read from HDFS for 7 time
diff succeed!
file 1 has been read from HDFS for 8 time
diff succeed!
file 1 has been read from HDFS for 9 time
diff succeed!
file 1 has been read from HDFS for 10 time
diff succeed!
Deleted /myfile1
file 1 has been removed from HDFS
Found 18 items
-rw-r--r--   3 root supergroup 1073741824 2019-02-27 00:07 /myfile1
-rw-r--r--   3 root supergroup 1073741824 2019-02-27 00:03 /myfile10
-rw-r--r--   3 root supergroup 1073741824 2019-02-27 00:04 /myfile12
-rw-r--r--   3 root supergroup 1073741824 2019-02-27 00:05 /myfile13
-rw-r--r--   3 root supergroup 1073741824 2019-02-27 00:04 /myfile14
-rw-r--r--   3 root supergroup  805306368 2019-02-27 00:07 /myfile15._COPYING_
-rw-r--r--   3 root supergroup 1073741824 2019-02-27 00:03 /myfile16
-rw-r--r--   3 root supergroup  536870912 2019-02-27 00:07 /myfile17._COPYING_
-rw-r--r--   3 root supergroup 1073741824 2019-02-27 00:04 /myfile18
-rw-r--r--   3 root supergroup 1073741824 2019-02-27 00:05 /myfile19
-rw-r--r--   3 root supergroup 1073741824 2019-02-27 00:03 /myfile2
-rw-r--r--   3 root supergroup 1073741824 2019-02-27 00:03 /myfile20
-rw-r--r--   3 root supergroup 1073741824 2019-02-27 00:03 /myfile4
-rw-r--r--   3 root supergroup 1073741824 2019-02-27 00:03 /myfile5
-rw-r--r--   3 root supergroup 1073741824 2019-02-27 00:04 /myfile6
-rw-r--r--   3 root supergroup 1073741824 2019-02-27 00:03 /myfile7
-rw-r--r--   3 root supergroup  402653184 2019-02-27 00:07 /myfile8._COPYING_
-rw-r--r--   3 root supergroup 1073741824 2019-02-27 00:05 /myfile9
file 1 has been put into HDFS
file 1 has been read from HDFS for 1 time
diff succeed!
file 1 has been read from HDFS for 2 time
diff succeed!
file 1 has been read from HDFS for 3 time
diff succeed!
file 1 has been read from HDFS for 4 time
diff succeed!
file 1 has been read from HDFS for 5 time
diff succeed!
file 1 has been read from HDFS for 6 time
diff succeed!
file 1 has been read from HDFS for 7 time
diff succeed!
file 1 has been read from HDFS for 8 time
diff succeed!
file 1 has been read from HDFS for 9 time
diff succeed!
file 1 has been read from HDFS for 10 time
diff succeed!
Deleted /myfile1
file 1 has been removed from HDFS
2019-02-27 00:11:21,800 INFO retry.RetryInvocationHandler: java.io.EOFException: End of File Exception between local host is: "clnode049.clemson.cloudlab.us/130.127.133.58"; destination host is: "node-0-link-0":8020; : java.io.EOFException; For more details see:  http://wiki.apache.org/hadoop/EOFException, while invoking ClientNamenodeProtocolTranslatorPB.addBlock over node-0-link-0/10.10.1.1:8020. Trying to failover immediately.
2019-02-27 00:11:21,836 INFO retry.RetryInvocationHandler: org.apache.hadoop.ipc.RemoteException(org.apache.hadoop.ipc.RetriableException): org.apache.hadoop.hdfs.server.namenode.SafeModeException: Cannot add block to /myfile1._COPYING_. Name node is in safe mode.
The reported blocks 143 has reached the threshold 0.9990 of total blocks 143. The number of live datanodes 3 has reached the minimum number 0. In safe mode extension. Safe mode will be turned off automatically in 12 seconds. NamenodeHostName:node-1-link-0
	at org.apache.hadoop.hdfs.server.namenode.FSNamesystem.checkNameNodeSafeMode(FSNamesystem.java:1441)
	at org.apache.hadoop.hdfs.server.namenode.FSDirWriteFileOp.analyzeFileState(FSDirWriteFileOp.java:591)
	at org.apache.hadoop.hdfs.server.namenode.FSDirWriteFileOp.validateAddBlock(FSDirWriteFileOp.java:172)
	at org.apache.hadoop.hdfs.server.namenode.FSNamesystem.getAdditionalBlock(FSNamesystem.java:2679)
	at org.apache.hadoop.hdfs.server.namenode.NameNodeRpcServer.addBlock(NameNodeRpcServer.java:875)
	at org.apache.hadoop.hdfs.protocolPB.ClientNamenodeProtocolServerSideTranslatorPB.addBlock(ClientNamenodeProtocolServerSideTranslatorPB.java:561)
	at org.apache.hadoop.hdfs.protocol.proto.ClientNamenodeProtocolProtos$ClientNamenodeProtocol$2.callBlockingMethod(ClientNamenodeProtocolProtos.java)
	at org.apache.hadoop.ipc.ProtobufRpcEngine$Server$ProtoBufRpcInvoker.call(ProtobufRpcEngine.java:523)
	at org.apache.hadoop.ipc.RPC$Server.call(RPC.java:991)
	at org.apache.hadoop.ipc.Server$RpcCall.run(Server.java:872)
	at org.apache.hadoop.ipc.Server$RpcCall.run(Server.java:818)
	at java.security.AccessController.doPrivileged(Native Method)
	at javax.security.auth.Subject.doAs(Subject.java:422)
	at org.apache.hadoop.security.UserGroupInformation.doAs(UserGroupInformation.java:1729)
	at org.apache.hadoop.ipc.Server$Handler.run(Server.java:2678)
Caused by: org.apache.hadoop.hdfs.server.namenode.SafeModeException: Cannot add block to /myfile1._COPYING_. Name node is in safe mode.
The reported blocks 143 has reached the threshold 0.9990 of total blocks 143. The number of live datanodes 3 has reached the minimum number 0. In safe mode extension. Safe mode will be turned off automatically in 12 seconds. NamenodeHostName:node-1-link-0
	at org.apache.hadoop.hdfs.server.namenode.FSNamesystem.newSafemodeException(FSNamesystem.java:1450)
	at org.apache.hadoop.hdfs.server.namenode.FSNamesystem.checkNameNodeSafeMode(FSNamesystem.java:1437)
	... 14 more
, while invoking ClientNamenodeProtocolTranslatorPB.addBlock over node-1-link-0/10.10.1.4:8020 after 1 failover attempts. Retrying after sleeping for 517ms.
2019-02-27 00:11:22,357 INFO retry.RetryInvocationHandler: org.apache.hadoop.ipc.RemoteException(org.apache.hadoop.ipc.RetriableException): org.apache.hadoop.hdfs.server.namenode.SafeModeException: Cannot add block to /myfile1._COPYING_. Name node is in safe mode.
The reported blocks 143 has reached the threshold 0.9990 of total blocks 143. The number of live datanodes 3 has reached the minimum number 0. In safe mode extension. Safe mode will be turned off automatically in 11 seconds. NamenodeHostName:node-1-link-0
	at org.apache.hadoop.hdfs.server.namenode.FSNamesystem.checkNameNodeSafeMode(FSNamesystem.java:1441)
	at org.apache.hadoop.hdfs.server.namenode.FSDirWriteFileOp.analyzeFileState(FSDirWriteFileOp.java:591)
	at org.apache.hadoop.hdfs.server.namenode.FSDirWriteFileOp.validateAddBlock(FSDirWriteFileOp.java:172)
	at org.apache.hadoop.hdfs.server.namenode.FSNamesystem.getAdditionalBlock(FSNamesystem.java:2679)
	at org.apache.hadoop.hdfs.server.namenode.NameNodeRpcServer.addBlock(NameNodeRpcServer.java:875)
	at org.apache.hadoop.hdfs.protocolPB.ClientNamenodeProtocolServerSideTranslatorPB.addBlock(ClientNamenodeProtocolServerSideTranslatorPB.java:561)
	at org.apache.hadoop.hdfs.protocol.proto.ClientNamenodeProtocolProtos$ClientNamenodeProtocol$2.callBlockingMethod(ClientNamenodeProtocolProtos.java)
	at org.apache.hadoop.ipc.ProtobufRpcEngine$Server$ProtoBufRpcInvoker.call(ProtobufRpcEngine.java:523)
	at org.apache.hadoop.ipc.RPC$Server.call(RPC.java:991)
	at org.apache.hadoop.ipc.Server$RpcCall.run(Server.java:872)
	at org.apache.hadoop.ipc.Server$RpcCall.run(Server.java:818)
	at java.security.AccessController.doPrivileged(Native Method)
	at javax.security.auth.Subject.doAs(Subject.java:422)
	at org.apache.hadoop.security.UserGroupInformation.doAs(UserGroupInformation.java:1729)
	at org.apache.hadoop.ipc.Server$Handler.run(Server.java:2678)
Caused by: org.apache.hadoop.hdfs.server.namenode.SafeModeException: Cannot add block to /myfile1._COPYING_. Name node is in safe mode.
The reported blocks 143 has reached the threshold 0.9990 of total blocks 143. The number of live datanodes 3 has reached the minimum number 0. In safe mode extension. Safe mode will be turned off automatically in 11 seconds. NamenodeHostName:node-1-link-0
	at org.apache.hadoop.hdfs.server.namenode.FSNamesystem.newSafemodeException(FSNamesystem.java:1450)
	at org.apache.hadoop.hdfs.server.namenode.FSNamesystem.checkNameNodeSafeMode(FSNamesystem.java:1437)
	... 14 more
, while invoking ClientNamenodeProtocolTranslatorPB.addBlock over node-1-link-0/10.10.1.4:8020 after 1 failover attempts. Retrying after sleeping for 2124ms.
2019-02-27 00:11:24,484 INFO retry.RetryInvocationHandler: org.apache.hadoop.ipc.RemoteException(org.apache.hadoop.ipc.RetriableException): org.apache.hadoop.hdfs.server.namenode.SafeModeException: Cannot add block to /myfile1._COPYING_. Name node is in safe mode.
The reported blocks 143 has reached the threshold 0.9990 of total blocks 143. The number of live datanodes 3 has reached the minimum number 0. In safe mode extension. Safe mode will be turned off automatically in 9 seconds. NamenodeHostName:node-1-link-0
	at org.apache.hadoop.hdfs.server.namenode.FSNamesystem.checkNameNodeSafeMode(FSNamesystem.java:1441)
	at org.apache.hadoop.hdfs.server.namenode.FSDirWriteFileOp.analyzeFileState(FSDirWriteFileOp.java:591)
	at org.apache.hadoop.hdfs.server.namenode.FSDirWriteFileOp.validateAddBlock(FSDirWriteFileOp.java:172)
	at org.apache.hadoop.hdfs.server.namenode.FSNamesystem.getAdditionalBlock(FSNamesystem.java:2679)
	at org.apache.hadoop.hdfs.server.namenode.NameNodeRpcServer.addBlock(NameNodeRpcServer.java:875)
	at org.apache.hadoop.hdfs.protocolPB.ClientNamenodeProtocolServerSideTranslatorPB.addBlock(ClientNamenodeProtocolServerSideTranslatorPB.java:561)
	at org.apache.hadoop.hdfs.protocol.proto.ClientNamenodeProtocolProtos$ClientNamenodeProtocol$2.callBlockingMethod(ClientNamenodeProtocolProtos.java)
	at org.apache.hadoop.ipc.ProtobufRpcEngine$Server$ProtoBufRpcInvoker.call(ProtobufRpcEngine.java:523)
	at org.apache.hadoop.ipc.RPC$Server.call(RPC.java:991)
	at org.apache.hadoop.ipc.Server$RpcCall.run(Server.java:872)
	at org.apache.hadoop.ipc.Server$RpcCall.run(Server.java:818)
	at java.security.AccessController.doPrivileged(Native Method)
	at javax.security.auth.Subject.doAs(Subject.java:422)
	at org.apache.hadoop.security.UserGroupInformation.doAs(UserGroupInformation.java:1729)
	at org.apache.hadoop.ipc.Server$Handler.run(Server.java:2678)
Caused by: org.apache.hadoop.hdfs.server.namenode.SafeModeException: Cannot add block to /myfile1._COPYING_. Name node is in safe mode.
The reported blocks 143 has reached the threshold 0.9990 of total blocks 143. The number of live datanodes 3 has reached the minimum number 0. In safe mode extension. Safe mode will be turned off automatically in 9 seconds. NamenodeHostName:node-1-link-0
	at org.apache.hadoop.hdfs.server.namenode.FSNamesystem.newSafemodeException(FSNamesystem.java:1450)
	at org.apache.hadoop.hdfs.server.namenode.FSNamesystem.checkNameNodeSafeMode(FSNamesystem.java:1437)
	... 14 more
, while invoking ClientNamenodeProtocolTranslatorPB.addBlock over node-1-link-0/10.10.1.4:8020 after 1 failover attempts. Retrying after sleeping for 2737ms.
2019-02-27 00:11:27,224 INFO retry.RetryInvocationHandler: org.apache.hadoop.ipc.RemoteException(org.apache.hadoop.ipc.RetriableException): org.apache.hadoop.hdfs.server.namenode.SafeModeException: Cannot add block to /myfile1._COPYING_. Name node is in safe mode.
The reported blocks 143 has reached the threshold 0.9990 of total blocks 143. The number of live datanodes 3 has reached the minimum number 0. In safe mode extension. Safe mode will be turned off automatically in 6 seconds. NamenodeHostName:node-1-link-0
	at org.apache.hadoop.hdfs.server.namenode.FSNamesystem.checkNameNodeSafeMode(FSNamesystem.java:1441)
	at org.apache.hadoop.hdfs.server.namenode.FSDirWriteFileOp.analyzeFileState(FSDirWriteFileOp.java:591)
	at org.apache.hadoop.hdfs.server.namenode.FSDirWriteFileOp.validateAddBlock(FSDirWriteFileOp.java:172)
	at org.apache.hadoop.hdfs.server.namenode.FSNamesystem.getAdditionalBlock(FSNamesystem.java:2679)
	at org.apache.hadoop.hdfs.server.namenode.NameNodeRpcServer.addBlock(NameNodeRpcServer.java:875)
	at org.apache.hadoop.hdfs.protocolPB.ClientNamenodeProtocolServerSideTranslatorPB.addBlock(ClientNamenodeProtocolServerSideTranslatorPB.java:561)
	at org.apache.hadoop.hdfs.protocol.proto.ClientNamenodeProtocolProtos$ClientNamenodeProtocol$2.callBlockingMethod(ClientNamenodeProtocolProtos.java)
	at org.apache.hadoop.ipc.ProtobufRpcEngine$Server$ProtoBufRpcInvoker.call(ProtobufRpcEngine.java:523)
	at org.apache.hadoop.ipc.RPC$Server.call(RPC.java:991)
	at org.apache.hadoop.ipc.Server$RpcCall.run(Server.java:872)
	at org.apache.hadoop.ipc.Server$RpcCall.run(Server.java:818)
	at java.security.AccessController.doPrivileged(Native Method)
	at javax.security.auth.Subject.doAs(Subject.java:422)
	at org.apache.hadoop.security.UserGroupInformation.doAs(UserGroupInformation.java:1729)
	at org.apache.hadoop.ipc.Server$Handler.run(Server.java:2678)
Caused by: org.apache.hadoop.hdfs.server.namenode.SafeModeException: Cannot add block to /myfile1._COPYING_. Name node is in safe mode.
The reported blocks 143 has reached the threshold 0.9990 of total blocks 143. The number of live datanodes 3 has reached the minimum number 0. In safe mode extension. Safe mode will be turned off automatically in 6 seconds. NamenodeHostName:node-1-link-0
	at org.apache.hadoop.hdfs.server.namenode.FSNamesystem.newSafemodeException(FSNamesystem.java:1450)
	at org.apache.hadoop.hdfs.server.namenode.FSNamesystem.checkNameNodeSafeMode(FSNamesystem.java:1437)
	... 14 more
, while invoking ClientNamenodeProtocolTranslatorPB.addBlock over node-1-link-0/10.10.1.4:8020 after 1 failover attempts. Retrying after sleeping for 8224ms.
Found 19 items
-rw-r--r--   3 root supergroup 1073741824 2019-02-27 00:11 /myfile1
-rw-r--r--   3 root supergroup 1073741824 2019-02-27 00:08 /myfile10
-rw-r--r--   3 root supergroup          0 2019-02-27 00:11 /myfile11._COPYING_
-rw-r--r--   3 root supergroup 1073741824 2019-02-27 00:08 /myfile12
-rw-r--r--   3 root supergroup 1073741824 2019-02-27 00:09 /myfile13
-rw-r--r--   3 root supergroup 1073741824 2019-02-27 00:09 /myfile14
-rw-r--r--   3 root supergroup  402653184 2019-02-27 00:11 /myfile15._COPYING_
-rw-r--r--   3 root supergroup 1073741824 2019-02-27 00:09 /myfile16
-rw-r--r--   3 root supergroup 1073741824 2019-02-27 00:11 /myfile18
-rw-r--r--   3 root supergroup 1073741824 2019-02-27 00:10 /myfile19
-rw-r--r--   3 root supergroup 1073741824 2019-02-27 00:09 /myfile2
-rw-r--r--   3 root supergroup 1073741824 2019-02-27 00:08 /myfile20
-rw-r--r--   3 root supergroup 1073741824 2019-02-27 00:07 /myfile3
-rw-r--r--   3 root supergroup 1073741824 2019-02-27 00:11 /myfile4
-rw-r--r--   3 root supergroup 1073741824 2019-02-27 00:11 /myfile5
-rw-r--r--   3 root supergroup 1073741824 2019-02-27 00:08 /myfile6
-rw-r--r--   3 root supergroup 1073741824 2019-02-27 00:08 /myfile7
-rw-r--r--   3 root supergroup  536870912 2019-02-27 00:11 /myfile8._COPYING_
-rw-r--r--   3 root supergroup 1073741824 2019-02-27 00:11 /myfile9
file 1 has been put into HDFS
file 1 has been read from HDFS for 1 time
diff succeed!
file 1 has been read from HDFS for 2 time
diff succeed!
file 1 has been read from HDFS for 3 time
diff succeed!
file 1 has been read from HDFS for 4 time
diff succeed!
file 1 has been read from HDFS for 5 time
diff succeed!
file 1 has been read from HDFS for 6 time
diff succeed!
file 1 has been read from HDFS for 7 time
diff succeed!
file 1 has been read from HDFS for 8 time
diff succeed!
file 1 has been read from HDFS for 9 time
diff succeed!
file 1 has been read from HDFS for 10 time
diff succeed!
Deleted /myfile1
file 1 has been removed from HDFS
Found 19 items
-rw-r--r--   3 root supergroup 1073741824 2019-02-27 00:17 /myfile1
-rw-r--r--   3 root supergroup 1073741824 2019-02-27 00:14 /myfile10
-rw-r--r--   3 root supergroup 1073741824 2019-02-27 00:16 /myfile11
-rw-r--r--   3 root supergroup  939524096 2019-02-27 00:17 /myfile12._COPYING_
-rw-r--r--   3 root supergroup 1073741824 2019-02-27 00:16 /myfile13
-rw-r--r--   3 root supergroup 1073741824 2019-02-27 00:13 /myfile14
-rw-r--r--   3 root supergroup 1073741824 2019-02-27 00:11 /myfile15
-rw-r--r--   3 root supergroup 1073741824 2019-02-27 00:14 /myfile16
-rw-r--r--   3 root supergroup 1073741824 2019-02-27 00:16 /myfile17
-rw-r--r--   3 root supergroup 1073741824 2019-02-27 00:15 /myfile19
-rw-r--r--   3 root supergroup 1073741824 2019-02-27 00:16 /myfile2
-rw-r--r--   3 root supergroup 1073741824 2019-02-27 00:13 /myfile20
-rw-r--r--   3 root supergroup 1073741824 2019-02-27 00:17 /myfile3
-rw-r--r--   3 root supergroup 1073741824 2019-02-27 00:15 /myfile4
-rw-r--r--   3 root supergroup 1073741824 2019-02-27 00:15 /myfile5
-rw-r--r--   3 root supergroup 1073741824 2019-02-27 00:13 /myfile6
-rw-r--r--   3 root supergroup 1073741824 2019-02-27 00:14 /myfile7
-rw-r--r--   3 root supergroup 1073741824 2019-02-27 00:11 /myfile8
-rw-r--r--   3 root supergroup 1073741824 2019-02-27 00:16 /myfile9
file 1 has been put into HDFS
file 1 has been read from HDFS for 1 time
diff succeed!
file 1 has been read from HDFS for 2 time
diff succeed!
file 1 has been read from HDFS for 3 time
diff succeed!
file 1 has been read from HDFS for 4 time
diff succeed!
file 1 has been read from HDFS for 5 time
diff succeed!
file 1 has been read from HDFS for 6 time
diff succeed!
file 1 has been read from HDFS for 7 time
diff succeed!
file 1 has been read from HDFS for 8 time
diff succeed!
file 1 has been read from HDFS for 9 time
diff succeed!
file 1 has been read from HDFS for 10 time
diff succeed!
Deleted /myfile1
file 1 has been removed from HDFS
2019-02-27 00:21:47,681 INFO retry.RetryInvocationHandler: java.io.EOFException: End of File Exception between local host is: "clnode049.clemson.cloudlab.us/130.127.133.58"; destination host is: "node-1-link-0":8020; : java.io.EOFException; For more details see:  http://wiki.apache.org/hadoop/EOFException, while invoking ClientNamenodeProtocolTranslatorPB.complete over node-1-link-0/10.10.1.4:8020. Trying to failover immediately.
2019-02-27 00:21:47,698 INFO retry.RetryInvocationHandler: org.apache.hadoop.ipc.RemoteException(org.apache.hadoop.ipc.StandbyException): Operation category WRITE is not supported in state standby. Visit https://s.apache.org/sbnn-error
	at org.apache.hadoop.hdfs.server.namenode.ha.StandbyState.checkOperation(StandbyState.java:88)
	at org.apache.hadoop.hdfs.server.namenode.NameNode$NameNodeHAContext.checkOperation(NameNode.java:1952)
	at org.apache.hadoop.hdfs.server.namenode.FSNamesystem.checkOperation(FSNamesystem.java:1423)
	at org.apache.hadoop.hdfs.server.namenode.FSNamesystem.completeFile(FSNamesystem.java:2837)
	at org.apache.hadoop.hdfs.server.namenode.NameNodeRpcServer.complete(NameNodeRpcServer.java:928)
	at org.apache.hadoop.hdfs.protocolPB.ClientNamenodeProtocolServerSideTranslatorPB.complete(ClientNamenodeProtocolServerSideTranslatorPB.java:607)
	at org.apache.hadoop.hdfs.protocol.proto.ClientNamenodeProtocolProtos$ClientNamenodeProtocol$2.callBlockingMethod(ClientNamenodeProtocolProtos.java)
	at org.apache.hadoop.ipc.ProtobufRpcEngine$Server$ProtoBufRpcInvoker.call(ProtobufRpcEngine.java:523)
	at org.apache.hadoop.ipc.RPC$Server.call(RPC.java:991)
	at org.apache.hadoop.ipc.Server$RpcCall.run(Server.java:872)
	at org.apache.hadoop.ipc.Server$RpcCall.run(Server.java:818)
	at java.security.AccessController.doPrivileged(Native Method)
	at javax.security.auth.Subject.doAs(Subject.java:422)
	at org.apache.hadoop.security.UserGroupInformation.doAs(UserGroupInformation.java:1729)
	at org.apache.hadoop.ipc.Server$Handler.run(Server.java:2678)
, while invoking ClientNamenodeProtocolTranslatorPB.complete over node-0-link-0/10.10.1.1:8020 after 1 failover attempts. Trying to failover after sleeping for 1059ms.
2019-02-27 00:21:48,762 INFO retry.RetryInvocationHandler: java.net.ConnectException: Call From clnode049.clemson.cloudlab.us/130.127.133.58 to node-1-link-0:8020 failed on connection exception: java.net.ConnectException: Connection refused; For more details see:  http://wiki.apache.org/hadoop/ConnectionRefused, while invoking ClientNamenodeProtocolTranslatorPB.complete over node-1-link-0/10.10.1.4:8020 after 2 failover attempts. Trying to failover after sleeping for 1603ms.
Found 20 items
-rw-r--r--   3 root supergroup 1073741824 2019-02-27 00:21 /myfile1
-rw-r--r--   3 root supergroup 1073741824 2019-02-27 00:18 /myfile10
-rw-r--r--   3 root supergroup 1073741824 2019-02-27 00:20 /myfile11
-rw-r--r--   3 root supergroup 1073741824 2019-02-27 00:21 /myfile12
-rw-r--r--   3 root supergroup 1073741824 2019-02-27 00:20 /myfile13
-rw-r--r--   3 root supergroup 1073741824 2019-02-27 00:20 /myfile14
-rw-r--r--   3 root supergroup 1073741824 2019-02-27 00:18 /myfile15
-rw-r--r--   3 root supergroup 1073741824 2019-02-27 00:20 /myfile16
-rw-r--r--   3 root supergroup 1073741824 2019-02-27 00:20 /myfile17
-rw-r--r--   3 root supergroup 1073741824 2019-02-27 00:21 /myfile18
-rw-r--r--   3 root supergroup 1073741824 2019-02-27 00:20 /myfile19
-rw-r--r--   3 root supergroup 1073741824 2019-02-27 00:20 /myfile2
-rw-r--r--   3 root supergroup 1073741824 2019-02-27 00:18 /myfile20
-rw-r--r--   3 root supergroup 1073741824 2019-02-27 00:21 /myfile3
-rw-r--r--   3 root supergroup 1073741824 2019-02-27 00:21 /myfile4
-rw-r--r--   3 root supergroup 1073741824 2019-02-27 00:20 /myfile5
-rw-r--r--   3 root supergroup 1073741824 2019-02-27 00:18 /myfile6
-rw-r--r--   3 root supergroup 1073741824 2019-02-27 00:18 /myfile7
-rw-r--r--   3 root supergroup 1073741824 2019-02-27 00:18 /myfile8
-rw-r--r--   3 root supergroup 1073741824 2019-02-27 00:21 /myfile9
file 1 has been put into HDFS
file 1 has been read from HDFS for 1 time
diff succeed!
file 1 has been read from HDFS for 2 time
diff succeed!
file 1 has been read from HDFS for 3 time
diff succeed!
file 1 has been read from HDFS for 4 time
diff succeed!
file 1 has been read from HDFS for 5 time
diff succeed!
file 1 has been read from HDFS for 6 time
diff succeed!
file 1 has been read from HDFS for 7 time
diff succeed!
file 1 has been read from HDFS for 8 time
diff succeed!
file 1 has been read from HDFS for 9 time
diff succeed!
file 1 has been read from HDFS for 10 time
diff succeed!
Deleted /myfile1
file 1 has been removed from HDFS
Found 20 items
-rw-r--r--   3 root supergroup 1073741824 2019-02-27 00:26 /myfile1
-rw-r--r--   3 root supergroup 1073741824 2019-02-27 00:23 /myfile10
-rw-r--r--   3 root supergroup 1073741824 2019-02-27 00:26 /myfile11
-rw-r--r--   3 root supergroup 1073741824 2019-02-27 00:26 /myfile12
-rw-r--r--   3 root supergroup 1073741824 2019-02-27 00:24 /myfile13
-rw-r--r--   3 root supergroup 1073741824 2019-02-27 00:25 /myfile14
-rw-r--r--   3 root supergroup 1073741824 2019-02-27 00:24 /myfile15
-rw-r--r--   3 root supergroup 1073741824 2019-02-27 00:24 /myfile16
-rw-r--r--   3 root supergroup 1073741824 2019-02-27 00:24 /myfile17
-rw-r--r--   3 root supergroup  939524096 2019-02-27 00:26 /myfile18._COPYING_
-rw-r--r--   3 root supergroup 1073741824 2019-02-27 00:24 /myfile19
-rw-r--r--   3 root supergroup 1073741824 2019-02-27 00:24 /myfile2
-rw-r--r--   3 root supergroup 1073741824 2019-02-27 00:22 /myfile20
-rw-r--r--   3 root supergroup 1073741824 2019-02-27 00:25 /myfile3
-rw-r--r--   3 root supergroup 1073741824 2019-02-27 00:25 /myfile4
-rw-r--r--   3 root supergroup 1073741824 2019-02-27 00:24 /myfile5
-rw-r--r--   3 root supergroup 1073741824 2019-02-27 00:22 /myfile6
-rw-r--r--   3 root supergroup 1073741824 2019-02-27 00:23 /myfile7
-rw-r--r--   3 root supergroup 1073741824 2019-02-27 00:22 /myfile8
-rw-r--r--   3 root supergroup 1073741824 2019-02-27 00:26 /myfile9
file 1 has been put into HDFS
file 1 has been read from HDFS for 1 time
diff succeed!
file 1 has been read from HDFS for 2 time
diff succeed!
file 1 has been read from HDFS for 3 time
diff succeed!
file 1 has been read from HDFS for 4 time
diff succeed!
file 1 has been read from HDFS for 5 time
diff succeed!
file 1 has been read from HDFS for 6 time
diff succeed!
file 1 has been read from HDFS for 7 time
diff succeed!
file 1 has been read from HDFS for 8 time
diff succeed!
file 1 has been read from HDFS for 9 time
diff succeed!
file 1 has been read from HDFS for 10 time
diff succeed!
Deleted /myfile1
file 1 has been removed from HDFS
Found 19 items
-rw-r--r--   3 root supergroup 1073741824 2019-02-27 00:32 /myfile1
-rw-r--r--   3 root supergroup 1073741824 2019-02-27 00:29 /myfile10
-rw-r--r--   3 root supergroup 1073741824 2019-02-27 00:30 /myfile11
-rw-r--r--   3 root supergroup 1073741824 2019-02-27 00:30 /myfile12
-rw-r--r--   3 root supergroup 1073741824 2019-02-27 00:29 /myfile13
-rw-r--r--   3 root supergroup 1073741824 2019-02-27 00:30 /myfile14
-rw-r--r--   3 root supergroup 1073741824 2019-02-27 00:29 /myfile15
-rw-r--r--   3 root supergroup 1073741824 2019-02-27 00:28 /myfile16
-rw-r--r--   3 root supergroup 1073741824 2019-02-27 00:29 /myfile17
-rw-r--r--   3 root supergroup 1073741824 2019-02-27 00:26 /myfile18
-rw-r--r--   3 root supergroup 1073741824 2019-02-27 00:29 /myfile19
-rw-r--r--   3 root supergroup 1073741824 2019-02-27 00:29 /myfile2
-rw-r--r--   3 root supergroup 1073741824 2019-02-27 00:29 /myfile20
-rw-r--r--   3 root supergroup 1073741824 2019-02-27 00:29 /myfile3
-rw-r--r--   3 root supergroup 1073741824 2019-02-27 00:29 /myfile4
-rw-r--r--   3 root supergroup 1073741824 2019-02-27 00:30 /myfile5
-rw-r--r--   3 root supergroup 1073741824 2019-02-27 00:31 /myfile7
-rw-r--r--   3 root supergroup 1073741824 2019-02-27 00:29 /myfile8
-rw-r--r--   3 root supergroup 1073741824 2019-02-27 00:30 /myfile9
file 1 has been put into HDFS
file 1 has been read from HDFS for 1 time
diff succeed!
file 1 has been read from HDFS for 2 time
diff succeed!
file 1 has been read from HDFS for 3 time
diff succeed!
file 1 has been read from HDFS for 4 time
diff succeed!
file 1 has been read from HDFS for 5 time
diff succeed!
file 1 has been read from HDFS for 6 time
diff succeed!
file 1 has been read from HDFS for 7 time
diff succeed!
file 1 has been read from HDFS for 8 time
diff succeed!
file 1 has been read from HDFS for 9 time
diff succeed!
file 1 has been read from HDFS for 10 time
diff succeed!
Deleted /myfile1
file 1 has been removed from HDFS
Found 19 items
-rw-r--r--   3 root supergroup 1073741824 2019-02-27 00:37 /myfile1
-rw-r--r--   3 root supergroup 1073741824 2019-02-27 00:33 /myfile10
-rw-r--r--   3 root supergroup 1073741824 2019-02-27 00:35 /myfile11
-rw-r--r--   3 root supergroup 1073741824 2019-02-27 00:35 /myfile12
-rw-r--r--   3 root supergroup 1073741824 2019-02-27 00:34 /myfile13
-rw-r--r--   3 root supergroup 1073741824 2019-02-27 00:36 /myfile14
-rw-r--r--   3 root supergroup 1073741824 2019-02-27 00:34 /myfile15
-rw-r--r--   3 root supergroup 1073741824 2019-02-27 00:37 /myfile16
-rw-r--r--   3 root supergroup 1073741824 2019-02-27 00:37 /myfile17
-rw-r--r--   3 root supergroup 1073741824 2019-02-27 00:34 /myfile19
-rw-r--r--   3 root supergroup 1073741824 2019-02-27 00:36 /myfile2
-rw-r--r--   3 root supergroup 1073741824 2019-02-27 00:36 /myfile20
-rw-r--r--   3 root supergroup 1073741824 2019-02-27 00:35 /myfile3
-rw-r--r--   3 root supergroup 1073741824 2019-02-27 00:34 /myfile4
-rw-r--r--   3 root supergroup 1073741824 2019-02-27 00:35 /myfile5
-rw-r--r--   3 root supergroup 1073741824 2019-02-27 00:37 /myfile6
-rw-r--r--   3 root supergroup 1073741824 2019-02-27 00:37 /myfile7
-rw-r--r--   3 root supergroup 1073741824 2019-02-27 00:33 /myfile8
-rw-r--r--   3 root supergroup 1073741824 2019-02-27 00:35 /myfile9
file 1 has been put into HDFS
file 1 has been read from HDFS for 1 time
diff succeed!
file 1 has been read from HDFS for 2 time
diff succeed!
file 1 has been read from HDFS for 3 time
diff succeed!
file 1 has been read from HDFS for 4 time
diff succeed!
file 1 has been read from HDFS for 5 time
diff succeed!
file 1 has been read from HDFS for 6 time
diff succeed!
file 1 has been read from HDFS for 7 time
diff succeed!
file 1 has been read from HDFS for 8 time
diff succeed!
file 1 has been read from HDFS for 9 time
diff succeed!
file 1 has been read from HDFS for 10 time
diff succeed!
Deleted /myfile1
file 1 has been removed from HDFS
Found 20 items
-rw-r--r--   3 root supergroup 1073741824 2019-02-27 00:42 /myfile1
-rw-r--r--   3 root supergroup          0 2019-02-27 00:42 /myfile10._COPYING_
-rw-r--r--   3 root supergroup 1073741824 2019-02-27 00:38 /myfile11
-rw-r--r--   3 root supergroup 1073741824 2019-02-27 00:40 /myfile12
-rw-r--r--   3 root supergroup 1073741824 2019-02-27 00:39 /myfile13
-rw-r--r--   3 root supergroup 1073741824 2019-02-27 00:40 /myfile14
-rw-r--r--   3 root supergroup 1073741824 2019-02-27 00:39 /myfile15
-rw-r--r--   3 root supergroup 1073741824 2019-02-27 00:41 /myfile16
-rw-r--r--   3 root supergroup 1073741824 2019-02-27 00:41 /myfile17
-rw-r--r--   3 root supergroup 1073741824 2019-02-27 00:38 /myfile18
-rw-r--r--   3 root supergroup 1073741824 2019-02-27 00:39 /myfile19
-rw-r--r--   3 root supergroup 1073741824 2019-02-27 00:41 /myfile2
-rw-r--r--   3 root supergroup 1073741824 2019-02-27 00:40 /myfile20
-rw-r--r--   3 root supergroup 1073741824 2019-02-27 00:40 /myfile3
-rw-r--r--   3 root supergroup  268435456 2019-02-27 00:42 /myfile4._COPYING_
-rw-r--r--   3 root supergroup 1073741824 2019-02-27 00:39 /myfile5
-rw-r--r--   3 root supergroup 1073741824 2019-02-27 00:41 /myfile6
-rw-r--r--   3 root supergroup 1073741824 2019-02-27 00:41 /myfile7
-rw-r--r--   3 root supergroup  268435456 2019-02-27 00:42 /myfile8._COPYING_
-rw-r--r--   3 root supergroup 1073741824 2019-02-27 00:39 /myfile9
file 1 has been put into HDFS
file 1 has been read from HDFS for 1 time
diff succeed!
file 1 has been read from HDFS for 2 time
diff succeed!
file 1 has been read from HDFS for 3 time
diff succeed!
file 1 has been read from HDFS for 4 time
diff succeed!
sub_benchmark 5 signal TERM catched and let quit gracefully
file 1 has been read from HDFS for 5 time
diff succeed!
Deleted /myfile1
file 1 has been removed from HDFS
