Found 20 items
-rw-r--r--   3 root supergroup 1073741824 2019-02-18 20:02 /myfile1
-rw-r--r--   3 root supergroup 1073741824 2019-02-18 20:02 /myfile10
-rw-r--r--   3 root supergroup 1073741824 2019-02-18 20:02 /myfile11
-rw-r--r--   3 root supergroup 1073741824 2019-02-18 20:02 /myfile12
-rw-r--r--   3 root supergroup 1073741824 2019-02-18 20:02 /myfile13
-rw-r--r--   3 root supergroup 1073741824 2019-02-18 20:02 /myfile14
-rw-r--r--   3 root supergroup 1073741824 2019-02-18 20:02 /myfile15
-rw-r--r--   3 root supergroup 1073741824 2019-02-18 20:02 /myfile16
-rw-r--r--   3 root supergroup 1073741824 2019-02-18 20:02 /myfile17
-rw-r--r--   3 root supergroup 1073741824 2019-02-18 20:02 /myfile18
-rw-r--r--   3 root supergroup 1073741824 2019-02-18 20:02 /myfile19
-rw-r--r--   3 root supergroup 1073741824 2019-02-18 20:02 /myfile2
-rw-r--r--   3 root supergroup 1073741824 2019-02-18 20:02 /myfile20
-rw-r--r--   3 root supergroup 1073741824 2019-02-18 20:02 /myfile3
-rw-r--r--   3 root supergroup 1073741824 2019-02-18 20:02 /myfile4
-rw-r--r--   3 root supergroup 1073741824 2019-02-18 20:02 /myfile5
-rw-r--r--   3 root supergroup 1073741824 2019-02-18 20:02 /myfile6
-rw-r--r--   3 root supergroup 1073741824 2019-02-18 20:02 /myfile7
-rw-r--r--   3 root supergroup 1073741824 2019-02-18 20:02 /myfile8
-rw-r--r--   3 root supergroup 1073741824 2019-02-18 20:02 /myfile9
file 3 has been put into HDFS
file 3 has been read from HDFS for 1 time
diff succeed!
file 3 has been read from HDFS for 2 time
diff succeed!
file 3 has been read from HDFS for 3 time
diff succeed!
file 3 has been read from HDFS for 4 time
diff succeed!
file 3 has been read from HDFS for 5 time
diff succeed!
file 3 has been read from HDFS for 6 time
diff succeed!
file 3 has been read from HDFS for 7 time
diff succeed!
file 3 has been read from HDFS for 8 time
diff succeed!
file 3 has been read from HDFS for 9 time
diff succeed!
file 3 has been read from HDFS for 10 time
diff succeed!
Deleted /myfile3
file 3 has been removed from HDFS
Found 18 items
-rw-r--r--   3 root supergroup 1073741824 2019-02-18 20:06 /myfile1
-rw-r--r--   3 root supergroup 1073741824 2019-02-18 20:06 /myfile10
-rw-r--r--   3 root supergroup 1073741824 2019-02-18 20:06 /myfile11
-rw-r--r--   3 root supergroup  134217728 2019-02-18 20:06 /myfile12._COPYING_
-rw-r--r--   3 root supergroup 1073741824 2019-02-18 20:06 /myfile13
-rw-r--r--   3 root supergroup 1073741824 2019-02-18 20:06 /myfile14
-rw-r--r--   3 root supergroup 1073741824 2019-02-18 20:06 /myfile16
-rw-r--r--   3 root supergroup 1073741824 2019-02-18 20:06 /myfile17
-rw-r--r--   3 root supergroup 1073741824 2019-02-18 20:06 /myfile18
-rw-r--r--   3 root supergroup 1073741824 2019-02-18 20:06 /myfile19
-rw-r--r--   3 root supergroup 1073741824 2019-02-18 20:06 /myfile2
-rw-r--r--   3 root supergroup 1073741824 2019-02-18 20:06 /myfile3
-rw-r--r--   3 root supergroup  805306368 2019-02-18 20:06 /myfile4._COPYING_
-rw-r--r--   3 root supergroup 1073741824 2019-02-18 20:06 /myfile5
-rw-r--r--   3 root supergroup 1073741824 2019-02-18 20:06 /myfile6
-rw-r--r--   3 root supergroup 1073741824 2019-02-18 20:06 /myfile7
-rw-r--r--   3 root supergroup 1073741824 2019-02-18 20:06 /myfile8
-rw-r--r--   3 root supergroup 1073741824 2019-02-18 20:06 /myfile9
file 3 has been put into HDFS
file 3 has been read from HDFS for 1 time
diff succeed!
file 3 has been read from HDFS for 2 time
diff succeed!
file 3 has been read from HDFS for 3 time
diff succeed!
file 3 has been read from HDFS for 4 time
diff succeed!
file 3 has been read from HDFS for 5 time
diff succeed!
file 3 has been read from HDFS for 6 time
diff succeed!
file 3 has been read from HDFS for 7 time
diff succeed!
file 3 has been read from HDFS for 8 time
diff succeed!
file 3 has been read from HDFS for 9 time
diff succeed!
file 3 has been read from HDFS for 10 time
diff succeed!
Deleted /myfile3
file 3 has been removed from HDFS
Found 19 items
-rw-r--r--   3 root supergroup 1073741824 2019-02-18 20:11 /myfile1
-rw-r--r--   3 root supergroup 1073741824 2019-02-18 20:11 /myfile10
-rw-r--r--   3 root supergroup 1073741824 2019-02-18 20:10 /myfile11
-rw-r--r--   3 root supergroup 1073741824 2019-02-18 20:11 /myfile12
-rw-r--r--   3 root supergroup 1073741824 2019-02-18 20:11 /myfile13
-rw-r--r--   3 root supergroup 1073741824 2019-02-18 20:11 /myfile15
-rw-r--r--   3 root supergroup 1073741824 2019-02-18 20:11 /myfile16
-rw-r--r--   3 root supergroup 1073741824 2019-02-18 20:11 /myfile17
-rw-r--r--   3 root supergroup 1073741824 2019-02-18 20:11 /myfile18
-rw-r--r--   3 root supergroup 1073741824 2019-02-18 20:11 /myfile19
-rw-r--r--   3 root supergroup 1073741824 2019-02-18 20:11 /myfile2
-rw-r--r--   3 root supergroup 1073741824 2019-02-18 20:06 /myfile20
-rw-r--r--   3 root supergroup 1073741824 2019-02-18 20:11 /myfile3
-rw-r--r--   3 root supergroup 1073741824 2019-02-18 20:11 /myfile4
-rw-r--r--   3 root supergroup 1073741824 2019-02-18 20:11 /myfile5
-rw-r--r--   3 root supergroup 1073741824 2019-02-18 20:11 /myfile6
-rw-r--r--   3 root supergroup 1073741824 2019-02-18 20:11 /myfile7
-rw-r--r--   3 root supergroup 1073741824 2019-02-18 20:11 /myfile8
-rw-r--r--   3 root supergroup 1073741824 2019-02-18 20:11 /myfile9
file 3 has been put into HDFS
file 3 has been read from HDFS for 1 time
diff succeed!
file 3 has been read from HDFS for 2 time
diff succeed!
file 3 has been read from HDFS for 3 time
diff succeed!
file 3 has been read from HDFS for 4 time
diff succeed!
file 3 has been read from HDFS for 5 time
diff succeed!
file 3 has been read from HDFS for 6 time
diff succeed!
file 3 has been read from HDFS for 7 time
diff succeed!
file 3 has been read from HDFS for 8 time
diff succeed!
file 3 has been read from HDFS for 9 time
diff succeed!
file 3 has been read from HDFS for 10 time
diff succeed!
Deleted /myfile3
file 3 has been removed from HDFS
Found 20 items
-rw-r--r--   3 root supergroup 1073741824 2019-02-18 20:11 /myfile1
-rw-r--r--   3 root supergroup 1073741824 2019-02-18 20:15 /myfile10
-rw-r--r--   3 root supergroup 1073741824 2019-02-18 20:10 /myfile11
-rw-r--r--   3 root supergroup 1073741824 2019-02-18 20:11 /myfile12
-rw-r--r--   3 root supergroup 1073741824 2019-02-18 20:11 /myfile13
-rw-r--r--   3 root supergroup 1073741824 2019-02-18 20:11 /myfile14
-rw-r--r--   3 root supergroup 1073741824 2019-02-18 20:15 /myfile15
-rw-r--r--   3 root supergroup 1073741824 2019-02-18 20:11 /myfile16
-rw-r--r--   3 root supergroup 1073741824 2019-02-18 20:11 /myfile17
-rw-r--r--   3 root supergroup 1073741824 2019-02-18 20:15 /myfile18
-rw-r--r--   3 root supergroup 1073741824 2019-02-18 20:15 /myfile19
-rw-r--r--   3 root supergroup 1073741824 2019-02-18 20:11 /myfile2
-rw-r--r--   3 root supergroup 1073741824 2019-02-18 20:11 /myfile20
-rw-r--r--   3 root supergroup 1073741824 2019-02-18 20:15 /myfile3
-rw-r--r--   3 root supergroup 1073741824 2019-02-18 20:11 /myfile4
-rw-r--r--   3 root supergroup 1073741824 2019-02-18 20:15 /myfile5
-rw-r--r--   3 root supergroup 1073741824 2019-02-18 20:11 /myfile6
-rw-r--r--   3 root supergroup 1073741824 2019-02-18 20:11 /myfile7
-rw-r--r--   3 root supergroup 1073741824 2019-02-18 20:11 /myfile8
-rw-r--r--   3 root supergroup 1073741824 2019-02-18 20:11 /myfile9
file 3 has been put into HDFS
file 3 has been read from HDFS for 1 time
diff succeed!
file 3 has been read from HDFS for 2 time
diff succeed!
file 3 has been read from HDFS for 3 time
diff succeed!
file 3 has been read from HDFS for 4 time
diff succeed!
file 3 has been read from HDFS for 5 time
diff succeed!
file 3 has been read from HDFS for 6 time
diff succeed!
file 3 has been read from HDFS for 7 time
diff succeed!
file 3 has been read from HDFS for 8 time
diff succeed!
file 3 has been read from HDFS for 9 time
diff succeed!
file 3 has been read from HDFS for 10 time
diff succeed!
Deleted /myfile3
file 3 has been removed from HDFS
Found 19 items
-rw-r--r--   3 root supergroup 1073741824 2019-02-18 20:18 /myfile1
-rw-r--r--   3 root supergroup 1073741824 2019-02-18 20:20 /myfile10
-rw-r--r--   3 root supergroup 1073741824 2019-02-18 20:16 /myfile11
-rw-r--r--   3 root supergroup 1073741824 2019-02-18 20:16 /myfile12
-rw-r--r--   3 root supergroup 1073741824 2019-02-18 20:16 /myfile13
-rw-r--r--   3 root supergroup 1073741824 2019-02-18 20:17 /myfile14
-rw-r--r--   3 root supergroup 1073741824 2019-02-18 20:20 /myfile15
-rw-r--r--   3 root supergroup 1073741824 2019-02-18 20:16 /myfile16
-rw-r--r--   3 root supergroup  939524096 2019-02-18 20:19 /myfile17._COPYING_
-rw-r--r--   3 root supergroup 1073741824 2019-02-18 20:20 /myfile18
-rw-r--r--   3 root supergroup 1073741824 2019-02-18 20:19 /myfile19
-rw-r--r--   3 root supergroup 1073741824 2019-02-18 20:16 /myfile2
-rw-r--r--   3 root supergroup 1073741824 2019-02-18 20:17 /myfile20
-rw-r--r--   3 root supergroup 1073741824 2019-02-18 20:20 /myfile3
-rw-r--r--   3 root supergroup 1073741824 2019-02-18 20:16 /myfile4
-rw-r--r--   3 root supergroup 1073741824 2019-02-18 20:19 /myfile5
-rw-r--r--   3 root supergroup 1073741824 2019-02-18 20:16 /myfile6
-rw-r--r--   3 root supergroup 1073741824 2019-02-18 20:16 /myfile8
-rw-r--r--   3 root supergroup  671088640 2019-02-18 20:19 /myfile9._COPYING_
file 3 has been put into HDFS
file 3 has been read from HDFS for 1 time
diff succeed!
file 3 has been read from HDFS for 2 time
diff succeed!
file 3 has been read from HDFS for 3 time
diff succeed!
file 3 has been read from HDFS for 4 time
diff succeed!
file 3 has been read from HDFS for 5 time
diff succeed!
file 3 has been read from HDFS for 6 time
diff succeed!
file 3 has been read from HDFS for 7 time
diff succeed!
file 3 has been read from HDFS for 8 time
diff succeed!
file 3 has been read from HDFS for 9 time
diff succeed!
file 3 has been read from HDFS for 10 time
diff succeed!
Deleted /myfile3
file 3 has been removed from HDFS
2019-02-18 20:24:21,909 INFO retry.RetryInvocationHandler: java.net.ConnectException: Call From clnode059.clemson.cloudlab.us/130.127.133.68 to node-0-link-0:8020 failed on connection exception: java.net.ConnectException: Connection refused; For more details see:  http://wiki.apache.org/hadoop/ConnectionRefused, while invoking ClientNamenodeProtocolTranslatorPB.addBlock over node-0-link-0/10.10.1.1:8020. Trying to failover immediately.
Found 19 items
-rw-r--r--   3 root supergroup 1073741824 2019-02-18 20:23 /myfile1
-rw-r--r--   3 root supergroup 1073741824 2019-02-18 20:20 /myfile10
-rw-r--r--   3 root supergroup 1073741824 2019-02-18 20:21 /myfile11
-rw-r--r--   3 root supergroup 1073741824 2019-02-18 20:21 /myfile12
-rw-r--r--   3 root supergroup 1073741824 2019-02-18 20:21 /myfile13
-rw-r--r--   3 root supergroup 1073741824 2019-02-18 20:21 /myfile14
-rw-r--r--   3 root supergroup  805306368 2019-02-18 20:24 /myfile15._COPYING_
-rw-r--r--   3 root supergroup 1073741824 2019-02-18 20:21 /myfile16
-rw-r--r--   3 root supergroup 1073741824 2019-02-18 20:24 /myfile17
-rw-r--r--   3 root supergroup  939524096 2019-02-18 20:24 /myfile18._COPYING_
-rw-r--r--   3 root supergroup  805306368 2019-02-18 20:24 /myfile19._COPYING_
-rw-r--r--   3 root supergroup 1073741824 2019-02-18 20:21 /myfile2
-rw-r--r--   3 root supergroup 1073741824 2019-02-18 20:22 /myfile20
-rw-r--r--   3 root supergroup 1073741824 2019-02-18 20:24 /myfile3
-rw-r--r--   3 root supergroup 1073741824 2019-02-18 20:21 /myfile4
-rw-r--r--   3 root supergroup          0 2019-02-18 20:24 /myfile5._COPYING_
-rw-r--r--   3 root supergroup 1073741824 2019-02-18 20:21 /myfile6
-rw-r--r--   3 root supergroup 1073741824 2019-02-18 20:21 /myfile8
-rw-r--r--   3 root supergroup 1073741824 2019-02-18 20:24 /myfile9
file 3 has been put into HDFS
file 3 has been read from HDFS for 1 time
diff succeed!
file 3 has been read from HDFS for 2 time
diff succeed!
file 3 has been read from HDFS for 3 time
diff succeed!
file 3 has been read from HDFS for 4 time
diff succeed!
file 3 has been read from HDFS for 5 time
diff succeed!
file 3 has been read from HDFS for 6 time
diff succeed!
file 3 has been read from HDFS for 7 time
diff succeed!
file 3 has been read from HDFS for 8 time
diff succeed!
file 3 has been read from HDFS for 9 time
diff succeed!
file 3 has been read from HDFS for 10 time
diff succeed!
Deleted /myfile3
file 3 has been removed from HDFS
Found 19 items
-rw-r--r--   3 root supergroup 1073741824 2019-02-18 20:29 /myfile1
-rw-r--r--   3 root supergroup 1073741824 2019-02-18 20:26 /myfile10
-rw-r--r--   3 root supergroup 1073741824 2019-02-18 20:26 /myfile11
-rw-r--r--   3 root supergroup 1073741824 2019-02-18 20:26 /myfile12
-rw-r--r--   3 root supergroup 1073741824 2019-02-18 20:26 /myfile13
-rw-r--r--   3 root supergroup 1073741824 2019-02-18 20:26 /myfile14
-rw-r--r--   3 root supergroup 1073741824 2019-02-18 20:29 /myfile15
-rw-r--r--   3 root supergroup 1073741824 2019-02-18 20:26 /myfile16
-rw-r--r--   3 root supergroup 1073741824 2019-02-18 20:29 /myfile17
-rw-r--r--   3 root supergroup 1073741824 2019-02-18 20:24 /myfile18
-rw-r--r--   3 root supergroup 1073741824 2019-02-18 20:24 /myfile19
-rw-r--r--   3 root supergroup 1073741824 2019-02-18 20:26 /myfile2
-rw-r--r--   3 root supergroup 1073741824 2019-02-18 20:26 /myfile20
-rw-r--r--   3 root supergroup 1073741824 2019-02-18 20:29 /myfile3
-rw-r--r--   3 root supergroup 1073741824 2019-02-18 20:26 /myfile4
-rw-r--r--   3 root supergroup 1073741824 2019-02-18 20:26 /myfile6
-rw-r--r--   3 root supergroup 1073741824 2019-02-18 20:29 /myfile7
-rw-r--r--   3 root supergroup 1073741824 2019-02-18 20:26 /myfile8
-rw-r--r--   3 root supergroup 1073741824 2019-02-18 20:24 /myfile9
file 3 has been put into HDFS
file 3 has been read from HDFS for 1 time
diff succeed!
file 3 has been read from HDFS for 2 time
diff succeed!
file 3 has been read from HDFS for 3 time
diff succeed!
file 3 has been read from HDFS for 4 time
diff succeed!
file 3 has been read from HDFS for 5 time
diff succeed!
file 3 has been read from HDFS for 6 time
diff succeed!
file 3 has been read from HDFS for 7 time
diff succeed!
file 3 has been read from HDFS for 8 time
diff succeed!
file 3 has been read from HDFS for 9 time
diff succeed!
file 3 has been read from HDFS for 10 time
diff succeed!
Deleted /myfile3
file 3 has been removed from HDFS
Found 20 items
-rw-r--r--   3 root supergroup 1073741824 2019-02-18 20:29 /myfile1
-rw-r--r--   3 root supergroup 1073741824 2019-02-18 20:33 /myfile10
-rw-r--r--   3 root supergroup 1073741824 2019-02-18 20:32 /myfile11
-rw-r--r--   3 root supergroup 1073741824 2019-02-18 20:33 /myfile12
-rw-r--r--   3 root supergroup 1073741824 2019-02-18 20:30 /myfile13
-rw-r--r--   3 root supergroup 1073741824 2019-02-18 20:30 /myfile14
-rw-r--r--   3 root supergroup 1073741824 2019-02-18 20:29 /myfile15
-rw-r--r--   3 root supergroup 1073741824 2019-02-18 20:32 /myfile16
-rw-r--r--   3 root supergroup 1073741824 2019-02-18 20:33 /myfile17
-rw-r--r--   3 root supergroup 1073741824 2019-02-18 20:30 /myfile18
-rw-r--r--   3 root supergroup 1073741824 2019-02-18 20:30 /myfile19
-rw-r--r--   3 root supergroup 1073741824 2019-02-18 20:30 /myfile2
-rw-r--r--   3 root supergroup 1073741824 2019-02-18 20:30 /myfile20
-rw-r--r--   3 root supergroup 1073741824 2019-02-18 20:33 /myfile3
-rw-r--r--   3 root supergroup 1073741824 2019-02-18 20:30 /myfile4
-rw-r--r--   3 root supergroup 1073741824 2019-02-18 20:29 /myfile5
-rw-r--r--   3 root supergroup 1073741824 2019-02-18 20:30 /myfile6
-rw-r--r--   3 root supergroup 1073741824 2019-02-18 20:33 /myfile7
-rw-r--r--   3 root supergroup 1073741824 2019-02-18 20:30 /myfile8
-rw-r--r--   3 root supergroup 1073741824 2019-02-18 20:30 /myfile9
file 3 has been put into HDFS
file 3 has been read from HDFS for 1 time
diff succeed!
file 3 has been read from HDFS for 2 time
diff succeed!
file 3 has been read from HDFS for 3 time
diff succeed!
file 3 has been read from HDFS for 4 time
diff succeed!
file 3 has been read from HDFS for 5 time
diff succeed!
file 3 has been read from HDFS for 6 time
diff succeed!
file 3 has been read from HDFS for 7 time
diff succeed!
file 3 has been read from HDFS for 8 time
diff succeed!
file 3 has been read from HDFS for 9 time
diff succeed!
file 3 has been read from HDFS for 10 time
diff succeed!
Deleted /myfile3
file 3 has been removed from HDFS
Found 20 items
-rw-r--r--   3 root supergroup 1073741824 2019-02-18 20:34 /myfile1
-rw-r--r--   3 root supergroup 1073741824 2019-02-18 20:37 /myfile10
-rw-r--r--   3 root supergroup 1073741824 2019-02-18 20:32 /myfile11
-rw-r--r--   3 root supergroup 1073741824 2019-02-18 20:37 /myfile12
-rw-r--r--   3 root supergroup 1073741824 2019-02-18 20:34 /myfile13
-rw-r--r--   3 root supergroup 1073741824 2019-02-18 20:36 /myfile14
-rw-r--r--   3 root supergroup 1073741824 2019-02-18 20:34 /myfile15
-rw-r--r--   3 root supergroup 1073741824 2019-02-18 20:37 /myfile16
-rw-r--r--   3 root supergroup 1073741824 2019-02-18 20:37 /myfile17
-rw-r--r--   3 root supergroup 1073741824 2019-02-18 20:36 /myfile18
-rw-r--r--   3 root supergroup 1073741824 2019-02-18 20:34 /myfile19
-rw-r--r--   3 root supergroup 1073741824 2019-02-18 20:34 /myfile2
-rw-r--r--   3 root supergroup 1073741824 2019-02-18 20:36 /myfile20
-rw-r--r--   3 root supergroup 1073741824 2019-02-18 20:37 /myfile3
-rw-r--r--   3 root supergroup 1073741824 2019-02-18 20:36 /myfile4
-rw-r--r--   3 root supergroup 1073741824 2019-02-18 20:34 /myfile5
-rw-r--r--   3 root supergroup 1073741824 2019-02-18 20:34 /myfile6
-rw-r--r--   3 root supergroup 1073741824 2019-02-18 20:33 /myfile7
-rw-r--r--   3 root supergroup 1073741824 2019-02-18 20:34 /myfile8
-rw-r--r--   3 root supergroup 1073741824 2019-02-18 20:36 /myfile9
file 3 has been put into HDFS
file 3 has been read from HDFS for 1 time
diff succeed!
file 3 has been read from HDFS for 2 time
diff succeed!
file 3 has been read from HDFS for 3 time
diff succeed!
file 3 has been read from HDFS for 4 time
diff succeed!
file 3 has been read from HDFS for 5 time
diff succeed!
file 3 has been read from HDFS for 6 time
diff succeed!
file 3 has been read from HDFS for 7 time
diff succeed!
file 3 has been read from HDFS for 8 time
diff succeed!
file 3 has been read from HDFS for 9 time
diff succeed!
file 3 has been read from HDFS for 10 time
diff succeed!
Deleted /myfile3
file 3 has been removed from HDFS
Found 20 items
-rw-r--r--   3 root supergroup 1073741824 2019-02-18 20:39 /myfile1
-rw-r--r--   3 root supergroup 1073741824 2019-02-18 20:41 /myfile10
-rw-r--r--   3 root supergroup 1073741824 2019-02-18 20:39 /myfile11
-rw-r--r--   3 root supergroup 1073741824 2019-02-18 20:41 /myfile12
-rw-r--r--   3 root supergroup 1073741824 2019-02-18 20:39 /myfile13
-rw-r--r--   3 root supergroup 1073741824 2019-02-18 20:41 /myfile14
-rw-r--r--   3 root supergroup 1073741824 2019-02-18 20:39 /myfile15
-rw-r--r--   3 root supergroup 1073741824 2019-02-18 20:41 /myfile16
-rw-r--r--   3 root supergroup 1073741824 2019-02-18 20:41 /myfile17
-rw-r--r--   3 root supergroup 1073741824 2019-02-18 20:40 /myfile18
-rw-r--r--   3 root supergroup 1073741824 2019-02-18 20:40 /myfile19
-rw-r--r--   3 root supergroup 1073741824 2019-02-18 20:39 /myfile2
-rw-r--r--   3 root supergroup 1073741824 2019-02-18 20:41 /myfile20
-rw-r--r--   3 root supergroup 1073741824 2019-02-18 20:41 /myfile3
-rw-r--r--   3 root supergroup 1073741824 2019-02-18 20:41 /myfile4
-rw-r--r--   3 root supergroup 1073741824 2019-02-18 20:39 /myfile5
-rw-r--r--   3 root supergroup 1073741824 2019-02-18 20:39 /myfile6
-rw-r--r--   3 root supergroup 1073741824 2019-02-18 20:38 /myfile7
-rw-r--r--   3 root supergroup 1073741824 2019-02-18 20:40 /myfile8
-rw-r--r--   3 root supergroup  536870912 2019-02-18 20:41 /myfile9._COPYING_
file 3 has been put into HDFS
file 3 has been read from HDFS for 1 time
diff succeed!
file 3 has been read from HDFS for 2 time
diff succeed!
file 3 has been read from HDFS for 3 time
diff succeed!
file 3 has been read from HDFS for 4 time
diff succeed!
file 3 has been read from HDFS for 5 time
diff succeed!
file 3 has been read from HDFS for 6 time
diff succeed!
file 3 has been read from HDFS for 7 time
diff succeed!
file 3 has been read from HDFS for 8 time
diff succeed!
file 3 has been read from HDFS for 9 time
diff succeed!
file 3 has been read from HDFS for 10 time
diff succeed!
2019-02-18 20:46:00,474 INFO retry.RetryInvocationHandler: org.apache.hadoop.ipc.RemoteException(org.apache.hadoop.ipc.RetriableException): org.apache.hadoop.hdfs.server.namenode.SafeModeException: Cannot delete /myfile3. Name node is in safe mode.
The reported blocks 131 has reached the threshold 0.9990 of total blocks 131. The number of live datanodes 3 has reached the minimum number 0. In safe mode extension. Safe mode will be turned off automatically in 20 seconds. NamenodeHostName:node-0-link-0
	at org.apache.hadoop.hdfs.server.namenode.FSNamesystem.checkNameNodeSafeMode(FSNamesystem.java:1441)
	at org.apache.hadoop.hdfs.server.namenode.FSNamesystem.delete(FSNamesystem.java:2986)
	at org.apache.hadoop.hdfs.server.namenode.NameNodeRpcServer.delete(NameNodeRpcServer.java:1095)
	at org.apache.hadoop.hdfs.protocolPB.ClientNamenodeProtocolServerSideTranslatorPB.delete(ClientNamenodeProtocolServerSideTranslatorPB.java:692)
	at org.apache.hadoop.hdfs.protocol.proto.ClientNamenodeProtocolProtos$ClientNamenodeProtocol$2.callBlockingMethod(ClientNamenodeProtocolProtos.java)
	at org.apache.hadoop.ipc.ProtobufRpcEngine$Server$ProtoBufRpcInvoker.call(ProtobufRpcEngine.java:523)
	at org.apache.hadoop.ipc.RPC$Server.call(RPC.java:991)
	at org.apache.hadoop.ipc.Server$RpcCall.run(Server.java:872)
	at org.apache.hadoop.ipc.Server$RpcCall.run(Server.java:818)
	at java.security.AccessController.doPrivileged(Native Method)
	at javax.security.auth.Subject.doAs(Subject.java:422)
	at org.apache.hadoop.security.UserGroupInformation.doAs(UserGroupInformation.java:1729)
	at org.apache.hadoop.ipc.Server$Handler.run(Server.java:2678)
Caused by: org.apache.hadoop.hdfs.server.namenode.SafeModeException: Cannot delete /myfile3. Name node is in safe mode.
The reported blocks 131 has reached the threshold 0.9990 of total blocks 131. The number of live datanodes 3 has reached the minimum number 0. In safe mode extension. Safe mode will be turned off automatically in 20 seconds. NamenodeHostName:node-0-link-0
	at org.apache.hadoop.hdfs.server.namenode.FSNamesystem.newSafemodeException(FSNamesystem.java:1450)
	at org.apache.hadoop.hdfs.server.namenode.FSNamesystem.checkNameNodeSafeMode(FSNamesystem.java:1437)
	... 12 more
, while invoking ClientNamenodeProtocolTranslatorPB.delete over node-0-link-0/10.10.1.1:8020. Retrying immediately.
2019-02-18 20:46:00,477 INFO retry.RetryInvocationHandler: org.apache.hadoop.ipc.RemoteException(org.apache.hadoop.ipc.RetriableException): org.apache.hadoop.hdfs.server.namenode.SafeModeException: Cannot delete /myfile3. Name node is in safe mode.
The reported blocks 131 has reached the threshold 0.9990 of total blocks 131. The number of live datanodes 3 has reached the minimum number 0. In safe mode extension. Safe mode will be turned off automatically in 20 seconds. NamenodeHostName:node-0-link-0
	at org.apache.hadoop.hdfs.server.namenode.FSNamesystem.checkNameNodeSafeMode(FSNamesystem.java:1441)
	at org.apache.hadoop.hdfs.server.namenode.FSNamesystem.delete(FSNamesystem.java:2986)
	at org.apache.hadoop.hdfs.server.namenode.NameNodeRpcServer.delete(NameNodeRpcServer.java:1095)
	at org.apache.hadoop.hdfs.protocolPB.ClientNamenodeProtocolServerSideTranslatorPB.delete(ClientNamenodeProtocolServerSideTranslatorPB.java:692)
	at org.apache.hadoop.hdfs.protocol.proto.ClientNamenodeProtocolProtos$ClientNamenodeProtocol$2.callBlockingMethod(ClientNamenodeProtocolProtos.java)
	at org.apache.hadoop.ipc.ProtobufRpcEngine$Server$ProtoBufRpcInvoker.call(ProtobufRpcEngine.java:523)
	at org.apache.hadoop.ipc.RPC$Server.call(RPC.java:991)
	at org.apache.hadoop.ipc.Server$RpcCall.run(Server.java:872)
	at org.apache.hadoop.ipc.Server$RpcCall.run(Server.java:818)
	at java.security.AccessController.doPrivileged(Native Method)
	at javax.security.auth.Subject.doAs(Subject.java:422)
	at org.apache.hadoop.security.UserGroupInformation.doAs(UserGroupInformation.java:1729)
	at org.apache.hadoop.ipc.Server$Handler.run(Server.java:2678)
Caused by: org.apache.hadoop.hdfs.server.namenode.SafeModeException: Cannot delete /myfile3. Name node is in safe mode.
The reported blocks 131 has reached the threshold 0.9990 of total blocks 131. The number of live datanodes 3 has reached the minimum number 0. In safe mode extension. Safe mode will be turned off automatically in 20 seconds. NamenodeHostName:node-0-link-0
	at org.apache.hadoop.hdfs.server.namenode.FSNamesystem.newSafemodeException(FSNamesystem.java:1450)
	at org.apache.hadoop.hdfs.server.namenode.FSNamesystem.checkNameNodeSafeMode(FSNamesystem.java:1437)
	... 12 more
, while invoking ClientNamenodeProtocolTranslatorPB.delete over node-0-link-0/10.10.1.1:8020. Retrying after sleeping for 1001ms.
2019-02-18 20:46:01,483 INFO retry.RetryInvocationHandler: org.apache.hadoop.ipc.RemoteException(org.apache.hadoop.ipc.RetriableException): org.apache.hadoop.hdfs.server.namenode.SafeModeException: Cannot delete /myfile3. Name node is in safe mode.
The reported blocks 131 has reached the threshold 0.9990 of total blocks 131. The number of live datanodes 3 has reached the minimum number 0. In safe mode extension. Safe mode will be turned off automatically in 19 seconds. NamenodeHostName:node-0-link-0
	at org.apache.hadoop.hdfs.server.namenode.FSNamesystem.checkNameNodeSafeMode(FSNamesystem.java:1441)
	at org.apache.hadoop.hdfs.server.namenode.FSNamesystem.delete(FSNamesystem.java:2986)
	at org.apache.hadoop.hdfs.server.namenode.NameNodeRpcServer.delete(NameNodeRpcServer.java:1095)
	at org.apache.hadoop.hdfs.protocolPB.ClientNamenodeProtocolServerSideTranslatorPB.delete(ClientNamenodeProtocolServerSideTranslatorPB.java:692)
	at org.apache.hadoop.hdfs.protocol.proto.ClientNamenodeProtocolProtos$ClientNamenodeProtocol$2.callBlockingMethod(ClientNamenodeProtocolProtos.java)
	at org.apache.hadoop.ipc.ProtobufRpcEngine$Server$ProtoBufRpcInvoker.call(ProtobufRpcEngine.java:523)
	at org.apache.hadoop.ipc.RPC$Server.call(RPC.java:991)
	at org.apache.hadoop.ipc.Server$RpcCall.run(Server.java:872)
	at org.apache.hadoop.ipc.Server$RpcCall.run(Server.java:818)
	at java.security.AccessController.doPrivileged(Native Method)
	at javax.security.auth.Subject.doAs(Subject.java:422)
	at org.apache.hadoop.security.UserGroupInformation.doAs(UserGroupInformation.java:1729)
	at org.apache.hadoop.ipc.Server$Handler.run(Server.java:2678)
Caused by: org.apache.hadoop.hdfs.server.namenode.SafeModeException: Cannot delete /myfile3. Name node is in safe mode.
The reported blocks 131 has reached the threshold 0.9990 of total blocks 131. The number of live datanodes 3 has reached the minimum number 0. In safe mode extension. Safe mode will be turned off automatically in 19 seconds. NamenodeHostName:node-0-link-0
	at org.apache.hadoop.hdfs.server.namenode.FSNamesystem.newSafemodeException(FSNamesystem.java:1450)
	at org.apache.hadoop.hdfs.server.namenode.FSNamesystem.checkNameNodeSafeMode(FSNamesystem.java:1437)
	... 12 more
, while invoking ClientNamenodeProtocolTranslatorPB.delete over node-0-link-0/10.10.1.1:8020. Retrying after sleeping for 2050ms.
2019-02-18 20:46:03,536 INFO retry.RetryInvocationHandler: org.apache.hadoop.ipc.RemoteException(org.apache.hadoop.ipc.RetriableException): org.apache.hadoop.hdfs.server.namenode.SafeModeException: Cannot delete /myfile3. Name node is in safe mode.
The reported blocks 131 has reached the threshold 0.9990 of total blocks 131. The number of live datanodes 3 has reached the minimum number 0. In safe mode extension. Safe mode will be turned off automatically in 17 seconds. NamenodeHostName:node-0-link-0
	at org.apache.hadoop.hdfs.server.namenode.FSNamesystem.checkNameNodeSafeMode(FSNamesystem.java:1441)
	at org.apache.hadoop.hdfs.server.namenode.FSNamesystem.delete(FSNamesystem.java:2986)
	at org.apache.hadoop.hdfs.server.namenode.NameNodeRpcServer.delete(NameNodeRpcServer.java:1095)
	at org.apache.hadoop.hdfs.protocolPB.ClientNamenodeProtocolServerSideTranslatorPB.delete(ClientNamenodeProtocolServerSideTranslatorPB.java:692)
	at org.apache.hadoop.hdfs.protocol.proto.ClientNamenodeProtocolProtos$ClientNamenodeProtocol$2.callBlockingMethod(ClientNamenodeProtocolProtos.java)
	at org.apache.hadoop.ipc.ProtobufRpcEngine$Server$ProtoBufRpcInvoker.call(ProtobufRpcEngine.java:523)
	at org.apache.hadoop.ipc.RPC$Server.call(RPC.java:991)
	at org.apache.hadoop.ipc.Server$RpcCall.run(Server.java:872)
	at org.apache.hadoop.ipc.Server$RpcCall.run(Server.java:818)
	at java.security.AccessController.doPrivileged(Native Method)
	at javax.security.auth.Subject.doAs(Subject.java:422)
	at org.apache.hadoop.security.UserGroupInformation.doAs(UserGroupInformation.java:1729)
	at org.apache.hadoop.ipc.Server$Handler.run(Server.java:2678)
Caused by: org.apache.hadoop.hdfs.server.namenode.SafeModeException: Cannot delete /myfile3. Name node is in safe mode.
The reported blocks 131 has reached the threshold 0.9990 of total blocks 131. The number of live datanodes 3 has reached the minimum number 0. In safe mode extension. Safe mode will be turned off automatically in 17 seconds. NamenodeHostName:node-0-link-0
	at org.apache.hadoop.hdfs.server.namenode.FSNamesystem.newSafemodeException(FSNamesystem.java:1450)
	at org.apache.hadoop.hdfs.server.namenode.FSNamesystem.checkNameNodeSafeMode(FSNamesystem.java:1437)
	... 12 more
, while invoking ClientNamenodeProtocolTranslatorPB.delete over node-0-link-0/10.10.1.1:8020. Retrying after sleeping for 3167ms.
2019-02-18 20:46:06,705 INFO retry.RetryInvocationHandler: org.apache.hadoop.ipc.RemoteException(org.apache.hadoop.ipc.RetriableException): org.apache.hadoop.hdfs.server.namenode.SafeModeException: Cannot delete /myfile3. Name node is in safe mode.
The reported blocks 131 has reached the threshold 0.9990 of total blocks 131. The number of live datanodes 3 has reached the minimum number 0. In safe mode extension. Safe mode will be turned off automatically in 14 seconds. NamenodeHostName:node-0-link-0
	at org.apache.hadoop.hdfs.server.namenode.FSNamesystem.checkNameNodeSafeMode(FSNamesystem.java:1441)
	at org.apache.hadoop.hdfs.server.namenode.FSNamesystem.delete(FSNamesystem.java:2986)
	at org.apache.hadoop.hdfs.server.namenode.NameNodeRpcServer.delete(NameNodeRpcServer.java:1095)
	at org.apache.hadoop.hdfs.protocolPB.ClientNamenodeProtocolServerSideTranslatorPB.delete(ClientNamenodeProtocolServerSideTranslatorPB.java:692)
	at org.apache.hadoop.hdfs.protocol.proto.ClientNamenodeProtocolProtos$ClientNamenodeProtocol$2.callBlockingMethod(ClientNamenodeProtocolProtos.java)
	at org.apache.hadoop.ipc.ProtobufRpcEngine$Server$ProtoBufRpcInvoker.call(ProtobufRpcEngine.java:523)
	at org.apache.hadoop.ipc.RPC$Server.call(RPC.java:991)
	at org.apache.hadoop.ipc.Server$RpcCall.run(Server.java:872)
	at org.apache.hadoop.ipc.Server$RpcCall.run(Server.java:818)
	at java.security.AccessController.doPrivileged(Native Method)
	at javax.security.auth.Subject.doAs(Subject.java:422)
	at org.apache.hadoop.security.UserGroupInformation.doAs(UserGroupInformation.java:1729)
	at org.apache.hadoop.ipc.Server$Handler.run(Server.java:2678)
Caused by: org.apache.hadoop.hdfs.server.namenode.SafeModeException: Cannot delete /myfile3. Name node is in safe mode.
The reported blocks 131 has reached the threshold 0.9990 of total blocks 131. The number of live datanodes 3 has reached the minimum number 0. In safe mode extension. Safe mode will be turned off automatically in 14 seconds. NamenodeHostName:node-0-link-0
	at org.apache.hadoop.hdfs.server.namenode.FSNamesystem.newSafemodeException(FSNamesystem.java:1450)
	at org.apache.hadoop.hdfs.server.namenode.FSNamesystem.checkNameNodeSafeMode(FSNamesystem.java:1437)
	... 12 more
, while invoking ClientNamenodeProtocolTranslatorPB.delete over node-0-link-0/10.10.1.1:8020. Retrying after sleeping for 8021ms.
2019-02-18 20:46:14,732 INFO retry.RetryInvocationHandler: org.apache.hadoop.ipc.RemoteException(org.apache.hadoop.ipc.RetriableException): org.apache.hadoop.hdfs.server.namenode.SafeModeException: Cannot delete /myfile3. Name node is in safe mode.
The reported blocks 131 has reached the threshold 0.9990 of total blocks 131. The number of live datanodes 3 has reached the minimum number 0. In safe mode extension. Safe mode will be turned off automatically in 6 seconds. NamenodeHostName:node-0-link-0
	at org.apache.hadoop.hdfs.server.namenode.FSNamesystem.checkNameNodeSafeMode(FSNamesystem.java:1441)
	at org.apache.hadoop.hdfs.server.namenode.FSNamesystem.delete(FSNamesystem.java:2986)
	at org.apache.hadoop.hdfs.server.namenode.NameNodeRpcServer.delete(NameNodeRpcServer.java:1095)
	at org.apache.hadoop.hdfs.protocolPB.ClientNamenodeProtocolServerSideTranslatorPB.delete(ClientNamenodeProtocolServerSideTranslatorPB.java:692)
	at org.apache.hadoop.hdfs.protocol.proto.ClientNamenodeProtocolProtos$ClientNamenodeProtocol$2.callBlockingMethod(ClientNamenodeProtocolProtos.java)
	at org.apache.hadoop.ipc.ProtobufRpcEngine$Server$ProtoBufRpcInvoker.call(ProtobufRpcEngine.java:523)
	at org.apache.hadoop.ipc.RPC$Server.call(RPC.java:991)
	at org.apache.hadoop.ipc.Server$RpcCall.run(Server.java:872)
	at org.apache.hadoop.ipc.Server$RpcCall.run(Server.java:818)
	at java.security.AccessController.doPrivileged(Native Method)
	at javax.security.auth.Subject.doAs(Subject.java:422)
	at org.apache.hadoop.security.UserGroupInformation.doAs(UserGroupInformation.java:1729)
	at org.apache.hadoop.ipc.Server$Handler.run(Server.java:2678)
Caused by: org.apache.hadoop.hdfs.server.namenode.SafeModeException: Cannot delete /myfile3. Name node is in safe mode.
The reported blocks 131 has reached the threshold 0.9990 of total blocks 131. The number of live datanodes 3 has reached the minimum number 0. In safe mode extension. Safe mode will be turned off automatically in 6 seconds. NamenodeHostName:node-0-link-0
	at org.apache.hadoop.hdfs.server.namenode.FSNamesystem.newSafemodeException(FSNamesystem.java:1450)
	at org.apache.hadoop.hdfs.server.namenode.FSNamesystem.checkNameNodeSafeMode(FSNamesystem.java:1437)
	... 12 more
, while invoking ClientNamenodeProtocolTranslatorPB.delete over node-0-link-0/10.10.1.1:8020. Retrying after sleeping for 19371ms.
Deleted /myfile3
file 3 has been removed from HDFS
Found 20 items
-rw-r--r--   3 root supergroup 1073741824 2019-02-18 20:44 /myfile1
-rw-r--r--   3 root supergroup 1073741824 2019-02-18 20:47 /myfile10
-rw-r--r--   3 root supergroup 1073741824 2019-02-18 20:44 /myfile11
-rw-r--r--   3 root supergroup 1073741824 2019-02-18 20:47 /myfile12
-rw-r--r--   3 root supergroup 1073741824 2019-02-18 20:43 /myfile13
-rw-r--r--   3 root supergroup 1073741824 2019-02-18 20:45 /myfile14
-rw-r--r--   3 root supergroup 1073741824 2019-02-18 20:44 /myfile15
-rw-r--r--   3 root supergroup 1073741824 2019-02-18 20:47 /myfile16
-rw-r--r--   3 root supergroup 1073741824 2019-02-18 20:47 /myfile17
-rw-r--r--   3 root supergroup 1073741824 2019-02-18 20:44 /myfile18
-rw-r--r--   3 root supergroup 1073741824 2019-02-18 20:45 /myfile19
-rw-r--r--   3 root supergroup 1073741824 2019-02-18 20:44 /myfile2
-rw-r--r--   3 root supergroup 1073741824 2019-02-18 20:47 /myfile20
-rw-r--r--   3 root supergroup 1073741824 2019-02-18 20:47 /myfile3
-rw-r--r--   3 root supergroup 1073741824 2019-02-18 20:46 /myfile4
-rw-r--r--   3 root supergroup 1073741824 2019-02-18 20:44 /myfile5
-rw-r--r--   3 root supergroup 1073741824 2019-02-18 20:44 /myfile6
-rw-r--r--   3 root supergroup 1073741824 2019-02-18 20:47 /myfile7
-rw-r--r--   3 root supergroup 1073741824 2019-02-18 20:45 /myfile8
-rw-r--r--   3 root supergroup 1073741824 2019-02-18 20:47 /myfile9
file 3 has been put into HDFS
file 3 has been read from HDFS for 1 time
diff succeed!
file 3 has been read from HDFS for 2 time
diff succeed!
file 3 has been read from HDFS for 3 time
diff succeed!
file 3 has been read from HDFS for 4 time
diff succeed!
file 3 has been read from HDFS for 5 time
diff succeed!
file 3 has been read from HDFS for 6 time
diff succeed!
file 3 has been read from HDFS for 7 time
diff succeed!
file 3 has been read from HDFS for 8 time
diff succeed!
file 3 has been read from HDFS for 9 time
diff succeed!
file 3 has been read from HDFS for 10 time
diff succeed!
Deleted /myfile3
file 3 has been removed from HDFS
Found 20 items
-rw-r--r--   3 root supergroup 1073741824 2019-02-18 20:49 /myfile1
-rw-r--r--   3 root supergroup 1073741824 2019-02-18 20:52 /myfile10
-rw-r--r--   3 root supergroup 1073741824 2019-02-18 20:48 /myfile11
-rw-r--r--   3 root supergroup 1073741824 2019-02-18 20:52 /myfile12
-rw-r--r--   3 root supergroup 1073741824 2019-02-18 20:52 /myfile13
-rw-r--r--   3 root supergroup 1073741824 2019-02-18 20:50 /myfile14
-rw-r--r--   3 root supergroup 1073741824 2019-02-18 20:49 /myfile15
-rw-r--r--   3 root supergroup 1073741824 2019-02-18 20:52 /myfile16
-rw-r--r--   3 root supergroup 1073741824 2019-02-18 20:52 /myfile17
-rw-r--r--   3 root supergroup 1073741824 2019-02-18 20:49 /myfile18
-rw-r--r--   3 root supergroup 1073741824 2019-02-18 20:49 /myfile19
-rw-r--r--   3 root supergroup 1073741824 2019-02-18 20:49 /myfile2
-rw-r--r--   3 root supergroup 1073741824 2019-02-18 20:52 /myfile20
-rw-r--r--   3 root supergroup 1073741824 2019-02-18 20:52 /myfile3
-rw-r--r--   3 root supergroup 1073741824 2019-02-18 20:51 /myfile4
-rw-r--r--   3 root supergroup 1073741824 2019-02-18 20:49 /myfile5
-rw-r--r--   3 root supergroup 1073741824 2019-02-18 20:48 /myfile6
-rw-r--r--   3 root supergroup 1073741824 2019-02-18 20:52 /myfile7
-rw-r--r--   3 root supergroup 1073741824 2019-02-18 20:49 /myfile8
-rw-r--r--   3 root supergroup 1073741824 2019-02-18 20:52 /myfile9
file 3 has been put into HDFS
file 3 has been read from HDFS for 1 time
diff succeed!
file 3 has been read from HDFS for 2 time
diff succeed!
file 3 has been read from HDFS for 3 time
diff succeed!
file 3 has been read from HDFS for 4 time
diff succeed!
file 3 has been read from HDFS for 5 time
diff succeed!
file 3 has been read from HDFS for 6 time
diff succeed!
file 3 has been read from HDFS for 7 time
diff succeed!
file 3 has been read from HDFS for 8 time
diff succeed!
file 3 has been read from HDFS for 9 time
diff succeed!
file 3 has been read from HDFS for 10 time
diff succeed!
Deleted /myfile3
file 3 has been removed from HDFS
Found 20 items
-rw-r--r--   3 root supergroup 1073741824 2019-02-18 20:54 /myfile1
-rw-r--r--   3 root supergroup 1073741824 2019-02-18 20:57 /myfile10
-rw-r--r--   3 root supergroup 1073741824 2019-02-18 20:58 /myfile11
-rw-r--r--   3 root supergroup 1073741824 2019-02-18 20:58 /myfile12
-rw-r--r--   3 root supergroup  402653184 2019-02-18 20:58 /myfile13._COPYING_
-rw-r--r--   3 root supergroup 1073741824 2019-02-18 20:54 /myfile14
-rw-r--r--   3 root supergroup 1073741824 2019-02-18 20:55 /myfile15
-rw-r--r--   3 root supergroup 1073741824 2019-02-18 20:57 /myfile16
-rw-r--r--   3 root supergroup 1073741824 2019-02-18 20:56 /myfile17
-rw-r--r--   3 root supergroup 1073741824 2019-02-18 20:54 /myfile18
-rw-r--r--   3 root supergroup 1073741824 2019-02-18 20:54 /myfile19
-rw-r--r--   3 root supergroup 1073741824 2019-02-18 20:54 /myfile2
-rw-r--r--   3 root supergroup 1073741824 2019-02-18 20:56 /myfile20
-rw-r--r--   3 root supergroup 1073741824 2019-02-18 20:58 /myfile3
-rw-r--r--   3 root supergroup 1073741824 2019-02-18 20:56 /myfile4
-rw-r--r--   3 root supergroup 1073741824 2019-02-18 20:55 /myfile5
-rw-r--r--   3 root supergroup 1073741824 2019-02-18 20:58 /myfile6
-rw-r--r--   3 root supergroup 1073741824 2019-02-18 20:57 /myfile7
-rw-r--r--   3 root supergroup 1073741824 2019-02-18 20:54 /myfile8
-rw-r--r--   3 root supergroup 1073741824 2019-02-18 20:57 /myfile9
file 3 has been put into HDFS
file 3 has been read from HDFS for 1 time
diff succeed!
file 3 has been read from HDFS for 2 time
diff succeed!
file 3 has been read from HDFS for 3 time
diff succeed!
file 3 has been read from HDFS for 4 time
diff succeed!
file 3 has been read from HDFS for 5 time
diff succeed!
file 3 has been read from HDFS for 6 time
diff succeed!
file 3 has been read from HDFS for 7 time
diff succeed!
file 3 has been read from HDFS for 8 time
diff succeed!
file 3 has been read from HDFS for 9 time
diff succeed!
file 3 has been read from HDFS for 10 time
diff succeed!
Deleted /myfile3
file 3 has been removed from HDFS
Found 18 items
-rw-r--r--   3 root supergroup 1073741824 2019-02-18 20:58 /myfile1
-rw-r--r--   3 root supergroup 1073741824 2019-02-18 20:57 /myfile10
-rw-r--r--   3 root supergroup  939524096 2019-02-18 21:01 /myfile11._COPYING_
-rw-r--r--   3 root supergroup 1073741824 2019-02-18 20:58 /myfile12
-rw-r--r--   3 root supergroup 1073741824 2019-02-18 20:59 /myfile14
-rw-r--r--   3 root supergroup 1073741824 2019-02-18 20:59 /myfile15
-rw-r--r--   3 root supergroup  805306368 2019-02-18 21:02 /myfile16._COPYING_
-rw-r--r--   3 root supergroup 1073741824 2019-02-18 21:00 /myfile17
-rw-r--r--   3 root supergroup 1073741824 2019-02-18 20:59 /myfile18
-rw-r--r--   3 root supergroup 1073741824 2019-02-18 20:59 /myfile19
-rw-r--r--   3 root supergroup 1073741824 2019-02-18 20:59 /myfile2
-rw-r--r--   3 root supergroup 1073741824 2019-02-18 21:00 /myfile20
-rw-r--r--   3 root supergroup 1073741824 2019-02-18 21:02 /myfile3
-rw-r--r--   3 root supergroup 1073741824 2019-02-18 21:00 /myfile4
-rw-r--r--   3 root supergroup 1073741824 2019-02-18 21:01 /myfile5
-rw-r--r--   3 root supergroup 1073741824 2019-02-18 21:02 /myfile6
-rw-r--r--   3 root supergroup 1073741824 2019-02-18 20:58 /myfile8
-rw-r--r--   3 root supergroup 1073741824 2019-02-18 21:02 /myfile9
file 3 has been put into HDFS
file 3 has been read from HDFS for 1 time
diff succeed!
file 3 has been read from HDFS for 2 time
diff succeed!
file 3 has been read from HDFS for 3 time
diff succeed!
file 3 has been read from HDFS for 4 time
diff succeed!
file 3 has been read from HDFS for 5 time
diff succeed!
file 3 has been read from HDFS for 6 time
diff succeed!
file 3 has been read from HDFS for 7 time
diff succeed!
file 3 has been read from HDFS for 8 time
diff succeed!
file 3 has been read from HDFS for 9 time
diff succeed!
file 3 has been read from HDFS for 10 time
diff succeed!
Deleted /myfile3
file 3 has been removed from HDFS
2019-02-18 21:06:16,729 INFO retry.RetryInvocationHandler: org.apache.hadoop.ipc.RemoteException(org.apache.hadoop.ipc.StandbyException): Operation category READ is not supported in state standby. Visit https://s.apache.org/sbnn-error
	at org.apache.hadoop.hdfs.server.namenode.ha.StandbyState.checkOperation(StandbyState.java:88)
	at org.apache.hadoop.hdfs.server.namenode.NameNode$NameNodeHAContext.checkOperation(NameNode.java:1952)
	at org.apache.hadoop.hdfs.server.namenode.FSNamesystem.checkOperation(FSNamesystem.java:1423)
	at org.apache.hadoop.hdfs.server.namenode.FSNamesystem.getFileInfo(FSNamesystem.java:3085)
	at org.apache.hadoop.hdfs.server.namenode.NameNodeRpcServer.getFileInfo(NameNodeRpcServer.java:1154)
	at org.apache.hadoop.hdfs.protocolPB.ClientNamenodeProtocolServerSideTranslatorPB.getFileInfo(ClientNamenodeProtocolServerSideTranslatorPB.java:966)
	at org.apache.hadoop.hdfs.protocol.proto.ClientNamenodeProtocolProtos$ClientNamenodeProtocol$2.callBlockingMethod(ClientNamenodeProtocolProtos.java)
	at org.apache.hadoop.ipc.ProtobufRpcEngine$Server$ProtoBufRpcInvoker.call(ProtobufRpcEngine.java:523)
	at org.apache.hadoop.ipc.RPC$Server.call(RPC.java:991)
	at org.apache.hadoop.ipc.Server$RpcCall.run(Server.java:872)
	at org.apache.hadoop.ipc.Server$RpcCall.run(Server.java:818)
	at java.security.AccessController.doPrivileged(Native Method)
	at javax.security.auth.Subject.doAs(Subject.java:422)
	at org.apache.hadoop.security.UserGroupInformation.doAs(UserGroupInformation.java:1729)
	at org.apache.hadoop.ipc.Server$Handler.run(Server.java:2678)
, while invoking ClientNamenodeProtocolTranslatorPB.getFileInfo over node-1-link-0/10.10.1.4:8020 after 1 failover attempts. Trying to failover after sleeping for 1220ms.
2019-02-18 21:06:17,954 INFO retry.RetryInvocationHandler: java.net.ConnectException: Call From clnode059.clemson.cloudlab.us/130.127.133.68 to node-0-link-0:8020 failed on connection exception: java.net.ConnectException: Connection refused; For more details see:  http://wiki.apache.org/hadoop/ConnectionRefused, while invoking ClientNamenodeProtocolTranslatorPB.getFileInfo over node-0-link-0/10.10.1.1:8020 after 2 failover attempts. Trying to failover after sleeping for 2730ms.
2019-02-18 21:07:04,737 INFO retry.RetryInvocationHandler: java.net.ConnectException: Call From clnode059.clemson.cloudlab.us/130.127.133.68 to node-1-link-0:8020 failed on connection exception: java.net.ConnectException: Connection refused; For more details see:  http://wiki.apache.org/hadoop/ConnectionRefused, while invoking ClientNamenodeProtocolTranslatorPB.addBlock over node-1-link-0/10.10.1.4:8020. Trying to failover immediately.
2019-02-18 21:07:04,741 INFO retry.RetryInvocationHandler: org.apache.hadoop.ipc.RemoteException(org.apache.hadoop.ipc.RetriableException): org.apache.hadoop.hdfs.server.namenode.SafeModeException: Cannot add block to /myfile3._COPYING_. Name node is in safe mode.
The reported blocks 125 has reached the threshold 0.9990 of total blocks 125. The number of live datanodes 3 has reached the minimum number 0. In safe mode extension. Safe mode will be turned off automatically in 20 seconds. NamenodeHostName:node-0-link-0
	at org.apache.hadoop.hdfs.server.namenode.FSNamesystem.checkNameNodeSafeMode(FSNamesystem.java:1441)
	at org.apache.hadoop.hdfs.server.namenode.FSDirWriteFileOp.analyzeFileState(FSDirWriteFileOp.java:591)
	at org.apache.hadoop.hdfs.server.namenode.FSDirWriteFileOp.validateAddBlock(FSDirWriteFileOp.java:172)
	at org.apache.hadoop.hdfs.server.namenode.FSNamesystem.getAdditionalBlock(FSNamesystem.java:2679)
	at org.apache.hadoop.hdfs.server.namenode.NameNodeRpcServer.addBlock(NameNodeRpcServer.java:875)
	at org.apache.hadoop.hdfs.protocolPB.ClientNamenodeProtocolServerSideTranslatorPB.addBlock(ClientNamenodeProtocolServerSideTranslatorPB.java:561)
	at org.apache.hadoop.hdfs.protocol.proto.ClientNamenodeProtocolProtos$ClientNamenodeProtocol$2.callBlockingMethod(ClientNamenodeProtocolProtos.java)
	at org.apache.hadoop.ipc.ProtobufRpcEngine$Server$ProtoBufRpcInvoker.call(ProtobufRpcEngine.java:523)
	at org.apache.hadoop.ipc.RPC$Server.call(RPC.java:991)
	at org.apache.hadoop.ipc.Server$RpcCall.run(Server.java:872)
	at org.apache.hadoop.ipc.Server$RpcCall.run(Server.java:818)
	at java.security.AccessController.doPrivileged(Native Method)
	at javax.security.auth.Subject.doAs(Subject.java:422)
	at org.apache.hadoop.security.UserGroupInformation.doAs(UserGroupInformation.java:1729)
	at org.apache.hadoop.ipc.Server$Handler.run(Server.java:2678)
Caused by: org.apache.hadoop.hdfs.server.namenode.SafeModeException: Cannot add block to /myfile3._COPYING_. Name node is in safe mode.
The reported blocks 125 has reached the threshold 0.9990 of total blocks 125. The number of live datanodes 3 has reached the minimum number 0. In safe mode extension. Safe mode will be turned off automatically in 20 seconds. NamenodeHostName:node-0-link-0
	at org.apache.hadoop.hdfs.server.namenode.FSNamesystem.newSafemodeException(FSNamesystem.java:1450)
	at org.apache.hadoop.hdfs.server.namenode.FSNamesystem.checkNameNodeSafeMode(FSNamesystem.java:1437)
	... 14 more
, while invoking ClientNamenodeProtocolTranslatorPB.addBlock over node-0-link-0/10.10.1.1:8020 after 1 failover attempts. Retrying after sleeping for 653ms.
2019-02-18 21:07:05,398 INFO retry.RetryInvocationHandler: org.apache.hadoop.ipc.RemoteException(org.apache.hadoop.ipc.RetriableException): org.apache.hadoop.hdfs.server.namenode.SafeModeException: Cannot add block to /myfile3._COPYING_. Name node is in safe mode.
The reported blocks 125 has reached the threshold 0.9990 of total blocks 125. The number of live datanodes 3 has reached the minimum number 0. In safe mode extension. Safe mode will be turned off automatically in 19 seconds. NamenodeHostName:node-0-link-0
	at org.apache.hadoop.hdfs.server.namenode.FSNamesystem.checkNameNodeSafeMode(FSNamesystem.java:1441)
	at org.apache.hadoop.hdfs.server.namenode.FSDirWriteFileOp.analyzeFileState(FSDirWriteFileOp.java:591)
	at org.apache.hadoop.hdfs.server.namenode.FSDirWriteFileOp.validateAddBlock(FSDirWriteFileOp.java:172)
	at org.apache.hadoop.hdfs.server.namenode.FSNamesystem.getAdditionalBlock(FSNamesystem.java:2679)
	at org.apache.hadoop.hdfs.server.namenode.NameNodeRpcServer.addBlock(NameNodeRpcServer.java:875)
	at org.apache.hadoop.hdfs.protocolPB.ClientNamenodeProtocolServerSideTranslatorPB.addBlock(ClientNamenodeProtocolServerSideTranslatorPB.java:561)
	at org.apache.hadoop.hdfs.protocol.proto.ClientNamenodeProtocolProtos$ClientNamenodeProtocol$2.callBlockingMethod(ClientNamenodeProtocolProtos.java)
	at org.apache.hadoop.ipc.ProtobufRpcEngine$Server$ProtoBufRpcInvoker.call(ProtobufRpcEngine.java:523)
	at org.apache.hadoop.ipc.RPC$Server.call(RPC.java:991)
	at org.apache.hadoop.ipc.Server$RpcCall.run(Server.java:872)
	at org.apache.hadoop.ipc.Server$RpcCall.run(Server.java:818)
	at java.security.AccessController.doPrivileged(Native Method)
	at javax.security.auth.Subject.doAs(Subject.java:422)
	at org.apache.hadoop.security.UserGroupInformation.doAs(UserGroupInformation.java:1729)
	at org.apache.hadoop.ipc.Server$Handler.run(Server.java:2678)
Caused by: org.apache.hadoop.hdfs.server.namenode.SafeModeException: Cannot add block to /myfile3._COPYING_. Name node is in safe mode.
The reported blocks 125 has reached the threshold 0.9990 of total blocks 125. The number of live datanodes 3 has reached the minimum number 0. In safe mode extension. Safe mode will be turned off automatically in 19 seconds. NamenodeHostName:node-0-link-0
	at org.apache.hadoop.hdfs.server.namenode.FSNamesystem.newSafemodeException(FSNamesystem.java:1450)
	at org.apache.hadoop.hdfs.server.namenode.FSNamesystem.checkNameNodeSafeMode(FSNamesystem.java:1437)
	... 14 more
, while invoking ClientNamenodeProtocolTranslatorPB.addBlock over node-0-link-0/10.10.1.1:8020 after 1 failover attempts. Retrying after sleeping for 1088ms.
2019-02-18 21:07:06,490 INFO retry.RetryInvocationHandler: org.apache.hadoop.ipc.RemoteException(org.apache.hadoop.ipc.RetriableException): org.apache.hadoop.hdfs.server.namenode.SafeModeException: Cannot add block to /myfile3._COPYING_. Name node is in safe mode.
The reported blocks 125 has reached the threshold 0.9990 of total blocks 125. The number of live datanodes 3 has reached the minimum number 0. In safe mode extension. Safe mode will be turned off automatically in 18 seconds. NamenodeHostName:node-0-link-0
	at org.apache.hadoop.hdfs.server.namenode.FSNamesystem.checkNameNodeSafeMode(FSNamesystem.java:1441)
	at org.apache.hadoop.hdfs.server.namenode.FSDirWriteFileOp.analyzeFileState(FSDirWriteFileOp.java:591)
	at org.apache.hadoop.hdfs.server.namenode.FSDirWriteFileOp.validateAddBlock(FSDirWriteFileOp.java:172)
	at org.apache.hadoop.hdfs.server.namenode.FSNamesystem.getAdditionalBlock(FSNamesystem.java:2679)
	at org.apache.hadoop.hdfs.server.namenode.NameNodeRpcServer.addBlock(NameNodeRpcServer.java:875)
	at org.apache.hadoop.hdfs.protocolPB.ClientNamenodeProtocolServerSideTranslatorPB.addBlock(ClientNamenodeProtocolServerSideTranslatorPB.java:561)
	at org.apache.hadoop.hdfs.protocol.proto.ClientNamenodeProtocolProtos$ClientNamenodeProtocol$2.callBlockingMethod(ClientNamenodeProtocolProtos.java)
	at org.apache.hadoop.ipc.ProtobufRpcEngine$Server$ProtoBufRpcInvoker.call(ProtobufRpcEngine.java:523)
	at org.apache.hadoop.ipc.RPC$Server.call(RPC.java:991)
	at org.apache.hadoop.ipc.Server$RpcCall.run(Server.java:872)
	at org.apache.hadoop.ipc.Server$RpcCall.run(Server.java:818)
	at java.security.AccessController.doPrivileged(Native Method)
	at javax.security.auth.Subject.doAs(Subject.java:422)
	at org.apache.hadoop.security.UserGroupInformation.doAs(UserGroupInformation.java:1729)
	at org.apache.hadoop.ipc.Server$Handler.run(Server.java:2678)
Caused by: org.apache.hadoop.hdfs.server.namenode.SafeModeException: Cannot add block to /myfile3._COPYING_. Name node is in safe mode.
The reported blocks 125 has reached the threshold 0.9990 of total blocks 125. The number of live datanodes 3 has reached the minimum number 0. In safe mode extension. Safe mode will be turned off automatically in 18 seconds. NamenodeHostName:node-0-link-0
	at org.apache.hadoop.hdfs.server.namenode.FSNamesystem.newSafemodeException(FSNamesystem.java:1450)
	at org.apache.hadoop.hdfs.server.namenode.FSNamesystem.checkNameNodeSafeMode(FSNamesystem.java:1437)
	... 14 more
, while invoking ClientNamenodeProtocolTranslatorPB.addBlock over node-0-link-0/10.10.1.1:8020 after 1 failover attempts. Retrying after sleeping for 5911ms.
2019-02-18 21:07:12,404 INFO retry.RetryInvocationHandler: org.apache.hadoop.ipc.RemoteException(org.apache.hadoop.ipc.RetriableException): org.apache.hadoop.hdfs.server.namenode.SafeModeException: Cannot add block to /myfile3._COPYING_. Name node is in safe mode.
The reported blocks 125 has reached the threshold 0.9990 of total blocks 125. The number of live datanodes 3 has reached the minimum number 0. In safe mode extension. Safe mode will be turned off automatically in 12 seconds. NamenodeHostName:node-0-link-0
	at org.apache.hadoop.hdfs.server.namenode.FSNamesystem.checkNameNodeSafeMode(FSNamesystem.java:1441)
	at org.apache.hadoop.hdfs.server.namenode.FSDirWriteFileOp.analyzeFileState(FSDirWriteFileOp.java:591)
	at org.apache.hadoop.hdfs.server.namenode.FSDirWriteFileOp.validateAddBlock(FSDirWriteFileOp.java:172)
	at org.apache.hadoop.hdfs.server.namenode.FSNamesystem.getAdditionalBlock(FSNamesystem.java:2679)
	at org.apache.hadoop.hdfs.server.namenode.NameNodeRpcServer.addBlock(NameNodeRpcServer.java:875)
	at org.apache.hadoop.hdfs.protocolPB.ClientNamenodeProtocolServerSideTranslatorPB.addBlock(ClientNamenodeProtocolServerSideTranslatorPB.java:561)
	at org.apache.hadoop.hdfs.protocol.proto.ClientNamenodeProtocolProtos$ClientNamenodeProtocol$2.callBlockingMethod(ClientNamenodeProtocolProtos.java)
	at org.apache.hadoop.ipc.ProtobufRpcEngine$Server$ProtoBufRpcInvoker.call(ProtobufRpcEngine.java:523)
	at org.apache.hadoop.ipc.RPC$Server.call(RPC.java:991)
	at org.apache.hadoop.ipc.Server$RpcCall.run(Server.java:872)
	at org.apache.hadoop.ipc.Server$RpcCall.run(Server.java:818)
	at java.security.AccessController.doPrivileged(Native Method)
	at javax.security.auth.Subject.doAs(Subject.java:422)
	at org.apache.hadoop.security.UserGroupInformation.doAs(UserGroupInformation.java:1729)
	at org.apache.hadoop.ipc.Server$Handler.run(Server.java:2678)
Caused by: org.apache.hadoop.hdfs.server.namenode.SafeModeException: Cannot add block to /myfile3._COPYING_. Name node is in safe mode.
The reported blocks 125 has reached the threshold 0.9990 of total blocks 125. The number of live datanodes 3 has reached the minimum number 0. In safe mode extension. Safe mode will be turned off automatically in 12 seconds. NamenodeHostName:node-0-link-0
	at org.apache.hadoop.hdfs.server.namenode.FSNamesystem.newSafemodeException(FSNamesystem.java:1450)
	at org.apache.hadoop.hdfs.server.namenode.FSNamesystem.checkNameNodeSafeMode(FSNamesystem.java:1437)
	... 14 more
, while invoking ClientNamenodeProtocolTranslatorPB.addBlock over node-0-link-0/10.10.1.1:8020 after 1 failover attempts. Retrying after sleeping for 9680ms.
2019-02-18 21:07:20,840 INFO retry.RetryInvocationHandler: org.apache.hadoop.ipc.RemoteException(org.apache.hadoop.ipc.RetriableException): org.apache.hadoop.hdfs.server.namenode.SafeModeException: Cannot renew lease for DFSClient_NONMAPREDUCE_2045363849_1. Name node is in safe mode.
The reported blocks 125 has reached the threshold 0.9990 of total blocks 125. The number of live datanodes 3 has reached the minimum number 0. In safe mode extension. Safe mode will be turned off automatically in 4 seconds. NamenodeHostName:node-0-link-0
	at org.apache.hadoop.hdfs.server.namenode.FSNamesystem.checkNameNodeSafeMode(FSNamesystem.java:1441)
	at org.apache.hadoop.hdfs.server.namenode.FSNamesystem.renewLease(FSNamesystem.java:3744)
	at org.apache.hadoop.hdfs.server.namenode.NameNodeRpcServer.renewLease(NameNodeRpcServer.java:1134)
	at org.apache.hadoop.hdfs.protocolPB.ClientNamenodeProtocolServerSideTranslatorPB.renewLease(ClientNamenodeProtocolServerSideTranslatorPB.java:737)
	at org.apache.hadoop.hdfs.protocol.proto.ClientNamenodeProtocolProtos$ClientNamenodeProtocol$2.callBlockingMethod(ClientNamenodeProtocolProtos.java)
	at org.apache.hadoop.ipc.ProtobufRpcEngine$Server$ProtoBufRpcInvoker.call(ProtobufRpcEngine.java:523)
	at org.apache.hadoop.ipc.RPC$Server.call(RPC.java:991)
	at org.apache.hadoop.ipc.Server$RpcCall.run(Server.java:872)
	at org.apache.hadoop.ipc.Server$RpcCall.run(Server.java:818)
	at java.security.AccessController.doPrivileged(Native Method)
	at javax.security.auth.Subject.doAs(Subject.java:422)
	at org.apache.hadoop.security.UserGroupInformation.doAs(UserGroupInformation.java:1729)
	at org.apache.hadoop.ipc.Server$Handler.run(Server.java:2678)
Caused by: org.apache.hadoop.hdfs.server.namenode.SafeModeException: Cannot renew lease for DFSClient_NONMAPREDUCE_2045363849_1. Name node is in safe mode.
The reported blocks 125 has reached the threshold 0.9990 of total blocks 125. The number of live datanodes 3 has reached the minimum number 0. In safe mode extension. Safe mode will be turned off automatically in 4 seconds. NamenodeHostName:node-0-link-0
	at org.apache.hadoop.hdfs.server.namenode.FSNamesystem.newSafemodeException(FSNamesystem.java:1450)
	at org.apache.hadoop.hdfs.server.namenode.FSNamesystem.checkNameNodeSafeMode(FSNamesystem.java:1437)
	... 12 more
, while invoking ClientNamenodeProtocolTranslatorPB.renewLease over node-0-link-0/10.10.1.1:8020. Retrying immediately.
2019-02-18 21:07:20,842 INFO retry.RetryInvocationHandler: org.apache.hadoop.ipc.RemoteException(org.apache.hadoop.ipc.RetriableException): org.apache.hadoop.hdfs.server.namenode.SafeModeException: Cannot renew lease for DFSClient_NONMAPREDUCE_2045363849_1. Name node is in safe mode.
The reported blocks 125 has reached the threshold 0.9990 of total blocks 125. The number of live datanodes 3 has reached the minimum number 0. In safe mode extension. Safe mode will be turned off automatically in 4 seconds. NamenodeHostName:node-0-link-0
	at org.apache.hadoop.hdfs.server.namenode.FSNamesystem.checkNameNodeSafeMode(FSNamesystem.java:1441)
	at org.apache.hadoop.hdfs.server.namenode.FSNamesystem.renewLease(FSNamesystem.java:3744)
	at org.apache.hadoop.hdfs.server.namenode.NameNodeRpcServer.renewLease(NameNodeRpcServer.java:1134)
	at org.apache.hadoop.hdfs.protocolPB.ClientNamenodeProtocolServerSideTranslatorPB.renewLease(ClientNamenodeProtocolServerSideTranslatorPB.java:737)
	at org.apache.hadoop.hdfs.protocol.proto.ClientNamenodeProtocolProtos$ClientNamenodeProtocol$2.callBlockingMethod(ClientNamenodeProtocolProtos.java)
	at org.apache.hadoop.ipc.ProtobufRpcEngine$Server$ProtoBufRpcInvoker.call(ProtobufRpcEngine.java:523)
	at org.apache.hadoop.ipc.RPC$Server.call(RPC.java:991)
	at org.apache.hadoop.ipc.Server$RpcCall.run(Server.java:872)
	at org.apache.hadoop.ipc.Server$RpcCall.run(Server.java:818)
	at java.security.AccessController.doPrivileged(Native Method)
	at javax.security.auth.Subject.doAs(Subject.java:422)
	at org.apache.hadoop.security.UserGroupInformation.doAs(UserGroupInformation.java:1729)
	at org.apache.hadoop.ipc.Server$Handler.run(Server.java:2678)
Caused by: org.apache.hadoop.hdfs.server.namenode.SafeModeException: Cannot renew lease for DFSClient_NONMAPREDUCE_2045363849_1. Name node is in safe mode.
The reported blocks 125 has reached the threshold 0.9990 of total blocks 125. The number of live datanodes 3 has reached the minimum number 0. In safe mode extension. Safe mode will be turned off automatically in 4 seconds. NamenodeHostName:node-0-link-0
	at org.apache.hadoop.hdfs.server.namenode.FSNamesystem.newSafemodeException(FSNamesystem.java:1450)
	at org.apache.hadoop.hdfs.server.namenode.FSNamesystem.checkNameNodeSafeMode(FSNamesystem.java:1437)
	... 12 more
, while invoking ClientNamenodeProtocolTranslatorPB.renewLease over node-0-link-0/10.10.1.1:8020. Retrying after sleeping for 1232ms.
2019-02-18 21:07:22,076 INFO retry.RetryInvocationHandler: org.apache.hadoop.ipc.RemoteException(org.apache.hadoop.ipc.RetriableException): org.apache.hadoop.hdfs.server.namenode.SafeModeException: Cannot renew lease for DFSClient_NONMAPREDUCE_2045363849_1. Name node is in safe mode.
The reported blocks 125 has reached the threshold 0.9990 of total blocks 125. The number of live datanodes 3 has reached the minimum number 0. In safe mode extension. Safe mode will be turned off automatically in 3 seconds. NamenodeHostName:node-0-link-0
	at org.apache.hadoop.hdfs.server.namenode.FSNamesystem.checkNameNodeSafeMode(FSNamesystem.java:1441)
	at org.apache.hadoop.hdfs.server.namenode.FSNamesystem.renewLease(FSNamesystem.java:3744)
	at org.apache.hadoop.hdfs.server.namenode.NameNodeRpcServer.renewLease(NameNodeRpcServer.java:1134)
	at org.apache.hadoop.hdfs.protocolPB.ClientNamenodeProtocolServerSideTranslatorPB.renewLease(ClientNamenodeProtocolServerSideTranslatorPB.java:737)
	at org.apache.hadoop.hdfs.protocol.proto.ClientNamenodeProtocolProtos$ClientNamenodeProtocol$2.callBlockingMethod(ClientNamenodeProtocolProtos.java)
	at org.apache.hadoop.ipc.ProtobufRpcEngine$Server$ProtoBufRpcInvoker.call(ProtobufRpcEngine.java:523)
	at org.apache.hadoop.ipc.RPC$Server.call(RPC.java:991)
	at org.apache.hadoop.ipc.Server$RpcCall.run(Server.java:872)
	at org.apache.hadoop.ipc.Server$RpcCall.run(Server.java:818)
	at java.security.AccessController.doPrivileged(Native Method)
	at javax.security.auth.Subject.doAs(Subject.java:422)
	at org.apache.hadoop.security.UserGroupInformation.doAs(UserGroupInformation.java:1729)
	at org.apache.hadoop.ipc.Server$Handler.run(Server.java:2678)
Caused by: org.apache.hadoop.hdfs.server.namenode.SafeModeException: Cannot renew lease for DFSClient_NONMAPREDUCE_2045363849_1. Name node is in safe mode.
The reported blocks 125 has reached the threshold 0.9990 of total blocks 125. The number of live datanodes 3 has reached the minimum number 0. In safe mode extension. Safe mode will be turned off automatically in 3 seconds. NamenodeHostName:node-0-link-0
	at org.apache.hadoop.hdfs.server.namenode.FSNamesystem.newSafemodeException(FSNamesystem.java:1450)
	at org.apache.hadoop.hdfs.server.namenode.FSNamesystem.checkNameNodeSafeMode(FSNamesystem.java:1437)
	... 12 more
, while invoking ClientNamenodeProtocolTranslatorPB.renewLease over node-0-link-0/10.10.1.1:8020. Retrying after sleeping for 1078ms.
2019-02-18 21:07:22,086 INFO retry.RetryInvocationHandler: org.apache.hadoop.ipc.RemoteException(org.apache.hadoop.ipc.RetriableException): org.apache.hadoop.hdfs.server.namenode.SafeModeException: Cannot add block to /myfile3._COPYING_. Name node is in safe mode.
The reported blocks 125 has reached the threshold 0.9990 of total blocks 125. The number of live datanodes 3 has reached the minimum number 0. In safe mode extension. Safe mode will be turned off automatically in 3 seconds. NamenodeHostName:node-0-link-0
	at org.apache.hadoop.hdfs.server.namenode.FSNamesystem.checkNameNodeSafeMode(FSNamesystem.java:1441)
	at org.apache.hadoop.hdfs.server.namenode.FSDirWriteFileOp.analyzeFileState(FSDirWriteFileOp.java:591)
	at org.apache.hadoop.hdfs.server.namenode.FSDirWriteFileOp.validateAddBlock(FSDirWriteFileOp.java:172)
	at org.apache.hadoop.hdfs.server.namenode.FSNamesystem.getAdditionalBlock(FSNamesystem.java:2679)
	at org.apache.hadoop.hdfs.server.namenode.NameNodeRpcServer.addBlock(NameNodeRpcServer.java:875)
	at org.apache.hadoop.hdfs.protocolPB.ClientNamenodeProtocolServerSideTranslatorPB.addBlock(ClientNamenodeProtocolServerSideTranslatorPB.java:561)
	at org.apache.hadoop.hdfs.protocol.proto.ClientNamenodeProtocolProtos$ClientNamenodeProtocol$2.callBlockingMethod(ClientNamenodeProtocolProtos.java)
	at org.apache.hadoop.ipc.ProtobufRpcEngine$Server$ProtoBufRpcInvoker.call(ProtobufRpcEngine.java:523)
	at org.apache.hadoop.ipc.RPC$Server.call(RPC.java:991)
	at org.apache.hadoop.ipc.Server$RpcCall.run(Server.java:872)
	at org.apache.hadoop.ipc.Server$RpcCall.run(Server.java:818)
	at java.security.AccessController.doPrivileged(Native Method)
	at javax.security.auth.Subject.doAs(Subject.java:422)
	at org.apache.hadoop.security.UserGroupInformation.doAs(UserGroupInformation.java:1729)
	at org.apache.hadoop.ipc.Server$Handler.run(Server.java:2678)
Caused by: org.apache.hadoop.hdfs.server.namenode.SafeModeException: Cannot add block to /myfile3._COPYING_. Name node is in safe mode.
The reported blocks 125 has reached the threshold 0.9990 of total blocks 125. The number of live datanodes 3 has reached the minimum number 0. In safe mode extension. Safe mode will be turned off automatically in 3 seconds. NamenodeHostName:node-0-link-0
	at org.apache.hadoop.hdfs.server.namenode.FSNamesystem.newSafemodeException(FSNamesystem.java:1450)
	at org.apache.hadoop.hdfs.server.namenode.FSNamesystem.checkNameNodeSafeMode(FSNamesystem.java:1437)
	... 14 more
, while invoking ClientNamenodeProtocolTranslatorPB.addBlock over node-0-link-0/10.10.1.1:8020 after 1 failover attempts. Retrying after sleeping for 18699ms.
2019-02-18 21:07:23,160 INFO retry.RetryInvocationHandler: org.apache.hadoop.ipc.RemoteException(org.apache.hadoop.ipc.RetriableException): org.apache.hadoop.hdfs.server.namenode.SafeModeException: Cannot renew lease for DFSClient_NONMAPREDUCE_2045363849_1. Name node is in safe mode.
The reported blocks 125 has reached the threshold 0.9990 of total blocks 125. The number of live datanodes 3 has reached the minimum number 0. In safe mode extension. Safe mode will be turned off automatically in 1 seconds. NamenodeHostName:node-0-link-0
	at org.apache.hadoop.hdfs.server.namenode.FSNamesystem.checkNameNodeSafeMode(FSNamesystem.java:1441)
	at org.apache.hadoop.hdfs.server.namenode.FSNamesystem.renewLease(FSNamesystem.java:3744)
	at org.apache.hadoop.hdfs.server.namenode.NameNodeRpcServer.renewLease(NameNodeRpcServer.java:1134)
	at org.apache.hadoop.hdfs.protocolPB.ClientNamenodeProtocolServerSideTranslatorPB.renewLease(ClientNamenodeProtocolServerSideTranslatorPB.java:737)
	at org.apache.hadoop.hdfs.protocol.proto.ClientNamenodeProtocolProtos$ClientNamenodeProtocol$2.callBlockingMethod(ClientNamenodeProtocolProtos.java)
	at org.apache.hadoop.ipc.ProtobufRpcEngine$Server$ProtoBufRpcInvoker.call(ProtobufRpcEngine.java:523)
	at org.apache.hadoop.ipc.RPC$Server.call(RPC.java:991)
	at org.apache.hadoop.ipc.Server$RpcCall.run(Server.java:872)
	at org.apache.hadoop.ipc.Server$RpcCall.run(Server.java:818)
	at java.security.AccessController.doPrivileged(Native Method)
	at javax.security.auth.Subject.doAs(Subject.java:422)
	at org.apache.hadoop.security.UserGroupInformation.doAs(UserGroupInformation.java:1729)
	at org.apache.hadoop.ipc.Server$Handler.run(Server.java:2678)
Caused by: org.apache.hadoop.hdfs.server.namenode.SafeModeException: Cannot renew lease for DFSClient_NONMAPREDUCE_2045363849_1. Name node is in safe mode.
The reported blocks 125 has reached the threshold 0.9990 of total blocks 125. The number of live datanodes 3 has reached the minimum number 0. In safe mode extension. Safe mode will be turned off automatically in 1 seconds. NamenodeHostName:node-0-link-0
	at org.apache.hadoop.hdfs.server.namenode.FSNamesystem.newSafemodeException(FSNamesystem.java:1450)
	at org.apache.hadoop.hdfs.server.namenode.FSNamesystem.checkNameNodeSafeMode(FSNamesystem.java:1437)
	... 12 more
, while invoking ClientNamenodeProtocolTranslatorPB.renewLease over node-0-link-0/10.10.1.1:8020. Retrying after sleeping for 2528ms.
Found 17 items
-rw-r--r--   3 root supergroup  134217728 2019-02-18 21:08 /myfile1._COPYING_
-rw-r--r--   3 root supergroup  805306368 2019-02-18 21:07 /myfile10._COPYING_
-rw-r--r--   3 root supergroup 1073741824 2019-02-18 21:08 /myfile11
-rw-r--r--   3 root supergroup  536870912 2019-02-18 21:07 /myfile12._COPYING_
-rw-r--r--   3 root supergroup  671088640 2019-02-18 21:07 /myfile13._COPYING_
-rw-r--r--   3 root supergroup  268435456 2019-02-18 21:08 /myfile15._COPYING_
-rw-r--r--   3 root supergroup 1073741824 2019-02-18 21:08 /myfile16
-rw-r--r--   3 root supergroup 1073741824 2019-02-18 21:05 /myfile17
-rw-r--r--   3 root supergroup  536870912 2019-02-18 21:08 /myfile18._COPYING_
-rw-r--r--   3 root supergroup  268435456 2019-02-18 21:08 /myfile19._COPYING_
-rw-r--r--   3 root supergroup 1073741824 2019-02-18 21:04 /myfile20
-rw-r--r--   3 root supergroup 1073741824 2019-02-18 21:08 /myfile3
-rw-r--r--   3 root supergroup 1073741824 2019-02-18 21:04 /myfile4
-rw-r--r--   3 root supergroup 1073741824 2019-02-18 21:05 /myfile5
-rw-r--r--   3 root supergroup 1073741824 2019-02-18 21:08 /myfile6
-rw-r--r--   3 root supergroup  805306368 2019-02-18 21:07 /myfile7._COPYING_
-rw-r--r--   3 root supergroup 1073741824 2019-02-18 21:08 /myfile9
file 3 has been put into HDFS
file 3 has been read from HDFS for 1 time
diff succeed!
file 3 has been read from HDFS for 2 time
diff succeed!
file 3 has been read from HDFS for 3 time
diff succeed!
file 3 has been read from HDFS for 4 time
diff succeed!
file 3 has been read from HDFS for 5 time
diff succeed!
file 3 has been read from HDFS for 6 time
diff succeed!
file 3 has been read from HDFS for 7 time
diff succeed!
file 3 has been read from HDFS for 8 time
diff succeed!
file 3 has been read from HDFS for 9 time
diff succeed!
file 3 has been read from HDFS for 10 time
diff succeed!
Deleted /myfile3
file 3 has been removed from HDFS
Found 18 items
-rw-r--r--   3 root supergroup  536870912 2019-02-18 21:12 /myfile10._COPYING_
-rw-r--r--   3 root supergroup  536870912 2019-02-18 21:12 /myfile11._COPYING_
-rw-r--r--   3 root supergroup 1073741824 2019-02-18 21:09 /myfile12
-rw-r--r--   3 root supergroup          0 2019-02-18 21:12 /myfile13._COPYING_
-rw-r--r--   3 root supergroup 1073741824 2019-02-18 21:09 /myfile14
-rw-r--r--   3 root supergroup 1073741824 2019-02-18 21:09 /myfile15
-rw-r--r--   3 root supergroup  402653184 2019-02-18 21:12 /myfile16._COPYING_
-rw-r--r--   3 root supergroup 1073741824 2019-02-18 21:10 /myfile17
-rw-r--r--   3 root supergroup 1073741824 2019-02-18 21:09 /myfile18
-rw-r--r--   3 root supergroup 1073741824 2019-02-18 21:09 /myfile19
-rw-r--r--   3 root supergroup 1073741824 2019-02-18 21:09 /myfile2
-rw-r--r--   3 root supergroup 1073741824 2019-02-18 21:09 /myfile20
-rw-r--r--   3 root supergroup 1073741824 2019-02-18 21:12 /myfile3
-rw-r--r--   3 root supergroup 1073741824 2019-02-18 21:09 /myfile4
-rw-r--r--   3 root supergroup 1073741824 2019-02-18 21:10 /myfile5
-rw-r--r--   3 root supergroup 1073741824 2019-02-18 21:12 /myfile6
-rw-r--r--   3 root supergroup  134217728 2019-02-18 21:12 /myfile7._COPYING_
-rw-r--r--   3 root supergroup  671088640 2019-02-18 21:12 /myfile9._COPYING_
file 3 has been put into HDFS
file 3 has been read from HDFS for 1 time
diff succeed!
file 3 has been read from HDFS for 2 time
diff succeed!
file 3 has been read from HDFS for 3 time
diff succeed!
file 3 has been read from HDFS for 4 time
diff succeed!
file 3 has been read from HDFS for 5 time
diff succeed!
file 3 has been read from HDFS for 6 time
diff succeed!
file 3 has been read from HDFS for 7 time
diff succeed!
file 3 has been read from HDFS for 8 time
diff succeed!
file 3 has been read from HDFS for 9 time
diff succeed!
file 3 has been read from HDFS for 10 time
diff succeed!
Deleted /myfile3
file 3 has been removed from HDFS
Found 20 items
-rw-r--r--   3 root supergroup  939524096 2019-02-18 21:17 /myfile1._COPYING_
-rw-r--r--   3 root supergroup  939524096 2019-02-18 21:16 /myfile10._COPYING_
-rw-r--r--   3 root supergroup 1073741824 2019-02-18 21:18 /myfile11
-rw-r--r--   3 root supergroup  536870912 2019-02-18 21:17 /myfile12._COPYING_
-rw-r--r--   3 root supergroup  805306368 2019-02-18 21:17 /myfile13._COPYING_
-rw-r--r--   3 root supergroup 1073741824 2019-02-18 21:14 /myfile14
-rw-r--r--   3 root supergroup  671088640 2019-02-18 21:17 /myfile15._COPYING_
-rw-r--r--   3 root supergroup  671088640 2019-02-18 21:17 /myfile16._COPYING_
-rw-r--r--   3 root supergroup  134217728 2019-02-18 21:18 /myfile17._COPYING_
-rw-r--r--   3 root supergroup  402653184 2019-02-18 21:17 /myfile18._COPYING_
-rw-r--r--   3 root supergroup  268435456 2019-02-18 21:17 /myfile19._COPYING_
-rw-r--r--   3 root supergroup  671088640 2019-02-18 21:17 /myfile2._COPYING_
-rw-r--r--   3 root supergroup  671088640 2019-02-18 21:17 /myfile20._COPYING_
-rw-r--r--   3 root supergroup 1073741824 2019-02-18 21:18 /myfile3
-rw-r--r--   3 root supergroup  671088640 2019-02-18 21:17 /myfile4._COPYING_
-rw-r--r--   3 root supergroup 1073741824 2019-02-18 21:14 /myfile5
-rw-r--r--   3 root supergroup 1073741824 2019-02-18 21:18 /myfile6
-rw-r--r--   3 root supergroup  671088640 2019-02-18 21:17 /myfile7._COPYING_
-rw-r--r--   3 root supergroup  536870912 2019-02-18 21:17 /myfile8._COPYING_
-rw-r--r--   3 root supergroup  939524096 2019-02-18 21:17 /myfile9._COPYING_
file 3 has been put into HDFS
file 3 has been read from HDFS for 1 time
diff succeed!
file 3 has been read from HDFS for 2 time
diff succeed!
file 3 has been read from HDFS for 3 time
diff succeed!
file 3 has been read from HDFS for 4 time
diff succeed!
file 3 has been read from HDFS for 5 time
diff succeed!
file 3 has been read from HDFS for 6 time
diff succeed!
file 3 has been read from HDFS for 7 time
diff succeed!
file 3 has been read from HDFS for 8 time
diff succeed!
file 3 has been read from HDFS for 9 time
diff succeed!
file 3 has been read from HDFS for 10 time
diff succeed!
Deleted /myfile3
file 3 has been removed from HDFS
Found 16 items
-rw-r--r--   3 root supergroup 1073741824 2019-02-18 21:18 /myfile1
-rw-r--r--   3 root supergroup  268435456 2019-02-18 21:22 /myfile10._COPYING_
-rw-r--r--   3 root supergroup  134217728 2019-02-18 21:22 /myfile11._COPYING_
-rw-r--r--   3 root supergroup 1073741824 2019-02-18 21:18 /myfile12
-rw-r--r--   3 root supergroup  268435456 2019-02-18 21:22 /myfile13._COPYING_
-rw-r--r--   3 root supergroup 1073741824 2019-02-18 21:18 /myfile14
-rw-r--r--   3 root supergroup 1073741824 2019-02-18 21:18 /myfile15
-rw-r--r--   3 root supergroup 1073741824 2019-02-18 21:18 /myfile18
-rw-r--r--   3 root supergroup 1073741824 2019-02-18 21:18 /myfile19
-rw-r--r--   3 root supergroup 1073741824 2019-02-18 21:18 /myfile20
-rw-r--r--   3 root supergroup 1073741824 2019-02-18 21:22 /myfile3
-rw-r--r--   3 root supergroup  134217728 2019-02-18 21:22 /myfile4._COPYING_
-rw-r--r--   3 root supergroup  134217728 2019-02-18 21:22 /myfile6._COPYING_
-rw-r--r--   3 root supergroup 1073741824 2019-02-18 21:18 /myfile7
-rw-r--r--   3 root supergroup 1073741824 2019-02-18 21:18 /myfile8
-rw-r--r--   3 root supergroup 1073741824 2019-02-18 21:18 /myfile9
file 3 has been put into HDFS
file 3 has been read from HDFS for 1 time
diff succeed!
file 3 has been read from HDFS for 2 time
diff succeed!
file 3 has been read from HDFS for 3 time
diff succeed!
file 3 has been read from HDFS for 4 time
diff succeed!
file 3 has been read from HDFS for 5 time
diff succeed!
file 3 has been read from HDFS for 6 time
diff succeed!
file 3 has been read from HDFS for 7 time
diff succeed!
file 3 has been read from HDFS for 8 time
diff succeed!
file 3 has been read from HDFS for 9 time
diff succeed!
file 3 has been read from HDFS for 10 time
diff succeed!
Deleted /myfile3
file 3 has been removed from HDFS
Found 17 items
-rw-r--r--   3 root supergroup 1073741824 2019-02-18 21:23 /myfile1
-rw-r--r--   3 root supergroup  134217728 2019-02-18 21:26 /myfile10._COPYING_
-rw-r--r--   3 root supergroup          0 2019-02-18 21:26 /myfile12._COPYING_
-rw-r--r--   3 root supergroup 1073741824 2019-02-18 21:24 /myfile14
-rw-r--r--   3 root supergroup 1073741824 2019-02-18 21:24 /myfile15
-rw-r--r--   3 root supergroup 1073741824 2019-02-18 21:22 /myfile16
-rw-r--r--   3 root supergroup 1073741824 2019-02-18 21:23 /myfile17
-rw-r--r--   3 root supergroup 1073741824 2019-02-18 21:23 /myfile18
-rw-r--r--   3 root supergroup 1073741824 2019-02-18 21:24 /myfile19
-rw-r--r--   3 root supergroup 1073741824 2019-02-18 21:23 /myfile2
-rw-r--r--   3 root supergroup 1073741824 2019-02-18 21:23 /myfile20
-rw-r--r--   3 root supergroup 1073741824 2019-02-18 21:26 /myfile3
-rw-r--r--   3 root supergroup 1073741824 2019-02-18 21:22 /myfile4
-rw-r--r--   3 root supergroup 1073741824 2019-02-18 21:23 /myfile5
-rw-r--r--   3 root supergroup          0 2019-02-18 21:26 /myfile6._COPYING_
-rw-r--r--   3 root supergroup 1073741824 2019-02-18 21:23 /myfile7
-rw-r--r--   3 root supergroup 1073741824 2019-02-18 21:23 /myfile9
file 3 has been put into HDFS
file 3 has been read from HDFS for 1 time
sub_benchmark 1 signal TERM catched and let quit gracefully
diff succeed!
Deleted /myfile3
file 3 has been removed from HDFS
