Found 20 items
-rw-r--r--   3 root supergroup 1073741824 2019-02-18 20:02 /myfile1
-rw-r--r--   3 root supergroup 1073741824 2019-02-18 20:02 /myfile10
-rw-r--r--   3 root supergroup 1073741824 2019-02-18 20:02 /myfile11
-rw-r--r--   3 root supergroup 1073741824 2019-02-18 20:02 /myfile12
-rw-r--r--   3 root supergroup 1073741824 2019-02-18 20:02 /myfile13
-rw-r--r--   3 root supergroup 1073741824 2019-02-18 20:02 /myfile14
-rw-r--r--   3 root supergroup 1073741824 2019-02-18 20:02 /myfile15
-rw-r--r--   3 root supergroup 1073741824 2019-02-18 20:02 /myfile16
-rw-r--r--   3 root supergroup 1073741824 2019-02-18 20:02 /myfile17
-rw-r--r--   3 root supergroup 1073741824 2019-02-18 20:02 /myfile18
-rw-r--r--   3 root supergroup 1073741824 2019-02-18 20:02 /myfile19
-rw-r--r--   3 root supergroup 1073741824 2019-02-18 20:02 /myfile2
-rw-r--r--   3 root supergroup 1073741824 2019-02-18 20:02 /myfile20
-rw-r--r--   3 root supergroup 1073741824 2019-02-18 20:02 /myfile3
-rw-r--r--   3 root supergroup 1073741824 2019-02-18 20:02 /myfile4
-rw-r--r--   3 root supergroup 1073741824 2019-02-18 20:02 /myfile5
-rw-r--r--   3 root supergroup 1073741824 2019-02-18 20:02 /myfile6
-rw-r--r--   3 root supergroup 1073741824 2019-02-18 20:02 /myfile7
-rw-r--r--   3 root supergroup 1073741824 2019-02-18 20:02 /myfile8
-rw-r--r--   3 root supergroup 1073741824 2019-02-18 20:02 /myfile9
file 12 has been put into HDFS
file 12 has been read from HDFS for 1 time
diff succeed!
file 12 has been read from HDFS for 2 time
diff succeed!
file 12 has been read from HDFS for 3 time
diff succeed!
file 12 has been read from HDFS for 4 time
diff succeed!
file 12 has been read from HDFS for 5 time
diff succeed!
file 12 has been read from HDFS for 6 time
diff succeed!
file 12 has been read from HDFS for 7 time
diff succeed!
file 12 has been read from HDFS for 8 time
diff succeed!
file 12 has been read from HDFS for 9 time
diff succeed!
file 12 has been read from HDFS for 10 time
diff succeed!
Deleted /myfile12
file 12 has been removed from HDFS
Found 19 items
-rw-r--r--   3 root supergroup 1073741824 2019-02-18 20:06 /myfile1
-rw-r--r--   3 root supergroup 1073741824 2019-02-18 20:06 /myfile10
-rw-r--r--   3 root supergroup 1073741824 2019-02-18 20:06 /myfile11
-rw-r--r--   3 root supergroup 1073741824 2019-02-18 20:06 /myfile12
-rw-r--r--   3 root supergroup 1073741824 2019-02-18 20:06 /myfile13
-rw-r--r--   3 root supergroup 1073741824 2019-02-18 20:06 /myfile14
-rw-r--r--   3 root supergroup 1073741824 2019-02-18 20:06 /myfile16
-rw-r--r--   3 root supergroup 1073741824 2019-02-18 20:06 /myfile17
-rw-r--r--   3 root supergroup 1073741824 2019-02-18 20:06 /myfile18
-rw-r--r--   3 root supergroup 1073741824 2019-02-18 20:06 /myfile19
-rw-r--r--   3 root supergroup 1073741824 2019-02-18 20:06 /myfile2
-rw-r--r--   3 root supergroup  268435456 2019-02-18 20:06 /myfile20._COPYING_
-rw-r--r--   3 root supergroup 1073741824 2019-02-18 20:06 /myfile3
-rw-r--r--   3 root supergroup 1073741824 2019-02-18 20:06 /myfile4
-rw-r--r--   3 root supergroup 1073741824 2019-02-18 20:06 /myfile5
-rw-r--r--   3 root supergroup 1073741824 2019-02-18 20:06 /myfile6
-rw-r--r--   3 root supergroup 1073741824 2019-02-18 20:06 /myfile7
-rw-r--r--   3 root supergroup 1073741824 2019-02-18 20:06 /myfile8
-rw-r--r--   3 root supergroup 1073741824 2019-02-18 20:06 /myfile9
file 12 has been put into HDFS
file 12 has been read from HDFS for 1 time
diff succeed!
file 12 has been read from HDFS for 2 time
diff succeed!
file 12 has been read from HDFS for 3 time
diff succeed!
file 12 has been read from HDFS for 4 time
diff succeed!
file 12 has been read from HDFS for 5 time
diff succeed!
file 12 has been read from HDFS for 6 time
diff succeed!
file 12 has been read from HDFS for 7 time
diff succeed!
file 12 has been read from HDFS for 8 time
diff succeed!
file 12 has been read from HDFS for 9 time
diff succeed!
file 12 has been read from HDFS for 10 time
diff succeed!
Deleted /myfile12
file 12 has been removed from HDFS
Found 19 items
-rw-r--r--   3 root supergroup 1073741824 2019-02-18 20:11 /myfile1
-rw-r--r--   3 root supergroup 1073741824 2019-02-18 20:11 /myfile10
-rw-r--r--   3 root supergroup 1073741824 2019-02-18 20:10 /myfile11
-rw-r--r--   3 root supergroup 1073741824 2019-02-18 20:11 /myfile12
-rw-r--r--   3 root supergroup 1073741824 2019-02-18 20:11 /myfile13
-rw-r--r--   3 root supergroup 1073741824 2019-02-18 20:11 /myfile15
-rw-r--r--   3 root supergroup 1073741824 2019-02-18 20:11 /myfile16
-rw-r--r--   3 root supergroup 1073741824 2019-02-18 20:11 /myfile17
-rw-r--r--   3 root supergroup 1073741824 2019-02-18 20:11 /myfile18
-rw-r--r--   3 root supergroup 1073741824 2019-02-18 20:11 /myfile19
-rw-r--r--   3 root supergroup 1073741824 2019-02-18 20:11 /myfile2
-rw-r--r--   3 root supergroup 1073741824 2019-02-18 20:06 /myfile20
-rw-r--r--   3 root supergroup 1073741824 2019-02-18 20:11 /myfile3
-rw-r--r--   3 root supergroup 1073741824 2019-02-18 20:11 /myfile4
-rw-r--r--   3 root supergroup 1073741824 2019-02-18 20:11 /myfile5
-rw-r--r--   3 root supergroup 1073741824 2019-02-18 20:11 /myfile6
-rw-r--r--   3 root supergroup 1073741824 2019-02-18 20:11 /myfile7
-rw-r--r--   3 root supergroup 1073741824 2019-02-18 20:11 /myfile8
-rw-r--r--   3 root supergroup 1073741824 2019-02-18 20:11 /myfile9
file 12 has been put into HDFS
file 12 has been read from HDFS for 1 time
diff succeed!
file 12 has been read from HDFS for 2 time
diff succeed!
file 12 has been read from HDFS for 3 time
diff succeed!
file 12 has been read from HDFS for 4 time
diff succeed!
file 12 has been read from HDFS for 5 time
diff succeed!
file 12 has been read from HDFS for 6 time
diff succeed!
file 12 has been read from HDFS for 7 time
diff succeed!
file 12 has been read from HDFS for 8 time
diff succeed!
file 12 has been read from HDFS for 9 time
diff succeed!
file 12 has been read from HDFS for 10 time
diff succeed!
Deleted /myfile12
file 12 has been removed from HDFS
Found 20 items
-rw-r--r--   3 root supergroup 1073741824 2019-02-18 20:11 /myfile1
-rw-r--r--   3 root supergroup 1073741824 2019-02-18 20:15 /myfile10
-rw-r--r--   3 root supergroup 1073741824 2019-02-18 20:16 /myfile11
-rw-r--r--   3 root supergroup 1073741824 2019-02-18 20:16 /myfile12
-rw-r--r--   3 root supergroup 1073741824 2019-02-18 20:16 /myfile13
-rw-r--r--   3 root supergroup          0 2019-02-18 20:16 /myfile14._COPYING_
-rw-r--r--   3 root supergroup 1073741824 2019-02-18 20:15 /myfile15
-rw-r--r--   3 root supergroup 1073741824 2019-02-18 20:16 /myfile16
-rw-r--r--   3 root supergroup 1073741824 2019-02-18 20:15 /myfile17
-rw-r--r--   3 root supergroup 1073741824 2019-02-18 20:15 /myfile18
-rw-r--r--   3 root supergroup 1073741824 2019-02-18 20:15 /myfile19
-rw-r--r--   3 root supergroup 1073741824 2019-02-18 20:16 /myfile2
-rw-r--r--   3 root supergroup 1073741824 2019-02-18 20:11 /myfile20
-rw-r--r--   3 root supergroup 1073741824 2019-02-18 20:15 /myfile3
-rw-r--r--   3 root supergroup 1073741824 2019-02-18 20:16 /myfile4
-rw-r--r--   3 root supergroup 1073741824 2019-02-18 20:15 /myfile5
-rw-r--r--   3 root supergroup 1073741824 2019-02-18 20:16 /myfile6
-rw-r--r--   3 root supergroup 1073741824 2019-02-18 20:16 /myfile7
-rw-r--r--   3 root supergroup 1073741824 2019-02-18 20:16 /myfile8
-rw-r--r--   3 root supergroup 1073741824 2019-02-18 20:15 /myfile9
file 12 has been put into HDFS
file 12 has been read from HDFS for 1 time
diff succeed!
file 12 has been read from HDFS for 2 time
diff succeed!
file 12 has been read from HDFS for 3 time
diff succeed!
file 12 has been read from HDFS for 4 time
diff succeed!
file 12 has been read from HDFS for 5 time
diff succeed!
file 12 has been read from HDFS for 6 time
diff succeed!
file 12 has been read from HDFS for 7 time
diff succeed!
file 12 has been read from HDFS for 8 time
diff succeed!
file 12 has been read from HDFS for 9 time
diff succeed!
file 12 has been read from HDFS for 10 time
diff succeed!
Deleted /myfile12
file 12 has been removed from HDFS
Found 20 items
-rw-r--r--   3 root supergroup 1073741824 2019-02-18 20:18 /myfile1
-rw-r--r--   3 root supergroup 1073741824 2019-02-18 20:20 /myfile10
-rw-r--r--   3 root supergroup 1073741824 2019-02-18 20:21 /myfile11
-rw-r--r--   3 root supergroup 1073741824 2019-02-18 20:21 /myfile12
-rw-r--r--   3 root supergroup 1073741824 2019-02-18 20:21 /myfile13
-rw-r--r--   3 root supergroup  402653184 2019-02-18 20:21 /myfile14._COPYING_
-rw-r--r--   3 root supergroup 1073741824 2019-02-18 20:20 /myfile15
-rw-r--r--   3 root supergroup 1073741824 2019-02-18 20:21 /myfile16
-rw-r--r--   3 root supergroup 1073741824 2019-02-18 20:20 /myfile17
-rw-r--r--   3 root supergroup 1073741824 2019-02-18 20:20 /myfile18
-rw-r--r--   3 root supergroup 1073741824 2019-02-18 20:19 /myfile19
-rw-r--r--   3 root supergroup  268435456 2019-02-18 20:21 /myfile2._COPYING_
-rw-r--r--   3 root supergroup 1073741824 2019-02-18 20:17 /myfile20
-rw-r--r--   3 root supergroup 1073741824 2019-02-18 20:20 /myfile3
-rw-r--r--   3 root supergroup 1073741824 2019-02-18 20:21 /myfile4
-rw-r--r--   3 root supergroup 1073741824 2019-02-18 20:19 /myfile5
-rw-r--r--   3 root supergroup 1073741824 2019-02-18 20:21 /myfile6
-rw-r--r--   3 root supergroup 1073741824 2019-02-18 20:20 /myfile7
-rw-r--r--   3 root supergroup  402653184 2019-02-18 20:21 /myfile8._COPYING_
-rw-r--r--   3 root supergroup 1073741824 2019-02-18 20:20 /myfile9
file 12 has been put into HDFS
file 12 has been read from HDFS for 1 time
diff succeed!
file 12 has been read from HDFS for 2 time
diff succeed!
file 12 has been read from HDFS for 3 time
diff succeed!
file 12 has been read from HDFS for 4 time
diff succeed!
file 12 has been read from HDFS for 5 time
diff succeed!
file 12 has been read from HDFS for 6 time
diff succeed!
file 12 has been read from HDFS for 7 time
diff succeed!
file 12 has been read from HDFS for 8 time
diff succeed!
file 12 has been read from HDFS for 9 time
diff succeed!
file 12 has been read from HDFS for 10 time
diff succeed!
Deleted /myfile12
file 12 has been removed from HDFS
Found 20 items
-rw-r--r--   3 root supergroup 1073741824 2019-02-18 20:23 /myfile1
-rw-r--r--   3 root supergroup 1073741824 2019-02-18 20:26 /myfile10
-rw-r--r--   3 root supergroup 1073741824 2019-02-18 20:26 /myfile11
-rw-r--r--   3 root supergroup 1073741824 2019-02-18 20:26 /myfile12
-rw-r--r--   3 root supergroup  268435456 2019-02-18 20:26 /myfile13._COPYING_
-rw-r--r--   3 root supergroup  536870912 2019-02-18 20:25 /myfile14._COPYING_
-rw-r--r--   3 root supergroup 1073741824 2019-02-18 20:24 /myfile15
-rw-r--r--   3 root supergroup 1073741824 2019-02-18 20:26 /myfile16
-rw-r--r--   3 root supergroup 1073741824 2019-02-18 20:24 /myfile17
-rw-r--r--   3 root supergroup 1073741824 2019-02-18 20:24 /myfile18
-rw-r--r--   3 root supergroup 1073741824 2019-02-18 20:24 /myfile19
-rw-r--r--   3 root supergroup  536870912 2019-02-18 20:25 /myfile2._COPYING_
-rw-r--r--   3 root supergroup  536870912 2019-02-18 20:25 /myfile20._COPYING_
-rw-r--r--   3 root supergroup 1073741824 2019-02-18 20:24 /myfile3
-rw-r--r--   3 root supergroup  939524096 2019-02-18 20:25 /myfile4._COPYING_
-rw-r--r--   3 root supergroup 1073741824 2019-02-18 20:25 /myfile5
-rw-r--r--   3 root supergroup  939524096 2019-02-18 20:25 /myfile6._COPYING_
-rw-r--r--   3 root supergroup 1073741824 2019-02-18 20:25 /myfile7
-rw-r--r--   3 root supergroup  671088640 2019-02-18 20:25 /myfile8._COPYING_
-rw-r--r--   3 root supergroup 1073741824 2019-02-18 20:24 /myfile9
file 12 has been put into HDFS
file 12 has been read from HDFS for 1 time
diff succeed!
file 12 has been read from HDFS for 2 time
diff succeed!
file 12 has been read from HDFS for 3 time
diff succeed!
file 12 has been read from HDFS for 4 time
diff succeed!
file 12 has been read from HDFS for 5 time
diff succeed!
file 12 has been read from HDFS for 6 time
diff succeed!
file 12 has been read from HDFS for 7 time
diff succeed!
file 12 has been read from HDFS for 8 time
diff succeed!
file 12 has been read from HDFS for 9 time
diff succeed!
file 12 has been read from HDFS for 10 time
diff succeed!
Deleted /myfile12
file 12 has been removed from HDFS
Found 20 items
-rw-r--r--   3 root supergroup 1073741824 2019-02-18 20:29 /myfile1
-rw-r--r--   3 root supergroup 1073741824 2019-02-18 20:33 /myfile10
-rw-r--r--   3 root supergroup 1073741824 2019-02-18 20:32 /myfile11
-rw-r--r--   3 root supergroup 1073741824 2019-02-18 20:33 /myfile12
-rw-r--r--   3 root supergroup 1073741824 2019-02-18 20:30 /myfile13
-rw-r--r--   3 root supergroup 1073741824 2019-02-18 20:30 /myfile14
-rw-r--r--   3 root supergroup 1073741824 2019-02-18 20:29 /myfile15
-rw-r--r--   3 root supergroup 1073741824 2019-02-18 20:32 /myfile16
-rw-r--r--   3 root supergroup  402653184 2019-02-18 20:33 /myfile17._COPYING_
-rw-r--r--   3 root supergroup 1073741824 2019-02-18 20:30 /myfile18
-rw-r--r--   3 root supergroup 1073741824 2019-02-18 20:30 /myfile19
-rw-r--r--   3 root supergroup 1073741824 2019-02-18 20:30 /myfile2
-rw-r--r--   3 root supergroup 1073741824 2019-02-18 20:30 /myfile20
-rw-r--r--   3 root supergroup          0 2019-02-18 20:33 /myfile3._COPYING_
-rw-r--r--   3 root supergroup 1073741824 2019-02-18 20:30 /myfile4
-rw-r--r--   3 root supergroup 1073741824 2019-02-18 20:29 /myfile5
-rw-r--r--   3 root supergroup 1073741824 2019-02-18 20:30 /myfile6
-rw-r--r--   3 root supergroup  268435456 2019-02-18 20:32 /myfile7._COPYING_
-rw-r--r--   3 root supergroup 1073741824 2019-02-18 20:30 /myfile8
-rw-r--r--   3 root supergroup 1073741824 2019-02-18 20:30 /myfile9
file 12 has been put into HDFS
file 12 has been read from HDFS for 1 time
diff succeed!
file 12 has been read from HDFS for 2 time
diff succeed!
file 12 has been read from HDFS for 3 time
diff succeed!
file 12 has been read from HDFS for 4 time
diff succeed!
file 12 has been read from HDFS for 5 time
diff succeed!
file 12 has been read from HDFS for 6 time
diff succeed!
file 12 has been read from HDFS for 7 time
diff succeed!
file 12 has been read from HDFS for 8 time
diff succeed!
file 12 has been read from HDFS for 9 time
diff succeed!
file 12 has been read from HDFS for 10 time
diff succeed!
Deleted /myfile12
file 12 has been removed from HDFS
Found 20 items
-rw-r--r--   3 root supergroup 1073741824 2019-02-18 20:34 /myfile1
-rw-r--r--   3 root supergroup 1073741824 2019-02-18 20:37 /myfile10
-rw-r--r--   3 root supergroup 1073741824 2019-02-18 20:32 /myfile11
-rw-r--r--   3 root supergroup 1073741824 2019-02-18 20:37 /myfile12
-rw-r--r--   3 root supergroup 1073741824 2019-02-18 20:34 /myfile13
-rw-r--r--   3 root supergroup 1073741824 2019-02-18 20:36 /myfile14
-rw-r--r--   3 root supergroup 1073741824 2019-02-18 20:34 /myfile15
-rw-r--r--   3 root supergroup 1073741824 2019-02-18 20:37 /myfile16
-rw-r--r--   3 root supergroup 1073741824 2019-02-18 20:37 /myfile17
-rw-r--r--   3 root supergroup 1073741824 2019-02-18 20:36 /myfile18
-rw-r--r--   3 root supergroup 1073741824 2019-02-18 20:34 /myfile19
-rw-r--r--   3 root supergroup 1073741824 2019-02-18 20:34 /myfile2
-rw-r--r--   3 root supergroup 1073741824 2019-02-18 20:36 /myfile20
-rw-r--r--   3 root supergroup          0 2019-02-18 20:37 /myfile3._COPYING_
-rw-r--r--   3 root supergroup 1073741824 2019-02-18 20:36 /myfile4
-rw-r--r--   3 root supergroup 1073741824 2019-02-18 20:34 /myfile5
-rw-r--r--   3 root supergroup 1073741824 2019-02-18 20:34 /myfile6
-rw-r--r--   3 root supergroup 1073741824 2019-02-18 20:33 /myfile7
-rw-r--r--   3 root supergroup 1073741824 2019-02-18 20:34 /myfile8
-rw-r--r--   3 root supergroup 1073741824 2019-02-18 20:36 /myfile9
file 12 has been put into HDFS
file 12 has been read from HDFS for 1 time
diff succeed!
file 12 has been read from HDFS for 2 time
diff succeed!
file 12 has been read from HDFS for 3 time
diff succeed!
file 12 has been read from HDFS for 4 time
diff succeed!
file 12 has been read from HDFS for 5 time
diff succeed!
file 12 has been read from HDFS for 6 time
diff succeed!
file 12 has been read from HDFS for 7 time
diff succeed!
file 12 has been read from HDFS for 8 time
diff succeed!
file 12 has been read from HDFS for 9 time
diff succeed!
file 12 has been read from HDFS for 10 time
diff succeed!
Deleted /myfile12
file 12 has been removed from HDFS
Found 19 items
-rw-r--r--   3 root supergroup 1073741824 2019-02-18 20:39 /myfile1
-rw-r--r--   3 root supergroup 1073741824 2019-02-18 20:41 /myfile10
-rw-r--r--   3 root supergroup 1073741824 2019-02-18 20:39 /myfile11
-rw-r--r--   3 root supergroup 1073741824 2019-02-18 20:41 /myfile12
-rw-r--r--   3 root supergroup 1073741824 2019-02-18 20:39 /myfile13
-rw-r--r--   3 root supergroup 1073741824 2019-02-18 20:41 /myfile14
-rw-r--r--   3 root supergroup 1073741824 2019-02-18 20:39 /myfile15
-rw-r--r--   3 root supergroup  805306368 2019-02-18 20:41 /myfile16._COPYING_
-rw-r--r--   3 root supergroup  671088640 2019-02-18 20:41 /myfile17._COPYING_
-rw-r--r--   3 root supergroup 1073741824 2019-02-18 20:40 /myfile18
-rw-r--r--   3 root supergroup 1073741824 2019-02-18 20:40 /myfile19
-rw-r--r--   3 root supergroup 1073741824 2019-02-18 20:39 /myfile2
-rw-r--r--   3 root supergroup  671088640 2019-02-18 20:41 /myfile20._COPYING_
-rw-r--r--   3 root supergroup  536870912 2019-02-18 20:41 /myfile3._COPYING_
-rw-r--r--   3 root supergroup 1073741824 2019-02-18 20:41 /myfile4
-rw-r--r--   3 root supergroup 1073741824 2019-02-18 20:39 /myfile5
-rw-r--r--   3 root supergroup 1073741824 2019-02-18 20:39 /myfile6
-rw-r--r--   3 root supergroup 1073741824 2019-02-18 20:38 /myfile7
-rw-r--r--   3 root supergroup 1073741824 2019-02-18 20:40 /myfile8
file 12 has been put into HDFS
file 12 has been read from HDFS for 1 time
diff succeed!
file 12 has been read from HDFS for 2 time
diff succeed!
file 12 has been read from HDFS for 3 time
diff succeed!
file 12 has been read from HDFS for 4 time
diff succeed!
file 12 has been read from HDFS for 5 time
diff succeed!
file 12 has been read from HDFS for 6 time
diff succeed!
file 12 has been read from HDFS for 7 time
diff succeed!
file 12 has been read from HDFS for 8 time
diff succeed!
file 12 has been read from HDFS for 9 time
diff succeed!
2019-02-18 20:45:13,461 INFO retry.RetryInvocationHandler: org.apache.hadoop.ipc.RemoteException(org.apache.hadoop.ipc.StandbyException): Operation category READ is not supported in state standby. Visit https://s.apache.org/sbnn-error
	at org.apache.hadoop.hdfs.server.namenode.ha.StandbyState.checkOperation(StandbyState.java:88)
	at org.apache.hadoop.hdfs.server.namenode.NameNode$NameNodeHAContext.checkOperation(NameNode.java:1952)
	at org.apache.hadoop.hdfs.server.namenode.FSNamesystem.checkOperation(FSNamesystem.java:1423)
	at org.apache.hadoop.hdfs.server.namenode.FSNamesystem.getFileInfo(FSNamesystem.java:3085)
	at org.apache.hadoop.hdfs.server.namenode.NameNodeRpcServer.getFileInfo(NameNodeRpcServer.java:1154)
	at org.apache.hadoop.hdfs.protocolPB.ClientNamenodeProtocolServerSideTranslatorPB.getFileInfo(ClientNamenodeProtocolServerSideTranslatorPB.java:966)
	at org.apache.hadoop.hdfs.protocol.proto.ClientNamenodeProtocolProtos$ClientNamenodeProtocol$2.callBlockingMethod(ClientNamenodeProtocolProtos.java)
	at org.apache.hadoop.ipc.ProtobufRpcEngine$Server$ProtoBufRpcInvoker.call(ProtobufRpcEngine.java:523)
	at org.apache.hadoop.ipc.RPC$Server.call(RPC.java:991)
	at org.apache.hadoop.ipc.Server$RpcCall.run(Server.java:872)
	at org.apache.hadoop.ipc.Server$RpcCall.run(Server.java:818)
	at java.security.AccessController.doPrivileged(Native Method)
	at javax.security.auth.Subject.doAs(Subject.java:422)
	at org.apache.hadoop.security.UserGroupInformation.doAs(UserGroupInformation.java:1729)
	at org.apache.hadoop.ipc.Server$Handler.run(Server.java:2678)
, while invoking ClientNamenodeProtocolTranslatorPB.getFileInfo over node-1-link-0/10.10.1.4:8020 after 1 failover attempts. Trying to failover after sleeping for 588ms.
2019-02-18 20:45:14,052 INFO retry.RetryInvocationHandler: java.net.ConnectException: Call From clnode059.clemson.cloudlab.us/130.127.133.68 to node-0-link-0:8020 failed on connection exception: java.net.ConnectException: Connection refused; For more details see:  http://wiki.apache.org/hadoop/ConnectionRefused, while invoking ClientNamenodeProtocolTranslatorPB.getFileInfo over node-0-link-0/10.10.1.1:8020 after 2 failover attempts. Trying to failover after sleeping for 1034ms.
file 12 has been read from HDFS for 10 time
diff succeed!
Deleted /myfile12
file 12 has been removed from HDFS
2019-02-18 20:45:52,384 INFO retry.RetryInvocationHandler: java.io.EOFException: End of File Exception between local host is: "clnode059.clemson.cloudlab.us/130.127.133.68"; destination host is: "node-1-link-0":8020; : java.io.EOFException; For more details see:  http://wiki.apache.org/hadoop/EOFException, while invoking ClientNamenodeProtocolTranslatorPB.addBlock over node-1-link-0/10.10.1.4:8020. Trying to failover immediately.
2019-02-18 20:45:52,390 INFO retry.RetryInvocationHandler: org.apache.hadoop.ipc.RemoteException(org.apache.hadoop.ipc.RetriableException): org.apache.hadoop.hdfs.server.namenode.SafeModeException: Cannot add block to /myfile12._COPYING_. Name node is in safe mode.
The reported blocks 131 has reached the threshold 0.9990 of total blocks 131. The number of live datanodes 3 has reached the minimum number 0. In safe mode extension. Safe mode will be turned off automatically in 28 seconds. NamenodeHostName:node-0-link-0
	at org.apache.hadoop.hdfs.server.namenode.FSNamesystem.checkNameNodeSafeMode(FSNamesystem.java:1441)
	at org.apache.hadoop.hdfs.server.namenode.FSDirWriteFileOp.analyzeFileState(FSDirWriteFileOp.java:591)
	at org.apache.hadoop.hdfs.server.namenode.FSDirWriteFileOp.validateAddBlock(FSDirWriteFileOp.java:172)
	at org.apache.hadoop.hdfs.server.namenode.FSNamesystem.getAdditionalBlock(FSNamesystem.java:2679)
	at org.apache.hadoop.hdfs.server.namenode.NameNodeRpcServer.addBlock(NameNodeRpcServer.java:875)
	at org.apache.hadoop.hdfs.protocolPB.ClientNamenodeProtocolServerSideTranslatorPB.addBlock(ClientNamenodeProtocolServerSideTranslatorPB.java:561)
	at org.apache.hadoop.hdfs.protocol.proto.ClientNamenodeProtocolProtos$ClientNamenodeProtocol$2.callBlockingMethod(ClientNamenodeProtocolProtos.java)
	at org.apache.hadoop.ipc.ProtobufRpcEngine$Server$ProtoBufRpcInvoker.call(ProtobufRpcEngine.java:523)
	at org.apache.hadoop.ipc.RPC$Server.call(RPC.java:991)
	at org.apache.hadoop.ipc.Server$RpcCall.run(Server.java:872)
	at org.apache.hadoop.ipc.Server$RpcCall.run(Server.java:818)
	at java.security.AccessController.doPrivileged(Native Method)
	at javax.security.auth.Subject.doAs(Subject.java:422)
	at org.apache.hadoop.security.UserGroupInformation.doAs(UserGroupInformation.java:1729)
	at org.apache.hadoop.ipc.Server$Handler.run(Server.java:2678)
Caused by: org.apache.hadoop.hdfs.server.namenode.SafeModeException: Cannot add block to /myfile12._COPYING_. Name node is in safe mode.
The reported blocks 131 has reached the threshold 0.9990 of total blocks 131. The number of live datanodes 3 has reached the minimum number 0. In safe mode extension. Safe mode will be turned off automatically in 28 seconds. NamenodeHostName:node-0-link-0
	at org.apache.hadoop.hdfs.server.namenode.FSNamesystem.newSafemodeException(FSNamesystem.java:1450)
	at org.apache.hadoop.hdfs.server.namenode.FSNamesystem.checkNameNodeSafeMode(FSNamesystem.java:1437)
	... 14 more
, while invoking ClientNamenodeProtocolTranslatorPB.addBlock over node-0-link-0/10.10.1.1:8020 after 1 failover attempts. Retrying after sleeping for 1357ms.
2019-02-18 20:45:53,752 INFO retry.RetryInvocationHandler: org.apache.hadoop.ipc.RemoteException(org.apache.hadoop.ipc.RetriableException): org.apache.hadoop.hdfs.server.namenode.SafeModeException: Cannot add block to /myfile12._COPYING_. Name node is in safe mode.
The reported blocks 131 has reached the threshold 0.9990 of total blocks 131. The number of live datanodes 3 has reached the minimum number 0. In safe mode extension. Safe mode will be turned off automatically in 27 seconds. NamenodeHostName:node-0-link-0
	at org.apache.hadoop.hdfs.server.namenode.FSNamesystem.checkNameNodeSafeMode(FSNamesystem.java:1441)
	at org.apache.hadoop.hdfs.server.namenode.FSDirWriteFileOp.analyzeFileState(FSDirWriteFileOp.java:591)
	at org.apache.hadoop.hdfs.server.namenode.FSDirWriteFileOp.validateAddBlock(FSDirWriteFileOp.java:172)
	at org.apache.hadoop.hdfs.server.namenode.FSNamesystem.getAdditionalBlock(FSNamesystem.java:2679)
	at org.apache.hadoop.hdfs.server.namenode.NameNodeRpcServer.addBlock(NameNodeRpcServer.java:875)
	at org.apache.hadoop.hdfs.protocolPB.ClientNamenodeProtocolServerSideTranslatorPB.addBlock(ClientNamenodeProtocolServerSideTranslatorPB.java:561)
	at org.apache.hadoop.hdfs.protocol.proto.ClientNamenodeProtocolProtos$ClientNamenodeProtocol$2.callBlockingMethod(ClientNamenodeProtocolProtos.java)
	at org.apache.hadoop.ipc.ProtobufRpcEngine$Server$ProtoBufRpcInvoker.call(ProtobufRpcEngine.java:523)
	at org.apache.hadoop.ipc.RPC$Server.call(RPC.java:991)
	at org.apache.hadoop.ipc.Server$RpcCall.run(Server.java:872)
	at org.apache.hadoop.ipc.Server$RpcCall.run(Server.java:818)
	at java.security.AccessController.doPrivileged(Native Method)
	at javax.security.auth.Subject.doAs(Subject.java:422)
	at org.apache.hadoop.security.UserGroupInformation.doAs(UserGroupInformation.java:1729)
	at org.apache.hadoop.ipc.Server$Handler.run(Server.java:2678)
Caused by: org.apache.hadoop.hdfs.server.namenode.SafeModeException: Cannot add block to /myfile12._COPYING_. Name node is in safe mode.
The reported blocks 131 has reached the threshold 0.9990 of total blocks 131. The number of live datanodes 3 has reached the minimum number 0. In safe mode extension. Safe mode will be turned off automatically in 27 seconds. NamenodeHostName:node-0-link-0
	at org.apache.hadoop.hdfs.server.namenode.FSNamesystem.newSafemodeException(FSNamesystem.java:1450)
	at org.apache.hadoop.hdfs.server.namenode.FSNamesystem.checkNameNodeSafeMode(FSNamesystem.java:1437)
	... 14 more
, while invoking ClientNamenodeProtocolTranslatorPB.addBlock over node-0-link-0/10.10.1.1:8020 after 1 failover attempts. Retrying after sleeping for 1835ms.
2019-02-18 20:45:55,590 INFO retry.RetryInvocationHandler: org.apache.hadoop.ipc.RemoteException(org.apache.hadoop.ipc.RetriableException): org.apache.hadoop.hdfs.server.namenode.SafeModeException: Cannot add block to /myfile12._COPYING_. Name node is in safe mode.
The reported blocks 131 has reached the threshold 0.9990 of total blocks 131. The number of live datanodes 3 has reached the minimum number 0. In safe mode extension. Safe mode will be turned off automatically in 25 seconds. NamenodeHostName:node-0-link-0
	at org.apache.hadoop.hdfs.server.namenode.FSNamesystem.checkNameNodeSafeMode(FSNamesystem.java:1441)
	at org.apache.hadoop.hdfs.server.namenode.FSDirWriteFileOp.analyzeFileState(FSDirWriteFileOp.java:591)
	at org.apache.hadoop.hdfs.server.namenode.FSDirWriteFileOp.validateAddBlock(FSDirWriteFileOp.java:172)
	at org.apache.hadoop.hdfs.server.namenode.FSNamesystem.getAdditionalBlock(FSNamesystem.java:2679)
	at org.apache.hadoop.hdfs.server.namenode.NameNodeRpcServer.addBlock(NameNodeRpcServer.java:875)
	at org.apache.hadoop.hdfs.protocolPB.ClientNamenodeProtocolServerSideTranslatorPB.addBlock(ClientNamenodeProtocolServerSideTranslatorPB.java:561)
	at org.apache.hadoop.hdfs.protocol.proto.ClientNamenodeProtocolProtos$ClientNamenodeProtocol$2.callBlockingMethod(ClientNamenodeProtocolProtos.java)
	at org.apache.hadoop.ipc.ProtobufRpcEngine$Server$ProtoBufRpcInvoker.call(ProtobufRpcEngine.java:523)
	at org.apache.hadoop.ipc.RPC$Server.call(RPC.java:991)
	at org.apache.hadoop.ipc.Server$RpcCall.run(Server.java:872)
	at org.apache.hadoop.ipc.Server$RpcCall.run(Server.java:818)
	at java.security.AccessController.doPrivileged(Native Method)
	at javax.security.auth.Subject.doAs(Subject.java:422)
	at org.apache.hadoop.security.UserGroupInformation.doAs(UserGroupInformation.java:1729)
	at org.apache.hadoop.ipc.Server$Handler.run(Server.java:2678)
Caused by: org.apache.hadoop.hdfs.server.namenode.SafeModeException: Cannot add block to /myfile12._COPYING_. Name node is in safe mode.
The reported blocks 131 has reached the threshold 0.9990 of total blocks 131. The number of live datanodes 3 has reached the minimum number 0. In safe mode extension. Safe mode will be turned off automatically in 25 seconds. NamenodeHostName:node-0-link-0
	at org.apache.hadoop.hdfs.server.namenode.FSNamesystem.newSafemodeException(FSNamesystem.java:1450)
	at org.apache.hadoop.hdfs.server.namenode.FSNamesystem.checkNameNodeSafeMode(FSNamesystem.java:1437)
	... 14 more
, while invoking ClientNamenodeProtocolTranslatorPB.addBlock over node-0-link-0/10.10.1.1:8020 after 1 failover attempts. Retrying after sleeping for 5017ms.
2019-02-18 20:46:00,611 INFO retry.RetryInvocationHandler: org.apache.hadoop.ipc.RemoteException(org.apache.hadoop.ipc.RetriableException): org.apache.hadoop.hdfs.server.namenode.SafeModeException: Cannot add block to /myfile12._COPYING_. Name node is in safe mode.
The reported blocks 131 has reached the threshold 0.9990 of total blocks 131. The number of live datanodes 3 has reached the minimum number 0. In safe mode extension. Safe mode will be turned off automatically in 20 seconds. NamenodeHostName:node-0-link-0
	at org.apache.hadoop.hdfs.server.namenode.FSNamesystem.checkNameNodeSafeMode(FSNamesystem.java:1441)
	at org.apache.hadoop.hdfs.server.namenode.FSDirWriteFileOp.analyzeFileState(FSDirWriteFileOp.java:591)
	at org.apache.hadoop.hdfs.server.namenode.FSDirWriteFileOp.validateAddBlock(FSDirWriteFileOp.java:172)
	at org.apache.hadoop.hdfs.server.namenode.FSNamesystem.getAdditionalBlock(FSNamesystem.java:2679)
	at org.apache.hadoop.hdfs.server.namenode.NameNodeRpcServer.addBlock(NameNodeRpcServer.java:875)
	at org.apache.hadoop.hdfs.protocolPB.ClientNamenodeProtocolServerSideTranslatorPB.addBlock(ClientNamenodeProtocolServerSideTranslatorPB.java:561)
	at org.apache.hadoop.hdfs.protocol.proto.ClientNamenodeProtocolProtos$ClientNamenodeProtocol$2.callBlockingMethod(ClientNamenodeProtocolProtos.java)
	at org.apache.hadoop.ipc.ProtobufRpcEngine$Server$ProtoBufRpcInvoker.call(ProtobufRpcEngine.java:523)
	at org.apache.hadoop.ipc.RPC$Server.call(RPC.java:991)
	at org.apache.hadoop.ipc.Server$RpcCall.run(Server.java:872)
	at org.apache.hadoop.ipc.Server$RpcCall.run(Server.java:818)
	at java.security.AccessController.doPrivileged(Native Method)
	at javax.security.auth.Subject.doAs(Subject.java:422)
	at org.apache.hadoop.security.UserGroupInformation.doAs(UserGroupInformation.java:1729)
	at org.apache.hadoop.ipc.Server$Handler.run(Server.java:2678)
Caused by: org.apache.hadoop.hdfs.server.namenode.SafeModeException: Cannot add block to /myfile12._COPYING_. Name node is in safe mode.
The reported blocks 131 has reached the threshold 0.9990 of total blocks 131. The number of live datanodes 3 has reached the minimum number 0. In safe mode extension. Safe mode will be turned off automatically in 20 seconds. NamenodeHostName:node-0-link-0
	at org.apache.hadoop.hdfs.server.namenode.FSNamesystem.newSafemodeException(FSNamesystem.java:1450)
	at org.apache.hadoop.hdfs.server.namenode.FSNamesystem.checkNameNodeSafeMode(FSNamesystem.java:1437)
	... 14 more
, while invoking ClientNamenodeProtocolTranslatorPB.addBlock over node-0-link-0/10.10.1.1:8020 after 1 failover attempts. Retrying after sleeping for 9269ms.
2019-02-18 20:46:09,886 INFO retry.RetryInvocationHandler: org.apache.hadoop.ipc.RemoteException(org.apache.hadoop.ipc.RetriableException): org.apache.hadoop.hdfs.server.namenode.SafeModeException: Cannot add block to /myfile12._COPYING_. Name node is in safe mode.
The reported blocks 131 has reached the threshold 0.9990 of total blocks 131. The number of live datanodes 3 has reached the minimum number 0. In safe mode extension. Safe mode will be turned off automatically in 11 seconds. NamenodeHostName:node-0-link-0
	at org.apache.hadoop.hdfs.server.namenode.FSNamesystem.checkNameNodeSafeMode(FSNamesystem.java:1441)
	at org.apache.hadoop.hdfs.server.namenode.FSDirWriteFileOp.analyzeFileState(FSDirWriteFileOp.java:591)
	at org.apache.hadoop.hdfs.server.namenode.FSDirWriteFileOp.validateAddBlock(FSDirWriteFileOp.java:172)
	at org.apache.hadoop.hdfs.server.namenode.FSNamesystem.getAdditionalBlock(FSNamesystem.java:2679)
	at org.apache.hadoop.hdfs.server.namenode.NameNodeRpcServer.addBlock(NameNodeRpcServer.java:875)
	at org.apache.hadoop.hdfs.protocolPB.ClientNamenodeProtocolServerSideTranslatorPB.addBlock(ClientNamenodeProtocolServerSideTranslatorPB.java:561)
	at org.apache.hadoop.hdfs.protocol.proto.ClientNamenodeProtocolProtos$ClientNamenodeProtocol$2.callBlockingMethod(ClientNamenodeProtocolProtos.java)
	at org.apache.hadoop.ipc.ProtobufRpcEngine$Server$ProtoBufRpcInvoker.call(ProtobufRpcEngine.java:523)
	at org.apache.hadoop.ipc.RPC$Server.call(RPC.java:991)
	at org.apache.hadoop.ipc.Server$RpcCall.run(Server.java:872)
	at org.apache.hadoop.ipc.Server$RpcCall.run(Server.java:818)
	at java.security.AccessController.doPrivileged(Native Method)
	at javax.security.auth.Subject.doAs(Subject.java:422)
	at org.apache.hadoop.security.UserGroupInformation.doAs(UserGroupInformation.java:1729)
	at org.apache.hadoop.ipc.Server$Handler.run(Server.java:2678)
Caused by: org.apache.hadoop.hdfs.server.namenode.SafeModeException: Cannot add block to /myfile12._COPYING_. Name node is in safe mode.
The reported blocks 131 has reached the threshold 0.9990 of total blocks 131. The number of live datanodes 3 has reached the minimum number 0. In safe mode extension. Safe mode will be turned off automatically in 11 seconds. NamenodeHostName:node-0-link-0
	at org.apache.hadoop.hdfs.server.namenode.FSNamesystem.newSafemodeException(FSNamesystem.java:1450)
	at org.apache.hadoop.hdfs.server.namenode.FSNamesystem.checkNameNodeSafeMode(FSNamesystem.java:1437)
	... 14 more
, while invoking ClientNamenodeProtocolTranslatorPB.addBlock over node-0-link-0/10.10.1.1:8020 after 1 failover attempts. Retrying after sleeping for 17125ms.
2019-02-18 20:46:15,548 INFO retry.RetryInvocationHandler: org.apache.hadoop.ipc.RemoteException(org.apache.hadoop.ipc.RetriableException): org.apache.hadoop.hdfs.server.namenode.SafeModeException: Cannot renew lease for DFSClient_NONMAPREDUCE_-1965187210_1. Name node is in safe mode.
The reported blocks 131 has reached the threshold 0.9990 of total blocks 131. The number of live datanodes 3 has reached the minimum number 0. In safe mode extension. Safe mode will be turned off automatically in 5 seconds. NamenodeHostName:node-0-link-0
	at org.apache.hadoop.hdfs.server.namenode.FSNamesystem.checkNameNodeSafeMode(FSNamesystem.java:1441)
	at org.apache.hadoop.hdfs.server.namenode.FSNamesystem.renewLease(FSNamesystem.java:3744)
	at org.apache.hadoop.hdfs.server.namenode.NameNodeRpcServer.renewLease(NameNodeRpcServer.java:1134)
	at org.apache.hadoop.hdfs.protocolPB.ClientNamenodeProtocolServerSideTranslatorPB.renewLease(ClientNamenodeProtocolServerSideTranslatorPB.java:737)
	at org.apache.hadoop.hdfs.protocol.proto.ClientNamenodeProtocolProtos$ClientNamenodeProtocol$2.callBlockingMethod(ClientNamenodeProtocolProtos.java)
	at org.apache.hadoop.ipc.ProtobufRpcEngine$Server$ProtoBufRpcInvoker.call(ProtobufRpcEngine.java:523)
	at org.apache.hadoop.ipc.RPC$Server.call(RPC.java:991)
	at org.apache.hadoop.ipc.Server$RpcCall.run(Server.java:872)
	at org.apache.hadoop.ipc.Server$RpcCall.run(Server.java:818)
	at java.security.AccessController.doPrivileged(Native Method)
	at javax.security.auth.Subject.doAs(Subject.java:422)
	at org.apache.hadoop.security.UserGroupInformation.doAs(UserGroupInformation.java:1729)
	at org.apache.hadoop.ipc.Server$Handler.run(Server.java:2678)
Caused by: org.apache.hadoop.hdfs.server.namenode.SafeModeException: Cannot renew lease for DFSClient_NONMAPREDUCE_-1965187210_1. Name node is in safe mode.
The reported blocks 131 has reached the threshold 0.9990 of total blocks 131. The number of live datanodes 3 has reached the minimum number 0. In safe mode extension. Safe mode will be turned off automatically in 5 seconds. NamenodeHostName:node-0-link-0
	at org.apache.hadoop.hdfs.server.namenode.FSNamesystem.newSafemodeException(FSNamesystem.java:1450)
	at org.apache.hadoop.hdfs.server.namenode.FSNamesystem.checkNameNodeSafeMode(FSNamesystem.java:1437)
	... 12 more
, while invoking ClientNamenodeProtocolTranslatorPB.renewLease over node-0-link-0/10.10.1.1:8020. Retrying immediately.
2019-02-18 20:46:15,553 INFO retry.RetryInvocationHandler: org.apache.hadoop.ipc.RemoteException(org.apache.hadoop.ipc.RetriableException): org.apache.hadoop.hdfs.server.namenode.SafeModeException: Cannot renew lease for DFSClient_NONMAPREDUCE_-1965187210_1. Name node is in safe mode.
The reported blocks 131 has reached the threshold 0.9990 of total blocks 131. The number of live datanodes 3 has reached the minimum number 0. In safe mode extension. Safe mode will be turned off automatically in 5 seconds. NamenodeHostName:node-0-link-0
	at org.apache.hadoop.hdfs.server.namenode.FSNamesystem.checkNameNodeSafeMode(FSNamesystem.java:1441)
	at org.apache.hadoop.hdfs.server.namenode.FSNamesystem.renewLease(FSNamesystem.java:3744)
	at org.apache.hadoop.hdfs.server.namenode.NameNodeRpcServer.renewLease(NameNodeRpcServer.java:1134)
	at org.apache.hadoop.hdfs.protocolPB.ClientNamenodeProtocolServerSideTranslatorPB.renewLease(ClientNamenodeProtocolServerSideTranslatorPB.java:737)
	at org.apache.hadoop.hdfs.protocol.proto.ClientNamenodeProtocolProtos$ClientNamenodeProtocol$2.callBlockingMethod(ClientNamenodeProtocolProtos.java)
	at org.apache.hadoop.ipc.ProtobufRpcEngine$Server$ProtoBufRpcInvoker.call(ProtobufRpcEngine.java:523)
	at org.apache.hadoop.ipc.RPC$Server.call(RPC.java:991)
	at org.apache.hadoop.ipc.Server$RpcCall.run(Server.java:872)
	at org.apache.hadoop.ipc.Server$RpcCall.run(Server.java:818)
	at java.security.AccessController.doPrivileged(Native Method)
	at javax.security.auth.Subject.doAs(Subject.java:422)
	at org.apache.hadoop.security.UserGroupInformation.doAs(UserGroupInformation.java:1729)
	at org.apache.hadoop.ipc.Server$Handler.run(Server.java:2678)
Caused by: org.apache.hadoop.hdfs.server.namenode.SafeModeException: Cannot renew lease for DFSClient_NONMAPREDUCE_-1965187210_1. Name node is in safe mode.
The reported blocks 131 has reached the threshold 0.9990 of total blocks 131. The number of live datanodes 3 has reached the minimum number 0. In safe mode extension. Safe mode will be turned off automatically in 5 seconds. NamenodeHostName:node-0-link-0
	at org.apache.hadoop.hdfs.server.namenode.FSNamesystem.newSafemodeException(FSNamesystem.java:1450)
	at org.apache.hadoop.hdfs.server.namenode.FSNamesystem.checkNameNodeSafeMode(FSNamesystem.java:1437)
	... 12 more
, while invoking ClientNamenodeProtocolTranslatorPB.renewLease over node-0-link-0/10.10.1.1:8020. Retrying after sleeping for 535ms.
2019-02-18 20:46:16,090 INFO retry.RetryInvocationHandler: org.apache.hadoop.ipc.RemoteException(org.apache.hadoop.ipc.RetriableException): org.apache.hadoop.hdfs.server.namenode.SafeModeException: Cannot renew lease for DFSClient_NONMAPREDUCE_-1965187210_1. Name node is in safe mode.
The reported blocks 131 has reached the threshold 0.9990 of total blocks 131. The number of live datanodes 3 has reached the minimum number 0. In safe mode extension. Safe mode will be turned off automatically in 5 seconds. NamenodeHostName:node-0-link-0
	at org.apache.hadoop.hdfs.server.namenode.FSNamesystem.checkNameNodeSafeMode(FSNamesystem.java:1441)
	at org.apache.hadoop.hdfs.server.namenode.FSNamesystem.renewLease(FSNamesystem.java:3744)
	at org.apache.hadoop.hdfs.server.namenode.NameNodeRpcServer.renewLease(NameNodeRpcServer.java:1134)
	at org.apache.hadoop.hdfs.protocolPB.ClientNamenodeProtocolServerSideTranslatorPB.renewLease(ClientNamenodeProtocolServerSideTranslatorPB.java:737)
	at org.apache.hadoop.hdfs.protocol.proto.ClientNamenodeProtocolProtos$ClientNamenodeProtocol$2.callBlockingMethod(ClientNamenodeProtocolProtos.java)
	at org.apache.hadoop.ipc.ProtobufRpcEngine$Server$ProtoBufRpcInvoker.call(ProtobufRpcEngine.java:523)
	at org.apache.hadoop.ipc.RPC$Server.call(RPC.java:991)
	at org.apache.hadoop.ipc.Server$RpcCall.run(Server.java:872)
	at org.apache.hadoop.ipc.Server$RpcCall.run(Server.java:818)
	at java.security.AccessController.doPrivileged(Native Method)
	at javax.security.auth.Subject.doAs(Subject.java:422)
	at org.apache.hadoop.security.UserGroupInformation.doAs(UserGroupInformation.java:1729)
	at org.apache.hadoop.ipc.Server$Handler.run(Server.java:2678)
Caused by: org.apache.hadoop.hdfs.server.namenode.SafeModeException: Cannot renew lease for DFSClient_NONMAPREDUCE_-1965187210_1. Name node is in safe mode.
The reported blocks 131 has reached the threshold 0.9990 of total blocks 131. The number of live datanodes 3 has reached the minimum number 0. In safe mode extension. Safe mode will be turned off automatically in 5 seconds. NamenodeHostName:node-0-link-0
	at org.apache.hadoop.hdfs.server.namenode.FSNamesystem.newSafemodeException(FSNamesystem.java:1450)
	at org.apache.hadoop.hdfs.server.namenode.FSNamesystem.checkNameNodeSafeMode(FSNamesystem.java:1437)
	... 12 more
, while invoking ClientNamenodeProtocolTranslatorPB.renewLease over node-0-link-0/10.10.1.1:8020. Retrying after sleeping for 2647ms.
2019-02-18 20:46:18,740 INFO retry.RetryInvocationHandler: org.apache.hadoop.ipc.RemoteException(org.apache.hadoop.ipc.RetriableException): org.apache.hadoop.hdfs.server.namenode.SafeModeException: Cannot renew lease for DFSClient_NONMAPREDUCE_-1965187210_1. Name node is in safe mode.
The reported blocks 131 has reached the threshold 0.9990 of total blocks 131. The number of live datanodes 3 has reached the minimum number 0. In safe mode extension. Safe mode will be turned off automatically in 2 seconds. NamenodeHostName:node-0-link-0
	at org.apache.hadoop.hdfs.server.namenode.FSNamesystem.checkNameNodeSafeMode(FSNamesystem.java:1441)
	at org.apache.hadoop.hdfs.server.namenode.FSNamesystem.renewLease(FSNamesystem.java:3744)
	at org.apache.hadoop.hdfs.server.namenode.NameNodeRpcServer.renewLease(NameNodeRpcServer.java:1134)
	at org.apache.hadoop.hdfs.protocolPB.ClientNamenodeProtocolServerSideTranslatorPB.renewLease(ClientNamenodeProtocolServerSideTranslatorPB.java:737)
	at org.apache.hadoop.hdfs.protocol.proto.ClientNamenodeProtocolProtos$ClientNamenodeProtocol$2.callBlockingMethod(ClientNamenodeProtocolProtos.java)
	at org.apache.hadoop.ipc.ProtobufRpcEngine$Server$ProtoBufRpcInvoker.call(ProtobufRpcEngine.java:523)
	at org.apache.hadoop.ipc.RPC$Server.call(RPC.java:991)
	at org.apache.hadoop.ipc.Server$RpcCall.run(Server.java:872)
	at org.apache.hadoop.ipc.Server$RpcCall.run(Server.java:818)
	at java.security.AccessController.doPrivileged(Native Method)
	at javax.security.auth.Subject.doAs(Subject.java:422)
	at org.apache.hadoop.security.UserGroupInformation.doAs(UserGroupInformation.java:1729)
	at org.apache.hadoop.ipc.Server$Handler.run(Server.java:2678)
Caused by: org.apache.hadoop.hdfs.server.namenode.SafeModeException: Cannot renew lease for DFSClient_NONMAPREDUCE_-1965187210_1. Name node is in safe mode.
The reported blocks 131 has reached the threshold 0.9990 of total blocks 131. The number of live datanodes 3 has reached the minimum number 0. In safe mode extension. Safe mode will be turned off automatically in 2 seconds. NamenodeHostName:node-0-link-0
	at org.apache.hadoop.hdfs.server.namenode.FSNamesystem.newSafemodeException(FSNamesystem.java:1450)
	at org.apache.hadoop.hdfs.server.namenode.FSNamesystem.checkNameNodeSafeMode(FSNamesystem.java:1437)
	... 12 more
, while invoking ClientNamenodeProtocolTranslatorPB.renewLease over node-0-link-0/10.10.1.1:8020. Retrying after sleeping for 3660ms.
Found 20 items
-rw-r--r--   3 root supergroup 1073741824 2019-02-18 20:44 /myfile1
-rw-r--r--   3 root supergroup  671088640 2019-02-18 20:46 /myfile10._COPYING_
-rw-r--r--   3 root supergroup 1073741824 2019-02-18 20:44 /myfile11
-rw-r--r--   3 root supergroup 1073741824 2019-02-18 20:47 /myfile12
-rw-r--r--   3 root supergroup 1073741824 2019-02-18 20:43 /myfile13
-rw-r--r--   3 root supergroup 1073741824 2019-02-18 20:45 /myfile14
-rw-r--r--   3 root supergroup 1073741824 2019-02-18 20:44 /myfile15
-rw-r--r--   3 root supergroup  402653184 2019-02-18 20:46 /myfile16._COPYING_
-rw-r--r--   3 root supergroup 1073741824 2019-02-18 20:47 /myfile17
-rw-r--r--   3 root supergroup 1073741824 2019-02-18 20:44 /myfile18
-rw-r--r--   3 root supergroup 1073741824 2019-02-18 20:45 /myfile19
-rw-r--r--   3 root supergroup 1073741824 2019-02-18 20:44 /myfile2
-rw-r--r--   3 root supergroup  671088640 2019-02-18 20:46 /myfile20._COPYING_
-rw-r--r--   3 root supergroup  402653184 2019-02-18 20:46 /myfile3._COPYING_
-rw-r--r--   3 root supergroup 1073741824 2019-02-18 20:46 /myfile4
-rw-r--r--   3 root supergroup 1073741824 2019-02-18 20:44 /myfile5
-rw-r--r--   3 root supergroup 1073741824 2019-02-18 20:44 /myfile6
-rw-r--r--   3 root supergroup  536870912 2019-02-18 20:46 /myfile7._COPYING_
-rw-r--r--   3 root supergroup 1073741824 2019-02-18 20:45 /myfile8
-rw-r--r--   3 root supergroup  402653184 2019-02-18 20:46 /myfile9._COPYING_
file 12 has been put into HDFS
file 12 has been read from HDFS for 1 time
diff succeed!
file 12 has been read from HDFS for 2 time
diff succeed!
file 12 has been read from HDFS for 3 time
diff succeed!
file 12 has been read from HDFS for 4 time
diff succeed!
file 12 has been read from HDFS for 5 time
diff succeed!
file 12 has been read from HDFS for 6 time
diff succeed!
file 12 has been read from HDFS for 7 time
diff succeed!
file 12 has been read from HDFS for 8 time
diff succeed!
file 12 has been read from HDFS for 9 time
diff succeed!
file 12 has been read from HDFS for 10 time
diff succeed!
Deleted /myfile12
file 12 has been removed from HDFS
Found 20 items
-rw-r--r--   3 root supergroup 1073741824 2019-02-18 20:49 /myfile1
-rw-r--r--   3 root supergroup  536870912 2019-02-18 20:51 /myfile10._COPYING_
-rw-r--r--   3 root supergroup 1073741824 2019-02-18 20:48 /myfile11
-rw-r--r--   3 root supergroup 1073741824 2019-02-18 20:52 /myfile12
-rw-r--r--   3 root supergroup  536870912 2019-02-18 20:51 /myfile13._COPYING_
-rw-r--r--   3 root supergroup 1073741824 2019-02-18 20:50 /myfile14
-rw-r--r--   3 root supergroup 1073741824 2019-02-18 20:49 /myfile15
-rw-r--r--   3 root supergroup  671088640 2019-02-18 20:51 /myfile16._COPYING_
-rw-r--r--   3 root supergroup 1073741824 2019-02-18 20:52 /myfile17
-rw-r--r--   3 root supergroup 1073741824 2019-02-18 20:49 /myfile18
-rw-r--r--   3 root supergroup 1073741824 2019-02-18 20:49 /myfile19
-rw-r--r--   3 root supergroup 1073741824 2019-02-18 20:49 /myfile2
-rw-r--r--   3 root supergroup 1073741824 2019-02-18 20:52 /myfile20
-rw-r--r--   3 root supergroup  536870912 2019-02-18 20:51 /myfile3._COPYING_
-rw-r--r--   3 root supergroup 1073741824 2019-02-18 20:51 /myfile4
-rw-r--r--   3 root supergroup 1073741824 2019-02-18 20:49 /myfile5
-rw-r--r--   3 root supergroup 1073741824 2019-02-18 20:48 /myfile6
-rw-r--r--   3 root supergroup  536870912 2019-02-18 20:51 /myfile7._COPYING_
-rw-r--r--   3 root supergroup 1073741824 2019-02-18 20:49 /myfile8
-rw-r--r--   3 root supergroup  671088640 2019-02-18 20:51 /myfile9._COPYING_
file 12 has been put into HDFS
file 12 has been read from HDFS for 1 time
diff succeed!
file 12 has been read from HDFS for 2 time
diff succeed!
file 12 has been read from HDFS for 3 time
diff succeed!
file 12 has been read from HDFS for 4 time
diff succeed!
file 12 has been read from HDFS for 5 time
diff succeed!
file 12 has been read from HDFS for 6 time
diff succeed!
file 12 has been read from HDFS for 7 time
diff succeed!
file 12 has been read from HDFS for 8 time
diff succeed!
file 12 has been read from HDFS for 9 time
diff succeed!
file 12 has been read from HDFS for 10 time
diff succeed!
Deleted /myfile12
file 12 has been removed from HDFS
Found 20 items
-rw-r--r--   3 root supergroup 1073741824 2019-02-18 20:54 /myfile1
-rw-r--r--   3 root supergroup 1073741824 2019-02-18 20:57 /myfile10
-rw-r--r--   3 root supergroup 1073741824 2019-02-18 20:58 /myfile11
-rw-r--r--   3 root supergroup 1073741824 2019-02-18 20:58 /myfile12
-rw-r--r--   3 root supergroup          0 2019-02-18 20:58 /myfile13._COPYING_
-rw-r--r--   3 root supergroup 1073741824 2019-02-18 20:54 /myfile14
-rw-r--r--   3 root supergroup 1073741824 2019-02-18 20:55 /myfile15
-rw-r--r--   3 root supergroup 1073741824 2019-02-18 20:57 /myfile16
-rw-r--r--   3 root supergroup 1073741824 2019-02-18 20:56 /myfile17
-rw-r--r--   3 root supergroup 1073741824 2019-02-18 20:54 /myfile18
-rw-r--r--   3 root supergroup 1073741824 2019-02-18 20:54 /myfile19
-rw-r--r--   3 root supergroup 1073741824 2019-02-18 20:54 /myfile2
-rw-r--r--   3 root supergroup 1073741824 2019-02-18 20:56 /myfile20
-rw-r--r--   3 root supergroup  671088640 2019-02-18 20:57 /myfile3._COPYING_
-rw-r--r--   3 root supergroup 1073741824 2019-02-18 20:56 /myfile4
-rw-r--r--   3 root supergroup 1073741824 2019-02-18 20:55 /myfile5
-rw-r--r--   3 root supergroup  671088640 2019-02-18 20:57 /myfile6._COPYING_
-rw-r--r--   3 root supergroup 1073741824 2019-02-18 20:57 /myfile7
-rw-r--r--   3 root supergroup 1073741824 2019-02-18 20:54 /myfile8
-rw-r--r--   3 root supergroup 1073741824 2019-02-18 20:57 /myfile9
file 12 has been put into HDFS
file 12 has been read from HDFS for 1 time
diff succeed!
file 12 has been read from HDFS for 2 time
diff succeed!
file 12 has been read from HDFS for 3 time
diff succeed!
file 12 has been read from HDFS for 4 time
diff succeed!
file 12 has been read from HDFS for 5 time
diff succeed!
file 12 has been read from HDFS for 6 time
diff succeed!
file 12 has been read from HDFS for 7 time
diff succeed!
file 12 has been read from HDFS for 8 time
diff succeed!
file 12 has been read from HDFS for 9 time
diff succeed!
file 12 has been read from HDFS for 10 time
diff succeed!
Deleted /myfile12
file 12 has been removed from HDFS
Found 19 items
-rw-r--r--   3 root supergroup 1073741824 2019-02-18 21:03 /myfile1
-rw-r--r--   3 root supergroup 1073741824 2019-02-18 21:03 /myfile10
-rw-r--r--   3 root supergroup 1073741824 2019-02-18 21:02 /myfile11
-rw-r--r--   3 root supergroup 1073741824 2019-02-18 21:03 /myfile12
-rw-r--r--   3 root supergroup 1073741824 2019-02-18 21:03 /myfile13
-rw-r--r--   3 root supergroup 1073741824 2019-02-18 21:03 /myfile14
-rw-r--r--   3 root supergroup 1073741824 2019-02-18 21:02 /myfile16
-rw-r--r--   3 root supergroup 1073741824 2019-02-18 21:00 /myfile17
-rw-r--r--   3 root supergroup  939524096 2019-02-18 21:03 /myfile18._COPYING_
-rw-r--r--   3 root supergroup 1073741824 2019-02-18 20:59 /myfile19
-rw-r--r--   3 root supergroup 1073741824 2019-02-18 20:59 /myfile2
-rw-r--r--   3 root supergroup 1073741824 2019-02-18 21:00 /myfile20
-rw-r--r--   3 root supergroup 1073741824 2019-02-18 21:02 /myfile3
-rw-r--r--   3 root supergroup 1073741824 2019-02-18 21:00 /myfile4
-rw-r--r--   3 root supergroup 1073741824 2019-02-18 21:01 /myfile5
-rw-r--r--   3 root supergroup 1073741824 2019-02-18 21:02 /myfile6
-rw-r--r--   3 root supergroup 1073741824 2019-02-18 21:03 /myfile7
-rw-r--r--   3 root supergroup 1073741824 2019-02-18 21:03 /myfile8
-rw-r--r--   3 root supergroup 1073741824 2019-02-18 21:02 /myfile9
file 12 has been put into HDFS
file 12 has been read from HDFS for 1 time
diff succeed!
file 12 has been read from HDFS for 2 time
diff succeed!
file 12 has been read from HDFS for 3 time
diff succeed!
file 12 has been read from HDFS for 4 time
diff succeed!
file 12 has been read from HDFS for 5 time
diff succeed!
file 12 has been read from HDFS for 6 time
diff succeed!
file 12 has been read from HDFS for 7 time
diff succeed!
file 12 has been read from HDFS for 8 time
diff succeed!
file 12 has been read from HDFS for 9 time
diff succeed!
file 12 has been read from HDFS for 10 time
diff succeed!
Deleted /myfile12
file 12 has been removed from HDFS
Found 20 items
-rw-r--r--   3 root supergroup  805306368 2019-02-18 21:08 /myfile1._COPYING_
-rw-r--r--   3 root supergroup 1073741824 2019-02-18 21:08 /myfile10
-rw-r--r--   3 root supergroup 1073741824 2019-02-18 21:08 /myfile11
-rw-r--r--   3 root supergroup 1073741824 2019-02-18 21:09 /myfile12
-rw-r--r--   3 root supergroup 1073741824 2019-02-18 21:08 /myfile13
-rw-r--r--   3 root supergroup  536870912 2019-02-18 21:08 /myfile14._COPYING_
-rw-r--r--   3 root supergroup 1073741824 2019-02-18 21:09 /myfile15
-rw-r--r--   3 root supergroup 1073741824 2019-02-18 21:08 /myfile16
-rw-r--r--   3 root supergroup 1073741824 2019-02-18 21:05 /myfile17
-rw-r--r--   3 root supergroup 1073741824 2019-02-18 21:09 /myfile18
-rw-r--r--   3 root supergroup 1073741824 2019-02-18 21:09 /myfile19
-rw-r--r--   3 root supergroup  536870912 2019-02-18 21:08 /myfile2._COPYING_
-rw-r--r--   3 root supergroup  268435456 2019-02-18 21:08 /myfile20._COPYING_
-rw-r--r--   3 root supergroup 1073741824 2019-02-18 21:08 /myfile3
-rw-r--r--   3 root supergroup  268435456 2019-02-18 21:08 /myfile4._COPYING_
-rw-r--r--   3 root supergroup 1073741824 2019-02-18 21:05 /myfile5
-rw-r--r--   3 root supergroup 1073741824 2019-02-18 21:08 /myfile6
-rw-r--r--   3 root supergroup 1073741824 2019-02-18 21:08 /myfile7
-rw-r--r--   3 root supergroup  536870912 2019-02-18 21:08 /myfile8._COPYING_
-rw-r--r--   3 root supergroup 1073741824 2019-02-18 21:08 /myfile9
file 12 has been put into HDFS
file 12 has been read from HDFS for 1 time
diff succeed!
file 12 has been read from HDFS for 2 time
diff succeed!
file 12 has been read from HDFS for 3 time
diff succeed!
file 12 has been read from HDFS for 4 time
diff succeed!
file 12 has been read from HDFS for 5 time
diff succeed!
file 12 has been read from HDFS for 6 time
diff succeed!
file 12 has been read from HDFS for 7 time
diff succeed!
file 12 has been read from HDFS for 8 time
diff succeed!
file 12 has been read from HDFS for 9 time
diff succeed!
file 12 has been read from HDFS for 10 time
diff succeed!
Deleted /myfile12
file 12 has been removed from HDFS
Found 18 items
-rw-r--r--   3 root supergroup 1073741824 2019-02-18 21:13 /myfile1
-rw-r--r--   3 root supergroup 1073741824 2019-02-18 21:13 /myfile10
-rw-r--r--   3 root supergroup 1073741824 2019-02-18 21:13 /myfile11
-rw-r--r--   3 root supergroup 1073741824 2019-02-18 21:13 /myfile12
-rw-r--r--   3 root supergroup 1073741824 2019-02-18 21:13 /myfile13
-rw-r--r--   3 root supergroup 1073741824 2019-02-18 21:13 /myfile15
-rw-r--r--   3 root supergroup 1073741824 2019-02-18 21:13 /myfile16
-rw-r--r--   3 root supergroup  671088640 2019-02-18 21:13 /myfile17._COPYING_
-rw-r--r--   3 root supergroup 1073741824 2019-02-18 21:13 /myfile18
-rw-r--r--   3 root supergroup 1073741824 2019-02-18 21:13 /myfile19
-rw-r--r--   3 root supergroup 1073741824 2019-02-18 21:13 /myfile2
-rw-r--r--   3 root supergroup 1073741824 2019-02-18 21:13 /myfile20
-rw-r--r--   3 root supergroup 1073741824 2019-02-18 21:12 /myfile3
-rw-r--r--   3 root supergroup 1073741824 2019-02-18 21:13 /myfile4
-rw-r--r--   3 root supergroup 1073741824 2019-02-18 21:12 /myfile6
-rw-r--r--   3 root supergroup 1073741824 2019-02-18 21:13 /myfile7
-rw-r--r--   3 root supergroup 1073741824 2019-02-18 21:13 /myfile8
-rw-r--r--   3 root supergroup 1073741824 2019-02-18 21:13 /myfile9
file 12 has been put into HDFS
file 12 has been read from HDFS for 1 time
diff succeed!
file 12 has been read from HDFS for 2 time
diff succeed!
file 12 has been read from HDFS for 3 time
diff succeed!
file 12 has been read from HDFS for 4 time
diff succeed!
file 12 has been read from HDFS for 5 time
diff succeed!
file 12 has been read from HDFS for 6 time
diff succeed!
file 12 has been read from HDFS for 7 time
diff succeed!
file 12 has been read from HDFS for 8 time
diff succeed!
file 12 has been read from HDFS for 9 time
diff succeed!
file 12 has been read from HDFS for 10 time
diff succeed!
Deleted /myfile12
file 12 has been removed from HDFS
Found 20 items
-rw-r--r--   3 root supergroup 1073741824 2019-02-18 21:18 /myfile1
-rw-r--r--   3 root supergroup 1073741824 2019-02-18 21:18 /myfile10
-rw-r--r--   3 root supergroup 1073741824 2019-02-18 21:18 /myfile11
-rw-r--r--   3 root supergroup 1073741824 2019-02-18 21:18 /myfile12
-rw-r--r--   3 root supergroup 1073741824 2019-02-18 21:18 /myfile13
-rw-r--r--   3 root supergroup  402653184 2019-02-18 21:18 /myfile14._COPYING_
-rw-r--r--   3 root supergroup 1073741824 2019-02-18 21:18 /myfile15
-rw-r--r--   3 root supergroup 1073741824 2019-02-18 21:18 /myfile16
-rw-r--r--   3 root supergroup  939524096 2019-02-18 21:18 /myfile17._COPYING_
-rw-r--r--   3 root supergroup 1073741824 2019-02-18 21:18 /myfile18
-rw-r--r--   3 root supergroup 1073741824 2019-02-18 21:18 /myfile19
-rw-r--r--   3 root supergroup 1073741824 2019-02-18 21:18 /myfile2
-rw-r--r--   3 root supergroup 1073741824 2019-02-18 21:18 /myfile20
-rw-r--r--   3 root supergroup 1073741824 2019-02-18 21:18 /myfile3
-rw-r--r--   3 root supergroup 1073741824 2019-02-18 21:18 /myfile4
-rw-r--r--   3 root supergroup  402653184 2019-02-18 21:18 /myfile5._COPYING_
-rw-r--r--   3 root supergroup 1073741824 2019-02-18 21:18 /myfile6
-rw-r--r--   3 root supergroup 1073741824 2019-02-18 21:18 /myfile7
-rw-r--r--   3 root supergroup 1073741824 2019-02-18 21:18 /myfile8
-rw-r--r--   3 root supergroup 1073741824 2019-02-18 21:18 /myfile9
file 12 has been put into HDFS
file 12 has been read from HDFS for 1 time
diff succeed!
file 12 has been read from HDFS for 2 time
diff succeed!
file 12 has been read from HDFS for 3 time
diff succeed!
file 12 has been read from HDFS for 4 time
diff succeed!
file 12 has been read from HDFS for 5 time
diff succeed!
file 12 has been read from HDFS for 6 time
diff succeed!
file 12 has been read from HDFS for 7 time
diff succeed!
file 12 has been read from HDFS for 8 time
diff succeed!
file 12 has been read from HDFS for 9 time
diff succeed!
file 12 has been read from HDFS for 10 time
diff succeed!
Deleted /myfile12
file 12 has been removed from HDFS
Found 19 items
-rw-r--r--   3 root supergroup  268435456 2019-02-18 21:22 /myfile1._COPYING_
-rw-r--r--   3 root supergroup 1073741824 2019-02-18 21:22 /myfile10
-rw-r--r--   3 root supergroup 1073741824 2019-02-18 21:22 /myfile11
-rw-r--r--   3 root supergroup 1073741824 2019-02-18 21:23 /myfile12
-rw-r--r--   3 root supergroup 1073741824 2019-02-18 21:22 /myfile13
-rw-r--r--   3 root supergroup 1073741824 2019-02-18 21:18 /myfile14
-rw-r--r--   3 root supergroup 1073741824 2019-02-18 21:18 /myfile15
-rw-r--r--   3 root supergroup 1073741824 2019-02-18 21:22 /myfile16
-rw-r--r--   3 root supergroup 1073741824 2019-02-18 21:23 /myfile17
-rw-r--r--   3 root supergroup  939524096 2019-02-18 21:22 /myfile18._COPYING_
-rw-r--r--   3 root supergroup 1073741824 2019-02-18 21:18 /myfile19
-rw-r--r--   3 root supergroup  939524096 2019-02-18 21:22 /myfile2._COPYING_
-rw-r--r--   3 root supergroup 1073741824 2019-02-18 21:22 /myfile3
-rw-r--r--   3 root supergroup 1073741824 2019-02-18 21:22 /myfile4
-rw-r--r--   3 root supergroup  939524096 2019-02-18 21:22 /myfile5._COPYING_
-rw-r--r--   3 root supergroup 1073741824 2019-02-18 21:22 /myfile6
-rw-r--r--   3 root supergroup          0 2019-02-18 21:23 /myfile7._COPYING_
-rw-r--r--   3 root supergroup  805306368 2019-02-18 21:22 /myfile8._COPYING_
-rw-r--r--   3 root supergroup  268435456 2019-02-18 21:22 /myfile9._COPYING_
file 12 has been put into HDFS
file 12 has been read from HDFS for 1 time
diff succeed!
file 12 has been read from HDFS for 2 time
diff succeed!
file 12 has been read from HDFS for 3 time
diff succeed!
file 12 has been read from HDFS for 4 time
diff succeed!
file 12 has been read from HDFS for 5 time
diff succeed!
file 12 has been read from HDFS for 6 time
diff succeed!
file 12 has been read from HDFS for 7 time
diff succeed!
file 12 has been read from HDFS for 8 time
diff succeed!
file 12 has been read from HDFS for 9 time
diff succeed!
file 12 has been read from HDFS for 10 time
diff succeed!
Deleted /myfile12
file 12 has been removed from HDFS
sub_benchmark 10 signal TERM catched and let quit gracefully
Found 8 items
-rw-r--r--   3 root supergroup 1073741824 2019-02-18 21:27 /myfile10
-rw-r--r--   3 root supergroup  939524096 2019-02-18 21:27 /myfile11._COPYING_
-rw-r--r--   3 root supergroup 1073741824 2019-02-18 21:27 /myfile12
-rw-r--r--   3 root supergroup  939524096 2019-02-18 21:27 /myfile13._COPYING_
-rw-r--r--   3 root supergroup  939524096 2019-02-18 21:27 /myfile17._COPYING_
-rw-r--r--   3 root supergroup  939524096 2019-02-18 21:27 /myfile2._COPYING_
-rw-r--r--   3 root supergroup 1073741824 2019-02-18 21:27 /myfile6
-rw-r--r--   3 root supergroup  939524096 2019-02-18 21:27 /myfile8._COPYING_
file 12 has been put into HDFS
file 12 has been read from HDFS for 1 time
diff succeed!
Deleted /myfile12
file 12 has been removed from HDFS
