Found 20 items
-rw-r--r--   3 root supergroup 1073741824 2019-03-01 08:59 /myfile1
-rw-r--r--   3 root supergroup 1073741824 2019-03-01 08:59 /myfile10
-rw-r--r--   3 root supergroup  939524096 2019-03-01 08:58 /myfile11._COPYING_
-rw-r--r--   3 root supergroup 1073741824 2019-03-01 08:59 /myfile12
-rw-r--r--   3 root supergroup  939524096 2019-03-01 08:58 /myfile13._COPYING_
-rw-r--r--   3 root supergroup 1073741824 2019-03-01 08:59 /myfile14
-rw-r--r--   3 root supergroup  939524096 2019-03-01 08:58 /myfile15._COPYING_
-rw-r--r--   3 root supergroup 1073741824 2019-03-01 08:59 /myfile16
-rw-r--r--   3 root supergroup 1073741824 2019-03-01 08:58 /myfile17
-rw-r--r--   3 root supergroup  939524096 2019-03-01 08:58 /myfile18._COPYING_
-rw-r--r--   3 root supergroup 1073741824 2019-03-01 08:58 /myfile19
-rw-r--r--   3 root supergroup 1073741824 2019-03-01 08:59 /myfile2
-rw-r--r--   3 root supergroup  939524096 2019-03-01 08:58 /myfile20._COPYING_
-rw-r--r--   3 root supergroup 1073741824 2019-03-01 08:59 /myfile3
-rw-r--r--   3 root supergroup  939524096 2019-03-01 08:58 /myfile4._COPYING_
-rw-r--r--   3 root supergroup  939524096 2019-03-01 08:58 /myfile5._COPYING_
-rw-r--r--   3 root supergroup 1073741824 2019-03-01 08:58 /myfile6
-rw-r--r--   3 root supergroup 1073741824 2019-03-01 08:59 /myfile7
-rw-r--r--   3 root supergroup 1073741824 2019-03-01 08:58 /myfile8
-rw-r--r--   3 root supergroup 1073741824 2019-03-01 08:58 /myfile9
file 1 has been put into HDFS
file 1 has been read from HDFS for 1 time
diff succeed!
file 1 has been read from HDFS for 2 time
diff succeed!
file 1 has been read from HDFS for 3 time
diff succeed!
file 1 has been read from HDFS for 4 time
diff succeed!
file 1 has been read from HDFS for 5 time
diff succeed!
file 1 has been read from HDFS for 6 time
diff succeed!
file 1 has been read from HDFS for 7 time
diff succeed!
file 1 has been read from HDFS for 8 time
diff succeed!
file 1 has been read from HDFS for 9 time
diff succeed!
file 1 has been read from HDFS for 10 time
diff succeed!
Deleted /myfile1
file 1 has been removed from HDFS
Found 20 items
-rw-r--r--   3 root supergroup 1073741824 2019-03-01 09:04 /myfile1
-rw-r--r--   3 root supergroup 1073741824 2019-03-01 09:02 /myfile10
-rw-r--r--   3 root supergroup 1073741824 2019-03-01 09:04 /myfile11
-rw-r--r--   3 root supergroup 1073741824 2019-03-01 09:02 /myfile12
-rw-r--r--   3 root supergroup 1073741824 2019-03-01 09:03 /myfile13
-rw-r--r--   3 root supergroup 1073741824 2019-03-01 09:02 /myfile14
-rw-r--r--   3 root supergroup 1073741824 2019-03-01 09:04 /myfile15
-rw-r--r--   3 root supergroup 1073741824 2019-03-01 09:03 /myfile16
-rw-r--r--   3 root supergroup 1073741824 2019-03-01 09:02 /myfile17
-rw-r--r--   3 root supergroup  805306368 2019-03-01 09:03 /myfile18._COPYING_
-rw-r--r--   3 root supergroup 1073741824 2019-03-01 09:02 /myfile19
-rw-r--r--   3 root supergroup 1073741824 2019-03-01 09:03 /myfile2
-rw-r--r--   3 root supergroup  536870912 2019-03-01 09:03 /myfile20._COPYING_
-rw-r--r--   3 root supergroup 1073741824 2019-03-01 09:03 /myfile3
-rw-r--r--   3 root supergroup 1073741824 2019-03-01 09:03 /myfile4
-rw-r--r--   3 root supergroup 1073741824 2019-03-01 09:03 /myfile5
-rw-r--r--   3 root supergroup 1073741824 2019-03-01 09:02 /myfile6
-rw-r--r--   3 root supergroup 1073741824 2019-03-01 09:04 /myfile7
-rw-r--r--   3 root supergroup 1073741824 2019-03-01 09:03 /myfile8
-rw-r--r--   3 root supergroup 1073741824 2019-03-01 09:04 /myfile9
file 1 has been put into HDFS
file 1 has been read from HDFS for 1 time
diff succeed!
file 1 has been read from HDFS for 2 time
diff succeed!
file 1 has been read from HDFS for 3 time
diff succeed!
file 1 has been read from HDFS for 4 time
diff succeed!
file 1 has been read from HDFS for 5 time
diff succeed!
file 1 has been read from HDFS for 6 time
diff succeed!
file 1 has been read from HDFS for 7 time
diff succeed!
file 1 has been read from HDFS for 8 time
diff succeed!
file 1 has been read from HDFS for 9 time
diff succeed!
file 1 has been read from HDFS for 10 time
diff succeed!
Deleted /myfile1
file 1 has been removed from HDFS
Found 18 items
-rw-r--r--   3 root supergroup 1073741824 2019-03-01 09:07 /myfile1
-rw-r--r--   3 root supergroup 1073741824 2019-03-01 09:06 /myfile10
-rw-r--r--   3 root supergroup 1073741824 2019-03-01 09:07 /myfile11
-rw-r--r--   3 root supergroup 1073741824 2019-03-01 09:06 /myfile12
-rw-r--r--   3 root supergroup 1073741824 2019-03-01 09:07 /myfile13
-rw-r--r--   3 root supergroup 1073741824 2019-03-01 09:06 /myfile14
-rw-r--r--   3 root supergroup 1073741824 2019-03-01 09:07 /myfile16
-rw-r--r--   3 root supergroup 1073741824 2019-03-01 09:06 /myfile17
-rw-r--r--   3 root supergroup  671088640 2019-03-01 09:07 /myfile18._COPYING_
-rw-r--r--   3 root supergroup 1073741824 2019-03-01 09:06 /myfile19
-rw-r--r--   3 root supergroup 1073741824 2019-03-01 09:07 /myfile2
-rw-r--r--   3 root supergroup  134217728 2019-03-01 09:07 /myfile3._COPYING_
-rw-r--r--   3 root supergroup 1073741824 2019-03-01 09:07 /myfile4
-rw-r--r--   3 root supergroup 1073741824 2019-03-01 09:07 /myfile5
-rw-r--r--   3 root supergroup 1073741824 2019-03-01 09:06 /myfile6
-rw-r--r--   3 root supergroup  805306368 2019-03-01 09:07 /myfile7._COPYING_
-rw-r--r--   3 root supergroup 1073741824 2019-03-01 09:07 /myfile8
-rw-r--r--   3 root supergroup 1073741824 2019-03-01 09:07 /myfile9
file 1 has been put into HDFS
file 1 has been read from HDFS for 1 time
diff succeed!
file 1 has been read from HDFS for 2 time
diff succeed!
file 1 has been read from HDFS for 3 time
diff succeed!
file 1 has been read from HDFS for 4 time
diff succeed!
file 1 has been read from HDFS for 5 time
diff succeed!
file 1 has been read from HDFS for 6 time
diff succeed!
file 1 has been read from HDFS for 7 time
diff succeed!
file 1 has been read from HDFS for 8 time
diff succeed!
file 1 has been read from HDFS for 9 time
diff succeed!
file 1 has been read from HDFS for 10 time
diff succeed!
Deleted /myfile1
file 1 has been removed from HDFS
Found 20 items
-rw-r--r--   3 root supergroup 1073741824 2019-03-01 09:12 /myfile1
-rw-r--r--   3 root supergroup 1073741824 2019-03-01 09:10 /myfile10
-rw-r--r--   3 root supergroup 1073741824 2019-03-01 09:11 /myfile11
-rw-r--r--   3 root supergroup 1073741824 2019-03-01 09:10 /myfile12
-rw-r--r--   3 root supergroup 1073741824 2019-03-01 09:11 /myfile13
-rw-r--r--   3 root supergroup 1073741824 2019-03-01 09:11 /myfile14
-rw-r--r--   3 root supergroup 1073741824 2019-03-01 09:08 /myfile15
-rw-r--r--   3 root supergroup 1073741824 2019-03-01 09:11 /myfile16
-rw-r--r--   3 root supergroup 1073741824 2019-03-01 09:11 /myfile17
-rw-r--r--   3 root supergroup  536870912 2019-03-01 09:11 /myfile18._COPYING_
-rw-r--r--   3 root supergroup 1073741824 2019-03-01 09:10 /myfile19
-rw-r--r--   3 root supergroup 1073741824 2019-03-01 09:11 /myfile2
-rw-r--r--   3 root supergroup  536870912 2019-03-01 09:11 /myfile20._COPYING_
-rw-r--r--   3 root supergroup 1073741824 2019-03-01 09:12 /myfile3
-rw-r--r--   3 root supergroup 1073741824 2019-03-01 09:10 /myfile4
-rw-r--r--   3 root supergroup 1073741824 2019-03-01 09:11 /myfile5
-rw-r--r--   3 root supergroup 1073741824 2019-03-01 09:10 /myfile6
-rw-r--r--   3 root supergroup 1073741824 2019-03-01 09:11 /myfile7
-rw-r--r--   3 root supergroup 1073741824 2019-03-01 09:11 /myfile8
-rw-r--r--   3 root supergroup 1073741824 2019-03-01 09:11 /myfile9
file 1 has been put into HDFS
file 1 has been read from HDFS for 1 time
diff succeed!
sub_benchmark 1 signal TERM catched and let quit gracefully
Deleted /myfile1
file 1 has been removed from HDFS
