Found 20 items
-rw-r--r--   3 root supergroup 1073741824 2019-02-19 01:06 /myfile1
-rw-r--r--   3 root supergroup 1073741824 2019-02-19 01:06 /myfile10
-rw-r--r--   3 root supergroup 1073741824 2019-02-19 01:06 /myfile11
-rw-r--r--   3 root supergroup 1073741824 2019-02-19 01:06 /myfile12
-rw-r--r--   3 root supergroup 1073741824 2019-02-19 01:06 /myfile13
-rw-r--r--   3 root supergroup 1073741824 2019-02-19 01:06 /myfile14
-rw-r--r--   3 root supergroup 1073741824 2019-02-19 01:06 /myfile15
-rw-r--r--   3 root supergroup 1073741824 2019-02-19 01:06 /myfile16
-rw-r--r--   3 root supergroup 1073741824 2019-02-19 01:06 /myfile17
-rw-r--r--   3 root supergroup 1073741824 2019-02-19 01:06 /myfile18
-rw-r--r--   3 root supergroup 1073741824 2019-02-19 01:06 /myfile19
-rw-r--r--   3 root supergroup 1073741824 2019-02-19 01:06 /myfile2
-rw-r--r--   3 root supergroup 1073741824 2019-02-19 01:06 /myfile20
-rw-r--r--   3 root supergroup 1073741824 2019-02-19 01:06 /myfile3
-rw-r--r--   3 root supergroup 1073741824 2019-02-19 01:06 /myfile4
-rw-r--r--   3 root supergroup 1073741824 2019-02-19 01:06 /myfile5
-rw-r--r--   3 root supergroup 1073741824 2019-02-19 01:06 /myfile6
-rw-r--r--   3 root supergroup 1073741824 2019-02-19 01:06 /myfile7
-rw-r--r--   3 root supergroup 1073741824 2019-02-19 01:06 /myfile8
-rw-r--r--   3 root supergroup 1073741824 2019-02-19 01:06 /myfile9
file 15 has been put into HDFS
file 15 has been read from HDFS for 1 time
diff succeed!
2019-02-19 01:07:19,068 INFO retry.RetryInvocationHandler: java.net.ConnectException: Call From clnode090.clemson.cloudlab.us/130.127.133.99 to node-1-link-0:8020 failed on connection exception: java.net.ConnectException: Connection refused; For more details see:  http://wiki.apache.org/hadoop/ConnectionRefused, while invoking ClientNamenodeProtocolTranslatorPB.getFileInfo over node-1-link-0/10.10.1.4:8020 after 1 failover attempts. Trying to failover after sleeping for 658ms.
2019-02-19 01:07:19,731 INFO retry.RetryInvocationHandler: org.apache.hadoop.ipc.RemoteException(org.apache.hadoop.ipc.StandbyException): Operation category READ is not supported in state standby. Visit https://s.apache.org/sbnn-error
	at org.apache.hadoop.hdfs.server.namenode.ha.StandbyState.checkOperation(StandbyState.java:88)
	at org.apache.hadoop.hdfs.server.namenode.NameNode$NameNodeHAContext.checkOperation(NameNode.java:1952)
	at org.apache.hadoop.hdfs.server.namenode.FSNamesystem.checkOperation(FSNamesystem.java:1423)
	at org.apache.hadoop.hdfs.server.namenode.FSNamesystem.getFileInfo(FSNamesystem.java:3085)
	at org.apache.hadoop.hdfs.server.namenode.NameNodeRpcServer.getFileInfo(NameNodeRpcServer.java:1154)
	at org.apache.hadoop.hdfs.protocolPB.ClientNamenodeProtocolServerSideTranslatorPB.getFileInfo(ClientNamenodeProtocolServerSideTranslatorPB.java:966)
	at org.apache.hadoop.hdfs.protocol.proto.ClientNamenodeProtocolProtos$ClientNamenodeProtocol$2.callBlockingMethod(ClientNamenodeProtocolProtos.java)
	at org.apache.hadoop.ipc.ProtobufRpcEngine$Server$ProtoBufRpcInvoker.call(ProtobufRpcEngine.java:523)
	at org.apache.hadoop.ipc.RPC$Server.call(RPC.java:991)
	at org.apache.hadoop.ipc.Server$RpcCall.run(Server.java:872)
	at org.apache.hadoop.ipc.Server$RpcCall.run(Server.java:818)
	at java.security.AccessController.doPrivileged(Native Method)
	at javax.security.auth.Subject.doAs(Subject.java:422)
	at org.apache.hadoop.security.UserGroupInformation.doAs(UserGroupInformation.java:1729)
	at org.apache.hadoop.ipc.Server$Handler.run(Server.java:2678)
, while invoking ClientNamenodeProtocolTranslatorPB.getFileInfo over node-0-link-0/10.10.1.1:8020 after 2 failover attempts. Trying to failover after sleeping for 2648ms.
2019-02-19 01:07:22,383 INFO retry.RetryInvocationHandler: java.net.ConnectException: Call From clnode090.clemson.cloudlab.us/130.127.133.99 to node-1-link-0:8020 failed on connection exception: java.net.ConnectException: Connection refused; For more details see:  http://wiki.apache.org/hadoop/ConnectionRefused, while invoking ClientNamenodeProtocolTranslatorPB.getFileInfo over node-1-link-0/10.10.1.4:8020 after 3 failover attempts. Trying to failover after sleeping for 4389ms.
file 15 has been read from HDFS for 2 time
diff succeed!
file 15 has been read from HDFS for 3 time
diff succeed!
file 15 has been read from HDFS for 4 time
diff succeed!
file 15 has been read from HDFS for 5 time
diff succeed!
file 15 has been read from HDFS for 6 time
diff succeed!
file 15 has been read from HDFS for 7 time
diff succeed!
file 15 has been read from HDFS for 8 time
diff succeed!
file 15 has been read from HDFS for 9 time
diff succeed!
file 15 has been read from HDFS for 10 time
diff succeed!
Deleted /myfile15
file 15 has been removed from HDFS
Found 20 items
-rw-r--r--   3 root supergroup 1073741824 2019-02-19 01:11 /myfile1
-rw-r--r--   3 root supergroup 1073741824 2019-02-19 01:10 /myfile10
-rw-r--r--   3 root supergroup 1073741824 2019-02-19 01:10 /myfile11
-rw-r--r--   3 root supergroup 1073741824 2019-02-19 01:11 /myfile12
-rw-r--r--   3 root supergroup 1073741824 2019-02-19 01:11 /myfile13
-rw-r--r--   3 root supergroup 1073741824 2019-02-19 01:11 /myfile14
-rw-r--r--   3 root supergroup 1073741824 2019-02-19 01:11 /myfile15
-rw-r--r--   3 root supergroup 1073741824 2019-02-19 01:11 /myfile16
-rw-r--r--   3 root supergroup 1073741824 2019-02-19 01:11 /myfile17
-rw-r--r--   3 root supergroup 1073741824 2019-02-19 01:11 /myfile18
-rw-r--r--   3 root supergroup 1073741824 2019-02-19 01:11 /myfile19
-rw-r--r--   3 root supergroup 1073741824 2019-02-19 01:11 /myfile2
-rw-r--r--   3 root supergroup 1073741824 2019-02-19 01:11 /myfile20
-rw-r--r--   3 root supergroup 1073741824 2019-02-19 01:11 /myfile3
-rw-r--r--   3 root supergroup 1073741824 2019-02-19 01:11 /myfile4
-rw-r--r--   3 root supergroup 1073741824 2019-02-19 01:11 /myfile5
-rw-r--r--   3 root supergroup 1073741824 2019-02-19 01:11 /myfile6
-rw-r--r--   3 root supergroup 1073741824 2019-02-19 01:11 /myfile7
-rw-r--r--   3 root supergroup 1073741824 2019-02-19 01:11 /myfile8
-rw-r--r--   3 root supergroup 1073741824 2019-02-19 01:10 /myfile9
file 15 has been put into HDFS
file 15 has been read from HDFS for 1 time
diff succeed!
file 15 has been read from HDFS for 2 time
diff succeed!
file 15 has been read from HDFS for 3 time
diff succeed!
file 15 has been read from HDFS for 4 time
diff succeed!
file 15 has been read from HDFS for 5 time
diff succeed!
file 15 has been read from HDFS for 6 time
diff succeed!
file 15 has been read from HDFS for 7 time
diff succeed!
file 15 has been read from HDFS for 8 time
diff succeed!
file 15 has been read from HDFS for 9 time
diff succeed!
file 15 has been read from HDFS for 10 time
diff succeed!
Deleted /myfile15
file 15 has been removed from HDFS
Found 20 items
-rw-r--r--   3 root supergroup 1073741824 2019-02-19 01:15 /myfile1
-rw-r--r--   3 root supergroup 1073741824 2019-02-19 01:15 /myfile10
-rw-r--r--   3 root supergroup 1073741824 2019-02-19 01:15 /myfile11
-rw-r--r--   3 root supergroup 1073741824 2019-02-19 01:15 /myfile12
-rw-r--r--   3 root supergroup  939524096 2019-02-19 01:15 /myfile13._COPYING_
-rw-r--r--   3 root supergroup  939524096 2019-02-19 01:15 /myfile14._COPYING_
-rw-r--r--   3 root supergroup 1073741824 2019-02-19 01:15 /myfile15
-rw-r--r--   3 root supergroup  805306368 2019-02-19 01:15 /myfile16._COPYING_
-rw-r--r--   3 root supergroup 1073741824 2019-02-19 01:15 /myfile17
-rw-r--r--   3 root supergroup  939524096 2019-02-19 01:15 /myfile18._COPYING_
-rw-r--r--   3 root supergroup  939524096 2019-02-19 01:15 /myfile19._COPYING_
-rw-r--r--   3 root supergroup 1073741824 2019-02-19 01:15 /myfile2
-rw-r--r--   3 root supergroup  939524096 2019-02-19 01:15 /myfile20._COPYING_
-rw-r--r--   3 root supergroup  805306368 2019-02-19 01:15 /myfile3._COPYING_
-rw-r--r--   3 root supergroup  939524096 2019-02-19 01:15 /myfile4._COPYING_
-rw-r--r--   3 root supergroup 1073741824 2019-02-19 01:15 /myfile5
-rw-r--r--   3 root supergroup  939524096 2019-02-19 01:15 /myfile6._COPYING_
-rw-r--r--   3 root supergroup 1073741824 2019-02-19 01:15 /myfile7
-rw-r--r--   3 root supergroup 1073741824 2019-02-19 01:15 /myfile8
-rw-r--r--   3 root supergroup 1073741824 2019-02-19 01:15 /myfile9
file 15 has been put into HDFS
file 15 has been read from HDFS for 1 time
diff succeed!
file 15 has been read from HDFS for 2 time
diff succeed!
file 15 has been read from HDFS for 3 time
diff succeed!
file 15 has been read from HDFS for 4 time
diff succeed!
file 15 has been read from HDFS for 5 time
diff succeed!
file 15 has been read from HDFS for 6 time
diff succeed!
file 15 has been read from HDFS for 7 time
diff succeed!
file 15 has been read from HDFS for 8 time
diff succeed!
file 15 has been read from HDFS for 9 time
diff succeed!
file 15 has been read from HDFS for 10 time
diff succeed!
Deleted /myfile15
file 15 has been removed from HDFS
Found 20 items
-rw-r--r--   3 root supergroup  939524096 2019-02-19 01:19 /myfile1._COPYING_
-rw-r--r--   3 root supergroup  805306368 2019-02-19 01:19 /myfile10._COPYING_
-rw-r--r--   3 root supergroup  805306368 2019-02-19 01:19 /myfile11._COPYING_
-rw-r--r--   3 root supergroup  939524096 2019-02-19 01:19 /myfile12._COPYING_
-rw-r--r--   3 root supergroup  939524096 2019-02-19 01:19 /myfile13._COPYING_
-rw-r--r--   3 root supergroup  805306368 2019-02-19 01:19 /myfile14._COPYING_
-rw-r--r--   3 root supergroup 1073741824 2019-02-19 01:20 /myfile15
-rw-r--r--   3 root supergroup  805306368 2019-02-19 01:19 /myfile16._COPYING_
-rw-r--r--   3 root supergroup  939524096 2019-02-19 01:19 /myfile17._COPYING_
-rw-r--r--   3 root supergroup 1073741824 2019-02-19 01:20 /myfile18
-rw-r--r--   3 root supergroup  939524096 2019-02-19 01:19 /myfile19._COPYING_
-rw-r--r--   3 root supergroup 1073741824 2019-02-19 01:20 /myfile2
-rw-r--r--   3 root supergroup  939524096 2019-02-19 01:19 /myfile20._COPYING_
-rw-r--r--   3 root supergroup  805306368 2019-02-19 01:19 /myfile3._COPYING_
-rw-r--r--   3 root supergroup  939524096 2019-02-19 01:19 /myfile4._COPYING_
-rw-r--r--   3 root supergroup 1073741824 2019-02-19 01:20 /myfile5
-rw-r--r--   3 root supergroup  939524096 2019-02-19 01:19 /myfile6._COPYING_
-rw-r--r--   3 root supergroup 1073741824 2019-02-19 01:20 /myfile7
-rw-r--r--   3 root supergroup  805306368 2019-02-19 01:19 /myfile8._COPYING_
-rw-r--r--   3 root supergroup 1073741824 2019-02-19 01:20 /myfile9
file 15 has been put into HDFS
file 15 has been read from HDFS for 1 time
diff succeed!
file 15 has been read from HDFS for 2 time
diff succeed!
file 15 has been read from HDFS for 3 time
diff succeed!
file 15 has been read from HDFS for 4 time
diff succeed!
file 15 has been read from HDFS for 5 time
diff succeed!
file 15 has been read from HDFS for 6 time
diff succeed!
file 15 has been read from HDFS for 7 time
diff succeed!
file 15 has been read from HDFS for 8 time
diff succeed!
file 15 has been read from HDFS for 9 time
diff succeed!
file 15 has been read from HDFS for 10 time
diff succeed!
Deleted /myfile15
file 15 has been removed from HDFS
Found 20 items
-rw-r--r--   3 root supergroup 1073741824 2019-02-19 01:25 /myfile1
-rw-r--r--   3 root supergroup 1073741824 2019-02-19 01:24 /myfile10
-rw-r--r--   3 root supergroup 1073741824 2019-02-19 01:25 /myfile11
-rw-r--r--   3 root supergroup 1073741824 2019-02-19 01:24 /myfile12
-rw-r--r--   3 root supergroup 1073741824 2019-02-19 01:24 /myfile13
-rw-r--r--   3 root supergroup 1073741824 2019-02-19 01:25 /myfile14
-rw-r--r--   3 root supergroup 1073741824 2019-02-19 01:24 /myfile15
-rw-r--r--   3 root supergroup 1073741824 2019-02-19 01:25 /myfile16
-rw-r--r--   3 root supergroup 1073741824 2019-02-19 01:25 /myfile17
-rw-r--r--   3 root supergroup 1073741824 2019-02-19 01:24 /myfile18
-rw-r--r--   3 root supergroup 1073741824 2019-02-19 01:25 /myfile19
-rw-r--r--   3 root supergroup 1073741824 2019-02-19 01:24 /myfile2
-rw-r--r--   3 root supergroup 1073741824 2019-02-19 01:25 /myfile20
-rw-r--r--   3 root supergroup 1073741824 2019-02-19 01:25 /myfile3
-rw-r--r--   3 root supergroup 1073741824 2019-02-19 01:25 /myfile4
-rw-r--r--   3 root supergroup 1073741824 2019-02-19 01:24 /myfile5
-rw-r--r--   3 root supergroup 1073741824 2019-02-19 01:25 /myfile6
-rw-r--r--   3 root supergroup 1073741824 2019-02-19 01:25 /myfile7
-rw-r--r--   3 root supergroup 1073741824 2019-02-19 01:25 /myfile8
-rw-r--r--   3 root supergroup 1073741824 2019-02-19 01:24 /myfile9
file 15 has been put into HDFS
file 15 has been read from HDFS for 1 time
diff succeed!
file 15 has been read from HDFS for 2 time
diff succeed!
file 15 has been read from HDFS for 3 time
diff succeed!
file 15 has been read from HDFS for 4 time
diff succeed!
file 15 has been read from HDFS for 5 time
diff succeed!
file 15 has been read from HDFS for 6 time
diff succeed!
file 15 has been read from HDFS for 7 time
diff succeed!
file 15 has been read from HDFS for 8 time
diff succeed!
file 15 has been read from HDFS for 9 time
diff succeed!
file 15 has been read from HDFS for 10 time
diff succeed!
Deleted /myfile15
file 15 has been removed from HDFS
2019-02-19 01:29:01,545 INFO retry.RetryInvocationHandler: java.io.EOFException: End of File Exception between local host is: "clnode090.clemson.cloudlab.us/130.127.133.99"; destination host is: "node-0-link-0":8020; : java.io.EOFException; For more details see:  http://wiki.apache.org/hadoop/EOFException, while invoking ClientNamenodeProtocolTranslatorPB.addBlock over node-0-link-0/10.10.1.1:8020. Trying to failover immediately.
2019-02-19 01:29:01,971 INFO retry.RetryInvocationHandler: org.apache.hadoop.ipc.RemoteException(org.apache.hadoop.ipc.RetriableException): org.apache.hadoop.hdfs.server.namenode.SafeModeException: Cannot add block to /myfile15._COPYING_. Name node is in safe mode.
The reported blocks 33 has reached the threshold 0.9990 of total blocks 33. The number of live datanodes 3 has reached the minimum number 0. In safe mode extension. Safe mode will be turned off automatically in 29 seconds. NamenodeHostName:node-1-link-0
	at org.apache.hadoop.hdfs.server.namenode.FSNamesystem.checkNameNodeSafeMode(FSNamesystem.java:1441)
	at org.apache.hadoop.hdfs.server.namenode.FSDirWriteFileOp.analyzeFileState(FSDirWriteFileOp.java:591)
	at org.apache.hadoop.hdfs.server.namenode.FSDirWriteFileOp.validateAddBlock(FSDirWriteFileOp.java:172)
	at org.apache.hadoop.hdfs.server.namenode.FSNamesystem.getAdditionalBlock(FSNamesystem.java:2679)
	at org.apache.hadoop.hdfs.server.namenode.NameNodeRpcServer.addBlock(NameNodeRpcServer.java:875)
	at org.apache.hadoop.hdfs.protocolPB.ClientNamenodeProtocolServerSideTranslatorPB.addBlock(ClientNamenodeProtocolServerSideTranslatorPB.java:561)
	at org.apache.hadoop.hdfs.protocol.proto.ClientNamenodeProtocolProtos$ClientNamenodeProtocol$2.callBlockingMethod(ClientNamenodeProtocolProtos.java)
	at org.apache.hadoop.ipc.ProtobufRpcEngine$Server$ProtoBufRpcInvoker.call(ProtobufRpcEngine.java:523)
	at org.apache.hadoop.ipc.RPC$Server.call(RPC.java:991)
	at org.apache.hadoop.ipc.Server$RpcCall.run(Server.java:872)
	at org.apache.hadoop.ipc.Server$RpcCall.run(Server.java:818)
	at java.security.AccessController.doPrivileged(Native Method)
	at javax.security.auth.Subject.doAs(Subject.java:422)
	at org.apache.hadoop.security.UserGroupInformation.doAs(UserGroupInformation.java:1729)
	at org.apache.hadoop.ipc.Server$Handler.run(Server.java:2678)
Caused by: org.apache.hadoop.hdfs.server.namenode.SafeModeException: Cannot add block to /myfile15._COPYING_. Name node is in safe mode.
The reported blocks 33 has reached the threshold 0.9990 of total blocks 33. The number of live datanodes 3 has reached the minimum number 0. In safe mode extension. Safe mode will be turned off automatically in 29 seconds. NamenodeHostName:node-1-link-0
	at org.apache.hadoop.hdfs.server.namenode.FSNamesystem.newSafemodeException(FSNamesystem.java:1450)
	at org.apache.hadoop.hdfs.server.namenode.FSNamesystem.checkNameNodeSafeMode(FSNamesystem.java:1437)
	... 14 more
, while invoking ClientNamenodeProtocolTranslatorPB.addBlock over node-1-link-0/10.10.1.4:8020 after 1 failover attempts. Retrying after sleeping for 1270ms.
2019-02-19 01:29:03,244 INFO retry.RetryInvocationHandler: org.apache.hadoop.ipc.RemoteException(org.apache.hadoop.ipc.RetriableException): org.apache.hadoop.hdfs.server.namenode.SafeModeException: Cannot add block to /myfile15._COPYING_. Name node is in safe mode.
The reported blocks 33 has reached the threshold 0.9990 of total blocks 33. The number of live datanodes 3 has reached the minimum number 0. In safe mode extension. Safe mode will be turned off automatically in 28 seconds. NamenodeHostName:node-1-link-0
	at org.apache.hadoop.hdfs.server.namenode.FSNamesystem.checkNameNodeSafeMode(FSNamesystem.java:1441)
	at org.apache.hadoop.hdfs.server.namenode.FSDirWriteFileOp.analyzeFileState(FSDirWriteFileOp.java:591)
	at org.apache.hadoop.hdfs.server.namenode.FSDirWriteFileOp.validateAddBlock(FSDirWriteFileOp.java:172)
	at org.apache.hadoop.hdfs.server.namenode.FSNamesystem.getAdditionalBlock(FSNamesystem.java:2679)
	at org.apache.hadoop.hdfs.server.namenode.NameNodeRpcServer.addBlock(NameNodeRpcServer.java:875)
	at org.apache.hadoop.hdfs.protocolPB.ClientNamenodeProtocolServerSideTranslatorPB.addBlock(ClientNamenodeProtocolServerSideTranslatorPB.java:561)
	at org.apache.hadoop.hdfs.protocol.proto.ClientNamenodeProtocolProtos$ClientNamenodeProtocol$2.callBlockingMethod(ClientNamenodeProtocolProtos.java)
	at org.apache.hadoop.ipc.ProtobufRpcEngine$Server$ProtoBufRpcInvoker.call(ProtobufRpcEngine.java:523)
	at org.apache.hadoop.ipc.RPC$Server.call(RPC.java:991)
	at org.apache.hadoop.ipc.Server$RpcCall.run(Server.java:872)
	at org.apache.hadoop.ipc.Server$RpcCall.run(Server.java:818)
	at java.security.AccessController.doPrivileged(Native Method)
	at javax.security.auth.Subject.doAs(Subject.java:422)
	at org.apache.hadoop.security.UserGroupInformation.doAs(UserGroupInformation.java:1729)
	at org.apache.hadoop.ipc.Server$Handler.run(Server.java:2678)
Caused by: org.apache.hadoop.hdfs.server.namenode.SafeModeException: Cannot add block to /myfile15._COPYING_. Name node is in safe mode.
The reported blocks 33 has reached the threshold 0.9990 of total blocks 33. The number of live datanodes 3 has reached the minimum number 0. In safe mode extension. Safe mode will be turned off automatically in 28 seconds. NamenodeHostName:node-1-link-0
	at org.apache.hadoop.hdfs.server.namenode.FSNamesystem.newSafemodeException(FSNamesystem.java:1450)
	at org.apache.hadoop.hdfs.server.namenode.FSNamesystem.checkNameNodeSafeMode(FSNamesystem.java:1437)
	... 14 more
, while invoking ClientNamenodeProtocolTranslatorPB.addBlock over node-1-link-0/10.10.1.4:8020 after 1 failover attempts. Retrying after sleeping for 1929ms.
2019-02-19 01:29:05,176 INFO retry.RetryInvocationHandler: org.apache.hadoop.ipc.RemoteException(org.apache.hadoop.ipc.RetriableException): org.apache.hadoop.hdfs.server.namenode.SafeModeException: Cannot add block to /myfile15._COPYING_. Name node is in safe mode.
The reported blocks 33 has reached the threshold 0.9990 of total blocks 33. The number of live datanodes 3 has reached the minimum number 0. In safe mode extension. Safe mode will be turned off automatically in 26 seconds. NamenodeHostName:node-1-link-0
	at org.apache.hadoop.hdfs.server.namenode.FSNamesystem.checkNameNodeSafeMode(FSNamesystem.java:1441)
	at org.apache.hadoop.hdfs.server.namenode.FSDirWriteFileOp.analyzeFileState(FSDirWriteFileOp.java:591)
	at org.apache.hadoop.hdfs.server.namenode.FSDirWriteFileOp.validateAddBlock(FSDirWriteFileOp.java:172)
	at org.apache.hadoop.hdfs.server.namenode.FSNamesystem.getAdditionalBlock(FSNamesystem.java:2679)
	at org.apache.hadoop.hdfs.server.namenode.NameNodeRpcServer.addBlock(NameNodeRpcServer.java:875)
	at org.apache.hadoop.hdfs.protocolPB.ClientNamenodeProtocolServerSideTranslatorPB.addBlock(ClientNamenodeProtocolServerSideTranslatorPB.java:561)
	at org.apache.hadoop.hdfs.protocol.proto.ClientNamenodeProtocolProtos$ClientNamenodeProtocol$2.callBlockingMethod(ClientNamenodeProtocolProtos.java)
	at org.apache.hadoop.ipc.ProtobufRpcEngine$Server$ProtoBufRpcInvoker.call(ProtobufRpcEngine.java:523)
	at org.apache.hadoop.ipc.RPC$Server.call(RPC.java:991)
	at org.apache.hadoop.ipc.Server$RpcCall.run(Server.java:872)
	at org.apache.hadoop.ipc.Server$RpcCall.run(Server.java:818)
	at java.security.AccessController.doPrivileged(Native Method)
	at javax.security.auth.Subject.doAs(Subject.java:422)
	at org.apache.hadoop.security.UserGroupInformation.doAs(UserGroupInformation.java:1729)
	at org.apache.hadoop.ipc.Server$Handler.run(Server.java:2678)
Caused by: org.apache.hadoop.hdfs.server.namenode.SafeModeException: Cannot add block to /myfile15._COPYING_. Name node is in safe mode.
The reported blocks 33 has reached the threshold 0.9990 of total blocks 33. The number of live datanodes 3 has reached the minimum number 0. In safe mode extension. Safe mode will be turned off automatically in 26 seconds. NamenodeHostName:node-1-link-0
	at org.apache.hadoop.hdfs.server.namenode.FSNamesystem.newSafemodeException(FSNamesystem.java:1450)
	at org.apache.hadoop.hdfs.server.namenode.FSNamesystem.checkNameNodeSafeMode(FSNamesystem.java:1437)
	... 14 more
, while invoking ClientNamenodeProtocolTranslatorPB.addBlock over node-1-link-0/10.10.1.4:8020 after 1 failover attempts. Retrying after sleeping for 5240ms.
2019-02-19 01:29:10,434 INFO retry.RetryInvocationHandler: org.apache.hadoop.ipc.RemoteException(org.apache.hadoop.ipc.RetriableException): org.apache.hadoop.hdfs.server.namenode.SafeModeException: Cannot add block to /myfile15._COPYING_. Name node is in safe mode.
The reported blocks 33 has reached the threshold 0.9990 of total blocks 33. The number of live datanodes 3 has reached the minimum number 0. In safe mode extension. Safe mode will be turned off automatically in 21 seconds. NamenodeHostName:node-1-link-0
	at org.apache.hadoop.hdfs.server.namenode.FSNamesystem.checkNameNodeSafeMode(FSNamesystem.java:1441)
	at org.apache.hadoop.hdfs.server.namenode.FSDirWriteFileOp.analyzeFileState(FSDirWriteFileOp.java:591)
	at org.apache.hadoop.hdfs.server.namenode.FSDirWriteFileOp.validateAddBlock(FSDirWriteFileOp.java:172)
	at org.apache.hadoop.hdfs.server.namenode.FSNamesystem.getAdditionalBlock(FSNamesystem.java:2679)
	at org.apache.hadoop.hdfs.server.namenode.NameNodeRpcServer.addBlock(NameNodeRpcServer.java:875)
	at org.apache.hadoop.hdfs.protocolPB.ClientNamenodeProtocolServerSideTranslatorPB.addBlock(ClientNamenodeProtocolServerSideTranslatorPB.java:561)
	at org.apache.hadoop.hdfs.protocol.proto.ClientNamenodeProtocolProtos$ClientNamenodeProtocol$2.callBlockingMethod(ClientNamenodeProtocolProtos.java)
	at org.apache.hadoop.ipc.ProtobufRpcEngine$Server$ProtoBufRpcInvoker.call(ProtobufRpcEngine.java:523)
	at org.apache.hadoop.ipc.RPC$Server.call(RPC.java:991)
	at org.apache.hadoop.ipc.Server$RpcCall.run(Server.java:872)
	at org.apache.hadoop.ipc.Server$RpcCall.run(Server.java:818)
	at java.security.AccessController.doPrivileged(Native Method)
	at javax.security.auth.Subject.doAs(Subject.java:422)
	at org.apache.hadoop.security.UserGroupInformation.doAs(UserGroupInformation.java:1729)
	at org.apache.hadoop.ipc.Server$Handler.run(Server.java:2678)
Caused by: org.apache.hadoop.hdfs.server.namenode.SafeModeException: Cannot add block to /myfile15._COPYING_. Name node is in safe mode.
The reported blocks 33 has reached the threshold 0.9990 of total blocks 33. The number of live datanodes 3 has reached the minimum number 0. In safe mode extension. Safe mode will be turned off automatically in 21 seconds. NamenodeHostName:node-1-link-0
	at org.apache.hadoop.hdfs.server.namenode.FSNamesystem.newSafemodeException(FSNamesystem.java:1450)
	at org.apache.hadoop.hdfs.server.namenode.FSNamesystem.checkNameNodeSafeMode(FSNamesystem.java:1437)
	... 14 more
, while invoking ClientNamenodeProtocolTranslatorPB.addBlock over node-1-link-0/10.10.1.4:8020 after 1 failover attempts. Retrying after sleeping for 5538ms.
2019-02-19 01:29:15,974 INFO retry.RetryInvocationHandler: org.apache.hadoop.ipc.RemoteException(org.apache.hadoop.ipc.RetriableException): org.apache.hadoop.hdfs.server.namenode.SafeModeException: Cannot add block to /myfile15._COPYING_. Name node is in safe mode.
The reported blocks 33 has reached the threshold 0.9990 of total blocks 33. The number of live datanodes 3 has reached the minimum number 0. In safe mode extension. Safe mode will be turned off automatically in 15 seconds. NamenodeHostName:node-1-link-0
	at org.apache.hadoop.hdfs.server.namenode.FSNamesystem.checkNameNodeSafeMode(FSNamesystem.java:1441)
	at org.apache.hadoop.hdfs.server.namenode.FSDirWriteFileOp.analyzeFileState(FSDirWriteFileOp.java:591)
	at org.apache.hadoop.hdfs.server.namenode.FSDirWriteFileOp.validateAddBlock(FSDirWriteFileOp.java:172)
	at org.apache.hadoop.hdfs.server.namenode.FSNamesystem.getAdditionalBlock(FSNamesystem.java:2679)
	at org.apache.hadoop.hdfs.server.namenode.NameNodeRpcServer.addBlock(NameNodeRpcServer.java:875)
	at org.apache.hadoop.hdfs.protocolPB.ClientNamenodeProtocolServerSideTranslatorPB.addBlock(ClientNamenodeProtocolServerSideTranslatorPB.java:561)
	at org.apache.hadoop.hdfs.protocol.proto.ClientNamenodeProtocolProtos$ClientNamenodeProtocol$2.callBlockingMethod(ClientNamenodeProtocolProtos.java)
	at org.apache.hadoop.ipc.ProtobufRpcEngine$Server$ProtoBufRpcInvoker.call(ProtobufRpcEngine.java:523)
	at org.apache.hadoop.ipc.RPC$Server.call(RPC.java:991)
	at org.apache.hadoop.ipc.Server$RpcCall.run(Server.java:872)
	at org.apache.hadoop.ipc.Server$RpcCall.run(Server.java:818)
	at java.security.AccessController.doPrivileged(Native Method)
	at javax.security.auth.Subject.doAs(Subject.java:422)
	at org.apache.hadoop.security.UserGroupInformation.doAs(UserGroupInformation.java:1729)
	at org.apache.hadoop.ipc.Server$Handler.run(Server.java:2678)
Caused by: org.apache.hadoop.hdfs.server.namenode.SafeModeException: Cannot add block to /myfile15._COPYING_. Name node is in safe mode.
The reported blocks 33 has reached the threshold 0.9990 of total blocks 33. The number of live datanodes 3 has reached the minimum number 0. In safe mode extension. Safe mode will be turned off automatically in 15 seconds. NamenodeHostName:node-1-link-0
	at org.apache.hadoop.hdfs.server.namenode.FSNamesystem.newSafemodeException(FSNamesystem.java:1450)
	at org.apache.hadoop.hdfs.server.namenode.FSNamesystem.checkNameNodeSafeMode(FSNamesystem.java:1437)
	... 14 more
, while invoking ClientNamenodeProtocolTranslatorPB.addBlock over node-1-link-0/10.10.1.4:8020 after 1 failover attempts. Retrying after sleeping for 18406ms.
2019-02-19 01:29:19,591 INFO retry.RetryInvocationHandler: org.apache.hadoop.ipc.RemoteException(org.apache.hadoop.ipc.RetriableException): org.apache.hadoop.hdfs.server.namenode.SafeModeException: Cannot renew lease for DFSClient_NONMAPREDUCE_-1272170084_1. Name node is in safe mode.
The reported blocks 33 has reached the threshold 0.9990 of total blocks 33. The number of live datanodes 3 has reached the minimum number 0. In safe mode extension. Safe mode will be turned off automatically in 12 seconds. NamenodeHostName:node-1-link-0
	at org.apache.hadoop.hdfs.server.namenode.FSNamesystem.checkNameNodeSafeMode(FSNamesystem.java:1441)
	at org.apache.hadoop.hdfs.server.namenode.FSNamesystem.renewLease(FSNamesystem.java:3744)
	at org.apache.hadoop.hdfs.server.namenode.NameNodeRpcServer.renewLease(NameNodeRpcServer.java:1134)
	at org.apache.hadoop.hdfs.protocolPB.ClientNamenodeProtocolServerSideTranslatorPB.renewLease(ClientNamenodeProtocolServerSideTranslatorPB.java:737)
	at org.apache.hadoop.hdfs.protocol.proto.ClientNamenodeProtocolProtos$ClientNamenodeProtocol$2.callBlockingMethod(ClientNamenodeProtocolProtos.java)
	at org.apache.hadoop.ipc.ProtobufRpcEngine$Server$ProtoBufRpcInvoker.call(ProtobufRpcEngine.java:523)
	at org.apache.hadoop.ipc.RPC$Server.call(RPC.java:991)
	at org.apache.hadoop.ipc.Server$RpcCall.run(Server.java:872)
	at org.apache.hadoop.ipc.Server$RpcCall.run(Server.java:818)
	at java.security.AccessController.doPrivileged(Native Method)
	at javax.security.auth.Subject.doAs(Subject.java:422)
	at org.apache.hadoop.security.UserGroupInformation.doAs(UserGroupInformation.java:1729)
	at org.apache.hadoop.ipc.Server$Handler.run(Server.java:2678)
Caused by: org.apache.hadoop.hdfs.server.namenode.SafeModeException: Cannot renew lease for DFSClient_NONMAPREDUCE_-1272170084_1. Name node is in safe mode.
The reported blocks 33 has reached the threshold 0.9990 of total blocks 33. The number of live datanodes 3 has reached the minimum number 0. In safe mode extension. Safe mode will be turned off automatically in 12 seconds. NamenodeHostName:node-1-link-0
	at org.apache.hadoop.hdfs.server.namenode.FSNamesystem.newSafemodeException(FSNamesystem.java:1450)
	at org.apache.hadoop.hdfs.server.namenode.FSNamesystem.checkNameNodeSafeMode(FSNamesystem.java:1437)
	... 12 more
, while invoking ClientNamenodeProtocolTranslatorPB.renewLease over node-1-link-0/10.10.1.4:8020. Retrying immediately.
2019-02-19 01:29:19,593 INFO retry.RetryInvocationHandler: org.apache.hadoop.ipc.RemoteException(org.apache.hadoop.ipc.RetriableException): org.apache.hadoop.hdfs.server.namenode.SafeModeException: Cannot renew lease for DFSClient_NONMAPREDUCE_-1272170084_1. Name node is in safe mode.
The reported blocks 33 has reached the threshold 0.9990 of total blocks 33. The number of live datanodes 3 has reached the minimum number 0. In safe mode extension. Safe mode will be turned off automatically in 12 seconds. NamenodeHostName:node-1-link-0
	at org.apache.hadoop.hdfs.server.namenode.FSNamesystem.checkNameNodeSafeMode(FSNamesystem.java:1441)
	at org.apache.hadoop.hdfs.server.namenode.FSNamesystem.renewLease(FSNamesystem.java:3744)
	at org.apache.hadoop.hdfs.server.namenode.NameNodeRpcServer.renewLease(NameNodeRpcServer.java:1134)
	at org.apache.hadoop.hdfs.protocolPB.ClientNamenodeProtocolServerSideTranslatorPB.renewLease(ClientNamenodeProtocolServerSideTranslatorPB.java:737)
	at org.apache.hadoop.hdfs.protocol.proto.ClientNamenodeProtocolProtos$ClientNamenodeProtocol$2.callBlockingMethod(ClientNamenodeProtocolProtos.java)
	at org.apache.hadoop.ipc.ProtobufRpcEngine$Server$ProtoBufRpcInvoker.call(ProtobufRpcEngine.java:523)
	at org.apache.hadoop.ipc.RPC$Server.call(RPC.java:991)
	at org.apache.hadoop.ipc.Server$RpcCall.run(Server.java:872)
	at org.apache.hadoop.ipc.Server$RpcCall.run(Server.java:818)
	at java.security.AccessController.doPrivileged(Native Method)
	at javax.security.auth.Subject.doAs(Subject.java:422)
	at org.apache.hadoop.security.UserGroupInformation.doAs(UserGroupInformation.java:1729)
	at org.apache.hadoop.ipc.Server$Handler.run(Server.java:2678)
Caused by: org.apache.hadoop.hdfs.server.namenode.SafeModeException: Cannot renew lease for DFSClient_NONMAPREDUCE_-1272170084_1. Name node is in safe mode.
The reported blocks 33 has reached the threshold 0.9990 of total blocks 33. The number of live datanodes 3 has reached the minimum number 0. In safe mode extension. Safe mode will be turned off automatically in 12 seconds. NamenodeHostName:node-1-link-0
	at org.apache.hadoop.hdfs.server.namenode.FSNamesystem.newSafemodeException(FSNamesystem.java:1450)
	at org.apache.hadoop.hdfs.server.namenode.FSNamesystem.checkNameNodeSafeMode(FSNamesystem.java:1437)
	... 12 more
, while invoking ClientNamenodeProtocolTranslatorPB.renewLease over node-1-link-0/10.10.1.4:8020. Retrying after sleeping for 1021ms.
2019-02-19 01:29:20,616 INFO retry.RetryInvocationHandler: org.apache.hadoop.ipc.RemoteException(org.apache.hadoop.ipc.RetriableException): org.apache.hadoop.hdfs.server.namenode.SafeModeException: Cannot renew lease for DFSClient_NONMAPREDUCE_-1272170084_1. Name node is in safe mode.
The reported blocks 33 has reached the threshold 0.9990 of total blocks 33. The number of live datanodes 3 has reached the minimum number 0. In safe mode extension. Safe mode will be turned off automatically in 11 seconds. NamenodeHostName:node-1-link-0
	at org.apache.hadoop.hdfs.server.namenode.FSNamesystem.checkNameNodeSafeMode(FSNamesystem.java:1441)
	at org.apache.hadoop.hdfs.server.namenode.FSNamesystem.renewLease(FSNamesystem.java:3744)
	at org.apache.hadoop.hdfs.server.namenode.NameNodeRpcServer.renewLease(NameNodeRpcServer.java:1134)
	at org.apache.hadoop.hdfs.protocolPB.ClientNamenodeProtocolServerSideTranslatorPB.renewLease(ClientNamenodeProtocolServerSideTranslatorPB.java:737)
	at org.apache.hadoop.hdfs.protocol.proto.ClientNamenodeProtocolProtos$ClientNamenodeProtocol$2.callBlockingMethod(ClientNamenodeProtocolProtos.java)
	at org.apache.hadoop.ipc.ProtobufRpcEngine$Server$ProtoBufRpcInvoker.call(ProtobufRpcEngine.java:523)
	at org.apache.hadoop.ipc.RPC$Server.call(RPC.java:991)
	at org.apache.hadoop.ipc.Server$RpcCall.run(Server.java:872)
	at org.apache.hadoop.ipc.Server$RpcCall.run(Server.java:818)
	at java.security.AccessController.doPrivileged(Native Method)
	at javax.security.auth.Subject.doAs(Subject.java:422)
	at org.apache.hadoop.security.UserGroupInformation.doAs(UserGroupInformation.java:1729)
	at org.apache.hadoop.ipc.Server$Handler.run(Server.java:2678)
Caused by: org.apache.hadoop.hdfs.server.namenode.SafeModeException: Cannot renew lease for DFSClient_NONMAPREDUCE_-1272170084_1. Name node is in safe mode.
The reported blocks 33 has reached the threshold 0.9990 of total blocks 33. The number of live datanodes 3 has reached the minimum number 0. In safe mode extension. Safe mode will be turned off automatically in 11 seconds. NamenodeHostName:node-1-link-0
	at org.apache.hadoop.hdfs.server.namenode.FSNamesystem.newSafemodeException(FSNamesystem.java:1450)
	at org.apache.hadoop.hdfs.server.namenode.FSNamesystem.checkNameNodeSafeMode(FSNamesystem.java:1437)
	... 12 more
, while invoking ClientNamenodeProtocolTranslatorPB.renewLease over node-1-link-0/10.10.1.4:8020. Retrying after sleeping for 2906ms.
2019-02-19 01:29:23,524 INFO retry.RetryInvocationHandler: org.apache.hadoop.ipc.RemoteException(org.apache.hadoop.ipc.RetriableException): org.apache.hadoop.hdfs.server.namenode.SafeModeException: Cannot renew lease for DFSClient_NONMAPREDUCE_-1272170084_1. Name node is in safe mode.
The reported blocks 33 has reached the threshold 0.9990 of total blocks 33. The number of live datanodes 3 has reached the minimum number 0. In safe mode extension. Safe mode will be turned off automatically in 8 seconds. NamenodeHostName:node-1-link-0
	at org.apache.hadoop.hdfs.server.namenode.FSNamesystem.checkNameNodeSafeMode(FSNamesystem.java:1441)
	at org.apache.hadoop.hdfs.server.namenode.FSNamesystem.renewLease(FSNamesystem.java:3744)
	at org.apache.hadoop.hdfs.server.namenode.NameNodeRpcServer.renewLease(NameNodeRpcServer.java:1134)
	at org.apache.hadoop.hdfs.protocolPB.ClientNamenodeProtocolServerSideTranslatorPB.renewLease(ClientNamenodeProtocolServerSideTranslatorPB.java:737)
	at org.apache.hadoop.hdfs.protocol.proto.ClientNamenodeProtocolProtos$ClientNamenodeProtocol$2.callBlockingMethod(ClientNamenodeProtocolProtos.java)
	at org.apache.hadoop.ipc.ProtobufRpcEngine$Server$ProtoBufRpcInvoker.call(ProtobufRpcEngine.java:523)
	at org.apache.hadoop.ipc.RPC$Server.call(RPC.java:991)
	at org.apache.hadoop.ipc.Server$RpcCall.run(Server.java:872)
	at org.apache.hadoop.ipc.Server$RpcCall.run(Server.java:818)
	at java.security.AccessController.doPrivileged(Native Method)
	at javax.security.auth.Subject.doAs(Subject.java:422)
	at org.apache.hadoop.security.UserGroupInformation.doAs(UserGroupInformation.java:1729)
	at org.apache.hadoop.ipc.Server$Handler.run(Server.java:2678)
Caused by: org.apache.hadoop.hdfs.server.namenode.SafeModeException: Cannot renew lease for DFSClient_NONMAPREDUCE_-1272170084_1. Name node is in safe mode.
The reported blocks 33 has reached the threshold 0.9990 of total blocks 33. The number of live datanodes 3 has reached the minimum number 0. In safe mode extension. Safe mode will be turned off automatically in 8 seconds. NamenodeHostName:node-1-link-0
	at org.apache.hadoop.hdfs.server.namenode.FSNamesystem.newSafemodeException(FSNamesystem.java:1450)
	at org.apache.hadoop.hdfs.server.namenode.FSNamesystem.checkNameNodeSafeMode(FSNamesystem.java:1437)
	... 12 more
, while invoking ClientNamenodeProtocolTranslatorPB.renewLease over node-1-link-0/10.10.1.4:8020. Retrying after sleeping for 5534ms.
2019-02-19 01:29:29,060 INFO retry.RetryInvocationHandler: org.apache.hadoop.ipc.RemoteException(org.apache.hadoop.ipc.RetriableException): org.apache.hadoop.hdfs.server.namenode.SafeModeException: Cannot renew lease for DFSClient_NONMAPREDUCE_-1272170084_1. Name node is in safe mode.
The reported blocks 33 has reached the threshold 0.9990 of total blocks 33. The number of live datanodes 3 has reached the minimum number 0. In safe mode extension. Safe mode will be turned off automatically in 2 seconds. NamenodeHostName:node-1-link-0
	at org.apache.hadoop.hdfs.server.namenode.FSNamesystem.checkNameNodeSafeMode(FSNamesystem.java:1441)
	at org.apache.hadoop.hdfs.server.namenode.FSNamesystem.renewLease(FSNamesystem.java:3744)
	at org.apache.hadoop.hdfs.server.namenode.NameNodeRpcServer.renewLease(NameNodeRpcServer.java:1134)
	at org.apache.hadoop.hdfs.protocolPB.ClientNamenodeProtocolServerSideTranslatorPB.renewLease(ClientNamenodeProtocolServerSideTranslatorPB.java:737)
	at org.apache.hadoop.hdfs.protocol.proto.ClientNamenodeProtocolProtos$ClientNamenodeProtocol$2.callBlockingMethod(ClientNamenodeProtocolProtos.java)
	at org.apache.hadoop.ipc.ProtobufRpcEngine$Server$ProtoBufRpcInvoker.call(ProtobufRpcEngine.java:523)
	at org.apache.hadoop.ipc.RPC$Server.call(RPC.java:991)
	at org.apache.hadoop.ipc.Server$RpcCall.run(Server.java:872)
	at org.apache.hadoop.ipc.Server$RpcCall.run(Server.java:818)
	at java.security.AccessController.doPrivileged(Native Method)
	at javax.security.auth.Subject.doAs(Subject.java:422)
	at org.apache.hadoop.security.UserGroupInformation.doAs(UserGroupInformation.java:1729)
	at org.apache.hadoop.ipc.Server$Handler.run(Server.java:2678)
Caused by: org.apache.hadoop.hdfs.server.namenode.SafeModeException: Cannot renew lease for DFSClient_NONMAPREDUCE_-1272170084_1. Name node is in safe mode.
The reported blocks 33 has reached the threshold 0.9990 of total blocks 33. The number of live datanodes 3 has reached the minimum number 0. In safe mode extension. Safe mode will be turned off automatically in 2 seconds. NamenodeHostName:node-1-link-0
	at org.apache.hadoop.hdfs.server.namenode.FSNamesystem.newSafemodeException(FSNamesystem.java:1450)
	at org.apache.hadoop.hdfs.server.namenode.FSNamesystem.checkNameNodeSafeMode(FSNamesystem.java:1437)
	... 12 more
, while invoking ClientNamenodeProtocolTranslatorPB.renewLease over node-1-link-0/10.10.1.4:8020. Retrying after sleeping for 6966ms.
Found 20 items
-rw-r--r--   3 root supergroup  805306368 2019-02-19 01:28 /myfile1._COPYING_
-rw-r--r--   3 root supergroup 1073741824 2019-02-19 01:30 /myfile10
-rw-r--r--   3 root supergroup  671088640 2019-02-19 01:29 /myfile11._COPYING_
-rw-r--r--   3 root supergroup 1073741824 2019-02-19 01:30 /myfile12
-rw-r--r--   3 root supergroup 1073741824 2019-02-19 01:30 /myfile13
-rw-r--r--   3 root supergroup  671088640 2019-02-19 01:28 /myfile14._COPYING_
-rw-r--r--   3 root supergroup 1073741824 2019-02-19 01:30 /myfile15
-rw-r--r--   3 root supergroup  671088640 2019-02-19 01:28 /myfile16._COPYING_
-rw-r--r--   3 root supergroup  805306368 2019-02-19 01:29 /myfile17._COPYING_
-rw-r--r--   3 root supergroup 1073741824 2019-02-19 01:29 /myfile18
-rw-r--r--   3 root supergroup  939524096 2019-02-19 01:28 /myfile19._COPYING_
-rw-r--r--   3 root supergroup  671088640 2019-02-19 01:28 /myfile2._COPYING_
-rw-r--r--   3 root supergroup 1073741824 2019-02-19 01:30 /myfile20
-rw-r--r--   3 root supergroup  939524096 2019-02-19 01:28 /myfile3._COPYING_
-rw-r--r--   3 root supergroup  671088640 2019-02-19 01:28 /myfile4._COPYING_
-rw-r--r--   3 root supergroup 1073741824 2019-02-19 01:29 /myfile5
-rw-r--r--   3 root supergroup  939524096 2019-02-19 01:28 /myfile6._COPYING_
-rw-r--r--   3 root supergroup  939524096 2019-02-19 01:28 /myfile7._COPYING_
-rw-r--r--   3 root supergroup 1073741824 2019-02-19 01:30 /myfile8
-rw-r--r--   3 root supergroup 1073741824 2019-02-19 01:29 /myfile9
file 15 has been put into HDFS
file 15 has been read from HDFS for 1 time
diff succeed!
file 15 has been read from HDFS for 2 time
diff succeed!
file 15 has been read from HDFS for 3 time
diff succeed!
file 15 has been read from HDFS for 4 time
diff succeed!
file 15 has been read from HDFS for 5 time
diff succeed!
file 15 has been read from HDFS for 6 time
diff succeed!
file 15 has been read from HDFS for 7 time
diff succeed!
file 15 has been read from HDFS for 8 time
diff succeed!
file 15 has been read from HDFS for 9 time
diff succeed!
file 15 has been read from HDFS for 10 time
diff succeed!
Deleted /myfile15
file 15 has been removed from HDFS
Found 20 items
-rw-r--r--   3 root supergroup 1073741824 2019-02-19 01:34 /myfile1
-rw-r--r--   3 root supergroup 1073741824 2019-02-19 01:34 /myfile10
-rw-r--r--   3 root supergroup 1073741824 2019-02-19 01:34 /myfile11
-rw-r--r--   3 root supergroup 1073741824 2019-02-19 01:34 /myfile12
-rw-r--r--   3 root supergroup 1073741824 2019-02-19 01:34 /myfile13
-rw-r--r--   3 root supergroup 1073741824 2019-02-19 01:34 /myfile14
-rw-r--r--   3 root supergroup 1073741824 2019-02-19 01:34 /myfile15
-rw-r--r--   3 root supergroup 1073741824 2019-02-19 01:34 /myfile16
-rw-r--r--   3 root supergroup 1073741824 2019-02-19 01:34 /myfile17
-rw-r--r--   3 root supergroup 1073741824 2019-02-19 01:34 /myfile18
-rw-r--r--   3 root supergroup 1073741824 2019-02-19 01:34 /myfile19
-rw-r--r--   3 root supergroup 1073741824 2019-02-19 01:34 /myfile2
-rw-r--r--   3 root supergroup 1073741824 2019-02-19 01:34 /myfile20
-rw-r--r--   3 root supergroup 1073741824 2019-02-19 01:34 /myfile3
-rw-r--r--   3 root supergroup 1073741824 2019-02-19 01:34 /myfile4
-rw-r--r--   3 root supergroup 1073741824 2019-02-19 01:34 /myfile5
-rw-r--r--   3 root supergroup 1073741824 2019-02-19 01:34 /myfile6
-rw-r--r--   3 root supergroup 1073741824 2019-02-19 01:34 /myfile7
-rw-r--r--   3 root supergroup 1073741824 2019-02-19 01:34 /myfile8
-rw-r--r--   3 root supergroup 1073741824 2019-02-19 01:34 /myfile9
file 15 has been put into HDFS
file 15 has been read from HDFS for 1 time
diff succeed!
file 15 has been read from HDFS for 2 time
diff succeed!
file 15 has been read from HDFS for 3 time
diff succeed!
file 15 has been read from HDFS for 4 time
diff succeed!
file 15 has been read from HDFS for 5 time
diff succeed!
file 15 has been read from HDFS for 6 time
diff succeed!
file 15 has been read from HDFS for 7 time
diff succeed!
file 15 has been read from HDFS for 8 time
diff succeed!
file 15 has been read from HDFS for 9 time
diff succeed!
file 15 has been read from HDFS for 10 time
diff succeed!
Deleted /myfile15
file 15 has been removed from HDFS
Found 20 items
-rw-r--r--   3 root supergroup 1073741824 2019-02-19 01:39 /myfile1
-rw-r--r--   3 root supergroup 1073741824 2019-02-19 01:38 /myfile10
-rw-r--r--   3 root supergroup 1073741824 2019-02-19 01:34 /myfile11
-rw-r--r--   3 root supergroup 1073741824 2019-02-19 01:39 /myfile12
-rw-r--r--   3 root supergroup 1073741824 2019-02-19 01:34 /myfile13
-rw-r--r--   3 root supergroup 1073741824 2019-02-19 01:39 /myfile14
-rw-r--r--   3 root supergroup 1073741824 2019-02-19 01:39 /myfile15
-rw-r--r--   3 root supergroup 1073741824 2019-02-19 01:39 /myfile16
-rw-r--r--   3 root supergroup 1073741824 2019-02-19 01:39 /myfile17
-rw-r--r--   3 root supergroup 1073741824 2019-02-19 01:34 /myfile18
-rw-r--r--   3 root supergroup 1073741824 2019-02-19 01:39 /myfile19
-rw-r--r--   3 root supergroup 1073741824 2019-02-19 01:39 /myfile2
-rw-r--r--   3 root supergroup 1073741824 2019-02-19 01:38 /myfile20
-rw-r--r--   3 root supergroup 1073741824 2019-02-19 01:39 /myfile3
-rw-r--r--   3 root supergroup 1073741824 2019-02-19 01:39 /myfile4
-rw-r--r--   3 root supergroup 1073741824 2019-02-19 01:39 /myfile5
-rw-r--r--   3 root supergroup 1073741824 2019-02-19 01:39 /myfile6
-rw-r--r--   3 root supergroup 1073741824 2019-02-19 01:34 /myfile7
-rw-r--r--   3 root supergroup 1073741824 2019-02-19 01:39 /myfile8
-rw-r--r--   3 root supergroup 1073741824 2019-02-19 01:39 /myfile9
file 15 has been put into HDFS
file 15 has been read from HDFS for 1 time
diff succeed!
file 15 has been read from HDFS for 2 time
diff succeed!
file 15 has been read from HDFS for 3 time
diff succeed!
file 15 has been read from HDFS for 4 time
diff succeed!
file 15 has been read from HDFS for 5 time
diff succeed!
file 15 has been read from HDFS for 6 time
diff succeed!
file 15 has been read from HDFS for 7 time
diff succeed!
file 15 has been read from HDFS for 8 time
diff succeed!
file 15 has been read from HDFS for 9 time
diff succeed!
file 15 has been read from HDFS for 10 time
diff succeed!
Deleted /myfile15
file 15 has been removed from HDFS
Found 20 items
-rw-r--r--   3 root supergroup  939524096 2019-02-19 01:42 /myfile1._COPYING_
-rw-r--r--   3 root supergroup 1073741824 2019-02-19 01:43 /myfile10
-rw-r--r--   3 root supergroup 1073741824 2019-02-19 01:40 /myfile11
-rw-r--r--   3 root supergroup  939524096 2019-02-19 01:43 /myfile12._COPYING_
-rw-r--r--   3 root supergroup 1073741824 2019-02-19 01:40 /myfile13
-rw-r--r--   3 root supergroup 1073741824 2019-02-19 01:43 /myfile14
-rw-r--r--   3 root supergroup 1073741824 2019-02-19 01:43 /myfile15
-rw-r--r--   3 root supergroup 1073741824 2019-02-19 01:43 /myfile16
-rw-r--r--   3 root supergroup 1073741824 2019-02-19 01:43 /myfile17
-rw-r--r--   3 root supergroup          0 2019-02-19 01:43 /myfile18._COPYING_
-rw-r--r--   3 root supergroup 1073741824 2019-02-19 01:43 /myfile19
-rw-r--r--   3 root supergroup 1073741824 2019-02-19 01:43 /myfile2
-rw-r--r--   3 root supergroup 1073741824 2019-02-19 01:43 /myfile20
-rw-r--r--   3 root supergroup 1073741824 2019-02-19 01:43 /myfile3
-rw-r--r--   3 root supergroup  939524096 2019-02-19 01:42 /myfile4._COPYING_
-rw-r--r--   3 root supergroup 1073741824 2019-02-19 01:43 /myfile5
-rw-r--r--   3 root supergroup 1073741824 2019-02-19 01:43 /myfile6
-rw-r--r--   3 root supergroup  536870912 2019-02-19 01:43 /myfile7._COPYING_
-rw-r--r--   3 root supergroup  939524096 2019-02-19 01:43 /myfile8._COPYING_
-rw-r--r--   3 root supergroup 1073741824 2019-02-19 01:43 /myfile9
file 15 has been put into HDFS
file 15 has been read from HDFS for 1 time
diff succeed!
file 15 has been read from HDFS for 2 time
diff succeed!
file 15 has been read from HDFS for 3 time
diff succeed!
file 15 has been read from HDFS for 4 time
diff succeed!
file 15 has been read from HDFS for 5 time
diff succeed!
file 15 has been read from HDFS for 6 time
diff succeed!
file 15 has been read from HDFS for 7 time
diff succeed!
file 15 has been read from HDFS for 8 time
diff succeed!
file 15 has been read from HDFS for 9 time
diff succeed!
file 15 has been read from HDFS for 10 time
diff succeed!
Deleted /myfile15
file 15 has been removed from HDFS
Found 19 items
-rw-r--r--   3 root supergroup  805306368 2019-02-19 01:48 /myfile1._COPYING_
-rw-r--r--   3 root supergroup 1073741824 2019-02-19 01:48 /myfile10
-rw-r--r--   3 root supergroup  671088640 2019-02-19 01:48 /myfile11._COPYING_
-rw-r--r--   3 root supergroup 1073741824 2019-02-19 01:48 /myfile12
-rw-r--r--   3 root supergroup 1073741824 2019-02-19 01:48 /myfile14
-rw-r--r--   3 root supergroup 1073741824 2019-02-19 01:48 /myfile15
-rw-r--r--   3 root supergroup 1073741824 2019-02-19 01:48 /myfile16
-rw-r--r--   3 root supergroup 1073741824 2019-02-19 01:48 /myfile17
-rw-r--r--   3 root supergroup  536870912 2019-02-19 01:48 /myfile18._COPYING_
-rw-r--r--   3 root supergroup  939524096 2019-02-19 01:47 /myfile19._COPYING_
-rw-r--r--   3 root supergroup 1073741824 2019-02-19 01:48 /myfile2
-rw-r--r--   3 root supergroup  805306368 2019-02-19 01:48 /myfile20._COPYING_
-rw-r--r--   3 root supergroup 1073741824 2019-02-19 01:48 /myfile3
-rw-r--r--   3 root supergroup 1073741824 2019-02-19 01:48 /myfile4
-rw-r--r--   3 root supergroup 1073741824 2019-02-19 01:48 /myfile5
-rw-r--r--   3 root supergroup 1073741824 2019-02-19 01:48 /myfile6
-rw-r--r--   3 root supergroup 1073741824 2019-02-19 01:48 /myfile7
-rw-r--r--   3 root supergroup 1073741824 2019-02-19 01:48 /myfile8
-rw-r--r--   3 root supergroup 1073741824 2019-02-19 01:48 /myfile9
file 15 has been put into HDFS
file 15 has been read from HDFS for 1 time
diff succeed!
file 15 has been read from HDFS for 2 time
diff succeed!
file 15 has been read from HDFS for 3 time
diff succeed!
file 15 has been read from HDFS for 4 time
diff succeed!
file 15 has been read from HDFS for 5 time
diff succeed!
file 15 has been read from HDFS for 6 time
diff succeed!
file 15 has been read from HDFS for 7 time
diff succeed!
file 15 has been read from HDFS for 8 time
diff succeed!
file 15 has been read from HDFS for 9 time
diff succeed!
file 15 has been read from HDFS for 10 time
diff succeed!
Deleted /myfile15
file 15 has been removed from HDFS
Found 20 items
-rw-r--r--   3 root supergroup 1073741824 2019-02-19 01:53 /myfile1
-rw-r--r--   3 root supergroup 1073741824 2019-02-19 01:53 /myfile10
-rw-r--r--   3 root supergroup 1073741824 2019-02-19 01:53 /myfile11
-rw-r--r--   3 root supergroup 1073741824 2019-02-19 01:54 /myfile12
-rw-r--r--   3 root supergroup 1073741824 2019-02-19 01:54 /myfile13
-rw-r--r--   3 root supergroup 1073741824 2019-02-19 01:53 /myfile14
-rw-r--r--   3 root supergroup 1073741824 2019-02-19 01:54 /myfile15
-rw-r--r--   3 root supergroup 1073741824 2019-02-19 01:54 /myfile16
-rw-r--r--   3 root supergroup 1073741824 2019-02-19 01:54 /myfile17
-rw-r--r--   3 root supergroup 1073741824 2019-02-19 01:53 /myfile18
-rw-r--r--   3 root supergroup 1073741824 2019-02-19 01:54 /myfile19
-rw-r--r--   3 root supergroup 1073741824 2019-02-19 01:53 /myfile2
-rw-r--r--   3 root supergroup 1073741824 2019-02-19 01:54 /myfile20
-rw-r--r--   3 root supergroup 1073741824 2019-02-19 01:53 /myfile3
-rw-r--r--   3 root supergroup 1073741824 2019-02-19 01:54 /myfile4
-rw-r--r--   3 root supergroup 1073741824 2019-02-19 01:53 /myfile5
-rw-r--r--   3 root supergroup 1073741824 2019-02-19 01:53 /myfile6
-rw-r--r--   3 root supergroup 1073741824 2019-02-19 01:54 /myfile7
-rw-r--r--   3 root supergroup 1073741824 2019-02-19 01:53 /myfile8
-rw-r--r--   3 root supergroup 1073741824 2019-02-19 01:53 /myfile9
file 15 has been put into HDFS
file 15 has been read from HDFS for 1 time
diff succeed!
file 15 has been read from HDFS for 2 time
diff succeed!
file 15 has been read from HDFS for 3 time
diff succeed!
file 15 has been read from HDFS for 4 time
diff succeed!
file 15 has been read from HDFS for 5 time
diff succeed!
file 15 has been read from HDFS for 6 time
diff succeed!
file 15 has been read from HDFS for 7 time
diff succeed!
file 15 has been read from HDFS for 8 time
diff succeed!
file 15 has been read from HDFS for 9 time
diff succeed!
file 15 has been read from HDFS for 10 time
diff succeed!
Deleted /myfile15
file 15 has been removed from HDFS
Found 20 items
-rw-r--r--   3 root supergroup 1073741824 2019-02-19 01:58 /myfile1
-rw-r--r--   3 root supergroup 1073741824 2019-02-19 01:58 /myfile10
-rw-r--r--   3 root supergroup 1073741824 2019-02-19 01:58 /myfile11
-rw-r--r--   3 root supergroup 1073741824 2019-02-19 01:58 /myfile12
-rw-r--r--   3 root supergroup 1073741824 2019-02-19 01:58 /myfile13
-rw-r--r--   3 root supergroup 1073741824 2019-02-19 01:58 /myfile14
-rw-r--r--   3 root supergroup 1073741824 2019-02-19 01:58 /myfile15
-rw-r--r--   3 root supergroup 1073741824 2019-02-19 01:58 /myfile16
-rw-r--r--   3 root supergroup 1073741824 2019-02-19 01:58 /myfile17
-rw-r--r--   3 root supergroup 1073741824 2019-02-19 01:58 /myfile18
-rw-r--r--   3 root supergroup 1073741824 2019-02-19 01:58 /myfile19
-rw-r--r--   3 root supergroup 1073741824 2019-02-19 01:58 /myfile2
-rw-r--r--   3 root supergroup 1073741824 2019-02-19 01:58 /myfile20
-rw-r--r--   3 root supergroup 1073741824 2019-02-19 01:58 /myfile3
-rw-r--r--   3 root supergroup 1073741824 2019-02-19 01:58 /myfile4
-rw-r--r--   3 root supergroup 1073741824 2019-02-19 01:58 /myfile5
-rw-r--r--   3 root supergroup 1073741824 2019-02-19 01:58 /myfile6
-rw-r--r--   3 root supergroup 1073741824 2019-02-19 01:58 /myfile7
-rw-r--r--   3 root supergroup 1073741824 2019-02-19 01:58 /myfile8
-rw-r--r--   3 root supergroup 1073741824 2019-02-19 01:58 /myfile9
file 15 has been put into HDFS
file 15 has been read from HDFS for 1 time
diff succeed!
file 15 has been read from HDFS for 2 time
diff succeed!
file 15 has been read from HDFS for 3 time
diff succeed!
file 15 has been read from HDFS for 4 time
diff succeed!
file 15 has been read from HDFS for 5 time
diff succeed!
file 15 has been read from HDFS for 6 time
diff succeed!
file 15 has been read from HDFS for 7 time
diff succeed!
file 15 has been read from HDFS for 8 time
diff succeed!
file 15 has been read from HDFS for 9 time
diff succeed!
file 15 has been read from HDFS for 10 time
diff succeed!
Deleted /myfile15
file 15 has been removed from HDFS
Found 20 items
-rw-r--r--   3 root supergroup 1073741824 2019-02-19 02:03 /myfile1
-rw-r--r--   3 root supergroup 1073741824 2019-02-19 02:03 /myfile10
-rw-r--r--   3 root supergroup 1073741824 2019-02-19 02:03 /myfile11
-rw-r--r--   3 root supergroup 1073741824 2019-02-19 02:03 /myfile12
-rw-r--r--   3 root supergroup 1073741824 2019-02-19 02:03 /myfile13
-rw-r--r--   3 root supergroup 1073741824 2019-02-19 02:03 /myfile14
-rw-r--r--   3 root supergroup 1073741824 2019-02-19 02:03 /myfile15
-rw-r--r--   3 root supergroup 1073741824 2019-02-19 02:03 /myfile16
-rw-r--r--   3 root supergroup 1073741824 2019-02-19 02:03 /myfile17
-rw-r--r--   3 root supergroup 1073741824 2019-02-19 02:03 /myfile18
-rw-r--r--   3 root supergroup 1073741824 2019-02-19 02:03 /myfile19
-rw-r--r--   3 root supergroup 1073741824 2019-02-19 02:02 /myfile2
-rw-r--r--   3 root supergroup 1073741824 2019-02-19 02:03 /myfile20
-rw-r--r--   3 root supergroup 1073741824 2019-02-19 02:03 /myfile3
-rw-r--r--   3 root supergroup 1073741824 2019-02-19 02:03 /myfile4
-rw-r--r--   3 root supergroup 1073741824 2019-02-19 02:03 /myfile5
-rw-r--r--   3 root supergroup 1073741824 2019-02-19 02:03 /myfile6
-rw-r--r--   3 root supergroup 1073741824 2019-02-19 02:03 /myfile7
-rw-r--r--   3 root supergroup 1073741824 2019-02-19 02:03 /myfile8
-rw-r--r--   3 root supergroup 1073741824 2019-02-19 02:03 /myfile9
file 15 has been put into HDFS
file 15 has been read from HDFS for 1 time
diff succeed!
file 15 has been read from HDFS for 2 time
diff succeed!
file 15 has been read from HDFS for 3 time
diff succeed!
file 15 has been read from HDFS for 4 time
diff succeed!
file 15 has been read from HDFS for 5 time
diff succeed!
file 15 has been read from HDFS for 6 time
diff succeed!
file 15 has been read from HDFS for 7 time
diff succeed!
file 15 has been read from HDFS for 8 time
diff succeed!
file 15 has been read from HDFS for 9 time
diff succeed!
file 15 has been read from HDFS for 10 time
diff succeed!
Deleted /myfile15
file 15 has been removed from HDFS
Found 20 items
-rw-r--r--   3 root supergroup 1073741824 2019-02-19 02:07 /myfile1
-rw-r--r--   3 root supergroup 1073741824 2019-02-19 02:07 /myfile10
-rw-r--r--   3 root supergroup 1073741824 2019-02-19 02:07 /myfile11
-rw-r--r--   3 root supergroup 1073741824 2019-02-19 02:07 /myfile12
-rw-r--r--   3 root supergroup 1073741824 2019-02-19 02:07 /myfile13
-rw-r--r--   3 root supergroup 1073741824 2019-02-19 02:07 /myfile14
-rw-r--r--   3 root supergroup 1073741824 2019-02-19 02:07 /myfile15
-rw-r--r--   3 root supergroup 1073741824 2019-02-19 02:07 /myfile16
-rw-r--r--   3 root supergroup 1073741824 2019-02-19 02:07 /myfile17
-rw-r--r--   3 root supergroup 1073741824 2019-02-19 02:07 /myfile18
-rw-r--r--   3 root supergroup 1073741824 2019-02-19 02:07 /myfile19
-rw-r--r--   3 root supergroup 1073741824 2019-02-19 02:06 /myfile2
-rw-r--r--   3 root supergroup 1073741824 2019-02-19 02:07 /myfile20
-rw-r--r--   3 root supergroup 1073741824 2019-02-19 02:07 /myfile3
-rw-r--r--   3 root supergroup 1073741824 2019-02-19 02:07 /myfile4
-rw-r--r--   3 root supergroup 1073741824 2019-02-19 02:07 /myfile5
-rw-r--r--   3 root supergroup 1073741824 2019-02-19 02:07 /myfile6
-rw-r--r--   3 root supergroup 1073741824 2019-02-19 02:07 /myfile7
-rw-r--r--   3 root supergroup 1073741824 2019-02-19 02:07 /myfile8
-rw-r--r--   3 root supergroup 1073741824 2019-02-19 02:07 /myfile9
file 15 has been put into HDFS
file 15 has been read from HDFS for 1 time
diff succeed!
file 15 has been read from HDFS for 2 time
diff succeed!
file 15 has been read from HDFS for 3 time
diff succeed!
file 15 has been read from HDFS for 4 time
diff succeed!
file 15 has been read from HDFS for 5 time
diff succeed!
file 15 has been read from HDFS for 6 time
diff succeed!
file 15 has been read from HDFS for 7 time
diff succeed!
file 15 has been read from HDFS for 8 time
diff succeed!
file 15 has been read from HDFS for 9 time
diff succeed!
2019-02-19 02:11:09,277 INFO retry.RetryInvocationHandler: org.apache.hadoop.ipc.RemoteException(org.apache.hadoop.ipc.StandbyException): Operation category READ is not supported in state standby. Visit https://s.apache.org/sbnn-error
	at org.apache.hadoop.hdfs.server.namenode.ha.StandbyState.checkOperation(StandbyState.java:88)
	at org.apache.hadoop.hdfs.server.namenode.NameNode$NameNodeHAContext.checkOperation(NameNode.java:1952)
	at org.apache.hadoop.hdfs.server.namenode.FSNamesystem.checkOperation(FSNamesystem.java:1423)
	at org.apache.hadoop.hdfs.server.namenode.FSNamesystem.getFileInfo(FSNamesystem.java:3085)
	at org.apache.hadoop.hdfs.server.namenode.NameNodeRpcServer.getFileInfo(NameNodeRpcServer.java:1154)
	at org.apache.hadoop.hdfs.protocolPB.ClientNamenodeProtocolServerSideTranslatorPB.getFileInfo(ClientNamenodeProtocolServerSideTranslatorPB.java:966)
	at org.apache.hadoop.hdfs.protocol.proto.ClientNamenodeProtocolProtos$ClientNamenodeProtocol$2.callBlockingMethod(ClientNamenodeProtocolProtos.java)
	at org.apache.hadoop.ipc.ProtobufRpcEngine$Server$ProtoBufRpcInvoker.call(ProtobufRpcEngine.java:523)
	at org.apache.hadoop.ipc.RPC$Server.call(RPC.java:991)
	at org.apache.hadoop.ipc.Server$RpcCall.run(Server.java:872)
	at org.apache.hadoop.ipc.Server$RpcCall.run(Server.java:818)
	at java.security.AccessController.doPrivileged(Native Method)
	at javax.security.auth.Subject.doAs(Subject.java:422)
	at org.apache.hadoop.security.UserGroupInformation.doAs(UserGroupInformation.java:1729)
	at org.apache.hadoop.ipc.Server$Handler.run(Server.java:2678)
, while invoking ClientNamenodeProtocolTranslatorPB.getFileInfo over node-1-link-0/10.10.1.4:8020 after 1 failover attempts. Trying to failover after sleeping for 1487ms.
2019-02-19 02:11:10,767 INFO retry.RetryInvocationHandler: java.net.ConnectException: Call From clnode090.clemson.cloudlab.us/130.127.133.99 to node-0-link-0:8020 failed on connection exception: java.net.ConnectException: Connection refused; For more details see:  http://wiki.apache.org/hadoop/ConnectionRefused, while invoking ClientNamenodeProtocolTranslatorPB.getFileInfo over node-0-link-0/10.10.1.1:8020 after 2 failover attempts. Trying to failover after sleeping for 1504ms.
file 15 has been read from HDFS for 10 time
diff succeed!
2019-02-19 02:11:28,746 INFO retry.RetryInvocationHandler: org.apache.hadoop.ipc.RemoteException(org.apache.hadoop.ipc.RetriableException): org.apache.hadoop.hdfs.server.namenode.SafeModeException: Cannot delete /myfile15. Name node is in safe mode.
The reported blocks 152 has reached the threshold 0.9990 of total blocks 152. The number of live datanodes 3 has reached the minimum number 0. In safe mode extension. Safe mode will be turned off automatically in 11 seconds. NamenodeHostName:node-1-link-0
	at org.apache.hadoop.hdfs.server.namenode.FSNamesystem.checkNameNodeSafeMode(FSNamesystem.java:1441)
	at org.apache.hadoop.hdfs.server.namenode.FSNamesystem.delete(FSNamesystem.java:2986)
	at org.apache.hadoop.hdfs.server.namenode.NameNodeRpcServer.delete(NameNodeRpcServer.java:1095)
	at org.apache.hadoop.hdfs.protocolPB.ClientNamenodeProtocolServerSideTranslatorPB.delete(ClientNamenodeProtocolServerSideTranslatorPB.java:692)
	at org.apache.hadoop.hdfs.protocol.proto.ClientNamenodeProtocolProtos$ClientNamenodeProtocol$2.callBlockingMethod(ClientNamenodeProtocolProtos.java)
	at org.apache.hadoop.ipc.ProtobufRpcEngine$Server$ProtoBufRpcInvoker.call(ProtobufRpcEngine.java:523)
	at org.apache.hadoop.ipc.RPC$Server.call(RPC.java:991)
	at org.apache.hadoop.ipc.Server$RpcCall.run(Server.java:872)
	at org.apache.hadoop.ipc.Server$RpcCall.run(Server.java:818)
	at java.security.AccessController.doPrivileged(Native Method)
	at javax.security.auth.Subject.doAs(Subject.java:422)
	at org.apache.hadoop.security.UserGroupInformation.doAs(UserGroupInformation.java:1729)
	at org.apache.hadoop.ipc.Server$Handler.run(Server.java:2678)
Caused by: org.apache.hadoop.hdfs.server.namenode.SafeModeException: Cannot delete /myfile15. Name node is in safe mode.
The reported blocks 152 has reached the threshold 0.9990 of total blocks 152. The number of live datanodes 3 has reached the minimum number 0. In safe mode extension. Safe mode will be turned off automatically in 11 seconds. NamenodeHostName:node-1-link-0
	at org.apache.hadoop.hdfs.server.namenode.FSNamesystem.newSafemodeException(FSNamesystem.java:1450)
	at org.apache.hadoop.hdfs.server.namenode.FSNamesystem.checkNameNodeSafeMode(FSNamesystem.java:1437)
	... 12 more
, while invoking ClientNamenodeProtocolTranslatorPB.delete over node-1-link-0/10.10.1.4:8020. Retrying immediately.
2019-02-19 02:11:28,748 INFO retry.RetryInvocationHandler: org.apache.hadoop.ipc.RemoteException(org.apache.hadoop.ipc.RetriableException): org.apache.hadoop.hdfs.server.namenode.SafeModeException: Cannot delete /myfile15. Name node is in safe mode.
The reported blocks 152 has reached the threshold 0.9990 of total blocks 152. The number of live datanodes 3 has reached the minimum number 0. In safe mode extension. Safe mode will be turned off automatically in 11 seconds. NamenodeHostName:node-1-link-0
	at org.apache.hadoop.hdfs.server.namenode.FSNamesystem.checkNameNodeSafeMode(FSNamesystem.java:1441)
	at org.apache.hadoop.hdfs.server.namenode.FSNamesystem.delete(FSNamesystem.java:2986)
	at org.apache.hadoop.hdfs.server.namenode.NameNodeRpcServer.delete(NameNodeRpcServer.java:1095)
	at org.apache.hadoop.hdfs.protocolPB.ClientNamenodeProtocolServerSideTranslatorPB.delete(ClientNamenodeProtocolServerSideTranslatorPB.java:692)
	at org.apache.hadoop.hdfs.protocol.proto.ClientNamenodeProtocolProtos$ClientNamenodeProtocol$2.callBlockingMethod(ClientNamenodeProtocolProtos.java)
	at org.apache.hadoop.ipc.ProtobufRpcEngine$Server$ProtoBufRpcInvoker.call(ProtobufRpcEngine.java:523)
	at org.apache.hadoop.ipc.RPC$Server.call(RPC.java:991)
	at org.apache.hadoop.ipc.Server$RpcCall.run(Server.java:872)
	at org.apache.hadoop.ipc.Server$RpcCall.run(Server.java:818)
	at java.security.AccessController.doPrivileged(Native Method)
	at javax.security.auth.Subject.doAs(Subject.java:422)
	at org.apache.hadoop.security.UserGroupInformation.doAs(UserGroupInformation.java:1729)
	at org.apache.hadoop.ipc.Server$Handler.run(Server.java:2678)
Caused by: org.apache.hadoop.hdfs.server.namenode.SafeModeException: Cannot delete /myfile15. Name node is in safe mode.
The reported blocks 152 has reached the threshold 0.9990 of total blocks 152. The number of live datanodes 3 has reached the minimum number 0. In safe mode extension. Safe mode will be turned off automatically in 11 seconds. NamenodeHostName:node-1-link-0
	at org.apache.hadoop.hdfs.server.namenode.FSNamesystem.newSafemodeException(FSNamesystem.java:1450)
	at org.apache.hadoop.hdfs.server.namenode.FSNamesystem.checkNameNodeSafeMode(FSNamesystem.java:1437)
	... 12 more
, while invoking ClientNamenodeProtocolTranslatorPB.delete over node-1-link-0/10.10.1.4:8020. Retrying after sleeping for 512ms.
2019-02-19 02:11:29,263 INFO retry.RetryInvocationHandler: org.apache.hadoop.ipc.RemoteException(org.apache.hadoop.ipc.RetriableException): org.apache.hadoop.hdfs.server.namenode.SafeModeException: Cannot delete /myfile15. Name node is in safe mode.
The reported blocks 152 has reached the threshold 0.9990 of total blocks 152. The number of live datanodes 3 has reached the minimum number 0. In safe mode extension. Safe mode will be turned off automatically in 10 seconds. NamenodeHostName:node-1-link-0
	at org.apache.hadoop.hdfs.server.namenode.FSNamesystem.checkNameNodeSafeMode(FSNamesystem.java:1441)
	at org.apache.hadoop.hdfs.server.namenode.FSNamesystem.delete(FSNamesystem.java:2986)
	at org.apache.hadoop.hdfs.server.namenode.NameNodeRpcServer.delete(NameNodeRpcServer.java:1095)
	at org.apache.hadoop.hdfs.protocolPB.ClientNamenodeProtocolServerSideTranslatorPB.delete(ClientNamenodeProtocolServerSideTranslatorPB.java:692)
	at org.apache.hadoop.hdfs.protocol.proto.ClientNamenodeProtocolProtos$ClientNamenodeProtocol$2.callBlockingMethod(ClientNamenodeProtocolProtos.java)
	at org.apache.hadoop.ipc.ProtobufRpcEngine$Server$ProtoBufRpcInvoker.call(ProtobufRpcEngine.java:523)
	at org.apache.hadoop.ipc.RPC$Server.call(RPC.java:991)
	at org.apache.hadoop.ipc.Server$RpcCall.run(Server.java:872)
	at org.apache.hadoop.ipc.Server$RpcCall.run(Server.java:818)
	at java.security.AccessController.doPrivileged(Native Method)
	at javax.security.auth.Subject.doAs(Subject.java:422)
	at org.apache.hadoop.security.UserGroupInformation.doAs(UserGroupInformation.java:1729)
	at org.apache.hadoop.ipc.Server$Handler.run(Server.java:2678)
Caused by: org.apache.hadoop.hdfs.server.namenode.SafeModeException: Cannot delete /myfile15. Name node is in safe mode.
The reported blocks 152 has reached the threshold 0.9990 of total blocks 152. The number of live datanodes 3 has reached the minimum number 0. In safe mode extension. Safe mode will be turned off automatically in 10 seconds. NamenodeHostName:node-1-link-0
	at org.apache.hadoop.hdfs.server.namenode.FSNamesystem.newSafemodeException(FSNamesystem.java:1450)
	at org.apache.hadoop.hdfs.server.namenode.FSNamesystem.checkNameNodeSafeMode(FSNamesystem.java:1437)
	... 12 more
, while invoking ClientNamenodeProtocolTranslatorPB.delete over node-1-link-0/10.10.1.4:8020. Retrying after sleeping for 1208ms.
2019-02-19 02:11:30,473 INFO retry.RetryInvocationHandler: org.apache.hadoop.ipc.RemoteException(org.apache.hadoop.ipc.RetriableException): org.apache.hadoop.hdfs.server.namenode.SafeModeException: Cannot delete /myfile15. Name node is in safe mode.
The reported blocks 152 has reached the threshold 0.9990 of total blocks 152. The number of live datanodes 3 has reached the minimum number 0. In safe mode extension. Safe mode will be turned off automatically in 9 seconds. NamenodeHostName:node-1-link-0
	at org.apache.hadoop.hdfs.server.namenode.FSNamesystem.checkNameNodeSafeMode(FSNamesystem.java:1441)
	at org.apache.hadoop.hdfs.server.namenode.FSNamesystem.delete(FSNamesystem.java:2986)
	at org.apache.hadoop.hdfs.server.namenode.NameNodeRpcServer.delete(NameNodeRpcServer.java:1095)
	at org.apache.hadoop.hdfs.protocolPB.ClientNamenodeProtocolServerSideTranslatorPB.delete(ClientNamenodeProtocolServerSideTranslatorPB.java:692)
	at org.apache.hadoop.hdfs.protocol.proto.ClientNamenodeProtocolProtos$ClientNamenodeProtocol$2.callBlockingMethod(ClientNamenodeProtocolProtos.java)
	at org.apache.hadoop.ipc.ProtobufRpcEngine$Server$ProtoBufRpcInvoker.call(ProtobufRpcEngine.java:523)
	at org.apache.hadoop.ipc.RPC$Server.call(RPC.java:991)
	at org.apache.hadoop.ipc.Server$RpcCall.run(Server.java:872)
	at org.apache.hadoop.ipc.Server$RpcCall.run(Server.java:818)
	at java.security.AccessController.doPrivileged(Native Method)
	at javax.security.auth.Subject.doAs(Subject.java:422)
	at org.apache.hadoop.security.UserGroupInformation.doAs(UserGroupInformation.java:1729)
	at org.apache.hadoop.ipc.Server$Handler.run(Server.java:2678)
Caused by: org.apache.hadoop.hdfs.server.namenode.SafeModeException: Cannot delete /myfile15. Name node is in safe mode.
The reported blocks 152 has reached the threshold 0.9990 of total blocks 152. The number of live datanodes 3 has reached the minimum number 0. In safe mode extension. Safe mode will be turned off automatically in 9 seconds. NamenodeHostName:node-1-link-0
	at org.apache.hadoop.hdfs.server.namenode.FSNamesystem.newSafemodeException(FSNamesystem.java:1450)
	at org.apache.hadoop.hdfs.server.namenode.FSNamesystem.checkNameNodeSafeMode(FSNamesystem.java:1437)
	... 12 more
, while invoking ClientNamenodeProtocolTranslatorPB.delete over node-1-link-0/10.10.1.4:8020. Retrying after sleeping for 2685ms.
2019-02-19 02:11:33,161 INFO retry.RetryInvocationHandler: org.apache.hadoop.ipc.RemoteException(org.apache.hadoop.ipc.RetriableException): org.apache.hadoop.hdfs.server.namenode.SafeModeException: Cannot delete /myfile15. Name node is in safe mode.
The reported blocks 152 has reached the threshold 0.9990 of total blocks 152. The number of live datanodes 3 has reached the minimum number 0. In safe mode extension. Safe mode will be turned off automatically in 6 seconds. NamenodeHostName:node-1-link-0
	at org.apache.hadoop.hdfs.server.namenode.FSNamesystem.checkNameNodeSafeMode(FSNamesystem.java:1441)
	at org.apache.hadoop.hdfs.server.namenode.FSNamesystem.delete(FSNamesystem.java:2986)
	at org.apache.hadoop.hdfs.server.namenode.NameNodeRpcServer.delete(NameNodeRpcServer.java:1095)
	at org.apache.hadoop.hdfs.protocolPB.ClientNamenodeProtocolServerSideTranslatorPB.delete(ClientNamenodeProtocolServerSideTranslatorPB.java:692)
	at org.apache.hadoop.hdfs.protocol.proto.ClientNamenodeProtocolProtos$ClientNamenodeProtocol$2.callBlockingMethod(ClientNamenodeProtocolProtos.java)
	at org.apache.hadoop.ipc.ProtobufRpcEngine$Server$ProtoBufRpcInvoker.call(ProtobufRpcEngine.java:523)
	at org.apache.hadoop.ipc.RPC$Server.call(RPC.java:991)
	at org.apache.hadoop.ipc.Server$RpcCall.run(Server.java:872)
	at org.apache.hadoop.ipc.Server$RpcCall.run(Server.java:818)
	at java.security.AccessController.doPrivileged(Native Method)
	at javax.security.auth.Subject.doAs(Subject.java:422)
	at org.apache.hadoop.security.UserGroupInformation.doAs(UserGroupInformation.java:1729)
	at org.apache.hadoop.ipc.Server$Handler.run(Server.java:2678)
Caused by: org.apache.hadoop.hdfs.server.namenode.SafeModeException: Cannot delete /myfile15. Name node is in safe mode.
The reported blocks 152 has reached the threshold 0.9990 of total blocks 152. The number of live datanodes 3 has reached the minimum number 0. In safe mode extension. Safe mode will be turned off automatically in 6 seconds. NamenodeHostName:node-1-link-0
	at org.apache.hadoop.hdfs.server.namenode.FSNamesystem.newSafemodeException(FSNamesystem.java:1450)
	at org.apache.hadoop.hdfs.server.namenode.FSNamesystem.checkNameNodeSafeMode(FSNamesystem.java:1437)
	... 12 more
, while invoking ClientNamenodeProtocolTranslatorPB.delete over node-1-link-0/10.10.1.4:8020. Retrying after sleeping for 9250ms.
Deleted /myfile15
file 15 has been removed from HDFS
Found 19 items
-rw-r--r--   3 root supergroup  939524096 2019-02-19 02:11 /myfile1._COPYING_
-rw-r--r--   3 root supergroup  402653184 2019-02-19 02:12 /myfile10._COPYING_
-rw-r--r--   3 root supergroup 1073741824 2019-02-19 02:12 /myfile11
-rw-r--r--   3 root supergroup  671088640 2019-02-19 02:12 /myfile12._COPYING_
-rw-r--r--   3 root supergroup 1073741824 2019-02-19 02:11 /myfile13
-rw-r--r--   3 root supergroup 1073741824 2019-02-19 02:12 /myfile15
-rw-r--r--   3 root supergroup  536870912 2019-02-19 02:12 /myfile16._COPYING_
-rw-r--r--   3 root supergroup 1073741824 2019-02-19 02:12 /myfile17
-rw-r--r--   3 root supergroup 1073741824 2019-02-19 02:12 /myfile18
-rw-r--r--   3 root supergroup  805306368 2019-02-19 02:12 /myfile19._COPYING_
-rw-r--r--   3 root supergroup 1073741824 2019-02-19 02:10 /myfile2
-rw-r--r--   3 root supergroup  268435456 2019-02-19 02:12 /myfile20._COPYING_
-rw-r--r--   3 root supergroup 1073741824 2019-02-19 02:12 /myfile3
-rw-r--r--   3 root supergroup 1073741824 2019-02-19 02:10 /myfile4
-rw-r--r--   3 root supergroup 1073741824 2019-02-19 02:12 /myfile5
-rw-r--r--   3 root supergroup  536870912 2019-02-19 02:12 /myfile6._COPYING_
-rw-r--r--   3 root supergroup 1073741824 2019-02-19 02:11 /myfile7
-rw-r--r--   3 root supergroup  671088640 2019-02-19 02:12 /myfile8._COPYING_
-rw-r--r--   3 root supergroup 1073741824 2019-02-19 02:12 /myfile9
file 15 has been put into HDFS
file 15 has been read from HDFS for 1 time
diff succeed!
file 15 has been read from HDFS for 2 time
diff succeed!
file 15 has been read from HDFS for 3 time
diff succeed!
file 15 has been read from HDFS for 4 time
diff succeed!
file 15 has been read from HDFS for 5 time
diff succeed!
file 15 has been read from HDFS for 6 time
diff succeed!
file 15 has been read from HDFS for 7 time
diff succeed!
file 15 has been read from HDFS for 8 time
diff succeed!
file 15 has been read from HDFS for 9 time
diff succeed!
file 15 has been read from HDFS for 10 time
diff succeed!
Deleted /myfile15
file 15 has been removed from HDFS
Found 17 items
-rw-r--r--   3 root supergroup  671088640 2019-02-19 02:15 /myfile1._COPYING_
-rw-r--r--   3 root supergroup 1073741824 2019-02-19 02:15 /myfile10
-rw-r--r--   3 root supergroup 1073741824 2019-02-19 02:15 /myfile12
-rw-r--r--   3 root supergroup 1073741824 2019-02-19 02:15 /myfile13
-rw-r--r--   3 root supergroup 1073741824 2019-02-19 02:15 /myfile14
-rw-r--r--   3 root supergroup 1073741824 2019-02-19 02:15 /myfile15
-rw-r--r--   3 root supergroup  805306368 2019-02-19 02:15 /myfile17._COPYING_
-rw-r--r--   3 root supergroup 1073741824 2019-02-19 02:15 /myfile18
-rw-r--r--   3 root supergroup  805306368 2019-02-19 02:15 /myfile19._COPYING_
-rw-r--r--   3 root supergroup 1073741824 2019-02-19 02:14 /myfile2
-rw-r--r--   3 root supergroup 1073741824 2019-02-19 02:15 /myfile20
-rw-r--r--   3 root supergroup 1073741824 2019-02-19 02:15 /myfile3
-rw-r--r--   3 root supergroup 1073741824 2019-02-19 02:15 /myfile4
-rw-r--r--   3 root supergroup  536870912 2019-02-19 02:15 /myfile5._COPYING_
-rw-r--r--   3 root supergroup 1073741824 2019-02-19 02:15 /myfile7
-rw-r--r--   3 root supergroup 1073741824 2019-02-19 02:15 /myfile8
-rw-r--r--   3 root supergroup 1073741824 2019-02-19 02:15 /myfile9
file 15 has been put into HDFS
file 15 has been read from HDFS for 1 time
diff succeed!
file 15 has been read from HDFS for 2 time
diff succeed!
file 15 has been read from HDFS for 3 time
diff succeed!
file 15 has been read from HDFS for 4 time
diff succeed!
file 15 has been read from HDFS for 5 time
diff succeed!
file 15 has been read from HDFS for 6 time
diff succeed!
file 15 has been read from HDFS for 7 time
diff succeed!
file 15 has been read from HDFS for 8 time
diff succeed!
file 15 has been read from HDFS for 9 time
diff succeed!
file 15 has been read from HDFS for 10 time
diff succeed!
Deleted /myfile15
file 15 has been removed from HDFS
Found 18 items
-rw-r--r--   3 root supergroup 1073741824 2019-02-19 02:19 /myfile1
-rw-r--r--   3 root supergroup 1073741824 2019-02-19 02:19 /myfile10
-rw-r--r--   3 root supergroup 1073741824 2019-02-19 02:16 /myfile11
-rw-r--r--   3 root supergroup 1073741824 2019-02-19 02:19 /myfile12
-rw-r--r--   3 root supergroup 1073741824 2019-02-19 02:19 /myfile13
-rw-r--r--   3 root supergroup 1073741824 2019-02-19 02:19 /myfile14
-rw-r--r--   3 root supergroup 1073741824 2019-02-19 02:19 /myfile15
-rw-r--r--   3 root supergroup 1073741824 2019-02-19 02:19 /myfile16
-rw-r--r--   3 root supergroup 1073741824 2019-02-19 02:19 /myfile18
-rw-r--r--   3 root supergroup 1073741824 2019-02-19 02:19 /myfile19
-rw-r--r--   3 root supergroup 1073741824 2019-02-19 02:18 /myfile2
-rw-r--r--   3 root supergroup 1073741824 2019-02-19 02:19 /myfile20
-rw-r--r--   3 root supergroup 1073741824 2019-02-19 02:19 /myfile3
-rw-r--r--   3 root supergroup 1073741824 2019-02-19 02:18 /myfile4
-rw-r--r--   3 root supergroup 1073741824 2019-02-19 02:19 /myfile5
-rw-r--r--   3 root supergroup 1073741824 2019-02-19 02:19 /myfile7
-rw-r--r--   3 root supergroup 1073741824 2019-02-19 02:19 /myfile8
-rw-r--r--   3 root supergroup 1073741824 2019-02-19 02:19 /myfile9
file 15 has been put into HDFS
file 15 has been read from HDFS for 1 time
diff succeed!
file 15 has been read from HDFS for 2 time
diff succeed!
file 15 has been read from HDFS for 3 time
diff succeed!
file 15 has been read from HDFS for 4 time
diff succeed!
file 15 has been read from HDFS for 5 time
diff succeed!
file 15 has been read from HDFS for 6 time
diff succeed!
file 15 has been read from HDFS for 7 time
diff succeed!
file 15 has been read from HDFS for 8 time
diff succeed!
file 15 has been read from HDFS for 9 time
diff succeed!
file 15 has been read from HDFS for 10 time
diff succeed!
Deleted /myfile15
file 15 has been removed from HDFS
Found 19 items
-rw-r--r--   3 root supergroup  939524096 2019-02-19 02:23 /myfile1._COPYING_
-rw-r--r--   3 root supergroup  805306368 2019-02-19 02:23 /myfile10._COPYING_
-rw-r--r--   3 root supergroup 1073741824 2019-02-19 02:20 /myfile11
-rw-r--r--   3 root supergroup 1073741824 2019-02-19 02:23 /myfile12
-rw-r--r--   3 root supergroup 1073741824 2019-02-19 02:22 /myfile13
-rw-r--r--   3 root supergroup 1073741824 2019-02-19 02:23 /myfile14
-rw-r--r--   3 root supergroup 1073741824 2019-02-19 02:23 /myfile15
-rw-r--r--   3 root supergroup  939524096 2019-02-19 02:23 /myfile16._COPYING_
-rw-r--r--   3 root supergroup  402653184 2019-02-19 02:23 /myfile17._COPYING_
-rw-r--r--   3 root supergroup 1073741824 2019-02-19 02:23 /myfile18
-rw-r--r--   3 root supergroup 1073741824 2019-02-19 02:23 /myfile19
-rw-r--r--   3 root supergroup 1073741824 2019-02-19 02:22 /myfile2
-rw-r--r--   3 root supergroup 1073741824 2019-02-19 02:23 /myfile20
-rw-r--r--   3 root supergroup 1073741824 2019-02-19 02:23 /myfile3
-rw-r--r--   3 root supergroup 1073741824 2019-02-19 02:22 /myfile4
-rw-r--r--   3 root supergroup 1073741824 2019-02-19 02:23 /myfile5
-rw-r--r--   3 root supergroup 1073741824 2019-02-19 02:23 /myfile7
-rw-r--r--   3 root supergroup 1073741824 2019-02-19 02:23 /myfile8
-rw-r--r--   3 root supergroup 1073741824 2019-02-19 02:23 /myfile9
file 15 has been put into HDFS
file 15 has been read from HDFS for 1 time
diff succeed!
file 15 has been read from HDFS for 2 time
diff succeed!
file 15 has been read from HDFS for 3 time
diff succeed!
file 15 has been read from HDFS for 4 time
diff succeed!
file 15 has been read from HDFS for 5 time
diff succeed!
file 15 has been read from HDFS for 6 time
diff succeed!
file 15 has been read from HDFS for 7 time
diff succeed!
file 15 has been read from HDFS for 8 time
diff succeed!
file 15 has been read from HDFS for 9 time
diff succeed!
file 15 has been read from HDFS for 10 time
diff succeed!
Deleted /myfile15
file 15 has been removed from HDFS
Found 20 items
-rw-r--r--   3 root supergroup 1073741824 2019-02-19 02:27 /myfile1
-rw-r--r--   3 root supergroup 1073741824 2019-02-19 02:27 /myfile10
-rw-r--r--   3 root supergroup 1073741824 2019-02-19 02:27 /myfile11
-rw-r--r--   3 root supergroup 1073741824 2019-02-19 02:27 /myfile12
-rw-r--r--   3 root supergroup 1073741824 2019-02-19 02:26 /myfile13
-rw-r--r--   3 root supergroup 1073741824 2019-02-19 02:27 /myfile14
-rw-r--r--   3 root supergroup 1073741824 2019-02-19 02:27 /myfile15
-rw-r--r--   3 root supergroup 1073741824 2019-02-19 02:27 /myfile16
-rw-r--r--   3 root supergroup 1073741824 2019-02-19 02:27 /myfile17
-rw-r--r--   3 root supergroup 1073741824 2019-02-19 02:27 /myfile18
-rw-r--r--   3 root supergroup 1073741824 2019-02-19 02:27 /myfile19
-rw-r--r--   3 root supergroup 1073741824 2019-02-19 02:26 /myfile2
-rw-r--r--   3 root supergroup 1073741824 2019-02-19 02:27 /myfile20
-rw-r--r--   3 root supergroup 1073741824 2019-02-19 02:27 /myfile3
-rw-r--r--   3 root supergroup 1073741824 2019-02-19 02:26 /myfile4
-rw-r--r--   3 root supergroup 1073741824 2019-02-19 02:27 /myfile5
-rw-r--r--   3 root supergroup 1073741824 2019-02-19 02:27 /myfile6
-rw-r--r--   3 root supergroup 1073741824 2019-02-19 02:27 /myfile7
-rw-r--r--   3 root supergroup 1073741824 2019-02-19 02:27 /myfile8
-rw-r--r--   3 root supergroup 1073741824 2019-02-19 02:26 /myfile9
file 15 has been put into HDFS
file 15 has been read from HDFS for 1 time
diff succeed!
file 15 has been read from HDFS for 2 time
diff succeed!
file 15 has been read from HDFS for 3 time
diff succeed!
file 15 has been read from HDFS for 4 time
diff succeed!
file 15 has been read from HDFS for 5 time
diff succeed!
file 15 has been read from HDFS for 6 time
diff succeed!
file 15 has been read from HDFS for 7 time
diff succeed!
file 15 has been read from HDFS for 8 time
diff succeed!
file 15 has been read from HDFS for 9 time
diff succeed!
sub_benchmark 9 signal TERM catched and let quit gracefully
Deleted /myfile15
file 15 has been removed from HDFS
