Found 20 items
-rw-r--r--   3 root supergroup 1073741824 2019-02-22 10:52 /myfile1
-rw-r--r--   3 root supergroup 1073741824 2019-02-22 10:52 /myfile10
-rw-r--r--   3 root supergroup 1073741824 2019-02-22 10:52 /myfile11
-rw-r--r--   3 root supergroup 1073741824 2019-02-22 10:52 /myfile12
-rw-r--r--   3 root supergroup 1073741824 2019-02-22 10:52 /myfile13
-rw-r--r--   3 root supergroup 1073741824 2019-02-22 10:52 /myfile14
-rw-r--r--   3 root supergroup 1073741824 2019-02-22 10:52 /myfile15
-rw-r--r--   3 root supergroup 1073741824 2019-02-22 10:52 /myfile16
-rw-r--r--   3 root supergroup 1073741824 2019-02-22 10:52 /myfile17
-rw-r--r--   3 root supergroup 1073741824 2019-02-22 10:52 /myfile18
-rw-r--r--   3 root supergroup 1073741824 2019-02-22 10:52 /myfile19
-rw-r--r--   3 root supergroup 1073741824 2019-02-22 10:52 /myfile2
-rw-r--r--   3 root supergroup 1073741824 2019-02-22 10:52 /myfile20
-rw-r--r--   3 root supergroup 1073741824 2019-02-22 10:52 /myfile3
-rw-r--r--   3 root supergroup 1073741824 2019-02-22 10:52 /myfile4
-rw-r--r--   3 root supergroup 1073741824 2019-02-22 10:52 /myfile5
-rw-r--r--   3 root supergroup 1073741824 2019-02-22 10:52 /myfile6
-rw-r--r--   3 root supergroup 1073741824 2019-02-22 10:52 /myfile7
-rw-r--r--   3 root supergroup 1073741824 2019-02-22 10:52 /myfile8
-rw-r--r--   3 root supergroup 1073741824 2019-02-22 10:52 /myfile9
file 8 has been put into HDFS
file 8 has been read from HDFS for 1 time
diff succeed!
file 8 has been read from HDFS for 2 time
diff succeed!
file 8 has been read from HDFS for 3 time
diff succeed!
file 8 has been read from HDFS for 4 time
diff succeed!
file 8 has been read from HDFS for 5 time
diff succeed!
file 8 has been read from HDFS for 6 time
diff succeed!
file 8 has been read from HDFS for 7 time
diff succeed!
file 8 has been read from HDFS for 8 time
diff succeed!
file 8 has been read from HDFS for 9 time
diff succeed!
file 8 has been read from HDFS for 10 time
diff succeed!
Deleted /myfile8
file 8 has been removed from HDFS
Found 20 items
-rw-r--r--   3 root supergroup 1073741824 2019-02-22 10:57 /myfile1
-rw-r--r--   3 root supergroup 1073741824 2019-02-22 10:57 /myfile10
-rw-r--r--   3 root supergroup 1073741824 2019-02-22 10:57 /myfile11
-rw-r--r--   3 root supergroup 1073741824 2019-02-22 10:57 /myfile12
-rw-r--r--   3 root supergroup 1073741824 2019-02-22 10:57 /myfile13
-rw-r--r--   3 root supergroup 1073741824 2019-02-22 10:57 /myfile14
-rw-r--r--   3 root supergroup 1073741824 2019-02-22 10:57 /myfile15
-rw-r--r--   3 root supergroup 1073741824 2019-02-22 10:57 /myfile16
-rw-r--r--   3 root supergroup 1073741824 2019-02-22 10:57 /myfile17
-rw-r--r--   3 root supergroup 1073741824 2019-02-22 10:57 /myfile18
-rw-r--r--   3 root supergroup 1073741824 2019-02-22 10:57 /myfile19
-rw-r--r--   3 root supergroup 1073741824 2019-02-22 10:57 /myfile2
-rw-r--r--   3 root supergroup 1073741824 2019-02-22 10:57 /myfile20
-rw-r--r--   3 root supergroup 1073741824 2019-02-22 10:57 /myfile3
-rw-r--r--   3 root supergroup 1073741824 2019-02-22 10:57 /myfile4
-rw-r--r--   3 root supergroup 1073741824 2019-02-22 10:57 /myfile5
-rw-r--r--   3 root supergroup 1073741824 2019-02-22 10:57 /myfile6
-rw-r--r--   3 root supergroup 1073741824 2019-02-22 10:57 /myfile7
-rw-r--r--   3 root supergroup 1073741824 2019-02-22 10:57 /myfile8
-rw-r--r--   3 root supergroup 1073741824 2019-02-22 10:57 /myfile9
file 8 has been put into HDFS
file 8 has been read from HDFS for 1 time
diff succeed!
file 8 has been read from HDFS for 2 time
diff succeed!
file 8 has been read from HDFS for 3 time
diff succeed!
file 8 has been read from HDFS for 4 time
diff succeed!
file 8 has been read from HDFS for 5 time
diff succeed!
file 8 has been read from HDFS for 6 time
diff succeed!
file 8 has been read from HDFS for 7 time
diff succeed!
file 8 has been read from HDFS for 8 time
diff succeed!
file 8 has been read from HDFS for 9 time
diff succeed!
file 8 has been read from HDFS for 10 time
diff succeed!
Deleted /myfile8
file 8 has been removed from HDFS
Found 20 items
-rw-r--r--   3 root supergroup  939524096 2019-02-22 11:01 /myfile1._COPYING_
-rw-r--r--   3 root supergroup  805306368 2019-02-22 11:01 /myfile10._COPYING_
-rw-r--r--   3 root supergroup  805306368 2019-02-22 11:01 /myfile11._COPYING_
-rw-r--r--   3 root supergroup  939524096 2019-02-22 11:01 /myfile12._COPYING_
-rw-r--r--   3 root supergroup  939524096 2019-02-22 11:01 /myfile13._COPYING_
-rw-r--r--   3 root supergroup  805306368 2019-02-22 11:01 /myfile14._COPYING_
-rw-r--r--   3 root supergroup  805306368 2019-02-22 11:01 /myfile15._COPYING_
-rw-r--r--   3 root supergroup  939524096 2019-02-22 11:01 /myfile16._COPYING_
-rw-r--r--   3 root supergroup  805306368 2019-02-22 11:01 /myfile17._COPYING_
-rw-r--r--   3 root supergroup  939524096 2019-02-22 11:01 /myfile18._COPYING_
-rw-r--r--   3 root supergroup  939524096 2019-02-22 11:01 /myfile19._COPYING_
-rw-r--r--   3 root supergroup  671088640 2019-02-22 11:01 /myfile2._COPYING_
-rw-r--r--   3 root supergroup  671088640 2019-02-22 11:01 /myfile20._COPYING_
-rw-r--r--   3 root supergroup  805306368 2019-02-22 11:01 /myfile3._COPYING_
-rw-r--r--   3 root supergroup  939524096 2019-02-22 11:01 /myfile4._COPYING_
-rw-r--r--   3 root supergroup  805306368 2019-02-22 11:01 /myfile5._COPYING_
-rw-r--r--   3 root supergroup  671088640 2019-02-22 11:01 /myfile6._COPYING_
-rw-r--r--   3 root supergroup  939524096 2019-02-22 11:01 /myfile7._COPYING_
-rw-r--r--   3 root supergroup 1073741824 2019-02-22 11:02 /myfile8
-rw-r--r--   3 root supergroup  939524096 2019-02-22 11:01 /myfile9._COPYING_
file 8 has been put into HDFS
file 8 has been read from HDFS for 1 time
diff succeed!
file 8 has been read from HDFS for 2 time
diff succeed!
file 8 has been read from HDFS for 3 time
diff succeed!
file 8 has been read from HDFS for 4 time
diff succeed!
file 8 has been read from HDFS for 5 time
diff succeed!
file 8 has been read from HDFS for 6 time
diff succeed!
file 8 has been read from HDFS for 7 time
diff succeed!
file 8 has been read from HDFS for 8 time
diff succeed!
file 8 has been read from HDFS for 9 time
diff succeed!
file 8 has been read from HDFS for 10 time
diff succeed!
Deleted /myfile8
file 8 has been removed from HDFS
Found 20 items
-rw-r--r--   3 root supergroup 1073741824 2019-02-22 11:07 /myfile1
-rw-r--r--   3 root supergroup 1073741824 2019-02-22 11:07 /myfile10
-rw-r--r--   3 root supergroup  939524096 2019-02-22 11:06 /myfile11._COPYING_
-rw-r--r--   3 root supergroup 1073741824 2019-02-22 11:07 /myfile12
-rw-r--r--   3 root supergroup  939524096 2019-02-22 11:06 /myfile13._COPYING_
-rw-r--r--   3 root supergroup 1073741824 2019-02-22 11:07 /myfile14
-rw-r--r--   3 root supergroup 1073741824 2019-02-22 11:07 /myfile15
-rw-r--r--   3 root supergroup  939524096 2019-02-22 11:06 /myfile16._COPYING_
-rw-r--r--   3 root supergroup  939524096 2019-02-22 11:06 /myfile17._COPYING_
-rw-r--r--   3 root supergroup 1073741824 2019-02-22 11:07 /myfile18
-rw-r--r--   3 root supergroup  939524096 2019-02-22 11:06 /myfile19._COPYING_
-rw-r--r--   3 root supergroup 1073741824 2019-02-22 11:07 /myfile2
-rw-r--r--   3 root supergroup  805306368 2019-02-22 11:06 /myfile20._COPYING_
-rw-r--r--   3 root supergroup  939524096 2019-02-22 11:06 /myfile3._COPYING_
-rw-r--r--   3 root supergroup 1073741824 2019-02-22 11:07 /myfile4
-rw-r--r--   3 root supergroup 1073741824 2019-02-22 11:07 /myfile5
-rw-r--r--   3 root supergroup 1073741824 2019-02-22 11:07 /myfile6
-rw-r--r--   3 root supergroup 1073741824 2019-02-22 11:07 /myfile7
-rw-r--r--   3 root supergroup 1073741824 2019-02-22 11:07 /myfile8
-rw-r--r--   3 root supergroup 1073741824 2019-02-22 11:07 /myfile9
file 8 has been put into HDFS
file 8 has been read from HDFS for 1 time
diff succeed!
file 8 has been read from HDFS for 2 time
diff succeed!
file 8 has been read from HDFS for 3 time
diff succeed!
file 8 has been read from HDFS for 4 time
diff succeed!
file 8 has been read from HDFS for 5 time
diff succeed!
file 8 has been read from HDFS for 6 time
diff succeed!
file 8 has been read from HDFS for 7 time
diff succeed!
file 8 has been read from HDFS for 8 time
diff succeed!
file 8 has been read from HDFS for 9 time
diff succeed!
file 8 has been read from HDFS for 10 time
diff succeed!
Deleted /myfile8
file 8 has been removed from HDFS
Found 20 items
-rw-r--r--   3 root supergroup  805306368 2019-02-22 11:11 /myfile1._COPYING_
-rw-r--r--   3 root supergroup  939524096 2019-02-22 11:11 /myfile10._COPYING_
-rw-r--r--   3 root supergroup 1073741824 2019-02-22 11:12 /myfile11
-rw-r--r--   3 root supergroup 1073741824 2019-02-22 11:12 /myfile12
-rw-r--r--   3 root supergroup  805306368 2019-02-22 11:11 /myfile13._COPYING_
-rw-r--r--   3 root supergroup  939524096 2019-02-22 11:11 /myfile14._COPYING_
-rw-r--r--   3 root supergroup 1073741824 2019-02-22 11:12 /myfile15
-rw-r--r--   3 root supergroup  805306368 2019-02-22 11:11 /myfile16._COPYING_
-rw-r--r--   3 root supergroup  939524096 2019-02-22 11:11 /myfile17._COPYING_
-rw-r--r--   3 root supergroup 1073741824 2019-02-22 11:12 /myfile18
-rw-r--r--   3 root supergroup 1073741824 2019-02-22 11:12 /myfile19
-rw-r--r--   3 root supergroup  939524096 2019-02-22 11:11 /myfile2._COPYING_
-rw-r--r--   3 root supergroup  939524096 2019-02-22 11:11 /myfile20._COPYING_
-rw-r--r--   3 root supergroup  939524096 2019-02-22 11:11 /myfile3._COPYING_
-rw-r--r--   3 root supergroup 1073741824 2019-02-22 11:12 /myfile4
-rw-r--r--   3 root supergroup 1073741824 2019-02-22 11:12 /myfile5
-rw-r--r--   3 root supergroup  939524096 2019-02-22 11:11 /myfile6._COPYING_
-rw-r--r--   3 root supergroup 1073741824 2019-02-22 11:12 /myfile7
-rw-r--r--   3 root supergroup 1073741824 2019-02-22 11:12 /myfile8
-rw-r--r--   3 root supergroup 1073741824 2019-02-22 11:12 /myfile9
file 8 has been put into HDFS
file 8 has been read from HDFS for 1 time
diff succeed!
file 8 has been read from HDFS for 2 time
diff succeed!
file 8 has been read from HDFS for 3 time
diff succeed!
file 8 has been read from HDFS for 4 time
diff succeed!
file 8 has been read from HDFS for 5 time
diff succeed!
file 8 has been read from HDFS for 6 time
diff succeed!
file 8 has been read from HDFS for 7 time
diff succeed!
file 8 has been read from HDFS for 8 time
diff succeed!
file 8 has been read from HDFS for 9 time
diff succeed!
file 8 has been read from HDFS for 10 time
diff succeed!
Deleted /myfile8
file 8 has been removed from HDFS
2019-02-22 11:15:42,357 INFO retry.RetryInvocationHandler: java.io.IOException: DestHost:destPort node-0-link-0:8020 , LocalHost:localPort clnode076.clemson.cloudlab.us/130.127.133.85:0. Failed on local exception: java.io.IOException: Connection reset by peer, while invoking ClientNamenodeProtocolTranslatorPB.addBlock over node-0-link-0/10.10.1.1:8020. Trying to failover immediately.
2019-02-22 11:15:42,391 INFO retry.RetryInvocationHandler: org.apache.hadoop.ipc.RemoteException(org.apache.hadoop.ipc.StandbyException): Operation category READ is not supported in state standby. Visit https://s.apache.org/sbnn-error
	at org.apache.hadoop.hdfs.server.namenode.ha.StandbyState.checkOperation(StandbyState.java:88)
	at org.apache.hadoop.hdfs.server.namenode.NameNode$NameNodeHAContext.checkOperation(NameNode.java:1952)
	at org.apache.hadoop.hdfs.server.namenode.FSNamesystem.checkOperation(FSNamesystem.java:1423)
	at org.apache.hadoop.hdfs.server.namenode.FSNamesystem.getAdditionalBlock(FSNamesystem.java:2674)
	at org.apache.hadoop.hdfs.server.namenode.NameNodeRpcServer.addBlock(NameNodeRpcServer.java:875)
	at org.apache.hadoop.hdfs.protocolPB.ClientNamenodeProtocolServerSideTranslatorPB.addBlock(ClientNamenodeProtocolServerSideTranslatorPB.java:561)
	at org.apache.hadoop.hdfs.protocol.proto.ClientNamenodeProtocolProtos$ClientNamenodeProtocol$2.callBlockingMethod(ClientNamenodeProtocolProtos.java)
	at org.apache.hadoop.ipc.ProtobufRpcEngine$Server$ProtoBufRpcInvoker.call(ProtobufRpcEngine.java:523)
	at org.apache.hadoop.ipc.RPC$Server.call(RPC.java:991)
	at org.apache.hadoop.ipc.Server$RpcCall.run(Server.java:872)
	at org.apache.hadoop.ipc.Server$RpcCall.run(Server.java:818)
	at java.security.AccessController.doPrivileged(Native Method)
	at javax.security.auth.Subject.doAs(Subject.java:422)
	at org.apache.hadoop.security.UserGroupInformation.doAs(UserGroupInformation.java:1729)
	at org.apache.hadoop.ipc.Server$Handler.run(Server.java:2678)
, while invoking ClientNamenodeProtocolTranslatorPB.addBlock over node-1-link-0/10.10.1.4:8020 after 1 failover attempts. Trying to failover after sleeping for 733ms.
2019-02-22 11:15:43,127 INFO retry.RetryInvocationHandler: java.net.ConnectException: Call From clnode076.clemson.cloudlab.us/130.127.133.85 to node-0-link-0:8020 failed on connection exception: java.net.ConnectException: Connection refused; For more details see:  http://wiki.apache.org/hadoop/ConnectionRefused, while invoking ClientNamenodeProtocolTranslatorPB.addBlock over node-0-link-0/10.10.1.1:8020 after 2 failover attempts. Trying to failover after sleeping for 1923ms.
2019-02-22 11:15:45,054 INFO retry.RetryInvocationHandler: org.apache.hadoop.ipc.RemoteException(org.apache.hadoop.ipc.RetriableException): org.apache.hadoop.hdfs.server.namenode.SafeModeException: Cannot add block to /myfile8._COPYING_. Name node is in safe mode.
The reported blocks 72 has reached the threshold 0.9990 of total blocks 72. The number of live datanodes 3 has reached the minimum number 0. In safe mode extension. Safe mode will be turned off automatically in 11 seconds. NamenodeHostName:node-1-link-0
	at org.apache.hadoop.hdfs.server.namenode.FSNamesystem.checkNameNodeSafeMode(FSNamesystem.java:1441)
	at org.apache.hadoop.hdfs.server.namenode.FSDirWriteFileOp.analyzeFileState(FSDirWriteFileOp.java:591)
	at org.apache.hadoop.hdfs.server.namenode.FSDirWriteFileOp.validateAddBlock(FSDirWriteFileOp.java:172)
	at org.apache.hadoop.hdfs.server.namenode.FSNamesystem.getAdditionalBlock(FSNamesystem.java:2679)
	at org.apache.hadoop.hdfs.server.namenode.NameNodeRpcServer.addBlock(NameNodeRpcServer.java:875)
	at org.apache.hadoop.hdfs.protocolPB.ClientNamenodeProtocolServerSideTranslatorPB.addBlock(ClientNamenodeProtocolServerSideTranslatorPB.java:561)
	at org.apache.hadoop.hdfs.protocol.proto.ClientNamenodeProtocolProtos$ClientNamenodeProtocol$2.callBlockingMethod(ClientNamenodeProtocolProtos.java)
	at org.apache.hadoop.ipc.ProtobufRpcEngine$Server$ProtoBufRpcInvoker.call(ProtobufRpcEngine.java:523)
	at org.apache.hadoop.ipc.RPC$Server.call(RPC.java:991)
	at org.apache.hadoop.ipc.Server$RpcCall.run(Server.java:872)
	at org.apache.hadoop.ipc.Server$RpcCall.run(Server.java:818)
	at java.security.AccessController.doPrivileged(Native Method)
	at javax.security.auth.Subject.doAs(Subject.java:422)
	at org.apache.hadoop.security.UserGroupInformation.doAs(UserGroupInformation.java:1729)
	at org.apache.hadoop.ipc.Server$Handler.run(Server.java:2678)
Caused by: org.apache.hadoop.hdfs.server.namenode.SafeModeException: Cannot add block to /myfile8._COPYING_. Name node is in safe mode.
The reported blocks 72 has reached the threshold 0.9990 of total blocks 72. The number of live datanodes 3 has reached the minimum number 0. In safe mode extension. Safe mode will be turned off automatically in 11 seconds. NamenodeHostName:node-1-link-0
	at org.apache.hadoop.hdfs.server.namenode.FSNamesystem.newSafemodeException(FSNamesystem.java:1450)
	at org.apache.hadoop.hdfs.server.namenode.FSNamesystem.checkNameNodeSafeMode(FSNamesystem.java:1437)
	... 14 more
, while invoking ClientNamenodeProtocolTranslatorPB.addBlock over node-1-link-0/10.10.1.4:8020 after 3 failover attempts. Retrying after sleeping for 2141ms.
2019-02-22 11:15:47,198 INFO retry.RetryInvocationHandler: org.apache.hadoop.ipc.RemoteException(org.apache.hadoop.ipc.RetriableException): org.apache.hadoop.hdfs.server.namenode.SafeModeException: Cannot add block to /myfile8._COPYING_. Name node is in safe mode.
The reported blocks 72 has reached the threshold 0.9990 of total blocks 72. The number of live datanodes 3 has reached the minimum number 0. In safe mode extension. Safe mode will be turned off automatically in 9 seconds. NamenodeHostName:node-1-link-0
	at org.apache.hadoop.hdfs.server.namenode.FSNamesystem.checkNameNodeSafeMode(FSNamesystem.java:1441)
	at org.apache.hadoop.hdfs.server.namenode.FSDirWriteFileOp.analyzeFileState(FSDirWriteFileOp.java:591)
	at org.apache.hadoop.hdfs.server.namenode.FSDirWriteFileOp.validateAddBlock(FSDirWriteFileOp.java:172)
	at org.apache.hadoop.hdfs.server.namenode.FSNamesystem.getAdditionalBlock(FSNamesystem.java:2679)
	at org.apache.hadoop.hdfs.server.namenode.NameNodeRpcServer.addBlock(NameNodeRpcServer.java:875)
	at org.apache.hadoop.hdfs.protocolPB.ClientNamenodeProtocolServerSideTranslatorPB.addBlock(ClientNamenodeProtocolServerSideTranslatorPB.java:561)
	at org.apache.hadoop.hdfs.protocol.proto.ClientNamenodeProtocolProtos$ClientNamenodeProtocol$2.callBlockingMethod(ClientNamenodeProtocolProtos.java)
	at org.apache.hadoop.ipc.ProtobufRpcEngine$Server$ProtoBufRpcInvoker.call(ProtobufRpcEngine.java:523)
	at org.apache.hadoop.ipc.RPC$Server.call(RPC.java:991)
	at org.apache.hadoop.ipc.Server$RpcCall.run(Server.java:872)
	at org.apache.hadoop.ipc.Server$RpcCall.run(Server.java:818)
	at java.security.AccessController.doPrivileged(Native Method)
	at javax.security.auth.Subject.doAs(Subject.java:422)
	at org.apache.hadoop.security.UserGroupInformation.doAs(UserGroupInformation.java:1729)
	at org.apache.hadoop.ipc.Server$Handler.run(Server.java:2678)
Caused by: org.apache.hadoop.hdfs.server.namenode.SafeModeException: Cannot add block to /myfile8._COPYING_. Name node is in safe mode.
The reported blocks 72 has reached the threshold 0.9990 of total blocks 72. The number of live datanodes 3 has reached the minimum number 0. In safe mode extension. Safe mode will be turned off automatically in 9 seconds. NamenodeHostName:node-1-link-0
	at org.apache.hadoop.hdfs.server.namenode.FSNamesystem.newSafemodeException(FSNamesystem.java:1450)
	at org.apache.hadoop.hdfs.server.namenode.FSNamesystem.checkNameNodeSafeMode(FSNamesystem.java:1437)
	... 14 more
, while invoking ClientNamenodeProtocolTranslatorPB.addBlock over node-1-link-0/10.10.1.4:8020 after 3 failover attempts. Retrying after sleeping for 9442ms.
2019-02-22 11:15:56,644 INFO retry.RetryInvocationHandler: org.apache.hadoop.ipc.RemoteException(org.apache.hadoop.ipc.RetriableException): org.apache.hadoop.hdfs.server.namenode.SafeModeException: Cannot add block to /myfile8._COPYING_. Name node is in safe mode.
The reported blocks 72 has reached the threshold 0.9990 of total blocks 72. The number of live datanodes 3 has reached the minimum number 0. In safe mode extension. Safe mode will be turned off automatically in 0 seconds. NamenodeHostName:node-1-link-0
	at org.apache.hadoop.hdfs.server.namenode.FSNamesystem.checkNameNodeSafeMode(FSNamesystem.java:1441)
	at org.apache.hadoop.hdfs.server.namenode.FSDirWriteFileOp.analyzeFileState(FSDirWriteFileOp.java:591)
	at org.apache.hadoop.hdfs.server.namenode.FSDirWriteFileOp.validateAddBlock(FSDirWriteFileOp.java:172)
	at org.apache.hadoop.hdfs.server.namenode.FSNamesystem.getAdditionalBlock(FSNamesystem.java:2679)
	at org.apache.hadoop.hdfs.server.namenode.NameNodeRpcServer.addBlock(NameNodeRpcServer.java:875)
	at org.apache.hadoop.hdfs.protocolPB.ClientNamenodeProtocolServerSideTranslatorPB.addBlock(ClientNamenodeProtocolServerSideTranslatorPB.java:561)
	at org.apache.hadoop.hdfs.protocol.proto.ClientNamenodeProtocolProtos$ClientNamenodeProtocol$2.callBlockingMethod(ClientNamenodeProtocolProtos.java)
	at org.apache.hadoop.ipc.ProtobufRpcEngine$Server$ProtoBufRpcInvoker.call(ProtobufRpcEngine.java:523)
	at org.apache.hadoop.ipc.RPC$Server.call(RPC.java:991)
	at org.apache.hadoop.ipc.Server$RpcCall.run(Server.java:872)
	at org.apache.hadoop.ipc.Server$RpcCall.run(Server.java:818)
	at java.security.AccessController.doPrivileged(Native Method)
	at javax.security.auth.Subject.doAs(Subject.java:422)
	at org.apache.hadoop.security.UserGroupInformation.doAs(UserGroupInformation.java:1729)
	at org.apache.hadoop.ipc.Server$Handler.run(Server.java:2678)
Caused by: org.apache.hadoop.hdfs.server.namenode.SafeModeException: Cannot add block to /myfile8._COPYING_. Name node is in safe mode.
The reported blocks 72 has reached the threshold 0.9990 of total blocks 72. The number of live datanodes 3 has reached the minimum number 0. In safe mode extension. Safe mode will be turned off automatically in 0 seconds. NamenodeHostName:node-1-link-0
	at org.apache.hadoop.hdfs.server.namenode.FSNamesystem.newSafemodeException(FSNamesystem.java:1450)
	at org.apache.hadoop.hdfs.server.namenode.FSNamesystem.checkNameNodeSafeMode(FSNamesystem.java:1437)
	... 14 more
, while invoking ClientNamenodeProtocolTranslatorPB.addBlock over node-1-link-0/10.10.1.4:8020 after 3 failover attempts. Retrying after sleeping for 21164ms.
Found 20 items
-rw-r--r--   3 root supergroup 1073741824 2019-02-22 11:16 /myfile1
-rw-r--r--   3 root supergroup 1073741824 2019-02-22 11:16 /myfile10
-rw-r--r--   3 root supergroup 1073741824 2019-02-22 11:16 /myfile11
-rw-r--r--   3 root supergroup 1073741824 2019-02-22 11:16 /myfile12
-rw-r--r--   3 root supergroup 1073741824 2019-02-22 11:16 /myfile13
-rw-r--r--   3 root supergroup 1073741824 2019-02-22 11:16 /myfile14
-rw-r--r--   3 root supergroup 1073741824 2019-02-22 11:16 /myfile15
-rw-r--r--   3 root supergroup 1073741824 2019-02-22 11:16 /myfile16
-rw-r--r--   3 root supergroup 1073741824 2019-02-22 11:16 /myfile17
-rw-r--r--   3 root supergroup 1073741824 2019-02-22 11:16 /myfile18
-rw-r--r--   3 root supergroup 1073741824 2019-02-22 11:16 /myfile19
-rw-r--r--   3 root supergroup 1073741824 2019-02-22 11:16 /myfile2
-rw-r--r--   3 root supergroup 1073741824 2019-02-22 11:16 /myfile20
-rw-r--r--   3 root supergroup 1073741824 2019-02-22 11:16 /myfile3
-rw-r--r--   3 root supergroup 1073741824 2019-02-22 11:16 /myfile4
-rw-r--r--   3 root supergroup 1073741824 2019-02-22 11:16 /myfile5
-rw-r--r--   3 root supergroup 1073741824 2019-02-22 11:16 /myfile6
-rw-r--r--   3 root supergroup 1073741824 2019-02-22 11:16 /myfile7
-rw-r--r--   3 root supergroup 1073741824 2019-02-22 11:16 /myfile8
-rw-r--r--   3 root supergroup 1073741824 2019-02-22 11:16 /myfile9
file 8 has been put into HDFS
file 8 has been read from HDFS for 1 time
diff succeed!
file 8 has been read from HDFS for 2 time
diff succeed!
file 8 has been read from HDFS for 3 time
diff succeed!
file 8 has been read from HDFS for 4 time
diff succeed!
file 8 has been read from HDFS for 5 time
diff succeed!
file 8 has been read from HDFS for 6 time
diff succeed!
file 8 has been read from HDFS for 7 time
diff succeed!
file 8 has been read from HDFS for 8 time
diff succeed!
file 8 has been read from HDFS for 9 time
diff succeed!
file 8 has been read from HDFS for 10 time
diff succeed!
Deleted /myfile8
file 8 has been removed from HDFS
Found 20 items
-rw-r--r--   3 root supergroup 1073741824 2019-02-22 11:20 /myfile1
-rw-r--r--   3 root supergroup 1073741824 2019-02-22 11:20 /myfile10
-rw-r--r--   3 root supergroup 1073741824 2019-02-22 11:20 /myfile11
-rw-r--r--   3 root supergroup 1073741824 2019-02-22 11:20 /myfile12
-rw-r--r--   3 root supergroup 1073741824 2019-02-22 11:20 /myfile13
-rw-r--r--   3 root supergroup 1073741824 2019-02-22 11:20 /myfile14
-rw-r--r--   3 root supergroup 1073741824 2019-02-22 11:20 /myfile15
-rw-r--r--   3 root supergroup 1073741824 2019-02-22 11:20 /myfile16
-rw-r--r--   3 root supergroup 1073741824 2019-02-22 11:20 /myfile17
-rw-r--r--   3 root supergroup 1073741824 2019-02-22 11:20 /myfile18
-rw-r--r--   3 root supergroup 1073741824 2019-02-22 11:20 /myfile19
-rw-r--r--   3 root supergroup 1073741824 2019-02-22 11:20 /myfile2
-rw-r--r--   3 root supergroup 1073741824 2019-02-22 11:20 /myfile20
-rw-r--r--   3 root supergroup 1073741824 2019-02-22 11:20 /myfile3
-rw-r--r--   3 root supergroup 1073741824 2019-02-22 11:20 /myfile4
-rw-r--r--   3 root supergroup 1073741824 2019-02-22 11:20 /myfile5
-rw-r--r--   3 root supergroup 1073741824 2019-02-22 11:20 /myfile6
-rw-r--r--   3 root supergroup 1073741824 2019-02-22 11:20 /myfile7
-rw-r--r--   3 root supergroup 1073741824 2019-02-22 11:20 /myfile8
-rw-r--r--   3 root supergroup 1073741824 2019-02-22 11:20 /myfile9
file 8 has been put into HDFS
file 8 has been read from HDFS for 1 time
diff succeed!
file 8 has been read from HDFS for 2 time
diff succeed!
file 8 has been read from HDFS for 3 time
diff succeed!
file 8 has been read from HDFS for 4 time
diff succeed!
file 8 has been read from HDFS for 5 time
diff succeed!
file 8 has been read from HDFS for 6 time
diff succeed!
file 8 has been read from HDFS for 7 time
diff succeed!
file 8 has been read from HDFS for 8 time
diff succeed!
file 8 has been read from HDFS for 9 time
diff succeed!
file 8 has been read from HDFS for 10 time
diff succeed!
Deleted /myfile8
file 8 has been removed from HDFS
Found 14 items
-rw-r--r--   3 root supergroup  671088640 2019-02-22 11:24 /myfile1._COPYING_
-rw-r--r--   3 root supergroup 1073741824 2019-02-22 11:20 /myfile10
-rw-r--r--   3 root supergroup 1073741824 2019-02-22 11:24 /myfile11
-rw-r--r--   3 root supergroup 1073741824 2019-02-22 11:24 /myfile13
-rw-r--r--   3 root supergroup 1073741824 2019-02-22 11:24 /myfile14
-rw-r--r--   3 root supergroup 1073741824 2019-02-22 11:24 /myfile15
-rw-r--r--   3 root supergroup  939524096 2019-02-22 11:24 /myfile16._COPYING_
-rw-r--r--   3 root supergroup 1073741824 2019-02-22 11:20 /myfile2
-rw-r--r--   3 root supergroup 1073741824 2019-02-22 11:20 /myfile3
-rw-r--r--   3 root supergroup 1073741824 2019-02-22 11:24 /myfile5
-rw-r--r--   3 root supergroup  134217728 2019-02-22 11:24 /myfile6._COPYING_
-rw-r--r--   3 root supergroup 1073741824 2019-02-22 11:24 /myfile7
-rw-r--r--   3 root supergroup 1073741824 2019-02-22 11:24 /myfile8
-rw-r--r--   3 root supergroup 1073741824 2019-02-22 11:24 /myfile9
file 8 has been put into HDFS
file 8 has been read from HDFS for 1 time
diff succeed!
file 8 has been read from HDFS for 2 time
diff succeed!
file 8 has been read from HDFS for 3 time
diff succeed!
file 8 has been read from HDFS for 4 time
diff succeed!
file 8 has been read from HDFS for 5 time
diff succeed!
file 8 has been read from HDFS for 6 time
diff succeed!
file 8 has been read from HDFS for 7 time
diff succeed!
file 8 has been read from HDFS for 8 time
diff succeed!
file 8 has been read from HDFS for 9 time
diff succeed!
file 8 has been read from HDFS for 10 time
diff succeed!
Deleted /myfile8
file 8 has been removed from HDFS
Found 19 items
-rw-r--r--   3 root supergroup  805306368 2019-02-22 11:28 /myfile1._COPYING_
-rw-r--r--   3 root supergroup          0 2019-02-22 11:28 /myfile10._COPYING_
-rw-r--r--   3 root supergroup 1073741824 2019-02-22 11:27 /myfile11
-rw-r--r--   3 root supergroup          0 2019-02-22 11:29 /myfile12._COPYING_
-rw-r--r--   3 root supergroup 1073741824 2019-02-22 11:28 /myfile13
-rw-r--r--   3 root supergroup 1073741824 2019-02-22 11:28 /myfile14
-rw-r--r--   3 root supergroup  939524096 2019-02-22 11:28 /myfile15._COPYING_
-rw-r--r--   3 root supergroup 1073741824 2019-02-22 11:28 /myfile16
-rw-r--r--   3 root supergroup          0 2019-02-22 11:29 /myfile17._COPYING_
-rw-r--r--   3 root supergroup          0 2019-02-22 11:29 /myfile18._COPYING_
-rw-r--r--   3 root supergroup  671088640 2019-02-22 11:28 /myfile19._COPYING_
-rw-r--r--   3 root supergroup          0 2019-02-22 11:29 /myfile2._COPYING_
-rw-r--r--   3 root supergroup  402653184 2019-02-22 11:28 /myfile20._COPYING_
-rw-r--r--   3 root supergroup          0 2019-02-22 11:29 /myfile3._COPYING_
-rw-r--r--   3 root supergroup 1073741824 2019-02-22 11:28 /myfile5
-rw-r--r--   3 root supergroup  805306368 2019-02-22 11:28 /myfile6._COPYING_
-rw-r--r--   3 root supergroup 1073741824 2019-02-22 11:28 /myfile7
-rw-r--r--   3 root supergroup 1073741824 2019-02-22 11:29 /myfile8
-rw-r--r--   3 root supergroup  939524096 2019-02-22 11:28 /myfile9._COPYING_
file 8 has been put into HDFS
file 8 has been read from HDFS for 1 time
diff succeed!
file 8 has been read from HDFS for 2 time
diff succeed!
file 8 has been read from HDFS for 3 time
diff succeed!
file 8 has been read from HDFS for 4 time
diff succeed!
file 8 has been read from HDFS for 5 time
diff succeed!
file 8 has been read from HDFS for 6 time
diff succeed!
file 8 has been read from HDFS for 7 time
diff succeed!
file 8 has been read from HDFS for 8 time
diff succeed!
file 8 has been read from HDFS for 9 time
diff succeed!
file 8 has been read from HDFS for 10 time
diff succeed!
Deleted /myfile8
file 8 has been removed from HDFS
Found 18 items
-rw-r--r--   3 root supergroup 1073741824 2019-02-22 11:33 /myfile1
-rw-r--r--   3 root supergroup  805306368 2019-02-22 11:33 /myfile10._COPYING_
-rw-r--r--   3 root supergroup 1073741824 2019-02-22 11:31 /myfile11
-rw-r--r--   3 root supergroup 1073741824 2019-02-22 11:31 /myfile13
-rw-r--r--   3 root supergroup 1073741824 2019-02-22 11:31 /myfile14
-rw-r--r--   3 root supergroup 1073741824 2019-02-22 11:33 /myfile15
-rw-r--r--   3 root supergroup 1073741824 2019-02-22 11:33 /myfile16
-rw-r--r--   3 root supergroup  671088640 2019-02-22 11:33 /myfile17._COPYING_
-rw-r--r--   3 root supergroup  939524096 2019-02-22 11:33 /myfile18._COPYING_
-rw-r--r--   3 root supergroup 1073741824 2019-02-22 11:33 /myfile19
-rw-r--r--   3 root supergroup 1073741824 2019-02-22 11:33 /myfile20
-rw-r--r--   3 root supergroup 1073741824 2019-02-22 11:33 /myfile3
-rw-r--r--   3 root supergroup 1073741824 2019-02-22 11:33 /myfile4
-rw-r--r--   3 root supergroup 1073741824 2019-02-22 11:31 /myfile5
-rw-r--r--   3 root supergroup 1073741824 2019-02-22 11:33 /myfile6
-rw-r--r--   3 root supergroup 1073741824 2019-02-22 11:32 /myfile7
-rw-r--r--   3 root supergroup 1073741824 2019-02-22 11:33 /myfile8
-rw-r--r--   3 root supergroup 1073741824 2019-02-22 11:33 /myfile9
file 8 has been put into HDFS
file 8 has been read from HDFS for 1 time
diff succeed!
file 8 has been read from HDFS for 2 time
diff succeed!
file 8 has been read from HDFS for 3 time
diff succeed!
file 8 has been read from HDFS for 4 time
diff succeed!
file 8 has been read from HDFS for 5 time
diff succeed!
file 8 has been read from HDFS for 6 time
diff succeed!
file 8 has been read from HDFS for 7 time
diff succeed!
file 8 has been read from HDFS for 8 time
diff succeed!
file 8 has been read from HDFS for 9 time
diff succeed!
file 8 has been read from HDFS for 10 time
diff succeed!
Deleted /myfile8
file 8 has been removed from HDFS
Found 12 items
-rw-r--r--   3 root supergroup 1073741824 2019-02-22 11:35 /myfile11
-rw-r--r--   3 root supergroup 1073741824 2019-02-22 11:35 /myfile13
-rw-r--r--   3 root supergroup 1073741824 2019-02-22 11:35 /myfile14
-rw-r--r--   3 root supergroup 1073741824 2019-02-22 11:37 /myfile15
-rw-r--r--   3 root supergroup 1073741824 2019-02-22 11:36 /myfile16
-rw-r--r--   3 root supergroup 1073741824 2019-02-22 11:37 /myfile19
-rw-r--r--   3 root supergroup 1073741824 2019-02-22 11:33 /myfile2
-rw-r--r--   3 root supergroup 1073741824 2019-02-22 11:37 /myfile3
-rw-r--r--   3 root supergroup 1073741824 2019-02-22 11:35 /myfile5
-rw-r--r--   3 root supergroup 1073741824 2019-02-22 11:35 /myfile7
-rw-r--r--   3 root supergroup 1073741824 2019-02-22 11:37 /myfile8
-rw-r--r--   3 root supergroup  805306368 2019-02-22 11:37 /myfile9._COPYING_
file 8 has been put into HDFS
sub_benchmark 1 signal TERM catched and let quit gracefully
file 8 has been read from HDFS for 1 time
diff succeed!
Deleted /myfile8
file 8 has been removed from HDFS
