2019-02-27 14:42:02,957 INFO retry.RetryInvocationHandler: java.net.ConnectException: Call From clnode076.clemson.cloudlab.us/130.127.133.85 to node-0-link-0:8020 failed on connection exception: java.net.ConnectException: Connection refused; For more details see:  http://wiki.apache.org/hadoop/ConnectionRefused, while invoking ClientNamenodeProtocolTranslatorPB.renewLease over node-0-link-0/10.10.1.1:8020. Trying to failover immediately.
2019-02-27 14:42:02,963 INFO retry.RetryInvocationHandler: org.apache.hadoop.ipc.RemoteException(org.apache.hadoop.ipc.StandbyException): Operation category WRITE is not supported in state standby. Visit https://s.apache.org/sbnn-error
	at org.apache.hadoop.hdfs.server.namenode.ha.StandbyState.checkOperation(StandbyState.java:88)
	at org.apache.hadoop.hdfs.server.namenode.NameNode$NameNodeHAContext.checkOperation(NameNode.java:1952)
	at org.apache.hadoop.hdfs.server.namenode.FSNamesystem.checkOperation(FSNamesystem.java:1423)
	at org.apache.hadoop.hdfs.server.namenode.FSNamesystem.renewLease(FSNamesystem.java:3740)
	at org.apache.hadoop.hdfs.server.namenode.NameNodeRpcServer.renewLease(NameNodeRpcServer.java:1134)
	at org.apache.hadoop.hdfs.protocolPB.ClientNamenodeProtocolServerSideTranslatorPB.renewLease(ClientNamenodeProtocolServerSideTranslatorPB.java:737)
	at org.apache.hadoop.hdfs.protocol.proto.ClientNamenodeProtocolProtos$ClientNamenodeProtocol$2.callBlockingMethod(ClientNamenodeProtocolProtos.java)
	at org.apache.hadoop.ipc.ProtobufRpcEngine$Server$ProtoBufRpcInvoker.call(ProtobufRpcEngine.java:523)
	at org.apache.hadoop.ipc.RPC$Server.call(RPC.java:991)
	at org.apache.hadoop.ipc.Server$RpcCall.run(Server.java:872)
	at org.apache.hadoop.ipc.Server$RpcCall.run(Server.java:818)
	at java.security.AccessController.doPrivileged(Native Method)
	at javax.security.auth.Subject.doAs(Subject.java:422)
	at org.apache.hadoop.security.UserGroupInformation.doAs(UserGroupInformation.java:1729)
	at org.apache.hadoop.ipc.Server$Handler.run(Server.java:2678)
, while invoking ClientNamenodeProtocolTranslatorPB.renewLease over node-1-link-0/10.10.1.4:8020 after 1 failover attempts. Trying to failover after sleeping for 1169ms.
2019-02-27 14:42:03,014 INFO retry.RetryInvocationHandler: org.apache.hadoop.ipc.RemoteException(org.apache.hadoop.ipc.StandbyException): Operation category READ is not supported in state standby. Visit https://s.apache.org/sbnn-error
	at org.apache.hadoop.hdfs.server.namenode.ha.StandbyState.checkOperation(StandbyState.java:88)
	at org.apache.hadoop.hdfs.server.namenode.NameNode$NameNodeHAContext.checkOperation(NameNode.java:1952)
	at org.apache.hadoop.hdfs.server.namenode.FSNamesystem.checkOperation(FSNamesystem.java:1423)
	at org.apache.hadoop.hdfs.server.namenode.FSNamesystem.getAdditionalBlock(FSNamesystem.java:2674)
	at org.apache.hadoop.hdfs.server.namenode.NameNodeRpcServer.addBlock(NameNodeRpcServer.java:875)
	at org.apache.hadoop.hdfs.protocolPB.ClientNamenodeProtocolServerSideTranslatorPB.addBlock(ClientNamenodeProtocolServerSideTranslatorPB.java:561)
	at org.apache.hadoop.hdfs.protocol.proto.ClientNamenodeProtocolProtos$ClientNamenodeProtocol$2.callBlockingMethod(ClientNamenodeProtocolProtos.java)
	at org.apache.hadoop.ipc.ProtobufRpcEngine$Server$ProtoBufRpcInvoker.call(ProtobufRpcEngine.java:523)
	at org.apache.hadoop.ipc.RPC$Server.call(RPC.java:991)
	at org.apache.hadoop.ipc.Server$RpcCall.run(Server.java:872)
	at org.apache.hadoop.ipc.Server$RpcCall.run(Server.java:818)
	at java.security.AccessController.doPrivileged(Native Method)
	at javax.security.auth.Subject.doAs(Subject.java:422)
	at org.apache.hadoop.security.UserGroupInformation.doAs(UserGroupInformation.java:1729)
	at org.apache.hadoop.ipc.Server$Handler.run(Server.java:2678)
, while invoking ClientNamenodeProtocolTranslatorPB.addBlock over node-1-link-0/10.10.1.4:8020. Trying to failover immediately.
2019-02-27 14:42:03,016 INFO retry.RetryInvocationHandler: java.net.ConnectException: Call From clnode076.clemson.cloudlab.us/130.127.133.85 to node-0-link-0:8020 failed on connection exception: java.net.ConnectException: Connection refused; For more details see:  http://wiki.apache.org/hadoop/ConnectionRefused, while invoking ClientNamenodeProtocolTranslatorPB.addBlock over node-0-link-0/10.10.1.1:8020 after 1 failover attempts. Trying to failover after sleeping for 574ms.
2019-02-27 14:42:03,592 INFO retry.RetryInvocationHandler: org.apache.hadoop.ipc.RemoteException(org.apache.hadoop.ipc.StandbyException): Operation category READ is not supported in state standby. Visit https://s.apache.org/sbnn-error
	at org.apache.hadoop.hdfs.server.namenode.ha.StandbyState.checkOperation(StandbyState.java:88)
	at org.apache.hadoop.hdfs.server.namenode.NameNode$NameNodeHAContext.checkOperation(NameNode.java:1952)
	at org.apache.hadoop.hdfs.server.namenode.FSNamesystem.checkOperation(FSNamesystem.java:1423)
	at org.apache.hadoop.hdfs.server.namenode.FSNamesystem.getAdditionalBlock(FSNamesystem.java:2674)
	at org.apache.hadoop.hdfs.server.namenode.NameNodeRpcServer.addBlock(NameNodeRpcServer.java:875)
	at org.apache.hadoop.hdfs.protocolPB.ClientNamenodeProtocolServerSideTranslatorPB.addBlock(ClientNamenodeProtocolServerSideTranslatorPB.java:561)
	at org.apache.hadoop.hdfs.protocol.proto.ClientNamenodeProtocolProtos$ClientNamenodeProtocol$2.callBlockingMethod(ClientNamenodeProtocolProtos.java)
	at org.apache.hadoop.ipc.ProtobufRpcEngine$Server$ProtoBufRpcInvoker.call(ProtobufRpcEngine.java:523)
	at org.apache.hadoop.ipc.RPC$Server.call(RPC.java:991)
	at org.apache.hadoop.ipc.Server$RpcCall.run(Server.java:872)
	at org.apache.hadoop.ipc.Server$RpcCall.run(Server.java:818)
	at java.security.AccessController.doPrivileged(Native Method)
	at javax.security.auth.Subject.doAs(Subject.java:422)
	at org.apache.hadoop.security.UserGroupInformation.doAs(UserGroupInformation.java:1729)
	at org.apache.hadoop.ipc.Server$Handler.run(Server.java:2678)
, while invoking ClientNamenodeProtocolTranslatorPB.addBlock over node-1-link-0/10.10.1.4:8020 after 2 failover attempts. Trying to failover after sleeping for 2149ms.
2019-02-27 14:42:04,133 WARN retry.RetryInvocationHandler: A failover has occurred since the start of call #14 ClientNamenodeProtocolTranslatorPB.renewLease over node-1-link-0/10.10.1.4:8020
2019-02-27 14:42:05,744 INFO retry.RetryInvocationHandler: java.net.ConnectException: Call From clnode076.clemson.cloudlab.us/130.127.133.85 to node-0-link-0:8020 failed on connection exception: java.net.ConnectException: Connection refused; For more details see:  http://wiki.apache.org/hadoop/ConnectionRefused, while invoking ClientNamenodeProtocolTranslatorPB.addBlock over node-0-link-0/10.10.1.1:8020 after 3 failover attempts. Trying to failover after sleeping for 5022ms.
Found 20 items
-rw-r--r--   3 root supergroup 1073741824 2019-02-27 14:42 /myfile1
-rw-r--r--   3 root supergroup 1073741824 2019-02-27 14:42 /myfile10
-rw-r--r--   3 root supergroup 1073741824 2019-02-27 14:42 /myfile11
-rw-r--r--   3 root supergroup 1073741824 2019-02-27 14:42 /myfile12
-rw-r--r--   3 root supergroup 1073741824 2019-02-27 14:42 /myfile13
-rw-r--r--   3 root supergroup 1073741824 2019-02-27 14:41 /myfile14
-rw-r--r--   3 root supergroup 1073741824 2019-02-27 14:42 /myfile15
-rw-r--r--   3 root supergroup 1073741824 2019-02-27 14:42 /myfile16
-rw-r--r--   3 root supergroup 1073741824 2019-02-27 14:42 /myfile17
-rw-r--r--   3 root supergroup 1073741824 2019-02-27 14:42 /myfile18
-rw-r--r--   3 root supergroup 1073741824 2019-02-27 14:42 /myfile19
-rw-r--r--   3 root supergroup 1073741824 2019-02-27 14:42 /myfile2
-rw-r--r--   3 root supergroup 1073741824 2019-02-27 14:42 /myfile20
-rw-r--r--   3 root supergroup 1073741824 2019-02-27 14:42 /myfile3
-rw-r--r--   3 root supergroup 1073741824 2019-02-27 14:42 /myfile4
-rw-r--r--   3 root supergroup 1073741824 2019-02-27 14:42 /myfile5
-rw-r--r--   3 root supergroup 1073741824 2019-02-27 14:42 /myfile6
-rw-r--r--   3 root supergroup 1073741824 2019-02-27 14:41 /myfile7
-rw-r--r--   3 root supergroup 1073741824 2019-02-27 14:41 /myfile8
-rw-r--r--   3 root supergroup 1073741824 2019-02-27 14:41 /myfile9
file 3 has been put into HDFS
file 3 has been read from HDFS for 1 time
diff succeed!
file 3 has been read from HDFS for 2 time
diff succeed!
file 3 has been read from HDFS for 3 time
diff succeed!
file 3 has been read from HDFS for 4 time
diff succeed!
file 3 has been read from HDFS for 5 time
diff succeed!
file 3 has been read from HDFS for 6 time
diff succeed!
file 3 has been read from HDFS for 7 time
diff succeed!
file 3 has been read from HDFS for 8 time
diff succeed!
file 3 has been read from HDFS for 9 time
diff succeed!
file 3 has been read from HDFS for 10 time
diff succeed!
Deleted /myfile3
file 3 has been removed from HDFS
Found 18 items
-rw-r--r--   3 root supergroup 1073741824 2019-02-27 14:45 /myfile10
-rw-r--r--   3 root supergroup  805306368 2019-02-27 14:46 /myfile11._COPYING_
-rw-r--r--   3 root supergroup 1073741824 2019-02-27 14:46 /myfile12
-rw-r--r--   3 root supergroup 1073741824 2019-02-27 14:42 /myfile13
-rw-r--r--   3 root supergroup 1073741824 2019-02-27 14:45 /myfile14
-rw-r--r--   3 root supergroup 1073741824 2019-02-27 14:45 /myfile15
-rw-r--r--   3 root supergroup 1073741824 2019-02-27 14:45 /myfile17
-rw-r--r--   3 root supergroup 1073741824 2019-02-27 14:42 /myfile18
-rw-r--r--   3 root supergroup 1073741824 2019-02-27 14:45 /myfile19
-rw-r--r--   3 root supergroup 1073741824 2019-02-27 14:46 /myfile2
-rw-r--r--   3 root supergroup          0 2019-02-27 14:46 /myfile20._COPYING_
-rw-r--r--   3 root supergroup 1073741824 2019-02-27 14:46 /myfile3
-rw-r--r--   3 root supergroup 1073741824 2019-02-27 14:45 /myfile4
-rw-r--r--   3 root supergroup 1073741824 2019-02-27 14:42 /myfile5
-rw-r--r--   3 root supergroup 1073741824 2019-02-27 14:45 /myfile6
-rw-r--r--   3 root supergroup 1073741824 2019-02-27 14:45 /myfile7
-rw-r--r--   3 root supergroup 1073741824 2019-02-27 14:46 /myfile8
-rw-r--r--   3 root supergroup 1073741824 2019-02-27 14:45 /myfile9
file 3 has been put into HDFS
file 3 has been read from HDFS for 1 time
diff succeed!
file 3 has been read from HDFS for 2 time
diff succeed!
file 3 has been read from HDFS for 3 time
diff succeed!
file 3 has been read from HDFS for 4 time
diff succeed!
file 3 has been read from HDFS for 5 time
diff succeed!
file 3 has been read from HDFS for 6 time
diff succeed!
file 3 has been read from HDFS for 7 time
diff succeed!
file 3 has been read from HDFS for 8 time
diff succeed!
file 3 has been read from HDFS for 9 time
diff succeed!
file 3 has been read from HDFS for 10 time
diff succeed!
Deleted /myfile3
file 3 has been removed from HDFS
Found 20 items
-rw-r--r--   3 root supergroup 1073741824 2019-02-27 14:47 /myfile1
-rw-r--r--   3 root supergroup  134217728 2019-02-27 14:50 /myfile10._COPYING_
-rw-r--r--   3 root supergroup 1073741824 2019-02-27 14:46 /myfile11
-rw-r--r--   3 root supergroup  268435456 2019-02-27 14:50 /myfile12._COPYING_
-rw-r--r--   3 root supergroup 1073741824 2019-02-27 14:47 /myfile13
-rw-r--r--   3 root supergroup 1073741824 2019-02-27 14:49 /myfile14
-rw-r--r--   3 root supergroup 1073741824 2019-02-27 14:49 /myfile15
-rw-r--r--   3 root supergroup 1073741824 2019-02-27 14:47 /myfile16
-rw-r--r--   3 root supergroup 1073741824 2019-02-27 14:49 /myfile17
-rw-r--r--   3 root supergroup 1073741824 2019-02-27 14:47 /myfile18
-rw-r--r--   3 root supergroup 1073741824 2019-02-27 14:49 /myfile19
-rw-r--r--   3 root supergroup 1073741824 2019-02-27 14:50 /myfile2
-rw-r--r--   3 root supergroup 1073741824 2019-02-27 14:47 /myfile20
-rw-r--r--   3 root supergroup 1073741824 2019-02-27 14:50 /myfile3
-rw-r--r--   3 root supergroup 1073741824 2019-02-27 14:50 /myfile4
-rw-r--r--   3 root supergroup 1073741824 2019-02-27 14:47 /myfile5
-rw-r--r--   3 root supergroup 1073741824 2019-02-27 14:50 /myfile6
-rw-r--r--   3 root supergroup 1073741824 2019-02-27 14:50 /myfile7
-rw-r--r--   3 root supergroup  939524096 2019-02-27 14:50 /myfile8._COPYING_
-rw-r--r--   3 root supergroup 1073741824 2019-02-27 14:50 /myfile9
file 3 has been put into HDFS
file 3 has been read from HDFS for 1 time
diff succeed!
file 3 has been read from HDFS for 2 time
diff succeed!
file 3 has been read from HDFS for 3 time
diff succeed!
file 3 has been read from HDFS for 4 time
diff succeed!
file 3 has been read from HDFS for 5 time
diff succeed!
file 3 has been read from HDFS for 6 time
diff succeed!
file 3 has been read from HDFS for 7 time
diff succeed!
file 3 has been read from HDFS for 8 time
diff succeed!
file 3 has been read from HDFS for 9 time
diff succeed!
file 3 has been read from HDFS for 10 time
diff succeed!
Deleted /myfile3
file 3 has been removed from HDFS
Found 18 items
-rw-r--r--   3 root supergroup 1073741824 2019-02-27 14:51 /myfile1
-rw-r--r--   3 root supergroup 1073741824 2019-02-27 14:50 /myfile10
-rw-r--r--   3 root supergroup 1073741824 2019-02-27 14:51 /myfile11
-rw-r--r--   3 root supergroup 1073741824 2019-02-27 14:51 /myfile13
-rw-r--r--   3 root supergroup 1073741824 2019-02-27 14:54 /myfile14
-rw-r--r--   3 root supergroup 1073741824 2019-02-27 14:54 /myfile15
-rw-r--r--   3 root supergroup 1073741824 2019-02-27 14:51 /myfile16
-rw-r--r--   3 root supergroup 1073741824 2019-02-27 14:51 /myfile18
-rw-r--r--   3 root supergroup 1073741824 2019-02-27 14:54 /myfile19
-rw-r--r--   3 root supergroup 1073741824 2019-02-27 14:54 /myfile2
-rw-r--r--   3 root supergroup 1073741824 2019-02-27 14:51 /myfile20
-rw-r--r--   3 root supergroup 1073741824 2019-02-27 14:54 /myfile3
-rw-r--r--   3 root supergroup 1073741824 2019-02-27 14:54 /myfile4
-rw-r--r--   3 root supergroup 1073741824 2019-02-27 14:52 /myfile5
-rw-r--r--   3 root supergroup 1073741824 2019-02-27 14:54 /myfile6
-rw-r--r--   3 root supergroup 1073741824 2019-02-27 14:54 /myfile7
-rw-r--r--   3 root supergroup 1073741824 2019-02-27 14:50 /myfile8
-rw-r--r--   3 root supergroup 1073741824 2019-02-27 14:54 /myfile9
file 3 has been put into HDFS
file 3 has been read from HDFS for 1 time
diff succeed!
file 3 has been read from HDFS for 2 time
diff succeed!
file 3 has been read from HDFS for 3 time
diff succeed!
file 3 has been read from HDFS for 4 time
diff succeed!
file 3 has been read from HDFS for 5 time
diff succeed!
file 3 has been read from HDFS for 6 time
diff succeed!
file 3 has been read from HDFS for 7 time
diff succeed!
file 3 has been read from HDFS for 8 time
diff succeed!
file 3 has been read from HDFS for 9 time
diff succeed!
file 3 has been read from HDFS for 10 time
diff succeed!
Deleted /myfile3
file 3 has been removed from HDFS
Found 20 items
-rw-r--r--   3 root supergroup  536870912 2019-02-27 14:59 /myfile1._COPYING_
-rw-r--r--   3 root supergroup 1073741824 2019-02-27 14:56 /myfile10
-rw-r--r--   3 root supergroup 1073741824 2019-02-27 14:56 /myfile11
-rw-r--r--   3 root supergroup  805306368 2019-02-27 14:59 /myfile12._COPYING_
-rw-r--r--   3 root supergroup 1073741824 2019-02-27 14:55 /myfile13
-rw-r--r--   3 root supergroup 1073741824 2019-02-27 14:58 /myfile14
-rw-r--r--   3 root supergroup 1073741824 2019-02-27 14:57 /myfile15
-rw-r--r--   3 root supergroup 1073741824 2019-02-27 14:55 /myfile16
-rw-r--r--   3 root supergroup  536870912 2019-02-27 14:59 /myfile17._COPYING_
-rw-r--r--   3 root supergroup 1073741824 2019-02-27 14:55 /myfile18
-rw-r--r--   3 root supergroup 1073741824 2019-02-27 14:58 /myfile19
-rw-r--r--   3 root supergroup 1073741824 2019-02-27 14:58 /myfile2
-rw-r--r--   3 root supergroup 1073741824 2019-02-27 14:57 /myfile20
-rw-r--r--   3 root supergroup 1073741824 2019-02-27 14:59 /myfile3
-rw-r--r--   3 root supergroup 1073741824 2019-02-27 14:58 /myfile4
-rw-r--r--   3 root supergroup 1073741824 2019-02-27 14:57 /myfile5
-rw-r--r--   3 root supergroup 1073741824 2019-02-27 14:58 /myfile6
-rw-r--r--   3 root supergroup 1073741824 2019-02-27 14:58 /myfile7
-rw-r--r--   3 root supergroup  671088640 2019-02-27 14:59 /myfile8._COPYING_
-rw-r--r--   3 root supergroup 1073741824 2019-02-27 14:58 /myfile9
file 3 has been put into HDFS
file 3 has been read from HDFS for 1 time
diff succeed!
file 3 has been read from HDFS for 2 time
diff succeed!
file 3 has been read from HDFS for 3 time
diff succeed!
file 3 has been read from HDFS for 4 time
diff succeed!
file 3 has been read from HDFS for 5 time
diff succeed!
file 3 has been read from HDFS for 6 time
diff succeed!
file 3 has been read from HDFS for 7 time
diff succeed!
file 3 has been read from HDFS for 8 time
diff succeed!
file 3 has been read from HDFS for 9 time
diff succeed!
file 3 has been read from HDFS for 10 time
diff succeed!
Deleted /myfile3
file 3 has been removed from HDFS
Found 17 items
-rw-r--r--   3 root supergroup 1073741824 2019-02-27 15:00 /myfile10
-rw-r--r--   3 root supergroup 1073741824 2019-02-27 15:00 /myfile11
-rw-r--r--   3 root supergroup 1073741824 2019-02-27 14:59 /myfile12
-rw-r--r--   3 root supergroup 1073741824 2019-02-27 15:00 /myfile13
-rw-r--r--   3 root supergroup 1073741824 2019-02-27 15:02 /myfile14
-rw-r--r--   3 root supergroup 1073741824 2019-02-27 15:03 /myfile15
-rw-r--r--   3 root supergroup 1073741824 2019-02-27 15:00 /myfile16
-rw-r--r--   3 root supergroup 1073741824 2019-02-27 14:59 /myfile17
-rw-r--r--   3 root supergroup 1073741824 2019-02-27 15:00 /myfile18
-rw-r--r--   3 root supergroup 1073741824 2019-02-27 15:02 /myfile19
-rw-r--r--   3 root supergroup 1073741824 2019-02-27 15:02 /myfile2
-rw-r--r--   3 root supergroup 1073741824 2019-02-27 15:01 /myfile20
-rw-r--r--   3 root supergroup 1073741824 2019-02-27 15:03 /myfile3
-rw-r--r--   3 root supergroup 1073741824 2019-02-27 15:03 /myfile4
-rw-r--r--   3 root supergroup 1073741824 2019-02-27 15:01 /myfile5
-rw-r--r--   3 root supergroup 1073741824 2019-02-27 15:03 /myfile6
-rw-r--r--   3 root supergroup 1073741824 2019-02-27 15:03 /myfile9
file 3 has been put into HDFS
file 3 has been read from HDFS for 1 time
diff succeed!
file 3 has been read from HDFS for 2 time
diff succeed!
file 3 has been read from HDFS for 3 time
diff succeed!
file 3 has been read from HDFS for 4 time
diff succeed!
file 3 has been read from HDFS for 5 time
diff succeed!
file 3 has been read from HDFS for 6 time
diff succeed!
file 3 has been read from HDFS for 7 time
diff succeed!
file 3 has been read from HDFS for 8 time
diff succeed!
file 3 has been read from HDFS for 9 time
diff succeed!
file 3 has been read from HDFS for 10 time
diff succeed!
Deleted /myfile3
file 3 has been removed from HDFS
Found 20 items
-rw-r--r--   3 root supergroup 1073741824 2019-02-27 15:04 /myfile1
-rw-r--r--   3 root supergroup 1073741824 2019-02-27 15:04 /myfile10
-rw-r--r--   3 root supergroup 1073741824 2019-02-27 15:05 /myfile11
-rw-r--r--   3 root supergroup 1073741824 2019-02-27 15:05 /myfile12
-rw-r--r--   3 root supergroup 1073741824 2019-02-27 15:04 /myfile13
-rw-r--r--   3 root supergroup 1073741824 2019-02-27 15:06 /myfile14
-rw-r--r--   3 root supergroup 1073741824 2019-02-27 15:07 /myfile15
-rw-r--r--   3 root supergroup 1073741824 2019-02-27 15:05 /myfile16
-rw-r--r--   3 root supergroup 1073741824 2019-02-27 15:04 /myfile17
-rw-r--r--   3 root supergroup 1073741824 2019-02-27 15:05 /myfile18
-rw-r--r--   3 root supergroup 1073741824 2019-02-27 15:06 /myfile19
-rw-r--r--   3 root supergroup 1073741824 2019-02-27 15:06 /myfile2
-rw-r--r--   3 root supergroup 1073741824 2019-02-27 15:06 /myfile20
-rw-r--r--   3 root supergroup 1073741824 2019-02-27 15:07 /myfile3
-rw-r--r--   3 root supergroup  671088640 2019-02-27 15:07 /myfile4._COPYING_
-rw-r--r--   3 root supergroup 1073741824 2019-02-27 15:05 /myfile5
-rw-r--r--   3 root supergroup 1073741824 2019-02-27 15:07 /myfile6
-rw-r--r--   3 root supergroup 1073741824 2019-02-27 15:04 /myfile7
-rw-r--r--   3 root supergroup 1073741824 2019-02-27 15:04 /myfile8
-rw-r--r--   3 root supergroup 1073741824 2019-02-27 15:07 /myfile9
file 3 has been put into HDFS
file 3 has been read from HDFS for 1 time
diff succeed!
file 3 has been read from HDFS for 2 time
diff succeed!
file 3 has been read from HDFS for 3 time
diff succeed!
file 3 has been read from HDFS for 4 time
diff succeed!
file 3 has been read from HDFS for 5 time
diff succeed!
file 3 has been read from HDFS for 6 time
diff succeed!
file 3 has been read from HDFS for 7 time
diff succeed!
file 3 has been read from HDFS for 8 time
diff succeed!
file 3 has been read from HDFS for 9 time
diff succeed!
file 3 has been read from HDFS for 10 time
diff succeed!
Deleted /myfile3
file 3 has been removed from HDFS
Found 19 items
-rw-r--r--   3 root supergroup 1073741824 2019-02-27 15:08 /myfile1
-rw-r--r--   3 root supergroup 1073741824 2019-02-27 15:08 /myfile10
-rw-r--r--   3 root supergroup 1073741824 2019-02-27 15:10 /myfile11
-rw-r--r--   3 root supergroup 1073741824 2019-02-27 15:10 /myfile12
-rw-r--r--   3 root supergroup 1073741824 2019-02-27 15:08 /myfile13
-rw-r--r--   3 root supergroup 1073741824 2019-02-27 15:10 /myfile14
-rw-r--r--   3 root supergroup 1073741824 2019-02-27 15:10 /myfile16
-rw-r--r--   3 root supergroup 1073741824 2019-02-27 15:08 /myfile17
-rw-r--r--   3 root supergroup 1073741824 2019-02-27 15:10 /myfile18
-rw-r--r--   3 root supergroup 1073741824 2019-02-27 15:10 /myfile19
-rw-r--r--   3 root supergroup 1073741824 2019-02-27 15:10 /myfile2
-rw-r--r--   3 root supergroup 1073741824 2019-02-27 15:09 /myfile20
-rw-r--r--   3 root supergroup 1073741824 2019-02-27 15:11 /myfile3
-rw-r--r--   3 root supergroup 1073741824 2019-02-27 15:07 /myfile4
-rw-r--r--   3 root supergroup 1073741824 2019-02-27 15:09 /myfile5
-rw-r--r--   3 root supergroup  134217728 2019-02-27 15:11 /myfile6._COPYING_
-rw-r--r--   3 root supergroup 1073741824 2019-02-27 15:08 /myfile7
-rw-r--r--   3 root supergroup 1073741824 2019-02-27 15:08 /myfile8
-rw-r--r--   3 root supergroup  134217728 2019-02-27 15:11 /myfile9._COPYING_
file 3 has been put into HDFS
file 3 has been read from HDFS for 1 time
diff succeed!
file 3 has been read from HDFS for 2 time
diff succeed!
file 3 has been read from HDFS for 3 time
diff succeed!
file 3 has been read from HDFS for 4 time
diff succeed!
file 3 has been read from HDFS for 5 time
diff succeed!
file 3 has been read from HDFS for 6 time
diff succeed!
file 3 has been read from HDFS for 7 time
diff succeed!
file 3 has been read from HDFS for 8 time
diff succeed!
file 3 has been read from HDFS for 9 time
diff succeed!
file 3 has been read from HDFS for 10 time
diff succeed!
Deleted /myfile3
file 3 has been removed from HDFS
Found 19 items
-rw-r--r--   3 root supergroup 1073741824 2019-02-27 15:12 /myfile1
-rw-r--r--   3 root supergroup 1073741824 2019-02-27 15:12 /myfile10
-rw-r--r--   3 root supergroup 1073741824 2019-02-27 15:10 /myfile11
-rw-r--r--   3 root supergroup 1073741824 2019-02-27 15:15 /myfile12
-rw-r--r--   3 root supergroup 1073741824 2019-02-27 15:12 /myfile13
-rw-r--r--   3 root supergroup 1073741824 2019-02-27 15:13 /myfile14
-rw-r--r--   3 root supergroup 1073741824 2019-02-27 15:15 /myfile15
-rw-r--r--   3 root supergroup 1073741824 2019-02-27 15:14 /myfile16
-rw-r--r--   3 root supergroup 1073741824 2019-02-27 15:12 /myfile17
-rw-r--r--   3 root supergroup 1073741824 2019-02-27 15:14 /myfile18
-rw-r--r--   3 root supergroup 1073741824 2019-02-27 15:14 /myfile19
-rw-r--r--   3 root supergroup  805306368 2019-02-27 15:15 /myfile2._COPYING_
-rw-r--r--   3 root supergroup 1073741824 2019-02-27 15:13 /myfile20
-rw-r--r--   3 root supergroup 1073741824 2019-02-27 15:15 /myfile3
-rw-r--r--   3 root supergroup 1073741824 2019-02-27 15:11 /myfile4
-rw-r--r--   3 root supergroup 1073741824 2019-02-27 15:13 /myfile5
-rw-r--r--   3 root supergroup 1073741824 2019-02-27 15:12 /myfile7
-rw-r--r--   3 root supergroup 1073741824 2019-02-27 15:12 /myfile8
-rw-r--r--   3 root supergroup 1073741824 2019-02-27 15:15 /myfile9
file 3 has been put into HDFS
file 3 has been read from HDFS for 1 time
diff succeed!
file 3 has been read from HDFS for 2 time
diff succeed!
file 3 has been read from HDFS for 3 time
diff succeed!
file 3 has been read from HDFS for 4 time
diff succeed!
file 3 has been read from HDFS for 5 time
diff succeed!
file 3 has been read from HDFS for 6 time
diff succeed!
file 3 has been read from HDFS for 7 time
diff succeed!
file 3 has been read from HDFS for 8 time
diff succeed!
file 3 has been read from HDFS for 9 time
diff succeed!
file 3 has been read from HDFS for 10 time
diff succeed!
Deleted /myfile3
file 3 has been removed from HDFS
Found 20 items
-rw-r--r--   3 root supergroup 1073741824 2019-02-27 15:17 /myfile1
-rw-r--r--   3 root supergroup 1073741824 2019-02-27 15:16 /myfile10
-rw-r--r--   3 root supergroup 1073741824 2019-02-27 15:15 /myfile11
-rw-r--r--   3 root supergroup 1073741824 2019-02-27 15:15 /myfile12
-rw-r--r--   3 root supergroup 1073741824 2019-02-27 15:16 /myfile13
-rw-r--r--   3 root supergroup 1073741824 2019-02-27 15:18 /myfile14
-rw-r--r--   3 root supergroup 1073741824 2019-02-27 15:15 /myfile15
-rw-r--r--   3 root supergroup 1073741824 2019-02-27 15:14 /myfile16
-rw-r--r--   3 root supergroup 1073741824 2019-02-27 15:16 /myfile17
-rw-r--r--   3 root supergroup 1073741824 2019-02-27 15:18 /myfile18
-rw-r--r--   3 root supergroup 1073741824 2019-02-27 15:19 /myfile19
-rw-r--r--   3 root supergroup 1073741824 2019-02-27 15:15 /myfile2
-rw-r--r--   3 root supergroup 1073741824 2019-02-27 15:19 /myfile20
-rw-r--r--   3 root supergroup 1073741824 2019-02-27 15:19 /myfile3
-rw-r--r--   3 root supergroup 1073741824 2019-02-27 15:16 /myfile4
-rw-r--r--   3 root supergroup 1073741824 2019-02-27 15:18 /myfile5
-rw-r--r--   3 root supergroup 1073741824 2019-02-27 15:15 /myfile6
-rw-r--r--   3 root supergroup 1073741824 2019-02-27 15:16 /myfile7
-rw-r--r--   3 root supergroup 1073741824 2019-02-27 15:16 /myfile8
-rw-r--r--   3 root supergroup 1073741824 2019-02-27 15:18 /myfile9
file 3 has been put into HDFS
file 3 has been read from HDFS for 1 time
diff succeed!
file 3 has been read from HDFS for 2 time
diff succeed!
file 3 has been read from HDFS for 3 time
diff succeed!
file 3 has been read from HDFS for 4 time
diff succeed!
file 3 has been read from HDFS for 5 time
diff succeed!
file 3 has been read from HDFS for 6 time
diff succeed!
file 3 has been read from HDFS for 7 time
diff succeed!
file 3 has been read from HDFS for 8 time
diff succeed!
file 3 has been read from HDFS for 9 time
diff succeed!
file 3 has been read from HDFS for 10 time
diff succeed!
Deleted /myfile3
file 3 has been removed from HDFS
Found 20 items
-rw-r--r--   3 root supergroup 1073741824 2019-02-27 15:22 /myfile1
-rw-r--r--   3 root supergroup 1073741824 2019-02-27 15:21 /myfile10
-rw-r--r--   3 root supergroup 1073741824 2019-02-27 15:20 /myfile11
-rw-r--r--   3 root supergroup 1073741824 2019-02-27 15:21 /myfile12
-rw-r--r--   3 root supergroup 1073741824 2019-02-27 15:21 /myfile13
-rw-r--r--   3 root supergroup 1073741824 2019-02-27 15:22 /myfile14
-rw-r--r--   3 root supergroup 1073741824 2019-02-27 15:20 /myfile15
-rw-r--r--   3 root supergroup 1073741824 2019-02-27 15:21 /myfile16
-rw-r--r--   3 root supergroup 1073741824 2019-02-27 15:20 /myfile17
-rw-r--r--   3 root supergroup  536870912 2019-02-27 15:22 /myfile18._COPYING_
-rw-r--r--   3 root supergroup 1073741824 2019-02-27 15:23 /myfile19
-rw-r--r--   3 root supergroup 1073741824 2019-02-27 15:20 /myfile2
-rw-r--r--   3 root supergroup  939524096 2019-02-27 15:22 /myfile20._COPYING_
-rw-r--r--   3 root supergroup 1073741824 2019-02-27 15:23 /myfile3
-rw-r--r--   3 root supergroup 1073741824 2019-02-27 15:20 /myfile4
-rw-r--r--   3 root supergroup 1073741824 2019-02-27 15:22 /myfile5
-rw-r--r--   3 root supergroup 1073741824 2019-02-27 15:21 /myfile6
-rw-r--r--   3 root supergroup 1073741824 2019-02-27 15:21 /myfile7
-rw-r--r--   3 root supergroup 1073741824 2019-02-27 15:20 /myfile8
-rw-r--r--   3 root supergroup 1073741824 2019-02-27 15:22 /myfile9
file 3 has been put into HDFS
file 3 has been read from HDFS for 1 time
diff succeed!
file 3 has been read from HDFS for 2 time
diff succeed!
file 3 has been read from HDFS for 3 time
diff succeed!
file 3 has been read from HDFS for 4 time
diff succeed!
file 3 has been read from HDFS for 5 time
diff succeed!
file 3 has been read from HDFS for 6 time
diff succeed!
file 3 has been read from HDFS for 7 time
diff succeed!
file 3 has been read from HDFS for 8 time
diff succeed!
file 3 has been read from HDFS for 9 time
diff succeed!
file 3 has been read from HDFS for 10 time
diff succeed!
sub_benchmark 10 signal TERM catched and let quit gracefully
Deleted /myfile3
file 3 has been removed from HDFS
