Found 20 items
-rw-r--r--   3 root supergroup  671088640 2019-02-28 16:55 /myfile1._COPYING_
-rw-r--r--   3 root supergroup  939524096 2019-02-28 16:55 /myfile10._COPYING_
-rw-r--r--   3 root supergroup  805306368 2019-02-28 16:55 /myfile11._COPYING_
-rw-r--r--   3 root supergroup 1073741824 2019-02-28 16:56 /myfile12
-rw-r--r--   3 root supergroup 1073741824 2019-02-28 16:56 /myfile13
-rw-r--r--   3 root supergroup  671088640 2019-02-28 16:55 /myfile14._COPYING_
-rw-r--r--   3 root supergroup  939524096 2019-02-28 16:55 /myfile15._COPYING_
-rw-r--r--   3 root supergroup 1073741824 2019-02-28 16:56 /myfile16._COPYING_
-rw-r--r--   3 root supergroup  939524096 2019-02-28 16:55 /myfile17._COPYING_
-rw-r--r--   3 root supergroup 1073741824 2019-02-28 16:56 /myfile18
-rw-r--r--   3 root supergroup  939524096 2019-02-28 16:55 /myfile19._COPYING_
-rw-r--r--   3 root supergroup  805306368 2019-02-28 16:55 /myfile2._COPYING_
-rw-r--r--   3 root supergroup  939524096 2019-02-28 16:55 /myfile20._COPYING_
-rw-r--r--   3 root supergroup 1073741824 2019-02-28 16:56 /myfile3
-rw-r--r--   3 root supergroup  671088640 2019-02-28 16:55 /myfile4._COPYING_
-rw-r--r--   3 root supergroup 1073741824 2019-02-28 16:56 /myfile5
-rw-r--r--   3 root supergroup  805306368 2019-02-28 16:55 /myfile6._COPYING_
-rw-r--r--   3 root supergroup 1073741824 2019-02-28 16:56 /myfile7
-rw-r--r--   3 root supergroup  939524096 2019-02-28 16:55 /myfile8._COPYING_
-rw-r--r--   3 root supergroup  939524096 2019-02-28 16:55 /myfile9._COPYING_
file 5 has been put into HDFS
file 5 has been read from HDFS for 1 time
diff succeed!
file 5 has been read from HDFS for 2 time
diff succeed!
file 5 has been read from HDFS for 3 time
diff succeed!
file 5 has been read from HDFS for 4 time
diff succeed!
file 5 has been read from HDFS for 5 time
diff succeed!
file 5 has been read from HDFS for 6 time
diff succeed!
file 5 has been read from HDFS for 7 time
diff succeed!
file 5 has been read from HDFS for 8 time
diff succeed!
file 5 has been read from HDFS for 9 time
diff succeed!
file 5 has been read from HDFS for 10 time
diff succeed!
Deleted /myfile5
file 5 has been removed from HDFS
2019-02-28 17:00:19,237 INFO hdfs.DataStreamer: Exception in createBlockOutputStream blk_1073742021_1197
java.io.IOException: Got error, status=ERROR, status message , ack with firstBadLink as 10.10.1.2:9866
	at org.apache.hadoop.hdfs.protocol.datatransfer.DataTransferProtoUtil.checkBlockOpStatus(DataTransferProtoUtil.java:134)
	at org.apache.hadoop.hdfs.protocol.datatransfer.DataTransferProtoUtil.checkBlockOpStatus(DataTransferProtoUtil.java:110)
	at org.apache.hadoop.hdfs.DataStreamer.createBlockOutputStream(DataStreamer.java:1778)
	at org.apache.hadoop.hdfs.DataStreamer.nextBlockOutputStream(DataStreamer.java:1679)
	at org.apache.hadoop.hdfs.DataStreamer.run(DataStreamer.java:716)
2019-02-28 17:00:19,242 WARN hdfs.DataStreamer: Abandoning BP-361300674-130.127.133.67-1551398115678:blk_1073742021_1197
2019-02-28 17:00:19,265 WARN hdfs.DataStreamer: Excluding datanode DatanodeInfoWithStorage[10.10.1.2:9866,DS-41a1b6aa-da0f-4727-8b99-208d333c0f61,DISK]
Found 19 items
-rw-r--r--   3 root supergroup  268435456 2019-02-28 17:00 /myfile1._COPYING_
-rw-r--r--   3 root supergroup  402653184 2019-02-28 17:00 /myfile10._COPYING_
-rw-r--r--   3 root supergroup 1073741824 2019-02-28 16:56 /myfile11
-rw-r--r--   3 root supergroup 1073741824 2019-02-28 16:56 /myfile12
-rw-r--r--   3 root supergroup 1073741824 2019-02-28 17:00 /myfile13
-rw-r--r--   3 root supergroup 1073741824 2019-02-28 16:56 /myfile14
-rw-r--r--   3 root supergroup 1073741824 2019-02-28 16:56 /myfile15
-rw-r--r--   3 root supergroup 1073741824 2019-02-28 16:56 /myfile16
-rw-r--r--   3 root supergroup  402653184 2019-02-28 17:00 /myfile17._COPYING_
-rw-r--r--   3 root supergroup 1073741824 2019-02-28 16:56 /myfile18
-rw-r--r--   3 root supergroup 1073741824 2019-02-28 16:56 /myfile19
-rw-r--r--   3 root supergroup 1073741824 2019-02-28 17:00 /myfile2
-rw-r--r--   3 root supergroup 1073741824 2019-02-28 17:00 /myfile3
-rw-r--r--   3 root supergroup 1073741824 2019-02-28 17:00 /myfile4
-rw-r--r--   3 root supergroup 1073741824 2019-02-28 17:00 /myfile5
-rw-r--r--   3 root supergroup 1073741824 2019-02-28 16:56 /myfile6
-rw-r--r--   3 root supergroup 1073741824 2019-02-28 17:00 /myfile7
-rw-r--r--   3 root supergroup 1073741824 2019-02-28 16:56 /myfile8
-rw-r--r--   3 root supergroup  671088640 2019-02-28 17:00 /myfile9._COPYING_
file 5 has been put into HDFS
file 5 has been read from HDFS for 1 time
diff succeed!
file 5 has been read from HDFS for 2 time
diff succeed!
file 5 has been read from HDFS for 3 time
diff succeed!
file 5 has been read from HDFS for 4 time
diff succeed!
file 5 has been read from HDFS for 5 time
diff succeed!
file 5 has been read from HDFS for 6 time
diff succeed!
file 5 has been read from HDFS for 7 time
diff succeed!
file 5 has been read from HDFS for 8 time
diff succeed!
file 5 has been read from HDFS for 9 time
diff succeed!
file 5 has been read from HDFS for 10 time
diff succeed!
Deleted /myfile5
file 5 has been removed from HDFS
Found 19 items
-rw-r--r--   3 root supergroup 1073741824 2019-02-28 17:00 /myfile1
-rw-r--r--   3 root supergroup 1073741824 2019-02-28 17:01 /myfile11
-rw-r--r--   3 root supergroup 1073741824 2019-02-28 17:01 /myfile12
-rw-r--r--   3 root supergroup 1073741824 2019-02-28 17:04 /myfile13
-rw-r--r--   3 root supergroup 1073741824 2019-02-28 17:01 /myfile14
-rw-r--r--   3 root supergroup 1073741824 2019-02-28 17:01 /myfile15
-rw-r--r--   3 root supergroup 1073741824 2019-02-28 17:01 /myfile16
-rw-r--r--   3 root supergroup 1073741824 2019-02-28 17:00 /myfile17
-rw-r--r--   3 root supergroup 1073741824 2019-02-28 17:01 /myfile18
-rw-r--r--   3 root supergroup 1073741824 2019-02-28 17:02 /myfile19
-rw-r--r--   3 root supergroup  939524096 2019-02-28 17:04 /myfile2._COPYING_
-rw-r--r--   3 root supergroup 1073741824 2019-02-28 17:00 /myfile20
-rw-r--r--   3 root supergroup 1073741824 2019-02-28 17:04 /myfile3
-rw-r--r--   3 root supergroup 1073741824 2019-02-28 17:04 /myfile4
-rw-r--r--   3 root supergroup 1073741824 2019-02-28 17:04 /myfile5
-rw-r--r--   3 root supergroup 1073741824 2019-02-28 17:01 /myfile6
-rw-r--r--   3 root supergroup 1073741824 2019-02-28 17:04 /myfile7
-rw-r--r--   3 root supergroup 1073741824 2019-02-28 17:01 /myfile8
-rw-r--r--   3 root supergroup 1073741824 2019-02-28 17:00 /myfile9
file 5 has been put into HDFS
file 5 has been read from HDFS for 1 time
diff succeed!
file 5 has been read from HDFS for 2 time
diff succeed!
file 5 has been read from HDFS for 3 time
diff succeed!
file 5 has been read from HDFS for 4 time
diff succeed!
file 5 has been read from HDFS for 5 time
diff succeed!
file 5 has been read from HDFS for 6 time
diff succeed!
file 5 has been read from HDFS for 7 time
diff succeed!
file 5 has been read from HDFS for 8 time
diff succeed!
file 5 has been read from HDFS for 9 time
diff succeed!
file 5 has been read from HDFS for 10 time
diff succeed!
Deleted /myfile5
file 5 has been removed from HDFS
sub_benchmark 10 signal TERM catched and let quit gracefully
Found 12 items
-rw-r--r--   3 root supergroup 1073741824 2019-02-28 17:05 /myfile1
-rw-r--r--   3 root supergroup 1073741824 2019-02-28 17:10 /myfile10
-rw-r--r--   3 root supergroup 1073741824 2019-02-28 17:10 /myfile11
-rw-r--r--   3 root supergroup 1073741824 2019-02-28 17:09 /myfile14
-rw-r--r--   3 root supergroup 1073741824 2019-02-28 17:09 /myfile16
-rw-r--r--   3 root supergroup  805306368 2019-02-28 17:10 /myfile18._COPYING_
-rw-r--r--   3 root supergroup 1073741824 2019-02-28 17:07 /myfile19
-rw-r--r--   3 root supergroup 1073741824 2019-02-28 17:08 /myfile2
-rw-r--r--   3 root supergroup 1073741824 2019-02-28 17:09 /myfile3
-rw-r--r--   3 root supergroup 1073741824 2019-02-28 17:10 /myfile4
-rw-r--r--   3 root supergroup 1073741824 2019-02-28 17:10 /myfile5
-rw-r--r--   3 root supergroup 1073741824 2019-02-28 17:08 /myfile7
file 5 has been put into HDFS
file 5 has been read from HDFS for 1 time
diff succeed!
Deleted /myfile5
file 5 has been removed from HDFS
