Found 20 items
-rw-r--r--   3 root supergroup 1073741824 2019-03-01 00:13 /myfile1
-rw-r--r--   3 root supergroup 1073741824 2019-03-01 00:13 /myfile10
-rw-r--r--   3 root supergroup 1073741824 2019-03-01 00:13 /myfile11
-rw-r--r--   3 root supergroup 1073741824 2019-03-01 00:13 /myfile12
-rw-r--r--   3 root supergroup 1073741824 2019-03-01 00:13 /myfile13
-rw-r--r--   3 root supergroup 1073741824 2019-03-01 00:13 /myfile14
-rw-r--r--   3 root supergroup 1073741824 2019-03-01 00:13 /myfile15
-rw-r--r--   3 root supergroup 1073741824 2019-03-01 00:13 /myfile16
-rw-r--r--   3 root supergroup 1073741824 2019-03-01 00:13 /myfile17
-rw-r--r--   3 root supergroup  939524096 2019-03-01 00:12 /myfile18._COPYING_
-rw-r--r--   3 root supergroup  805306368 2019-03-01 00:12 /myfile19._COPYING_
-rw-r--r--   3 root supergroup 1073741824 2019-03-01 00:13 /myfile2
-rw-r--r--   3 root supergroup 1073741824 2019-03-01 00:13 /myfile20
-rw-r--r--   3 root supergroup 1073741824 2019-03-01 00:13 /myfile3
-rw-r--r--   3 root supergroup 1073741824 2019-03-01 00:13 /myfile4
-rw-r--r--   3 root supergroup 1073741824 2019-03-01 00:13 /myfile5
-rw-r--r--   3 root supergroup 1073741824 2019-03-01 00:13 /myfile6
-rw-r--r--   3 root supergroup 1073741824 2019-03-01 00:13 /myfile7
-rw-r--r--   3 root supergroup  939524096 2019-03-01 00:12 /myfile8._COPYING_
-rw-r--r--   3 root supergroup  805306368 2019-03-01 00:12 /myfile9._COPYING_
file 4 has been put into HDFS
file 4 has been read from HDFS for 1 time
diff succeed!
file 4 has been read from HDFS for 2 time
diff succeed!
file 4 has been read from HDFS for 3 time
diff succeed!
file 4 has been read from HDFS for 4 time
diff succeed!
file 4 has been read from HDFS for 5 time
diff succeed!
file 4 has been read from HDFS for 6 time
diff succeed!
file 4 has been read from HDFS for 7 time
diff succeed!
file 4 has been read from HDFS for 8 time
diff succeed!
file 4 has been read from HDFS for 9 time
diff succeed!
file 4 has been read from HDFS for 10 time
diff succeed!
Deleted /myfile4
file 4 has been removed from HDFS
2019-03-01 00:17:16,034 WARN hdfs.DataStreamer: Exception for BP-2072248610-130.127.133.59-1551424328674:blk_1073742020_1196
java.io.IOException: Bad response ERROR for BP-2072248610-130.127.133.59-1551424328674:blk_1073742020_1196 from datanode DatanodeInfoWithStorage[10.10.1.2:9866,DS-d2c61cf6-2afe-4911-b7e5-ee40dd3c10ad,DISK]
	at org.apache.hadoop.hdfs.DataStreamer$ResponseProcessor.run(DataStreamer.java:1126)
2019-03-01 00:17:16,038 WARN hdfs.DataStreamer: Error Recovery for BP-2072248610-130.127.133.59-1551424328674:blk_1073742020_1196 in pipeline [DatanodeInfoWithStorage[10.10.1.3:9866,DS-c189568d-9b7d-427d-9764-8b1e9a8ba9cd,DISK], DatanodeInfoWithStorage[10.10.1.2:9866,DS-d2c61cf6-2afe-4911-b7e5-ee40dd3c10ad,DISK], DatanodeInfoWithStorage[10.10.1.4:9866,DS-bff42221-eead-4724-951d-42729d540bc5,DISK]]: datanode 1(DatanodeInfoWithStorage[10.10.1.2:9866,DS-d2c61cf6-2afe-4911-b7e5-ee40dd3c10ad,DISK]) is bad.
2019-03-01 00:17:19,926 INFO hdfs.DataStreamer: Exception in createBlockOutputStream blk_1073742026_1204
java.io.IOException: Connection reset by peer
	at sun.nio.ch.FileDispatcherImpl.read0(Native Method)
	at sun.nio.ch.SocketDispatcher.read(SocketDispatcher.java:39)
	at sun.nio.ch.IOUtil.readIntoNativeBuffer(IOUtil.java:223)
	at sun.nio.ch.IOUtil.read(IOUtil.java:197)
	at sun.nio.ch.SocketChannelImpl.read(SocketChannelImpl.java:380)
	at org.apache.hadoop.net.SocketInputStream$Reader.performIO(SocketInputStream.java:57)
	at org.apache.hadoop.net.SocketIOWithTimeout.doIO(SocketIOWithTimeout.java:142)
	at org.apache.hadoop.net.SocketInputStream.read(SocketInputStream.java:161)
	at org.apache.hadoop.net.SocketInputStream.read(SocketInputStream.java:131)
	at org.apache.hadoop.net.SocketInputStream.read(SocketInputStream.java:118)
	at java.io.FilterInputStream.read(FilterInputStream.java:83)
	at java.io.FilterInputStream.read(FilterInputStream.java:83)
	at org.apache.hadoop.hdfs.protocolPB.PBHelperClient.vintPrefixed(PBHelperClient.java:547)
	at org.apache.hadoop.hdfs.DataStreamer.createBlockOutputStream(DataStreamer.java:1762)
	at org.apache.hadoop.hdfs.DataStreamer.nextBlockOutputStream(DataStreamer.java:1679)
	at org.apache.hadoop.hdfs.DataStreamer.run(DataStreamer.java:716)
2019-03-01 00:17:19,927 WARN hdfs.DataStreamer: Abandoning BP-2072248610-130.127.133.59-1551424328674:blk_1073742026_1204
2019-03-01 00:17:20,025 WARN hdfs.DataStreamer: Excluding datanode DatanodeInfoWithStorage[10.10.1.2:9866,DS-d2c61cf6-2afe-4911-b7e5-ee40dd3c10ad,DISK]
Found 17 items
-rw-r--r--   3 root supergroup          0 2019-03-01 00:17 /myfile1._COPYING_
-rw-r--r--   3 root supergroup 1073741824 2019-03-01 00:17 /myfile10
-rw-r--r--   3 root supergroup          0 2019-03-01 00:17 /myfile12._COPYING_
-rw-r--r--   3 root supergroup  268435456 2019-03-01 00:17 /myfile13._COPYING_
-rw-r--r--   3 root supergroup  402653184 2019-03-01 00:17 /myfile14._COPYING_
-rw-r--r--   3 root supergroup          0 2019-03-01 00:17 /myfile15._COPYING_
-rw-r--r--   3 root supergroup 1073741824 2019-03-01 00:17 /myfile16
-rw-r--r--   3 root supergroup  402653184 2019-03-01 00:17 /myfile17._COPYING_
-rw-r--r--   3 root supergroup 1073741824 2019-03-01 00:13 /myfile18
-rw-r--r--   3 root supergroup          0 2019-03-01 00:17 /myfile19._COPYING_
-rw-r--r--   3 root supergroup 1073741824 2019-03-01 00:17 /myfile2
-rw-r--r--   3 root supergroup 1073741824 2019-03-01 00:17 /myfile20
-rw-r--r--   3 root supergroup 1073741824 2019-03-01 00:17 /myfile4
-rw-r--r--   3 root supergroup          0 2019-03-01 00:17 /myfile5._COPYING_
-rw-r--r--   3 root supergroup  268435456 2019-03-01 00:17 /myfile7._COPYING_
-rw-r--r--   3 root supergroup          0 2019-03-01 00:17 /myfile8._COPYING_
-rw-r--r--   3 root supergroup  268435456 2019-03-01 00:17 /myfile9._COPYING_
file 4 has been put into HDFS
file 4 has been read from HDFS for 1 time
diff succeed!
file 4 has been read from HDFS for 2 time
diff succeed!
file 4 has been read from HDFS for 3 time
diff succeed!
file 4 has been read from HDFS for 4 time
diff succeed!
file 4 has been read from HDFS for 5 time
diff succeed!
file 4 has been read from HDFS for 6 time
diff succeed!
file 4 has been read from HDFS for 7 time
diff succeed!
file 4 has been read from HDFS for 8 time
diff succeed!
file 4 has been read from HDFS for 9 time
diff succeed!
file 4 has been read from HDFS for 10 time
diff succeed!
Deleted /myfile4
file 4 has been removed from HDFS
Found 17 items
-rw-r--r--   3 root supergroup 1073741824 2019-03-01 00:21 /myfile10
-rw-r--r--   3 root supergroup 1073741824 2019-03-01 00:18 /myfile11
-rw-r--r--   3 root supergroup  268435456 2019-03-01 00:21 /myfile12._COPYING_
-rw-r--r--   3 root supergroup  671088640 2019-03-01 00:21 /myfile13._COPYING_
-rw-r--r--   3 root supergroup 1073741824 2019-03-01 00:21 /myfile14
-rw-r--r--   3 root supergroup 1073741824 2019-03-01 00:21 /myfile15
-rw-r--r--   3 root supergroup 1073741824 2019-03-01 00:21 /myfile16
-rw-r--r--   3 root supergroup  939524096 2019-03-01 00:21 /myfile17._COPYING_
-rw-r--r--   3 root supergroup 1073741824 2019-03-01 00:17 /myfile18
-rw-r--r--   3 root supergroup 1073741824 2019-03-01 00:21 /myfile19
-rw-r--r--   3 root supergroup 1073741824 2019-03-01 00:21 /myfile2
-rw-r--r--   3 root supergroup 1073741824 2019-03-01 00:21 /myfile20
-rw-r--r--   3 root supergroup 1073741824 2019-03-01 00:18 /myfile3
-rw-r--r--   3 root supergroup 1073741824 2019-03-01 00:21 /myfile4
-rw-r--r--   3 root supergroup 1073741824 2019-03-01 00:21 /myfile5
-rw-r--r--   3 root supergroup 1073741824 2019-03-01 00:21 /myfile7
-rw-r--r--   3 root supergroup 1073741824 2019-03-01 00:18 /myfile8
file 4 has been put into HDFS
file 4 has been read from HDFS for 1 time
diff succeed!
file 4 has been read from HDFS for 2 time
diff succeed!
file 4 has been read from HDFS for 3 time
diff succeed!
file 4 has been read from HDFS for 4 time
diff succeed!
file 4 has been read from HDFS for 5 time
diff succeed!
file 4 has been read from HDFS for 6 time
diff succeed!
file 4 has been read from HDFS for 7 time
diff succeed!
2019-03-01 00:24:33,851 WARN impl.BlockReaderFactory: I/O error constructing remote block reader.
java.io.EOFException: Unexpected EOF while trying to read response from server
	at org.apache.hadoop.hdfs.protocolPB.PBHelperClient.vintPrefixed(PBHelperClient.java:549)
	at org.apache.hadoop.hdfs.client.impl.BlockReaderRemote.newBlockReader(BlockReaderRemote.java:407)
	at org.apache.hadoop.hdfs.client.impl.BlockReaderFactory.getRemoteBlockReader(BlockReaderFactory.java:853)
	at org.apache.hadoop.hdfs.client.impl.BlockReaderFactory.getRemoteBlockReaderFromTcp(BlockReaderFactory.java:749)
	at org.apache.hadoop.hdfs.client.impl.BlockReaderFactory.build(BlockReaderFactory.java:379)
	at org.apache.hadoop.hdfs.DFSInputStream.getBlockReader(DFSInputStream.java:641)
	at org.apache.hadoop.hdfs.DFSInputStream.blockSeekTo(DFSInputStream.java:572)
	at org.apache.hadoop.hdfs.DFSInputStream.readWithStrategy(DFSInputStream.java:754)
	at org.apache.hadoop.hdfs.DFSInputStream.read(DFSInputStream.java:820)
	at java.io.DataInputStream.read(DataInputStream.java:100)
	at org.apache.hadoop.io.IOUtils.copyBytes(IOUtils.java:100)
	at org.apache.hadoop.io.IOUtils.copyBytes(IOUtils.java:68)
	at org.apache.hadoop.io.IOUtils.copyBytes(IOUtils.java:129)
	at org.apache.hadoop.fs.shell.CommandWithDestination$TargetFileSystem.writeStreamToFile(CommandWithDestination.java:485)
	at org.apache.hadoop.fs.shell.CommandWithDestination.copyStreamToTarget(CommandWithDestination.java:407)
	at org.apache.hadoop.fs.shell.CommandWithDestination.copyFileToTarget(CommandWithDestination.java:342)
	at org.apache.hadoop.fs.shell.CommandWithDestination.processPath(CommandWithDestination.java:277)
	at org.apache.hadoop.fs.shell.CommandWithDestination.processPath(CommandWithDestination.java:262)
	at org.apache.hadoop.fs.shell.Command.processPaths(Command.java:331)
	at org.apache.hadoop.fs.shell.Command.processPathArgument(Command.java:303)
	at org.apache.hadoop.fs.shell.CommandWithDestination.processPathArgument(CommandWithDestination.java:257)
	at org.apache.hadoop.fs.shell.Command.processArgument(Command.java:285)
	at org.apache.hadoop.fs.shell.Command.processArguments(Command.java:269)
	at org.apache.hadoop.fs.shell.CommandWithDestination.processArguments(CommandWithDestination.java:228)
	at org.apache.hadoop.fs.shell.FsCommand.processRawArguments(FsCommand.java:120)
	at org.apache.hadoop.fs.shell.Command.run(Command.java:176)
	at org.apache.hadoop.fs.FsShell.run(FsShell.java:328)
	at org.apache.hadoop.util.ToolRunner.run(ToolRunner.java:76)
	at org.apache.hadoop.util.ToolRunner.run(ToolRunner.java:90)
	at org.apache.hadoop.fs.FsShell.main(FsShell.java:391)
2019-03-01 00:24:33,857 WARN hdfs.DFSClient: Failed to connect to /10.10.1.2:9866 for block BP-2072248610-130.127.133.59-1551424328674:blk_1073742218_1397, add to deadNodes and continue. 
java.io.EOFException: Unexpected EOF while trying to read response from server
	at org.apache.hadoop.hdfs.protocolPB.PBHelperClient.vintPrefixed(PBHelperClient.java:549)
	at org.apache.hadoop.hdfs.client.impl.BlockReaderRemote.newBlockReader(BlockReaderRemote.java:407)
	at org.apache.hadoop.hdfs.client.impl.BlockReaderFactory.getRemoteBlockReader(BlockReaderFactory.java:853)
	at org.apache.hadoop.hdfs.client.impl.BlockReaderFactory.getRemoteBlockReaderFromTcp(BlockReaderFactory.java:749)
	at org.apache.hadoop.hdfs.client.impl.BlockReaderFactory.build(BlockReaderFactory.java:379)
	at org.apache.hadoop.hdfs.DFSInputStream.getBlockReader(DFSInputStream.java:641)
	at org.apache.hadoop.hdfs.DFSInputStream.blockSeekTo(DFSInputStream.java:572)
	at org.apache.hadoop.hdfs.DFSInputStream.readWithStrategy(DFSInputStream.java:754)
	at org.apache.hadoop.hdfs.DFSInputStream.read(DFSInputStream.java:820)
	at java.io.DataInputStream.read(DataInputStream.java:100)
	at org.apache.hadoop.io.IOUtils.copyBytes(IOUtils.java:100)
	at org.apache.hadoop.io.IOUtils.copyBytes(IOUtils.java:68)
	at org.apache.hadoop.io.IOUtils.copyBytes(IOUtils.java:129)
	at org.apache.hadoop.fs.shell.CommandWithDestination$TargetFileSystem.writeStreamToFile(CommandWithDestination.java:485)
	at org.apache.hadoop.fs.shell.CommandWithDestination.copyStreamToTarget(CommandWithDestination.java:407)
	at org.apache.hadoop.fs.shell.CommandWithDestination.copyFileToTarget(CommandWithDestination.java:342)
	at org.apache.hadoop.fs.shell.CommandWithDestination.processPath(CommandWithDestination.java:277)
	at org.apache.hadoop.fs.shell.CommandWithDestination.processPath(CommandWithDestination.java:262)
	at org.apache.hadoop.fs.shell.Command.processPaths(Command.java:331)
	at org.apache.hadoop.fs.shell.Command.processPathArgument(Command.java:303)
	at org.apache.hadoop.fs.shell.CommandWithDestination.processPathArgument(CommandWithDestination.java:257)
	at org.apache.hadoop.fs.shell.Command.processArgument(Command.java:285)
	at org.apache.hadoop.fs.shell.Command.processArguments(Command.java:269)
	at org.apache.hadoop.fs.shell.CommandWithDestination.processArguments(CommandWithDestination.java:228)
	at org.apache.hadoop.fs.shell.FsCommand.processRawArguments(FsCommand.java:120)
	at org.apache.hadoop.fs.shell.Command.run(Command.java:176)
	at org.apache.hadoop.fs.FsShell.run(FsShell.java:328)
	at org.apache.hadoop.util.ToolRunner.run(ToolRunner.java:76)
	at org.apache.hadoop.util.ToolRunner.run(ToolRunner.java:90)
	at org.apache.hadoop.fs.FsShell.main(FsShell.java:391)
2019-03-01 00:24:33,860 INFO hdfs.DFSClient: Successfully connected to /10.10.1.3:9866 for BP-2072248610-130.127.133.59-1551424328674:blk_1073742218_1397
file 4 has been read from HDFS for 8 time
diff succeed!
file 4 has been read from HDFS for 9 time
diff succeed!
file 4 has been read from HDFS for 10 time
diff succeed!
Deleted /myfile4
file 4 has been removed from HDFS
Found 20 items
-rw-r--r--   3 root supergroup 1073741824 2019-03-01 00:25 /myfile1
-rw-r--r--   3 root supergroup 1073741824 2019-03-01 00:25 /myfile10
-rw-r--r--   3 root supergroup 1073741824 2019-03-01 00:26 /myfile11
-rw-r--r--   3 root supergroup 1073741824 2019-03-01 00:26 /myfile12
-rw-r--r--   3 root supergroup 1073741824 2019-03-01 00:26 /myfile13
-rw-r--r--   3 root supergroup 1073741824 2019-03-01 00:25 /myfile14
-rw-r--r--   3 root supergroup 1073741824 2019-03-01 00:25 /myfile15
-rw-r--r--   3 root supergroup 1073741824 2019-03-01 00:25 /myfile16
-rw-r--r--   3 root supergroup 1073741824 2019-03-01 00:26 /myfile17
-rw-r--r--   3 root supergroup 1073741824 2019-03-01 00:26 /myfile18
-rw-r--r--   3 root supergroup 1073741824 2019-03-01 00:25 /myfile19
-rw-r--r--   3 root supergroup 1073741824 2019-03-01 00:25 /myfile2
-rw-r--r--   3 root supergroup 1073741824 2019-03-01 00:25 /myfile20
-rw-r--r--   3 root supergroup 1073741824 2019-03-01 00:26 /myfile3
-rw-r--r--   3 root supergroup 1073741824 2019-03-01 00:26 /myfile4
-rw-r--r--   3 root supergroup 1073741824 2019-03-01 00:25 /myfile5
-rw-r--r--   3 root supergroup 1073741824 2019-03-01 00:22 /myfile6
-rw-r--r--   3 root supergroup 1073741824 2019-03-01 00:25 /myfile7
-rw-r--r--   3 root supergroup 1073741824 2019-03-01 00:26 /myfile8
-rw-r--r--   3 root supergroup 1073741824 2019-03-01 00:26 /myfile9
file 4 has been put into HDFS
file 4 has been read from HDFS for 1 time
diff succeed!
file 4 has been read from HDFS for 2 time
diff succeed!
sub_benchmark 3 signal TERM catched and let quit gracefully
file 4 has been read from HDFS for 3 time
diff succeed!
Deleted /myfile4
file 4 has been removed from HDFS
