Found 20 items
-rw-r--r--   3 root supergroup 1073741824 2019-03-01 00:13 /myfile1
-rw-r--r--   3 root supergroup 1073741824 2019-03-01 00:13 /myfile10
-rw-r--r--   3 root supergroup 1073741824 2019-03-01 00:13 /myfile11
-rw-r--r--   3 root supergroup 1073741824 2019-03-01 00:13 /myfile12
-rw-r--r--   3 root supergroup 1073741824 2019-03-01 00:13 /myfile13
-rw-r--r--   3 root supergroup 1073741824 2019-03-01 00:13 /myfile14
-rw-r--r--   3 root supergroup 1073741824 2019-03-01 00:13 /myfile15
-rw-r--r--   3 root supergroup 1073741824 2019-03-01 00:13 /myfile16
-rw-r--r--   3 root supergroup 1073741824 2019-03-01 00:13 /myfile17
-rw-r--r--   3 root supergroup  939524096 2019-03-01 00:12 /myfile18._COPYING_
-rw-r--r--   3 root supergroup  805306368 2019-03-01 00:12 /myfile19._COPYING_
-rw-r--r--   3 root supergroup 1073741824 2019-03-01 00:13 /myfile2
-rw-r--r--   3 root supergroup 1073741824 2019-03-01 00:13 /myfile20
-rw-r--r--   3 root supergroup 1073741824 2019-03-01 00:13 /myfile3
-rw-r--r--   3 root supergroup 1073741824 2019-03-01 00:13 /myfile4
-rw-r--r--   3 root supergroup 1073741824 2019-03-01 00:13 /myfile5
-rw-r--r--   3 root supergroup 1073741824 2019-03-01 00:13 /myfile6
-rw-r--r--   3 root supergroup 1073741824 2019-03-01 00:13 /myfile7
-rw-r--r--   3 root supergroup  939524096 2019-03-01 00:12 /myfile8._COPYING_
-rw-r--r--   3 root supergroup  805306368 2019-03-01 00:12 /myfile9._COPYING_
file 14 has been put into HDFS
file 14 has been read from HDFS for 1 time
diff succeed!
file 14 has been read from HDFS for 2 time
diff succeed!
file 14 has been read from HDFS for 3 time
diff succeed!
file 14 has been read from HDFS for 4 time
diff succeed!
file 14 has been read from HDFS for 5 time
diff succeed!
file 14 has been read from HDFS for 6 time
diff succeed!
file 14 has been read from HDFS for 7 time
diff succeed!
file 14 has been read from HDFS for 8 time
diff succeed!
file 14 has been read from HDFS for 9 time
diff succeed!
file 14 has been read from HDFS for 10 time
diff succeed!
Deleted /myfile14
file 14 has been removed from HDFS
2019-03-01 00:17:19,927 INFO hdfs.DataStreamer: Exception in createBlockOutputStream blk_1073742028_1206
java.io.IOException: Got error, status=ERROR, status message , ack with firstBadLink as 10.10.1.2:9866
	at org.apache.hadoop.hdfs.protocol.datatransfer.DataTransferProtoUtil.checkBlockOpStatus(DataTransferProtoUtil.java:134)
	at org.apache.hadoop.hdfs.protocol.datatransfer.DataTransferProtoUtil.checkBlockOpStatus(DataTransferProtoUtil.java:110)
	at org.apache.hadoop.hdfs.DataStreamer.createBlockOutputStream(DataStreamer.java:1778)
	at org.apache.hadoop.hdfs.DataStreamer.nextBlockOutputStream(DataStreamer.java:1679)
	at org.apache.hadoop.hdfs.DataStreamer.run(DataStreamer.java:716)
2019-03-01 00:17:19,931 WARN hdfs.DataStreamer: Abandoning BP-2072248610-130.127.133.59-1551424328674:blk_1073742028_1206
2019-03-01 00:17:20,022 WARN hdfs.DataStreamer: Excluding datanode DatanodeInfoWithStorage[10.10.1.2:9866,DS-d2c61cf6-2afe-4911-b7e5-ee40dd3c10ad,DISK]
Found 20 items
-rw-r--r--   3 root supergroup          0 2019-03-01 00:17 /myfile1._COPYING_
-rw-r--r--   3 root supergroup 1073741824 2019-03-01 00:17 /myfile10
-rw-r--r--   3 root supergroup          0 2019-03-01 00:17 /myfile11._COPYING_
-rw-r--r--   3 root supergroup          0 2019-03-01 00:17 /myfile12._COPYING_
-rw-r--r--   3 root supergroup 1073741824 2019-03-01 00:17 /myfile13
-rw-r--r--   3 root supergroup 1073741824 2019-03-01 00:17 /myfile14
-rw-r--r--   3 root supergroup 1073741824 2019-03-01 00:17 /myfile15
-rw-r--r--   3 root supergroup 1073741824 2019-03-01 00:17 /myfile16
-rw-r--r--   3 root supergroup 1073741824 2019-03-01 00:17 /myfile17
-rw-r--r--   3 root supergroup          0 2019-03-01 00:17 /myfile18._COPYING_
-rw-r--r--   3 root supergroup  805306368 2019-03-01 00:17 /myfile19._COPYING_
-rw-r--r--   3 root supergroup 1073741824 2019-03-01 00:17 /myfile2
-rw-r--r--   3 root supergroup 1073741824 2019-03-01 00:17 /myfile20
-rw-r--r--   3 root supergroup          0 2019-03-01 00:17 /myfile3._COPYING_
-rw-r--r--   3 root supergroup 1073741824 2019-03-01 00:17 /myfile4
-rw-r--r--   3 root supergroup 1073741824 2019-03-01 00:17 /myfile5
-rw-r--r--   3 root supergroup          0 2019-03-01 00:17 /myfile6._COPYING_
-rw-r--r--   3 root supergroup 1073741824 2019-03-01 00:17 /myfile7
-rw-r--r--   3 root supergroup          0 2019-03-01 00:17 /myfile8._COPYING_
-rw-r--r--   3 root supergroup 1073741824 2019-03-01 00:17 /myfile9
file 14 has been put into HDFS
file 14 has been read from HDFS for 1 time
diff succeed!
file 14 has been read from HDFS for 2 time
diff succeed!
file 14 has been read from HDFS for 3 time
diff succeed!
file 14 has been read from HDFS for 4 time
diff succeed!
file 14 has been read from HDFS for 5 time
diff succeed!
file 14 has been read from HDFS for 6 time
diff succeed!
file 14 has been read from HDFS for 7 time
diff succeed!
file 14 has been read from HDFS for 8 time
diff succeed!
file 14 has been read from HDFS for 9 time
diff succeed!
file 14 has been read from HDFS for 10 time
diff succeed!
Deleted /myfile14
file 14 has been removed from HDFS
Found 17 items
-rw-r--r--   3 root supergroup 1073741824 2019-03-01 00:21 /myfile10
-rw-r--r--   3 root supergroup 1073741824 2019-03-01 00:18 /myfile11
-rw-r--r--   3 root supergroup          0 2019-03-01 00:21 /myfile12._COPYING_
-rw-r--r--   3 root supergroup  268435456 2019-03-01 00:21 /myfile13._COPYING_
-rw-r--r--   3 root supergroup 1073741824 2019-03-01 00:21 /myfile14
-rw-r--r--   3 root supergroup 1073741824 2019-03-01 00:21 /myfile15
-rw-r--r--   3 root supergroup 1073741824 2019-03-01 00:21 /myfile16
-rw-r--r--   3 root supergroup  671088640 2019-03-01 00:21 /myfile17._COPYING_
-rw-r--r--   3 root supergroup 1073741824 2019-03-01 00:17 /myfile18
-rw-r--r--   3 root supergroup 1073741824 2019-03-01 00:21 /myfile19
-rw-r--r--   3 root supergroup 1073741824 2019-03-01 00:21 /myfile2
-rw-r--r--   3 root supergroup 1073741824 2019-03-01 00:21 /myfile20
-rw-r--r--   3 root supergroup 1073741824 2019-03-01 00:18 /myfile3
-rw-r--r--   3 root supergroup 1073741824 2019-03-01 00:21 /myfile4
-rw-r--r--   3 root supergroup  939524096 2019-03-01 00:21 /myfile5._COPYING_
-rw-r--r--   3 root supergroup 1073741824 2019-03-01 00:21 /myfile7
-rw-r--r--   3 root supergroup 1073741824 2019-03-01 00:18 /myfile8
file 14 has been put into HDFS
file 14 has been read from HDFS for 1 time
diff succeed!
file 14 has been read from HDFS for 2 time
diff succeed!
file 14 has been read from HDFS for 3 time
diff succeed!
file 14 has been read from HDFS for 4 time
diff succeed!
file 14 has been read from HDFS for 5 time
diff succeed!
file 14 has been read from HDFS for 6 time
diff succeed!
file 14 has been read from HDFS for 7 time
diff succeed!
file 14 has been read from HDFS for 8 time
diff succeed!
file 14 has been read from HDFS for 9 time
diff succeed!
file 14 has been read from HDFS for 10 time
diff succeed!
Deleted /myfile14
file 14 has been removed from HDFS
Found 18 items
-rw-r--r--   3 root supergroup 1073741824 2019-03-01 00:25 /myfile1
-rw-r--r--   3 root supergroup 1073741824 2019-03-01 00:25 /myfile10
-rw-r--r--   3 root supergroup 1073741824 2019-03-01 00:22 /myfile11
-rw-r--r--   3 root supergroup 1073741824 2019-03-01 00:21 /myfile12
-rw-r--r--   3 root supergroup 1073741824 2019-03-01 00:25 /myfile14
-rw-r--r--   3 root supergroup 1073741824 2019-03-01 00:25 /myfile15
-rw-r--r--   3 root supergroup 1073741824 2019-03-01 00:25 /myfile16
-rw-r--r--   3 root supergroup 1073741824 2019-03-01 00:21 /myfile17
-rw-r--r--   3 root supergroup 1073741824 2019-03-01 00:22 /myfile18
-rw-r--r--   3 root supergroup 1073741824 2019-03-01 00:25 /myfile19
-rw-r--r--   3 root supergroup 1073741824 2019-03-01 00:25 /myfile2
-rw-r--r--   3 root supergroup 1073741824 2019-03-01 00:25 /myfile20
-rw-r--r--   3 root supergroup 1073741824 2019-03-01 00:21 /myfile4
-rw-r--r--   3 root supergroup 1073741824 2019-03-01 00:25 /myfile5
-rw-r--r--   3 root supergroup 1073741824 2019-03-01 00:22 /myfile6
-rw-r--r--   3 root supergroup 1073741824 2019-03-01 00:25 /myfile7
-rw-r--r--   3 root supergroup 1073741824 2019-03-01 00:21 /myfile8
-rw-r--r--   3 root supergroup 1073741824 2019-03-01 00:21 /myfile9
file 14 has been put into HDFS
file 14 has been read from HDFS for 1 time
diff succeed!
file 14 has been read from HDFS for 2 time
diff succeed!
file 14 has been read from HDFS for 3 time
diff succeed!
file 14 has been read from HDFS for 4 time
diff succeed!
sub_benchmark 5 signal TERM catched and let quit gracefully
file 14 has been read from HDFS for 5 time
diff succeed!
Deleted /myfile14
file 14 has been removed from HDFS
