2019-03-01 07:33:44,793 WARN hdfs.DataStreamer: Exception for BP-1335468626-130.127.133.67-1551450727285:blk_1073741980_1156
java.io.IOException: Connection reset by peer
	at sun.nio.ch.FileDispatcherImpl.read0(Native Method)
	at sun.nio.ch.SocketDispatcher.read(SocketDispatcher.java:39)
	at sun.nio.ch.IOUtil.readIntoNativeBuffer(IOUtil.java:223)
	at sun.nio.ch.IOUtil.read(IOUtil.java:197)
	at sun.nio.ch.SocketChannelImpl.read(SocketChannelImpl.java:380)
	at org.apache.hadoop.net.SocketInputStream$Reader.performIO(SocketInputStream.java:57)
	at org.apache.hadoop.net.SocketIOWithTimeout.doIO(SocketIOWithTimeout.java:142)
	at org.apache.hadoop.net.SocketInputStream.read(SocketInputStream.java:161)
	at org.apache.hadoop.net.SocketInputStream.read(SocketInputStream.java:131)
	at org.apache.hadoop.net.SocketInputStream.read(SocketInputStream.java:118)
	at java.io.FilterInputStream.read(FilterInputStream.java:83)
	at java.io.FilterInputStream.read(FilterInputStream.java:83)
	at org.apache.hadoop.hdfs.protocolPB.PBHelperClient.vintPrefixed(PBHelperClient.java:547)
	at org.apache.hadoop.hdfs.protocol.datatransfer.PipelineAck.readFields(PipelineAck.java:213)
	at org.apache.hadoop.hdfs.DataStreamer$ResponseProcessor.run(DataStreamer.java:1086)
2019-03-01 07:33:44,801 WARN hdfs.DataStreamer: Error Recovery for BP-1335468626-130.127.133.67-1551450727285:blk_1073741980_1156 in pipeline [DatanodeInfoWithStorage[10.10.1.2:9866,DS-1a2d06ad-59b6-4bcc-a501-ea2ef16caefb,DISK], DatanodeInfoWithStorage[10.10.1.4:9866,DS-ddde4625-4074-417d-86fe-fc412ca9f3d8,DISK], DatanodeInfoWithStorage[10.10.1.5:9866,DS-e39f1166-e52a-467e-a83d-69da6238c323,DISK]]: datanode 0(DatanodeInfoWithStorage[10.10.1.2:9866,DS-1a2d06ad-59b6-4bcc-a501-ea2ef16caefb,DISK]) is bad.
Found 20 items
-rw-r--r--   3 root supergroup 1073741824 2019-03-01 07:33 /myfile1
-rw-r--r--   3 root supergroup 1073741824 2019-03-01 07:33 /myfile10
-rw-r--r--   3 root supergroup  939524096 2019-03-01 07:32 /myfile11._COPYING_
-rw-r--r--   3 root supergroup  939524096 2019-03-01 07:32 /myfile12._COPYING_
-rw-r--r--   3 root supergroup 1073741824 2019-03-01 07:33 /myfile13
-rw-r--r--   3 root supergroup 1073741824 2019-03-01 07:33 /myfile14
-rw-r--r--   3 root supergroup 1073741824 2019-03-01 07:33 /myfile15
-rw-r--r--   3 root supergroup  939524096 2019-03-01 07:32 /myfile16._COPYING_
-rw-r--r--   3 root supergroup  939524096 2019-03-01 07:32 /myfile17._COPYING_
-rw-r--r--   3 root supergroup 1073741824 2019-03-01 07:33 /myfile18
-rw-r--r--   3 root supergroup  939524096 2019-03-01 07:32 /myfile19._COPYING_
-rw-r--r--   3 root supergroup 1073741824 2019-03-01 07:33 /myfile2
-rw-r--r--   3 root supergroup 1073741824 2019-03-01 07:33 /myfile20
-rw-r--r--   3 root supergroup 1073741824 2019-03-01 07:33 /myfile3
-rw-r--r--   3 root supergroup 1073741824 2019-03-01 07:33 /myfile4
-rw-r--r--   3 root supergroup 1073741824 2019-03-01 07:33 /myfile5
-rw-r--r--   3 root supergroup 1073741824 2019-03-01 07:33 /myfile6
-rw-r--r--   3 root supergroup 1073741824 2019-03-01 07:33 /myfile7
-rw-r--r--   3 root supergroup  939524096 2019-03-01 07:32 /myfile8._COPYING_
-rw-r--r--   3 root supergroup 1073741824 2019-03-01 07:33 /myfile9
file 20 has been put into HDFS
file 20 has been read from HDFS for 1 time
diff succeed!
file 20 has been read from HDFS for 2 time
diff succeed!
file 20 has been read from HDFS for 3 time
diff succeed!
file 20 has been read from HDFS for 4 time
diff succeed!
file 20 has been read from HDFS for 5 time
diff succeed!
file 20 has been read from HDFS for 6 time
diff succeed!
file 20 has been read from HDFS for 7 time
diff succeed!
file 20 has been read from HDFS for 8 time
diff succeed!
file 20 has been read from HDFS for 9 time
diff succeed!
file 20 has been read from HDFS for 10 time
diff succeed!
Deleted /myfile20
file 20 has been removed from HDFS
Found 19 items
-rw-r--r--   3 root supergroup 1073741824 2019-03-01 07:37 /myfile1
-rw-r--r--   3 root supergroup 1073741824 2019-03-01 07:38 /myfile10
-rw-r--r--   3 root supergroup 1073741824 2019-03-01 07:38 /myfile11
-rw-r--r--   3 root supergroup 1073741824 2019-03-01 07:37 /myfile12
-rw-r--r--   3 root supergroup 1073741824 2019-03-01 07:37 /myfile13
-rw-r--r--   3 root supergroup 1073741824 2019-03-01 07:38 /myfile14
-rw-r--r--   3 root supergroup 1073741824 2019-03-01 07:33 /myfile15
-rw-r--r--   3 root supergroup 1073741824 2019-03-01 07:33 /myfile16
-rw-r--r--   3 root supergroup 1073741824 2019-03-01 07:33 /myfile17
-rw-r--r--   3 root supergroup 1073741824 2019-03-01 07:33 /myfile18
-rw-r--r--   3 root supergroup 1073741824 2019-03-01 07:33 /myfile19
-rw-r--r--   3 root supergroup 1073741824 2019-03-01 07:38 /myfile20
-rw-r--r--   3 root supergroup 1073741824 2019-03-01 07:37 /myfile3
-rw-r--r--   3 root supergroup 1073741824 2019-03-01 07:37 /myfile4
-rw-r--r--   3 root supergroup 1073741824 2019-03-01 07:37 /myfile5
-rw-r--r--   3 root supergroup 1073741824 2019-03-01 07:38 /myfile6
-rw-r--r--   3 root supergroup 1073741824 2019-03-01 07:37 /myfile7
-rw-r--r--   3 root supergroup 1073741824 2019-03-01 07:33 /myfile8
-rw-r--r--   3 root supergroup 1073741824 2019-03-01 07:37 /myfile9
file 20 has been put into HDFS
file 20 has been read from HDFS for 1 time
diff succeed!
file 20 has been read from HDFS for 2 time
diff succeed!
file 20 has been read from HDFS for 3 time
diff succeed!
file 20 has been read from HDFS for 4 time
diff succeed!
file 20 has been read from HDFS for 5 time
diff succeed!
file 20 has been read from HDFS for 6 time
diff succeed!
file 20 has been read from HDFS for 7 time
diff succeed!
file 20 has been read from HDFS for 8 time
diff succeed!
file 20 has been read from HDFS for 9 time
diff succeed!
file 20 has been read from HDFS for 10 time
diff succeed!
Deleted /myfile20
file 20 has been removed from HDFS
Found 20 items
-rw-r--r--   3 root supergroup 1073741824 2019-03-01 07:42 /myfile1
-rw-r--r--   3 root supergroup 1073741824 2019-03-01 07:42 /myfile10
-rw-r--r--   3 root supergroup 1073741824 2019-03-01 07:38 /myfile11
-rw-r--r--   3 root supergroup 1073741824 2019-03-01 07:41 /myfile12
-rw-r--r--   3 root supergroup 1073741824 2019-03-01 07:42 /myfile13
-rw-r--r--   3 root supergroup 1073741824 2019-03-01 07:42 /myfile14
-rw-r--r--   3 root supergroup 1073741824 2019-03-01 07:43 /myfile15
-rw-r--r--   3 root supergroup 1073741824 2019-03-01 07:40 /myfile16
-rw-r--r--   3 root supergroup 1073741824 2019-03-01 07:41 /myfile17
-rw-r--r--   3 root supergroup 1073741824 2019-03-01 07:41 /myfile18
-rw-r--r--   3 root supergroup  671088640 2019-03-01 07:43 /myfile19._COPYING_
-rw-r--r--   3 root supergroup 1073741824 2019-03-01 07:42 /myfile2
-rw-r--r--   3 root supergroup 1073741824 2019-03-01 07:43 /myfile20
-rw-r--r--   3 root supergroup 1073741824 2019-03-01 07:42 /myfile3
-rw-r--r--   3 root supergroup 1073741824 2019-03-01 07:42 /myfile4
-rw-r--r--   3 root supergroup 1073741824 2019-03-01 07:41 /myfile5
-rw-r--r--   3 root supergroup 1073741824 2019-03-01 07:42 /myfile6
-rw-r--r--   3 root supergroup 1073741824 2019-03-01 07:41 /myfile7
-rw-r--r--   3 root supergroup 1073741824 2019-03-01 07:43 /myfile8
-rw-r--r--   3 root supergroup 1073741824 2019-03-01 07:41 /myfile9
file 20 has been put into HDFS
file 20 has been read from HDFS for 1 time
diff succeed!
file 20 has been read from HDFS for 2 time
diff succeed!
file 20 has been read from HDFS for 3 time
diff succeed!
file 20 has been read from HDFS for 4 time
diff succeed!
file 20 has been read from HDFS for 5 time
diff succeed!
file 20 has been read from HDFS for 6 time
diff succeed!
file 20 has been read from HDFS for 7 time
diff succeed!
file 20 has been read from HDFS for 8 time
diff succeed!
file 20 has been read from HDFS for 9 time
diff succeed!
file 20 has been read from HDFS for 10 time
diff succeed!
Deleted /myfile20
file 20 has been removed from HDFS
sub_benchmark 10 signal TERM catched and let quit gracefully
Found 11 items
-rw-r--r--   3 root supergroup 1073741824 2019-03-01 07:46 /myfile10
-rw-r--r--   3 root supergroup 1073741824 2019-03-01 07:44 /myfile11
-rw-r--r--   3 root supergroup 1073741824 2019-03-01 07:46 /myfile16
-rw-r--r--   3 root supergroup 1073741824 2019-03-01 07:45 /myfile17
-rw-r--r--   3 root supergroup 1073741824 2019-03-01 07:47 /myfile19
-rw-r--r--   3 root supergroup 1073741824 2019-03-01 07:47 /myfile20
-rw-r--r--   3 root supergroup 1073741824 2019-03-01 07:46 /myfile4
-rw-r--r--   3 root supergroup 1073741824 2019-03-01 07:45 /myfile5
-rw-r--r--   3 root supergroup 1073741824 2019-03-01 07:45 /myfile7
-rw-r--r--   3 root supergroup 1073741824 2019-03-01 07:47 /myfile8
-rw-r--r--   3 root supergroup 1073741824 2019-03-01 07:46 /myfile9
file 20 has been put into HDFS
file 20 has been read from HDFS for 1 time
diff succeed!
Deleted /myfile20
file 20 has been removed from HDFS
