Found 20 items
-rw-r--r--   3 root supergroup 1073741824 2019-02-24 10:11 /myfile1
-rw-r--r--   3 root supergroup 1073741824 2019-02-24 10:11 /myfile10
-rw-r--r--   3 root supergroup 1073741824 2019-02-24 10:11 /myfile11
-rw-r--r--   3 root supergroup 1073741824 2019-02-24 10:10 /myfile12
-rw-r--r--   3 root supergroup 1073741824 2019-02-24 10:11 /myfile13
-rw-r--r--   3 root supergroup 1073741824 2019-02-24 10:11 /myfile14
-rw-r--r--   3 root supergroup 1073741824 2019-02-24 10:11 /myfile15
-rw-r--r--   3 root supergroup 1073741824 2019-02-24 10:11 /myfile16
-rw-r--r--   3 root supergroup 1073741824 2019-02-24 10:11 /myfile17
-rw-r--r--   3 root supergroup 1073741824 2019-02-24 10:11 /myfile18
-rw-r--r--   3 root supergroup 1073741824 2019-02-24 10:11 /myfile19
-rw-r--r--   3 root supergroup  939524096 2019-02-24 10:10 /myfile2._COPYING_
-rw-r--r--   3 root supergroup 1073741824 2019-02-24 10:11 /myfile20
-rw-r--r--   3 root supergroup 1073741824 2019-02-24 10:10 /myfile3
-rw-r--r--   3 root supergroup 1073741824 2019-02-24 10:11 /myfile4
-rw-r--r--   3 root supergroup 1073741824 2019-02-24 10:11 /myfile5
-rw-r--r--   3 root supergroup 1073741824 2019-02-24 10:11 /myfile6
-rw-r--r--   3 root supergroup 1073741824 2019-02-24 10:11 /myfile7
-rw-r--r--   3 root supergroup 1073741824 2019-02-24 10:11 /myfile8
-rw-r--r--   3 root supergroup 1073741824 2019-02-24 10:11 /myfile9
file 5 has been put into HDFS
file 5 has been read from HDFS for 1 time
diff succeed!
file 5 has been read from HDFS for 2 time
diff succeed!
file 5 has been read from HDFS for 3 time
diff succeed!
file 5 has been read from HDFS for 4 time
diff succeed!
file 5 has been read from HDFS for 5 time
diff succeed!
file 5 has been read from HDFS for 6 time
diff succeed!
file 5 has been read from HDFS for 7 time
diff succeed!
file 5 has been read from HDFS for 8 time
diff succeed!
file 5 has been read from HDFS for 9 time
diff succeed!
file 5 has been read from HDFS for 10 time
diff succeed!
Deleted /myfile5
file 5 has been removed from HDFS
Found 18 items
-rw-r--r--   3 root supergroup 1073741824 2019-02-24 10:15 /myfile1
-rw-r--r--   3 root supergroup 1073741824 2019-02-24 10:15 /myfile10
-rw-r--r--   3 root supergroup 1073741824 2019-02-24 10:15 /myfile11
-rw-r--r--   3 root supergroup 1073741824 2019-02-24 10:15 /myfile12
-rw-r--r--   3 root supergroup 1073741824 2019-02-24 10:15 /myfile13
-rw-r--r--   3 root supergroup 1073741824 2019-02-24 10:15 /myfile14
-rw-r--r--   3 root supergroup  939524096 2019-02-24 10:15 /myfile16._COPYING_
-rw-r--r--   3 root supergroup 1073741824 2019-02-24 10:15 /myfile17
-rw-r--r--   3 root supergroup 1073741824 2019-02-24 10:15 /myfile19
-rw-r--r--   3 root supergroup 1073741824 2019-02-24 10:15 /myfile2
-rw-r--r--   3 root supergroup  671088640 2019-02-24 10:15 /myfile20._COPYING_
-rw-r--r--   3 root supergroup 1073741824 2019-02-24 10:15 /myfile3
-rw-r--r--   3 root supergroup 1073741824 2019-02-24 10:15 /myfile4
-rw-r--r--   3 root supergroup 1073741824 2019-02-24 10:16 /myfile5
-rw-r--r--   3 root supergroup  134217728 2019-02-24 10:15 /myfile6._COPYING_
-rw-r--r--   3 root supergroup 1073741824 2019-02-24 10:15 /myfile7
-rw-r--r--   3 root supergroup 1073741824 2019-02-24 10:16 /myfile8
-rw-r--r--   3 root supergroup 1073741824 2019-02-24 10:15 /myfile9
file 5 has been put into HDFS
file 5 has been read from HDFS for 1 time
diff succeed!
file 5 has been read from HDFS for 2 time
diff succeed!
file 5 has been read from HDFS for 3 time
diff succeed!
file 5 has been read from HDFS for 4 time
diff succeed!
file 5 has been read from HDFS for 5 time
diff succeed!
file 5 has been read from HDFS for 6 time
diff succeed!
file 5 has been read from HDFS for 7 time
diff succeed!
file 5 has been read from HDFS for 8 time
diff succeed!
file 5 has been read from HDFS for 9 time
diff succeed!
file 5 has been read from HDFS for 10 time
diff succeed!
Deleted /myfile5
file 5 has been removed from HDFS
Found 20 items
-rw-r--r--   3 root supergroup 1073741824 2019-02-24 10:19 /myfile1
-rw-r--r--   3 root supergroup 1073741824 2019-02-24 10:15 /myfile10
-rw-r--r--   3 root supergroup 1073741824 2019-02-24 10:19 /myfile11
-rw-r--r--   3 root supergroup  268435456 2019-02-24 10:19 /myfile12._COPYING_
-rw-r--r--   3 root supergroup 1073741824 2019-02-24 10:19 /myfile13
-rw-r--r--   3 root supergroup 1073741824 2019-02-24 10:19 /myfile14
-rw-r--r--   3 root supergroup          0 2019-02-24 10:20 /myfile15._COPYING_
-rw-r--r--   3 root supergroup  268435456 2019-02-24 10:19 /myfile16._COPYING_
-rw-r--r--   3 root supergroup 1073741824 2019-02-24 10:15 /myfile17
-rw-r--r--   3 root supergroup 1073741824 2019-02-24 10:16 /myfile18
-rw-r--r--   3 root supergroup 1073741824 2019-02-24 10:15 /myfile19
-rw-r--r--   3 root supergroup 1073741824 2019-02-24 10:15 /myfile2
-rw-r--r--   3 root supergroup  268435456 2019-02-24 10:19 /myfile20._COPYING_
-rw-r--r--   3 root supergroup 1073741824 2019-02-24 10:19 /myfile3
-rw-r--r--   3 root supergroup 1073741824 2019-02-24 10:19 /myfile4
-rw-r--r--   3 root supergroup 1073741824 2019-02-24 10:19 /myfile5
-rw-r--r--   3 root supergroup  134217728 2019-02-24 10:19 /myfile6._COPYING_
-rw-r--r--   3 root supergroup 1073741824 2019-02-24 10:19 /myfile7
-rw-r--r--   3 root supergroup  402653184 2019-02-24 10:19 /myfile8._COPYING_
-rw-r--r--   3 root supergroup 1073741824 2019-02-24 10:15 /myfile9
file 5 has been put into HDFS
file 5 has been read from HDFS for 1 time
diff succeed!
file 5 has been read from HDFS for 2 time
diff succeed!
file 5 has been read from HDFS for 3 time
diff succeed!
file 5 has been read from HDFS for 4 time
diff succeed!
file 5 has been read from HDFS for 5 time
diff succeed!
file 5 has been read from HDFS for 6 time
diff succeed!
file 5 has been read from HDFS for 7 time
diff succeed!
file 5 has been read from HDFS for 8 time
diff succeed!
file 5 has been read from HDFS for 9 time
diff succeed!
file 5 has been read from HDFS for 10 time
diff succeed!
Deleted /myfile5
file 5 has been removed from HDFS
Found 18 items
-rw-r--r--   3 root supergroup 1073741824 2019-02-24 10:24 /myfile1
-rw-r--r--   3 root supergroup 1073741824 2019-02-24 10:21 /myfile10
-rw-r--r--   3 root supergroup  536870912 2019-02-24 10:24 /myfile11._COPYING_
-rw-r--r--   3 root supergroup 1073741824 2019-02-24 10:20 /myfile12
-rw-r--r--   3 root supergroup 1073741824 2019-02-24 10:24 /myfile13
-rw-r--r--   3 root supergroup  268435456 2019-02-24 10:24 /myfile14._COPYING_
-rw-r--r--   3 root supergroup          0 2019-02-24 10:24 /myfile15._COPYING_
-rw-r--r--   3 root supergroup          0 2019-02-24 10:24 /myfile16._COPYING_
-rw-r--r--   3 root supergroup 1073741824 2019-02-24 10:20 /myfile17
-rw-r--r--   3 root supergroup 1073741824 2019-02-24 10:21 /myfile19
-rw-r--r--   3 root supergroup 1073741824 2019-02-24 10:22 /myfile2
-rw-r--r--   3 root supergroup 1073741824 2019-02-24 10:20 /myfile20
-rw-r--r--   3 root supergroup  939524096 2019-02-24 10:23 /myfile3._COPYING_
-rw-r--r--   3 root supergroup 1073741824 2019-02-24 10:24 /myfile4
-rw-r--r--   3 root supergroup 1073741824 2019-02-24 10:24 /myfile5
-rw-r--r--   3 root supergroup 1073741824 2019-02-24 10:20 /myfile6
-rw-r--r--   3 root supergroup 1073741824 2019-02-24 10:24 /myfile7
-rw-r--r--   3 root supergroup 1073741824 2019-02-24 10:21 /myfile9
file 5 has been put into HDFS
file 5 has been read from HDFS for 1 time
diff succeed!
file 5 has been read from HDFS for 2 time
diff succeed!
file 5 has been read from HDFS for 3 time
diff succeed!
file 5 has been read from HDFS for 4 time
diff succeed!
file 5 has been read from HDFS for 5 time
diff succeed!
file 5 has been read from HDFS for 6 time
diff succeed!
file 5 has been read from HDFS for 7 time
diff succeed!
file 5 has been read from HDFS for 8 time
diff succeed!
file 5 has been read from HDFS for 9 time
diff succeed!
file 5 has been read from HDFS for 10 time
diff succeed!
Deleted /myfile5
file 5 has been removed from HDFS
Found 18 items
-rw-r--r--   3 root supergroup 1073741824 2019-02-24 10:29 /myfile1
-rw-r--r--   3 root supergroup 1073741824 2019-02-24 10:25 /myfile10
-rw-r--r--   3 root supergroup 1073741824 2019-02-24 10:29 /myfile11
-rw-r--r--   3 root supergroup  268435456 2019-02-24 10:29 /myfile12._COPYING_
-rw-r--r--   3 root supergroup 1073741824 2019-02-24 10:28 /myfile13
-rw-r--r--   3 root supergroup 1073741824 2019-02-24 10:29 /myfile14
-rw-r--r--   3 root supergroup  268435456 2019-02-24 10:29 /myfile15._COPYING_
-rw-r--r--   3 root supergroup 1073741824 2019-02-24 10:25 /myfile16
-rw-r--r--   3 root supergroup 1073741824 2019-02-24 10:26 /myfile17
-rw-r--r--   3 root supergroup  268435456 2019-02-24 10:29 /myfile18._COPYING_
-rw-r--r--   3 root supergroup 1073741824 2019-02-24 10:27 /myfile2
-rw-r--r--   3 root supergroup  268435456 2019-02-24 10:29 /myfile3._COPYING_
-rw-r--r--   3 root supergroup 1073741824 2019-02-24 10:29 /myfile4
-rw-r--r--   3 root supergroup 1073741824 2019-02-24 10:29 /myfile5
-rw-r--r--   3 root supergroup          0 2019-02-24 10:29 /myfile6._COPYING_
-rw-r--r--   3 root supergroup 1073741824 2019-02-24 10:29 /myfile7
-rw-r--r--   3 root supergroup  134217728 2019-02-24 10:29 /myfile8._COPYING_
-rw-r--r--   3 root supergroup 1073741824 2019-02-24 10:25 /myfile9
file 5 has been put into HDFS
file 5 has been read from HDFS for 1 time
diff succeed!
file 5 has been read from HDFS for 2 time
diff succeed!
file 5 has been read from HDFS for 3 time
diff succeed!
file 5 has been read from HDFS for 4 time
diff succeed!
file 5 has been read from HDFS for 5 time
diff succeed!
file 5 has been read from HDFS for 6 time
diff succeed!
file 5 has been read from HDFS for 7 time
diff succeed!
file 5 has been read from HDFS for 8 time
diff succeed!
file 5 has been read from HDFS for 9 time
diff succeed!
file 5 has been read from HDFS for 10 time
diff succeed!
Deleted /myfile5
file 5 has been removed from HDFS
2019-02-24 10:34:15,678 INFO retry.RetryInvocationHandler: org.apache.hadoop.ipc.RemoteException(org.apache.hadoop.ipc.StandbyException): Operation category READ is not supported in state standby. Visit https://s.apache.org/sbnn-error
	at org.apache.hadoop.hdfs.server.namenode.ha.StandbyState.checkOperation(StandbyState.java:88)
	at org.apache.hadoop.hdfs.server.namenode.NameNode$NameNodeHAContext.checkOperation(NameNode.java:1952)
	at org.apache.hadoop.hdfs.server.namenode.FSNamesystem.checkOperation(FSNamesystem.java:1423)
	at org.apache.hadoop.hdfs.server.namenode.FSNamesystem.getFileInfo(FSNamesystem.java:3085)
	at org.apache.hadoop.hdfs.server.namenode.NameNodeRpcServer.getFileInfo(NameNodeRpcServer.java:1154)
	at org.apache.hadoop.hdfs.protocolPB.ClientNamenodeProtocolServerSideTranslatorPB.getFileInfo(ClientNamenodeProtocolServerSideTranslatorPB.java:966)
	at org.apache.hadoop.hdfs.protocol.proto.ClientNamenodeProtocolProtos$ClientNamenodeProtocol$2.callBlockingMethod(ClientNamenodeProtocolProtos.java)
	at org.apache.hadoop.ipc.ProtobufRpcEngine$Server$ProtoBufRpcInvoker.call(ProtobufRpcEngine.java:523)
	at org.apache.hadoop.ipc.RPC$Server.call(RPC.java:991)
	at org.apache.hadoop.ipc.Server$RpcCall.run(Server.java:872)
	at org.apache.hadoop.ipc.Server$RpcCall.run(Server.java:818)
	at java.security.AccessController.doPrivileged(Native Method)
	at javax.security.auth.Subject.doAs(Subject.java:422)
	at org.apache.hadoop.security.UserGroupInformation.doAs(UserGroupInformation.java:1729)
	at org.apache.hadoop.ipc.Server$Handler.run(Server.java:2678)
, while invoking ClientNamenodeProtocolTranslatorPB.getFileInfo over node-1-link-0/10.10.1.4:8020 after 1 failover attempts. Trying to failover after sleeping for 785ms.
2019-02-24 10:34:16,467 INFO retry.RetryInvocationHandler: java.net.ConnectException: Call From clnode059.clemson.cloudlab.us/130.127.133.68 to node-0-link-0:8020 failed on connection exception: java.net.ConnectException: Connection refused; For more details see:  http://wiki.apache.org/hadoop/ConnectionRefused, while invoking ClientNamenodeProtocolTranslatorPB.getFileInfo over node-0-link-0/10.10.1.1:8020 after 2 failover attempts. Trying to failover after sleeping for 2509ms.
2019-02-24 10:34:19,078 INFO retry.RetryInvocationHandler: org.apache.hadoop.ipc.RemoteException(org.apache.hadoop.ipc.RetriableException): org.apache.hadoop.hdfs.server.namenode.SafeModeException: Cannot create file/myfile5._COPYING_. Name node is in safe mode.
The reported blocks 135 has reached the threshold 0.9990 of total blocks 135. The number of live datanodes 3 has reached the minimum number 0. In safe mode extension. Safe mode will be turned off automatically in 28 seconds. NamenodeHostName:node-1-link-0
	at org.apache.hadoop.hdfs.server.namenode.FSNamesystem.checkNameNodeSafeMode(FSNamesystem.java:1441)
	at org.apache.hadoop.hdfs.server.namenode.FSNamesystem.startFileInt(FSNamesystem.java:2401)
	at org.apache.hadoop.hdfs.server.namenode.FSNamesystem.startFile(FSNamesystem.java:2347)
	at org.apache.hadoop.hdfs.server.namenode.NameNodeRpcServer.create(NameNodeRpcServer.java:774)
	at org.apache.hadoop.hdfs.protocolPB.ClientNamenodeProtocolServerSideTranslatorPB.create(ClientNamenodeProtocolServerSideTranslatorPB.java:462)
	at org.apache.hadoop.hdfs.protocol.proto.ClientNamenodeProtocolProtos$ClientNamenodeProtocol$2.callBlockingMethod(ClientNamenodeProtocolProtos.java)
	at org.apache.hadoop.ipc.ProtobufRpcEngine$Server$ProtoBufRpcInvoker.call(ProtobufRpcEngine.java:523)
	at org.apache.hadoop.ipc.RPC$Server.call(RPC.java:991)
	at org.apache.hadoop.ipc.Server$RpcCall.run(Server.java:872)
	at org.apache.hadoop.ipc.Server$RpcCall.run(Server.java:818)
	at java.security.AccessController.doPrivileged(Native Method)
	at javax.security.auth.Subject.doAs(Subject.java:422)
	at org.apache.hadoop.security.UserGroupInformation.doAs(UserGroupInformation.java:1729)
	at org.apache.hadoop.ipc.Server$Handler.run(Server.java:2678)
Caused by: org.apache.hadoop.hdfs.server.namenode.SafeModeException: Cannot create file/myfile5._COPYING_. Name node is in safe mode.
The reported blocks 135 has reached the threshold 0.9990 of total blocks 135. The number of live datanodes 3 has reached the minimum number 0. In safe mode extension. Safe mode will be turned off automatically in 28 seconds. NamenodeHostName:node-1-link-0
	at org.apache.hadoop.hdfs.server.namenode.FSNamesystem.newSafemodeException(FSNamesystem.java:1450)
	at org.apache.hadoop.hdfs.server.namenode.FSNamesystem.checkNameNodeSafeMode(FSNamesystem.java:1437)
	... 13 more
, while invoking ClientNamenodeProtocolTranslatorPB.create over node-1-link-0/10.10.1.4:8020. Retrying immediately.
2019-02-24 10:34:19,081 INFO retry.RetryInvocationHandler: org.apache.hadoop.ipc.RemoteException(org.apache.hadoop.ipc.RetriableException): org.apache.hadoop.hdfs.server.namenode.SafeModeException: Cannot create file/myfile5._COPYING_. Name node is in safe mode.
The reported blocks 135 has reached the threshold 0.9990 of total blocks 135. The number of live datanodes 3 has reached the minimum number 0. In safe mode extension. Safe mode will be turned off automatically in 28 seconds. NamenodeHostName:node-1-link-0
	at org.apache.hadoop.hdfs.server.namenode.FSNamesystem.checkNameNodeSafeMode(FSNamesystem.java:1441)
	at org.apache.hadoop.hdfs.server.namenode.FSNamesystem.startFileInt(FSNamesystem.java:2401)
	at org.apache.hadoop.hdfs.server.namenode.FSNamesystem.startFile(FSNamesystem.java:2347)
	at org.apache.hadoop.hdfs.server.namenode.NameNodeRpcServer.create(NameNodeRpcServer.java:774)
	at org.apache.hadoop.hdfs.protocolPB.ClientNamenodeProtocolServerSideTranslatorPB.create(ClientNamenodeProtocolServerSideTranslatorPB.java:462)
	at org.apache.hadoop.hdfs.protocol.proto.ClientNamenodeProtocolProtos$ClientNamenodeProtocol$2.callBlockingMethod(ClientNamenodeProtocolProtos.java)
	at org.apache.hadoop.ipc.ProtobufRpcEngine$Server$ProtoBufRpcInvoker.call(ProtobufRpcEngine.java:523)
	at org.apache.hadoop.ipc.RPC$Server.call(RPC.java:991)
	at org.apache.hadoop.ipc.Server$RpcCall.run(Server.java:872)
	at org.apache.hadoop.ipc.Server$RpcCall.run(Server.java:818)
	at java.security.AccessController.doPrivileged(Native Method)
	at javax.security.auth.Subject.doAs(Subject.java:422)
	at org.apache.hadoop.security.UserGroupInformation.doAs(UserGroupInformation.java:1729)
	at org.apache.hadoop.ipc.Server$Handler.run(Server.java:2678)
Caused by: org.apache.hadoop.hdfs.server.namenode.SafeModeException: Cannot create file/myfile5._COPYING_. Name node is in safe mode.
The reported blocks 135 has reached the threshold 0.9990 of total blocks 135. The number of live datanodes 3 has reached the minimum number 0. In safe mode extension. Safe mode will be turned off automatically in 28 seconds. NamenodeHostName:node-1-link-0
	at org.apache.hadoop.hdfs.server.namenode.FSNamesystem.newSafemodeException(FSNamesystem.java:1450)
	at org.apache.hadoop.hdfs.server.namenode.FSNamesystem.checkNameNodeSafeMode(FSNamesystem.java:1437)
	... 13 more
, while invoking ClientNamenodeProtocolTranslatorPB.create over node-1-link-0/10.10.1.4:8020. Retrying after sleeping for 786ms.
2019-02-24 10:34:19,870 INFO retry.RetryInvocationHandler: org.apache.hadoop.ipc.RemoteException(org.apache.hadoop.ipc.RetriableException): org.apache.hadoop.hdfs.server.namenode.SafeModeException: Cannot create file/myfile5._COPYING_. Name node is in safe mode.
The reported blocks 135 has reached the threshold 0.9990 of total blocks 135. The number of live datanodes 3 has reached the minimum number 0. In safe mode extension. Safe mode will be turned off automatically in 27 seconds. NamenodeHostName:node-1-link-0
	at org.apache.hadoop.hdfs.server.namenode.FSNamesystem.checkNameNodeSafeMode(FSNamesystem.java:1441)
	at org.apache.hadoop.hdfs.server.namenode.FSNamesystem.startFileInt(FSNamesystem.java:2401)
	at org.apache.hadoop.hdfs.server.namenode.FSNamesystem.startFile(FSNamesystem.java:2347)
	at org.apache.hadoop.hdfs.server.namenode.NameNodeRpcServer.create(NameNodeRpcServer.java:774)
	at org.apache.hadoop.hdfs.protocolPB.ClientNamenodeProtocolServerSideTranslatorPB.create(ClientNamenodeProtocolServerSideTranslatorPB.java:462)
	at org.apache.hadoop.hdfs.protocol.proto.ClientNamenodeProtocolProtos$ClientNamenodeProtocol$2.callBlockingMethod(ClientNamenodeProtocolProtos.java)
	at org.apache.hadoop.ipc.ProtobufRpcEngine$Server$ProtoBufRpcInvoker.call(ProtobufRpcEngine.java:523)
	at org.apache.hadoop.ipc.RPC$Server.call(RPC.java:991)
	at org.apache.hadoop.ipc.Server$RpcCall.run(Server.java:872)
	at org.apache.hadoop.ipc.Server$RpcCall.run(Server.java:818)
	at java.security.AccessController.doPrivileged(Native Method)
	at javax.security.auth.Subject.doAs(Subject.java:422)
	at org.apache.hadoop.security.UserGroupInformation.doAs(UserGroupInformation.java:1729)
	at org.apache.hadoop.ipc.Server$Handler.run(Server.java:2678)
Caused by: org.apache.hadoop.hdfs.server.namenode.SafeModeException: Cannot create file/myfile5._COPYING_. Name node is in safe mode.
The reported blocks 135 has reached the threshold 0.9990 of total blocks 135. The number of live datanodes 3 has reached the minimum number 0. In safe mode extension. Safe mode will be turned off automatically in 27 seconds. NamenodeHostName:node-1-link-0
	at org.apache.hadoop.hdfs.server.namenode.FSNamesystem.newSafemodeException(FSNamesystem.java:1450)
	at org.apache.hadoop.hdfs.server.namenode.FSNamesystem.checkNameNodeSafeMode(FSNamesystem.java:1437)
	... 13 more
, while invoking ClientNamenodeProtocolTranslatorPB.create over node-1-link-0/10.10.1.4:8020. Retrying after sleeping for 1360ms.
2019-02-24 10:34:21,235 INFO retry.RetryInvocationHandler: org.apache.hadoop.ipc.RemoteException(org.apache.hadoop.ipc.RetriableException): org.apache.hadoop.hdfs.server.namenode.SafeModeException: Cannot create file/myfile5._COPYING_. Name node is in safe mode.
The reported blocks 135 has reached the threshold 0.9990 of total blocks 135. The number of live datanodes 3 has reached the minimum number 0. In safe mode extension. Safe mode will be turned off automatically in 26 seconds. NamenodeHostName:node-1-link-0
	at org.apache.hadoop.hdfs.server.namenode.FSNamesystem.checkNameNodeSafeMode(FSNamesystem.java:1441)
	at org.apache.hadoop.hdfs.server.namenode.FSNamesystem.startFileInt(FSNamesystem.java:2401)
	at org.apache.hadoop.hdfs.server.namenode.FSNamesystem.startFile(FSNamesystem.java:2347)
	at org.apache.hadoop.hdfs.server.namenode.NameNodeRpcServer.create(NameNodeRpcServer.java:774)
	at org.apache.hadoop.hdfs.protocolPB.ClientNamenodeProtocolServerSideTranslatorPB.create(ClientNamenodeProtocolServerSideTranslatorPB.java:462)
	at org.apache.hadoop.hdfs.protocol.proto.ClientNamenodeProtocolProtos$ClientNamenodeProtocol$2.callBlockingMethod(ClientNamenodeProtocolProtos.java)
	at org.apache.hadoop.ipc.ProtobufRpcEngine$Server$ProtoBufRpcInvoker.call(ProtobufRpcEngine.java:523)
	at org.apache.hadoop.ipc.RPC$Server.call(RPC.java:991)
	at org.apache.hadoop.ipc.Server$RpcCall.run(Server.java:872)
	at org.apache.hadoop.ipc.Server$RpcCall.run(Server.java:818)
	at java.security.AccessController.doPrivileged(Native Method)
	at javax.security.auth.Subject.doAs(Subject.java:422)
	at org.apache.hadoop.security.UserGroupInformation.doAs(UserGroupInformation.java:1729)
	at org.apache.hadoop.ipc.Server$Handler.run(Server.java:2678)
Caused by: org.apache.hadoop.hdfs.server.namenode.SafeModeException: Cannot create file/myfile5._COPYING_. Name node is in safe mode.
The reported blocks 135 has reached the threshold 0.9990 of total blocks 135. The number of live datanodes 3 has reached the minimum number 0. In safe mode extension. Safe mode will be turned off automatically in 26 seconds. NamenodeHostName:node-1-link-0
	at org.apache.hadoop.hdfs.server.namenode.FSNamesystem.newSafemodeException(FSNamesystem.java:1450)
	at org.apache.hadoop.hdfs.server.namenode.FSNamesystem.checkNameNodeSafeMode(FSNamesystem.java:1437)
	... 13 more
, while invoking ClientNamenodeProtocolTranslatorPB.create over node-1-link-0/10.10.1.4:8020. Retrying after sleeping for 3204ms.
2019-02-24 10:34:24,447 INFO retry.RetryInvocationHandler: org.apache.hadoop.ipc.RemoteException(org.apache.hadoop.ipc.RetriableException): org.apache.hadoop.hdfs.server.namenode.SafeModeException: Cannot create file/myfile5._COPYING_. Name node is in safe mode.
The reported blocks 135 has reached the threshold 0.9990 of total blocks 135. The number of live datanodes 3 has reached the minimum number 0. In safe mode extension. Safe mode will be turned off automatically in 23 seconds. NamenodeHostName:node-1-link-0
	at org.apache.hadoop.hdfs.server.namenode.FSNamesystem.checkNameNodeSafeMode(FSNamesystem.java:1441)
	at org.apache.hadoop.hdfs.server.namenode.FSNamesystem.startFileInt(FSNamesystem.java:2401)
	at org.apache.hadoop.hdfs.server.namenode.FSNamesystem.startFile(FSNamesystem.java:2347)
	at org.apache.hadoop.hdfs.server.namenode.NameNodeRpcServer.create(NameNodeRpcServer.java:774)
	at org.apache.hadoop.hdfs.protocolPB.ClientNamenodeProtocolServerSideTranslatorPB.create(ClientNamenodeProtocolServerSideTranslatorPB.java:462)
	at org.apache.hadoop.hdfs.protocol.proto.ClientNamenodeProtocolProtos$ClientNamenodeProtocol$2.callBlockingMethod(ClientNamenodeProtocolProtos.java)
	at org.apache.hadoop.ipc.ProtobufRpcEngine$Server$ProtoBufRpcInvoker.call(ProtobufRpcEngine.java:523)
	at org.apache.hadoop.ipc.RPC$Server.call(RPC.java:991)
	at org.apache.hadoop.ipc.Server$RpcCall.run(Server.java:872)
	at org.apache.hadoop.ipc.Server$RpcCall.run(Server.java:818)
	at java.security.AccessController.doPrivileged(Native Method)
	at javax.security.auth.Subject.doAs(Subject.java:422)
	at org.apache.hadoop.security.UserGroupInformation.doAs(UserGroupInformation.java:1729)
	at org.apache.hadoop.ipc.Server$Handler.run(Server.java:2678)
Caused by: org.apache.hadoop.hdfs.server.namenode.SafeModeException: Cannot create file/myfile5._COPYING_. Name node is in safe mode.
The reported blocks 135 has reached the threshold 0.9990 of total blocks 135. The number of live datanodes 3 has reached the minimum number 0. In safe mode extension. Safe mode will be turned off automatically in 23 seconds. NamenodeHostName:node-1-link-0
	at org.apache.hadoop.hdfs.server.namenode.FSNamesystem.newSafemodeException(FSNamesystem.java:1450)
	at org.apache.hadoop.hdfs.server.namenode.FSNamesystem.checkNameNodeSafeMode(FSNamesystem.java:1437)
	... 13 more
, while invoking ClientNamenodeProtocolTranslatorPB.create over node-1-link-0/10.10.1.4:8020. Retrying after sleeping for 8300ms.
2019-02-24 10:34:32,750 INFO retry.RetryInvocationHandler: org.apache.hadoop.ipc.RemoteException(org.apache.hadoop.ipc.RetriableException): org.apache.hadoop.hdfs.server.namenode.SafeModeException: Cannot create file/myfile5._COPYING_. Name node is in safe mode.
The reported blocks 135 has reached the threshold 0.9990 of total blocks 135. The number of live datanodes 3 has reached the minimum number 0. In safe mode extension. Safe mode will be turned off automatically in 15 seconds. NamenodeHostName:node-1-link-0
	at org.apache.hadoop.hdfs.server.namenode.FSNamesystem.checkNameNodeSafeMode(FSNamesystem.java:1441)
	at org.apache.hadoop.hdfs.server.namenode.FSNamesystem.startFileInt(FSNamesystem.java:2401)
	at org.apache.hadoop.hdfs.server.namenode.FSNamesystem.startFile(FSNamesystem.java:2347)
	at org.apache.hadoop.hdfs.server.namenode.NameNodeRpcServer.create(NameNodeRpcServer.java:774)
	at org.apache.hadoop.hdfs.protocolPB.ClientNamenodeProtocolServerSideTranslatorPB.create(ClientNamenodeProtocolServerSideTranslatorPB.java:462)
	at org.apache.hadoop.hdfs.protocol.proto.ClientNamenodeProtocolProtos$ClientNamenodeProtocol$2.callBlockingMethod(ClientNamenodeProtocolProtos.java)
	at org.apache.hadoop.ipc.ProtobufRpcEngine$Server$ProtoBufRpcInvoker.call(ProtobufRpcEngine.java:523)
	at org.apache.hadoop.ipc.RPC$Server.call(RPC.java:991)
	at org.apache.hadoop.ipc.Server$RpcCall.run(Server.java:872)
	at org.apache.hadoop.ipc.Server$RpcCall.run(Server.java:818)
	at java.security.AccessController.doPrivileged(Native Method)
	at javax.security.auth.Subject.doAs(Subject.java:422)
	at org.apache.hadoop.security.UserGroupInformation.doAs(UserGroupInformation.java:1729)
	at org.apache.hadoop.ipc.Server$Handler.run(Server.java:2678)
Caused by: org.apache.hadoop.hdfs.server.namenode.SafeModeException: Cannot create file/myfile5._COPYING_. Name node is in safe mode.
The reported blocks 135 has reached the threshold 0.9990 of total blocks 135. The number of live datanodes 3 has reached the minimum number 0. In safe mode extension. Safe mode will be turned off automatically in 15 seconds. NamenodeHostName:node-1-link-0
	at org.apache.hadoop.hdfs.server.namenode.FSNamesystem.newSafemodeException(FSNamesystem.java:1450)
	at org.apache.hadoop.hdfs.server.namenode.FSNamesystem.checkNameNodeSafeMode(FSNamesystem.java:1437)
	... 13 more
, while invoking ClientNamenodeProtocolTranslatorPB.create over node-1-link-0/10.10.1.4:8020. Retrying after sleeping for 15901ms.
Found 19 items
-rw-r--r--   3 root supergroup 1073741824 2019-02-24 10:33 /myfile1
-rw-r--r--   3 root supergroup  536870912 2019-02-24 10:35 /myfile10._COPYING_
-rw-r--r--   3 root supergroup 1073741824 2019-02-24 10:33 /myfile11
-rw-r--r--   3 root supergroup  536870912 2019-02-24 10:35 /myfile12._COPYING_
-rw-r--r--   3 root supergroup 1073741824 2019-02-24 10:33 /myfile13
-rw-r--r--   3 root supergroup  536870912 2019-02-24 10:35 /myfile14._COPYING_
-rw-r--r--   3 root supergroup  402653184 2019-02-24 10:35 /myfile15._COPYING_
-rw-r--r--   3 root supergroup  805306368 2019-02-24 10:34 /myfile16._COPYING_
-rw-r--r--   3 root supergroup  536870912 2019-02-24 10:35 /myfile18._COPYING_
-rw-r--r--   3 root supergroup  536870912 2019-02-24 10:35 /myfile19._COPYING_
-rw-r--r--   3 root supergroup 1073741824 2019-02-24 10:32 /myfile2
-rw-r--r--   3 root supergroup  536870912 2019-02-24 10:35 /myfile20._COPYING_
-rw-r--r--   3 root supergroup 1073741824 2019-02-24 10:35 /myfile3
-rw-r--r--   3 root supergroup 1073741824 2019-02-24 10:33 /myfile4
-rw-r--r--   3 root supergroup 1073741824 2019-02-24 10:35 /myfile5
-rw-r--r--   3 root supergroup  536870912 2019-02-24 10:35 /myfile6._COPYING_
-rw-r--r--   3 root supergroup 1073741824 2019-02-24 10:33 /myfile7
-rw-r--r--   3 root supergroup 1073741824 2019-02-24 10:35 /myfile8
-rw-r--r--   3 root supergroup 1073741824 2019-02-24 10:35 /myfile9
file 5 has been put into HDFS
file 5 has been read from HDFS for 1 time
diff succeed!
file 5 has been read from HDFS for 2 time
diff succeed!
file 5 has been read from HDFS for 3 time
diff succeed!
file 5 has been read from HDFS for 4 time
diff succeed!
file 5 has been read from HDFS for 5 time
diff succeed!
file 5 has been read from HDFS for 6 time
diff succeed!
file 5 has been read from HDFS for 7 time
diff succeed!
file 5 has been read from HDFS for 8 time
diff succeed!
file 5 has been read from HDFS for 9 time
diff succeed!
file 5 has been read from HDFS for 10 time
diff succeed!
Deleted /myfile5
file 5 has been removed from HDFS
Found 18 items
-rw-r--r--   3 root supergroup 1073741824 2019-02-24 10:38 /myfile1
-rw-r--r--   3 root supergroup 1073741824 2019-02-24 10:35 /myfile10
-rw-r--r--   3 root supergroup 1073741824 2019-02-24 10:39 /myfile11
-rw-r--r--   3 root supergroup 1073741824 2019-02-24 10:35 /myfile12
-rw-r--r--   3 root supergroup 1073741824 2019-02-24 10:38 /myfile13
-rw-r--r--   3 root supergroup 1073741824 2019-02-24 10:35 /myfile14
-rw-r--r--   3 root supergroup 1073741824 2019-02-24 10:35 /myfile15
-rw-r--r--   3 root supergroup 1073741824 2019-02-24 10:35 /myfile16
-rw-r--r--   3 root supergroup 1073741824 2019-02-24 10:36 /myfile17
-rw-r--r--   3 root supergroup 1073741824 2019-02-24 10:35 /myfile18
-rw-r--r--   3 root supergroup 1073741824 2019-02-24 10:35 /myfile19
-rw-r--r--   3 root supergroup 1073741824 2019-02-24 10:36 /myfile2
-rw-r--r--   3 root supergroup 1073741824 2019-02-24 10:35 /myfile20
-rw-r--r--   3 root supergroup 1073741824 2019-02-24 10:38 /myfile4
-rw-r--r--   3 root supergroup 1073741824 2019-02-24 10:39 /myfile5
-rw-r--r--   3 root supergroup          0 2019-02-24 10:39 /myfile7._COPYING_
-rw-r--r--   3 root supergroup 1073741824 2019-02-24 10:35 /myfile8
-rw-r--r--   3 root supergroup 1073741824 2019-02-24 10:35 /myfile9
file 5 has been put into HDFS
file 5 has been read from HDFS for 1 time
diff succeed!
file 5 has been read from HDFS for 2 time
diff succeed!
file 5 has been read from HDFS for 3 time
diff succeed!
file 5 has been read from HDFS for 4 time
diff succeed!
file 5 has been read from HDFS for 5 time
diff succeed!
file 5 has been read from HDFS for 6 time
diff succeed!
file 5 has been read from HDFS for 7 time
diff succeed!
file 5 has been read from HDFS for 8 time
diff succeed!
file 5 has been read from HDFS for 9 time
diff succeed!
file 5 has been read from HDFS for 10 time
diff succeed!
Deleted /myfile5
file 5 has been removed from HDFS
Found 18 items
-rw-r--r--   3 root supergroup 1073741824 2019-02-24 10:43 /myfile1
-rw-r--r--   3 root supergroup 1073741824 2019-02-24 10:40 /myfile10
-rw-r--r--   3 root supergroup 1073741824 2019-02-24 10:40 /myfile12
-rw-r--r--   3 root supergroup 1073741824 2019-02-24 10:43 /myfile13
-rw-r--r--   3 root supergroup 1073741824 2019-02-24 10:41 /myfile14
-rw-r--r--   3 root supergroup 1073741824 2019-02-24 10:39 /myfile15
-rw-r--r--   3 root supergroup 1073741824 2019-02-24 10:39 /myfile16
-rw-r--r--   3 root supergroup 1073741824 2019-02-24 10:42 /myfile17
-rw-r--r--   3 root supergroup 1073741824 2019-02-24 10:41 /myfile18
-rw-r--r--   3 root supergroup 1073741824 2019-02-24 10:39 /myfile19
-rw-r--r--   3 root supergroup 1073741824 2019-02-24 10:40 /myfile2
-rw-r--r--   3 root supergroup 1073741824 2019-02-24 10:39 /myfile20
-rw-r--r--   3 root supergroup 1073741824 2019-02-24 10:39 /myfile3
-rw-r--r--   3 root supergroup 1073741824 2019-02-24 10:42 /myfile4
-rw-r--r--   3 root supergroup 1073741824 2019-02-24 10:43 /myfile5
-rw-r--r--   3 root supergroup 1073741824 2019-02-24 10:39 /myfile6
-rw-r--r--   3 root supergroup 1073741824 2019-02-24 10:40 /myfile8
-rw-r--r--   3 root supergroup 1073741824 2019-02-24 10:40 /myfile9
file 5 has been put into HDFS
file 5 has been read from HDFS for 1 time
diff succeed!
file 5 has been read from HDFS for 2 time
diff succeed!
file 5 has been read from HDFS for 3 time
diff succeed!
file 5 has been read from HDFS for 4 time
diff succeed!
file 5 has been read from HDFS for 5 time
diff succeed!
file 5 has been read from HDFS for 6 time
diff succeed!
file 5 has been read from HDFS for 7 time
diff succeed!
file 5 has been read from HDFS for 8 time
diff succeed!
file 5 has been read from HDFS for 9 time
diff succeed!
file 5 has been read from HDFS for 10 time
diff succeed!
Deleted /myfile5
file 5 has been removed from HDFS
Found 19 items
-rw-r--r--   3 root supergroup 1073741824 2019-02-24 10:48 /myfile1
-rw-r--r--   3 root supergroup  402653184 2019-02-24 10:48 /myfile10._COPYING_
-rw-r--r--   3 root supergroup 1073741824 2019-02-24 10:48 /myfile11
-rw-r--r--   3 root supergroup 1073741824 2019-02-24 10:48 /myfile13
-rw-r--r--   3 root supergroup 1073741824 2019-02-24 10:47 /myfile14
-rw-r--r--   3 root supergroup 1073741824 2019-02-24 10:48 /myfile15
-rw-r--r--   3 root supergroup 1073741824 2019-02-24 10:46 /myfile16
-rw-r--r--   3 root supergroup 1073741824 2019-02-24 10:47 /myfile17
-rw-r--r--   3 root supergroup 1073741824 2019-02-24 10:47 /myfile18
-rw-r--r--   3 root supergroup 1073741824 2019-02-24 10:44 /myfile19
-rw-r--r--   3 root supergroup 1073741824 2019-02-24 10:46 /myfile2
-rw-r--r--   3 root supergroup 1073741824 2019-02-24 10:44 /myfile20
-rw-r--r--   3 root supergroup 1073741824 2019-02-24 10:44 /myfile3
-rw-r--r--   3 root supergroup 1073741824 2019-02-24 10:47 /myfile4
-rw-r--r--   3 root supergroup 1073741824 2019-02-24 10:48 /myfile5
-rw-r--r--   3 root supergroup 1073741824 2019-02-24 10:48 /myfile6
-rw-r--r--   3 root supergroup 1073741824 2019-02-24 10:48 /myfile7
-rw-r--r--   3 root supergroup 1073741824 2019-02-24 10:46 /myfile8
-rw-r--r--   3 root supergroup 1073741824 2019-02-24 10:46 /myfile9
file 5 has been put into HDFS
file 5 has been read from HDFS for 1 time
diff succeed!
file 5 has been read from HDFS for 2 time
diff succeed!
file 5 has been read from HDFS for 3 time
diff succeed!
file 5 has been read from HDFS for 4 time
diff succeed!
file 5 has been read from HDFS for 5 time
diff succeed!
file 5 has been read from HDFS for 6 time
diff succeed!
file 5 has been read from HDFS for 7 time
diff succeed!
file 5 has been read from HDFS for 8 time
diff succeed!
file 5 has been read from HDFS for 9 time
diff succeed!
file 5 has been read from HDFS for 10 time
diff succeed!
Deleted /myfile5
file 5 has been removed from HDFS
Found 20 items
-rw-r--r--   3 root supergroup 1073741824 2019-02-24 10:52 /myfile1
-rw-r--r--   3 root supergroup 1073741824 2019-02-24 10:53 /myfile10
-rw-r--r--   3 root supergroup 1073741824 2019-02-24 10:52 /myfile11
-rw-r--r--   3 root supergroup 1073741824 2019-02-24 10:53 /myfile12
-rw-r--r--   3 root supergroup 1073741824 2019-02-24 10:52 /myfile13
-rw-r--r--   3 root supergroup 1073741824 2019-02-24 10:51 /myfile14
-rw-r--r--   3 root supergroup 1073741824 2019-02-24 10:52 /myfile15
-rw-r--r--   3 root supergroup 1073741824 2019-02-24 10:50 /myfile16
-rw-r--r--   3 root supergroup 1073741824 2019-02-24 10:51 /myfile17
-rw-r--r--   3 root supergroup 1073741824 2019-02-24 10:51 /myfile18
-rw-r--r--   3 root supergroup 1073741824 2019-02-24 10:49 /myfile19
-rw-r--r--   3 root supergroup 1073741824 2019-02-24 10:50 /myfile2
-rw-r--r--   3 root supergroup 1073741824 2019-02-24 10:49 /myfile20
-rw-r--r--   3 root supergroup 1073741824 2019-02-24 10:50 /myfile3
-rw-r--r--   3 root supergroup 1073741824 2019-02-24 10:51 /myfile4
-rw-r--r--   3 root supergroup 1073741824 2019-02-24 10:53 /myfile5
-rw-r--r--   3 root supergroup 1073741824 2019-02-24 10:52 /myfile6
-rw-r--r--   3 root supergroup 1073741824 2019-02-24 10:52 /myfile7
-rw-r--r--   3 root supergroup 1073741824 2019-02-24 10:51 /myfile8
-rw-r--r--   3 root supergroup 1073741824 2019-02-24 10:50 /myfile9
file 5 has been put into HDFS
file 5 has been read from HDFS for 1 time
diff succeed!
file 5 has been read from HDFS for 2 time
diff succeed!
file 5 has been read from HDFS for 3 time
diff succeed!
file 5 has been read from HDFS for 4 time
diff succeed!
file 5 has been read from HDFS for 5 time
diff succeed!
file 5 has been read from HDFS for 6 time
diff succeed!
sub_benchmark 6 signal TERM catched and let quit gracefully
Deleted /myfile5
file 5 has been removed from HDFS
